2015-06-24 00:38:50,973 Starting Q Learning for : 
2015-06-24 00:38:50,973 alpha = 0.8
2015-06-24 00:38:50,973 gamma = 0.1
2015-06-24 00:38:50,973 individual factor = 8
2015-06-24 00:38:50,973 zero range = 0.002
2015-06-24 00:38:50,973 greedy level = 5
2015-06-24 00:38:50,973 

2015-06-24 00:38:54,091 Starting Training from 2014-12-17 to 2015-01-01
2015-06-24 00:44:15,269 Starting Live from 2015-01-02 to 2015-01-17
2015-06-24 00:50:45,543 Starting Training from 2015-01-02 to 2015-01-17
2015-06-24 00:51:36,279 Starting Live from 2015-01-18 to 2015-02-02
2015-06-24 00:57:22,226 Starting Training from 2015-01-18 to 2015-02-02
2015-06-24 00:58:14,161 Starting Live from 2015-02-03 to 2015-02-18
2015-06-24 01:04:07,684 Starting Training from 2015-02-03 to 2015-02-18
2015-06-24 01:04:54,262 Starting Live from 2015-02-19 to 2015-03-06
2015-06-24 01:10:38,375 Starting Training from 2015-02-19 to 2015-03-06
2015-06-24 01:11:14,588 Starting Live from 2015-03-07 to 2015-03-22
2015-06-24 01:19:21,487 Starting Training from 2015-03-07 to 2015-03-22
2015-06-24 01:20:13,542 Starting Live from 2015-03-23 to 2015-04-07
2015-06-24 01:26:33,986 Starting Training from 2015-03-23 to 2015-04-07
2015-06-24 01:27:12,473 Starting Live from 2015-04-08 to 2015-04-10
2015-06-24 01:29:10,709 Starting Q Learning for : 
2015-06-24 01:29:10,709 alpha = 0.8
2015-06-24 01:29:10,709 gamma = 0.2
2015-06-24 01:29:10,709 individual factor = 8
2015-06-24 01:29:10,709 zero range = 0.002
2015-06-24 01:29:10,709 greedy level = 5
2015-06-24 01:29:10,709 

2015-06-24 01:29:13,086 Starting Training from 2014-12-17 to 2015-01-01
2015-06-24 01:34:38,799 Starting Live from 2015-01-02 to 2015-01-17
2015-06-24 01:41:51,572 Starting Training from 2015-01-02 to 2015-01-17
2015-06-24 01:42:39,625 Starting Live from 2015-01-18 to 2015-02-02
2015-06-24 01:49:20,841 Starting Training from 2015-01-18 to 2015-02-02
2015-06-24 01:50:20,313 Starting Live from 2015-02-03 to 2015-02-18
2015-06-24 01:56:57,594 Starting Training from 2015-02-03 to 2015-02-18
2015-06-24 01:57:42,392 Starting Live from 2015-02-19 to 2015-03-06
2015-06-24 02:04:00,953 Starting Training from 2015-02-19 to 2015-03-06
2015-06-24 02:04:51,357 Starting Live from 2015-03-07 to 2015-03-22
2015-06-24 02:14:28,440 Starting Training from 2015-03-07 to 2015-03-22
2015-06-24 02:15:24,759 Starting Live from 2015-03-23 to 2015-04-07
2015-06-24 02:20:19,815 Starting Training from 2015-03-23 to 2015-04-07
2015-06-24 02:21:09,579 Starting Live from 2015-04-08 to 2015-04-10
2015-06-24 02:23:00,875 Starting Q Learning for : 
2015-06-24 02:23:00,875 alpha = 0.8
2015-06-24 02:23:00,875 gamma = 0.1
2015-06-24 02:23:00,875 individual factor = 8
2015-06-24 02:23:00,875 zero range = 0.006
2015-06-24 02:23:00,875 greedy level = 5
2015-06-24 02:23:00,875 

2015-06-24 02:23:03,690 Starting Training from 2014-12-17 to 2015-01-01
2015-06-24 02:28:58,424 Starting Live from 2015-01-02 to 2015-01-17
2015-06-24 02:35:37,927 Starting Training from 2015-01-02 to 2015-01-17
2015-06-24 02:36:22,829 Starting Live from 2015-01-18 to 2015-02-02
2015-06-24 02:42:19,216 Starting Training from 2015-01-18 to 2015-02-02
2015-06-24 02:43:13,572 Starting Live from 2015-02-03 to 2015-02-18
2015-06-24 02:49:48,121 Starting Training from 2015-02-03 to 2015-02-18
2015-06-24 02:50:33,128 Starting Live from 2015-02-19 to 2015-03-06
2015-06-24 02:56:34,174 Starting Training from 2015-02-19 to 2015-03-06
2015-06-24 02:57:12,016 Starting Live from 2015-03-07 to 2015-03-22
2015-06-24 03:05:23,943 Starting Training from 2015-03-07 to 2015-03-22
2015-06-24 03:06:18,954 Starting Live from 2015-03-23 to 2015-04-07
2015-06-24 03:12:27,517 Starting Training from 2015-03-23 to 2015-04-07
2015-06-24 03:13:06,625 Starting Live from 2015-04-08 to 2015-04-10
2015-06-24 03:15:04,204 Starting Q Learning for : 
2015-06-24 03:15:04,206 alpha = 0.8
2015-06-24 03:15:04,206 gamma = 0.2
2015-06-24 03:15:04,206 individual factor = 8
2015-06-24 03:15:04,206 zero range = 0.006
2015-06-24 03:15:04,206 greedy level = 5
2015-06-24 03:15:04,206 

2015-06-24 03:15:06,542 Starting Training from 2014-12-17 to 2015-01-01
2015-06-24 03:20:08,657 Starting Live from 2015-01-02 to 2015-01-17
2015-06-24 03:26:45,585 Starting Training from 2015-01-02 to 2015-01-17
2015-06-24 03:27:31,355 Starting Live from 2015-01-18 to 2015-02-02
2015-06-24 03:34:12,430 Starting Training from 2015-01-18 to 2015-02-02
2015-06-24 03:35:01,375 Starting Live from 2015-02-03 to 2015-02-18
2015-06-24 03:40:46,538 Starting Training from 2015-02-03 to 2015-02-18
2015-06-24 03:41:32,036 Starting Live from 2015-02-19 to 2015-03-06
2015-06-24 03:47:58,928 Starting Training from 2015-02-19 to 2015-03-06
2015-06-24 03:48:36,278 Starting Live from 2015-03-07 to 2015-03-22
2015-06-24 03:58:54,312 Starting Training from 2015-03-07 to 2015-03-22
2015-06-24 03:59:48,453 Starting Live from 2015-03-23 to 2015-04-07
2015-06-24 04:05:31,614 Starting Training from 2015-03-23 to 2015-04-07
2015-06-24 04:06:12,443 Starting Live from 2015-04-08 to 2015-04-10
2015-06-24 04:07:58,503 Starting Q Learning for : 
2015-06-24 04:07:58,503 alpha = 0.8
2015-06-24 04:07:58,503 gamma = 0.5
2015-06-24 04:07:58,503 individual factor = 8
2015-06-24 04:07:58,503 zero range = 0.006
2015-06-24 04:07:58,503 greedy level = 5
2015-06-24 04:07:58,503 

2015-06-24 04:08:00,928 Starting Training from 2014-12-17 to 2015-01-01
2015-06-24 04:14:00,091 Starting Live from 2015-01-02 to 2015-01-17
2015-06-24 04:20:29,611 Starting Training from 2015-01-02 to 2015-01-17
2015-06-24 04:21:17,595 Starting Live from 2015-01-18 to 2015-02-02
2015-06-24 04:27:02,269 Starting Training from 2015-01-18 to 2015-02-02
2015-06-24 04:27:54,864 Starting Live from 2015-02-03 to 2015-02-18
2015-06-24 04:34:19,306 Starting Training from 2015-02-03 to 2015-02-18
2015-06-24 04:35:16,279 Starting Live from 2015-02-19 to 2015-03-06
2015-06-24 04:41:58,838 Starting Training from 2015-02-19 to 2015-03-06
2015-06-24 04:42:37,069 Starting Live from 2015-03-07 to 2015-03-22
2015-06-24 04:54:48,352 Starting Training from 2015-03-07 to 2015-03-22
2015-06-24 04:55:54,381 Starting Live from 2015-03-23 to 2015-04-07
2015-06-24 05:01:20,974 Starting Training from 2015-03-23 to 2015-04-07
2015-06-24 05:01:59,354 Starting Live from 2015-04-08 to 2015-04-10
2015-06-24 05:03:44,461 Starting Q Learning for : 
2015-06-24 05:03:44,461 alpha = 0.8
2015-06-24 05:03:44,461 gamma = 0.6
2015-06-24 05:03:44,461 individual factor = 8
2015-06-24 05:03:44,461 zero range = 0.006
2015-06-24 05:03:44,461 greedy level = 5
2015-06-24 05:03:44,461 

2015-06-24 05:03:47,638 Starting Training from 2014-12-17 to 2015-01-01
2015-06-24 05:08:53,459 Starting Live from 2015-01-02 to 2015-01-17
2015-06-24 05:16:03,357 Starting Training from 2015-01-02 to 2015-01-17
2015-06-24 05:16:58,970 Starting Live from 2015-01-18 to 2015-02-02
2015-06-24 05:23:19,532 Starting Training from 2015-01-18 to 2015-02-02
2015-06-24 05:24:07,499 Starting Live from 2015-02-03 to 2015-02-18
2015-06-24 05:30:04,921 Starting Training from 2015-02-03 to 2015-02-18
2015-06-24 05:30:49,911 Starting Live from 2015-02-19 to 2015-03-06
2015-06-24 05:38:36,891 Starting Training from 2015-02-19 to 2015-03-06
2015-06-24 05:39:14,131 Starting Live from 2015-03-07 to 2015-03-22
2015-06-24 05:49:51,474 Starting Training from 2015-03-07 to 2015-03-22
2015-06-24 05:50:58,683 Starting Live from 2015-03-23 to 2015-04-07
2015-06-24 05:57:46,648 Starting Training from 2015-03-23 to 2015-04-07
2015-06-24 05:58:37,744 Starting Live from 2015-04-08 to 2015-04-10
2015-06-24 06:00:57,596 Starting Q Learning for : 
2015-06-24 06:00:57,596 alpha = 0.8
2015-06-24 06:00:57,596 gamma = 0.7
2015-06-24 06:00:57,596 individual factor = 8
2015-06-24 06:00:57,596 zero range = 0.01
2015-06-24 06:00:57,596 greedy level = 5
2015-06-24 06:00:57,596 

2015-06-24 06:01:02,812 Starting Training from 2014-12-17 to 2015-01-01
2015-06-24 06:06:11,142 Starting Live from 2015-01-02 to 2015-01-17
2015-06-24 06:12:53,115 Starting Training from 2015-01-02 to 2015-01-17
2015-06-24 06:13:41,345 Starting Live from 2015-01-18 to 2015-02-02
2015-06-24 06:20:20,976 Starting Training from 2015-01-18 to 2015-02-02
2015-06-24 06:21:21,115 Starting Live from 2015-02-03 to 2015-02-18
2015-06-24 06:27:16,684 Starting Training from 2015-02-03 to 2015-02-18
2015-06-24 06:28:03,084 Starting Live from 2015-02-19 to 2015-03-06
2015-06-24 06:34:26,573 Starting Training from 2015-02-19 to 2015-03-06
2015-06-24 06:35:04,444 Starting Live from 2015-03-07 to 2015-03-22
2015-06-24 06:45:45,549 Starting Training from 2015-03-07 to 2015-03-22
2015-06-24 06:46:39,522 Starting Live from 2015-03-23 to 2015-04-07
2015-06-24 06:51:57,562 Starting Training from 2015-03-23 to 2015-04-07
2015-06-24 06:52:35,394 Starting Live from 2015-04-08 to 2015-04-10
2015-06-24 06:54:29,519 Starting Q Learning for : 
2015-06-24 06:54:29,519 alpha = 0.8
2015-06-24 06:54:29,519 gamma = 0.8
2015-06-24 06:54:29,519 individual factor = 8
2015-06-24 06:54:29,519 zero range = 0.01
2015-06-24 06:54:29,519 greedy level = 5
2015-06-24 06:54:29,519 

2015-06-24 06:54:36,137 Starting Training from 2014-12-17 to 2015-01-01
2015-06-24 06:59:52,029 Starting Live from 2015-01-02 to 2015-01-17
2015-06-24 07:07:10,532 Starting Training from 2015-01-02 to 2015-01-17
2015-06-24 07:07:57,769 Starting Live from 2015-01-18 to 2015-02-02
2015-06-24 07:13:54,888 Starting Training from 2015-01-18 to 2015-02-02
2015-06-24 07:14:43,111 Starting Live from 2015-02-03 to 2015-02-18
2015-06-24 07:20:33,944 Starting Training from 2015-02-03 to 2015-02-18
2015-06-24 07:21:29,198 Starting Live from 2015-02-19 to 2015-03-06
2015-06-24 07:28:15,223 Starting Training from 2015-02-19 to 2015-03-06
2015-06-24 07:28:52,453 Starting Live from 2015-03-07 to 2015-03-22
2015-06-24 07:37:43,427 Starting Training from 2015-03-07 to 2015-03-22
2015-06-24 07:38:50,265 Starting Live from 2015-03-23 to 2015-04-07
2015-06-24 07:45:09,418 Starting Training from 2015-03-23 to 2015-04-07
2015-06-24 07:45:53,562 Starting Live from 2015-04-08 to 2015-04-10
