2015-06-29 01:38:57,381 Starting Q Learning for : 
2015-06-29 01:38:57,381 alpha = 0.2
2015-06-29 01:38:57,381 gamma = 0.1
2015-06-29 01:38:57,381 individual factor = 10
2015-06-29 01:38:57,381 zero range = 0.002
2015-06-29 01:38:57,384 greedy level = 5
2015-06-29 01:38:57,384 

2015-06-29 01:39:11,456 Starting Training from 2014-12-17 to 2015-01-01
2015-06-29 01:54:46,276 Starting Live from 2015-01-02 to 2015-02-01
2015-06-29 02:26:37,381 Starting Training from 2015-01-17 to 2015-02-01
2015-06-29 02:28:02,490 Starting Live from 2015-02-02 to 2015-03-04
2015-06-29 03:01:40,371 Starting Training from 2015-02-17 to 2015-03-04
2015-06-29 03:04:09,180 Starting Live from 2015-03-05 to 2015-04-04
2015-06-29 03:42:59,072 Starting Training from 2015-03-20 to 2015-04-04
2015-06-29 03:44:48,341 Starting Live from 2015-04-05 to 2015-04-10
2015-06-29 03:53:13,910 Starting Q Learning for : 
2015-06-29 03:53:13,910 alpha = 0.2
2015-06-29 03:53:13,910 gamma = 0.2
2015-06-29 03:53:13,911 individual factor = 10
2015-06-29 03:53:13,911 zero range = 0.002
2015-06-29 03:53:13,911 greedy level = 5
2015-06-29 03:53:13,911 

2015-06-29 03:53:20,786 Starting Training from 2014-12-17 to 2015-01-01
2015-06-29 04:08:17,072 Starting Live from 2015-01-02 to 2015-02-01
2015-06-29 04:42:58,135 Starting Training from 2015-01-17 to 2015-02-01
2015-06-29 04:44:35,003 Starting Live from 2015-02-02 to 2015-03-04
2015-06-29 05:19:10,213 Starting Training from 2015-02-17 to 2015-03-04
2015-06-29 05:21:38,073 Starting Live from 2015-03-05 to 2015-04-04
2015-06-29 06:01:45,710 Starting Training from 2015-03-20 to 2015-04-04
2015-06-29 06:03:34,996 Starting Live from 2015-04-05 to 2015-04-10
2015-06-29 06:12:05,961 Starting Q Learning for : 
2015-06-29 06:12:05,963 alpha = 0.2
2015-06-29 06:12:05,963 gamma = 0.3
2015-06-29 06:12:05,963 individual factor = 10
2015-06-29 06:12:05,963 zero range = 0.002
2015-06-29 06:12:05,963 greedy level = 5
2015-06-29 06:12:05,963 

2015-06-29 06:12:11,634 Starting Training from 2014-12-17 to 2015-01-01
2015-06-29 06:27:19,398 Starting Live from 2015-01-02 to 2015-02-01
2015-06-29 07:02:56,084 Starting Training from 2015-01-17 to 2015-02-01
2015-06-29 07:05:01,348 Starting Live from 2015-02-02 to 2015-03-04
2015-06-29 07:40:29,607 Starting Training from 2015-02-17 to 2015-03-04
2015-06-29 07:43:01,076 Starting Live from 2015-03-05 to 2015-04-04
2015-06-29 08:21:34,530 Starting Training from 2015-03-20 to 2015-04-04
2015-06-29 08:23:21,680 Starting Live from 2015-04-05 to 2015-04-10
2015-06-29 08:31:51,612 Starting Q Learning for : 
2015-06-29 08:31:51,612 alpha = 0.2
2015-06-29 08:31:51,612 gamma = 0.4
2015-06-29 08:31:51,612 individual factor = 10
2015-06-29 08:31:51,612 zero range = 0.002
2015-06-29 08:31:51,612 greedy level = 5
2015-06-29 08:31:51,612 

2015-06-29 08:31:58,161 Starting Training from 2014-12-17 to 2015-01-01
2015-06-29 08:47:08,293 Starting Live from 2015-01-02 to 2015-02-01
2015-06-29 09:23:08,749 Starting Training from 2015-01-17 to 2015-02-01
2015-06-29 09:24:58,043 Starting Live from 2015-02-02 to 2015-03-04
2015-06-29 09:58:37,187 Starting Training from 2015-02-17 to 2015-03-04
2015-06-29 10:01:06,664 Starting Live from 2015-03-05 to 2015-04-04
2015-06-29 10:39:09,861 Starting Training from 2015-03-20 to 2015-04-04
2015-06-29 10:40:57,726 Starting Live from 2015-04-05 to 2015-04-10
2015-06-29 10:49:24,871 Starting Q Learning for : 
2015-06-29 10:49:24,871 alpha = 0.2
2015-06-29 10:49:24,871 gamma = 0.5
2015-06-29 10:49:24,871 individual factor = 10
2015-06-29 10:49:24,871 zero range = 0.002
2015-06-29 10:49:24,871 greedy level = 5
2015-06-29 10:49:24,871 

2015-06-29 10:49:30,711 Starting Training from 2014-12-17 to 2015-01-01
2015-06-29 11:04:32,190 Starting Live from 2015-01-02 to 2015-02-01
2015-06-29 11:40:35,020 Starting Training from 2015-01-17 to 2015-02-01
2015-06-29 11:42:19,967 Starting Live from 2015-02-02 to 2015-03-04
2015-06-29 12:16:35,400 Starting Training from 2015-02-17 to 2015-03-04
2015-06-29 12:19:02,592 Starting Live from 2015-03-05 to 2015-04-04
2015-06-29 12:56:47,016 Starting Training from 2015-03-20 to 2015-04-04
2015-06-29 12:58:35,421 Starting Live from 2015-04-05 to 2015-04-10
2015-06-29 13:06:44,068 Starting Q Learning for : 
2015-06-29 13:06:44,068 alpha = 0.2
2015-06-29 13:06:44,069 gamma = 0.6
2015-06-29 13:06:44,069 individual factor = 10
2015-06-29 13:06:44,069 zero range = 0.002
2015-06-29 13:06:44,069 greedy level = 5
2015-06-29 13:06:44,069 

2015-06-29 13:06:49,911 Starting Training from 2014-12-17 to 2015-01-01
2015-06-29 13:22:03,263 Starting Live from 2015-01-02 to 2015-02-01
2015-06-29 13:58:47,628 Starting Training from 2015-01-17 to 2015-02-01
2015-06-29 14:00:30,813 Starting Live from 2015-02-02 to 2015-03-04
2015-06-29 14:34:27,213 Starting Training from 2015-02-17 to 2015-03-04
2015-06-29 14:36:52,125 Starting Live from 2015-03-05 to 2015-04-04
2015-06-29 15:14:57,427 Starting Training from 2015-03-20 to 2015-04-04
2015-06-29 15:16:49,877 Starting Live from 2015-04-05 to 2015-04-10
2015-06-29 15:25:06,569 Starting Q Learning for : 
2015-06-29 15:25:06,569 alpha = 0.2
2015-06-29 15:25:06,569 gamma = 0.7
2015-06-29 15:25:06,569 individual factor = 10
2015-06-29 15:25:06,569 zero range = 0.002
2015-06-29 15:25:06,569 greedy level = 5
2015-06-29 15:25:06,569 

2015-06-29 15:25:12,497 Starting Training from 2014-12-17 to 2015-01-01
2015-06-29 15:40:47,426 Starting Live from 2015-01-02 to 2015-02-01
2015-06-29 16:17:49,464 Starting Training from 2015-01-17 to 2015-02-01
2015-06-29 16:19:30,523 Starting Live from 2015-02-02 to 2015-03-04
2015-06-29 16:53:59,273 Starting Training from 2015-02-17 to 2015-03-04
2015-06-29 16:56:26,430 Starting Live from 2015-03-05 to 2015-04-04
2015-06-29 17:34:52,726 Starting Training from 2015-03-20 to 2015-04-04
2015-06-29 17:36:40,296 Starting Live from 2015-04-05 to 2015-04-10
2015-06-29 17:44:59,461 Starting Q Learning for : 
2015-06-29 17:44:59,461 alpha = 0.2
2015-06-29 17:44:59,461 gamma = 0.8
2015-06-29 17:44:59,463 individual factor = 10
2015-06-29 17:44:59,463 zero range = 0.002
2015-06-29 17:44:59,463 greedy level = 5
2015-06-29 17:44:59,463 

2015-06-29 17:45:08,059 Starting Training from 2014-12-17 to 2015-01-01
2015-06-29 18:00:29,634 Starting Live from 2015-01-02 to 2015-02-01
2015-06-29 18:36:32,578 Starting Training from 2015-01-17 to 2015-02-01
2015-06-29 18:38:11,753 Starting Live from 2015-02-02 to 2015-03-04
2015-06-29 19:11:12,815 Starting Training from 2015-02-17 to 2015-03-04
2015-06-29 19:13:43,776 Starting Live from 2015-03-05 to 2015-04-04
2015-06-29 19:49:56,161 Starting Training from 2015-03-20 to 2015-04-04
2015-06-29 19:51:40,023 Starting Live from 2015-04-05 to 2015-04-10
2015-06-29 19:59:44,660 Starting Q Learning for : 
2015-06-29 19:59:44,660 alpha = 0.5
2015-06-29 19:59:44,660 gamma = 0.1
2015-06-29 19:59:44,660 individual factor = 10
2015-06-29 19:59:44,660 zero range = 0.006
2015-06-29 19:59:44,660 greedy level = 5
2015-06-29 19:59:44,660 

2015-06-29 19:59:49,878 Starting Training from 2014-12-17 to 2015-01-01
2015-06-29 20:14:29,763 Starting Live from 2015-01-02 to 2015-02-01
2015-06-29 20:48:54,266 Starting Training from 2015-01-17 to 2015-02-01
2015-06-29 20:50:53,993 Starting Live from 2015-02-02 to 2015-03-04
2015-06-29 21:24:32,382 Starting Training from 2015-02-17 to 2015-03-04
2015-06-29 21:27:03,769 Starting Live from 2015-03-05 to 2015-04-04
2015-06-29 22:06:58,417 Starting Training from 2015-03-20 to 2015-04-04
2015-06-29 22:08:45,862 Starting Live from 2015-04-05 to 2015-04-10
2015-06-29 22:17:41,996 Starting Q Learning for : 
2015-06-29 22:17:41,996 alpha = 0.5
2015-06-29 22:17:41,996 gamma = 0.2
2015-06-29 22:17:41,996 individual factor = 10
2015-06-29 22:17:41,996 zero range = 0.006
2015-06-29 22:17:41,996 greedy level = 5
2015-06-29 22:17:41,996 

2015-06-29 22:17:48,223 Starting Training from 2014-12-17 to 2015-01-01
2015-06-29 22:33:16,983 Starting Live from 2015-01-02 to 2015-02-01
2015-06-29 23:09:13,799 Starting Training from 2015-01-17 to 2015-02-01
2015-06-29 23:11:17,759 Starting Live from 2015-02-02 to 2015-03-04
2015-06-29 23:46:40,486 Starting Training from 2015-02-17 to 2015-03-04
2015-06-29 23:49:07,608 Starting Live from 2015-03-05 to 2015-04-04
2015-06-30 00:27:31,221 Starting Training from 2015-03-20 to 2015-04-04
2015-06-30 00:29:26,665 Starting Live from 2015-04-05 to 2015-04-10
2015-06-30 00:37:51,269 Starting Q Learning for : 
2015-06-30 00:37:51,270 alpha = 0.5
2015-06-30 00:37:51,270 gamma = 0.3
2015-06-30 00:37:51,270 individual factor = 10
2015-06-30 00:37:51,270 zero range = 0.006
2015-06-30 00:37:51,270 greedy level = 5
2015-06-30 00:37:51,270 

2015-06-30 00:37:58,118 Starting Training from 2014-12-17 to 2015-01-01
2015-06-30 00:53:38,246 Starting Live from 2015-01-02 to 2015-02-01
2015-06-30 01:30:01,009 Starting Training from 2015-01-17 to 2015-02-01
2015-06-30 01:31:50,775 Starting Live from 2015-02-02 to 2015-03-04
2015-06-30 02:05:37,345 Starting Training from 2015-02-17 to 2015-03-04
2015-06-30 02:08:06,279 Starting Live from 2015-03-05 to 2015-04-04
2015-06-30 02:46:07,293 Starting Training from 2015-03-20 to 2015-04-04
2015-06-30 02:47:56,499 Starting Live from 2015-04-05 to 2015-04-10
2015-06-30 02:56:33,614 Starting Q Learning for : 
2015-06-30 02:56:33,614 alpha = 0.5
2015-06-30 02:56:33,615 gamma = 0.4
2015-06-30 02:56:33,615 individual factor = 10
2015-06-30 02:56:33,615 zero range = 0.006
2015-06-30 02:56:33,615 greedy level = 5
2015-06-30 02:56:33,615 

2015-06-30 02:56:39,094 Starting Training from 2014-12-17 to 2015-01-01
2015-06-30 03:11:52,372 Starting Live from 2015-01-02 to 2015-02-01
2015-06-30 03:46:51,828 Starting Training from 2015-01-17 to 2015-02-01
2015-06-30 03:48:57,424 Starting Live from 2015-02-02 to 2015-03-04
2015-06-30 04:22:50,918 Starting Training from 2015-02-17 to 2015-03-04
2015-06-30 04:25:21,555 Starting Live from 2015-03-05 to 2015-04-04
2015-06-30 05:04:23,144 Starting Training from 2015-03-20 to 2015-04-04
2015-06-30 05:06:10,858 Starting Live from 2015-04-05 to 2015-04-10
2015-06-30 05:14:11,335 Starting Q Learning for : 
2015-06-30 05:14:11,335 alpha = 0.5
2015-06-30 05:14:11,336 gamma = 0.5
2015-06-30 05:14:11,336 individual factor = 10
2015-06-30 05:14:11,336 zero range = 0.006
2015-06-30 05:14:11,336 greedy level = 5
2015-06-30 05:14:11,336 

2015-06-30 05:14:16,838 Starting Training from 2014-12-17 to 2015-01-01
2015-06-30 05:29:13,700 Starting Live from 2015-01-02 to 2015-02-01
2015-06-30 06:03:37,256 Starting Training from 2015-01-17 to 2015-02-01
2015-06-30 06:05:30,095 Starting Live from 2015-02-02 to 2015-03-04
2015-06-30 06:39:46,723 Starting Training from 2015-02-17 to 2015-03-04
2015-06-30 06:42:13,423 Starting Live from 2015-03-05 to 2015-04-04
2015-06-30 07:21:04,365 Starting Training from 2015-03-20 to 2015-04-04
2015-06-30 07:22:54,543 Starting Live from 2015-04-05 to 2015-04-10
2015-06-30 07:31:39,072 Starting Q Learning for : 
2015-06-30 07:31:39,072 alpha = 0.5
2015-06-30 07:31:39,072 gamma = 0.6
2015-06-30 07:31:39,072 individual factor = 10
2015-06-30 07:31:39,072 zero range = 0.006
2015-06-30 07:31:39,072 greedy level = 5
2015-06-30 07:31:39,072 

2015-06-30 07:31:44,779 Starting Training from 2014-12-17 to 2015-01-01
2015-06-30 07:46:51,144 Starting Live from 2015-01-02 to 2015-02-01
2015-06-30 08:21:19,696 Starting Training from 2015-01-17 to 2015-02-01
2015-06-30 08:23:05,331 Starting Live from 2015-02-02 to 2015-03-04
2015-06-30 08:57:30,141 Starting Training from 2015-02-17 to 2015-03-04
2015-06-30 09:00:00,494 Starting Live from 2015-03-05 to 2015-04-04
2015-06-30 09:37:58,783 Starting Training from 2015-03-20 to 2015-04-04
2015-06-30 09:39:55,269 Starting Live from 2015-04-05 to 2015-04-10
2015-06-30 09:48:10,690 Starting Q Learning for : 
2015-06-30 09:48:10,690 alpha = 0.5
2015-06-30 09:48:10,690 gamma = 0.7
2015-06-30 09:48:10,690 individual factor = 10
2015-06-30 09:48:10,690 zero range = 0.006
2015-06-30 09:48:10,690 greedy level = 5
2015-06-30 09:48:10,690 

2015-06-30 09:48:16,255 Starting Training from 2014-12-17 to 2015-01-01
2015-06-30 10:03:28,598 Starting Live from 2015-01-02 to 2015-02-01
2015-06-30 10:37:17,311 Starting Training from 2015-01-17 to 2015-02-01
2015-06-30 10:38:52,236 Starting Live from 2015-02-02 to 2015-03-04
2015-06-30 11:11:55,706 Starting Training from 2015-02-17 to 2015-03-04
2015-06-30 11:14:11,342 Starting Live from 2015-03-05 to 2015-04-04
2015-06-30 11:49:26,260 Starting Training from 2015-03-20 to 2015-04-04
2015-06-30 11:51:08,020 Starting Live from 2015-04-05 to 2015-04-10
2015-06-30 11:59:30,338 Starting Q Learning for : 
2015-06-30 11:59:30,338 alpha = 0.5
2015-06-30 11:59:30,338 gamma = 0.8
2015-06-30 11:59:30,338 individual factor = 10
2015-06-30 11:59:30,338 zero range = 0.006
2015-06-30 11:59:30,338 greedy level = 5
2015-06-30 11:59:30,338 

2015-06-30 11:59:36,933 Starting Training from 2014-12-17 to 2015-01-01
2015-06-30 12:12:51,005 Starting Live from 2015-01-02 to 2015-02-01
2015-06-30 12:46:06,707 Starting Training from 2015-01-17 to 2015-02-01
2015-06-30 12:47:38,351 Starting Live from 2015-02-02 to 2015-03-04
2015-06-30 13:18:55,512 Starting Training from 2015-02-17 to 2015-03-04
2015-06-30 13:21:03,566 Starting Live from 2015-03-05 to 2015-04-04
2015-06-30 13:55:17,671 Starting Training from 2015-03-20 to 2015-04-04
2015-06-30 13:56:59,808 Starting Live from 2015-04-05 to 2015-04-10
2015-06-30 14:04:37,157 Starting Q Learning for : 
2015-06-30 14:04:37,157 alpha = 0.5
2015-06-30 14:04:37,157 gamma = 0.1
2015-06-30 14:04:37,157 individual factor = 10
2015-06-30 14:04:37,157 zero range = 0.01
2015-06-30 14:04:37,157 greedy level = 5
2015-06-30 14:04:37,157 

2015-06-30 14:04:42,621 Starting Training from 2014-12-17 to 2015-01-01
2015-06-30 14:18:47,209 Starting Live from 2015-01-02 to 2015-02-01
2015-06-30 14:51:23,346 Starting Training from 2015-01-17 to 2015-02-01
2015-06-30 14:52:51,285 Starting Live from 2015-02-02 to 2015-03-04
2015-06-30 15:25:02,299 Starting Training from 2015-02-17 to 2015-03-04
2015-06-30 15:27:15,032 Starting Live from 2015-03-05 to 2015-04-04
2015-06-30 16:01:28,273 Starting Training from 2015-03-20 to 2015-04-04
2015-06-30 16:03:17,484 Starting Live from 2015-04-05 to 2015-04-10
2015-06-30 16:11:50,444 Starting Q Learning for : 
2015-06-30 16:11:50,444 alpha = 0.5
2015-06-30 16:11:50,444 gamma = 0.2
2015-06-30 16:11:50,444 individual factor = 10
2015-06-30 16:11:50,444 zero range = 0.01
2015-06-30 16:11:50,444 greedy level = 5
2015-06-30 16:11:50,444 

2015-06-30 16:11:56,137 Starting Training from 2014-12-17 to 2015-01-01
2015-06-30 16:25:10,444 Starting Live from 2015-01-02 to 2015-02-01
2015-06-30 16:58:29,680 Starting Training from 2015-01-17 to 2015-02-01
2015-06-30 17:00:01,801 Starting Live from 2015-02-02 to 2015-03-04
2015-06-30 17:31:17,062 Starting Training from 2015-02-17 to 2015-03-04
2015-06-30 17:33:33,071 Starting Live from 2015-03-05 to 2015-04-04
2015-06-30 18:09:43,529 Starting Training from 2015-03-20 to 2015-04-04
2015-06-30 18:11:26,444 Starting Live from 2015-04-05 to 2015-04-10
2015-06-30 18:19:12,046 Starting Q Learning for : 
2015-06-30 18:19:12,046 alpha = 0.5
2015-06-30 18:19:12,046 gamma = 0.3
2015-06-30 18:19:12,046 individual factor = 10
2015-06-30 18:19:12,046 zero range = 0.01
2015-06-30 18:19:12,046 greedy level = 5
2015-06-30 18:19:12,046 

2015-06-30 18:19:16,598 Starting Training from 2014-12-17 to 2015-01-01
2015-06-30 18:33:49,355 Starting Live from 2015-01-02 to 2015-02-01
2015-06-30 19:03:51,194 Starting Training from 2015-01-17 to 2015-02-01
2015-06-30 19:05:31,135 Starting Live from 2015-02-02 to 2015-03-04
2015-06-30 19:37:34,756 Starting Training from 2015-02-17 to 2015-03-04
2015-06-30 19:39:58,438 Starting Live from 2015-03-05 to 2015-04-04
2015-06-30 20:15:12,668 Starting Training from 2015-03-20 to 2015-04-04
2015-06-30 20:16:54,865 Starting Live from 2015-04-05 to 2015-04-10
2015-06-30 20:24:47,109 Starting Q Learning for : 
2015-06-30 20:24:47,109 alpha = 0.5
2015-06-30 20:24:47,111 gamma = 0.4
2015-06-30 20:24:47,111 individual factor = 10
2015-06-30 20:24:47,111 zero range = 0.01
2015-06-30 20:24:47,111 greedy level = 5
2015-06-30 20:24:47,111 

2015-06-30 20:24:53,822 Starting Training from 2014-12-17 to 2015-01-01
2015-06-30 20:39:12,351 Starting Live from 2015-01-02 to 2015-02-01
2015-06-30 21:11:32,105 Starting Training from 2015-01-17 to 2015-02-01
2015-06-30 21:13:02,536 Starting Live from 2015-02-02 to 2015-03-04
2015-06-30 21:45:02,516 Starting Training from 2015-02-17 to 2015-03-04
2015-06-30 21:47:26,094 Starting Live from 2015-03-05 to 2015-04-04
2015-06-30 22:22:19,604 Starting Training from 2015-03-20 to 2015-04-04
2015-06-30 22:23:54,743 Starting Live from 2015-04-05 to 2015-04-10
2015-06-30 22:32:17,903 Starting Q Learning for : 
2015-06-30 22:32:17,903 alpha = 0.5
2015-06-30 22:32:17,904 gamma = 0.5
2015-06-30 22:32:17,904 individual factor = 10
2015-06-30 22:32:17,904 zero range = 0.01
2015-06-30 22:32:17,904 greedy level = 5
2015-06-30 22:32:17,904 

2015-06-30 22:32:25,230 Starting Training from 2014-12-17 to 2015-01-01
2015-06-30 22:45:22,522 Starting Live from 2015-01-02 to 2015-02-01
2015-06-30 23:19:09,177 Starting Training from 2015-01-17 to 2015-02-01
2015-06-30 23:20:46,489 Starting Live from 2015-02-02 to 2015-03-04
2015-06-30 23:53:11,523 Starting Training from 2015-02-17 to 2015-03-04
2015-06-30 23:55:24,934 Starting Live from 2015-03-05 to 2015-04-04
2015-07-01 00:29:16,553 Starting Training from 2015-03-20 to 2015-04-04
2015-07-01 00:30:51,470 Starting Live from 2015-04-05 to 2015-04-10
2015-07-01 00:37:52,953 Starting Q Learning for : 
2015-07-01 00:37:52,953 alpha = 0.5
2015-07-01 00:37:52,953 gamma = 0.6
2015-07-01 00:37:52,953 individual factor = 10
2015-07-01 00:37:52,953 zero range = 0.01
2015-07-01 00:37:52,954 greedy level = 5
2015-07-01 00:37:52,954 

2015-07-01 00:37:59,654 Starting Training from 2014-12-17 to 2015-01-01
2015-07-01 00:51:28,711 Starting Live from 2015-01-02 to 2015-02-01
2015-07-01 01:22:23,483 Starting Training from 2015-01-17 to 2015-02-01
2015-07-01 01:23:51,351 Starting Live from 2015-02-02 to 2015-03-04
2015-07-01 01:53:11,410 Starting Training from 2015-02-17 to 2015-03-04
2015-07-01 01:55:44,302 Starting Live from 2015-03-05 to 2015-04-04
2015-07-01 02:26:01,204 Starting Training from 2015-03-20 to 2015-04-04
2015-07-01 02:27:29,157 Starting Live from 2015-04-05 to 2015-04-10
2015-07-01 02:34:14,997 Starting Q Learning for : 
2015-07-01 02:34:14,997 alpha = 0.5
2015-07-01 02:34:14,999 gamma = 0.7
2015-07-01 02:34:14,999 individual factor = 10
2015-07-01 02:34:14,999 zero range = 0.01
2015-07-01 02:34:14,999 greedy level = 5
2015-07-01 02:34:14,999 

2015-07-01 02:34:20,631 Starting Training from 2014-12-17 to 2015-01-01
2015-07-01 02:47:42,105 Starting Live from 2015-01-02 to 2015-02-01
2015-07-01 03:18:31,176 Starting Training from 2015-01-17 to 2015-02-01
2015-07-01 03:19:57,325 Starting Live from 2015-02-02 to 2015-03-04
2015-07-01 03:50:33,523 Starting Training from 2015-02-17 to 2015-03-04
2015-07-01 03:52:37,950 Starting Live from 2015-03-05 to 2015-04-04
2015-07-01 04:25:33,171 Starting Training from 2015-03-20 to 2015-04-04
2015-07-01 04:27:04,904 Starting Live from 2015-04-05 to 2015-04-10
2015-07-01 04:35:17,263 Starting Q Learning for : 
2015-07-01 04:35:17,263 alpha = 0.5
2015-07-01 04:35:17,263 gamma = 0.8
2015-07-01 04:35:17,263 individual factor = 10
2015-07-01 04:35:17,263 zero range = 0.01
2015-07-01 04:35:17,263 greedy level = 5
2015-07-01 04:35:17,263 

2015-07-01 04:35:24,940 Starting Training from 2014-12-17 to 2015-01-01
2015-07-01 04:47:46,717 Starting Live from 2015-01-02 to 2015-02-01
2015-07-01 05:18:21,039 Starting Training from 2015-01-17 to 2015-02-01
2015-07-01 05:20:01,315 Starting Live from 2015-02-02 to 2015-03-04
2015-07-01 05:49:08,815 Starting Training from 2015-02-17 to 2015-03-04
2015-07-01 05:51:09,602 Starting Live from 2015-03-05 to 2015-04-04
2015-07-01 06:25:59,559 Starting Training from 2015-03-20 to 2015-04-04
2015-07-01 06:27:55,490 Starting Live from 2015-04-05 to 2015-04-10
2015-07-01 06:35:57,336 Starting Q Learning for : 
2015-07-01 06:35:57,336 alpha = 0.2
2015-07-01 06:35:57,336 gamma = 0.1
2015-07-01 06:35:57,336 individual factor = 10
2015-07-01 06:35:57,336 zero range = 0.01
2015-07-01 06:35:57,336 greedy level = 5
2015-07-01 06:35:57,336 

2015-07-01 06:36:02,984 Starting Training from 2014-12-17 to 2015-01-01
2015-07-01 06:48:47,375 Starting Live from 2015-01-02 to 2015-02-01
2015-07-01 07:19:05,678 Starting Training from 2015-01-17 to 2015-02-01
2015-07-01 07:20:26,494 Starting Live from 2015-02-02 to 2015-03-04
2015-07-01 07:49:08,349 Starting Training from 2015-02-17 to 2015-03-04
2015-07-01 07:51:09,796 Starting Live from 2015-03-05 to 2015-04-04
2015-07-01 08:26:30,946 Starting Training from 2015-03-20 to 2015-04-04
2015-07-01 08:28:03,058 Starting Live from 2015-04-05 to 2015-04-10
2015-07-01 08:35:39,102 Starting Q Learning for : 
2015-07-01 08:35:39,102 alpha = 0.2
2015-07-01 08:35:39,102 gamma = 0.2
2015-07-01 08:35:39,102 individual factor = 10
2015-07-01 08:35:39,104 zero range = 0.01
2015-07-01 08:35:39,104 greedy level = 5
2015-07-01 08:35:39,104 

2015-07-01 08:35:45,177 Starting Training from 2014-12-17 to 2015-01-01
2015-07-01 08:48:49,269 Starting Live from 2015-01-02 to 2015-02-01
2015-07-01 09:18:42,443 Starting Training from 2015-01-17 to 2015-02-01
2015-07-01 09:20:05,426 Starting Live from 2015-02-02 to 2015-03-04
2015-07-01 09:48:57,200 Starting Training from 2015-02-17 to 2015-03-04
2015-07-01 09:51:23,423 Starting Live from 2015-03-05 to 2015-04-04
2015-07-01 10:24:38,634 Starting Training from 2015-03-20 to 2015-04-04
2015-07-01 10:26:03,513 Starting Live from 2015-04-05 to 2015-04-10
2015-07-01 10:33:17,894 Starting Q Learning for : 
2015-07-01 10:33:17,894 alpha = 0.2
2015-07-01 10:33:17,894 gamma = 0.3
2015-07-01 10:33:17,894 individual factor = 10
2015-07-01 10:33:17,894 zero range = 0.01
2015-07-01 10:33:17,894 greedy level = 5
2015-07-01 10:33:17,894 

2015-07-01 10:33:23,397 Starting Training from 2014-12-17 to 2015-01-01
2015-07-01 10:46:03,690 Starting Live from 2015-01-02 to 2015-02-01
2015-07-01 11:15:25,288 Starting Training from 2015-01-17 to 2015-02-01
2015-07-01 11:16:46,767 Starting Live from 2015-02-02 to 2015-03-04
2015-07-01 11:45:00,052 Starting Training from 2015-02-17 to 2015-03-04
2015-07-01 11:47:23,203 Starting Live from 2015-03-05 to 2015-04-04
2015-07-01 12:17:51,806 Starting Training from 2015-03-20 to 2015-04-04
2015-07-01 12:19:14,563 Starting Live from 2015-04-05 to 2015-04-10
2015-07-01 12:25:30,802 Starting Q Learning for : 
2015-07-01 12:25:30,802 alpha = 0.2
2015-07-01 12:25:30,802 gamma = 0.4
2015-07-01 12:25:30,802 individual factor = 10
2015-07-01 12:25:30,803 zero range = 0.01
2015-07-01 12:25:30,803 greedy level = 5
2015-07-01 12:25:30,803 

2015-07-01 12:25:36,204 Starting Training from 2014-12-17 to 2015-01-01
2015-07-01 12:37:36,395 Starting Live from 2015-01-02 to 2015-02-01
2015-07-01 13:04:21,716 Starting Training from 2015-01-17 to 2015-02-01
2015-07-01 13:05:33,006 Starting Live from 2015-02-02 to 2015-03-04
2015-07-01 13:31:14,292 Starting Training from 2015-02-17 to 2015-03-04
2015-07-01 13:33:03,165 Starting Live from 2015-03-05 to 2015-04-04
2015-07-01 14:01:15,273 Starting Training from 2015-03-20 to 2015-04-04
2015-07-01 14:02:49,384 Starting Live from 2015-04-05 to 2015-04-10
2015-07-01 14:08:43,497 Starting Q Learning for : 
2015-07-01 14:08:43,499 alpha = 0.2
2015-07-01 14:08:43,499 gamma = 0.5
2015-07-01 14:08:43,499 individual factor = 10
2015-07-01 14:08:43,499 zero range = 0.01
2015-07-01 14:08:43,499 greedy level = 5
2015-07-01 14:08:43,499 

2015-07-01 14:08:47,953 Starting Training from 2014-12-17 to 2015-01-01
2015-07-01 14:19:34,711 Starting Live from 2015-01-02 to 2015-02-01
2015-07-01 14:46:58,388 Starting Training from 2015-01-17 to 2015-02-01
2015-07-01 14:48:19,578 Starting Live from 2015-02-02 to 2015-03-04
2015-07-01 15:13:14,676 Starting Training from 2015-02-17 to 2015-03-04
2015-07-01 15:15:00,003 Starting Live from 2015-03-05 to 2015-04-04
2015-07-01 15:42:32,075 Starting Training from 2015-03-20 to 2015-04-04
2015-07-01 15:43:46,401 Starting Live from 2015-04-05 to 2015-04-10
2015-07-01 15:49:54,990 Starting Q Learning for : 
2015-07-01 15:49:54,990 alpha = 0.2
2015-07-01 15:49:54,990 gamma = 0.6
2015-07-01 15:49:54,990 individual factor = 10
2015-07-01 15:49:54,990 zero range = 0.01
2015-07-01 15:49:54,990 greedy level = 5
2015-07-01 15:49:54,990 

2015-07-01 15:50:00,542 Starting Training from 2014-12-17 to 2015-01-01
2015-07-01 16:01:26,053 Starting Live from 2015-01-02 to 2015-02-01
2015-07-01 16:27:23,519 Starting Training from 2015-01-17 to 2015-02-01
2015-07-01 16:28:35,648 Starting Live from 2015-02-02 to 2015-03-04
2015-07-01 16:53:25,549 Starting Training from 2015-02-17 to 2015-03-04
2015-07-01 16:55:10,881 Starting Live from 2015-03-05 to 2015-04-04
2015-07-01 17:23:09,539 Starting Training from 2015-03-20 to 2015-04-04
2015-07-01 17:24:45,947 Starting Live from 2015-04-05 to 2015-04-10
2015-07-01 17:30:59,943 Starting Q Learning for : 
2015-07-01 17:30:59,943 alpha = 0.2
2015-07-01 17:30:59,943 gamma = 0.7
2015-07-01 17:30:59,943 individual factor = 10
2015-07-01 17:30:59,943 zero range = 0.01
2015-07-01 17:30:59,943 greedy level = 5
2015-07-01 17:30:59,943 

2015-07-01 17:31:05,200 Starting Training from 2014-12-17 to 2015-01-01
2015-07-01 17:41:39,875 Starting Live from 2015-01-02 to 2015-02-01
2015-07-01 18:07:54,516 Starting Training from 2015-01-17 to 2015-02-01
2015-07-01 18:09:27,411 Starting Live from 2015-02-02 to 2015-03-04
2015-07-01 18:34:22,884 Starting Training from 2015-02-17 to 2015-03-04
2015-07-01 18:36:04,066 Starting Live from 2015-03-05 to 2015-04-04
2015-07-01 19:05:05,983 Starting Training from 2015-03-20 to 2015-04-04
2015-07-01 19:07:04,690 Starting Live from 2015-04-05 to 2015-04-10
2015-07-01 19:15:31,770 Starting Q Learning for : 
2015-07-01 19:15:31,772 alpha = 0.2
2015-07-01 19:15:31,772 gamma = 0.8
2015-07-01 19:15:31,772 individual factor = 10
2015-07-01 19:15:31,772 zero range = 0.01
2015-07-01 19:15:31,772 greedy level = 5
2015-07-01 19:15:31,772 

2015-07-01 19:15:40,063 Starting Training from 2014-12-17 to 2015-01-01
2015-07-01 19:30:35,283 Starting Live from 2015-01-02 to 2015-02-01
2015-07-01 20:07:31,187 Starting Training from 2015-01-17 to 2015-02-01
2015-07-01 20:09:12,456 Starting Live from 2015-02-02 to 2015-03-04
2015-07-01 20:41:40,200 Starting Training from 2015-02-17 to 2015-03-04
2015-07-01 20:43:55,875 Starting Live from 2015-03-05 to 2015-04-04
2015-07-01 21:19:31,338 Starting Training from 2015-03-20 to 2015-04-04
2015-07-01 21:21:16,217 Starting Live from 2015-04-05 to 2015-04-10
