2015-06-20 02:00:02,888 Starting Q Learning for : 
2015-06-20 02:00:02,888 alpha = 0.5
2015-06-20 02:00:02,888 gamma = 0.1
2015-06-20 02:00:02,888 individual factor = 8
2015-06-20 02:00:02,888 zero range = 0.002
2015-06-20 02:00:02,888 greedy level = 5
2015-06-20 02:00:02,888 

2015-06-20 02:00:07,138 Starting Training from 2014-12-17 to 2015-01-01
2015-06-20 02:12:49,687 Starting Live from 2015-01-02 to 2015-02-01
2015-06-20 02:38:04,686 Starting Training from 2015-01-17 to 2015-02-01
2015-06-20 02:39:38,244 Starting Live from 2015-02-02 to 2015-03-04
2015-06-20 03:03:49,542 Starting Training from 2015-02-17 to 2015-03-04
2015-06-20 03:05:12,503 Starting Live from 2015-03-05 to 2015-04-04
2015-06-20 03:33:13,299 Starting Training from 2015-03-20 to 2015-04-04
2015-06-20 03:34:29,315 Starting Live from 2015-04-05 to 2015-04-10
2015-06-20 03:42:11,369 Starting Q Learning for : 
2015-06-20 03:42:11,369 alpha = 0.5
2015-06-20 03:42:11,369 gamma = 0.2
2015-06-20 03:42:11,369 individual factor = 8
2015-06-20 03:42:11,369 zero range = 0.002
2015-06-20 03:42:11,369 greedy level = 5
2015-06-20 03:42:11,369 

2015-06-20 03:42:12,944 Starting Training from 2014-12-17 to 2015-01-01
2015-06-20 03:54:42,717 Starting Live from 2015-01-02 to 2015-02-01
2015-06-20 04:20:26,865 Starting Training from 2015-01-17 to 2015-02-01
2015-06-20 04:21:58,548 Starting Live from 2015-02-02 to 2015-03-04
2015-06-20 04:47:13,078 Starting Training from 2015-02-17 to 2015-03-04
2015-06-20 04:48:38,292 Starting Live from 2015-03-05 to 2015-04-04
2015-06-20 05:17:32,377 Starting Training from 2015-03-20 to 2015-04-04
2015-06-20 05:18:50,483 Starting Live from 2015-04-05 to 2015-04-10
2015-06-20 05:26:36,480 Starting Q Learning for : 
2015-06-20 05:26:36,480 alpha = 0.4
2015-06-20 05:26:36,480 gamma = 0.1
2015-06-20 05:26:36,480 individual factor = 8
2015-06-20 05:26:36,480 zero range = 0.002
2015-06-20 05:26:36,480 greedy level = 5
2015-06-20 05:26:36,480 

2015-06-20 05:26:43,105 Starting Training from 2014-12-17 to 2015-01-01
2015-06-20 05:38:59,630 Starting Live from 2015-01-02 to 2015-02-01
2015-06-20 06:04:32,756 Starting Training from 2015-01-17 to 2015-02-01
2015-06-20 06:06:05,917 Starting Live from 2015-02-02 to 2015-03-04
2015-06-20 06:30:49,012 Starting Training from 2015-02-17 to 2015-03-04
2015-06-20 06:32:19,305 Starting Live from 2015-03-05 to 2015-04-04
2015-06-20 06:59:42,289 Starting Training from 2015-03-20 to 2015-04-04
2015-06-20 07:01:15,752 Starting Live from 2015-04-05 to 2015-04-10
2015-06-20 07:09:32,562 Starting Q Learning for : 
2015-06-20 07:09:32,562 alpha = 0.4
2015-06-20 07:09:32,562 gamma = 0.2
2015-06-20 07:09:32,562 individual factor = 8
2015-06-20 07:09:32,562 zero range = 0.002
2015-06-20 07:09:32,562 greedy level = 5
2015-06-20 07:09:32,562 

2015-06-20 07:09:38,177 Starting Training from 2014-12-17 to 2015-01-01
2015-06-20 07:21:03,118 Starting Live from 2015-01-02 to 2015-02-01
2015-06-20 07:47:29,900 Starting Training from 2015-01-17 to 2015-02-01
2015-06-20 07:49:06,661 Starting Live from 2015-02-02 to 2015-03-04
2015-06-20 08:14:22,993 Starting Training from 2015-02-17 to 2015-03-04
2015-06-20 08:15:45,357 Starting Live from 2015-03-05 to 2015-04-04
2015-06-20 08:42:56,184 Starting Training from 2015-03-20 to 2015-04-04
2015-06-20 08:44:07,061 Starting Live from 2015-04-05 to 2015-04-10
2015-06-20 08:52:21,305 Starting Q Learning for : 
2015-06-20 08:52:21,305 alpha = 0.4
2015-06-20 08:52:21,305 gamma = 0.7
2015-06-20 08:52:21,305 individual factor = 8
2015-06-20 08:52:21,305 zero range = 0.002
2015-06-20 08:52:21,305 greedy level = 5
2015-06-20 08:52:21,305 

2015-06-20 08:52:26,513 Starting Training from 2014-12-17 to 2015-01-01
2015-06-20 09:03:16,857 Starting Live from 2015-01-02 to 2015-02-01
2015-06-20 09:27:21,989 Starting Training from 2015-01-17 to 2015-02-01
2015-06-20 09:28:50,348 Starting Live from 2015-02-02 to 2015-03-04
2015-06-20 09:52:02,743 Starting Training from 2015-02-17 to 2015-03-04
2015-06-20 09:53:45,697 Starting Live from 2015-03-05 to 2015-04-04
2015-06-20 10:20:36,898 Starting Training from 2015-03-20 to 2015-04-04
2015-06-20 10:21:52,336 Starting Live from 2015-04-05 to 2015-04-10
2015-06-20 10:29:28,934 Starting Q Learning for : 
2015-06-20 10:29:28,934 alpha = 0.4
2015-06-20 10:29:28,934 gamma = 0.8
2015-06-20 10:29:28,934 individual factor = 8
2015-06-20 10:29:28,934 zero range = 0.002
2015-06-20 10:29:28,934 greedy level = 5
2015-06-20 10:29:28,934 

2015-06-20 10:29:33,690 Starting Training from 2014-12-17 to 2015-01-01
2015-06-20 10:41:26,321 Starting Live from 2015-01-02 to 2015-02-01
2015-06-20 11:08:48,512 Starting Training from 2015-01-17 to 2015-02-01
2015-06-20 11:10:31,786 Starting Live from 2015-02-02 to 2015-03-04
2015-06-20 11:36:21,413 Starting Training from 2015-02-17 to 2015-03-04
2015-06-20 11:37:47,265 Starting Live from 2015-03-05 to 2015-04-04
2015-06-20 12:07:08,500 Starting Training from 2015-03-20 to 2015-04-04
2015-06-20 12:08:26,019 Starting Live from 2015-04-05 to 2015-04-10
2015-06-20 12:16:18,980 Starting Q Learning for : 
2015-06-20 12:16:18,980 alpha = 0.6
2015-06-20 12:16:18,980 gamma = 0.5
2015-06-20 12:16:18,980 individual factor = 8
2015-06-20 12:16:18,980 zero range = 0.002
2015-06-20 12:16:18,980 greedy level = 5
2015-06-20 12:16:18,980 

2015-06-20 12:16:20,551 Starting Training from 2014-12-17 to 2015-01-01
2015-06-20 12:29:02,602 Starting Live from 2015-01-02 to 2015-02-01
2015-06-20 12:56:30,209 Starting Training from 2015-01-17 to 2015-02-01
2015-06-20 12:58:13,772 Starting Live from 2015-02-02 to 2015-03-04
2015-06-20 13:25:15,186 Starting Training from 2015-02-17 to 2015-03-04
2015-06-20 13:27:02,823 Starting Live from 2015-03-05 to 2015-04-04
2015-06-20 13:57:37,168 Starting Training from 2015-03-20 to 2015-04-04
2015-06-20 13:58:56,552 Starting Live from 2015-04-05 to 2015-04-10
2015-06-20 14:07:37,515 Starting Q Learning for : 
2015-06-20 14:07:37,516 alpha = 0.6
2015-06-20 14:07:37,516 gamma = 0.6
2015-06-20 14:07:37,516 individual factor = 8
2015-06-20 14:07:37,516 zero range = 0.002
2015-06-20 14:07:37,516 greedy level = 5
2015-06-20 14:07:37,516 

2015-06-20 14:07:39,267 Starting Training from 2014-12-17 to 2015-01-01
2015-06-20 14:20:47,506 Starting Live from 2015-01-02 to 2015-02-01
2015-06-20 14:47:20,028 Starting Training from 2015-01-17 to 2015-02-01
2015-06-20 14:49:00,240 Starting Live from 2015-02-02 to 2015-03-04
2015-06-20 15:14:47,878 Starting Training from 2015-02-17 to 2015-03-04
2015-06-20 15:16:25,081 Starting Live from 2015-03-05 to 2015-04-04
2015-06-20 15:43:56,984 Starting Training from 2015-03-20 to 2015-04-04
2015-06-20 15:45:13,927 Starting Live from 2015-04-05 to 2015-04-10
