2015-06-20 02:00:02,888 Starting Q Learning for : 
2015-06-20 02:00:02,888 alpha = 0.5
2015-06-20 02:00:02,888 gamma = 0.5
2015-06-20 02:00:02,888 individual factor = 8
2015-06-20 02:00:02,888 zero range = 0.002
2015-06-20 02:00:02,888 greedy level = 5
2015-06-20 02:00:02,888 

2015-06-20 02:00:11,177 Starting Training from 2014-12-17 to 2015-01-01
2015-06-20 02:12:47,707 Starting Live from 2015-01-02 to 2015-02-01
2015-06-20 02:38:08,687 Starting Training from 2015-01-17 to 2015-02-01
2015-06-20 02:39:42,607 Starting Live from 2015-02-02 to 2015-03-04
2015-06-20 03:04:11,592 Starting Training from 2015-02-17 to 2015-03-04
2015-06-20 03:05:34,243 Starting Live from 2015-03-05 to 2015-04-04
2015-06-20 03:33:41,073 Starting Training from 2015-03-20 to 2015-04-04
2015-06-20 03:34:57,105 Starting Live from 2015-04-05 to 2015-04-10
2015-06-20 03:42:39,111 Starting Q Learning for : 
2015-06-20 03:42:39,111 alpha = 0.5
2015-06-20 03:42:39,112 gamma = 0.6
2015-06-20 03:42:39,112 individual factor = 8
2015-06-20 03:42:39,112 zero range = 0.002
2015-06-20 03:42:39,112 greedy level = 5
2015-06-20 03:42:39,112 

2015-06-20 03:42:44,473 Starting Training from 2014-12-17 to 2015-01-01
2015-06-20 03:55:08,316 Starting Live from 2015-01-02 to 2015-02-01
2015-06-20 04:20:42,509 Starting Training from 2015-01-17 to 2015-02-01
2015-06-20 04:22:14,986 Starting Live from 2015-02-02 to 2015-03-04
2015-06-20 04:47:29,122 Starting Training from 2015-02-17 to 2015-03-04
2015-06-20 04:48:53,591 Starting Live from 2015-03-05 to 2015-04-04
2015-06-20 05:16:18,697 Starting Training from 2015-03-20 to 2015-04-04
2015-06-20 05:17:43,388 Starting Live from 2015-04-05 to 2015-04-10
2015-06-20 05:25:07,900 Starting Q Learning for : 
2015-06-20 05:25:07,900 alpha = 0.5
2015-06-20 05:25:07,900 gamma = 0.7
2015-06-20 05:25:07,901 individual factor = 8
2015-06-20 05:25:07,901 zero range = 0.002
2015-06-20 05:25:07,901 greedy level = 5
2015-06-20 05:25:07,901 

2015-06-20 05:25:12,506 Starting Training from 2014-12-17 to 2015-01-01
2015-06-20 05:37:31,056 Starting Live from 2015-01-02 to 2015-02-01
2015-06-20 06:03:36,641 Starting Training from 2015-01-17 to 2015-02-01
2015-06-20 06:05:10,634 Starting Live from 2015-02-02 to 2015-03-04
2015-06-20 06:30:15,069 Starting Training from 2015-02-17 to 2015-03-04
2015-06-20 06:31:41,520 Starting Live from 2015-03-05 to 2015-04-04
2015-06-20 06:59:48,131 Starting Training from 2015-03-20 to 2015-04-04
2015-06-20 07:01:23,022 Starting Live from 2015-04-05 to 2015-04-10
2015-06-20 07:09:46,888 Starting Q Learning for : 
2015-06-20 07:09:46,888 alpha = 0.5
2015-06-20 07:09:46,888 gamma = 0.8
2015-06-20 07:09:46,888 individual factor = 8
2015-06-20 07:09:46,888 zero range = 0.002
2015-06-20 07:09:46,888 greedy level = 5
2015-06-20 07:09:46,888 

2015-06-20 07:09:51,924 Starting Training from 2014-12-17 to 2015-01-01
2015-06-20 07:21:17,779 Starting Live from 2015-01-02 to 2015-02-01
2015-06-20 07:48:13,095 Starting Training from 2015-01-17 to 2015-02-01
2015-06-20 07:49:48,786 Starting Live from 2015-02-02 to 2015-03-04
2015-06-20 08:15:15,913 Starting Training from 2015-02-17 to 2015-03-04
2015-06-20 08:16:37,335 Starting Live from 2015-03-05 to 2015-04-04
2015-06-20 08:42:42,716 Starting Training from 2015-03-20 to 2015-04-04
2015-06-20 08:43:51,177 Starting Live from 2015-04-05 to 2015-04-10
2015-06-20 08:51:37,976 Starting Q Learning for : 
2015-06-20 08:51:37,976 alpha = 0.4
2015-06-20 08:51:37,976 gamma = 0.5
2015-06-20 08:51:37,976 individual factor = 8
2015-06-20 08:51:37,976 zero range = 0.002
2015-06-20 08:51:37,976 greedy level = 5
2015-06-20 08:51:37,976 

2015-06-20 08:51:43,395 Starting Training from 2014-12-17 to 2015-01-01
2015-06-20 09:02:34,252 Starting Live from 2015-01-02 to 2015-02-01
2015-06-20 09:26:36,615 Starting Training from 2015-01-17 to 2015-02-01
2015-06-20 09:28:05,963 Starting Live from 2015-02-02 to 2015-03-04
2015-06-20 09:51:08,891 Starting Training from 2015-02-17 to 2015-03-04
2015-06-20 09:52:38,256 Starting Live from 2015-03-05 to 2015-04-04
2015-06-20 10:18:57,755 Starting Training from 2015-03-20 to 2015-04-04
2015-06-20 10:20:10,193 Starting Live from 2015-04-05 to 2015-04-10
2015-06-20 10:27:38,480 Starting Q Learning for : 
2015-06-20 10:27:38,482 alpha = 0.4
2015-06-20 10:27:38,482 gamma = 0.6
2015-06-20 10:27:38,482 individual factor = 8
2015-06-20 10:27:38,482 zero range = 0.002
2015-06-20 10:27:38,482 greedy level = 5
2015-06-20 10:27:38,482 

2015-06-20 10:27:43,726 Starting Training from 2014-12-17 to 2015-01-01
2015-06-20 10:39:38,315 Starting Live from 2015-01-02 to 2015-02-01
2015-06-20 11:07:07,671 Starting Training from 2015-01-17 to 2015-02-01
2015-06-20 11:08:45,996 Starting Live from 2015-02-02 to 2015-03-04
2015-06-20 11:35:21,657 Starting Training from 2015-02-17 to 2015-03-04
2015-06-20 11:36:50,115 Starting Live from 2015-03-05 to 2015-04-04
2015-06-20 12:06:10,595 Starting Training from 2015-03-20 to 2015-04-04
2015-06-20 12:07:29,772 Starting Live from 2015-04-05 to 2015-04-10
2015-06-20 12:15:15,055 Starting Q Learning for : 
2015-06-20 12:15:15,055 alpha = 0.6
2015-06-20 12:15:15,055 gamma = 0.3
2015-06-20 12:15:15,055 individual factor = 8
2015-06-20 12:15:15,055 zero range = 0.002
2015-06-20 12:15:15,055 greedy level = 5
2015-06-20 12:15:15,055 

2015-06-20 12:15:20,523 Starting Training from 2014-12-17 to 2015-01-01
2015-06-20 12:27:58,309 Starting Live from 2015-01-02 to 2015-02-01
2015-06-20 12:55:19,846 Starting Training from 2015-01-17 to 2015-02-01
2015-06-20 12:57:03,832 Starting Live from 2015-02-02 to 2015-03-04
2015-06-20 13:23:15,275 Starting Training from 2015-02-17 to 2015-03-04
2015-06-20 13:24:46,674 Starting Live from 2015-03-05 to 2015-04-04
2015-06-20 13:54:37,500 Starting Training from 2015-03-20 to 2015-04-04
2015-06-20 13:55:59,724 Starting Live from 2015-04-05 to 2015-04-10
2015-06-20 14:04:09,562 Starting Q Learning for : 
2015-06-20 14:04:09,562 alpha = 0.6
2015-06-20 14:04:09,562 gamma = 0.4
2015-06-20 14:04:09,562 individual factor = 8
2015-06-20 14:04:09,562 zero range = 0.002
2015-06-20 14:04:09,562 greedy level = 5
2015-06-20 14:04:09,562 

2015-06-20 14:04:14,601 Starting Training from 2014-12-17 to 2015-01-01
2015-06-20 14:17:19,359 Starting Live from 2015-01-02 to 2015-02-01
2015-06-20 14:44:04,096 Starting Training from 2015-01-17 to 2015-02-01
2015-06-20 14:45:42,012 Starting Live from 2015-02-02 to 2015-03-04
2015-06-20 15:11:30,380 Starting Training from 2015-02-17 to 2015-03-04
2015-06-20 15:13:14,201 Starting Live from 2015-03-05 to 2015-04-04
2015-06-20 15:41:27,533 Starting Training from 2015-03-20 to 2015-04-04
2015-06-20 15:42:41,223 Starting Live from 2015-04-05 to 2015-04-10
