2015-06-25 19:26:39,484 Starting Q Learning for : 
2015-06-25 19:26:39,484 alpha = 0.5
2015-06-25 19:26:39,484 gamma = 0.1
2015-06-25 19:26:39,484 individual factor = 8
2015-06-25 19:26:39,484 zero range = 0.01
2015-06-25 19:26:39,486 greedy level = 5
2015-06-25 19:26:39,486 

2015-06-25 19:26:51,280 Starting Training from 2014-12-17 to 2015-01-01
2015-06-25 19:39:07,632 Starting Live from 2015-01-02 to 2015-02-01
2015-06-25 20:07:57,423 Starting Training from 2015-01-17 to 2015-02-01
2015-06-25 20:10:07,976 Starting Live from 2015-02-02 to 2015-03-04
2015-06-25 20:37:33,384 Starting Training from 2015-02-17 to 2015-03-04
2015-06-25 20:39:42,516 Starting Live from 2015-03-05 to 2015-04-04
2015-06-25 21:09:05,015 Starting Training from 2015-03-20 to 2015-04-04
2015-06-25 21:10:56,756 Starting Live from 2015-04-05 to 2015-04-10
2015-06-25 21:20:07,193 Starting Q Learning for : 
2015-06-25 21:20:07,193 alpha = 0.5
2015-06-25 21:20:07,193 gamma = 0.2
2015-06-25 21:20:07,193 individual factor = 8
2015-06-25 21:20:07,194 zero range = 0.01
2015-06-25 21:20:07,194 greedy level = 5
2015-06-25 21:20:07,194 

2015-06-25 21:20:12,953 Starting Training from 2014-12-17 to 2015-01-01
2015-06-25 21:31:44,171 Starting Live from 2015-01-02 to 2015-02-01
2015-06-25 22:01:10,766 Starting Training from 2015-01-17 to 2015-02-01
2015-06-25 22:02:51,798 Starting Live from 2015-02-02 to 2015-03-04
2015-06-25 22:30:42,130 Starting Training from 2015-02-17 to 2015-03-04
2015-06-25 22:33:15,059 Starting Live from 2015-03-05 to 2015-04-04
2015-06-25 23:02:20,487 Starting Training from 2015-03-20 to 2015-04-04
2015-06-25 23:04:12,766 Starting Live from 2015-04-05 to 2015-04-10
2015-06-25 23:13:12,221 Starting Q Learning for : 
2015-06-25 23:13:12,221 alpha = 0.5
2015-06-25 23:13:12,223 gamma = 0.3
2015-06-25 23:13:12,223 individual factor = 8
2015-06-25 23:13:12,223 zero range = 0.01
2015-06-25 23:13:12,223 greedy level = 5
2015-06-25 23:13:12,223 

2015-06-25 23:13:18,776 Starting Training from 2014-12-17 to 2015-01-01
2015-06-25 23:25:39,207 Starting Live from 2015-01-02 to 2015-02-01
2015-06-25 23:56:54,644 Starting Training from 2015-01-17 to 2015-02-01
2015-06-25 23:58:40,940 Starting Live from 2015-02-02 to 2015-03-04
2015-06-26 00:27:07,038 Starting Training from 2015-02-17 to 2015-03-04
2015-06-26 00:29:45,803 Starting Live from 2015-03-05 to 2015-04-04
2015-06-26 00:56:58,303 Starting Training from 2015-03-20 to 2015-04-04
2015-06-26 00:59:06,408 Starting Live from 2015-04-05 to 2015-04-10
2015-06-26 01:07:37,890 Starting Q Learning for : 
2015-06-26 01:07:37,890 alpha = 0.5
2015-06-26 01:07:37,890 gamma = 0.4
2015-06-26 01:07:37,890 individual factor = 8
2015-06-26 01:07:37,890 zero range = 0.01
2015-06-26 01:07:37,890 greedy level = 5
2015-06-26 01:07:37,890 

2015-06-26 01:07:45,029 Starting Training from 2014-12-17 to 2015-01-01
2015-06-26 01:20:17,753 Starting Live from 2015-01-02 to 2015-02-01
2015-06-26 01:50:39,609 Starting Training from 2015-01-17 to 2015-02-01
2015-06-26 01:52:29,369 Starting Live from 2015-02-02 to 2015-03-04
2015-06-26 02:20:41,694 Starting Training from 2015-02-17 to 2015-03-04
2015-06-26 02:23:40,681 Starting Live from 2015-03-05 to 2015-04-04
2015-06-26 02:52:30,486 Starting Training from 2015-03-20 to 2015-04-04
2015-06-26 02:54:43,132 Starting Live from 2015-04-05 to 2015-04-10
2015-06-26 03:02:49,971 Starting Q Learning for : 
2015-06-26 03:02:49,971 alpha = 0.5
2015-06-26 03:02:49,971 gamma = 0.5
2015-06-26 03:02:49,971 individual factor = 8
2015-06-26 03:02:49,971 zero range = 0.01
2015-06-26 03:02:49,971 greedy level = 5
2015-06-26 03:02:49,971 

2015-06-26 03:02:56,213 Starting Training from 2014-12-17 to 2015-01-01
2015-06-26 03:16:11,582 Starting Live from 2015-01-02 to 2015-02-01
2015-06-26 03:47:39,342 Starting Training from 2015-01-17 to 2015-02-01
2015-06-26 03:49:25,526 Starting Live from 2015-02-02 to 2015-03-04
2015-06-26 04:20:09,608 Starting Training from 2015-02-17 to 2015-03-04
2015-06-26 04:22:45,348 Starting Live from 2015-03-05 to 2015-04-04
2015-06-26 04:52:41,345 Starting Training from 2015-03-20 to 2015-04-04
2015-06-26 04:54:29,941 Starting Live from 2015-04-05 to 2015-04-10
2015-06-26 05:03:00,470 Starting Q Learning for : 
2015-06-26 05:03:00,470 alpha = 0.5
2015-06-26 05:03:00,470 gamma = 0.6
2015-06-26 05:03:00,470 individual factor = 8
2015-06-26 05:03:00,470 zero range = 0.01
2015-06-26 05:03:00,470 greedy level = 5
2015-06-26 05:03:00,470 

2015-06-26 05:03:08,604 Starting Training from 2014-12-17 to 2015-01-01
2015-06-26 05:15:56,165 Starting Live from 2015-01-02 to 2015-02-01
2015-06-26 05:45:54,973 Starting Training from 2015-01-17 to 2015-02-01
2015-06-26 05:48:03,467 Starting Live from 2015-02-02 to 2015-03-04
2015-06-26 06:17:46,438 Starting Training from 2015-02-17 to 2015-03-04
2015-06-26 06:20:23,411 Starting Live from 2015-03-05 to 2015-04-04
2015-06-26 06:49:05,486 Starting Training from 2015-03-20 to 2015-04-04
2015-06-26 06:50:40,832 Starting Live from 2015-04-05 to 2015-04-10
2015-06-26 06:59:08,509 Starting Q Learning for : 
2015-06-26 06:59:08,510 alpha = 0.5
2015-06-26 06:59:08,510 gamma = 0.7
2015-06-26 06:59:08,510 individual factor = 8
2015-06-26 06:59:08,510 zero range = 0.01
2015-06-26 06:59:08,510 greedy level = 5
2015-06-26 06:59:08,510 

2015-06-26 06:59:13,878 Starting Training from 2014-12-17 to 2015-01-01
2015-06-26 07:11:35,025 Starting Live from 2015-01-02 to 2015-02-01
2015-06-26 07:38:54,818 Starting Training from 2015-01-17 to 2015-02-01
2015-06-26 07:41:07,194 Starting Live from 2015-02-02 to 2015-03-04
2015-06-26 08:00:19,029 Starting Training from 2015-02-17 to 2015-03-04
2015-06-26 08:04:41,499 Starting Live from 2015-03-05 to 2015-04-04
2015-06-26 08:24:06,933 Starting Training from 2015-03-20 to 2015-04-04
2015-06-26 08:28:52,016 Starting Live from 2015-04-05 to 2015-04-10
2015-06-26 08:35:13,286 Starting Q Learning for : 
2015-06-26 08:35:13,286 alpha = 0.5
2015-06-26 08:35:13,286 gamma = 0.8
2015-06-26 08:35:13,286 individual factor = 8
2015-06-26 08:35:13,286 zero range = 0.01
2015-06-26 08:35:13,286 greedy level = 5
2015-06-26 08:35:13,286 

2015-06-26 08:35:19,608 Starting Training from 2014-12-17 to 2015-01-01
2015-06-26 08:48:01,647 Starting Live from 2015-01-02 to 2015-02-01
2015-06-26 09:13:38,109 Starting Training from 2015-01-17 to 2015-02-01
2015-06-26 09:15:21,753 Starting Live from 2015-02-02 to 2015-03-04
2015-06-26 09:27:41,191 Starting Training from 2015-02-17 to 2015-03-04
2015-06-26 09:34:18,645 Starting Live from 2015-03-05 to 2015-04-04
2015-06-26 09:47:47,780 Starting Training from 2015-03-20 to 2015-04-04
2015-06-26 09:52:08,690 Starting Live from 2015-04-05 to 2015-04-10
2015-06-26 09:58:27,451 Starting Q Learning for : 
2015-06-26 09:58:27,451 alpha = 0.6
2015-06-26 09:58:27,451 gamma = 0.1
2015-06-26 09:58:27,451 individual factor = 8
2015-06-26 09:58:27,453 zero range = 0.01
2015-06-26 09:58:27,453 greedy level = 5
2015-06-26 09:58:27,453 

2015-06-26 09:58:34,938 Starting Training from 2014-12-17 to 2015-01-01
2015-06-26 10:11:06,440 Starting Live from 2015-01-02 to 2015-02-01
2015-06-26 10:40:53,042 Starting Training from 2015-01-17 to 2015-02-01
2015-06-26 10:42:37,569 Starting Live from 2015-02-02 to 2015-03-04
2015-06-26 11:10:02,233 Starting Training from 2015-02-17 to 2015-03-04
2015-06-26 11:12:36,323 Starting Live from 2015-03-05 to 2015-04-04
2015-06-26 11:42:50,717 Starting Training from 2015-03-20 to 2015-04-04
2015-06-26 11:44:51,595 Starting Live from 2015-04-05 to 2015-04-10
2015-06-26 11:54:07,015 Starting Q Learning for : 
2015-06-26 11:54:07,015 alpha = 0.6
2015-06-26 11:54:07,015 gamma = 0.2
2015-06-26 11:54:07,015 individual factor = 8
2015-06-26 11:54:07,015 zero range = 0.01
2015-06-26 11:54:07,015 greedy level = 5
2015-06-26 11:54:07,015 

2015-06-26 11:54:14,260 Starting Training from 2014-12-17 to 2015-01-01
2015-06-26 12:06:30,276 Starting Live from 2015-01-02 to 2015-02-01
2015-06-26 12:36:44,296 Starting Training from 2015-01-17 to 2015-02-01
2015-06-26 12:38:27,907 Starting Live from 2015-02-02 to 2015-03-04
2015-06-26 13:06:46,815 Starting Training from 2015-02-17 to 2015-03-04
2015-06-26 13:09:03,688 Starting Live from 2015-03-05 to 2015-04-04
2015-06-26 13:36:08,631 Starting Training from 2015-03-20 to 2015-04-04
2015-06-26 13:38:44,752 Starting Live from 2015-04-05 to 2015-04-10
2015-06-26 13:47:01,756 Starting Q Learning for : 
2015-06-26 13:47:01,756 alpha = 0.4
2015-06-26 13:47:01,756 gamma = 0.5
2015-06-26 13:47:01,756 individual factor = 8
2015-06-26 13:47:01,756 zero range = 0.01
2015-06-26 13:47:01,756 greedy level = 5
2015-06-26 13:47:01,756 

2015-06-26 13:47:06,388 Starting Training from 2014-12-17 to 2015-01-01
2015-06-26 13:59:45,190 Starting Live from 2015-01-02 to 2015-02-01
2015-06-26 14:30:43,381 Starting Training from 2015-01-17 to 2015-02-01
2015-06-26 14:32:29,053 Starting Live from 2015-02-02 to 2015-03-04
2015-06-26 15:03:10,525 Starting Training from 2015-02-17 to 2015-03-04
2015-06-26 15:05:02,938 Starting Live from 2015-03-05 to 2015-04-04
2015-06-26 15:37:38,598 Starting Training from 2015-03-20 to 2015-04-04
2015-06-26 15:40:04,595 Starting Live from 2015-04-05 to 2015-04-10
2015-06-26 15:50:05,815 Starting Q Learning for : 
2015-06-26 15:50:05,815 alpha = 0.4
2015-06-26 15:50:05,815 gamma = 0.6
2015-06-26 15:50:05,815 individual factor = 8
2015-06-26 15:50:05,816 zero range = 0.01
2015-06-26 15:50:05,816 greedy level = 5
2015-06-26 15:50:05,816 

2015-06-26 15:50:12,426 Starting Training from 2014-12-17 to 2015-01-01
2015-06-26 16:03:34,599 Starting Live from 2015-01-02 to 2015-02-01
2015-06-26 16:34:00,506 Starting Training from 2015-01-17 to 2015-02-01
2015-06-26 16:35:41,207 Starting Live from 2015-02-02 to 2015-03-04
2015-06-26 17:05:18,138 Starting Training from 2015-02-17 to 2015-03-04
2015-06-26 17:07:08,525 Starting Live from 2015-03-05 to 2015-04-04
2015-06-26 17:36:50,707 Starting Training from 2015-03-20 to 2015-04-04
2015-06-26 17:38:41,292 Starting Live from 2015-04-05 to 2015-04-10
2015-06-26 17:48:13,766 Starting Q Learning for : 
2015-06-26 17:48:13,766 alpha = 0.4
2015-06-26 17:48:13,766 gamma = 0.7
2015-06-26 17:48:13,766 individual factor = 8
2015-06-26 17:48:13,766 zero range = 0.01
2015-06-26 17:48:13,766 greedy level = 5
2015-06-26 17:48:13,767 

2015-06-26 17:48:22,392 Starting Training from 2014-12-17 to 2015-01-01
2015-06-26 18:00:54,867 Starting Live from 2015-01-02 to 2015-02-01
2015-06-26 18:27:51,404 Starting Training from 2015-01-17 to 2015-02-01
2015-06-26 18:29:40,486 Starting Live from 2015-02-02 to 2015-03-04
2015-06-26 18:48:08,184 Starting Training from 2015-02-17 to 2015-03-04
2015-06-26 18:52:32,760 Starting Live from 2015-03-05 to 2015-04-04
2015-06-26 19:12:12,236 Starting Training from 2015-03-20 to 2015-04-04
2015-06-26 19:16:07,533 Starting Live from 2015-04-05 to 2015-04-10
2015-06-26 19:22:54,836 Starting Q Learning for : 
2015-06-26 19:22:54,836 alpha = 0.4
2015-06-26 19:22:54,836 gamma = 0.8
2015-06-26 19:22:54,836 individual factor = 8
2015-06-26 19:22:54,836 zero range = 0.01
2015-06-26 19:22:54,836 greedy level = 5
2015-06-26 19:22:54,838 

2015-06-26 19:23:01,760 Starting Training from 2014-12-17 to 2015-01-01
2015-06-26 19:35:08,575 Starting Live from 2015-01-02 to 2015-02-01
2015-06-26 20:00:22,380 Starting Training from 2015-01-17 to 2015-02-01
2015-06-26 20:02:26,558 Starting Live from 2015-02-02 to 2015-03-04
2015-06-26 20:14:04,765 Starting Training from 2015-02-17 to 2015-03-04
2015-06-26 20:20:28,816 Starting Live from 2015-03-05 to 2015-04-04
2015-06-26 20:37:52,756 Starting Training from 2015-03-20 to 2015-04-04
2015-06-26 20:42:21,911 Starting Live from 2015-04-05 to 2015-04-10
2015-06-26 20:48:53,553 Starting Q Learning for : 
2015-06-26 20:48:53,553 alpha = 0.2
2015-06-26 20:48:53,553 gamma = 0.1
2015-06-26 20:48:53,553 individual factor = 8
2015-06-26 20:48:53,553 zero range = 0.01
2015-06-26 20:48:53,553 greedy level = 5
2015-06-26 20:48:53,553 

2015-06-26 20:49:02,822 Starting Training from 2014-12-17 to 2015-01-01
2015-06-26 21:02:00,648 Starting Live from 2015-01-02 to 2015-02-01
2015-06-26 21:33:11,526 Starting Training from 2015-01-17 to 2015-02-01
2015-06-26 21:35:27,243 Starting Live from 2015-02-02 to 2015-03-04
2015-06-26 22:05:20,950 Starting Training from 2015-02-17 to 2015-03-04
2015-06-26 22:07:23,358 Starting Live from 2015-03-05 to 2015-04-04
2015-06-26 22:37:52,589 Starting Training from 2015-03-20 to 2015-04-04
2015-06-26 22:39:48,724 Starting Live from 2015-04-05 to 2015-04-10
2015-06-26 22:48:42,576 Starting Q Learning for : 
2015-06-26 22:48:42,576 alpha = 0.2
2015-06-26 22:48:42,576 gamma = 0.2
2015-06-26 22:48:42,576 individual factor = 8
2015-06-26 22:48:42,576 zero range = 0.01
2015-06-26 22:48:42,576 greedy level = 5
2015-06-26 22:48:42,576 

2015-06-26 22:48:48,654 Starting Training from 2014-12-17 to 2015-01-01
2015-06-26 23:01:18,351 Starting Live from 2015-01-02 to 2015-02-01
2015-06-26 23:31:46,278 Starting Training from 2015-01-17 to 2015-02-01
2015-06-26 23:33:35,562 Starting Live from 2015-02-02 to 2015-03-04
2015-06-27 00:01:37,934 Starting Training from 2015-02-17 to 2015-03-04
2015-06-27 00:04:40,137 Starting Live from 2015-03-05 to 2015-04-04
2015-06-27 00:34:22,311 Starting Training from 2015-03-20 to 2015-04-04
2015-06-27 00:36:08,582 Starting Live from 2015-04-05 to 2015-04-10
2015-06-27 00:44:29,619 Starting Q Learning for : 
2015-06-27 00:44:29,619 alpha = 0.2
2015-06-27 00:44:29,619 gamma = 0.3
2015-06-27 00:44:29,619 individual factor = 8
2015-06-27 00:44:29,619 zero range = 0.01
2015-06-27 00:44:29,619 greedy level = 5
2015-06-27 00:44:29,619 

2015-06-27 00:44:36,778 Starting Training from 2014-12-17 to 2015-01-01
2015-06-27 00:56:51,289 Starting Live from 2015-01-02 to 2015-02-01
2015-06-27 01:26:55,562 Starting Training from 2015-01-17 to 2015-02-01
2015-06-27 01:28:37,680 Starting Live from 2015-02-02 to 2015-03-04
2015-06-27 01:56:06,403 Starting Training from 2015-02-17 to 2015-03-04
2015-06-27 01:58:42,831 Starting Live from 2015-03-05 to 2015-04-04
2015-06-27 02:28:32,641 Starting Training from 2015-03-20 to 2015-04-04
2015-06-27 02:30:40,598 Starting Live from 2015-04-05 to 2015-04-10
2015-06-27 02:39:24,805 Starting Q Learning for : 
2015-06-27 02:39:24,805 alpha = 0.2
2015-06-27 02:39:24,805 gamma = 0.4
2015-06-27 02:39:24,805 individual factor = 8
2015-06-27 02:39:24,805 zero range = 0.01
2015-06-27 02:39:24,805 greedy level = 5
2015-06-27 02:39:24,805 

2015-06-27 02:39:31,303 Starting Training from 2014-12-17 to 2015-01-01
2015-06-27 02:52:34,104 Starting Live from 2015-01-02 to 2015-02-01
2015-06-27 03:22:56,844 Starting Training from 2015-01-17 to 2015-02-01
2015-06-27 03:24:39,108 Starting Live from 2015-02-02 to 2015-03-04
2015-06-27 03:53:04,987 Starting Training from 2015-02-17 to 2015-03-04
2015-06-27 03:55:43,757 Starting Live from 2015-03-05 to 2015-04-04
2015-06-27 04:24:57,542 Starting Training from 2015-03-20 to 2015-04-04
2015-06-27 04:27:02,398 Starting Live from 2015-04-05 to 2015-04-10
2015-06-27 04:34:55,075 Starting Q Learning for : 
2015-06-27 04:34:55,075 alpha = 0.2
2015-06-27 04:34:55,075 gamma = 0.5
2015-06-27 04:34:55,075 individual factor = 8
2015-06-27 04:34:55,075 zero range = 0.01
2015-06-27 04:34:55,075 greedy level = 5
2015-06-27 04:34:55,075 

2015-06-27 04:35:01,280 Starting Training from 2014-12-17 to 2015-01-01
2015-06-27 04:47:49,096 Starting Live from 2015-01-02 to 2015-02-01
2015-06-27 05:17:32,119 Starting Training from 2015-01-17 to 2015-02-01
2015-06-27 05:19:18,036 Starting Live from 2015-02-02 to 2015-03-04
2015-06-27 05:47:44,969 Starting Training from 2015-02-17 to 2015-03-04
2015-06-27 05:50:15,072 Starting Live from 2015-03-05 to 2015-04-04
2015-06-27 06:19:08,003 Starting Training from 2015-03-20 to 2015-04-04
2015-06-27 06:21:23,977 Starting Live from 2015-04-05 to 2015-04-10
2015-06-27 06:29:43,470 Starting Q Learning for : 
2015-06-27 06:29:43,470 alpha = 0.2
2015-06-27 06:29:43,470 gamma = 0.6
2015-06-27 06:29:43,470 individual factor = 8
2015-06-27 06:29:43,470 zero range = 0.01
2015-06-27 06:29:43,470 greedy level = 5
2015-06-27 06:29:43,470 

2015-06-27 06:29:49,019 Starting Training from 2014-12-17 to 2015-01-01
2015-06-27 06:42:13,561 Starting Live from 2015-01-02 to 2015-02-01
2015-06-27 07:11:04,232 Starting Training from 2015-01-17 to 2015-02-01
2015-06-27 07:12:44,946 Starting Live from 2015-02-02 to 2015-03-04
2015-06-27 07:40:26,907 Starting Training from 2015-02-17 to 2015-03-04
2015-06-27 07:43:23,065 Starting Live from 2015-03-05 to 2015-04-04
2015-06-27 08:13:28,016 Starting Training from 2015-03-20 to 2015-04-04
2015-06-27 08:15:31,798 Starting Live from 2015-04-05 to 2015-04-10
2015-06-27 08:23:26,638 Starting Q Learning for : 
2015-06-27 08:23:26,638 alpha = 0.6
2015-06-27 08:23:26,638 gamma = 0.3
2015-06-27 08:23:26,638 individual factor = 8
2015-06-27 08:23:26,638 zero range = 0.006
2015-06-27 08:23:26,638 greedy level = 5
2015-06-27 08:23:26,638 

2015-06-27 08:23:33,072 Starting Training from 2014-12-17 to 2015-01-01
2015-06-27 08:36:00,785 Starting Live from 2015-01-02 to 2015-02-01
2015-06-27 09:06:07,591 Starting Training from 2015-01-17 to 2015-02-01
2015-06-27 09:07:49,092 Starting Live from 2015-02-02 to 2015-03-04
2015-06-27 09:35:00,493 Starting Training from 2015-02-17 to 2015-03-04
2015-06-27 09:37:25,753 Starting Live from 2015-03-05 to 2015-04-04
2015-06-27 10:06:53,275 Starting Training from 2015-03-20 to 2015-04-04
2015-06-27 10:09:54,707 Starting Live from 2015-04-05 to 2015-04-10
2015-06-27 10:18:42,244 Starting Q Learning for : 
2015-06-27 10:18:42,244 alpha = 0.6
2015-06-27 10:18:42,244 gamma = 0.4
2015-06-27 10:18:42,244 individual factor = 8
2015-06-27 10:18:42,244 zero range = 0.006
2015-06-27 10:18:42,244 greedy level = 5
2015-06-27 10:18:42,244 

2015-06-27 10:18:48,769 Starting Training from 2014-12-17 to 2015-01-01
2015-06-27 10:31:44,460 Starting Live from 2015-01-02 to 2015-02-01
2015-06-27 11:01:54,227 Starting Training from 2015-01-17 to 2015-02-01
2015-06-27 11:03:31,963 Starting Live from 2015-02-02 to 2015-03-04
2015-06-27 11:32:42,707 Starting Training from 2015-02-17 to 2015-03-04
2015-06-27 11:34:39,914 Starting Live from 2015-03-05 to 2015-04-04
2015-06-27 12:03:03,309 Starting Training from 2015-03-20 to 2015-04-04
2015-06-27 12:05:32,382 Starting Live from 2015-04-05 to 2015-04-10
2015-06-27 12:14:08,858 Starting Q Learning for : 
2015-06-27 12:14:08,858 alpha = 0.6
2015-06-27 12:14:08,858 gamma = 0.5
2015-06-27 12:14:08,858 individual factor = 8
2015-06-27 12:14:08,858 zero range = 0.006
2015-06-27 12:14:08,858 greedy level = 5
2015-06-27 12:14:08,858 

2015-06-27 12:14:15,569 Starting Training from 2014-12-17 to 2015-01-01
2015-06-27 12:27:06,684 Starting Live from 2015-01-02 to 2015-02-01
2015-06-27 12:56:48,559 Starting Training from 2015-01-17 to 2015-02-01
2015-06-27 12:58:33,464 Starting Live from 2015-02-02 to 2015-03-04
2015-06-27 13:27:34,289 Starting Training from 2015-02-17 to 2015-03-04
2015-06-27 13:30:10,015 Starting Live from 2015-03-05 to 2015-04-04
2015-06-27 14:02:23,951 Starting Training from 2015-03-20 to 2015-04-04
2015-06-27 14:04:11,746 Starting Live from 2015-04-05 to 2015-04-10
2015-06-27 14:12:52,026 Starting Q Learning for : 
2015-06-27 14:12:52,026 alpha = 0.6
2015-06-27 14:12:52,026 gamma = 0.6
2015-06-27 14:12:52,026 individual factor = 8
2015-06-27 14:12:52,026 zero range = 0.006
2015-06-27 14:12:52,026 greedy level = 5
2015-06-27 14:12:52,026 

2015-06-27 14:12:57,510 Starting Training from 2014-12-17 to 2015-01-01
2015-06-27 14:25:11,026 Starting Live from 2015-01-02 to 2015-02-01
2015-06-27 14:50:42,640 Starting Training from 2015-01-17 to 2015-02-01
2015-06-27 14:52:20,882 Starting Live from 2015-02-02 to 2015-03-04
2015-06-27 15:17:55,516 Starting Training from 2015-02-17 to 2015-03-04
2015-06-27 15:21:38,987 Starting Live from 2015-03-05 to 2015-04-04
2015-06-27 15:52:47,793 Starting Training from 2015-03-20 to 2015-04-04
2015-06-27 15:54:36,759 Starting Live from 2015-04-05 to 2015-04-10
2015-06-27 16:02:47,493 Starting Q Learning for : 
2015-06-27 16:02:47,493 alpha = 0.6
2015-06-27 16:02:47,493 gamma = 0.7
2015-06-27 16:02:47,493 individual factor = 8
2015-06-27 16:02:47,493 zero range = 0.006
2015-06-27 16:02:47,493 greedy level = 5
2015-06-27 16:02:47,493 

2015-06-27 16:02:53,548 Starting Training from 2014-12-17 to 2015-01-01
2015-06-27 16:16:12,377 Starting Live from 2015-01-02 to 2015-02-01
2015-06-27 16:44:14,605 Starting Training from 2015-01-17 to 2015-02-01
2015-06-27 16:45:59,118 Starting Live from 2015-02-02 to 2015-03-04
2015-06-27 17:05:26,779 Starting Training from 2015-02-17 to 2015-03-04
2015-06-27 17:09:04,631 Starting Live from 2015-03-05 to 2015-04-04
2015-06-27 17:27:10,012 Starting Training from 2015-03-20 to 2015-04-04
2015-06-27 17:31:25,061 Starting Live from 2015-04-05 to 2015-04-10
2015-06-27 17:36:56,183 Starting Q Learning for : 
2015-06-27 17:36:56,183 alpha = 0.6
2015-06-27 17:36:56,183 gamma = 0.8
2015-06-27 17:36:56,183 individual factor = 8
2015-06-27 17:36:56,183 zero range = 0.006
2015-06-27 17:36:56,183 greedy level = 5
2015-06-27 17:36:56,183 

2015-06-27 17:37:02,232 Starting Training from 2014-12-17 to 2015-01-01
2015-06-27 17:49:45,446 Starting Live from 2015-01-02 to 2015-02-01
2015-06-27 18:14:34,048 Starting Training from 2015-01-17 to 2015-02-01
2015-06-27 18:16:19,973 Starting Live from 2015-02-02 to 2015-03-04
2015-06-27 18:27:41,846 Starting Training from 2015-02-17 to 2015-03-04
2015-06-27 18:35:09,401 Starting Live from 2015-03-05 to 2015-04-04
2015-06-27 18:50:34,867 Starting Training from 2015-03-20 to 2015-04-04
2015-06-27 18:55:40,312 Starting Live from 2015-04-05 to 2015-04-10
2015-06-27 19:01:34,941 Starting Q Learning for : 
2015-06-27 19:01:34,941 alpha = 0.4
2015-06-27 19:01:34,941 gamma = 0.1
2015-06-27 19:01:34,941 individual factor = 8
2015-06-27 19:01:34,941 zero range = 0.006
2015-06-27 19:01:34,941 greedy level = 5
2015-06-27 19:01:34,941 

2015-06-27 19:01:41,552 Starting Training from 2014-12-17 to 2015-01-01
2015-06-27 19:14:23,831 Starting Live from 2015-01-02 to 2015-02-01
2015-06-27 19:44:08,411 Starting Training from 2015-01-17 to 2015-02-01
2015-06-27 19:45:50,832 Starting Live from 2015-02-02 to 2015-03-04
2015-06-27 20:12:23,384 Starting Training from 2015-02-17 to 2015-03-04
2015-06-27 20:15:12,219 Starting Live from 2015-03-05 to 2015-04-04
2015-06-27 20:43:33,989 Starting Training from 2015-03-20 to 2015-04-04
2015-06-27 20:45:31,318 Starting Live from 2015-04-05 to 2015-04-10
2015-06-27 20:53:49,128 Starting Q Learning for : 
2015-06-27 20:53:49,128 alpha = 0.4
2015-06-27 20:53:49,128 gamma = 0.2
2015-06-27 20:53:49,128 individual factor = 8
2015-06-27 20:53:49,128 zero range = 0.006
2015-06-27 20:53:49,128 greedy level = 5
2015-06-27 20:53:49,128 

2015-06-27 20:53:54,680 Starting Training from 2014-12-17 to 2015-01-01
2015-06-27 21:06:29,237 Starting Live from 2015-01-02 to 2015-02-01
2015-06-27 21:36:24,197 Starting Training from 2015-01-17 to 2015-02-01
2015-06-27 21:38:12,572 Starting Live from 2015-02-02 to 2015-03-04
2015-06-27 22:06:35,131 Starting Training from 2015-02-17 to 2015-03-04
2015-06-27 22:08:48,315 Starting Live from 2015-03-05 to 2015-04-04
2015-06-27 22:38:57,825 Starting Training from 2015-03-20 to 2015-04-04
2015-06-27 22:40:31,266 Starting Live from 2015-04-05 to 2015-04-10
2015-06-27 22:48:25,887 Starting Q Learning for : 
2015-06-27 22:48:25,887 alpha = 0.4
2015-06-27 22:48:25,888 gamma = 0.3
2015-06-27 22:48:25,888 individual factor = 8
2015-06-27 22:48:25,888 zero range = 0.006
2015-06-27 22:48:25,888 greedy level = 5
2015-06-27 22:48:25,888 

2015-06-27 22:48:31,377 Starting Training from 2014-12-17 to 2015-01-01
2015-06-27 23:01:08,721 Starting Live from 2015-01-02 to 2015-02-01
2015-06-27 23:29:29,960 Starting Training from 2015-01-17 to 2015-02-01
2015-06-27 23:31:09,742 Starting Live from 2015-02-02 to 2015-03-04
2015-06-27 23:58:57,921 Starting Training from 2015-02-17 to 2015-03-04
2015-06-28 00:01:23,589 Starting Live from 2015-03-05 to 2015-04-04
2015-06-28 00:31:03,184 Starting Training from 2015-03-20 to 2015-04-04
2015-06-28 00:32:28,301 Starting Live from 2015-04-05 to 2015-04-10
2015-06-28 00:40:12,063 Starting Q Learning for : 
2015-06-28 00:40:12,063 alpha = 0.4
2015-06-28 00:40:12,063 gamma = 0.4
2015-06-28 00:40:12,063 individual factor = 8
2015-06-28 00:40:12,063 zero range = 0.006
2015-06-28 00:40:12,063 greedy level = 5
2015-06-28 00:40:12,063 

2015-06-28 00:40:17,473 Starting Training from 2014-12-17 to 2015-01-01
2015-06-28 00:52:20,829 Starting Live from 2015-01-02 to 2015-02-01
2015-06-28 01:20:21,042 Starting Training from 2015-01-17 to 2015-02-01
2015-06-28 01:21:55,299 Starting Live from 2015-02-02 to 2015-03-04
2015-06-28 01:47:49,325 Starting Training from 2015-02-17 to 2015-03-04
2015-06-28 01:50:13,130 Starting Live from 2015-03-05 to 2015-04-04
2015-06-28 02:16:57,407 Starting Training from 2015-03-20 to 2015-04-04
2015-06-28 02:18:34,917 Starting Live from 2015-04-05 to 2015-04-10
2015-06-28 02:27:07,065 Starting Q Learning for : 
2015-06-28 02:27:07,065 alpha = 0.2
2015-06-28 02:27:07,065 gamma = 0.7
2015-06-28 02:27:07,065 individual factor = 8
2015-06-28 02:27:07,065 zero range = 0.006
2015-06-28 02:27:07,065 greedy level = 5
2015-06-28 02:27:07,065 

2015-06-28 02:27:13,720 Starting Training from 2014-12-17 to 2015-01-01
2015-06-28 02:38:33,459 Starting Live from 2015-01-02 to 2015-02-01
2015-06-28 03:03:23,381 Starting Training from 2015-01-17 to 2015-02-01
2015-06-28 03:05:15,012 Starting Live from 2015-02-02 to 2015-03-04
2015-06-28 03:21:12,700 Starting Training from 2015-02-17 to 2015-03-04
2015-06-28 03:25:15,463 Starting Live from 2015-03-05 to 2015-04-04
2015-06-28 03:42:39,709 Starting Training from 2015-03-20 to 2015-04-04
2015-06-28 03:46:30,280 Starting Live from 2015-04-05 to 2015-04-10
2015-06-28 03:53:29,019 Starting Q Learning for : 
2015-06-28 03:53:29,019 alpha = 0.2
2015-06-28 03:53:29,019 gamma = 0.8
2015-06-28 03:53:29,019 individual factor = 8
2015-06-28 03:53:29,019 zero range = 0.006
2015-06-28 03:53:29,019 greedy level = 5
2015-06-28 03:53:29,019 

2015-06-28 03:53:35,411 Starting Training from 2014-12-17 to 2015-01-01
2015-06-28 04:05:07,813 Starting Live from 2015-01-02 to 2015-02-01
2015-06-28 04:28:37,801 Starting Training from 2015-01-17 to 2015-02-01
2015-06-28 04:30:16,279 Starting Live from 2015-02-02 to 2015-03-04
2015-06-28 04:41:29,292 Starting Training from 2015-02-17 to 2015-03-04
2015-06-28 04:47:22,362 Starting Live from 2015-03-05 to 2015-04-04
2015-06-28 05:02:41,579 Starting Training from 2015-03-20 to 2015-04-04
2015-06-28 05:06:21,664 Starting Live from 2015-04-05 to 2015-04-10
2015-06-28 05:11:02,142 Starting Q Learning for : 
2015-06-28 05:11:02,142 alpha = 0.8
2015-06-28 05:11:02,142 gamma = 0.1
2015-06-28 05:11:02,142 individual factor = 8
2015-06-28 05:11:02,142 zero range = 0.006
2015-06-28 05:11:02,142 greedy level = 5
2015-06-28 05:11:02,142 

2015-06-28 05:11:06,940 Starting Training from 2014-12-17 to 2015-01-01
2015-06-28 05:23:00,285 Starting Live from 2015-01-02 to 2015-02-01
2015-06-28 05:50:04,884 Starting Training from 2015-01-17 to 2015-02-01
2015-06-28 05:51:38,740 Starting Live from 2015-02-02 to 2015-03-04
2015-06-28 06:18:49,799 Starting Training from 2015-02-17 to 2015-03-04
2015-06-28 06:20:49,214 Starting Live from 2015-03-05 to 2015-04-04
2015-06-28 06:47:28,772 Starting Training from 2015-03-20 to 2015-04-04
2015-06-28 06:49:23,799 Starting Live from 2015-04-05 to 2015-04-10
2015-06-28 06:56:59,249 Starting Q Learning for : 
2015-06-28 06:56:59,249 alpha = 0.8
2015-06-28 06:56:59,249 gamma = 0.2
2015-06-28 06:56:59,250 individual factor = 8
2015-06-28 06:56:59,250 zero range = 0.006
2015-06-28 06:56:59,250 greedy level = 5
2015-06-28 06:56:59,250 

2015-06-28 06:57:05,581 Starting Training from 2014-12-17 to 2015-01-01
2015-06-28 07:08:10,275 Starting Live from 2015-01-02 to 2015-02-01
2015-06-28 07:36:12,013 Starting Training from 2015-01-17 to 2015-02-01
2015-06-28 07:37:55,062 Starting Live from 2015-02-02 to 2015-03-04
2015-06-28 08:03:29,138 Starting Training from 2015-02-17 to 2015-03-04
2015-06-28 08:05:13,819 Starting Live from 2015-03-05 to 2015-04-04
2015-06-28 08:30:21,963 Starting Training from 2015-03-20 to 2015-04-04
2015-06-28 08:32:17,315 Starting Live from 2015-04-05 to 2015-04-10
2015-06-28 08:39:50,226 Starting Q Learning for : 
2015-06-28 08:39:50,227 alpha = 0.8
2015-06-28 08:39:50,227 gamma = 0.3
2015-06-28 08:39:50,227 individual factor = 8
2015-06-28 08:39:50,227 zero range = 0.006
2015-06-28 08:39:50,227 greedy level = 5
2015-06-28 08:39:50,227 

2015-06-28 08:39:57,742 Starting Training from 2014-12-17 to 2015-01-01
2015-06-28 08:51:42,520 Starting Live from 2015-01-02 to 2015-02-01
2015-06-28 09:18:37,802 Starting Training from 2015-01-17 to 2015-02-01
2015-06-28 09:20:10,601 Starting Live from 2015-02-02 to 2015-03-04
2015-06-28 09:45:14,726 Starting Training from 2015-02-17 to 2015-03-04
2015-06-28 09:47:29,082 Starting Live from 2015-03-05 to 2015-04-04
2015-06-28 10:11:47,305 Starting Training from 2015-03-20 to 2015-04-04
2015-06-28 10:14:36,305 Starting Live from 2015-04-05 to 2015-04-10
2015-06-28 10:22:11,048 Starting Q Learning for : 
2015-06-28 10:22:11,048 alpha = 0.8
2015-06-28 10:22:11,048 gamma = 0.4
2015-06-28 10:22:11,048 individual factor = 8
2015-06-28 10:22:11,048 zero range = 0.006
2015-06-28 10:22:11,048 greedy level = 5
2015-06-28 10:22:11,048 

2015-06-28 10:22:16,025 Starting Training from 2014-12-17 to 2015-01-01
2015-06-28 10:33:08,259 Starting Live from 2015-01-02 to 2015-02-01
2015-06-28 10:59:52,546 Starting Training from 2015-01-17 to 2015-02-01
2015-06-28 11:01:32,713 Starting Live from 2015-02-02 to 2015-03-04
