2015-06-22 17:59:11,543 Starting Q Learning for : 
2015-06-22 17:59:11,545 alpha = 0.5
2015-06-22 17:59:11,545 gamma = 0.1
2015-06-22 17:59:11,545 individual factor = 8
2015-06-22 17:59:11,545 zero range = 0.002
2015-06-22 17:59:11,545 greedy level = 5
2015-06-22 17:59:11,545 

2015-06-22 17:59:26,286 Starting Training from 2014-12-17 to 2015-01-01
2015-06-22 18:11:13,865 Starting Live from 2015-01-02 to 2015-02-01
2015-06-22 18:38:12,380 Starting Training from 2015-01-17 to 2015-02-01
2015-06-22 18:40:06,872 Starting Live from 2015-02-02 to 2015-03-04
2015-06-22 19:15:23,273 Starting Training from 2015-02-17 to 2015-03-04
2015-06-22 19:17:11,250 Starting Live from 2015-03-05 to 2015-04-04
2015-06-22 22:01:48,364 Starting Training from 2015-03-20 to 2015-04-04
2015-06-22 22:04:15,556 Starting Live from 2015-04-05 to 2015-04-10
2015-06-22 22:48:04,124 Starting Q Learning for : 
2015-06-22 22:48:04,124 alpha = 0.5
2015-06-22 22:48:04,124 gamma = 0.2
2015-06-22 22:48:04,124 individual factor = 8
2015-06-22 22:48:04,125 zero range = 0.002
2015-06-22 22:48:04,125 greedy level = 5
2015-06-22 22:48:04,125 

2015-06-22 22:48:10,654 Starting Training from 2014-12-17 to 2015-01-01
2015-06-22 23:00:06,473 Starting Live from 2015-01-02 to 2015-02-01
2015-06-22 23:27:48,341 Starting Training from 2015-01-17 to 2015-02-01
2015-06-22 23:29:14,785 Starting Live from 2015-02-02 to 2015-03-04
2015-06-23 00:12:36,769 Starting Training from 2015-02-17 to 2015-03-04
2015-06-23 00:14:33,286 Starting Live from 2015-03-05 to 2015-04-04
2015-06-23 06:11:40,102 Starting Training from 2015-03-20 to 2015-04-04
2015-06-23 06:14:17,612 Starting Live from 2015-04-05 to 2015-04-10
