2015-06-28 15:13:33,444 Starting Q Learning for : 
2015-06-28 15:13:33,444 alpha = 0.6
2015-06-28 15:13:33,444 gamma = 0.1
2015-06-28 15:13:33,444 individual factor = 12
2015-06-28 15:13:33,444 zero range = 0.002
2015-06-28 15:13:33,444 greedy level = 10
2015-06-28 15:13:33,444 

2015-06-28 15:13:47,729 Starting Training from 2014-12-17 to 2015-01-01
2015-06-28 15:24:49,073 Starting Live from 2015-01-02 to 2015-02-01
2015-06-28 15:52:03,907 Starting Training from 2015-01-17 to 2015-02-01
2015-06-28 15:53:59,984 Starting Live from 2015-02-02 to 2015-03-04
2015-06-28 16:20:37,124 Starting Training from 2015-02-17 to 2015-03-04
2015-06-28 16:22:04,066 Starting Live from 2015-03-05 to 2015-04-04
2015-06-28 16:47:24,937 Starting Training from 2015-03-20 to 2015-04-04
2015-06-28 16:48:43,220 Starting Live from 2015-04-05 to 2015-04-10
2015-06-28 16:55:51,757 Starting Q Learning for : 
2015-06-28 16:55:51,757 alpha = 0.6
2015-06-28 16:55:51,757 gamma = 0.2
2015-06-28 16:55:51,757 individual factor = 12
2015-06-28 16:55:51,757 zero range = 0.002
2015-06-28 16:55:51,759 greedy level = 10
2015-06-28 16:55:51,759 

2015-06-28 16:55:58,767 Starting Training from 2014-12-17 to 2015-01-01
2015-06-28 17:07:21,061 Starting Live from 2015-01-02 to 2015-02-01
2015-06-28 17:33:31,740 Starting Training from 2015-01-17 to 2015-02-01
2015-06-28 17:34:54,516 Starting Live from 2015-02-02 to 2015-03-04
2015-06-28 18:01:08,648 Starting Training from 2015-02-17 to 2015-03-04
2015-06-28 18:02:36,867 Starting Live from 2015-03-05 to 2015-04-04
2015-06-28 18:27:53,621 Starting Training from 2015-03-20 to 2015-04-04
2015-06-28 18:29:07,240 Starting Live from 2015-04-05 to 2015-04-10
2015-06-28 18:37:02,641 Starting Q Learning for : 
2015-06-28 18:37:02,641 alpha = 0.6
2015-06-28 18:37:02,641 gamma = 0.3
2015-06-28 18:37:02,641 individual factor = 12
2015-06-28 18:37:02,641 zero range = 0.002
2015-06-28 18:37:02,641 greedy level = 10
2015-06-28 18:37:02,641 

2015-06-28 18:37:09,424 Starting Training from 2014-12-17 to 2015-01-01
2015-06-28 18:48:01,585 Starting Live from 2015-01-02 to 2015-02-01
2015-06-28 19:15:12,533 Starting Training from 2015-01-17 to 2015-02-01
2015-06-28 19:16:36,240 Starting Live from 2015-02-02 to 2015-03-04
2015-06-28 19:44:14,296 Starting Training from 2015-02-17 to 2015-03-04
2015-06-28 19:45:45,394 Starting Live from 2015-03-05 to 2015-04-04
2015-06-28 20:10:57,292 Starting Training from 2015-03-20 to 2015-04-04
2015-06-28 20:12:11,329 Starting Live from 2015-04-05 to 2015-04-10
2015-06-28 20:19:12,342 Starting Q Learning for : 
2015-06-28 20:19:12,342 alpha = 0.6
2015-06-28 20:19:12,342 gamma = 0.4
2015-06-28 20:19:12,344 individual factor = 12
2015-06-28 20:19:12,344 zero range = 0.002
2015-06-28 20:19:12,344 greedy level = 10
2015-06-28 20:19:12,344 

2015-06-28 20:19:18,430 Starting Training from 2014-12-17 to 2015-01-01
2015-06-28 20:30:41,618 Starting Live from 2015-01-02 to 2015-02-01
2015-06-28 20:57:10,885 Starting Training from 2015-01-17 to 2015-02-01
2015-06-28 20:58:34,548 Starting Live from 2015-02-02 to 2015-03-04
2015-06-28 21:25:18,918 Starting Training from 2015-02-17 to 2015-03-04
2015-06-28 21:26:47,532 Starting Live from 2015-03-05 to 2015-04-04
2015-06-28 21:53:15,974 Starting Training from 2015-03-20 to 2015-04-04
2015-06-28 21:54:28,095 Starting Live from 2015-04-05 to 2015-04-10
2015-06-28 22:02:19,441 Starting Q Learning for : 
2015-06-28 22:02:19,441 alpha = 0.6
2015-06-28 22:02:19,441 gamma = 0.5
2015-06-28 22:02:19,441 individual factor = 12
2015-06-28 22:02:19,441 zero range = 0.002
2015-06-28 22:02:19,441 greedy level = 10
2015-06-28 22:02:19,441 

2015-06-28 22:02:27,444 Starting Training from 2014-12-17 to 2015-01-01
2015-06-28 22:12:54,707 Starting Live from 2015-01-02 to 2015-02-01
