2015-06-28 15:13:33,444 Starting Q Learning for : 
2015-06-28 15:13:33,444 alpha = 0.5
2015-06-28 15:13:33,444 gamma = 0.1
2015-06-28 15:13:33,444 individual factor = 12
2015-06-28 15:13:33,444 zero range = 0.002
2015-06-28 15:13:33,444 greedy level = 10
2015-06-28 15:13:33,444 

2015-06-28 15:13:47,907 Starting Training from 2014-12-17 to 2015-01-01
2015-06-28 15:24:49,384 Starting Live from 2015-01-02 to 2015-02-01
2015-06-28 15:52:34,502 Starting Training from 2015-01-17 to 2015-02-01
2015-06-28 15:54:26,115 Starting Live from 2015-02-02 to 2015-03-04
2015-06-28 16:21:26,627 Starting Training from 2015-02-17 to 2015-03-04
2015-06-28 16:22:51,469 Starting Live from 2015-03-05 to 2015-04-04
2015-06-28 16:49:08,279 Starting Training from 2015-03-20 to 2015-04-04
2015-06-28 16:50:20,250 Starting Live from 2015-04-05 to 2015-04-10
2015-06-28 16:57:35,072 Starting Q Learning for : 
2015-06-28 16:57:35,072 alpha = 0.5
2015-06-28 16:57:35,072 gamma = 0.2
2015-06-28 16:57:35,072 individual factor = 12
2015-06-28 16:57:35,072 zero range = 0.002
2015-06-28 16:57:35,072 greedy level = 10
2015-06-28 16:57:35,072 

2015-06-28 16:57:40,996 Starting Training from 2014-12-17 to 2015-01-01
2015-06-28 17:08:58,230 Starting Live from 2015-01-02 to 2015-02-01
2015-06-28 17:35:05,857 Starting Training from 2015-01-17 to 2015-02-01
2015-06-28 17:36:28,302 Starting Live from 2015-02-02 to 2015-03-04
2015-06-28 18:02:36,349 Starting Training from 2015-02-17 to 2015-03-04
2015-06-28 18:04:05,500 Starting Live from 2015-03-05 to 2015-04-04
2015-06-28 18:31:15,466 Starting Training from 2015-03-20 to 2015-04-04
2015-06-28 18:32:54,987 Starting Live from 2015-04-05 to 2015-04-10
2015-06-28 18:40:46,275 Starting Q Learning for : 
2015-06-28 18:40:46,275 alpha = 0.5
2015-06-28 18:40:46,275 gamma = 0.3
2015-06-28 18:40:46,275 individual factor = 12
2015-06-28 18:40:46,275 zero range = 0.002
2015-06-28 18:40:46,275 greedy level = 10
2015-06-28 18:40:46,275 

2015-06-28 18:40:53,145 Starting Training from 2014-12-17 to 2015-01-01
2015-06-28 18:51:47,316 Starting Live from 2015-01-02 to 2015-02-01
2015-06-28 19:19:34,644 Starting Training from 2015-01-17 to 2015-02-01
2015-06-28 19:21:12,342 Starting Live from 2015-02-02 to 2015-03-04
2015-06-28 19:48:02,128 Starting Training from 2015-02-17 to 2015-03-04
2015-06-28 19:49:31,779 Starting Live from 2015-03-05 to 2015-04-04
2015-06-28 20:16:41,539 Starting Training from 2015-03-20 to 2015-04-04
2015-06-28 20:17:53,055 Starting Live from 2015-04-05 to 2015-04-10
2015-06-28 20:25:20,944 Starting Q Learning for : 
2015-06-28 20:25:20,944 alpha = 0.5
2015-06-28 20:25:20,944 gamma = 0.4
2015-06-28 20:25:20,944 individual factor = 12
2015-06-28 20:25:20,944 zero range = 0.002
2015-06-28 20:25:20,944 greedy level = 10
2015-06-28 20:25:20,944 

2015-06-28 20:25:28,252 Starting Training from 2014-12-17 to 2015-01-01
2015-06-28 20:36:48,802 Starting Live from 2015-01-02 to 2015-02-01
2015-06-28 21:03:13,457 Starting Training from 2015-01-17 to 2015-02-01
2015-06-28 21:04:41,076 Starting Live from 2015-02-02 to 2015-03-04
2015-06-28 21:31:14,980 Starting Training from 2015-02-17 to 2015-03-04
2015-06-28 21:32:44,232 Starting Live from 2015-03-05 to 2015-04-04
2015-06-28 21:58:57,917 Starting Training from 2015-03-20 to 2015-04-04
2015-06-28 22:00:20,917 Starting Live from 2015-04-05 to 2015-04-10
2015-06-28 22:07:12,783 Starting Q Learning for : 
2015-06-28 22:07:12,783 alpha = 0.4
2015-06-28 22:07:12,783 gamma = 0.5
2015-06-28 22:07:12,783 individual factor = 12
2015-06-28 22:07:12,783 zero range = 0.002
2015-06-28 22:07:12,783 greedy level = 10
2015-06-28 22:07:12,785 

2015-06-28 22:07:18,786 Starting Training from 2014-12-17 to 2015-01-01
2015-06-28 22:17:41,780 Starting Live from 2015-01-02 to 2015-02-01
