2015-06-24 00:52:03,823 Starting Q Learning for : 
2015-06-24 00:52:03,823 alpha = 0.5
2015-06-24 00:52:03,823 gamma = 0.5
2015-06-24 00:52:03,823 individual factor = 12
2015-06-24 00:52:03,823 zero range = 0.01
2015-06-24 00:52:03,823 greedy level = 10
2015-06-24 00:52:03,825 

2015-06-24 00:52:09,714 Starting Training from 2014-12-17 to 2015-01-01
2015-06-24 01:02:15,641 Starting Live from 2015-01-02 to 2015-02-01
2015-06-24 01:27:10,562 Starting Training from 2015-01-17 to 2015-02-01
2015-06-24 01:28:38,306 Starting Live from 2015-02-02 to 2015-03-04
2015-06-24 01:55:47,943 Starting Training from 2015-02-17 to 2015-03-04
2015-06-24 01:57:15,171 Starting Live from 2015-03-05 to 2015-04-04
2015-06-24 02:23:34,045 Starting Training from 2015-03-20 to 2015-04-04
2015-06-24 02:24:45,566 Starting Live from 2015-04-05 to 2015-04-10
2015-06-24 02:32:39,460 Starting Q Learning for : 
2015-06-24 02:32:39,461 alpha = 0.5
2015-06-24 02:32:39,461 gamma = 0.6
2015-06-24 02:32:39,461 individual factor = 12
2015-06-24 02:32:39,461 zero range = 0.01
2015-06-24 02:32:39,461 greedy level = 10
2015-06-24 02:32:39,461 

2015-06-24 02:32:42,332 Starting Training from 2014-12-17 to 2015-01-01
2015-06-24 02:42:51,721 Starting Live from 2015-01-02 to 2015-02-01
2015-06-24 03:08:22,233 Starting Training from 2015-01-17 to 2015-02-01
2015-06-24 03:10:00,855 Starting Live from 2015-02-02 to 2015-03-04
2015-06-24 03:35:22,624 Starting Training from 2015-02-17 to 2015-03-04
2015-06-24 03:36:48,206 Starting Live from 2015-03-05 to 2015-04-04
2015-06-24 04:00:45,779 Starting Training from 2015-03-20 to 2015-04-04
2015-06-24 04:01:58,878 Starting Live from 2015-04-05 to 2015-04-10
2015-06-24 04:08:27,621 Starting Q Learning for : 
2015-06-24 04:08:27,621 alpha = 0.5
2015-06-24 04:08:27,621 gamma = 0.7
2015-06-24 04:08:27,622 individual factor = 12
2015-06-24 04:08:27,622 zero range = 0.01
2015-06-24 04:08:27,622 greedy level = 10
2015-06-24 04:08:27,622 

2015-06-24 04:08:29,742 Starting Training from 2014-12-17 to 2015-01-01
2015-06-24 04:19:22,940 Starting Live from 2015-01-02 to 2015-02-01
2015-06-24 04:44:26,217 Starting Training from 2015-01-17 to 2015-02-01
2015-06-24 04:45:46,325 Starting Live from 2015-02-02 to 2015-03-04
2015-06-24 05:11:00,250 Starting Training from 2015-02-17 to 2015-03-04
2015-06-24 05:12:30,716 Starting Live from 2015-03-05 to 2015-04-04
2015-06-24 05:37:54,510 Starting Training from 2015-03-20 to 2015-04-04
2015-06-24 05:39:10,381 Starting Live from 2015-04-05 to 2015-04-10
2015-06-24 05:45:52,950 Starting Q Learning for : 
2015-06-24 05:45:52,950 alpha = 0.5
2015-06-24 05:45:52,950 gamma = 0.8
2015-06-24 05:45:52,950 individual factor = 12
2015-06-24 05:45:52,950 zero range = 0.01
2015-06-24 05:45:52,950 greedy level = 10
2015-06-24 05:45:52,950 

2015-06-24 05:45:58,779 Starting Training from 2014-12-17 to 2015-01-01
2015-06-24 05:56:06,924 Starting Live from 2015-01-02 to 2015-02-01
2015-06-24 06:22:03,049 Starting Training from 2015-01-17 to 2015-02-01
2015-06-24 06:23:31,013 Starting Live from 2015-02-02 to 2015-03-04
2015-06-24 06:48:31,039 Starting Training from 2015-02-17 to 2015-03-04
2015-06-24 06:49:58,154 Starting Live from 2015-03-05 to 2015-04-04
2015-06-24 07:13:54,003 Starting Training from 2015-03-20 to 2015-04-04
2015-06-24 07:15:01,367 Starting Live from 2015-04-05 to 2015-04-10
2015-06-24 07:21:50,148 Starting Q Learning for : 
2015-06-24 07:21:50,148 alpha = 0.6
2015-06-24 07:21:50,148 gamma = 0.5
2015-06-24 07:21:50,148 individual factor = 12
2015-06-24 07:21:50,148 zero range = 0.01
2015-06-24 07:21:50,148 greedy level = 10
2015-06-24 07:21:50,148 

2015-06-24 07:21:53,763 Starting Training from 2014-12-17 to 2015-01-01
2015-06-24 07:32:29,552 Starting Live from 2015-01-02 to 2015-02-01
2015-06-24 07:57:27,943 Starting Training from 2015-01-17 to 2015-02-01
2015-06-24 07:58:49,598 Starting Live from 2015-02-02 to 2015-03-04
2015-06-24 08:23:48,740 Starting Training from 2015-02-17 to 2015-03-04
2015-06-24 08:25:32,864 Starting Live from 2015-03-05 to 2015-04-04
2015-06-24 08:50:16,664 Starting Training from 2015-03-20 to 2015-04-04
2015-06-24 08:51:30,209 Starting Live from 2015-04-05 to 2015-04-10
2015-06-24 08:58:31,861 Starting Q Learning for : 
2015-06-24 08:58:31,861 alpha = 0.6
2015-06-24 08:58:31,861 gamma = 0.6
2015-06-24 08:58:31,861 individual factor = 12
2015-06-24 08:58:31,861 zero range = 0.01
2015-06-24 08:58:31,861 greedy level = 10
2015-06-24 08:58:31,861 

2015-06-24 08:58:36,904 Starting Training from 2014-12-17 to 2015-01-01
2015-06-24 09:09:07,441 Starting Live from 2015-01-02 to 2015-02-01
2015-06-24 09:34:12,361 Starting Training from 2015-01-17 to 2015-02-01
2015-06-24 09:35:34,043 Starting Live from 2015-02-02 to 2015-03-04
2015-06-24 10:00:45,812 Starting Training from 2015-02-17 to 2015-03-04
2015-06-24 10:02:10,398 Starting Live from 2015-03-05 to 2015-04-04
2015-06-24 10:28:19,743 Starting Training from 2015-03-20 to 2015-04-04
2015-06-24 10:29:26,354 Starting Live from 2015-04-05 to 2015-04-10
2015-06-24 10:37:22,299 Starting Q Learning for : 
2015-06-24 10:37:22,299 alpha = 0.6
2015-06-24 10:37:22,299 gamma = 0.7
2015-06-24 10:37:22,299 individual factor = 12
2015-06-24 10:37:22,299 zero range = 0.01
2015-06-24 10:37:22,299 greedy level = 10
2015-06-24 10:37:22,299 

2015-06-24 10:37:29,767 Starting Training from 2014-12-17 to 2015-01-01
2015-06-24 10:47:17,387 Starting Live from 2015-01-02 to 2015-02-01
2015-06-24 11:11:51,604 Starting Training from 2015-01-17 to 2015-02-01
2015-06-24 11:13:11,055 Starting Live from 2015-02-02 to 2015-03-04
2015-06-24 11:38:53,269 Starting Training from 2015-02-17 to 2015-03-04
2015-06-24 11:40:13,608 Starting Live from 2015-03-05 to 2015-04-04
2015-06-24 12:03:58,392 Starting Training from 2015-03-20 to 2015-04-04
2015-06-24 12:05:13,686 Starting Live from 2015-04-05 to 2015-04-10
2015-06-24 12:11:56,220 Starting Q Learning for : 
2015-06-24 12:11:56,220 alpha = 0.6
2015-06-24 12:11:56,220 gamma = 0.8
2015-06-24 12:11:56,220 individual factor = 12
2015-06-24 12:11:56,220 zero range = 0.01
2015-06-24 12:11:56,220 greedy level = 10
2015-06-24 12:11:56,220 

2015-06-24 12:12:00,901 Starting Training from 2014-12-17 to 2015-01-01
2015-06-24 12:22:52,404 Starting Live from 2015-01-02 to 2015-02-01
2015-06-24 12:50:08,865 Starting Training from 2015-01-17 to 2015-02-01
2015-06-24 12:51:36,881 Starting Live from 2015-02-02 to 2015-03-04
2015-06-24 13:19:52,394 Starting Training from 2015-02-17 to 2015-03-04
2015-06-24 13:21:32,808 Starting Live from 2015-03-05 to 2015-04-04
2015-06-24 13:49:56,915 Starting Training from 2015-03-20 to 2015-04-04
2015-06-24 13:51:13,286 Starting Live from 2015-04-05 to 2015-04-10
2015-06-24 13:59:04,140 Starting Q Learning for : 
2015-06-24 13:59:04,140 alpha = 0.2
2015-06-24 13:59:04,140 gamma = 0.5
2015-06-24 13:59:04,140 individual factor = 12
2015-06-24 13:59:04,140 zero range = 0.01
2015-06-24 13:59:04,140 greedy level = 10
2015-06-24 13:59:04,141 

2015-06-24 13:59:09,905 Starting Training from 2014-12-17 to 2015-01-01
2015-06-24 14:11:26,088 Starting Live from 2015-01-02 to 2015-02-01
2015-06-24 14:39:47,180 Starting Training from 2015-01-17 to 2015-02-01
2015-06-24 14:41:23,891 Starting Live from 2015-02-02 to 2015-03-04
2015-06-24 15:10:25,726 Starting Training from 2015-02-17 to 2015-03-04
2015-06-24 15:12:04,345 Starting Live from 2015-03-05 to 2015-04-04
2015-06-24 15:40:29,743 Starting Training from 2015-03-20 to 2015-04-04
2015-06-24 15:41:45,221 Starting Live from 2015-04-05 to 2015-04-10
2015-06-24 15:49:53,082 Starting Q Learning for : 
2015-06-24 15:49:53,082 alpha = 0.2
2015-06-24 15:49:53,082 gamma = 0.6
2015-06-24 15:49:53,082 individual factor = 12
2015-06-24 15:49:53,082 zero range = 0.01
2015-06-24 15:49:53,082 greedy level = 10
2015-06-24 15:49:53,082 

2015-06-24 15:49:58,052 Starting Training from 2014-12-17 to 2015-01-01
2015-06-24 16:02:11,101 Starting Live from 2015-01-02 to 2015-02-01
2015-06-24 16:30:59,186 Starting Training from 2015-01-17 to 2015-02-01
2015-06-24 16:32:32,519 Starting Live from 2015-02-02 to 2015-03-04
2015-06-24 17:01:22,240 Starting Training from 2015-02-17 to 2015-03-04
2015-06-24 17:02:59,378 Starting Live from 2015-03-05 to 2015-04-04
2015-06-24 17:32:14,372 Starting Training from 2015-03-20 to 2015-04-04
2015-06-24 17:33:31,844 Starting Live from 2015-04-05 to 2015-04-10
2015-06-24 17:41:12,357 Starting Q Learning for : 
2015-06-24 17:41:12,357 alpha = 0.2
2015-06-24 17:41:12,357 gamma = 0.7
2015-06-24 17:41:12,357 individual factor = 12
2015-06-24 17:41:12,357 zero range = 0.01
2015-06-24 17:41:12,357 greedy level = 10
2015-06-24 17:41:12,357 

2015-06-24 17:41:17,897 Starting Training from 2014-12-17 to 2015-01-01
2015-06-24 17:53:07,717 Starting Live from 2015-01-02 to 2015-02-01
2015-06-24 18:21:14,871 Starting Training from 2015-01-17 to 2015-02-01
2015-06-24 18:22:49,186 Starting Live from 2015-02-02 to 2015-03-04
2015-06-24 18:51:21,483 Starting Training from 2015-02-17 to 2015-03-04
2015-06-24 18:52:54,654 Starting Live from 2015-03-05 to 2015-04-04
2015-06-24 19:22:30,871 Starting Training from 2015-03-20 to 2015-04-04
2015-06-24 19:23:45,384 Starting Live from 2015-04-05 to 2015-04-10
2015-06-24 19:31:42,983 Starting Q Learning for : 
2015-06-24 19:31:42,983 alpha = 0.2
2015-06-24 19:31:42,983 gamma = 0.8
2015-06-24 19:31:42,983 individual factor = 12
2015-06-24 19:31:42,983 zero range = 0.01
2015-06-24 19:31:42,983 greedy level = 10
2015-06-24 19:31:42,983 

2015-06-24 19:31:48,806 Starting Training from 2014-12-17 to 2015-01-01
2015-06-24 19:44:02,221 Starting Live from 2015-01-02 to 2015-02-01
2015-06-24 20:12:16,658 Starting Training from 2015-01-17 to 2015-02-01
2015-06-24 20:13:47,480 Starting Live from 2015-02-02 to 2015-03-04
2015-06-24 20:41:08,056 Starting Training from 2015-02-17 to 2015-03-04
2015-06-24 20:42:37,091 Starting Live from 2015-03-05 to 2015-04-04
2015-06-24 21:09:39,601 Starting Training from 2015-03-20 to 2015-04-04
2015-06-24 21:11:01,493 Starting Live from 2015-04-05 to 2015-04-10
