2015-06-22 16:19:42,625 Starting Q Learning for : 
2015-06-22 16:19:42,625 alpha = 0.5
2015-06-22 16:19:42,625 gamma = 0.8
2015-06-22 16:19:42,625 individual factor = 12
2015-06-22 16:19:42,625 zero range = 0.006
2015-06-22 16:19:42,625 greedy level = 10
2015-06-22 16:19:42,625 

2015-06-22 16:19:47,234 Starting Training from 2014-12-17 to 2015-01-01
2015-06-22 16:30:55,793 Starting Live from 2015-01-02 to 2015-02-01
2015-06-22 16:58:26,075 Starting Training from 2015-01-17 to 2015-02-01
2015-06-22 16:59:52,857 Starting Live from 2015-02-02 to 2015-03-04
2015-06-22 17:27:30,960 Starting Training from 2015-02-17 to 2015-03-04
2015-06-22 17:28:53,546 Starting Live from 2015-03-05 to 2015-04-04
2015-06-22 17:53:58,657 Starting Training from 2015-03-20 to 2015-04-04
2015-06-22 17:55:39,312 Starting Live from 2015-04-05 to 2015-04-10
2015-06-22 18:03:42,736 Starting Q Learning for : 
2015-06-22 18:03:42,736 alpha = 0.6
2015-06-22 18:03:42,736 gamma = 0.1
2015-06-22 18:03:42,736 individual factor = 12
2015-06-22 18:03:42,736 zero range = 0.006
2015-06-22 18:03:42,736 greedy level = 10
2015-06-22 18:03:42,736 

2015-06-22 18:03:45,779 Starting Training from 2014-12-17 to 2015-01-01
2015-06-22 18:14:25,207 Starting Live from 2015-01-02 to 2015-02-01
2015-06-22 18:41:14,263 Starting Training from 2015-01-17 to 2015-02-01
2015-06-22 18:42:38,786 Starting Live from 2015-02-02 to 2015-03-04
2015-06-22 19:08:31,698 Starting Training from 2015-02-17 to 2015-03-04
2015-06-22 19:09:58,394 Starting Live from 2015-03-05 to 2015-04-04
2015-06-22 19:33:48,480 Starting Training from 2015-03-20 to 2015-04-04
2015-06-22 19:34:57,039 Starting Live from 2015-04-05 to 2015-04-10
2015-06-22 19:41:42,066 Starting Q Learning for : 
2015-06-22 19:41:42,068 alpha = 0.6
2015-06-22 19:41:42,068 gamma = 0.2
2015-06-22 19:41:42,068 individual factor = 12
2015-06-22 19:41:42,068 zero range = 0.006
2015-06-22 19:41:42,068 greedy level = 10
2015-06-22 19:41:42,068 

2015-06-22 19:41:46,053 Starting Training from 2014-12-17 to 2015-01-01
2015-06-22 19:52:09,273 Starting Live from 2015-01-02 to 2015-02-01
2015-06-22 20:19:03,959 Starting Training from 2015-01-17 to 2015-02-01
2015-06-22 20:20:24,589 Starting Live from 2015-02-02 to 2015-03-04
2015-06-22 20:48:11,020 Starting Training from 2015-02-17 to 2015-03-04
2015-06-22 20:49:45,190 Starting Live from 2015-03-05 to 2015-04-04
2015-06-22 21:15:07,931 Starting Training from 2015-03-20 to 2015-04-04
2015-06-22 21:16:18,532 Starting Live from 2015-04-05 to 2015-04-10
2015-06-22 21:23:28,026 Starting Q Learning for : 
2015-06-22 21:23:28,026 alpha = 0.6
2015-06-22 21:23:28,026 gamma = 0.3
2015-06-22 21:23:28,026 individual factor = 12
2015-06-22 21:23:28,026 zero range = 0.006
2015-06-22 21:23:28,026 greedy level = 10
2015-06-22 21:23:28,026 

2015-06-22 21:23:31,802 Starting Training from 2014-12-17 to 2015-01-01
2015-06-22 21:34:47,839 Starting Live from 2015-01-02 to 2015-02-01
2015-06-22 22:00:46,621 Starting Training from 2015-01-17 to 2015-02-01
2015-06-22 22:02:05,453 Starting Live from 2015-02-02 to 2015-03-04
2015-06-22 22:30:19,615 Starting Training from 2015-02-17 to 2015-03-04
2015-06-22 22:32:01,938 Starting Live from 2015-03-05 to 2015-04-04
2015-06-22 22:55:52,451 Starting Training from 2015-03-20 to 2015-04-04
2015-06-22 22:57:04,217 Starting Live from 2015-04-05 to 2015-04-10
2015-06-22 23:03:31,223 Starting Q Learning for : 
2015-06-22 23:03:31,223 alpha = 0.6
2015-06-22 23:03:31,223 gamma = 0.4
2015-06-22 23:03:31,223 individual factor = 12
2015-06-22 23:03:31,223 zero range = 0.006
2015-06-22 23:03:31,223 greedy level = 10
2015-06-22 23:03:31,223 

2015-06-22 23:03:34,164 Starting Training from 2014-12-17 to 2015-01-01
2015-06-22 23:14:45,769 Starting Live from 2015-01-02 to 2015-02-01
2015-06-22 23:40:03,829 Starting Training from 2015-01-17 to 2015-02-01
2015-06-22 23:41:24,822 Starting Live from 2015-02-02 to 2015-03-04
2015-06-23 00:06:53,546 Starting Training from 2015-02-17 to 2015-03-04
2015-06-23 00:08:20,348 Starting Live from 2015-03-05 to 2015-04-04
2015-06-23 00:33:58,816 Starting Training from 2015-03-20 to 2015-04-04
2015-06-23 00:35:15,023 Starting Live from 2015-04-05 to 2015-04-10
2015-06-23 00:43:10,408 Starting Q Learning for : 
2015-06-23 00:43:10,408 alpha = 0.6
2015-06-23 00:43:10,408 gamma = 0.5
2015-06-23 00:43:10,408 individual factor = 12
2015-06-23 00:43:10,408 zero range = 0.006
2015-06-23 00:43:10,408 greedy level = 10
2015-06-23 00:43:10,408 

2015-06-23 00:43:13,839 Starting Training from 2014-12-17 to 2015-01-01
2015-06-23 00:53:22,311 Starting Live from 2015-01-02 to 2015-02-01
2015-06-23 01:19:03,127 Starting Training from 2015-01-17 to 2015-02-01
2015-06-23 01:20:41,788 Starting Live from 2015-02-02 to 2015-03-04
2015-06-23 01:46:15,851 Starting Training from 2015-02-17 to 2015-03-04
2015-06-23 01:47:43,217 Starting Live from 2015-03-05 to 2015-04-04
2015-06-23 02:12:37,746 Starting Training from 2015-03-20 to 2015-04-04
2015-06-23 02:13:45,546 Starting Live from 2015-04-05 to 2015-04-10
2015-06-23 02:20:28,474 Starting Q Learning for : 
2015-06-23 02:20:28,474 alpha = 0.6
2015-06-23 02:20:28,474 gamma = 0.6
2015-06-23 02:20:28,474 individual factor = 12
2015-06-23 02:20:28,474 zero range = 0.006
2015-06-23 02:20:28,474 greedy level = 10
2015-06-23 02:20:28,476 

2015-06-23 02:20:30,994 Starting Training from 2014-12-17 to 2015-01-01
2015-06-23 02:31:29,674 Starting Live from 2015-01-02 to 2015-02-01
2015-06-23 02:56:42,506 Starting Training from 2015-01-17 to 2015-02-01
2015-06-23 02:58:03,028 Starting Live from 2015-02-02 to 2015-03-04
2015-06-23 03:24:01,849 Starting Training from 2015-02-17 to 2015-03-04
2015-06-23 03:25:47,778 Starting Live from 2015-03-05 to 2015-04-04
2015-06-23 03:50:54,513 Starting Training from 2015-03-20 to 2015-04-04
2015-06-23 03:52:05,808 Starting Live from 2015-04-05 to 2015-04-10
2015-06-23 03:58:56,733 Starting Q Learning for : 
2015-06-23 03:58:56,733 alpha = 0.4
2015-06-23 03:58:56,733 gamma = 0.6
2015-06-23 03:58:56,733 individual factor = 12
2015-06-23 03:58:56,734 zero range = 0.006
2015-06-23 03:58:56,734 greedy level = 10
2015-06-23 03:58:56,734 

2015-06-23 03:58:59,196 Starting Training from 2014-12-17 to 2015-01-01
2015-06-23 04:09:43,384 Starting Live from 2015-01-02 to 2015-02-01
2015-06-23 04:34:54,858 Starting Training from 2015-01-17 to 2015-02-01
2015-06-23 04:36:20,351 Starting Live from 2015-02-02 to 2015-03-04
2015-06-23 05:01:39,664 Starting Training from 2015-02-17 to 2015-03-04
2015-06-23 05:03:05,378 Starting Live from 2015-03-05 to 2015-04-04
2015-06-23 05:27:03,108 Starting Training from 2015-03-20 to 2015-04-04
2015-06-23 05:28:13,783 Starting Live from 2015-04-05 to 2015-04-10
2015-06-23 05:35:36,076 Starting Q Learning for : 
2015-06-23 05:35:36,076 alpha = 0.4
2015-06-23 05:35:36,076 gamma = 0.7
2015-06-23 05:35:36,076 individual factor = 12
2015-06-23 05:35:36,076 zero range = 0.006
2015-06-23 05:35:36,076 greedy level = 10
2015-06-23 05:35:36,076 

2015-06-23 05:35:39,615 Starting Training from 2014-12-17 to 2015-01-01
2015-06-23 05:46:00,200 Starting Live from 2015-01-02 to 2015-02-01
2015-06-23 06:11:17,428 Starting Training from 2015-01-17 to 2015-02-01
2015-06-23 06:12:37,401 Starting Live from 2015-02-02 to 2015-03-04
2015-06-23 06:38:42,677 Starting Training from 2015-02-17 to 2015-03-04
2015-06-23 06:40:27,273 Starting Live from 2015-03-05 to 2015-04-04
2015-06-23 07:04:55,724 Starting Training from 2015-03-20 to 2015-04-04
2015-06-23 07:06:07,424 Starting Live from 2015-04-05 to 2015-04-10
2015-06-23 07:12:44,615 Starting Q Learning for : 
2015-06-23 07:12:44,615 alpha = 0.4
2015-06-23 07:12:44,615 gamma = 0.8
2015-06-23 07:12:44,615 individual factor = 12
2015-06-23 07:12:44,615 zero range = 0.006
2015-06-23 07:12:44,615 greedy level = 10
2015-06-23 07:12:44,615 

2015-06-23 07:12:47,967 Starting Training from 2014-12-17 to 2015-01-01
2015-06-23 07:23:52,326 Starting Live from 2015-01-02 to 2015-02-01
2015-06-23 07:49:11,055 Starting Training from 2015-01-17 to 2015-02-01
2015-06-23 07:50:35,384 Starting Live from 2015-02-02 to 2015-03-04
2015-06-23 08:16:07,812 Starting Training from 2015-02-17 to 2015-03-04
2015-06-23 08:17:35,007 Starting Live from 2015-03-05 to 2015-04-04
2015-06-23 08:41:48,444 Starting Training from 2015-03-20 to 2015-04-04
2015-06-23 08:42:55,394 Starting Live from 2015-04-05 to 2015-04-10
2015-06-23 08:50:06,023 Starting Q Learning for : 
2015-06-23 08:50:06,023 alpha = 0.2
2015-06-23 08:50:06,023 gamma = 0.1
2015-06-23 08:50:06,023 individual factor = 12
2015-06-23 08:50:06,023 zero range = 0.006
2015-06-23 08:50:06,023 greedy level = 10
2015-06-23 08:50:06,023 

2015-06-23 08:50:07,767 Starting Training from 2014-12-17 to 2015-01-01
2015-06-23 09:00:02,750 Starting Live from 2015-01-02 to 2015-02-01
2015-06-23 09:25:04,924 Starting Training from 2015-01-17 to 2015-02-01
2015-06-23 09:26:25,595 Starting Live from 2015-02-02 to 2015-03-04
2015-06-23 09:52:20,194 Starting Training from 2015-02-17 to 2015-03-04
2015-06-23 09:53:47,684 Starting Live from 2015-03-05 to 2015-04-04
2015-06-23 10:18:41,359 Starting Training from 2015-03-20 to 2015-04-04
2015-06-23 10:19:50,033 Starting Live from 2015-04-05 to 2015-04-10
2015-06-23 10:26:37,562 Starting Q Learning for : 
2015-06-23 10:26:37,562 alpha = 0.2
2015-06-23 10:26:37,562 gamma = 0.2
2015-06-23 10:26:37,562 individual factor = 12
2015-06-23 10:26:37,562 zero range = 0.006
2015-06-23 10:26:37,562 greedy level = 10
2015-06-23 10:26:37,562 

2015-06-23 10:26:43,002 Starting Training from 2014-12-17 to 2015-01-01
2015-06-23 10:37:30,030 Starting Live from 2015-01-02 to 2015-02-01
2015-06-23 11:02:33,349 Starting Training from 2015-01-17 to 2015-02-01
2015-06-23 11:03:55,381 Starting Live from 2015-02-02 to 2015-03-04
2015-06-23 11:29:13,451 Starting Training from 2015-02-17 to 2015-03-04
2015-06-23 11:30:39,964 Starting Live from 2015-03-05 to 2015-04-04
2015-06-23 11:54:44,516 Starting Training from 2015-03-20 to 2015-04-04
2015-06-23 11:56:11,308 Starting Live from 2015-04-05 to 2015-04-10
2015-06-23 12:03:11,888 Starting Q Learning for : 
2015-06-23 12:03:11,888 alpha = 0.2
2015-06-23 12:03:11,888 gamma = 0.3
2015-06-23 12:03:11,888 individual factor = 12
2015-06-23 12:03:11,888 zero range = 0.006
2015-06-23 12:03:11,888 greedy level = 10
2015-06-23 12:03:11,888 

2015-06-23 12:03:17,368 Starting Training from 2014-12-17 to 2015-01-01
2015-06-23 12:13:40,812 Starting Live from 2015-01-02 to 2015-02-01
2015-06-23 12:42:21,625 Starting Training from 2015-01-17 to 2015-02-01
2015-06-23 12:43:47,188 Starting Live from 2015-02-02 to 2015-03-04
2015-06-23 13:11:41,214 Starting Training from 2015-02-17 to 2015-03-04
2015-06-23 13:13:14,993 Starting Live from 2015-03-05 to 2015-04-04
2015-06-23 13:40:37,395 Starting Training from 2015-03-20 to 2015-04-04
2015-06-23 13:41:53,980 Starting Live from 2015-04-05 to 2015-04-10
2015-06-23 13:50:38,078 Starting Q Learning for : 
2015-06-23 13:50:38,078 alpha = 0.2
2015-06-23 13:50:38,078 gamma = 0.4
2015-06-23 13:50:38,078 individual factor = 12
2015-06-23 13:50:38,078 zero range = 0.006
2015-06-23 13:50:38,078 greedy level = 10
2015-06-23 13:50:38,078 

2015-06-23 13:50:44,069 Starting Training from 2014-12-17 to 2015-01-01
2015-06-23 14:01:47,884 Starting Live from 2015-01-02 to 2015-02-01
2015-06-23 14:30:51,384 Starting Training from 2015-01-17 to 2015-02-01
2015-06-23 14:32:50,832 Starting Live from 2015-02-02 to 2015-03-04
2015-06-23 15:00:51,082 Starting Training from 2015-02-17 to 2015-03-04
2015-06-23 15:02:21,266 Starting Live from 2015-03-05 to 2015-04-04
2015-06-23 15:30:04,645 Starting Training from 2015-03-20 to 2015-04-04
2015-06-23 15:31:17,568 Starting Live from 2015-04-05 to 2015-04-10
2015-06-23 15:39:27,888 Starting Q Learning for : 
2015-06-23 15:39:27,888 alpha = 0.5
2015-06-23 15:39:27,888 gamma = 0.3
2015-06-23 15:39:27,888 individual factor = 12
2015-06-23 15:39:27,888 zero range = 0.01
2015-06-23 15:39:27,888 greedy level = 10
2015-06-23 15:39:27,888 

2015-06-23 15:39:34,655 Starting Training from 2014-12-17 to 2015-01-01
2015-06-23 15:51:00,306 Starting Live from 2015-01-02 to 2015-02-01
2015-06-23 16:19:28,470 Starting Training from 2015-01-17 to 2015-02-01
2015-06-23 16:21:17,509 Starting Live from 2015-02-02 to 2015-03-04
2015-06-23 16:49:53,868 Starting Training from 2015-02-17 to 2015-03-04
2015-06-23 16:51:30,674 Starting Live from 2015-03-05 to 2015-04-04
2015-06-23 17:19:06,332 Starting Training from 2015-03-20 to 2015-04-04
2015-06-23 17:20:20,717 Starting Live from 2015-04-05 to 2015-04-10
2015-06-23 17:28:21,848 Starting Q Learning for : 
2015-06-23 17:28:21,848 alpha = 0.5
2015-06-23 17:28:21,848 gamma = 0.4
2015-06-23 17:28:21,848 individual factor = 12
2015-06-23 17:28:21,848 zero range = 0.01
2015-06-23 17:28:21,848 greedy level = 10
2015-06-23 17:28:21,848 

2015-06-23 17:28:28,773 Starting Training from 2014-12-17 to 2015-01-01
2015-06-23 17:39:54,273 Starting Live from 2015-01-02 to 2015-02-01
2015-06-23 18:08:09,282 Starting Training from 2015-01-17 to 2015-02-01
2015-06-23 18:09:48,053 Starting Live from 2015-02-02 to 2015-03-04
2015-06-23 18:39:06,214 Starting Training from 2015-02-17 to 2015-03-04
2015-06-23 18:40:31,882 Starting Live from 2015-03-05 to 2015-04-04
2015-06-23 19:08:27,329 Starting Training from 2015-03-20 to 2015-04-04
2015-06-23 19:09:43,260 Starting Live from 2015-04-05 to 2015-04-10
2015-06-23 19:17:31,602 Starting Q Learning for : 
2015-06-23 19:17:31,602 alpha = 0.5
2015-06-23 19:17:31,602 gamma = 0.5
2015-06-23 19:17:31,602 individual factor = 12
2015-06-23 19:17:31,602 zero range = 0.01
2015-06-23 19:17:31,602 greedy level = 10
2015-06-23 19:17:31,602 

2015-06-23 19:17:38,572 Starting Training from 2014-12-17 to 2015-01-01
2015-06-23 19:29:25,941 Starting Live from 2015-01-02 to 2015-02-01
2015-06-23 19:57:36,608 Starting Training from 2015-01-17 to 2015-02-01
2015-06-23 19:59:04,380 Starting Live from 2015-02-02 to 2015-03-04
2015-06-23 20:28:23,230 Starting Training from 2015-02-17 to 2015-03-04
2015-06-23 20:30:00,786 Starting Live from 2015-03-05 to 2015-04-04
2015-06-23 20:58:27,802 Starting Training from 2015-03-20 to 2015-04-04
2015-06-23 20:59:50,369 Starting Live from 2015-04-05 to 2015-04-10
2015-06-23 21:07:52,526 Starting Q Learning for : 
2015-06-23 21:07:52,526 alpha = 0.5
2015-06-23 21:07:52,528 gamma = 0.6
2015-06-23 21:07:52,528 individual factor = 12
2015-06-23 21:07:52,528 zero range = 0.01
2015-06-23 21:07:52,528 greedy level = 10
2015-06-23 21:07:52,528 

2015-06-23 21:07:59,522 Starting Training from 2014-12-17 to 2015-01-01
2015-06-23 21:20:13,448 Starting Live from 2015-01-02 to 2015-02-01
2015-06-23 21:49:47,082 Starting Training from 2015-01-17 to 2015-02-01
2015-06-23 21:51:21,812 Starting Live from 2015-02-02 to 2015-03-04
2015-06-23 22:22:28,158 Starting Training from 2015-02-17 to 2015-03-04
2015-06-23 22:24:03,043 Starting Live from 2015-03-05 to 2015-04-04
2015-06-23 22:51:27,219 Starting Training from 2015-03-20 to 2015-04-04
2015-06-23 22:52:47,769 Starting Live from 2015-04-05 to 2015-04-10
2015-06-23 23:01:02,752 Starting Q Learning for : 
2015-06-23 23:01:02,752 alpha = 0.5
2015-06-23 23:01:02,752 gamma = 0.7
2015-06-23 23:01:02,752 individual factor = 12
2015-06-23 23:01:02,752 zero range = 0.01
2015-06-23 23:01:02,752 greedy level = 10
2015-06-23 23:01:02,752 

2015-06-23 23:01:08,339 Starting Training from 2014-12-17 to 2015-01-01
