2015-06-20 23:36:24,489 Starting Q Learning for : 
2015-06-20 23:36:24,490 alpha = 0.2
2015-06-20 23:36:24,490 gamma = 0.5
2015-06-20 23:36:24,490 individual factor = 8
2015-06-20 23:36:24,490 zero range = 0.002
2015-06-20 23:36:24,490 greedy level = 5
2015-06-20 23:36:24,490 

2015-06-20 23:36:40,463 Starting Training from 2014-12-17 to 2015-01-01
2015-06-20 23:49:29,460 Starting Live from 2015-01-02 to 2015-02-01
2015-06-21 00:21:23,786 Starting Training from 2015-01-17 to 2015-02-01
2015-06-21 00:22:59,002 Starting Live from 2015-02-02 to 2015-03-04
2015-06-21 00:57:25,913 Starting Training from 2015-02-17 to 2015-03-04
2015-06-21 00:59:45,733 Starting Live from 2015-03-05 to 2015-04-04
2015-06-21 01:32:36,369 Starting Training from 2015-03-20 to 2015-04-04
2015-06-21 01:34:30,594 Starting Live from 2015-04-05 to 2015-04-10
2015-06-21 01:41:43,882 Starting Q Learning for : 
2015-06-21 01:41:43,882 alpha = 0.2
2015-06-21 01:41:43,882 gamma = 0.6
2015-06-21 01:41:43,882 individual factor = 8
2015-06-21 01:41:43,882 zero range = 0.002
2015-06-21 01:41:43,882 greedy level = 5
2015-06-21 01:41:43,882 

2015-06-21 01:41:48,592 Starting Training from 2014-12-17 to 2015-01-01
2015-06-21 01:54:34,095 Starting Live from 2015-01-02 to 2015-02-01
2015-06-21 02:25:12,555 Starting Training from 2015-01-17 to 2015-02-01
2015-06-21 02:26:39,953 Starting Live from 2015-02-02 to 2015-03-04
2015-06-21 02:55:24,674 Starting Training from 2015-02-17 to 2015-03-04
2015-06-21 02:57:32,788 Starting Live from 2015-03-05 to 2015-04-04
2015-06-21 03:30:47,849 Starting Training from 2015-03-20 to 2015-04-04
2015-06-21 03:32:21,088 Starting Live from 2015-04-05 to 2015-04-10
2015-06-21 03:39:24,759 Starting Q Learning for : 
2015-06-21 03:39:24,759 alpha = 0.8
2015-06-21 03:39:24,759 gamma = 0.1
2015-06-21 03:39:24,759 individual factor = 8
2015-06-21 03:39:24,759 zero range = 0.002
2015-06-21 03:39:24,759 greedy level = 5
2015-06-21 03:39:24,759 

2015-06-21 03:39:29,749 Starting Training from 2014-12-17 to 2015-01-01
2015-06-21 03:52:19,019 Starting Live from 2015-01-02 to 2015-02-01
2015-06-21 04:20:59,140 Starting Training from 2015-01-17 to 2015-02-01
2015-06-21 04:22:24,721 Starting Live from 2015-02-02 to 2015-03-04
2015-06-21 04:51:16,713 Starting Training from 2015-02-17 to 2015-03-04
2015-06-21 04:53:22,898 Starting Live from 2015-03-05 to 2015-04-04
2015-06-21 05:24:40,226 Starting Training from 2015-03-20 to 2015-04-04
2015-06-21 05:26:12,582 Starting Live from 2015-04-05 to 2015-04-10
2015-06-21 05:33:51,095 Starting Q Learning for : 
2015-06-21 05:33:51,095 alpha = 0.8
2015-06-21 05:33:51,095 gamma = 0.2
2015-06-21 05:33:51,095 individual factor = 8
2015-06-21 05:33:51,095 zero range = 0.002
2015-06-21 05:33:51,095 greedy level = 5
2015-06-21 05:33:51,095 

2015-06-21 05:33:55,947 Starting Training from 2014-12-17 to 2015-01-01
2015-06-21 05:45:36,321 Starting Live from 2015-01-02 to 2015-02-01
2015-06-21 06:13:47,214 Starting Training from 2015-01-17 to 2015-02-01
2015-06-21 06:15:29,252 Starting Live from 2015-02-02 to 2015-03-04
2015-06-21 06:42:16,016 Starting Training from 2015-02-17 to 2015-03-04
2015-06-21 06:44:15,329 Starting Live from 2015-03-05 to 2015-04-04
2015-06-21 07:12:53,252 Starting Training from 2015-03-20 to 2015-04-04
2015-06-21 07:14:20,312 Starting Live from 2015-04-05 to 2015-04-10
2015-06-21 07:21:00,638 Starting Q Learning for : 
2015-06-21 07:21:00,638 alpha = 0.8
2015-06-21 07:21:00,638 gamma = 0.7
2015-06-21 07:21:00,638 individual factor = 8
2015-06-21 07:21:00,640 zero range = 0.002
2015-06-21 07:21:00,640 greedy level = 5
2015-06-21 07:21:00,640 

2015-06-21 07:21:05,290 Starting Training from 2014-12-17 to 2015-01-01
2015-06-21 07:32:18,838 Starting Live from 2015-01-02 to 2015-02-01
2015-06-21 07:58:51,911 Starting Training from 2015-01-17 to 2015-02-01
2015-06-21 08:00:13,746 Starting Live from 2015-02-02 to 2015-03-04
2015-06-21 08:26:36,533 Starting Training from 2015-02-17 to 2015-03-04
2015-06-21 08:28:30,765 Starting Live from 2015-03-05 to 2015-04-04
2015-06-21 08:57:08,703 Starting Training from 2015-03-20 to 2015-04-04
2015-06-21 08:58:29,575 Starting Live from 2015-04-05 to 2015-04-10
2015-06-21 09:04:56,859 Starting Q Learning for : 
2015-06-21 09:04:56,859 alpha = 0.8
2015-06-21 09:04:56,859 gamma = 0.8
2015-06-21 09:04:56,859 individual factor = 8
2015-06-21 09:04:56,859 zero range = 0.002
2015-06-21 09:04:56,859 greedy level = 5
2015-06-21 09:04:56,859 

2015-06-21 09:05:01,716 Starting Training from 2014-12-17 to 2015-01-01
2015-06-21 09:16:41,048 Starting Live from 2015-01-02 to 2015-02-01
2015-06-21 09:42:35,056 Starting Training from 2015-01-17 to 2015-02-01
2015-06-21 09:43:50,257 Starting Live from 2015-02-02 to 2015-03-04
2015-06-21 10:08:46,237 Starting Training from 2015-02-17 to 2015-03-04
2015-06-21 10:10:34,469 Starting Live from 2015-03-05 to 2015-04-04
2015-06-21 10:38:33,367 Starting Training from 2015-03-20 to 2015-04-04
2015-06-21 10:39:54,048 Starting Live from 2015-04-05 to 2015-04-10
