2015-06-20 23:36:24,489 Starting Q Learning for : 
2015-06-20 23:36:24,490 alpha = 0.2
2015-06-20 23:36:24,490 gamma = 0.1
2015-06-20 23:36:24,490 individual factor = 8
2015-06-20 23:36:24,490 zero range = 0.002
2015-06-20 23:36:24,490 greedy level = 5
2015-06-20 23:36:24,490 

2015-06-20 23:36:38,621 Starting Training from 2014-12-17 to 2015-01-01
2015-06-20 23:49:25,372 Starting Live from 2015-01-02 to 2015-02-01
2015-06-21 00:21:16,684 Starting Training from 2015-01-17 to 2015-02-01
2015-06-21 00:22:50,510 Starting Live from 2015-02-02 to 2015-03-04
2015-06-21 00:57:26,361 Starting Training from 2015-02-17 to 2015-03-04
2015-06-21 00:59:45,117 Starting Live from 2015-03-05 to 2015-04-04
2015-06-21 01:35:40,323 Starting Training from 2015-03-20 to 2015-04-04
2015-06-21 01:37:24,341 Starting Live from 2015-04-05 to 2015-04-10
2015-06-21 01:44:50,529 Starting Q Learning for : 
2015-06-21 01:44:50,529 alpha = 0.2
2015-06-21 01:44:50,529 gamma = 0.2
2015-06-21 01:44:50,530 individual factor = 8
2015-06-21 01:44:50,530 zero range = 0.002
2015-06-21 01:44:50,530 greedy level = 5
2015-06-21 01:44:50,530 

2015-06-21 01:44:55,918 Starting Training from 2014-12-17 to 2015-01-01
2015-06-21 01:58:05,562 Starting Live from 2015-01-02 to 2015-02-01
2015-06-21 02:27:56,290 Starting Training from 2015-01-17 to 2015-02-01
2015-06-21 02:29:22,819 Starting Live from 2015-02-02 to 2015-03-04
2015-06-21 02:58:11,101 Starting Training from 2015-02-17 to 2015-03-04
2015-06-21 03:00:52,357 Starting Live from 2015-03-05 to 2015-04-04
2015-06-21 03:33:13,369 Starting Training from 2015-03-20 to 2015-04-04
2015-06-21 03:34:40,812 Starting Live from 2015-04-05 to 2015-04-10
2015-06-21 03:41:58,492 Starting Q Learning for : 
2015-06-21 03:41:58,493 alpha = 0.8
2015-06-21 03:41:58,493 gamma = 0.3
2015-06-21 03:41:58,493 individual factor = 8
2015-06-21 03:41:58,493 zero range = 0.002
2015-06-21 03:41:58,493 greedy level = 5
2015-06-21 03:41:58,493 

2015-06-21 03:42:04,086 Starting Training from 2014-12-17 to 2015-01-01
2015-06-21 03:54:39,536 Starting Live from 2015-01-02 to 2015-02-01
2015-06-21 04:23:24,736 Starting Training from 2015-01-17 to 2015-02-01
2015-06-21 04:25:12,907 Starting Live from 2015-02-02 to 2015-03-04
2015-06-21 04:53:42,407 Starting Training from 2015-02-17 to 2015-03-04
2015-06-21 04:55:50,108 Starting Live from 2015-03-05 to 2015-04-04
2015-06-21 05:26:01,404 Starting Training from 2015-03-20 to 2015-04-04
2015-06-21 05:27:29,944 Starting Live from 2015-04-05 to 2015-04-10
2015-06-21 05:34:48,752 Starting Q Learning for : 
2015-06-21 05:34:48,752 alpha = 0.8
2015-06-21 05:34:48,752 gamma = 0.4
2015-06-21 05:34:48,752 individual factor = 8
2015-06-21 05:34:48,753 zero range = 0.002
2015-06-21 05:34:48,753 greedy level = 5
2015-06-21 05:34:48,753 

2015-06-21 05:34:53,737 Starting Training from 2014-12-17 to 2015-01-01
2015-06-21 05:46:37,500 Starting Live from 2015-01-02 to 2015-02-01
2015-06-21 06:15:07,969 Starting Training from 2015-01-17 to 2015-02-01
2015-06-21 06:16:49,726 Starting Live from 2015-02-02 to 2015-03-04
2015-06-21 06:43:43,618 Starting Training from 2015-02-17 to 2015-03-04
2015-06-21 06:45:41,786 Starting Live from 2015-03-05 to 2015-04-04
2015-06-21 07:15:39,252 Starting Training from 2015-03-20 to 2015-04-04
2015-06-21 07:17:11,871 Starting Live from 2015-04-05 to 2015-04-10
