2015-06-29 01:37:17,974 Starting Q Learning for : 
2015-06-29 01:37:17,974 alpha = 0.4
2015-06-29 01:37:17,974 gamma = 0.1
2015-06-29 01:37:17,974 individual factor = 10
2015-06-29 01:37:17,974 zero range = 0.002
2015-06-29 01:37:17,976 greedy level = 5
2015-06-29 01:37:17,976 

2015-06-29 01:37:32,203 Starting Training from 2014-12-17 to 2015-01-01
2015-06-29 01:51:21,996 Starting Live from 2015-01-02 to 2015-02-01
2015-06-29 02:15:04,789 Starting Training from 2015-01-17 to 2015-02-01
2015-06-29 02:16:09,150 Starting Live from 2015-02-02 to 2015-03-04
2015-06-29 02:43:07,186 Starting Training from 2015-02-17 to 2015-03-04
2015-06-29 02:44:50,677 Starting Live from 2015-03-05 to 2015-04-04
2015-06-29 03:18:15,085 Starting Training from 2015-03-20 to 2015-04-04
2015-06-29 03:19:36,848 Starting Live from 2015-04-05 to 2015-04-10
2015-06-29 03:29:09,177 Starting Q Learning for : 
2015-06-29 03:29:09,177 alpha = 0.4
2015-06-29 03:29:09,177 gamma = 0.2
2015-06-29 03:29:09,177 individual factor = 10
2015-06-29 03:29:09,177 zero range = 0.002
2015-06-29 03:29:09,177 greedy level = 5
2015-06-29 03:29:09,177 

2015-06-29 03:29:16,171 Starting Training from 2014-12-17 to 2015-01-01
2015-06-29 03:42:35,907 Starting Live from 2015-01-02 to 2015-02-01
2015-06-29 04:07:37,269 Starting Training from 2015-01-17 to 2015-02-01
2015-06-29 04:08:50,904 Starting Live from 2015-02-02 to 2015-03-04
2015-06-29 04:38:14,562 Starting Training from 2015-02-17 to 2015-03-04
2015-06-29 04:39:54,302 Starting Live from 2015-03-05 to 2015-04-04
2015-06-29 05:15:39,401 Starting Training from 2015-03-20 to 2015-04-04
2015-06-29 05:17:02,595 Starting Live from 2015-04-05 to 2015-04-10
2015-06-29 05:27:10,700 Starting Q Learning for : 
2015-06-29 05:27:10,700 alpha = 0.4
2015-06-29 05:27:10,701 gamma = 0.3
2015-06-29 05:27:10,701 individual factor = 10
2015-06-29 05:27:10,701 zero range = 0.002
2015-06-29 05:27:10,701 greedy level = 5
2015-06-29 05:27:10,701 

2015-06-29 05:27:12,000 Starting Training from 2014-12-17 to 2015-01-01
2015-06-29 05:40:31,203 Starting Live from 2015-01-02 to 2015-02-01
2015-06-29 06:05:30,622 Starting Training from 2015-01-17 to 2015-02-01
2015-06-29 06:06:42,651 Starting Live from 2015-02-02 to 2015-03-04
2015-06-29 06:37:12,039 Starting Training from 2015-02-17 to 2015-03-04
2015-06-29 06:38:57,065 Starting Live from 2015-03-05 to 2015-04-04
2015-06-29 07:15:13,072 Starting Training from 2015-03-20 to 2015-04-04
2015-06-29 07:16:33,877 Starting Live from 2015-04-05 to 2015-04-10
2015-06-29 07:27:00,207 Starting Q Learning for : 
2015-06-29 07:27:00,207 alpha = 0.4
2015-06-29 07:27:00,207 gamma = 0.4
2015-06-29 07:27:00,207 individual factor = 10
2015-06-29 07:27:00,207 zero range = 0.002
2015-06-29 07:27:00,207 greedy level = 5
2015-06-29 07:27:00,207 

2015-06-29 07:27:08,612 Starting Training from 2014-12-17 to 2015-01-01
2015-06-29 07:40:17,651 Starting Live from 2015-01-02 to 2015-02-01
2015-06-29 08:05:40,184 Starting Training from 2015-01-17 to 2015-02-01
2015-06-29 08:06:52,611 Starting Live from 2015-02-02 to 2015-03-04
2015-06-29 08:36:57,832 Starting Training from 2015-02-17 to 2015-03-04
2015-06-29 08:38:49,157 Starting Live from 2015-03-05 to 2015-04-04
2015-06-29 09:11:27,276 Starting Training from 2015-03-20 to 2015-04-04
2015-06-29 09:12:48,239 Starting Live from 2015-04-05 to 2015-04-10
2015-06-29 09:22:46,980 Starting Q Learning for : 
2015-06-29 09:22:46,980 alpha = 0.4
2015-06-29 09:22:46,982 gamma = 0.5
2015-06-29 09:22:46,982 individual factor = 10
2015-06-29 09:22:46,982 zero range = 0.002
2015-06-29 09:22:46,982 greedy level = 5
2015-06-29 09:22:46,982 

2015-06-29 09:22:55,542 Starting Training from 2014-12-17 to 2015-01-01
2015-06-29 09:35:15,917 Starting Live from 2015-01-02 to 2015-02-01
2015-06-29 10:00:40,381 Starting Training from 2015-01-17 to 2015-02-01
2015-06-29 10:01:51,974 Starting Live from 2015-02-02 to 2015-03-04
2015-06-29 10:31:47,596 Starting Training from 2015-02-17 to 2015-03-04
2015-06-29 10:33:35,688 Starting Live from 2015-03-05 to 2015-04-04
2015-06-29 11:07:41,605 Starting Training from 2015-03-20 to 2015-04-04
2015-06-29 11:09:00,667 Starting Live from 2015-04-05 to 2015-04-10
2015-06-29 11:19:45,730 Starting Q Learning for : 
2015-06-29 11:19:45,730 alpha = 0.4
2015-06-29 11:19:45,730 gamma = 0.6
2015-06-29 11:19:45,730 individual factor = 10
2015-06-29 11:19:45,730 zero range = 0.002
2015-06-29 11:19:45,730 greedy level = 5
2015-06-29 11:19:45,730 

2015-06-29 11:19:52,752 Starting Training from 2014-12-17 to 2015-01-01
2015-06-29 11:32:08,558 Starting Live from 2015-01-02 to 2015-02-01
2015-06-29 11:57:36,240 Starting Training from 2015-01-17 to 2015-02-01
2015-06-29 11:58:50,469 Starting Live from 2015-02-02 to 2015-03-04
2015-06-29 12:29:12,286 Starting Training from 2015-02-17 to 2015-03-04
2015-06-29 12:30:56,822 Starting Live from 2015-03-05 to 2015-04-04
2015-06-29 13:04:20,357 Starting Training from 2015-03-20 to 2015-04-04
2015-06-29 13:05:45,437 Starting Live from 2015-04-05 to 2015-04-10
2015-06-29 13:16:29,733 Starting Q Learning for : 
2015-06-29 13:16:29,733 alpha = 0.4
2015-06-29 13:16:29,733 gamma = 0.7
2015-06-29 13:16:29,733 individual factor = 10
2015-06-29 13:16:29,733 zero range = 0.002
2015-06-29 13:16:29,733 greedy level = 5
2015-06-29 13:16:29,733 

2015-06-29 13:16:35,653 Starting Training from 2014-12-17 to 2015-01-01
2015-06-29 13:29:01,055 Starting Live from 2015-01-02 to 2015-02-01
2015-06-29 13:54:59,556 Starting Training from 2015-01-17 to 2015-02-01
2015-06-29 13:56:37,910 Starting Live from 2015-02-02 to 2015-03-04
2015-06-29 14:26:10,443 Starting Training from 2015-02-17 to 2015-03-04
2015-06-29 14:27:54,141 Starting Live from 2015-03-05 to 2015-04-04
2015-06-29 15:00:29,838 Starting Training from 2015-03-20 to 2015-04-04
2015-06-29 15:01:55,015 Starting Live from 2015-04-05 to 2015-04-10
2015-06-29 15:12:17,454 Starting Q Learning for : 
2015-06-29 15:12:17,454 alpha = 0.4
2015-06-29 15:12:17,454 gamma = 0.8
2015-06-29 15:12:17,456 individual factor = 10
2015-06-29 15:12:17,456 zero range = 0.002
2015-06-29 15:12:17,456 greedy level = 5
2015-06-29 15:12:17,456 

2015-06-29 15:12:24,555 Starting Training from 2014-12-17 to 2015-01-01
2015-06-29 15:24:59,891 Starting Live from 2015-01-02 to 2015-02-01
2015-06-29 15:51:47,926 Starting Training from 2015-01-17 to 2015-02-01
2015-06-29 15:53:21,948 Starting Live from 2015-02-02 to 2015-03-04
2015-06-29 16:23:08,441 Starting Training from 2015-02-17 to 2015-03-04
2015-06-29 16:24:51,974 Starting Live from 2015-03-05 to 2015-04-04
2015-06-29 16:57:01,767 Starting Training from 2015-03-20 to 2015-04-04
2015-06-29 16:58:27,164 Starting Live from 2015-04-05 to 2015-04-10
2015-06-29 17:08:36,019 Starting Q Learning for : 
2015-06-29 17:08:36,019 alpha = 0.8
2015-06-29 17:08:36,019 gamma = 0.1
2015-06-29 17:08:36,019 individual factor = 10
2015-06-29 17:08:36,019 zero range = 0.002
2015-06-29 17:08:36,019 greedy level = 5
2015-06-29 17:08:36,019 

2015-06-29 17:08:42,473 Starting Training from 2014-12-17 to 2015-01-01
2015-06-29 17:21:20,605 Starting Live from 2015-01-02 to 2015-02-01
2015-06-29 17:47:39,836 Starting Training from 2015-01-17 to 2015-02-01
2015-06-29 17:49:13,621 Starting Live from 2015-02-02 to 2015-03-04
2015-06-29 18:19:21,404 Starting Training from 2015-02-17 to 2015-03-04
2015-06-29 18:21:04,607 Starting Live from 2015-03-05 to 2015-04-04
2015-06-29 18:53:37,471 Starting Training from 2015-03-20 to 2015-04-04
2015-06-29 18:55:36,663 Starting Live from 2015-04-05 to 2015-04-10
2015-06-29 19:05:21,533 Starting Q Learning for : 
2015-06-29 19:05:21,533 alpha = 0.8
2015-06-29 19:05:21,533 gamma = 0.2
2015-06-29 19:05:21,533 individual factor = 10
2015-06-29 19:05:21,533 zero range = 0.002
2015-06-29 19:05:21,533 greedy level = 5
2015-06-29 19:05:21,535 

2015-06-29 19:05:27,198 Starting Training from 2014-12-17 to 2015-01-01
2015-06-29 19:17:38,769 Starting Live from 2015-01-02 to 2015-02-01
2015-06-29 19:42:55,055 Starting Training from 2015-01-17 to 2015-02-01
2015-06-29 19:44:13,522 Starting Live from 2015-02-02 to 2015-03-04
2015-06-29 20:13:00,217 Starting Training from 2015-02-17 to 2015-03-04
2015-06-29 20:14:39,595 Starting Live from 2015-03-05 to 2015-04-04
2015-06-29 20:45:29,043 Starting Training from 2015-03-20 to 2015-04-04
2015-06-29 20:46:55,220 Starting Live from 2015-04-05 to 2015-04-10
2015-06-29 20:56:42,706 Starting Q Learning for : 
2015-06-29 20:56:42,706 alpha = 0.8
2015-06-29 20:56:42,706 gamma = 0.3
2015-06-29 20:56:42,706 individual factor = 10
2015-06-29 20:56:42,706 zero range = 0.002
2015-06-29 20:56:42,706 greedy level = 5
2015-06-29 20:56:42,706 

2015-06-29 20:56:47,841 Starting Training from 2014-12-17 to 2015-01-01
2015-06-29 21:08:55,490 Starting Live from 2015-01-02 to 2015-02-01
2015-06-29 21:33:49,213 Starting Training from 2015-01-17 to 2015-02-01
2015-06-29 21:35:03,390 Starting Live from 2015-02-02 to 2015-03-04
2015-06-29 22:05:41,552 Starting Training from 2015-02-17 to 2015-03-04
2015-06-29 22:07:26,019 Starting Live from 2015-03-05 to 2015-04-04
2015-06-29 22:40:43,977 Starting Training from 2015-03-20 to 2015-04-04
2015-06-29 22:42:06,539 Starting Live from 2015-04-05 to 2015-04-10
2015-06-29 22:52:38,036 Starting Q Learning for : 
2015-06-29 22:52:38,036 alpha = 0.8
2015-06-29 22:52:38,036 gamma = 0.4
2015-06-29 22:52:38,036 individual factor = 10
2015-06-29 22:52:38,036 zero range = 0.002
2015-06-29 22:52:38,036 greedy level = 5
2015-06-29 22:52:38,036 

2015-06-29 22:52:43,723 Starting Training from 2014-12-17 to 2015-01-01
2015-06-29 23:05:00,305 Starting Live from 2015-01-02 to 2015-02-01
2015-06-29 23:31:07,201 Starting Training from 2015-01-17 to 2015-02-01
2015-06-29 23:32:46,671 Starting Live from 2015-02-02 to 2015-03-04
2015-06-30 00:03:16,986 Starting Training from 2015-02-17 to 2015-03-04
2015-06-30 00:05:01,943 Starting Live from 2015-03-05 to 2015-04-04
2015-06-30 00:40:15,721 Starting Training from 2015-03-20 to 2015-04-04
2015-06-30 00:42:03,200 Starting Live from 2015-04-05 to 2015-04-10
2015-06-30 00:52:32,903 Starting Q Learning for : 
2015-06-30 00:52:32,903 alpha = 0.8
2015-06-30 00:52:32,903 gamma = 0.5
2015-06-30 00:52:32,903 individual factor = 10
2015-06-30 00:52:32,903 zero range = 0.002
2015-06-30 00:52:32,903 greedy level = 5
2015-06-30 00:52:32,903 

2015-06-30 00:52:38,492 Starting Training from 2014-12-17 to 2015-01-01
2015-06-30 01:05:33,769 Starting Live from 2015-01-02 to 2015-02-01
2015-06-30 01:31:27,523 Starting Training from 2015-01-17 to 2015-02-01
2015-06-30 01:32:42,569 Starting Live from 2015-02-02 to 2015-03-04
2015-06-30 02:03:24,130 Starting Training from 2015-02-17 to 2015-03-04
2015-06-30 02:05:07,115 Starting Live from 2015-03-05 to 2015-04-04
2015-06-30 02:41:59,779 Starting Training from 2015-03-20 to 2015-04-04
2015-06-30 02:43:19,239 Starting Live from 2015-04-05 to 2015-04-10
2015-06-30 02:53:13,016 Starting Q Learning for : 
2015-06-30 02:53:13,016 alpha = 0.8
2015-06-30 02:53:13,016 gamma = 0.6
2015-06-30 02:53:13,017 individual factor = 10
2015-06-30 02:53:13,017 zero range = 0.002
2015-06-30 02:53:13,017 greedy level = 5
2015-06-30 02:53:13,017 

2015-06-30 02:53:18,667 Starting Training from 2014-12-17 to 2015-01-01
2015-06-30 03:06:21,877 Starting Live from 2015-01-02 to 2015-02-01
2015-06-30 03:31:03,012 Starting Training from 2015-01-17 to 2015-02-01
2015-06-30 03:32:14,884 Starting Live from 2015-02-02 to 2015-03-04
2015-06-30 04:01:10,976 Starting Training from 2015-02-17 to 2015-03-04
2015-06-30 04:02:52,779 Starting Live from 2015-03-05 to 2015-04-04
2015-06-30 04:35:26,605 Starting Training from 2015-03-20 to 2015-04-04
2015-06-30 04:36:49,181 Starting Live from 2015-04-05 to 2015-04-10
2015-06-30 04:45:39,246 Starting Q Learning for : 
2015-06-30 04:45:39,246 alpha = 0.8
2015-06-30 04:45:39,246 gamma = 0.7
2015-06-30 04:45:39,246 individual factor = 10
2015-06-30 04:45:39,246 zero range = 0.002
2015-06-30 04:45:39,246 greedy level = 5
2015-06-30 04:45:39,246 

2015-06-30 04:45:45,295 Starting Training from 2014-12-17 to 2015-01-01
2015-06-30 04:58:19,318 Starting Live from 2015-01-02 to 2015-02-01
2015-06-30 05:23:23,447 Starting Training from 2015-01-17 to 2015-02-01
2015-06-30 05:24:34,430 Starting Live from 2015-02-02 to 2015-03-04
2015-06-30 05:53:25,374 Starting Training from 2015-02-17 to 2015-03-04
2015-06-30 05:55:06,073 Starting Live from 2015-03-05 to 2015-04-04
2015-06-30 06:27:17,566 Starting Training from 2015-03-20 to 2015-04-04
2015-06-30 06:29:12,203 Starting Live from 2015-04-05 to 2015-04-10
2015-06-30 06:39:05,269 Starting Q Learning for : 
2015-06-30 06:39:05,269 alpha = 0.8
2015-06-30 06:39:05,269 gamma = 0.8
2015-06-30 06:39:05,269 individual factor = 10
2015-06-30 06:39:05,269 zero range = 0.002
2015-06-30 06:39:05,269 greedy level = 5
2015-06-30 06:39:05,269 

2015-06-30 06:39:11,203 Starting Training from 2014-12-17 to 2015-01-01
2015-06-30 06:51:26,372 Starting Live from 2015-01-02 to 2015-02-01
2015-06-30 07:17:16,078 Starting Training from 2015-01-17 to 2015-02-01
2015-06-30 07:18:30,358 Starting Live from 2015-02-02 to 2015-03-04
2015-06-30 07:48:33,765 Starting Training from 2015-02-17 to 2015-03-04
2015-06-30 07:50:15,947 Starting Live from 2015-03-05 to 2015-04-04
2015-06-30 08:23:43,220 Starting Training from 2015-03-20 to 2015-04-04
2015-06-30 08:25:28,595 Starting Live from 2015-04-05 to 2015-04-10
2015-06-30 08:35:45,213 Starting Q Learning for : 
2015-06-30 08:35:45,213 alpha = 0.8
2015-06-30 08:35:45,213 gamma = 0.1
2015-06-30 08:35:45,214 individual factor = 10
2015-06-30 08:35:45,214 zero range = 0.006
2015-06-30 08:35:45,214 greedy level = 5
2015-06-30 08:35:45,214 

2015-06-30 08:35:52,030 Starting Training from 2014-12-17 to 2015-01-01
2015-06-30 08:48:06,217 Starting Live from 2015-01-02 to 2015-02-01
2015-06-30 09:13:16,367 Starting Training from 2015-01-17 to 2015-02-01
2015-06-30 09:14:38,000 Starting Live from 2015-02-02 to 2015-03-04
2015-06-30 09:43:34,953 Starting Training from 2015-02-17 to 2015-03-04
2015-06-30 09:45:18,525 Starting Live from 2015-03-05 to 2015-04-04
2015-06-30 10:17:11,496 Starting Training from 2015-03-20 to 2015-04-04
2015-06-30 10:18:38,141 Starting Live from 2015-04-05 to 2015-04-10
2015-06-30 10:28:40,325 Starting Q Learning for : 
2015-06-30 10:28:40,325 alpha = 0.8
2015-06-30 10:28:40,325 gamma = 0.2
2015-06-30 10:28:40,325 individual factor = 10
2015-06-30 10:28:40,325 zero range = 0.006
2015-06-30 10:28:40,325 greedy level = 5
2015-06-30 10:28:40,325 

2015-06-30 10:28:46,355 Starting Training from 2014-12-17 to 2015-01-01
2015-06-30 10:40:23,082 Starting Live from 2015-01-02 to 2015-02-01
2015-06-30 11:04:16,266 Starting Training from 2015-01-17 to 2015-02-01
2015-06-30 11:05:23,799 Starting Live from 2015-02-02 to 2015-03-04
2015-06-30 11:34:48,956 Starting Training from 2015-02-17 to 2015-03-04
2015-06-30 11:36:21,335 Starting Live from 2015-03-05 to 2015-04-04
2015-06-30 12:28:18,062 Starting Training from 2015-03-20 to 2015-04-04
2015-06-30 12:29:30,207 Starting Live from 2015-04-05 to 2015-04-10
2015-06-30 12:42:50,198 Starting Q Learning for : 
2015-06-30 12:42:50,198 alpha = 0.8
2015-06-30 12:42:50,198 gamma = 0.3
2015-06-30 12:42:50,198 individual factor = 10
2015-06-30 12:42:50,198 zero range = 0.006
2015-06-30 12:42:50,198 greedy level = 5
2015-06-30 12:42:50,198 

2015-06-30 12:42:55,096 Starting Training from 2014-12-17 to 2015-01-01
2015-06-30 12:54:06,288 Starting Live from 2015-01-02 to 2015-02-01
2015-06-30 13:17:23,700 Starting Training from 2015-01-17 to 2015-02-01
2015-06-30 13:18:32,019 Starting Live from 2015-02-02 to 2015-03-04
2015-06-30 13:45:09,401 Starting Training from 2015-02-17 to 2015-03-04
2015-06-30 13:47:05,789 Starting Live from 2015-03-05 to 2015-04-04
2015-06-30 14:17:17,917 Starting Training from 2015-03-20 to 2015-04-04
2015-06-30 14:18:29,470 Starting Live from 2015-04-05 to 2015-04-10
2015-06-30 14:27:33,095 Starting Q Learning for : 
2015-06-30 14:27:33,095 alpha = 0.8
2015-06-30 14:27:33,096 gamma = 0.4
2015-06-30 14:27:33,096 individual factor = 10
2015-06-30 14:27:33,096 zero range = 0.006
2015-06-30 14:27:33,096 greedy level = 5
2015-06-30 14:27:33,096 

2015-06-30 14:27:41,348 Starting Training from 2014-12-17 to 2015-01-01
2015-06-30 14:39:42,348 Starting Live from 2015-01-02 to 2015-02-01
2015-06-30 15:03:13,532 Starting Training from 2015-01-17 to 2015-02-01
2015-06-30 15:04:24,303 Starting Live from 2015-02-02 to 2015-03-04
2015-06-30 15:32:04,650 Starting Training from 2015-02-17 to 2015-03-04
2015-06-30 15:33:38,473 Starting Live from 2015-03-05 to 2015-04-04
2015-06-30 16:08:13,444 Starting Training from 2015-03-20 to 2015-04-04
2015-06-30 16:09:31,671 Starting Live from 2015-04-05 to 2015-04-10
2015-06-30 16:19:07,900 Starting Q Learning for : 
2015-06-30 16:19:07,900 alpha = 0.8
2015-06-30 16:19:07,900 gamma = 0.5
2015-06-30 16:19:07,900 individual factor = 10
2015-06-30 16:19:07,900 zero range = 0.006
2015-06-30 16:19:07,900 greedy level = 5
2015-06-30 16:19:07,900 

2015-06-30 16:19:14,010 Starting Training from 2014-12-17 to 2015-01-01
2015-06-30 16:31:30,240 Starting Live from 2015-01-02 to 2015-02-01
2015-06-30 16:54:51,743 Starting Training from 2015-01-17 to 2015-02-01
2015-06-30 16:55:58,365 Starting Live from 2015-02-02 to 2015-03-04
2015-06-30 17:23:27,249 Starting Training from 2015-02-17 to 2015-03-04
2015-06-30 17:25:10,329 Starting Live from 2015-03-05 to 2015-04-04
2015-06-30 18:02:43,641 Starting Training from 2015-03-20 to 2015-04-04
2015-06-30 18:04:00,890 Starting Live from 2015-04-05 to 2015-04-10
2015-06-30 18:13:52,367 Starting Q Learning for : 
2015-06-30 18:13:52,368 alpha = 0.8
2015-06-30 18:13:52,368 gamma = 0.6
2015-06-30 18:13:52,368 individual factor = 10
2015-06-30 18:13:52,368 zero range = 0.006
2015-06-30 18:13:52,368 greedy level = 5
2015-06-30 18:13:52,368 

2015-06-30 18:13:58,269 Starting Training from 2014-12-17 to 2015-01-01
2015-06-30 18:26:19,641 Starting Live from 2015-01-02 to 2015-02-01
2015-06-30 18:48:29,013 Starting Training from 2015-01-17 to 2015-02-01
2015-06-30 18:49:25,476 Starting Live from 2015-02-02 to 2015-03-04
2015-06-30 19:15:48,049 Starting Training from 2015-02-17 to 2015-03-04
2015-06-30 19:17:22,714 Starting Live from 2015-03-05 to 2015-04-04
2015-06-30 19:57:21,895 Starting Training from 2015-03-20 to 2015-04-04
2015-06-30 19:58:38,158 Starting Live from 2015-04-05 to 2015-04-10
2015-06-30 20:08:38,539 Starting Q Learning for : 
2015-06-30 20:08:38,539 alpha = 0.8
2015-06-30 20:08:38,539 gamma = 0.7
2015-06-30 20:08:38,539 individual factor = 10
2015-06-30 20:08:38,539 zero range = 0.006
2015-06-30 20:08:38,539 greedy level = 5
2015-06-30 20:08:38,539 

2015-06-30 20:08:45,059 Starting Training from 2014-12-17 to 2015-01-01
2015-06-30 20:20:53,769 Starting Live from 2015-01-02 to 2015-02-01
2015-06-30 20:44:32,526 Starting Training from 2015-01-17 to 2015-02-01
2015-06-30 20:45:38,862 Starting Live from 2015-02-02 to 2015-03-04
2015-06-30 21:12:42,686 Starting Training from 2015-02-17 to 2015-03-04
2015-06-30 21:14:14,078 Starting Live from 2015-03-05 to 2015-04-04
2015-06-30 21:45:26,398 Starting Training from 2015-03-20 to 2015-04-04
2015-06-30 21:46:45,026 Starting Live from 2015-04-05 to 2015-04-10
2015-06-30 21:55:40,927 Starting Q Learning for : 
2015-06-30 21:55:40,927 alpha = 0.8
2015-06-30 21:55:40,927 gamma = 0.8
2015-06-30 21:55:40,927 individual factor = 10
2015-06-30 21:55:40,927 zero range = 0.006
2015-06-30 21:55:40,927 greedy level = 5
2015-06-30 21:55:40,928 

2015-06-30 21:55:46,979 Starting Training from 2014-12-17 to 2015-01-01
2015-06-30 22:07:34,615 Starting Live from 2015-01-02 to 2015-02-01
2015-06-30 22:30:34,299 Starting Training from 2015-01-17 to 2015-02-01
2015-06-30 22:31:47,338 Starting Live from 2015-02-02 to 2015-03-04
2015-06-30 22:59:05,542 Starting Training from 2015-02-17 to 2015-03-04
2015-06-30 23:00:39,555 Starting Live from 2015-03-05 to 2015-04-04
2015-06-30 23:33:44,734 Starting Training from 2015-03-20 to 2015-04-04
2015-06-30 23:35:02,878 Starting Live from 2015-04-05 to 2015-04-10
2015-06-30 23:45:08,522 Starting Q Learning for : 
2015-06-30 23:45:08,522 alpha = 0.8
2015-06-30 23:45:08,522 gamma = 0.1
2015-06-30 23:45:08,522 individual factor = 10
2015-06-30 23:45:08,522 zero range = 0.01
2015-06-30 23:45:08,522 greedy level = 5
2015-06-30 23:45:08,523 

2015-06-30 23:45:14,901 Starting Training from 2014-12-17 to 2015-01-01
2015-06-30 23:56:32,496 Starting Live from 2015-01-02 to 2015-02-01
2015-07-01 00:19:17,594 Starting Training from 2015-01-17 to 2015-02-01
2015-07-01 00:20:20,740 Starting Live from 2015-02-02 to 2015-03-04
2015-07-01 00:46:54,829 Starting Training from 2015-02-17 to 2015-03-04
2015-07-01 00:48:38,523 Starting Live from 2015-03-05 to 2015-04-04
2015-07-01 01:16:58,107 Starting Training from 2015-03-20 to 2015-04-04
2015-07-01 01:18:15,960 Starting Live from 2015-04-05 to 2015-04-10
2015-07-01 01:26:34,483 Starting Q Learning for : 
2015-07-01 01:26:34,483 alpha = 0.8
2015-07-01 01:26:34,483 gamma = 0.2
2015-07-01 01:26:34,483 individual factor = 10
2015-07-01 01:26:34,483 zero range = 0.01
2015-07-01 01:26:34,483 greedy level = 5
2015-07-01 01:26:34,483 

2015-07-01 01:26:42,595 Starting Training from 2014-12-17 to 2015-01-01
2015-07-01 01:38:00,667 Starting Live from 2015-01-02 to 2015-02-01
2015-07-01 01:59:37,102 Starting Training from 2015-01-17 to 2015-02-01
2015-07-01 02:00:34,398 Starting Live from 2015-02-02 to 2015-03-04
2015-07-01 02:26:06,049 Starting Training from 2015-02-17 to 2015-03-04
2015-07-01 02:27:30,750 Starting Live from 2015-03-05 to 2015-04-04
2015-07-01 02:56:26,841 Starting Training from 2015-03-20 to 2015-04-04
2015-07-01 02:57:37,631 Starting Live from 2015-04-05 to 2015-04-10
2015-07-01 03:06:47,526 Starting Q Learning for : 
2015-07-01 03:06:47,526 alpha = 0.8
2015-07-01 03:06:47,526 gamma = 0.3
2015-07-01 03:06:47,526 individual factor = 10
2015-07-01 03:06:47,526 zero range = 0.01
2015-07-01 03:06:47,528 greedy level = 5
2015-07-01 03:06:47,528 

2015-07-01 03:06:54,042 Starting Training from 2014-12-17 to 2015-01-01
2015-07-01 03:17:37,803 Starting Live from 2015-01-02 to 2015-02-01
2015-07-01 03:39:29,641 Starting Training from 2015-01-17 to 2015-02-01
2015-07-01 03:40:32,016 Starting Live from 2015-02-02 to 2015-03-04
2015-07-01 04:06:16,868 Starting Training from 2015-02-17 to 2015-03-04
2015-07-01 04:07:44,380 Starting Live from 2015-03-05 to 2015-04-04
2015-07-01 04:38:47,762 Starting Training from 2015-03-20 to 2015-04-04
2015-07-01 04:39:55,663 Starting Live from 2015-04-05 to 2015-04-10
2015-07-01 04:48:23,368 Starting Q Learning for : 
2015-07-01 04:48:23,368 alpha = 0.8
2015-07-01 04:48:23,368 gamma = 0.4
2015-07-01 04:48:23,368 individual factor = 10
2015-07-01 04:48:23,368 zero range = 0.01
2015-07-01 04:48:23,368 greedy level = 5
2015-07-01 04:48:23,368 

2015-07-01 04:48:28,930 Starting Training from 2014-12-17 to 2015-01-01
2015-07-01 04:59:42,591 Starting Live from 2015-01-02 to 2015-02-01
2015-07-01 05:21:13,092 Starting Training from 2015-01-17 to 2015-02-01
2015-07-01 05:22:15,503 Starting Live from 2015-02-02 to 2015-03-04
2015-07-01 05:47:19,676 Starting Training from 2015-02-17 to 2015-03-04
2015-07-01 05:48:43,520 Starting Live from 2015-03-05 to 2015-04-04
2015-07-01 06:18:16,730 Starting Training from 2015-03-20 to 2015-04-04
2015-07-01 06:19:24,743 Starting Live from 2015-04-05 to 2015-04-10
2015-07-01 06:28:38,476 Starting Q Learning for : 
2015-07-01 06:28:38,476 alpha = 0.8
2015-07-01 06:28:38,476 gamma = 0.5
2015-07-01 06:28:38,476 individual factor = 10
2015-07-01 06:28:38,476 zero range = 0.01
2015-07-01 06:28:38,476 greedy level = 5
2015-07-01 06:28:38,476 

2015-07-01 06:28:46,374 Starting Training from 2014-12-17 to 2015-01-01
2015-07-01 06:39:31,075 Starting Live from 2015-01-02 to 2015-02-01
2015-07-01 07:01:20,174 Starting Training from 2015-01-17 to 2015-02-01
2015-07-01 07:02:21,490 Starting Live from 2015-02-02 to 2015-03-04
2015-07-01 07:27:10,321 Starting Training from 2015-02-17 to 2015-03-04
2015-07-01 07:28:34,717 Starting Live from 2015-03-05 to 2015-04-04
2015-07-01 07:55:48,424 Starting Training from 2015-03-20 to 2015-04-04
2015-07-01 07:57:17,903 Starting Live from 2015-04-05 to 2015-04-10
2015-07-01 08:05:50,992 Starting Q Learning for : 
2015-07-01 08:05:50,992 alpha = 0.8
2015-07-01 08:05:50,992 gamma = 0.6
2015-07-01 08:05:50,992 individual factor = 10
2015-07-01 08:05:50,993 zero range = 0.01
2015-07-01 08:05:50,993 greedy level = 5
2015-07-01 08:05:50,993 

2015-07-01 08:05:57,092 Starting Training from 2014-12-17 to 2015-01-01
2015-07-01 08:16:19,742 Starting Live from 2015-01-02 to 2015-02-01
2015-07-01 08:38:11,982 Starting Training from 2015-01-17 to 2015-02-01
2015-07-01 08:39:14,460 Starting Live from 2015-02-02 to 2015-03-04
2015-07-01 09:03:48,494 Starting Training from 2015-02-17 to 2015-03-04
2015-07-01 09:05:38,628 Starting Live from 2015-03-05 to 2015-04-04
2015-07-01 09:32:15,617 Starting Training from 2015-03-20 to 2015-04-04
2015-07-01 09:33:33,490 Starting Live from 2015-04-05 to 2015-04-10
2015-07-01 09:41:20,959 Starting Q Learning for : 
2015-07-01 09:41:20,960 alpha = 0.8
2015-07-01 09:41:20,960 gamma = 0.7
2015-07-01 09:41:20,960 individual factor = 10
2015-07-01 09:41:20,960 zero range = 0.01
2015-07-01 09:41:20,960 greedy level = 5
2015-07-01 09:41:20,960 

2015-07-01 09:41:27,029 Starting Training from 2014-12-17 to 2015-01-01
2015-07-01 09:52:21,736 Starting Live from 2015-01-02 to 2015-02-01
2015-07-01 10:13:26,469 Starting Training from 2015-01-17 to 2015-02-01
2015-07-01 10:14:45,121 Starting Live from 2015-02-02 to 2015-03-04
2015-07-01 10:39:32,309 Starting Training from 2015-02-17 to 2015-03-04
2015-07-01 10:40:57,108 Starting Live from 2015-03-05 to 2015-04-04
2015-07-01 11:07:39,951 Starting Training from 2015-03-20 to 2015-04-04
2015-07-01 11:08:43,391 Starting Live from 2015-04-05 to 2015-04-10
2015-07-01 11:16:29,869 Starting Q Learning for : 
2015-07-01 11:16:29,869 alpha = 0.8
2015-07-01 11:16:29,869 gamma = 0.8
2015-07-01 11:16:29,869 individual factor = 10
2015-07-01 11:16:29,871 zero range = 0.01
2015-07-01 11:16:29,871 greedy level = 5
2015-07-01 11:16:29,871 

2015-07-01 11:16:35,279 Starting Training from 2014-12-17 to 2015-01-01
2015-07-01 11:27:25,437 Starting Live from 2015-01-02 to 2015-02-01
2015-07-01 11:48:05,915 Starting Training from 2015-01-17 to 2015-02-01
2015-07-01 11:49:07,020 Starting Live from 2015-02-02 to 2015-03-04
2015-07-01 12:13:16,627 Starting Training from 2015-02-17 to 2015-03-04
2015-07-01 12:14:36,420 Starting Live from 2015-03-05 to 2015-04-04
2015-07-01 12:52:22,611 Starting Training from 2015-03-20 to 2015-04-04
2015-07-01 12:53:41,579 Starting Live from 2015-04-05 to 2015-04-10
