2015-06-29 01:37:17,980 Starting Q Learning for : 
2015-06-29 01:37:17,980 alpha = 0.2
2015-06-29 01:37:17,980 gamma = 0.1
2015-06-29 01:37:17,980 individual factor = 10
2015-06-29 01:37:17,980 zero range = 0.002
2015-06-29 01:37:17,980 greedy level = 5
2015-06-29 01:37:17,980 

2015-06-29 01:37:32,203 Starting Training from 2014-12-17 to 2015-01-01
2015-06-29 01:51:30,220 Starting Live from 2015-01-02 to 2015-02-01
2015-06-29 02:15:11,361 Starting Training from 2015-01-17 to 2015-02-01
2015-06-29 02:16:13,480 Starting Live from 2015-02-02 to 2015-03-04
2015-06-29 02:43:05,694 Starting Training from 2015-02-17 to 2015-03-04
2015-06-29 02:44:50,678 Starting Live from 2015-03-05 to 2015-04-04
2015-06-29 03:18:12,829 Starting Training from 2015-03-20 to 2015-04-04
2015-06-29 03:19:34,457 Starting Live from 2015-04-05 to 2015-04-10
2015-06-29 03:29:17,924 Starting Q Learning for : 
2015-06-29 03:29:17,924 alpha = 0.2
2015-06-29 03:29:17,924 gamma = 0.2
2015-06-29 03:29:17,924 individual factor = 10
2015-06-29 03:29:17,924 zero range = 0.002
2015-06-29 03:29:17,924 greedy level = 5
2015-06-29 03:29:17,924 

2015-06-29 03:29:25,078 Starting Training from 2014-12-17 to 2015-01-01
2015-06-29 03:42:46,588 Starting Live from 2015-01-02 to 2015-02-01
2015-06-29 04:07:43,700 Starting Training from 2015-01-17 to 2015-02-01
2015-06-29 04:08:56,305 Starting Live from 2015-02-02 to 2015-03-04
2015-06-29 04:38:03,881 Starting Training from 2015-02-17 to 2015-03-04
2015-06-29 04:39:43,536 Starting Live from 2015-03-05 to 2015-04-04
2015-06-29 05:12:58,500 Starting Training from 2015-03-20 to 2015-04-04
2015-06-29 05:14:17,361 Starting Live from 2015-04-05 to 2015-04-10
2015-06-29 05:24:11,086 Starting Q Learning for : 
2015-06-29 05:24:11,088 alpha = 0.2
2015-06-29 05:24:11,088 gamma = 0.3
2015-06-29 05:24:11,088 individual factor = 10
2015-06-29 05:24:11,088 zero range = 0.002
2015-06-29 05:24:11,088 greedy level = 5
2015-06-29 05:24:11,088 

2015-06-29 05:24:16,877 Starting Training from 2014-12-17 to 2015-01-01
2015-06-29 05:37:27,096 Starting Live from 2015-01-02 to 2015-02-01
2015-06-29 06:02:31,578 Starting Training from 2015-01-17 to 2015-02-01
2015-06-29 06:03:44,220 Starting Live from 2015-02-02 to 2015-03-04
2015-06-29 06:33:03,562 Starting Training from 2015-02-17 to 2015-03-04
2015-06-29 06:34:46,323 Starting Live from 2015-03-05 to 2015-04-04
2015-06-29 07:08:15,361 Starting Training from 2015-03-20 to 2015-04-04
2015-06-29 07:09:36,045 Starting Live from 2015-04-05 to 2015-04-10
2015-06-29 07:19:18,062 Starting Q Learning for : 
2015-06-29 07:19:18,062 alpha = 0.2
2015-06-29 07:19:18,062 gamma = 0.4
2015-06-29 07:19:18,062 individual factor = 10
2015-06-29 07:19:18,062 zero range = 0.002
2015-06-29 07:19:18,062 greedy level = 5
2015-06-29 07:19:18,062 

2015-06-29 07:19:25,398 Starting Training from 2014-12-17 to 2015-01-01
2015-06-29 07:32:41,466 Starting Live from 2015-01-02 to 2015-02-01
2015-06-29 07:58:23,411 Starting Training from 2015-01-17 to 2015-02-01
2015-06-29 07:59:36,221 Starting Live from 2015-02-02 to 2015-03-04
2015-06-29 08:29:35,265 Starting Training from 2015-02-17 to 2015-03-04
2015-06-29 08:31:21,809 Starting Live from 2015-03-05 to 2015-04-04
2015-06-29 09:39:04,960 Starting Training from 2015-03-20 to 2015-04-04
2015-06-29 09:40:26,155 Starting Live from 2015-04-05 to 2015-04-10
2015-06-29 09:56:20,933 Starting Q Learning for : 
2015-06-29 09:56:20,934 alpha = 0.2
2015-06-29 09:56:20,934 gamma = 0.5
2015-06-29 09:56:20,934 individual factor = 10
2015-06-29 09:56:20,934 zero range = 0.002
2015-06-29 09:56:20,934 greedy level = 5
2015-06-29 09:56:20,934 

2015-06-29 09:56:26,509 Starting Training from 2014-12-17 to 2015-01-01
2015-06-29 10:09:21,280 Starting Live from 2015-01-02 to 2015-02-01
2015-06-29 10:34:28,187 Starting Training from 2015-01-17 to 2015-02-01
2015-06-29 10:35:41,482 Starting Live from 2015-02-02 to 2015-03-04
2015-06-29 11:05:31,280 Starting Training from 2015-02-17 to 2015-03-04
2015-06-29 11:07:15,551 Starting Live from 2015-03-05 to 2015-04-04
2015-06-29 11:44:49,914 Starting Training from 2015-03-20 to 2015-04-04
2015-06-29 11:46:16,313 Starting Live from 2015-04-05 to 2015-04-10
2015-06-29 11:56:47,684 Starting Q Learning for : 
2015-06-29 11:56:47,684 alpha = 0.2
2015-06-29 11:56:47,684 gamma = 0.6
2015-06-29 11:56:47,684 individual factor = 10
2015-06-29 11:56:47,684 zero range = 0.002
2015-06-29 11:56:47,684 greedy level = 5
2015-06-29 11:56:47,684 

2015-06-29 11:56:55,226 Starting Training from 2014-12-17 to 2015-01-01
2015-06-29 12:09:57,173 Starting Live from 2015-01-02 to 2015-02-01
2015-06-29 12:34:57,776 Starting Training from 2015-01-17 to 2015-02-01
2015-06-29 12:36:11,506 Starting Live from 2015-02-02 to 2015-03-04
2015-06-29 13:05:20,496 Starting Training from 2015-02-17 to 2015-03-04
2015-06-29 13:07:02,713 Starting Live from 2015-03-05 to 2015-04-04
2015-06-29 13:39:42,957 Starting Training from 2015-03-20 to 2015-04-04
2015-06-29 13:41:03,196 Starting Live from 2015-04-05 to 2015-04-10
2015-06-29 13:50:42,536 Starting Q Learning for : 
2015-06-29 13:50:42,536 alpha = 0.2
2015-06-29 13:50:42,536 gamma = 0.7
2015-06-29 13:50:42,536 individual factor = 10
2015-06-29 13:50:42,536 zero range = 0.002
2015-06-29 13:50:42,536 greedy level = 5
2015-06-29 13:50:42,536 

2015-06-29 13:50:48,217 Starting Training from 2014-12-17 to 2015-01-01
2015-06-29 14:04:01,960 Starting Live from 2015-01-02 to 2015-02-01
2015-06-29 14:29:24,687 Starting Training from 2015-01-17 to 2015-02-01
2015-06-29 14:30:37,230 Starting Live from 2015-02-02 to 2015-03-04
2015-06-29 15:00:58,966 Starting Training from 2015-02-17 to 2015-03-04
2015-06-29 15:02:47,160 Starting Live from 2015-03-05 to 2015-04-04
2015-06-29 15:38:32,698 Starting Training from 2015-03-20 to 2015-04-04
2015-06-29 15:39:56,246 Starting Live from 2015-04-05 to 2015-04-10
2015-06-29 15:50:41,973 Starting Q Learning for : 
2015-06-29 15:50:41,973 alpha = 0.2
2015-06-29 15:50:41,973 gamma = 0.8
2015-06-29 15:50:41,973 individual factor = 10
2015-06-29 15:50:41,973 zero range = 0.002
2015-06-29 15:50:41,974 greedy level = 5
2015-06-29 15:50:41,974 

2015-06-29 15:50:51,704 Starting Training from 2014-12-17 to 2015-01-01
2015-06-29 16:04:04,358 Starting Live from 2015-01-02 to 2015-02-01
2015-06-29 16:29:45,099 Starting Training from 2015-01-17 to 2015-02-01
2015-06-29 16:31:01,181 Starting Live from 2015-02-02 to 2015-03-04
2015-06-29 17:01:39,914 Starting Training from 2015-02-17 to 2015-03-04
2015-06-29 17:03:28,309 Starting Live from 2015-03-05 to 2015-04-04
2015-06-29 17:35:23,739 Starting Training from 2015-03-20 to 2015-04-04
2015-06-29 17:36:43,352 Starting Live from 2015-04-05 to 2015-04-10
2015-06-29 17:46:39,296 Starting Q Learning for : 
2015-06-29 17:46:39,296 alpha = 0.6
2015-06-29 17:46:39,296 gamma = 0.1
2015-06-29 17:46:39,296 individual factor = 10
2015-06-29 17:46:39,296 zero range = 0.006
2015-06-29 17:46:39,296 greedy level = 5
2015-06-29 17:46:39,296 

2015-06-29 17:46:46,608 Starting Training from 2014-12-17 to 2015-01-01
2015-06-29 17:59:42,117 Starting Live from 2015-01-02 to 2015-02-01
2015-06-29 18:25:07,375 Starting Training from 2015-01-17 to 2015-02-01
2015-06-29 18:26:21,719 Starting Live from 2015-02-02 to 2015-03-04
2015-06-29 18:55:34,783 Starting Training from 2015-02-17 to 2015-03-04
2015-06-29 18:57:34,174 Starting Live from 2015-03-05 to 2015-04-04
2015-06-29 19:32:37,211 Starting Training from 2015-03-20 to 2015-04-04
2015-06-29 19:33:54,529 Starting Live from 2015-04-05 to 2015-04-10
2015-06-29 19:44:19,016 Starting Q Learning for : 
2015-06-29 19:44:19,016 alpha = 0.6
2015-06-29 19:44:19,016 gamma = 0.2
2015-06-29 19:44:19,017 individual factor = 10
2015-06-29 19:44:19,017 zero range = 0.006
2015-06-29 19:44:19,017 greedy level = 5
2015-06-29 19:44:19,017 

2015-06-29 19:44:28,145 Starting Training from 2014-12-17 to 2015-01-01
2015-06-29 19:56:22,374 Starting Live from 2015-01-02 to 2015-02-01
2015-06-29 20:20:50,339 Starting Training from 2015-01-17 to 2015-02-01
2015-06-29 20:22:03,819 Starting Live from 2015-02-02 to 2015-03-04
2015-06-29 20:51:35,450 Starting Training from 2015-02-17 to 2015-03-04
2015-06-29 20:53:30,368 Starting Live from 2015-03-05 to 2015-04-04
2015-06-29 21:30:25,364 Starting Training from 2015-03-20 to 2015-04-04
2015-06-29 21:31:47,657 Starting Live from 2015-04-05 to 2015-04-10
2015-06-29 21:42:36,627 Starting Q Learning for : 
2015-06-29 21:42:36,627 alpha = 0.6
2015-06-29 21:42:36,627 gamma = 0.3
2015-06-29 21:42:36,627 individual factor = 10
2015-06-29 21:42:36,627 zero range = 0.006
2015-06-29 21:42:36,627 greedy level = 5
2015-06-29 21:42:36,627 

2015-06-29 21:42:43,026 Starting Training from 2014-12-17 to 2015-01-01
2015-06-29 21:55:15,611 Starting Live from 2015-01-02 to 2015-02-01
2015-06-29 22:20:53,664 Starting Training from 2015-01-17 to 2015-02-01
2015-06-29 22:22:23,483 Starting Live from 2015-02-02 to 2015-03-04
2015-06-29 22:52:26,063 Starting Training from 2015-02-17 to 2015-03-04
2015-06-29 22:54:12,134 Starting Live from 2015-03-05 to 2015-04-04
2015-06-29 23:26:42,061 Starting Training from 2015-03-20 to 2015-04-04
2015-06-29 23:28:02,530 Starting Live from 2015-04-05 to 2015-04-10
2015-06-29 23:38:33,459 Starting Q Learning for : 
2015-06-29 23:38:33,459 alpha = 0.6
2015-06-29 23:38:33,459 gamma = 0.4
2015-06-29 23:38:33,459 individual factor = 10
2015-06-29 23:38:33,459 zero range = 0.006
2015-06-29 23:38:33,459 greedy level = 5
2015-06-29 23:38:33,460 

2015-06-29 23:38:39,648 Starting Training from 2014-12-17 to 2015-01-01
2015-06-29 23:51:11,299 Starting Live from 2015-01-02 to 2015-02-01
2015-06-30 00:16:24,391 Starting Training from 2015-01-17 to 2015-02-01
2015-06-30 00:17:56,586 Starting Live from 2015-02-02 to 2015-03-04
2015-06-30 00:48:59,229 Starting Training from 2015-02-17 to 2015-03-04
2015-06-30 00:50:43,088 Starting Live from 2015-03-05 to 2015-04-04
2015-06-30 01:26:37,318 Starting Training from 2015-03-20 to 2015-04-04
2015-06-30 01:28:27,663 Starting Live from 2015-04-05 to 2015-04-10
2015-06-30 01:38:43,746 Starting Q Learning for : 
2015-06-30 01:38:43,746 alpha = 0.6
2015-06-30 01:38:43,746 gamma = 0.5
2015-06-30 01:38:43,746 individual factor = 10
2015-06-30 01:38:43,746 zero range = 0.006
2015-06-30 01:38:43,746 greedy level = 5
2015-06-30 01:38:43,746 

2015-06-30 01:38:50,434 Starting Training from 2014-12-17 to 2015-01-01
2015-06-30 01:51:35,756 Starting Live from 2015-01-02 to 2015-02-01
2015-06-30 02:17:09,658 Starting Training from 2015-01-17 to 2015-02-01
2015-06-30 02:18:20,555 Starting Live from 2015-02-02 to 2015-03-04
2015-06-30 02:47:56,119 Starting Training from 2015-02-17 to 2015-03-04
2015-06-30 02:49:37,512 Starting Live from 2015-03-05 to 2015-04-04
2015-06-30 03:39:31,013 Starting Training from 2015-03-20 to 2015-04-04
2015-06-30 03:40:51,032 Starting Live from 2015-04-05 to 2015-04-10
2015-06-30 03:54:19,114 Starting Q Learning for : 
2015-06-30 03:54:19,114 alpha = 0.6
2015-06-30 03:54:19,115 gamma = 0.6
2015-06-30 03:54:19,115 individual factor = 10
2015-06-30 03:54:19,115 zero range = 0.006
2015-06-30 03:54:19,115 greedy level = 5
2015-06-30 03:54:19,115 

2015-06-30 03:54:25,430 Starting Training from 2014-12-17 to 2015-01-01
2015-06-30 04:06:34,042 Starting Live from 2015-01-02 to 2015-02-01
2015-06-30 04:31:55,634 Starting Training from 2015-01-17 to 2015-02-01
2015-06-30 04:33:26,357 Starting Live from 2015-02-02 to 2015-03-04
2015-06-30 05:02:49,628 Starting Training from 2015-02-17 to 2015-03-04
2015-06-30 05:04:31,861 Starting Live from 2015-03-05 to 2015-04-04
2015-06-30 05:36:15,466 Starting Training from 2015-03-20 to 2015-04-04
2015-06-30 05:37:44,506 Starting Live from 2015-04-05 to 2015-04-10
2015-06-30 05:47:49,153 Starting Q Learning for : 
2015-06-30 05:47:49,153 alpha = 0.6
2015-06-30 05:47:49,153 gamma = 0.7
2015-06-30 05:47:49,153 individual factor = 10
2015-06-30 05:47:49,153 zero range = 0.006
2015-06-30 05:47:49,153 greedy level = 5
2015-06-30 05:47:49,154 

2015-06-30 05:47:55,854 Starting Training from 2014-12-17 to 2015-01-01
2015-06-30 05:59:59,740 Starting Live from 2015-01-02 to 2015-02-01
2015-06-30 06:25:20,240 Starting Training from 2015-01-17 to 2015-02-01
2015-06-30 06:26:32,296 Starting Live from 2015-02-02 to 2015-03-04
2015-06-30 06:56:47,328 Starting Training from 2015-02-17 to 2015-03-04
2015-06-30 06:58:32,512 Starting Live from 2015-03-05 to 2015-04-04
2015-06-30 07:35:04,395 Starting Training from 2015-03-20 to 2015-04-04
2015-06-30 07:36:24,515 Starting Live from 2015-04-05 to 2015-04-10
2015-06-30 07:47:03,476 Starting Q Learning for : 
2015-06-30 07:47:03,476 alpha = 0.6
2015-06-30 07:47:03,476 gamma = 0.8
2015-06-30 07:47:03,476 individual factor = 10
2015-06-30 07:47:03,476 zero range = 0.006
2015-06-30 07:47:03,476 greedy level = 5
2015-06-30 07:47:03,476 

2015-06-30 07:47:10,236 Starting Training from 2014-12-17 to 2015-01-01
2015-06-30 07:59:15,068 Starting Live from 2015-01-02 to 2015-02-01
2015-06-30 08:24:09,007 Starting Training from 2015-01-17 to 2015-02-01
2015-06-30 08:25:42,371 Starting Live from 2015-02-02 to 2015-03-04
2015-06-30 08:54:56,276 Starting Training from 2015-02-17 to 2015-03-04
2015-06-30 08:56:41,674 Starting Live from 2015-03-05 to 2015-04-04
2015-06-30 09:28:35,634 Starting Training from 2015-03-20 to 2015-04-04
2015-06-30 09:29:55,549 Starting Live from 2015-04-05 to 2015-04-10
2015-06-30 09:40:07,138 Starting Q Learning for : 
2015-06-30 09:40:07,140 alpha = 0.4
2015-06-30 09:40:07,140 gamma = 0.1
2015-06-30 09:40:07,140 individual factor = 10
2015-06-30 09:40:07,140 zero range = 0.01
2015-06-30 09:40:07,140 greedy level = 5
2015-06-30 09:40:07,140 

2015-06-30 09:40:12,730 Starting Training from 2014-12-17 to 2015-01-01
2015-06-30 09:52:14,767 Starting Live from 2015-01-02 to 2015-02-01
2015-06-30 10:16:49,676 Starting Training from 2015-01-17 to 2015-02-01
2015-06-30 10:17:59,141 Starting Live from 2015-02-02 to 2015-03-04
2015-06-30 10:46:41,427 Starting Training from 2015-02-17 to 2015-03-04
2015-06-30 10:48:29,670 Starting Live from 2015-03-05 to 2015-04-04
2015-06-30 11:18:23,717 Starting Training from 2015-03-20 to 2015-04-04
2015-06-30 11:19:35,068 Starting Live from 2015-04-05 to 2015-04-10
2015-06-30 11:28:15,352 Starting Q Learning for : 
2015-06-30 11:28:15,352 alpha = 0.4
2015-06-30 11:28:15,352 gamma = 0.2
2015-06-30 11:28:15,352 individual factor = 10
2015-06-30 11:28:15,352 zero range = 0.01
2015-06-30 11:28:15,352 greedy level = 5
2015-06-30 11:28:15,352 

2015-06-30 11:28:20,752 Starting Training from 2014-12-17 to 2015-01-01
2015-06-30 11:40:21,301 Starting Live from 2015-01-02 to 2015-02-01
2015-06-30 12:03:40,931 Starting Training from 2015-01-17 to 2015-02-01
2015-06-30 12:04:49,249 Starting Live from 2015-02-02 to 2015-03-04
2015-06-30 12:31:50,496 Starting Training from 2015-02-17 to 2015-03-04
2015-06-30 12:33:25,674 Starting Live from 2015-03-05 to 2015-04-04
2015-06-30 13:05:54,845 Starting Training from 2015-03-20 to 2015-04-04
2015-06-30 13:07:08,349 Starting Live from 2015-04-05 to 2015-04-10
2015-06-30 13:16:04,855 Starting Q Learning for : 
2015-06-30 13:16:04,855 alpha = 0.4
2015-06-30 13:16:04,855 gamma = 0.3
2015-06-30 13:16:04,855 individual factor = 10
2015-06-30 13:16:04,855 zero range = 0.01
2015-06-30 13:16:04,855 greedy level = 5
2015-06-30 13:16:04,855 

2015-06-30 13:16:10,548 Starting Training from 2014-12-17 to 2015-01-01
2015-06-30 13:28:02,119 Starting Live from 2015-01-02 to 2015-02-01
2015-06-30 13:50:56,170 Starting Training from 2015-01-17 to 2015-02-01
2015-06-30 13:52:01,604 Starting Live from 2015-02-02 to 2015-03-04
2015-06-30 14:19:37,089 Starting Training from 2015-02-17 to 2015-03-04
2015-06-30 14:21:13,467 Starting Live from 2015-03-05 to 2015-04-04
2015-06-30 14:50:46,321 Starting Training from 2015-03-20 to 2015-04-04
2015-06-30 14:52:15,273 Starting Live from 2015-04-05 to 2015-04-10
2015-06-30 15:01:59,391 Starting Q Learning for : 
2015-06-30 15:01:59,391 alpha = 0.4
2015-06-30 15:01:59,391 gamma = 0.4
2015-06-30 15:01:59,391 individual factor = 10
2015-06-30 15:01:59,391 zero range = 0.01
2015-06-30 15:01:59,391 greedy level = 5
2015-06-30 15:01:59,392 

2015-06-30 15:02:05,275 Starting Training from 2014-12-17 to 2015-01-01
2015-06-30 15:13:21,250 Starting Live from 2015-01-02 to 2015-02-01
2015-06-30 15:36:33,484 Starting Training from 2015-01-17 to 2015-02-01
2015-06-30 15:37:41,969 Starting Live from 2015-02-02 to 2015-03-04
2015-06-30 16:05:41,517 Starting Training from 2015-02-17 to 2015-03-04
2015-06-30 16:07:27,101 Starting Live from 2015-03-05 to 2015-04-04
2015-06-30 16:36:51,224 Starting Training from 2015-03-20 to 2015-04-04
2015-06-30 16:38:05,484 Starting Live from 2015-04-05 to 2015-04-10
2015-06-30 16:46:37,578 Starting Q Learning for : 
2015-06-30 16:46:37,578 alpha = 0.4
2015-06-30 16:46:37,578 gamma = 0.5
2015-06-30 16:46:37,578 individual factor = 10
2015-06-30 16:46:37,578 zero range = 0.01
2015-06-30 16:46:37,578 greedy level = 5
2015-06-30 16:46:37,578 

2015-06-30 16:46:43,377 Starting Training from 2014-12-17 to 2015-01-01
2015-06-30 16:58:55,237 Starting Live from 2015-01-02 to 2015-02-01
2015-06-30 17:22:03,665 Starting Training from 2015-01-17 to 2015-02-01
2015-06-30 17:23:17,002 Starting Live from 2015-02-02 to 2015-03-04
2015-06-30 17:50:55,852 Starting Training from 2015-02-17 to 2015-03-04
2015-06-30 17:52:39,078 Starting Live from 2015-03-05 to 2015-04-04
2015-06-30 18:21:27,289 Starting Training from 2015-03-20 to 2015-04-04
2015-06-30 18:23:23,765 Starting Live from 2015-04-05 to 2015-04-10
2015-06-30 18:32:20,038 Starting Q Learning for : 
2015-06-30 18:32:20,038 alpha = 0.4
2015-06-30 18:32:20,038 gamma = 0.6
2015-06-30 18:32:20,038 individual factor = 10
2015-06-30 18:32:20,039 zero range = 0.01
2015-06-30 18:32:20,039 greedy level = 5
2015-06-30 18:32:20,039 

2015-06-30 18:32:26,342 Starting Training from 2014-12-17 to 2015-01-01
2015-06-30 18:43:03,869 Starting Live from 2015-01-02 to 2015-02-01
2015-06-30 19:04:53,585 Starting Training from 2015-01-17 to 2015-02-01
2015-06-30 19:06:16,569 Starting Live from 2015-02-02 to 2015-03-04
2015-06-30 19:34:41,927 Starting Training from 2015-02-17 to 2015-03-04
2015-06-30 19:36:16,805 Starting Live from 2015-03-05 to 2015-04-04
2015-06-30 20:07:30,280 Starting Training from 2015-03-20 to 2015-04-04
2015-06-30 20:08:43,862 Starting Live from 2015-04-05 to 2015-04-10
2015-06-30 20:18:34,951 Starting Q Learning for : 
2015-06-30 20:18:34,951 alpha = 0.4
2015-06-30 20:18:34,951 gamma = 0.7
2015-06-30 20:18:34,951 individual factor = 10
2015-06-30 20:18:34,951 zero range = 0.01
2015-06-30 20:18:34,951 greedy level = 5
2015-06-30 20:18:34,951 

2015-06-30 20:18:40,947 Starting Training from 2014-12-17 to 2015-01-01
2015-06-30 20:30:06,456 Starting Live from 2015-01-02 to 2015-02-01
2015-06-30 20:53:40,433 Starting Training from 2015-01-17 to 2015-02-01
2015-06-30 20:54:47,782 Starting Live from 2015-02-02 to 2015-03-04
2015-06-30 21:23:00,786 Starting Training from 2015-02-17 to 2015-03-04
2015-06-30 21:24:41,092 Starting Live from 2015-03-05 to 2015-04-04
2015-06-30 21:56:40,696 Starting Training from 2015-03-20 to 2015-04-04
2015-06-30 21:57:53,016 Starting Live from 2015-04-05 to 2015-04-10
2015-06-30 22:07:07,877 Starting Q Learning for : 
2015-06-30 22:07:07,877 alpha = 0.4
2015-06-30 22:07:07,877 gamma = 0.8
2015-06-30 22:07:07,877 individual factor = 10
2015-06-30 22:07:07,877 zero range = 0.01
2015-06-30 22:07:07,877 greedy level = 5
2015-06-30 22:07:07,878 

2015-06-30 22:07:18,453 Starting Training from 2014-12-17 to 2015-01-01
2015-06-30 22:18:45,186 Starting Live from 2015-01-02 to 2015-02-01
2015-06-30 22:41:47,134 Starting Training from 2015-01-17 to 2015-02-01
2015-06-30 22:42:53,770 Starting Live from 2015-02-02 to 2015-03-04
2015-06-30 23:10:18,739 Starting Training from 2015-02-17 to 2015-03-04
2015-06-30 23:12:01,048 Starting Live from 2015-03-05 to 2015-04-04
2015-06-30 23:47:19,150 Starting Training from 2015-03-20 to 2015-04-04
2015-06-30 23:48:28,910 Starting Live from 2015-04-05 to 2015-04-10
