2015-06-30 14:47:02,958 Starting mtm calculation
2015-06-30 14:47:02,959 Calculating mtm for 2014-12-01
2015-06-30 14:47:04,435 Calculating mtm for 2014-12-02
2015-06-30 14:47:07,234 Calculating mtm for 2014-12-03
2015-06-30 14:47:12,423 Calculating mtm for 2014-12-04
2015-06-30 14:47:17,326 Calculating mtm for 2014-12-05
2015-06-30 14:47:18,539 Calculating mtm for 2014-12-06
2015-06-30 14:47:18,544 Calculating mtm for 2014-12-07
2015-06-30 14:47:18,548 Calculating mtm for 2014-12-08
2015-06-30 14:47:20,426 Calculating mtm for 2014-12-09
2015-06-30 14:47:22,908 Calculating mtm for 2014-12-10
2015-06-30 14:47:27,126 Calculating mtm for 2014-12-11
2015-06-30 14:47:30,453 Calculating mtm for 2014-12-12
2015-06-30 14:47:32,583 Calculating mtm for 2014-12-13
2015-06-30 14:47:32,588 Calculating mtm for 2014-12-14
2015-06-30 14:47:32,592 Calculating mtm for 2014-12-15
2015-06-30 14:47:34,553 Calculating mtm for 2014-12-16
2015-06-30 14:47:36,700 Calculating mtm for 2014-12-17
2015-06-30 14:47:37,669 Calculating mtm for 2014-12-18
2015-06-30 14:47:40,204 Calculating mtm for 2014-12-19
2015-06-30 14:47:43,703 Calculating mtm for 2014-12-20
2015-06-30 14:47:43,708 Calculating mtm for 2014-12-21
2015-06-30 14:47:43,711 Calculating mtm for 2014-12-22
2015-06-30 14:47:44,861 Calculating mtm for 2014-12-23
2015-06-30 14:47:50,606 Calculating mtm for 2014-12-24
2015-06-30 14:47:51,898 Calculating mtm for 2014-12-25
2015-06-30 14:47:51,901 Calculating mtm for 2014-12-26
2015-06-30 14:47:56,174 Calculating mtm for 2014-12-27
2015-06-30 14:47:56,177 Calculating mtm for 2014-12-28
2015-06-30 14:47:56,180 Calculating mtm for 2014-12-29
2015-06-30 14:48:00,138 Calculating mtm for 2014-12-30
2015-06-30 14:48:07,050 Calculating mtm for 2014-12-31
2015-06-30 14:48:08,159 Calculating mtm for 2015-01-01
2015-06-30 14:48:09,809 Calculating mtm for 2015-01-02
2015-06-30 14:48:14,542 Calculating mtm for 2015-01-03
2015-06-30 14:48:14,545 Calculating mtm for 2015-01-04
2015-06-30 14:48:14,547 Calculating mtm for 2015-01-05
2015-06-30 14:48:17,388 Calculating mtm for 2015-01-06
2015-06-30 14:48:19,471 Calculating mtm for 2015-01-07
2015-06-30 14:48:23,498 Calculating mtm for 2015-01-08
2015-06-30 14:48:28,583 Calculating mtm for 2015-01-09
2015-06-30 14:48:33,435 Calculating mtm for 2015-01-10
2015-06-30 14:48:33,441 Calculating mtm for 2015-01-11
2015-06-30 14:48:33,446 Calculating mtm for 2015-01-12
2015-06-30 14:48:34,509 Calculating mtm for 2015-01-13
2015-06-30 14:48:36,494 Calculating mtm for 2015-01-14
2015-06-30 14:48:42,850 Calculating mtm for 2015-01-15
2015-06-30 14:48:46,506 Calculating mtm for 2015-01-16
2015-06-30 14:48:49,326 Calculating mtm for 2015-01-17
2015-06-30 14:48:49,330 Calculating mtm for 2015-01-18
2015-06-30 14:48:49,334 Calculating mtm for 2015-01-19
2015-06-30 14:48:51,359 Calculating mtm for 2015-01-20
2015-06-30 14:48:54,128 Calculating mtm for 2015-01-21
2015-06-30 14:48:56,375 Calculating mtm for 2015-01-22
2015-06-30 14:48:58,619 Calculating mtm for 2015-01-23
2015-06-30 14:49:02,080 Calculating mtm for 2015-01-24
2015-06-30 14:49:02,083 Calculating mtm for 2015-01-25
2015-06-30 14:49:02,087 Calculating mtm for 2015-01-26
2015-06-30 14:49:02,090 Calculating mtm for 2015-01-27
2015-06-30 14:49:02,321 Calculating mtm for 2015-01-28
2015-06-30 14:49:02,605 Calculating mtm for 2015-01-29
2015-06-30 14:49:02,990 Calculating mtm for 2015-01-30
2015-06-30 14:49:04,268 Calculating mtm for 2015-01-31
2015-06-30 14:49:04,270 Calculating mtm for 2015-02-01
2015-06-30 14:49:04,272 Calculating mtm for 2015-02-02
2015-06-30 14:49:04,603 Calculating mtm for 2015-02-03
2015-06-30 14:49:05,428 Calculating mtm for 2015-02-04
2015-06-30 14:49:06,078 Calculating mtm for 2015-02-05
2015-06-30 14:49:06,331 Calculating mtm for 2015-02-06
2015-06-30 14:49:06,791 Calculating mtm for 2015-02-07
2015-06-30 14:49:06,795 Calculating mtm for 2015-02-08
2015-06-30 14:49:06,798 Calculating mtm for 2015-02-09
2015-06-30 14:49:07,175 Calculating mtm for 2015-02-10
2015-06-30 14:49:07,753 Updating ranks for walkforward - 1
2015-06-30 14:49:19,851 Updating ranks for walkforward - 2
2015-06-30 14:49:30,256 Updating ranks for walkforward - 3
2015-06-30 14:49:41,120 Done Ranking. Calling processes now.
2015-06-30 14:49:41,121 Starting Q Learning for : 
2015-06-30 14:49:41,120 Starting Q Learning for : 
2015-06-30 14:49:41,121 alpha = 0.2
2015-06-30 14:49:41,121 alpha = 0.5
2015-06-30 14:49:41,121 gamma = 0.1
2015-06-30 14:49:41,121 gamma = 0.3
2015-06-30 14:49:41,121 individual factor = 10
2015-06-30 14:49:41,121 individual factor = 10
2015-06-30 14:49:41,121 zero range = 0.002
2015-06-30 14:49:41,121 zero range = 0.002
2015-06-30 14:49:41,121 greedy level = 5
2015-06-30 14:49:41,121 greedy level = 5
2015-06-30 14:49:41,121 

2015-06-30 14:49:41,121 

2015-06-30 14:49:41,125 Starting Q Learning for : 
2015-06-30 14:49:41,126 alpha = 0.4
2015-06-30 14:49:41,126 gamma = 0.5
2015-06-30 14:49:41,126 individual factor = 10
2015-06-30 14:49:41,126 zero range = 0.002
2015-06-30 14:49:41,126 greedy level = 5
2015-06-30 14:49:41,126 

2015-06-30 14:49:42,954 Starting Training from 2015-01-01 to 2015-01-31
2015-06-30 14:49:42,955 Starting Training from 2015-01-01 to 2015-01-31
2015-06-30 14:49:43,162 Starting Training from 2015-01-01 to 2015-01-31
2015-06-30 15:09:15,732 Starting Live from 2015-02-01 to 2015-03-03
2015-06-30 15:09:19,737 Starting Live from 2015-02-01 to 2015-03-03
2015-06-30 15:09:24,164 Starting Live from 2015-02-01 to 2015-03-03
2015-06-30 15:32:19,248 Starting Training from 2015-02-01 to 2015-03-03
2015-06-30 15:32:22,976 Starting Training from 2015-02-01 to 2015-03-03
2015-06-30 15:32:34,814 Starting Training from 2015-02-01 to 2015-03-03
2015-06-30 15:33:52,435 Starting Live from 2015-03-04 to 2015-04-03
2015-06-30 15:33:55,653 Starting Live from 2015-03-04 to 2015-04-03
2015-06-30 15:34:06,752 Starting Live from 2015-03-04 to 2015-04-03
2015-06-30 15:56:37,421 Starting Training from 2015-03-04 to 2015-04-03
2015-06-30 15:56:40,472 Starting Training from 2015-03-04 to 2015-04-03
2015-06-30 15:56:56,782 Starting Training from 2015-03-04 to 2015-04-03
2015-06-30 15:58:05,919 Starting Live from 2015-04-04 to 2015-04-10
2015-06-30 15:58:09,627 Starting Live from 2015-04-04 to 2015-04-10
2015-06-30 15:58:22,744 Starting Live from 2015-04-04 to 2015-04-10
2015-06-30 16:02:03,151 Starting Q Learning for : 
2015-06-30 16:02:03,151 alpha = 0.2
2015-06-30 16:02:03,151 gamma = 0.4
2015-06-30 16:02:03,151 individual factor = 10
2015-06-30 16:02:03,151 zero range = 0.002
2015-06-30 16:02:03,151 greedy level = 5
2015-06-30 16:02:03,151 

2015-06-30 16:02:03,624 Starting Training from 2015-01-01 to 2015-01-31
2015-06-30 16:02:06,673 Starting Q Learning for : 
2015-06-30 16:02:06,674 alpha = 0.5
2015-06-30 16:02:06,674 gamma = 0.2
2015-06-30 16:02:06,674 individual factor = 10
2015-06-30 16:02:06,674 zero range = 0.002
2015-06-30 16:02:06,674 greedy level = 5
2015-06-30 16:02:06,674 

2015-06-30 16:02:07,225 Starting Training from 2015-01-01 to 2015-01-31
2015-06-30 16:02:18,002 Starting Q Learning for : 
2015-06-30 16:02:18,003 alpha = 0.4
2015-06-30 16:02:18,003 gamma = 0.6
2015-06-30 16:02:18,003 individual factor = 10
2015-06-30 16:02:18,003 zero range = 0.002
2015-06-30 16:02:18,003 greedy level = 5
2015-06-30 16:02:18,003 

2015-06-30 16:02:18,902 Starting Training from 2015-01-01 to 2015-01-31
2015-06-30 16:20:50,274 Starting Live from 2015-02-01 to 2015-03-03
2015-06-30 16:20:58,719 Starting Live from 2015-02-01 to 2015-03-03
2015-06-30 16:21:18,506 Starting Live from 2015-02-01 to 2015-03-03
2015-06-30 16:43:53,986 Starting Training from 2015-02-01 to 2015-03-03
2015-06-30 16:44:03,095 Starting Training from 2015-02-01 to 2015-03-03
2015-06-30 16:44:25,244 Starting Training from 2015-02-01 to 2015-03-03
2015-06-30 16:45:27,085 Starting Live from 2015-03-04 to 2015-04-03
2015-06-30 16:45:38,569 Starting Live from 2015-03-04 to 2015-04-03
2015-06-30 16:45:58,396 Starting Live from 2015-03-04 to 2015-04-03
2015-06-30 17:05:50,536 Starting Training from 2015-03-04 to 2015-04-03
2015-06-30 17:05:58,994 Starting Training from 2015-03-04 to 2015-04-03
2015-06-30 17:06:21,633 Starting Training from 2015-03-04 to 2015-04-03
2015-06-30 17:07:16,023 Starting Live from 2015-04-04 to 2015-04-10
2015-06-30 17:07:24,986 Starting Live from 2015-04-04 to 2015-04-10
2015-06-30 17:07:44,123 Starting Live from 2015-04-04 to 2015-04-10
2015-06-30 17:11:04,619 Starting Q Learning for : 
2015-06-30 17:11:04,619 alpha = 0.2
2015-06-30 17:11:04,619 gamma = 0.5
2015-06-30 17:11:04,619 individual factor = 10
2015-06-30 17:11:04,619 zero range = 0.002
2015-06-30 17:11:04,619 greedy level = 5
2015-06-30 17:11:04,619 

2015-06-30 17:11:05,846 Starting Training from 2015-01-01 to 2015-01-31
2015-06-30 17:11:16,791 Starting Q Learning for : 
2015-06-30 17:11:16,792 alpha = 0.5
2015-06-30 17:11:16,792 gamma = 0.3
2015-06-30 17:11:16,792 individual factor = 10
2015-06-30 17:11:16,792 zero range = 0.002
2015-06-30 17:11:16,792 greedy level = 5
2015-06-30 17:11:16,792 

2015-06-30 17:11:17,650 Starting Training from 2015-01-01 to 2015-01-31
2015-06-30 17:11:38,762 Starting Q Learning for : 
2015-06-30 17:11:38,762 alpha = 0.4
2015-06-30 17:11:38,762 gamma = 0.7
2015-06-30 17:11:38,762 individual factor = 10
2015-06-30 17:11:38,762 zero range = 0.002
2015-06-30 17:11:38,762 greedy level = 5
2015-06-30 17:11:38,762 

2015-06-30 17:11:39,619 Starting Training from 2015-01-01 to 2015-01-31
2015-06-30 17:29:25,166 Starting Live from 2015-02-01 to 2015-03-03
2015-06-30 17:29:43,504 Starting Live from 2015-02-01 to 2015-03-03
2015-06-30 17:30:08,594 Starting Live from 2015-02-01 to 2015-03-03
2015-06-30 17:51:34,618 Starting Training from 2015-02-01 to 2015-03-03
2015-06-30 17:52:12,423 Starting Training from 2015-02-01 to 2015-03-03
2015-06-30 17:52:36,240 Starting Training from 2015-02-01 to 2015-03-03
2015-06-30 17:53:33,710 Starting Live from 2015-03-04 to 2015-04-03
2015-06-30 17:53:48,687 Starting Live from 2015-03-04 to 2015-04-03
2015-06-30 17:54:11,306 Starting Live from 2015-03-04 to 2015-04-03
2015-06-30 18:14:13,292 Starting Training from 2015-03-04 to 2015-04-03
2015-06-30 18:14:22,964 Starting Training from 2015-03-04 to 2015-04-03
2015-06-30 18:14:43,972 Starting Training from 2015-03-04 to 2015-04-03
2015-06-30 18:15:39,480 Starting Live from 2015-04-04 to 2015-04-10
2015-06-30 18:15:48,800 Starting Live from 2015-04-04 to 2015-04-10
2015-06-30 18:16:15,316 Starting Live from 2015-04-04 to 2015-04-10
2015-06-30 18:19:35,906 Starting Q Learning for : 
2015-06-30 18:19:35,906 alpha = 0.2
2015-06-30 18:19:35,906 gamma = 0.6
2015-06-30 18:19:35,906 individual factor = 10
2015-06-30 18:19:35,906 zero range = 0.002
2015-06-30 18:19:35,906 greedy level = 5
2015-06-30 18:19:35,906 

2015-06-30 18:19:36,261 Starting Training from 2015-01-01 to 2015-01-31
2015-06-30 18:19:53,339 Starting Q Learning for : 
2015-06-30 18:19:53,339 alpha = 0.5
2015-06-30 18:19:53,339 gamma = 0.4
2015-06-30 18:19:53,339 individual factor = 10
2015-06-30 18:19:53,339 zero range = 0.002
2015-06-30 18:19:53,339 greedy level = 5
2015-06-30 18:19:53,339 

2015-06-30 18:19:53,832 Starting Training from 2015-01-01 to 2015-01-31
2015-06-30 18:20:17,628 Starting Q Learning for : 
2015-06-30 18:20:17,628 alpha = 0.4
2015-06-30 18:20:17,629 gamma = 0.8
2015-06-30 18:20:17,629 individual factor = 10
2015-06-30 18:20:17,629 zero range = 0.002
2015-06-30 18:20:17,629 greedy level = 5
2015-06-30 18:20:17,629 

2015-06-30 18:20:17,947 Starting Training from 2015-01-01 to 2015-01-31
2015-06-30 18:37:31,141 Starting Live from 2015-02-01 to 2015-03-03
2015-06-30 18:37:34,589 Starting Live from 2015-02-01 to 2015-03-03
2015-06-30 18:38:07,700 Starting Live from 2015-02-01 to 2015-03-03
2015-06-30 18:57:15,995 Starting Training from 2015-02-01 to 2015-03-03
2015-06-30 18:57:19,398 Starting Training from 2015-02-01 to 2015-03-03
2015-06-30 18:58:15,101 Starting Training from 2015-02-01 to 2015-03-03
2015-06-30 19:00:24,259 Starting Live from 2015-03-04 to 2015-04-03
2015-06-30 19:00:35,857 Starting Live from 2015-03-04 to 2015-04-03
2015-06-30 19:01:47,242 Starting Live from 2015-03-04 to 2015-04-03
2015-06-30 19:20:50,367 Starting Training from 2015-03-04 to 2015-04-03
2015-06-30 19:20:54,965 Starting Training from 2015-03-04 to 2015-04-03
2015-06-30 19:21:51,298 Starting Training from 2015-03-04 to 2015-04-03
2015-06-30 19:22:11,862 Starting Live from 2015-04-04 to 2015-04-10
2015-06-30 19:22:17,264 Starting Live from 2015-04-04 to 2015-04-10
2015-06-30 19:23:15,631 Starting Live from 2015-04-04 to 2015-04-10
2015-06-30 19:25:48,887 Starting Q Learning for : 
2015-06-30 19:25:48,887 alpha = 0.5
2015-06-30 19:25:48,887 gamma = 0.5
2015-06-30 19:25:48,887 individual factor = 10
2015-06-30 19:25:48,887 zero range = 0.002
2015-06-30 19:25:48,887 greedy level = 5
2015-06-30 19:25:48,888 

2015-06-30 19:25:50,164 Starting Training from 2015-01-01 to 2015-01-31
2015-06-30 19:25:58,618 Starting Q Learning for : 
2015-06-30 19:25:58,618 alpha = 0.2
2015-06-30 19:25:58,618 gamma = 0.7
2015-06-30 19:25:58,618 individual factor = 10
2015-06-30 19:25:58,618 zero range = 0.002
2015-06-30 19:25:58,618 greedy level = 5
2015-06-30 19:25:58,618 

2015-06-30 19:25:59,274 Starting Training from 2015-01-01 to 2015-01-31
2015-06-30 19:27:04,295 Starting Q Learning for : 
2015-06-30 19:27:04,295 alpha = 0.6
2015-06-30 19:27:04,295 gamma = 0.1
2015-06-30 19:27:04,295 individual factor = 10
2015-06-30 19:27:04,295 zero range = 0.002
2015-06-30 19:27:04,295 greedy level = 5
2015-06-30 19:27:04,295 

2015-06-30 19:27:04,611 Starting Training from 2015-01-01 to 2015-01-31
2015-06-30 19:43:07,808 Starting Live from 2015-02-01 to 2015-03-03
2015-06-30 19:43:11,840 Starting Live from 2015-02-01 to 2015-03-03
2015-06-30 19:44:12,482 Starting Live from 2015-02-01 to 2015-03-03
2015-06-30 20:02:23,696 Starting Training from 2015-02-01 to 2015-03-03
2015-06-30 20:02:46,807 Starting Training from 2015-02-01 to 2015-03-03
2015-06-30 20:03:17,354 Starting Training from 2015-02-01 to 2015-03-03
2015-06-30 20:03:53,368 Starting Live from 2015-03-04 to 2015-04-03
2015-06-30 20:04:17,834 Starting Live from 2015-03-04 to 2015-04-03
2015-06-30 20:04:48,316 Starting Live from 2015-03-04 to 2015-04-03
2015-06-30 20:24:22,819 Starting Training from 2015-03-04 to 2015-04-03
2015-06-30 20:25:55,765 Starting Training from 2015-03-04 to 2015-04-03
2015-06-30 20:26:07,105 Starting Training from 2015-03-04 to 2015-04-03
2015-06-30 20:27:01,472 Starting Live from 2015-04-04 to 2015-04-10
2015-06-30 20:27:38,037 Starting Live from 2015-04-04 to 2015-04-10
2015-06-30 20:27:42,731 Starting Live from 2015-04-04 to 2015-04-10
2015-06-30 20:30:44,597 Starting Q Learning for : 
2015-06-30 20:30:44,597 alpha = 0.5
2015-06-30 20:30:44,598 gamma = 0.6
2015-06-30 20:30:44,598 individual factor = 10
2015-06-30 20:30:44,598 zero range = 0.002
2015-06-30 20:30:44,598 greedy level = 5
2015-06-30 20:30:44,598 

2015-06-30 20:30:47,048 Starting Training from 2015-01-01 to 2015-01-31
2015-06-30 20:31:34,560 Starting Q Learning for : 
2015-06-30 20:31:34,560 alpha = 0.6
2015-06-30 20:31:34,560 gamma = 0.2
2015-06-30 20:31:34,560 individual factor = 10
2015-06-30 20:31:34,561 zero range = 0.002
2015-06-30 20:31:34,561 greedy level = 5
2015-06-30 20:31:34,561 

2015-06-30 20:31:36,711 Starting Training from 2015-01-01 to 2015-01-31
2015-06-30 20:31:41,055 Starting Q Learning for : 
2015-06-30 20:31:41,055 alpha = 0.2
2015-06-30 20:31:41,055 gamma = 0.8
2015-06-30 20:31:41,056 individual factor = 10
2015-06-30 20:31:41,056 zero range = 0.002
2015-06-30 20:31:41,056 greedy level = 5
2015-06-30 20:31:41,056 

2015-06-30 20:31:41,447 Starting Training from 2015-01-01 to 2015-01-31
2015-06-30 20:49:35,993 Starting Live from 2015-02-01 to 2015-03-03
2015-06-30 20:50:16,598 Starting Live from 2015-02-01 to 2015-03-03
2015-06-30 20:50:34,823 Starting Live from 2015-02-01 to 2015-03-03
2015-06-30 21:09:28,710 Starting Training from 2015-02-01 to 2015-03-03
2015-06-30 21:10:04,664 Starting Training from 2015-02-01 to 2015-03-03
2015-06-30 21:10:26,276 Starting Training from 2015-02-01 to 2015-03-03
2015-06-30 21:11:00,842 Starting Live from 2015-03-04 to 2015-04-03
2015-06-30 21:11:38,027 Starting Live from 2015-03-04 to 2015-04-03
2015-06-30 21:11:59,505 Starting Live from 2015-03-04 to 2015-04-03
2015-06-30 21:30:48,797 Starting Training from 2015-03-04 to 2015-04-03
2015-06-30 21:31:11,736 Starting Training from 2015-03-04 to 2015-04-03
2015-06-30 21:32:17,865 Starting Training from 2015-03-04 to 2015-04-03
2015-06-30 21:34:03,596 Starting Live from 2015-04-04 to 2015-04-10
2015-06-30 21:34:47,361 Starting Live from 2015-04-04 to 2015-04-10
2015-06-30 21:35:23,371 Starting Live from 2015-04-04 to 2015-04-10
2015-06-30 21:38:06,888 Starting Q Learning for : 
2015-06-30 21:38:06,888 alpha = 0.5
2015-06-30 21:38:06,888 gamma = 0.7
2015-06-30 21:38:06,888 individual factor = 10
2015-06-30 21:38:06,888 zero range = 0.002
2015-06-30 21:38:06,888 greedy level = 5
2015-06-30 21:38:06,888 

2015-06-30 21:38:07,487 Starting Training from 2015-01-01 to 2015-01-31
2015-06-30 21:38:34,870 Starting Q Learning for : 
2015-06-30 21:38:34,870 alpha = 0.6
2015-06-30 21:38:34,870 gamma = 0.3
2015-06-30 21:38:34,870 individual factor = 10
2015-06-30 21:38:34,870 zero range = 0.002
2015-06-30 21:38:34,870 greedy level = 5
2015-06-30 21:38:34,870 

2015-06-30 21:38:35,647 Starting Training from 2015-01-01 to 2015-01-31
2015-06-30 21:39:07,593 Starting Q Learning for : 
2015-06-30 21:39:07,593 alpha = 0.4
2015-06-30 21:39:07,593 gamma = 0.1
2015-06-30 21:39:07,593 individual factor = 10
2015-06-30 21:39:07,593 zero range = 0.002
2015-06-30 21:39:07,593 greedy level = 5
2015-06-30 21:39:07,593 

2015-06-30 21:39:08,287 Starting Training from 2015-01-01 to 2015-01-31
2015-06-30 21:56:13,269 Starting Live from 2015-02-01 to 2015-03-03
2015-06-30 21:56:25,878 Starting Live from 2015-02-01 to 2015-03-03
2015-06-30 21:56:50,301 Starting Live from 2015-02-01 to 2015-03-03
2015-06-30 22:16:38,607 Starting Training from 2015-02-01 to 2015-03-03
2015-06-30 22:16:39,711 Starting Training from 2015-02-01 to 2015-03-03
2015-06-30 22:17:03,327 Starting Training from 2015-02-01 to 2015-03-03
2015-06-30 22:18:08,112 Starting Live from 2015-03-04 to 2015-04-03
2015-06-30 22:18:09,067 Starting Live from 2015-03-04 to 2015-04-03
2015-06-30 22:18:30,878 Starting Live from 2015-03-04 to 2015-04-03
2015-06-30 22:37:19,804 Starting Training from 2015-03-04 to 2015-04-03
2015-06-30 22:37:32,745 Starting Training from 2015-03-04 to 2015-04-03
2015-06-30 22:37:52,811 Starting Training from 2015-03-04 to 2015-04-03
2015-06-30 22:38:41,222 Starting Live from 2015-04-04 to 2015-04-10
2015-06-30 22:38:53,680 Starting Live from 2015-04-04 to 2015-04-10
2015-06-30 22:39:12,380 Starting Live from 2015-04-04 to 2015-04-10
2015-06-30 22:44:02,498 Starting Q Learning for : 
2015-06-30 22:44:02,499 alpha = 0.6
2015-06-30 22:44:02,499 gamma = 0.4
2015-06-30 22:44:02,499 individual factor = 10
2015-06-30 22:44:02,499 zero range = 0.002
2015-06-30 22:44:02,499 greedy level = 5
2015-06-30 22:44:02,499 

2015-06-30 22:44:04,533 Starting Training from 2015-01-01 to 2015-01-31
2015-06-30 22:44:25,461 Starting Q Learning for : 
2015-06-30 22:44:25,461 alpha = 0.5
2015-06-30 22:44:25,461 gamma = 0.8
2015-06-30 22:44:25,461 individual factor = 10
2015-06-30 22:44:25,461 zero range = 0.002
2015-06-30 22:44:25,461 greedy level = 5
2015-06-30 22:44:25,461 

2015-06-30 22:44:26,579 Starting Training from 2015-01-01 to 2015-01-31
2015-06-30 22:44:56,025 Starting Q Learning for : 
2015-06-30 22:44:56,025 alpha = 0.4
2015-06-30 22:44:56,025 gamma = 0.2
2015-06-30 22:44:56,025 individual factor = 10
2015-06-30 22:44:56,025 zero range = 0.002
2015-06-30 22:44:56,025 greedy level = 5
2015-06-30 22:44:56,025 

2015-06-30 22:44:56,486 Starting Training from 2015-01-01 to 2015-01-31
2015-06-30 23:02:03,967 Starting Live from 2015-02-01 to 2015-03-03
2015-06-30 23:02:23,721 Starting Live from 2015-02-01 to 2015-03-03
2015-06-30 23:02:41,999 Starting Live from 2015-02-01 to 2015-03-03
2015-06-30 23:22:16,958 Starting Training from 2015-02-01 to 2015-03-03
2015-06-30 23:22:34,394 Starting Training from 2015-02-01 to 2015-03-03
2015-06-30 23:22:44,536 Starting Training from 2015-02-01 to 2015-03-03
2015-06-30 23:23:47,254 Starting Live from 2015-03-04 to 2015-04-03
2015-06-30 23:24:04,207 Starting Live from 2015-03-04 to 2015-04-03
2015-06-30 23:24:14,024 Starting Live from 2015-03-04 to 2015-04-03
2015-06-30 23:43:32,749 Starting Training from 2015-03-04 to 2015-04-03
2015-06-30 23:43:57,706 Starting Training from 2015-03-04 to 2015-04-03
2015-06-30 23:44:04,150 Starting Training from 2015-03-04 to 2015-04-03
2015-06-30 23:44:57,219 Starting Live from 2015-04-04 to 2015-04-10
2015-06-30 23:45:22,227 Starting Live from 2015-04-04 to 2015-04-10
2015-06-30 23:45:28,318 Starting Live from 2015-04-04 to 2015-04-10
2015-06-30 23:48:57,986 Starting Q Learning for : 
2015-06-30 23:48:57,986 alpha = 0.6
2015-06-30 23:48:57,986 gamma = 0.5
2015-06-30 23:48:57,986 individual factor = 10
2015-06-30 23:48:57,987 zero range = 0.002
2015-06-30 23:48:57,987 greedy level = 5
2015-06-30 23:48:57,987 

2015-06-30 23:48:58,552 Starting Training from 2015-01-01 to 2015-01-31
2015-06-30 23:49:24,177 Starting Q Learning for : 
2015-06-30 23:49:24,178 alpha = 0.4
2015-06-30 23:49:24,178 gamma = 0.3
2015-06-30 23:49:24,178 individual factor = 10
2015-06-30 23:49:24,178 zero range = 0.002
2015-06-30 23:49:24,178 greedy level = 5
2015-06-30 23:49:24,178 

2015-06-30 23:49:24,551 Starting Training from 2015-01-01 to 2015-01-31
2015-06-30 23:49:28,815 Starting Q Learning for : 
2015-06-30 23:49:28,815 alpha = 0.2
2015-06-30 23:49:28,815 gamma = 0.1
2015-06-30 23:49:28,815 individual factor = 10
2015-06-30 23:49:28,815 zero range = 0.002
2015-06-30 23:49:28,815 greedy level = 5
2015-06-30 23:49:28,816 

2015-06-30 23:49:30,605 Starting Training from 2015-01-01 to 2015-01-31
2015-07-01 00:06:20,822 Starting Live from 2015-02-01 to 2015-03-03
2015-07-01 00:06:57,026 Starting Live from 2015-02-01 to 2015-03-03
2015-07-01 00:07:09,182 Starting Live from 2015-02-01 to 2015-03-03
2015-07-01 00:27:55,241 Starting Training from 2015-02-01 to 2015-03-03
2015-07-01 00:28:25,731 Starting Training from 2015-02-01 to 2015-03-03
2015-07-01 00:28:28,688 Starting Training from 2015-02-01 to 2015-03-03
2015-07-01 00:29:25,360 Starting Live from 2015-03-04 to 2015-04-03
2015-07-01 00:29:58,296 Starting Live from 2015-03-04 to 2015-04-03
2015-07-01 00:29:59,775 Starting Live from 2015-03-04 to 2015-04-03
2015-07-01 00:49:03,740 Starting Training from 2015-03-04 to 2015-04-03
2015-07-01 00:49:33,165 Starting Training from 2015-03-04 to 2015-04-03
2015-07-01 00:49:35,040 Starting Training from 2015-03-04 to 2015-04-03
2015-07-01 00:50:27,402 Starting Live from 2015-04-04 to 2015-04-10
2015-07-01 00:50:58,199 Starting Live from 2015-04-04 to 2015-04-10
2015-07-01 00:50:59,908 Starting Live from 2015-04-04 to 2015-04-10
2015-07-01 00:54:09,700 Starting Q Learning for : 
2015-07-01 00:54:09,700 alpha = 0.6
2015-07-01 00:54:09,700 gamma = 0.6
2015-07-01 00:54:09,700 individual factor = 10
2015-07-01 00:54:09,701 zero range = 0.002
2015-07-01 00:54:09,701 greedy level = 5
2015-07-01 00:54:09,701 

2015-07-01 00:54:10,551 Starting Training from 2015-01-01 to 2015-01-31
2015-07-01 00:54:38,964 Starting Q Learning for : 
2015-07-01 00:54:38,965 alpha = 0.4
2015-07-01 00:54:38,965 gamma = 0.4
2015-07-01 00:54:38,965 individual factor = 10
2015-07-01 00:54:38,965 zero range = 0.002
2015-07-01 00:54:38,965 greedy level = 5
2015-07-01 00:54:38,965 

2015-07-01 00:54:39,668 Starting Training from 2015-01-01 to 2015-01-31
2015-07-01 00:54:43,116 Starting Q Learning for : 
2015-07-01 00:54:43,116 alpha = 0.2
2015-07-01 00:54:43,116 gamma = 0.2
2015-07-01 00:54:43,116 individual factor = 10
2015-07-01 00:54:43,116 zero range = 0.002
2015-07-01 00:54:43,116 greedy level = 5
2015-07-01 00:54:43,116 

2015-07-01 00:54:45,145 Starting Training from 2015-01-01 to 2015-01-31
2015-07-01 01:12:17,273 Starting Live from 2015-02-01 to 2015-03-03
2015-07-01 01:12:33,991 Starting Live from 2015-02-01 to 2015-03-03
2015-07-01 01:12:34,833 Starting Live from 2015-02-01 to 2015-03-03
2015-07-01 01:32:01,505 Starting Training from 2015-02-01 to 2015-03-03
2015-07-01 01:32:08,935 Starting Training from 2015-02-01 to 2015-03-03
2015-07-01 01:32:12,213 Starting Training from 2015-02-01 to 2015-03-03
2015-07-01 01:34:09,006 Starting Live from 2015-03-04 to 2015-04-03
2015-07-01 01:34:29,075 Starting Live from 2015-03-04 to 2015-04-03
2015-07-01 01:34:38,831 Starting Live from 2015-03-04 to 2015-04-03
2015-07-01 01:55:14,725 Starting Training from 2015-03-04 to 2015-04-03
2015-07-01 01:55:45,481 Starting Training from 2015-03-04 to 2015-04-03
2015-07-01 01:55:49,739 Starting Training from 2015-03-04 to 2015-04-03
2015-07-01 01:56:57,022 Starting Live from 2015-04-04 to 2015-04-10
2015-07-01 01:57:28,629 Starting Live from 2015-04-04 to 2015-04-10
2015-07-01 01:57:32,825 Starting Live from 2015-04-04 to 2015-04-10
2015-07-01 02:01:06,043 Starting Q Learning for : 
2015-07-01 02:01:06,043 alpha = 0.6
2015-07-01 02:01:06,043 gamma = 0.7
2015-07-01 02:01:06,043 individual factor = 10
2015-07-01 02:01:06,043 zero range = 0.002
2015-07-01 02:01:06,043 greedy level = 5
2015-07-01 02:01:06,043 

2015-07-01 02:01:06,671 Starting Training from 2015-01-01 to 2015-01-31
2015-07-01 02:01:22,088 Starting Q Learning for : 
2015-07-01 02:01:22,088 alpha = 0.5
2015-07-01 02:01:22,088 gamma = 0.1
2015-07-01 02:01:22,088 individual factor = 10
2015-07-01 02:01:22,088 zero range = 0.006
2015-07-01 02:01:22,088 greedy level = 5
2015-07-01 02:01:22,088 

2015-07-01 02:01:22,522 Starting Training from 2015-01-01 to 2015-01-31
2015-07-01 02:01:35,304 Starting Q Learning for : 
2015-07-01 02:01:35,304 alpha = 0.2
2015-07-01 02:01:35,304 gamma = 0.3
2015-07-01 02:01:35,304 individual factor = 10
2015-07-01 02:01:35,304 zero range = 0.006
2015-07-01 02:01:35,304 greedy level = 5
2015-07-01 02:01:35,304 

2015-07-01 02:01:36,132 Starting Training from 2015-01-01 to 2015-01-31
2015-07-01 02:19:03,420 Starting Live from 2015-02-01 to 2015-03-03
2015-07-01 02:19:08,193 Starting Live from 2015-02-01 to 2015-03-03
2015-07-01 02:19:25,564 Starting Live from 2015-02-01 to 2015-03-03
2015-07-01 02:38:14,472 Starting Training from 2015-02-01 to 2015-03-03
2015-07-01 02:38:16,269 Starting Training from 2015-02-01 to 2015-03-03
2015-07-01 02:38:36,855 Starting Training from 2015-02-01 to 2015-03-03
2015-07-01 02:39:51,288 Starting Live from 2015-03-04 to 2015-04-03
2015-07-01 02:39:53,456 Starting Live from 2015-03-04 to 2015-04-03
2015-07-01 02:40:08,751 Starting Live from 2015-03-04 to 2015-04-03
2015-07-01 02:59:08,141 Starting Training from 2015-03-04 to 2015-04-03
2015-07-01 02:59:23,299 Starting Training from 2015-03-04 to 2015-04-03
2015-07-01 02:59:44,755 Starting Training from 2015-03-04 to 2015-04-03
2015-07-01 03:02:15,338 Starting Live from 2015-04-04 to 2015-04-10
2015-07-01 03:02:51,568 Starting Live from 2015-04-04 to 2015-04-10
2015-07-01 03:03:24,384 Starting Live from 2015-04-04 to 2015-04-10
2015-07-01 03:06:36,436 Starting Q Learning for : 
2015-07-01 03:06:36,436 alpha = 0.5
2015-07-01 03:06:36,436 gamma = 0.2
2015-07-01 03:06:36,436 individual factor = 10
2015-07-01 03:06:36,436 zero range = 0.006
2015-07-01 03:06:36,436 greedy level = 5
2015-07-01 03:06:36,436 

2015-07-01 03:06:36,752 Starting Training from 2015-01-01 to 2015-01-31
2015-07-01 03:06:56,529 Starting Q Learning for : 
2015-07-01 03:06:56,529 alpha = 0.6
2015-07-01 03:06:56,529 gamma = 0.8
2015-07-01 03:06:56,530 individual factor = 10
2015-07-01 03:06:56,530 zero range = 0.002
2015-07-01 03:06:56,530 greedy level = 5
2015-07-01 03:06:56,530 

2015-07-01 03:06:57,014 Starting Training from 2015-01-01 to 2015-01-31
2015-07-01 03:07:15,703 Starting Q Learning for : 
2015-07-01 03:07:15,703 alpha = 0.2
2015-07-01 03:07:15,703 gamma = 0.4
2015-07-01 03:07:15,703 individual factor = 10
2015-07-01 03:07:15,703 zero range = 0.006
2015-07-01 03:07:15,703 greedy level = 5
2015-07-01 03:07:15,703 

2015-07-01 03:07:15,982 Starting Training from 2015-01-01 to 2015-01-31
2015-07-01 03:24:25,700 Starting Live from 2015-02-01 to 2015-03-03
2015-07-01 03:24:53,905 Starting Live from 2015-02-01 to 2015-03-03
2015-07-01 03:24:55,888 Starting Live from 2015-02-01 to 2015-03-03
2015-07-01 03:43:12,787 Starting Training from 2015-02-01 to 2015-03-03
2015-07-01 03:43:48,792 Starting Training from 2015-02-01 to 2015-03-03
2015-07-01 03:44:10,034 Starting Training from 2015-02-01 to 2015-03-03
2015-07-01 03:44:45,899 Starting Live from 2015-03-04 to 2015-04-03
2015-07-01 03:45:20,020 Starting Live from 2015-03-04 to 2015-04-03
2015-07-01 03:45:39,441 Starting Live from 2015-03-04 to 2015-04-03
2015-07-01 04:03:18,189 Starting Training from 2015-03-04 to 2015-04-03
2015-07-01 04:03:53,589 Starting Training from 2015-03-04 to 2015-04-03
2015-07-01 04:04:11,610 Starting Training from 2015-03-04 to 2015-04-03
2015-07-01 04:04:42,909 Starting Live from 2015-04-04 to 2015-04-10
2015-07-01 04:05:19,341 Starting Live from 2015-04-04 to 2015-04-10
2015-07-01 04:05:37,118 Starting Live from 2015-04-04 to 2015-04-10
2015-07-01 04:08:20,138 Starting Q Learning for : 
2015-07-01 04:08:20,139 alpha = 0.5
2015-07-01 04:08:20,139 gamma = 0.3
2015-07-01 04:08:20,139 individual factor = 10
2015-07-01 04:08:20,139 zero range = 0.006
2015-07-01 04:08:20,139 greedy level = 5
2015-07-01 04:08:20,139 

2015-07-01 04:08:21,643 Starting Training from 2015-01-01 to 2015-01-31
2015-07-01 04:09:28,553 Starting Q Learning for : 
2015-07-01 04:09:28,553 alpha = 0.2
2015-07-01 04:09:28,553 gamma = 0.5
2015-07-01 04:09:28,554 individual factor = 10
2015-07-01 04:09:28,554 zero range = 0.006
2015-07-01 04:09:28,554 greedy level = 5
2015-07-01 04:09:28,554 

2015-07-01 04:09:33,657 Starting Training from 2015-01-01 to 2015-01-31
2015-07-01 04:10:08,740 Starting Q Learning for : 
2015-07-01 04:10:08,740 alpha = 0.8
2015-07-01 04:10:08,740 gamma = 0.1
2015-07-01 04:10:08,740 individual factor = 10
2015-07-01 04:10:08,740 zero range = 0.002
2015-07-01 04:10:08,741 greedy level = 5
2015-07-01 04:10:08,741 

2015-07-01 04:10:09,815 Starting Training from 2015-01-01 to 2015-01-31
2015-07-01 04:27:22,145 Starting Live from 2015-02-01 to 2015-03-03
2015-07-01 04:28:36,698 Starting Live from 2015-02-01 to 2015-03-03
2015-07-01 04:29:00,723 Starting Live from 2015-02-01 to 2015-03-03
2015-07-01 04:46:53,049 Starting Training from 2015-02-01 to 2015-03-03
2015-07-01 04:47:36,461 Starting Training from 2015-02-01 to 2015-03-03
2015-07-01 04:47:50,803 Starting Training from 2015-02-01 to 2015-03-03
2015-07-01 04:48:26,447 Starting Live from 2015-03-04 to 2015-04-03
2015-07-01 04:49:07,536 Starting Live from 2015-03-04 to 2015-04-03
2015-07-01 04:49:16,991 Starting Live from 2015-03-04 to 2015-04-03
2015-07-01 05:07:22,157 Starting Training from 2015-03-04 to 2015-04-03
2015-07-01 05:08:06,921 Starting Training from 2015-03-04 to 2015-04-03
2015-07-01 05:08:12,004 Starting Training from 2015-03-04 to 2015-04-03
2015-07-01 05:08:49,410 Starting Live from 2015-04-04 to 2015-04-10
2015-07-01 05:09:28,747 Starting Live from 2015-04-04 to 2015-04-10
2015-07-01 05:09:34,425 Starting Live from 2015-04-04 to 2015-04-10
2015-07-01 05:12:15,542 Starting Q Learning for : 
2015-07-01 05:12:15,542 alpha = 0.5
2015-07-01 05:12:15,542 gamma = 0.4
2015-07-01 05:12:15,542 individual factor = 10
2015-07-01 05:12:15,542 zero range = 0.006
2015-07-01 05:12:15,542 greedy level = 5
2015-07-01 05:12:15,542 

2015-07-01 05:12:16,058 Starting Training from 2015-01-01 to 2015-01-31
2015-07-01 05:12:59,768 Starting Q Learning for : 
2015-07-01 05:12:59,769 alpha = 0.2
2015-07-01 05:12:59,769 gamma = 0.6
2015-07-01 05:12:59,769 individual factor = 10
2015-07-01 05:12:59,769 zero range = 0.006
2015-07-01 05:12:59,769 greedy level = 5
2015-07-01 05:12:59,769 

2015-07-01 05:13:00,599 Starting Training from 2015-01-01 to 2015-01-31
2015-07-01 05:13:05,535 Starting Q Learning for : 
2015-07-01 05:13:05,535 alpha = 0.8
2015-07-01 05:13:05,535 gamma = 0.2
2015-07-01 05:13:05,535 individual factor = 10
2015-07-01 05:13:05,536 zero range = 0.002
2015-07-01 05:13:05,536 greedy level = 5
2015-07-01 05:13:05,536 

2015-07-01 05:13:05,852 Starting Training from 2015-01-01 to 2015-01-31
2015-07-01 05:29:11,136 Starting Live from 2015-02-01 to 2015-03-03
2015-07-01 05:29:56,796 Starting Live from 2015-02-01 to 2015-03-03
2015-07-01 05:29:56,913 Starting Live from 2015-02-01 to 2015-03-03
2015-07-01 05:47:53,667 Starting Training from 2015-02-01 to 2015-03-03
2015-07-01 05:48:29,856 Starting Training from 2015-02-01 to 2015-03-03
2015-07-01 05:48:36,526 Starting Training from 2015-02-01 to 2015-03-03
2015-07-01 05:49:23,800 Starting Live from 2015-03-04 to 2015-04-03
2015-07-01 05:50:02,102 Starting Live from 2015-03-04 to 2015-04-03
2015-07-01 05:50:09,296 Starting Live from 2015-03-04 to 2015-04-03
2015-07-01 06:09:07,439 Starting Training from 2015-03-04 to 2015-04-03
2015-07-01 06:09:41,175 Starting Training from 2015-03-04 to 2015-04-03
2015-07-01 06:10:33,003 Starting Training from 2015-03-04 to 2015-04-03
2015-07-01 06:12:17,438 Starting Live from 2015-04-04 to 2015-04-10
2015-07-01 06:12:43,720 Starting Live from 2015-04-04 to 2015-04-10
2015-07-01 06:13:03,916 Starting Live from 2015-04-04 to 2015-04-10
2015-07-01 06:16:24,705 Starting Q Learning for : 
2015-07-01 06:16:24,705 alpha = 0.5
2015-07-01 06:16:24,705 gamma = 0.5
2015-07-01 06:16:24,705 individual factor = 10
2015-07-01 06:16:24,705 zero range = 0.006
2015-07-01 06:16:24,705 greedy level = 5
2015-07-01 06:16:24,705 

2015-07-01 06:16:25,566 Starting Training from 2015-01-01 to 2015-01-31
2015-07-01 06:16:52,872 Starting Q Learning for : 
2015-07-01 06:16:52,873 alpha = 0.8
2015-07-01 06:16:52,873 gamma = 0.3
2015-07-01 06:16:52,873 individual factor = 10
2015-07-01 06:16:52,873 zero range = 0.002
2015-07-01 06:16:52,873 greedy level = 5
2015-07-01 06:16:52,873 

2015-07-01 06:16:54,468 Starting Training from 2015-01-01 to 2015-01-31
2015-07-01 06:17:13,724 Starting Q Learning for : 
2015-07-01 06:17:13,724 alpha = 0.2
2015-07-01 06:17:13,724 gamma = 0.7
2015-07-01 06:17:13,724 individual factor = 10
2015-07-01 06:17:13,724 zero range = 0.006
2015-07-01 06:17:13,724 greedy level = 5
2015-07-01 06:17:13,725 

2015-07-01 06:17:15,483 Starting Training from 2015-01-01 to 2015-01-31
2015-07-01 06:34:00,122 Starting Live from 2015-02-01 to 2015-03-03
2015-07-01 06:34:15,109 Starting Live from 2015-02-01 to 2015-03-03
2015-07-01 06:34:35,041 Starting Live from 2015-02-01 to 2015-03-03
2015-07-01 06:52:47,446 Starting Training from 2015-02-01 to 2015-03-03
2015-07-01 06:53:02,857 Starting Training from 2015-02-01 to 2015-03-03
2015-07-01 06:53:33,648 Starting Training from 2015-02-01 to 2015-03-03
2015-07-01 06:54:20,621 Starting Live from 2015-03-04 to 2015-04-03
2015-07-01 06:54:34,706 Starting Live from 2015-03-04 to 2015-04-03
2015-07-01 06:55:02,321 Starting Live from 2015-03-04 to 2015-04-03
2015-07-01 07:13:10,524 Starting Training from 2015-03-04 to 2015-04-03
2015-07-01 07:13:22,010 Starting Training from 2015-03-04 to 2015-04-03
2015-07-01 07:14:04,105 Starting Training from 2015-03-04 to 2015-04-03
2015-07-01 07:14:29,351 Starting Live from 2015-04-04 to 2015-04-10
2015-07-01 07:14:41,477 Starting Live from 2015-04-04 to 2015-04-10
2015-07-01 07:15:23,539 Starting Live from 2015-04-04 to 2015-04-10
2015-07-01 07:18:33,319 Starting Q Learning for : 
2015-07-01 07:18:33,320 alpha = 0.5
2015-07-01 07:18:33,320 gamma = 0.6
2015-07-01 07:18:33,320 individual factor = 10
2015-07-01 07:18:33,320 zero range = 0.006
2015-07-01 07:18:33,320 greedy level = 5
2015-07-01 07:18:33,320 

2015-07-01 07:18:37,165 Starting Training from 2015-01-01 to 2015-01-31
2015-07-01 07:19:00,582 Starting Q Learning for : 
2015-07-01 07:19:00,582 alpha = 0.8
2015-07-01 07:19:00,582 gamma = 0.4
2015-07-01 07:19:00,582 individual factor = 10
2015-07-01 07:19:00,582 zero range = 0.002
2015-07-01 07:19:00,582 greedy level = 5
2015-07-01 07:19:00,583 

2015-07-01 07:19:02,399 Starting Training from 2015-01-01 to 2015-01-31
2015-07-01 07:20:29,299 Starting Q Learning for : 
2015-07-01 07:20:29,300 alpha = 0.2
2015-07-01 07:20:29,300 gamma = 0.8
2015-07-01 07:20:29,300 individual factor = 10
2015-07-01 07:20:29,300 zero range = 0.006
2015-07-01 07:20:29,300 greedy level = 5
2015-07-01 07:20:29,300 

2015-07-01 07:20:31,412 Starting Training from 2015-01-01 to 2015-01-31
2015-07-01 07:36:38,560 Starting Live from 2015-02-01 to 2015-03-03
2015-07-01 07:36:41,206 Starting Live from 2015-02-01 to 2015-03-03
2015-07-01 07:37:44,625 Starting Live from 2015-02-01 to 2015-03-03
2015-07-01 07:55:23,537 Starting Training from 2015-02-01 to 2015-03-03
2015-07-01 07:55:26,666 Starting Training from 2015-02-01 to 2015-03-03
2015-07-01 07:56:33,290 Starting Training from 2015-02-01 to 2015-03-03
2015-07-01 07:56:50,710 Starting Live from 2015-03-04 to 2015-04-03
2015-07-01 07:56:54,318 Starting Live from 2015-03-04 to 2015-04-03
2015-07-01 07:58:03,744 Starting Live from 2015-03-04 to 2015-04-03
2015-07-01 08:15:22,748 Starting Training from 2015-03-04 to 2015-04-03
2015-07-01 08:15:30,831 Starting Training from 2015-03-04 to 2015-04-03
2015-07-01 08:16:37,914 Starting Live from 2015-04-04 to 2015-04-10
2015-07-01 08:16:42,474 Starting Training from 2015-03-04 to 2015-04-03
2015-07-01 08:16:46,478 Starting Live from 2015-04-04 to 2015-04-10
2015-07-01 08:18:08,569 Starting Live from 2015-04-04 to 2015-04-10
2015-07-01 08:20:16,454 Starting Q Learning for : 
2015-07-01 08:20:16,454 alpha = 0.8
2015-07-01 08:20:16,454 gamma = 0.5
2015-07-01 08:20:16,454 individual factor = 10
2015-07-01 08:20:16,454 zero range = 0.002
2015-07-01 08:20:16,454 greedy level = 5
2015-07-01 08:20:16,454 

2015-07-01 08:20:16,801 Starting Training from 2015-01-01 to 2015-01-31
2015-07-01 08:20:28,022 Starting Q Learning for : 
2015-07-01 08:20:28,023 alpha = 0.5
2015-07-01 08:20:28,023 gamma = 0.7
2015-07-01 08:20:28,023 individual factor = 10
2015-07-01 08:20:28,023 zero range = 0.006
2015-07-01 08:20:28,023 greedy level = 5
2015-07-01 08:20:28,023 

2015-07-01 08:20:28,520 Starting Training from 2015-01-01 to 2015-01-31
2015-07-01 08:21:46,684 Starting Q Learning for : 
2015-07-01 08:21:46,685 alpha = 0.4
2015-07-01 08:21:46,685 gamma = 0.1
2015-07-01 08:21:46,685 individual factor = 10
2015-07-01 08:21:46,685 zero range = 0.006
2015-07-01 08:21:46,685 greedy level = 5
2015-07-01 08:21:46,685 

2015-07-01 08:21:47,137 Starting Training from 2015-01-01 to 2015-01-31
2015-07-01 08:37:07,937 Starting Live from 2015-02-01 to 2015-03-03
2015-07-01 08:37:24,694 Starting Live from 2015-02-01 to 2015-03-03
2015-07-01 08:38:34,746 Starting Live from 2015-02-01 to 2015-03-03
2015-07-01 08:55:58,971 Starting Training from 2015-02-01 to 2015-03-03
2015-07-01 08:56:16,797 Starting Training from 2015-02-01 to 2015-03-03
2015-07-01 08:57:24,149 Starting Training from 2015-02-01 to 2015-03-03
2015-07-01 08:57:24,689 Starting Live from 2015-03-04 to 2015-04-03
2015-07-01 08:57:42,783 Starting Live from 2015-03-04 to 2015-04-03
2015-07-01 08:58:49,856 Starting Live from 2015-03-04 to 2015-04-03
2015-07-01 09:15:40,805 Starting Training from 2015-03-04 to 2015-04-03
2015-07-01 09:16:00,798 Starting Training from 2015-03-04 to 2015-04-03
2015-07-01 09:17:01,880 Starting Live from 2015-04-04 to 2015-04-10
2015-07-01 09:17:03,191 Starting Training from 2015-03-04 to 2015-04-03
2015-07-01 09:17:22,894 Starting Live from 2015-04-04 to 2015-04-10
2015-07-01 09:19:17,773 Starting Live from 2015-04-04 to 2015-04-10
2015-07-01 09:22:20,719 Starting Q Learning for : 
2015-07-01 09:22:20,719 alpha = 0.8
2015-07-01 09:22:20,719 gamma = 0.6
2015-07-01 09:22:20,719 individual factor = 10
2015-07-01 09:22:20,719 zero range = 0.002
2015-07-01 09:22:20,719 greedy level = 5
2015-07-01 09:22:20,719 

2015-07-01 09:22:21,432 Starting Training from 2015-01-01 to 2015-01-31
2015-07-01 09:22:44,302 Starting Q Learning for : 
2015-07-01 09:22:44,302 alpha = 0.5
2015-07-01 09:22:44,302 gamma = 0.8
2015-07-01 09:22:44,302 individual factor = 10
2015-07-01 09:22:44,302 zero range = 0.006
2015-07-01 09:22:44,303 greedy level = 5
2015-07-01 09:22:44,303 

2015-07-01 09:22:45,037 Starting Training from 2015-01-01 to 2015-01-31
2015-07-01 09:23:55,820 Starting Q Learning for : 
2015-07-01 09:23:55,820 alpha = 0.4
2015-07-01 09:23:55,820 gamma = 0.2
2015-07-01 09:23:55,821 individual factor = 10
2015-07-01 09:23:55,821 zero range = 0.006
2015-07-01 09:23:55,821 greedy level = 5
2015-07-01 09:23:55,821 

2015-07-01 09:23:56,621 Starting Training from 2015-01-01 to 2015-01-31
2015-07-01 09:38:50,362 Starting Live from 2015-02-01 to 2015-03-03
2015-07-01 09:39:18,508 Starting Live from 2015-02-01 to 2015-03-03
2015-07-01 09:40:20,605 Starting Live from 2015-02-01 to 2015-03-03
2015-07-01 09:57:55,799 Starting Training from 2015-02-01 to 2015-03-03
2015-07-01 09:58:25,385 Starting Training from 2015-02-01 to 2015-03-03
2015-07-01 09:59:09,282 Starting Training from 2015-02-01 to 2015-03-03
2015-07-01 09:59:19,030 Starting Live from 2015-03-04 to 2015-04-03
2015-07-01 09:59:52,154 Starting Live from 2015-03-04 to 2015-04-03
2015-07-01 10:00:36,937 Starting Live from 2015-03-04 to 2015-04-03
2015-07-01 10:17:50,777 Starting Training from 2015-03-04 to 2015-04-03
2015-07-01 10:18:18,718 Starting Training from 2015-03-04 to 2015-04-03
2015-07-01 10:19:07,381 Starting Training from 2015-03-04 to 2015-04-03
2015-07-01 10:19:12,107 Starting Live from 2015-04-04 to 2015-04-10
2015-07-01 10:19:45,072 Starting Live from 2015-04-04 to 2015-04-10
2015-07-01 10:20:43,627 Starting Live from 2015-04-04 to 2015-04-10
2015-07-01 10:22:51,034 Starting Q Learning for : 
2015-07-01 10:22:51,034 alpha = 0.8
2015-07-01 10:22:51,034 gamma = 0.7
2015-07-01 10:22:51,035 individual factor = 10
2015-07-01 10:22:51,035 zero range = 0.002
2015-07-01 10:22:51,035 greedy level = 5
2015-07-01 10:22:51,035 

2015-07-01 10:22:51,595 Starting Training from 2015-01-01 to 2015-01-31
2015-07-01 10:23:22,902 Starting Q Learning for : 
2015-07-01 10:23:22,902 alpha = 0.2
2015-07-01 10:23:22,902 gamma = 0.1
2015-07-01 10:23:22,902 individual factor = 10
2015-07-01 10:23:22,902 zero range = 0.006
2015-07-01 10:23:22,902 greedy level = 5
2015-07-01 10:23:22,902 

2015-07-01 10:23:23,779 Starting Training from 2015-01-01 to 2015-01-31
2015-07-01 10:24:13,136 Starting Q Learning for : 
2015-07-01 10:24:13,136 alpha = 0.4
2015-07-01 10:24:13,136 gamma = 0.3
2015-07-01 10:24:13,136 individual factor = 10
2015-07-01 10:24:13,136 zero range = 0.006
2015-07-01 10:24:13,136 greedy level = 5
2015-07-01 10:24:13,136 

2015-07-01 10:24:13,587 Starting Training from 2015-01-01 to 2015-01-31
2015-07-01 10:40:17,233 Starting Live from 2015-02-01 to 2015-03-03
2015-07-01 10:40:37,740 Starting Live from 2015-02-01 to 2015-03-03
2015-07-01 10:41:39,700 Starting Live from 2015-02-01 to 2015-03-03
2015-07-01 10:59:06,590 Starting Training from 2015-02-01 to 2015-03-03
2015-07-01 10:59:25,485 Starting Training from 2015-02-01 to 2015-03-03
2015-07-01 11:00:23,874 Starting Training from 2015-02-01 to 2015-03-03
2015-07-01 11:00:34,121 Starting Live from 2015-03-04 to 2015-04-03
2015-07-01 11:00:52,936 Starting Live from 2015-03-04 to 2015-04-03
2015-07-01 11:01:49,996 Starting Live from 2015-03-04 to 2015-04-03
2015-07-01 11:19:29,744 Starting Training from 2015-03-04 to 2015-04-03
2015-07-01 11:19:44,463 Starting Training from 2015-03-04 to 2015-04-03
2015-07-01 11:21:15,423 Starting Training from 2015-03-04 to 2015-04-03
2015-07-01 11:22:22,664 Starting Live from 2015-04-04 to 2015-04-10
2015-07-01 11:23:02,054 Starting Live from 2015-04-04 to 2015-04-10
2015-07-01 11:24:18,501 Starting Live from 2015-04-04 to 2015-04-10
2015-07-01 11:26:43,361 Starting Q Learning for : 
2015-07-01 11:26:43,361 alpha = 0.8
2015-07-01 11:26:43,361 gamma = 0.8
2015-07-01 11:26:43,361 individual factor = 10
2015-07-01 11:26:43,362 zero range = 0.002
2015-07-01 11:26:43,362 greedy level = 5
2015-07-01 11:26:43,362 

2015-07-01 11:26:43,650 Starting Training from 2015-01-01 to 2015-01-31
2015-07-01 11:27:03,914 Starting Q Learning for : 
2015-07-01 11:27:03,914 alpha = 0.2
2015-07-01 11:27:03,914 gamma = 0.2
2015-07-01 11:27:03,914 individual factor = 10
2015-07-01 11:27:03,914 zero range = 0.006
2015-07-01 11:27:03,914 greedy level = 5
2015-07-01 11:27:03,914 

2015-07-01 11:27:04,716 Starting Training from 2015-01-01 to 2015-01-31
2015-07-01 11:27:48,563 Starting Q Learning for : 
2015-07-01 11:27:48,563 alpha = 0.4
2015-07-01 11:27:48,563 gamma = 0.4
2015-07-01 11:27:48,564 individual factor = 10
2015-07-01 11:27:48,564 zero range = 0.006
2015-07-01 11:27:48,564 greedy level = 5
2015-07-01 11:27:48,564 

2015-07-01 11:27:48,888 Starting Training from 2015-01-01 to 2015-01-31
2015-07-01 11:43:37,714 Starting Live from 2015-02-01 to 2015-03-03
2015-07-01 11:43:45,322 Starting Live from 2015-02-01 to 2015-03-03
2015-07-01 11:44:34,251 Starting Live from 2015-02-01 to 2015-03-03
2015-07-01 12:02:06,498 Starting Training from 2015-02-01 to 2015-03-03
2015-07-01 12:02:09,931 Starting Training from 2015-02-01 to 2015-03-03
2015-07-01 12:02:54,964 Starting Training from 2015-02-01 to 2015-03-03
2015-07-01 12:03:33,795 Starting Live from 2015-03-04 to 2015-04-03
2015-07-01 12:03:36,731 Starting Live from 2015-03-04 to 2015-04-03
2015-07-01 12:04:18,427 Starting Live from 2015-03-04 to 2015-04-03
2015-07-01 12:22:05,153 Starting Training from 2015-03-04 to 2015-04-03
2015-07-01 12:22:05,580 Starting Training from 2015-03-04 to 2015-04-03
2015-07-01 12:22:39,594 Starting Training from 2015-03-04 to 2015-04-03
2015-07-01 12:23:23,479 Starting Live from 2015-04-04 to 2015-04-10
2015-07-01 12:23:24,720 Starting Live from 2015-04-04 to 2015-04-10
2015-07-01 12:23:57,707 Starting Live from 2015-04-04 to 2015-04-10
2015-07-01 12:26:48,573 Starting Q Learning for : 
2015-07-01 12:26:48,573 alpha = 0.4
2015-07-01 12:26:48,573 gamma = 0.5
2015-07-01 12:26:48,573 individual factor = 10
2015-07-01 12:26:48,573 zero range = 0.006
2015-07-01 12:26:48,573 greedy level = 5
2015-07-01 12:26:48,574 

2015-07-01 12:26:49,515 Starting Training from 2015-01-01 to 2015-01-31
2015-07-01 12:26:55,534 Starting Q Learning for : 
2015-07-01 12:26:55,535 alpha = 0.6
2015-07-01 12:26:55,535 gamma = 0.7
2015-07-01 12:26:55,535 individual factor = 10
2015-07-01 12:26:55,535 zero range = 0.006
2015-07-01 12:26:55,535 greedy level = 5
2015-07-01 12:26:55,535 

2015-07-01 12:26:55,879 Starting Training from 2015-01-01 to 2015-01-31
2015-07-01 12:27:26,436 Starting Q Learning for : 
2015-07-01 12:27:26,437 alpha = 0.5
2015-07-01 12:27:26,437 gamma = 0.1
2015-07-01 12:27:26,437 individual factor = 10
2015-07-01 12:27:26,437 zero range = 0.01
2015-07-01 12:27:26,437 greedy level = 5
2015-07-01 12:27:26,437 

2015-07-01 12:27:26,772 Starting Training from 2015-01-01 to 2015-01-31
2015-07-01 12:43:04,103 Starting Live from 2015-02-01 to 2015-03-03
2015-07-01 12:43:11,772 Starting Live from 2015-02-01 to 2015-03-03
2015-07-01 12:43:32,650 Starting Live from 2015-02-01 to 2015-03-03
2015-07-01 13:01:40,927 Starting Training from 2015-02-01 to 2015-03-03
2015-07-01 13:01:54,793 Starting Training from 2015-02-01 to 2015-03-03
2015-07-01 13:01:56,453 Starting Training from 2015-02-01 to 2015-03-03
2015-07-01 13:03:10,693 Starting Live from 2015-03-04 to 2015-04-03
2015-07-01 13:03:23,569 Starting Live from 2015-03-04 to 2015-04-03
2015-07-01 13:03:26,088 Starting Live from 2015-03-04 to 2015-04-03
2015-07-01 13:21:54,548 Starting Training from 2015-03-04 to 2015-04-03
2015-07-01 13:21:56,069 Starting Training from 2015-03-04 to 2015-04-03
2015-07-01 13:22:06,776 Starting Training from 2015-03-04 to 2015-04-03
2015-07-01 13:24:07,135 Starting Live from 2015-04-04 to 2015-04-10
2015-07-01 13:24:12,448 Starting Live from 2015-04-04 to 2015-04-10
2015-07-01 13:24:42,477 Starting Live from 2015-04-04 to 2015-04-10
2015-07-01 13:28:47,246 Starting Q Learning for : 
2015-07-01 13:28:47,246 alpha = 0.5
2015-07-01 13:28:47,246 gamma = 0.2
2015-07-01 13:28:47,246 individual factor = 10
2015-07-01 13:28:47,246 zero range = 0.01
2015-07-01 13:28:47,246 greedy level = 5
2015-07-01 13:28:47,246 

2015-07-01 13:28:48,187 Starting Training from 2015-01-01 to 2015-01-31
2015-07-01 13:28:58,579 Starting Q Learning for : 
2015-07-01 13:28:58,579 alpha = 0.4
2015-07-01 13:28:58,579 gamma = 0.6
2015-07-01 13:28:58,579 individual factor = 10
2015-07-01 13:28:58,579 zero range = 0.006
2015-07-01 13:28:58,579 greedy level = 5
2015-07-01 13:28:58,579 

2015-07-01 13:28:58,888 Starting Training from 2015-01-01 to 2015-01-31
2015-07-01 13:29:10,806 Starting Q Learning for : 
2015-07-01 13:29:10,806 alpha = 0.6
2015-07-01 13:29:10,806 gamma = 0.8
2015-07-01 13:29:10,806 individual factor = 10
2015-07-01 13:29:10,806 zero range = 0.006
2015-07-01 13:29:10,806 greedy level = 5
2015-07-01 13:29:10,806 

2015-07-01 13:29:11,619 Starting Training from 2015-01-01 to 2015-01-31
2015-07-01 13:44:57,282 Starting Live from 2015-02-01 to 2015-03-03
2015-07-01 13:45:15,769 Starting Live from 2015-02-01 to 2015-03-03
2015-07-01 13:45:34,963 Starting Live from 2015-02-01 to 2015-03-03
2015-07-01 14:03:03,720 Starting Training from 2015-02-01 to 2015-03-03
2015-07-01 14:03:24,085 Starting Training from 2015-02-01 to 2015-03-03
2015-07-01 14:03:52,338 Starting Training from 2015-02-01 to 2015-03-03
2015-07-01 14:04:30,843 Starting Live from 2015-03-04 to 2015-04-03
2015-07-01 14:04:50,637 Starting Live from 2015-03-04 to 2015-04-03
2015-07-01 14:05:17,900 Starting Live from 2015-03-04 to 2015-04-03
2015-07-01 14:23:03,073 Starting Training from 2015-03-04 to 2015-04-03
2015-07-01 14:23:30,885 Starting Training from 2015-03-04 to 2015-04-03
2015-07-01 14:24:05,614 Starting Training from 2015-03-04 to 2015-04-03
2015-07-01 14:24:19,741 Starting Live from 2015-04-04 to 2015-04-10
2015-07-01 14:24:47,245 Starting Live from 2015-04-04 to 2015-04-10
2015-07-01 14:25:24,165 Starting Live from 2015-04-04 to 2015-04-10
2015-07-01 14:27:48,950 Starting Q Learning for : 
2015-07-01 14:27:48,950 alpha = 0.5
2015-07-01 14:27:48,950 gamma = 0.3
2015-07-01 14:27:48,950 individual factor = 10
2015-07-01 14:27:48,950 zero range = 0.01
2015-07-01 14:27:48,950 greedy level = 5
2015-07-01 14:27:48,951 

2015-07-01 14:27:49,368 Starting Training from 2015-01-01 to 2015-01-31
2015-07-01 14:28:14,474 Starting Q Learning for : 
2015-07-01 14:28:14,474 alpha = 0.4
2015-07-01 14:28:14,475 gamma = 0.7
2015-07-01 14:28:14,475 individual factor = 10
2015-07-01 14:28:14,475 zero range = 0.006
2015-07-01 14:28:14,475 greedy level = 5
2015-07-01 14:28:14,475 

2015-07-01 14:28:14,797 Starting Training from 2015-01-01 to 2015-01-31
2015-07-01 14:28:54,300 Starting Q Learning for : 
2015-07-01 14:28:54,300 alpha = 0.8
2015-07-01 14:28:54,300 gamma = 0.1
2015-07-01 14:28:54,300 individual factor = 10
2015-07-01 14:28:54,300 zero range = 0.006
2015-07-01 14:28:54,300 greedy level = 5
2015-07-01 14:28:54,300 

2015-07-01 14:28:55,245 Starting Training from 2015-01-01 to 2015-01-31
2015-07-01 14:44:32,413 Starting Live from 2015-02-01 to 2015-03-03
2015-07-01 14:44:58,341 Starting Live from 2015-02-01 to 2015-03-03
2015-07-01 14:45:35,766 Starting Live from 2015-02-01 to 2015-03-03
2015-07-01 15:02:35,483 Starting Training from 2015-02-01 to 2015-03-03
2015-07-01 15:03:13,634 Starting Training from 2015-02-01 to 2015-03-03
2015-07-01 15:03:33,794 Starting Training from 2015-02-01 to 2015-03-03
2015-07-01 15:04:00,991 Starting Live from 2015-03-04 to 2015-04-03
2015-07-01 15:04:42,488 Starting Live from 2015-03-04 to 2015-04-03
2015-07-01 15:05:04,209 Starting Live from 2015-03-04 to 2015-04-03
2015-07-01 15:22:57,181 Starting Training from 2015-03-04 to 2015-04-03
2015-07-01 15:23:40,755 Starting Training from 2015-03-04 to 2015-04-03
2015-07-01 15:23:51,818 Starting Training from 2015-03-04 to 2015-04-03
2015-07-01 15:24:10,130 Starting Live from 2015-04-04 to 2015-04-10
2015-07-01 15:24:57,775 Starting Live from 2015-04-04 to 2015-04-10
2015-07-01 15:25:08,958 Starting Live from 2015-04-04 to 2015-04-10
2015-07-01 15:29:22,840 Starting Q Learning for : 
2015-07-01 15:29:22,840 alpha = 0.5
2015-07-01 15:29:22,841 gamma = 0.4
2015-07-01 15:29:22,841 individual factor = 10
2015-07-01 15:29:22,841 zero range = 0.01
2015-07-01 15:29:22,841 greedy level = 5
2015-07-01 15:29:22,841 

2015-07-01 15:29:25,151 Starting Training from 2015-01-01 to 2015-01-31
2015-07-01 15:30:22,100 Starting Q Learning for : 
2015-07-01 15:30:22,100 alpha = 0.4
2015-07-01 15:30:22,100 gamma = 0.8
2015-07-01 15:30:22,100 individual factor = 10
2015-07-01 15:30:22,100 zero range = 0.006
2015-07-01 15:30:22,100 greedy level = 5
2015-07-01 15:30:22,100 

2015-07-01 15:30:22,550 Starting Training from 2015-01-01 to 2015-01-31
2015-07-01 15:30:38,067 Starting Q Learning for : 
2015-07-01 15:30:38,067 alpha = 0.8
2015-07-01 15:30:38,067 gamma = 0.2
2015-07-01 15:30:38,067 individual factor = 10
2015-07-01 15:30:38,067 zero range = 0.006
2015-07-01 15:30:38,067 greedy level = 5
2015-07-01 15:30:38,067 

2015-07-01 15:30:38,893 Starting Training from 2015-01-01 to 2015-01-31
2015-07-01 15:44:39,120 Starting Live from 2015-02-01 to 2015-03-03
2015-07-01 15:46:17,646 Starting Live from 2015-02-01 to 2015-03-03
2015-07-01 15:46:40,991 Starting Live from 2015-02-01 to 2015-03-03
2015-07-01 16:04:38,324 Starting Training from 2015-02-01 to 2015-03-03
2015-07-01 16:05:41,351 Starting Training from 2015-02-01 to 2015-03-03
2015-07-01 16:05:45,821 Starting Training from 2015-02-01 to 2015-03-03
2015-07-01 16:06:22,934 Starting Live from 2015-03-04 to 2015-04-03
2015-07-01 16:07:09,460 Starting Live from 2015-03-04 to 2015-04-03
2015-07-01 16:07:13,689 Starting Live from 2015-03-04 to 2015-04-03
2015-07-01 16:24:42,369 Starting Training from 2015-03-04 to 2015-04-03
2015-07-01 16:25:16,669 Starting Training from 2015-03-04 to 2015-04-03
2015-07-01 16:25:36,644 Starting Training from 2015-03-04 to 2015-04-03
2015-07-01 16:26:00,660 Starting Live from 2015-04-04 to 2015-04-10
2015-07-01 16:26:33,783 Starting Live from 2015-04-04 to 2015-04-10
2015-07-01 16:26:56,678 Starting Live from 2015-04-04 to 2015-04-10
2015-07-01 16:29:25,109 Starting Q Learning for : 
2015-07-01 16:29:25,109 alpha = 0.5
2015-07-01 16:29:25,109 gamma = 0.5
2015-07-01 16:29:25,109 individual factor = 10
2015-07-01 16:29:25,109 zero range = 0.01
2015-07-01 16:29:25,109 greedy level = 5
2015-07-01 16:29:25,109 

2015-07-01 16:29:25,825 Starting Training from 2015-01-01 to 2015-01-31
2015-07-01 16:29:58,926 Starting Q Learning for : 
2015-07-01 16:29:58,926 alpha = 0.8
2015-07-01 16:29:58,926 gamma = 0.3
2015-07-01 16:29:58,926 individual factor = 10
2015-07-01 16:29:58,926 zero range = 0.006
2015-07-01 16:29:58,926 greedy level = 5
2015-07-01 16:29:58,926 

2015-07-01 16:29:59,533 Starting Training from 2015-01-01 to 2015-01-31
2015-07-01 16:30:24,019 Starting Q Learning for : 
2015-07-01 16:30:24,020 alpha = 0.6
2015-07-01 16:30:24,020 gamma = 0.1
2015-07-01 16:30:24,020 individual factor = 10
2015-07-01 16:30:24,020 zero range = 0.006
2015-07-01 16:30:24,020 greedy level = 5
2015-07-01 16:30:24,020 

2015-07-01 16:30:24,636 Starting Training from 2015-01-01 to 2015-01-31
2015-07-01 16:45:58,705 Starting Live from 2015-02-01 to 2015-03-03
2015-07-01 16:46:28,706 Starting Live from 2015-02-01 to 2015-03-03
2015-07-01 16:46:51,384 Starting Live from 2015-02-01 to 2015-03-03
2015-07-01 17:04:41,405 Starting Training from 2015-02-01 to 2015-03-03
2015-07-01 17:05:17,334 Starting Training from 2015-02-01 to 2015-03-03
2015-07-01 17:05:41,138 Starting Training from 2015-02-01 to 2015-03-03
2015-07-01 17:06:11,124 Starting Live from 2015-03-04 to 2015-04-03
2015-07-01 17:06:47,601 Starting Live from 2015-03-04 to 2015-04-03
2015-07-01 17:07:13,124 Starting Live from 2015-03-04 to 2015-04-03
2015-07-01 17:24:58,814 Starting Training from 2015-03-04 to 2015-04-03
2015-07-01 17:25:28,841 Starting Training from 2015-03-04 to 2015-04-03
2015-07-01 17:25:44,762 Starting Training from 2015-03-04 to 2015-04-03
2015-07-01 17:26:13,897 Starting Live from 2015-04-04 to 2015-04-10
2015-07-01 17:26:45,510 Starting Live from 2015-04-04 to 2015-04-10
2015-07-01 17:27:03,754 Starting Live from 2015-04-04 to 2015-04-10
2015-07-01 17:30:04,781 Starting Q Learning for : 
2015-07-01 17:30:04,781 alpha = 0.5
2015-07-01 17:30:04,781 gamma = 0.6
2015-07-01 17:30:04,782 individual factor = 10
2015-07-01 17:30:04,782 zero range = 0.01
2015-07-01 17:30:04,782 greedy level = 5
2015-07-01 17:30:04,782 

2015-07-01 17:30:07,250 Starting Training from 2015-01-01 to 2015-01-31
2015-07-01 17:30:54,426 Starting Q Learning for : 
2015-07-01 17:30:54,426 alpha = 0.8
2015-07-01 17:30:54,426 gamma = 0.4
2015-07-01 17:30:54,426 individual factor = 10
2015-07-01 17:30:54,426 zero range = 0.006
2015-07-01 17:30:54,426 greedy level = 5
2015-07-01 17:30:54,426 

2015-07-01 17:30:57,574 Starting Training from 2015-01-01 to 2015-01-31
2015-07-01 17:31:37,711 Starting Q Learning for : 
2015-07-01 17:31:37,711 alpha = 0.6
2015-07-01 17:31:37,711 gamma = 0.2
2015-07-01 17:31:37,711 individual factor = 10
2015-07-01 17:31:37,711 zero range = 0.006
2015-07-01 17:31:37,712 greedy level = 5
2015-07-01 17:31:37,712 

2015-07-01 17:31:38,947 Starting Training from 2015-01-01 to 2015-01-31
2015-07-01 17:46:12,388 Starting Live from 2015-02-01 to 2015-03-03
2015-07-01 17:46:47,716 Starting Live from 2015-02-01 to 2015-03-03
2015-07-01 17:47:27,456 Starting Live from 2015-02-01 to 2015-03-03
2015-07-01 18:05:18,093 Starting Training from 2015-02-01 to 2015-03-03
2015-07-01 18:06:08,399 Starting Training from 2015-02-01 to 2015-03-03
2015-07-01 18:06:49,363 Starting Training from 2015-02-01 to 2015-03-03
2015-07-01 18:08:44,953 Starting Live from 2015-03-04 to 2015-04-03
2015-07-01 18:09:04,401 Starting Live from 2015-03-04 to 2015-04-03
2015-07-01 18:09:19,521 Starting Live from 2015-03-04 to 2015-04-03
2015-07-01 18:27:52,919 Starting Training from 2015-03-04 to 2015-04-03
2015-07-01 18:28:05,576 Starting Training from 2015-03-04 to 2015-04-03
2015-07-01 18:28:20,964 Starting Training from 2015-03-04 to 2015-04-03
2015-07-01 18:29:10,528 Starting Live from 2015-04-04 to 2015-04-10
2015-07-01 18:29:21,836 Starting Live from 2015-04-04 to 2015-04-10
2015-07-01 18:29:38,616 Starting Live from 2015-04-04 to 2015-04-10
2015-07-01 18:32:31,120 Starting Q Learning for : 
2015-07-01 18:32:31,121 alpha = 0.5
2015-07-01 18:32:31,121 gamma = 0.7
2015-07-01 18:32:31,121 individual factor = 10
2015-07-01 18:32:31,121 zero range = 0.01
2015-07-01 18:32:31,121 greedy level = 5
2015-07-01 18:32:31,121 

2015-07-01 18:32:32,966 Starting Training from 2015-01-01 to 2015-01-31
2015-07-01 18:32:44,751 Starting Q Learning for : 
2015-07-01 18:32:44,751 alpha = 0.8
2015-07-01 18:32:44,751 gamma = 0.5
2015-07-01 18:32:44,751 individual factor = 10
2015-07-01 18:32:44,751 zero range = 0.006
2015-07-01 18:32:44,751 greedy level = 5
2015-07-01 18:32:44,751 

2015-07-01 18:32:45,612 Starting Training from 2015-01-01 to 2015-01-31
2015-07-01 18:33:01,900 Starting Q Learning for : 
2015-07-01 18:33:01,900 alpha = 0.6
2015-07-01 18:33:01,900 gamma = 0.3
2015-07-01 18:33:01,900 individual factor = 10
2015-07-01 18:33:01,900 zero range = 0.006
2015-07-01 18:33:01,900 greedy level = 5
2015-07-01 18:33:01,900 

2015-07-01 18:33:02,610 Starting Training from 2015-01-01 to 2015-01-31
2015-07-01 18:49:25,364 Starting Live from 2015-02-01 to 2015-03-03
2015-07-01 18:49:26,273 Starting Live from 2015-02-01 to 2015-03-03
2015-07-01 18:49:42,264 Starting Live from 2015-02-01 to 2015-03-03
2015-07-01 19:08:17,921 Starting Training from 2015-02-01 to 2015-03-03
2015-07-01 19:08:23,521 Starting Training from 2015-02-01 to 2015-03-03
2015-07-01 19:08:35,357 Starting Training from 2015-02-01 to 2015-03-03
2015-07-01 19:09:48,903 Starting Live from 2015-03-04 to 2015-04-03
2015-07-01 19:09:54,598 Starting Live from 2015-03-04 to 2015-04-03
2015-07-01 19:10:06,762 Starting Live from 2015-03-04 to 2015-04-03
2015-07-01 19:28:12,892 Starting Training from 2015-03-04 to 2015-04-03
2015-07-01 19:28:37,312 Starting Training from 2015-03-04 to 2015-04-03
2015-07-01 19:29:17,048 Starting Training from 2015-03-04 to 2015-04-03
2015-07-01 19:33:44,920 Starting Live from 2015-04-04 to 2015-04-10
2015-07-01 19:34:08,874 Starting Live from 2015-04-04 to 2015-04-10
2015-07-01 19:34:50,756 Starting Live from 2015-04-04 to 2015-04-10
2015-07-01 19:42:21,378 Starting Q Learning for : 
2015-07-01 19:42:21,378 alpha = 0.8
2015-07-01 19:42:21,378 gamma = 0.6
2015-07-01 19:42:21,378 individual factor = 10
2015-07-01 19:42:21,378 zero range = 0.006
2015-07-01 19:42:21,378 greedy level = 5
2015-07-01 19:42:21,378 

2015-07-01 19:42:21,946 Starting Training from 2015-01-01 to 2015-01-31
2015-07-01 19:42:27,759 Starting Q Learning for : 
2015-07-01 19:42:27,760 alpha = 0.5
2015-07-01 19:42:27,760 gamma = 0.8
2015-07-01 19:42:27,760 individual factor = 10
2015-07-01 19:42:27,760 zero range = 0.01
2015-07-01 19:42:27,760 greedy level = 5
2015-07-01 19:42:27,760 

2015-07-01 19:42:28,309 Starting Training from 2015-01-01 to 2015-01-31
2015-07-01 19:42:39,695 Starting Q Learning for : 
2015-07-01 19:42:39,695 alpha = 0.6
2015-07-01 19:42:39,695 gamma = 0.4
2015-07-01 19:42:39,695 individual factor = 10
2015-07-01 19:42:39,695 zero range = 0.006
2015-07-01 19:42:39,696 greedy level = 5
2015-07-01 19:42:39,696 

2015-07-01 19:42:40,726 Starting Training from 2015-01-01 to 2015-01-31
2015-07-01 19:58:58,975 Starting Live from 2015-02-01 to 2015-03-03
2015-07-01 19:59:11,583 Starting Live from 2015-02-01 to 2015-03-03
2015-07-01 19:59:13,205 Starting Live from 2015-02-01 to 2015-03-03
2015-07-01 20:17:22,717 Starting Training from 2015-02-01 to 2015-03-03
2015-07-01 20:17:33,559 Starting Training from 2015-02-01 to 2015-03-03
2015-07-01 20:17:44,270 Starting Training from 2015-02-01 to 2015-03-03
2015-07-01 20:18:49,775 Starting Live from 2015-03-04 to 2015-04-03
2015-07-01 20:19:01,011 Starting Live from 2015-03-04 to 2015-04-03
2015-07-01 20:19:08,707 Starting Live from 2015-03-04 to 2015-04-03
2015-07-01 20:37:24,335 Starting Training from 2015-03-04 to 2015-04-03
2015-07-01 20:37:28,161 Starting Training from 2015-03-04 to 2015-04-03
2015-07-01 20:37:47,700 Starting Training from 2015-03-04 to 2015-04-03
2015-07-01 20:38:39,891 Starting Live from 2015-04-04 to 2015-04-10
2015-07-01 20:38:43,973 Starting Live from 2015-04-04 to 2015-04-10
2015-07-01 20:39:03,796 Starting Live from 2015-04-04 to 2015-04-10
2015-07-01 20:42:10,203 Starting Q Learning for : 
2015-07-01 20:42:10,204 alpha = 0.8
2015-07-01 20:42:10,204 gamma = 0.7
2015-07-01 20:42:10,204 individual factor = 10
2015-07-01 20:42:10,204 zero range = 0.006
2015-07-01 20:42:10,204 greedy level = 5
2015-07-01 20:42:10,204 

2015-07-01 20:42:11,979 Starting Training from 2015-01-01 to 2015-01-31
2015-07-01 20:42:12,984 Starting Q Learning for : 
2015-07-01 20:42:12,985 alpha = 0.6
2015-07-01 20:42:12,985 gamma = 0.5
2015-07-01 20:42:12,985 individual factor = 10
2015-07-01 20:42:12,985 zero range = 0.006
2015-07-01 20:42:12,985 greedy level = 5
2015-07-01 20:42:12,985 

2015-07-01 20:42:14,434 Starting Training from 2015-01-01 to 2015-01-31
2015-07-01 20:42:41,742 Starting Q Learning for : 
2015-07-01 20:42:41,742 alpha = 0.2
2015-07-01 20:42:41,742 gamma = 0.1
2015-07-01 20:42:41,742 individual factor = 10
2015-07-01 20:42:41,742 zero range = 0.01
2015-07-01 20:42:41,742 greedy level = 5
2015-07-01 20:42:41,742 

2015-07-01 20:42:42,508 Starting Training from 2015-01-01 to 2015-01-31
2015-07-01 20:58:31,561 Starting Live from 2015-02-01 to 2015-03-03
2015-07-01 20:58:39,040 Starting Live from 2015-02-01 to 2015-03-03
2015-07-01 20:58:56,773 Starting Live from 2015-02-01 to 2015-03-03
2015-07-01 21:17:05,663 Starting Training from 2015-02-01 to 2015-03-03
2015-07-01 21:17:10,361 Starting Training from 2015-02-01 to 2015-03-03
2015-07-01 21:17:24,655 Starting Training from 2015-02-01 to 2015-03-03
2015-07-01 21:18:50,293 Starting Live from 2015-03-04 to 2015-04-03
2015-07-01 21:19:00,049 Starting Live from 2015-03-04 to 2015-04-03
2015-07-01 21:19:37,458 Starting Live from 2015-03-04 to 2015-04-03
2015-07-01 21:38:20,851 Starting Training from 2015-03-04 to 2015-04-03
2015-07-01 21:38:47,492 Starting Training from 2015-03-04 to 2015-04-03
2015-07-01 21:38:57,824 Starting Training from 2015-03-04 to 2015-04-03
2015-07-01 21:40:51,768 Starting Live from 2015-04-04 to 2015-04-10
2015-07-01 21:41:02,814 Starting Live from 2015-04-04 to 2015-04-10
2015-07-01 21:41:07,908 Starting Live from 2015-04-04 to 2015-04-10
2015-07-01 21:44:44,595 Starting Q Learning for : 
2015-07-01 21:44:44,595 alpha = 0.6
2015-07-01 21:44:44,596 gamma = 0.6
2015-07-01 21:44:44,596 individual factor = 10
2015-07-01 21:44:44,596 zero range = 0.006
2015-07-01 21:44:44,596 greedy level = 5
2015-07-01 21:44:44,596 

2015-07-01 21:44:45,996 Starting Training from 2015-01-01 to 2015-01-31
2015-07-01 21:44:51,332 Starting Q Learning for : 
2015-07-01 21:44:51,332 alpha = 0.8
2015-07-01 21:44:51,333 gamma = 0.8
2015-07-01 21:44:51,333 individual factor = 10
2015-07-01 21:44:51,333 zero range = 0.006
2015-07-01 21:44:51,333 greedy level = 5
2015-07-01 21:44:51,333 

2015-07-01 21:44:51,681 Starting Training from 2015-01-01 to 2015-01-31
2015-07-01 21:44:59,923 Starting Q Learning for : 
2015-07-01 21:44:59,923 alpha = 0.2
2015-07-01 21:44:59,923 gamma = 0.2
2015-07-01 21:44:59,923 individual factor = 10
2015-07-01 21:44:59,923 zero range = 0.01
2015-07-01 21:44:59,923 greedy level = 5
2015-07-01 21:44:59,923 

2015-07-01 21:45:00,630 Starting Training from 2015-01-01 to 2015-01-31
2015-07-01 22:01:25,003 Starting Live from 2015-02-01 to 2015-03-03
2015-07-01 22:01:29,181 Starting Live from 2015-02-01 to 2015-03-03
2015-07-01 22:01:30,651 Starting Live from 2015-02-01 to 2015-03-03
2015-07-01 22:19:49,475 Starting Training from 2015-02-01 to 2015-03-03
2015-07-01 22:19:54,996 Starting Training from 2015-02-01 to 2015-03-03
2015-07-01 22:20:04,641 Starting Training from 2015-02-01 to 2015-03-03
2015-07-01 22:21:18,022 Starting Live from 2015-03-04 to 2015-04-03
2015-07-01 22:21:22,657 Starting Live from 2015-03-04 to 2015-04-03
2015-07-01 22:21:34,757 Starting Live from 2015-03-04 to 2015-04-03
2015-07-01 22:39:53,785 Starting Training from 2015-03-04 to 2015-04-03
2015-07-01 22:39:55,857 Starting Training from 2015-03-04 to 2015-04-03
2015-07-01 22:40:07,691 Starting Training from 2015-03-04 to 2015-04-03
2015-07-01 22:42:01,921 Starting Live from 2015-04-04 to 2015-04-10
2015-07-01 22:42:12,276 Starting Live from 2015-04-04 to 2015-04-10
2015-07-01 22:43:02,924 Starting Live from 2015-04-04 to 2015-04-10
2015-07-01 22:51:13,448 Starting Q Learning for : 
2015-07-01 22:51:13,448 alpha = 0.2
2015-07-01 22:51:13,448 gamma = 0.3
2015-07-01 22:51:13,448 individual factor = 10
2015-07-01 22:51:13,448 zero range = 0.01
2015-07-01 22:51:13,448 greedy level = 5
2015-07-01 22:51:13,448 

2015-07-01 22:51:14,824 Starting Training from 2015-01-01 to 2015-01-31
2015-07-01 22:51:25,509 Starting Q Learning for : 
2015-07-01 22:51:25,509 alpha = 0.4
2015-07-01 22:51:25,509 gamma = 0.5
2015-07-01 22:51:25,509 individual factor = 10
2015-07-01 22:51:25,510 zero range = 0.01
2015-07-01 22:51:25,510 greedy level = 5
2015-07-01 22:51:25,510 

2015-07-01 22:51:29,074 Starting Training from 2015-01-01 to 2015-01-31
2015-07-01 22:51:58,720 Starting Q Learning for : 
2015-07-01 22:51:58,720 alpha = 0.6
2015-07-01 22:51:58,720 gamma = 0.7
2015-07-01 22:51:58,720 individual factor = 10
2015-07-01 22:51:58,720 zero range = 0.01
2015-07-01 22:51:58,720 greedy level = 5
2015-07-01 22:51:58,720 

2015-07-01 22:51:59,832 Starting Training from 2015-01-01 to 2015-01-31
2015-07-01 23:09:32,248 Starting Live from 2015-02-01 to 2015-03-03
2015-07-01 23:09:34,725 Starting Live from 2015-02-01 to 2015-03-03
2015-07-01 23:09:57,297 Starting Live from 2015-02-01 to 2015-03-03
2015-07-01 23:30:20,495 Starting Training from 2015-02-01 to 2015-03-03
2015-07-01 23:30:25,854 Starting Training from 2015-02-01 to 2015-03-03
2015-07-01 23:30:49,705 Starting Training from 2015-02-01 to 2015-03-03
2015-07-01 23:31:54,289 Starting Live from 2015-03-04 to 2015-04-03
2015-07-01 23:32:00,825 Starting Live from 2015-03-04 to 2015-04-03
2015-07-01 23:32:21,196 Starting Live from 2015-03-04 to 2015-04-03
2015-07-01 23:52:13,542 Starting Training from 2015-03-04 to 2015-04-03
2015-07-01 23:52:14,941 Starting Training from 2015-03-04 to 2015-04-03
2015-07-01 23:52:49,116 Starting Training from 2015-03-04 to 2015-04-03
2015-07-01 23:53:33,304 Starting Live from 2015-04-04 to 2015-04-10
2015-07-01 23:53:35,250 Starting Live from 2015-04-04 to 2015-04-10
2015-07-01 23:54:09,193 Starting Live from 2015-04-04 to 2015-04-10
2015-07-01 23:57:31,312 Starting Q Learning for : 
2015-07-01 23:57:31,312 alpha = 0.2
2015-07-01 23:57:31,312 gamma = 0.4
2015-07-01 23:57:31,312 individual factor = 10
2015-07-01 23:57:31,312 zero range = 0.01
2015-07-01 23:57:31,312 greedy level = 5
2015-07-01 23:57:31,312 

2015-07-01 23:57:31,809 Starting Q Learning for : 
2015-07-01 23:57:31,809 alpha = 0.4
2015-07-01 23:57:31,809 gamma = 0.6
2015-07-01 23:57:31,810 individual factor = 10
2015-07-01 23:57:31,810 zero range = 0.01
2015-07-01 23:57:31,810 greedy level = 5
2015-07-01 23:57:31,810 

2015-07-01 23:57:34,433 Starting Training from 2015-01-01 to 2015-01-31
2015-07-01 23:57:35,174 Starting Training from 2015-01-01 to 2015-01-31
2015-07-01 23:58:44,734 Starting Q Learning for : 
2015-07-01 23:58:44,734 alpha = 0.6
2015-07-01 23:58:44,734 gamma = 0.8
2015-07-01 23:58:44,734 individual factor = 10
2015-07-01 23:58:44,734 zero range = 0.01
2015-07-01 23:58:44,734 greedy level = 5
2015-07-01 23:58:44,734 

2015-07-01 23:58:46,738 Starting Training from 2015-01-01 to 2015-01-31
2015-07-02 00:17:31,573 Starting Live from 2015-02-01 to 2015-03-03
2015-07-02 00:17:51,344 Starting Live from 2015-02-01 to 2015-03-03
2015-07-02 00:18:28,553 Starting Live from 2015-02-01 to 2015-03-03
2015-07-02 00:39:42,571 Starting Training from 2015-02-01 to 2015-03-03
2015-07-02 00:39:49,674 Starting Training from 2015-02-01 to 2015-03-03
2015-07-02 00:40:15,953 Starting Training from 2015-02-01 to 2015-03-03
2015-07-02 00:41:13,404 Starting Live from 2015-03-04 to 2015-04-03
2015-07-02 00:41:21,692 Starting Live from 2015-03-04 to 2015-04-03
2015-07-02 00:41:50,890 Starting Live from 2015-03-04 to 2015-04-03
2015-07-02 01:01:58,787 Starting Training from 2015-03-04 to 2015-04-03
2015-07-02 01:02:01,399 Starting Training from 2015-03-04 to 2015-04-03
2015-07-02 01:02:35,419 Starting Training from 2015-03-04 to 2015-04-03
2015-07-02 01:03:27,965 Starting Live from 2015-04-04 to 2015-04-10
2015-07-02 01:03:31,174 Starting Live from 2015-04-04 to 2015-04-10
2015-07-02 01:04:12,288 Starting Live from 2015-04-04 to 2015-04-10
2015-07-02 01:08:26,737 Starting Q Learning for : 
2015-07-02 01:08:26,737 alpha = 0.2
2015-07-02 01:08:26,737 gamma = 0.5
2015-07-02 01:08:26,737 individual factor = 10
2015-07-02 01:08:26,738 zero range = 0.01
2015-07-02 01:08:26,738 greedy level = 5
2015-07-02 01:08:26,738 

2015-07-02 01:08:31,202 Starting Training from 2015-01-01 to 2015-01-31
2015-07-02 01:08:31,607 Starting Q Learning for : 
2015-07-02 01:08:31,607 alpha = 0.4
2015-07-02 01:08:31,607 gamma = 0.7
2015-07-02 01:08:31,607 individual factor = 10
2015-07-02 01:08:31,607 zero range = 0.01
2015-07-02 01:08:31,607 greedy level = 5
2015-07-02 01:08:31,607 

2015-07-02 01:08:33,253 Starting Training from 2015-01-01 to 2015-01-31
2015-07-02 01:09:39,335 Starting Q Learning for : 
2015-07-02 01:09:39,335 alpha = 0.8
2015-07-02 01:09:39,335 gamma = 0.1
2015-07-02 01:09:39,335 individual factor = 10
2015-07-02 01:09:39,336 zero range = 0.01
2015-07-02 01:09:39,336 greedy level = 5
2015-07-02 01:09:39,336 

2015-07-02 01:09:40,385 Starting Training from 2015-01-01 to 2015-01-31
2015-07-02 01:27:25,758 Starting Live from 2015-02-01 to 2015-03-03
2015-07-02 01:27:43,730 Starting Live from 2015-02-01 to 2015-03-03
2015-07-02 01:28:12,756 Starting Live from 2015-02-01 to 2015-03-03
2015-07-02 01:48:06,330 Starting Training from 2015-02-01 to 2015-03-03
2015-07-02 01:48:23,620 Starting Training from 2015-02-01 to 2015-03-03
2015-07-02 01:48:40,884 Starting Training from 2015-02-01 to 2015-03-03
2015-07-02 01:49:40,495 Starting Live from 2015-03-04 to 2015-04-03
2015-07-02 01:49:57,833 Starting Live from 2015-03-04 to 2015-04-03
2015-07-02 01:50:16,737 Starting Live from 2015-03-04 to 2015-04-03
2015-07-02 02:09:29,880 Starting Training from 2015-03-04 to 2015-04-03
2015-07-02 02:09:55,107 Starting Training from 2015-03-04 to 2015-04-03
2015-07-02 02:09:57,534 Starting Training from 2015-03-04 to 2015-04-03
2015-07-02 02:10:49,886 Starting Live from 2015-04-04 to 2015-04-10
2015-07-02 02:11:17,241 Starting Live from 2015-04-04 to 2015-04-10
2015-07-02 02:11:20,551 Starting Live from 2015-04-04 to 2015-04-10
2015-07-02 02:14:34,716 Starting Q Learning for : 
2015-07-02 02:14:34,716 alpha = 0.2
2015-07-02 02:14:34,716 gamma = 0.6
2015-07-02 02:14:34,716 individual factor = 10
2015-07-02 02:14:34,716 zero range = 0.01
2015-07-02 02:14:34,716 greedy level = 5
2015-07-02 02:14:34,716 

2015-07-02 02:14:36,551 Starting Training from 2015-01-01 to 2015-01-31
2015-07-02 02:15:08,528 Starting Q Learning for : 
2015-07-02 02:15:08,528 alpha = 0.4
2015-07-02 02:15:08,529 gamma = 0.8
2015-07-02 02:15:08,529 individual factor = 10
2015-07-02 02:15:08,529 zero range = 0.01
2015-07-02 02:15:08,529 greedy level = 5
2015-07-02 02:15:08,529 

2015-07-02 02:15:08,962 Starting Training from 2015-01-01 to 2015-01-31
2015-07-02 02:15:12,177 Starting Q Learning for : 
2015-07-02 02:15:12,177 alpha = 0.8
2015-07-02 02:15:12,177 gamma = 0.2
2015-07-02 02:15:12,177 individual factor = 10
2015-07-02 02:15:12,177 zero range = 0.01
2015-07-02 02:15:12,177 greedy level = 5
2015-07-02 02:15:12,178 

2015-07-02 02:15:12,601 Starting Training from 2015-01-01 to 2015-01-31
2015-07-02 02:32:35,900 Starting Live from 2015-02-01 to 2015-03-03
2015-07-02 02:33:00,953 Starting Live from 2015-02-01 to 2015-03-03
2015-07-02 02:33:20,750 Starting Live from 2015-02-01 to 2015-03-03
2015-07-02 02:54:17,453 Starting Training from 2015-02-01 to 2015-03-03
2015-07-02 02:54:42,935 Starting Training from 2015-02-01 to 2015-03-03
2015-07-02 02:55:10,274 Starting Training from 2015-02-01 to 2015-03-03
2015-07-02 02:56:11,457 Starting Live from 2015-03-04 to 2015-04-03
2015-07-02 02:56:35,921 Starting Live from 2015-03-04 to 2015-04-03
2015-07-02 02:57:03,010 Starting Live from 2015-03-04 to 2015-04-03
2015-07-02 03:17:06,579 Starting Training from 2015-03-04 to 2015-04-03
2015-07-02 03:17:34,358 Starting Training from 2015-03-04 to 2015-04-03
2015-07-02 03:17:56,738 Starting Training from 2015-03-04 to 2015-04-03
2015-07-02 03:18:46,988 Starting Live from 2015-04-04 to 2015-04-10
2015-07-02 03:19:09,795 Starting Live from 2015-04-04 to 2015-04-10
2015-07-02 03:19:26,496 Starting Live from 2015-04-04 to 2015-04-10
2015-07-02 03:23:55,658 Starting Q Learning for : 
2015-07-02 03:23:55,658 alpha = 0.2
2015-07-02 03:23:55,658 gamma = 0.7
2015-07-02 03:23:55,658 individual factor = 10
2015-07-02 03:23:55,658 zero range = 0.01
2015-07-02 03:23:55,658 greedy level = 5
2015-07-02 03:23:55,658 

2015-07-02 03:23:59,114 Starting Training from 2015-01-01 to 2015-01-31
2015-07-02 03:24:29,416 Starting Q Learning for : 
2015-07-02 03:24:29,416 alpha = 0.8
2015-07-02 03:24:29,416 gamma = 0.3
2015-07-02 03:24:29,416 individual factor = 10
2015-07-02 03:24:29,417 zero range = 0.01
2015-07-02 03:24:29,417 greedy level = 5
2015-07-02 03:24:29,417 

2015-07-02 03:24:31,980 Starting Training from 2015-01-01 to 2015-01-31
2015-07-02 03:24:58,090 Starting Q Learning for : 
2015-07-02 03:24:58,090 alpha = 0.6
2015-07-02 03:24:58,091 gamma = 0.1
2015-07-02 03:24:58,091 individual factor = 10
2015-07-02 03:24:58,091 zero range = 0.01
2015-07-02 03:24:58,091 greedy level = 5
2015-07-02 03:24:58,091 

2015-07-02 03:24:58,599 Starting Training from 2015-01-01 to 2015-01-31
2015-07-02 03:40:57,603 Starting Live from 2015-02-01 to 2015-03-03
2015-07-02 03:41:17,503 Starting Live from 2015-02-01 to 2015-03-03
2015-07-02 03:41:40,082 Starting Live from 2015-02-01 to 2015-03-03
2015-07-02 04:01:05,577 Starting Training from 2015-02-01 to 2015-03-03
2015-07-02 04:01:12,091 Starting Training from 2015-02-01 to 2015-03-03
2015-07-02 04:01:15,380 Starting Training from 2015-02-01 to 2015-03-03
2015-07-02 04:02:34,979 Starting Live from 2015-03-04 to 2015-04-03
2015-07-02 04:02:41,231 Starting Live from 2015-03-04 to 2015-04-03
2015-07-02 04:02:45,489 Starting Live from 2015-03-04 to 2015-04-03
2015-07-02 04:21:14,732 Starting Training from 2015-03-04 to 2015-04-03
2015-07-02 04:21:39,723 Starting Training from 2015-03-04 to 2015-04-03
2015-07-02 04:21:45,576 Starting Training from 2015-03-04 to 2015-04-03
2015-07-02 04:22:35,584 Starting Live from 2015-04-04 to 2015-04-10
2015-07-02 04:22:59,438 Starting Live from 2015-04-04 to 2015-04-10
2015-07-02 04:23:06,429 Starting Live from 2015-04-04 to 2015-04-10
2015-07-02 04:26:03,131 Starting Q Learning for : 
2015-07-02 04:26:03,131 alpha = 0.8
2015-07-02 04:26:03,131 gamma = 0.4
2015-07-02 04:26:03,131 individual factor = 10
2015-07-02 04:26:03,131 zero range = 0.01
2015-07-02 04:26:03,132 greedy level = 5
2015-07-02 04:26:03,132 

2015-07-02 04:26:03,706 Starting Training from 2015-01-01 to 2015-01-31
2015-07-02 04:26:32,986 Starting Q Learning for : 
2015-07-02 04:26:32,986 alpha = 0.6
2015-07-02 04:26:32,986 gamma = 0.2
2015-07-02 04:26:32,986 individual factor = 10
2015-07-02 04:26:32,986 zero range = 0.01
2015-07-02 04:26:32,986 greedy level = 5
2015-07-02 04:26:32,986 

2015-07-02 04:26:34,029 Starting Training from 2015-01-01 to 2015-01-31
2015-07-02 04:26:38,586 Starting Q Learning for : 
2015-07-02 04:26:38,586 alpha = 0.2
2015-07-02 04:26:38,586 gamma = 0.8
2015-07-02 04:26:38,586 individual factor = 10
2015-07-02 04:26:38,586 zero range = 0.01
2015-07-02 04:26:38,586 greedy level = 5
2015-07-02 04:26:38,586 

2015-07-02 04:26:39,392 Starting Training from 2015-01-01 to 2015-01-31
2015-07-02 04:42:21,859 Starting Live from 2015-02-01 to 2015-03-03
2015-07-02 04:42:51,073 Starting Live from 2015-02-01 to 2015-03-03
2015-07-02 04:43:02,669 Starting Live from 2015-02-01 to 2015-03-03
2015-07-02 05:00:21,623 Starting Training from 2015-02-01 to 2015-03-03
2015-07-02 05:00:38,853 Starting Training from 2015-02-01 to 2015-03-03
2015-07-02 05:01:09,992 Starting Training from 2015-02-01 to 2015-03-03
2015-07-02 05:01:45,244 Starting Live from 2015-03-04 to 2015-04-03
2015-07-02 05:02:02,592 Starting Live from 2015-03-04 to 2015-04-03
2015-07-02 05:02:29,418 Starting Live from 2015-03-04 to 2015-04-03
2015-07-02 05:19:46,817 Starting Training from 2015-03-04 to 2015-04-03
2015-07-02 05:20:05,882 Starting Training from 2015-03-04 to 2015-04-03
2015-07-02 05:20:47,394 Starting Training from 2015-03-04 to 2015-04-03
2015-07-02 05:21:01,405 Starting Live from 2015-04-04 to 2015-04-10
2015-07-02 05:21:20,653 Starting Live from 2015-04-04 to 2015-04-10
2015-07-02 05:22:00,787 Starting Live from 2015-04-04 to 2015-04-10
2015-07-02 05:24:07,461 Starting Q Learning for : 
2015-07-02 05:24:07,461 alpha = 0.8
2015-07-02 05:24:07,461 gamma = 0.5
2015-07-02 05:24:07,461 individual factor = 10
2015-07-02 05:24:07,461 zero range = 0.01
2015-07-02 05:24:07,461 greedy level = 5
2015-07-02 05:24:07,461 

2015-07-02 05:24:08,725 Starting Training from 2015-01-01 to 2015-01-31
2015-07-02 05:24:42,269 Starting Q Learning for : 
2015-07-02 05:24:42,269 alpha = 0.6
2015-07-02 05:24:42,269 gamma = 0.3
2015-07-02 05:24:42,269 individual factor = 10
2015-07-02 05:24:42,269 zero range = 0.01
2015-07-02 05:24:42,269 greedy level = 5
2015-07-02 05:24:42,269 

2015-07-02 05:24:45,064 Starting Training from 2015-01-01 to 2015-01-31
2015-07-02 05:26:23,354 Starting Q Learning for : 
2015-07-02 05:26:23,354 alpha = 0.4
2015-07-02 05:26:23,354 gamma = 0.1
2015-07-02 05:26:23,354 individual factor = 10
2015-07-02 05:26:23,354 zero range = 0.01
2015-07-02 05:26:23,354 greedy level = 5
2015-07-02 05:26:23,355 

2015-07-02 05:26:24,942 Starting Training from 2015-01-01 to 2015-01-31
2015-07-02 05:38:56,360 Starting Live from 2015-02-01 to 2015-03-03
2015-07-02 05:39:12,652 Starting Live from 2015-02-01 to 2015-03-03
2015-07-02 05:39:53,460 Starting Live from 2015-02-01 to 2015-03-03
2015-07-02 05:55:58,788 Starting Training from 2015-02-01 to 2015-03-03
2015-07-02 05:56:19,360 Starting Training from 2015-02-01 to 2015-03-03
2015-07-02 05:56:52,191 Starting Training from 2015-02-01 to 2015-03-03
2015-07-02 05:57:19,732 Starting Live from 2015-03-04 to 2015-04-03
2015-07-02 05:57:38,914 Starting Live from 2015-03-04 to 2015-04-03
2015-07-02 05:58:28,714 Starting Live from 2015-03-04 to 2015-04-03
2015-07-02 06:14:29,533 Starting Training from 2015-03-04 to 2015-04-03
2015-07-02 06:14:40,572 Starting Training from 2015-03-04 to 2015-04-03
2015-07-02 06:15:24,251 Starting Training from 2015-03-04 to 2015-04-03
2015-07-02 06:15:44,762 Starting Live from 2015-04-04 to 2015-04-10
2015-07-02 06:15:57,169 Starting Live from 2015-04-04 to 2015-04-10
2015-07-02 06:16:39,361 Starting Live from 2015-04-04 to 2015-04-10
2015-07-02 06:20:51,788 Starting Q Learning for : 
2015-07-02 06:20:51,788 alpha = 0.8
2015-07-02 06:20:51,788 gamma = 0.6
2015-07-02 06:20:51,788 individual factor = 10
2015-07-02 06:20:51,788 zero range = 0.01
2015-07-02 06:20:51,788 greedy level = 5
2015-07-02 06:20:51,788 

2015-07-02 06:20:56,970 Starting Training from 2015-01-01 to 2015-01-31
2015-07-02 06:21:11,017 Starting Q Learning for : 
2015-07-02 06:21:11,018 alpha = 0.6
2015-07-02 06:21:11,018 gamma = 0.4
2015-07-02 06:21:11,018 individual factor = 10
2015-07-02 06:21:11,018 zero range = 0.01
2015-07-02 06:21:11,018 greedy level = 5
2015-07-02 06:21:11,018 

2015-07-02 06:21:12,460 Starting Training from 2015-01-01 to 2015-01-31
2015-07-02 06:22:04,073 Starting Q Learning for : 
2015-07-02 06:22:04,073 alpha = 0.4
2015-07-02 06:22:04,073 gamma = 0.2
2015-07-02 06:22:04,073 individual factor = 10
2015-07-02 06:22:04,073 zero range = 0.01
2015-07-02 06:22:04,073 greedy level = 5
2015-07-02 06:22:04,073 

2015-07-02 06:22:04,494 Starting Training from 2015-01-01 to 2015-01-31
2015-07-02 06:34:21,494 Starting Live from 2015-02-01 to 2015-03-03
2015-07-02 06:34:29,414 Starting Live from 2015-02-01 to 2015-03-03
2015-07-02 06:35:02,752 Starting Live from 2015-02-01 to 2015-03-03
2015-07-02 06:51:05,981 Starting Training from 2015-02-01 to 2015-03-03
2015-07-02 06:51:17,071 Starting Training from 2015-02-01 to 2015-03-03
2015-07-02 06:51:49,705 Starting Training from 2015-02-01 to 2015-03-03
2015-07-02 06:52:23,089 Starting Live from 2015-03-04 to 2015-04-03
2015-07-02 06:52:33,129 Starting Live from 2015-03-04 to 2015-04-03
2015-07-02 06:53:06,271 Starting Live from 2015-03-04 to 2015-04-03
2015-07-02 07:09:37,494 Starting Training from 2015-03-04 to 2015-04-03
2015-07-02 07:09:43,905 Starting Training from 2015-03-04 to 2015-04-03
2015-07-02 07:10:13,019 Starting Training from 2015-03-04 to 2015-04-03
2015-07-02 07:10:48,393 Starting Live from 2015-04-04 to 2015-04-10
2015-07-02 07:10:54,656 Starting Live from 2015-04-04 to 2015-04-10
2015-07-02 07:11:23,277 Starting Live from 2015-04-04 to 2015-04-10
2015-07-02 07:15:00,973 Starting Q Learning for : 
2015-07-02 07:15:00,973 alpha = 0.6
2015-07-02 07:15:00,973 gamma = 0.5
2015-07-02 07:15:00,973 individual factor = 10
2015-07-02 07:15:00,974 zero range = 0.01
2015-07-02 07:15:00,974 greedy level = 5
2015-07-02 07:15:00,974 

2015-07-02 07:15:03,374 Starting Training from 2015-01-01 to 2015-01-31
2015-07-02 07:15:31,013 Starting Q Learning for : 
2015-07-02 07:15:31,013 alpha = 0.8
2015-07-02 07:15:31,013 gamma = 0.7
2015-07-02 07:15:31,013 individual factor = 10
2015-07-02 07:15:31,013 zero range = 0.01
2015-07-02 07:15:31,014 greedy level = 5
2015-07-02 07:15:31,014 

2015-07-02 07:15:32,658 Starting Training from 2015-01-01 to 2015-01-31
2015-07-02 07:16:15,912 Starting Q Learning for : 
2015-07-02 07:16:15,912 alpha = 0.4
2015-07-02 07:16:15,912 gamma = 0.3
2015-07-02 07:16:15,912 individual factor = 10
2015-07-02 07:16:15,912 zero range = 0.01
2015-07-02 07:16:15,912 greedy level = 5
2015-07-02 07:16:15,912 

2015-07-02 07:16:17,422 Starting Training from 2015-01-01 to 2015-01-31
2015-07-02 07:28:22,548 Starting Live from 2015-02-01 to 2015-03-03
2015-07-02 07:28:43,874 Starting Live from 2015-02-01 to 2015-03-03
2015-07-02 07:28:56,899 Starting Live from 2015-02-01 to 2015-03-03
2015-07-02 07:44:22,514 Starting Training from 2015-02-01 to 2015-03-03
2015-07-02 07:44:47,210 Starting Training from 2015-02-01 to 2015-03-03
2015-07-02 07:44:58,447 Starting Training from 2015-02-01 to 2015-03-03
2015-07-02 07:45:37,077 Starting Live from 2015-03-04 to 2015-04-03
2015-07-02 07:45:59,533 Starting Live from 2015-03-04 to 2015-04-03
2015-07-02 07:46:08,995 Starting Live from 2015-03-04 to 2015-04-03
2015-07-02 08:00:54,853 Starting Training from 2015-03-04 to 2015-04-03
2015-07-02 08:01:20,920 Starting Training from 2015-03-04 to 2015-04-03
2015-07-02 08:01:27,484 Starting Training from 2015-03-04 to 2015-04-03
2015-07-02 08:01:56,055 Starting Live from 2015-04-04 to 2015-04-10
2015-07-02 08:02:22,629 Starting Live from 2015-04-04 to 2015-04-10
2015-07-02 08:02:30,013 Starting Live from 2015-04-04 to 2015-04-10
2015-07-02 08:04:22,298 Starting Q Learning for : 
2015-07-02 08:04:22,299 alpha = 0.6
2015-07-02 08:04:22,299 gamma = 0.6
2015-07-02 08:04:22,299 individual factor = 10
2015-07-02 08:04:22,299 zero range = 0.01
2015-07-02 08:04:22,299 greedy level = 5
2015-07-02 08:04:22,299 

2015-07-02 08:04:22,589 Starting Training from 2015-01-01 to 2015-01-31
2015-07-02 08:04:50,799 Starting Q Learning for : 
2015-07-02 08:04:50,799 alpha = 0.8
2015-07-02 08:04:50,799 gamma = 0.8
2015-07-02 08:04:50,799 individual factor = 10
2015-07-02 08:04:50,799 zero range = 0.01
2015-07-02 08:04:50,799 greedy level = 5
2015-07-02 08:04:50,799 

2015-07-02 08:04:51,137 Starting Training from 2015-01-01 to 2015-01-31
2015-07-02 08:04:56,651 Starting Q Learning for : 
2015-07-02 08:04:56,651 alpha = 0.4
2015-07-02 08:04:56,651 gamma = 0.4
2015-07-02 08:04:56,652 individual factor = 10
2015-07-02 08:04:56,652 zero range = 0.01
2015-07-02 08:04:56,652 greedy level = 5
2015-07-02 08:04:56,652 

2015-07-02 08:04:57,503 Starting Training from 2015-01-01 to 2015-01-31
2015-07-02 08:17:44,843 Starting Live from 2015-02-01 to 2015-03-03
2015-07-02 08:18:19,562 Starting Live from 2015-02-01 to 2015-03-03
2015-07-02 08:18:19,781 Starting Live from 2015-02-01 to 2015-03-03
2015-07-02 08:29:09,057 Starting Training from 2015-02-01 to 2015-03-03
2015-07-02 08:29:38,502 Starting Training from 2015-02-01 to 2015-03-03
2015-07-02 08:29:46,418 Starting Training from 2015-02-01 to 2015-03-03
2015-07-02 08:30:17,484 Starting Live from 2015-03-04 to 2015-04-03
2015-07-02 08:30:46,242 Starting Live from 2015-03-04 to 2015-04-03
2015-07-02 08:30:55,131 Starting Live from 2015-03-04 to 2015-04-03
2015-07-02 08:44:58,654 Starting Training from 2015-03-04 to 2015-04-03
2015-07-02 08:45:30,275 Starting Training from 2015-03-04 to 2015-04-03
2015-07-02 08:45:45,276 Starting Training from 2015-03-04 to 2015-04-03
2015-07-02 08:46:01,866 Starting Live from 2015-04-04 to 2015-04-10
2015-07-02 08:46:32,212 Starting Live from 2015-04-04 to 2015-04-10
2015-07-02 08:46:46,755 Starting Live from 2015-04-04 to 2015-04-10
