2015-06-28 15:10:58,414 Starting Q Learning for : 
2015-06-28 15:10:58,414 alpha = 0.5
2015-06-28 15:10:58,414 gamma = 0.5
2015-06-28 15:10:58,414 individual factor = 12
2015-06-28 15:10:58,414 zero range = 0.002
2015-06-28 15:10:58,414 greedy level = 10
2015-06-28 15:10:58,414 

2015-06-28 15:11:12,910 Starting Training from 2014-12-17 to 2015-01-01
2015-06-28 15:22:01,783 Starting Live from 2015-01-02 to 2015-02-01
2015-06-28 15:43:47,351 Starting Training from 2015-01-17 to 2015-02-01
2015-06-28 15:44:45,105 Starting Live from 2015-02-02 to 2015-03-04
2015-06-28 16:09:30,688 Starting Training from 2015-02-17 to 2015-03-04
2015-06-28 16:10:54,762 Starting Live from 2015-03-05 to 2015-04-04
2015-06-28 16:39:19,233 Starting Training from 2015-03-20 to 2015-04-04
2015-06-28 16:40:36,688 Starting Live from 2015-04-05 to 2015-04-10
2015-06-28 16:48:43,828 Starting Q Learning for : 
2015-06-28 16:48:43,828 alpha = 0.5
2015-06-28 16:48:43,828 gamma = 0.6
2015-06-28 16:48:43,828 individual factor = 12
2015-06-28 16:48:43,828 zero range = 0.002
2015-06-28 16:48:43,828 greedy level = 10
2015-06-28 16:48:43,828 

2015-06-28 16:48:50,127 Starting Training from 2014-12-17 to 2015-01-01
2015-06-28 16:58:56,562 Starting Live from 2015-01-02 to 2015-02-01
2015-06-28 17:19:55,246 Starting Training from 2015-01-17 to 2015-02-01
2015-06-28 17:20:52,805 Starting Live from 2015-02-02 to 2015-03-04
2015-06-28 17:45:24,743 Starting Training from 2015-02-17 to 2015-03-04
2015-06-28 17:47:09,979 Starting Live from 2015-03-05 to 2015-04-04
2015-06-28 18:14:55,986 Starting Training from 2015-03-20 to 2015-04-04
2015-06-28 18:16:01,542 Starting Live from 2015-04-05 to 2015-04-10
2015-06-28 18:24:08,753 Starting Q Learning for : 
2015-06-28 18:24:08,753 alpha = 0.5
2015-06-28 18:24:08,753 gamma = 0.7
2015-06-28 18:24:08,753 individual factor = 12
2015-06-28 18:24:08,753 zero range = 0.002
2015-06-28 18:24:08,753 greedy level = 10
2015-06-28 18:24:08,753 

2015-06-28 18:24:13,638 Starting Training from 2014-12-17 to 2015-01-01
2015-06-28 18:35:23,428 Starting Live from 2015-01-02 to 2015-02-01
2015-06-28 18:57:22,138 Starting Training from 2015-01-17 to 2015-02-01
2015-06-28 18:58:22,625 Starting Live from 2015-02-02 to 2015-03-04
2015-06-28 19:23:28,625 Starting Training from 2015-02-17 to 2015-03-04
2015-06-28 19:24:50,684 Starting Live from 2015-03-05 to 2015-04-04
2015-06-28 19:52:26,684 Starting Training from 2015-03-20 to 2015-04-04
2015-06-28 19:54:01,130 Starting Live from 2015-04-05 to 2015-04-10
2015-06-28 20:02:14,786 Starting Q Learning for : 
2015-06-28 20:02:14,786 alpha = 0.5
2015-06-28 20:02:14,786 gamma = 0.8
2015-06-28 20:02:14,786 individual factor = 12
2015-06-28 20:02:14,786 zero range = 0.002
2015-06-28 20:02:14,786 greedy level = 10
2015-06-28 20:02:14,786 

2015-06-28 20:02:20,200 Starting Training from 2014-12-17 to 2015-01-01
2015-06-28 20:13:32,588 Starting Live from 2015-01-02 to 2015-02-01
2015-06-28 20:34:57,334 Starting Training from 2015-01-17 to 2015-02-01
2015-06-28 20:35:55,701 Starting Live from 2015-02-02 to 2015-03-04
2015-06-28 21:00:17,938 Starting Training from 2015-02-17 to 2015-03-04
2015-06-28 21:01:43,540 Starting Live from 2015-03-05 to 2015-04-04
2015-06-28 21:29:25,196 Starting Training from 2015-03-20 to 2015-04-04
2015-06-28 21:30:34,680 Starting Live from 2015-04-05 to 2015-04-10
2015-06-28 21:39:22,359 Starting Q Learning for : 
2015-06-28 21:39:22,359 alpha = 0.4
2015-06-28 21:39:22,359 gamma = 0.1
2015-06-28 21:39:22,359 individual factor = 12
2015-06-28 21:39:22,361 zero range = 0.002
2015-06-28 21:39:22,361 greedy level = 10
2015-06-28 21:39:22,361 

2015-06-28 21:39:27,030 Starting Training from 2014-12-17 to 2015-01-01
2015-06-28 21:49:49,461 Starting Live from 2015-01-02 to 2015-02-01
2015-06-28 22:10:36,743 Starting Training from 2015-01-17 to 2015-02-01
2015-06-28 22:11:33,061 Starting Live from 2015-02-02 to 2015-03-04
