2015-06-28 15:10:58,418 Starting Q Learning for : 
2015-06-28 15:10:58,418 alpha = 0.6
2015-06-28 15:10:58,418 gamma = 0.1
2015-06-28 15:10:58,418 individual factor = 12
2015-06-28 15:10:58,418 zero range = 0.002
2015-06-28 15:10:58,418 greedy level = 10
2015-06-28 15:10:58,418 

2015-06-28 15:11:11,661 Starting Training from 2014-12-17 to 2015-01-01
2015-06-28 15:22:00,454 Starting Live from 2015-01-02 to 2015-02-01
2015-06-28 15:43:45,276 Starting Training from 2015-01-17 to 2015-02-01
2015-06-28 15:44:43,424 Starting Live from 2015-02-02 to 2015-03-04
2015-06-28 16:09:20,104 Starting Training from 2015-02-17 to 2015-03-04
2015-06-28 16:10:41,809 Starting Live from 2015-03-05 to 2015-04-04
2015-06-28 16:36:26,145 Starting Training from 2015-03-20 to 2015-04-04
2015-06-28 16:38:00,640 Starting Live from 2015-04-05 to 2015-04-10
2015-06-28 16:46:15,369 Starting Q Learning for : 
2015-06-28 16:46:15,369 alpha = 0.6
2015-06-28 16:46:15,369 gamma = 0.2
2015-06-28 16:46:15,371 individual factor = 12
2015-06-28 16:46:15,371 zero range = 0.002
2015-06-28 16:46:15,371 greedy level = 10
2015-06-28 16:46:15,371 

2015-06-28 16:46:21,490 Starting Training from 2014-12-17 to 2015-01-01
2015-06-28 16:56:35,783 Starting Live from 2015-01-02 to 2015-02-01
2015-06-28 17:17:30,414 Starting Training from 2015-01-17 to 2015-02-01
2015-06-28 17:18:27,372 Starting Live from 2015-02-02 to 2015-03-04
2015-06-28 17:42:37,594 Starting Training from 2015-02-17 to 2015-03-04
2015-06-28 17:43:59,400 Starting Live from 2015-03-05 to 2015-04-04
2015-06-28 18:12:19,058 Starting Training from 2015-03-20 to 2015-04-04
2015-06-28 18:13:24,313 Starting Live from 2015-04-05 to 2015-04-10
2015-06-28 18:21:25,470 Starting Q Learning for : 
2015-06-28 18:21:25,470 alpha = 0.6
2015-06-28 18:21:25,470 gamma = 0.3
2015-06-28 18:21:25,470 individual factor = 12
2015-06-28 18:21:25,470 zero range = 0.002
2015-06-28 18:21:25,470 greedy level = 10
2015-06-28 18:21:25,470 

2015-06-28 18:21:30,891 Starting Training from 2014-12-17 to 2015-01-01
2015-06-28 18:32:08,944 Starting Live from 2015-01-02 to 2015-02-01
2015-06-28 18:53:43,417 Starting Training from 2015-01-17 to 2015-02-01
2015-06-28 18:54:57,697 Starting Live from 2015-02-02 to 2015-03-04
2015-06-28 19:20:32,088 Starting Training from 2015-02-17 to 2015-03-04
2015-06-28 19:21:58,767 Starting Live from 2015-03-05 to 2015-04-04
2015-06-28 19:48:03,288 Starting Training from 2015-03-20 to 2015-04-04
2015-06-28 19:49:25,382 Starting Live from 2015-04-05 to 2015-04-10
2015-06-28 19:57:18,510 Starting Q Learning for : 
2015-06-28 19:57:18,512 alpha = 0.6
2015-06-28 19:57:18,512 gamma = 0.4
2015-06-28 19:57:18,512 individual factor = 12
2015-06-28 19:57:18,512 zero range = 0.002
2015-06-28 19:57:18,512 greedy level = 10
2015-06-28 19:57:18,512 

2015-06-28 19:57:24,187 Starting Training from 2014-12-17 to 2015-01-01
2015-06-28 20:08:20,326 Starting Live from 2015-01-02 to 2015-02-01
2015-06-28 20:29:37,029 Starting Training from 2015-01-17 to 2015-02-01
2015-06-28 20:30:39,653 Starting Live from 2015-02-02 to 2015-03-04
2015-06-28 20:55:13,391 Starting Training from 2015-02-17 to 2015-03-04
2015-06-28 20:56:36,401 Starting Live from 2015-03-05 to 2015-04-04
2015-06-28 21:24:21,365 Starting Training from 2015-03-20 to 2015-04-04
2015-06-28 21:25:24,451 Starting Live from 2015-04-05 to 2015-04-10
2015-06-28 21:33:36,404 Starting Q Learning for : 
2015-06-28 21:33:36,404 alpha = 0.6
2015-06-28 21:33:36,404 gamma = 0.5
2015-06-28 21:33:36,404 individual factor = 12
2015-06-28 21:33:36,404 zero range = 0.002
2015-06-28 21:33:36,404 greedy level = 10
2015-06-28 21:33:36,404 

2015-06-28 21:33:43,937 Starting Training from 2014-12-17 to 2015-01-01
2015-06-28 21:44:43,157 Starting Live from 2015-01-02 to 2015-02-01
2015-06-28 22:05:45,733 Starting Training from 2015-01-17 to 2015-02-01
2015-06-28 22:06:44,612 Starting Live from 2015-02-02 to 2015-03-04
