2015-06-28 15:10:58,414 Starting Q Learning for : 
2015-06-28 15:10:58,414 alpha = 0.5
2015-06-28 15:10:58,414 gamma = 0.1
2015-06-28 15:10:58,414 individual factor = 12
2015-06-28 15:10:58,414 zero range = 0.002
2015-06-28 15:10:58,414 greedy level = 10
2015-06-28 15:10:58,414 

2015-06-28 15:11:12,910 Starting Training from 2014-12-17 to 2015-01-01
2015-06-28 15:22:01,061 Starting Live from 2015-01-02 to 2015-02-01
2015-06-28 15:43:47,395 Starting Training from 2015-01-17 to 2015-02-01
2015-06-28 15:44:45,470 Starting Live from 2015-02-02 to 2015-03-04
2015-06-28 16:09:50,819 Starting Training from 2015-02-17 to 2015-03-04
2015-06-28 16:11:14,290 Starting Live from 2015-03-05 to 2015-04-04
2015-06-28 16:43:13,660 Starting Training from 2015-03-20 to 2015-04-04
2015-06-28 16:44:20,635 Starting Live from 2015-04-05 to 2015-04-10
2015-06-28 16:53:03,681 Starting Q Learning for : 
2015-06-28 16:53:03,681 alpha = 0.5
2015-06-28 16:53:03,681 gamma = 0.2
2015-06-28 16:53:03,681 individual factor = 12
2015-06-28 16:53:03,681 zero range = 0.002
2015-06-28 16:53:03,681 greedy level = 10
2015-06-28 16:53:03,681 

2015-06-28 16:53:08,296 Starting Training from 2014-12-17 to 2015-01-01
2015-06-28 17:03:55,138 Starting Live from 2015-01-02 to 2015-02-01
2015-06-28 17:24:30,421 Starting Training from 2015-01-17 to 2015-02-01
2015-06-28 17:25:46,013 Starting Live from 2015-02-02 to 2015-03-04
2015-06-28 17:49:54,098 Starting Training from 2015-02-17 to 2015-03-04
2015-06-28 17:51:15,614 Starting Live from 2015-03-05 to 2015-04-04
2015-06-28 18:20:08,480 Starting Training from 2015-03-20 to 2015-04-04
2015-06-28 18:21:14,967 Starting Live from 2015-04-05 to 2015-04-10
2015-06-28 18:29:26,556 Starting Q Learning for : 
2015-06-28 18:29:26,556 alpha = 0.5
2015-06-28 18:29:26,556 gamma = 0.3
2015-06-28 18:29:26,556 individual factor = 12
2015-06-28 18:29:26,556 zero range = 0.002
2015-06-28 18:29:26,556 greedy level = 10
2015-06-28 18:29:26,556 

2015-06-28 18:29:31,187 Starting Training from 2014-12-17 to 2015-01-01
2015-06-28 18:41:02,471 Starting Live from 2015-01-02 to 2015-02-01
2015-06-28 19:02:42,928 Starting Training from 2015-01-17 to 2015-02-01
2015-06-28 19:03:41,819 Starting Live from 2015-02-02 to 2015-03-04
2015-06-28 19:28:29,707 Starting Training from 2015-02-17 to 2015-03-04
2015-06-28 19:29:52,661 Starting Live from 2015-03-05 to 2015-04-04
2015-06-28 19:59:46,658 Starting Training from 2015-03-20 to 2015-04-04
2015-06-28 20:00:50,582 Starting Live from 2015-04-05 to 2015-04-10
2015-06-28 20:10:01,221 Starting Q Learning for : 
2015-06-28 20:10:01,221 alpha = 0.5
2015-06-28 20:10:01,223 gamma = 0.4
2015-06-28 20:10:01,223 individual factor = 12
2015-06-28 20:10:01,223 zero range = 0.002
2015-06-28 20:10:01,223 greedy level = 10
2015-06-28 20:10:01,223 

2015-06-28 20:10:07,575 Starting Training from 2014-12-17 to 2015-01-01
2015-06-28 20:20:29,996 Starting Live from 2015-01-02 to 2015-02-01
2015-06-28 20:41:34,828 Starting Training from 2015-01-17 to 2015-02-01
2015-06-28 20:42:34,242 Starting Live from 2015-02-02 to 2015-03-04
2015-06-28 21:07:41,006 Starting Training from 2015-02-17 to 2015-03-04
2015-06-28 21:09:04,003 Starting Live from 2015-03-05 to 2015-04-04
2015-06-28 21:39:54,197 Starting Training from 2015-03-20 to 2015-04-04
2015-06-28 21:41:01,164 Starting Live from 2015-04-05 to 2015-04-10
2015-06-28 21:49:48,684 Starting Q Learning for : 
2015-06-28 21:49:48,684 alpha = 0.4
2015-06-28 21:49:48,684 gamma = 0.5
2015-06-28 21:49:48,684 individual factor = 12
2015-06-28 21:49:48,684 zero range = 0.002
2015-06-28 21:49:48,684 greedy level = 10
2015-06-28 21:49:48,684 

2015-06-28 21:49:54,154 Starting Training from 2014-12-17 to 2015-01-01
2015-06-28 22:00:39,752 Starting Live from 2015-01-02 to 2015-02-01
