2015-06-20 02:05:05,805 Starting Q Learning for : 
2015-06-20 02:05:05,805 alpha = 0.5
2015-06-20 02:05:05,805 gamma = 0.1
2015-06-20 02:05:05,805 individual factor = 8
2015-06-20 02:05:05,805 zero range = 0.002
2015-06-20 02:05:05,805 greedy level = 5
2015-06-20 02:05:05,805 

2015-06-20 02:05:16,884 Starting Training from 2014-12-17 to 2015-01-01
2015-06-20 02:10:41,111 Starting Live from 2015-01-02 to 2015-02-01
2015-06-20 02:22:31,681 Starting Training from 2015-01-17 to 2015-02-01
2015-06-20 02:23:14,835 Starting Live from 2015-02-02 to 2015-03-04
2015-06-20 02:35:30,789 Starting Training from 2015-02-17 to 2015-03-04
2015-06-20 02:36:11,230 Starting Live from 2015-03-05 to 2015-04-04
2015-06-20 02:51:19,076 Starting Training from 2015-03-20 to 2015-04-04
2015-06-20 02:52:00,845 Starting Live from 2015-04-05 to 2015-04-10
2015-06-20 02:54:48,763 Starting Q Learning for : 
2015-06-20 02:54:48,763 alpha = 0.5
2015-06-20 02:54:48,763 gamma = 0.3
2015-06-20 02:54:48,763 individual factor = 8
2015-06-20 02:54:48,763 zero range = 0.002
2015-06-20 02:54:48,763 greedy level = 5
2015-06-20 02:54:48,763 

2015-06-20 02:54:54,428 Starting Training from 2014-12-17 to 2015-01-01
2015-06-20 02:59:46,385 Starting Live from 2015-01-02 to 2015-02-01
2015-06-20 03:12:07,782 Starting Training from 2015-01-17 to 2015-02-01
2015-06-20 03:12:51,341 Starting Live from 2015-02-02 to 2015-03-04
2015-06-20 03:25:53,180 Starting Training from 2015-02-17 to 2015-03-04
2015-06-20 03:26:38,344 Starting Live from 2015-03-05 to 2015-04-04
2015-06-20 03:43:00,934 Starting Training from 2015-03-20 to 2015-04-04
2015-06-20 03:43:52,269 Starting Live from 2015-04-05 to 2015-04-10
2015-06-20 03:47:20,344 Starting Q Learning for : 
2015-06-20 03:47:20,344 alpha = 0.5
2015-06-20 03:47:20,344 gamma = 0.5
2015-06-20 03:47:20,344 individual factor = 8
2015-06-20 03:47:20,344 zero range = 0.002
2015-06-20 03:47:20,344 greedy level = 5
2015-06-20 03:47:20,345 

2015-06-20 03:47:25,990 Starting Training from 2014-12-17 to 2015-01-01
2015-06-20 03:53:24,042 Starting Live from 2015-01-02 to 2015-02-01
2015-06-20 04:04:43,407 Starting Training from 2015-01-17 to 2015-02-01
2015-06-20 04:05:27,674 Starting Live from 2015-02-02 to 2015-03-04
2015-06-20 04:17:54,306 Starting Training from 2015-02-17 to 2015-03-04
2015-06-20 04:18:42,405 Starting Live from 2015-03-05 to 2015-04-04
2015-06-20 04:32:08,052 Starting Training from 2015-03-20 to 2015-04-04
2015-06-20 04:33:16,851 Starting Live from 2015-04-05 to 2015-04-10
2015-06-20 04:36:35,614 Starting Q Learning for : 
2015-06-20 04:36:35,614 alpha = 0.5
2015-06-20 04:36:35,614 gamma = 0.7
2015-06-20 04:36:35,614 individual factor = 8
2015-06-20 04:36:35,614 zero range = 0.002
2015-06-20 04:36:35,614 greedy level = 5
2015-06-20 04:36:35,615 

2015-06-20 04:36:40,575 Starting Training from 2014-12-17 to 2015-01-01
2015-06-20 04:41:43,135 Starting Live from 2015-01-02 to 2015-02-01
2015-06-20 04:52:38,605 Starting Training from 2015-01-17 to 2015-02-01
2015-06-20 04:53:35,075 Starting Live from 2015-02-02 to 2015-03-04
2015-06-20 05:01:38,486 Starting Training from 2015-02-17 to 2015-03-04
2015-06-20 05:03:06,180 Starting Live from 2015-03-05 to 2015-04-04
2015-06-20 05:11:39,786 Starting Training from 2015-03-20 to 2015-04-04
2015-06-20 05:13:16,983 Starting Live from 2015-04-05 to 2015-04-10
