2015-06-24 01:27:21,911 Starting Q Learning for : 
2015-06-24 01:27:21,911 alpha = 0.5
2015-06-24 01:27:21,911 gamma = 0.1
2015-06-24 01:27:21,911 individual factor = 12
2015-06-24 01:27:21,911 zero range = 0.01
2015-06-24 01:27:21,911 greedy level = 10
2015-06-24 01:27:21,911 

2015-06-24 01:27:29,457 Starting Training from 2014-12-17 to 2015-01-01
2015-06-24 01:39:45,795 Starting Live from 2015-01-02 to 2015-02-01
2015-06-24 02:10:03,816 Starting Training from 2015-01-17 to 2015-02-01
2015-06-24 02:11:25,096 Starting Live from 2015-02-02 to 2015-03-04
2015-06-24 02:38:09,247 Starting Training from 2015-02-17 to 2015-03-04
2015-06-24 02:40:13,418 Starting Live from 2015-03-05 to 2015-04-04
2015-06-24 03:18:22,540 Starting Training from 2015-03-20 to 2015-04-04
2015-06-24 03:20:38,303 Starting Live from 2015-04-05 to 2015-04-10
2015-06-24 03:30:05,431 Starting Q Learning for : 
2015-06-24 03:30:05,431 alpha = 0.5
2015-06-24 03:30:05,431 gamma = 0.2
2015-06-24 03:30:05,431 individual factor = 12
2015-06-24 03:30:05,431 zero range = 0.01
2015-06-24 03:30:05,431 greedy level = 10
2015-06-24 03:30:05,431 

2015-06-24 03:30:11,444 Starting Training from 2014-12-17 to 2015-01-01
2015-06-24 03:41:47,259 Starting Live from 2015-01-02 to 2015-02-01
2015-06-24 04:10:26,467 Starting Training from 2015-01-17 to 2015-02-01
2015-06-24 04:12:08,056 Starting Live from 2015-02-02 to 2015-03-04
2015-06-24 04:39:42,980 Starting Training from 2015-02-17 to 2015-03-04
2015-06-24 04:41:41,131 Starting Live from 2015-03-05 to 2015-04-04
2015-06-24 05:12:43,217 Starting Training from 2015-03-20 to 2015-04-04
2015-06-24 05:14:34,471 Starting Live from 2015-04-05 to 2015-04-10
2015-06-24 05:22:10,990 Starting Q Learning for : 
2015-06-24 05:22:10,990 alpha = 0.5
2015-06-24 05:22:10,990 gamma = 0.3
2015-06-24 05:22:10,990 individual factor = 12
2015-06-24 05:22:10,990 zero range = 0.01
2015-06-24 05:22:10,990 greedy level = 10
2015-06-24 05:22:10,990 

2015-06-24 05:22:17,009 Starting Training from 2014-12-17 to 2015-01-01
2015-06-24 05:33:53,431 Starting Live from 2015-01-02 to 2015-02-01
2015-06-24 06:02:54,756 Starting Training from 2015-01-17 to 2015-02-01
2015-06-24 06:04:16,584 Starting Live from 2015-02-02 to 2015-03-04
2015-06-24 06:31:52,585 Starting Training from 2015-02-17 to 2015-03-04
2015-06-24 06:33:46,206 Starting Live from 2015-03-05 to 2015-04-04
2015-06-24 07:04:49,516 Starting Training from 2015-03-20 to 2015-04-04
2015-06-24 07:06:55,490 Starting Live from 2015-04-05 to 2015-04-10
2015-06-24 07:13:49,200 Starting Q Learning for : 
2015-06-24 07:13:49,200 alpha = 0.5
2015-06-24 07:13:49,200 gamma = 0.4
2015-06-24 07:13:49,200 individual factor = 12
2015-06-24 07:13:49,200 zero range = 0.01
2015-06-24 07:13:49,200 greedy level = 10
2015-06-24 07:13:49,200 

2015-06-24 07:13:54,585 Starting Training from 2014-12-17 to 2015-01-01
2015-06-24 07:26:08,075 Starting Live from 2015-01-02 to 2015-02-01
2015-06-24 07:54:13,782 Starting Training from 2015-01-17 to 2015-02-01
2015-06-24 07:55:29,762 Starting Live from 2015-02-02 to 2015-03-04
2015-06-24 08:22:25,663 Starting Training from 2015-02-17 to 2015-03-04
2015-06-24 08:24:30,790 Starting Live from 2015-03-05 to 2015-04-04
2015-06-24 08:55:34,716 Starting Training from 2015-03-20 to 2015-04-04
2015-06-24 08:57:32,516 Starting Live from 2015-04-05 to 2015-04-10
2015-06-24 09:04:29,178 Starting Q Learning for : 
2015-06-24 09:04:29,178 alpha = 0.5
2015-06-24 09:04:29,178 gamma = 0.5
2015-06-24 09:04:29,178 individual factor = 12
2015-06-24 09:04:29,178 zero range = 0.01
2015-06-24 09:04:29,178 greedy level = 10
2015-06-24 09:04:29,178 

2015-06-24 09:04:34,867 Starting Training from 2014-12-17 to 2015-01-01
2015-06-24 09:16:30,348 Starting Live from 2015-01-02 to 2015-02-01
2015-06-24 09:44:31,799 Starting Training from 2015-01-17 to 2015-02-01
2015-06-24 09:45:50,667 Starting Live from 2015-02-02 to 2015-03-04
2015-06-24 10:12:27,171 Starting Training from 2015-02-17 to 2015-03-04
2015-06-24 10:14:45,709 Starting Live from 2015-03-05 to 2015-04-04
2015-06-24 10:43:44,266 Starting Training from 2015-03-20 to 2015-04-04
2015-06-24 10:45:47,154 Starting Live from 2015-04-05 to 2015-04-10
2015-06-24 10:52:33,434 Starting Q Learning for : 
2015-06-24 10:52:33,434 alpha = 0.5
2015-06-24 10:52:33,434 gamma = 0.6
2015-06-24 10:52:33,434 individual factor = 12
2015-06-24 10:52:33,434 zero range = 0.01
2015-06-24 10:52:33,434 greedy level = 10
2015-06-24 10:52:33,434 

2015-06-24 10:52:41,040 Starting Training from 2014-12-17 to 2015-01-01
2015-06-24 11:04:30,072 Starting Live from 2015-01-02 to 2015-02-01
2015-06-24 11:32:22,989 Starting Training from 2015-01-17 to 2015-02-01
2015-06-24 11:33:38,793 Starting Live from 2015-02-02 to 2015-03-04
2015-06-24 12:00:56,673 Starting Training from 2015-02-17 to 2015-03-04
2015-06-24 12:03:04,161 Starting Live from 2015-03-05 to 2015-04-04
2015-06-24 12:35:34,990 Starting Training from 2015-03-20 to 2015-04-04
2015-06-24 12:37:41,095 Starting Live from 2015-04-05 to 2015-04-10
2015-06-24 12:46:54,628 Starting Q Learning for : 
2015-06-24 12:46:54,630 alpha = 0.4
2015-06-24 12:46:54,630 gamma = 0.3
2015-06-24 12:46:54,630 individual factor = 12
2015-06-24 12:46:54,630 zero range = 0.01
2015-06-24 12:46:54,630 greedy level = 10
2015-06-24 12:46:54,630 

2015-06-24 12:46:59,779 Starting Training from 2014-12-17 to 2015-01-01
2015-06-24 12:59:32,538 Starting Live from 2015-01-02 to 2015-02-01
2015-06-24 13:32:12,447 Starting Training from 2015-01-17 to 2015-02-01
2015-06-24 13:33:49,144 Starting Live from 2015-02-02 to 2015-03-04
2015-06-24 14:04:58,676 Starting Training from 2015-02-17 to 2015-03-04
2015-06-24 14:07:54,737 Starting Live from 2015-03-05 to 2015-04-04
2015-06-24 14:44:27,891 Starting Training from 2015-03-20 to 2015-04-04
2015-06-24 14:46:40,267 Starting Live from 2015-04-05 to 2015-04-10
2015-06-24 14:56:15,921 Starting Q Learning for : 
2015-06-24 14:56:15,921 alpha = 0.4
2015-06-24 14:56:15,921 gamma = 0.4
2015-06-24 14:56:15,921 individual factor = 12
2015-06-24 14:56:15,921 zero range = 0.01
2015-06-24 14:56:15,921 greedy level = 10
2015-06-24 14:56:15,921 

2015-06-24 14:56:22,476 Starting Training from 2014-12-17 to 2015-01-01
2015-06-24 15:10:02,811 Starting Live from 2015-01-02 to 2015-02-01
2015-06-24 15:42:43,540 Starting Training from 2015-01-17 to 2015-02-01
2015-06-24 15:44:16,401 Starting Live from 2015-02-02 to 2015-03-04
2015-06-24 16:15:07,875 Starting Training from 2015-02-17 to 2015-03-04
2015-06-24 16:17:30,615 Starting Live from 2015-03-05 to 2015-04-04
2015-06-24 16:54:30,763 Starting Training from 2015-03-20 to 2015-04-04
2015-06-24 16:56:36,444 Starting Live from 2015-04-05 to 2015-04-10
2015-06-24 17:05:17,369 Starting Q Learning for : 
2015-06-24 17:05:17,369 alpha = 0.4
2015-06-24 17:05:17,369 gamma = 0.5
2015-06-24 17:05:17,369 individual factor = 12
2015-06-24 17:05:17,369 zero range = 0.01
2015-06-24 17:05:17,369 greedy level = 10
2015-06-24 17:05:17,369 

2015-06-24 17:05:27,020 Starting Training from 2014-12-17 to 2015-01-01
2015-06-24 17:18:48,670 Starting Live from 2015-01-02 to 2015-02-01
2015-06-24 17:51:00,499 Starting Training from 2015-01-17 to 2015-02-01
2015-06-24 17:52:27,714 Starting Live from 2015-02-02 to 2015-03-04
2015-06-24 18:22:36,605 Starting Training from 2015-02-17 to 2015-03-04
2015-06-24 18:24:47,039 Starting Live from 2015-03-05 to 2015-04-04
2015-06-24 18:59:01,999 Starting Training from 2015-03-20 to 2015-04-04
2015-06-24 19:01:09,931 Starting Live from 2015-04-05 to 2015-04-10
2015-06-24 19:08:56,494 Starting Q Learning for : 
2015-06-24 19:08:56,494 alpha = 0.4
2015-06-24 19:08:56,494 gamma = 0.6
2015-06-24 19:08:56,494 individual factor = 12
2015-06-24 19:08:56,494 zero range = 0.01
2015-06-24 19:08:56,494 greedy level = 10
2015-06-24 19:08:56,494 

2015-06-24 19:09:02,556 Starting Training from 2014-12-17 to 2015-01-01
2015-06-24 19:22:43,319 Starting Live from 2015-01-02 to 2015-02-01
2015-06-24 19:54:33,331 Starting Training from 2015-01-17 to 2015-02-01
2015-06-24 19:56:05,375 Starting Live from 2015-02-02 to 2015-03-04
2015-06-24 20:26:05,619 Starting Training from 2015-02-17 to 2015-03-04
2015-06-24 20:28:14,520 Starting Live from 2015-03-05 to 2015-04-04
2015-06-24 21:00:46,200 Starting Training from 2015-03-20 to 2015-04-04
2015-06-24 21:03:10,772 Starting Live from 2015-04-05 to 2015-04-10
2015-06-24 21:12:19,775 Starting Q Learning for : 
2015-06-24 21:12:19,775 alpha = 0.4
2015-06-24 21:12:19,775 gamma = 0.7
2015-06-24 21:12:19,775 individual factor = 12
2015-06-24 21:12:19,775 zero range = 0.01
2015-06-24 21:12:19,775 greedy level = 10
2015-06-24 21:12:19,776 

2015-06-24 21:12:25,907 Starting Training from 2014-12-17 to 2015-01-01
2015-06-24 21:25:18,158 Starting Live from 2015-01-02 to 2015-02-01
2015-06-24 21:44:20,875 Starting Training from 2015-01-17 to 2015-02-01
2015-06-24 21:45:46,591 Starting Live from 2015-02-02 to 2015-03-04
2015-06-24 21:55:42,729 Starting Training from 2015-02-17 to 2015-03-04
2015-06-24 22:04:45,750 Starting Live from 2015-03-05 to 2015-04-04
2015-06-24 22:27:06,125 Starting Training from 2015-03-20 to 2015-04-04
2015-06-24 22:29:27,266 Starting Live from 2015-04-05 to 2015-04-10
2015-06-24 22:33:19,408 Starting Q Learning for : 
2015-06-24 22:33:19,408 alpha = 0.4
2015-06-24 22:33:19,408 gamma = 0.8
2015-06-24 22:33:19,408 individual factor = 12
2015-06-24 22:33:19,410 zero range = 0.01
2015-06-24 22:33:19,410 greedy level = 10
2015-06-24 22:33:19,410 

2015-06-24 22:33:25,525 Starting Training from 2014-12-17 to 2015-01-01
2015-06-24 22:46:22,967 Starting Live from 2015-01-02 to 2015-02-01
2015-06-24 23:03:29,671 Starting Training from 2015-01-17 to 2015-02-01
2015-06-24 23:04:53,312 Starting Live from 2015-02-02 to 2015-03-04
2015-06-24 23:10:12,905 Starting Training from 2015-02-17 to 2015-03-04
2015-06-24 23:20:50,963 Starting Live from 2015-03-05 to 2015-04-04
2015-06-24 23:38:19,069 Starting Training from 2015-03-20 to 2015-04-04
2015-06-24 23:41:11,507 Starting Live from 2015-04-05 to 2015-04-10
2015-06-24 23:44:13,178 Starting Q Learning for : 
2015-06-24 23:44:13,178 alpha = 0.2
2015-06-24 23:44:13,178 gamma = 0.7
2015-06-24 23:44:13,178 individual factor = 12
2015-06-24 23:44:13,178 zero range = 0.01
2015-06-24 23:44:13,178 greedy level = 10
2015-06-24 23:44:13,180 

2015-06-24 23:44:19,200 Starting Training from 2014-12-17 to 2015-01-01
2015-06-24 23:56:33,917 Starting Live from 2015-01-02 to 2015-02-01
2015-06-25 00:15:33,181 Starting Training from 2015-01-17 to 2015-02-01
2015-06-25 00:16:56,740 Starting Live from 2015-02-02 to 2015-03-04
2015-06-25 00:26:40,099 Starting Training from 2015-02-17 to 2015-03-04
2015-06-25 00:35:47,223 Starting Live from 2015-03-05 to 2015-04-04
2015-06-25 00:58:01,538 Starting Training from 2015-03-20 to 2015-04-04
2015-06-25 01:00:06,161 Starting Live from 2015-04-05 to 2015-04-10
2015-06-25 01:03:54,665 Starting Q Learning for : 
2015-06-25 01:03:54,665 alpha = 0.2
2015-06-25 01:03:54,665 gamma = 0.8
2015-06-25 01:03:54,665 individual factor = 12
2015-06-25 01:03:54,665 zero range = 0.01
2015-06-25 01:03:54,665 greedy level = 10
2015-06-25 01:03:54,665 

2015-06-25 01:04:00,282 Starting Training from 2014-12-17 to 2015-01-01
2015-06-25 01:16:27,289 Starting Live from 2015-01-02 to 2015-02-01
2015-06-25 01:32:55,928 Starting Training from 2015-01-17 to 2015-02-01
2015-06-25 01:34:16,289 Starting Live from 2015-02-02 to 2015-03-04
2015-06-25 01:39:58,713 Starting Training from 2015-02-17 to 2015-03-04
2015-06-25 01:49:52,743 Starting Live from 2015-03-05 to 2015-04-04
2015-06-25 02:06:45,811 Starting Training from 2015-03-20 to 2015-04-04
2015-06-25 02:08:45,940 Starting Live from 2015-04-05 to 2015-04-10
2015-06-25 02:11:17,135 Starting Q Learning for : 
2015-06-25 02:11:17,137 alpha = 0.8
2015-06-25 02:11:17,137 gamma = 0.1
2015-06-25 02:11:17,137 individual factor = 12
2015-06-25 02:11:17,137 zero range = 0.01
2015-06-25 02:11:17,137 greedy level = 10
2015-06-25 02:11:17,137 

2015-06-25 02:11:22,644 Starting Training from 2014-12-17 to 2015-01-01
2015-06-25 02:24:01,048 Starting Live from 2015-01-02 to 2015-02-01
2015-06-25 02:52:24,713 Starting Training from 2015-01-17 to 2015-02-01
2015-06-25 02:53:42,059 Starting Live from 2015-02-02 to 2015-03-04
2015-06-25 03:21:26,684 Starting Training from 2015-02-17 to 2015-03-04
2015-06-25 03:23:24,653 Starting Live from 2015-03-05 to 2015-04-04
2015-06-25 03:56:23,677 Starting Training from 2015-03-20 to 2015-04-04
2015-06-25 03:58:27,290 Starting Live from 2015-04-05 to 2015-04-10
2015-06-25 04:06:39,733 Starting Q Learning for : 
2015-06-25 04:06:39,734 alpha = 0.8
2015-06-25 04:06:39,734 gamma = 0.2
2015-06-25 04:06:39,734 individual factor = 12
2015-06-25 04:06:39,734 zero range = 0.01
2015-06-25 04:06:39,734 greedy level = 10
2015-06-25 04:06:39,734 

2015-06-25 04:06:45,265 Starting Training from 2014-12-17 to 2015-01-01
2015-06-25 04:17:57,802 Starting Live from 2015-01-02 to 2015-02-01
2015-06-25 04:46:11,283 Starting Training from 2015-01-17 to 2015-02-01
2015-06-25 04:47:50,760 Starting Live from 2015-02-02 to 2015-03-04
2015-06-25 05:14:54,836 Starting Training from 2015-02-17 to 2015-03-04
2015-06-25 05:16:54,644 Starting Live from 2015-03-05 to 2015-04-04
2015-06-25 05:47:36,043 Starting Training from 2015-03-20 to 2015-04-04
2015-06-25 05:49:38,167 Starting Live from 2015-04-05 to 2015-04-10
2015-06-25 05:57:12,193 Starting Q Learning for : 
2015-06-25 05:57:12,193 alpha = 0.8
2015-06-25 05:57:12,194 gamma = 0.3
2015-06-25 05:57:12,194 individual factor = 12
2015-06-25 05:57:12,194 zero range = 0.01
2015-06-25 05:57:12,194 greedy level = 10
2015-06-25 05:57:12,194 

2015-06-25 05:57:18,078 Starting Training from 2014-12-17 to 2015-01-01
2015-06-25 06:08:32,464 Starting Live from 2015-01-02 to 2015-02-01
2015-06-25 06:36:05,618 Starting Training from 2015-01-17 to 2015-02-01
2015-06-25 06:37:45,540 Starting Live from 2015-02-02 to 2015-03-04
2015-06-25 07:04:05,493 Starting Training from 2015-02-17 to 2015-03-04
2015-06-25 07:06:15,786 Starting Live from 2015-03-05 to 2015-04-04
2015-06-25 07:36:56,782 Starting Training from 2015-03-20 to 2015-04-04
2015-06-25 07:38:25,467 Starting Live from 2015-04-05 to 2015-04-10
2015-06-25 07:46:00,894 Starting Q Learning for : 
2015-06-25 07:46:00,894 alpha = 0.8
2015-06-25 07:46:00,894 gamma = 0.4
2015-06-25 07:46:00,894 individual factor = 12
2015-06-25 07:46:00,894 zero range = 0.01
2015-06-25 07:46:00,894 greedy level = 10
2015-06-25 07:46:00,894 

2015-06-25 07:46:05,513 Starting Training from 2014-12-17 to 2015-01-01
2015-06-25 07:56:56,003 Starting Live from 2015-01-02 to 2015-02-01
2015-06-25 08:23:30,642 Starting Training from 2015-01-17 to 2015-02-01
2015-06-25 08:24:46,740 Starting Live from 2015-02-02 to 2015-03-04
2015-06-25 08:50:01,477 Starting Training from 2015-02-17 to 2015-03-04
2015-06-25 08:52:01,038 Starting Live from 2015-03-05 to 2015-04-04
2015-06-25 09:23:00,344 Starting Training from 2015-03-20 to 2015-04-04
2015-06-25 09:24:48,517 Starting Live from 2015-04-05 to 2015-04-10
2015-06-25 09:32:34,078 Starting Q Learning for : 
2015-06-25 09:32:34,078 alpha = 0.8
2015-06-25 09:32:34,078 gamma = 0.5
2015-06-25 09:32:34,078 individual factor = 12
2015-06-25 09:32:34,078 zero range = 0.01
2015-06-25 09:32:34,078 greedy level = 10
2015-06-25 09:32:34,078 

2015-06-25 09:32:40,539 Starting Training from 2014-12-17 to 2015-01-01
2015-06-25 09:43:46,730 Starting Live from 2015-01-02 to 2015-02-01
2015-06-25 10:10:24,157 Starting Training from 2015-01-17 to 2015-02-01
2015-06-25 10:11:35,473 Starting Live from 2015-02-02 to 2015-03-04
2015-06-25 10:37:31,703 Starting Training from 2015-02-17 to 2015-03-04
2015-06-25 10:39:59,664 Starting Live from 2015-03-05 to 2015-04-04
2015-06-25 11:08:23,141 Starting Training from 2015-03-20 to 2015-04-04
2015-06-25 11:10:17,303 Starting Live from 2015-04-05 to 2015-04-10
2015-06-25 11:16:40,512 Starting Q Learning for : 
2015-06-25 11:16:40,512 alpha = 0.8
2015-06-25 11:16:40,513 gamma = 0.6
2015-06-25 11:16:40,513 individual factor = 12
2015-06-25 11:16:40,513 zero range = 0.01
2015-06-25 11:16:40,513 greedy level = 10
2015-06-25 11:16:40,513 

2015-06-25 11:16:46,220 Starting Training from 2014-12-17 to 2015-01-01
2015-06-25 11:28:19,053 Starting Live from 2015-01-02 to 2015-02-01
2015-06-25 11:54:48,532 Starting Training from 2015-01-17 to 2015-02-01
2015-06-25 11:56:03,592 Starting Live from 2015-02-02 to 2015-03-04
2015-06-25 12:21:08,464 Starting Training from 2015-02-17 to 2015-03-04
2015-06-25 12:23:00,336 Starting Live from 2015-03-05 to 2015-04-04
2015-06-25 12:53:00,078 Starting Training from 2015-03-20 to 2015-04-04
2015-06-25 12:55:00,391 Starting Live from 2015-04-05 to 2015-04-10
2015-06-25 13:01:47,844 Starting Q Learning for : 
2015-06-25 13:01:47,845 alpha = 0.8
2015-06-25 13:01:47,845 gamma = 0.7
2015-06-25 13:01:47,845 individual factor = 12
2015-06-25 13:01:47,845 zero range = 0.01
2015-06-25 13:01:47,845 greedy level = 10
2015-06-25 13:01:47,845 

2015-06-25 13:01:52,677 Starting Training from 2014-12-17 to 2015-01-01
2015-06-25 13:12:41,265 Starting Live from 2015-01-02 to 2015-02-01
2015-06-25 13:29:05,206 Starting Training from 2015-01-17 to 2015-02-01
2015-06-25 13:30:17,025 Starting Live from 2015-02-02 to 2015-03-04
2015-06-25 13:39:22,536 Starting Training from 2015-02-17 to 2015-03-04
2015-06-25 13:47:18,210 Starting Live from 2015-03-05 to 2015-04-04
2015-06-25 14:06:37,773 Starting Training from 2015-03-20 to 2015-04-04
2015-06-25 14:08:32,088 Starting Live from 2015-04-05 to 2015-04-10
2015-06-25 14:11:42,749 Starting Q Learning for : 
2015-06-25 14:11:42,750 alpha = 0.8
2015-06-25 14:11:42,750 gamma = 0.8
2015-06-25 14:11:42,750 individual factor = 12
2015-06-25 14:11:42,750 zero range = 0.01
2015-06-25 14:11:42,750 greedy level = 10
2015-06-25 14:11:42,750 

2015-06-25 14:11:47,397 Starting Training from 2014-12-17 to 2015-01-01
2015-06-25 14:23:18,852 Starting Live from 2015-01-02 to 2015-02-01
2015-06-25 14:37:50,167 Starting Training from 2015-01-17 to 2015-02-01
2015-06-25 14:39:02,907 Starting Live from 2015-02-02 to 2015-03-04
2015-06-25 14:44:40,033 Starting Training from 2015-02-17 to 2015-03-04
2015-06-25 14:53:26,053 Starting Live from 2015-03-05 to 2015-04-04
2015-06-25 15:08:39,150 Starting Training from 2015-03-20 to 2015-04-04
2015-06-25 15:10:38,858 Starting Live from 2015-04-05 to 2015-04-10
2015-06-25 15:12:53,604 Starting Q Learning for : 
2015-06-25 15:12:53,604 alpha = 0.2
2015-06-25 15:12:53,604 gamma = 0.4
2015-06-25 15:12:53,604 individual factor = 12
2015-06-25 15:12:53,604 zero range = 0.006
2015-06-25 15:12:53,604 greedy level = 10
2015-06-25 15:12:53,605 

2015-06-25 15:12:55,089 Starting Training from 2014-12-17 to 2015-01-01
2015-06-25 15:23:23,289 Starting Live from 2015-01-02 to 2015-02-01
2015-06-25 15:50:10,785 Starting Training from 2015-01-17 to 2015-02-01
2015-06-25 15:51:25,131 Starting Live from 2015-02-02 to 2015-03-04
2015-06-25 16:16:47,394 Starting Training from 2015-02-17 to 2015-03-04
2015-06-25 16:18:39,655 Starting Live from 2015-03-05 to 2015-04-04
2015-06-25 16:54:31,153 Starting Training from 2015-03-20 to 2015-04-04
2015-06-25 16:56:17,117 Starting Live from 2015-04-05 to 2015-04-10
2015-06-25 17:04:11,938 Starting Q Learning for : 
2015-06-25 17:04:11,938 alpha = 0.2
2015-06-25 17:04:11,938 gamma = 0.5
2015-06-25 17:04:11,940 individual factor = 12
2015-06-25 17:04:11,940 zero range = 0.006
2015-06-25 17:04:11,940 greedy level = 10
2015-06-25 17:04:11,940 

2015-06-25 17:04:17,101 Starting Training from 2014-12-17 to 2015-01-01
2015-06-25 17:15:10,487 Starting Live from 2015-01-02 to 2015-02-01
2015-06-25 17:41:18,625 Starting Training from 2015-01-17 to 2015-02-01
2015-06-25 17:42:28,648 Starting Live from 2015-02-02 to 2015-03-04
2015-06-25 18:06:39,250 Starting Training from 2015-02-17 to 2015-03-04
2015-06-25 18:08:31,249 Starting Live from 2015-03-05 to 2015-04-04
2015-06-25 18:39:49,796 Starting Training from 2015-03-20 to 2015-04-04
2015-06-25 18:41:59,630 Starting Live from 2015-04-05 to 2015-04-10
