2015-06-22 16:25:14,720 Starting Q Learning for : 
2015-06-22 16:25:14,720 alpha = 0.6
2015-06-22 16:25:14,720 gamma = 0.3
2015-06-22 16:25:14,720 individual factor = 12
2015-06-22 16:25:14,720 zero range = 0.006
2015-06-22 16:25:14,720 greedy level = 10
2015-06-22 16:25:14,720 

2015-06-22 16:25:17,253 Starting Training from 2014-12-17 to 2015-01-01
2015-06-22 16:37:26,023 Starting Live from 2015-01-02 to 2015-02-01
2015-06-22 17:08:13,875 Starting Training from 2015-01-17 to 2015-02-01
2015-06-22 17:09:33,924 Starting Live from 2015-02-02 to 2015-03-04
2015-06-22 17:38:59,042 Starting Training from 2015-02-17 to 2015-03-04
2015-06-22 17:41:00,401 Starting Live from 2015-03-05 to 2015-04-04
2015-06-22 18:19:59,355 Starting Training from 2015-03-20 to 2015-04-04
2015-06-22 18:22:00,180 Starting Live from 2015-04-05 to 2015-04-10
2015-06-22 18:30:28,365 Starting Q Learning for : 
2015-06-22 18:30:28,367 alpha = 0.6
2015-06-22 18:30:28,367 gamma = 0.4
2015-06-22 18:30:28,367 individual factor = 12
2015-06-22 18:30:28,367 zero range = 0.006
2015-06-22 18:30:28,367 greedy level = 10
2015-06-22 18:30:28,367 

2015-06-22 18:30:32,273 Starting Training from 2014-12-17 to 2015-01-01
2015-06-22 18:43:00,019 Starting Live from 2015-01-02 to 2015-02-01
2015-06-22 19:11:54,344 Starting Training from 2015-01-17 to 2015-02-01
2015-06-22 19:13:17,467 Starting Live from 2015-02-02 to 2015-03-04
2015-06-22 19:39:09,671 Starting Training from 2015-02-17 to 2015-03-04
2015-06-22 19:41:32,270 Starting Live from 2015-03-05 to 2015-04-04
2015-06-22 20:17:06,313 Starting Training from 2015-03-20 to 2015-04-04
2015-06-22 20:19:05,835 Starting Live from 2015-04-05 to 2015-04-10
2015-06-22 20:29:11,234 Starting Q Learning for : 
2015-06-22 20:29:11,236 alpha = 0.6
2015-06-22 20:29:11,236 gamma = 0.5
2015-06-22 20:29:11,236 individual factor = 12
2015-06-22 20:29:11,236 zero range = 0.006
2015-06-22 20:29:11,236 greedy level = 10
2015-06-22 20:29:11,236 

2015-06-22 20:29:23,355 Starting Training from 2014-12-17 to 2015-01-01
2015-06-22 20:41:01,676 Starting Live from 2015-01-02 to 2015-02-01
2015-06-22 21:11:05,573 Starting Training from 2015-01-17 to 2015-02-01
2015-06-22 21:12:27,306 Starting Live from 2015-02-02 to 2015-03-04
2015-06-22 21:40:41,826 Starting Training from 2015-02-17 to 2015-03-04
2015-06-22 21:42:46,976 Starting Live from 2015-03-05 to 2015-04-04
2015-06-22 22:16:28,684 Starting Training from 2015-03-20 to 2015-04-04
2015-06-22 22:18:07,888 Starting Live from 2015-04-05 to 2015-04-10
2015-06-22 22:27:42,013 Starting Q Learning for : 
2015-06-22 22:27:42,013 alpha = 0.6
2015-06-22 22:27:42,013 gamma = 0.6
2015-06-22 22:27:42,013 individual factor = 12
2015-06-22 22:27:42,013 zero range = 0.006
2015-06-22 22:27:42,013 greedy level = 10
2015-06-22 22:27:42,013 

2015-06-22 22:27:48,019 Starting Training from 2014-12-17 to 2015-01-01
2015-06-22 22:40:03,436 Starting Live from 2015-01-02 to 2015-02-01
2015-06-22 23:08:41,448 Starting Training from 2015-01-17 to 2015-02-01
2015-06-22 23:10:04,131 Starting Live from 2015-02-02 to 2015-03-04
2015-06-22 23:38:50,506 Starting Training from 2015-02-17 to 2015-03-04
2015-06-22 23:40:46,115 Starting Live from 2015-03-05 to 2015-04-04
2015-06-23 00:14:38,223 Starting Training from 2015-03-20 to 2015-04-04
2015-06-23 00:17:13,082 Starting Live from 2015-04-05 to 2015-04-10
2015-06-23 00:24:11,451 Starting Q Learning for : 
2015-06-23 00:24:11,451 alpha = 0.6
2015-06-23 00:24:11,451 gamma = 0.7
2015-06-23 00:24:11,451 individual factor = 12
2015-06-23 00:24:11,451 zero range = 0.006
2015-06-23 00:24:11,451 greedy level = 10
2015-06-23 00:24:11,451 

2015-06-23 00:24:16,783 Starting Training from 2014-12-17 to 2015-01-01
2015-06-23 00:36:01,782 Starting Live from 2015-01-02 to 2015-02-01
2015-06-23 00:53:48,095 Starting Training from 2015-01-17 to 2015-02-01
2015-06-23 00:55:07,680 Starting Live from 2015-02-02 to 2015-03-04
2015-06-23 01:04:52,250 Starting Training from 2015-02-17 to 2015-03-04
2015-06-23 01:13:12,555 Starting Live from 2015-03-05 to 2015-04-04
2015-06-23 01:34:08,516 Starting Training from 2015-03-20 to 2015-04-04
2015-06-23 01:36:01,772 Starting Live from 2015-04-05 to 2015-04-10
2015-06-23 01:39:27,013 Starting Q Learning for : 
2015-06-23 01:39:27,013 alpha = 0.6
2015-06-23 01:39:27,013 gamma = 0.8
2015-06-23 01:39:27,013 individual factor = 12
2015-06-23 01:39:27,013 zero range = 0.006
2015-06-23 01:39:27,013 greedy level = 10
2015-06-23 01:39:27,013 

2015-06-23 01:39:30,871 Starting Training from 2014-12-17 to 2015-01-01
2015-06-23 01:51:33,578 Starting Live from 2015-01-02 to 2015-02-01
2015-06-23 02:07:51,117 Starting Training from 2015-01-17 to 2015-02-01
2015-06-23 02:09:12,948 Starting Live from 2015-02-02 to 2015-03-04
2015-06-23 02:14:29,496 Starting Training from 2015-02-17 to 2015-03-04
2015-06-23 02:24:53,414 Starting Live from 2015-03-05 to 2015-04-04
2015-06-23 02:40:54,115 Starting Training from 2015-03-20 to 2015-04-04
2015-06-23 02:43:18,286 Starting Live from 2015-04-05 to 2015-04-10
2015-06-23 02:46:23,186 Starting Q Learning for : 
2015-06-23 02:46:23,186 alpha = 0.4
2015-06-23 02:46:23,186 gamma = 0.1
2015-06-23 02:46:23,186 individual factor = 12
2015-06-23 02:46:23,186 zero range = 0.006
2015-06-23 02:46:23,186 greedy level = 10
2015-06-23 02:46:23,186 

2015-06-23 02:46:27,322 Starting Training from 2014-12-17 to 2015-01-01
2015-06-23 02:57:49,016 Starting Live from 2015-01-02 to 2015-02-01
2015-06-23 03:27:02,750 Starting Training from 2015-01-17 to 2015-02-01
2015-06-23 03:28:31,632 Starting Live from 2015-02-02 to 2015-03-04
2015-06-23 03:54:51,505 Starting Training from 2015-02-17 to 2015-03-04
2015-06-23 03:56:46,545 Starting Live from 2015-03-05 to 2015-04-04
2015-06-23 04:27:21,301 Starting Training from 2015-03-20 to 2015-04-04
2015-06-23 04:30:02,005 Starting Live from 2015-04-05 to 2015-04-10
2015-06-23 04:37:33,678 Starting Q Learning for : 
2015-06-23 04:37:33,678 alpha = 0.4
2015-06-23 04:37:33,678 gamma = 0.2
2015-06-23 04:37:33,678 individual factor = 12
2015-06-23 04:37:33,680 zero range = 0.006
2015-06-23 04:37:33,680 greedy level = 10
2015-06-23 04:37:33,680 

2015-06-23 04:37:37,206 Starting Training from 2014-12-17 to 2015-01-01
2015-06-23 04:48:59,289 Starting Live from 2015-01-02 to 2015-02-01
2015-06-23 05:18:16,017 Starting Training from 2015-01-17 to 2015-02-01
2015-06-23 05:19:34,980 Starting Live from 2015-02-02 to 2015-03-04
2015-06-23 05:45:59,789 Starting Training from 2015-02-17 to 2015-03-04
2015-06-23 05:48:04,644 Starting Live from 2015-03-05 to 2015-04-04
2015-06-23 06:19:06,358 Starting Training from 2015-03-20 to 2015-04-04
2015-06-23 06:21:05,730 Starting Live from 2015-04-05 to 2015-04-10
2015-06-23 06:28:29,444 Starting Q Learning for : 
2015-06-23 06:28:29,444 alpha = 0.4
2015-06-23 06:28:29,446 gamma = 0.3
2015-06-23 06:28:29,446 individual factor = 12
2015-06-23 06:28:29,446 zero range = 0.006
2015-06-23 06:28:29,446 greedy level = 10
2015-06-23 06:28:29,446 

2015-06-23 06:28:32,417 Starting Training from 2014-12-17 to 2015-01-01
2015-06-23 06:40:57,178 Starting Live from 2015-01-02 to 2015-02-01
2015-06-23 07:09:05,457 Starting Training from 2015-01-17 to 2015-02-01
2015-06-23 07:10:25,131 Starting Live from 2015-02-02 to 2015-03-04
2015-06-23 07:37:55,345 Starting Training from 2015-02-17 to 2015-03-04
2015-06-23 07:39:54,851 Starting Live from 2015-03-05 to 2015-04-04
2015-06-23 08:11:50,891 Starting Training from 2015-03-20 to 2015-04-04
2015-06-23 08:13:39,542 Starting Live from 2015-04-05 to 2015-04-10
2015-06-23 08:20:48,125 Starting Q Learning for : 
2015-06-23 08:20:48,125 alpha = 0.4
2015-06-23 08:20:48,125 gamma = 0.4
2015-06-23 08:20:48,125 individual factor = 12
2015-06-23 08:20:48,125 zero range = 0.006
2015-06-23 08:20:48,125 greedy level = 10
2015-06-23 08:20:48,125 

2015-06-23 08:20:52,993 Starting Training from 2014-12-17 to 2015-01-01
2015-06-23 08:33:10,927 Starting Live from 2015-01-02 to 2015-02-01
2015-06-23 09:01:15,720 Starting Training from 2015-01-17 to 2015-02-01
2015-06-23 09:02:35,063 Starting Live from 2015-02-02 to 2015-03-04
2015-06-23 09:28:38,561 Starting Training from 2015-02-17 to 2015-03-04
2015-06-23 09:31:03,698 Starting Live from 2015-03-05 to 2015-04-04
2015-06-23 10:01:12,443 Starting Training from 2015-03-20 to 2015-04-04
2015-06-23 10:03:22,884 Starting Live from 2015-04-05 to 2015-04-10
2015-06-23 10:10:59,334 Starting Q Learning for : 
2015-06-23 10:10:59,334 alpha = 0.2
2015-06-23 10:10:59,334 gamma = 0.7
2015-06-23 10:10:59,334 individual factor = 12
2015-06-23 10:10:59,334 zero range = 0.006
2015-06-23 10:10:59,334 greedy level = 10
2015-06-23 10:10:59,334 

2015-06-23 10:11:05,456 Starting Training from 2014-12-17 to 2015-01-01
2015-06-23 10:22:47,677 Starting Live from 2015-01-02 to 2015-02-01
2015-06-23 10:40:46,157 Starting Training from 2015-01-17 to 2015-02-01
2015-06-23 10:42:03,377 Starting Live from 2015-02-02 to 2015-03-04
2015-06-23 10:50:59,528 Starting Training from 2015-02-17 to 2015-03-04
2015-06-23 11:00:07,082 Starting Live from 2015-03-05 to 2015-04-04
2015-06-23 11:21:17,990 Starting Training from 2015-03-20 to 2015-04-04
2015-06-23 11:23:15,176 Starting Live from 2015-04-05 to 2015-04-10
2015-06-23 11:27:02,134 Starting Q Learning for : 
2015-06-23 11:27:02,134 alpha = 0.2
2015-06-23 11:27:02,134 gamma = 0.8
2015-06-23 11:27:02,134 individual factor = 12
2015-06-23 11:27:02,134 zero range = 0.006
2015-06-23 11:27:02,134 greedy level = 10
2015-06-23 11:27:02,134 

2015-06-23 11:27:07,157 Starting Training from 2014-12-17 to 2015-01-01
2015-06-23 11:39:29,469 Starting Live from 2015-01-02 to 2015-02-01
2015-06-23 11:54:56,586 Starting Training from 2015-01-17 to 2015-02-01
2015-06-23 11:56:38,542 Starting Live from 2015-02-02 to 2015-03-04
2015-06-23 12:02:41,575 Starting Training from 2015-02-17 to 2015-03-04
2015-06-23 12:12:16,243 Starting Live from 2015-03-05 to 2015-04-04
2015-06-23 12:32:07,423 Starting Training from 2015-03-20 to 2015-04-04
2015-06-23 12:34:30,200 Starting Live from 2015-04-05 to 2015-04-10
2015-06-23 12:37:14,801 Starting Q Learning for : 
2015-06-23 12:37:14,802 alpha = 0.8
2015-06-23 12:37:14,802 gamma = 0.1
2015-06-23 12:37:14,802 individual factor = 12
2015-06-23 12:37:14,802 zero range = 0.006
2015-06-23 12:37:14,802 greedy level = 10
2015-06-23 12:37:14,802 

2015-06-23 12:37:19,852 Starting Training from 2014-12-17 to 2015-01-01
2015-06-23 12:51:00,046 Starting Live from 2015-01-02 to 2015-02-01
2015-06-23 13:21:37,720 Starting Training from 2015-01-17 to 2015-02-01
2015-06-23 13:23:16,536 Starting Live from 2015-02-02 to 2015-03-04
2015-06-23 13:52:13,898 Starting Training from 2015-02-17 to 2015-03-04
2015-06-23 13:54:29,065 Starting Live from 2015-03-05 to 2015-04-04
2015-06-23 14:28:35,569 Starting Training from 2015-03-20 to 2015-04-04
2015-06-23 14:31:49,789 Starting Live from 2015-04-05 to 2015-04-10
2015-06-23 14:39:52,506 Starting Q Learning for : 
2015-06-23 14:39:52,506 alpha = 0.8
2015-06-23 14:39:52,506 gamma = 0.2
2015-06-23 14:39:52,506 individual factor = 12
2015-06-23 14:39:52,506 zero range = 0.006
2015-06-23 14:39:52,506 greedy level = 10
2015-06-23 14:39:52,506 

2015-06-23 14:39:57,848 Starting Training from 2014-12-17 to 2015-01-01
2015-06-23 14:53:00,657 Starting Live from 2015-01-02 to 2015-02-01
2015-06-23 15:24:23,293 Starting Training from 2015-01-17 to 2015-02-01
2015-06-23 15:25:47,230 Starting Live from 2015-02-02 to 2015-03-04
2015-06-23 15:56:27,016 Starting Training from 2015-02-17 to 2015-03-04
2015-06-23 15:58:58,164 Starting Live from 2015-03-05 to 2015-04-04
2015-06-23 16:35:00,957 Starting Training from 2015-03-20 to 2015-04-04
2015-06-23 16:36:46,519 Starting Live from 2015-04-05 to 2015-04-10
2015-06-23 16:44:36,155 Starting Q Learning for : 
2015-06-23 16:44:36,155 alpha = 0.8
2015-06-23 16:44:36,157 gamma = 0.3
2015-06-23 16:44:36,157 individual factor = 12
2015-06-23 16:44:36,157 zero range = 0.006
2015-06-23 16:44:36,157 greedy level = 10
2015-06-23 16:44:36,157 

2015-06-23 16:44:44,069 Starting Training from 2014-12-17 to 2015-01-01
2015-06-23 16:57:35,088 Starting Live from 2015-01-02 to 2015-02-01
2015-06-23 17:29:11,486 Starting Training from 2015-01-17 to 2015-02-01
2015-06-23 17:30:46,747 Starting Live from 2015-02-02 to 2015-03-04
2015-06-23 18:00:16,811 Starting Training from 2015-02-17 to 2015-03-04
2015-06-23 18:02:37,355 Starting Live from 2015-03-05 to 2015-04-04
2015-06-23 18:41:45,858 Starting Training from 2015-03-20 to 2015-04-04
2015-06-23 18:43:59,660 Starting Live from 2015-04-05 to 2015-04-10
2015-06-23 18:52:17,476 Starting Q Learning for : 
2015-06-23 18:52:17,476 alpha = 0.8
2015-06-23 18:52:17,476 gamma = 0.4
2015-06-23 18:52:17,476 individual factor = 12
2015-06-23 18:52:17,476 zero range = 0.006
2015-06-23 18:52:17,476 greedy level = 10
2015-06-23 18:52:17,476 

2015-06-23 18:52:22,427 Starting Training from 2014-12-17 to 2015-01-01
2015-06-23 19:05:53,818 Starting Live from 2015-01-02 to 2015-02-01
2015-06-23 19:37:20,226 Starting Training from 2015-01-17 to 2015-02-01
2015-06-23 19:38:47,828 Starting Live from 2015-02-02 to 2015-03-04
2015-06-23 20:09:08,681 Starting Training from 2015-02-17 to 2015-03-04
2015-06-23 20:11:27,897 Starting Live from 2015-03-05 to 2015-04-04
2015-06-23 20:48:03,194 Starting Training from 2015-03-20 to 2015-04-04
2015-06-23 20:50:03,548 Starting Live from 2015-04-05 to 2015-04-10
2015-06-23 20:59:30,832 Starting Q Learning for : 
2015-06-23 20:59:30,832 alpha = 0.8
2015-06-23 20:59:30,832 gamma = 0.5
2015-06-23 20:59:30,832 individual factor = 12
2015-06-23 20:59:30,832 zero range = 0.006
2015-06-23 20:59:30,832 greedy level = 10
2015-06-23 20:59:30,832 

2015-06-23 20:59:36,542 Starting Training from 2014-12-17 to 2015-01-01
2015-06-23 21:13:33,094 Starting Live from 2015-01-02 to 2015-02-01
2015-06-23 21:46:28,178 Starting Training from 2015-01-17 to 2015-02-01
2015-06-23 21:47:55,561 Starting Live from 2015-02-02 to 2015-03-04
2015-06-23 22:19:08,642 Starting Training from 2015-02-17 to 2015-03-04
2015-06-23 22:21:24,500 Starting Live from 2015-03-05 to 2015-04-04
2015-06-23 22:55:34,648 Starting Training from 2015-03-20 to 2015-04-04
2015-06-23 22:58:41,114 Starting Live from 2015-04-05 to 2015-04-10
