2015-06-20 23:34:09,930 Starting Q Learning for : 
2015-06-20 23:34:09,930 alpha = 0.2
2015-06-20 23:34:09,930 gamma = 0.5
2015-06-20 23:34:09,930 individual factor = 8
2015-06-20 23:34:09,930 zero range = 0.002
2015-06-20 23:34:09,930 greedy level = 5
2015-06-20 23:34:09,930 

2015-06-20 23:34:23,888 Starting Training from 2014-12-17 to 2015-01-01
2015-06-20 23:46:10,615 Starting Live from 2015-01-02 to 2015-02-01
2015-06-21 00:16:45,506 Starting Training from 2015-01-17 to 2015-02-01
2015-06-21 00:18:35,471 Starting Live from 2015-02-02 to 2015-03-04
2015-06-21 00:49:43,130 Starting Training from 2015-02-17 to 2015-03-04
2015-06-21 00:51:49,118 Starting Live from 2015-03-05 to 2015-04-04
2015-06-21 01:19:51,605 Starting Training from 2015-03-20 to 2015-04-04
2015-06-21 01:21:07,184 Starting Live from 2015-04-05 to 2015-04-10
2015-06-21 01:29:06,312 Starting Q Learning for : 
2015-06-21 01:29:06,312 alpha = 0.2
2015-06-21 01:29:06,312 gamma = 0.6
2015-06-21 01:29:06,312 individual factor = 8
2015-06-21 01:29:06,312 zero range = 0.002
2015-06-21 01:29:06,312 greedy level = 5
2015-06-21 01:29:06,312 

2015-06-21 01:29:17,494 Starting Training from 2014-12-17 to 2015-01-01
2015-06-21 01:41:12,525 Starting Live from 2015-01-02 to 2015-02-01
2015-06-21 02:10:21,766 Starting Training from 2015-01-17 to 2015-02-01
2015-06-21 02:12:05,174 Starting Live from 2015-02-02 to 2015-03-04
2015-06-21 02:38:25,085 Starting Training from 2015-02-17 to 2015-03-04
2015-06-21 02:40:42,828 Starting Live from 2015-03-05 to 2015-04-04
2015-06-21 03:05:07,980 Starting Training from 2015-03-20 to 2015-04-04
2015-06-21 03:06:16,724 Starting Live from 2015-04-05 to 2015-04-10
2015-06-21 03:13:19,815 Starting Q Learning for : 
2015-06-21 03:13:19,815 alpha = 0.8
2015-06-21 03:13:19,815 gamma = 0.3
2015-06-21 03:13:19,815 individual factor = 8
2015-06-21 03:13:19,815 zero range = 0.002
2015-06-21 03:13:19,815 greedy level = 5
2015-06-21 03:13:19,815 

2015-06-21 03:13:25,918 Starting Training from 2014-12-17 to 2015-01-01
2015-06-21 03:25:02,226 Starting Live from 2015-01-02 to 2015-02-01
2015-06-21 03:53:32,243 Starting Training from 2015-01-17 to 2015-02-01
2015-06-21 03:55:13,598 Starting Live from 2015-02-02 to 2015-03-04
2015-06-21 04:20:41,767 Starting Training from 2015-02-17 to 2015-03-04
2015-06-21 04:22:28,400 Starting Live from 2015-03-05 to 2015-04-04
2015-06-21 04:47:49,776 Starting Training from 2015-03-20 to 2015-04-04
2015-06-21 04:49:01,229 Starting Live from 2015-04-05 to 2015-04-10
2015-06-21 04:56:29,177 Starting Q Learning for : 
2015-06-21 04:56:29,177 alpha = 0.8
2015-06-21 04:56:29,177 gamma = 0.4
2015-06-21 04:56:29,178 individual factor = 8
2015-06-21 04:56:29,178 zero range = 0.002
2015-06-21 04:56:29,178 greedy level = 5
2015-06-21 04:56:29,178 

2015-06-21 04:56:34,736 Starting Training from 2014-12-17 to 2015-01-01
2015-06-21 05:07:23,053 Starting Live from 2015-01-02 to 2015-02-01
2015-06-21 05:35:38,322 Starting Training from 2015-01-17 to 2015-02-01
2015-06-21 05:37:19,572 Starting Live from 2015-02-02 to 2015-03-04
2015-06-21 06:01:49,864 Starting Training from 2015-02-17 to 2015-03-04
2015-06-21 06:03:33,211 Starting Live from 2015-03-05 to 2015-04-04
2015-06-21 06:26:37,607 Starting Training from 2015-03-20 to 2015-04-04
2015-06-21 06:27:38,069 Starting Live from 2015-04-05 to 2015-04-10
