2015-06-20 23:34:09,930 Starting Q Learning for : 
2015-06-20 23:34:09,930 alpha = 0.2
2015-06-20 23:34:09,930 gamma = 0.3
2015-06-20 23:34:09,930 individual factor = 8
2015-06-20 23:34:09,930 zero range = 0.002
2015-06-20 23:34:09,930 greedy level = 5
2015-06-20 23:34:09,930 

2015-06-20 23:34:23,502 Starting Training from 2014-12-17 to 2015-01-01
2015-06-20 23:46:28,986 Starting Live from 2015-01-02 to 2015-02-01
2015-06-21 00:17:13,184 Starting Training from 2015-01-17 to 2015-02-01
2015-06-21 00:19:06,174 Starting Live from 2015-02-02 to 2015-03-04
2015-06-21 00:49:28,921 Starting Training from 2015-02-17 to 2015-03-04
2015-06-21 00:51:35,589 Starting Live from 2015-03-05 to 2015-04-04
2015-06-21 01:19:16,533 Starting Training from 2015-03-20 to 2015-04-04
2015-06-21 01:20:28,466 Starting Live from 2015-04-05 to 2015-04-10
2015-06-21 01:28:27,759 Starting Q Learning for : 
2015-06-21 01:28:27,759 alpha = 0.2
2015-06-21 01:28:27,759 gamma = 0.4
2015-06-21 01:28:27,759 individual factor = 8
2015-06-21 01:28:27,759 zero range = 0.002
2015-06-21 01:28:27,760 greedy level = 5
2015-06-21 01:28:27,760 

2015-06-21 01:28:33,331 Starting Training from 2014-12-17 to 2015-01-01
2015-06-21 01:40:34,496 Starting Live from 2015-01-02 to 2015-02-01
2015-06-21 02:09:37,713 Starting Training from 2015-01-17 to 2015-02-01
2015-06-21 02:11:17,552 Starting Live from 2015-02-02 to 2015-03-04
2015-06-21 02:37:29,486 Starting Training from 2015-02-17 to 2015-03-04
2015-06-21 02:39:50,448 Starting Live from 2015-03-05 to 2015-04-04
2015-06-21 03:04:22,619 Starting Training from 2015-03-20 to 2015-04-04
2015-06-21 03:05:31,549 Starting Live from 2015-04-05 to 2015-04-10
2015-06-21 03:12:43,588 Starting Q Learning for : 
2015-06-21 03:12:43,588 alpha = 0.8
2015-06-21 03:12:43,588 gamma = 0.1
2015-06-21 03:12:43,588 individual factor = 8
2015-06-21 03:12:43,588 zero range = 0.002
2015-06-21 03:12:43,588 greedy level = 5
2015-06-21 03:12:43,588 

2015-06-21 03:12:49,265 Starting Training from 2014-12-17 to 2015-01-01
2015-06-21 03:24:30,528 Starting Live from 2015-01-02 to 2015-02-01
2015-06-21 03:52:44,943 Starting Training from 2015-01-17 to 2015-02-01
2015-06-21 03:54:24,085 Starting Live from 2015-02-02 to 2015-03-04
2015-06-21 04:19:42,255 Starting Training from 2015-02-17 to 2015-03-04
2015-06-21 04:21:25,223 Starting Live from 2015-03-05 to 2015-04-04
2015-06-21 04:45:47,510 Starting Training from 2015-03-20 to 2015-04-04
2015-06-21 04:47:14,256 Starting Live from 2015-04-05 to 2015-04-10
2015-06-21 04:54:36,746 Starting Q Learning for : 
2015-06-21 04:54:36,746 alpha = 0.8
2015-06-21 04:54:36,746 gamma = 0.2
2015-06-21 04:54:36,746 individual factor = 8
2015-06-21 04:54:36,746 zero range = 0.002
2015-06-21 04:54:36,746 greedy level = 5
2015-06-21 04:54:36,746 

2015-06-21 04:54:42,614 Starting Training from 2014-12-17 to 2015-01-01
2015-06-21 05:05:31,842 Starting Live from 2015-01-02 to 2015-02-01
2015-06-21 05:33:47,867 Starting Training from 2015-01-17 to 2015-02-01
2015-06-21 05:35:29,451 Starting Live from 2015-02-02 to 2015-03-04
2015-06-21 06:00:19,740 Starting Training from 2015-02-17 to 2015-03-04
2015-06-21 06:02:00,545 Starting Live from 2015-03-05 to 2015-04-04
2015-06-21 06:24:46,118 Starting Training from 2015-03-20 to 2015-04-04
2015-06-21 06:25:48,312 Starting Live from 2015-04-05 to 2015-04-10
2015-06-21 06:32:26,530 Starting Q Learning for : 
2015-06-21 06:32:26,530 alpha = 0.8
2015-06-21 06:32:26,530 gamma = 0.5
2015-06-21 06:32:26,532 individual factor = 8
2015-06-21 06:32:26,532 zero range = 0.002
2015-06-21 06:32:26,532 greedy level = 5
2015-06-21 06:32:26,532 

2015-06-21 06:32:31,206 Starting Training from 2014-12-17 to 2015-01-01
2015-06-21 06:43:23,931 Starting Live from 2015-01-02 to 2015-02-01
2015-06-21 07:09:26,605 Starting Training from 2015-01-17 to 2015-02-01
2015-06-21 07:11:00,872 Starting Live from 2015-02-02 to 2015-03-04
2015-06-21 07:34:28,414 Starting Training from 2015-02-17 to 2015-03-04
2015-06-21 07:36:03,428 Starting Live from 2015-03-05 to 2015-04-04
2015-06-21 07:57:54,496 Starting Training from 2015-03-20 to 2015-04-04
2015-06-21 07:58:54,595 Starting Live from 2015-04-05 to 2015-04-10
2015-06-21 08:06:03,088 Starting Q Learning for : 
2015-06-21 08:06:03,088 alpha = 0.8
2015-06-21 08:06:03,088 gamma = 0.6
2015-06-21 08:06:03,088 individual factor = 8
2015-06-21 08:06:03,088 zero range = 0.002
2015-06-21 08:06:03,088 greedy level = 5
2015-06-21 08:06:03,088 

2015-06-21 08:06:07,440 Starting Training from 2014-12-17 to 2015-01-01
2015-06-21 08:15:49,262 Starting Live from 2015-01-02 to 2015-02-01
2015-06-21 08:41:17,854 Starting Training from 2015-01-17 to 2015-02-01
2015-06-21 08:42:47,529 Starting Live from 2015-02-02 to 2015-03-04
2015-06-21 09:06:30,059 Starting Training from 2015-02-17 to 2015-03-04
2015-06-21 09:08:32,546 Starting Live from 2015-03-05 to 2015-04-04
2015-06-21 09:30:12,269 Starting Training from 2015-03-20 to 2015-04-04
2015-06-21 09:31:16,198 Starting Live from 2015-04-05 to 2015-04-10
