2015-06-20 01:56:36,809 Starting Q Learning for : 
2015-06-20 01:56:36,809 alpha = 0.5
2015-06-20 01:56:36,809 gamma = 0.5
2015-06-20 01:56:36,809 individual factor = 8
2015-06-20 01:56:36,809 zero range = 0.002
2015-06-20 01:56:36,809 greedy level = 5
2015-06-20 01:56:36,809 

2015-06-20 01:56:44,530 Starting Training from 2014-12-17 to 2015-01-01
2015-06-20 02:08:55,089 Starting Live from 2015-01-02 to 2015-02-01
2015-06-20 02:36:37,128 Starting Training from 2015-01-17 to 2015-02-01
2015-06-20 02:37:56,730 Starting Live from 2015-02-02 to 2015-03-04
2015-06-20 03:04:26,523 Starting Training from 2015-02-17 to 2015-03-04
2015-06-20 03:06:27,852 Starting Live from 2015-03-05 to 2015-04-04
2015-06-20 03:35:42,732 Starting Training from 2015-03-20 to 2015-04-04
2015-06-20 03:37:08,496 Starting Live from 2015-04-05 to 2015-04-10
2015-06-20 03:43:27,575 Starting Q Learning for : 
2015-06-20 03:43:27,576 alpha = 0.5
2015-06-20 03:43:27,576 gamma = 0.6
2015-06-20 03:43:27,576 individual factor = 8
2015-06-20 03:43:27,576 zero range = 0.002
2015-06-20 03:43:27,576 greedy level = 5
2015-06-20 03:43:27,576 

2015-06-20 03:43:32,812 Starting Training from 2014-12-17 to 2015-01-01
2015-06-20 03:55:59,470 Starting Live from 2015-01-02 to 2015-02-01
2015-06-20 04:23:44,048 Starting Training from 2015-01-17 to 2015-02-01
2015-06-20 04:25:04,480 Starting Live from 2015-02-02 to 2015-03-04
2015-06-20 04:52:51,344 Starting Training from 2015-02-17 to 2015-03-04
2015-06-20 04:55:21,711 Starting Live from 2015-03-05 to 2015-04-04
2015-06-20 05:25:57,581 Starting Training from 2015-03-20 to 2015-04-04
2015-06-20 05:27:26,953 Starting Live from 2015-04-05 to 2015-04-10
2015-06-20 05:34:04,891 Starting Q Learning for : 
2015-06-20 05:34:04,891 alpha = 0.5
2015-06-20 05:34:04,891 gamma = 0.7
2015-06-20 05:34:04,891 individual factor = 8
2015-06-20 05:34:04,891 zero range = 0.002
2015-06-20 05:34:04,891 greedy level = 5
2015-06-20 05:34:04,891 

2015-06-20 05:34:10,286 Starting Training from 2014-12-17 to 2015-01-01
2015-06-20 05:46:29,631 Starting Live from 2015-01-02 to 2015-02-01
2015-06-20 06:14:28,325 Starting Training from 2015-01-17 to 2015-02-01
2015-06-20 06:15:50,193 Starting Live from 2015-02-02 to 2015-03-04
2015-06-20 06:43:32,938 Starting Training from 2015-02-17 to 2015-03-04
2015-06-20 06:45:39,411 Starting Live from 2015-03-05 to 2015-04-04
2015-06-20 07:14:47,759 Starting Training from 2015-03-20 to 2015-04-04
2015-06-20 07:16:11,302 Starting Live from 2015-04-05 to 2015-04-10
2015-06-20 07:22:55,114 Starting Q Learning for : 
2015-06-20 07:22:55,114 alpha = 0.5
2015-06-20 07:22:55,114 gamma = 0.8
2015-06-20 07:22:55,114 individual factor = 8
2015-06-20 07:22:55,114 zero range = 0.002
2015-06-20 07:22:55,114 greedy level = 5
2015-06-20 07:22:55,115 

2015-06-20 07:23:01,305 Starting Training from 2014-12-17 to 2015-01-01
2015-06-20 07:35:04,028 Starting Live from 2015-01-02 to 2015-02-01
2015-06-20 08:02:39,857 Starting Training from 2015-01-17 to 2015-02-01
2015-06-20 08:04:07,273 Starting Live from 2015-02-02 to 2015-03-04
2015-06-20 08:31:54,892 Starting Training from 2015-02-17 to 2015-03-04
2015-06-20 08:33:51,430 Starting Live from 2015-03-05 to 2015-04-04
2015-06-20 09:03:06,776 Starting Training from 2015-03-20 to 2015-04-04
2015-06-20 09:04:28,992 Starting Live from 2015-04-05 to 2015-04-10
2015-06-20 09:11:15,217 Starting Q Learning for : 
2015-06-20 09:11:15,219 alpha = 0.4
2015-06-20 09:11:15,219 gamma = 0.7
2015-06-20 09:11:15,219 individual factor = 8
2015-06-20 09:11:15,219 zero range = 0.002
2015-06-20 09:11:15,219 greedy level = 5
2015-06-20 09:11:15,219 

2015-06-20 09:11:22,776 Starting Training from 2014-12-17 to 2015-01-01
2015-06-20 09:22:18,145 Starting Live from 2015-01-02 to 2015-02-01
2015-06-20 09:48:02,683 Starting Training from 2015-01-17 to 2015-02-01
2015-06-20 09:49:19,753 Starting Live from 2015-02-02 to 2015-03-04
2015-06-20 10:14:58,404 Starting Training from 2015-02-17 to 2015-03-04
2015-06-20 10:17:16,565 Starting Live from 2015-03-05 to 2015-04-04
2015-06-20 10:46:46,263 Starting Training from 2015-03-20 to 2015-04-04
2015-06-20 10:48:10,551 Starting Live from 2015-04-05 to 2015-04-10
2015-06-20 10:55:40,526 Starting Q Learning for : 
2015-06-20 10:55:40,526 alpha = 0.4
2015-06-20 10:55:40,526 gamma = 0.8
2015-06-20 10:55:40,526 individual factor = 8
2015-06-20 10:55:40,526 zero range = 0.002
2015-06-20 10:55:40,526 greedy level = 5
2015-06-20 10:55:40,526 

2015-06-20 10:55:46,302 Starting Training from 2014-12-17 to 2015-01-01
2015-06-20 11:09:06,099 Starting Live from 2015-01-02 to 2015-02-01
2015-06-20 11:38:24,283 Starting Training from 2015-01-17 to 2015-02-01
2015-06-20 11:39:54,638 Starting Live from 2015-02-02 to 2015-03-04
2015-06-20 12:09:21,519 Starting Training from 2015-02-17 to 2015-03-04
2015-06-20 12:11:25,028 Starting Live from 2015-03-05 to 2015-04-04
2015-06-20 12:42:26,401 Starting Training from 2015-03-20 to 2015-04-04
2015-06-20 12:44:08,888 Starting Live from 2015-04-05 to 2015-04-10
2015-06-20 12:51:41,263 Starting Q Learning for : 
2015-06-20 12:51:41,265 alpha = 0.6
2015-06-20 12:51:41,265 gamma = 0.3
2015-06-20 12:51:41,265 individual factor = 8
2015-06-20 12:51:41,265 zero range = 0.002
2015-06-20 12:51:41,265 greedy level = 5
2015-06-20 12:51:41,265 

2015-06-20 12:51:48,717 Starting Training from 2014-12-17 to 2015-01-01
2015-06-20 13:03:53,733 Starting Live from 2015-01-02 to 2015-02-01
2015-06-20 13:33:47,040 Starting Training from 2015-01-17 to 2015-02-01
2015-06-20 13:35:17,161 Starting Live from 2015-02-02 to 2015-03-04
2015-06-20 14:03:45,760 Starting Training from 2015-02-17 to 2015-03-04
2015-06-20 14:05:55,414 Starting Live from 2015-03-05 to 2015-04-04
2015-06-20 14:37:07,707 Starting Training from 2015-03-20 to 2015-04-04
2015-06-20 14:38:37,622 Starting Live from 2015-04-05 to 2015-04-10
2015-06-20 14:45:07,065 Starting Q Learning for : 
2015-06-20 14:45:07,065 alpha = 0.6
2015-06-20 14:45:07,065 gamma = 0.4
2015-06-20 14:45:07,065 individual factor = 8
2015-06-20 14:45:07,065 zero range = 0.002
2015-06-20 14:45:07,065 greedy level = 5
2015-06-20 14:45:07,065 

2015-06-20 14:45:11,563 Starting Training from 2014-12-17 to 2015-01-01
2015-06-20 14:57:39,737 Starting Live from 2015-01-02 to 2015-02-01
2015-06-20 15:24:57,733 Starting Training from 2015-01-17 to 2015-02-01
2015-06-20 15:26:18,522 Starting Live from 2015-02-02 to 2015-03-04
2015-06-20 15:53:11,664 Starting Training from 2015-02-17 to 2015-03-04
2015-06-20 15:55:15,967 Starting Live from 2015-03-05 to 2015-04-04
2015-06-20 16:26:03,938 Starting Training from 2015-03-20 to 2015-04-04
2015-06-20 16:27:25,101 Starting Live from 2015-04-05 to 2015-04-10
