2015-06-26 15:04:32,673 Starting Q Learning for : 
2015-06-26 15:04:32,673 alpha = 0.5
2015-06-26 15:04:32,673 gamma = 0.1
2015-06-26 15:04:32,673 individual factor = 8
2015-06-26 15:04:32,673 zero range = 0.001
2015-06-26 15:04:32,673 greedy level = 5
2015-06-26 15:04:32,673 

2015-06-26 15:04:42,302 Starting Training from 2014-12-17 to 2015-01-01
2015-06-26 15:19:51,704 Starting Live from 2015-01-02 to 2015-02-01
2015-06-26 15:54:11,891 Starting Training from 2015-01-17 to 2015-02-01
2015-06-26 15:56:27,013 Starting Live from 2015-02-02 to 2015-03-04
2015-06-26 17:01:03,526 Starting Training from 2015-02-17 to 2015-03-04
2015-06-26 17:04:18,598 Starting Live from 2015-03-05 to 2015-04-04
2015-06-26 21:31:42,990 Starting Training from 2015-03-20 to 2015-04-04
2015-06-26 21:34:21,154 Starting Live from 2015-04-05 to 2015-04-10
2015-06-26 21:43:42,892 Starting Q Learning for : 
2015-06-26 21:43:42,892 alpha = 0.5
2015-06-26 21:43:42,892 gamma = 0.2
2015-06-26 21:43:42,894 individual factor = 8
2015-06-26 21:43:42,894 zero range = 0.001
2015-06-26 21:43:42,894 greedy level = 5
2015-06-26 21:43:42,894 

2015-06-26 21:43:49,539 Starting Training from 2014-12-17 to 2015-01-01
2015-06-26 21:58:27,190 Starting Live from 2015-01-02 to 2015-02-01
2015-06-26 22:31:02,342 Starting Training from 2015-01-17 to 2015-02-01
2015-06-26 22:33:02,190 Starting Live from 2015-02-02 to 2015-03-04
2015-06-26 23:33:33,868 Starting Training from 2015-02-17 to 2015-03-04
2015-06-26 23:36:20,796 Starting Live from 2015-03-05 to 2015-04-04
2015-06-27 06:17:44,280 Starting Training from 2015-03-20 to 2015-04-04
2015-06-27 06:20:14,743 Starting Live from 2015-04-05 to 2015-04-10
2015-06-27 08:37:27,963 Starting Q Learning for : 
2015-06-27 08:37:27,963 alpha = 0.5
2015-06-27 08:37:27,963 gamma = 0.3
2015-06-27 08:37:27,963 individual factor = 8
2015-06-27 08:37:27,963 zero range = 0.001
2015-06-27 08:37:27,963 greedy level = 5
2015-06-27 08:37:27,963 

2015-06-27 08:37:36,239 Starting Training from 2014-12-17 to 2015-01-01
2015-06-27 08:52:01,118 Starting Live from 2015-01-02 to 2015-02-01
2015-06-27 09:24:04,588 Starting Training from 2015-01-17 to 2015-02-01
2015-06-27 09:26:01,684 Starting Live from 2015-02-02 to 2015-03-04
2015-06-27 10:14:41,459 Starting Training from 2015-02-17 to 2015-03-04
2015-06-27 10:17:21,108 Starting Live from 2015-03-05 to 2015-04-04
2015-06-27 17:57:57,855 Starting Training from 2015-03-20 to 2015-04-04
2015-06-27 17:59:48,668 Starting Live from 2015-04-05 to 2015-04-10
2015-06-27 18:24:30,509 Starting Q Learning for : 
2015-06-27 18:24:30,509 alpha = 0.5
2015-06-27 18:24:30,509 gamma = 0.4
2015-06-27 18:24:30,509 individual factor = 8
2015-06-27 18:24:30,509 zero range = 0.001
2015-06-27 18:24:30,509 greedy level = 5
2015-06-27 18:24:30,509 

2015-06-27 18:24:35,885 Starting Training from 2014-12-17 to 2015-01-01
2015-06-27 18:39:44,536 Starting Live from 2015-01-02 to 2015-02-01
2015-06-27 19:13:17,138 Starting Training from 2015-01-17 to 2015-02-01
2015-06-27 19:15:58,246 Starting Live from 2015-02-02 to 2015-03-04
2015-06-27 20:13:38,509 Starting Training from 2015-02-17 to 2015-03-04
2015-06-27 20:16:17,229 Starting Live from 2015-03-05 to 2015-04-04
2015-06-28 03:30:18,022 Starting Training from 2015-03-20 to 2015-04-04
2015-06-28 03:32:21,448 Starting Live from 2015-04-05 to 2015-04-10
2015-06-28 04:55:03,878 Starting Q Learning for : 
2015-06-28 04:55:03,880 alpha = 0.5
2015-06-28 04:55:03,880 gamma = 0.5
2015-06-28 04:55:03,880 individual factor = 8
2015-06-28 04:55:03,880 zero range = 0.001
2015-06-28 04:55:03,880 greedy level = 5
2015-06-28 04:55:03,880 

2015-06-28 04:55:09,415 Starting Training from 2014-12-17 to 2015-01-01
2015-06-28 05:08:41,329 Starting Live from 2015-01-02 to 2015-02-01
2015-06-28 05:38:26,048 Starting Training from 2015-01-17 to 2015-02-01
2015-06-28 05:40:16,759 Starting Live from 2015-02-02 to 2015-03-04
2015-06-28 06:27:41,486 Starting Training from 2015-02-17 to 2015-03-04
2015-06-28 06:30:23,483 Starting Live from 2015-03-05 to 2015-04-04
2015-06-28 08:59:20,334 Starting Training from 2015-03-20 to 2015-04-04
2015-06-28 09:00:52,198 Starting Live from 2015-04-05 to 2015-04-10
2015-06-28 09:19:17,890 Starting Q Learning for : 
2015-06-28 09:19:17,890 alpha = 0.5
2015-06-28 09:19:17,891 gamma = 0.6
2015-06-28 09:19:17,891 individual factor = 8
2015-06-28 09:19:17,891 zero range = 0.001
2015-06-28 09:19:17,891 greedy level = 5
2015-06-28 09:19:17,891 

2015-06-28 09:19:24,767 Starting Training from 2014-12-17 to 2015-01-01
2015-06-28 09:32:58,055 Starting Live from 2015-01-02 to 2015-02-01
2015-06-28 10:01:56,180 Starting Training from 2015-01-17 to 2015-02-01
2015-06-28 10:03:37,221 Starting Live from 2015-02-02 to 2015-03-04
2015-06-28 10:46:08,778 Starting Training from 2015-02-17 to 2015-03-04
2015-06-28 10:48:46,558 Starting Live from 2015-03-05 to 2015-04-04
