2015-06-26 15:04:32,674 Starting Q Learning for : 
2015-06-26 15:04:32,674 alpha = 0.4
2015-06-26 15:04:32,674 gamma = 0.3
2015-06-26 15:04:32,674 individual factor = 8
2015-06-26 15:04:32,674 zero range = 0.001
2015-06-26 15:04:32,674 greedy level = 5
2015-06-26 15:04:32,674 

2015-06-26 15:04:42,095 Starting Training from 2014-12-17 to 2015-01-01
2015-06-26 15:19:51,480 Starting Live from 2015-01-02 to 2015-02-01
2015-06-26 15:54:06,351 Starting Training from 2015-01-17 to 2015-02-01
2015-06-26 15:56:24,141 Starting Live from 2015-02-02 to 2015-03-04
2015-06-26 16:40:36,460 Starting Training from 2015-02-17 to 2015-03-04
2015-06-26 16:43:46,618 Starting Live from 2015-03-05 to 2015-04-04
2015-06-26 18:48:15,335 Starting Training from 2015-03-20 to 2015-04-04
2015-06-26 18:50:29,007 Starting Live from 2015-04-05 to 2015-04-10
2015-06-26 19:25:49,776 Starting Q Learning for : 
2015-06-26 19:25:49,776 alpha = 0.4
2015-06-26 19:25:49,776 gamma = 0.4
2015-06-26 19:25:49,776 individual factor = 8
2015-06-26 19:25:49,776 zero range = 0.001
2015-06-26 19:25:49,776 greedy level = 5
2015-06-26 19:25:49,776 

2015-06-26 19:25:56,621 Starting Training from 2014-12-17 to 2015-01-01
2015-06-26 19:40:09,674 Starting Live from 2015-01-02 to 2015-02-01
2015-06-26 20:12:54,420 Starting Training from 2015-01-17 to 2015-02-01
2015-06-26 20:14:55,446 Starting Live from 2015-02-02 to 2015-03-04
2015-06-26 21:05:32,272 Starting Training from 2015-02-17 to 2015-03-04
2015-06-26 21:08:35,141 Starting Live from 2015-03-05 to 2015-04-04
2015-06-27 01:16:00,987 Starting Training from 2015-03-20 to 2015-04-04
2015-06-27 01:17:58,227 Starting Live from 2015-04-05 to 2015-04-10
2015-06-27 01:40:25,766 Starting Q Learning for : 
2015-06-27 01:40:25,766 alpha = 0.4
2015-06-27 01:40:25,766 gamma = 0.5
2015-06-27 01:40:25,766 individual factor = 8
2015-06-27 01:40:25,766 zero range = 0.001
2015-06-27 01:40:25,766 greedy level = 5
2015-06-27 01:40:25,766 

2015-06-27 01:40:31,950 Starting Training from 2014-12-17 to 2015-01-01
2015-06-27 01:55:34,466 Starting Live from 2015-01-02 to 2015-02-01
2015-06-27 02:28:06,723 Starting Training from 2015-01-17 to 2015-02-01
2015-06-27 02:30:22,059 Starting Live from 2015-02-02 to 2015-03-04
2015-06-27 03:14:46,131 Starting Training from 2015-02-17 to 2015-03-04
2015-06-27 03:18:14,624 Starting Live from 2015-03-05 to 2015-04-04
2015-06-27 07:12:52,098 Starting Training from 2015-03-20 to 2015-04-04
2015-06-27 07:15:04,358 Starting Live from 2015-04-05 to 2015-04-10
2015-06-27 07:31:06,282 Starting Q Learning for : 
2015-06-27 07:31:06,282 alpha = 0.4
2015-06-27 07:31:06,282 gamma = 0.6
2015-06-27 07:31:06,282 individual factor = 8
2015-06-27 07:31:06,282 zero range = 0.001
2015-06-27 07:31:06,282 greedy level = 5
2015-06-27 07:31:06,282 

2015-06-27 07:31:12,256 Starting Training from 2014-12-17 to 2015-01-01
2015-06-27 07:45:22,638 Starting Live from 2015-01-02 to 2015-02-01
2015-06-27 08:19:11,845 Starting Training from 2015-01-17 to 2015-02-01
2015-06-27 08:21:06,539 Starting Live from 2015-02-02 to 2015-03-04
2015-06-27 09:16:35,395 Starting Training from 2015-02-17 to 2015-03-04
2015-06-27 09:19:24,354 Starting Live from 2015-03-05 to 2015-04-04
2015-06-27 13:59:39,497 Starting Training from 2015-03-20 to 2015-04-04
2015-06-27 14:01:38,105 Starting Live from 2015-04-05 to 2015-04-10
2015-06-27 14:38:15,621 Starting Q Learning for : 
2015-06-27 14:38:15,621 alpha = 0.4
2015-06-27 14:38:15,621 gamma = 0.7
2015-06-27 14:38:15,621 individual factor = 8
2015-06-27 14:38:15,621 zero range = 0.001
2015-06-27 14:38:15,621 greedy level = 5
2015-06-27 14:38:15,621 

2015-06-27 14:38:21,769 Starting Training from 2014-12-17 to 2015-01-01
2015-06-27 14:51:42,193 Starting Live from 2015-01-02 to 2015-02-01
2015-06-27 15:24:13,954 Starting Training from 2015-01-17 to 2015-02-01
2015-06-27 15:26:30,882 Starting Live from 2015-02-02 to 2015-03-04
2015-06-27 15:54:04,084 Starting Training from 2015-02-17 to 2015-03-04
2015-06-27 16:00:02,815 Starting Live from 2015-03-05 to 2015-04-04
2015-06-27 16:23:07,375 Starting Training from 2015-03-20 to 2015-04-04
2015-06-27 16:27:43,766 Starting Live from 2015-04-05 to 2015-04-10
2015-06-27 16:34:16,115 Starting Q Learning for : 
2015-06-27 16:34:16,115 alpha = 0.4
2015-06-27 16:34:16,115 gamma = 0.8
2015-06-27 16:34:16,115 individual factor = 8
2015-06-27 16:34:16,115 zero range = 0.001
2015-06-27 16:34:16,115 greedy level = 5
2015-06-27 16:34:16,115 

2015-06-27 16:34:22,526 Starting Training from 2014-12-17 to 2015-01-01
2015-06-27 16:49:16,148 Starting Live from 2015-01-02 to 2015-02-01
2015-06-27 17:16:22,163 Starting Training from 2015-01-17 to 2015-02-01
2015-06-27 17:18:10,315 Starting Live from 2015-02-02 to 2015-03-04
2015-06-27 17:35:34,947 Starting Training from 2015-02-17 to 2015-03-04
2015-06-27 17:44:27,789 Starting Live from 2015-03-05 to 2015-04-04
2015-06-27 18:01:40,924 Starting Training from 2015-03-20 to 2015-04-04
2015-06-27 18:06:23,849 Starting Live from 2015-04-05 to 2015-04-10
2015-06-27 18:11:23,888 Starting Q Learning for : 
2015-06-27 18:11:23,890 alpha = 0.2
2015-06-27 18:11:23,890 gamma = 0.1
2015-06-27 18:11:23,890 individual factor = 8
2015-06-27 18:11:23,890 zero range = 0.001
2015-06-27 18:11:23,890 greedy level = 5
2015-06-27 18:11:23,890 

2015-06-27 18:11:29,740 Starting Training from 2014-12-17 to 2015-01-01
2015-06-27 18:25:23,572 Starting Live from 2015-01-02 to 2015-02-01
2015-06-27 18:59:06,736 Starting Training from 2015-01-17 to 2015-02-01
2015-06-27 19:01:06,818 Starting Live from 2015-02-02 to 2015-03-04
2015-06-27 19:46:09,388 Starting Training from 2015-02-17 to 2015-03-04
2015-06-27 19:49:19,450 Starting Live from 2015-03-05 to 2015-04-04
2015-06-27 21:47:34,128 Starting Training from 2015-03-20 to 2015-04-04
2015-06-27 21:49:36,319 Starting Live from 2015-04-05 to 2015-04-10
2015-06-27 22:06:47,073 Starting Q Learning for : 
2015-06-27 22:06:47,073 alpha = 0.2
2015-06-27 22:06:47,073 gamma = 0.2
2015-06-27 22:06:47,073 individual factor = 8
2015-06-27 22:06:47,075 zero range = 0.001
2015-06-27 22:06:47,075 greedy level = 5
2015-06-27 22:06:47,075 

2015-06-27 22:06:53,375 Starting Training from 2014-12-17 to 2015-01-01
2015-06-27 22:21:06,740 Starting Live from 2015-01-02 to 2015-02-01
2015-06-27 22:52:15,549 Starting Training from 2015-01-17 to 2015-02-01
2015-06-27 22:54:04,572 Starting Live from 2015-02-02 to 2015-03-04
2015-06-27 23:36:49,076 Starting Training from 2015-02-17 to 2015-03-04
2015-06-27 23:39:35,371 Starting Live from 2015-03-05 to 2015-04-04
2015-06-28 01:22:15,836 Starting Training from 2015-03-20 to 2015-04-04
2015-06-28 01:23:55,540 Starting Live from 2015-04-05 to 2015-04-10
2015-06-28 02:21:36,388 Starting Q Learning for : 
2015-06-28 02:21:36,388 alpha = 0.2
2015-06-28 02:21:36,390 gamma = 0.3
2015-06-28 02:21:36,390 individual factor = 8
2015-06-28 02:21:36,390 zero range = 0.001
2015-06-28 02:21:36,390 greedy level = 5
2015-06-28 02:21:36,390 

2015-06-28 02:21:47,960 Starting Training from 2014-12-17 to 2015-01-01
2015-06-28 02:34:51,647 Starting Live from 2015-01-02 to 2015-02-01
2015-06-28 03:05:12,181 Starting Training from 2015-01-17 to 2015-02-01
2015-06-28 03:07:37,733 Starting Live from 2015-02-02 to 2015-03-04
2015-06-28 03:56:43,792 Starting Training from 2015-02-17 to 2015-03-04
2015-06-28 03:59:20,608 Starting Live from 2015-03-05 to 2015-04-04
2015-06-28 09:19:59,239 Starting Training from 2015-03-20 to 2015-04-04
2015-06-28 09:21:32,329 Starting Live from 2015-04-05 to 2015-04-10
2015-06-28 10:39:01,036 Starting Q Learning for : 
2015-06-28 10:39:01,036 alpha = 0.2
2015-06-28 10:39:01,036 gamma = 0.4
2015-06-28 10:39:01,036 individual factor = 8
2015-06-28 10:39:01,038 zero range = 0.001
2015-06-28 10:39:01,038 greedy level = 5
2015-06-28 10:39:01,038 

2015-06-28 10:39:06,832 Starting Training from 2014-12-17 to 2015-01-01
2015-06-28 10:51:27,164 Starting Live from 2015-01-02 to 2015-02-01
2015-06-28 11:17:42,220 Starting Q Learning for : 
2015-06-28 11:17:44,855 Starting Training from 2014-12-17 to 2015-01-01
2015-06-28 11:29:50,586 Starting Live from 2015-01-02 to 2015-02-01
2015-06-28 11:37:47,911 Starting Q Learning for : 
2015-06-28 11:37:47,911 alpha = 0.4
2015-06-28 11:37:47,911 gamma = 0.3
2015-06-28 11:37:47,911 individual factor = 8
2015-06-28 11:37:47,911 zero range = 0.006
2015-06-28 11:37:47,911 greedy level = 5
2015-06-28 11:37:47,911 

2015-06-28 11:37:48,016 Starting Q Learning for : 
2015-06-28 11:37:48,016 alpha = 0.2
2015-06-28 11:37:48,016 gamma = 0.5
2015-06-28 11:37:48,016 individual factor = 8
2015-06-28 11:37:48,016 zero range = 0.006
2015-06-28 11:37:48,016 greedy level = 5
2015-06-28 11:37:48,016 

2015-06-28 11:37:48,121 Starting Q Learning for : 
2015-06-28 11:37:48,121 alpha = 0.6
2015-06-28 11:37:48,121 gamma = 0.7
2015-06-28 11:37:48,121 individual factor = 8
2015-06-28 11:37:48,121 zero range = 0.006
2015-06-28 11:37:48,121 greedy level = 5
2015-06-28 11:37:48,121 

