2015-07-01 22:49:12,548 Starting mtm calculation
2015-07-01 22:49:12,548 Calculating mtm for 2014-12-01
2015-07-01 22:49:14,581 Calculating mtm for 2014-12-02
2015-07-01 22:49:16,819 Calculating mtm for 2014-12-03
2015-07-01 22:49:18,524 Calculating mtm for 2014-12-04
2015-07-01 22:49:20,464 Calculating mtm for 2014-12-05
2015-07-01 22:49:24,979 Calculating mtm for 2014-12-06
2015-07-01 22:49:24,984 Calculating mtm for 2014-12-07
2015-07-01 22:49:24,987 Calculating mtm for 2014-12-08
2015-07-01 22:49:26,771 Calculating mtm for 2014-12-09
2015-07-01 22:49:28,489 Calculating mtm for 2014-12-10
2015-07-01 22:49:30,413 Calculating mtm for 2014-12-11
2015-07-01 22:49:32,339 Calculating mtm for 2014-12-12
2015-07-01 22:49:36,507 Calculating mtm for 2014-12-13
2015-07-01 22:49:36,512 Calculating mtm for 2014-12-14
2015-07-01 22:49:36,515 Calculating mtm for 2014-12-15
2015-07-01 22:49:39,077 Calculating mtm for 2014-12-16
2015-07-01 22:49:41,072 Calculating mtm for 2014-12-17
2015-07-01 22:49:41,748 Calculating mtm for 2014-12-18
2015-07-01 22:49:45,193 Calculating mtm for 2014-12-19
2015-07-01 22:49:49,168 Calculating mtm for 2014-12-20
2015-07-01 22:49:49,171 Calculating mtm for 2014-12-21
2015-07-01 22:49:49,173 Calculating mtm for 2014-12-22
2015-07-01 22:49:49,962 Calculating mtm for 2014-12-23
2015-07-01 22:49:51,360 Calculating mtm for 2014-12-24
2015-07-01 22:49:54,182 Calculating mtm for 2014-12-25
2015-07-01 22:49:54,185 Calculating mtm for 2014-12-26
2015-07-01 22:49:57,053 Calculating mtm for 2014-12-27
2015-07-01 22:49:57,056 Calculating mtm for 2014-12-28
2015-07-01 22:49:57,058 Calculating mtm for 2014-12-29
2015-07-01 22:49:59,212 Calculating mtm for 2014-12-30
2015-07-01 22:50:00,130 Calculating mtm for 2014-12-31
2015-07-01 22:50:01,743 Calculating mtm for 2015-01-01
2015-07-01 22:50:03,509 Calculating mtm for 2015-01-02
2015-07-01 22:50:04,940 Calculating mtm for 2015-01-03
2015-07-01 22:50:04,944 Calculating mtm for 2015-01-04
2015-07-01 22:50:04,947 Calculating mtm for 2015-01-05
2015-07-01 22:50:06,848 Calculating mtm for 2015-01-06
2015-07-01 22:50:08,068 Calculating mtm for 2015-01-07
2015-07-01 22:50:09,918 Calculating mtm for 2015-01-08
2015-07-01 22:50:13,645 Calculating mtm for 2015-01-09
2015-07-01 22:50:17,836 Calculating mtm for 2015-01-10
2015-07-01 22:50:17,839 Calculating mtm for 2015-01-11
2015-07-01 22:50:17,841 Calculating mtm for 2015-01-12
2015-07-01 22:50:18,963 Calculating mtm for 2015-01-13
2015-07-01 22:50:21,524 Calculating mtm for 2015-01-14
2015-07-01 22:50:22,035 Calculating mtm for 2015-01-15
2015-07-01 22:50:26,664 Calculating mtm for 2015-01-16
2015-07-01 22:50:28,585 Calculating mtm for 2015-01-17
2015-07-01 22:50:28,638 Calculating mtm for 2015-01-18
2015-07-01 22:50:28,692 Calculating mtm for 2015-01-19
2015-07-01 22:50:39,377 Calculating mtm for 2015-01-20
2015-07-01 22:50:41,562 Calculating mtm for 2015-01-21
2015-07-01 22:50:43,224 Calculating mtm for 2015-01-22
2015-07-01 22:50:44,631 Calculating mtm for 2015-01-23
2015-07-01 22:50:47,962 Calculating mtm for 2015-01-24
2015-07-01 22:50:47,967 Calculating mtm for 2015-01-25
2015-07-01 22:50:47,971 Calculating mtm for 2015-01-26
2015-07-01 22:50:47,974 Calculating mtm for 2015-01-27
2015-07-01 22:50:49,349 Calculating mtm for 2015-01-28
2015-07-01 22:50:51,149 Calculating mtm for 2015-01-29
2015-07-01 22:50:53,276 Calculating mtm for 2015-01-30
2015-07-01 22:50:55,298 Calculating mtm for 2015-01-31
2015-07-01 22:50:55,301 Calculating mtm for 2015-02-01
2015-07-01 22:50:55,319 Calculating mtm for 2015-02-02
2015-07-01 22:50:56,280 Calculating mtm for 2015-02-03
2015-07-01 22:50:57,784 Calculating mtm for 2015-02-04
2015-07-01 22:51:01,110 Calculating mtm for 2015-02-05
2015-07-01 22:51:04,848 Calculating mtm for 2015-02-06
2015-07-01 22:51:08,413 Calculating mtm for 2015-02-07
2015-07-01 22:51:08,418 Calculating mtm for 2015-02-08
2015-07-01 22:51:08,421 Calculating mtm for 2015-02-09
2015-07-01 22:51:12,869 Calculating mtm for 2015-02-10
2015-07-01 22:51:15,497 Updating ranks for walkforward - 1
2015-07-01 22:51:42,680 Updating ranks for walkforward - 2
2015-07-01 22:52:05,094 Updating ranks for walkforward - 3
2015-07-01 22:52:23,444 Done Ranking. Calling processes now.
2015-07-01 22:52:23,445 Starting Q Learning for : 
2015-07-01 22:52:23,445 alpha = 0.5
2015-07-01 22:52:23,445 gamma = 0.1
2015-07-01 22:52:23,445 individual factor = 10
2015-07-01 22:52:23,445 zero range = 0.002
2015-07-01 22:52:23,445 greedy level = 5
2015-07-01 22:52:23,446 

2015-07-01 22:52:23,450 Starting Q Learning for : 
2015-07-01 22:52:23,450 alpha = 0.5
2015-07-01 22:52:23,450 gamma = 0.7
2015-07-01 22:52:23,450 individual factor = 10
2015-07-01 22:52:23,450 zero range = 0.002
2015-07-01 22:52:23,450 Starting Q Learning for : 
2015-07-01 22:52:23,450 greedy level = 5
2015-07-01 22:52:23,450 

2015-07-01 22:52:23,450 alpha = 0.4
2015-07-01 22:52:23,450 gamma = 0.5
2015-07-01 22:52:23,450 individual factor = 10
2015-07-01 22:52:23,450 zero range = 0.002
2015-07-01 22:52:23,450 greedy level = 5
2015-07-01 22:52:23,450 

2015-07-01 22:52:23,452 Starting Q Learning for : 
2015-07-01 22:52:23,452 Starting Q Learning for : 
2015-07-01 22:52:23,452 alpha = 0.2
2015-07-01 22:52:23,452 gamma = 0.1
2015-07-01 22:52:23,452 alpha = 0.6
2015-07-01 22:52:23,452 individual factor = 10
2015-07-01 22:52:23,452 gamma = 0.3
2015-07-01 22:52:23,452 zero range = 0.002
2015-07-01 22:52:23,452 individual factor = 10
2015-07-01 22:52:23,452 greedy level = 5
2015-07-01 22:52:23,453 zero range = 0.002
2015-07-01 22:52:23,453 

2015-07-01 22:52:23,453 greedy level = 5
2015-07-01 22:52:23,453 

2015-07-01 22:52:26,286 Starting Training from 2015-01-01 to 2015-01-31
2015-07-01 22:52:26,289 Starting Training from 2015-01-01 to 2015-01-31
2015-07-01 22:52:26,323 Starting Training from 2015-01-01 to 2015-01-31
2015-07-01 22:52:26,331 Starting Training from 2015-01-01 to 2015-01-31
2015-07-01 22:52:26,340 Starting Training from 2015-01-01 to 2015-01-31
2015-07-01 23:07:50,131 Starting Live from 2015-02-01 to 2015-03-03
2015-07-01 23:08:09,885 Starting Live from 2015-02-01 to 2015-03-03
2015-07-01 23:08:10,834 Starting Live from 2015-02-01 to 2015-03-03
2015-07-01 23:08:10,947 Starting Live from 2015-02-01 to 2015-03-03
2015-07-01 23:08:20,782 Starting Live from 2015-02-01 to 2015-03-03
2015-07-01 23:24:42,127 Starting Training from 2015-02-01 to 2015-03-03
2015-07-01 23:24:56,637 Starting Training from 2015-02-01 to 2015-03-03
2015-07-01 23:25:11,488 Starting Training from 2015-02-01 to 2015-03-03
2015-07-01 23:25:19,732 Starting Training from 2015-02-01 to 2015-03-03
2015-07-01 23:25:23,884 Starting Training from 2015-02-01 to 2015-03-03
2015-07-01 23:26:48,511 Starting Live from 2015-03-04 to 2015-04-03
2015-07-01 23:26:51,824 Starting Live from 2015-03-04 to 2015-04-03
2015-07-01 23:26:59,170 Starting Live from 2015-03-04 to 2015-04-03
2015-07-01 23:27:01,459 Starting Live from 2015-03-04 to 2015-04-03
2015-07-01 23:27:03,649 Starting Live from 2015-03-04 to 2015-04-03
2015-07-01 23:44:03,956 Starting Training from 2015-03-04 to 2015-04-03
2015-07-01 23:44:07,875 Starting Training from 2015-03-04 to 2015-04-03
2015-07-01 23:44:08,126 Starting Training from 2015-03-04 to 2015-04-03
2015-07-01 23:44:12,290 Starting Training from 2015-03-04 to 2015-04-03
2015-07-01 23:44:35,083 Starting Training from 2015-03-04 to 2015-04-03
2015-07-01 23:45:28,300 Starting Live from 2015-04-04 to 2015-04-10
2015-07-01 23:45:30,509 Starting Live from 2015-04-04 to 2015-04-10
2015-07-01 23:45:30,590 Starting Live from 2015-04-04 to 2015-04-10
2015-07-01 23:45:39,333 Starting Live from 2015-04-04 to 2015-04-10
2015-07-01 23:45:56,824 Starting Live from 2015-04-04 to 2015-04-10
2015-07-01 23:49:32,811 Starting Q Learning for : 
2015-07-01 23:49:32,811 alpha = 0.2
2015-07-01 23:49:32,811 gamma = 0.2
2015-07-01 23:49:32,811 individual factor = 10
2015-07-01 23:49:32,811 zero range = 0.002
2015-07-01 23:49:32,811 greedy level = 5
2015-07-01 23:49:32,811 

2015-07-01 23:49:34,336 Starting Training from 2015-01-01 to 2015-01-31
2015-07-01 23:49:35,437 Starting Q Learning for : 
2015-07-01 23:49:35,437 alpha = 0.4
2015-07-01 23:49:35,437 gamma = 0.6
2015-07-01 23:49:35,437 individual factor = 10
2015-07-01 23:49:35,437 zero range = 0.002
2015-07-01 23:49:35,438 greedy level = 5
2015-07-01 23:49:35,438 

2015-07-01 23:49:37,194 Starting Training from 2015-01-01 to 2015-01-31
2015-07-01 23:49:41,287 Starting Q Learning for : 
2015-07-01 23:49:41,287 alpha = 0.6
2015-07-01 23:49:41,287 gamma = 0.4
2015-07-01 23:49:41,288 individual factor = 10
2015-07-01 23:49:41,288 zero range = 0.002
2015-07-01 23:49:41,288 greedy level = 5
2015-07-01 23:49:41,288 

2015-07-01 23:49:42,889 Starting Training from 2015-01-01 to 2015-01-31
2015-07-01 23:49:49,873 Starting Q Learning for : 
2015-07-01 23:49:49,873 alpha = 0.5
2015-07-01 23:49:49,873 gamma = 0.2
2015-07-01 23:49:49,873 individual factor = 10
2015-07-01 23:49:49,873 zero range = 0.002
2015-07-01 23:49:49,873 greedy level = 5
2015-07-01 23:49:49,873 

2015-07-01 23:49:51,226 Starting Training from 2015-01-01 to 2015-01-31
2015-07-01 23:50:06,686 Starting Q Learning for : 
2015-07-01 23:50:06,686 alpha = 0.5
2015-07-01 23:50:06,686 gamma = 0.8
2015-07-01 23:50:06,686 individual factor = 10
2015-07-01 23:50:06,686 zero range = 0.002
2015-07-01 23:50:06,686 greedy level = 5
2015-07-01 23:50:06,687 

2015-07-01 23:50:07,923 Starting Training from 2015-01-01 to 2015-01-31
2015-07-02 00:06:07,867 Starting Live from 2015-02-01 to 2015-03-03
2015-07-02 00:06:22,335 Starting Live from 2015-02-01 to 2015-03-03
2015-07-02 00:06:25,856 Starting Live from 2015-02-01 to 2015-03-03
2015-07-02 00:06:25,858 Starting Live from 2015-02-01 to 2015-03-03
2015-07-02 00:06:47,743 Starting Live from 2015-02-01 to 2015-03-03
2015-07-02 00:23:08,287 Starting Training from 2015-02-01 to 2015-03-03
2015-07-02 00:23:10,295 Starting Training from 2015-02-01 to 2015-03-03
2015-07-02 00:23:28,760 Starting Training from 2015-02-01 to 2015-03-03
2015-07-02 00:23:33,011 Starting Training from 2015-02-01 to 2015-03-03
2015-07-02 00:24:05,725 Starting Training from 2015-02-01 to 2015-03-03
2015-07-02 00:25:00,825 Starting Live from 2015-03-04 to 2015-04-03
2015-07-02 00:25:03,975 Starting Live from 2015-03-04 to 2015-04-03
2015-07-02 00:25:18,181 Starting Live from 2015-03-04 to 2015-04-03
2015-07-02 00:25:23,086 Starting Live from 2015-03-04 to 2015-04-03
2015-07-02 00:25:50,270 Starting Live from 2015-03-04 to 2015-04-03
2015-07-02 00:43:22,015 Starting Training from 2015-03-04 to 2015-04-03
2015-07-02 00:43:27,179 Starting Training from 2015-03-04 to 2015-04-03
2015-07-02 00:43:30,618 Starting Training from 2015-03-04 to 2015-04-03
2015-07-02 00:43:35,591 Starting Training from 2015-03-04 to 2015-04-03
2015-07-02 00:44:02,939 Starting Training from 2015-03-04 to 2015-04-03
2015-07-02 00:44:49,516 Starting Live from 2015-04-04 to 2015-04-10
2015-07-02 00:44:55,230 Starting Live from 2015-04-04 to 2015-04-10
2015-07-02 00:44:58,901 Starting Live from 2015-04-04 to 2015-04-10
2015-07-02 00:45:04,798 Starting Live from 2015-04-04 to 2015-04-10
2015-07-02 00:45:30,760 Starting Live from 2015-04-04 to 2015-04-10
2015-07-02 00:49:39,907 Starting Q Learning for : 
2015-07-02 00:49:39,907 alpha = 0.5
2015-07-02 00:49:39,907 gamma = 0.3
2015-07-02 00:49:39,907 individual factor = 10
2015-07-02 00:49:39,907 zero range = 0.002
2015-07-02 00:49:39,908 greedy level = 5
2015-07-02 00:49:39,908 

2015-07-02 00:49:42,216 Starting Training from 2015-01-01 to 2015-01-31
2015-07-02 00:49:47,553 Starting Q Learning for : 
2015-07-02 00:49:47,553 alpha = 0.2
2015-07-02 00:49:47,553 gamma = 0.3
2015-07-02 00:49:47,553 individual factor = 10
2015-07-02 00:49:47,553 zero range = 0.002
2015-07-02 00:49:47,553 greedy level = 5
2015-07-02 00:49:47,553 

2015-07-02 00:49:50,969 Starting Training from 2015-01-01 to 2015-01-31
2015-07-02 00:50:07,759 Starting Q Learning for : 
2015-07-02 00:50:07,759 alpha = 0.4
2015-07-02 00:50:07,759 gamma = 0.7
2015-07-02 00:50:07,759 individual factor = 10
2015-07-02 00:50:07,759 zero range = 0.002
2015-07-02 00:50:07,759 greedy level = 5
2015-07-02 00:50:07,759 

2015-07-02 00:50:10,339 Starting Training from 2015-01-01 to 2015-01-31
2015-07-02 00:50:21,601 Starting Q Learning for : 
2015-07-02 00:50:21,602 alpha = 0.6
2015-07-02 00:50:21,602 gamma = 0.5
2015-07-02 00:50:21,602 individual factor = 10
2015-07-02 00:50:21,602 zero range = 0.002
2015-07-02 00:50:21,602 greedy level = 5
2015-07-02 00:50:21,602 

2015-07-02 00:50:23,859 Starting Training from 2015-01-01 to 2015-01-31
2015-07-02 00:51:08,914 Starting Q Learning for : 
2015-07-02 00:51:08,914 alpha = 0.4
2015-07-02 00:51:08,914 gamma = 0.1
2015-07-02 00:51:08,914 individual factor = 10
2015-07-02 00:51:08,914 zero range = 0.002
2015-07-02 00:51:08,914 greedy level = 5
2015-07-02 00:51:08,914 

2015-07-02 00:51:11,305 Starting Training from 2015-01-01 to 2015-01-31
2015-07-02 01:05:36,992 Starting Live from 2015-02-01 to 2015-03-03
2015-07-02 01:05:43,587 Starting Live from 2015-02-01 to 2015-03-03
2015-07-02 01:05:54,137 Starting Live from 2015-02-01 to 2015-03-03
2015-07-02 01:06:04,866 Starting Live from 2015-02-01 to 2015-03-03
2015-07-02 01:06:23,585 Starting Live from 2015-02-01 to 2015-03-03
2015-07-02 01:22:27,495 Starting Training from 2015-02-01 to 2015-03-03
2015-07-02 01:22:42,053 Starting Training from 2015-02-01 to 2015-03-03
2015-07-02 01:23:01,296 Starting Training from 2015-02-01 to 2015-03-03
2015-07-02 01:23:07,778 Starting Training from 2015-02-01 to 2015-03-03
2015-07-02 01:23:10,300 Starting Training from 2015-02-01 to 2015-03-03
2015-07-02 01:24:14,400 Starting Live from 2015-03-04 to 2015-04-03
2015-07-02 01:24:44,674 Starting Live from 2015-03-04 to 2015-04-03
2015-07-02 01:25:35,601 Starting Live from 2015-03-04 to 2015-04-03
2015-07-02 01:25:53,561 Starting Live from 2015-03-04 to 2015-04-03
2015-07-02 01:26:00,738 Starting Live from 2015-03-04 to 2015-04-03
2015-07-02 01:43:14,881 Starting Training from 2015-03-04 to 2015-04-03
2015-07-02 01:43:24,882 Starting Training from 2015-03-04 to 2015-04-03
2015-07-02 01:44:17,785 Starting Training from 2015-03-04 to 2015-04-03
2015-07-02 01:44:17,867 Starting Training from 2015-03-04 to 2015-04-03
2015-07-02 01:44:26,943 Starting Training from 2015-03-04 to 2015-04-03
2015-07-02 01:45:17,425 Starting Live from 2015-04-04 to 2015-04-10
2015-07-02 01:45:20,078 Starting Live from 2015-04-04 to 2015-04-10
2015-07-02 01:45:42,669 Starting Live from 2015-04-04 to 2015-04-10
2015-07-02 01:45:42,998 Starting Live from 2015-04-04 to 2015-04-10
2015-07-02 01:45:53,244 Starting Live from 2015-04-04 to 2015-04-10
2015-07-02 01:49:29,829 Starting Q Learning for : 
2015-07-02 01:49:29,829 alpha = 0.5
2015-07-02 01:49:29,829 gamma = 0.4
2015-07-02 01:49:29,829 individual factor = 10
2015-07-02 01:49:29,829 zero range = 0.002
2015-07-02 01:49:29,829 greedy level = 5
2015-07-02 01:49:29,829 

2015-07-02 01:49:31,240 Starting Training from 2015-01-01 to 2015-01-31
2015-07-02 01:49:31,830 Starting Q Learning for : 
2015-07-02 01:49:31,830 alpha = 0.2
2015-07-02 01:49:31,830 gamma = 0.4
2015-07-02 01:49:31,830 individual factor = 10
2015-07-02 01:49:31,830 zero range = 0.002
2015-07-02 01:49:31,830 greedy level = 5
2015-07-02 01:49:31,830 

2015-07-02 01:49:32,909 Starting Training from 2015-01-01 to 2015-01-31
2015-07-02 01:49:48,975 Starting Q Learning for : 
2015-07-02 01:49:48,975 alpha = 0.6
2015-07-02 01:49:48,975 gamma = 0.6
2015-07-02 01:49:48,975 individual factor = 10
2015-07-02 01:49:48,976 zero range = 0.002
2015-07-02 01:49:48,976 greedy level = 5
2015-07-02 01:49:48,976 

2015-07-02 01:49:50,414 Starting Training from 2015-01-01 to 2015-01-31
2015-07-02 01:49:54,352 Starting Q Learning for : 
2015-07-02 01:49:54,352 alpha = 0.4
2015-07-02 01:49:54,352 gamma = 0.2
2015-07-02 01:49:54,352 individual factor = 10
2015-07-02 01:49:54,352 zero range = 0.002
2015-07-02 01:49:54,352 greedy level = 5
2015-07-02 01:49:54,352 

2015-07-02 01:49:56,144 Starting Training from 2015-01-01 to 2015-01-31
2015-07-02 01:50:02,994 Starting Q Learning for : 
2015-07-02 01:50:02,994 alpha = 0.4
2015-07-02 01:50:02,994 gamma = 0.8
2015-07-02 01:50:02,994 individual factor = 10
2015-07-02 01:50:02,994 zero range = 0.002
2015-07-02 01:50:02,995 greedy level = 5
2015-07-02 01:50:02,995 

2015-07-02 01:50:05,077 Starting Training from 2015-01-01 to 2015-01-31
2015-07-02 02:05:37,193 Starting Live from 2015-02-01 to 2015-03-03
2015-07-02 02:05:39,289 Starting Live from 2015-02-01 to 2015-03-03
2015-07-02 02:05:59,212 Starting Live from 2015-02-01 to 2015-03-03
2015-07-02 02:06:02,074 Starting Live from 2015-02-01 to 2015-03-03
2015-07-02 02:06:17,308 Starting Live from 2015-02-01 to 2015-03-03
2015-07-02 02:21:40,393 Starting Training from 2015-02-01 to 2015-03-03
2015-07-02 02:21:42,088 Starting Training from 2015-02-01 to 2015-03-03
2015-07-02 02:21:59,447 Starting Training from 2015-02-01 to 2015-03-03
2015-07-02 02:22:01,438 Starting Training from 2015-02-01 to 2015-03-03
2015-07-02 02:22:28,506 Starting Training from 2015-02-01 to 2015-03-03
2015-07-02 02:23:03,175 Starting Live from 2015-03-04 to 2015-04-03
2015-07-02 02:23:04,725 Starting Live from 2015-03-04 to 2015-04-03
2015-07-02 02:23:22,572 Starting Live from 2015-03-04 to 2015-04-03
2015-07-02 02:23:24,573 Starting Live from 2015-03-04 to 2015-04-03
2015-07-02 02:23:46,441 Starting Live from 2015-03-04 to 2015-04-03
2015-07-02 02:40:01,582 Starting Training from 2015-03-04 to 2015-04-03
2015-07-02 02:40:18,172 Starting Training from 2015-03-04 to 2015-04-03
2015-07-02 02:40:28,035 Starting Training from 2015-03-04 to 2015-04-03
2015-07-02 02:40:50,853 Starting Training from 2015-03-04 to 2015-04-03
2015-07-02 02:41:22,861 Starting Training from 2015-03-04 to 2015-04-03
2015-07-02 02:41:25,914 Starting Live from 2015-04-04 to 2015-04-10
2015-07-02 02:41:39,823 Starting Live from 2015-04-04 to 2015-04-10
2015-07-02 02:41:52,327 Starting Live from 2015-04-04 to 2015-04-10
2015-07-02 02:42:13,210 Starting Live from 2015-04-04 to 2015-04-10
2015-07-02 02:42:46,303 Starting Live from 2015-04-04 to 2015-04-10
2015-07-02 02:45:31,094 Starting Q Learning for : 
2015-07-02 02:45:31,094 alpha = 0.5
2015-07-02 02:45:31,094 gamma = 0.5
2015-07-02 02:45:31,094 individual factor = 10
2015-07-02 02:45:31,094 zero range = 0.002
2015-07-02 02:45:31,094 greedy level = 5
2015-07-02 02:45:31,094 

2015-07-02 02:45:32,723 Starting Training from 2015-01-01 to 2015-01-31
2015-07-02 02:45:47,089 Starting Q Learning for : 
2015-07-02 02:45:47,089 alpha = 0.2
2015-07-02 02:45:47,089 gamma = 0.5
2015-07-02 02:45:47,089 individual factor = 10
2015-07-02 02:45:47,089 zero range = 0.002
2015-07-02 02:45:47,089 greedy level = 5
2015-07-02 02:45:47,089 

2015-07-02 02:45:48,526 Starting Training from 2015-01-01 to 2015-01-31
2015-07-02 02:45:58,852 Starting Q Learning for : 
2015-07-02 02:45:58,852 alpha = 0.6
2015-07-02 02:45:58,852 gamma = 0.7
2015-07-02 02:45:58,852 individual factor = 10
2015-07-02 02:45:58,852 zero range = 0.002
2015-07-02 02:45:58,852 greedy level = 5
2015-07-02 02:45:58,852 

2015-07-02 02:46:00,737 Starting Training from 2015-01-01 to 2015-01-31
2015-07-02 02:46:27,153 Starting Q Learning for : 
2015-07-02 02:46:27,223 alpha = 0.4
2015-07-02 02:46:27,223 gamma = 0.3
2015-07-02 02:46:27,223 individual factor = 10
2015-07-02 02:46:27,223 zero range = 0.002
2015-07-02 02:46:27,223 greedy level = 5
2015-07-02 02:46:27,223 

2015-07-02 02:46:28,468 Starting Training from 2015-01-01 to 2015-01-31
2015-07-02 02:47:08,488 Starting Q Learning for : 
2015-07-02 02:47:08,488 alpha = 0.6
2015-07-02 02:47:08,488 gamma = 0.1
2015-07-02 02:47:08,488 individual factor = 10
2015-07-02 02:47:08,488 zero range = 0.002
2015-07-02 02:47:08,488 greedy level = 5
2015-07-02 02:47:08,488 

2015-07-02 02:47:10,210 Starting Training from 2015-01-01 to 2015-01-31
2015-07-02 03:02:33,674 Starting Live from 2015-02-01 to 2015-03-03
2015-07-02 03:02:51,061 Starting Live from 2015-02-01 to 2015-03-03
2015-07-02 03:03:03,519 Starting Live from 2015-02-01 to 2015-03-03
2015-07-02 03:03:40,247 Starting Live from 2015-02-01 to 2015-03-03
2015-07-02 03:04:22,464 Starting Live from 2015-02-01 to 2015-03-03
2015-07-02 03:19:05,636 Starting Training from 2015-02-01 to 2015-03-03
2015-07-02 03:19:25,031 Starting Training from 2015-02-01 to 2015-03-03
2015-07-02 03:19:34,491 Starting Training from 2015-02-01 to 2015-03-03
2015-07-02 03:19:59,772 Starting Training from 2015-02-01 to 2015-03-03
2015-07-02 03:20:25,231 Starting Live from 2015-03-04 to 2015-04-03
2015-07-02 03:20:30,623 Starting Training from 2015-02-01 to 2015-03-03
2015-07-02 03:20:45,755 Starting Live from 2015-03-04 to 2015-04-03
2015-07-02 03:21:09,720 Starting Live from 2015-03-04 to 2015-04-03
2015-07-02 03:22:12,843 Starting Live from 2015-03-04 to 2015-04-03
2015-07-02 03:23:26,938 Starting Live from 2015-03-04 to 2015-04-03
2015-07-02 03:37:02,110 Starting Training from 2015-03-04 to 2015-04-03
2015-07-02 03:37:33,383 Starting Training from 2015-03-04 to 2015-04-03
2015-07-02 03:37:40,766 Starting Training from 2015-03-04 to 2015-04-03
2015-07-02 03:38:15,702 Starting Training from 2015-03-04 to 2015-04-03
2015-07-02 03:38:18,998 Starting Live from 2015-04-04 to 2015-04-10
2015-07-02 03:39:11,783 Starting Training from 2015-03-04 to 2015-04-03
2015-07-02 03:39:32,121 Starting Live from 2015-04-04 to 2015-04-10
2015-07-02 03:39:56,190 Starting Live from 2015-04-04 to 2015-04-10
2015-07-02 03:41:32,435 Starting Live from 2015-04-04 to 2015-04-10
2015-07-02 03:42:30,580 Starting Live from 2015-04-04 to 2015-04-10
2015-07-02 03:44:02,380 Starting Q Learning for : 
2015-07-02 03:44:02,380 alpha = 0.5
2015-07-02 03:44:02,380 gamma = 0.6
2015-07-02 03:44:02,380 individual factor = 10
2015-07-02 03:44:02,380 zero range = 0.002
2015-07-02 03:44:02,380 greedy level = 5
2015-07-02 03:44:02,380 

2015-07-02 03:44:03,820 Starting Training from 2015-01-01 to 2015-01-31
2015-07-02 03:45:01,955 Starting Q Learning for : 
2015-07-02 03:45:01,955 alpha = 0.2
2015-07-02 03:45:01,955 gamma = 0.6
2015-07-02 03:45:01,955 individual factor = 10
2015-07-02 03:45:01,955 zero range = 0.002
2015-07-02 03:45:01,955 greedy level = 5
2015-07-02 03:45:01,955 

2015-07-02 03:45:03,627 Starting Training from 2015-01-01 to 2015-01-31
2015-07-02 03:45:05,710 Starting Q Learning for : 
2015-07-02 03:45:05,710 alpha = 0.6
2015-07-02 03:45:05,710 gamma = 0.8
2015-07-02 03:45:05,710 individual factor = 10
2015-07-02 03:45:05,710 zero range = 0.002
2015-07-02 03:45:05,710 greedy level = 5
2015-07-02 03:45:05,710 

2015-07-02 03:45:06,936 Starting Training from 2015-01-01 to 2015-01-31
2015-07-02 03:45:54,901 Starting Q Learning for : 
2015-07-02 03:45:54,901 alpha = 0.4
2015-07-02 03:45:54,901 gamma = 0.4
2015-07-02 03:45:54,901 individual factor = 10
2015-07-02 03:45:54,901 zero range = 0.002
2015-07-02 03:45:54,901 greedy level = 5
2015-07-02 03:45:54,901 

2015-07-02 03:45:56,399 Starting Training from 2015-01-01 to 2015-01-31
2015-07-02 03:46:32,008 Starting Q Learning for : 
2015-07-02 03:46:32,008 alpha = 0.6
2015-07-02 03:46:32,008 gamma = 0.2
2015-07-02 03:46:32,008 individual factor = 10
2015-07-02 03:46:32,008 zero range = 0.002
2015-07-02 03:46:32,008 greedy level = 5
2015-07-02 03:46:32,009 

2015-07-02 03:46:33,255 Starting Training from 2015-01-01 to 2015-01-31
2015-07-02 03:59:24,440 Starting Live from 2015-02-01 to 2015-03-03
2015-07-02 04:00:30,712 Starting Live from 2015-02-01 to 2015-03-03
2015-07-02 04:00:34,033 Starting Live from 2015-02-01 to 2015-03-03
2015-07-02 04:01:21,934 Starting Live from 2015-02-01 to 2015-03-03
2015-07-02 04:01:46,549 Starting Live from 2015-02-01 to 2015-03-03
2015-07-02 04:13:03,362 Starting Training from 2015-02-01 to 2015-03-03
2015-07-02 04:15:00,203 Starting Training from 2015-02-01 to 2015-03-03
2015-07-02 04:15:08,417 Starting Training from 2015-02-01 to 2015-03-03
2015-07-02 04:16:32,294 Starting Live from 2015-03-04 to 2015-04-03
2015-07-02 04:16:36,330 Starting Training from 2015-02-01 to 2015-03-03
2015-07-02 04:17:04,364 Starting Training from 2015-02-01 to 2015-03-03
2015-07-02 04:17:27,063 Starting Live from 2015-03-04 to 2015-04-03
2015-07-02 04:17:29,755 Starting Live from 2015-03-04 to 2015-04-03
2015-07-02 04:18:01,828 Starting Live from 2015-03-04 to 2015-04-03
2015-07-02 04:18:23,340 Starting Live from 2015-03-04 to 2015-04-03
2015-07-02 04:31:26,866 Starting Training from 2015-03-04 to 2015-04-03
2015-07-02 04:32:56,354 Starting Training from 2015-03-04 to 2015-04-03
2015-07-02 04:33:22,483 Starting Training from 2015-03-04 to 2015-04-03
2015-07-02 04:34:18,976 Starting Training from 2015-03-04 to 2015-04-03
2015-07-02 04:34:27,454 Starting Live from 2015-04-04 to 2015-04-10
2015-07-02 04:34:51,603 Starting Training from 2015-03-04 to 2015-04-03
2015-07-02 04:35:02,003 Starting Live from 2015-04-04 to 2015-04-10
2015-07-02 04:35:12,658 Starting Live from 2015-04-04 to 2015-04-10
2015-07-02 04:35:37,608 Starting Live from 2015-04-04 to 2015-04-10
2015-07-02 04:36:08,865 Starting Live from 2015-04-04 to 2015-04-10
2015-07-02 04:38:09,871 Starting Q Learning for : 
2015-07-02 04:38:09,871 alpha = 0.2
2015-07-02 04:38:09,871 gamma = 0.7
2015-07-02 04:38:09,871 individual factor = 10
2015-07-02 04:38:09,871 zero range = 0.002
2015-07-02 04:38:09,871 greedy level = 5
2015-07-02 04:38:09,871 

2015-07-02 04:38:11,701 Starting Training from 2015-01-01 to 2015-01-31
2015-07-02 04:38:41,350 Starting Q Learning for : 
2015-07-02 04:38:41,350 alpha = 0.8
2015-07-02 04:38:41,350 gamma = 0.5
2015-07-02 04:38:41,350 individual factor = 10
2015-07-02 04:38:41,350 zero range = 0.002
2015-07-02 04:38:41,351 greedy level = 5
2015-07-02 04:38:41,351 

2015-07-02 04:38:42,525 Starting Training from 2015-01-01 to 2015-01-31
2015-07-02 04:38:57,670 Starting Q Learning for : 
2015-07-02 04:38:57,670 alpha = 0.5
2015-07-02 04:38:57,670 gamma = 0.3
2015-07-02 04:38:57,670 individual factor = 10
2015-07-02 04:38:57,670 zero range = 0.006
2015-07-02 04:38:57,670 greedy level = 5
2015-07-02 04:38:57,670 

2015-07-02 04:38:59,533 Starting Training from 2015-01-01 to 2015-01-31
2015-07-02 04:39:16,193 Starting Q Learning for : 
2015-07-02 04:39:16,193 alpha = 0.4
2015-07-02 04:39:16,193 gamma = 0.1
2015-07-02 04:39:16,193 individual factor = 10
2015-07-02 04:39:16,193 zero range = 0.006
2015-07-02 04:39:16,193 greedy level = 5
2015-07-02 04:39:16,193 

2015-07-02 04:39:17,607 Starting Training from 2015-01-01 to 2015-01-31
2015-07-02 04:39:55,965 Starting Q Learning for : 
2015-07-02 04:39:55,965 alpha = 0.4
2015-07-02 04:39:55,965 gamma = 0.7
2015-07-02 04:39:55,966 individual factor = 10
2015-07-02 04:39:55,966 zero range = 0.006
2015-07-02 04:39:55,966 greedy level = 5
2015-07-02 04:39:55,966 

2015-07-02 04:39:57,371 Starting Training from 2015-01-01 to 2015-01-31
2015-07-02 04:52:53,765 Starting Live from 2015-02-01 to 2015-03-03
2015-07-02 04:53:25,228 Starting Live from 2015-02-01 to 2015-03-03
2015-07-02 04:53:36,760 Starting Live from 2015-02-01 to 2015-03-03
2015-07-02 04:53:59,915 Starting Live from 2015-02-01 to 2015-03-03
2015-07-02 04:54:41,707 Starting Live from 2015-02-01 to 2015-03-03
2015-07-02 05:05:21,934 Starting Training from 2015-02-01 to 2015-03-03
2015-07-02 05:05:52,364 Starting Training from 2015-02-01 to 2015-03-03
2015-07-02 05:06:01,536 Starting Training from 2015-02-01 to 2015-03-03
2015-07-02 05:06:43,533 Starting Training from 2015-02-01 to 2015-03-03
2015-07-02 05:07:41,514 Starting Live from 2015-03-04 to 2015-04-03
2015-07-02 05:08:08,237 Starting Training from 2015-02-01 to 2015-03-03
2015-07-02 05:09:11,501 Starting Live from 2015-03-04 to 2015-04-03
2015-07-02 05:09:24,973 Starting Live from 2015-03-04 to 2015-04-03
2015-07-02 05:10:05,707 Starting Live from 2015-03-04 to 2015-04-03
2015-07-02 05:10:45,703 Starting Live from 2015-03-04 to 2015-04-03
2015-07-02 05:22:21,185 Starting Training from 2015-03-04 to 2015-04-03
2015-07-02 05:23:04,293 Starting Training from 2015-03-04 to 2015-04-03
2015-07-02 05:23:05,842 Starting Training from 2015-03-04 to 2015-04-03
2015-07-02 05:23:29,874 Starting Training from 2015-03-04 to 2015-04-03
2015-07-02 05:23:32,313 Starting Live from 2015-04-04 to 2015-04-10
2015-07-02 05:23:57,977 Starting Training from 2015-03-04 to 2015-04-03
2015-07-02 05:24:28,186 Starting Live from 2015-04-04 to 2015-04-10
2015-07-02 05:24:35,821 Starting Live from 2015-04-04 to 2015-04-10
2015-07-02 05:25:50,822 Starting Live from 2015-04-04 to 2015-04-10
2015-07-02 05:27:11,606 Starting Live from 2015-04-04 to 2015-04-10
2015-07-02 05:28:43,358 Starting Q Learning for : 
2015-07-02 05:28:43,358 alpha = 0.2
2015-07-02 05:28:43,358 gamma = 0.8
2015-07-02 05:28:43,358 individual factor = 10
2015-07-02 05:28:43,358 zero range = 0.002
2015-07-02 05:28:43,358 greedy level = 5
2015-07-02 05:28:43,358 

2015-07-02 05:28:44,575 Starting Training from 2015-01-01 to 2015-01-31
2015-07-02 05:29:26,900 Starting Q Learning for : 
2015-07-02 05:29:26,900 alpha = 0.8
2015-07-02 05:29:26,900 gamma = 0.6
2015-07-02 05:29:26,900 individual factor = 10
2015-07-02 05:29:26,900 zero range = 0.002
2015-07-02 05:29:26,901 greedy level = 5
2015-07-02 05:29:26,901 

2015-07-02 05:29:29,085 Starting Training from 2015-01-01 to 2015-01-31
2015-07-02 05:29:36,068 Starting Q Learning for : 
2015-07-02 05:29:36,068 alpha = 0.5
2015-07-02 05:29:36,068 gamma = 0.4
2015-07-02 05:29:36,068 individual factor = 10
2015-07-02 05:29:36,068 zero range = 0.006
2015-07-02 05:29:36,068 greedy level = 5
2015-07-02 05:29:36,068 

2015-07-02 05:29:37,508 Starting Training from 2015-01-01 to 2015-01-31
2015-07-02 05:30:06,744 Starting Q Learning for : 
2015-07-02 05:30:06,745 alpha = 0.4
2015-07-02 05:30:06,745 gamma = 0.2
2015-07-02 05:30:06,745 individual factor = 10
2015-07-02 05:30:06,745 zero range = 0.006
2015-07-02 05:30:06,745 greedy level = 5
2015-07-02 05:30:06,745 

2015-07-02 05:30:08,163 Starting Training from 2015-01-01 to 2015-01-31
2015-07-02 05:30:38,707 Starting Q Learning for : 
2015-07-02 05:30:38,707 alpha = 0.4
2015-07-02 05:30:38,707 gamma = 0.8
2015-07-02 05:30:38,707 individual factor = 10
2015-07-02 05:30:38,707 zero range = 0.006
2015-07-02 05:30:38,707 greedy level = 5
2015-07-02 05:30:38,708 

2015-07-02 05:30:40,419 Starting Training from 2015-01-01 to 2015-01-31
2015-07-02 05:40:33,581 Starting Live from 2015-02-01 to 2015-03-03
2015-07-02 05:41:08,014 Starting Live from 2015-02-01 to 2015-03-03
2015-07-02 05:41:17,449 Starting Live from 2015-02-01 to 2015-03-03
2015-07-02 05:42:16,291 Starting Live from 2015-02-01 to 2015-03-03
2015-07-02 05:43:59,154 Starting Live from 2015-02-01 to 2015-03-03
2015-07-02 05:54:47,044 Starting Training from 2015-02-01 to 2015-03-03
2015-07-02 05:55:16,343 Starting Training from 2015-02-01 to 2015-03-03
2015-07-02 05:55:19,367 Starting Training from 2015-02-01 to 2015-03-03
2015-07-02 05:55:41,037 Starting Training from 2015-02-01 to 2015-03-03
2015-07-02 05:55:57,643 Starting Live from 2015-03-04 to 2015-04-03
2015-07-02 05:56:23,808 Starting Live from 2015-03-04 to 2015-04-03
2015-07-02 05:56:25,698 Starting Live from 2015-03-04 to 2015-04-03
2015-07-02 05:56:28,896 Starting Training from 2015-02-01 to 2015-03-03
2015-07-02 05:56:48,967 Starting Live from 2015-03-04 to 2015-04-03
2015-07-02 05:57:37,858 Starting Live from 2015-03-04 to 2015-04-03
2015-07-02 06:10:53,114 Starting Training from 2015-03-04 to 2015-04-03
2015-07-02 06:11:10,139 Starting Training from 2015-03-04 to 2015-04-03
2015-07-02 06:11:24,500 Starting Training from 2015-03-04 to 2015-04-03
2015-07-02 06:11:25,841 Starting Training from 2015-03-04 to 2015-04-03
2015-07-02 06:12:06,433 Starting Live from 2015-04-04 to 2015-04-10
2015-07-02 06:12:13,765 Starting Training from 2015-03-04 to 2015-04-03
2015-07-02 06:12:21,465 Starting Live from 2015-04-04 to 2015-04-10
2015-07-02 06:12:33,939 Starting Live from 2015-04-04 to 2015-04-10
2015-07-02 06:12:39,665 Starting Live from 2015-04-04 to 2015-04-10
2015-07-02 06:13:22,911 Starting Live from 2015-04-04 to 2015-04-10
2015-07-02 06:15:27,560 Starting Q Learning for : 
2015-07-02 06:15:27,561 alpha = 0.8
2015-07-02 06:15:27,561 gamma = 0.1
2015-07-02 06:15:27,561 individual factor = 10
2015-07-02 06:15:27,561 zero range = 0.002
2015-07-02 06:15:27,561 greedy level = 5
2015-07-02 06:15:27,561 

2015-07-02 06:15:28,683 Starting Training from 2015-01-01 to 2015-01-31
2015-07-02 06:15:40,426 Starting Q Learning for : 
2015-07-02 06:15:40,426 alpha = 0.5
2015-07-02 06:15:40,426 gamma = 0.5
2015-07-02 06:15:40,426 individual factor = 10
2015-07-02 06:15:40,426 zero range = 0.006
2015-07-02 06:15:40,426 greedy level = 5
2015-07-02 06:15:40,426 

2015-07-02 06:15:41,686 Starting Training from 2015-01-01 to 2015-01-31
2015-07-02 06:15:55,828 Starting Q Learning for : 
2015-07-02 06:15:55,828 alpha = 0.4
2015-07-02 06:15:55,828 gamma = 0.3
2015-07-02 06:15:55,828 individual factor = 10
2015-07-02 06:15:55,828 zero range = 0.006
2015-07-02 06:15:55,828 greedy level = 5
2015-07-02 06:15:55,828 

2015-07-02 06:15:57,083 Starting Training from 2015-01-01 to 2015-01-31
2015-07-02 06:15:57,567 Starting Q Learning for : 
2015-07-02 06:15:57,567 alpha = 0.8
2015-07-02 06:15:57,567 gamma = 0.7
2015-07-02 06:15:57,567 individual factor = 10
2015-07-02 06:15:57,567 zero range = 0.002
2015-07-02 06:15:57,567 greedy level = 5
2015-07-02 06:15:57,567 

2015-07-02 06:15:58,763 Starting Training from 2015-01-01 to 2015-01-31
2015-07-02 06:16:39,665 Starting Q Learning for : 
2015-07-02 06:16:39,665 alpha = 0.6
2015-07-02 06:16:39,665 gamma = 0.1
2015-07-02 06:16:39,665 individual factor = 10
2015-07-02 06:16:39,665 zero range = 0.006
2015-07-02 06:16:39,665 greedy level = 5
2015-07-02 06:16:39,665 

2015-07-02 06:16:40,721 Starting Training from 2015-01-01 to 2015-01-31
2015-07-02 06:29:24,688 Starting Live from 2015-02-01 to 2015-03-03
2015-07-02 06:29:36,488 Starting Live from 2015-02-01 to 2015-03-03
2015-07-02 06:29:50,196 Starting Live from 2015-02-01 to 2015-03-03
2015-07-02 06:30:00,345 Starting Live from 2015-02-01 to 2015-03-03
2015-07-02 06:30:40,736 Starting Live from 2015-02-01 to 2015-03-03
2015-07-02 06:43:26,462 Starting Training from 2015-02-01 to 2015-03-03
2015-07-02 06:43:39,510 Starting Training from 2015-02-01 to 2015-03-03
2015-07-02 06:43:57,436 Starting Training from 2015-02-01 to 2015-03-03
2015-07-02 06:44:11,042 Starting Training from 2015-02-01 to 2015-03-03
2015-07-02 06:44:34,246 Starting Live from 2015-03-04 to 2015-04-03
2015-07-02 06:44:38,583 Starting Training from 2015-02-01 to 2015-03-03
2015-07-02 06:44:47,690 Starting Live from 2015-03-04 to 2015-04-03
2015-07-02 06:45:05,146 Starting Live from 2015-03-04 to 2015-04-03
2015-07-02 06:45:19,268 Starting Live from 2015-03-04 to 2015-04-03
2015-07-02 06:45:45,854 Starting Live from 2015-03-04 to 2015-04-03
2015-07-02 06:59:12,426 Starting Training from 2015-03-04 to 2015-04-03
2015-07-02 06:59:28,378 Starting Training from 2015-03-04 to 2015-04-03
2015-07-02 06:59:36,701 Starting Training from 2015-03-04 to 2015-04-03
2015-07-02 06:59:39,500 Starting Training from 2015-03-04 to 2015-04-03
2015-07-02 07:00:17,225 Starting Training from 2015-03-04 to 2015-04-03
2015-07-02 07:00:18,528 Starting Live from 2015-04-04 to 2015-04-10
2015-07-02 07:00:35,829 Starting Live from 2015-04-04 to 2015-04-10
2015-07-02 07:00:44,629 Starting Live from 2015-04-04 to 2015-04-10
2015-07-02 07:00:47,582 Starting Live from 2015-04-04 to 2015-04-10
2015-07-02 07:01:23,743 Starting Live from 2015-04-04 to 2015-04-10
2015-07-02 07:03:47,465 Starting Q Learning for : 
2015-07-02 07:03:47,465 alpha = 0.8
2015-07-02 07:03:47,465 gamma = 0.2
2015-07-02 07:03:47,465 individual factor = 10
2015-07-02 07:03:47,465 zero range = 0.002
2015-07-02 07:03:47,465 greedy level = 5
2015-07-02 07:03:47,465 

2015-07-02 07:03:49,162 Starting Training from 2015-01-01 to 2015-01-31
2015-07-02 07:04:03,605 Starting Q Learning for : 
2015-07-02 07:04:03,605 alpha = 0.8
2015-07-02 07:04:03,605 gamma = 0.8
2015-07-02 07:04:03,605 individual factor = 10
2015-07-02 07:04:03,605 zero range = 0.002
2015-07-02 07:04:03,605 greedy level = 5
2015-07-02 07:04:03,605 

2015-07-02 07:04:06,053 Starting Training from 2015-01-01 to 2015-01-31
2015-07-02 07:04:16,767 Starting Q Learning for : 
2015-07-02 07:04:16,767 alpha = 0.5
2015-07-02 07:04:16,767 gamma = 0.6
2015-07-02 07:04:16,767 individual factor = 10
2015-07-02 07:04:16,767 zero range = 0.006
2015-07-02 07:04:16,767 greedy level = 5
2015-07-02 07:04:16,767 

2015-07-02 07:04:18,190 Starting Training from 2015-01-01 to 2015-01-31
2015-07-02 07:04:20,901 Starting Q Learning for : 
2015-07-02 07:04:20,901 alpha = 0.4
2015-07-02 07:04:20,901 gamma = 0.4
2015-07-02 07:04:20,901 individual factor = 10
2015-07-02 07:04:20,901 zero range = 0.006
2015-07-02 07:04:20,901 greedy level = 5
2015-07-02 07:04:20,901 

2015-07-02 07:04:23,482 Starting Training from 2015-01-01 to 2015-01-31
2015-07-02 07:05:01,211 Starting Q Learning for : 
2015-07-02 07:05:01,211 alpha = 0.6
2015-07-02 07:05:01,211 gamma = 0.2
2015-07-02 07:05:01,211 individual factor = 10
2015-07-02 07:05:01,211 zero range = 0.006
2015-07-02 07:05:01,211 greedy level = 5
2015-07-02 07:05:01,211 

2015-07-02 07:05:04,360 Starting Training from 2015-01-01 to 2015-01-31
2015-07-02 07:17:28,933 Starting Live from 2015-02-01 to 2015-03-03
2015-07-02 07:17:53,693 Starting Live from 2015-02-01 to 2015-03-03
2015-07-02 07:17:57,509 Starting Live from 2015-02-01 to 2015-03-03
2015-07-02 07:17:59,983 Starting Live from 2015-02-01 to 2015-03-03
2015-07-02 07:18:39,270 Starting Live from 2015-02-01 to 2015-03-03
2015-07-02 07:28:31,327 Starting Training from 2015-02-01 to 2015-03-03
2015-07-02 07:28:55,565 Starting Training from 2015-02-01 to 2015-03-03
2015-07-02 07:28:59,576 Starting Training from 2015-02-01 to 2015-03-03
2015-07-02 07:29:03,001 Starting Training from 2015-02-01 to 2015-03-03
2015-07-02 07:29:33,905 Starting Training from 2015-02-01 to 2015-03-03
2015-07-02 07:29:35,860 Starting Live from 2015-03-04 to 2015-04-03
2015-07-02 07:30:01,074 Starting Live from 2015-03-04 to 2015-04-03
2015-07-02 07:30:05,008 Starting Live from 2015-03-04 to 2015-04-03
2015-07-02 07:30:07,589 Starting Live from 2015-03-04 to 2015-04-03
2015-07-02 07:30:41,915 Starting Live from 2015-03-04 to 2015-04-03
2015-07-02 07:43:27,438 Starting Training from 2015-03-04 to 2015-04-03
2015-07-02 07:43:49,767 Starting Training from 2015-03-04 to 2015-04-03
2015-07-02 07:44:04,367 Starting Training from 2015-03-04 to 2015-04-03
2015-07-02 07:44:16,602 Starting Training from 2015-03-04 to 2015-04-03
2015-07-02 07:44:24,434 Starting Training from 2015-03-04 to 2015-04-03
2015-07-02 07:44:33,046 Starting Live from 2015-04-04 to 2015-04-10
2015-07-02 07:44:57,471 Starting Live from 2015-04-04 to 2015-04-10
2015-07-02 07:45:11,350 Starting Live from 2015-04-04 to 2015-04-10
2015-07-02 07:45:22,740 Starting Live from 2015-04-04 to 2015-04-10
2015-07-02 07:45:29,141 Starting Live from 2015-04-04 to 2015-04-10
2015-07-02 07:47:24,655 Starting Q Learning for : 
2015-07-02 07:47:24,655 alpha = 0.8
2015-07-02 07:47:24,655 gamma = 0.3
2015-07-02 07:47:24,655 individual factor = 10
2015-07-02 07:47:24,655 zero range = 0.002
2015-07-02 07:47:24,655 greedy level = 5
2015-07-02 07:47:24,655 

2015-07-02 07:47:25,709 Starting Training from 2015-01-01 to 2015-01-31
2015-07-02 07:47:50,544 Starting Q Learning for : 
2015-07-02 07:47:50,545 alpha = 0.4
2015-07-02 07:47:50,545 gamma = 0.5
2015-07-02 07:47:50,545 individual factor = 10
2015-07-02 07:47:50,545 zero range = 0.006
2015-07-02 07:47:50,545 greedy level = 5
2015-07-02 07:47:50,545 

2015-07-02 07:47:51,706 Starting Training from 2015-01-01 to 2015-01-31
2015-07-02 07:48:02,563 Starting Q Learning for : 
2015-07-02 07:48:02,563 alpha = 0.5
2015-07-02 07:48:02,564 gamma = 0.1
2015-07-02 07:48:02,564 individual factor = 10
2015-07-02 07:48:02,564 zero range = 0.006
2015-07-02 07:48:02,564 greedy level = 5
2015-07-02 07:48:02,564 

2015-07-02 07:48:03,848 Starting Training from 2015-01-01 to 2015-01-31
2015-07-02 07:48:23,617 Starting Q Learning for : 
2015-07-02 07:48:23,618 alpha = 0.5
2015-07-02 07:48:23,618 gamma = 0.7
2015-07-02 07:48:23,618 individual factor = 10
2015-07-02 07:48:23,618 zero range = 0.006
2015-07-02 07:48:23,618 greedy level = 5
2015-07-02 07:48:23,618 

2015-07-02 07:48:24,669 Starting Training from 2015-01-01 to 2015-01-31
2015-07-02 07:48:25,052 Starting Q Learning for : 
2015-07-02 07:48:25,052 alpha = 0.6
2015-07-02 07:48:25,052 gamma = 0.3
2015-07-02 07:48:25,052 individual factor = 10
2015-07-02 07:48:25,052 zero range = 0.006
2015-07-02 07:48:25,052 greedy level = 5
2015-07-02 07:48:25,052 

2015-07-02 07:48:26,210 Starting Training from 2015-01-01 to 2015-01-31
2015-07-02 07:59:59,421 Starting Live from 2015-02-01 to 2015-03-03
2015-07-02 08:00:26,570 Starting Live from 2015-02-01 to 2015-03-03
2015-07-02 08:00:34,362 Starting Live from 2015-02-01 to 2015-03-03
2015-07-02 08:00:53,002 Starting Live from 2015-02-01 to 2015-03-03
2015-07-02 08:00:57,970 Starting Live from 2015-02-01 to 2015-03-03
2015-07-02 08:09:31,694 Starting Training from 2015-02-01 to 2015-03-03
2015-07-02 08:10:03,523 Starting Training from 2015-02-01 to 2015-03-03
2015-07-02 08:10:03,758 Starting Training from 2015-02-01 to 2015-03-03
2015-07-02 08:10:31,655 Starting Training from 2015-02-01 to 2015-03-03
2015-07-02 08:10:34,693 Starting Training from 2015-02-01 to 2015-03-03
2015-07-02 08:10:36,779 Starting Live from 2015-03-04 to 2015-04-03
2015-07-02 08:11:06,510 Starting Live from 2015-03-04 to 2015-04-03
2015-07-02 08:11:06,752 Starting Live from 2015-03-04 to 2015-04-03
2015-07-02 08:12:13,904 Starting Live from 2015-03-04 to 2015-04-03
2015-07-02 08:12:23,700 Starting Live from 2015-03-04 to 2015-04-03
2015-07-02 08:23:06,895 Starting Training from 2015-03-04 to 2015-04-03
2015-07-02 08:23:34,629 Starting Training from 2015-03-04 to 2015-04-03
2015-07-02 08:23:48,169 Starting Training from 2015-03-04 to 2015-04-03
2015-07-02 08:24:03,709 Starting Training from 2015-03-04 to 2015-04-03
2015-07-02 08:24:05,579 Starting Live from 2015-04-04 to 2015-04-10
2015-07-02 08:24:05,771 Starting Training from 2015-03-04 to 2015-04-03
2015-07-02 08:24:31,822 Starting Live from 2015-04-04 to 2015-04-10
2015-07-02 08:24:45,014 Starting Live from 2015-04-04 to 2015-04-10
2015-07-02 08:25:01,675 Starting Live from 2015-04-04 to 2015-04-10
2015-07-02 08:25:04,548 Starting Live from 2015-04-04 to 2015-04-10
2015-07-02 08:26:37,430 Starting Q Learning for : 
2015-07-02 08:26:37,430 alpha = 0.8
2015-07-02 08:26:37,430 gamma = 0.4
2015-07-02 08:26:37,430 individual factor = 10
2015-07-02 08:26:37,430 zero range = 0.002
2015-07-02 08:26:37,430 greedy level = 5
2015-07-02 08:26:37,430 

2015-07-02 08:26:39,390 Starting Training from 2015-01-01 to 2015-01-31
2015-07-02 08:27:11,320 Starting Q Learning for : 
2015-07-02 08:27:11,320 alpha = 0.5
2015-07-02 08:27:11,320 gamma = 0.2
2015-07-02 08:27:11,320 individual factor = 10
2015-07-02 08:27:11,320 zero range = 0.006
2015-07-02 08:27:11,320 greedy level = 5
2015-07-02 08:27:11,320 

2015-07-02 08:27:12,628 Starting Training from 2015-01-01 to 2015-01-31
2015-07-02 08:27:34,629 Starting Q Learning for : 
2015-07-02 08:27:34,629 alpha = 0.4
2015-07-02 08:27:34,629 gamma = 0.6
2015-07-02 08:27:34,630 individual factor = 10
2015-07-02 08:27:34,630 zero range = 0.006
2015-07-02 08:27:34,630 greedy level = 5
2015-07-02 08:27:34,630 

2015-07-02 08:27:35,758 Starting Training from 2015-01-01 to 2015-01-31
2015-07-02 08:27:46,561 Starting Q Learning for : 
2015-07-02 08:27:46,561 alpha = 0.5
2015-07-02 08:27:46,561 gamma = 0.8
2015-07-02 08:27:46,561 individual factor = 10
2015-07-02 08:27:46,561 zero range = 0.006
2015-07-02 08:27:46,561 greedy level = 5
2015-07-02 08:27:46,561 

2015-07-02 08:27:47,659 Starting Q Learning for : 
2015-07-02 08:27:47,660 alpha = 0.6
2015-07-02 08:27:47,660 gamma = 0.4
2015-07-02 08:27:47,660 individual factor = 10
2015-07-02 08:27:47,660 zero range = 0.006
2015-07-02 08:27:47,660 greedy level = 5
2015-07-02 08:27:47,660 

2015-07-02 08:27:47,668 Starting Training from 2015-01-01 to 2015-01-31
2015-07-02 08:27:48,745 Starting Training from 2015-01-01 to 2015-01-31
2015-07-02 08:38:46,669 Starting Live from 2015-02-01 to 2015-03-03
2015-07-02 08:39:17,222 Starting Live from 2015-02-01 to 2015-03-03
2015-07-02 08:39:45,573 Starting Live from 2015-02-01 to 2015-03-03
2015-07-02 08:40:00,459 Starting Live from 2015-02-01 to 2015-03-03
2015-07-02 08:40:05,866 Starting Live from 2015-02-01 to 2015-03-03
2015-07-02 08:47:54,227 Starting Training from 2015-02-01 to 2015-03-03
2015-07-02 08:48:22,059 Starting Training from 2015-02-01 to 2015-03-03
2015-07-02 08:48:50,339 Starting Live from 2015-03-04 to 2015-04-03
2015-07-02 08:48:50,782 Starting Training from 2015-02-01 to 2015-03-03
2015-07-02 08:48:58,744 Starting Training from 2015-02-01 to 2015-03-03
2015-07-02 08:49:07,987 Starting Training from 2015-02-01 to 2015-03-03
2015-07-02 08:49:18,403 Starting Live from 2015-03-04 to 2015-04-03
2015-07-02 08:49:47,462 Starting Live from 2015-03-04 to 2015-04-03
2015-07-02 08:49:55,091 Starting Live from 2015-03-04 to 2015-04-03
2015-07-02 08:50:05,358 Starting Live from 2015-03-04 to 2015-04-03
2015-07-02 09:01:35,776 Starting Training from 2015-03-04 to 2015-04-03
2015-07-02 09:01:57,943 Starting Training from 2015-03-04 to 2015-04-03
2015-07-02 09:02:30,514 Starting Training from 2015-03-04 to 2015-04-03
2015-07-02 09:02:31,792 Starting Live from 2015-04-04 to 2015-04-10
2015-07-02 09:02:32,116 Starting Training from 2015-03-04 to 2015-04-03
2015-07-02 09:02:43,498 Starting Training from 2015-03-04 to 2015-04-03
2015-07-02 09:02:54,964 Starting Live from 2015-04-04 to 2015-04-10
2015-07-02 09:03:27,587 Starting Live from 2015-04-04 to 2015-04-10
2015-07-02 09:03:29,257 Starting Live from 2015-04-04 to 2015-04-10
2015-07-02 09:03:41,454 Starting Live from 2015-04-04 to 2015-04-10
2015-07-02 09:05:00,587 Starting Q Learning for : 
2015-07-02 09:05:00,587 alpha = 0.6
2015-07-02 09:05:00,587 gamma = 0.5
2015-07-02 09:05:00,587 individual factor = 10
2015-07-02 09:05:00,587 zero range = 0.006
2015-07-02 09:05:00,587 greedy level = 5
2015-07-02 09:05:00,587 

2015-07-02 09:05:01,666 Starting Training from 2015-01-01 to 2015-01-31
2015-07-02 09:05:21,660 Starting Q Learning for : 
2015-07-02 09:05:21,660 alpha = 0.2
2015-07-02 09:05:21,660 gamma = 0.3
2015-07-02 09:05:21,661 individual factor = 10
2015-07-02 09:05:21,661 zero range = 0.006
2015-07-02 09:05:21,661 greedy level = 5
2015-07-02 09:05:21,661 

2015-07-02 09:05:22,636 Starting Training from 2015-01-01 to 2015-01-31
2015-07-02 09:05:56,915 Starting Q Learning for : 
2015-07-02 09:05:56,915 alpha = 0.8
2015-07-02 09:05:56,915 gamma = 0.1
2015-07-02 09:05:56,915 individual factor = 10
2015-07-02 09:05:56,916 zero range = 0.006
2015-07-02 09:05:56,916 greedy level = 5
2015-07-02 09:05:56,916 

2015-07-02 09:05:58,670 Starting Training from 2015-01-01 to 2015-01-31
2015-07-02 09:05:59,130 Starting Q Learning for : 
2015-07-02 09:05:59,130 alpha = 0.8
2015-07-02 09:05:59,131 gamma = 0.7
2015-07-02 09:05:59,131 individual factor = 10
2015-07-02 09:05:59,131 zero range = 0.006
2015-07-02 09:05:59,131 greedy level = 5
2015-07-02 09:05:59,131 

2015-07-02 09:06:00,522 Starting Training from 2015-01-01 to 2015-01-31
2015-07-02 09:06:06,030 Starting Q Learning for : 
2015-07-02 09:06:06,031 alpha = 0.5
2015-07-02 09:06:06,031 gamma = 0.5
2015-07-02 09:06:06,031 individual factor = 10
2015-07-02 09:06:06,031 zero range = 0.01
2015-07-02 09:06:06,031 greedy level = 5
2015-07-02 09:06:06,031 

2015-07-02 09:06:07,122 Starting Training from 2015-01-01 to 2015-01-31
2015-07-02 09:14:21,257 Starting Live from 2015-02-01 to 2015-03-03
2015-07-02 09:15:15,292 Starting Live from 2015-02-01 to 2015-03-03
2015-07-02 09:17:03,056 Starting Live from 2015-02-01 to 2015-03-03
2015-07-02 09:17:27,283 Starting Live from 2015-02-01 to 2015-03-03
2015-07-02 09:17:34,909 Starting Live from 2015-02-01 to 2015-03-03
2015-07-02 09:25:13,835 Starting Training from 2015-02-01 to 2015-03-03
2015-07-02 09:25:31,132 Starting Training from 2015-02-01 to 2015-03-03
2015-07-02 09:26:01,404 Starting Training from 2015-02-01 to 2015-03-03
2015-07-02 09:26:09,717 Starting Training from 2015-02-01 to 2015-03-03
2015-07-02 09:26:10,670 Starting Live from 2015-03-04 to 2015-04-03
2015-07-02 09:26:20,233 Starting Training from 2015-02-01 to 2015-03-03
2015-07-02 09:26:27,785 Starting Live from 2015-03-04 to 2015-04-03
2015-07-02 09:26:58,960 Starting Live from 2015-03-04 to 2015-04-03
2015-07-02 09:27:07,023 Starting Live from 2015-03-04 to 2015-04-03
2015-07-02 09:27:17,597 Starting Live from 2015-03-04 to 2015-04-03
2015-07-02 09:38:22,673 Starting Training from 2015-03-04 to 2015-04-03
2015-07-02 09:38:53,545 Starting Training from 2015-03-04 to 2015-04-03
2015-07-02 09:39:24,632 Starting Training from 2015-03-04 to 2015-04-03
2015-07-02 09:39:30,778 Starting Training from 2015-03-04 to 2015-04-03
2015-07-02 09:39:38,973 Starting Live from 2015-04-04 to 2015-04-10
2015-07-02 09:39:40,434 Starting Training from 2015-03-04 to 2015-04-03
2015-07-02 09:39:50,875 Starting Live from 2015-04-04 to 2015-04-10
2015-07-02 09:40:25,224 Starting Live from 2015-04-04 to 2015-04-10
2015-07-02 09:40:32,134 Starting Live from 2015-04-04 to 2015-04-10
2015-07-02 09:40:41,724 Starting Live from 2015-04-04 to 2015-04-10
2015-07-02 09:42:11,983 Starting Q Learning for : 
2015-07-02 09:42:11,984 alpha = 0.6
2015-07-02 09:42:11,984 gamma = 0.6
2015-07-02 09:42:11,984 individual factor = 10
2015-07-02 09:42:11,984 zero range = 0.006
2015-07-02 09:42:11,984 greedy level = 5
2015-07-02 09:42:11,984 

2015-07-02 09:42:13,814 Starting Training from 2015-01-01 to 2015-01-31
2015-07-02 09:42:19,670 Starting Q Learning for : 
2015-07-02 09:42:19,671 alpha = 0.2
2015-07-02 09:42:19,671 gamma = 0.4
2015-07-02 09:42:19,671 individual factor = 10
2015-07-02 09:42:19,671 zero range = 0.006
2015-07-02 09:42:19,671 greedy level = 5
2015-07-02 09:42:19,671 

2015-07-02 09:42:20,900 Starting Training from 2015-01-01 to 2015-01-31
2015-07-02 09:42:48,719 Starting Q Learning for : 
2015-07-02 09:42:48,719 alpha = 0.8
2015-07-02 09:42:48,719 gamma = 0.8
2015-07-02 09:42:48,719 individual factor = 10
2015-07-02 09:42:48,719 zero range = 0.006
2015-07-02 09:42:48,719 greedy level = 5
2015-07-02 09:42:48,719 

2015-07-02 09:42:49,686 Starting Training from 2015-01-01 to 2015-01-31
2015-07-02 09:43:00,489 Starting Q Learning for : 
2015-07-02 09:43:00,489 alpha = 0.8
2015-07-02 09:43:00,489 gamma = 0.2
2015-07-02 09:43:00,489 individual factor = 10
2015-07-02 09:43:00,489 zero range = 0.006
2015-07-02 09:43:00,489 greedy level = 5
2015-07-02 09:43:00,489 

2015-07-02 09:43:02,202 Starting Training from 2015-01-01 to 2015-01-31
2015-07-02 09:43:05,709 Starting Q Learning for : 
2015-07-02 09:43:05,709 alpha = 0.5
2015-07-02 09:43:05,709 gamma = 0.6
2015-07-02 09:43:05,709 individual factor = 10
2015-07-02 09:43:05,709 zero range = 0.01
2015-07-02 09:43:05,709 greedy level = 5
2015-07-02 09:43:05,710 

2015-07-02 09:43:06,807 Starting Training from 2015-01-01 to 2015-01-31
2015-07-02 09:50:36,589 Starting Live from 2015-02-01 to 2015-03-03
2015-07-02 09:50:39,934 Starting Live from 2015-02-01 to 2015-03-03
2015-07-02 09:51:16,226 Starting Live from 2015-02-01 to 2015-03-03
2015-07-02 09:51:17,484 Starting Live from 2015-02-01 to 2015-03-03
2015-07-02 09:51:27,305 Starting Live from 2015-02-01 to 2015-03-03
2015-07-02 10:02:51,277 Starting Training from 2015-02-01 to 2015-03-03
2015-07-02 10:02:51,420 Starting Training from 2015-02-01 to 2015-03-03
2015-07-02 10:03:28,546 Starting Training from 2015-02-01 to 2015-03-03
2015-07-02 10:03:31,783 Starting Training from 2015-02-01 to 2015-03-03
2015-07-02 10:03:39,819 Starting Training from 2015-02-01 to 2015-03-03
2015-07-02 10:03:49,128 Starting Live from 2015-03-04 to 2015-04-03
2015-07-02 10:03:49,153 Starting Live from 2015-03-04 to 2015-04-03
2015-07-02 10:04:24,810 Starting Live from 2015-03-04 to 2015-04-03
2015-07-02 10:04:29,185 Starting Live from 2015-03-04 to 2015-04-03
2015-07-02 10:04:35,762 Starting Live from 2015-03-04 to 2015-04-03
2015-07-02 10:12:38,191 Starting Training from 2015-03-04 to 2015-04-03
2015-07-02 10:12:51,862 Starting Training from 2015-03-04 to 2015-04-03
2015-07-02 10:13:28,013 Starting Training from 2015-03-04 to 2015-04-03
2015-07-02 10:13:32,119 Starting Training from 2015-03-04 to 2015-04-03
2015-07-02 10:13:33,514 Starting Live from 2015-04-04 to 2015-04-10
2015-07-02 10:13:37,362 Starting Training from 2015-03-04 to 2015-04-03
2015-07-02 10:13:48,489 Starting Live from 2015-04-04 to 2015-04-10
2015-07-02 10:14:25,145 Starting Live from 2015-04-04 to 2015-04-10
2015-07-02 10:14:29,611 Starting Live from 2015-04-04 to 2015-04-10
2015-07-02 10:14:36,095 Starting Live from 2015-04-04 to 2015-04-10
2015-07-02 10:15:57,392 Starting Q Learning for : 
2015-07-02 10:15:57,392 alpha = 0.6
2015-07-02 10:15:57,392 gamma = 0.7
2015-07-02 10:15:57,392 individual factor = 10
2015-07-02 10:15:57,392 zero range = 0.006
2015-07-02 10:15:57,392 greedy level = 5
2015-07-02 10:15:57,392 

2015-07-02 10:15:58,300 Starting Training from 2015-01-01 to 2015-01-31
2015-07-02 10:16:45,408 Starting Q Learning for : 
2015-07-02 10:16:45,408 alpha = 0.2
2015-07-02 10:16:45,408 gamma = 0.5
2015-07-02 10:16:45,408 individual factor = 10
2015-07-02 10:16:45,408 zero range = 0.006
2015-07-02 10:16:45,408 greedy level = 5
2015-07-02 10:16:45,408 

2015-07-02 10:16:48,089 Starting Training from 2015-01-01 to 2015-01-31
2015-07-02 10:18:26,636 Starting Q Learning for : 
2015-07-02 10:18:26,636 alpha = 0.8
2015-07-02 10:18:26,636 gamma = 0.3
2015-07-02 10:18:26,636 individual factor = 10
2015-07-02 10:18:26,636 zero range = 0.006
2015-07-02 10:18:26,636 greedy level = 5
2015-07-02 10:18:26,637 

2015-07-02 10:18:28,922 Starting Training from 2015-01-01 to 2015-01-31
2015-07-02 10:18:35,435 Starting Q Learning for : 
2015-07-02 10:18:35,435 alpha = 0.5
2015-07-02 10:18:35,436 gamma = 0.7
2015-07-02 10:18:35,436 individual factor = 10
2015-07-02 10:18:35,436 zero range = 0.01
2015-07-02 10:18:35,436 greedy level = 5
2015-07-02 10:18:35,436 

2015-07-02 10:18:37,768 Starting Training from 2015-01-01 to 2015-01-31
2015-07-02 10:18:58,095 Starting Q Learning for : 
2015-07-02 10:18:58,095 alpha = 0.5
2015-07-02 10:18:58,095 gamma = 0.1
2015-07-02 10:18:58,095 individual factor = 10
2015-07-02 10:18:58,096 zero range = 0.01
2015-07-02 10:18:58,096 greedy level = 5
2015-07-02 10:18:58,096 

2015-07-02 10:19:00,763 Starting Training from 2015-01-01 to 2015-01-31
2015-07-02 10:27:56,541 Starting Live from 2015-02-01 to 2015-03-03
2015-07-02 10:28:13,844 Starting Live from 2015-02-01 to 2015-03-03
2015-07-02 10:28:45,516 Starting Live from 2015-02-01 to 2015-03-03
2015-07-02 10:28:54,462 Starting Live from 2015-02-01 to 2015-03-03
2015-07-02 10:28:55,239 Starting Live from 2015-02-01 to 2015-03-03
2015-07-02 10:36:26,800 Starting Training from 2015-02-01 to 2015-03-03
2015-07-02 10:36:42,984 Starting Training from 2015-02-01 to 2015-03-03
2015-07-02 10:37:13,432 Starting Training from 2015-02-01 to 2015-03-03
2015-07-02 10:37:21,794 Starting Training from 2015-02-01 to 2015-03-03
2015-07-02 10:37:22,962 Starting Live from 2015-03-04 to 2015-04-03
2015-07-02 10:37:26,776 Starting Training from 2015-02-01 to 2015-03-03
2015-07-02 10:38:08,487 Starting Live from 2015-03-04 to 2015-04-03
2015-07-02 10:39:55,170 Starting Live from 2015-03-04 to 2015-04-03
2015-07-02 10:40:23,326 Starting Live from 2015-03-04 to 2015-04-03
2015-07-02 10:40:41,116 Starting Live from 2015-03-04 to 2015-04-03
2015-07-02 10:50:11,378 Starting Training from 2015-03-04 to 2015-04-03
2015-07-02 10:50:37,058 Starting Training from 2015-03-04 to 2015-04-03
2015-07-02 10:51:08,567 Starting Training from 2015-03-04 to 2015-04-03
2015-07-02 10:51:09,360 Starting Live from 2015-04-04 to 2015-04-10
2015-07-02 10:51:15,043 Starting Training from 2015-03-04 to 2015-04-03
2015-07-02 10:51:32,577 Starting Training from 2015-03-04 to 2015-04-03
2015-07-02 10:51:34,749 Starting Live from 2015-04-04 to 2015-04-10
2015-07-02 10:52:06,431 Starting Live from 2015-04-04 to 2015-04-10
2015-07-02 10:52:12,540 Starting Live from 2015-04-04 to 2015-04-10
2015-07-02 10:52:28,918 Starting Live from 2015-04-04 to 2015-04-10
2015-07-02 10:53:33,366 Starting Q Learning for : 
2015-07-02 10:53:33,366 alpha = 0.6
2015-07-02 10:53:33,366 gamma = 0.8
2015-07-02 10:53:33,366 individual factor = 10
2015-07-02 10:53:33,366 zero range = 0.006
2015-07-02 10:53:33,366 greedy level = 5
2015-07-02 10:53:33,366 

2015-07-02 10:53:34,723 Starting Training from 2015-01-01 to 2015-01-31
2015-07-02 10:54:02,002 Starting Q Learning for : 
2015-07-02 10:54:02,002 alpha = 0.2
2015-07-02 10:54:02,002 gamma = 0.6
2015-07-02 10:54:02,002 individual factor = 10
2015-07-02 10:54:02,002 zero range = 0.006
2015-07-02 10:54:02,002 greedy level = 5
2015-07-02 10:54:02,002 

2015-07-02 10:54:03,292 Starting Training from 2015-01-01 to 2015-01-31
2015-07-02 10:54:30,929 Starting Q Learning for : 
2015-07-02 10:54:30,929 alpha = 0.5
2015-07-02 10:54:30,930 gamma = 0.2
2015-07-02 10:54:30,930 individual factor = 10
2015-07-02 10:54:30,930 zero range = 0.01
2015-07-02 10:54:30,930 greedy level = 5
2015-07-02 10:54:30,930 

2015-07-02 10:54:32,026 Starting Training from 2015-01-01 to 2015-01-31
2015-07-02 10:54:47,264 Starting Q Learning for : 
2015-07-02 10:54:47,264 alpha = 0.8
2015-07-02 10:54:47,264 gamma = 0.4
2015-07-02 10:54:47,264 individual factor = 10
2015-07-02 10:54:47,264 zero range = 0.006
2015-07-02 10:54:47,264 greedy level = 5
2015-07-02 10:54:47,264 

2015-07-02 10:54:48,662 Starting Training from 2015-01-01 to 2015-01-31
2015-07-02 10:54:59,616 Starting Q Learning for : 
2015-07-02 10:54:59,616 alpha = 0.5
2015-07-02 10:54:59,616 gamma = 0.8
2015-07-02 10:54:59,616 individual factor = 10
2015-07-02 10:54:59,616 zero range = 0.01
2015-07-02 10:54:59,616 greedy level = 5
2015-07-02 10:54:59,616 

2015-07-02 10:55:00,763 Starting Training from 2015-01-01 to 2015-01-31
2015-07-02 11:05:48,792 Starting Live from 2015-02-01 to 2015-03-03
2015-07-02 11:06:14,277 Starting Live from 2015-02-01 to 2015-03-03
2015-07-02 11:06:39,543 Starting Live from 2015-02-01 to 2015-03-03
2015-07-02 11:06:56,469 Starting Live from 2015-02-01 to 2015-03-03
2015-07-02 11:07:16,334 Starting Live from 2015-02-01 to 2015-03-03
2015-07-02 11:14:28,332 Starting Training from 2015-02-01 to 2015-03-03
2015-07-02 11:14:47,887 Starting Training from 2015-02-01 to 2015-03-03
2015-07-02 11:15:06,275 Starting Training from 2015-02-01 to 2015-03-03
2015-07-02 11:15:24,101 Starting Live from 2015-03-04 to 2015-04-03
2015-07-02 11:15:25,805 Starting Training from 2015-02-01 to 2015-03-03
2015-07-02 11:15:44,595 Starting Live from 2015-03-04 to 2015-04-03
2015-07-02 11:15:47,699 Starting Training from 2015-02-01 to 2015-03-03
2015-07-02 11:16:01,706 Starting Live from 2015-03-04 to 2015-04-03
2015-07-02 11:16:21,506 Starting Live from 2015-03-04 to 2015-04-03
2015-07-02 11:16:44,056 Starting Live from 2015-03-04 to 2015-04-03
2015-07-02 11:27:53,359 Starting Training from 2015-03-04 to 2015-04-03
2015-07-02 11:28:21,780 Starting Training from 2015-03-04 to 2015-04-03
2015-07-02 11:28:42,093 Starting Training from 2015-03-04 to 2015-04-03
2015-07-02 11:28:50,681 Starting Live from 2015-04-04 to 2015-04-10
2015-07-02 11:28:53,192 Starting Training from 2015-03-04 to 2015-04-03
2015-07-02 11:29:19,245 Starting Training from 2015-03-04 to 2015-04-03
2015-07-02 11:29:21,023 Starting Live from 2015-04-04 to 2015-04-10
2015-07-02 11:29:42,980 Starting Live from 2015-04-04 to 2015-04-10
2015-07-02 11:29:53,687 Starting Live from 2015-04-04 to 2015-04-10
2015-07-02 11:30:17,549 Starting Live from 2015-04-04 to 2015-04-10
2015-07-02 11:31:21,705 Starting Q Learning for : 
2015-07-02 11:31:21,705 alpha = 0.2
2015-07-02 11:31:21,705 gamma = 0.1
2015-07-02 11:31:21,705 individual factor = 10
2015-07-02 11:31:21,705 zero range = 0.006
2015-07-02 11:31:21,705 greedy level = 5
2015-07-02 11:31:21,705 

2015-07-02 11:31:22,903 Starting Training from 2015-01-01 to 2015-01-31
2015-07-02 11:31:50,513 Starting Q Learning for : 
2015-07-02 11:31:50,513 alpha = 0.5
2015-07-02 11:31:50,514 gamma = 0.3
2015-07-02 11:31:50,514 individual factor = 10
2015-07-02 11:31:50,514 zero range = 0.01
2015-07-02 11:31:50,514 greedy level = 5
2015-07-02 11:31:50,514 

2015-07-02 11:31:51,785 Starting Training from 2015-01-01 to 2015-01-31
2015-07-02 11:32:23,019 Starting Q Learning for : 
2015-07-02 11:32:23,019 alpha = 0.8
2015-07-02 11:32:23,019 gamma = 0.5
2015-07-02 11:32:23,019 individual factor = 10
2015-07-02 11:32:23,019 zero range = 0.006
2015-07-02 11:32:23,019 greedy level = 5
2015-07-02 11:32:23,019 

2015-07-02 11:32:23,627 Starting Q Learning for : 
2015-07-02 11:32:23,627 alpha = 0.2
2015-07-02 11:32:23,627 gamma = 0.7
2015-07-02 11:32:23,627 individual factor = 10
2015-07-02 11:32:23,628 zero range = 0.006
2015-07-02 11:32:23,628 greedy level = 5
2015-07-02 11:32:23,628 

2015-07-02 11:32:25,377 Starting Training from 2015-01-01 to 2015-01-31
2015-07-02 11:32:25,551 Starting Training from 2015-01-01 to 2015-01-31
2015-07-02 11:32:52,402 Starting Q Learning for : 
2015-07-02 11:32:52,403 alpha = 0.4
2015-07-02 11:32:52,403 gamma = 0.1
2015-07-02 11:32:52,403 individual factor = 10
2015-07-02 11:32:52,403 zero range = 0.01
2015-07-02 11:32:52,403 greedy level = 5
2015-07-02 11:32:52,403 

2015-07-02 11:32:53,501 Starting Training from 2015-01-01 to 2015-01-31
2015-07-02 11:39:53,085 Starting Live from 2015-02-01 to 2015-03-03
2015-07-02 11:40:22,912 Starting Live from 2015-02-01 to 2015-03-03
2015-07-02 11:41:04,662 Starting Live from 2015-02-01 to 2015-03-03
2015-07-02 11:41:07,488 Starting Live from 2015-02-01 to 2015-03-03
2015-07-02 11:42:03,530 Starting Live from 2015-02-01 to 2015-03-03
2015-07-02 11:52:02,481 Starting Training from 2015-02-01 to 2015-03-03
2015-07-02 11:52:34,533 Starting Training from 2015-02-01 to 2015-03-03
2015-07-02 11:52:57,200 Starting Live from 2015-03-04 to 2015-04-03
2015-07-02 11:53:12,124 Starting Training from 2015-02-01 to 2015-03-03
2015-07-02 11:53:13,628 Starting Training from 2015-02-01 to 2015-03-03
2015-07-02 11:53:27,249 Starting Training from 2015-02-01 to 2015-03-03
2015-07-02 11:53:28,493 Starting Live from 2015-03-04 to 2015-04-03
2015-07-02 11:54:06,308 Starting Live from 2015-03-04 to 2015-04-03
2015-07-02 11:54:08,753 Starting Live from 2015-03-04 to 2015-04-03
2015-07-02 11:54:23,403 Starting Live from 2015-03-04 to 2015-04-03
2015-07-02 12:01:53,811 Starting Training from 2015-03-04 to 2015-04-03
2015-07-02 12:02:33,562 Starting Training from 2015-03-04 to 2015-04-03
2015-07-02 12:03:46,705 Starting Training from 2015-03-04 to 2015-04-03
2015-07-02 12:04:13,809 Starting Live from 2015-04-04 to 2015-04-10
2015-07-02 12:04:14,534 Starting Training from 2015-03-04 to 2015-04-03
2015-07-02 12:05:13,945 Starting Training from 2015-03-04 to 2015-04-03
2015-07-02 12:05:58,573 Starting Live from 2015-04-04 to 2015-04-10
2015-07-02 12:07:14,932 Starting Live from 2015-04-04 to 2015-04-10
2015-07-02 12:07:39,241 Starting Live from 2015-04-04 to 2015-04-10
2015-07-02 12:08:10,393 Starting Live from 2015-04-04 to 2015-04-10
2015-07-02 12:09:12,271 Starting Q Learning for : 
2015-07-02 12:09:12,271 alpha = 0.2
2015-07-02 12:09:12,272 gamma = 0.2
2015-07-02 12:09:12,272 individual factor = 10
2015-07-02 12:09:12,272 zero range = 0.006
2015-07-02 12:09:12,272 greedy level = 5
2015-07-02 12:09:12,272 

2015-07-02 12:09:13,635 Starting Training from 2015-01-01 to 2015-01-31
2015-07-02 12:09:48,918 Starting Q Learning for : 
2015-07-02 12:09:48,919 alpha = 0.5
2015-07-02 12:09:48,919 gamma = 0.4
2015-07-02 12:09:48,919 individual factor = 10
2015-07-02 12:09:48,919 zero range = 0.01
2015-07-02 12:09:48,919 greedy level = 5
2015-07-02 12:09:48,919 

2015-07-02 12:09:50,080 Starting Training from 2015-01-01 to 2015-01-31
2015-07-02 12:10:11,834 Starting Q Learning for : 
2015-07-02 12:10:11,834 alpha = 0.8
2015-07-02 12:10:11,835 gamma = 0.6
2015-07-02 12:10:11,835 individual factor = 10
2015-07-02 12:10:11,835 zero range = 0.006
2015-07-02 12:10:11,835 greedy level = 5
2015-07-02 12:10:11,835 

2015-07-02 12:10:12,879 Starting Training from 2015-01-01 to 2015-01-31
2015-07-02 12:10:21,798 Starting Q Learning for : 
2015-07-02 12:10:21,798 alpha = 0.2
2015-07-02 12:10:21,799 gamma = 0.8
2015-07-02 12:10:21,799 individual factor = 10
2015-07-02 12:10:21,799 zero range = 0.006
2015-07-02 12:10:21,799 greedy level = 5
2015-07-02 12:10:21,799 

2015-07-02 12:10:23,250 Starting Training from 2015-01-01 to 2015-01-31
2015-07-02 12:10:40,537 Starting Q Learning for : 
2015-07-02 12:10:40,538 alpha = 0.4
2015-07-02 12:10:40,538 gamma = 0.2
2015-07-02 12:10:40,538 individual factor = 10
2015-07-02 12:10:40,538 zero range = 0.01
2015-07-02 12:10:40,538 greedy level = 5
2015-07-02 12:10:40,538 

2015-07-02 12:10:42,025 Starting Training from 2015-01-01 to 2015-01-31
2015-07-02 12:17:36,135 Starting Live from 2015-02-01 to 2015-03-03
2015-07-02 12:18:12,979 Starting Live from 2015-02-01 to 2015-03-03
2015-07-02 12:18:34,053 Starting Live from 2015-02-01 to 2015-03-03
2015-07-02 12:18:49,699 Starting Live from 2015-02-01 to 2015-03-03
2015-07-02 12:18:58,468 Starting Live from 2015-02-01 to 2015-03-03
2015-07-02 12:29:47,480 Starting Training from 2015-02-01 to 2015-03-03
2015-07-02 12:30:23,052 Starting Training from 2015-02-01 to 2015-03-03
2015-07-02 12:30:44,151 Starting Live from 2015-03-04 to 2015-04-03
2015-07-02 12:30:47,397 Starting Training from 2015-02-01 to 2015-03-03
2015-07-02 12:31:06,365 Starting Training from 2015-02-01 to 2015-03-03
2015-07-02 12:31:09,711 Starting Training from 2015-02-01 to 2015-03-03
2015-07-02 12:31:22,269 Starting Live from 2015-03-04 to 2015-04-03
2015-07-02 12:31:49,964 Starting Live from 2015-03-04 to 2015-04-03
2015-07-02 12:32:05,436 Starting Live from 2015-03-04 to 2015-04-03
2015-07-02 12:32:09,076 Starting Live from 2015-03-04 to 2015-04-03
2015-07-02 12:40:24,923 Starting Training from 2015-03-04 to 2015-04-03
2015-07-02 12:41:29,289 Starting Live from 2015-04-04 to 2015-04-10
2015-07-02 12:41:33,889 Starting Training from 2015-03-04 to 2015-04-03
2015-07-02 12:41:36,617 Starting Training from 2015-03-04 to 2015-04-03
2015-07-02 12:41:47,394 Starting Training from 2015-03-04 to 2015-04-03
2015-07-02 12:42:04,108 Starting Training from 2015-03-04 to 2015-04-03
2015-07-02 12:42:32,559 Starting Live from 2015-04-04 to 2015-04-10
2015-07-02 12:42:34,646 Starting Live from 2015-04-04 to 2015-04-10
2015-07-02 12:42:47,155 Starting Live from 2015-04-04 to 2015-04-10
2015-07-02 12:43:03,897 Starting Live from 2015-04-04 to 2015-04-10
2015-07-02 12:43:54,967 Starting Q Learning for : 
2015-07-02 12:43:54,967 alpha = 0.4
2015-07-02 12:43:54,967 gamma = 0.3
2015-07-02 12:43:54,968 individual factor = 10
2015-07-02 12:43:54,968 zero range = 0.01
2015-07-02 12:43:54,968 greedy level = 5
2015-07-02 12:43:54,968 

2015-07-02 12:43:56,071 Starting Training from 2015-01-01 to 2015-01-31
2015-07-02 12:44:58,996 Starting Q Learning for : 
2015-07-02 12:44:58,996 alpha = 0.6
2015-07-02 12:44:58,996 gamma = 0.1
2015-07-02 12:44:58,996 individual factor = 10
2015-07-02 12:44:58,996 zero range = 0.01
2015-07-02 12:44:58,996 greedy level = 5
2015-07-02 12:44:58,996 

2015-07-02 12:45:00,056 Starting Training from 2015-01-01 to 2015-01-31
2015-07-02 12:45:11,973 Starting Q Learning for : 
2015-07-02 12:45:11,973 alpha = 0.6
2015-07-02 12:45:11,973 gamma = 0.7
2015-07-02 12:45:11,973 individual factor = 10
2015-07-02 12:45:11,974 zero range = 0.01
2015-07-02 12:45:11,974 greedy level = 5
2015-07-02 12:45:11,974 

2015-07-02 12:45:13,518 Starting Training from 2015-01-01 to 2015-01-31
2015-07-02 12:45:14,342 Starting Q Learning for : 
2015-07-02 12:45:14,342 alpha = 0.2
2015-07-02 12:45:14,342 gamma = 0.5
2015-07-02 12:45:14,343 individual factor = 10
2015-07-02 12:45:14,343 zero range = 0.01
2015-07-02 12:45:14,343 greedy level = 5
2015-07-02 12:45:14,343 

2015-07-02 12:45:15,487 Starting Training from 2015-01-01 to 2015-01-31
2015-07-02 12:45:51,211 Starting Q Learning for : 
2015-07-02 12:45:51,211 alpha = 0.8
2015-07-02 12:45:51,211 gamma = 0.3
2015-07-02 12:45:51,211 individual factor = 10
2015-07-02 12:45:51,211 zero range = 0.01
2015-07-02 12:45:51,211 greedy level = 5
2015-07-02 12:45:51,211 

2015-07-02 12:45:53,742 Starting Training from 2015-01-01 to 2015-01-31
2015-07-02 12:56:10,179 Starting Live from 2015-02-01 to 2015-03-03
2015-07-02 12:57:09,510 Starting Live from 2015-02-01 to 2015-03-03
2015-07-02 12:57:46,237 Starting Live from 2015-02-01 to 2015-03-03
2015-07-02 12:57:50,054 Starting Live from 2015-02-01 to 2015-03-03
2015-07-02 12:58:06,652 Starting Live from 2015-02-01 to 2015-03-03
2015-07-02 13:07:44,105 Starting Training from 2015-02-01 to 2015-03-03
2015-07-02 13:10:06,177 Starting Training from 2015-02-01 to 2015-03-03
2015-07-02 13:10:06,564 Starting Live from 2015-03-04 to 2015-04-03
2015-07-02 13:10:25,675 Starting Training from 2015-02-01 to 2015-03-03
2015-07-02 13:10:30,233 Starting Training from 2015-02-01 to 2015-03-03
2015-07-02 13:10:44,403 Starting Training from 2015-02-01 to 2015-03-03
2015-07-02 13:11:03,383 Starting Live from 2015-03-04 to 2015-04-03
2015-07-02 13:11:24,370 Starting Live from 2015-03-04 to 2015-04-03
2015-07-02 13:11:29,645 Starting Live from 2015-03-04 to 2015-04-03
2015-07-02 13:11:42,707 Starting Live from 2015-03-04 to 2015-04-03
2015-07-02 13:21:00,422 Starting Training from 2015-03-04 to 2015-04-03
2015-07-02 13:21:54,556 Starting Training from 2015-03-04 to 2015-04-03
2015-07-02 13:21:58,863 Starting Live from 2015-04-04 to 2015-04-10
2015-07-02 13:22:14,383 Starting Training from 2015-03-04 to 2015-04-03
2015-07-02 13:22:23,638 Starting Training from 2015-03-04 to 2015-04-03
2015-07-02 13:22:28,370 Starting Training from 2015-03-04 to 2015-04-03
2015-07-02 13:22:52,908 Starting Live from 2015-04-04 to 2015-04-10
2015-07-02 13:23:12,752 Starting Live from 2015-04-04 to 2015-04-10
2015-07-02 13:23:21,177 Starting Live from 2015-04-04 to 2015-04-10
2015-07-02 13:23:26,431 Starting Live from 2015-04-04 to 2015-04-10
2015-07-02 13:24:24,172 Starting Q Learning for : 
2015-07-02 13:24:24,172 alpha = 0.4
2015-07-02 13:24:24,172 gamma = 0.4
2015-07-02 13:24:24,172 individual factor = 10
2015-07-02 13:24:24,172 zero range = 0.01
2015-07-02 13:24:24,172 greedy level = 5
2015-07-02 13:24:24,172 

2015-07-02 13:24:25,394 Starting Training from 2015-01-01 to 2015-01-31
2015-07-02 13:26:55,828 Starting Q Learning for : 
2015-07-02 13:26:55,828 alpha = 0.6
2015-07-02 13:26:55,828 gamma = 0.2
2015-07-02 13:26:55,828 individual factor = 10
2015-07-02 13:26:55,828 zero range = 0.01
2015-07-02 13:26:55,829 greedy level = 5
2015-07-02 13:26:55,829 

2015-07-02 13:26:58,155 Starting Training from 2015-01-01 to 2015-01-31
2015-07-02 13:27:33,553 Starting Q Learning for : 
2015-07-02 13:27:33,553 alpha = 0.8
2015-07-02 13:27:33,553 gamma = 0.4
2015-07-02 13:27:33,553 individual factor = 10
2015-07-02 13:27:33,553 zero range = 0.01
2015-07-02 13:27:33,553 greedy level = 5
2015-07-02 13:27:33,553 

2015-07-02 13:27:36,423 Starting Training from 2015-01-01 to 2015-01-31
2015-07-02 13:28:22,574 Starting Q Learning for : 
2015-07-02 13:28:22,574 alpha = 0.2
2015-07-02 13:28:22,575 gamma = 0.6
2015-07-02 13:28:22,575 individual factor = 10
2015-07-02 13:28:22,575 zero range = 0.01
2015-07-02 13:28:22,575 greedy level = 5
2015-07-02 13:28:22,575 

2015-07-02 13:28:25,627 Starting Training from 2015-01-01 to 2015-01-31
2015-07-02 13:28:47,943 Starting Q Learning for : 
2015-07-02 13:28:47,944 alpha = 0.6
2015-07-02 13:28:47,944 gamma = 0.8
2015-07-02 13:28:47,944 individual factor = 10
2015-07-02 13:28:47,944 zero range = 0.01
2015-07-02 13:28:47,944 greedy level = 5
2015-07-02 13:28:47,944 

2015-07-02 13:28:50,506 Starting Training from 2015-01-01 to 2015-01-31
2015-07-02 13:36:17,815 Starting Live from 2015-02-01 to 2015-03-03
2015-07-02 13:37:13,327 Starting Live from 2015-02-01 to 2015-03-03
2015-07-02 13:37:26,141 Starting Live from 2015-02-01 to 2015-03-03
2015-07-02 13:37:44,439 Starting Live from 2015-02-01 to 2015-03-03
2015-07-02 13:37:59,568 Starting Live from 2015-02-01 to 2015-03-03
2015-07-02 13:45:11,479 Starting Training from 2015-02-01 to 2015-03-03
2015-07-02 13:48:04,401 Starting Training from 2015-02-01 to 2015-03-03
2015-07-02 13:48:31,747 Starting Live from 2015-03-04 to 2015-04-03
2015-07-02 13:48:51,717 Starting Training from 2015-02-01 to 2015-03-03
2015-07-02 13:49:48,367 Starting Training from 2015-02-01 to 2015-03-03
2015-07-02 13:50:15,175 Starting Training from 2015-02-01 to 2015-03-03
2015-07-02 13:50:25,267 Starting Live from 2015-03-04 to 2015-04-03
2015-07-02 13:50:39,481 Starting Live from 2015-03-04 to 2015-04-03
2015-07-02 13:50:54,365 Starting Live from 2015-03-04 to 2015-04-03
2015-07-02 13:51:11,405 Starting Live from 2015-03-04 to 2015-04-03
2015-07-02 13:58:44,353 Starting Training from 2015-03-04 to 2015-04-03
2015-07-02 13:59:30,619 Starting Training from 2015-03-04 to 2015-04-03
2015-07-02 13:59:42,219 Starting Live from 2015-04-04 to 2015-04-10
2015-07-02 13:59:42,879 Starting Training from 2015-03-04 to 2015-04-03
2015-07-02 13:59:55,805 Starting Training from 2015-03-04 to 2015-04-03
2015-07-02 14:00:08,434 Starting Training from 2015-03-04 to 2015-04-03
2015-07-02 14:00:27,811 Starting Live from 2015-04-04 to 2015-04-10
2015-07-02 14:00:43,520 Starting Live from 2015-04-04 to 2015-04-10
2015-07-02 14:00:54,687 Starting Live from 2015-04-04 to 2015-04-10
2015-07-02 14:01:07,846 Starting Live from 2015-04-04 to 2015-04-10
2015-07-02 14:02:14,423 Starting Q Learning for : 
2015-07-02 14:02:14,423 alpha = 0.4
2015-07-02 14:02:14,423 gamma = 0.5
2015-07-02 14:02:14,423 individual factor = 10
2015-07-02 14:02:14,423 zero range = 0.01
2015-07-02 14:02:14,423 greedy level = 5
2015-07-02 14:02:14,423 

2015-07-02 14:02:15,400 Starting Training from 2015-01-01 to 2015-01-31
2015-07-02 14:02:58,441 Starting Q Learning for : 
2015-07-02 14:02:58,441 alpha = 0.6
2015-07-02 14:02:58,441 gamma = 0.3
2015-07-02 14:02:58,441 individual factor = 10
2015-07-02 14:02:58,441 zero range = 0.01
2015-07-02 14:02:58,441 greedy level = 5
2015-07-02 14:02:58,441 

2015-07-02 14:02:59,477 Starting Training from 2015-01-01 to 2015-01-31
2015-07-02 14:03:12,577 Starting Q Learning for : 
2015-07-02 14:03:12,578 alpha = 0.8
2015-07-02 14:03:12,578 gamma = 0.5
2015-07-02 14:03:12,578 individual factor = 10
2015-07-02 14:03:12,578 zero range = 0.01
2015-07-02 14:03:12,578 greedy level = 5
2015-07-02 14:03:12,578 

2015-07-02 14:03:13,564 Starting Training from 2015-01-01 to 2015-01-31
2015-07-02 14:03:20,892 Starting Q Learning for : 
2015-07-02 14:03:20,893 alpha = 0.2
2015-07-02 14:03:20,893 gamma = 0.7
2015-07-02 14:03:20,893 individual factor = 10
2015-07-02 14:03:20,893 zero range = 0.01
2015-07-02 14:03:20,893 greedy level = 5
2015-07-02 14:03:20,893 

2015-07-02 14:03:22,553 Starting Training from 2015-01-01 to 2015-01-31
2015-07-02 14:03:32,380 Starting Q Learning for : 
2015-07-02 14:03:32,380 alpha = 0.2
2015-07-02 14:03:32,381 gamma = 0.1
2015-07-02 14:03:32,381 individual factor = 10
2015-07-02 14:03:32,381 zero range = 0.01
2015-07-02 14:03:32,381 greedy level = 5
2015-07-02 14:03:32,381 

2015-07-02 14:03:33,442 Starting Training from 2015-01-01 to 2015-01-31
2015-07-02 14:14:25,281 Starting Live from 2015-02-01 to 2015-03-03
2015-07-02 14:15:03,669 Starting Live from 2015-02-01 to 2015-03-03
2015-07-02 14:15:22,073 Starting Live from 2015-02-01 to 2015-03-03
2015-07-02 14:15:32,437 Starting Live from 2015-02-01 to 2015-03-03
2015-07-02 14:15:38,615 Starting Live from 2015-02-01 to 2015-03-03
2015-07-02 14:22:54,737 Starting Training from 2015-02-01 to 2015-03-03
2015-07-02 14:23:33,448 Starting Training from 2015-02-01 to 2015-03-03
2015-07-02 14:23:50,277 Starting Training from 2015-02-01 to 2015-03-03
2015-07-02 14:23:50,294 Starting Live from 2015-03-04 to 2015-04-03
2015-07-02 14:24:04,767 Starting Training from 2015-02-01 to 2015-03-03
2015-07-02 14:24:05,661 Starting Training from 2015-02-01 to 2015-03-03
2015-07-02 14:24:28,723 Starting Live from 2015-03-04 to 2015-04-03
2015-07-02 14:24:45,333 Starting Live from 2015-03-04 to 2015-04-03
2015-07-02 14:25:00,272 Starting Live from 2015-03-04 to 2015-04-03
2015-07-02 14:25:00,574 Starting Live from 2015-03-04 to 2015-04-03
2015-07-02 14:36:36,869 Starting Training from 2015-03-04 to 2015-04-03
2015-07-02 14:37:25,543 Starting Training from 2015-03-04 to 2015-04-03
2015-07-02 14:37:35,899 Starting Live from 2015-04-04 to 2015-04-10
2015-07-02 14:37:48,617 Starting Training from 2015-03-04 to 2015-04-03
2015-07-02 14:37:55,944 Starting Training from 2015-03-04 to 2015-04-03
2015-07-02 14:38:00,370 Starting Training from 2015-03-04 to 2015-04-03
2015-07-02 14:38:23,210 Starting Live from 2015-04-04 to 2015-04-10
2015-07-02 14:38:46,612 Starting Live from 2015-04-04 to 2015-04-10
2015-07-02 14:38:56,015 Starting Live from 2015-04-04 to 2015-04-10
2015-07-02 14:38:57,926 Starting Live from 2015-04-04 to 2015-04-10
2015-07-02 14:40:03,224 Starting Q Learning for : 
2015-07-02 14:40:03,225 alpha = 0.4
2015-07-02 14:40:03,225 gamma = 0.6
2015-07-02 14:40:03,225 individual factor = 10
2015-07-02 14:40:03,225 zero range = 0.01
2015-07-02 14:40:03,225 greedy level = 5
2015-07-02 14:40:03,225 

2015-07-02 14:40:04,228 Starting Training from 2015-01-01 to 2015-01-31
2015-07-02 14:40:46,233 Starting Q Learning for : 
2015-07-02 14:40:46,233 alpha = 0.6
2015-07-02 14:40:46,233 gamma = 0.4
2015-07-02 14:40:46,233 individual factor = 10
2015-07-02 14:40:46,233 zero range = 0.01
2015-07-02 14:40:46,233 greedy level = 5
2015-07-02 14:40:46,233 

2015-07-02 14:40:47,367 Starting Training from 2015-01-01 to 2015-01-31
2015-07-02 14:41:14,657 Starting Q Learning for : 
2015-07-02 14:41:14,657 alpha = 0.8
2015-07-02 14:41:14,657 gamma = 0.6
2015-07-02 14:41:14,658 individual factor = 10
2015-07-02 14:41:14,658 zero range = 0.01
2015-07-02 14:41:14,658 greedy level = 5
2015-07-02 14:41:14,658 

2015-07-02 14:41:15,744 Starting Training from 2015-01-01 to 2015-01-31
2015-07-02 14:41:24,019 Starting Q Learning for : 
2015-07-02 14:41:24,020 alpha = 0.2
2015-07-02 14:41:24,020 gamma = 0.2
2015-07-02 14:41:24,020 individual factor = 10
2015-07-02 14:41:24,020 zero range = 0.01
2015-07-02 14:41:24,020 greedy level = 5
2015-07-02 14:41:24,020 

2015-07-02 14:41:24,405 Starting Q Learning for : 
2015-07-02 14:41:24,406 alpha = 0.2
2015-07-02 14:41:24,406 gamma = 0.8
2015-07-02 14:41:24,406 individual factor = 10
2015-07-02 14:41:24,406 zero range = 0.01
2015-07-02 14:41:24,406 greedy level = 5
2015-07-02 14:41:24,406 

2015-07-02 14:41:25,585 Starting Training from 2015-01-01 to 2015-01-31
2015-07-02 14:41:25,659 Starting Training from 2015-01-01 to 2015-01-31
2015-07-02 14:48:42,908 Starting Live from 2015-02-01 to 2015-03-03
2015-07-02 14:50:29,192 Starting Live from 2015-02-01 to 2015-03-03
2015-07-02 14:52:00,145 Starting Live from 2015-02-01 to 2015-03-03
2015-07-02 14:52:19,517 Starting Live from 2015-02-01 to 2015-03-03
2015-07-02 14:52:40,976 Starting Live from 2015-02-01 to 2015-03-03
2015-07-02 15:00:47,125 Starting Training from 2015-02-01 to 2015-03-03
2015-07-02 15:01:30,613 Starting Training from 2015-02-01 to 2015-03-03
2015-07-02 15:01:40,888 Starting Live from 2015-03-04 to 2015-04-03
2015-07-02 15:01:56,426 Starting Training from 2015-02-01 to 2015-03-03
2015-07-02 15:02:01,766 Starting Training from 2015-02-01 to 2015-03-03
2015-07-02 15:02:12,553 Starting Training from 2015-02-01 to 2015-03-03
2015-07-02 15:02:25,764 Starting Live from 2015-03-04 to 2015-04-03
2015-07-02 15:02:52,031 Starting Live from 2015-03-04 to 2015-04-03
2015-07-02 15:02:57,621 Starting Live from 2015-03-04 to 2015-04-03
2015-07-02 15:03:07,971 Starting Live from 2015-03-04 to 2015-04-03
2015-07-02 15:12:29,578 Starting Training from 2015-03-04 to 2015-04-03
2015-07-02 15:15:17,228 Starting Training from 2015-03-04 to 2015-04-03
2015-07-02 15:15:24,892 Starting Live from 2015-04-04 to 2015-04-10
2015-07-02 15:15:25,092 Starting Training from 2015-03-04 to 2015-04-03
2015-07-02 15:15:49,436 Starting Training from 2015-03-04 to 2015-04-03
2015-07-02 15:15:49,610 Starting Training from 2015-03-04 to 2015-04-03
2015-07-02 15:16:15,633 Starting Live from 2015-04-04 to 2015-04-10
2015-07-02 15:16:25,289 Starting Live from 2015-04-04 to 2015-04-10
2015-07-02 15:16:47,340 Starting Live from 2015-04-04 to 2015-04-10
2015-07-02 15:16:47,465 Starting Live from 2015-04-04 to 2015-04-10
2015-07-02 15:17:52,716 Starting Q Learning for : 
2015-07-02 15:17:52,716 alpha = 0.4
2015-07-02 15:17:52,716 gamma = 0.7
2015-07-02 15:17:52,716 individual factor = 10
2015-07-02 15:17:52,716 zero range = 0.01
2015-07-02 15:17:52,716 greedy level = 5
2015-07-02 15:17:52,716 

2015-07-02 15:17:54,284 Starting Training from 2015-01-01 to 2015-01-31
2015-07-02 15:18:48,070 Starting Q Learning for : 
2015-07-02 15:18:48,070 alpha = 0.6
2015-07-02 15:18:48,070 gamma = 0.5
2015-07-02 15:18:48,070 individual factor = 10
2015-07-02 15:18:48,070 zero range = 0.01
2015-07-02 15:18:48,070 greedy level = 5
2015-07-02 15:18:48,070 

2015-07-02 15:18:49,197 Starting Training from 2015-01-01 to 2015-01-31
2015-07-02 15:18:50,403 Starting Q Learning for : 
2015-07-02 15:18:50,404 alpha = 0.2
2015-07-02 15:18:50,404 gamma = 0.3
2015-07-02 15:18:50,404 individual factor = 10
2015-07-02 15:18:50,404 zero range = 0.01
2015-07-02 15:18:50,404 greedy level = 5
2015-07-02 15:18:50,404 

2015-07-02 15:18:51,425 Starting Training from 2015-01-01 to 2015-01-31
2015-07-02 15:19:15,361 Starting Q Learning for : 
2015-07-02 15:19:15,362 alpha = 0.8
2015-07-02 15:19:15,362 gamma = 0.1
2015-07-02 15:19:15,362 individual factor = 10
2015-07-02 15:19:15,362 zero range = 0.01
2015-07-02 15:19:15,362 greedy level = 5
2015-07-02 15:19:15,362 

2015-07-02 15:19:16,753 Starting Training from 2015-01-01 to 2015-01-31
2015-07-02 15:19:19,607 Starting Q Learning for : 
2015-07-02 15:19:19,607 alpha = 0.8
2015-07-02 15:19:19,607 gamma = 0.7
2015-07-02 15:19:19,607 individual factor = 10
2015-07-02 15:19:19,607 zero range = 0.01
2015-07-02 15:19:19,607 greedy level = 5
2015-07-02 15:19:19,607 

2015-07-02 15:19:20,666 Starting Training from 2015-01-01 to 2015-01-31
2015-07-02 15:26:25,588 Starting Live from 2015-02-01 to 2015-03-03
2015-07-02 15:27:11,935 Starting Live from 2015-02-01 to 2015-03-03
2015-07-02 15:27:14,370 Starting Live from 2015-02-01 to 2015-03-03
2015-07-02 15:27:37,576 Starting Live from 2015-02-01 to 2015-03-03
2015-07-02 15:27:47,701 Starting Live from 2015-02-01 to 2015-03-03
2015-07-02 15:38:32,142 Starting Training from 2015-02-01 to 2015-03-03
2015-07-02 15:39:18,642 Starting Training from 2015-02-01 to 2015-03-03
2015-07-02 15:39:21,755 Starting Training from 2015-02-01 to 2015-03-03
2015-07-02 15:39:28,040 Starting Live from 2015-03-04 to 2015-04-03
2015-07-02 15:39:41,560 Starting Training from 2015-02-01 to 2015-03-03
2015-07-02 15:39:54,496 Starting Training from 2015-02-01 to 2015-03-03
2015-07-02 15:40:15,244 Starting Live from 2015-03-04 to 2015-04-03
2015-07-02 15:40:17,049 Starting Live from 2015-03-04 to 2015-04-03
2015-07-02 15:40:36,611 Starting Live from 2015-03-04 to 2015-04-03
2015-07-02 15:40:49,240 Starting Live from 2015-03-04 to 2015-04-03
2015-07-02 15:48:21,537 Starting Training from 2015-03-04 to 2015-04-03
2015-07-02 15:49:10,028 Starting Training from 2015-03-04 to 2015-04-03
2015-07-02 15:49:15,444 Starting Training from 2015-03-04 to 2015-04-03
2015-07-02 15:49:20,618 Starting Live from 2015-04-04 to 2015-04-10
2015-07-02 15:49:24,714 Starting Training from 2015-03-04 to 2015-04-03
2015-07-02 15:49:41,450 Starting Training from 2015-03-04 to 2015-04-03
2015-07-02 15:50:09,856 Starting Live from 2015-04-04 to 2015-04-10
2015-07-02 15:50:15,629 Starting Live from 2015-04-04 to 2015-04-10
2015-07-02 15:50:26,140 Starting Live from 2015-04-04 to 2015-04-10
2015-07-02 15:50:43,924 Starting Live from 2015-04-04 to 2015-04-10
2015-07-02 15:51:51,058 Starting Q Learning for : 
2015-07-02 15:51:51,058 alpha = 0.4
2015-07-02 15:51:51,058 gamma = 0.8
2015-07-02 15:51:51,058 individual factor = 10
2015-07-02 15:51:51,058 zero range = 0.01
2015-07-02 15:51:51,058 greedy level = 5
2015-07-02 15:51:51,058 

2015-07-02 15:51:52,118 Starting Training from 2015-01-01 to 2015-01-31
2015-07-02 15:52:37,060 Starting Q Learning for : 
2015-07-02 15:52:37,060 alpha = 0.2
2015-07-02 15:52:37,060 gamma = 0.4
2015-07-02 15:52:37,060 individual factor = 10
2015-07-02 15:52:37,061 zero range = 0.01
2015-07-02 15:52:37,061 greedy level = 5
2015-07-02 15:52:37,061 

2015-07-02 15:52:38,444 Starting Training from 2015-01-01 to 2015-01-31
2015-07-02 15:52:44,766 Starting Q Learning for : 
2015-07-02 15:52:44,766 alpha = 0.6
2015-07-02 15:52:44,766 gamma = 0.6
2015-07-02 15:52:44,766 individual factor = 10
2015-07-02 15:52:44,766 zero range = 0.01
2015-07-02 15:52:44,767 greedy level = 5
2015-07-02 15:52:44,767 

2015-07-02 15:52:46,596 Starting Training from 2015-01-01 to 2015-01-31
2015-07-02 15:52:58,552 Starting Q Learning for : 
2015-07-02 15:52:58,552 alpha = 0.8
2015-07-02 15:52:58,552 gamma = 0.2
2015-07-02 15:52:58,553 individual factor = 10
2015-07-02 15:52:58,553 zero range = 0.01
2015-07-02 15:52:58,553 greedy level = 5
2015-07-02 15:52:58,553 

2015-07-02 15:53:00,967 Starting Training from 2015-01-01 to 2015-01-31
2015-07-02 15:53:48,916 Starting Q Learning for : 
2015-07-02 15:53:48,916 alpha = 0.8
2015-07-02 15:53:48,916 gamma = 0.8
2015-07-02 15:53:48,917 individual factor = 10
2015-07-02 15:53:48,917 zero range = 0.01
2015-07-02 15:53:48,917 greedy level = 5
2015-07-02 15:53:48,917 

2015-07-02 15:53:51,983 Starting Training from 2015-01-01 to 2015-01-31
2015-07-02 16:03:41,337 Starting Live from 2015-02-01 to 2015-03-03
2015-07-02 16:04:17,146 Starting Live from 2015-02-01 to 2015-03-03
2015-07-02 16:04:26,104 Starting Live from 2015-02-01 to 2015-03-03
2015-07-02 16:04:27,430 Starting Live from 2015-02-01 to 2015-03-03
2015-07-02 16:04:53,358 Starting Live from 2015-02-01 to 2015-03-03
2015-07-02 16:11:39,591 Starting Training from 2015-02-01 to 2015-03-03
2015-07-02 16:12:11,291 Starting Training from 2015-02-01 to 2015-03-03
2015-07-02 16:12:21,318 Starting Training from 2015-02-01 to 2015-03-03
2015-07-02 16:12:23,279 Starting Training from 2015-02-01 to 2015-03-03
2015-07-02 16:12:34,541 Starting Live from 2015-03-04 to 2015-04-03
2015-07-02 16:12:49,906 Starting Training from 2015-02-01 to 2015-03-03
2015-07-02 16:13:05,894 Starting Live from 2015-03-04 to 2015-04-03
2015-07-02 16:13:15,695 Starting Live from 2015-03-04 to 2015-04-03
2015-07-02 16:13:17,230 Starting Live from 2015-03-04 to 2015-04-03
2015-07-02 16:13:42,641 Starting Live from 2015-03-04 to 2015-04-03
2015-07-02 16:24:47,851 Starting Training from 2015-03-04 to 2015-04-03
2015-07-02 16:25:23,882 Starting Training from 2015-03-04 to 2015-04-03
2015-07-02 16:25:34,167 Starting Training from 2015-03-04 to 2015-04-03
2015-07-02 16:25:35,761 Starting Training from 2015-03-04 to 2015-04-03
2015-07-02 16:25:43,152 Starting Live from 2015-04-04 to 2015-04-10
2015-07-02 16:25:55,291 Starting Training from 2015-03-04 to 2015-04-03
2015-07-02 16:26:19,107 Starting Live from 2015-04-04 to 2015-04-10
2015-07-02 16:26:30,142 Starting Live from 2015-04-04 to 2015-04-10
2015-07-02 16:26:32,018 Starting Live from 2015-04-04 to 2015-04-10
2015-07-02 16:26:52,805 Starting Live from 2015-04-04 to 2015-04-10
