2015-06-24 00:55:56,355 Starting Q Learning for : 
2015-06-24 00:55:56,355 alpha = 0.6
2015-06-24 00:55:56,355 gamma = 0.1
2015-06-24 00:55:56,355 individual factor = 12
2015-06-24 00:55:56,355 zero range = 0.01
2015-06-24 00:55:56,355 greedy level = 10
2015-06-24 00:55:56,355 

2015-06-24 00:56:04,246 Starting Training from 2014-12-17 to 2015-01-01
2015-06-24 01:07:18,584 Starting Live from 2015-01-02 to 2015-02-01
2015-06-24 01:35:55,526 Starting Training from 2015-01-17 to 2015-02-01
2015-06-24 01:37:27,065 Starting Live from 2015-02-02 to 2015-03-04
2015-06-24 02:08:53,532 Starting Training from 2015-02-17 to 2015-03-04
2015-06-24 02:10:34,798 Starting Live from 2015-03-05 to 2015-04-04
2015-06-24 02:39:44,904 Starting Training from 2015-03-20 to 2015-04-04
2015-06-24 02:41:13,657 Starting Live from 2015-04-05 to 2015-04-10
2015-06-24 02:44:55,358 Starting Q Learning for : 
2015-06-24 02:44:55,358 alpha = 0.6
2015-06-24 02:44:55,358 gamma = 0.2
2015-06-24 02:44:55,358 individual factor = 12
2015-06-24 02:44:55,358 zero range = 0.01
2015-06-24 02:44:55,358 greedy level = 10
2015-06-24 02:44:55,358 

2015-06-24 02:44:59,076 Starting Training from 2014-12-17 to 2015-01-01
2015-06-24 02:56:51,664 Starting Live from 2015-01-02 to 2015-02-01
2015-06-24 03:24:56,825 Starting Training from 2015-01-17 to 2015-02-01
2015-06-24 03:26:26,815 Starting Live from 2015-02-02 to 2015-03-04
2015-06-24 03:56:32,540 Starting Training from 2015-02-17 to 2015-03-04
2015-06-24 03:58:14,196 Starting Live from 2015-03-05 to 2015-04-04
2015-06-24 04:27:51,367 Starting Training from 2015-03-20 to 2015-04-04
2015-06-24 04:29:17,232 Starting Live from 2015-04-05 to 2015-04-10
2015-06-24 04:33:29,621 Starting Q Learning for : 
2015-06-24 04:33:29,621 alpha = 0.6
2015-06-24 04:33:29,621 gamma = 0.3
2015-06-24 04:33:29,621 individual factor = 12
2015-06-24 04:33:29,621 zero range = 0.01
2015-06-24 04:33:29,621 greedy level = 10
2015-06-24 04:33:29,621 

2015-06-24 04:33:34,509 Starting Training from 2014-12-17 to 2015-01-01
2015-06-24 04:44:54,020 Starting Live from 2015-01-02 to 2015-02-01
2015-06-24 05:13:18,973 Starting Training from 2015-01-17 to 2015-02-01
2015-06-24 05:15:08,276 Starting Live from 2015-02-02 to 2015-03-04
2015-06-24 05:45:10,614 Starting Training from 2015-02-17 to 2015-03-04
2015-06-24 05:46:52,177 Starting Live from 2015-03-05 to 2015-04-04
2015-06-24 06:14:34,706 Starting Training from 2015-03-20 to 2015-04-04
2015-06-24 06:16:22,913 Starting Live from 2015-04-05 to 2015-04-10
2015-06-24 06:20:38,582 Starting Q Learning for : 
2015-06-24 06:20:38,582 alpha = 0.6
2015-06-24 06:20:38,582 gamma = 0.4
2015-06-24 06:20:38,582 individual factor = 12
2015-06-24 06:20:38,582 zero range = 0.01
2015-06-24 06:20:38,582 greedy level = 10
2015-06-24 06:20:38,582 

2015-06-24 06:20:41,937 Starting Training from 2014-12-17 to 2015-01-01
2015-06-24 06:32:03,344 Starting Live from 2015-01-02 to 2015-02-01
2015-06-24 07:01:20,180 Starting Training from 2015-01-17 to 2015-02-01
2015-06-24 07:03:08,993 Starting Live from 2015-02-02 to 2015-03-04
2015-06-24 07:33:28,321 Starting Training from 2015-02-17 to 2015-03-04
2015-06-24 07:35:08,901 Starting Live from 2015-03-05 to 2015-04-04
2015-06-24 08:06:56,769 Starting Training from 2015-03-20 to 2015-04-04
2015-06-24 08:08:22,059 Starting Live from 2015-04-05 to 2015-04-10
2015-06-24 08:12:33,693 Starting Q Learning for : 
2015-06-24 08:12:33,693 alpha = 0.4
2015-06-24 08:12:33,693 gamma = 0.1
2015-06-24 08:12:33,693 individual factor = 12
2015-06-24 08:12:33,693 zero range = 0.01
2015-06-24 08:12:33,693 greedy level = 10
2015-06-24 08:12:33,693 

2015-06-24 08:12:36,826 Starting Training from 2014-12-17 to 2015-01-01
2015-06-24 08:23:37,638 Starting Live from 2015-01-02 to 2015-02-01
2015-06-24 08:52:24,286 Starting Training from 2015-01-17 to 2015-02-01
2015-06-24 08:53:54,296 Starting Live from 2015-02-02 to 2015-03-04
2015-06-24 09:22:46,355 Starting Training from 2015-02-17 to 2015-03-04
2015-06-24 09:24:26,286 Starting Live from 2015-03-05 to 2015-04-04
2015-06-24 09:53:31,927 Starting Training from 2015-03-20 to 2015-04-04
2015-06-24 09:54:58,394 Starting Live from 2015-04-05 to 2015-04-10
2015-06-24 09:58:28,516 Starting Q Learning for : 
2015-06-24 09:58:28,516 alpha = 0.4
2015-06-24 09:58:28,516 gamma = 0.2
2015-06-24 09:58:28,516 individual factor = 12
2015-06-24 09:58:28,516 zero range = 0.01
2015-06-24 09:58:28,516 greedy level = 10
2015-06-24 09:58:28,516 

2015-06-24 09:58:32,885 Starting Training from 2014-12-17 to 2015-01-01
2015-06-24 10:09:39,710 Starting Live from 2015-01-02 to 2015-02-01
2015-06-24 10:38:20,181 Starting Training from 2015-01-17 to 2015-02-01
2015-06-24 10:39:49,306 Starting Live from 2015-02-02 to 2015-03-04
2015-06-24 11:08:07,204 Starting Training from 2015-02-17 to 2015-03-04
2015-06-24 11:09:51,763 Starting Live from 2015-03-05 to 2015-04-04
2015-06-24 11:38:28,084 Starting Training from 2015-03-20 to 2015-04-04
2015-06-24 11:40:13,551 Starting Live from 2015-04-05 to 2015-04-10
2015-06-24 11:43:49,364 Starting Q Learning for : 
2015-06-24 11:43:49,364 alpha = 0.4
2015-06-24 11:43:49,364 gamma = 0.3
2015-06-24 11:43:49,364 individual factor = 12
2015-06-24 11:43:49,364 zero range = 0.01
2015-06-24 11:43:49,364 greedy level = 10
2015-06-24 11:43:49,364 

2015-06-24 11:43:51,555 Starting Training from 2014-12-17 to 2015-01-01
2015-06-24 11:54:55,904 Starting Live from 2015-01-02 to 2015-02-01
2015-06-24 12:24:32,888 Starting Training from 2015-01-17 to 2015-02-01
2015-06-24 12:26:03,209 Starting Live from 2015-02-02 to 2015-03-04
2015-06-24 12:58:29,680 Starting Training from 2015-02-17 to 2015-03-04
2015-06-24 13:00:38,375 Starting Live from 2015-03-05 to 2015-04-04
2015-06-24 13:33:58,719 Starting Training from 2015-03-20 to 2015-04-04
2015-06-24 13:35:42,358 Starting Live from 2015-04-05 to 2015-04-10
2015-06-24 13:39:51,516 Starting Q Learning for : 
2015-06-24 13:39:51,516 alpha = 0.4
2015-06-24 13:39:51,516 gamma = 0.4
2015-06-24 13:39:51,516 individual factor = 12
2015-06-24 13:39:51,516 zero range = 0.01
2015-06-24 13:39:51,516 greedy level = 10
2015-06-24 13:39:51,516 

2015-06-24 13:39:56,858 Starting Training from 2014-12-17 to 2015-01-01
2015-06-24 13:53:16,384 Starting Live from 2015-01-02 to 2015-02-01
2015-06-24 14:25:51,601 Starting Training from 2015-01-17 to 2015-02-01
2015-06-24 14:27:35,694 Starting Live from 2015-02-02 to 2015-03-04
2015-06-24 15:03:20,627 Starting Training from 2015-02-17 to 2015-03-04
2015-06-24 15:05:19,121 Starting Live from 2015-03-05 to 2015-04-04
2015-06-24 15:40:59,132 Starting Training from 2015-03-20 to 2015-04-04
2015-06-24 15:42:30,177 Starting Live from 2015-04-05 to 2015-04-10
2015-06-24 15:47:57,019 Starting Q Learning for : 
2015-06-24 15:47:57,019 alpha = 0.2
2015-06-24 15:47:57,019 gamma = 0.5
2015-06-24 15:47:57,019 individual factor = 12
2015-06-24 15:47:57,019 zero range = 0.01
2015-06-24 15:47:57,019 greedy level = 10
2015-06-24 15:47:57,019 

2015-06-24 15:48:04,381 Starting Training from 2014-12-17 to 2015-01-01
2015-06-24 16:01:44,072 Starting Live from 2015-01-02 to 2015-02-01
2015-06-24 16:33:52,052 Starting Training from 2015-01-17 to 2015-02-01
2015-06-24 16:35:35,006 Starting Live from 2015-02-02 to 2015-03-04
2015-06-24 17:09:18,095 Starting Training from 2015-02-17 to 2015-03-04
2015-06-24 17:11:32,177 Starting Live from 2015-03-05 to 2015-04-04
2015-06-24 17:43:53,421 Starting Training from 2015-03-20 to 2015-04-04
2015-06-24 17:45:29,700 Starting Live from 2015-04-05 to 2015-04-10
2015-06-24 17:49:50,894 Starting Q Learning for : 
2015-06-24 17:49:50,894 alpha = 0.2
2015-06-24 17:49:50,894 gamma = 0.6
2015-06-24 17:49:50,894 individual factor = 12
2015-06-24 17:49:50,894 zero range = 0.01
2015-06-24 17:49:50,894 greedy level = 10
2015-06-24 17:49:50,894 

2015-06-24 17:49:58,717 Starting Training from 2014-12-17 to 2015-01-01
2015-06-24 18:02:38,408 Starting Live from 2015-01-02 to 2015-02-01
2015-06-24 18:35:14,882 Starting Training from 2015-01-17 to 2015-02-01
2015-06-24 18:36:57,993 Starting Live from 2015-02-02 to 2015-03-04
2015-06-24 19:10:40,240 Starting Training from 2015-02-17 to 2015-03-04
2015-06-24 19:12:56,984 Starting Live from 2015-03-05 to 2015-04-04
2015-06-24 19:47:23,714 Starting Training from 2015-03-20 to 2015-04-04
2015-06-24 19:49:03,658 Starting Live from 2015-04-05 to 2015-04-10
2015-06-24 19:53:33,029 Starting Q Learning for : 
2015-06-24 19:53:33,029 alpha = 0.2
2015-06-24 19:53:33,029 gamma = 0.7
2015-06-24 19:53:33,029 individual factor = 12
2015-06-24 19:53:33,029 zero range = 0.01
2015-06-24 19:53:33,029 greedy level = 10
2015-06-24 19:53:33,029 

2015-06-24 19:53:38,418 Starting Training from 2014-12-17 to 2015-01-01
2015-06-24 20:06:57,164 Starting Live from 2015-01-02 to 2015-02-01
2015-06-24 20:38:13,503 Starting Training from 2015-01-17 to 2015-02-01
2015-06-24 20:39:49,397 Starting Live from 2015-02-02 to 2015-03-04
2015-06-24 21:13:11,957 Starting Training from 2015-02-17 to 2015-03-04
2015-06-24 21:15:41,423 Starting Live from 2015-03-05 to 2015-04-04
2015-06-24 21:46:53,500 Starting Training from 2015-03-20 to 2015-04-04
2015-06-24 21:48:26,058 Starting Live from 2015-04-05 to 2015-04-10
2015-06-24 21:53:00,686 Starting Q Learning for : 
2015-06-24 21:53:00,686 alpha = 0.2
2015-06-24 21:53:00,686 gamma = 0.8
2015-06-24 21:53:00,686 individual factor = 12
2015-06-24 21:53:00,686 zero range = 0.01
2015-06-24 21:53:00,686 greedy level = 10
2015-06-24 21:53:00,686 

2015-06-24 21:53:07,111 Starting Training from 2014-12-17 to 2015-01-01
2015-06-24 22:05:11,121 Starting Live from 2015-01-02 to 2015-02-01
2015-06-24 22:34:15,306 Starting Training from 2015-01-17 to 2015-02-01
2015-06-24 22:36:15,382 Starting Live from 2015-02-02 to 2015-03-04
2015-06-24 23:06:46,476 Starting Training from 2015-02-17 to 2015-03-04
2015-06-24 23:09:01,769 Starting Live from 2015-03-05 to 2015-04-04
2015-06-24 23:40:23,434 Starting Training from 2015-03-20 to 2015-04-04
2015-06-24 23:42:21,480 Starting Live from 2015-04-05 to 2015-04-10
