2015-06-22 16:21:05,572 Starting Q Learning for : 
2015-06-22 16:21:05,572 alpha = 0.5
2015-06-22 16:21:05,572 gamma = 0.1
2015-06-22 16:21:05,572 individual factor = 12
2015-06-22 16:21:05,572 zero range = 0.006
2015-06-22 16:21:05,572 greedy level = 10
2015-06-22 16:21:05,572 

2015-06-22 16:21:08,757 Starting Training from 2014-12-17 to 2015-01-01
2015-06-22 16:33:19,323 Starting Live from 2015-01-02 to 2015-02-01
2015-06-22 17:02:50,377 Starting Training from 2015-01-17 to 2015-02-01
2015-06-22 17:04:18,819 Starting Live from 2015-02-02 to 2015-03-04
2015-06-22 17:34:42,862 Starting Training from 2015-02-17 to 2015-03-04
2015-06-22 17:37:12,285 Starting Live from 2015-03-05 to 2015-04-04
2015-06-22 18:07:13,822 Starting Training from 2015-03-20 to 2015-04-04
2015-06-22 18:08:47,365 Starting Live from 2015-04-05 to 2015-04-10
2015-06-22 18:12:26,423 Starting Q Learning for : 
2015-06-22 18:12:26,424 alpha = 0.5
2015-06-22 18:12:26,424 gamma = 0.2
2015-06-22 18:12:26,424 individual factor = 12
2015-06-22 18:12:26,424 zero range = 0.006
2015-06-22 18:12:26,424 greedy level = 10
2015-06-22 18:12:26,424 

2015-06-22 18:12:33,194 Starting Training from 2014-12-17 to 2015-01-01
2015-06-22 18:24:45,068 Starting Live from 2015-01-02 to 2015-02-01
2015-06-22 18:53:42,696 Starting Training from 2015-01-17 to 2015-02-01
2015-06-22 18:55:15,549 Starting Live from 2015-02-02 to 2015-03-04
2015-06-22 19:25:06,443 Starting Training from 2015-02-17 to 2015-03-04
2015-06-22 19:26:44,579 Starting Live from 2015-03-05 to 2015-04-04
2015-06-22 19:55:05,556 Starting Training from 2015-03-20 to 2015-04-04
2015-06-22 19:57:33,213 Starting Live from 2015-04-05 to 2015-04-10
2015-06-22 20:01:25,497 Starting Q Learning for : 
2015-06-22 20:01:25,497 alpha = 0.5
2015-06-22 20:01:25,497 gamma = 0.3
2015-06-22 20:01:25,499 individual factor = 12
2015-06-22 20:01:25,499 zero range = 0.006
2015-06-22 20:01:25,499 greedy level = 10
2015-06-22 20:01:25,499 

2015-06-22 20:01:34,007 Starting Training from 2014-12-17 to 2015-01-01
2015-06-22 20:13:34,664 Starting Live from 2015-01-02 to 2015-02-01
2015-06-22 20:44:11,045 Starting Training from 2015-01-17 to 2015-02-01
2015-06-22 20:46:05,845 Starting Live from 2015-02-02 to 2015-03-04
2015-06-22 21:17:43,914 Starting Training from 2015-02-17 to 2015-03-04
2015-06-22 21:19:37,410 Starting Live from 2015-03-05 to 2015-04-04
2015-06-22 21:51:26,655 Starting Training from 2015-03-20 to 2015-04-04
2015-06-22 21:52:55,733 Starting Live from 2015-04-05 to 2015-04-10
2015-06-22 21:56:56,055 Starting Q Learning for : 
2015-06-22 21:56:56,055 alpha = 0.5
2015-06-22 21:56:56,055 gamma = 0.4
2015-06-22 21:56:56,055 individual factor = 12
2015-06-22 21:56:56,055 zero range = 0.006
2015-06-22 21:56:56,055 greedy level = 10
2015-06-22 21:56:56,055 

2015-06-22 21:57:00,552 Starting Training from 2014-12-17 to 2015-01-01
2015-06-22 22:08:40,249 Starting Live from 2015-01-02 to 2015-02-01
2015-06-22 22:38:04,164 Starting Training from 2015-01-17 to 2015-02-01
2015-06-22 22:39:36,358 Starting Live from 2015-02-02 to 2015-03-04
2015-06-22 23:08:37,404 Starting Training from 2015-02-17 to 2015-03-04
2015-06-22 23:11:10,028 Starting Live from 2015-03-05 to 2015-04-04
2015-06-22 23:41:09,624 Starting Training from 2015-03-20 to 2015-04-04
2015-06-22 23:42:33,117 Starting Live from 2015-04-05 to 2015-04-10
2015-06-22 23:46:24,292 Starting Q Learning for : 
2015-06-22 23:46:24,292 alpha = 0.5
2015-06-22 23:46:24,292 gamma = 0.5
2015-06-22 23:46:24,292 individual factor = 12
2015-06-22 23:46:24,292 zero range = 0.006
2015-06-22 23:46:24,292 greedy level = 10
2015-06-22 23:46:24,292 

2015-06-22 23:46:30,226 Starting Training from 2014-12-17 to 2015-01-01
2015-06-22 23:58:21,605 Starting Live from 2015-01-02 to 2015-02-01
2015-06-23 00:26:30,128 Starting Training from 2015-01-17 to 2015-02-01
2015-06-23 00:28:00,463 Starting Live from 2015-02-02 to 2015-03-04
2015-06-23 00:57:58,058 Starting Training from 2015-02-17 to 2015-03-04
2015-06-23 01:00:16,042 Starting Live from 2015-03-05 to 2015-04-04
2015-06-23 01:29:11,710 Starting Training from 2015-03-20 to 2015-04-04
2015-06-23 01:30:39,536 Starting Live from 2015-04-05 to 2015-04-10
2015-06-23 01:34:17,887 Starting Q Learning for : 
2015-06-23 01:34:17,887 alpha = 0.5
2015-06-23 01:34:17,887 gamma = 0.6
2015-06-23 01:34:17,887 individual factor = 12
2015-06-23 01:34:17,887 zero range = 0.006
2015-06-23 01:34:17,887 greedy level = 10
2015-06-23 01:34:17,887 

2015-06-23 01:34:21,085 Starting Training from 2014-12-17 to 2015-01-01
2015-06-23 01:46:20,236 Starting Live from 2015-01-02 to 2015-02-01
2015-06-23 02:15:00,227 Starting Training from 2015-01-17 to 2015-02-01
2015-06-23 02:16:27,703 Starting Live from 2015-02-02 to 2015-03-04
2015-06-23 02:46:56,940 Starting Training from 2015-02-17 to 2015-03-04
2015-06-23 02:48:38,137 Starting Live from 2015-03-05 to 2015-04-04
2015-06-23 03:17:21,259 Starting Training from 2015-03-20 to 2015-04-04
2015-06-23 03:18:59,015 Starting Live from 2015-04-05 to 2015-04-10
2015-06-23 03:22:49,961 Starting Q Learning for : 
2015-06-23 03:22:49,961 alpha = 0.5
2015-06-23 03:22:49,963 gamma = 0.7
2015-06-23 03:22:49,963 individual factor = 12
2015-06-23 03:22:49,963 zero range = 0.006
2015-06-23 03:22:49,963 greedy level = 10
2015-06-23 03:22:49,963 

2015-06-23 03:22:54,788 Starting Training from 2014-12-17 to 2015-01-01
2015-06-23 03:34:49,213 Starting Live from 2015-01-02 to 2015-02-01
2015-06-23 04:03:41,658 Starting Training from 2015-01-17 to 2015-02-01
2015-06-23 04:05:10,292 Starting Live from 2015-02-02 to 2015-03-04
2015-06-23 04:36:15,548 Starting Training from 2015-02-17 to 2015-03-04
2015-06-23 04:38:03,170 Starting Live from 2015-03-05 to 2015-04-04
2015-06-23 05:07:51,030 Starting Training from 2015-03-20 to 2015-04-04
2015-06-23 05:09:18,430 Starting Live from 2015-04-05 to 2015-04-10
2015-06-23 05:13:59,726 Starting Q Learning for : 
2015-06-23 05:13:59,726 alpha = 0.8
2015-06-23 05:13:59,727 gamma = 0.4
2015-06-23 05:13:59,727 individual factor = 12
2015-06-23 05:13:59,727 zero range = 0.006
2015-06-23 05:13:59,727 greedy level = 10
2015-06-23 05:13:59,727 

2015-06-23 05:14:05,329 Starting Training from 2014-12-17 to 2015-01-01
2015-06-23 05:25:20,813 Starting Live from 2015-01-02 to 2015-02-01
2015-06-23 05:52:50,259 Starting Training from 2015-01-17 to 2015-02-01
2015-06-23 05:54:35,819 Starting Live from 2015-02-02 to 2015-03-04
2015-06-23 06:23:37,526 Starting Training from 2015-02-17 to 2015-03-04
2015-06-23 06:25:38,892 Starting Live from 2015-03-05 to 2015-04-04
2015-06-23 06:54:08,832 Starting Training from 2015-03-20 to 2015-04-04
2015-06-23 06:55:33,413 Starting Live from 2015-04-05 to 2015-04-10
2015-06-23 06:59:26,759 Starting Q Learning for : 
2015-06-23 06:59:26,759 alpha = 0.8
2015-06-23 06:59:26,759 gamma = 0.5
2015-06-23 06:59:26,759 individual factor = 12
2015-06-23 06:59:26,759 zero range = 0.006
2015-06-23 06:59:26,759 greedy level = 10
2015-06-23 06:59:26,759 

2015-06-23 06:59:34,030 Starting Training from 2014-12-17 to 2015-01-01
2015-06-23 07:10:54,789 Starting Live from 2015-01-02 to 2015-02-01
2015-06-23 07:39:09,299 Starting Training from 2015-01-17 to 2015-02-01
2015-06-23 07:40:53,683 Starting Live from 2015-02-02 to 2015-03-04
2015-06-23 08:11:01,516 Starting Training from 2015-02-17 to 2015-03-04
2015-06-23 08:12:45,760 Starting Live from 2015-03-05 to 2015-04-04
2015-06-23 08:42:50,857 Starting Training from 2015-03-20 to 2015-04-04
2015-06-23 08:44:23,460 Starting Live from 2015-04-05 to 2015-04-10
2015-06-23 08:49:17,888 Starting Q Learning for : 
2015-06-23 08:49:17,888 alpha = 0.8
2015-06-23 08:49:17,888 gamma = 0.6
2015-06-23 08:49:17,888 individual factor = 12
2015-06-23 08:49:17,888 zero range = 0.006
2015-06-23 08:49:17,888 greedy level = 10
2015-06-23 08:49:17,888 

2015-06-23 08:49:23,424 Starting Training from 2014-12-17 to 2015-01-01
2015-06-23 09:00:25,447 Starting Live from 2015-01-02 to 2015-02-01
2015-06-23 09:28:55,750 Starting Training from 2015-01-17 to 2015-02-01
2015-06-23 09:30:39,565 Starting Live from 2015-02-02 to 2015-03-04
2015-06-23 09:59:51,213 Starting Training from 2015-02-17 to 2015-03-04
2015-06-23 10:01:33,655 Starting Live from 2015-03-05 to 2015-04-04
2015-06-23 10:30:53,671 Starting Training from 2015-03-20 to 2015-04-04
2015-06-23 10:32:44,872 Starting Live from 2015-04-05 to 2015-04-10
2015-06-23 10:36:59,720 Starting Q Learning for : 
2015-06-23 10:36:59,720 alpha = 0.8
2015-06-23 10:36:59,720 gamma = 0.7
2015-06-23 10:36:59,720 individual factor = 12
2015-06-23 10:36:59,720 zero range = 0.006
2015-06-23 10:36:59,720 greedy level = 10
2015-06-23 10:36:59,720 

2015-06-23 10:37:06,121 Starting Training from 2014-12-17 to 2015-01-01
2015-06-23 10:48:12,289 Starting Live from 2015-01-02 to 2015-02-01
2015-06-23 11:16:29,588 Starting Training from 2015-01-17 to 2015-02-01
2015-06-23 11:18:02,460 Starting Live from 2015-02-02 to 2015-03-04
2015-06-23 11:47:01,642 Starting Training from 2015-02-17 to 2015-03-04
2015-06-23 11:49:04,023 Starting Live from 2015-03-05 to 2015-04-04
2015-06-23 12:19:07,750 Starting Training from 2015-03-20 to 2015-04-04
2015-06-23 12:21:25,382 Starting Live from 2015-04-05 to 2015-04-10
2015-06-23 12:25:30,582 Starting Q Learning for : 
2015-06-23 12:25:30,582 alpha = 0.8
2015-06-23 12:25:30,582 gamma = 0.8
2015-06-23 12:25:30,582 individual factor = 12
2015-06-23 12:25:30,584 zero range = 0.006
2015-06-23 12:25:30,584 greedy level = 10
2015-06-23 12:25:30,584 

2015-06-23 12:25:36,407 Starting Training from 2014-12-17 to 2015-01-01
2015-06-23 12:38:00,022 Starting Live from 2015-01-02 to 2015-02-01
2015-06-23 13:09:50,476 Starting Training from 2015-01-17 to 2015-02-01
2015-06-23 13:11:26,323 Starting Live from 2015-02-02 to 2015-03-04
2015-06-23 13:43:39,667 Starting Training from 2015-02-17 to 2015-03-04
2015-06-23 13:45:47,539 Starting Live from 2015-03-05 to 2015-04-04
2015-06-23 14:18:27,477 Starting Training from 2015-03-20 to 2015-04-04
2015-06-23 14:20:06,138 Starting Live from 2015-04-05 to 2015-04-10
2015-06-23 14:24:24,259 Starting Q Learning for : 
2015-06-23 14:24:24,259 alpha = 0.5
2015-06-23 14:24:24,259 gamma = 0.1
2015-06-23 14:24:24,259 individual factor = 12
2015-06-23 14:24:24,259 zero range = 0.01
2015-06-23 14:24:24,259 greedy level = 10
2015-06-23 14:24:24,259 

2015-06-23 14:24:30,588 Starting Training from 2014-12-17 to 2015-01-01
2015-06-23 14:37:53,895 Starting Live from 2015-01-02 to 2015-02-01
2015-06-23 15:09:09,904 Starting Training from 2015-01-17 to 2015-02-01
2015-06-23 15:10:47,467 Starting Live from 2015-02-02 to 2015-03-04
2015-06-23 15:43:58,701 Starting Training from 2015-02-17 to 2015-03-04
2015-06-23 15:45:52,638 Starting Live from 2015-03-05 to 2015-04-04
2015-06-23 16:18:59,631 Starting Training from 2015-03-20 to 2015-04-04
2015-06-23 16:20:49,549 Starting Live from 2015-04-05 to 2015-04-10
2015-06-23 16:25:57,720 Starting Q Learning for : 
2015-06-23 16:25:57,721 alpha = 0.5
2015-06-23 16:25:57,721 gamma = 0.2
2015-06-23 16:25:57,721 individual factor = 12
2015-06-23 16:25:57,721 zero range = 0.01
2015-06-23 16:25:57,721 greedy level = 10
2015-06-23 16:25:57,721 

2015-06-23 16:26:03,375 Starting Training from 2014-12-17 to 2015-01-01
2015-06-23 16:38:15,717 Starting Live from 2015-01-02 to 2015-02-01
2015-06-23 17:10:02,691 Starting Training from 2015-01-17 to 2015-02-01
2015-06-23 17:11:40,109 Starting Live from 2015-02-02 to 2015-03-04
2015-06-23 17:44:57,668 Starting Training from 2015-02-17 to 2015-03-04
2015-06-23 17:46:51,016 Starting Live from 2015-03-05 to 2015-04-04
2015-06-23 18:20:39,694 Starting Training from 2015-03-20 to 2015-04-04
2015-06-23 18:22:19,944 Starting Live from 2015-04-05 to 2015-04-10
2015-06-23 18:26:35,365 Starting Q Learning for : 
2015-06-23 18:26:35,365 alpha = 0.6
2015-06-23 18:26:35,365 gamma = 0.2
2015-06-23 18:26:35,365 individual factor = 12
2015-06-23 18:26:35,365 zero range = 0.01
2015-06-23 18:26:35,365 greedy level = 10
2015-06-23 18:26:35,365 

2015-06-23 18:26:40,519 Starting Training from 2014-12-17 to 2015-01-01
2015-06-23 18:39:46,555 Starting Live from 2015-01-02 to 2015-02-01
2015-06-23 19:10:06,082 Starting Training from 2015-01-17 to 2015-02-01
2015-06-23 19:11:44,378 Starting Live from 2015-02-02 to 2015-03-04
2015-06-23 19:44:48,638 Starting Training from 2015-02-17 to 2015-03-04
2015-06-23 19:47:00,651 Starting Live from 2015-03-05 to 2015-04-04
2015-06-23 20:18:39,010 Starting Training from 2015-03-20 to 2015-04-04
2015-06-23 20:20:11,496 Starting Live from 2015-04-05 to 2015-04-10
2015-06-23 20:24:51,828 Starting Q Learning for : 
2015-06-23 20:24:51,828 alpha = 0.6
2015-06-23 20:24:51,828 gamma = 0.3
2015-06-23 20:24:51,828 individual factor = 12
2015-06-23 20:24:51,828 zero range = 0.01
2015-06-23 20:24:51,828 greedy level = 10
2015-06-23 20:24:51,828 

2015-06-23 20:24:59,168 Starting Training from 2014-12-17 to 2015-01-01
2015-06-23 20:38:03,944 Starting Live from 2015-01-02 to 2015-02-01
2015-06-23 21:10:18,816 Starting Training from 2015-01-17 to 2015-02-01
2015-06-23 21:12:08,029 Starting Live from 2015-02-02 to 2015-03-04
2015-06-23 21:46:10,990 Starting Training from 2015-02-17 to 2015-03-04
2015-06-23 21:48:05,720 Starting Live from 2015-03-05 to 2015-04-04
2015-06-23 22:23:07,341 Starting Training from 2015-03-20 to 2015-04-04
2015-06-23 22:24:40,461 Starting Live from 2015-04-05 to 2015-04-10
2015-06-23 22:28:56,661 Starting Q Learning for : 
2015-06-23 22:28:56,661 alpha = 0.6
2015-06-23 22:28:56,663 gamma = 0.4
2015-06-23 22:28:56,663 individual factor = 12
2015-06-23 22:28:56,663 zero range = 0.01
2015-06-23 22:28:56,663 greedy level = 10
2015-06-23 22:28:56,663 

2015-06-23 22:29:03,051 Starting Training from 2014-12-17 to 2015-01-01
2015-06-23 22:42:13,808 Starting Live from 2015-01-02 to 2015-02-01
