2015-06-22 16:21:05,572 Starting Q Learning for : 
2015-06-22 16:21:05,572 alpha = 0.6
2015-06-22 16:21:05,572 gamma = 0.7
2015-06-22 16:21:05,572 individual factor = 12
2015-06-22 16:21:05,572 zero range = 0.006
2015-06-22 16:21:05,572 greedy level = 10
2015-06-22 16:21:05,573 

2015-06-22 16:21:08,681 Starting Training from 2014-12-17 to 2015-01-01
2015-06-22 16:33:22,494 Starting Live from 2015-01-02 to 2015-02-01
2015-06-22 17:03:43,023 Starting Training from 2015-01-17 to 2015-02-01
2015-06-22 17:05:07,338 Starting Live from 2015-02-02 to 2015-03-04
2015-06-22 17:37:08,298 Starting Training from 2015-02-17 to 2015-03-04
2015-06-22 17:38:57,395 Starting Live from 2015-03-05 to 2015-04-04
2015-06-22 18:10:27,598 Starting Training from 2015-03-20 to 2015-04-04
2015-06-22 18:12:01,509 Starting Live from 2015-04-05 to 2015-04-10
2015-06-22 18:15:23,627 Starting Q Learning for : 
2015-06-22 18:15:23,627 alpha = 0.6
2015-06-22 18:15:23,627 gamma = 0.8
2015-06-22 18:15:23,627 individual factor = 12
2015-06-22 18:15:23,627 zero range = 0.006
2015-06-22 18:15:23,627 greedy level = 10
2015-06-22 18:15:23,627 

2015-06-22 18:15:27,305 Starting Training from 2014-12-17 to 2015-01-01
2015-06-22 18:27:42,407 Starting Live from 2015-01-02 to 2015-02-01
2015-06-22 18:55:41,467 Starting Training from 2015-01-17 to 2015-02-01
2015-06-22 18:57:09,707 Starting Live from 2015-02-02 to 2015-03-04
2015-06-22 19:26:21,941 Starting Training from 2015-02-17 to 2015-03-04
2015-06-22 19:28:36,625 Starting Live from 2015-03-05 to 2015-04-04
2015-06-22 19:58:35,542 Starting Training from 2015-03-20 to 2015-04-04
2015-06-22 20:00:10,618 Starting Live from 2015-04-05 to 2015-04-10
2015-06-22 20:04:57,536 Starting Q Learning for : 
2015-06-22 20:04:57,536 alpha = 0.4
2015-06-22 20:04:57,536 gamma = 0.1
2015-06-22 20:04:57,536 individual factor = 12
2015-06-22 20:04:57,536 zero range = 0.006
2015-06-22 20:04:57,536 greedy level = 10
2015-06-22 20:04:57,536 

2015-06-22 20:05:00,756 Starting Training from 2014-12-17 to 2015-01-01
2015-06-22 20:16:19,621 Starting Live from 2015-01-02 to 2015-02-01
2015-06-22 20:45:53,480 Starting Training from 2015-01-17 to 2015-02-01
2015-06-22 20:47:30,303 Starting Live from 2015-02-02 to 2015-03-04
2015-06-22 21:17:06,611 Starting Training from 2015-02-17 to 2015-03-04
2015-06-22 21:19:18,801 Starting Live from 2015-03-05 to 2015-04-04
2015-06-22 21:49:58,272 Starting Training from 2015-03-20 to 2015-04-04
2015-06-22 21:51:27,411 Starting Live from 2015-04-05 to 2015-04-10
2015-06-22 21:55:02,365 Starting Q Learning for : 
2015-06-22 21:55:02,365 alpha = 0.4
2015-06-22 21:55:02,365 gamma = 0.2
2015-06-22 21:55:02,365 individual factor = 12
2015-06-22 21:55:02,365 zero range = 0.006
2015-06-22 21:55:02,365 greedy level = 10
2015-06-22 21:55:02,365 

2015-06-22 21:55:03,351 Starting Training from 2014-12-17 to 2015-01-01
2015-06-22 22:06:14,020 Starting Live from 2015-01-02 to 2015-02-01
2015-06-22 22:37:36,571 Starting Training from 2015-01-17 to 2015-02-01
2015-06-22 22:39:07,071 Starting Live from 2015-02-02 to 2015-03-04
2015-06-22 23:08:29,749 Starting Training from 2015-02-17 to 2015-03-04
2015-06-22 23:10:17,714 Starting Live from 2015-03-05 to 2015-04-04
2015-06-22 23:41:11,042 Starting Training from 2015-03-20 to 2015-04-04
2015-06-22 23:42:34,394 Starting Live from 2015-04-05 to 2015-04-10
2015-06-22 23:47:01,562 Starting Q Learning for : 
2015-06-22 23:47:01,562 alpha = 0.4
2015-06-22 23:47:01,562 gamma = 0.3
2015-06-22 23:47:01,562 individual factor = 12
2015-06-22 23:47:01,562 zero range = 0.006
2015-06-22 23:47:01,562 greedy level = 10
2015-06-22 23:47:01,562 

2015-06-22 23:47:06,733 Starting Training from 2014-12-17 to 2015-01-01
2015-06-22 23:59:00,614 Starting Live from 2015-01-02 to 2015-02-01
2015-06-23 00:27:02,533 Starting Training from 2015-01-17 to 2015-02-01
2015-06-23 00:28:33,223 Starting Live from 2015-02-02 to 2015-03-04
2015-06-23 00:57:59,338 Starting Training from 2015-02-17 to 2015-03-04
2015-06-23 01:00:10,371 Starting Live from 2015-03-05 to 2015-04-04
2015-06-23 01:28:30,697 Starting Training from 2015-03-20 to 2015-04-04
2015-06-23 01:29:58,286 Starting Live from 2015-04-05 to 2015-04-10
2015-06-23 01:33:36,430 Starting Q Learning for : 
2015-06-23 01:33:36,430 alpha = 0.4
2015-06-23 01:33:36,430 gamma = 0.4
2015-06-23 01:33:36,430 individual factor = 12
2015-06-23 01:33:36,430 zero range = 0.006
2015-06-23 01:33:36,430 greedy level = 10
2015-06-23 01:33:36,430 

2015-06-23 01:33:41,806 Starting Training from 2014-12-17 to 2015-01-01
2015-06-23 01:45:43,279 Starting Live from 2015-01-02 to 2015-02-01
2015-06-23 02:13:56,809 Starting Training from 2015-01-17 to 2015-02-01
2015-06-23 02:15:25,805 Starting Live from 2015-02-02 to 2015-03-04
2015-06-23 02:45:12,857 Starting Training from 2015-02-17 to 2015-03-04
2015-06-23 02:47:03,601 Starting Live from 2015-03-05 to 2015-04-04
2015-06-23 03:15:37,408 Starting Training from 2015-03-20 to 2015-04-04
2015-06-23 03:17:03,984 Starting Live from 2015-04-05 to 2015-04-10
2015-06-23 03:20:27,197 Starting Q Learning for : 
2015-06-23 03:20:27,197 alpha = 0.4
2015-06-23 03:20:27,197 gamma = 0.5
2015-06-23 03:20:27,197 individual factor = 12
2015-06-23 03:20:27,197 zero range = 0.006
2015-06-23 03:20:27,197 greedy level = 10
2015-06-23 03:20:27,197 

2015-06-23 03:20:32,085 Starting Training from 2014-12-17 to 2015-01-01
2015-06-23 03:32:36,414 Starting Live from 2015-01-02 to 2015-02-01
2015-06-23 04:01:12,081 Starting Training from 2015-01-17 to 2015-02-01
2015-06-23 04:02:40,769 Starting Live from 2015-02-02 to 2015-03-04
2015-06-23 04:32:45,900 Starting Training from 2015-02-17 to 2015-03-04
2015-06-23 04:34:37,134 Starting Live from 2015-03-05 to 2015-04-04
2015-06-23 05:04:09,779 Starting Training from 2015-03-20 to 2015-04-04
2015-06-23 05:05:34,630 Starting Live from 2015-04-05 to 2015-04-10
2015-06-23 05:09:10,530 Starting Q Learning for : 
2015-06-23 05:09:10,530 alpha = 0.4
2015-06-23 05:09:10,530 gamma = 0.6
2015-06-23 05:09:10,530 individual factor = 12
2015-06-23 05:09:10,530 zero range = 0.006
2015-06-23 05:09:10,532 greedy level = 10
2015-06-23 05:09:10,532 

2015-06-23 05:09:17,193 Starting Training from 2014-12-17 to 2015-01-01
2015-06-23 05:21:20,437 Starting Live from 2015-01-02 to 2015-02-01
2015-06-23 05:49:53,780 Starting Training from 2015-01-17 to 2015-02-01
2015-06-23 05:51:23,872 Starting Live from 2015-02-02 to 2015-03-04
2015-06-23 06:21:48,582 Starting Training from 2015-02-17 to 2015-03-04
2015-06-23 06:23:33,892 Starting Live from 2015-03-05 to 2015-04-04
2015-06-23 06:52:33,313 Starting Training from 2015-03-20 to 2015-04-04
2015-06-23 06:54:06,174 Starting Live from 2015-04-05 to 2015-04-10
2015-06-23 06:57:52,250 Starting Q Learning for : 
2015-06-23 06:57:52,250 alpha = 0.4
2015-06-23 06:57:52,252 gamma = 0.7
2015-06-23 06:57:52,252 individual factor = 12
2015-06-23 06:57:52,252 zero range = 0.006
2015-06-23 06:57:52,252 greedy level = 10
2015-06-23 06:57:52,252 

2015-06-23 06:57:59,486 Starting Training from 2014-12-17 to 2015-01-01
2015-06-23 07:09:42,878 Starting Live from 2015-01-02 to 2015-02-01
2015-06-23 07:38:09,171 Starting Training from 2015-01-17 to 2015-02-01
2015-06-23 07:39:38,342 Starting Live from 2015-02-02 to 2015-03-04
2015-06-23 08:10:18,082 Starting Training from 2015-02-17 to 2015-03-04
2015-06-23 08:12:18,674 Starting Live from 2015-03-05 to 2015-04-04
2015-06-23 08:42:06,224 Starting Training from 2015-03-20 to 2015-04-04
2015-06-23 08:43:28,091 Starting Live from 2015-04-05 to 2015-04-10
2015-06-23 08:48:08,588 Starting Q Learning for : 
2015-06-23 08:48:08,588 alpha = 0.4
2015-06-23 08:48:08,588 gamma = 0.8
2015-06-23 08:48:08,588 individual factor = 12
2015-06-23 08:48:08,588 zero range = 0.006
2015-06-23 08:48:08,588 greedy level = 10
2015-06-23 08:48:08,588 

2015-06-23 08:48:13,934 Starting Training from 2014-12-17 to 2015-01-01
2015-06-23 08:59:18,657 Starting Live from 2015-01-02 to 2015-02-01
2015-06-23 09:27:56,344 Starting Training from 2015-01-17 to 2015-02-01
2015-06-23 09:29:55,536 Starting Live from 2015-02-02 to 2015-03-04
2015-06-23 09:59:17,552 Starting Training from 2015-02-17 to 2015-03-04
2015-06-23 10:00:58,134 Starting Live from 2015-03-05 to 2015-04-04
2015-06-23 10:30:01,509 Starting Training from 2015-03-20 to 2015-04-04
2015-06-23 10:32:08,359 Starting Live from 2015-04-05 to 2015-04-10
2015-06-23 10:36:52,875 Starting Q Learning for : 
2015-06-23 10:36:52,875 alpha = 0.2
2015-06-23 10:36:52,875 gamma = 0.1
2015-06-23 10:36:52,875 individual factor = 12
2015-06-23 10:36:52,877 zero range = 0.006
2015-06-23 10:36:52,877 greedy level = 10
2015-06-23 10:36:52,877 

2015-06-23 10:36:59,713 Starting Training from 2014-12-17 to 2015-01-01
2015-06-23 10:48:08,788 Starting Live from 2015-01-02 to 2015-02-01
2015-06-23 11:17:24,526 Starting Training from 2015-01-17 to 2015-02-01
2015-06-23 11:18:56,632 Starting Live from 2015-02-02 to 2015-03-04
2015-06-23 11:48:40,177 Starting Training from 2015-02-17 to 2015-03-04
2015-06-23 11:50:30,451 Starting Live from 2015-03-05 to 2015-04-04
2015-06-23 12:21:46,345 Starting Training from 2015-03-20 to 2015-04-04
2015-06-23 12:23:21,588 Starting Live from 2015-04-05 to 2015-04-10
2015-06-23 12:27:30,584 Starting Q Learning for : 
2015-06-23 12:27:30,584 alpha = 0.2
2015-06-23 12:27:30,585 gamma = 0.2
2015-06-23 12:27:30,585 individual factor = 12
2015-06-23 12:27:30,585 zero range = 0.006
2015-06-23 12:27:30,585 greedy level = 10
2015-06-23 12:27:30,585 

2015-06-23 12:27:36,822 Starting Training from 2014-12-17 to 2015-01-01
2015-06-23 12:40:15,808 Starting Live from 2015-01-02 to 2015-02-01
2015-06-23 13:10:23,744 Starting Training from 2015-01-17 to 2015-02-01
2015-06-23 13:12:00,068 Starting Live from 2015-02-02 to 2015-03-04
2015-06-23 13:43:04,500 Starting Training from 2015-02-17 to 2015-03-04
2015-06-23 13:45:24,121 Starting Live from 2015-03-05 to 2015-04-04
2015-06-23 14:17:17,688 Starting Training from 2015-03-20 to 2015-04-04
2015-06-23 14:18:52,690 Starting Live from 2015-04-05 to 2015-04-10
2015-06-23 14:22:47,785 Starting Q Learning for : 
2015-06-23 14:22:47,785 alpha = 0.2
2015-06-23 14:22:47,785 gamma = 0.3
2015-06-23 14:22:47,785 individual factor = 12
2015-06-23 14:22:47,785 zero range = 0.006
2015-06-23 14:22:47,785 greedy level = 10
2015-06-23 14:22:47,785 

2015-06-23 14:22:53,523 Starting Training from 2014-12-17 to 2015-01-01
2015-06-23 14:36:21,778 Starting Live from 2015-01-02 to 2015-02-01
2015-06-23 15:07:57,167 Starting Training from 2015-01-17 to 2015-02-01
2015-06-23 15:09:29,092 Starting Live from 2015-02-02 to 2015-03-04
2015-06-23 15:42:46,092 Starting Training from 2015-02-17 to 2015-03-04
2015-06-23 15:44:34,723 Starting Live from 2015-03-05 to 2015-04-04
2015-06-23 16:18:17,286 Starting Training from 2015-03-20 to 2015-04-04
2015-06-23 16:19:55,437 Starting Live from 2015-04-05 to 2015-04-10
2015-06-23 16:25:04,680 Starting Q Learning for : 
2015-06-23 16:25:04,680 alpha = 0.2
2015-06-23 16:25:04,680 gamma = 0.4
2015-06-23 16:25:04,680 individual factor = 12
2015-06-23 16:25:04,681 zero range = 0.006
2015-06-23 16:25:04,681 greedy level = 10
2015-06-23 16:25:04,681 

2015-06-23 16:25:10,348 Starting Training from 2014-12-17 to 2015-01-01
2015-06-23 16:37:26,239 Starting Live from 2015-01-02 to 2015-02-01
2015-06-23 17:09:54,177 Starting Training from 2015-01-17 to 2015-02-01
2015-06-23 17:11:30,286 Starting Live from 2015-02-02 to 2015-03-04
2015-06-23 17:44:42,783 Starting Training from 2015-02-17 to 2015-03-04
2015-06-23 17:46:35,513 Starting Live from 2015-03-05 to 2015-04-04
2015-06-23 18:20:21,075 Starting Training from 2015-03-20 to 2015-04-04
2015-06-23 18:22:00,854 Starting Live from 2015-04-05 to 2015-04-10
2015-06-23 18:26:18,721 Starting Q Learning for : 
2015-06-23 18:26:18,721 alpha = 0.5
2015-06-23 18:26:18,721 gamma = 0.3
2015-06-23 18:26:18,721 individual factor = 12
2015-06-23 18:26:18,721 zero range = 0.01
2015-06-23 18:26:18,721 greedy level = 10
2015-06-23 18:26:18,723 

2015-06-23 18:26:25,194 Starting Training from 2014-12-17 to 2015-01-01
2015-06-23 18:39:37,733 Starting Live from 2015-01-02 to 2015-02-01
2015-06-23 19:11:01,134 Starting Training from 2015-01-17 to 2015-02-01
2015-06-23 19:12:38,790 Starting Live from 2015-02-02 to 2015-03-04
2015-06-23 19:45:19,361 Starting Training from 2015-02-17 to 2015-03-04
2015-06-23 19:47:21,592 Starting Live from 2015-03-05 to 2015-04-04
2015-06-23 20:19:21,733 Starting Training from 2015-03-20 to 2015-04-04
2015-06-23 20:20:58,132 Starting Live from 2015-04-05 to 2015-04-10
2015-06-23 20:25:53,266 Starting Q Learning for : 
2015-06-23 20:25:53,266 alpha = 0.5
2015-06-23 20:25:53,266 gamma = 0.4
2015-06-23 20:25:53,266 individual factor = 12
2015-06-23 20:25:53,266 zero range = 0.01
2015-06-23 20:25:53,266 greedy level = 10
2015-06-23 20:25:53,266 

2015-06-23 20:25:59,733 Starting Training from 2014-12-17 to 2015-01-01
2015-06-23 20:38:51,598 Starting Live from 2015-01-02 to 2015-02-01
2015-06-23 21:10:12,476 Starting Training from 2015-01-17 to 2015-02-01
2015-06-23 21:12:02,609 Starting Live from 2015-02-02 to 2015-03-04
2015-06-23 21:45:27,732 Starting Training from 2015-02-17 to 2015-03-04
2015-06-23 21:47:39,450 Starting Live from 2015-03-05 to 2015-04-04
2015-06-23 22:22:10,433 Starting Training from 2015-03-20 to 2015-04-04
2015-06-23 22:23:49,296 Starting Live from 2015-04-05 to 2015-04-10
2015-06-23 22:27:48,469 Starting Q Learning for : 
2015-06-23 22:27:48,469 alpha = 0.5
2015-06-23 22:27:48,469 gamma = 0.5
2015-06-23 22:27:48,469 individual factor = 12
2015-06-23 22:27:48,470 zero range = 0.01
2015-06-23 22:27:48,470 greedy level = 10
2015-06-23 22:27:48,470 

2015-06-23 22:27:55,871 Starting Training from 2014-12-17 to 2015-01-01
2015-06-23 22:41:11,073 Starting Live from 2015-01-02 to 2015-02-01
