2015-06-20 02:08:01,914 Starting Q Learning for : 
2015-06-20 02:08:01,914 alpha = 0.5
2015-06-20 02:08:01,914 gamma = 0.1
2015-06-20 02:08:01,914 individual factor = 8
2015-06-20 02:08:01,914 zero range = 0.002
2015-06-20 02:08:01,914 greedy level = 5
2015-06-20 02:08:01,914 

2015-06-20 02:08:09,414 Starting Training from 2014-12-17 to 2015-01-01
2015-06-20 02:18:36,232 Starting Live from 2015-01-02 to 2015-02-01
2015-06-20 02:44:54,845 Starting Training from 2015-01-17 to 2015-02-01
2015-06-20 02:46:53,438 Starting Live from 2015-02-02 to 2015-03-04
2015-06-20 03:11:04,282 Starting Training from 2015-02-17 to 2015-03-04
2015-06-20 03:12:45,875 Starting Live from 2015-03-05 to 2015-04-04
2015-06-20 03:36:08,779 Starting Training from 2015-03-20 to 2015-04-04
2015-06-20 03:37:11,076 Starting Live from 2015-04-05 to 2015-04-10
2015-06-20 03:44:12,598 Starting Q Learning for : 
2015-06-20 03:44:12,598 alpha = 0.5
2015-06-20 03:44:12,598 gamma = 0.3
2015-06-20 03:44:12,598 individual factor = 8
2015-06-20 03:44:12,598 zero range = 0.002
2015-06-20 03:44:12,598 greedy level = 5
2015-06-20 03:44:12,599 

2015-06-20 03:44:19,273 Starting Training from 2014-12-17 to 2015-01-01
2015-06-20 03:55:26,078 Starting Live from 2015-01-02 to 2015-02-01
2015-06-20 04:22:21,058 Starting Training from 2015-01-17 to 2015-02-01
2015-06-20 04:23:56,480 Starting Live from 2015-02-02 to 2015-03-04
2015-06-20 04:48:09,250 Starting Training from 2015-02-17 to 2015-03-04
2015-06-20 04:49:52,395 Starting Live from 2015-03-05 to 2015-04-04
2015-06-20 05:14:04,398 Starting Training from 2015-03-20 to 2015-04-04
2015-06-20 05:15:24,193 Starting Live from 2015-04-05 to 2015-04-10
2015-06-20 05:22:38,263 Starting Q Learning for : 
2015-06-20 05:22:38,263 alpha = 0.5
2015-06-20 05:22:38,263 gamma = 0.5
2015-06-20 05:22:38,263 individual factor = 8
2015-06-20 05:22:38,263 zero range = 0.002
2015-06-20 05:22:38,263 greedy level = 5
2015-06-20 05:22:38,263 

2015-06-20 05:22:43,918 Starting Training from 2014-12-17 to 2015-01-01
2015-06-20 05:33:01,088 Starting Live from 2015-01-02 to 2015-02-01
2015-06-20 06:01:07,124 Starting Training from 2015-01-17 to 2015-02-01
2015-06-20 06:02:42,463 Starting Live from 2015-02-02 to 2015-03-04
2015-06-20 06:27:42,401 Starting Training from 2015-02-17 to 2015-03-04
2015-06-20 06:29:21,365 Starting Live from 2015-03-05 to 2015-04-04
2015-06-20 06:54:11,335 Starting Training from 2015-03-20 to 2015-04-04
2015-06-20 06:55:12,151 Starting Live from 2015-04-05 to 2015-04-10
2015-06-20 07:02:46,252 Starting Q Learning for : 
2015-06-20 07:02:46,252 alpha = 0.5
2015-06-20 07:02:46,252 gamma = 0.8
2015-06-20 07:02:46,252 individual factor = 8
2015-06-20 07:02:46,252 zero range = 0.002
2015-06-20 07:02:46,252 greedy level = 5
2015-06-20 07:02:46,253 

2015-06-20 07:02:54,411 Starting Training from 2014-12-17 to 2015-01-01
2015-06-20 07:13:25,237 Starting Live from 2015-01-02 to 2015-02-01
2015-06-20 07:36:42,678 Starting Training from 2015-01-17 to 2015-02-01
2015-06-20 07:38:18,546 Starting Live from 2015-02-02 to 2015-03-04
2015-06-20 07:50:59,092 Starting Training from 2015-02-17 to 2015-03-04
2015-06-20 07:56:44,551 Starting Live from 2015-03-05 to 2015-04-04
2015-06-20 08:12:05,752 Starting Training from 2015-03-20 to 2015-04-04
2015-06-20 08:14:46,782 Starting Live from 2015-04-05 to 2015-04-10
