2015-06-20 10:57:29,806 Starting Q Learning for : 
2015-06-20 10:57:29,806 alpha = 0.2
2015-06-20 10:57:29,806 gamma = 0.4
2015-06-20 10:57:29,806 individual factor = 8
2015-06-20 10:57:29,808 zero range = 0.002
2015-06-20 10:57:29,808 greedy level = 5
2015-06-20 10:57:29,808 

2015-06-20 10:57:40,737 Starting Training from 2014-12-17 to 2015-01-01
2015-06-20 11:08:25,615 Starting Live from 2015-01-02 to 2015-02-01
2015-06-20 11:31:51,130 Starting Training from 2015-01-17 to 2015-02-01
2015-06-20 11:33:00,894 Starting Live from 2015-02-02 to 2015-03-04
2015-06-20 12:00:15,486 Starting Training from 2015-02-17 to 2015-03-04
2015-06-20 12:02:10,924 Starting Live from 2015-03-05 to 2015-04-04
2015-06-20 12:27:05,246 Starting Training from 2015-03-20 to 2015-04-04
2015-06-20 12:28:21,788 Starting Live from 2015-04-05 to 2015-04-10
2015-06-20 12:35:22,753 Starting Q Learning for : 
2015-06-20 12:35:22,755 alpha = 0.2
2015-06-20 12:35:22,755 gamma = 0.5
2015-06-20 12:35:22,755 individual factor = 8
2015-06-20 12:35:22,755 zero range = 0.002
2015-06-20 12:35:22,755 greedy level = 5
2015-06-20 12:35:22,755 

2015-06-20 12:35:23,858 Starting Training from 2014-12-17 to 2015-01-01
2015-06-20 12:45:43,384 Starting Live from 2015-01-02 to 2015-02-01
2015-06-20 13:09:40,490 Starting Training from 2015-01-17 to 2015-02-01
2015-06-20 13:10:55,364 Starting Live from 2015-02-02 to 2015-03-04
2015-06-20 13:38:38,506 Starting Training from 2015-02-17 to 2015-03-04
2015-06-20 13:40:22,427 Starting Live from 2015-03-05 to 2015-04-04
2015-06-20 14:05:11,381 Starting Training from 2015-03-20 to 2015-04-04
2015-06-20 14:06:45,569 Starting Live from 2015-04-05 to 2015-04-10
2015-06-20 14:14:31,469 Starting Q Learning for : 
2015-06-20 14:14:31,469 alpha = 0.2
2015-06-20 14:14:31,470 gamma = 0.6
2015-06-20 14:14:31,470 individual factor = 8
2015-06-20 14:14:31,470 zero range = 0.002
2015-06-20 14:14:31,470 greedy level = 5
2015-06-20 14:14:31,470 

2015-06-20 14:14:37,687 Starting Training from 2014-12-17 to 2015-01-01
2015-06-20 14:24:15,743 Starting Live from 2015-01-02 to 2015-02-01
2015-06-20 14:47:21,516 Starting Training from 2015-01-17 to 2015-02-01
2015-06-20 14:48:33,456 Starting Live from 2015-02-02 to 2015-03-04
2015-06-20 15:15:10,526 Starting Training from 2015-02-17 to 2015-03-04
2015-06-20 15:16:53,104 Starting Live from 2015-03-05 to 2015-04-04
2015-06-20 15:39:56,612 Starting Training from 2015-03-20 to 2015-04-04
2015-06-20 15:41:09,618 Starting Live from 2015-04-05 to 2015-04-10
2015-06-20 15:47:37,114 Starting Q Learning for : 
2015-06-20 15:47:37,114 alpha = 0.4
2015-06-20 15:47:37,114 gamma = 0.5
2015-06-20 15:47:37,114 individual factor = 8
2015-06-20 15:47:37,114 zero range = 0.002
2015-06-20 15:47:37,114 greedy level = 5
2015-06-20 15:47:37,114 

2015-06-20 15:47:43,403 Starting Training from 2014-12-17 to 2015-01-01
2015-06-20 15:57:13,667 Starting Live from 2015-01-02 to 2015-02-01
2015-06-20 16:19:11,565 Starting Training from 2015-01-17 to 2015-02-01
2015-06-20 16:20:30,138 Starting Live from 2015-02-02 to 2015-03-04
2015-06-20 16:45:27,545 Starting Training from 2015-02-17 to 2015-03-04
2015-06-20 16:47:00,194 Starting Live from 2015-03-05 to 2015-04-04
2015-06-20 17:09:09,750 Starting Training from 2015-03-20 to 2015-04-04
2015-06-20 17:10:17,151 Starting Live from 2015-04-05 to 2015-04-10
2015-06-20 17:16:33,821 Starting Q Learning for : 
2015-06-20 17:16:33,821 alpha = 0.4
2015-06-20 17:16:33,821 gamma = 0.6
2015-06-20 17:16:33,821 individual factor = 8
2015-06-20 17:16:33,822 zero range = 0.002
2015-06-20 17:16:33,822 greedy level = 5
2015-06-20 17:16:33,822 

2015-06-20 17:16:39,513 Starting Training from 2014-12-17 to 2015-01-01
2015-06-20 17:26:05,733 Starting Live from 2015-01-02 to 2015-02-01
2015-06-20 17:47:05,523 Starting Training from 2015-01-17 to 2015-02-01
2015-06-20 17:48:14,612 Starting Live from 2015-02-02 to 2015-03-04
2015-06-20 18:12:43,187 Starting Training from 2015-02-17 to 2015-03-04
2015-06-20 18:14:14,357 Starting Live from 2015-03-05 to 2015-04-04
2015-06-20 18:35:47,313 Starting Training from 2015-03-20 to 2015-04-04
2015-06-20 18:36:58,111 Starting Live from 2015-04-05 to 2015-04-10
2015-06-20 18:43:05,674 Starting Q Learning for : 
2015-06-20 18:43:05,674 alpha = 0.4
2015-06-20 18:43:05,674 gamma = 0.7
2015-06-20 18:43:05,674 individual factor = 8
2015-06-20 18:43:05,674 zero range = 0.002
2015-06-20 18:43:05,674 greedy level = 5
2015-06-20 18:43:05,674 

2015-06-20 18:43:11,444 Starting Training from 2014-12-17 to 2015-01-01
2015-06-20 18:52:33,773 Starting Live from 2015-01-02 to 2015-02-01
2015-06-20 19:13:17,573 Starting Training from 2015-01-17 to 2015-02-01
2015-06-20 19:14:23,105 Starting Live from 2015-02-02 to 2015-03-04
2015-06-20 19:37:00,086 Starting Training from 2015-02-17 to 2015-03-04
2015-06-20 19:38:26,684 Starting Live from 2015-03-05 to 2015-04-04
2015-06-20 19:56:08,657 Starting Training from 2015-03-20 to 2015-04-04
2015-06-20 19:58:35,262 Starting Live from 2015-04-05 to 2015-04-10
2015-06-20 20:04:12,319 Starting Q Learning for : 
2015-06-20 20:04:12,321 alpha = 0.8
2015-06-20 20:04:12,321 gamma = 0.1
2015-06-20 20:04:12,321 individual factor = 8
2015-06-20 20:04:12,321 zero range = 0.002
2015-06-20 20:04:12,321 greedy level = 5
2015-06-20 20:04:12,321 

2015-06-20 20:04:17,002 Starting Training from 2014-12-17 to 2015-01-01
2015-06-20 20:12:47,526 Starting Live from 2015-01-02 to 2015-02-01
2015-06-20 20:33:20,867 Starting Training from 2015-01-17 to 2015-02-01
2015-06-20 20:34:24,489 Starting Live from 2015-02-02 to 2015-03-04
2015-06-20 20:58:10,934 Starting Training from 2015-02-17 to 2015-03-04
2015-06-20 20:59:58,059 Starting Live from 2015-03-05 to 2015-04-04
2015-06-20 21:21:51,713 Starting Training from 2015-03-20 to 2015-04-04
2015-06-20 21:23:19,298 Starting Live from 2015-04-05 to 2015-04-10
2015-06-20 21:29:47,322 Starting Q Learning for : 
2015-06-20 21:29:47,322 alpha = 0.8
2015-06-20 21:29:47,322 gamma = 0.2
2015-06-20 21:29:47,322 individual factor = 8
2015-06-20 21:29:47,322 zero range = 0.002
2015-06-20 21:29:47,322 greedy level = 5
2015-06-20 21:29:47,322 

2015-06-20 21:29:52,210 Starting Training from 2014-12-17 to 2015-01-01
2015-06-20 21:38:13,296 Starting Live from 2015-01-02 to 2015-02-01
2015-06-20 21:59:18,282 Starting Training from 2015-01-17 to 2015-02-01
2015-06-20 22:00:27,487 Starting Live from 2015-02-02 to 2015-03-04
2015-06-20 22:25:16,048 Starting Training from 2015-02-17 to 2015-03-04
2015-06-20 22:27:14,602 Starting Live from 2015-03-05 to 2015-04-04
2015-06-20 22:49:02,335 Starting Training from 2015-03-20 to 2015-04-04
2015-06-20 22:50:30,582 Starting Live from 2015-04-05 to 2015-04-10
2015-06-20 22:56:51,022 Starting Q Learning for : 
2015-06-20 22:56:51,022 alpha = 0.8
2015-06-20 22:56:51,022 gamma = 0.3
2015-06-20 22:56:51,022 individual factor = 8
2015-06-20 22:56:51,022 zero range = 0.002
2015-06-20 22:56:51,022 greedy level = 5
2015-06-20 22:56:51,022 

2015-06-20 22:56:56,423 Starting Training from 2014-12-17 to 2015-01-01
2015-06-20 23:05:47,653 Starting Live from 2015-01-02 to 2015-02-01
2015-06-20 23:27:54,305 Starting Training from 2015-01-17 to 2015-02-01
2015-06-20 23:29:01,984 Starting Live from 2015-02-02 to 2015-03-04
2015-06-20 23:58:44,756 Starting Training from 2015-02-17 to 2015-03-04
2015-06-21 00:00:32,007 Starting Live from 2015-03-05 to 2015-04-04
2015-06-21 00:28:35,326 Starting Training from 2015-03-20 to 2015-04-04
2015-06-21 00:30:31,426 Starting Live from 2015-04-05 to 2015-04-10
