2015-06-20 10:53:53,926 Starting Q Learning for : 
2015-06-20 10:53:53,926 alpha = 0.2
2015-06-20 10:53:53,926 gamma = 0.1
2015-06-20 10:53:53,926 individual factor = 8
2015-06-20 10:53:53,926 zero range = 0.002
2015-06-20 10:53:53,927 greedy level = 5
2015-06-20 10:53:53,927 

2015-06-20 10:54:08,398 Starting Training from 2014-12-17 to 2015-01-01
2015-06-20 11:07:39,272 Starting Live from 2015-01-02 to 2015-02-01
2015-06-20 11:34:38,697 Starting Training from 2015-01-17 to 2015-02-01
2015-06-20 11:36:16,132 Starting Live from 2015-02-02 to 2015-03-04
2015-06-20 12:03:17,523 Starting Training from 2015-02-17 to 2015-03-04
2015-06-20 12:05:13,309 Starting Live from 2015-03-05 to 2015-04-04
2015-06-20 12:34:27,990 Starting Training from 2015-03-20 to 2015-04-04
2015-06-20 12:35:53,809 Starting Live from 2015-04-05 to 2015-04-10
2015-06-20 12:45:00,150 Starting Q Learning for : 
2015-06-20 12:45:00,150 alpha = 0.2
2015-06-20 12:45:00,150 gamma = 0.2
2015-06-20 12:45:00,150 individual factor = 8
2015-06-20 12:45:00,150 zero range = 0.002
2015-06-20 12:45:00,151 greedy level = 5
2015-06-20 12:45:00,151 

2015-06-20 12:45:06,611 Starting Training from 2014-12-17 to 2015-01-01
2015-06-20 12:57:43,319 Starting Live from 2015-01-02 to 2015-02-01
2015-06-20 13:25:07,046 Starting Training from 2015-01-17 to 2015-02-01
2015-06-20 13:27:00,986 Starting Live from 2015-02-02 to 2015-03-04
2015-06-20 13:54:40,384 Starting Training from 2015-02-17 to 2015-03-04
2015-06-20 13:56:39,035 Starting Live from 2015-03-05 to 2015-04-04
2015-06-20 14:27:58,779 Starting Training from 2015-03-20 to 2015-04-04
2015-06-20 14:29:13,878 Starting Live from 2015-04-05 to 2015-04-10
2015-06-20 14:38:32,253 Starting Q Learning for : 
2015-06-20 14:38:32,253 alpha = 0.2
2015-06-20 14:38:32,253 gamma = 0.3
2015-06-20 14:38:32,255 individual factor = 8
2015-06-20 14:38:32,255 zero range = 0.002
2015-06-20 14:38:32,255 greedy level = 5
2015-06-20 14:38:32,255 

2015-06-20 14:38:37,329 Starting Training from 2014-12-17 to 2015-01-01
2015-06-20 14:50:24,983 Starting Live from 2015-01-02 to 2015-02-01
2015-06-20 15:16:42,069 Starting Training from 2015-01-17 to 2015-02-01
2015-06-20 15:18:13,236 Starting Live from 2015-02-02 to 2015-03-04
2015-06-20 15:42:55,035 Starting Training from 2015-02-17 to 2015-03-04
2015-06-20 15:44:52,769 Starting Live from 2015-03-05 to 2015-04-04
2015-06-20 16:13:22,507 Starting Training from 2015-03-20 to 2015-04-04
2015-06-20 16:14:35,647 Starting Live from 2015-04-05 to 2015-04-10
2015-06-20 16:23:24,798 Starting Q Learning for : 
2015-06-20 16:23:24,798 alpha = 0.4
2015-06-20 16:23:24,798 gamma = 0.5
2015-06-20 16:23:24,798 individual factor = 8
2015-06-20 16:23:24,798 zero range = 0.002
2015-06-20 16:23:24,798 greedy level = 5
2015-06-20 16:23:24,798 

2015-06-20 16:23:29,713 Starting Training from 2014-12-17 to 2015-01-01
2015-06-20 16:34:23,864 Starting Live from 2015-01-02 to 2015-02-01
2015-06-20 16:59:01,989 Starting Training from 2015-01-17 to 2015-02-01
2015-06-20 17:00:50,434 Starting Live from 2015-02-02 to 2015-03-04
2015-06-20 17:27:09,479 Starting Training from 2015-02-17 to 2015-03-04
2015-06-20 17:28:57,720 Starting Live from 2015-03-05 to 2015-04-04
2015-06-20 18:01:32,085 Starting Training from 2015-03-20 to 2015-04-04
2015-06-20 18:02:40,934 Starting Live from 2015-04-05 to 2015-04-10
2015-06-20 18:12:26,763 Starting Q Learning for : 
2015-06-20 18:12:26,763 alpha = 0.4
2015-06-20 18:12:26,763 gamma = 0.6
2015-06-20 18:12:26,763 individual factor = 8
2015-06-20 18:12:26,763 zero range = 0.002
2015-06-20 18:12:26,763 greedy level = 5
2015-06-20 18:12:26,763 

2015-06-20 18:12:31,828 Starting Training from 2014-12-17 to 2015-01-01
2015-06-20 18:23:12,627 Starting Live from 2015-01-02 to 2015-02-01
2015-06-20 18:46:56,923 Starting Training from 2015-01-17 to 2015-02-01
2015-06-20 18:48:34,480 Starting Live from 2015-02-02 to 2015-03-04
2015-06-20 19:10:51,061 Starting Training from 2015-02-17 to 2015-03-04
2015-06-20 19:13:14,523 Starting Live from 2015-03-05 to 2015-04-04
2015-06-20 19:38:40,719 Starting Training from 2015-03-20 to 2015-04-04
2015-06-20 19:39:55,375 Starting Live from 2015-04-05 to 2015-04-10
2015-06-20 19:46:41,203 Starting Q Learning for : 
2015-06-20 19:46:41,203 alpha = 0.4
2015-06-20 19:46:41,203 gamma = 0.7
2015-06-20 19:46:41,203 individual factor = 8
2015-06-20 19:46:41,203 zero range = 0.002
2015-06-20 19:46:41,203 greedy level = 5
2015-06-20 19:46:41,203 

2015-06-20 19:46:46,196 Starting Training from 2014-12-17 to 2015-01-01
2015-06-20 19:58:15,907 Starting Live from 2015-01-02 to 2015-02-01
2015-06-20 20:19:10,529 Starting Training from 2015-01-17 to 2015-02-01
2015-06-20 20:20:38,644 Starting Live from 2015-02-02 to 2015-03-04
2015-06-20 20:36:06,108 Starting Training from 2015-02-17 to 2015-03-04
2015-06-20 20:40:11,954 Starting Live from 2015-03-05 to 2015-04-04
2015-06-20 20:59:03,769 Starting Training from 2015-03-20 to 2015-04-04
2015-06-20 21:02:03,188 Starting Live from 2015-04-05 to 2015-04-10
2015-06-20 21:07:49,674 Starting Q Learning for : 
2015-06-20 21:07:49,674 alpha = 0.8
2015-06-20 21:07:49,674 gamma = 0.1
2015-06-20 21:07:49,674 individual factor = 8
2015-06-20 21:07:49,674 zero range = 0.002
2015-06-20 21:07:49,674 greedy level = 5
2015-06-20 21:07:49,676 

2015-06-20 21:07:54,101 Starting Training from 2014-12-17 to 2015-01-01
2015-06-20 21:18:21,710 Starting Live from 2015-01-02 to 2015-02-01
2015-06-20 21:42:01,631 Starting Training from 2015-01-17 to 2015-02-01
2015-06-20 21:43:57,461 Starting Live from 2015-02-02 to 2015-03-04
2015-06-20 22:07:28,615 Starting Training from 2015-02-17 to 2015-03-04
2015-06-20 22:09:29,867 Starting Live from 2015-03-05 to 2015-04-04
2015-06-20 22:36:53,697 Starting Training from 2015-03-20 to 2015-04-04
2015-06-20 22:38:04,443 Starting Live from 2015-04-05 to 2015-04-10
2015-06-20 22:45:40,000 Starting Q Learning for : 
2015-06-20 22:45:40,000 alpha = 0.8
2015-06-20 22:45:40,002 gamma = 0.2
2015-06-20 22:45:40,002 individual factor = 8
2015-06-20 22:45:40,002 zero range = 0.002
2015-06-20 22:45:40,002 greedy level = 5
2015-06-20 22:45:40,002 

2015-06-20 22:45:45,654 Starting Training from 2014-12-17 to 2015-01-01
2015-06-20 22:57:28,000 Starting Live from 2015-01-02 to 2015-02-01
2015-06-20 23:22:46,476 Starting Training from 2015-01-17 to 2015-02-01
2015-06-20 23:24:20,006 Starting Live from 2015-02-02 to 2015-03-04
2015-06-20 23:50:50,040 Starting Training from 2015-02-17 to 2015-03-04
2015-06-20 23:53:38,023 Starting Live from 2015-03-05 to 2015-04-04
2015-06-21 00:26:57,242 Starting Training from 2015-03-20 to 2015-04-04
2015-06-21 00:29:00,122 Starting Live from 2015-04-05 to 2015-04-10
2015-06-21 00:39:32,092 Starting Q Learning for : 
2015-06-21 00:39:32,092 alpha = 0.8
2015-06-21 00:39:32,092 gamma = 0.3
2015-06-21 00:39:32,092 individual factor = 8
2015-06-21 00:39:32,092 zero range = 0.002
2015-06-21 00:39:32,092 greedy level = 5
2015-06-21 00:39:32,092 

2015-06-21 00:39:38,372 Starting Training from 2014-12-17 to 2015-01-01
2015-06-21 00:53:50,940 Starting Live from 2015-01-02 to 2015-02-01
2015-06-21 01:25:16,641 Starting Training from 2015-01-17 to 2015-02-01
2015-06-21 01:27:04,904 Starting Live from 2015-02-02 to 2015-03-04
2015-06-21 01:56:53,865 Starting Training from 2015-02-17 to 2015-03-04
2015-06-21 01:59:01,779 Starting Live from 2015-03-05 to 2015-04-04
2015-06-21 02:34:02,249 Starting Training from 2015-03-20 to 2015-04-04
2015-06-21 02:35:25,720 Starting Live from 2015-04-05 to 2015-04-10
