2015-06-29 01:34:37,022 Starting Q Learning for : 
2015-06-29 01:34:37,022 alpha = 0.5
2015-06-29 01:34:37,023 gamma = 0.1
2015-06-29 01:34:37,023 individual factor = 10
2015-06-29 01:34:37,023 zero range = 0.002
2015-06-29 01:34:37,023 greedy level = 5
2015-06-29 01:34:37,023 

2015-06-29 01:34:43,752 Starting Training from 2014-12-17 to 2015-01-01
2015-06-29 01:47:08,101 Starting Live from 2015-01-02 to 2015-02-01
2015-06-29 02:14:31,848 Starting Training from 2015-01-17 to 2015-02-01
2015-06-29 02:15:45,743 Starting Live from 2015-02-02 to 2015-03-04
2015-06-29 02:46:04,269 Starting Training from 2015-02-17 to 2015-03-04
2015-06-29 02:48:00,279 Starting Live from 2015-03-05 to 2015-04-04
2015-06-29 03:18:18,812 Starting Training from 2015-03-20 to 2015-04-04
2015-06-29 03:19:55,118 Starting Live from 2015-04-05 to 2015-04-10
2015-06-29 03:28:14,895 Starting Q Learning for : 
2015-06-29 03:28:14,895 alpha = 0.5
2015-06-29 03:28:14,895 gamma = 0.2
2015-06-29 03:28:14,895 individual factor = 10
2015-06-29 03:28:14,895 zero range = 0.002
2015-06-29 03:28:14,895 greedy level = 5
2015-06-29 03:28:14,895 

2015-06-29 03:28:19,907 Starting Training from 2014-12-17 to 2015-01-01
2015-06-29 03:40:47,019 Starting Live from 2015-01-02 to 2015-02-01
2015-06-29 04:09:10,236 Starting Training from 2015-01-17 to 2015-02-01
2015-06-29 04:10:34,700 Starting Live from 2015-02-02 to 2015-03-04
2015-06-29 04:42:54,720 Starting Training from 2015-02-17 to 2015-03-04
2015-06-29 04:44:47,447 Starting Live from 2015-03-05 to 2015-04-04
2015-06-29 05:14:44,928 Starting Training from 2015-03-20 to 2015-04-04
2015-06-29 05:16:17,813 Starting Live from 2015-04-05 to 2015-04-10
2015-06-29 05:24:39,635 Starting Q Learning for : 
2015-06-29 05:24:39,635 alpha = 0.5
2015-06-29 05:24:39,635 gamma = 0.3
2015-06-29 05:24:39,635 individual factor = 10
2015-06-29 05:24:39,635 zero range = 0.002
2015-06-29 05:24:39,635 greedy level = 5
2015-06-29 05:24:39,635 

2015-06-29 05:24:47,915 Starting Training from 2014-12-17 to 2015-01-01
2015-06-29 05:37:19,555 Starting Live from 2015-01-02 to 2015-02-01
2015-06-29 06:05:25,615 Starting Training from 2015-01-17 to 2015-02-01
2015-06-29 06:06:47,982 Starting Live from 2015-02-02 to 2015-03-04
2015-06-29 06:39:46,174 Starting Training from 2015-02-17 to 2015-03-04
2015-06-29 06:42:11,898 Starting Live from 2015-03-05 to 2015-04-04
2015-06-29 07:12:10,467 Starting Training from 2015-03-20 to 2015-04-04
2015-06-29 07:13:47,447 Starting Live from 2015-04-05 to 2015-04-10
2015-06-29 07:22:17,713 Starting Q Learning for : 
2015-06-29 07:22:17,713 alpha = 0.5
2015-06-29 07:22:17,713 gamma = 0.4
2015-06-29 07:22:17,713 individual factor = 10
2015-06-29 07:22:17,713 zero range = 0.002
2015-06-29 07:22:17,713 greedy level = 5
2015-06-29 07:22:17,713 

2015-06-29 07:22:23,066 Starting Training from 2014-12-17 to 2015-01-01
2015-06-29 07:34:45,746 Starting Live from 2015-01-02 to 2015-02-01
2015-06-29 08:03:27,345 Starting Training from 2015-01-17 to 2015-02-01
2015-06-29 08:04:52,138 Starting Live from 2015-02-02 to 2015-03-04
2015-06-29 08:38:30,664 Starting Training from 2015-02-17 to 2015-03-04
2015-06-29 08:40:31,979 Starting Live from 2015-03-05 to 2015-04-04
2015-06-29 09:10:04,747 Starting Training from 2015-03-20 to 2015-04-04
2015-06-29 09:11:36,653 Starting Live from 2015-04-05 to 2015-04-10
2015-06-29 09:19:54,066 Starting Q Learning for : 
2015-06-29 09:19:54,068 alpha = 0.5
2015-06-29 09:19:54,068 gamma = 0.5
2015-06-29 09:19:54,068 individual factor = 10
2015-06-29 09:19:54,068 zero range = 0.002
2015-06-29 09:19:54,068 greedy level = 5
2015-06-29 09:19:54,068 

2015-06-29 09:20:03,030 Starting Training from 2014-12-17 to 2015-01-01
2015-06-29 09:32:10,178 Starting Live from 2015-01-02 to 2015-02-01
2015-06-29 10:00:44,369 Starting Training from 2015-01-17 to 2015-02-01
2015-06-29 10:02:06,492 Starting Live from 2015-02-02 to 2015-03-04
2015-06-29 10:35:23,217 Starting Training from 2015-02-17 to 2015-03-04
2015-06-29 10:37:17,029 Starting Live from 2015-03-05 to 2015-04-04
2015-06-29 11:06:57,076 Starting Training from 2015-03-20 to 2015-04-04
2015-06-29 11:08:27,377 Starting Live from 2015-04-05 to 2015-04-10
2015-06-29 11:17:26,858 Starting Q Learning for : 
2015-06-29 11:17:26,858 alpha = 0.5
2015-06-29 11:17:26,858 gamma = 0.6
2015-06-29 11:17:26,858 individual factor = 10
2015-06-29 11:17:26,858 zero range = 0.002
2015-06-29 11:17:26,858 greedy level = 5
2015-06-29 11:17:26,858 

2015-06-29 11:17:33,970 Starting Training from 2014-12-17 to 2015-01-01
2015-06-29 11:29:13,831 Starting Live from 2015-01-02 to 2015-02-01
2015-06-29 11:57:43,829 Starting Training from 2015-01-17 to 2015-02-01
2015-06-29 11:59:11,052 Starting Live from 2015-02-02 to 2015-03-04
2015-06-29 12:32:42,263 Starting Training from 2015-02-17 to 2015-03-04
2015-06-29 12:34:36,987 Starting Live from 2015-03-05 to 2015-04-04
2015-06-29 13:04:18,114 Starting Training from 2015-03-20 to 2015-04-04
2015-06-29 13:05:56,562 Starting Live from 2015-04-05 to 2015-04-10
2015-06-29 13:15:14,115 Starting Q Learning for : 
2015-06-29 13:15:14,115 alpha = 0.5
2015-06-29 13:15:14,115 gamma = 0.7
2015-06-29 13:15:14,115 individual factor = 10
2015-06-29 13:15:14,115 zero range = 0.002
2015-06-29 13:15:14,115 greedy level = 5
2015-06-29 13:15:14,115 

2015-06-29 13:15:21,081 Starting Training from 2014-12-17 to 2015-01-01
2015-06-29 13:26:59,900 Starting Live from 2015-01-02 to 2015-02-01
2015-06-29 13:56:30,742 Starting Training from 2015-01-17 to 2015-02-01
2015-06-29 13:58:10,918 Starting Live from 2015-02-02 to 2015-03-04
2015-06-29 14:31:05,252 Starting Training from 2015-02-17 to 2015-03-04
2015-06-29 14:33:03,749 Starting Live from 2015-03-05 to 2015-04-04
2015-06-29 15:02:52,747 Starting Training from 2015-03-20 to 2015-04-04
2015-06-29 15:04:51,426 Starting Live from 2015-04-05 to 2015-04-10
2015-06-29 15:13:43,918 Starting Q Learning for : 
2015-06-29 15:13:43,920 alpha = 0.5
2015-06-29 15:13:43,920 gamma = 0.8
2015-06-29 15:13:43,920 individual factor = 10
2015-06-29 15:13:43,920 zero range = 0.002
2015-06-29 15:13:43,920 greedy level = 5
2015-06-29 15:13:43,920 

2015-06-29 15:13:49,964 Starting Training from 2014-12-17 to 2015-01-01
2015-06-29 15:25:40,660 Starting Live from 2015-01-02 to 2015-02-01
2015-06-29 15:55:51,490 Starting Training from 2015-01-17 to 2015-02-01
2015-06-29 15:57:21,657 Starting Live from 2015-02-02 to 2015-03-04
2015-06-29 16:30:50,637 Starting Training from 2015-02-17 to 2015-03-04
2015-06-29 16:32:50,441 Starting Live from 2015-03-05 to 2015-04-04
2015-06-29 17:03:22,723 Starting Training from 2015-03-20 to 2015-04-04
2015-06-29 17:04:57,851 Starting Live from 2015-04-05 to 2015-04-10
2015-06-29 17:13:26,924 Starting Q Learning for : 
2015-06-29 17:13:26,924 alpha = 0.4
2015-06-29 17:13:26,924 gamma = 0.1
2015-06-29 17:13:26,924 individual factor = 10
2015-06-29 17:13:26,924 zero range = 0.006
2015-06-29 17:13:26,924 greedy level = 5
2015-06-29 17:13:26,924 

2015-06-29 17:13:34,517 Starting Training from 2014-12-17 to 2015-01-01
2015-06-29 17:26:14,533 Starting Live from 2015-01-02 to 2015-02-01
2015-06-29 17:55:03,904 Starting Training from 2015-01-17 to 2015-02-01
2015-06-29 17:56:32,357 Starting Live from 2015-02-02 to 2015-03-04
2015-06-29 18:29:40,450 Starting Training from 2015-02-17 to 2015-03-04
2015-06-29 18:31:40,770 Starting Live from 2015-03-05 to 2015-04-04
2015-06-29 19:00:58,315 Starting Training from 2015-03-20 to 2015-04-04
2015-06-29 19:02:28,151 Starting Live from 2015-04-05 to 2015-04-10
2015-06-29 19:10:34,647 Starting Q Learning for : 
2015-06-29 19:10:34,647 alpha = 0.4
2015-06-29 19:10:34,648 gamma = 0.2
2015-06-29 19:10:34,648 individual factor = 10
2015-06-29 19:10:34,648 zero range = 0.006
2015-06-29 19:10:34,648 greedy level = 5
2015-06-29 19:10:34,648 

2015-06-29 19:10:41,411 Starting Training from 2014-12-17 to 2015-01-01
2015-06-29 19:22:47,612 Starting Live from 2015-01-02 to 2015-02-01
2015-06-29 19:50:36,086 Starting Training from 2015-01-17 to 2015-02-01
2015-06-29 19:51:57,548 Starting Live from 2015-02-02 to 2015-03-04
2015-06-29 20:24:04,006 Starting Training from 2015-02-17 to 2015-03-04
2015-06-29 20:25:57,240 Starting Live from 2015-03-05 to 2015-04-04
2015-06-29 20:55:39,904 Starting Training from 2015-03-20 to 2015-04-04
2015-06-29 20:57:13,808 Starting Live from 2015-04-05 to 2015-04-10
2015-06-29 21:05:27,970 Starting Q Learning for : 
2015-06-29 21:05:27,970 alpha = 0.4
2015-06-29 21:05:27,970 gamma = 0.3
2015-06-29 21:05:27,970 individual factor = 10
2015-06-29 21:05:27,971 zero range = 0.006
2015-06-29 21:05:27,971 greedy level = 5
2015-06-29 21:05:27,971 

2015-06-29 21:05:33,303 Starting Training from 2014-12-17 to 2015-01-01
2015-06-29 21:17:43,086 Starting Live from 2015-01-02 to 2015-02-01
2015-06-29 21:46:00,418 Starting Training from 2015-01-17 to 2015-02-01
2015-06-29 21:47:22,532 Starting Live from 2015-02-02 to 2015-03-04
2015-06-29 22:20:48,789 Starting Training from 2015-02-17 to 2015-03-04
2015-06-29 22:23:16,079 Starting Live from 2015-03-05 to 2015-04-04
2015-06-29 22:53:30,904 Starting Training from 2015-03-20 to 2015-04-04
2015-06-29 22:55:11,641 Starting Live from 2015-04-05 to 2015-04-10
2015-06-29 23:03:31,585 Starting Q Learning for : 
2015-06-29 23:03:31,585 alpha = 0.4
2015-06-29 23:03:31,585 gamma = 0.4
2015-06-29 23:03:31,585 individual factor = 10
2015-06-29 23:03:31,585 zero range = 0.006
2015-06-29 23:03:31,585 greedy level = 5
2015-06-29 23:03:31,585 

2015-06-29 23:03:38,526 Starting Training from 2014-12-17 to 2015-01-01
2015-06-29 23:16:05,630 Starting Live from 2015-01-02 to 2015-02-01
2015-06-29 23:45:36,292 Starting Training from 2015-01-17 to 2015-02-01
2015-06-29 23:47:04,694 Starting Live from 2015-02-02 to 2015-03-04
2015-06-30 00:20:35,801 Starting Training from 2015-02-17 to 2015-03-04
2015-06-30 00:22:43,959 Starting Live from 2015-03-05 to 2015-04-04
2015-06-30 00:52:52,256 Starting Training from 2015-03-20 to 2015-04-04
2015-06-30 00:54:28,471 Starting Live from 2015-04-05 to 2015-04-10
2015-06-30 01:02:57,084 Starting Q Learning for : 
2015-06-30 01:02:57,084 alpha = 0.4
2015-06-30 01:02:57,084 gamma = 0.5
2015-06-30 01:02:57,084 individual factor = 10
2015-06-30 01:02:57,084 zero range = 0.006
2015-06-30 01:02:57,085 greedy level = 5
2015-06-30 01:02:57,085 

2015-06-30 01:03:03,305 Starting Training from 2014-12-17 to 2015-01-01
2015-06-30 01:15:32,551 Starting Live from 2015-01-02 to 2015-02-01
2015-06-30 01:44:10,131 Starting Training from 2015-01-17 to 2015-02-01
2015-06-30 01:45:38,826 Starting Live from 2015-02-02 to 2015-03-04
2015-06-30 02:19:10,844 Starting Training from 2015-02-17 to 2015-03-04
2015-06-30 02:21:07,318 Starting Live from 2015-03-05 to 2015-04-04
2015-06-30 02:50:14,948 Starting Training from 2015-03-20 to 2015-04-04
2015-06-30 02:51:43,576 Starting Live from 2015-04-05 to 2015-04-10
2015-06-30 03:00:15,877 Starting Q Learning for : 
2015-06-30 03:00:15,877 alpha = 0.4
2015-06-30 03:00:15,877 gamma = 0.6
2015-06-30 03:00:15,877 individual factor = 10
2015-06-30 03:00:15,877 zero range = 0.006
2015-06-30 03:00:15,877 greedy level = 5
2015-06-30 03:00:15,877 

2015-06-30 03:00:23,657 Starting Training from 2014-12-17 to 2015-01-01
2015-06-30 03:12:12,385 Starting Live from 2015-01-02 to 2015-02-01
2015-06-30 03:40:02,065 Starting Training from 2015-01-17 to 2015-02-01
2015-06-30 03:41:28,368 Starting Live from 2015-02-02 to 2015-03-04
2015-06-30 04:14:43,456 Starting Training from 2015-02-17 to 2015-03-04
2015-06-30 04:16:41,724 Starting Live from 2015-03-05 to 2015-04-04
2015-06-30 04:46:01,645 Starting Training from 2015-03-20 to 2015-04-04
2015-06-30 04:47:33,171 Starting Live from 2015-04-05 to 2015-04-10
2015-06-30 04:55:48,190 Starting Q Learning for : 
2015-06-30 04:55:48,190 alpha = 0.4
2015-06-30 04:55:48,190 gamma = 0.7
2015-06-30 04:55:48,190 individual factor = 10
2015-06-30 04:55:48,190 zero range = 0.006
2015-06-30 04:55:48,190 greedy level = 5
2015-06-30 04:55:48,190 

2015-06-30 04:55:54,799 Starting Training from 2014-12-17 to 2015-01-01
2015-06-30 05:07:53,336 Starting Live from 2015-01-02 to 2015-02-01
2015-06-30 05:35:46,933 Starting Training from 2015-01-17 to 2015-02-01
2015-06-30 05:37:09,142 Starting Live from 2015-02-02 to 2015-03-04
2015-06-30 06:10:16,638 Starting Training from 2015-02-17 to 2015-03-04
2015-06-30 06:12:14,312 Starting Live from 2015-03-05 to 2015-04-04
2015-06-30 06:41:48,417 Starting Training from 2015-03-20 to 2015-04-04
2015-06-30 06:43:20,539 Starting Live from 2015-04-05 to 2015-04-10
2015-06-30 06:51:49,690 Starting Q Learning for : 
2015-06-30 06:51:49,690 alpha = 0.4
2015-06-30 06:51:49,690 gamma = 0.8
2015-06-30 06:51:49,690 individual factor = 10
2015-06-30 06:51:49,690 zero range = 0.006
2015-06-30 06:51:49,690 greedy level = 5
2015-06-30 06:51:49,690 

2015-06-30 06:51:57,576 Starting Training from 2014-12-17 to 2015-01-01
2015-06-30 07:03:59,299 Starting Live from 2015-01-02 to 2015-02-01
2015-06-30 07:32:20,901 Starting Training from 2015-01-17 to 2015-02-01
2015-06-30 07:33:47,598 Starting Live from 2015-02-02 to 2015-03-04
2015-06-30 08:07:18,674 Starting Training from 2015-02-17 to 2015-03-04
2015-06-30 08:09:10,848 Starting Live from 2015-03-05 to 2015-04-04
2015-06-30 08:38:46,351 Starting Training from 2015-03-20 to 2015-04-04
2015-06-30 08:40:18,686 Starting Live from 2015-04-05 to 2015-04-10
2015-06-30 08:49:11,075 Starting Q Learning for : 
2015-06-30 08:49:11,076 alpha = 0.8
2015-06-30 08:49:11,076 gamma = 0.1
2015-06-30 08:49:11,076 individual factor = 10
2015-06-30 08:49:11,076 zero range = 0.006
2015-06-30 08:49:11,076 greedy level = 5
2015-06-30 08:49:11,076 

2015-06-30 08:49:19,571 Starting Training from 2014-12-17 to 2015-01-01
2015-06-30 09:00:52,864 Starting Live from 2015-01-02 to 2015-02-01
2015-06-30 09:28:50,559 Starting Training from 2015-01-17 to 2015-02-01
2015-06-30 09:30:18,178 Starting Live from 2015-02-02 to 2015-03-04
2015-06-30 10:03:41,545 Starting Training from 2015-02-17 to 2015-03-04
2015-06-30 10:05:37,240 Starting Live from 2015-03-05 to 2015-04-04
2015-06-30 10:34:01,710 Starting Training from 2015-03-20 to 2015-04-04
2015-06-30 10:35:26,130 Starting Live from 2015-04-05 to 2015-04-10
2015-06-30 10:43:23,273 Starting Q Learning for : 
2015-06-30 10:43:23,273 alpha = 0.8
2015-06-30 10:43:23,273 gamma = 0.2
2015-06-30 10:43:23,273 individual factor = 10
2015-06-30 10:43:23,273 zero range = 0.006
2015-06-30 10:43:23,273 greedy level = 5
2015-06-30 10:43:23,273 

2015-06-30 10:43:32,121 Starting Training from 2014-12-17 to 2015-01-01
2015-06-30 10:55:15,312 Starting Live from 2015-01-02 to 2015-02-01
2015-06-30 11:21:48,569 Starting Training from 2015-01-17 to 2015-02-01
2015-06-30 11:23:09,142 Starting Live from 2015-02-02 to 2015-03-04
2015-06-30 11:53:51,693 Starting Training from 2015-02-17 to 2015-03-04
2015-06-30 11:56:00,959 Starting Live from 2015-03-05 to 2015-04-04
2015-06-30 12:23:17,010 Starting Training from 2015-03-20 to 2015-04-04
2015-06-30 12:24:44,650 Starting Live from 2015-04-05 to 2015-04-10
2015-06-30 12:32:23,272 Starting Q Learning for : 
2015-06-30 12:32:23,272 alpha = 0.8
2015-06-30 12:32:23,272 gamma = 0.3
2015-06-30 12:32:23,272 individual factor = 10
2015-06-30 12:32:23,273 zero range = 0.006
2015-06-30 12:32:23,273 greedy level = 5
2015-06-30 12:32:23,273 

2015-06-30 12:32:29,142 Starting Training from 2014-12-17 to 2015-01-01
2015-06-30 12:43:59,036 Starting Live from 2015-01-02 to 2015-02-01
2015-06-30 13:10:15,687 Starting Training from 2015-01-17 to 2015-02-01
2015-06-30 13:11:31,167 Starting Live from 2015-02-02 to 2015-03-04
2015-06-30 13:41:15,108 Starting Training from 2015-02-17 to 2015-03-04
2015-06-30 13:42:59,334 Starting Live from 2015-03-05 to 2015-04-04
2015-06-30 14:11:07,792 Starting Training from 2015-03-20 to 2015-04-04
2015-06-30 14:12:45,517 Starting Live from 2015-04-05 to 2015-04-10
2015-06-30 14:20:27,417 Starting Q Learning for : 
2015-06-30 14:20:27,417 alpha = 0.8
2015-06-30 14:20:27,417 gamma = 0.4
2015-06-30 14:20:27,417 individual factor = 10
2015-06-30 14:20:27,417 zero range = 0.006
2015-06-30 14:20:27,417 greedy level = 5
2015-06-30 14:20:27,417 

2015-06-30 14:20:33,742 Starting Training from 2014-12-17 to 2015-01-01
2015-06-30 14:31:19,596 Starting Live from 2015-01-02 to 2015-02-01
2015-06-30 14:58:35,397 Starting Training from 2015-01-17 to 2015-02-01
2015-06-30 14:59:55,367 Starting Live from 2015-02-02 to 2015-03-04
2015-06-30 15:30:08,046 Starting Training from 2015-02-17 to 2015-03-04
2015-06-30 15:31:52,313 Starting Live from 2015-03-05 to 2015-04-04
2015-06-30 15:59:06,345 Starting Training from 2015-03-20 to 2015-04-04
2015-06-30 16:00:30,119 Starting Live from 2015-04-05 to 2015-04-10
2015-06-30 16:08:59,905 Starting Q Learning for : 
2015-06-30 16:08:59,905 alpha = 0.8
2015-06-30 16:08:59,905 gamma = 0.5
2015-06-30 16:08:59,905 individual factor = 10
2015-06-30 16:08:59,905 zero range = 0.006
2015-06-30 16:08:59,907 greedy level = 5
2015-06-30 16:08:59,907 

2015-06-30 16:09:06,644 Starting Training from 2014-12-17 to 2015-01-01
2015-06-30 16:19:50,516 Starting Live from 2015-01-02 to 2015-02-01
2015-06-30 16:46:04,581 Starting Training from 2015-01-17 to 2015-02-01
2015-06-30 16:47:27,697 Starting Live from 2015-02-02 to 2015-03-04
2015-06-30 17:18:35,973 Starting Training from 2015-02-17 to 2015-03-04
2015-06-30 17:20:22,532 Starting Live from 2015-03-05 to 2015-04-04
2015-06-30 17:48:53,592 Starting Training from 2015-03-20 to 2015-04-04
2015-06-30 17:50:20,631 Starting Live from 2015-04-05 to 2015-04-10
2015-06-30 17:58:29,479 Starting Q Learning for : 
2015-06-30 17:58:29,479 alpha = 0.8
2015-06-30 17:58:29,479 gamma = 0.6
2015-06-30 17:58:29,480 individual factor = 10
2015-06-30 17:58:29,480 zero range = 0.006
2015-06-30 17:58:29,480 greedy level = 5
2015-06-30 17:58:29,480 

2015-06-30 17:58:36,398 Starting Training from 2014-12-17 to 2015-01-01
2015-06-30 18:09:59,266 Starting Live from 2015-01-02 to 2015-02-01
2015-06-30 18:36:55,483 Starting Training from 2015-01-17 to 2015-02-01
2015-06-30 18:38:03,176 Starting Live from 2015-02-02 to 2015-03-04
2015-06-30 19:06:15,927 Starting Training from 2015-02-17 to 2015-03-04
2015-06-30 19:08:21,502 Starting Live from 2015-03-05 to 2015-04-04
2015-06-30 19:35:49,763 Starting Training from 2015-03-20 to 2015-04-04
2015-06-30 19:37:15,796 Starting Live from 2015-04-05 to 2015-04-10
2015-06-30 19:45:13,913 Starting Q Learning for : 
2015-06-30 19:45:13,913 alpha = 0.8
2015-06-30 19:45:13,913 gamma = 0.7
2015-06-30 19:45:13,913 individual factor = 10
2015-06-30 19:45:13,913 zero range = 0.006
2015-06-30 19:45:13,913 greedy level = 5
2015-06-30 19:45:13,913 

2015-06-30 19:45:19,483 Starting Training from 2014-12-17 to 2015-01-01
2015-06-30 19:57:04,944 Starting Live from 2015-01-02 to 2015-02-01
2015-06-30 20:23:17,395 Starting Training from 2015-01-17 to 2015-02-01
2015-06-30 20:24:37,006 Starting Live from 2015-02-02 to 2015-03-04
2015-06-30 20:55:08,131 Starting Training from 2015-02-17 to 2015-03-04
2015-06-30 20:57:05,586 Starting Live from 2015-03-05 to 2015-04-04
2015-06-30 21:24:32,147 Starting Training from 2015-03-20 to 2015-04-04
2015-06-30 21:26:00,213 Starting Live from 2015-04-05 to 2015-04-10
2015-06-30 21:33:42,365 Starting Q Learning for : 
2015-06-30 21:33:42,367 alpha = 0.8
2015-06-30 21:33:42,367 gamma = 0.8
2015-06-30 21:33:42,367 individual factor = 10
2015-06-30 21:33:42,367 zero range = 0.006
2015-06-30 21:33:42,367 greedy level = 5
2015-06-30 21:33:42,367 

2015-06-30 21:33:47,375 Starting Training from 2014-12-17 to 2015-01-01
2015-06-30 21:44:54,187 Starting Live from 2015-01-02 to 2015-02-01
2015-06-30 22:11:15,857 Starting Training from 2015-01-17 to 2015-02-01
2015-06-30 22:12:30,793 Starting Live from 2015-02-02 to 2015-03-04
2015-06-30 22:42:00,436 Starting Training from 2015-02-17 to 2015-03-04
2015-06-30 22:43:42,413 Starting Live from 2015-03-05 to 2015-04-04
2015-06-30 23:10:51,461 Starting Training from 2015-03-20 to 2015-04-04
2015-06-30 23:12:23,799 Starting Live from 2015-04-05 to 2015-04-10
2015-06-30 23:21:25,118 Starting Q Learning for : 
2015-06-30 23:21:25,118 alpha = 0.2
2015-06-30 23:21:25,118 gamma = 0.1
2015-06-30 23:21:25,119 individual factor = 10
2015-06-30 23:21:25,119 zero range = 0.01
2015-06-30 23:21:25,119 greedy level = 5
2015-06-30 23:21:25,119 

2015-06-30 23:21:31,549 Starting Training from 2014-12-17 to 2015-01-01
2015-06-30 23:32:48,561 Starting Live from 2015-01-02 to 2015-02-01
2015-06-30 23:59:38,138 Starting Training from 2015-01-17 to 2015-02-01
2015-07-01 00:01:17,269 Starting Live from 2015-02-02 to 2015-03-04
2015-07-01 00:30:48,084 Starting Training from 2015-02-17 to 2015-03-04
2015-07-01 00:32:30,788 Starting Live from 2015-03-05 to 2015-04-04
2015-07-01 00:58:24,815 Starting Training from 2015-03-20 to 2015-04-04
2015-07-01 00:59:42,423 Starting Live from 2015-04-05 to 2015-04-10
2015-07-01 01:06:59,273 Starting Q Learning for : 
2015-07-01 01:06:59,273 alpha = 0.2
2015-07-01 01:06:59,273 gamma = 0.2
2015-07-01 01:06:59,273 individual factor = 10
2015-07-01 01:06:59,275 zero range = 0.01
2015-07-01 01:06:59,275 greedy level = 5
2015-07-01 01:06:59,275 

2015-07-01 01:07:07,095 Starting Training from 2014-12-17 to 2015-01-01
2015-07-01 01:17:50,907 Starting Live from 2015-01-02 to 2015-02-01
2015-07-01 01:42:25,250 Starting Training from 2015-01-17 to 2015-02-01
2015-07-01 01:43:39,358 Starting Live from 2015-02-02 to 2015-03-04
2015-07-01 02:11:16,966 Starting Training from 2015-02-17 to 2015-03-04
2015-07-01 02:12:51,684 Starting Live from 2015-03-05 to 2015-04-04
2015-07-01 02:39:10,290 Starting Training from 2015-03-20 to 2015-04-04
2015-07-01 02:40:53,210 Starting Live from 2015-04-05 to 2015-04-10
2015-07-01 02:48:14,986 Starting Q Learning for : 
2015-07-01 02:48:14,986 alpha = 0.2
2015-07-01 02:48:14,986 gamma = 0.3
2015-07-01 02:48:14,986 individual factor = 10
2015-07-01 02:48:14,986 zero range = 0.01
2015-07-01 02:48:14,986 greedy level = 5
2015-07-01 02:48:14,986 

2015-07-01 02:48:20,719 Starting Training from 2014-12-17 to 2015-01-01
2015-07-01 02:58:15,000 Starting Live from 2015-01-02 to 2015-02-01
2015-07-01 03:22:55,986 Starting Training from 2015-01-17 to 2015-02-01
2015-07-01 03:24:33,489 Starting Live from 2015-02-02 to 2015-03-04
2015-07-01 03:53:13,461 Starting Training from 2015-02-17 to 2015-03-04
2015-07-01 03:54:51,653 Starting Live from 2015-03-05 to 2015-04-04
2015-07-01 04:20:12,809 Starting Training from 2015-03-20 to 2015-04-04
2015-07-01 04:21:30,641 Starting Live from 2015-04-05 to 2015-04-10
2015-07-01 04:28:37,565 Starting Q Learning for : 
2015-07-01 04:28:37,565 alpha = 0.2
2015-07-01 04:28:37,565 gamma = 0.4
2015-07-01 04:28:37,565 individual factor = 10
2015-07-01 04:28:37,566 zero range = 0.01
2015-07-01 04:28:37,566 greedy level = 5
2015-07-01 04:28:37,566 

2015-07-01 04:28:43,319 Starting Training from 2014-12-17 to 2015-01-01
2015-07-01 04:39:26,140 Starting Live from 2015-01-02 to 2015-02-01
2015-07-01 05:03:37,720 Starting Training from 2015-01-17 to 2015-02-01
2015-07-01 05:04:48,657 Starting Live from 2015-02-02 to 2015-03-04
2015-07-01 05:32:34,029 Starting Training from 2015-02-17 to 2015-03-04
2015-07-01 05:34:08,519 Starting Live from 2015-03-05 to 2015-04-04
2015-07-01 05:59:31,703 Starting Training from 2015-03-20 to 2015-04-04
2015-07-01 06:00:50,230 Starting Live from 2015-04-05 to 2015-04-10
2015-07-01 06:08:48,947 Starting Q Learning for : 
2015-07-01 06:08:48,947 alpha = 0.2
2015-07-01 06:08:48,947 gamma = 0.5
2015-07-01 06:08:48,947 individual factor = 10
2015-07-01 06:08:48,947 zero range = 0.01
2015-07-01 06:08:48,947 greedy level = 5
2015-07-01 06:08:48,947 

2015-07-01 06:08:54,069 Starting Training from 2014-12-17 to 2015-01-01
2015-07-01 06:18:47,421 Starting Live from 2015-01-02 to 2015-02-01
2015-07-01 06:43:38,812 Starting Training from 2015-01-17 to 2015-02-01
2015-07-01 06:44:51,394 Starting Live from 2015-02-02 to 2015-03-04
2015-07-01 07:13:38,938 Starting Training from 2015-02-17 to 2015-03-04
2015-07-01 07:15:21,210 Starting Live from 2015-03-05 to 2015-04-04
2015-07-01 07:40:45,019 Starting Training from 2015-03-20 to 2015-04-04
2015-07-01 07:42:02,092 Starting Live from 2015-04-05 to 2015-04-10
2015-07-01 07:49:11,426 Starting Q Learning for : 
2015-07-01 07:49:11,427 alpha = 0.2
2015-07-01 07:49:11,427 gamma = 0.6
2015-07-01 07:49:11,427 individual factor = 10
2015-07-01 07:49:11,427 zero range = 0.01
2015-07-01 07:49:11,427 greedy level = 5
2015-07-01 07:49:11,427 

2015-07-01 07:49:17,342 Starting Training from 2014-12-17 to 2015-01-01
2015-07-01 07:59:41,970 Starting Live from 2015-01-02 to 2015-02-01
2015-07-01 08:24:02,555 Starting Training from 2015-01-17 to 2015-02-01
2015-07-01 08:25:15,312 Starting Live from 2015-02-02 to 2015-03-04
2015-07-01 08:53:27,598 Starting Training from 2015-02-17 to 2015-03-04
2015-07-01 08:55:03,183 Starting Live from 2015-03-05 to 2015-04-04
2015-07-01 09:20:29,933 Starting Training from 2015-03-20 to 2015-04-04
2015-07-01 09:21:47,071 Starting Live from 2015-04-05 to 2015-04-10
2015-07-01 09:29:23,676 Starting Q Learning for : 
2015-07-01 09:29:23,676 alpha = 0.2
2015-07-01 09:29:23,676 gamma = 0.7
2015-07-01 09:29:23,676 individual factor = 10
2015-07-01 09:29:23,677 zero range = 0.01
2015-07-01 09:29:23,677 greedy level = 5
2015-07-01 09:29:23,677 

2015-07-01 09:29:30,752 Starting Training from 2014-12-17 to 2015-01-01
2015-07-01 09:39:29,997 Starting Live from 2015-01-02 to 2015-02-01
2015-07-01 10:03:28,671 Starting Training from 2015-01-17 to 2015-02-01
2015-07-01 10:04:38,128 Starting Live from 2015-02-02 to 2015-03-04
2015-07-01 10:31:46,713 Starting Training from 2015-02-17 to 2015-03-04
2015-07-01 10:33:24,914 Starting Live from 2015-03-05 to 2015-04-04
2015-07-01 10:58:19,415 Starting Training from 2015-03-20 to 2015-04-04
2015-07-01 11:00:00,141 Starting Live from 2015-04-05 to 2015-04-10
2015-07-01 11:07:22,019 Starting Q Learning for : 
2015-07-01 11:07:22,019 alpha = 0.2
2015-07-01 11:07:22,019 gamma = 0.8
2015-07-01 11:07:22,019 individual factor = 10
2015-07-01 11:07:22,019 zero range = 0.01
2015-07-01 11:07:22,019 greedy level = 5
2015-07-01 11:07:22,019 

2015-07-01 11:07:26,578 Starting Training from 2014-12-17 to 2015-01-01
2015-07-01 11:16:58,851 Starting Live from 2015-01-02 to 2015-02-01
2015-07-01 11:40:23,259 Starting Training from 2015-01-17 to 2015-02-01
2015-07-01 11:41:30,969 Starting Live from 2015-02-02 to 2015-03-04
2015-07-01 12:08:45,721 Starting Training from 2015-02-17 to 2015-03-04
2015-07-01 12:10:30,302 Starting Live from 2015-03-05 to 2015-04-04
2015-07-01 12:34:04,997 Starting Training from 2015-03-20 to 2015-04-04
2015-07-01 12:35:15,811 Starting Live from 2015-04-05 to 2015-04-10
