2015-06-29 01:34:37,023 Starting Q Learning for : 
2015-06-29 01:34:37,023 alpha = 0.4
2015-06-29 01:34:37,023 gamma = 0.1
2015-06-29 01:34:37,023 individual factor = 10
2015-06-29 01:34:37,023 zero range = 0.002
2015-06-29 01:34:37,023 greedy level = 5
2015-06-29 01:34:37,023 

2015-06-29 01:34:50,664 Starting Training from 2014-12-17 to 2015-01-01
2015-06-29 01:47:09,487 Starting Live from 2015-01-02 to 2015-02-01
2015-06-29 02:14:26,069 Starting Training from 2015-01-17 to 2015-02-01
2015-06-29 02:15:39,108 Starting Live from 2015-02-02 to 2015-03-04
2015-06-29 02:45:44,887 Starting Training from 2015-02-17 to 2015-03-04
2015-06-29 02:47:38,226 Starting Live from 2015-03-05 to 2015-04-04
2015-06-29 03:17:42,424 Starting Training from 2015-03-20 to 2015-04-04
2015-06-29 03:19:19,210 Starting Live from 2015-04-05 to 2015-04-10
2015-06-29 03:27:36,342 Starting Q Learning for : 
2015-06-29 03:27:36,342 alpha = 0.4
2015-06-29 03:27:36,342 gamma = 0.2
2015-06-29 03:27:36,342 individual factor = 10
2015-06-29 03:27:36,342 zero range = 0.002
2015-06-29 03:27:36,342 greedy level = 5
2015-06-29 03:27:36,342 

2015-06-29 03:27:42,342 Starting Training from 2014-12-17 to 2015-01-01
2015-06-29 03:40:10,286 Starting Live from 2015-01-02 to 2015-02-01
2015-06-29 04:08:35,486 Starting Training from 2015-01-17 to 2015-02-01
2015-06-29 04:09:56,118 Starting Live from 2015-02-02 to 2015-03-04
2015-06-29 04:42:16,654 Starting Training from 2015-02-17 to 2015-03-04
2015-06-29 04:44:09,207 Starting Live from 2015-03-05 to 2015-04-04
2015-06-29 05:14:13,556 Starting Training from 2015-03-20 to 2015-04-04
2015-06-29 05:15:46,928 Starting Live from 2015-04-05 to 2015-04-10
2015-06-29 05:24:01,378 Starting Q Learning for : 
2015-06-29 05:24:01,378 alpha = 0.4
2015-06-29 05:24:01,378 gamma = 0.3
2015-06-29 05:24:01,378 individual factor = 10
2015-06-29 05:24:01,378 zero range = 0.002
2015-06-29 05:24:01,378 greedy level = 5
2015-06-29 05:24:01,378 

2015-06-29 05:24:02,914 Starting Training from 2014-12-17 to 2015-01-01
2015-06-29 05:36:50,338 Starting Live from 2015-01-02 to 2015-02-01
2015-06-29 06:04:53,153 Starting Training from 2015-01-17 to 2015-02-01
2015-06-29 06:06:16,588 Starting Live from 2015-02-02 to 2015-03-04
2015-06-29 06:39:16,101 Starting Training from 2015-02-17 to 2015-03-04
2015-06-29 06:41:35,704 Starting Live from 2015-03-05 to 2015-04-04
2015-06-29 07:11:48,015 Starting Training from 2015-03-20 to 2015-04-04
2015-06-29 07:13:20,250 Starting Live from 2015-04-05 to 2015-04-10
2015-06-29 07:21:55,390 Starting Q Learning for : 
2015-06-29 07:21:55,390 alpha = 0.4
2015-06-29 07:21:55,390 gamma = 0.4
2015-06-29 07:21:55,390 individual factor = 10
2015-06-29 07:21:55,390 zero range = 0.002
2015-06-29 07:21:55,390 greedy level = 5
2015-06-29 07:21:55,390 

2015-06-29 07:22:01,375 Starting Training from 2014-12-17 to 2015-01-01
2015-06-29 07:34:27,299 Starting Live from 2015-01-02 to 2015-02-01
2015-06-29 08:02:58,592 Starting Training from 2015-01-17 to 2015-02-01
2015-06-29 08:04:23,210 Starting Live from 2015-02-02 to 2015-03-04
2015-06-29 08:37:57,533 Starting Training from 2015-02-17 to 2015-03-04
2015-06-29 08:39:56,062 Starting Live from 2015-03-05 to 2015-04-04
2015-06-29 09:09:57,125 Starting Training from 2015-03-20 to 2015-04-04
2015-06-29 09:11:28,460 Starting Live from 2015-04-05 to 2015-04-10
2015-06-29 09:19:58,174 Starting Q Learning for : 
2015-06-29 09:19:58,176 alpha = 0.4
2015-06-29 09:19:58,176 gamma = 0.5
2015-06-29 09:19:58,176 individual factor = 10
2015-06-29 09:19:58,176 zero range = 0.002
2015-06-29 09:19:58,176 greedy level = 5
2015-06-29 09:19:58,176 

2015-06-29 09:20:06,374 Starting Training from 2014-12-17 to 2015-01-01
2015-06-29 09:32:13,898 Starting Live from 2015-01-02 to 2015-02-01
2015-06-29 10:00:44,947 Starting Training from 2015-01-17 to 2015-02-01
2015-06-29 10:02:06,969 Starting Live from 2015-02-02 to 2015-03-04
2015-06-29 10:35:33,703 Starting Training from 2015-02-17 to 2015-03-04
2015-06-29 10:37:27,444 Starting Live from 2015-03-05 to 2015-04-04
2015-06-29 11:06:42,721 Starting Training from 2015-03-20 to 2015-04-04
2015-06-29 11:08:17,076 Starting Live from 2015-04-05 to 2015-04-10
2015-06-29 11:17:04,525 Starting Q Learning for : 
2015-06-29 11:17:04,525 alpha = 0.4
2015-06-29 11:17:04,525 gamma = 0.6
2015-06-29 11:17:04,525 individual factor = 10
2015-06-29 11:17:04,525 zero range = 0.002
2015-06-29 11:17:04,525 greedy level = 5
2015-06-29 11:17:04,525 

2015-06-29 11:17:11,572 Starting Training from 2014-12-17 to 2015-01-01
2015-06-29 11:29:00,272 Starting Live from 2015-01-02 to 2015-02-01
2015-06-29 11:57:21,540 Starting Training from 2015-01-17 to 2015-02-01
2015-06-29 11:58:47,582 Starting Live from 2015-02-02 to 2015-03-04
2015-06-29 12:31:55,194 Starting Training from 2015-02-17 to 2015-03-04
2015-06-29 12:33:50,944 Starting Live from 2015-03-05 to 2015-04-04
2015-06-29 13:03:16,855 Starting Training from 2015-03-20 to 2015-04-04
2015-06-29 13:04:53,651 Starting Live from 2015-04-05 to 2015-04-10
2015-06-29 13:14:05,973 Starting Q Learning for : 
2015-06-29 13:14:05,973 alpha = 0.4
2015-06-29 13:14:05,973 gamma = 0.7
2015-06-29 13:14:05,973 individual factor = 10
2015-06-29 13:14:05,974 zero range = 0.002
2015-06-29 13:14:05,974 greedy level = 5
2015-06-29 13:14:05,974 

2015-06-29 13:14:11,999 Starting Training from 2014-12-17 to 2015-01-01
2015-06-29 13:25:45,648 Starting Live from 2015-01-02 to 2015-02-01
2015-06-29 13:55:09,157 Starting Training from 2015-01-17 to 2015-02-01
2015-06-29 13:56:57,713 Starting Live from 2015-02-02 to 2015-03-04
2015-06-29 14:29:51,612 Starting Training from 2015-02-17 to 2015-03-04
2015-06-29 14:31:48,017 Starting Live from 2015-03-05 to 2015-04-04
2015-06-29 15:01:41,566 Starting Training from 2015-03-20 to 2015-04-04
2015-06-29 15:03:19,740 Starting Live from 2015-04-05 to 2015-04-10
2015-06-29 15:12:32,891 Starting Q Learning for : 
2015-06-29 15:12:32,891 alpha = 0.4
2015-06-29 15:12:32,892 gamma = 0.8
2015-06-29 15:12:32,892 individual factor = 10
2015-06-29 15:12:32,892 zero range = 0.002
2015-06-29 15:12:32,892 greedy level = 5
2015-06-29 15:12:32,892 

2015-06-29 15:12:38,344 Starting Training from 2014-12-17 to 2015-01-01
2015-06-29 15:24:35,976 Starting Live from 2015-01-02 to 2015-02-01
2015-06-29 15:54:43,315 Starting Training from 2015-01-17 to 2015-02-01
2015-06-29 15:56:17,622 Starting Live from 2015-02-02 to 2015-03-04
2015-06-29 16:29:36,595 Starting Training from 2015-02-17 to 2015-03-04
2015-06-29 16:31:33,716 Starting Live from 2015-03-05 to 2015-04-04
2015-06-29 17:02:18,015 Starting Training from 2015-03-20 to 2015-04-04
2015-06-29 17:03:56,345 Starting Live from 2015-04-05 to 2015-04-10
2015-06-29 17:12:20,497 Starting Q Learning for : 
2015-06-29 17:12:20,497 alpha = 0.8
2015-06-29 17:12:20,497 gamma = 0.1
2015-06-29 17:12:20,497 individual factor = 10
2015-06-29 17:12:20,497 zero range = 0.002
2015-06-29 17:12:20,497 greedy level = 5
2015-06-29 17:12:20,497 

2015-06-29 17:12:27,746 Starting Training from 2014-12-17 to 2015-01-01
2015-06-29 17:24:51,589 Starting Live from 2015-01-02 to 2015-02-01
2015-06-29 17:53:40,821 Starting Training from 2015-01-17 to 2015-02-01
2015-06-29 17:55:09,262 Starting Live from 2015-02-02 to 2015-03-04
2015-06-29 18:28:31,798 Starting Training from 2015-02-17 to 2015-03-04
2015-06-29 18:30:25,907 Starting Live from 2015-03-05 to 2015-04-04
2015-06-29 19:00:22,878 Starting Training from 2015-03-20 to 2015-04-04
2015-06-29 19:01:52,045 Starting Live from 2015-04-05 to 2015-04-10
2015-06-29 19:10:12,164 Starting Q Learning for : 
2015-06-29 19:10:12,164 alpha = 0.8
2015-06-29 19:10:12,164 gamma = 0.2
2015-06-29 19:10:12,164 individual factor = 10
2015-06-29 19:10:12,164 zero range = 0.002
2015-06-29 19:10:12,164 greedy level = 5
2015-06-29 19:10:12,164 

2015-06-29 19:10:18,098 Starting Training from 2014-12-17 to 2015-01-01
2015-06-29 19:22:19,459 Starting Live from 2015-01-02 to 2015-02-01
2015-06-29 19:50:08,806 Starting Training from 2015-01-17 to 2015-02-01
2015-06-29 19:51:31,191 Starting Live from 2015-02-02 to 2015-03-04
2015-06-29 20:23:07,934 Starting Training from 2015-02-17 to 2015-03-04
2015-06-29 20:25:02,155 Starting Live from 2015-03-05 to 2015-04-04
2015-06-29 20:54:42,772 Starting Training from 2015-03-20 to 2015-04-04
2015-06-29 20:56:13,382 Starting Live from 2015-04-05 to 2015-04-10
2015-06-29 21:04:24,207 Starting Q Learning for : 
2015-06-29 21:04:24,209 alpha = 0.8
2015-06-29 21:04:24,209 gamma = 0.3
2015-06-29 21:04:24,209 individual factor = 10
2015-06-29 21:04:24,209 zero range = 0.002
2015-06-29 21:04:24,209 greedy level = 5
2015-06-29 21:04:24,209 

2015-06-29 21:04:31,025 Starting Training from 2014-12-17 to 2015-01-01
2015-06-29 21:16:35,197 Starting Live from 2015-01-02 to 2015-02-01
2015-06-29 21:44:34,311 Starting Training from 2015-01-17 to 2015-02-01
2015-06-29 21:46:04,448 Starting Live from 2015-02-02 to 2015-03-04
2015-06-29 22:19:34,338 Starting Training from 2015-02-17 to 2015-03-04
2015-06-29 22:21:36,709 Starting Live from 2015-03-05 to 2015-04-04
2015-06-29 22:52:25,013 Starting Training from 2015-03-20 to 2015-04-04
2015-06-29 22:54:00,043 Starting Live from 2015-04-05 to 2015-04-10
2015-06-29 23:02:30,270 Starting Q Learning for : 
2015-06-29 23:02:30,270 alpha = 0.8
2015-06-29 23:02:30,270 gamma = 0.4
2015-06-29 23:02:30,270 individual factor = 10
2015-06-29 23:02:30,272 zero range = 0.002
2015-06-29 23:02:30,272 greedy level = 5
2015-06-29 23:02:30,272 

2015-06-29 23:02:35,739 Starting Training from 2014-12-17 to 2015-01-01
2015-06-29 23:14:53,315 Starting Live from 2015-01-02 to 2015-02-01
2015-06-29 23:44:13,651 Starting Training from 2015-01-17 to 2015-02-01
2015-06-29 23:45:38,226 Starting Live from 2015-02-02 to 2015-03-04
2015-06-30 00:18:44,707 Starting Training from 2015-02-17 to 2015-03-04
2015-06-30 00:21:13,134 Starting Live from 2015-03-05 to 2015-04-04
2015-06-30 00:51:22,595 Starting Training from 2015-03-20 to 2015-04-04
2015-06-30 00:53:05,301 Starting Live from 2015-04-05 to 2015-04-10
2015-06-30 01:01:32,138 Starting Q Learning for : 
2015-06-30 01:01:32,138 alpha = 0.8
2015-06-30 01:01:32,138 gamma = 0.5
2015-06-30 01:01:32,138 individual factor = 10
2015-06-30 01:01:32,138 zero range = 0.002
2015-06-30 01:01:32,138 greedy level = 5
2015-06-30 01:01:32,138 

2015-06-30 01:01:39,549 Starting Training from 2014-12-17 to 2015-01-01
2015-06-30 01:14:16,703 Starting Live from 2015-01-02 to 2015-02-01
2015-06-30 01:42:56,341 Starting Training from 2015-01-17 to 2015-02-01
2015-06-30 01:44:24,608 Starting Live from 2015-02-02 to 2015-03-04
2015-06-30 02:17:40,016 Starting Training from 2015-02-17 to 2015-03-04
2015-06-30 02:19:34,352 Starting Live from 2015-03-05 to 2015-04-04
2015-06-30 02:48:25,750 Starting Training from 2015-03-20 to 2015-04-04
2015-06-30 02:49:55,713 Starting Live from 2015-04-05 to 2015-04-10
2015-06-30 02:58:00,331 Starting Q Learning for : 
2015-06-30 02:58:00,331 alpha = 0.8
2015-06-30 02:58:00,332 gamma = 0.6
2015-06-30 02:58:00,332 individual factor = 10
2015-06-30 02:58:00,332 zero range = 0.002
2015-06-30 02:58:00,332 greedy level = 5
2015-06-30 02:58:00,332 

2015-06-30 02:58:05,795 Starting Training from 2014-12-17 to 2015-01-01
2015-06-30 03:10:12,118 Starting Live from 2015-01-02 to 2015-02-01
2015-06-30 03:37:53,591 Starting Training from 2015-01-17 to 2015-02-01
2015-06-30 03:39:17,980 Starting Live from 2015-02-02 to 2015-03-04
2015-06-30 04:12:25,703 Starting Training from 2015-02-17 to 2015-03-04
2015-06-30 04:14:30,717 Starting Live from 2015-03-05 to 2015-04-04
2015-06-30 04:43:34,707 Starting Training from 2015-03-20 to 2015-04-04
2015-06-30 04:45:06,404 Starting Live from 2015-04-05 to 2015-04-10
2015-06-30 04:53:02,582 Starting Q Learning for : 
2015-06-30 04:53:02,584 alpha = 0.8
2015-06-30 04:53:02,584 gamma = 0.7
2015-06-30 04:53:02,584 individual factor = 10
2015-06-30 04:53:02,584 zero range = 0.002
2015-06-30 04:53:02,584 greedy level = 5
2015-06-30 04:53:02,584 

2015-06-30 04:53:08,701 Starting Training from 2014-12-17 to 2015-01-01
2015-06-30 05:05:11,184 Starting Live from 2015-01-02 to 2015-02-01
2015-06-30 05:33:00,456 Starting Training from 2015-01-17 to 2015-02-01
2015-06-30 05:34:25,102 Starting Live from 2015-02-02 to 2015-03-04
2015-06-30 06:06:43,470 Starting Training from 2015-02-17 to 2015-03-04
2015-06-30 06:08:56,790 Starting Live from 2015-03-05 to 2015-04-04
2015-06-30 06:38:19,230 Starting Training from 2015-03-20 to 2015-04-04
2015-06-30 06:39:50,351 Starting Live from 2015-04-05 to 2015-04-10
2015-06-30 06:47:56,983 Starting Q Learning for : 
2015-06-30 06:47:56,983 alpha = 0.8
2015-06-30 06:47:56,983 gamma = 0.8
2015-06-30 06:47:56,983 individual factor = 10
2015-06-30 06:47:56,983 zero range = 0.002
2015-06-30 06:47:56,983 greedy level = 5
2015-06-30 06:47:56,983 

2015-06-30 06:48:03,323 Starting Training from 2014-12-17 to 2015-01-01
2015-06-30 07:00:19,319 Starting Live from 2015-01-02 to 2015-02-01
2015-06-30 07:28:24,618 Starting Training from 2015-01-17 to 2015-02-01
2015-06-30 07:29:51,526 Starting Live from 2015-02-02 to 2015-03-04
2015-06-30 08:02:31,312 Starting Training from 2015-02-17 to 2015-03-04
2015-06-30 08:04:42,854 Starting Live from 2015-03-05 to 2015-04-04
2015-06-30 08:33:43,476 Starting Training from 2015-03-20 to 2015-04-04
2015-06-30 08:35:14,966 Starting Live from 2015-04-05 to 2015-04-10
2015-06-30 08:43:20,900 Starting Q Learning for : 
2015-06-30 08:43:20,901 alpha = 0.2
2015-06-30 08:43:20,901 gamma = 0.1
2015-06-30 08:43:20,901 individual factor = 10
2015-06-30 08:43:20,901 zero range = 0.006
2015-06-30 08:43:20,901 greedy level = 5
2015-06-30 08:43:20,901 

2015-06-30 08:43:26,042 Starting Training from 2014-12-17 to 2015-01-01
2015-06-30 08:55:30,759 Starting Live from 2015-01-02 to 2015-02-01
2015-06-30 09:23:19,161 Starting Training from 2015-01-17 to 2015-02-01
2015-06-30 09:24:51,003 Starting Live from 2015-02-02 to 2015-03-04
2015-06-30 09:57:19,529 Starting Training from 2015-02-17 to 2015-03-04
2015-06-30 09:59:48,303 Starting Live from 2015-03-05 to 2015-04-04
2015-06-30 10:28:28,924 Starting Training from 2015-03-20 to 2015-04-04
2015-06-30 10:29:57,153 Starting Live from 2015-04-05 to 2015-04-10
2015-06-30 10:37:42,454 Starting Q Learning for : 
2015-06-30 10:37:42,456 alpha = 0.2
2015-06-30 10:37:42,456 gamma = 0.2
2015-06-30 10:37:42,456 individual factor = 10
2015-06-30 10:37:42,456 zero range = 0.006
2015-06-30 10:37:42,456 greedy level = 5
2015-06-30 10:37:42,456 

2015-06-30 10:37:49,102 Starting Training from 2014-12-17 to 2015-01-01
2015-06-30 10:49:34,069 Starting Live from 2015-01-02 to 2015-02-01
2015-06-30 11:16:15,414 Starting Training from 2015-01-17 to 2015-02-01
2015-06-30 11:17:31,345 Starting Live from 2015-02-02 to 2015-03-04
2015-06-30 11:47:33,319 Starting Training from 2015-02-17 to 2015-03-04
2015-06-30 11:49:22,992 Starting Live from 2015-03-05 to 2015-04-04
2015-06-30 12:17:06,292 Starting Training from 2015-03-20 to 2015-04-04
2015-06-30 12:18:46,551 Starting Live from 2015-04-05 to 2015-04-10
2015-06-30 12:26:28,822 Starting Q Learning for : 
2015-06-30 12:26:28,822 alpha = 0.2
2015-06-30 12:26:28,822 gamma = 0.3
2015-06-30 12:26:28,822 individual factor = 10
2015-06-30 12:26:28,822 zero range = 0.006
2015-06-30 12:26:28,822 greedy level = 5
2015-06-30 12:26:28,822 

2015-06-30 12:26:34,411 Starting Training from 2014-12-17 to 2015-01-01
2015-06-30 12:37:03,513 Starting Live from 2015-01-02 to 2015-02-01
2015-06-30 13:03:56,752 Starting Training from 2015-01-17 to 2015-02-01
2015-06-30 13:05:20,953 Starting Live from 2015-02-02 to 2015-03-04
2015-06-30 13:35:03,006 Starting Training from 2015-02-17 to 2015-03-04
2015-06-30 13:36:47,571 Starting Live from 2015-03-05 to 2015-04-04
2015-06-30 14:03:49,470 Starting Training from 2015-03-20 to 2015-04-04
2015-06-30 14:05:19,381 Starting Live from 2015-04-05 to 2015-04-10
2015-06-30 14:13:59,956 Starting Q Learning for : 
2015-06-30 14:13:59,957 alpha = 0.2
2015-06-30 14:13:59,957 gamma = 0.4
2015-06-30 14:13:59,957 individual factor = 10
2015-06-30 14:13:59,957 zero range = 0.006
2015-06-30 14:13:59,957 greedy level = 5
2015-06-30 14:13:59,957 

2015-06-30 14:14:06,265 Starting Training from 2014-12-17 to 2015-01-01
2015-06-30 14:24:35,717 Starting Live from 2015-01-02 to 2015-02-01
2015-06-30 14:50:52,164 Starting Training from 2015-01-17 to 2015-02-01
2015-06-30 14:52:08,292 Starting Live from 2015-02-02 to 2015-03-04
2015-06-30 15:23:09,444 Starting Training from 2015-02-17 to 2015-03-04
2015-06-30 15:24:59,513 Starting Live from 2015-03-05 to 2015-04-04
2015-06-30 15:52:18,118 Starting Training from 2015-03-20 to 2015-04-04
2015-06-30 15:53:44,035 Starting Live from 2015-04-05 to 2015-04-10
2015-06-30 16:01:33,377 Starting Q Learning for : 
2015-06-30 16:01:33,377 alpha = 0.2
2015-06-30 16:01:33,378 gamma = 0.5
2015-06-30 16:01:33,378 individual factor = 10
2015-06-30 16:01:33,378 zero range = 0.006
2015-06-30 16:01:33,378 greedy level = 5
2015-06-30 16:01:33,378 

2015-06-30 16:01:38,641 Starting Training from 2014-12-17 to 2015-01-01
2015-06-30 16:13:11,818 Starting Live from 2015-01-02 to 2015-02-01
2015-06-30 16:39:32,410 Starting Training from 2015-01-17 to 2015-02-01
2015-06-30 16:40:49,108 Starting Live from 2015-02-02 to 2015-03-04
2015-06-30 17:11:07,418 Starting Training from 2015-02-17 to 2015-03-04
2015-06-30 17:13:20,130 Starting Live from 2015-03-05 to 2015-04-04
2015-06-30 17:41:29,881 Starting Training from 2015-03-20 to 2015-04-04
2015-06-30 17:42:59,348 Starting Live from 2015-04-05 to 2015-04-10
2015-06-30 17:51:03,772 Starting Q Learning for : 
2015-06-30 17:51:03,773 alpha = 0.2
2015-06-30 17:51:03,773 gamma = 0.6
2015-06-30 17:51:03,773 individual factor = 10
2015-06-30 17:51:03,773 zero range = 0.006
2015-06-30 17:51:03,773 greedy level = 5
2015-06-30 17:51:03,773 

2015-06-30 17:51:09,618 Starting Training from 2014-12-17 to 2015-01-01
2015-06-30 18:02:40,622 Starting Live from 2015-01-02 to 2015-02-01
2015-06-30 18:29:16,823 Starting Training from 2015-01-17 to 2015-02-01
2015-06-30 18:30:38,598 Starting Live from 2015-02-02 to 2015-03-04
2015-06-30 18:59:25,079 Starting Training from 2015-02-17 to 2015-03-04
2015-06-30 19:01:02,470 Starting Live from 2015-03-05 to 2015-04-04
2015-06-30 19:28:30,591 Starting Training from 2015-03-20 to 2015-04-04
2015-06-30 19:30:09,901 Starting Live from 2015-04-05 to 2015-04-10
2015-06-30 19:38:06,528 Starting Q Learning for : 
2015-06-30 19:38:06,528 alpha = 0.2
2015-06-30 19:38:06,528 gamma = 0.7
2015-06-30 19:38:06,528 individual factor = 10
2015-06-30 19:38:06,528 zero range = 0.006
2015-06-30 19:38:06,528 greedy level = 5
2015-06-30 19:38:06,528 

2015-06-30 19:38:12,048 Starting Training from 2014-12-17 to 2015-01-01
2015-06-30 19:49:36,752 Starting Live from 2015-01-02 to 2015-02-01
2015-06-30 20:16:32,532 Starting Training from 2015-01-17 to 2015-02-01
2015-06-30 20:17:48,882 Starting Live from 2015-02-02 to 2015-03-04
2015-06-30 20:48:27,655 Starting Training from 2015-02-17 to 2015-03-04
2015-06-30 20:50:12,048 Starting Live from 2015-03-05 to 2015-04-04
2015-06-30 21:16:55,121 Starting Training from 2015-03-20 to 2015-04-04
2015-06-30 21:18:22,997 Starting Live from 2015-04-05 to 2015-04-10
2015-06-30 21:26:43,940 Starting Q Learning for : 
2015-06-30 21:26:43,940 alpha = 0.2
2015-06-30 21:26:43,940 gamma = 0.8
2015-06-30 21:26:43,940 individual factor = 10
2015-06-30 21:26:43,940 zero range = 0.006
2015-06-30 21:26:43,941 greedy level = 5
2015-06-30 21:26:43,943 

2015-06-30 21:26:49,154 Starting Training from 2014-12-17 to 2015-01-01
2015-06-30 21:37:32,009 Starting Live from 2015-01-02 to 2015-02-01
2015-06-30 22:03:42,042 Starting Training from 2015-01-17 to 2015-02-01
2015-06-30 22:05:03,164 Starting Live from 2015-02-02 to 2015-03-04
2015-06-30 22:35:33,917 Starting Training from 2015-02-17 to 2015-03-04
2015-06-30 22:37:19,256 Starting Live from 2015-03-05 to 2015-04-04
2015-06-30 23:04:31,721 Starting Training from 2015-03-20 to 2015-04-04
2015-06-30 23:05:54,691 Starting Live from 2015-04-05 to 2015-04-10
2015-06-30 23:13:51,697 Starting Q Learning for : 
2015-06-30 23:13:51,697 alpha = 0.6
2015-06-30 23:13:51,697 gamma = 0.1
2015-06-30 23:13:51,697 individual factor = 10
2015-06-30 23:13:51,697 zero range = 0.01
2015-06-30 23:13:51,697 greedy level = 5
2015-06-30 23:13:51,698 

2015-06-30 23:13:58,267 Starting Training from 2014-12-17 to 2015-01-01
2015-06-30 23:25:53,190 Starting Live from 2015-01-02 to 2015-02-01
2015-06-30 23:52:44,484 Starting Training from 2015-01-17 to 2015-02-01
2015-06-30 23:54:01,536 Starting Live from 2015-02-02 to 2015-03-04
2015-07-01 00:24:11,500 Starting Training from 2015-02-17 to 2015-03-04
2015-07-01 00:26:03,417 Starting Live from 2015-03-05 to 2015-04-04
2015-07-01 00:52:26,336 Starting Training from 2015-03-20 to 2015-04-04
2015-07-01 00:53:49,256 Starting Live from 2015-04-05 to 2015-04-10
2015-07-01 01:01:08,608 Starting Q Learning for : 
2015-07-01 01:01:08,608 alpha = 0.6
2015-07-01 01:01:08,608 gamma = 0.2
2015-07-01 01:01:08,609 individual factor = 10
2015-07-01 01:01:08,609 zero range = 0.01
2015-07-01 01:01:08,609 greedy level = 5
2015-07-01 01:01:08,609 

2015-07-01 01:01:13,780 Starting Training from 2014-12-17 to 2015-01-01
2015-07-01 01:12:04,703 Starting Live from 2015-01-02 to 2015-02-01
2015-07-01 01:36:40,023 Starting Training from 2015-01-17 to 2015-02-01
2015-07-01 01:37:52,779 Starting Live from 2015-02-02 to 2015-03-04
2015-07-01 02:05:39,016 Starting Training from 2015-02-17 to 2015-03-04
2015-07-01 02:07:13,016 Starting Live from 2015-03-05 to 2015-04-04
2015-07-01 02:32:50,602 Starting Training from 2015-03-20 to 2015-04-04
2015-07-01 02:34:08,911 Starting Live from 2015-04-05 to 2015-04-10
2015-07-01 02:42:20,305 Starting Q Learning for : 
2015-07-01 02:42:20,305 alpha = 0.6
2015-07-01 02:42:20,305 gamma = 0.3
2015-07-01 02:42:20,305 individual factor = 10
2015-07-01 02:42:20,305 zero range = 0.01
2015-07-01 02:42:20,305 greedy level = 5
2015-07-01 02:42:20,306 

2015-07-01 02:42:26,138 Starting Training from 2014-12-17 to 2015-01-01
2015-07-01 02:52:21,246 Starting Live from 2015-01-02 to 2015-02-01
2015-07-01 03:16:52,154 Starting Training from 2015-01-17 to 2015-02-01
2015-07-01 03:18:04,605 Starting Live from 2015-02-02 to 2015-03-04
2015-07-01 03:46:28,996 Starting Training from 2015-02-17 to 2015-03-04
2015-07-01 03:48:38,253 Starting Live from 2015-03-05 to 2015-04-04
2015-07-01 04:14:07,101 Starting Training from 2015-03-20 to 2015-04-04
2015-07-01 04:15:26,104 Starting Live from 2015-04-05 to 2015-04-10
2015-07-01 04:22:34,470 Starting Q Learning for : 
2015-07-01 04:22:34,470 alpha = 0.6
2015-07-01 04:22:34,470 gamma = 0.4
2015-07-01 04:22:34,470 individual factor = 10
2015-07-01 04:22:34,470 zero range = 0.01
2015-07-01 04:22:34,470 greedy level = 5
2015-07-01 04:22:34,471 

2015-07-01 04:22:40,428 Starting Training from 2014-12-17 to 2015-01-01
2015-07-01 04:32:47,740 Starting Live from 2015-01-02 to 2015-02-01
2015-07-01 04:57:34,809 Starting Training from 2015-01-17 to 2015-02-01
2015-07-01 04:58:48,901 Starting Live from 2015-02-02 to 2015-03-04
2015-07-01 05:26:31,164 Starting Training from 2015-02-17 to 2015-03-04
2015-07-01 05:28:04,532 Starting Live from 2015-03-05 to 2015-04-04
2015-07-01 05:53:16,766 Starting Training from 2015-03-20 to 2015-04-04
2015-07-01 05:54:32,477 Starting Live from 2015-04-05 to 2015-04-10
2015-07-01 06:01:32,858 Starting Q Learning for : 
2015-07-01 06:01:32,859 alpha = 0.6
2015-07-01 06:01:32,859 gamma = 0.5
2015-07-01 06:01:32,859 individual factor = 10
2015-07-01 06:01:32,859 zero range = 0.01
2015-07-01 06:01:32,859 greedy level = 5
2015-07-01 06:01:32,859 

2015-07-01 06:01:39,085 Starting Training from 2014-12-17 to 2015-01-01
2015-07-01 06:12:09,905 Starting Live from 2015-01-02 to 2015-02-01
2015-07-01 06:36:58,674 Starting Training from 2015-01-17 to 2015-02-01
2015-07-01 06:38:11,710 Starting Live from 2015-02-02 to 2015-03-04
2015-07-01 07:06:31,786 Starting Training from 2015-02-17 to 2015-03-04
2015-07-01 07:08:06,854 Starting Live from 2015-03-05 to 2015-04-04
2015-07-01 07:33:24,290 Starting Training from 2015-03-20 to 2015-04-04
2015-07-01 07:35:08,664 Starting Live from 2015-04-05 to 2015-04-10
2015-07-01 07:42:40,062 Starting Q Learning for : 
2015-07-01 07:42:40,062 alpha = 0.6
2015-07-01 07:42:40,062 gamma = 0.6
2015-07-01 07:42:40,062 individual factor = 10
2015-07-01 07:42:40,062 zero range = 0.01
2015-07-01 07:42:40,062 greedy level = 5
2015-07-01 07:42:40,062 

2015-07-01 07:42:46,671 Starting Training from 2014-12-17 to 2015-01-01
2015-07-01 07:52:21,197 Starting Live from 2015-01-02 to 2015-02-01
2015-07-01 08:16:42,171 Starting Training from 2015-01-17 to 2015-02-01
2015-07-01 08:17:52,456 Starting Live from 2015-02-02 to 2015-03-04
2015-07-01 08:46:50,684 Starting Training from 2015-02-17 to 2015-03-04
2015-07-01 08:48:26,921 Starting Live from 2015-03-05 to 2015-04-04
2015-07-01 09:13:30,542 Starting Training from 2015-03-20 to 2015-04-04
2015-07-01 09:14:46,542 Starting Live from 2015-04-05 to 2015-04-10
2015-07-01 09:21:50,983 Starting Q Learning for : 
2015-07-01 09:21:50,983 alpha = 0.6
2015-07-01 09:21:50,983 gamma = 0.7
2015-07-01 09:21:50,983 individual factor = 10
2015-07-01 09:21:50,983 zero range = 0.01
2015-07-01 09:21:50,983 greedy level = 5
2015-07-01 09:21:50,983 

2015-07-01 09:21:56,525 Starting Training from 2014-12-17 to 2015-01-01
2015-07-01 09:32:26,911 Starting Live from 2015-01-02 to 2015-02-01
2015-07-01 09:56:22,868 Starting Training from 2015-01-17 to 2015-02-01
2015-07-01 09:57:33,829 Starting Live from 2015-02-02 to 2015-03-04
2015-07-01 10:24:56,806 Starting Training from 2015-02-17 to 2015-03-04
2015-07-01 10:26:28,615 Starting Live from 2015-03-05 to 2015-04-04
2015-07-01 10:51:05,798 Starting Training from 2015-03-20 to 2015-04-04
2015-07-01 10:52:20,354 Starting Live from 2015-04-05 to 2015-04-10
2015-07-01 10:59:49,506 Starting Q Learning for : 
2015-07-01 10:59:49,506 alpha = 0.6
2015-07-01 10:59:49,506 gamma = 0.8
2015-07-01 10:59:49,506 individual factor = 10
2015-07-01 10:59:49,506 zero range = 0.01
2015-07-01 10:59:49,506 greedy level = 5
2015-07-01 10:59:49,507 

2015-07-01 10:59:57,058 Starting Training from 2014-12-17 to 2015-01-01
2015-07-01 11:09:54,589 Starting Live from 2015-01-02 to 2015-02-01
2015-07-01 11:33:20,354 Starting Training from 2015-01-17 to 2015-02-01
2015-07-01 11:34:27,895 Starting Live from 2015-02-02 to 2015-03-04
2015-07-01 12:01:03,841 Starting Training from 2015-02-17 to 2015-03-04
2015-07-01 12:02:34,076 Starting Live from 2015-03-05 to 2015-04-04
2015-07-01 12:26:07,885 Starting Training from 2015-03-20 to 2015-04-04
2015-07-01 12:27:18,348 Starting Live from 2015-04-05 to 2015-04-10
