2015-06-30 15:12:30,774 Starting mtm calculation
2015-06-30 15:12:30,775 Calculating mtm for 2014-12-01
2015-06-30 15:12:32,499 Calculating mtm for 2014-12-02
2015-06-30 15:12:35,543 Calculating mtm for 2014-12-03
2015-06-30 15:12:37,347 Calculating mtm for 2014-12-04
2015-06-30 15:12:38,851 Calculating mtm for 2014-12-05
2015-06-30 15:12:43,349 Calculating mtm for 2014-12-06
2015-06-30 15:12:43,355 Calculating mtm for 2014-12-07
2015-06-30 15:12:43,417 Calculating mtm for 2014-12-08
2015-06-30 15:12:43,601 Calculating mtm for 2014-12-09
2015-06-30 15:12:45,784 Calculating mtm for 2014-12-10
2015-06-30 15:12:48,388 Calculating mtm for 2014-12-11
2015-06-30 15:12:50,462 Calculating mtm for 2014-12-12
2015-06-30 15:12:55,751 Calculating mtm for 2014-12-13
2015-06-30 15:12:55,755 Calculating mtm for 2014-12-14
2015-06-30 15:12:55,759 Calculating mtm for 2014-12-15
2015-06-30 15:12:59,470 Calculating mtm for 2014-12-16
2015-06-30 15:13:04,709 Calculating mtm for 2014-12-17
2015-06-30 15:13:08,121 Calculating mtm for 2014-12-18
2015-06-30 15:13:10,743 Calculating mtm for 2014-12-19
2015-06-30 15:13:12,895 Calculating mtm for 2014-12-20
2015-06-30 15:13:12,897 Calculating mtm for 2014-12-21
2015-06-30 15:13:12,900 Calculating mtm for 2014-12-22
2015-06-30 15:13:15,812 Calculating mtm for 2014-12-23
2015-06-30 15:13:17,453 Calculating mtm for 2014-12-24
2015-06-30 15:13:23,598 Calculating mtm for 2014-12-25
2015-06-30 15:13:23,602 Calculating mtm for 2014-12-26
2015-06-30 15:13:26,625 Calculating mtm for 2014-12-27
2015-06-30 15:13:26,630 Calculating mtm for 2014-12-28
2015-06-30 15:13:26,632 Calculating mtm for 2014-12-29
2015-06-30 15:13:27,828 Calculating mtm for 2014-12-30
2015-06-30 15:13:28,889 Calculating mtm for 2014-12-31
2015-06-30 15:13:30,092 Calculating mtm for 2015-01-01
2015-06-30 15:13:32,648 Calculating mtm for 2015-01-02
2015-06-30 15:13:34,493 Calculating mtm for 2015-01-03
2015-06-30 15:13:34,497 Calculating mtm for 2015-01-04
2015-06-30 15:13:34,500 Calculating mtm for 2015-01-05
2015-06-30 15:13:41,138 Calculating mtm for 2015-01-06
2015-06-30 15:13:45,468 Calculating mtm for 2015-01-07
2015-06-30 15:13:49,291 Calculating mtm for 2015-01-08
2015-06-30 15:13:50,529 Calculating mtm for 2015-01-09
2015-06-30 15:13:53,732 Calculating mtm for 2015-01-10
2015-06-30 15:13:53,738 Calculating mtm for 2015-01-11
2015-06-30 15:13:53,740 Calculating mtm for 2015-01-12
2015-06-30 15:13:57,593 Calculating mtm for 2015-01-13
2015-06-30 15:14:00,090 Calculating mtm for 2015-01-14
2015-06-30 15:14:02,025 Calculating mtm for 2015-01-15
2015-06-30 15:14:05,716 Calculating mtm for 2015-01-16
2015-06-30 15:14:08,762 Calculating mtm for 2015-01-17
2015-06-30 15:14:08,767 Calculating mtm for 2015-01-18
2015-06-30 15:14:08,772 Calculating mtm for 2015-01-19
2015-06-30 15:14:18,271 Calculating mtm for 2015-01-20
2015-06-30 15:14:23,166 Calculating mtm for 2015-01-21
2015-06-30 15:14:26,340 Calculating mtm for 2015-01-22
2015-06-30 15:14:31,997 Calculating mtm for 2015-01-23
2015-06-30 15:14:36,394 Calculating mtm for 2015-01-24
2015-06-30 15:14:36,398 Calculating mtm for 2015-01-25
2015-06-30 15:14:36,400 Calculating mtm for 2015-01-26
2015-06-30 15:14:36,402 Calculating mtm for 2015-01-27
2015-06-30 15:14:39,127 Calculating mtm for 2015-01-28
2015-06-30 15:14:42,677 Calculating mtm for 2015-01-29
2015-06-30 15:14:46,016 Calculating mtm for 2015-01-30
2015-06-30 15:14:54,940 Calculating mtm for 2015-01-31
2015-06-30 15:14:54,944 Calculating mtm for 2015-02-01
2015-06-30 15:14:54,947 Calculating mtm for 2015-02-02
2015-06-30 15:14:56,476 Calculating mtm for 2015-02-03
2015-06-30 15:14:59,818 Calculating mtm for 2015-02-04
2015-06-30 15:15:07,214 Calculating mtm for 2015-02-05
2015-06-30 15:15:11,379 Calculating mtm for 2015-02-06
2015-06-30 15:15:12,548 Calculating mtm for 2015-02-07
2015-06-30 15:15:12,550 Calculating mtm for 2015-02-08
2015-06-30 15:15:12,552 Calculating mtm for 2015-02-09
2015-06-30 15:15:15,703 Calculating mtm for 2015-02-10
2015-06-30 15:15:18,936 Updating ranks for walkforward - 1
2015-06-30 15:15:52,456 Updating ranks for walkforward - 2
2015-06-30 15:16:12,502 Updating ranks for walkforward - 3
2015-06-30 15:16:28,262 Done Ranking. Calling processes now.
2015-06-30 15:16:28,263 Starting Q Learning for : 
2015-06-30 15:16:28,263 alpha = 0.5
2015-06-30 15:16:28,263 gamma = 0.1
2015-06-30 15:16:28,263 individual factor = 10
2015-06-30 15:16:28,263 zero range = 0.002
2015-06-30 15:16:28,263 greedy level = 5
2015-06-30 15:16:28,263 

2015-06-30 15:16:28,270 Starting Q Learning for : 
2015-06-30 15:16:28,270 alpha = 0.2
2015-06-30 15:16:28,270 gamma = 0.3
2015-06-30 15:16:28,270 individual factor = 10
2015-06-30 15:16:28,270 zero range = 0.002
2015-06-30 15:16:28,270 greedy level = 5
2015-06-30 15:16:28,270 

2015-06-30 15:16:28,273 Starting Q Learning for : 
2015-06-30 15:16:28,274 alpha = 0.4
2015-06-30 15:16:28,274 gamma = 0.5
2015-06-30 15:16:28,274 individual factor = 10
2015-06-30 15:16:28,274 zero range = 0.002
2015-06-30 15:16:28,274 greedy level = 5
2015-06-30 15:16:28,274 

2015-06-30 15:16:30,359 Starting Training from 2015-01-01 to 2015-01-31
2015-06-30 15:16:30,712 Starting Training from 2015-01-01 to 2015-01-31
2015-06-30 15:16:31,621 Starting Training from 2015-01-01 to 2015-01-31
2015-06-30 15:37:02,122 Starting Live from 2015-02-01 to 2015-03-03
2015-06-30 15:37:15,737 Starting Live from 2015-02-01 to 2015-03-03
2015-06-30 15:37:19,275 Starting Live from 2015-02-01 to 2015-03-03
2015-06-30 15:56:16,732 Starting Training from 2015-02-01 to 2015-03-03
2015-06-30 15:56:24,703 Starting Training from 2015-02-01 to 2015-03-03
2015-06-30 15:56:38,019 Starting Training from 2015-02-01 to 2015-03-03
2015-06-30 15:57:44,986 Starting Live from 2015-03-04 to 2015-04-03
2015-06-30 15:57:51,914 Starting Live from 2015-03-04 to 2015-04-03
2015-06-30 15:58:04,509 Starting Live from 2015-03-04 to 2015-04-03
2015-06-30 16:17:49,429 Starting Training from 2015-03-04 to 2015-04-03
2015-06-30 16:18:19,956 Starting Training from 2015-03-04 to 2015-04-03
2015-06-30 16:18:39,785 Starting Training from 2015-03-04 to 2015-04-03
2015-06-30 16:19:23,409 Starting Live from 2015-04-04 to 2015-04-10
2015-06-30 16:19:58,283 Starting Live from 2015-04-04 to 2015-04-10
2015-06-30 16:20:14,757 Starting Live from 2015-04-04 to 2015-04-10
2015-06-30 16:25:24,224 Starting Q Learning for : 
2015-06-30 16:25:24,224 alpha = 0.4
2015-06-30 16:25:24,224 gamma = 0.6
2015-06-30 16:25:24,224 individual factor = 10
2015-06-30 16:25:24,224 zero range = 0.002
2015-06-30 16:25:24,224 greedy level = 5
2015-06-30 16:25:24,224 

2015-06-30 16:25:25,260 Starting Training from 2015-01-01 to 2015-01-31
2015-06-30 16:26:50,002 Starting Q Learning for : 
2015-06-30 16:26:50,002 alpha = 0.2
2015-06-30 16:26:50,002 gamma = 0.4
2015-06-30 16:26:50,002 individual factor = 10
2015-06-30 16:26:50,002 zero range = 0.002
2015-06-30 16:26:50,002 greedy level = 5
2015-06-30 16:26:50,002 

2015-06-30 16:26:51,017 Starting Training from 2015-01-01 to 2015-01-31
2015-06-30 16:27:07,060 Starting Q Learning for : 
2015-06-30 16:27:07,060 alpha = 0.5
2015-06-30 16:27:07,060 gamma = 0.2
2015-06-30 16:27:07,060 individual factor = 10
2015-06-30 16:27:07,060 zero range = 0.002
2015-06-30 16:27:07,060 greedy level = 5
2015-06-30 16:27:07,060 

2015-06-30 16:27:08,001 Starting Training from 2015-01-01 to 2015-01-31
2015-06-30 16:46:39,312 Starting Live from 2015-02-01 to 2015-03-03
2015-06-30 16:47:42,483 Starting Live from 2015-02-01 to 2015-03-03
2015-06-30 16:47:43,406 Starting Live from 2015-02-01 to 2015-03-03
2015-06-30 17:04:52,833 Starting Training from 2015-02-01 to 2015-03-03
2015-06-30 17:05:44,414 Starting Training from 2015-02-01 to 2015-03-03
2015-06-30 17:05:48,381 Starting Training from 2015-02-01 to 2015-03-03
2015-06-30 17:06:19,668 Starting Live from 2015-03-04 to 2015-04-03
2015-06-30 17:07:09,193 Starting Live from 2015-03-04 to 2015-04-03
2015-06-30 17:07:14,910 Starting Live from 2015-03-04 to 2015-04-03
2015-06-30 17:26:01,738 Starting Training from 2015-03-04 to 2015-04-03
2015-06-30 17:26:48,070 Starting Training from 2015-03-04 to 2015-04-03
2015-06-30 17:27:11,930 Starting Training from 2015-03-04 to 2015-04-03
2015-06-30 17:27:21,693 Starting Live from 2015-04-04 to 2015-04-10
2015-06-30 17:28:15,593 Starting Live from 2015-04-04 to 2015-04-10
2015-06-30 17:28:32,249 Starting Live from 2015-04-04 to 2015-04-10
2015-06-30 17:34:23,295 Starting Q Learning for : 
2015-06-30 17:34:23,295 alpha = 0.4
2015-06-30 17:34:23,295 gamma = 0.7
2015-06-30 17:34:23,295 individual factor = 10
2015-06-30 17:34:23,295 zero range = 0.002
2015-06-30 17:34:23,295 greedy level = 5
2015-06-30 17:34:23,295 

2015-06-30 17:34:24,545 Starting Training from 2015-01-01 to 2015-01-31
2015-06-30 17:35:22,972 Starting Q Learning for : 
2015-06-30 17:35:22,972 alpha = 0.2
2015-06-30 17:35:22,973 gamma = 0.5
2015-06-30 17:35:22,973 individual factor = 10
2015-06-30 17:35:22,973 zero range = 0.002
2015-06-30 17:35:22,973 greedy level = 5
2015-06-30 17:35:22,973 

2015-06-30 17:35:25,243 Starting Training from 2015-01-01 to 2015-01-31
2015-06-30 17:35:32,040 Starting Q Learning for : 
2015-06-30 17:35:32,040 alpha = 0.5
2015-06-30 17:35:32,040 gamma = 0.3
2015-06-30 17:35:32,040 individual factor = 10
2015-06-30 17:35:32,040 zero range = 0.002
2015-06-30 17:35:32,040 greedy level = 5
2015-06-30 17:35:32,040 

2015-06-30 17:35:32,630 Starting Training from 2015-01-01 to 2015-01-31
2015-06-30 17:54:37,734 Starting Live from 2015-02-01 to 2015-03-03
2015-06-30 17:55:20,487 Starting Live from 2015-02-01 to 2015-03-03
2015-06-30 17:55:29,378 Starting Live from 2015-02-01 to 2015-03-03
2015-06-30 18:09:21,838 Starting Training from 2015-02-01 to 2015-03-03
2015-06-30 18:10:51,384 Starting Live from 2015-03-04 to 2015-04-03
2015-06-30 18:13:42,036 Starting Training from 2015-02-01 to 2015-03-03
2015-06-30 18:13:55,291 Starting Training from 2015-02-01 to 2015-03-03
2015-06-30 18:15:03,803 Starting Live from 2015-03-04 to 2015-04-03
2015-06-30 18:15:16,069 Starting Live from 2015-03-04 to 2015-04-03
2015-06-30 18:18:44,444 Starting Training from 2015-03-04 to 2015-04-03
2015-06-30 18:28:58,471 Starting Live from 2015-04-04 to 2015-04-10
2015-06-30 18:32:44,125 Starting Q Learning for : 
2015-06-30 18:32:44,125 alpha = 0.4
2015-06-30 18:32:44,125 gamma = 0.8
2015-06-30 18:32:44,125 individual factor = 10
2015-06-30 18:32:44,126 zero range = 0.002
2015-06-30 18:32:44,126 greedy level = 5
2015-06-30 18:32:44,126 

2015-06-30 18:32:44,911 Starting Training from 2015-01-01 to 2015-01-31
2015-06-30 18:34:52,191 Starting Training from 2015-03-04 to 2015-04-03
2015-06-30 18:35:08,430 Starting Training from 2015-03-04 to 2015-04-03
2015-06-30 18:36:22,409 Starting Live from 2015-04-04 to 2015-04-10
2015-06-30 18:36:34,064 Starting Live from 2015-04-04 to 2015-04-10
2015-06-30 18:41:50,671 Starting Q Learning for : 
2015-06-30 18:41:50,671 alpha = 0.2
2015-06-30 18:41:50,671 gamma = 0.6
2015-06-30 18:41:50,671 individual factor = 10
2015-06-30 18:41:50,671 zero range = 0.002
2015-06-30 18:41:50,671 greedy level = 5
2015-06-30 18:41:50,672 

2015-06-30 18:41:52,641 Starting Training from 2015-01-01 to 2015-01-31
2015-06-30 18:42:35,765 Starting Q Learning for : 
2015-06-30 18:42:35,765 alpha = 0.5
2015-06-30 18:42:35,765 gamma = 0.4
2015-06-30 18:42:35,765 individual factor = 10
2015-06-30 18:42:35,765 zero range = 0.002
2015-06-30 18:42:35,765 greedy level = 5
2015-06-30 18:42:35,765 

2015-06-30 18:42:39,236 Starting Training from 2015-01-01 to 2015-01-31
2015-06-30 18:52:13,793 Starting Live from 2015-02-01 to 2015-03-03
2015-06-30 19:01:50,803 Starting Live from 2015-02-01 to 2015-03-03
2015-06-30 19:02:10,560 Starting Live from 2015-02-01 to 2015-03-03
2015-06-30 19:06:12,230 Starting Training from 2015-02-01 to 2015-03-03
2015-06-30 19:07:42,542 Starting Live from 2015-03-04 to 2015-04-03
2015-06-30 19:12:46,040 Starting Training from 2015-03-04 to 2015-04-03
2015-06-30 19:19:28,557 Starting Training from 2015-02-01 to 2015-03-03
2015-06-30 19:19:55,713 Starting Training from 2015-02-01 to 2015-03-03
2015-06-30 19:20:52,392 Starting Live from 2015-03-04 to 2015-04-03
2015-06-30 19:21:15,831 Starting Live from 2015-03-04 to 2015-04-03
2015-06-30 19:24:42,317 Starting Live from 2015-04-04 to 2015-04-10
2015-06-30 19:27:38,039 Starting Q Learning for : 
2015-06-30 19:27:38,039 alpha = 0.6
2015-06-30 19:27:38,039 gamma = 0.1
2015-06-30 19:27:38,039 individual factor = 10
2015-06-30 19:27:38,039 zero range = 0.002
2015-06-30 19:27:38,039 greedy level = 5
2015-06-30 19:27:38,039 

2015-06-30 19:27:39,257 Starting Training from 2015-01-01 to 2015-01-31
2015-06-30 19:39:31,382 Starting Training from 2015-03-04 to 2015-04-03
2015-06-30 19:40:18,400 Starting Training from 2015-03-04 to 2015-04-03
2015-06-30 19:41:15,312 Starting Live from 2015-04-04 to 2015-04-10
2015-06-30 19:41:39,706 Starting Live from 2015-04-04 to 2015-04-10
2015-06-30 19:46:36,025 Starting Live from 2015-02-01 to 2015-03-03
2015-06-30 19:46:36,306 Starting Q Learning for : 
2015-06-30 19:46:36,306 alpha = 0.2
2015-06-30 19:46:36,306 gamma = 0.7
2015-06-30 19:46:36,306 individual factor = 10
2015-06-30 19:46:36,306 zero range = 0.002
2015-06-30 19:46:36,306 greedy level = 5
2015-06-30 19:46:36,306 

2015-06-30 19:46:37,098 Starting Training from 2015-01-01 to 2015-01-31
2015-06-30 19:46:49,059 Starting Q Learning for : 
2015-06-30 19:46:49,059 alpha = 0.5
2015-06-30 19:46:49,060 gamma = 0.5
2015-06-30 19:46:49,060 individual factor = 10
2015-06-30 19:46:49,060 zero range = 0.002
2015-06-30 19:46:49,060 greedy level = 5
2015-06-30 19:46:49,060 

2015-06-30 19:46:49,492 Starting Training from 2015-01-01 to 2015-01-31
2015-06-30 20:03:25,355 Starting Training from 2015-02-01 to 2015-03-03
2015-06-30 20:04:46,762 Starting Live from 2015-03-04 to 2015-04-03
2015-06-30 20:05:02,672 Starting Live from 2015-02-01 to 2015-03-03
2015-06-30 20:05:30,683 Starting Live from 2015-02-01 to 2015-03-03
2015-06-30 20:19:20,147 Starting Training from 2015-02-01 to 2015-03-03
2015-06-30 20:20:41,790 Starting Live from 2015-03-04 to 2015-04-03
2015-06-30 20:23:23,969 Starting Training from 2015-02-01 to 2015-03-03
2015-06-30 20:25:14,740 Starting Training from 2015-03-04 to 2015-04-03
2015-06-30 20:26:37,433 Starting Live from 2015-03-04 to 2015-04-03
2015-06-30 20:27:22,521 Starting Live from 2015-04-04 to 2015-04-10
2015-06-30 20:30:17,399 Starting Training from 2015-03-04 to 2015-04-03
2015-06-30 20:32:48,324 Starting Q Learning for : 
2015-06-30 20:32:48,324 alpha = 0.6
2015-06-30 20:32:48,324 gamma = 0.2
2015-06-30 20:32:48,324 individual factor = 10
2015-06-30 20:32:48,324 zero range = 0.002
2015-06-30 20:32:48,324 greedy level = 5
2015-06-30 20:32:48,325 

2015-06-30 20:32:49,366 Starting Training from 2015-01-01 to 2015-01-31
2015-06-30 20:39:51,215 Starting Live from 2015-04-04 to 2015-04-10
2015-06-30 20:45:27,695 Starting Q Learning for : 
2015-06-30 20:45:27,695 alpha = 0.2
2015-06-30 20:45:27,695 gamma = 0.8
2015-06-30 20:45:27,695 individual factor = 10
2015-06-30 20:45:27,695 zero range = 0.002
2015-06-30 20:45:27,695 greedy level = 5
2015-06-30 20:45:27,695 

2015-06-30 20:45:28,012 Starting Training from 2015-01-01 to 2015-01-31
2015-06-30 20:47:13,593 Starting Training from 2015-03-04 to 2015-04-03
2015-06-30 20:48:42,279 Starting Live from 2015-04-04 to 2015-04-10
2015-06-30 20:53:05,832 Starting Live from 2015-02-01 to 2015-03-03
2015-06-30 20:53:47,992 Starting Q Learning for : 
2015-06-30 20:53:47,993 alpha = 0.5
2015-06-30 20:53:47,993 gamma = 0.6
2015-06-30 20:53:47,993 individual factor = 10
2015-06-30 20:53:47,993 zero range = 0.002
2015-06-30 20:53:47,993 greedy level = 5
2015-06-30 20:53:47,993 

2015-06-30 20:53:48,343 Starting Training from 2015-01-01 to 2015-01-31
2015-06-30 21:04:46,126 Starting Live from 2015-02-01 to 2015-03-03
2015-06-30 21:10:55,964 Starting Training from 2015-02-01 to 2015-03-03
2015-06-30 21:12:16,811 Starting Live from 2015-03-04 to 2015-04-03
2015-06-30 21:13:02,627 Starting Live from 2015-02-01 to 2015-03-03
2015-06-30 21:19:05,631 Starting Training from 2015-02-01 to 2015-03-03
2015-06-30 21:20:31,434 Starting Live from 2015-03-04 to 2015-04-03
2015-06-30 21:25:29,005 Starting Training from 2015-03-04 to 2015-04-03
2015-06-30 21:30:34,587 Starting Training from 2015-02-01 to 2015-03-03
2015-06-30 21:31:08,278 Starting Training from 2015-03-04 to 2015-04-03
2015-06-30 21:33:26,943 Starting Live from 2015-03-04 to 2015-04-03
2015-06-30 21:34:45,466 Starting Live from 2015-04-04 to 2015-04-10
2015-06-30 21:37:06,993 Starting Live from 2015-04-04 to 2015-04-10
2015-06-30 21:39:51,531 Starting Q Learning for : 
2015-06-30 21:39:51,532 alpha = 0.6
2015-06-30 21:39:51,532 gamma = 0.3
2015-06-30 21:39:51,532 individual factor = 10
2015-06-30 21:39:51,532 zero range = 0.002
2015-06-30 21:39:51,532 greedy level = 5
2015-06-30 21:39:51,532 

2015-06-30 21:39:53,459 Starting Training from 2015-01-01 to 2015-01-31
2015-06-30 21:39:58,925 Starting Q Learning for : 
2015-06-30 21:39:58,925 alpha = 0.4
2015-06-30 21:39:58,925 gamma = 0.1
2015-06-30 21:39:58,925 individual factor = 10
2015-06-30 21:39:58,925 zero range = 0.002
2015-06-30 21:39:58,925 greedy level = 5
2015-06-30 21:39:58,925 

2015-06-30 21:39:59,656 Starting Training from 2015-01-01 to 2015-01-31
2015-06-30 21:53:44,031 Starting Training from 2015-03-04 to 2015-04-03
2015-06-30 21:55:06,395 Starting Live from 2015-04-04 to 2015-04-10
2015-06-30 21:59:19,366 Starting Live from 2015-02-01 to 2015-03-03
2015-06-30 21:59:23,759 Starting Live from 2015-02-01 to 2015-03-03
2015-06-30 22:00:14,808 Starting Q Learning for : 
2015-06-30 22:00:14,808 alpha = 0.5
2015-06-30 22:00:14,808 gamma = 0.7
2015-06-30 22:00:14,808 individual factor = 10
2015-06-30 22:00:14,808 zero range = 0.002
2015-06-30 22:00:14,808 greedy level = 5
2015-06-30 22:00:14,808 

2015-06-30 22:00:15,713 Starting Training from 2015-01-01 to 2015-01-31
2015-06-30 22:17:26,668 Starting Training from 2015-02-01 to 2015-03-03
2015-06-30 22:17:28,525 Starting Training from 2015-02-01 to 2015-03-03
2015-06-30 22:18:45,244 Starting Live from 2015-03-04 to 2015-04-03
2015-06-30 22:18:46,836 Starting Live from 2015-03-04 to 2015-04-03
2015-06-30 22:19:40,576 Starting Live from 2015-02-01 to 2015-03-03
2015-06-30 22:33:55,487 Starting Training from 2015-02-01 to 2015-03-03
2015-06-30 22:35:15,455 Starting Live from 2015-03-04 to 2015-04-03
2015-06-30 22:37:28,698 Starting Training from 2015-03-04 to 2015-04-03
2015-06-30 22:37:34,731 Starting Training from 2015-03-04 to 2015-04-03
2015-06-30 22:38:50,919 Starting Live from 2015-04-04 to 2015-04-10
2015-06-30 22:38:56,976 Starting Live from 2015-04-04 to 2015-04-10
2015-06-30 22:44:43,891 Starting Training from 2015-03-04 to 2015-04-03
2015-06-30 22:45:55,367 Starting Q Learning for : 
2015-06-30 22:45:55,367 alpha = 0.4
2015-06-30 22:45:55,367 gamma = 0.2
2015-06-30 22:45:55,367 individual factor = 10
2015-06-30 22:45:55,368 zero range = 0.002
2015-06-30 22:45:55,368 greedy level = 5
2015-06-30 22:45:55,368 

2015-06-30 22:45:55,666 Starting Training from 2015-01-01 to 2015-01-31
2015-06-30 22:45:59,500 Starting Q Learning for : 
2015-06-30 22:45:59,500 alpha = 0.6
2015-06-30 22:45:59,500 gamma = 0.4
2015-06-30 22:45:59,500 individual factor = 10
2015-06-30 22:45:59,500 zero range = 0.002
2015-06-30 22:45:59,500 greedy level = 5
2015-06-30 22:45:59,500 

2015-06-30 22:45:59,825 Starting Training from 2015-01-01 to 2015-01-31
2015-06-30 22:53:00,895 Starting Live from 2015-04-04 to 2015-04-10
2015-06-30 22:56:40,861 Starting Q Learning for : 
2015-06-30 22:56:40,861 alpha = 0.5
2015-06-30 22:56:40,861 gamma = 0.8
2015-06-30 22:56:40,861 individual factor = 10
2015-06-30 22:56:40,861 zero range = 0.002
2015-06-30 22:56:40,861 greedy level = 5
2015-06-30 22:56:40,861 

2015-06-30 22:56:41,127 Starting Training from 2015-01-01 to 2015-01-31
2015-06-30 23:05:22,181 Starting Live from 2015-02-01 to 2015-03-03
2015-06-30 23:05:29,642 Starting Live from 2015-02-01 to 2015-03-03
2015-06-30 23:17:20,576 Starting Live from 2015-02-01 to 2015-03-03
2015-06-30 23:22:38,565 Starting Training from 2015-02-01 to 2015-03-03
2015-06-30 23:23:22,522 Starting Training from 2015-02-01 to 2015-03-03
2015-06-30 23:23:57,868 Starting Live from 2015-03-04 to 2015-04-03
2015-06-30 23:24:45,473 Starting Live from 2015-03-04 to 2015-04-03
2015-06-30 23:30:15,706 Starting Training from 2015-02-01 to 2015-03-03
2015-06-30 23:31:35,202 Starting Live from 2015-03-04 to 2015-04-03
2015-06-30 23:38:51,350 Starting Training from 2015-03-04 to 2015-04-03
2015-06-30 23:42:48,921 Starting Training from 2015-03-04 to 2015-04-03
2015-06-30 23:43:43,093 Starting Training from 2015-03-04 to 2015-04-03
2015-06-30 23:44:23,826 Starting Live from 2015-04-04 to 2015-04-10
2015-06-30 23:45:07,810 Starting Live from 2015-04-04 to 2015-04-10
2015-06-30 23:49:14,665 Starting Live from 2015-04-04 to 2015-04-10
2015-06-30 23:49:52,513 Starting Q Learning for : 
2015-06-30 23:49:52,513 alpha = 0.4
2015-06-30 23:49:52,513 gamma = 0.3
2015-06-30 23:49:52,514 individual factor = 10
2015-06-30 23:49:52,514 zero range = 0.002
2015-06-30 23:49:52,514 greedy level = 5
2015-06-30 23:49:52,514 

2015-06-30 23:49:52,851 Starting Training from 2015-01-01 to 2015-01-31
2015-06-30 23:50:39,512 Starting Q Learning for : 
2015-06-30 23:50:39,512 alpha = 0.6
2015-06-30 23:50:39,512 gamma = 0.5
2015-06-30 23:50:39,512 individual factor = 10
2015-06-30 23:50:39,512 zero range = 0.002
2015-06-30 23:50:39,512 greedy level = 5
2015-06-30 23:50:39,512 

2015-06-30 23:50:40,915 Starting Training from 2015-01-01 to 2015-01-31
2015-06-30 23:53:37,423 Starting Q Learning for : 
2015-06-30 23:53:37,423 alpha = 0.2
2015-06-30 23:53:37,423 gamma = 0.1
2015-06-30 23:53:37,423 individual factor = 10
2015-06-30 23:53:37,423 zero range = 0.002
2015-06-30 23:53:37,424 greedy level = 5
2015-06-30 23:53:37,424 

2015-06-30 23:53:40,452 Starting Training from 2015-01-01 to 2015-01-31
2015-07-01 00:10:31,628 Starting Live from 2015-02-01 to 2015-03-03
2015-07-01 00:11:05,662 Starting Live from 2015-02-01 to 2015-03-03
2015-07-01 00:12:46,424 Starting Live from 2015-02-01 to 2015-03-03
2015-07-01 00:28:05,506 Starting Training from 2015-02-01 to 2015-03-03
2015-07-01 00:28:45,150 Starting Training from 2015-02-01 to 2015-03-03
2015-07-01 00:29:26,595 Starting Live from 2015-03-04 to 2015-04-03
2015-07-01 00:30:04,539 Starting Live from 2015-03-04 to 2015-04-03
2015-07-01 00:30:12,964 Starting Training from 2015-02-01 to 2015-03-03
2015-07-01 00:31:41,343 Starting Live from 2015-03-04 to 2015-04-03
2015-07-01 00:48:35,679 Starting Training from 2015-03-04 to 2015-04-03
2015-07-01 00:49:13,964 Starting Training from 2015-03-04 to 2015-04-03
2015-07-01 00:49:58,573 Starting Live from 2015-04-04 to 2015-04-10
2015-07-01 00:50:38,735 Starting Live from 2015-04-04 to 2015-04-10
2015-07-01 00:50:44,342 Starting Training from 2015-03-04 to 2015-04-03
2015-07-01 00:52:09,745 Starting Live from 2015-04-04 to 2015-04-10
2015-07-01 00:55:03,907 Starting Q Learning for : 
2015-07-01 00:55:03,907 alpha = 0.4
2015-07-01 00:55:03,907 gamma = 0.4
2015-07-01 00:55:03,907 individual factor = 10
2015-07-01 00:55:03,907 zero range = 0.002
2015-07-01 00:55:03,908 greedy level = 5
2015-07-01 00:55:03,908 

2015-07-01 00:55:04,804 Starting Training from 2015-01-01 to 2015-01-31
2015-07-01 00:55:36,849 Starting Q Learning for : 
2015-07-01 00:55:36,849 alpha = 0.6
2015-07-01 00:55:36,849 gamma = 0.6
2015-07-01 00:55:36,849 individual factor = 10
2015-07-01 00:55:36,849 zero range = 0.002
2015-07-01 00:55:36,849 greedy level = 5
2015-07-01 00:55:36,849 

2015-07-01 00:55:38,072 Starting Training from 2015-01-01 to 2015-01-31
2015-07-01 00:57:13,837 Starting Q Learning for : 
2015-07-01 00:57:13,837 alpha = 0.2
2015-07-01 00:57:13,837 gamma = 0.2
2015-07-01 00:57:13,837 individual factor = 10
2015-07-01 00:57:13,837 zero range = 0.002
2015-07-01 00:57:13,837 greedy level = 5
2015-07-01 00:57:13,837 

2015-07-01 00:57:15,095 Starting Training from 2015-01-01 to 2015-01-31
2015-07-01 01:14:25,799 Starting Live from 2015-02-01 to 2015-03-03
2015-07-01 01:15:08,706 Starting Live from 2015-02-01 to 2015-03-03
2015-07-01 01:17:32,603 Starting Live from 2015-02-01 to 2015-03-03
2015-07-01 01:32:01,981 Starting Training from 2015-02-01 to 2015-03-03
2015-07-01 01:32:39,501 Starting Training from 2015-02-01 to 2015-03-03
2015-07-01 01:33:45,504 Starting Live from 2015-03-04 to 2015-04-03
2015-07-01 01:35:08,474 Starting Training from 2015-02-01 to 2015-03-03
2015-07-01 01:35:23,543 Starting Live from 2015-03-04 to 2015-04-03
2015-07-01 01:37:43,222 Starting Live from 2015-03-04 to 2015-04-03
2015-07-01 01:54:37,892 Starting Training from 2015-03-04 to 2015-04-03
2015-07-01 01:55:08,324 Starting Training from 2015-03-04 to 2015-04-03
2015-07-01 01:56:25,726 Starting Live from 2015-04-04 to 2015-04-10
2015-07-01 01:57:15,170 Starting Training from 2015-03-04 to 2015-04-03
2015-07-01 01:57:17,859 Starting Live from 2015-04-04 to 2015-04-10
2015-07-01 01:58:44,438 Starting Live from 2015-04-04 to 2015-04-10
2015-07-01 02:01:48,014 Starting Q Learning for : 
2015-07-01 02:01:48,014 alpha = 0.6
2015-07-01 02:01:48,014 gamma = 0.7
2015-07-01 02:01:48,014 individual factor = 10
2015-07-01 02:01:48,014 zero range = 0.002
2015-07-01 02:01:48,014 greedy level = 5
2015-07-01 02:01:48,014 

2015-07-01 02:01:48,417 Starting Training from 2015-01-01 to 2015-01-31
2015-07-01 02:02:21,938 Starting Q Learning for : 
2015-07-01 02:02:21,938 alpha = 0.5
2015-07-01 02:02:21,938 gamma = 0.1
2015-07-01 02:02:21,938 individual factor = 10
2015-07-01 02:02:21,938 zero range = 0.006
2015-07-01 02:02:21,938 greedy level = 5
2015-07-01 02:02:21,938 

2015-07-01 02:02:22,691 Starting Training from 2015-01-01 to 2015-01-31
2015-07-01 02:04:00,010 Starting Q Learning for : 
2015-07-01 02:04:00,010 alpha = 0.2
2015-07-01 02:04:00,010 gamma = 0.3
2015-07-01 02:04:00,010 individual factor = 10
2015-07-01 02:04:00,010 zero range = 0.006
2015-07-01 02:04:00,010 greedy level = 5
2015-07-01 02:04:00,010 

2015-07-01 02:04:00,509 Starting Training from 2015-01-01 to 2015-01-31
2015-07-01 02:21:05,734 Starting Live from 2015-02-01 to 2015-03-03
2015-07-01 02:21:35,921 Starting Live from 2015-02-01 to 2015-03-03
2015-07-01 02:23:14,698 Starting Live from 2015-02-01 to 2015-03-03
2015-07-01 02:35:08,326 Starting Training from 2015-02-01 to 2015-03-03
2015-07-01 02:36:25,004 Starting Live from 2015-03-04 to 2015-04-03
2015-07-01 02:38:50,779 Starting Training from 2015-02-01 to 2015-03-03
2015-07-01 02:40:13,453 Starting Live from 2015-03-04 to 2015-04-03
2015-07-01 02:40:27,797 Starting Training from 2015-02-01 to 2015-03-03
2015-07-01 02:41:46,362 Starting Live from 2015-03-04 to 2015-04-03
2015-07-01 02:45:26,224 Starting Training from 2015-03-04 to 2015-04-03
2015-07-01 02:53:37,690 Starting Live from 2015-04-04 to 2015-04-10
2015-07-01 02:57:34,920 Starting Q Learning for : 
2015-07-01 02:57:34,920 alpha = 0.6
2015-07-01 02:57:34,920 gamma = 0.8
2015-07-01 02:57:34,920 individual factor = 10
2015-07-01 02:57:34,920 zero range = 0.002
2015-07-01 02:57:34,920 greedy level = 5
2015-07-01 02:57:34,920 

2015-07-01 02:57:35,389 Starting Training from 2015-01-01 to 2015-01-31
2015-07-01 02:58:56,113 Starting Training from 2015-03-04 to 2015-04-03
2015-07-01 03:01:44,244 Starting Live from 2015-04-04 to 2015-04-10
2015-07-01 03:01:46,491 Starting Training from 2015-03-04 to 2015-04-03
2015-07-01 03:04:13,222 Starting Live from 2015-04-04 to 2015-04-10
2015-07-01 03:07:30,705 Starting Q Learning for : 
2015-07-01 03:07:30,705 alpha = 0.5
2015-07-01 03:07:30,705 gamma = 0.2
2015-07-01 03:07:30,706 individual factor = 10
2015-07-01 03:07:30,706 zero range = 0.006
2015-07-01 03:07:30,706 greedy level = 5
2015-07-01 03:07:30,706 

2015-07-01 03:07:31,339 Starting Training from 2015-01-01 to 2015-01-31
2015-07-01 03:09:12,846 Starting Q Learning for : 
2015-07-01 03:09:12,847 alpha = 0.2
2015-07-01 03:09:12,847 gamma = 0.4
2015-07-01 03:09:12,847 individual factor = 10
2015-07-01 03:09:12,847 zero range = 0.006
2015-07-01 03:09:12,847 greedy level = 5
2015-07-01 03:09:12,847 

2015-07-01 03:09:13,879 Starting Training from 2015-01-01 to 2015-01-31
2015-07-01 03:17:53,773 Starting Live from 2015-02-01 to 2015-03-03
2015-07-01 03:26:34,362 Starting Live from 2015-02-01 to 2015-03-03
2015-07-01 03:28:13,327 Starting Live from 2015-02-01 to 2015-03-03
2015-07-01 03:30:49,900 Starting Training from 2015-02-01 to 2015-03-03
2015-07-01 03:32:10,218 Starting Live from 2015-03-04 to 2015-04-03
2015-07-01 03:38:54,488 Starting Training from 2015-03-04 to 2015-04-03
2015-07-01 03:43:29,948 Starting Training from 2015-02-01 to 2015-03-03
2015-07-01 03:44:51,079 Starting Live from 2015-03-04 to 2015-04-03
2015-07-01 03:45:11,621 Starting Training from 2015-02-01 to 2015-03-03
2015-07-01 03:46:28,898 Starting Live from 2015-03-04 to 2015-04-03
2015-07-01 03:48:33,768 Starting Live from 2015-04-04 to 2015-04-10
2015-07-01 03:51:24,677 Starting Q Learning for : 
2015-07-01 03:51:24,677 alpha = 0.8
2015-07-01 03:51:24,677 gamma = 0.1
2015-07-01 03:51:24,677 individual factor = 10
2015-07-01 03:51:24,677 zero range = 0.002
2015-07-01 03:51:24,677 greedy level = 5
2015-07-01 03:51:24,677 

2015-07-01 03:51:25,774 Starting Training from 2015-01-01 to 2015-01-31
2015-07-01 04:02:51,659 Starting Training from 2015-03-04 to 2015-04-03
2015-07-01 04:04:14,761 Starting Live from 2015-04-04 to 2015-04-10
2015-07-01 04:04:16,368 Starting Training from 2015-03-04 to 2015-04-03
2015-07-01 04:05:41,547 Starting Live from 2015-04-04 to 2015-04-10
2015-07-01 04:09:34,834 Starting Q Learning for : 
2015-07-01 04:09:34,834 alpha = 0.5
2015-07-01 04:09:34,834 gamma = 0.3
2015-07-01 04:09:34,834 individual factor = 10
2015-07-01 04:09:34,834 zero range = 0.006
2015-07-01 04:09:34,834 greedy level = 5
2015-07-01 04:09:34,834 

2015-07-01 04:09:36,492 Starting Training from 2015-01-01 to 2015-01-31
2015-07-01 04:10:15,161 Starting Live from 2015-02-01 to 2015-03-03
2015-07-01 04:12:03,712 Starting Q Learning for : 
2015-07-01 04:12:03,713 alpha = 0.2
2015-07-01 04:12:03,713 gamma = 0.5
2015-07-01 04:12:03,713 individual factor = 10
2015-07-01 04:12:03,713 zero range = 0.006
2015-07-01 04:12:03,713 greedy level = 5
2015-07-01 04:12:03,713 

2015-07-01 04:12:04,814 Starting Training from 2015-01-01 to 2015-01-31
2015-07-01 04:29:06,438 Starting Training from 2015-02-01 to 2015-03-03
2015-07-01 04:30:16,454 Starting Live from 2015-02-01 to 2015-03-03
2015-07-01 04:30:26,377 Starting Live from 2015-03-04 to 2015-04-03
2015-07-01 04:31:41,728 Starting Live from 2015-02-01 to 2015-03-03
2015-07-01 04:47:11,648 Starting Training from 2015-02-01 to 2015-03-03
2015-07-01 04:48:14,879 Starting Training from 2015-02-01 to 2015-03-03
2015-07-01 04:48:32,837 Starting Live from 2015-03-04 to 2015-04-03
2015-07-01 04:48:52,400 Starting Training from 2015-03-04 to 2015-04-03
2015-07-01 04:49:31,674 Starting Live from 2015-03-04 to 2015-04-03
2015-07-01 04:50:14,871 Starting Live from 2015-04-04 to 2015-04-10
2015-07-01 04:54:59,271 Starting Q Learning for : 
2015-07-01 04:54:59,271 alpha = 0.8
2015-07-01 04:54:59,271 gamma = 0.2
2015-07-01 04:54:59,272 individual factor = 10
2015-07-01 04:54:59,272 zero range = 0.002
2015-07-01 04:54:59,272 greedy level = 5
2015-07-01 04:54:59,272 

2015-07-01 04:55:00,234 Starting Training from 2015-01-01 to 2015-01-31
2015-07-01 05:06:53,539 Starting Training from 2015-03-04 to 2015-04-03
2015-07-01 05:06:53,589 Starting Training from 2015-03-04 to 2015-04-03
2015-07-01 05:08:17,444 Starting Live from 2015-04-04 to 2015-04-10
2015-07-01 05:09:02,659 Starting Live from 2015-04-04 to 2015-04-10
2015-07-01 05:12:50,805 Starting Q Learning for : 
2015-07-01 05:12:50,805 alpha = 0.5
2015-07-01 05:12:50,806 gamma = 0.4
2015-07-01 05:12:50,806 individual factor = 10
2015-07-01 05:12:50,806 zero range = 0.006
2015-07-01 05:12:50,806 greedy level = 5
2015-07-01 05:12:50,806 

2015-07-01 05:12:51,608 Starting Training from 2015-01-01 to 2015-01-31
2015-07-01 05:13:22,847 Starting Live from 2015-02-01 to 2015-03-03
2015-07-01 05:13:44,017 Starting Q Learning for : 
2015-07-01 05:13:44,017 alpha = 0.2
2015-07-01 05:13:44,017 gamma = 0.6
2015-07-01 05:13:44,017 individual factor = 10
2015-07-01 05:13:44,017 zero range = 0.006
2015-07-01 05:13:44,017 greedy level = 5
2015-07-01 05:13:44,017 

2015-07-01 05:13:44,866 Starting Training from 2015-01-01 to 2015-01-31
2015-07-01 05:30:17,492 Starting Training from 2015-02-01 to 2015-03-03
2015-07-01 05:31:07,654 Starting Live from 2015-02-01 to 2015-03-03
2015-07-01 05:31:35,638 Starting Live from 2015-03-04 to 2015-04-03
2015-07-01 05:32:09,699 Starting Live from 2015-02-01 to 2015-03-03
2015-07-01 05:47:53,994 Starting Training from 2015-02-01 to 2015-03-03
2015-07-01 05:48:56,783 Starting Training from 2015-02-01 to 2015-03-03
2015-07-01 05:49:13,237 Starting Live from 2015-03-04 to 2015-04-03
2015-07-01 05:49:54,812 Starting Training from 2015-03-04 to 2015-04-03
2015-07-01 05:50:17,759 Starting Live from 2015-03-04 to 2015-04-03
2015-07-01 05:51:13,227 Starting Live from 2015-04-04 to 2015-04-10
2015-07-01 05:57:45,649 Starting Q Learning for : 
2015-07-01 05:57:45,650 alpha = 0.8
2015-07-01 05:57:45,650 gamma = 0.3
2015-07-01 05:57:45,650 individual factor = 10
2015-07-01 05:57:45,650 zero range = 0.002
2015-07-01 05:57:45,650 greedy level = 5
2015-07-01 05:57:45,650 

2015-07-01 05:57:46,081 Starting Training from 2015-01-01 to 2015-01-31
2015-07-01 06:08:03,993 Starting Training from 2015-03-04 to 2015-04-03
2015-07-01 06:09:37,652 Starting Training from 2015-03-04 to 2015-04-03
2015-07-01 06:10:03,416 Starting Live from 2015-04-04 to 2015-04-10
2015-07-01 06:12:42,942 Starting Live from 2015-04-04 to 2015-04-10
2015-07-01 06:16:37,315 Starting Q Learning for : 
2015-07-01 06:16:37,315 alpha = 0.5
2015-07-01 06:16:37,315 gamma = 0.5
2015-07-01 06:16:37,315 individual factor = 10
2015-07-01 06:16:37,315 zero range = 0.006
2015-07-01 06:16:37,315 greedy level = 5
2015-07-01 06:16:37,315 

2015-07-01 06:16:37,608 Starting Training from 2015-01-01 to 2015-01-31
2015-07-01 06:17:16,457 Starting Live from 2015-02-01 to 2015-03-03
2015-07-01 06:18:35,410 Starting Q Learning for : 
2015-07-01 06:18:35,410 alpha = 0.2
2015-07-01 06:18:35,410 gamma = 0.7
2015-07-01 06:18:35,410 individual factor = 10
2015-07-01 06:18:35,410 zero range = 0.006
2015-07-01 06:18:35,410 greedy level = 5
2015-07-01 06:18:35,411 

2015-07-01 06:18:36,345 Starting Training from 2015-01-01 to 2015-01-31
2015-07-01 06:34:44,191 Starting Training from 2015-02-01 to 2015-03-03
2015-07-01 06:35:32,172 Starting Live from 2015-02-01 to 2015-03-03
2015-07-01 06:36:02,068 Starting Live from 2015-03-04 to 2015-04-03
2015-07-01 06:37:11,721 Starting Live from 2015-02-01 to 2015-03-03
2015-07-01 06:50:52,612 Starting Training from 2015-02-01 to 2015-03-03
2015-07-01 06:52:13,227 Starting Live from 2015-03-04 to 2015-04-03
2015-07-01 06:52:15,516 Starting Training from 2015-02-01 to 2015-03-03
2015-07-01 06:53:33,807 Starting Live from 2015-03-04 to 2015-04-03
2015-07-01 06:54:13,003 Starting Training from 2015-03-04 to 2015-04-03
2015-07-01 06:55:30,783 Starting Live from 2015-04-04 to 2015-04-10
2015-07-01 06:59:36,441 Starting Training from 2015-03-04 to 2015-04-03
2015-07-01 07:00:58,989 Starting Q Learning for : 
2015-07-01 07:00:58,989 alpha = 0.8
2015-07-01 07:00:58,989 gamma = 0.4
2015-07-01 07:00:58,989 individual factor = 10
2015-07-01 07:00:58,989 zero range = 0.002
2015-07-01 07:00:58,989 greedy level = 5
2015-07-01 07:00:58,989 

2015-07-01 07:01:00,248 Starting Training from 2015-01-01 to 2015-01-31
2015-07-01 07:08:52,642 Starting Live from 2015-04-04 to 2015-04-10
2015-07-01 07:12:06,653 Starting Training from 2015-03-04 to 2015-04-03
2015-07-01 07:12:12,904 Starting Q Learning for : 
2015-07-01 07:12:12,904 alpha = 0.2
2015-07-01 07:12:12,904 gamma = 0.8
2015-07-01 07:12:12,904 individual factor = 10
2015-07-01 07:12:12,904 zero range = 0.006
2015-07-01 07:12:12,904 greedy level = 5
2015-07-01 07:12:12,904 

2015-07-01 07:12:13,435 Starting Training from 2015-01-01 to 2015-01-31
2015-07-01 07:13:26,852 Starting Live from 2015-04-04 to 2015-04-10
2015-07-01 07:19:14,730 Starting Live from 2015-02-01 to 2015-03-03
2015-07-01 07:21:19,984 Starting Q Learning for : 
2015-07-01 07:21:19,984 alpha = 0.5
2015-07-01 07:21:19,984 gamma = 0.6
2015-07-01 07:21:19,984 individual factor = 10
2015-07-01 07:21:19,984 zero range = 0.006
2015-07-01 07:21:19,984 greedy level = 5
2015-07-01 07:21:19,984 

2015-07-01 07:21:20,691 Starting Training from 2015-01-01 to 2015-01-31
2015-07-01 07:31:02,588 Starting Live from 2015-02-01 to 2015-03-03
2015-07-01 07:37:07,731 Starting Training from 2015-02-01 to 2015-03-03
2015-07-01 07:38:27,726 Starting Live from 2015-03-04 to 2015-04-03
2015-07-01 07:39:39,885 Starting Live from 2015-02-01 to 2015-03-03
2015-07-01 07:44:04,011 Starting Training from 2015-02-01 to 2015-03-03
2015-07-01 07:45:19,437 Starting Live from 2015-03-04 to 2015-04-03
2015-07-01 07:49:50,475 Starting Training from 2015-03-04 to 2015-04-03
2015-07-01 07:56:20,423 Starting Training from 2015-02-01 to 2015-03-03
2015-07-01 07:56:30,969 Starting Training from 2015-03-04 to 2015-04-03
2015-07-01 07:57:39,459 Starting Live from 2015-03-04 to 2015-04-03
2015-07-01 07:57:52,949 Starting Live from 2015-04-04 to 2015-04-10
2015-07-01 08:01:33,719 Starting Live from 2015-04-04 to 2015-04-10
2015-07-01 08:02:30,529 Starting Q Learning for : 
2015-07-01 08:02:30,529 alpha = 0.8
2015-07-01 08:02:30,529 gamma = 0.5
2015-07-01 08:02:30,529 individual factor = 10
2015-07-01 08:02:30,529 zero range = 0.002
2015-07-01 08:02:30,529 greedy level = 5
2015-07-01 08:02:30,529 

2015-07-01 08:02:31,690 Starting Training from 2015-01-01 to 2015-01-31
2015-07-01 08:04:07,511 Starting Q Learning for : 
2015-07-01 08:04:07,511 alpha = 0.4
2015-07-01 08:04:07,511 gamma = 0.1
2015-07-01 08:04:07,511 individual factor = 10
2015-07-01 08:04:07,511 zero range = 0.006
2015-07-01 08:04:07,511 greedy level = 5
2015-07-01 08:04:07,511 

2015-07-01 08:04:07,799 Starting Training from 2015-01-01 to 2015-01-31
2015-07-01 08:15:06,785 Starting Training from 2015-03-04 to 2015-04-03
2015-07-01 08:17:02,417 Starting Live from 2015-04-04 to 2015-04-10
2015-07-01 08:20:32,271 Starting Live from 2015-02-01 to 2015-03-03
2015-07-01 08:21:59,633 Starting Q Learning for : 
2015-07-01 08:21:59,633 alpha = 0.5
2015-07-01 08:21:59,633 gamma = 0.7
2015-07-01 08:21:59,633 individual factor = 10
2015-07-01 08:21:59,633 zero range = 0.006
2015-07-01 08:21:59,633 greedy level = 5
2015-07-01 08:21:59,633 

2015-07-01 08:21:59,949 Starting Training from 2015-01-01 to 2015-01-31
2015-07-01 08:22:10,433 Starting Live from 2015-02-01 to 2015-03-03
2015-07-01 08:37:31,938 Starting Training from 2015-02-01 to 2015-03-03
2015-07-01 08:38:48,863 Starting Live from 2015-03-04 to 2015-04-03
2015-07-01 08:39:04,148 Starting Training from 2015-02-01 to 2015-03-03
2015-07-01 08:40:21,503 Starting Live from 2015-02-01 to 2015-03-03
2015-07-01 08:40:21,674 Starting Live from 2015-03-04 to 2015-04-03
2015-07-01 08:54:11,394 Starting Training from 2015-02-01 to 2015-03-03
2015-07-01 08:55:41,374 Starting Live from 2015-03-04 to 2015-04-03
2015-07-01 08:57:06,317 Starting Training from 2015-03-04 to 2015-04-03
2015-07-01 08:58:23,296 Starting Live from 2015-04-04 to 2015-04-10
2015-07-01 08:58:42,598 Starting Training from 2015-03-04 to 2015-04-03
2015-07-01 09:00:12,399 Starting Live from 2015-04-04 to 2015-04-10
2015-07-01 09:04:42,403 Starting Training from 2015-03-04 to 2015-04-03
2015-07-01 09:05:10,447 Starting Q Learning for : 
2015-07-01 09:05:10,447 alpha = 0.8
2015-07-01 09:05:10,447 gamma = 0.6
2015-07-01 09:05:10,447 individual factor = 10
2015-07-01 09:05:10,447 zero range = 0.002
2015-07-01 09:05:10,447 greedy level = 5
2015-07-01 09:05:10,447 

2015-07-01 09:05:10,714 Starting Training from 2015-01-01 to 2015-01-31
2015-07-01 09:06:45,084 Starting Q Learning for : 
2015-07-01 09:06:45,084 alpha = 0.4
2015-07-01 09:06:45,084 gamma = 0.2
2015-07-01 09:06:45,084 individual factor = 10
2015-07-01 09:06:45,085 zero range = 0.006
2015-07-01 09:06:45,085 greedy level = 5
2015-07-01 09:06:45,085 

2015-07-01 09:06:45,719 Starting Training from 2015-01-01 to 2015-01-31
2015-07-01 09:11:54,834 Starting Live from 2015-04-04 to 2015-04-10
2015-07-01 09:15:23,810 Starting Q Learning for : 
2015-07-01 09:15:23,810 alpha = 0.5
2015-07-01 09:15:23,810 gamma = 0.8
2015-07-01 09:15:23,810 individual factor = 10
2015-07-01 09:15:23,810 zero range = 0.006
2015-07-01 09:15:23,810 greedy level = 5
2015-07-01 09:15:23,810 

2015-07-01 09:15:24,577 Starting Training from 2015-01-01 to 2015-01-31
2015-07-01 09:22:47,955 Starting Live from 2015-02-01 to 2015-03-03
2015-07-01 09:24:27,419 Starting Live from 2015-02-01 to 2015-03-03
2015-07-01 09:33:32,838 Starting Live from 2015-02-01 to 2015-03-03
2015-07-01 09:39:19,593 Starting Training from 2015-02-01 to 2015-03-03
2015-07-01 09:40:36,237 Starting Live from 2015-03-04 to 2015-04-03
2015-07-01 09:40:57,562 Starting Training from 2015-02-01 to 2015-03-03
2015-07-01 09:42:16,642 Starting Live from 2015-03-04 to 2015-04-03
2015-07-01 09:47:03,650 Starting Training from 2015-02-01 to 2015-03-03
2015-07-01 09:48:29,178 Starting Live from 2015-03-04 to 2015-04-03
2015-07-01 09:53:44,855 Starting Training from 2015-03-04 to 2015-04-03
2015-07-01 09:58:42,413 Starting Training from 2015-03-04 to 2015-04-03
2015-07-01 10:00:03,604 Starting Live from 2015-04-04 to 2015-04-10
2015-07-01 10:00:31,588 Starting Training from 2015-03-04 to 2015-04-03
2015-07-01 10:01:47,254 Starting Live from 2015-04-04 to 2015-04-10
2015-07-01 10:04:15,065 Starting Q Learning for : 
2015-07-01 10:04:15,065 alpha = 0.8
2015-07-01 10:04:15,065 gamma = 0.7
2015-07-01 10:04:15,065 individual factor = 10
2015-07-01 10:04:15,066 zero range = 0.002
2015-07-01 10:04:15,066 greedy level = 5
2015-07-01 10:04:15,066 

2015-07-01 10:04:15,948 Starting Training from 2015-01-01 to 2015-01-31
2015-07-01 10:04:25,659 Starting Live from 2015-04-04 to 2015-04-10
2015-07-01 10:06:22,662 Starting Q Learning for : 
2015-07-01 10:06:22,662 alpha = 0.4
2015-07-01 10:06:22,662 gamma = 0.3
2015-07-01 10:06:22,662 individual factor = 10
2015-07-01 10:06:22,662 zero range = 0.006
2015-07-01 10:06:22,662 greedy level = 5
2015-07-01 10:06:22,662 

2015-07-01 10:06:23,613 Starting Training from 2015-01-01 to 2015-01-31
2015-07-01 10:07:07,995 Starting Q Learning for : 
2015-07-01 10:07:07,995 alpha = 0.2
2015-07-01 10:07:07,995 gamma = 0.1
2015-07-01 10:07:07,995 individual factor = 10
2015-07-01 10:07:07,995 zero range = 0.006
2015-07-01 10:07:07,996 greedy level = 5
2015-07-01 10:07:07,996 

2015-07-01 10:07:08,606 Starting Training from 2015-01-01 to 2015-01-31
2015-07-01 10:22:34,703 Starting Live from 2015-02-01 to 2015-03-03
2015-07-01 10:24:39,362 Starting Live from 2015-02-01 to 2015-03-03
2015-07-01 10:25:37,298 Starting Live from 2015-02-01 to 2015-03-03
2015-07-01 10:36:34,091 Starting Training from 2015-02-01 to 2015-03-03
2015-07-01 10:37:55,337 Starting Live from 2015-03-04 to 2015-04-03
2015-07-01 10:41:55,290 Starting Training from 2015-02-01 to 2015-03-03
2015-07-01 10:42:55,964 Starting Training from 2015-02-01 to 2015-03-03
2015-07-01 10:43:11,782 Starting Live from 2015-03-04 to 2015-04-03
2015-07-01 10:44:11,284 Starting Live from 2015-03-04 to 2015-04-03
2015-07-01 10:45:33,157 Starting Training from 2015-03-04 to 2015-04-03
2015-07-01 10:55:09,830 Starting Live from 2015-04-04 to 2015-04-10
2015-07-01 10:58:22,709 Starting Q Learning for : 
2015-07-01 10:58:22,709 alpha = 0.8
2015-07-01 10:58:22,709 gamma = 0.8
2015-07-01 10:58:22,709 individual factor = 10
2015-07-01 10:58:22,710 zero range = 0.002
2015-07-01 10:58:22,710 greedy level = 5
2015-07-01 10:58:22,710 

2015-07-01 10:58:22,987 Starting Training from 2015-01-01 to 2015-01-31
2015-07-01 11:01:31,091 Starting Training from 2015-03-04 to 2015-04-03
2015-07-01 11:02:12,940 Starting Training from 2015-03-04 to 2015-04-03
2015-07-01 11:03:38,153 Starting Live from 2015-04-04 to 2015-04-10
2015-07-01 11:05:33,464 Starting Live from 2015-04-04 to 2015-04-10
2015-07-01 11:09:44,706 Starting Q Learning for : 
2015-07-01 11:09:44,706 alpha = 0.4
2015-07-01 11:09:44,706 gamma = 0.4
2015-07-01 11:09:44,706 individual factor = 10
2015-07-01 11:09:44,706 zero range = 0.006
2015-07-01 11:09:44,706 greedy level = 5
2015-07-01 11:09:44,706 

2015-07-01 11:09:45,493 Starting Training from 2015-01-01 to 2015-01-31
2015-07-01 11:10:31,518 Starting Q Learning for : 
2015-07-01 11:10:31,518 alpha = 0.2
2015-07-01 11:10:31,518 gamma = 0.2
2015-07-01 11:10:31,518 individual factor = 10
2015-07-01 11:10:31,518 zero range = 0.006
2015-07-01 11:10:31,518 greedy level = 5
2015-07-01 11:10:31,519 

2015-07-01 11:10:32,032 Starting Training from 2015-01-01 to 2015-01-31
2015-07-01 11:16:44,320 Starting Live from 2015-02-01 to 2015-03-03
2015-07-01 11:27:52,185 Starting Live from 2015-02-01 to 2015-03-03
2015-07-01 11:28:36,487 Starting Live from 2015-02-01 to 2015-03-03
2015-07-01 11:30:07,409 Starting Training from 2015-02-01 to 2015-03-03
2015-07-01 11:31:25,970 Starting Live from 2015-03-04 to 2015-04-03
2015-07-01 11:36:12,918 Starting Training from 2015-03-04 to 2015-04-03
2015-07-01 11:44:34,422 Starting Training from 2015-02-01 to 2015-03-03
2015-07-01 11:45:24,628 Starting Training from 2015-02-01 to 2015-03-03
2015-07-01 11:45:47,959 Starting Live from 2015-03-04 to 2015-04-03
2015-07-01 11:46:41,658 Starting Live from 2015-03-04 to 2015-04-03
2015-07-01 11:47:34,220 Starting Live from 2015-04-04 to 2015-04-10
2015-07-01 11:50:10,034 Starting Q Learning for : 
2015-07-01 11:50:10,034 alpha = 0.4
2015-07-01 11:50:10,034 gamma = 0.5
2015-07-01 11:50:10,034 individual factor = 10
2015-07-01 11:50:10,034 zero range = 0.006
2015-07-01 11:50:10,034 greedy level = 5
2015-07-01 11:50:10,034 

2015-07-01 11:50:10,621 Starting Training from 2015-01-01 to 2015-01-31
2015-07-01 12:03:50,300 Starting Training from 2015-03-04 to 2015-04-03
2015-07-01 12:04:20,858 Starting Training from 2015-03-04 to 2015-04-03
2015-07-01 12:05:07,943 Starting Live from 2015-04-04 to 2015-04-10
2015-07-01 12:05:38,594 Starting Live from 2015-04-04 to 2015-04-10
2015-07-01 12:07:55,889 Starting Live from 2015-02-01 to 2015-03-03
2015-07-01 12:09:35,565 Starting Q Learning for : 
2015-07-01 12:09:35,565 alpha = 0.6
2015-07-01 12:09:35,565 gamma = 0.7
2015-07-01 12:09:35,565 individual factor = 10
2015-07-01 12:09:35,565 zero range = 0.006
2015-07-01 12:09:35,565 greedy level = 5
2015-07-01 12:09:35,565 

2015-07-01 12:09:35,826 Starting Training from 2015-01-01 to 2015-01-31
2015-07-01 12:10:03,669 Starting Q Learning for : 
2015-07-01 12:10:03,669 alpha = 0.5
2015-07-01 12:10:03,670 gamma = 0.1
2015-07-01 12:10:03,670 individual factor = 10
2015-07-01 12:10:03,670 zero range = 0.01
2015-07-01 12:10:03,670 greedy level = 5
2015-07-01 12:10:03,670 

2015-07-01 12:10:04,440 Starting Training from 2015-01-01 to 2015-01-31
2015-07-01 12:24:33,595 Starting Training from 2015-02-01 to 2015-03-03
2015-07-01 12:25:51,374 Starting Live from 2015-03-04 to 2015-04-03
2015-07-01 12:27:47,286 Starting Live from 2015-02-01 to 2015-03-03
2015-07-01 12:27:59,763 Starting Live from 2015-02-01 to 2015-03-03
2015-07-01 12:40:56,078 Starting Training from 2015-02-01 to 2015-03-03
2015-07-01 12:42:11,221 Starting Live from 2015-03-04 to 2015-04-03
2015-07-01 12:43:39,721 Starting Training from 2015-03-04 to 2015-04-03
2015-07-01 12:44:08,313 Starting Training from 2015-02-01 to 2015-03-03
2015-07-01 12:45:00,691 Starting Live from 2015-04-04 to 2015-04-10
2015-07-01 12:45:29,762 Starting Live from 2015-03-04 to 2015-04-03
2015-07-01 12:51:37,124 Starting Training from 2015-03-04 to 2015-04-03
2015-07-01 12:51:47,624 Starting Q Learning for : 
2015-07-01 12:51:47,624 alpha = 0.4
2015-07-01 12:51:47,625 gamma = 0.6
2015-07-01 12:51:47,625 individual factor = 10
2015-07-01 12:51:47,625 zero range = 0.006
2015-07-01 12:51:47,625 greedy level = 5
2015-07-01 12:51:47,625 

2015-07-01 12:51:47,948 Starting Training from 2015-01-01 to 2015-01-31
2015-07-01 12:58:55,419 Starting Live from 2015-04-04 to 2015-04-10
2015-07-01 13:02:31,783 Starting Q Learning for : 
2015-07-01 13:02:31,783 alpha = 0.6
2015-07-01 13:02:31,783 gamma = 0.8
2015-07-01 13:02:31,783 individual factor = 10
2015-07-01 13:02:31,783 zero range = 0.006
2015-07-01 13:02:31,783 greedy level = 5
2015-07-01 13:02:31,783 

2015-07-01 13:02:32,307 Starting Training from 2015-01-01 to 2015-01-31
2015-07-01 13:03:18,933 Starting Training from 2015-03-04 to 2015-04-03
2015-07-01 13:04:37,782 Starting Live from 2015-04-04 to 2015-04-10
2015-07-01 13:09:38,318 Starting Live from 2015-02-01 to 2015-03-03
2015-07-01 13:11:14,373 Starting Q Learning for : 
2015-07-01 13:11:14,373 alpha = 0.5
2015-07-01 13:11:14,373 gamma = 0.2
2015-07-01 13:11:14,373 individual factor = 10
2015-07-01 13:11:14,373 zero range = 0.01
2015-07-01 13:11:14,373 greedy level = 5
2015-07-01 13:11:14,373 

2015-07-01 13:11:14,834 Starting Training from 2015-01-01 to 2015-01-31
2015-07-01 13:20:35,919 Starting Live from 2015-02-01 to 2015-03-03
2015-07-01 13:25:05,135 Starting Training from 2015-02-01 to 2015-03-03
2015-07-01 13:27:26,954 Starting Live from 2015-03-04 to 2015-04-03
2015-07-01 13:29:07,759 Starting Live from 2015-02-01 to 2015-03-03
2015-07-01 13:33:51,192 Starting Training from 2015-02-01 to 2015-03-03
2015-07-01 13:35:07,835 Starting Live from 2015-03-04 to 2015-04-03
2015-07-01 13:39:36,557 Starting Training from 2015-03-04 to 2015-04-03
2015-07-01 13:44:33,758 Starting Training from 2015-03-04 to 2015-04-03
2015-07-01 13:45:23,335 Starting Training from 2015-02-01 to 2015-03-03
2015-07-01 13:46:43,956 Starting Live from 2015-03-04 to 2015-04-03
2015-07-01 13:46:47,038 Starting Live from 2015-04-04 to 2015-04-10
2015-07-01 13:51:04,165 Starting Live from 2015-04-04 to 2015-04-10
2015-07-01 13:51:21,926 Starting Q Learning for : 
2015-07-01 13:51:21,926 alpha = 0.4
2015-07-01 13:51:21,926 gamma = 0.7
2015-07-01 13:51:21,926 individual factor = 10
2015-07-01 13:51:21,926 zero range = 0.006
2015-07-01 13:51:21,926 greedy level = 5
2015-07-01 13:51:21,926 

2015-07-01 13:51:22,382 Starting Training from 2015-01-01 to 2015-01-31
2015-07-01 13:53:37,405 Starting Q Learning for : 
2015-07-01 13:53:37,405 alpha = 0.8
2015-07-01 13:53:37,405 gamma = 0.1
2015-07-01 13:53:37,405 individual factor = 10
2015-07-01 13:53:37,405 zero range = 0.006
2015-07-01 13:53:37,405 greedy level = 5
2015-07-01 13:53:37,405 

2015-07-01 13:53:37,971 Starting Training from 2015-01-01 to 2015-01-31
2015-07-01 14:04:18,966 Starting Training from 2015-03-04 to 2015-04-03
2015-07-01 14:05:36,949 Starting Live from 2015-04-04 to 2015-04-10
2015-07-01 14:08:56,486 Starting Live from 2015-02-01 to 2015-03-03
2015-07-01 14:10:16,795 Starting Q Learning for : 
2015-07-01 14:10:16,795 alpha = 0.5
2015-07-01 14:10:16,795 gamma = 0.3
2015-07-01 14:10:16,795 individual factor = 10
2015-07-01 14:10:16,795 zero range = 0.01
2015-07-01 14:10:16,796 greedy level = 5
2015-07-01 14:10:16,796 

2015-07-01 14:10:18,227 Starting Training from 2015-01-01 to 2015-01-31
2015-07-01 14:11:15,357 Starting Live from 2015-02-01 to 2015-03-03
2015-07-01 14:22:42,893 Starting Training from 2015-02-01 to 2015-03-03
2015-07-01 14:23:58,448 Starting Live from 2015-03-04 to 2015-04-03
2015-07-01 14:27:58,881 Starting Training from 2015-02-01 to 2015-03-03
2015-07-01 14:28:27,748 Starting Live from 2015-02-01 to 2015-03-03
2015-07-01 14:29:15,385 Starting Live from 2015-03-04 to 2015-04-03
2015-07-01 14:31:17,678 Starting Training from 2015-03-04 to 2015-04-03
2015-07-01 14:40:36,737 Starting Live from 2015-04-04 to 2015-04-10
2015-07-01 14:44:03,045 Starting Q Learning for : 
2015-07-01 14:44:03,045 alpha = 0.4
2015-07-01 14:44:03,045 gamma = 0.8
2015-07-01 14:44:03,045 individual factor = 10
2015-07-01 14:44:03,045 zero range = 0.006
2015-07-01 14:44:03,045 greedy level = 5
2015-07-01 14:44:03,045 

2015-07-01 14:44:03,570 Starting Training from 2015-01-01 to 2015-01-31
2015-07-01 14:45:11,812 Starting Training from 2015-02-01 to 2015-03-03
2015-07-01 14:46:29,261 Starting Live from 2015-03-04 to 2015-04-03
2015-07-01 14:47:31,824 Starting Training from 2015-03-04 to 2015-04-03
2015-07-01 14:48:48,935 Starting Live from 2015-04-04 to 2015-04-10
2015-07-01 14:54:45,596 Starting Q Learning for : 
2015-07-01 14:54:45,596 alpha = 0.8
2015-07-01 14:54:45,596 gamma = 0.2
2015-07-01 14:54:45,596 individual factor = 10
2015-07-01 14:54:45,596 zero range = 0.006
2015-07-01 14:54:45,596 greedy level = 5
2015-07-01 14:54:45,596 

2015-07-01 14:54:47,019 Starting Training from 2015-01-01 to 2015-01-31
2015-07-01 15:01:33,520 Starting Live from 2015-02-01 to 2015-03-03
2015-07-01 15:04:23,843 Starting Training from 2015-03-04 to 2015-04-03
2015-07-01 15:05:42,380 Starting Live from 2015-04-04 to 2015-04-10
2015-07-01 15:12:31,767 Starting Q Learning for : 
2015-07-01 15:12:31,767 alpha = 0.5
2015-07-01 15:12:31,767 gamma = 0.4
2015-07-01 15:12:31,767 individual factor = 10
2015-07-01 15:12:31,767 zero range = 0.01
2015-07-01 15:12:31,767 greedy level = 5
2015-07-01 15:12:31,767 

2015-07-01 15:12:33,410 Starting Training from 2015-01-01 to 2015-01-31
2015-07-01 15:12:56,974 Starting Live from 2015-02-01 to 2015-03-03
2015-07-01 15:15:09,987 Starting Training from 2015-02-01 to 2015-03-03
2015-07-01 15:16:25,758 Starting Live from 2015-03-04 to 2015-04-03
2015-07-01 15:21:06,341 Starting Training from 2015-03-04 to 2015-04-03
2015-07-01 15:29:08,290 Starting Training from 2015-02-01 to 2015-03-03
2015-07-01 15:30:34,238 Starting Live from 2015-02-01 to 2015-03-03
2015-07-01 15:30:53,856 Starting Live from 2015-03-04 to 2015-04-03
2015-07-01 15:32:28,572 Starting Live from 2015-04-04 to 2015-04-10
2015-07-01 15:35:01,915 Starting Q Learning for : 
2015-07-01 15:35:01,915 alpha = 0.6
2015-07-01 15:35:01,915 gamma = 0.1
2015-07-01 15:35:01,915 individual factor = 10
2015-07-01 15:35:01,915 zero range = 0.006
2015-07-01 15:35:01,915 greedy level = 5
2015-07-01 15:35:01,915 

2015-07-01 15:35:02,891 Starting Training from 2015-01-01 to 2015-01-31
2015-07-01 15:45:45,967 Starting Training from 2015-02-01 to 2015-03-03
2015-07-01 15:48:14,896 Starting Live from 2015-03-04 to 2015-04-03
2015-07-01 15:48:50,771 Starting Training from 2015-03-04 to 2015-04-03
2015-07-01 15:50:10,606 Starting Live from 2015-04-04 to 2015-04-10
2015-07-01 15:52:59,640 Starting Live from 2015-02-01 to 2015-03-03
2015-07-01 15:54:37,712 Starting Q Learning for : 
2015-07-01 15:54:37,712 alpha = 0.8
2015-07-01 15:54:37,712 gamma = 0.3
2015-07-01 15:54:37,712 individual factor = 10
2015-07-01 15:54:37,712 zero range = 0.006
2015-07-01 15:54:37,712 greedy level = 5
2015-07-01 15:54:37,712 

2015-07-01 15:54:38,243 Starting Training from 2015-01-01 to 2015-01-31
2015-07-01 16:06:37,011 Starting Training from 2015-03-04 to 2015-04-03
2015-07-01 16:08:02,860 Starting Live from 2015-04-04 to 2015-04-10
2015-07-01 16:09:40,458 Starting Training from 2015-02-01 to 2015-03-03
2015-07-01 16:10:57,881 Starting Live from 2015-03-04 to 2015-04-03
2015-07-01 16:12:32,828 Starting Live from 2015-02-01 to 2015-03-03
2015-07-01 16:12:41,997 Starting Q Learning for : 
2015-07-01 16:12:41,997 alpha = 0.5
2015-07-01 16:12:41,997 gamma = 0.5
2015-07-01 16:12:41,997 individual factor = 10
2015-07-01 16:12:41,997 zero range = 0.01
2015-07-01 16:12:41,998 greedy level = 5
2015-07-01 16:12:41,998 

2015-07-01 16:12:42,733 Starting Training from 2015-01-01 to 2015-01-31
2015-07-01 16:28:38,653 Starting Training from 2015-03-04 to 2015-04-03
2015-07-01 16:28:50,060 Starting Training from 2015-02-01 to 2015-03-03
2015-07-01 16:29:58,198 Starting Live from 2015-04-04 to 2015-04-10
2015-07-01 16:30:08,265 Starting Live from 2015-03-04 to 2015-04-03
2015-07-01 16:30:24,356 Starting Live from 2015-02-01 to 2015-03-03
2015-07-01 16:34:28,571 Starting Q Learning for : 
2015-07-01 16:34:28,571 alpha = 0.6
2015-07-01 16:34:28,571 gamma = 0.2
2015-07-01 16:34:28,571 individual factor = 10
2015-07-01 16:34:28,571 zero range = 0.006
2015-07-01 16:34:28,571 greedy level = 5
2015-07-01 16:34:28,571 

2015-07-01 16:34:29,849 Starting Training from 2015-01-01 to 2015-01-31
2015-07-01 16:46:54,442 Starting Training from 2015-02-01 to 2015-03-03
2015-07-01 16:48:12,209 Starting Live from 2015-03-04 to 2015-04-03
2015-07-01 16:48:15,870 Starting Training from 2015-03-04 to 2015-04-03
2015-07-01 16:49:33,854 Starting Live from 2015-04-04 to 2015-04-10
2015-07-01 16:52:26,793 Starting Live from 2015-02-01 to 2015-03-03
2015-07-01 16:54:44,498 Starting Q Learning for : 
2015-07-01 16:54:44,498 alpha = 0.8
2015-07-01 16:54:44,498 gamma = 0.4
2015-07-01 16:54:44,498 individual factor = 10
2015-07-01 16:54:44,498 zero range = 0.006
2015-07-01 16:54:44,498 greedy level = 5
2015-07-01 16:54:44,498 

2015-07-01 16:54:46,295 Starting Training from 2015-01-01 to 2015-01-31
2015-07-01 17:06:20,113 Starting Training from 2015-03-04 to 2015-04-03
2015-07-01 17:07:59,454 Starting Live from 2015-04-04 to 2015-04-10
2015-07-01 17:09:22,928 Starting Training from 2015-02-01 to 2015-03-03
2015-07-01 17:10:40,052 Starting Live from 2015-03-04 to 2015-04-03
2015-07-01 17:13:49,064 Starting Live from 2015-02-01 to 2015-03-03
2015-07-01 17:14:36,049 Starting Q Learning for : 
2015-07-01 17:14:36,049 alpha = 0.5
2015-07-01 17:14:36,049 gamma = 0.6
2015-07-01 17:14:36,049 individual factor = 10
2015-07-01 17:14:36,049 zero range = 0.01
2015-07-01 17:14:36,049 greedy level = 5
2015-07-01 17:14:36,050 

2015-07-01 17:14:38,655 Starting Training from 2015-01-01 to 2015-01-31
2015-07-01 17:28:50,888 Starting Training from 2015-03-04 to 2015-04-03
2015-07-01 17:29:11,681 Starting Training from 2015-02-01 to 2015-03-03
2015-07-01 17:31:53,472 Starting Live from 2015-04-04 to 2015-04-10
2015-07-01 17:32:35,175 Starting Live from 2015-02-01 to 2015-03-03
2015-07-01 17:32:43,319 Starting Live from 2015-03-04 to 2015-04-03
2015-07-01 17:37:13,606 Starting Q Learning for : 
2015-07-01 17:37:13,606 alpha = 0.6
2015-07-01 17:37:13,606 gamma = 0.3
2015-07-01 17:37:13,606 individual factor = 10
2015-07-01 17:37:13,606 zero range = 0.006
2015-07-01 17:37:13,606 greedy level = 5
2015-07-01 17:37:13,606 

2015-07-01 17:37:14,461 Starting Training from 2015-01-01 to 2015-01-31
2015-07-01 17:48:10,022 Starting Training from 2015-02-01 to 2015-03-03
2015-07-01 17:51:03,366 Starting Live from 2015-03-04 to 2015-04-03
2015-07-01 17:51:12,781 Starting Training from 2015-03-04 to 2015-04-03
2015-07-01 17:52:37,306 Starting Live from 2015-04-04 to 2015-04-10
2015-07-01 17:55:14,072 Starting Live from 2015-02-01 to 2015-03-03
2015-07-01 17:57:41,652 Starting Q Learning for : 
2015-07-01 17:57:41,652 alpha = 0.8
2015-07-01 17:57:41,653 gamma = 0.5
2015-07-01 17:57:41,653 individual factor = 10
2015-07-01 17:57:41,653 zero range = 0.006
2015-07-01 17:57:41,653 greedy level = 5
2015-07-01 17:57:41,653 

2015-07-01 17:57:41,917 Starting Training from 2015-01-01 to 2015-01-31
2015-07-01 18:09:01,417 Starting Training from 2015-03-04 to 2015-04-03
2015-07-01 18:10:25,937 Starting Live from 2015-04-04 to 2015-04-10
2015-07-01 18:11:45,660 Starting Training from 2015-02-01 to 2015-03-03
2015-07-01 18:13:19,970 Starting Live from 2015-03-04 to 2015-04-03
2015-07-01 18:15:27,892 Starting Q Learning for : 
2015-07-01 18:15:27,892 alpha = 0.5
2015-07-01 18:15:27,892 gamma = 0.7
2015-07-01 18:15:27,893 individual factor = 10
2015-07-01 18:15:27,893 zero range = 0.01
2015-07-01 18:15:27,893 greedy level = 5
2015-07-01 18:15:27,893 

2015-07-01 18:15:28,360 Starting Training from 2015-01-01 to 2015-01-31
2015-07-01 18:16:14,213 Starting Live from 2015-02-01 to 2015-03-03
2015-07-01 18:31:36,476 Starting Training from 2015-03-04 to 2015-04-03
2015-07-01 18:32:45,044 Starting Training from 2015-02-01 to 2015-03-03
2015-07-01 18:32:57,989 Starting Live from 2015-04-04 to 2015-04-10
2015-07-01 18:33:44,166 Starting Live from 2015-02-01 to 2015-03-03
2015-07-01 18:34:02,595 Starting Live from 2015-03-04 to 2015-04-03
2015-07-01 18:37:34,369 Starting Q Learning for : 
2015-07-01 18:37:34,369 alpha = 0.6
2015-07-01 18:37:34,369 gamma = 0.4
2015-07-01 18:37:34,369 individual factor = 10
2015-07-01 18:37:34,369 zero range = 0.006
2015-07-01 18:37:34,370 greedy level = 5
2015-07-01 18:37:34,370 

2015-07-01 18:37:34,641 Starting Training from 2015-01-01 to 2015-01-31
2015-07-01 18:47:20,490 Starting Training from 2015-02-01 to 2015-03-03
2015-07-01 18:48:37,925 Starting Live from 2015-03-04 to 2015-04-03
2015-07-01 18:52:27,983 Starting Training from 2015-03-04 to 2015-04-03
2015-07-01 18:53:48,541 Starting Live from 2015-04-04 to 2015-04-10
2015-07-01 18:56:18,489 Starting Live from 2015-02-01 to 2015-03-03
2015-07-01 18:56:26,818 Starting Training from 2015-03-04 to 2015-04-03
2015-07-01 19:00:46,918 Starting Q Learning for : 
2015-07-01 19:00:46,918 alpha = 0.8
2015-07-01 19:00:46,918 gamma = 0.6
2015-07-01 19:00:46,918 individual factor = 10
2015-07-01 19:00:46,918 zero range = 0.006
2015-07-01 19:00:46,918 greedy level = 5
2015-07-01 19:00:46,918 

2015-07-01 19:00:47,557 Starting Training from 2015-01-01 to 2015-01-31
2015-07-01 19:05:55,025 Starting Live from 2015-04-04 to 2015-04-10
2015-07-01 19:09:26,822 Starting Q Learning for : 
2015-07-01 19:09:26,822 alpha = 0.5
2015-07-01 19:09:26,822 gamma = 0.8
2015-07-01 19:09:26,822 individual factor = 10
2015-07-01 19:09:26,822 zero range = 0.01
2015-07-01 19:09:26,822 greedy level = 5
2015-07-01 19:09:26,822 

2015-07-01 19:09:27,753 Starting Training from 2015-01-01 to 2015-01-31
2015-07-01 19:13:02,236 Starting Training from 2015-02-01 to 2015-03-03
2015-07-01 19:14:16,265 Starting Live from 2015-03-04 to 2015-04-03
2015-07-01 19:18:39,845 Starting Live from 2015-02-01 to 2015-03-03
2015-07-01 19:27:21,153 Starting Live from 2015-02-01 to 2015-03-03
2015-07-01 19:40:14,946 Starting Training from 2015-03-04 to 2015-04-03
2015-07-01 19:42:11,989 Starting Training from 2015-02-01 to 2015-03-03
2015-07-01 19:42:30,350 Starting Live from 2015-04-04 to 2015-04-10
2015-07-01 19:43:31,292 Starting Live from 2015-03-04 to 2015-04-03
2015-07-01 19:47:06,001 Starting Q Learning for : 
2015-07-01 19:47:06,001 alpha = 0.6
2015-07-01 19:47:06,001 gamma = 0.5
2015-07-01 19:47:06,001 individual factor = 10
2015-07-01 19:47:06,001 zero range = 0.006
2015-07-01 19:47:06,001 greedy level = 5
2015-07-01 19:47:06,001 

2015-07-01 19:47:06,825 Starting Training from 2015-01-01 to 2015-01-31
2015-07-01 19:47:31,739 Starting Training from 2015-02-01 to 2015-03-03
2015-07-01 19:48:51,591 Starting Live from 2015-03-04 to 2015-04-03
2015-07-01 19:55:30,338 Starting Training from 2015-03-04 to 2015-04-03
2015-07-01 20:01:37,781 Starting Training from 2015-03-04 to 2015-04-03
2015-07-01 20:02:56,599 Starting Live from 2015-04-04 to 2015-04-10
2015-07-01 20:04:56,401 Starting Live from 2015-04-04 to 2015-04-10
2015-07-01 20:05:12,008 Starting Live from 2015-02-01 to 2015-03-03
2015-07-01 20:07:31,098 Starting Q Learning for : 
2015-07-01 20:07:31,098 alpha = 0.8
2015-07-01 20:07:31,098 gamma = 0.7
2015-07-01 20:07:31,098 individual factor = 10
2015-07-01 20:07:31,098 zero range = 0.006
2015-07-01 20:07:31,098 greedy level = 5
2015-07-01 20:07:31,098 

2015-07-01 20:07:31,777 Starting Training from 2015-01-01 to 2015-01-31
2015-07-01 20:07:37,683 Starting Q Learning for : 
2015-07-01 20:07:37,683 alpha = 0.2
2015-07-01 20:07:37,683 gamma = 0.1
2015-07-01 20:07:37,683 individual factor = 10
2015-07-01 20:07:37,683 zero range = 0.01
2015-07-01 20:07:37,683 greedy level = 5
2015-07-01 20:07:37,683 

2015-07-01 20:07:38,214 Starting Training from 2015-01-01 to 2015-01-31
2015-07-01 20:21:37,533 Starting Training from 2015-02-01 to 2015-03-03
2015-07-01 20:22:55,622 Starting Live from 2015-03-04 to 2015-04-03
2015-07-01 20:25:16,999 Starting Live from 2015-02-01 to 2015-03-03
2015-07-01 20:25:19,191 Starting Live from 2015-02-01 to 2015-03-03
2015-07-01 20:38:52,286 Starting Training from 2015-02-01 to 2015-03-03
2015-07-01 20:40:09,890 Starting Live from 2015-03-04 to 2015-04-03
2015-07-01 20:40:45,788 Starting Training from 2015-03-04 to 2015-04-03
2015-07-01 20:41:47,478 Starting Training from 2015-02-01 to 2015-03-03
2015-07-01 20:42:07,873 Starting Live from 2015-04-04 to 2015-04-10
2015-07-01 20:43:09,611 Starting Live from 2015-03-04 to 2015-04-03
2015-07-01 20:48:48,141 Starting Q Learning for : 
2015-07-01 20:48:48,141 alpha = 0.6
2015-07-01 20:48:48,141 gamma = 0.6
2015-07-01 20:48:48,141 individual factor = 10
2015-07-01 20:48:48,141 zero range = 0.006
2015-07-01 20:48:48,141 greedy level = 5
2015-07-01 20:48:48,141 

2015-07-01 20:48:48,740 Starting Training from 2015-01-01 to 2015-01-31
2015-07-01 20:49:34,784 Starting Training from 2015-03-04 to 2015-04-03
2015-07-01 20:56:38,170 Starting Live from 2015-04-04 to 2015-04-10
2015-07-01 21:00:08,623 Starting Q Learning for : 
2015-07-01 21:00:08,623 alpha = 0.8
2015-07-01 21:00:08,624 gamma = 0.8
2015-07-01 21:00:08,624 individual factor = 10
2015-07-01 21:00:08,624 zero range = 0.006
2015-07-01 21:00:08,624 greedy level = 5
2015-07-01 21:00:08,624 

2015-07-01 21:00:10,144 Starting Training from 2015-01-01 to 2015-01-31
2015-07-01 21:00:52,156 Starting Training from 2015-03-04 to 2015-04-03
2015-07-01 21:04:10,714 Starting Live from 2015-04-04 to 2015-04-10
2015-07-01 21:06:46,779 Starting Live from 2015-02-01 to 2015-03-03
2015-07-01 21:09:06,581 Starting Q Learning for : 
2015-07-01 21:09:06,582 alpha = 0.2
2015-07-01 21:09:06,582 gamma = 0.2
2015-07-01 21:09:06,582 individual factor = 10
2015-07-01 21:09:06,582 zero range = 0.01
2015-07-01 21:09:06,582 greedy level = 5
2015-07-01 21:09:06,582 

2015-07-01 21:09:06,891 Starting Training from 2015-01-01 to 2015-01-31
2015-07-01 21:18:10,744 Starting Live from 2015-02-01 to 2015-03-03
2015-07-01 21:23:25,661 Starting Training from 2015-02-01 to 2015-03-03
2015-07-01 21:24:47,320 Starting Live from 2015-03-04 to 2015-04-03
2015-07-01 21:26:56,671 Starting Live from 2015-02-01 to 2015-03-03
2015-07-01 21:31:31,102 Starting Training from 2015-02-01 to 2015-03-03
2015-07-01 21:32:47,952 Starting Live from 2015-03-04 to 2015-04-03
2015-07-01 21:39:16,767 Starting Training from 2015-03-04 to 2015-04-03
2015-07-01 21:42:38,361 Starting Training from 2015-03-04 to 2015-04-03
2015-07-01 21:43:59,923 Starting Training from 2015-02-01 to 2015-03-03
2015-07-01 21:44:24,382 Starting Live from 2015-04-04 to 2015-04-10
2015-07-01 21:45:20,396 Starting Live from 2015-03-04 to 2015-04-03
2015-07-01 21:49:00,966 Starting Q Learning for : 
2015-07-01 21:49:00,967 alpha = 0.2
2015-07-01 21:49:00,967 gamma = 0.3
2015-07-01 21:49:00,967 individual factor = 10
2015-07-01 21:49:00,967 zero range = 0.01
2015-07-01 21:49:00,967 greedy level = 5
2015-07-01 21:49:00,967 

2015-07-01 21:49:01,517 Starting Training from 2015-01-01 to 2015-01-31
2015-07-01 21:49:25,352 Starting Live from 2015-04-04 to 2015-04-10
2015-07-01 21:51:59,940 Starting Q Learning for : 
2015-07-01 21:51:59,940 alpha = 0.4
2015-07-01 21:51:59,940 gamma = 0.5
2015-07-01 21:51:59,940 individual factor = 10
2015-07-01 21:51:59,940 zero range = 0.01
2015-07-01 21:51:59,941 greedy level = 5
2015-07-01 21:51:59,941 

2015-07-01 21:52:01,086 Starting Training from 2015-01-01 to 2015-01-31
2015-07-01 22:03:32,250 Starting Training from 2015-03-04 to 2015-04-03
2015-07-01 22:04:51,712 Starting Live from 2015-04-04 to 2015-04-10
2015-07-01 22:07:05,443 Starting Live from 2015-02-01 to 2015-03-03
2015-07-01 22:09:16,966 Starting Q Learning for : 
2015-07-01 22:09:16,966 alpha = 0.6
2015-07-01 22:09:16,966 gamma = 0.7
2015-07-01 22:09:16,966 individual factor = 10
2015-07-01 22:09:16,966 zero range = 0.01
2015-07-01 22:09:16,966 greedy level = 5
2015-07-01 22:09:16,966 

2015-07-01 22:09:17,732 Starting Training from 2015-01-01 to 2015-01-31
2015-07-01 22:10:04,188 Starting Live from 2015-02-01 to 2015-03-03
2015-07-01 22:23:26,697 Starting Training from 2015-02-01 to 2015-03-03
2015-07-01 22:24:42,169 Starting Live from 2015-03-04 to 2015-04-03
2015-07-01 22:26:27,699 Starting Training from 2015-02-01 to 2015-03-03
2015-07-01 22:27:02,415 Starting Live from 2015-02-01 to 2015-03-03
2015-07-01 22:27:39,768 Starting Live from 2015-03-04 to 2015-04-03
2015-07-01 22:40:44,155 Starting Training from 2015-02-01 to 2015-03-03
2015-07-01 22:45:44,844 Starting Live from 2015-03-04 to 2015-04-03
2015-07-01 22:47:30,590 Starting Training from 2015-03-04 to 2015-04-03
2015-07-01 22:51:42,927 Starting Live from 2015-04-04 to 2015-04-10
2015-07-01 22:53:18,750 Starting Training from 2015-03-04 to 2015-04-03
2015-07-01 22:54:39,636 Starting Live from 2015-04-04 to 2015-04-10
2015-07-01 22:57:01,766 Starting Q Learning for : 
2015-07-01 22:57:01,766 alpha = 0.2
2015-07-01 22:57:01,766 gamma = 0.4
2015-07-01 22:57:01,766 individual factor = 10
2015-07-01 22:57:01,767 zero range = 0.01
2015-07-01 22:57:01,767 greedy level = 5
2015-07-01 22:57:01,767 

2015-07-01 22:57:02,525 Starting Training from 2015-01-01 to 2015-01-31
2015-07-01 22:57:20,298 Starting Training from 2015-03-04 to 2015-04-03
2015-07-01 22:59:46,212 Starting Q Learning for : 
2015-07-01 22:59:46,212 alpha = 0.4
2015-07-01 22:59:46,212 gamma = 0.6
2015-07-01 22:59:46,212 individual factor = 10
2015-07-01 22:59:46,212 zero range = 0.01
2015-07-01 22:59:46,212 greedy level = 5
2015-07-01 22:59:46,213 

2015-07-01 22:59:47,109 Starting Training from 2015-01-01 to 2015-01-31
2015-07-01 23:05:42,376 Starting Live from 2015-04-04 to 2015-04-10
2015-07-01 23:11:25,078 Starting Q Learning for : 
2015-07-01 23:11:25,078 alpha = 0.6
2015-07-01 23:11:25,078 gamma = 0.8
2015-07-01 23:11:25,078 individual factor = 10
2015-07-01 23:11:25,078 zero range = 0.01
2015-07-01 23:11:25,078 greedy level = 5
2015-07-01 23:11:25,078 

2015-07-01 23:11:26,947 Starting Training from 2015-01-01 to 2015-01-31
2015-07-01 23:16:55,830 Starting Live from 2015-02-01 to 2015-03-03
2015-07-01 23:19:38,781 Starting Live from 2015-02-01 to 2015-03-03
2015-07-01 23:31:20,857 Starting Live from 2015-02-01 to 2015-03-03
2015-07-01 23:35:12,750 Starting Training from 2015-02-01 to 2015-03-03
2015-07-01 23:36:31,973 Starting Live from 2015-03-04 to 2015-04-03
2015-07-01 23:37:48,323 Starting Training from 2015-02-01 to 2015-03-03
2015-07-01 23:39:08,601 Starting Live from 2015-03-04 to 2015-04-03
2015-07-01 23:45:47,255 Starting Training from 2015-02-01 to 2015-03-03
2015-07-01 23:47:09,879 Starting Live from 2015-03-04 to 2015-04-03
2015-07-01 23:52:19,092 Starting Training from 2015-03-04 to 2015-04-03
2015-07-01 23:56:00,140 Starting Training from 2015-03-04 to 2015-04-03
2015-07-01 23:57:42,722 Starting Live from 2015-04-04 to 2015-04-10
2015-07-01 23:59:53,774 Starting Training from 2015-03-04 to 2015-04-03
2015-07-02 00:01:58,163 Starting Live from 2015-04-04 to 2015-04-10
2015-07-02 00:04:48,224 Starting Q Learning for : 
2015-07-02 00:04:48,224 alpha = 0.2
2015-07-02 00:04:48,224 gamma = 0.5
2015-07-02 00:04:48,224 individual factor = 10
2015-07-02 00:04:48,225 zero range = 0.01
2015-07-02 00:04:48,225 greedy level = 5
2015-07-02 00:04:48,225 

2015-07-02 00:04:49,639 Starting Training from 2015-01-01 to 2015-01-31
2015-07-02 00:04:49,781 Starting Live from 2015-04-04 to 2015-04-10
2015-07-02 00:07:27,868 Starting Q Learning for : 
2015-07-02 00:07:27,868 alpha = 0.4
2015-07-02 00:07:27,868 gamma = 0.7
2015-07-02 00:07:27,868 individual factor = 10
2015-07-02 00:07:27,868 zero range = 0.01
2015-07-02 00:07:27,868 greedy level = 5
2015-07-02 00:07:27,868 

2015-07-02 00:07:28,496 Starting Training from 2015-01-01 to 2015-01-31
2015-07-02 00:07:49,650 Starting Q Learning for : 
2015-07-02 00:07:49,650 alpha = 0.8
2015-07-02 00:07:49,650 gamma = 0.1
2015-07-02 00:07:49,650 individual factor = 10
2015-07-02 00:07:49,651 zero range = 0.01
2015-07-02 00:07:49,651 greedy level = 5
2015-07-02 00:07:49,651 

2015-07-02 00:07:50,480 Starting Training from 2015-01-01 to 2015-01-31
2015-07-02 00:25:31,272 Starting Live from 2015-02-01 to 2015-03-03
2015-07-02 00:28:38,523 Starting Live from 2015-02-01 to 2015-03-03
2015-07-02 00:28:49,861 Starting Live from 2015-02-01 to 2015-03-03
2015-07-02 00:43:46,807 Starting Training from 2015-02-01 to 2015-03-03
2015-07-02 00:44:13,954 Starting Training from 2015-02-01 to 2015-03-03
2015-07-02 00:45:18,363 Starting Live from 2015-03-04 to 2015-04-03
2015-07-02 00:45:40,338 Starting Live from 2015-03-04 to 2015-04-03
2015-07-02 00:47:28,065 Starting Training from 2015-02-01 to 2015-03-03
2015-07-02 00:49:45,298 Starting Live from 2015-03-04 to 2015-04-03
2015-07-02 00:55:33,074 Starting Training from 2015-03-04 to 2015-04-03
2015-07-02 01:03:43,180 Starting Live from 2015-04-04 to 2015-04-10
2015-07-02 01:05:36,556 Starting Training from 2015-03-04 to 2015-04-03
2015-07-02 01:08:36,820 Starting Live from 2015-04-04 to 2015-04-10
2015-07-02 01:08:58,704 Starting Q Learning for : 
2015-07-02 01:08:58,704 alpha = 0.4
2015-07-02 01:08:58,704 gamma = 0.8
2015-07-02 01:08:58,704 individual factor = 10
2015-07-02 01:08:58,704 zero range = 0.01
2015-07-02 01:08:58,704 greedy level = 5
2015-07-02 01:08:58,704 

2015-07-02 01:09:00,916 Starting Training from 2015-01-01 to 2015-01-31
2015-07-02 01:10:50,852 Starting Training from 2015-03-04 to 2015-04-03
2015-07-02 01:12:16,539 Starting Live from 2015-04-04 to 2015-04-10
2015-07-02 01:14:34,647 Starting Q Learning for : 
2015-07-02 01:14:34,647 alpha = 0.2
2015-07-02 01:14:34,647 gamma = 0.6
2015-07-02 01:14:34,647 individual factor = 10
2015-07-02 01:14:34,647 zero range = 0.01
2015-07-02 01:14:34,647 greedy level = 5
2015-07-02 01:14:34,647 

2015-07-02 01:14:35,333 Starting Training from 2015-01-01 to 2015-01-31
2015-07-02 01:17:13,141 Starting Q Learning for : 
2015-07-02 01:17:13,141 alpha = 0.8
2015-07-02 01:17:13,141 gamma = 0.2
2015-07-02 01:17:13,141 individual factor = 10
2015-07-02 01:17:13,141 zero range = 0.01
2015-07-02 01:17:13,141 greedy level = 5
2015-07-02 01:17:13,142 

2015-07-02 01:17:14,347 Starting Training from 2015-01-01 to 2015-01-31
2015-07-02 01:29:36,455 Starting Live from 2015-02-01 to 2015-03-03
2015-07-02 01:34:53,780 Starting Live from 2015-02-01 to 2015-03-03
2015-07-02 01:37:23,686 Starting Live from 2015-02-01 to 2015-03-03
2015-07-02 01:44:24,846 Starting Training from 2015-02-01 to 2015-03-03
2015-07-02 01:45:51,400 Starting Live from 2015-03-04 to 2015-04-03
2015-07-02 01:51:03,247 Starting Training from 2015-03-04 to 2015-04-03
2015-07-02 01:53:01,965 Starting Training from 2015-02-01 to 2015-03-03
2015-07-02 01:54:25,391 Starting Live from 2015-03-04 to 2015-04-03
2015-07-02 01:55:22,136 Starting Training from 2015-02-01 to 2015-03-03
2015-07-02 01:56:42,776 Starting Live from 2015-03-04 to 2015-04-03
2015-07-02 02:03:11,562 Starting Live from 2015-04-04 to 2015-04-10
2015-07-02 02:06:00,539 Starting Q Learning for : 
2015-07-02 02:06:00,539 alpha = 0.6
2015-07-02 02:06:00,539 gamma = 0.1
2015-07-02 02:06:00,539 individual factor = 10
2015-07-02 02:06:00,539 zero range = 0.01
2015-07-02 02:06:00,539 greedy level = 5
2015-07-02 02:06:00,539 

2015-07-02 02:06:01,041 Starting Training from 2015-01-01 to 2015-01-31
2015-07-02 02:13:37,673 Starting Training from 2015-03-04 to 2015-04-03
2015-07-02 02:15:16,306 Starting Live from 2015-04-04 to 2015-04-10
2015-07-02 02:16:22,945 Starting Training from 2015-03-04 to 2015-04-03
2015-07-02 02:19:46,569 Starting Live from 2015-04-04 to 2015-04-10
2015-07-02 02:22:17,759 Starting Q Learning for : 
2015-07-02 02:22:17,759 alpha = 0.2
2015-07-02 02:22:17,759 gamma = 0.7
2015-07-02 02:22:17,759 individual factor = 10
2015-07-02 02:22:17,759 zero range = 0.01
2015-07-02 02:22:17,759 greedy level = 5
2015-07-02 02:22:17,759 

2015-07-02 02:22:18,542 Starting Training from 2015-01-01 to 2015-01-31
2015-07-02 02:24:59,260 Starting Live from 2015-02-01 to 2015-03-03
2015-07-02 02:25:05,095 Starting Q Learning for : 
2015-07-02 02:25:05,095 alpha = 0.8
2015-07-02 02:25:05,095 gamma = 0.3
2015-07-02 02:25:05,095 individual factor = 10
2015-07-02 02:25:05,095 zero range = 0.01
2015-07-02 02:25:05,095 greedy level = 5
2015-07-02 02:25:05,095 

2015-07-02 02:25:06,206 Starting Training from 2015-01-01 to 2015-01-31
2015-07-02 02:41:44,880 Starting Live from 2015-02-01 to 2015-03-03
2015-07-02 02:42:56,227 Starting Training from 2015-02-01 to 2015-03-03
2015-07-02 02:44:22,848 Starting Live from 2015-03-04 to 2015-04-03
2015-07-02 02:44:36,319 Starting Live from 2015-02-01 to 2015-03-03
2015-07-02 02:56:28,616 Starting Training from 2015-02-01 to 2015-03-03
2015-07-02 02:58:04,174 Starting Live from 2015-03-04 to 2015-04-03
2015-07-02 03:03:36,506 Starting Training from 2015-02-01 to 2015-03-03
2015-07-02 03:05:24,804 Starting Live from 2015-03-04 to 2015-04-03
2015-07-02 03:05:32,355 Starting Training from 2015-03-04 to 2015-04-03
2015-07-02 03:08:19,641 Starting Training from 2015-03-04 to 2015-04-03
2015-07-02 03:08:19,842 Starting Live from 2015-04-04 to 2015-04-10
2015-07-02 03:13:33,179 Starting Q Learning for : 
2015-07-02 03:13:33,179 alpha = 0.6
2015-07-02 03:13:33,179 gamma = 0.2
2015-07-02 03:13:33,179 individual factor = 10
2015-07-02 03:13:33,179 zero range = 0.01
2015-07-02 03:13:33,179 greedy level = 5
2015-07-02 03:13:33,179 

2015-07-02 03:13:33,995 Starting Training from 2015-01-01 to 2015-01-31
2015-07-02 03:16:31,825 Starting Live from 2015-04-04 to 2015-04-10
2015-07-02 03:20:34,101 Starting Q Learning for : 
2015-07-02 03:20:34,101 alpha = 0.2
2015-07-02 03:20:34,102 gamma = 0.8
2015-07-02 03:20:34,102 individual factor = 10
2015-07-02 03:20:34,102 zero range = 0.01
2015-07-02 03:20:34,102 greedy level = 5
2015-07-02 03:20:34,102 

2015-07-02 03:20:35,169 Starting Training from 2015-01-01 to 2015-01-31
2015-07-02 03:26:15,010 Starting Training from 2015-03-04 to 2015-04-03
2015-07-02 03:27:40,741 Starting Live from 2015-04-04 to 2015-04-10
2015-07-02 03:32:27,087 Starting Q Learning for : 
2015-07-02 03:32:27,087 alpha = 0.8
2015-07-02 03:32:27,087 gamma = 0.4
2015-07-02 03:32:27,088 individual factor = 10
2015-07-02 03:32:27,088 zero range = 0.01
2015-07-02 03:32:27,088 greedy level = 5
2015-07-02 03:32:27,088 

2015-07-02 03:32:28,726 Starting Training from 2015-01-01 to 2015-01-31
2015-07-02 03:32:35,896 Starting Live from 2015-02-01 to 2015-03-03
2015-07-02 03:40:37,621 Starting Live from 2015-02-01 to 2015-03-03
2015-07-02 03:50:01,951 Starting Training from 2015-02-01 to 2015-03-03
2015-07-02 03:51:23,449 Starting Live from 2015-03-04 to 2015-04-03
2015-07-02 03:51:28,675 Starting Live from 2015-02-01 to 2015-03-03
2015-07-02 03:53:32,962 Starting Training from 2015-02-01 to 2015-03-03
2015-07-02 03:54:51,348 Starting Live from 2015-03-04 to 2015-04-03
2015-07-02 04:01:14,980 Starting Training from 2015-03-04 to 2015-04-03
2015-07-02 04:08:11,824 Starting Training from 2015-02-01 to 2015-03-03
2015-07-02 04:09:27,339 Starting Live from 2015-03-04 to 2015-04-03
2015-07-02 04:09:33,577 Starting Training from 2015-03-04 to 2015-04-03
2015-07-02 04:10:48,662 Starting Live from 2015-04-04 to 2015-04-10
2015-07-02 04:10:50,746 Starting Live from 2015-04-04 to 2015-04-10
2015-07-02 04:14:02,640 Starting Q Learning for : 
2015-07-02 04:14:02,640 alpha = 0.4
2015-07-02 04:14:02,640 gamma = 0.1
2015-07-02 04:14:02,640 individual factor = 10
2015-07-02 04:14:02,641 zero range = 0.01
2015-07-02 04:14:02,641 greedy level = 5
2015-07-02 04:14:02,641 

2015-07-02 04:14:03,893 Starting Training from 2015-01-01 to 2015-01-31
2015-07-02 04:17:30,012 Starting Q Learning for : 
2015-07-02 04:17:30,012 alpha = 0.6
2015-07-02 04:17:30,012 gamma = 0.3
2015-07-02 04:17:30,012 individual factor = 10
2015-07-02 04:17:30,012 zero range = 0.01
2015-07-02 04:17:30,012 greedy level = 5
2015-07-02 04:17:30,012 

2015-07-02 04:17:30,510 Starting Training from 2015-01-01 to 2015-01-31
2015-07-02 04:27:50,623 Starting Training from 2015-03-04 to 2015-04-03
2015-07-02 04:29:12,814 Starting Live from 2015-04-04 to 2015-04-10
2015-07-02 04:32:53,930 Starting Live from 2015-02-01 to 2015-03-03
2015-07-02 04:35:35,887 Starting Live from 2015-02-01 to 2015-03-03
2015-07-02 04:35:50,164 Starting Q Learning for : 
2015-07-02 04:35:50,164 alpha = 0.8
2015-07-02 04:35:50,164 gamma = 0.5
2015-07-02 04:35:50,164 individual factor = 10
2015-07-02 04:35:50,164 zero range = 0.01
2015-07-02 04:35:50,164 greedy level = 5
2015-07-02 04:35:50,164 

2015-07-02 04:35:50,735 Starting Training from 2015-01-01 to 2015-01-31
2015-07-02 04:47:38,094 Starting Training from 2015-02-01 to 2015-03-03
2015-07-02 04:51:01,573 Starting Live from 2015-03-04 to 2015-04-03
2015-07-02 04:51:41,140 Starting Training from 2015-02-01 to 2015-03-03
2015-07-02 04:53:08,645 Starting Live from 2015-03-04 to 2015-04-03
2015-07-02 04:53:26,585 Starting Live from 2015-02-01 to 2015-03-03
2015-07-02 05:07:33,024 Starting Training from 2015-03-04 to 2015-04-03
2015-07-02 05:08:31,032 Starting Training from 2015-02-01 to 2015-03-03
2015-07-02 05:10:23,997 Starting Training from 2015-03-04 to 2015-04-03
2015-07-02 05:10:34,332 Starting Live from 2015-04-04 to 2015-04-10
2015-07-02 05:11:01,492 Starting Live from 2015-03-04 to 2015-04-03
2015-07-02 05:11:56,652 Starting Live from 2015-04-04 to 2015-04-10
2015-07-02 05:15:01,819 Starting Q Learning for : 
2015-07-02 05:15:01,819 alpha = 0.4
2015-07-02 05:15:01,819 gamma = 0.2
2015-07-02 05:15:01,819 individual factor = 10
2015-07-02 05:15:01,819 zero range = 0.01
2015-07-02 05:15:01,819 greedy level = 5
2015-07-02 05:15:01,819 

2015-07-02 05:15:02,481 Starting Training from 2015-01-01 to 2015-01-31
2015-07-02 05:16:13,712 Starting Q Learning for : 
2015-07-02 05:16:13,712 alpha = 0.6
2015-07-02 05:16:13,712 gamma = 0.4
2015-07-02 05:16:13,712 individual factor = 10
2015-07-02 05:16:13,712 zero range = 0.01
2015-07-02 05:16:13,712 greedy level = 5
2015-07-02 05:16:13,712 

2015-07-02 05:16:14,147 Starting Training from 2015-01-01 to 2015-01-31
2015-07-02 05:27:33,915 Starting Training from 2015-03-04 to 2015-04-03
2015-07-02 05:28:49,433 Starting Live from 2015-04-04 to 2015-04-10
2015-07-02 05:31:40,491 Starting Live from 2015-02-01 to 2015-03-03
2015-07-02 05:32:54,643 Starting Live from 2015-02-01 to 2015-03-03
2015-07-02 05:33:03,461 Starting Q Learning for : 
2015-07-02 05:33:03,462 alpha = 0.8
2015-07-02 05:33:03,462 gamma = 0.6
2015-07-02 05:33:03,462 individual factor = 10
2015-07-02 05:33:03,462 zero range = 0.01
2015-07-02 05:33:03,462 greedy level = 5
2015-07-02 05:33:03,462 

2015-07-02 05:33:03,744 Starting Training from 2015-01-01 to 2015-01-31
2015-07-02 05:46:59,675 Starting Training from 2015-02-01 to 2015-03-03
2015-07-02 05:47:57,592 Starting Training from 2015-02-01 to 2015-03-03
2015-07-02 05:48:21,700 Starting Live from 2015-03-04 to 2015-04-03
2015-07-02 05:49:11,455 Starting Live from 2015-03-04 to 2015-04-03
2015-07-02 05:49:37,638 Starting Live from 2015-02-01 to 2015-03-03
2015-07-02 06:04:51,635 Starting Training from 2015-02-01 to 2015-03-03
2015-07-02 06:04:55,268 Starting Training from 2015-03-04 to 2015-04-03
2015-07-02 06:05:42,787 Starting Training from 2015-03-04 to 2015-04-03
2015-07-02 06:06:07,613 Starting Live from 2015-03-04 to 2015-04-03
2015-07-02 06:06:12,326 Starting Live from 2015-04-04 to 2015-04-10
2015-07-02 06:07:00,957 Starting Live from 2015-04-04 to 2015-04-10
2015-07-02 06:10:05,490 Starting Q Learning for : 
2015-07-02 06:10:05,490 alpha = 0.4
2015-07-02 06:10:05,490 gamma = 0.3
2015-07-02 06:10:05,490 individual factor = 10
2015-07-02 06:10:05,490 zero range = 0.01
2015-07-02 06:10:05,490 greedy level = 5
2015-07-02 06:10:05,490 

2015-07-02 06:10:05,840 Starting Training from 2015-01-01 to 2015-01-31
2015-07-02 06:11:03,814 Starting Q Learning for : 
2015-07-02 06:11:03,814 alpha = 0.6
2015-07-02 06:11:03,814 gamma = 0.5
2015-07-02 06:11:03,814 individual factor = 10
2015-07-02 06:11:03,814 zero range = 0.01
2015-07-02 06:11:03,814 greedy level = 5
2015-07-02 06:11:03,814 

2015-07-02 06:11:04,760 Starting Training from 2015-01-01 to 2015-01-31
2015-07-02 06:22:32,776 Starting Training from 2015-03-04 to 2015-04-03
2015-07-02 06:23:45,848 Starting Live from 2015-04-04 to 2015-04-10
2015-07-02 06:26:33,931 Starting Live from 2015-02-01 to 2015-03-03
2015-07-02 06:27:34,918 Starting Live from 2015-02-01 to 2015-03-03
2015-07-02 06:27:53,296 Starting Q Learning for : 
2015-07-02 06:27:53,296 alpha = 0.8
2015-07-02 06:27:53,296 gamma = 0.7
2015-07-02 06:27:53,296 individual factor = 10
2015-07-02 06:27:53,297 zero range = 0.01
2015-07-02 06:27:53,297 greedy level = 5
2015-07-02 06:27:53,297 

2015-07-02 06:27:53,902 Starting Training from 2015-01-01 to 2015-01-31
2015-07-02 06:42:00,276 Starting Training from 2015-02-01 to 2015-03-03
2015-07-02 06:42:58,719 Starting Training from 2015-02-01 to 2015-03-03
2015-07-02 06:43:10,265 Starting Live from 2015-03-04 to 2015-04-03
2015-07-02 06:44:08,612 Starting Live from 2015-03-04 to 2015-04-03
2015-07-02 06:44:26,966 Starting Live from 2015-02-01 to 2015-03-03
2015-07-02 06:54:59,684 Starting Training from 2015-02-01 to 2015-03-03
2015-07-02 06:58:15,703 Starting Live from 2015-03-04 to 2015-04-03
2015-07-02 06:59:28,412 Starting Training from 2015-03-04 to 2015-04-03
2015-07-02 07:00:38,361 Starting Training from 2015-03-04 to 2015-04-03
2015-07-02 07:00:38,661 Starting Live from 2015-04-04 to 2015-04-10
2015-07-02 07:01:50,769 Starting Live from 2015-04-04 to 2015-04-10
2015-07-02 07:04:55,255 Starting Training from 2015-03-04 to 2015-04-03
2015-07-02 07:04:56,414 Starting Q Learning for : 
2015-07-02 07:04:56,414 alpha = 0.4
2015-07-02 07:04:56,414 gamma = 0.4
2015-07-02 07:04:56,414 individual factor = 10
2015-07-02 07:04:56,414 zero range = 0.01
2015-07-02 07:04:56,414 greedy level = 5
2015-07-02 07:04:56,414 

2015-07-02 07:04:57,182 Starting Training from 2015-01-01 to 2015-01-31
2015-07-02 07:06:33,748 Starting Q Learning for : 
2015-07-02 07:06:33,748 alpha = 0.6
2015-07-02 07:06:33,748 gamma = 0.6
2015-07-02 07:06:33,748 individual factor = 10
2015-07-02 07:06:33,748 zero range = 0.01
2015-07-02 07:06:33,748 greedy level = 5
2015-07-02 07:06:33,748 

2015-07-02 07:06:34,353 Starting Training from 2015-01-01 to 2015-01-31
2015-07-02 07:11:15,470 Starting Live from 2015-04-04 to 2015-04-10
2015-07-02 07:16:27,576 Starting Q Learning for : 
2015-07-02 07:16:27,577 alpha = 0.8
2015-07-02 07:16:27,577 gamma = 0.8
2015-07-02 07:16:27,577 individual factor = 10
2015-07-02 07:16:27,577 zero range = 0.01
2015-07-02 07:16:27,577 greedy level = 5
2015-07-02 07:16:27,577 

2015-07-02 07:16:28,027 Starting Training from 2015-01-01 to 2015-01-31
2015-07-02 07:21:00,009 Starting Live from 2015-02-01 to 2015-03-03
2015-07-02 07:22:32,723 Starting Live from 2015-02-01 to 2015-03-03
2015-07-02 07:30:18,211 Starting Live from 2015-02-01 to 2015-03-03
2015-07-02 07:35:04,818 Starting Training from 2015-02-01 to 2015-03-03
2015-07-02 07:36:54,427 Starting Live from 2015-03-04 to 2015-04-03
2015-07-02 07:37:19,879 Starting Training from 2015-02-01 to 2015-03-03
2015-07-02 07:38:30,188 Starting Live from 2015-03-04 to 2015-04-03
2015-07-02 07:42:11,027 Starting Training from 2015-02-01 to 2015-03-03
2015-07-02 07:43:14,964 Starting Live from 2015-03-04 to 2015-04-03
2015-07-02 07:46:51,917 Starting Training from 2015-03-04 to 2015-04-03
2015-07-02 07:49:27,137 Starting Training from 2015-03-04 to 2015-04-03
2015-07-02 07:50:18,978 Starting Training from 2015-03-04 to 2015-04-03
2015-07-02 07:50:31,383 Starting Live from 2015-04-04 to 2015-04-10
2015-07-02 07:52:59,253 Starting Live from 2015-04-04 to 2015-04-10
2015-07-02 07:56:59,660 Starting Live from 2015-04-04 to 2015-04-10
