2015-06-25 19:08:48,934 Starting Q Learning for : 
2015-06-25 19:08:48,934 alpha = 0.5
2015-06-25 19:08:48,934 gamma = 0.8
2015-06-25 19:08:48,934 individual factor = 8
2015-06-25 19:08:48,934 zero range = 0.01
2015-06-25 19:08:48,934 greedy level = 5
2015-06-25 19:08:48,934 

2015-06-25 19:09:02,385 Starting Training from 2014-12-17 to 2015-01-01
2015-06-25 19:20:39,213 Starting Live from 2015-01-02 to 2015-02-01
2015-06-25 19:51:53,729 Starting Training from 2015-01-17 to 2015-02-01
2015-06-25 19:53:39,826 Starting Live from 2015-02-02 to 2015-03-04
2015-06-25 20:23:26,336 Starting Training from 2015-02-17 to 2015-03-04
2015-06-25 20:25:10,128 Starting Live from 2015-03-05 to 2015-04-04
2015-06-25 20:54:19,545 Starting Training from 2015-03-20 to 2015-04-04
2015-06-25 20:55:50,959 Starting Live from 2015-04-05 to 2015-04-10
2015-06-25 21:04:09,690 Starting Q Learning for : 
2015-06-25 21:04:09,690 alpha = 0.6
2015-06-25 21:04:09,690 gamma = 0.1
2015-06-25 21:04:09,690 individual factor = 8
2015-06-25 21:04:09,690 zero range = 0.01
2015-06-25 21:04:09,690 greedy level = 5
2015-06-25 21:04:09,691 

2015-06-25 21:04:18,841 Starting Training from 2014-12-17 to 2015-01-01
2015-06-25 21:16:41,710 Starting Live from 2015-01-02 to 2015-02-01
2015-06-25 21:46:02,104 Starting Training from 2015-01-17 to 2015-02-01
2015-06-25 21:47:45,147 Starting Live from 2015-02-02 to 2015-03-04
2015-06-25 22:17:36,269 Starting Training from 2015-02-17 to 2015-03-04
2015-06-25 22:19:35,232 Starting Live from 2015-03-05 to 2015-04-04
2015-06-25 22:50:54,805 Starting Training from 2015-03-20 to 2015-04-04
2015-06-25 22:52:28,173 Starting Live from 2015-04-05 to 2015-04-10
2015-06-25 23:00:47,490 Starting Q Learning for : 
2015-06-25 23:00:47,490 alpha = 0.6
2015-06-25 23:00:47,490 gamma = 0.2
2015-06-25 23:00:47,490 individual factor = 8
2015-06-25 23:00:47,490 zero range = 0.01
2015-06-25 23:00:47,490 greedy level = 5
2015-06-25 23:00:47,490 

2015-06-25 23:00:53,490 Starting Training from 2014-12-17 to 2015-01-01
2015-06-25 23:14:12,486 Starting Live from 2015-01-02 to 2015-02-01
2015-06-25 23:44:50,663 Starting Training from 2015-01-17 to 2015-02-01
2015-06-25 23:46:53,283 Starting Live from 2015-02-02 to 2015-03-04
2015-06-26 00:19:01,691 Starting Training from 2015-02-17 to 2015-03-04
2015-06-26 00:20:51,595 Starting Live from 2015-03-05 to 2015-04-04
2015-06-26 00:50:14,648 Starting Training from 2015-03-20 to 2015-04-04
2015-06-26 00:51:30,828 Starting Live from 2015-04-05 to 2015-04-10
2015-06-26 01:00:13,921 Starting Q Learning for : 
2015-06-26 01:00:13,921 alpha = 0.6
2015-06-26 01:00:13,921 gamma = 0.3
2015-06-26 01:00:13,921 individual factor = 8
2015-06-26 01:00:13,921 zero range = 0.01
2015-06-26 01:00:13,921 greedy level = 5
2015-06-26 01:00:13,921 

2015-06-26 01:00:19,670 Starting Training from 2014-12-17 to 2015-01-01
2015-06-26 01:12:46,628 Starting Live from 2015-01-02 to 2015-02-01
2015-06-26 01:44:20,227 Starting Training from 2015-01-17 to 2015-02-01
2015-06-26 01:46:18,270 Starting Live from 2015-02-02 to 2015-03-04
2015-06-26 02:17:39,723 Starting Training from 2015-02-17 to 2015-03-04
2015-06-26 02:19:34,819 Starting Live from 2015-03-05 to 2015-04-04
2015-06-26 02:51:42,065 Starting Training from 2015-03-20 to 2015-04-04
2015-06-26 02:53:20,868 Starting Live from 2015-04-05 to 2015-04-10
2015-06-26 03:01:30,526 Starting Q Learning for : 
2015-06-26 03:01:30,526 alpha = 0.6
2015-06-26 03:01:30,526 gamma = 0.4
2015-06-26 03:01:30,526 individual factor = 8
2015-06-26 03:01:30,526 zero range = 0.01
2015-06-26 03:01:30,526 greedy level = 5
2015-06-26 03:01:30,526 

2015-06-26 03:01:36,578 Starting Training from 2014-12-17 to 2015-01-01
2015-06-26 03:14:55,236 Starting Live from 2015-01-02 to 2015-02-01
2015-06-26 03:46:59,132 Starting Training from 2015-01-17 to 2015-02-01
2015-06-26 03:48:46,812 Starting Live from 2015-02-02 to 2015-03-04
2015-06-26 04:21:19,750 Starting Training from 2015-02-17 to 2015-03-04
2015-06-26 04:23:10,812 Starting Live from 2015-03-05 to 2015-04-04
2015-06-26 04:54:09,262 Starting Training from 2015-03-20 to 2015-04-04
2015-06-26 04:55:41,513 Starting Live from 2015-04-05 to 2015-04-10
2015-06-26 05:04:41,378 Starting Q Learning for : 
2015-06-26 05:04:41,380 alpha = 0.6
2015-06-26 05:04:41,380 gamma = 0.5
2015-06-26 05:04:41,380 individual factor = 8
2015-06-26 05:04:41,380 zero range = 0.01
2015-06-26 05:04:41,380 greedy level = 5
2015-06-26 05:04:41,380 

2015-06-26 05:04:49,976 Starting Training from 2014-12-17 to 2015-01-01
2015-06-26 05:17:26,563 Starting Live from 2015-01-02 to 2015-02-01
2015-06-26 05:49:24,594 Starting Training from 2015-01-17 to 2015-02-01
2015-06-26 05:51:20,569 Starting Live from 2015-02-02 to 2015-03-04
2015-06-26 06:23:43,138 Starting Training from 2015-02-17 to 2015-03-04
2015-06-26 06:25:38,734 Starting Live from 2015-03-05 to 2015-04-04
2015-06-26 06:56:44,108 Starting Training from 2015-03-20 to 2015-04-04
2015-06-26 06:58:26,085 Starting Live from 2015-04-05 to 2015-04-10
2015-06-26 07:06:36,237 Starting Q Learning for : 
2015-06-26 07:06:36,237 alpha = 0.6
2015-06-26 07:06:36,239 gamma = 0.6
2015-06-26 07:06:36,239 individual factor = 8
2015-06-26 07:06:36,239 zero range = 0.01
2015-06-26 07:06:36,239 greedy level = 5
2015-06-26 07:06:36,239 

2015-06-26 07:06:42,013 Starting Training from 2014-12-17 to 2015-01-01
2015-06-26 07:19:44,492 Starting Live from 2015-01-02 to 2015-02-01
2015-06-26 07:49:53,306 Starting Training from 2015-01-17 to 2015-02-01
2015-06-26 07:51:33,778 Starting Live from 2015-02-02 to 2015-03-04
2015-06-26 08:22:16,638 Starting Training from 2015-02-17 to 2015-03-04
2015-06-26 08:24:20,525 Starting Live from 2015-03-05 to 2015-04-04
2015-06-26 08:54:38,841 Starting Training from 2015-03-20 to 2015-04-04
2015-06-26 08:56:08,191 Starting Live from 2015-04-05 to 2015-04-10
2015-06-26 09:04:10,763 Starting Q Learning for : 
2015-06-26 09:04:10,763 alpha = 0.8
2015-06-26 09:04:10,763 gamma = 0.4
2015-06-26 09:04:10,763 individual factor = 8
2015-06-26 09:04:10,763 zero range = 0.01
2015-06-26 09:04:10,763 greedy level = 5
2015-06-26 09:04:10,765 

2015-06-26 09:04:18,154 Starting Training from 2014-12-17 to 2015-01-01
2015-06-26 09:17:15,326 Starting Live from 2015-01-02 to 2015-02-01
2015-06-26 09:47:25,855 Starting Training from 2015-01-17 to 2015-02-01
2015-06-26 09:49:05,785 Starting Live from 2015-02-02 to 2015-03-04
2015-06-26 10:21:04,112 Starting Training from 2015-02-17 to 2015-03-04
2015-06-26 10:22:59,921 Starting Live from 2015-03-05 to 2015-04-04
2015-06-26 10:51:32,464 Starting Training from 2015-03-20 to 2015-04-04
2015-06-26 10:53:02,128 Starting Live from 2015-04-05 to 2015-04-10
2015-06-26 11:00:43,099 Starting Q Learning for : 
2015-06-26 11:00:43,099 alpha = 0.8
2015-06-26 11:00:43,099 gamma = 0.5
2015-06-26 11:00:43,101 individual factor = 8
2015-06-26 11:00:43,101 zero range = 0.01
2015-06-26 11:00:43,101 greedy level = 5
2015-06-26 11:00:43,101 

2015-06-26 11:00:49,898 Starting Training from 2014-12-17 to 2015-01-01
2015-06-26 11:13:32,710 Starting Live from 2015-01-02 to 2015-02-01
2015-06-26 11:43:43,078 Starting Training from 2015-01-17 to 2015-02-01
2015-06-26 11:45:38,775 Starting Live from 2015-02-02 to 2015-03-04
2015-06-26 12:17:18,009 Starting Training from 2015-02-17 to 2015-03-04
2015-06-26 12:19:03,957 Starting Live from 2015-03-05 to 2015-04-04
2015-06-26 12:49:27,276 Starting Training from 2015-03-20 to 2015-04-04
2015-06-26 12:50:52,601 Starting Live from 2015-04-05 to 2015-04-10
2015-06-26 13:00:12,500 Starting Q Learning for : 
2015-06-26 13:00:12,500 alpha = 0.8
2015-06-26 13:00:12,500 gamma = 0.6
2015-06-26 13:00:12,500 individual factor = 8
2015-06-26 13:00:12,500 zero range = 0.01
2015-06-26 13:00:12,500 greedy level = 5
2015-06-26 13:00:12,500 

2015-06-26 13:00:19,306 Starting Training from 2014-12-17 to 2015-01-01
2015-06-26 13:12:41,513 Starting Live from 2015-01-02 to 2015-02-01
2015-06-26 13:43:58,454 Starting Training from 2015-01-17 to 2015-02-01
2015-06-26 13:45:43,032 Starting Live from 2015-02-02 to 2015-03-04
2015-06-26 14:16:19,279 Starting Training from 2015-02-17 to 2015-03-04
2015-06-26 14:18:05,535 Starting Live from 2015-03-05 to 2015-04-04
2015-06-26 14:47:51,056 Starting Training from 2015-03-20 to 2015-04-04
2015-06-26 14:49:21,529 Starting Live from 2015-04-05 to 2015-04-10
2015-06-26 14:57:25,187 Starting Q Learning for : 
2015-06-26 14:57:25,187 alpha = 0.8
2015-06-26 14:57:25,187 gamma = 0.7
2015-06-26 14:57:25,187 individual factor = 8
2015-06-26 14:57:25,187 zero range = 0.01
2015-06-26 14:57:25,187 greedy level = 5
2015-06-26 14:57:25,187 

2015-06-26 14:57:31,346 Starting Training from 2014-12-17 to 2015-01-01
2015-06-26 15:10:47,790 Starting Live from 2015-01-02 to 2015-02-01
2015-06-26 15:42:47,302 Starting Training from 2015-01-17 to 2015-02-01
2015-06-26 15:44:33,752 Starting Live from 2015-02-02 to 2015-03-04
2015-06-26 16:17:08,084 Starting Training from 2015-02-17 to 2015-03-04
2015-06-26 16:19:09,451 Starting Live from 2015-03-05 to 2015-04-04
2015-06-26 16:49:30,003 Starting Training from 2015-03-20 to 2015-04-04
2015-06-26 16:50:55,456 Starting Live from 2015-04-05 to 2015-04-10
2015-06-26 16:59:13,470 Starting Q Learning for : 
2015-06-26 16:59:13,470 alpha = 0.8
2015-06-26 16:59:13,470 gamma = 0.8
2015-06-26 16:59:13,470 individual factor = 8
2015-06-26 16:59:13,470 zero range = 0.01
2015-06-26 16:59:13,470 greedy level = 5
2015-06-26 16:59:13,470 

2015-06-26 16:59:20,082 Starting Training from 2014-12-17 to 2015-01-01
2015-06-26 17:12:06,328 Starting Live from 2015-01-02 to 2015-02-01
2015-06-26 17:41:49,969 Starting Training from 2015-01-17 to 2015-02-01
2015-06-26 17:43:34,918 Starting Live from 2015-02-02 to 2015-03-04
2015-06-26 18:15:26,993 Starting Training from 2015-02-17 to 2015-03-04
2015-06-26 18:17:19,150 Starting Live from 2015-03-05 to 2015-04-04
2015-06-26 18:48:18,502 Starting Training from 2015-03-20 to 2015-04-04
2015-06-26 18:49:48,940 Starting Live from 2015-04-05 to 2015-04-10
2015-06-26 18:58:41,012 Starting Q Learning for : 
2015-06-26 18:58:41,012 alpha = 0.5
2015-06-26 18:58:41,013 gamma = 0.1
2015-06-26 18:58:41,013 individual factor = 8
2015-06-26 18:58:41,013 zero range = 0.006
2015-06-26 18:58:41,013 greedy level = 5
2015-06-26 18:58:41,013 

2015-06-26 18:58:46,726 Starting Training from 2014-12-17 to 2015-01-01
2015-06-26 19:11:09,770 Starting Live from 2015-01-02 to 2015-02-01
2015-06-26 19:41:45,288 Starting Training from 2015-01-17 to 2015-02-01
2015-06-26 19:43:33,382 Starting Live from 2015-02-02 to 2015-03-04
2015-06-26 20:13:56,529 Starting Training from 2015-02-17 to 2015-03-04
2015-06-26 20:15:50,598 Starting Live from 2015-03-05 to 2015-04-04
2015-06-26 20:46:44,573 Starting Training from 2015-03-20 to 2015-04-04
2015-06-26 20:48:43,016 Starting Live from 2015-04-05 to 2015-04-10
2015-06-26 20:57:17,496 Starting Q Learning for : 
2015-06-26 20:57:17,496 alpha = 0.5
2015-06-26 20:57:17,496 gamma = 0.2
2015-06-26 20:57:17,496 individual factor = 8
2015-06-26 20:57:17,496 zero range = 0.006
2015-06-26 20:57:17,496 greedy level = 5
2015-06-26 20:57:17,496 

2015-06-26 20:57:23,161 Starting Training from 2014-12-17 to 2015-01-01
2015-06-26 21:10:28,345 Starting Live from 2015-01-02 to 2015-02-01
2015-06-26 21:41:51,463 Starting Training from 2015-01-17 to 2015-02-01
2015-06-26 21:43:40,492 Starting Live from 2015-02-02 to 2015-03-04
2015-06-26 22:13:52,226 Starting Training from 2015-02-17 to 2015-03-04
2015-06-26 22:15:39,707 Starting Live from 2015-03-05 to 2015-04-04
2015-06-26 22:45:07,523 Starting Training from 2015-03-20 to 2015-04-04
2015-06-26 22:46:35,806 Starting Live from 2015-04-05 to 2015-04-10
2015-06-26 22:54:22,631 Starting Q Learning for : 
2015-06-26 22:54:22,631 alpha = 0.4
2015-06-26 22:54:22,632 gamma = 0.1
2015-06-26 22:54:22,632 individual factor = 8
2015-06-26 22:54:22,632 zero range = 0.006
2015-06-26 22:54:22,632 greedy level = 5
2015-06-26 22:54:22,632 

2015-06-26 22:54:30,049 Starting Training from 2014-12-17 to 2015-01-01
2015-06-26 23:07:50,276 Starting Live from 2015-01-02 to 2015-02-01
2015-06-26 23:38:58,950 Starting Training from 2015-01-17 to 2015-02-01
2015-06-26 23:40:48,506 Starting Live from 2015-02-02 to 2015-03-04
2015-06-27 00:12:03,000 Starting Training from 2015-02-17 to 2015-03-04
2015-06-27 00:14:19,364 Starting Live from 2015-03-05 to 2015-04-04
2015-06-27 00:43:47,079 Starting Training from 2015-03-20 to 2015-04-04
2015-06-27 00:45:22,671 Starting Live from 2015-04-05 to 2015-04-10
2015-06-27 00:53:12,049 Starting Q Learning for : 
2015-06-27 00:53:12,049 alpha = 0.4
2015-06-27 00:53:12,049 gamma = 0.2
2015-06-27 00:53:12,049 individual factor = 8
2015-06-27 00:53:12,049 zero range = 0.006
2015-06-27 00:53:12,049 greedy level = 5
2015-06-27 00:53:12,049 

2015-06-27 00:53:18,598 Starting Training from 2014-12-17 to 2015-01-01
2015-06-27 01:06:12,723 Starting Live from 2015-01-02 to 2015-02-01
2015-06-27 01:36:11,094 Starting Training from 2015-01-17 to 2015-02-01
2015-06-27 01:37:52,418 Starting Live from 2015-02-02 to 2015-03-04
2015-06-27 02:09:10,701 Starting Training from 2015-02-17 to 2015-03-04
2015-06-27 02:11:05,556 Starting Live from 2015-03-05 to 2015-04-04
2015-06-27 02:40:41,167 Starting Training from 2015-03-20 to 2015-04-04
2015-06-27 02:42:16,943 Starting Live from 2015-04-05 to 2015-04-10
2015-06-27 02:50:24,588 Starting Q Learning for : 
2015-06-27 02:50:24,588 alpha = 0.4
2015-06-27 02:50:24,588 gamma = 0.3
2015-06-27 02:50:24,588 individual factor = 8
2015-06-27 02:50:24,588 zero range = 0.006
2015-06-27 02:50:24,589 greedy level = 5
2015-06-27 02:50:24,589 

2015-06-27 02:50:30,653 Starting Training from 2014-12-17 to 2015-01-01
2015-06-27 03:03:43,186 Starting Live from 2015-01-02 to 2015-02-01
2015-06-27 03:34:15,515 Starting Training from 2015-01-17 to 2015-02-01
2015-06-27 03:36:00,371 Starting Live from 2015-02-02 to 2015-03-04
2015-06-27 04:07:36,033 Starting Training from 2015-02-17 to 2015-03-04
2015-06-27 04:09:19,953 Starting Live from 2015-03-05 to 2015-04-04
2015-06-27 04:39:23,700 Starting Training from 2015-03-20 to 2015-04-04
2015-06-27 04:40:55,196 Starting Live from 2015-04-05 to 2015-04-10
2015-06-27 04:49:51,644 Starting Q Learning for : 
2015-06-27 04:49:51,644 alpha = 0.4
2015-06-27 04:49:51,644 gamma = 0.4
2015-06-27 04:49:51,644 individual factor = 8
2015-06-27 04:49:51,644 zero range = 0.006
2015-06-27 04:49:51,644 greedy level = 5
2015-06-27 04:49:51,644 

2015-06-27 04:49:57,635 Starting Training from 2014-12-17 to 2015-01-01
2015-06-27 05:02:29,431 Starting Live from 2015-01-02 to 2015-02-01
2015-06-27 05:32:27,482 Starting Training from 2015-01-17 to 2015-02-01
2015-06-27 05:34:42,809 Starting Live from 2015-02-02 to 2015-03-04
2015-06-27 06:06:00,732 Starting Training from 2015-02-17 to 2015-03-04
2015-06-27 06:07:52,854 Starting Live from 2015-03-05 to 2015-04-04
2015-06-27 06:37:12,786 Starting Training from 2015-03-20 to 2015-04-04
2015-06-27 06:38:42,273 Starting Live from 2015-04-05 to 2015-04-10
2015-06-27 06:47:07,742 Starting Q Learning for : 
2015-06-27 06:47:07,742 alpha = 0.4
2015-06-27 06:47:07,742 gamma = 0.5
2015-06-27 06:47:07,743 individual factor = 8
2015-06-27 06:47:07,743 zero range = 0.006
2015-06-27 06:47:07,743 greedy level = 5
2015-06-27 06:47:07,743 

2015-06-27 06:47:13,980 Starting Training from 2014-12-17 to 2015-01-01
2015-06-27 06:59:09,069 Starting Live from 2015-01-02 to 2015-02-01
2015-06-27 07:29:26,470 Starting Training from 2015-01-17 to 2015-02-01
2015-06-27 07:31:17,704 Starting Live from 2015-02-02 to 2015-03-04
2015-06-27 08:02:34,744 Starting Training from 2015-02-17 to 2015-03-04
2015-06-27 08:04:23,016 Starting Live from 2015-03-05 to 2015-04-04
2015-06-27 08:34:56,234 Starting Training from 2015-03-20 to 2015-04-04
2015-06-27 08:36:38,763 Starting Live from 2015-04-05 to 2015-04-10
2015-06-27 08:45:40,803 Starting Q Learning for : 
2015-06-27 08:45:40,803 alpha = 0.4
2015-06-27 08:45:40,803 gamma = 0.6
2015-06-27 08:45:40,803 individual factor = 8
2015-06-27 08:45:40,805 zero range = 0.006
2015-06-27 08:45:40,805 greedy level = 5
2015-06-27 08:45:40,805 

2015-06-27 08:45:49,068 Starting Training from 2014-12-17 to 2015-01-01
2015-06-27 08:58:12,437 Starting Live from 2015-01-02 to 2015-02-01
2015-06-27 09:28:10,234 Starting Training from 2015-01-17 to 2015-02-01
2015-06-27 09:29:51,135 Starting Live from 2015-02-02 to 2015-03-04
2015-06-27 09:59:53,339 Starting Training from 2015-02-17 to 2015-03-04
2015-06-27 10:01:40,908 Starting Live from 2015-03-05 to 2015-04-04
2015-06-27 10:33:15,736 Starting Training from 2015-03-20 to 2015-04-04
2015-06-27 10:34:51,648 Starting Live from 2015-04-05 to 2015-04-10
2015-06-27 10:43:09,651 Starting Q Learning for : 
2015-06-27 10:43:09,651 alpha = 0.4
2015-06-27 10:43:09,651 gamma = 0.7
2015-06-27 10:43:09,651 individual factor = 8
2015-06-27 10:43:09,651 zero range = 0.006
2015-06-27 10:43:09,651 greedy level = 5
2015-06-27 10:43:09,651 

2015-06-27 10:43:16,681 Starting Training from 2014-12-17 to 2015-01-01
2015-06-27 10:56:09,857 Starting Live from 2015-01-02 to 2015-02-01
2015-06-27 11:25:52,046 Starting Training from 2015-01-17 to 2015-02-01
2015-06-27 11:27:36,707 Starting Live from 2015-02-02 to 2015-03-04
2015-06-27 11:57:24,510 Starting Training from 2015-02-17 to 2015-03-04
2015-06-27 11:59:08,801 Starting Live from 2015-03-05 to 2015-04-04
2015-06-27 12:29:04,842 Starting Training from 2015-03-20 to 2015-04-04
2015-06-27 12:30:32,789 Starting Live from 2015-04-05 to 2015-04-10
2015-06-27 12:38:14,823 Starting Q Learning for : 
2015-06-27 12:38:14,825 alpha = 0.8
2015-06-27 12:38:14,825 gamma = 0.6
2015-06-27 12:38:14,825 individual factor = 8
2015-06-27 12:38:14,825 zero range = 0.006
2015-06-27 12:38:14,825 greedy level = 5
2015-06-27 12:38:14,825 

2015-06-27 12:38:20,319 Starting Training from 2014-12-17 to 2015-01-01
2015-06-27 12:51:13,598 Starting Live from 2015-01-02 to 2015-02-01
2015-06-27 13:21:50,385 Starting Training from 2015-01-17 to 2015-02-01
2015-06-27 13:23:37,625 Starting Live from 2015-02-02 to 2015-03-04
2015-06-27 13:53:51,920 Starting Training from 2015-02-17 to 2015-03-04
2015-06-27 13:55:37,466 Starting Live from 2015-03-05 to 2015-04-04
2015-06-27 14:24:39,670 Starting Training from 2015-03-20 to 2015-04-04
2015-06-27 14:25:59,351 Starting Live from 2015-04-05 to 2015-04-10
2015-06-27 14:32:55,184 Starting Q Learning for : 
2015-06-27 14:32:55,184 alpha = 0.8
2015-06-27 14:32:55,184 gamma = 0.7
2015-06-27 14:32:55,184 individual factor = 8
2015-06-27 14:32:55,184 zero range = 0.006
2015-06-27 14:32:55,184 greedy level = 5
2015-06-27 14:32:55,184 

2015-06-27 14:33:02,209 Starting Training from 2014-12-17 to 2015-01-01
2015-06-27 14:44:44,724 Starting Live from 2015-01-02 to 2015-02-01
2015-06-27 15:14:18,999 Starting Training from 2015-01-17 to 2015-02-01
2015-06-27 15:16:08,622 Starting Live from 2015-02-02 to 2015-03-04
2015-06-27 15:48:26,786 Starting Training from 2015-02-17 to 2015-03-04
2015-06-27 15:50:41,539 Starting Live from 2015-03-05 to 2015-04-04
2015-06-27 16:21:27,387 Starting Training from 2015-03-20 to 2015-04-04
2015-06-27 16:22:52,625 Starting Live from 2015-04-05 to 2015-04-10
2015-06-27 16:30:58,499 Starting Q Learning for : 
2015-06-27 16:30:58,499 alpha = 0.8
2015-06-27 16:30:58,499 gamma = 0.8
2015-06-27 16:30:58,499 individual factor = 8
2015-06-27 16:30:58,499 zero range = 0.006
2015-06-27 16:30:58,499 greedy level = 5
2015-06-27 16:30:58,499 

2015-06-27 16:31:05,611 Starting Training from 2014-12-17 to 2015-01-01
2015-06-27 16:44:12,522 Starting Live from 2015-01-02 to 2015-02-01
2015-06-27 17:13:41,471 Starting Training from 2015-01-17 to 2015-02-01
2015-06-27 17:15:22,270 Starting Live from 2015-02-02 to 2015-03-04
2015-06-27 17:45:36,427 Starting Training from 2015-02-17 to 2015-03-04
2015-06-27 17:47:24,388 Starting Live from 2015-03-05 to 2015-04-04
2015-06-27 18:15:47,220 Starting Training from 2015-03-20 to 2015-04-04
2015-06-27 18:17:12,756 Starting Live from 2015-04-05 to 2015-04-10
