2015-06-22 16:16:30,576 Starting Q Learning for : 
2015-06-22 16:16:30,578 alpha = 0.2
2015-06-22 16:16:30,578 gamma = 0.1
2015-06-22 16:16:30,578 individual factor = 8
2015-06-22 16:16:30,578 zero range = 0.002
2015-06-22 16:16:30,578 greedy level = 5
2015-06-22 16:16:30,578 

2015-06-22 16:16:33,010 Starting Training from 2014-12-17 to 2015-01-01
2015-06-22 16:29:05,278 Starting Live from 2015-01-02 to 2015-02-01
2015-06-22 16:58:20,881 Starting Training from 2015-01-17 to 2015-02-01
2015-06-22 17:00:07,289 Starting Live from 2015-02-02 to 2015-03-04
2015-06-22 17:35:54,293 Starting Training from 2015-02-17 to 2015-03-04
2015-06-22 17:38:23,404 Starting Live from 2015-03-05 to 2015-04-04
2015-06-22 18:22:55,266 Starting Training from 2015-03-20 to 2015-04-04
2015-06-22 18:24:20,223 Starting Live from 2015-04-05 to 2015-04-10
2015-06-22 18:34:07,964 Starting Q Learning for : 
2015-06-22 18:34:07,964 alpha = 0.2
2015-06-22 18:34:07,966 gamma = 0.2
2015-06-22 18:34:07,966 individual factor = 8
2015-06-22 18:34:07,966 zero range = 0.002
2015-06-22 18:34:07,966 greedy level = 5
2015-06-22 18:34:07,966 

2015-06-22 18:34:13,900 Starting Training from 2014-12-17 to 2015-01-01
2015-06-22 18:47:02,753 Starting Live from 2015-01-02 to 2015-02-01
2015-06-22 19:13:53,898 Starting Training from 2015-01-17 to 2015-02-01
2015-06-22 19:15:30,451 Starting Live from 2015-02-02 to 2015-03-04
2015-06-22 19:51:00,664 Starting Training from 2015-02-17 to 2015-03-04
2015-06-22 19:53:09,345 Starting Live from 2015-03-05 to 2015-04-04
2015-06-22 21:51:50,829 Starting Training from 2015-03-20 to 2015-04-04
2015-06-22 21:53:09,586 Starting Live from 2015-04-05 to 2015-04-10
2015-06-22 22:22:12,687 Starting Q Learning for : 
2015-06-22 22:22:12,687 alpha = 0.2
2015-06-22 22:22:12,687 gamma = 0.7
2015-06-22 22:22:12,687 individual factor = 8
2015-06-22 22:22:12,687 zero range = 0.002
2015-06-22 22:22:12,687 greedy level = 5
2015-06-22 22:22:12,687 

2015-06-22 22:22:16,819 Starting Training from 2014-12-17 to 2015-01-01
2015-06-22 22:36:43,190 Starting Live from 2015-01-02 to 2015-02-01
2015-06-22 23:03:39,568 Starting Training from 2015-01-17 to 2015-02-01
2015-06-22 23:05:20,207 Starting Live from 2015-02-02 to 2015-03-04
2015-06-22 23:40:08,641 Starting Training from 2015-02-17 to 2015-03-04
2015-06-22 23:42:16,078 Starting Live from 2015-03-05 to 2015-04-04
2015-06-23 00:23:18,792 Starting Training from 2015-03-20 to 2015-04-04
2015-06-23 00:24:47,303 Starting Live from 2015-04-05 to 2015-04-10
2015-06-23 00:35:24,798 Starting Q Learning for : 
2015-06-23 00:35:24,798 alpha = 0.2
2015-06-23 00:35:24,798 gamma = 0.8
2015-06-23 00:35:24,798 individual factor = 8
2015-06-23 00:35:24,798 zero range = 0.002
2015-06-23 00:35:24,798 greedy level = 5
2015-06-23 00:35:24,798 

2015-06-23 00:35:28,473 Starting Training from 2014-12-17 to 2015-01-01
2015-06-23 00:47:52,272 Starting Live from 2015-01-02 to 2015-02-01
2015-06-23 01:14:29,177 Starting Training from 2015-01-17 to 2015-02-01
2015-06-23 01:16:07,334 Starting Live from 2015-02-02 to 2015-03-04
2015-06-23 01:49:38,923 Starting Training from 2015-02-17 to 2015-03-04
2015-06-23 01:51:50,628 Starting Live from 2015-03-05 to 2015-04-04
2015-06-23 02:24:50,035 Starting Training from 2015-03-20 to 2015-04-04
2015-06-23 02:26:13,720 Starting Live from 2015-04-05 to 2015-04-10
2015-06-23 02:34:26,894 Starting Q Learning for : 
2015-06-23 02:34:26,894 alpha = 0.8
2015-06-23 02:34:26,894 gamma = 0.1
2015-06-23 02:34:26,894 individual factor = 8
2015-06-23 02:34:26,894 zero range = 0.002
2015-06-23 02:34:26,894 greedy level = 5
2015-06-23 02:34:26,894 

2015-06-23 02:34:31,177 Starting Training from 2014-12-17 to 2015-01-01
2015-06-23 02:46:55,132 Starting Live from 2015-01-02 to 2015-02-01
2015-06-23 03:13:37,167 Starting Training from 2015-01-17 to 2015-02-01
2015-06-23 03:15:15,858 Starting Live from 2015-02-02 to 2015-03-04
2015-06-23 03:55:42,069 Starting Training from 2015-02-17 to 2015-03-04
2015-06-23 03:57:52,892 Starting Live from 2015-03-05 to 2015-04-04
2015-06-23 04:50:35,223 Starting Training from 2015-03-20 to 2015-04-04
2015-06-23 04:52:11,006 Starting Live from 2015-04-05 to 2015-04-10
2015-06-23 05:06:15,398 Starting Q Learning for : 
2015-06-23 05:06:15,398 alpha = 0.8
2015-06-23 05:06:15,398 gamma = 0.2
2015-06-23 05:06:15,398 individual factor = 8
2015-06-23 05:06:15,398 zero range = 0.002
2015-06-23 05:06:15,398 greedy level = 5
2015-06-23 05:06:15,398 

2015-06-23 05:06:20,388 Starting Training from 2014-12-17 to 2015-01-01
2015-06-23 05:18:54,302 Starting Live from 2015-01-02 to 2015-02-01
2015-06-23 05:45:51,032 Starting Training from 2015-01-17 to 2015-02-01
2015-06-23 05:47:31,918 Starting Live from 2015-02-02 to 2015-03-04
2015-06-23 06:21:58,706 Starting Training from 2015-02-17 to 2015-03-04
2015-06-23 06:24:09,812 Starting Live from 2015-03-05 to 2015-04-04
2015-06-23 07:01:33,684 Starting Training from 2015-03-20 to 2015-04-04
2015-06-23 07:02:57,066 Starting Live from 2015-04-05 to 2015-04-10
2015-06-23 07:13:14,611 Starting Q Learning for : 
2015-06-23 07:13:14,611 alpha = 0.8
2015-06-23 07:13:14,611 gamma = 0.5
2015-06-23 07:13:14,611 individual factor = 8
2015-06-23 07:13:14,611 zero range = 0.002
2015-06-23 07:13:14,611 greedy level = 5
2015-06-23 07:13:14,611 

2015-06-23 07:13:19,309 Starting Training from 2014-12-17 to 2015-01-01
2015-06-23 07:25:55,341 Starting Live from 2015-01-02 to 2015-02-01
2015-06-23 07:52:42,706 Starting Training from 2015-01-17 to 2015-02-01
2015-06-23 07:54:17,269 Starting Live from 2015-02-02 to 2015-03-04
2015-06-23 08:34:17,589 Starting Training from 2015-02-17 to 2015-03-04
2015-06-23 08:36:24,683 Starting Live from 2015-03-05 to 2015-04-04
2015-06-23 10:49:13,253 Starting Training from 2015-03-20 to 2015-04-04
2015-06-23 10:50:41,394 Starting Live from 2015-04-05 to 2015-04-10
2015-06-23 11:25:43,815 Starting Q Learning for : 
2015-06-23 11:25:43,815 alpha = 0.8
2015-06-23 11:25:43,815 gamma = 0.6
2015-06-23 11:25:43,815 individual factor = 8
2015-06-23 11:25:43,815 zero range = 0.002
2015-06-23 11:25:43,815 greedy level = 5
2015-06-23 11:25:43,815 

2015-06-23 11:25:48,815 Starting Training from 2014-12-17 to 2015-01-01
2015-06-23 11:38:26,233 Starting Live from 2015-01-02 to 2015-02-01
2015-06-23 12:05:20,098 Starting Training from 2015-01-17 to 2015-02-01
2015-06-23 12:06:56,430 Starting Live from 2015-02-02 to 2015-03-04
2015-06-23 12:45:56,352 Starting Training from 2015-02-17 to 2015-03-04
2015-06-23 12:48:42,490 Starting Live from 2015-03-05 to 2015-04-04
2015-06-23 13:41:54,193 Starting Training from 2015-03-20 to 2015-04-04
2015-06-23 13:43:16,030 Starting Live from 2015-04-05 to 2015-04-10
