2015-06-22 16:16:30,576 Starting Q Learning for : 
2015-06-22 16:16:30,578 alpha = 0.2
2015-06-22 16:16:30,578 gamma = 0.3
2015-06-22 16:16:30,578 individual factor = 8
2015-06-22 16:16:30,578 zero range = 0.002
2015-06-22 16:16:30,578 greedy level = 5
2015-06-22 16:16:30,578 

2015-06-22 16:16:33,010 Starting Training from 2014-12-17 to 2015-01-01
2015-06-22 16:29:05,595 Starting Live from 2015-01-02 to 2015-02-01
2015-06-22 16:58:22,016 Starting Training from 2015-01-17 to 2015-02-01
2015-06-22 17:00:09,586 Starting Live from 2015-02-02 to 2015-03-04
2015-06-22 17:38:55,479 Starting Training from 2015-02-17 to 2015-03-04
2015-06-22 17:41:05,072 Starting Live from 2015-03-05 to 2015-04-04
2015-06-22 18:37:09,548 Starting Training from 2015-03-20 to 2015-04-04
2015-06-22 18:39:07,900 Starting Live from 2015-04-05 to 2015-04-10
2015-06-22 18:51:45,038 Starting Q Learning for : 
2015-06-22 18:51:45,039 alpha = 0.2
2015-06-22 18:51:45,039 gamma = 0.4
2015-06-22 18:51:45,039 individual factor = 8
2015-06-22 18:51:45,039 zero range = 0.002
2015-06-22 18:51:45,039 greedy level = 5
2015-06-22 18:51:45,039 

2015-06-22 18:51:50,069 Starting Training from 2014-12-17 to 2015-01-01
2015-06-22 19:04:23,704 Starting Live from 2015-01-02 to 2015-02-01
2015-06-22 19:30:46,687 Starting Training from 2015-01-17 to 2015-02-01
2015-06-22 19:32:22,772 Starting Live from 2015-02-02 to 2015-03-04
2015-06-22 20:11:27,308 Starting Training from 2015-02-17 to 2015-03-04
2015-06-22 20:13:35,223 Starting Live from 2015-03-05 to 2015-04-04
2015-06-22 21:19:10,493 Starting Training from 2015-03-20 to 2015-04-04
2015-06-22 21:20:30,592 Starting Live from 2015-04-05 to 2015-04-10
2015-06-22 21:37:15,947 Starting Q Learning for : 
2015-06-22 21:37:15,947 alpha = 0.2
2015-06-22 21:37:15,947 gamma = 0.5
2015-06-22 21:37:15,947 individual factor = 8
2015-06-22 21:37:15,947 zero range = 0.002
2015-06-22 21:37:15,947 greedy level = 5
2015-06-22 21:37:15,947 

2015-06-22 21:37:20,706 Starting Training from 2014-12-17 to 2015-01-01
2015-06-22 21:49:55,940 Starting Live from 2015-01-02 to 2015-02-01
2015-06-22 22:17:10,798 Starting Training from 2015-01-17 to 2015-02-01
2015-06-22 22:18:49,094 Starting Live from 2015-02-02 to 2015-03-04
2015-06-22 22:59:57,967 Starting Training from 2015-02-17 to 2015-03-04
2015-06-22 23:02:03,440 Starting Live from 2015-03-05 to 2015-04-04
2015-06-23 00:19:54,982 Starting Training from 2015-03-20 to 2015-04-04
2015-06-23 00:21:06,676 Starting Live from 2015-04-05 to 2015-04-10
2015-06-23 00:41:26,292 Starting Q Learning for : 
2015-06-23 00:41:26,292 alpha = 0.2
2015-06-23 00:41:26,292 gamma = 0.6
2015-06-23 00:41:26,292 individual factor = 8
2015-06-23 00:41:26,292 zero range = 0.002
2015-06-23 00:41:26,292 greedy level = 5
2015-06-23 00:41:26,292 

2015-06-23 00:41:30,553 Starting Training from 2014-12-17 to 2015-01-01
2015-06-23 00:53:17,732 Starting Live from 2015-01-02 to 2015-02-01
2015-06-23 01:20:38,086 Starting Training from 2015-01-17 to 2015-02-01
2015-06-23 01:22:16,105 Starting Live from 2015-02-02 to 2015-03-04
2015-06-23 02:00:15,355 Starting Training from 2015-02-17 to 2015-03-04
2015-06-23 02:03:04,453 Starting Live from 2015-03-05 to 2015-04-04
2015-06-23 03:36:52,720 Starting Training from 2015-03-20 to 2015-04-04
2015-06-23 03:38:29,273 Starting Live from 2015-04-05 to 2015-04-10
2015-06-23 03:53:03,279 Starting Q Learning for : 
2015-06-23 03:53:03,279 alpha = 0.8
2015-06-23 03:53:03,279 gamma = 0.3
2015-06-23 03:53:03,279 individual factor = 8
2015-06-23 03:53:03,279 zero range = 0.002
2015-06-23 03:53:03,279 greedy level = 5
2015-06-23 03:53:03,279 

2015-06-23 03:53:10,305 Starting Training from 2014-12-17 to 2015-01-01
2015-06-23 04:04:51,782 Starting Live from 2015-01-02 to 2015-02-01
2015-06-23 04:32:15,055 Starting Training from 2015-01-17 to 2015-02-01
2015-06-23 04:33:54,276 Starting Live from 2015-02-02 to 2015-03-04
2015-06-23 05:06:55,499 Starting Training from 2015-02-17 to 2015-03-04
2015-06-23 05:09:01,617 Starting Live from 2015-03-05 to 2015-04-04
2015-06-23 05:46:33,855 Starting Training from 2015-03-20 to 2015-04-04
2015-06-23 05:47:58,482 Starting Live from 2015-04-05 to 2015-04-10
2015-06-23 05:57:12,299 Starting Q Learning for : 
2015-06-23 05:57:12,299 alpha = 0.8
2015-06-23 05:57:12,301 gamma = 0.4
2015-06-23 05:57:12,301 individual factor = 8
2015-06-23 05:57:12,301 zero range = 0.002
2015-06-23 05:57:12,301 greedy level = 5
2015-06-23 05:57:12,301 

2015-06-23 05:57:18,273 Starting Training from 2014-12-17 to 2015-01-01
2015-06-23 06:08:59,992 Starting Live from 2015-01-02 to 2015-02-01
2015-06-23 06:35:48,719 Starting Training from 2015-01-17 to 2015-02-01
2015-06-23 06:37:58,203 Starting Live from 2015-02-02 to 2015-03-04
2015-06-23 07:12:29,239 Starting Training from 2015-02-17 to 2015-03-04
2015-06-23 07:14:40,288 Starting Live from 2015-03-05 to 2015-04-04
2015-06-23 07:54:41,085 Starting Training from 2015-03-20 to 2015-04-04
2015-06-23 07:56:05,378 Starting Live from 2015-04-05 to 2015-04-10
2015-06-23 08:05:20,927 Starting Q Learning for : 
2015-06-23 08:05:20,928 alpha = 0.8
2015-06-23 08:05:20,928 gamma = 0.7
2015-06-23 08:05:20,928 individual factor = 8
2015-06-23 08:05:20,928 zero range = 0.002
2015-06-23 08:05:20,928 greedy level = 5
2015-06-23 08:05:20,928 

2015-06-23 08:05:25,710 Starting Training from 2014-12-17 to 2015-01-01
2015-06-23 08:17:19,052 Starting Live from 2015-01-02 to 2015-02-01
2015-06-23 08:44:15,736 Starting Training from 2015-01-17 to 2015-02-01
2015-06-23 08:46:22,602 Starting Live from 2015-02-02 to 2015-03-04
2015-06-23 09:22:01,691 Starting Training from 2015-02-17 to 2015-03-04
2015-06-23 09:24:10,239 Starting Live from 2015-03-05 to 2015-04-04
2015-06-23 10:23:20,092 Starting Training from 2015-03-20 to 2015-04-04
2015-06-23 10:24:44,993 Starting Live from 2015-04-05 to 2015-04-10
2015-06-23 10:43:12,835 Starting Q Learning for : 
2015-06-23 10:43:12,835 alpha = 0.8
2015-06-23 10:43:12,835 gamma = 0.8
2015-06-23 10:43:12,835 individual factor = 8
2015-06-23 10:43:12,835 zero range = 0.002
2015-06-23 10:43:12,835 greedy level = 5
2015-06-23 10:43:12,835 

2015-06-23 10:43:16,311 Starting Training from 2014-12-17 to 2015-01-01
2015-06-23 10:55:42,210 Starting Live from 2015-01-02 to 2015-02-01
2015-06-23 11:22:31,023 Starting Training from 2015-01-17 to 2015-02-01
2015-06-23 11:24:06,918 Starting Live from 2015-02-02 to 2015-03-04
2015-06-23 11:57:59,263 Starting Training from 2015-02-17 to 2015-03-04
2015-06-23 12:00:15,168 Starting Live from 2015-03-05 to 2015-04-04
2015-06-23 12:34:03,072 Starting Training from 2015-03-20 to 2015-04-04
2015-06-23 12:35:25,691 Starting Live from 2015-04-05 to 2015-04-10
