2015-06-22 16:25:56,102 Starting Q Learning for : 
2015-06-22 16:25:56,102 alpha = 0.6
2015-06-22 16:25:56,102 gamma = 0.3
2015-06-22 16:25:56,102 individual factor = 12
2015-06-22 16:25:56,102 zero range = 0.006
2015-06-22 16:25:56,102 greedy level = 10
2015-06-22 16:25:56,102 

2015-06-22 16:25:58,161 Starting Training from 2014-12-17 to 2015-01-01
2015-06-22 16:38:12,167 Starting Live from 2015-01-02 to 2015-02-01
2015-06-22 17:06:18,062 Starting Training from 2015-01-17 to 2015-02-01
2015-06-22 17:08:04,118 Starting Live from 2015-02-02 to 2015-03-04
2015-06-22 17:33:51,009 Starting Training from 2015-02-17 to 2015-03-04
2015-06-22 17:36:40,035 Starting Live from 2015-03-05 to 2015-04-04
2015-06-22 18:06:13,638 Starting Training from 2015-03-20 to 2015-04-04
2015-06-22 18:07:32,132 Starting Live from 2015-04-05 to 2015-04-10
2015-06-22 18:16:04,301 Starting Q Learning for : 
2015-06-22 18:16:04,301 alpha = 0.6
2015-06-22 18:16:04,301 gamma = 0.4
2015-06-22 18:16:04,301 individual factor = 12
2015-06-22 18:16:04,301 zero range = 0.006
2015-06-22 18:16:04,301 greedy level = 10
2015-06-22 18:16:04,301 

2015-06-22 18:16:12,405 Starting Training from 2014-12-17 to 2015-01-01
2015-06-22 18:28:42,750 Starting Live from 2015-01-02 to 2015-02-01
2015-06-22 18:55:08,585 Starting Training from 2015-01-17 to 2015-02-01
2015-06-22 18:56:46,796 Starting Live from 2015-02-02 to 2015-03-04
2015-06-22 19:20:59,223 Starting Training from 2015-02-17 to 2015-03-04
2015-06-22 19:23:38,131 Starting Live from 2015-03-05 to 2015-04-04
2015-06-22 19:51:50,663 Starting Training from 2015-03-20 to 2015-04-04
2015-06-22 19:53:07,891 Starting Live from 2015-04-05 to 2015-04-10
2015-06-22 20:02:58,012 Starting Q Learning for : 
2015-06-22 20:02:58,012 alpha = 0.6
2015-06-22 20:02:58,012 gamma = 0.5
2015-06-22 20:02:58,012 individual factor = 12
2015-06-22 20:02:58,013 zero range = 0.006
2015-06-22 20:02:58,013 greedy level = 10
2015-06-22 20:02:58,013 

2015-06-22 20:03:04,305 Starting Training from 2014-12-17 to 2015-01-01
2015-06-22 20:15:12,763 Starting Live from 2015-01-02 to 2015-02-01
2015-06-22 20:42:48,727 Starting Training from 2015-01-17 to 2015-02-01
2015-06-22 20:44:52,174 Starting Live from 2015-02-02 to 2015-03-04
2015-06-22 21:11:07,398 Starting Training from 2015-02-17 to 2015-03-04
2015-06-22 21:13:29,894 Starting Live from 2015-03-05 to 2015-04-04
2015-06-22 21:44:46,846 Starting Training from 2015-03-20 to 2015-04-04
2015-06-22 21:46:16,595 Starting Live from 2015-04-05 to 2015-04-10
2015-06-22 21:56:18,428 Starting Q Learning for : 
2015-06-22 21:56:18,428 alpha = 0.6
2015-06-22 21:56:18,428 gamma = 0.6
2015-06-22 21:56:18,428 individual factor = 12
2015-06-22 21:56:18,428 zero range = 0.006
2015-06-22 21:56:18,428 greedy level = 10
2015-06-22 21:56:18,428 

2015-06-22 21:56:24,099 Starting Training from 2014-12-17 to 2015-01-01
2015-06-22 22:08:31,125 Starting Live from 2015-01-02 to 2015-02-01
2015-06-22 22:36:57,390 Starting Training from 2015-01-17 to 2015-02-01
2015-06-22 22:38:30,789 Starting Live from 2015-02-02 to 2015-03-04
2015-06-22 23:03:55,348 Starting Training from 2015-02-17 to 2015-03-04
2015-06-22 23:05:58,306 Starting Live from 2015-03-05 to 2015-04-04
2015-06-22 23:36:21,961 Starting Training from 2015-03-20 to 2015-04-04
2015-06-22 23:37:45,686 Starting Live from 2015-04-05 to 2015-04-10
2015-06-22 23:46:17,760 Starting Q Learning for : 
2015-06-22 23:46:17,760 alpha = 0.6
2015-06-22 23:46:17,760 gamma = 0.7
2015-06-22 23:46:17,760 individual factor = 12
2015-06-22 23:46:17,762 zero range = 0.006
2015-06-22 23:46:17,762 greedy level = 10
2015-06-22 23:46:17,762 

2015-06-22 23:46:23,191 Starting Training from 2014-12-17 to 2015-01-01
2015-06-22 23:58:43,503 Starting Live from 2015-01-02 to 2015-02-01
2015-06-23 00:15:44,394 Starting Training from 2015-01-17 to 2015-02-01
2015-06-23 00:17:33,305 Starting Live from 2015-02-02 to 2015-03-04
2015-06-23 00:26:00,542 Starting Training from 2015-02-17 to 2015-03-04
2015-06-23 00:32:48,099 Starting Live from 2015-03-05 to 2015-04-04
2015-06-23 00:49:41,369 Starting Training from 2015-03-20 to 2015-04-04
2015-06-23 00:52:04,611 Starting Live from 2015-04-05 to 2015-04-10
2015-06-23 00:56:13,338 Starting Q Learning for : 
2015-06-23 00:56:13,339 alpha = 0.6
2015-06-23 00:56:13,339 gamma = 0.8
2015-06-23 00:56:13,339 individual factor = 12
2015-06-23 00:56:13,339 zero range = 0.006
2015-06-23 00:56:13,339 greedy level = 10
2015-06-23 00:56:13,339 

2015-06-23 00:56:16,190 Starting Training from 2014-12-17 to 2015-01-01
2015-06-23 01:08:25,565 Starting Live from 2015-01-02 to 2015-02-01
2015-06-23 01:23:16,730 Starting Training from 2015-01-17 to 2015-02-01
2015-06-23 01:24:48,118 Starting Live from 2015-02-02 to 2015-03-04
2015-06-23 01:30:16,210 Starting Training from 2015-02-17 to 2015-03-04
2015-06-23 01:38:25,680 Starting Live from 2015-03-05 to 2015-04-04
2015-06-23 01:54:49,346 Starting Training from 2015-03-20 to 2015-04-04
2015-06-23 01:56:33,990 Starting Live from 2015-04-05 to 2015-04-10
2015-06-23 01:59:13,641 Starting Q Learning for : 
2015-06-23 01:59:13,641 alpha = 0.4
2015-06-23 01:59:13,641 gamma = 0.1
2015-06-23 01:59:13,641 individual factor = 12
2015-06-23 01:59:13,641 zero range = 0.006
2015-06-23 01:59:13,641 greedy level = 10
2015-06-23 01:59:13,641 

2015-06-23 01:59:16,608 Starting Training from 2014-12-17 to 2015-01-01
2015-06-23 02:11:36,068 Starting Live from 2015-01-02 to 2015-02-01
2015-06-23 02:37:27,144 Starting Training from 2015-01-17 to 2015-02-01
2015-06-23 02:39:00,401 Starting Live from 2015-02-02 to 2015-03-04
2015-06-23 03:04:17,809 Starting Training from 2015-02-17 to 2015-03-04
2015-06-23 03:06:39,743 Starting Live from 2015-03-05 to 2015-04-04
2015-06-23 03:35:57,568 Starting Training from 2015-03-20 to 2015-04-04
2015-06-23 03:37:08,693 Starting Live from 2015-04-05 to 2015-04-10
2015-06-23 03:45:26,194 Starting Q Learning for : 
2015-06-23 03:45:26,194 alpha = 0.4
2015-06-23 03:45:26,194 gamma = 0.2
2015-06-23 03:45:26,194 individual factor = 12
2015-06-23 03:45:26,194 zero range = 0.006
2015-06-23 03:45:26,194 greedy level = 10
2015-06-23 03:45:26,194 

2015-06-23 03:45:30,059 Starting Training from 2014-12-17 to 2015-01-01
2015-06-23 03:57:47,780 Starting Live from 2015-01-02 to 2015-02-01
2015-06-23 04:23:47,865 Starting Training from 2015-01-17 to 2015-02-01
2015-06-23 04:25:19,338 Starting Live from 2015-02-02 to 2015-03-04
2015-06-23 04:52:03,282 Starting Training from 2015-02-17 to 2015-03-04
2015-06-23 04:54:12,775 Starting Live from 2015-03-05 to 2015-04-04
2015-06-23 05:24:18,822 Starting Training from 2015-03-20 to 2015-04-04
2015-06-23 05:25:32,211 Starting Live from 2015-04-05 to 2015-04-10
2015-06-23 05:34:38,081 Starting Q Learning for : 
2015-06-23 05:34:38,081 alpha = 0.4
2015-06-23 05:34:38,081 gamma = 0.3
2015-06-23 05:34:38,081 individual factor = 12
2015-06-23 05:34:38,081 zero range = 0.006
2015-06-23 05:34:38,081 greedy level = 10
2015-06-23 05:34:38,082 

2015-06-23 05:34:41,707 Starting Training from 2014-12-17 to 2015-01-01
2015-06-23 05:46:36,072 Starting Live from 2015-01-02 to 2015-02-01
2015-06-23 06:12:45,017 Starting Training from 2015-01-17 to 2015-02-01
2015-06-23 06:14:17,790 Starting Live from 2015-02-02 to 2015-03-04
2015-06-23 06:40:35,221 Starting Training from 2015-02-17 to 2015-03-04
2015-06-23 06:42:34,707 Starting Live from 2015-03-05 to 2015-04-04
2015-06-23 07:12:27,214 Starting Training from 2015-03-20 to 2015-04-04
2015-06-23 07:13:43,377 Starting Live from 2015-04-05 to 2015-04-10
2015-06-23 07:22:39,134 Starting Q Learning for : 
2015-06-23 07:22:39,134 alpha = 0.4
2015-06-23 07:22:39,134 gamma = 0.4
2015-06-23 07:22:39,134 individual factor = 12
2015-06-23 07:22:39,134 zero range = 0.006
2015-06-23 07:22:39,134 greedy level = 10
2015-06-23 07:22:39,134 

2015-06-23 07:22:40,410 Starting Training from 2014-12-17 to 2015-01-01
2015-06-23 07:34:05,203 Starting Live from 2015-01-02 to 2015-02-01
2015-06-23 08:00:43,539 Starting Training from 2015-01-17 to 2015-02-01
2015-06-23 08:02:35,961 Starting Live from 2015-02-02 to 2015-03-04
2015-06-23 08:29:29,763 Starting Training from 2015-02-17 to 2015-03-04
2015-06-23 08:31:20,944 Starting Live from 2015-03-05 to 2015-04-04
2015-06-23 08:59:53,598 Starting Training from 2015-03-20 to 2015-04-04
2015-06-23 09:01:14,516 Starting Live from 2015-04-05 to 2015-04-10
2015-06-23 09:09:42,707 Starting Q Learning for : 
2015-06-23 09:09:42,707 alpha = 0.4
2015-06-23 09:09:42,707 gamma = 0.5
2015-06-23 09:09:42,709 individual factor = 12
2015-06-23 09:09:42,709 zero range = 0.006
2015-06-23 09:09:42,709 greedy level = 10
2015-06-23 09:09:42,709 

2015-06-23 09:09:47,388 Starting Training from 2014-12-17 to 2015-01-01
2015-06-23 09:21:10,328 Starting Live from 2015-01-02 to 2015-02-01
2015-06-23 09:47:22,165 Starting Training from 2015-01-17 to 2015-02-01
2015-06-23 09:49:15,107 Starting Live from 2015-02-02 to 2015-03-04
2015-06-23 10:15:12,365 Starting Training from 2015-02-17 to 2015-03-04
2015-06-23 10:16:59,875 Starting Live from 2015-03-05 to 2015-04-04
2015-06-23 10:47:36,049 Starting Training from 2015-03-20 to 2015-04-04
2015-06-23 10:48:49,634 Starting Live from 2015-04-05 to 2015-04-10
2015-06-23 10:58:06,829 Starting Q Learning for : 
2015-06-23 10:58:06,829 alpha = 0.4
2015-06-23 10:58:06,829 gamma = 0.6
2015-06-23 10:58:06,829 individual factor = 12
2015-06-23 10:58:06,829 zero range = 0.006
2015-06-23 10:58:06,829 greedy level = 10
2015-06-23 10:58:06,829 

2015-06-23 10:58:12,835 Starting Training from 2014-12-17 to 2015-01-01
2015-06-23 11:09:38,598 Starting Live from 2015-01-02 to 2015-02-01
2015-06-23 11:36:03,198 Starting Training from 2015-01-17 to 2015-02-01
2015-06-23 11:37:57,020 Starting Live from 2015-02-02 to 2015-03-04
2015-06-23 12:03:34,207 Starting Training from 2015-02-17 to 2015-03-04
2015-06-23 12:05:54,020 Starting Live from 2015-03-05 to 2015-04-04
2015-06-23 12:38:12,611 Starting Training from 2015-03-20 to 2015-04-04
2015-06-23 12:39:50,842 Starting Live from 2015-04-05 to 2015-04-10
2015-06-23 12:49:27,858 Starting Q Learning for : 
2015-06-23 12:49:27,859 alpha = 0.4
2015-06-23 12:49:27,859 gamma = 0.7
2015-06-23 12:49:27,859 individual factor = 12
2015-06-23 12:49:27,859 zero range = 0.006
2015-06-23 12:49:27,859 greedy level = 10
2015-06-23 12:49:27,859 

2015-06-23 12:49:33,823 Starting Training from 2014-12-17 to 2015-01-01
2015-06-23 13:02:29,831 Starting Live from 2015-01-02 to 2015-02-01
2015-06-23 13:21:02,092 Starting Training from 2015-01-17 to 2015-02-01
2015-06-23 13:22:45,289 Starting Live from 2015-02-02 to 2015-03-04
2015-06-23 13:33:21,706 Starting Training from 2015-02-17 to 2015-03-04
2015-06-23 13:40:45,803 Starting Live from 2015-03-05 to 2015-04-04
2015-06-23 14:00:34,265 Starting Training from 2015-03-20 to 2015-04-04
2015-06-23 14:03:18,453 Starting Live from 2015-04-05 to 2015-04-10
2015-06-23 14:08:44,744 Starting Q Learning for : 
2015-06-23 14:08:44,744 alpha = 0.4
2015-06-23 14:08:44,744 gamma = 0.8
2015-06-23 14:08:44,744 individual factor = 12
2015-06-23 14:08:44,744 zero range = 0.006
2015-06-23 14:08:44,744 greedy level = 10
2015-06-23 14:08:44,744 

2015-06-23 14:08:50,987 Starting Training from 2014-12-17 to 2015-01-01
2015-06-23 14:22:32,769 Starting Live from 2015-01-02 to 2015-02-01
2015-06-23 14:39:29,318 Starting Training from 2015-01-17 to 2015-02-01
2015-06-23 14:41:13,801 Starting Live from 2015-02-02 to 2015-03-04
2015-06-23 14:46:53,513 Starting Training from 2015-02-17 to 2015-03-04
2015-06-23 14:56:27,687 Starting Live from 2015-03-05 to 2015-04-04
2015-06-23 15:13:08,052 Starting Training from 2015-03-20 to 2015-04-04
2015-06-23 15:15:49,838 Starting Live from 2015-04-05 to 2015-04-10
2015-06-23 15:18:55,306 Starting Q Learning for : 
2015-06-23 15:18:55,306 alpha = 0.2
2015-06-23 15:18:55,306 gamma = 0.1
2015-06-23 15:18:55,306 individual factor = 12
2015-06-23 15:18:55,306 zero range = 0.006
2015-06-23 15:18:55,306 greedy level = 10
2015-06-23 15:18:55,306 

2015-06-23 15:19:01,920 Starting Training from 2014-12-17 to 2015-01-01
2015-06-23 15:31:32,601 Starting Live from 2015-01-02 to 2015-02-01
2015-06-23 16:01:23,992 Starting Training from 2015-01-17 to 2015-02-01
2015-06-23 16:03:11,203 Starting Live from 2015-02-02 to 2015-03-04
2015-06-23 16:31:19,338 Starting Training from 2015-02-17 to 2015-03-04
2015-06-23 16:32:58,895 Starting Live from 2015-03-05 to 2015-04-04
2015-06-23 17:04:51,144 Starting Training from 2015-03-20 to 2015-04-04
2015-06-23 17:06:32,380 Starting Live from 2015-04-05 to 2015-04-10
2015-06-23 17:15:46,349 Starting Q Learning for : 
2015-06-23 17:15:46,349 alpha = 0.2
2015-06-23 17:15:46,349 gamma = 0.2
2015-06-23 17:15:46,349 individual factor = 12
2015-06-23 17:15:46,349 zero range = 0.006
2015-06-23 17:15:46,349 greedy level = 10
2015-06-23 17:15:46,349 

2015-06-23 17:15:51,891 Starting Training from 2014-12-17 to 2015-01-01
2015-06-23 17:29:07,894 Starting Live from 2015-01-02 to 2015-02-01
2015-06-23 17:58:32,132 Starting Training from 2015-01-17 to 2015-02-01
2015-06-23 18:00:14,282 Starting Live from 2015-02-02 to 2015-03-04
2015-06-23 18:30:38,178 Starting Training from 2015-02-17 to 2015-03-04
2015-06-23 18:32:44,686 Starting Live from 2015-03-05 to 2015-04-04
2015-06-23 19:06:57,319 Starting Training from 2015-03-20 to 2015-04-04
2015-06-23 19:08:18,323 Starting Live from 2015-04-05 to 2015-04-10
2015-06-23 19:18:16,697 Starting Q Learning for : 
2015-06-23 19:18:16,697 alpha = 0.2
2015-06-23 19:18:16,697 gamma = 0.3
2015-06-23 19:18:16,697 individual factor = 12
2015-06-23 19:18:16,698 zero range = 0.006
2015-06-23 19:18:16,698 greedy level = 10
2015-06-23 19:18:16,698 

2015-06-23 19:18:24,753 Starting Training from 2014-12-17 to 2015-01-01
2015-06-23 19:31:27,694 Starting Live from 2015-01-02 to 2015-02-01
2015-06-23 20:00:27,164 Starting Training from 2015-01-17 to 2015-02-01
2015-06-23 20:02:22,881 Starting Live from 2015-02-02 to 2015-03-04
2015-06-23 20:30:28,262 Starting Training from 2015-02-17 to 2015-03-04
2015-06-23 20:33:04,135 Starting Live from 2015-03-05 to 2015-04-04
2015-06-23 21:06:13,372 Starting Training from 2015-03-20 to 2015-04-04
2015-06-23 21:07:45,200 Starting Live from 2015-04-05 to 2015-04-10
2015-06-23 21:18:07,908 Starting Q Learning for : 
2015-06-23 21:18:07,908 alpha = 0.2
2015-06-23 21:18:07,908 gamma = 0.4
2015-06-23 21:18:07,908 individual factor = 12
2015-06-23 21:18:07,910 zero range = 0.006
2015-06-23 21:18:07,910 greedy level = 10
2015-06-23 21:18:07,910 

2015-06-23 21:18:13,112 Starting Training from 2014-12-17 to 2015-01-01
2015-06-23 21:32:02,358 Starting Live from 2015-01-02 to 2015-02-01
2015-06-23 22:03:29,302 Starting Training from 2015-01-17 to 2015-02-01
2015-06-23 22:05:25,390 Starting Live from 2015-02-02 to 2015-03-04
2015-06-23 22:36:16,698 Starting Training from 2015-02-17 to 2015-03-04
2015-06-23 22:38:33,266 Starting Live from 2015-03-05 to 2015-04-04
