2015-06-22 16:18:38,298 Starting Q Learning for : 
2015-06-22 16:18:38,298 alpha = 0.6
2015-06-22 16:18:38,298 gamma = 0.7
2015-06-22 16:18:38,298 individual factor = 12
2015-06-22 16:18:38,298 zero range = 0.006
2015-06-22 16:18:38,298 greedy level = 10
2015-06-22 16:18:38,298 

2015-06-22 16:18:41,378 Starting Training from 2014-12-17 to 2015-01-01
2015-06-22 16:29:10,253 Starting Live from 2015-01-02 to 2015-02-01
2015-06-22 16:49:56,292 Starting Training from 2015-01-17 to 2015-02-01
2015-06-22 16:51:03,187 Starting Live from 2015-02-02 to 2015-03-04
2015-06-22 17:18:53,875 Starting Training from 2015-02-17 to 2015-03-04
2015-06-22 17:20:16,769 Starting Live from 2015-03-05 to 2015-04-04
2015-06-22 17:53:11,255 Starting Training from 2015-03-20 to 2015-04-04
2015-06-22 17:55:00,552 Starting Live from 2015-04-05 to 2015-04-10
2015-06-22 18:05:12,322 Starting Q Learning for : 
2015-06-22 18:05:12,322 alpha = 0.6
2015-06-22 18:05:12,322 gamma = 0.8
2015-06-22 18:05:12,323 individual factor = 12
2015-06-22 18:05:12,323 zero range = 0.006
2015-06-22 18:05:12,323 greedy level = 10
2015-06-22 18:05:12,323 

2015-06-22 18:05:15,437 Starting Training from 2014-12-17 to 2015-01-01
2015-06-22 18:15:31,872 Starting Live from 2015-01-02 to 2015-02-01
2015-06-22 18:36:13,538 Starting Training from 2015-01-17 to 2015-02-01
2015-06-22 18:37:15,845 Starting Live from 2015-02-02 to 2015-03-04
2015-06-22 19:02:15,305 Starting Training from 2015-02-17 to 2015-03-04
2015-06-22 19:03:38,653 Starting Live from 2015-03-05 to 2015-04-04
2015-06-22 19:31:43,903 Starting Training from 2015-03-20 to 2015-04-04
2015-06-22 19:32:46,503 Starting Live from 2015-04-05 to 2015-04-10
2015-06-22 19:40:42,378 Starting Q Learning for : 
2015-06-22 19:40:42,378 alpha = 0.4
2015-06-22 19:40:42,378 gamma = 0.1
2015-06-22 19:40:42,378 individual factor = 12
2015-06-22 19:40:42,378 zero range = 0.006
2015-06-22 19:40:42,378 greedy level = 10
2015-06-22 19:40:42,378 

2015-06-22 19:40:46,664 Starting Training from 2014-12-17 to 2015-01-01
2015-06-22 19:51:02,003 Starting Live from 2015-01-02 to 2015-02-01
2015-06-22 20:12:39,184 Starting Training from 2015-01-17 to 2015-02-01
2015-06-22 20:13:37,132 Starting Live from 2015-02-02 to 2015-03-04
2015-06-22 20:38:45,931 Starting Training from 2015-02-17 to 2015-03-04
2015-06-22 20:40:06,704 Starting Live from 2015-03-05 to 2015-04-04
2015-06-22 21:07:24,283 Starting Training from 2015-03-20 to 2015-04-04
2015-06-22 21:09:02,329 Starting Live from 2015-04-05 to 2015-04-10
2015-06-22 21:16:46,473 Starting Q Learning for : 
2015-06-22 21:16:46,473 alpha = 0.4
2015-06-22 21:16:46,473 gamma = 0.2
2015-06-22 21:16:46,473 individual factor = 12
2015-06-22 21:16:46,473 zero range = 0.006
2015-06-22 21:16:46,473 greedy level = 10
2015-06-22 21:16:46,473 

2015-06-22 21:16:50,492 Starting Training from 2014-12-17 to 2015-01-01
2015-06-22 21:27:52,040 Starting Live from 2015-01-02 to 2015-02-01
2015-06-22 21:48:28,210 Starting Training from 2015-01-17 to 2015-02-01
2015-06-22 21:49:35,609 Starting Live from 2015-02-02 to 2015-03-04
2015-06-22 22:13:45,769 Starting Training from 2015-02-17 to 2015-03-04
2015-06-22 22:15:07,693 Starting Live from 2015-03-05 to 2015-04-04
2015-06-22 22:46:36,372 Starting Training from 2015-03-20 to 2015-04-04
2015-06-22 22:47:40,148 Starting Live from 2015-04-05 to 2015-04-10
2015-06-22 22:56:36,579 Starting Q Learning for : 
2015-06-22 22:56:36,579 alpha = 0.4
2015-06-22 22:56:36,579 gamma = 0.3
2015-06-22 22:56:36,579 individual factor = 12
2015-06-22 22:56:36,579 zero range = 0.006
2015-06-22 22:56:36,579 greedy level = 10
2015-06-22 22:56:36,579 

2015-06-22 22:56:39,970 Starting Training from 2014-12-17 to 2015-01-01
2015-06-22 23:06:26,387 Starting Live from 2015-01-02 to 2015-02-01
2015-06-22 23:26:39,165 Starting Training from 2015-01-17 to 2015-02-01
2015-06-22 23:27:39,878 Starting Live from 2015-02-02 to 2015-03-04
2015-06-22 23:51:28,421 Starting Training from 2015-02-17 to 2015-03-04
2015-06-22 23:52:53,579 Starting Live from 2015-03-05 to 2015-04-04
2015-06-23 00:18:46,269 Starting Training from 2015-03-20 to 2015-04-04
2015-06-23 00:20:26,631 Starting Live from 2015-04-05 to 2015-04-10
2015-06-23 00:28:10,290 Starting Q Learning for : 
2015-06-23 00:28:10,290 alpha = 0.4
2015-06-23 00:28:10,290 gamma = 0.4
2015-06-23 00:28:10,290 individual factor = 12
2015-06-23 00:28:10,290 zero range = 0.006
2015-06-23 00:28:10,290 greedy level = 10
2015-06-23 00:28:10,290 

2015-06-23 00:28:13,082 Starting Training from 2014-12-17 to 2015-01-01
2015-06-23 00:38:38,828 Starting Live from 2015-01-02 to 2015-02-01
2015-06-23 00:58:41,753 Starting Training from 2015-01-17 to 2015-02-01
2015-06-23 00:59:48,707 Starting Live from 2015-02-02 to 2015-03-04
2015-06-23 01:23:43,848 Starting Training from 2015-02-17 to 2015-03-04
2015-06-23 01:25:04,101 Starting Live from 2015-03-05 to 2015-04-04
2015-06-23 01:56:05,780 Starting Training from 2015-03-20 to 2015-04-04
2015-06-23 01:57:16,193 Starting Live from 2015-04-05 to 2015-04-10
2015-06-23 02:06:28,997 Starting Q Learning for : 
2015-06-23 02:06:28,999 alpha = 0.4
2015-06-23 02:06:28,999 gamma = 0.5
2015-06-23 02:06:28,999 individual factor = 12
2015-06-23 02:06:28,999 zero range = 0.006
2015-06-23 02:06:28,999 greedy level = 10
2015-06-23 02:06:28,999 

2015-06-23 02:06:31,760 Starting Training from 2014-12-17 to 2015-01-01
2015-06-23 02:16:07,729 Starting Live from 2015-01-02 to 2015-02-01
2015-06-23 02:36:27,010 Starting Training from 2015-01-17 to 2015-02-01
2015-06-23 02:37:23,979 Starting Live from 2015-02-02 to 2015-03-04
2015-06-23 03:00:38,842 Starting Training from 2015-02-17 to 2015-03-04
2015-06-23 03:01:58,890 Starting Live from 2015-03-05 to 2015-04-04
2015-06-23 03:29:51,303 Starting Training from 2015-03-20 to 2015-04-04
2015-06-23 03:30:54,323 Starting Live from 2015-04-05 to 2015-04-10
2015-06-23 03:38:34,227 Starting Q Learning for : 
2015-06-23 03:38:34,227 alpha = 0.2
2015-06-23 03:38:34,227 gamma = 0.5
2015-06-23 03:38:34,227 individual factor = 12
2015-06-23 03:38:34,227 zero range = 0.006
2015-06-23 03:38:34,227 greedy level = 10
2015-06-23 03:38:34,227 

2015-06-23 03:38:37,089 Starting Training from 2014-12-17 to 2015-01-01
2015-06-23 03:49:01,755 Starting Live from 2015-01-02 to 2015-02-01
2015-06-23 04:09:01,509 Starting Training from 2015-01-17 to 2015-02-01
2015-06-23 04:10:16,131 Starting Live from 2015-02-02 to 2015-03-04
2015-06-23 04:34:08,838 Starting Training from 2015-02-17 to 2015-03-04
2015-06-23 04:35:29,759 Starting Live from 2015-03-05 to 2015-04-04
2015-06-23 05:04:16,368 Starting Training from 2015-03-20 to 2015-04-04
2015-06-23 05:05:23,061 Starting Live from 2015-04-05 to 2015-04-10
2015-06-23 05:14:17,811 Starting Q Learning for : 
2015-06-23 05:14:17,811 alpha = 0.2
2015-06-23 05:14:17,811 gamma = 0.6
2015-06-23 05:14:17,811 individual factor = 12
2015-06-23 05:14:17,811 zero range = 0.006
2015-06-23 05:14:17,811 greedy level = 10
2015-06-23 05:14:17,811 

2015-06-23 05:14:21,671 Starting Training from 2014-12-17 to 2015-01-01
2015-06-23 05:24:08,582 Starting Live from 2015-01-02 to 2015-02-01
2015-06-23 05:44:36,038 Starting Training from 2015-01-17 to 2015-02-01
2015-06-23 05:45:33,862 Starting Live from 2015-02-02 to 2015-03-04
2015-06-23 06:08:57,227 Starting Training from 2015-02-17 to 2015-03-04
2015-06-23 06:10:17,709 Starting Live from 2015-03-05 to 2015-04-04
2015-06-23 06:39:55,194 Starting Training from 2015-03-20 to 2015-04-04
2015-06-23 06:41:02,500 Starting Live from 2015-04-05 to 2015-04-10
2015-06-23 06:49:20,316 Starting Q Learning for : 
2015-06-23 06:49:20,318 alpha = 0.2
2015-06-23 06:49:20,318 gamma = 0.7
2015-06-23 06:49:20,318 individual factor = 12
2015-06-23 06:49:20,318 zero range = 0.006
2015-06-23 06:49:20,318 greedy level = 10
2015-06-23 06:49:20,318 

2015-06-23 06:49:23,918 Starting Training from 2014-12-17 to 2015-01-01
2015-06-23 06:59:25,834 Starting Live from 2015-01-02 to 2015-02-01
2015-06-23 07:19:18,983 Starting Training from 2015-01-17 to 2015-02-01
2015-06-23 07:20:36,325 Starting Live from 2015-02-02 to 2015-03-04
2015-06-23 07:44:52,861 Starting Training from 2015-02-17 to 2015-03-04
2015-06-23 07:46:17,099 Starting Live from 2015-03-05 to 2015-04-04
2015-06-23 08:18:55,680 Starting Training from 2015-03-20 to 2015-04-04
2015-06-23 08:19:58,032 Starting Live from 2015-04-05 to 2015-04-10
2015-06-23 08:29:33,072 Starting Q Learning for : 
2015-06-23 08:29:33,072 alpha = 0.2
2015-06-23 08:29:33,072 gamma = 0.8
2015-06-23 08:29:33,072 individual factor = 12
2015-06-23 08:29:33,072 zero range = 0.006
2015-06-23 08:29:33,072 greedy level = 10
2015-06-23 08:29:33,072 

2015-06-23 08:29:35,789 Starting Training from 2014-12-17 to 2015-01-01
2015-06-23 08:39:24,262 Starting Live from 2015-01-02 to 2015-02-01
2015-06-23 08:59:23,095 Starting Training from 2015-01-17 to 2015-02-01
2015-06-23 09:00:24,729 Starting Live from 2015-02-02 to 2015-03-04
2015-06-23 09:23:46,417 Starting Training from 2015-02-17 to 2015-03-04
2015-06-23 09:25:04,867 Starting Live from 2015-03-05 to 2015-04-04
2015-06-23 09:55:30,344 Starting Training from 2015-03-20 to 2015-04-04
2015-06-23 09:56:31,993 Starting Live from 2015-04-05 to 2015-04-10
2015-06-23 10:04:34,585 Starting Q Learning for : 
2015-06-23 10:04:34,585 alpha = 0.8
2015-06-23 10:04:34,585 gamma = 0.1
2015-06-23 10:04:34,585 individual factor = 12
2015-06-23 10:04:34,585 zero range = 0.006
2015-06-23 10:04:34,585 greedy level = 10
2015-06-23 10:04:34,586 

2015-06-23 10:04:37,546 Starting Training from 2014-12-17 to 2015-01-01
2015-06-23 10:15:07,282 Starting Live from 2015-01-02 to 2015-02-01
2015-06-23 10:35:15,993 Starting Training from 2015-01-17 to 2015-02-01
2015-06-23 10:36:16,914 Starting Live from 2015-02-02 to 2015-03-04
2015-06-23 10:59:50,821 Starting Training from 2015-02-17 to 2015-03-04
2015-06-23 11:01:10,862 Starting Live from 2015-03-05 to 2015-04-04
2015-06-23 11:27:20,773 Starting Training from 2015-03-20 to 2015-04-04
2015-06-23 11:28:40,693 Starting Live from 2015-04-05 to 2015-04-10
2015-06-23 11:36:57,756 Starting Q Learning for : 
2015-06-23 11:36:57,756 alpha = 0.8
2015-06-23 11:36:57,756 gamma = 0.2
2015-06-23 11:36:57,756 individual factor = 12
2015-06-23 11:36:57,756 zero range = 0.006
2015-06-23 11:36:57,756 greedy level = 10
2015-06-23 11:36:57,756 

2015-06-23 11:37:00,822 Starting Training from 2014-12-17 to 2015-01-01
2015-06-23 11:46:47,453 Starting Live from 2015-01-02 to 2015-02-01
2015-06-23 12:07:05,562 Starting Training from 2015-01-17 to 2015-02-01
2015-06-23 12:08:02,299 Starting Live from 2015-02-02 to 2015-03-04
2015-06-23 12:34:35,085 Starting Training from 2015-02-17 to 2015-03-04
2015-06-23 12:36:02,492 Starting Live from 2015-03-05 to 2015-04-04
2015-06-23 13:05:50,239 Starting Training from 2015-03-20 to 2015-04-04
2015-06-23 13:07:00,244 Starting Live from 2015-04-05 to 2015-04-10
2015-06-23 13:15:18,479 Starting Q Learning for : 
2015-06-23 13:15:18,479 alpha = 0.8
2015-06-23 13:15:18,479 gamma = 0.3
2015-06-23 13:15:18,479 individual factor = 12
2015-06-23 13:15:18,479 zero range = 0.006
2015-06-23 13:15:18,479 greedy level = 10
2015-06-23 13:15:18,479 

2015-06-23 13:15:22,341 Starting Training from 2014-12-17 to 2015-01-01
2015-06-23 13:26:51,119 Starting Live from 2015-01-02 to 2015-02-01
2015-06-23 13:49:01,388 Starting Training from 2015-01-17 to 2015-02-01
2015-06-23 13:50:08,591 Starting Live from 2015-02-02 to 2015-03-04
2015-06-23 14:16:36,526 Starting Training from 2015-02-17 to 2015-03-04
2015-06-23 14:18:08,194 Starting Live from 2015-03-05 to 2015-04-04
2015-06-23 14:48:28,573 Starting Training from 2015-03-20 to 2015-04-04
2015-06-23 14:49:48,742 Starting Live from 2015-04-05 to 2015-04-10
2015-06-23 14:59:13,451 Starting Q Learning for : 
2015-06-23 14:59:13,451 alpha = 0.4
2015-06-23 14:59:13,453 gamma = 0.1
2015-06-23 14:59:13,453 individual factor = 12
2015-06-23 14:59:13,453 zero range = 0.01
2015-06-23 14:59:13,453 greedy level = 10
2015-06-23 14:59:13,453 

2015-06-23 14:59:18,588 Starting Training from 2014-12-17 to 2015-01-01
2015-06-23 15:10:00,595 Starting Live from 2015-01-02 to 2015-02-01
2015-06-23 15:32:03,122 Starting Training from 2015-01-17 to 2015-02-01
2015-06-23 15:33:03,709 Starting Live from 2015-02-02 to 2015-03-04
2015-06-23 16:00:14,924 Starting Training from 2015-02-17 to 2015-03-04
2015-06-23 16:01:56,404 Starting Live from 2015-03-05 to 2015-04-04
2015-06-23 16:30:44,430 Starting Training from 2015-03-20 to 2015-04-04
2015-06-23 16:31:53,293 Starting Live from 2015-04-05 to 2015-04-10
2015-06-23 16:40:02,003 Starting Q Learning for : 
2015-06-23 16:40:02,003 alpha = 0.4
2015-06-23 16:40:02,003 gamma = 0.2
2015-06-23 16:40:02,003 individual factor = 12
2015-06-23 16:40:02,003 zero range = 0.01
2015-06-23 16:40:02,003 greedy level = 10
2015-06-23 16:40:02,003 

2015-06-23 16:40:08,023 Starting Training from 2014-12-17 to 2015-01-01
2015-06-23 16:51:34,513 Starting Live from 2015-01-02 to 2015-02-01
2015-06-23 17:13:45,957 Starting Training from 2015-01-17 to 2015-02-01
2015-06-23 17:14:47,568 Starting Live from 2015-02-02 to 2015-03-04
2015-06-23 17:40:13,454 Starting Training from 2015-02-17 to 2015-03-04
2015-06-23 17:41:45,042 Starting Live from 2015-03-05 to 2015-04-04
2015-06-23 18:11:15,971 Starting Training from 2015-03-20 to 2015-04-04
2015-06-23 18:13:04,546 Starting Live from 2015-04-05 to 2015-04-10
2015-06-23 18:21:51,378 Starting Q Learning for : 
2015-06-23 18:21:51,378 alpha = 0.4
2015-06-23 18:21:51,378 gamma = 0.3
2015-06-23 18:21:51,378 individual factor = 12
2015-06-23 18:21:51,378 zero range = 0.01
2015-06-23 18:21:51,378 greedy level = 10
2015-06-23 18:21:51,378 

2015-06-23 18:21:56,753 Starting Training from 2014-12-17 to 2015-01-01
2015-06-23 18:32:56,915 Starting Live from 2015-01-02 to 2015-02-01
2015-06-23 18:55:28,013 Starting Training from 2015-01-17 to 2015-02-01
2015-06-23 18:56:48,168 Starting Live from 2015-02-02 to 2015-03-04
2015-06-23 19:23:35,871 Starting Training from 2015-02-17 to 2015-03-04
2015-06-23 19:25:01,247 Starting Live from 2015-03-05 to 2015-04-04
2015-06-23 20:00:31,122 Starting Training from 2015-03-20 to 2015-04-04
2015-06-23 20:01:45,546 Starting Live from 2015-04-05 to 2015-04-10
2015-06-23 20:11:54,180 Starting Q Learning for : 
2015-06-23 20:11:54,180 alpha = 0.4
2015-06-23 20:11:54,180 gamma = 0.4
2015-06-23 20:11:54,180 individual factor = 12
2015-06-23 20:11:54,181 zero range = 0.01
2015-06-23 20:11:54,181 greedy level = 10
2015-06-23 20:11:54,181 

2015-06-23 20:12:00,108 Starting Training from 2014-12-17 to 2015-01-01
2015-06-23 20:22:50,046 Starting Live from 2015-01-02 to 2015-02-01
2015-06-23 20:45:31,013 Starting Training from 2015-01-17 to 2015-02-01
2015-06-23 20:46:50,003 Starting Live from 2015-02-02 to 2015-03-04
2015-06-23 21:13:52,701 Starting Training from 2015-02-17 to 2015-03-04
2015-06-23 21:15:24,967 Starting Live from 2015-03-05 to 2015-04-04
2015-06-23 21:46:19,411 Starting Training from 2015-03-20 to 2015-04-04
2015-06-23 21:47:40,279 Starting Live from 2015-04-05 to 2015-04-10
2015-06-23 21:57:17,816 Starting Q Learning for : 
2015-06-23 21:57:17,816 alpha = 0.4
2015-06-23 21:57:17,816 gamma = 0.5
2015-06-23 21:57:17,816 individual factor = 12
2015-06-23 21:57:17,816 zero range = 0.01
2015-06-23 21:57:17,816 greedy level = 10
2015-06-23 21:57:17,816 

2015-06-23 21:57:24,703 Starting Training from 2014-12-17 to 2015-01-01
2015-06-23 22:09:25,653 Starting Live from 2015-01-02 to 2015-02-01
2015-06-23 22:32:52,302 Starting Training from 2015-01-17 to 2015-02-01
2015-06-23 22:33:59,229 Starting Live from 2015-02-02 to 2015-03-04
2015-06-23 23:01:47,740 Starting Training from 2015-02-17 to 2015-03-04
2015-06-23 23:03:20,098 Starting Live from 2015-03-05 to 2015-04-04
