2015-06-22 16:18:38,298 Starting Q Learning for : 
2015-06-22 16:18:38,298 alpha = 0.5
2015-06-22 16:18:38,298 gamma = 0.8
2015-06-22 16:18:38,298 individual factor = 12
2015-06-22 16:18:38,298 zero range = 0.006
2015-06-22 16:18:38,298 greedy level = 10
2015-06-22 16:18:38,298 

2015-06-22 16:18:41,378 Starting Training from 2014-12-17 to 2015-01-01
2015-06-22 16:29:13,286 Starting Live from 2015-01-02 to 2015-02-01
2015-06-22 16:49:55,088 Starting Training from 2015-01-17 to 2015-02-01
2015-06-22 16:51:00,584 Starting Live from 2015-02-02 to 2015-03-04
2015-06-22 17:18:22,059 Starting Training from 2015-02-17 to 2015-03-04
2015-06-22 17:19:46,059 Starting Live from 2015-03-05 to 2015-04-04
2015-06-22 17:44:38,948 Starting Training from 2015-03-20 to 2015-04-04
2015-06-22 17:45:36,605 Starting Live from 2015-04-05 to 2015-04-10
2015-06-22 17:53:29,368 Starting Q Learning for : 
2015-06-22 17:53:29,368 alpha = 0.6
2015-06-22 17:53:29,368 gamma = 0.1
2015-06-22 17:53:29,368 individual factor = 12
2015-06-22 17:53:29,368 zero range = 0.006
2015-06-22 17:53:29,368 greedy level = 10
2015-06-22 17:53:29,368 

2015-06-22 17:53:32,928 Starting Training from 2014-12-17 to 2015-01-01
2015-06-22 18:04:57,312 Starting Live from 2015-01-02 to 2015-02-01
2015-06-22 18:25:56,467 Starting Training from 2015-01-17 to 2015-02-01
2015-06-22 18:26:53,326 Starting Live from 2015-02-02 to 2015-03-04
2015-06-22 18:50:53,959 Starting Training from 2015-02-17 to 2015-03-04
2015-06-22 18:52:17,571 Starting Live from 2015-03-05 to 2015-04-04
2015-06-22 19:18:07,586 Starting Training from 2015-03-20 to 2015-04-04
2015-06-22 19:19:16,915 Starting Live from 2015-04-05 to 2015-04-10
2015-06-22 19:27:24,381 Starting Q Learning for : 
2015-06-22 19:27:24,381 alpha = 0.6
2015-06-22 19:27:24,381 gamma = 0.2
2015-06-22 19:27:24,381 individual factor = 12
2015-06-22 19:27:24,381 zero range = 0.006
2015-06-22 19:27:24,381 greedy level = 10
2015-06-22 19:27:24,381 

2015-06-22 19:27:27,348 Starting Training from 2014-12-17 to 2015-01-01
2015-06-22 19:36:56,785 Starting Live from 2015-01-02 to 2015-02-01
2015-06-22 19:57:48,232 Starting Training from 2015-01-17 to 2015-02-01
2015-06-22 19:58:48,510 Starting Live from 2015-02-02 to 2015-03-04
2015-06-22 20:22:45,638 Starting Training from 2015-02-17 to 2015-03-04
2015-06-22 20:25:03,664 Starting Live from 2015-03-05 to 2015-04-04
2015-06-22 20:52:21,638 Starting Training from 2015-03-20 to 2015-04-04
2015-06-22 20:53:46,822 Starting Live from 2015-04-05 to 2015-04-10
2015-06-22 21:01:30,308 Starting Q Learning for : 
2015-06-22 21:01:30,308 alpha = 0.6
2015-06-22 21:01:30,308 gamma = 0.3
2015-06-22 21:01:30,308 individual factor = 12
2015-06-22 21:01:30,309 zero range = 0.006
2015-06-22 21:01:30,309 greedy level = 10
2015-06-22 21:01:30,309 

2015-06-22 21:01:33,395 Starting Training from 2014-12-17 to 2015-01-01
2015-06-22 21:12:27,457 Starting Live from 2015-01-02 to 2015-02-01
2015-06-22 21:33:24,786 Starting Training from 2015-01-17 to 2015-02-01
2015-06-22 21:34:21,010 Starting Live from 2015-02-02 to 2015-03-04
2015-06-22 21:58:33,891 Starting Training from 2015-02-17 to 2015-03-04
2015-06-22 21:59:58,085 Starting Live from 2015-03-05 to 2015-04-04
2015-06-22 22:31:40,140 Starting Training from 2015-03-20 to 2015-04-04
2015-06-22 22:33:04,352 Starting Live from 2015-04-05 to 2015-04-10
2015-06-22 22:41:14,062 Starting Q Learning for : 
2015-06-22 22:41:14,062 alpha = 0.6
2015-06-22 22:41:14,062 gamma = 0.4
2015-06-22 22:41:14,062 individual factor = 12
2015-06-22 22:41:14,062 zero range = 0.006
2015-06-22 22:41:14,062 greedy level = 10
2015-06-22 22:41:14,062 

2015-06-22 22:41:16,799 Starting Training from 2014-12-17 to 2015-01-01
2015-06-22 22:51:28,026 Starting Live from 2015-01-02 to 2015-02-01
2015-06-22 23:11:29,211 Starting Training from 2015-01-17 to 2015-02-01
2015-06-22 23:12:44,288 Starting Live from 2015-02-02 to 2015-03-04
2015-06-22 23:36:55,697 Starting Training from 2015-02-17 to 2015-03-04
2015-06-22 23:38:18,411 Starting Live from 2015-03-05 to 2015-04-04
2015-06-23 00:07:27,805 Starting Training from 2015-03-20 to 2015-04-04
2015-06-23 00:08:31,513 Starting Live from 2015-04-05 to 2015-04-10
2015-06-23 00:17:29,367 Starting Q Learning for : 
2015-06-23 00:17:29,367 alpha = 0.6
2015-06-23 00:17:29,367 gamma = 0.5
2015-06-23 00:17:29,367 individual factor = 12
2015-06-23 00:17:29,367 zero range = 0.006
2015-06-23 00:17:29,367 greedy level = 10
2015-06-23 00:17:29,367 

2015-06-23 00:17:32,424 Starting Training from 2014-12-17 to 2015-01-01
2015-06-23 00:27:23,733 Starting Live from 2015-01-02 to 2015-02-01
2015-06-23 00:47:38,934 Starting Training from 2015-01-17 to 2015-02-01
2015-06-23 00:48:39,700 Starting Live from 2015-02-02 to 2015-03-04
2015-06-23 01:11:45,039 Starting Training from 2015-02-17 to 2015-03-04
2015-06-23 01:13:05,345 Starting Live from 2015-03-05 to 2015-04-04
2015-06-23 01:38:54,328 Starting Training from 2015-03-20 to 2015-04-04
2015-06-23 01:40:17,092 Starting Live from 2015-04-05 to 2015-04-10
2015-06-23 01:48:19,286 Starting Q Learning for : 
2015-06-23 01:48:19,288 alpha = 0.6
2015-06-23 01:48:19,288 gamma = 0.6
2015-06-23 01:48:19,288 individual factor = 12
2015-06-23 01:48:19,288 zero range = 0.006
2015-06-23 01:48:19,288 greedy level = 10
2015-06-23 01:48:19,288 

2015-06-23 01:48:22,700 Starting Training from 2014-12-17 to 2015-01-01
2015-06-23 01:58:11,490 Starting Live from 2015-01-02 to 2015-02-01
2015-06-23 02:18:19,994 Starting Training from 2015-01-17 to 2015-02-01
2015-06-23 02:19:21,421 Starting Live from 2015-02-02 to 2015-03-04
2015-06-23 02:43:37,698 Starting Training from 2015-02-17 to 2015-03-04
2015-06-23 02:45:16,464 Starting Live from 2015-03-05 to 2015-04-04
2015-06-23 03:12:02,888 Starting Training from 2015-03-20 to 2015-04-04
2015-06-23 03:13:09,278 Starting Live from 2015-04-05 to 2015-04-10
2015-06-23 03:21:08,470 Starting Q Learning for : 
2015-06-23 03:21:08,470 alpha = 0.4
2015-06-23 03:21:08,470 gamma = 0.6
2015-06-23 03:21:08,470 individual factor = 12
2015-06-23 03:21:08,470 zero range = 0.006
2015-06-23 03:21:08,470 greedy level = 10
2015-06-23 03:21:08,470 

2015-06-23 03:21:12,734 Starting Training from 2014-12-17 to 2015-01-01
2015-06-23 03:31:47,184 Starting Live from 2015-01-02 to 2015-02-01
2015-06-23 03:51:55,111 Starting Training from 2015-01-17 to 2015-02-01
2015-06-23 03:52:55,585 Starting Live from 2015-02-02 to 2015-03-04
2015-06-23 04:16:29,115 Starting Training from 2015-02-17 to 2015-03-04
2015-06-23 04:17:48,259 Starting Live from 2015-03-05 to 2015-04-04
2015-06-23 04:43:53,885 Starting Training from 2015-03-20 to 2015-04-04
2015-06-23 04:45:03,510 Starting Live from 2015-04-05 to 2015-04-10
2015-06-23 04:53:27,585 Starting Q Learning for : 
2015-06-23 04:53:27,585 alpha = 0.4
2015-06-23 04:53:27,585 gamma = 0.7
2015-06-23 04:53:27,585 individual factor = 12
2015-06-23 04:53:27,585 zero range = 0.006
2015-06-23 04:53:27,585 greedy level = 10
2015-06-23 04:53:27,585 

2015-06-23 04:53:31,388 Starting Training from 2014-12-17 to 2015-01-01
2015-06-23 05:03:12,976 Starting Live from 2015-01-02 to 2015-02-01
2015-06-23 05:23:27,482 Starting Training from 2015-01-17 to 2015-02-01
2015-06-23 05:24:27,638 Starting Live from 2015-02-02 to 2015-03-04
2015-06-23 05:48:21,556 Starting Training from 2015-02-17 to 2015-03-04
2015-06-23 05:49:40,996 Starting Live from 2015-03-05 to 2015-04-04
2015-06-23 06:19:37,102 Starting Training from 2015-03-20 to 2015-04-04
2015-06-23 06:20:40,375 Starting Live from 2015-04-05 to 2015-04-10
2015-06-23 06:28:40,766 Starting Q Learning for : 
2015-06-23 06:28:40,766 alpha = 0.4
2015-06-23 06:28:40,766 gamma = 0.8
2015-06-23 06:28:40,766 individual factor = 12
2015-06-23 06:28:40,766 zero range = 0.006
2015-06-23 06:28:40,766 greedy level = 10
2015-06-23 06:28:40,766 

2015-06-23 06:28:44,345 Starting Training from 2014-12-17 to 2015-01-01
2015-06-23 06:39:17,180 Starting Live from 2015-01-02 to 2015-02-01
2015-06-23 06:59:10,220 Starting Training from 2015-01-17 to 2015-02-01
2015-06-23 07:00:28,897 Starting Live from 2015-02-02 to 2015-03-04
2015-06-23 07:24:30,176 Starting Training from 2015-02-17 to 2015-03-04
2015-06-23 07:25:55,255 Starting Live from 2015-03-05 to 2015-04-04
2015-06-23 07:52:06,280 Starting Training from 2015-03-20 to 2015-04-04
2015-06-23 07:53:22,240 Starting Live from 2015-04-05 to 2015-04-10
2015-06-23 08:01:24,262 Starting Q Learning for : 
2015-06-23 08:01:24,262 alpha = 0.2
2015-06-23 08:01:24,262 gamma = 0.1
2015-06-23 08:01:24,262 individual factor = 12
2015-06-23 08:01:24,262 zero range = 0.006
2015-06-23 08:01:24,262 greedy level = 10
2015-06-23 08:01:24,262 

2015-06-23 08:01:28,993 Starting Training from 2014-12-17 to 2015-01-01
2015-06-23 08:12:06,387 Starting Live from 2015-01-02 to 2015-02-01
2015-06-23 08:32:14,930 Starting Training from 2015-01-17 to 2015-02-01
2015-06-23 08:33:14,191 Starting Live from 2015-02-02 to 2015-03-04
2015-06-23 08:56:27,989 Starting Training from 2015-02-17 to 2015-03-04
2015-06-23 08:57:47,220 Starting Live from 2015-03-05 to 2015-04-04
2015-06-23 09:23:53,615 Starting Training from 2015-03-20 to 2015-04-04
2015-06-23 09:24:54,467 Starting Live from 2015-04-05 to 2015-04-10
2015-06-23 09:33:22,581 Starting Q Learning for : 
2015-06-23 09:33:22,581 alpha = 0.2
2015-06-23 09:33:22,581 gamma = 0.2
2015-06-23 09:33:22,582 individual factor = 12
2015-06-23 09:33:22,582 zero range = 0.006
2015-06-23 09:33:22,582 greedy level = 10
2015-06-23 09:33:22,582 

2015-06-23 09:33:25,454 Starting Training from 2014-12-17 to 2015-01-01
2015-06-23 09:43:04,295 Starting Live from 2015-01-02 to 2015-02-01
2015-06-23 10:02:52,365 Starting Training from 2015-01-17 to 2015-02-01
2015-06-23 10:03:49,115 Starting Live from 2015-02-02 to 2015-03-04
2015-06-23 10:27:41,858 Starting Training from 2015-02-17 to 2015-03-04
2015-06-23 10:28:59,253 Starting Live from 2015-03-05 to 2015-04-04
2015-06-23 10:59:08,573 Starting Training from 2015-03-20 to 2015-04-04
2015-06-23 11:00:12,380 Starting Live from 2015-04-05 to 2015-04-10
2015-06-23 11:08:09,145 Starting Q Learning for : 
2015-06-23 11:08:09,145 alpha = 0.2
2015-06-23 11:08:09,145 gamma = 0.3
2015-06-23 11:08:09,145 individual factor = 12
2015-06-23 11:08:09,145 zero range = 0.006
2015-06-23 11:08:09,145 greedy level = 10
2015-06-23 11:08:09,145 

2015-06-23 11:08:12,556 Starting Training from 2014-12-17 to 2015-01-01
2015-06-23 11:18:41,589 Starting Live from 2015-01-02 to 2015-02-01
2015-06-23 11:38:55,747 Starting Training from 2015-01-17 to 2015-02-01
2015-06-23 11:39:57,187 Starting Live from 2015-02-02 to 2015-03-04
2015-06-23 12:03:38,723 Starting Training from 2015-02-17 to 2015-03-04
2015-06-23 12:04:59,246 Starting Live from 2015-03-05 to 2015-04-04
2015-06-23 12:36:21,191 Starting Training from 2015-03-20 to 2015-04-04
2015-06-23 12:37:40,045 Starting Live from 2015-04-05 to 2015-04-10
2015-06-23 12:47:13,947 Starting Q Learning for : 
2015-06-23 12:47:13,947 alpha = 0.2
2015-06-23 12:47:13,947 gamma = 0.4
2015-06-23 12:47:13,947 individual factor = 12
2015-06-23 12:47:13,947 zero range = 0.006
2015-06-23 12:47:13,947 greedy level = 10
2015-06-23 12:47:13,947 

2015-06-23 12:47:17,391 Starting Training from 2014-12-17 to 2015-01-01
2015-06-23 12:58:11,479 Starting Live from 2015-01-02 to 2015-02-01
2015-06-23 13:19:59,328 Starting Training from 2015-01-17 to 2015-02-01
2015-06-23 13:21:02,555 Starting Live from 2015-02-02 to 2015-03-04
2015-06-23 13:47:41,749 Starting Training from 2015-02-17 to 2015-03-04
2015-06-23 13:49:17,232 Starting Live from 2015-03-05 to 2015-04-04
2015-06-23 14:18:30,586 Starting Training from 2015-03-20 to 2015-04-04
2015-06-23 14:19:44,997 Starting Live from 2015-04-05 to 2015-04-10
2015-06-23 14:28:26,592 Starting Q Learning for : 
2015-06-23 14:28:26,592 alpha = 0.5
2015-06-23 14:28:26,592 gamma = 0.3
2015-06-23 14:28:26,592 individual factor = 12
2015-06-23 14:28:26,592 zero range = 0.01
2015-06-23 14:28:26,592 greedy level = 10
2015-06-23 14:28:26,592 

2015-06-23 14:28:31,951 Starting Training from 2014-12-17 to 2015-01-01
2015-06-23 14:40:13,328 Starting Live from 2015-01-02 to 2015-02-01
2015-06-23 15:02:21,558 Starting Training from 2015-01-17 to 2015-02-01
2015-06-23 15:03:25,352 Starting Live from 2015-02-02 to 2015-03-04
2015-06-23 15:29:32,772 Starting Training from 2015-02-17 to 2015-03-04
2015-06-23 15:30:59,115 Starting Live from 2015-03-05 to 2015-04-04
2015-06-23 16:07:22,260 Starting Training from 2015-03-20 to 2015-04-04
2015-06-23 16:08:34,688 Starting Live from 2015-04-05 to 2015-04-10
2015-06-23 16:18:11,594 Starting Q Learning for : 
2015-06-23 16:18:11,594 alpha = 0.5
2015-06-23 16:18:11,594 gamma = 0.4
2015-06-23 16:18:11,594 individual factor = 12
2015-06-23 16:18:11,594 zero range = 0.01
2015-06-23 16:18:11,594 greedy level = 10
2015-06-23 16:18:11,594 

2015-06-23 16:18:16,877 Starting Training from 2014-12-17 to 2015-01-01
2015-06-23 16:29:57,752 Starting Live from 2015-01-02 to 2015-02-01
2015-06-23 16:51:57,568 Starting Training from 2015-01-17 to 2015-02-01
2015-06-23 16:52:59,243 Starting Live from 2015-02-02 to 2015-03-04
2015-06-23 17:18:54,490 Starting Training from 2015-02-17 to 2015-03-04
2015-06-23 17:20:22,184 Starting Live from 2015-03-05 to 2015-04-04
2015-06-23 17:50:01,529 Starting Training from 2015-03-20 to 2015-04-04
2015-06-23 17:51:27,733 Starting Live from 2015-04-05 to 2015-04-10
2015-06-23 18:00:19,266 Starting Q Learning for : 
2015-06-23 18:00:19,266 alpha = 0.5
2015-06-23 18:00:19,266 gamma = 0.5
2015-06-23 18:00:19,266 individual factor = 12
2015-06-23 18:00:19,266 zero range = 0.01
2015-06-23 18:00:19,266 greedy level = 10
2015-06-23 18:00:19,266 

2015-06-23 18:00:25,207 Starting Training from 2014-12-17 to 2015-01-01
2015-06-23 18:11:26,229 Starting Live from 2015-01-02 to 2015-02-01
2015-06-23 18:34:20,473 Starting Training from 2015-01-17 to 2015-02-01
2015-06-23 18:35:43,293 Starting Live from 2015-02-02 to 2015-03-04
2015-06-23 19:02:10,483 Starting Training from 2015-02-17 to 2015-03-04
2015-06-23 19:03:40,249 Starting Live from 2015-03-05 to 2015-04-04
2015-06-23 19:35:34,358 Starting Training from 2015-03-20 to 2015-04-04
2015-06-23 19:36:42,999 Starting Live from 2015-04-05 to 2015-04-10
2015-06-23 19:46:16,572 Starting Q Learning for : 
2015-06-23 19:46:16,573 alpha = 0.5
2015-06-23 19:46:16,573 gamma = 0.6
2015-06-23 19:46:16,573 individual factor = 12
2015-06-23 19:46:16,573 zero range = 0.01
2015-06-23 19:46:16,573 greedy level = 10
2015-06-23 19:46:16,573 

2015-06-23 19:46:19,911 Starting Training from 2014-12-17 to 2015-01-01
2015-06-23 19:57:00,323 Starting Live from 2015-01-02 to 2015-02-01
2015-06-23 20:19:05,201 Starting Training from 2015-01-17 to 2015-02-01
2015-06-23 20:20:06,630 Starting Live from 2015-02-02 to 2015-03-04
2015-06-23 20:46:44,177 Starting Training from 2015-02-17 to 2015-03-04
2015-06-23 20:48:33,742 Starting Live from 2015-03-05 to 2015-04-04
2015-06-23 21:18:23,395 Starting Training from 2015-03-20 to 2015-04-04
2015-06-23 21:19:46,589 Starting Live from 2015-04-05 to 2015-04-10
2015-06-23 21:28:23,063 Starting Q Learning for : 
2015-06-23 21:28:23,065 alpha = 0.5
2015-06-23 21:28:23,065 gamma = 0.7
2015-06-23 21:28:23,065 individual factor = 12
2015-06-23 21:28:23,065 zero range = 0.01
2015-06-23 21:28:23,065 greedy level = 10
2015-06-23 21:28:23,065 

2015-06-23 21:28:28,653 Starting Training from 2014-12-17 to 2015-01-01
2015-06-23 21:40:40,515 Starting Live from 2015-01-02 to 2015-02-01
2015-06-23 22:04:17,936 Starting Training from 2015-01-17 to 2015-02-01
2015-06-23 22:05:28,530 Starting Live from 2015-02-02 to 2015-03-04
2015-06-23 22:33:01,039 Starting Training from 2015-02-17 to 2015-03-04
2015-06-23 22:34:30,243 Starting Live from 2015-03-05 to 2015-04-04
2015-06-23 23:05:00,562 Starting Training from 2015-03-20 to 2015-04-04
2015-06-23 23:06:10,556 Starting Live from 2015-04-05 to 2015-04-10
