2015-06-24 00:49:53,512 Starting Q Learning for : 
2015-06-24 00:49:53,512 alpha = 0.5
2015-06-24 00:49:53,512 gamma = 0.5
2015-06-24 00:49:53,512 individual factor = 12
2015-06-24 00:49:53,513 zero range = 0.01
2015-06-24 00:49:53,513 greedy level = 10
2015-06-24 00:49:53,513 

2015-06-24 00:49:59,450 Starting Training from 2014-12-17 to 2015-01-01
2015-06-24 00:59:28,262 Starting Live from 2015-01-02 to 2015-02-01
2015-06-24 01:18:27,931 Starting Training from 2015-01-17 to 2015-02-01
2015-06-24 01:19:26,765 Starting Live from 2015-02-02 to 2015-03-04
2015-06-24 01:44:35,107 Starting Training from 2015-02-17 to 2015-03-04
2015-06-24 01:46:12,655 Starting Live from 2015-03-05 to 2015-04-04
2015-06-24 02:16:06,148 Starting Training from 2015-03-20 to 2015-04-04
2015-06-24 02:17:08,696 Starting Live from 2015-04-05 to 2015-04-10
2015-06-24 02:25:34,403 Starting Q Learning for : 
2015-06-24 02:25:34,403 alpha = 0.5
2015-06-24 02:25:34,403 gamma = 0.6
2015-06-24 02:25:34,404 individual factor = 12
2015-06-24 02:25:34,404 zero range = 0.01
2015-06-24 02:25:34,404 greedy level = 10
2015-06-24 02:25:34,404 

2015-06-24 02:25:37,733 Starting Training from 2014-12-17 to 2015-01-01
2015-06-24 02:35:49,980 Starting Live from 2015-01-02 to 2015-02-01
2015-06-24 02:56:08,809 Starting Training from 2015-01-17 to 2015-02-01
2015-06-24 02:57:05,871 Starting Live from 2015-02-02 to 2015-03-04
2015-06-24 03:20:24,654 Starting Training from 2015-02-17 to 2015-03-04
2015-06-24 03:21:44,575 Starting Live from 2015-03-05 to 2015-04-04
2015-06-24 03:50:11,398 Starting Training from 2015-03-20 to 2015-04-04
2015-06-24 03:51:44,443 Starting Live from 2015-04-05 to 2015-04-10
2015-06-24 04:00:06,503 Starting Q Learning for : 
2015-06-24 04:00:06,503 alpha = 0.5
2015-06-24 04:00:06,503 gamma = 0.7
2015-06-24 04:00:06,503 individual factor = 12
2015-06-24 04:00:06,503 zero range = 0.01
2015-06-24 04:00:06,503 greedy level = 10
2015-06-24 04:00:06,503 

2015-06-24 04:00:09,982 Starting Training from 2014-12-17 to 2015-01-01
2015-06-24 04:09:53,513 Starting Live from 2015-01-02 to 2015-02-01
2015-06-24 04:29:48,904 Starting Training from 2015-01-17 to 2015-02-01
2015-06-24 04:30:45,953 Starting Live from 2015-02-02 to 2015-03-04
2015-06-24 04:54:26,789 Starting Training from 2015-02-17 to 2015-03-04
2015-06-24 04:56:03,401 Starting Live from 2015-03-05 to 2015-04-04
2015-06-24 05:22:32,529 Starting Training from 2015-03-20 to 2015-04-04
2015-06-24 05:23:50,131 Starting Live from 2015-04-05 to 2015-04-10
2015-06-24 05:31:30,910 Starting Q Learning for : 
2015-06-24 05:31:30,910 alpha = 0.5
2015-06-24 05:31:30,910 gamma = 0.8
2015-06-24 05:31:30,910 individual factor = 12
2015-06-24 05:31:30,910 zero range = 0.01
2015-06-24 05:31:30,910 greedy level = 10
2015-06-24 05:31:30,910 

2015-06-24 05:31:35,970 Starting Training from 2014-12-17 to 2015-01-01
2015-06-24 05:42:06,555 Starting Live from 2015-01-02 to 2015-02-01
2015-06-24 06:02:07,457 Starting Training from 2015-01-17 to 2015-02-01
2015-06-24 06:03:04,861 Starting Live from 2015-02-02 to 2015-03-04
2015-06-24 06:28:05,358 Starting Training from 2015-02-17 to 2015-03-04
2015-06-24 06:29:27,473 Starting Live from 2015-03-05 to 2015-04-04
2015-06-24 07:08:52,723 Starting Training from 2015-03-20 to 2015-04-04
2015-06-24 07:09:54,596 Starting Live from 2015-04-05 to 2015-04-10
2015-06-24 07:19:30,325 Starting Q Learning for : 
2015-06-24 07:19:30,325 alpha = 0.4
2015-06-24 07:19:30,325 gamma = 0.5
2015-06-24 07:19:30,325 individual factor = 12
2015-06-24 07:19:30,325 zero range = 0.01
2015-06-24 07:19:30,325 greedy level = 10
2015-06-24 07:19:30,325 

2015-06-24 07:19:33,618 Starting Training from 2014-12-17 to 2015-01-01
2015-06-24 07:29:59,887 Starting Live from 2015-01-02 to 2015-02-01
2015-06-24 07:50:06,460 Starting Training from 2015-01-17 to 2015-02-01
2015-06-24 07:51:03,818 Starting Live from 2015-02-02 to 2015-03-04
2015-06-24 08:14:38,812 Starting Training from 2015-02-17 to 2015-03-04
2015-06-24 08:15:56,982 Starting Live from 2015-03-05 to 2015-04-04
2015-06-24 08:41:45,868 Starting Training from 2015-03-20 to 2015-04-04
2015-06-24 08:42:45,459 Starting Live from 2015-04-05 to 2015-04-10
2015-06-24 08:51:03,486 Starting Q Learning for : 
2015-06-24 08:51:03,486 alpha = 0.4
2015-06-24 08:51:03,486 gamma = 0.6
2015-06-24 08:51:03,486 individual factor = 12
2015-06-24 08:51:03,486 zero range = 0.01
2015-06-24 08:51:03,486 greedy level = 10
2015-06-24 08:51:03,486 

2015-06-24 08:51:08,960 Starting Training from 2014-12-17 to 2015-01-01
2015-06-24 09:00:44,190 Starting Live from 2015-01-02 to 2015-02-01
2015-06-24 09:20:24,947 Starting Training from 2015-01-17 to 2015-02-01
2015-06-24 09:21:21,427 Starting Live from 2015-02-02 to 2015-03-04
2015-06-24 09:44:26,497 Starting Training from 2015-02-17 to 2015-03-04
2015-06-24 09:45:44,049 Starting Live from 2015-03-05 to 2015-04-04
2015-06-24 10:11:06,908 Starting Training from 2015-03-20 to 2015-04-04
2015-06-24 10:12:36,359 Starting Live from 2015-04-05 to 2015-04-10
2015-06-24 10:20:11,073 Starting Q Learning for : 
2015-06-24 10:20:11,073 alpha = 0.4
2015-06-24 10:20:11,075 gamma = 0.7
2015-06-24 10:20:11,075 individual factor = 12
2015-06-24 10:20:11,075 zero range = 0.01
2015-06-24 10:20:11,075 greedy level = 10
2015-06-24 10:20:11,075 

2015-06-24 10:20:17,697 Starting Training from 2014-12-17 to 2015-01-01
2015-06-24 10:29:40,729 Starting Live from 2015-01-02 to 2015-02-01
2015-06-24 10:49:22,216 Starting Training from 2015-01-17 to 2015-02-01
2015-06-24 10:50:17,073 Starting Live from 2015-02-02 to 2015-03-04
2015-06-24 11:12:52,157 Starting Training from 2015-02-17 to 2015-03-04
2015-06-24 11:14:27,299 Starting Live from 2015-03-05 to 2015-04-04
2015-06-24 11:43:16,483 Starting Training from 2015-03-20 to 2015-04-04
2015-06-24 11:44:19,551 Starting Live from 2015-04-05 to 2015-04-10
2015-06-24 11:52:10,269 Starting Q Learning for : 
2015-06-24 11:52:10,269 alpha = 0.4
2015-06-24 11:52:10,269 gamma = 0.8
2015-06-24 11:52:10,269 individual factor = 12
2015-06-24 11:52:10,269 zero range = 0.01
2015-06-24 11:52:10,269 greedy level = 10
2015-06-24 11:52:10,269 

2015-06-24 11:52:16,338 Starting Training from 2014-12-17 to 2015-01-01
2015-06-24 12:02:47,790 Starting Live from 2015-01-02 to 2015-02-01
2015-06-24 12:23:21,618 Starting Training from 2015-01-17 to 2015-02-01
2015-06-24 12:24:17,746 Starting Live from 2015-02-02 to 2015-03-04
2015-06-24 12:49:56,966 Starting Training from 2015-02-17 to 2015-03-04
2015-06-24 12:51:23,931 Starting Live from 2015-03-05 to 2015-04-04
2015-06-24 13:24:24,517 Starting Training from 2015-03-20 to 2015-04-04
2015-06-24 13:25:38,914 Starting Live from 2015-04-05 to 2015-04-10
2015-06-24 13:34:41,243 Starting Q Learning for : 
2015-06-24 13:34:41,243 alpha = 0.8
2015-06-24 13:34:41,243 gamma = 0.1
2015-06-24 13:34:41,243 individual factor = 12
2015-06-24 13:34:41,243 zero range = 0.01
2015-06-24 13:34:41,243 greedy level = 10
2015-06-24 13:34:41,243 

2015-06-24 13:34:47,276 Starting Training from 2014-12-17 to 2015-01-01
2015-06-24 13:46:09,006 Starting Live from 2015-01-02 to 2015-02-01
2015-06-24 14:08:51,104 Starting Training from 2015-01-17 to 2015-02-01
2015-06-24 14:10:01,401 Starting Live from 2015-02-02 to 2015-03-04
2015-06-24 14:36:38,828 Starting Training from 2015-02-17 to 2015-03-04
2015-06-24 14:38:07,286 Starting Live from 2015-03-05 to 2015-04-04
2015-06-24 15:08:24,562 Starting Training from 2015-03-20 to 2015-04-04
2015-06-24 15:09:34,335 Starting Live from 2015-04-05 to 2015-04-10
2015-06-24 15:18:59,266 Starting Q Learning for : 
2015-06-24 15:18:59,267 alpha = 0.8
2015-06-24 15:18:59,267 gamma = 0.2
2015-06-24 15:18:59,267 individual factor = 12
2015-06-24 15:18:59,267 zero range = 0.01
2015-06-24 15:18:59,267 greedy level = 10
2015-06-24 15:18:59,267 

2015-06-24 15:19:05,819 Starting Training from 2014-12-17 to 2015-01-01
2015-06-24 15:30:13,369 Starting Live from 2015-01-02 to 2015-02-01
2015-06-24 15:52:22,855 Starting Training from 2015-01-17 to 2015-02-01
2015-06-24 15:53:24,404 Starting Live from 2015-02-02 to 2015-03-04
2015-06-24 16:20:23,270 Starting Training from 2015-02-17 to 2015-03-04
2015-06-24 16:22:13,430 Starting Live from 2015-03-05 to 2015-04-04
2015-06-24 16:50:20,898 Starting Training from 2015-03-20 to 2015-04-04
2015-06-24 16:51:46,433 Starting Live from 2015-04-05 to 2015-04-10
2015-06-24 17:00:08,796 Starting Q Learning for : 
2015-06-24 17:00:08,796 alpha = 0.8
2015-06-24 17:00:08,796 gamma = 0.3
2015-06-24 17:00:08,796 individual factor = 12
2015-06-24 17:00:08,796 zero range = 0.01
2015-06-24 17:00:08,796 greedy level = 10
2015-06-24 17:00:08,796 

2015-06-24 17:00:13,664 Starting Training from 2014-12-17 to 2015-01-01
2015-06-24 17:12:03,207 Starting Live from 2015-01-02 to 2015-02-01
2015-06-24 17:34:14,101 Starting Training from 2015-01-17 to 2015-02-01
2015-06-24 17:35:17,904 Starting Live from 2015-02-02 to 2015-03-04
2015-06-24 18:01:08,117 Starting Training from 2015-02-17 to 2015-03-04
2015-06-24 18:02:38,091 Starting Live from 2015-03-05 to 2015-04-04
2015-06-24 18:31:10,349 Starting Training from 2015-03-20 to 2015-04-04
2015-06-24 18:32:35,378 Starting Live from 2015-04-05 to 2015-04-10
2015-06-24 18:41:27,506 Starting Q Learning for : 
2015-06-24 18:41:27,506 alpha = 0.8
2015-06-24 18:41:27,506 gamma = 0.4
2015-06-24 18:41:27,506 individual factor = 12
2015-06-24 18:41:27,506 zero range = 0.01
2015-06-24 18:41:27,506 greedy level = 10
2015-06-24 18:41:27,506 

2015-06-24 18:41:33,035 Starting Training from 2014-12-17 to 2015-01-01
2015-06-24 18:52:25,226 Starting Live from 2015-01-02 to 2015-02-01
2015-06-24 19:14:54,980 Starting Training from 2015-01-17 to 2015-02-01
2015-06-24 19:15:57,821 Starting Live from 2015-02-02 to 2015-03-04
2015-06-24 19:42:25,987 Starting Training from 2015-02-17 to 2015-03-04
2015-06-24 19:43:53,109 Starting Live from 2015-03-05 to 2015-04-04
2015-06-24 20:10:59,869 Starting Training from 2015-03-20 to 2015-04-04
2015-06-24 20:12:25,493 Starting Live from 2015-04-05 to 2015-04-10
