2015-06-20 23:24:23,720 Starting Q Learning for : 
2015-06-20 23:24:23,720 alpha = 0.2
2015-06-20 23:24:23,720 gamma = 0.1
2015-06-20 23:24:23,720 individual factor = 8
2015-06-20 23:24:23,720 zero range = 0.002
2015-06-20 23:24:23,720 greedy level = 5
2015-06-20 23:24:23,720 

2015-06-20 23:24:35,466 Starting Training from 2015-01-01 to 2015-01-31
2015-06-20 23:52:27,112 Starting Live from 2015-02-01 to 2015-03-03
2015-06-21 00:30:15,180 Starting Training from 2015-02-01 to 2015-03-03
2015-06-21 00:35:50,529 Starting Live from 2015-03-04 to 2015-04-03
2015-06-21 01:33:30,604 Starting Training from 2015-03-04 to 2015-04-03
2015-06-21 01:37:57,447 Starting Live from 2015-04-04 to 2015-04-10
2015-06-21 01:52:57,207 Starting Q Learning for : 
2015-06-21 01:52:57,207 alpha = 0.2
2015-06-21 01:52:57,207 gamma = 0.2
2015-06-21 01:52:57,207 individual factor = 8
2015-06-21 01:52:57,207 zero range = 0.002
2015-06-21 01:52:57,207 greedy level = 5
2015-06-21 01:52:57,207 

2015-06-21 01:53:04,207 Starting Training from 2015-01-01 to 2015-01-31
2015-06-21 02:21:06,894 Starting Live from 2015-02-01 to 2015-03-03
2015-06-21 02:53:32,542 Starting Training from 2015-02-01 to 2015-03-03
2015-06-21 02:57:35,438 Starting Live from 2015-03-04 to 2015-04-03
2015-06-21 03:41:47,901 Starting Training from 2015-03-04 to 2015-04-03
2015-06-21 03:46:00,634 Starting Live from 2015-04-04 to 2015-04-10
2015-06-21 03:55:56,180 Starting Q Learning for : 
2015-06-21 03:55:56,180 alpha = 0.8
2015-06-21 03:55:56,180 gamma = 0.1
2015-06-21 03:55:56,181 individual factor = 8
2015-06-21 03:55:56,181 zero range = 0.002
2015-06-21 03:55:56,181 greedy level = 5
2015-06-21 03:55:56,181 

2015-06-21 03:56:01,145 Starting Training from 2015-01-01 to 2015-01-31
2015-06-21 04:22:19,032 Starting Live from 2015-02-01 to 2015-03-03
2015-06-21 04:56:06,118 Starting Training from 2015-02-01 to 2015-03-03
2015-06-21 05:00:07,078 Starting Live from 2015-03-04 to 2015-04-03
2015-06-21 05:42:53,036 Starting Training from 2015-03-04 to 2015-04-03
2015-06-21 05:46:13,138 Starting Live from 2015-04-04 to 2015-04-10
2015-06-21 05:54:45,663 Starting Q Learning for : 
2015-06-21 05:54:45,663 alpha = 0.8
2015-06-21 05:54:45,663 gamma = 0.2
2015-06-21 05:54:45,663 individual factor = 8
2015-06-21 05:54:45,663 zero range = 0.002
2015-06-21 05:54:45,663 greedy level = 5
2015-06-21 05:54:45,663 

2015-06-21 05:54:51,210 Starting Training from 2015-01-01 to 2015-01-31
2015-06-21 06:20:13,966 Starting Live from 2015-02-01 to 2015-03-03
2015-06-21 06:51:01,569 Starting Training from 2015-02-01 to 2015-03-03
2015-06-21 06:54:43,474 Starting Live from 2015-03-04 to 2015-04-03
2015-06-21 07:56:14,398 Starting Training from 2015-03-04 to 2015-04-03
2015-06-21 07:59:28,966 Starting Live from 2015-04-04 to 2015-04-10
2015-06-21 08:14:01,339 Starting Q Learning for : 
2015-06-21 08:14:01,339 alpha = 0.8
2015-06-21 08:14:01,339 gamma = 0.7
2015-06-21 08:14:01,339 individual factor = 8
2015-06-21 08:14:01,339 zero range = 0.002
2015-06-21 08:14:01,339 greedy level = 5
2015-06-21 08:14:01,339 

2015-06-21 08:14:06,459 Starting Training from 2015-01-01 to 2015-01-31
2015-06-21 08:38:16,237 Starting Live from 2015-02-01 to 2015-03-03
2015-06-21 09:08:02,513 Starting Training from 2015-02-01 to 2015-03-03
2015-06-21 09:11:49,854 Starting Live from 2015-03-04 to 2015-04-03
2015-06-21 09:47:33,690 Starting Training from 2015-03-04 to 2015-04-03
2015-06-21 09:51:08,302 Starting Live from 2015-04-04 to 2015-04-10
2015-06-21 09:58:55,756 Starting Q Learning for : 
2015-06-21 09:58:55,756 alpha = 0.8
2015-06-21 09:58:55,756 gamma = 0.8
2015-06-21 09:58:55,756 individual factor = 8
2015-06-21 09:58:55,756 zero range = 0.002
2015-06-21 09:58:55,756 greedy level = 5
2015-06-21 09:58:55,756 

2015-06-21 09:59:00,030 Starting Training from 2015-01-01 to 2015-01-31
2015-06-21 10:22:35,976 Starting Live from 2015-02-01 to 2015-03-03
2015-06-21 10:50:53,081 Starting Training from 2015-02-01 to 2015-03-03
2015-06-21 10:54:15,934 Starting Live from 2015-03-04 to 2015-04-03
2015-06-21 11:26:00,118 Starting Training from 2015-03-04 to 2015-04-03
2015-06-21 11:28:57,653 Starting Live from 2015-04-04 to 2015-04-10
