2015-06-24 01:01:42,260 Starting Q Learning for : 
2015-06-24 01:01:42,260 alpha = 0.6
2015-06-24 01:01:42,260 gamma = 0.4
2015-06-24 01:01:42,262 individual factor = 8
2015-06-24 01:01:42,262 zero range = 0.002
2015-06-24 01:01:42,262 greedy level = 5
2015-06-24 01:01:42,262 

2015-06-24 01:01:44,707 Starting Training from 2014-12-17 to 2015-01-01
2015-06-24 01:13:11,507 Starting Live from 2015-01-02 to 2015-02-01
2015-06-24 01:41:07,569 Starting Training from 2015-01-17 to 2015-02-01
2015-06-24 01:43:06,467 Starting Live from 2015-02-02 to 2015-03-04
2015-06-24 02:24:39,023 Starting Training from 2015-02-17 to 2015-03-04
2015-06-24 02:27:55,819 Starting Live from 2015-03-05 to 2015-04-04
2015-06-24 05:24:42,644 Starting Training from 2015-03-20 to 2015-04-04
2015-06-24 05:26:18,059 Starting Live from 2015-04-05 to 2015-04-10
2015-06-24 06:49:05,040 Starting Q Learning for : 
2015-06-24 06:49:05,040 alpha = 0.6
2015-06-24 06:49:05,040 gamma = 0.5
2015-06-24 06:49:05,040 individual factor = 8
2015-06-24 06:49:05,040 zero range = 0.002
2015-06-24 06:49:05,040 greedy level = 5
2015-06-24 06:49:05,040 

2015-06-24 06:49:06,634 Starting Training from 2014-12-17 to 2015-01-01
2015-06-24 07:01:17,740 Starting Live from 2015-01-02 to 2015-02-01
2015-06-24 07:28:55,187 Starting Training from 2015-01-17 to 2015-02-01
2015-06-24 07:30:34,513 Starting Live from 2015-02-02 to 2015-03-04
2015-06-24 08:09:28,375 Starting Training from 2015-02-17 to 2015-03-04
2015-06-24 08:11:35,552 Starting Live from 2015-03-05 to 2015-04-04
2015-06-24 10:35:19,585 Starting Training from 2015-03-20 to 2015-04-04
2015-06-24 10:36:51,059 Starting Live from 2015-04-05 to 2015-04-10
2015-06-24 14:01:49,721 Starting Q Learning for : 
2015-06-24 14:01:49,721 alpha = 0.6
2015-06-24 14:01:49,721 gamma = 0.6
2015-06-24 14:01:49,721 individual factor = 8
2015-06-24 14:01:49,721 zero range = 0.002
2015-06-24 14:01:49,721 greedy level = 5
2015-06-24 14:01:49,721 

2015-06-24 14:01:51,051 Starting Training from 2014-12-17 to 2015-01-01
2015-06-24 14:15:56,209 Starting Live from 2015-01-02 to 2015-02-01
2015-06-24 14:46:44,459 Starting Training from 2015-01-17 to 2015-02-01
2015-06-24 14:48:36,971 Starting Live from 2015-02-02 to 2015-03-04
2015-06-24 15:29:18,213 Starting Training from 2015-02-17 to 2015-03-04
2015-06-24 15:31:49,924 Starting Live from 2015-03-05 to 2015-04-04
2015-06-24 16:56:24,224 Starting Training from 2015-03-20 to 2015-04-04
2015-06-24 16:57:59,016 Starting Live from 2015-04-05 to 2015-04-10
2015-06-24 17:34:41,154 Starting Q Learning for : 
2015-06-24 17:34:41,154 alpha = 0.6
2015-06-24 17:34:41,154 gamma = 0.7
2015-06-24 17:34:41,154 individual factor = 8
2015-06-24 17:34:41,154 zero range = 0.002
2015-06-24 17:34:41,155 greedy level = 5
2015-06-24 17:34:41,155 

2015-06-24 17:34:42,634 Starting Training from 2014-12-17 to 2015-01-01
2015-06-24 17:47:55,575 Starting Live from 2015-01-02 to 2015-02-01
2015-06-24 18:16:38,411 Starting Training from 2015-01-17 to 2015-02-01
2015-06-24 18:18:28,364 Starting Live from 2015-02-02 to 2015-03-04
2015-06-24 18:41:46,706 Starting Training from 2015-02-17 to 2015-03-04
2015-06-24 18:47:25,312 Starting Live from 2015-03-05 to 2015-04-04
2015-06-24 19:08:04,526 Starting Training from 2015-03-20 to 2015-04-04
2015-06-24 19:12:19,742 Starting Live from 2015-04-05 to 2015-04-10
2015-06-24 19:18:18,065 Starting Q Learning for : 
2015-06-24 19:18:18,065 alpha = 0.6
2015-06-24 19:18:18,065 gamma = 0.8
2015-06-24 19:18:18,065 individual factor = 8
2015-06-24 19:18:18,065 zero range = 0.002
2015-06-24 19:18:18,065 greedy level = 5
2015-06-24 19:18:18,065 

2015-06-24 19:18:19,621 Starting Training from 2014-12-17 to 2015-01-01
2015-06-24 19:31:48,141 Starting Live from 2015-01-02 to 2015-02-01
2015-06-24 19:56:59,766 Starting Training from 2015-01-17 to 2015-02-01
2015-06-24 19:58:45,186 Starting Live from 2015-02-02 to 2015-03-04
2015-06-24 20:12:55,150 Starting Training from 2015-02-17 to 2015-03-04
2015-06-24 20:21:53,974 Starting Live from 2015-03-05 to 2015-04-04
2015-06-24 20:42:27,321 Starting Training from 2015-03-20 to 2015-04-04
2015-06-24 20:46:04,437 Starting Live from 2015-04-05 to 2015-04-10
2015-06-24 20:50:18,562 Starting Q Learning for : 
2015-06-24 20:50:18,562 alpha = 0.8
2015-06-24 20:50:18,562 gamma = 0.1
2015-06-24 20:50:18,563 individual factor = 8
2015-06-24 20:50:18,563 zero range = 0.002
2015-06-24 20:50:18,563 greedy level = 5
2015-06-24 20:50:18,563 

2015-06-24 20:50:20,357 Starting Training from 2014-12-17 to 2015-01-01
2015-06-24 21:03:07,786 Starting Live from 2015-01-02 to 2015-02-01
2015-06-24 21:33:38,898 Starting Training from 2015-01-17 to 2015-02-01
2015-06-24 21:35:20,572 Starting Live from 2015-02-02 to 2015-03-04
2015-06-24 22:17:09,072 Starting Training from 2015-02-17 to 2015-03-04
2015-06-24 22:19:52,007 Starting Live from 2015-03-05 to 2015-04-04
2015-06-25 01:35:32,621 Starting Training from 2015-03-20 to 2015-04-04
2015-06-25 01:37:13,674 Starting Live from 2015-04-05 to 2015-04-10
2015-06-25 01:52:30,135 Starting Q Learning for : 
2015-06-25 01:52:30,135 alpha = 0.8
2015-06-25 01:52:30,135 gamma = 0.2
2015-06-25 01:52:30,135 individual factor = 8
2015-06-25 01:52:30,135 zero range = 0.002
2015-06-25 01:52:30,135 greedy level = 5
2015-06-25 01:52:30,135 

2015-06-25 01:52:32,206 Starting Training from 2014-12-17 to 2015-01-01
2015-06-25 02:04:24,358 Starting Live from 2015-01-02 to 2015-02-01
2015-06-25 02:31:46,894 Starting Training from 2015-01-17 to 2015-02-01
2015-06-25 02:33:29,766 Starting Live from 2015-02-02 to 2015-03-04
2015-06-25 03:11:55,664 Starting Training from 2015-02-17 to 2015-03-04
2015-06-25 03:14:09,664 Starting Live from 2015-03-05 to 2015-04-04
2015-06-25 07:29:40,663 Starting Training from 2015-03-20 to 2015-04-04
2015-06-25 07:31:08,125 Starting Live from 2015-04-05 to 2015-04-10
2015-06-25 10:29:46,342 Starting Q Learning for : 
2015-06-25 10:29:46,342 alpha = 0.8
2015-06-25 10:29:46,342 gamma = 0.3
2015-06-25 10:29:46,342 individual factor = 8
2015-06-25 10:29:46,342 zero range = 0.002
2015-06-25 10:29:46,342 greedy level = 5
2015-06-25 10:29:46,342 

2015-06-25 10:29:47,413 Starting Training from 2014-12-17 to 2015-01-01
2015-06-25 10:41:40,357 Starting Live from 2015-01-02 to 2015-02-01
2015-06-25 11:07:35,309 Starting Training from 2015-01-17 to 2015-02-01
2015-06-25 11:09:04,578 Starting Live from 2015-02-02 to 2015-03-04
2015-06-25 11:58:57,888 Starting Training from 2015-02-17 to 2015-03-04
2015-06-25 12:01:02,381 Starting Live from 2015-03-05 to 2015-04-04
2015-06-25 14:55:07,335 Starting Training from 2015-03-20 to 2015-04-04
2015-06-25 14:56:46,976 Starting Live from 2015-04-05 to 2015-04-10
2015-06-25 16:03:41,052 Starting Q Learning for : 
2015-06-25 16:03:41,052 alpha = 0.8
2015-06-25 16:03:41,053 gamma = 0.4
2015-06-25 16:03:41,053 individual factor = 8
2015-06-25 16:03:41,053 zero range = 0.002
2015-06-25 16:03:41,053 greedy level = 5
2015-06-25 16:03:41,053 

2015-06-25 16:03:44,634 Starting Training from 2014-12-17 to 2015-01-01
2015-06-25 16:15:24,461 Starting Live from 2015-01-02 to 2015-02-01
2015-06-25 16:40:37,782 Starting Training from 2015-01-17 to 2015-02-01
2015-06-25 16:42:05,642 Starting Live from 2015-02-02 to 2015-03-04
2015-06-25 17:18:26,869 Starting Training from 2015-02-17 to 2015-03-04
2015-06-25 17:20:23,676 Starting Live from 2015-03-05 to 2015-04-04
2015-06-25 19:15:43,569 Starting Training from 2015-03-20 to 2015-04-04
2015-06-25 19:17:55,999 Starting Live from 2015-04-05 to 2015-04-10
2015-06-25 19:38:56,905 Starting Q Learning for : 
2015-06-25 19:38:56,905 alpha = 0.4
2015-06-25 19:38:56,905 gamma = 0.6
2015-06-25 19:38:56,905 individual factor = 8
2015-06-25 19:38:56,905 zero range = 0.002
2015-06-25 19:38:56,907 greedy level = 5
2015-06-25 19:38:56,907 

2015-06-25 19:38:58,450 Starting Training from 2014-12-17 to 2015-01-01
2015-06-25 19:53:31,256 Starting Live from 2015-01-02 to 2015-02-01
2015-06-25 20:25:20,428 Starting Training from 2015-01-17 to 2015-02-01
2015-06-25 20:27:11,217 Starting Live from 2015-02-02 to 2015-03-04
2015-06-25 21:21:02,460 Starting Training from 2015-02-17 to 2015-03-04
2015-06-25 21:23:37,111 Starting Live from 2015-03-05 to 2015-04-04
2015-06-26 02:35:58,226 Starting Training from 2015-03-20 to 2015-04-04
2015-06-26 02:38:24,302 Starting Live from 2015-04-05 to 2015-04-10
2015-06-26 03:55:13,927 Starting Q Learning for : 
2015-06-26 03:55:13,927 alpha = 0.4
2015-06-26 03:55:13,927 gamma = 0.7
2015-06-26 03:55:13,927 individual factor = 8
2015-06-26 03:55:13,927 zero range = 0.002
2015-06-26 03:55:13,927 greedy level = 5
2015-06-26 03:55:13,927 

2015-06-26 03:55:15,539 Starting Training from 2014-12-17 to 2015-01-01
2015-06-26 04:10:20,483 Starting Live from 2015-01-02 to 2015-02-01
2015-06-26 04:43:51,325 Starting Training from 2015-01-17 to 2015-02-01
2015-06-26 04:45:52,551 Starting Live from 2015-02-02 to 2015-03-04
2015-06-26 05:14:12,391 Starting Training from 2015-02-17 to 2015-03-04
2015-06-26 05:20:09,977 Starting Live from 2015-03-05 to 2015-04-04
2015-06-26 05:43:56,318 Starting Training from 2015-03-20 to 2015-04-04
2015-06-26 05:48:18,642 Starting Live from 2015-04-05 to 2015-04-10
2015-06-26 06:01:05,494 Starting Q Learning for : 
2015-06-26 06:01:05,494 alpha = 0.4
2015-06-26 06:01:05,494 gamma = 0.8
2015-06-26 06:01:05,496 individual factor = 8
2015-06-26 06:01:05,496 zero range = 0.002
2015-06-26 06:01:05,496 greedy level = 5
2015-06-26 06:01:05,496 

2015-06-26 06:01:07,111 Starting Training from 2014-12-17 to 2015-01-01
2015-06-26 06:16:35,691 Starting Live from 2015-01-02 to 2015-02-01
2015-06-26 06:44:40,532 Starting Training from 2015-01-17 to 2015-02-01
2015-06-26 06:46:39,769 Starting Live from 2015-02-02 to 2015-03-04
2015-06-26 07:05:14,812 Starting Training from 2015-02-17 to 2015-03-04
2015-06-26 07:14:16,661 Starting Live from 2015-03-05 to 2015-04-04
2015-06-26 07:41:06,055 Starting Training from 2015-03-20 to 2015-04-04
2015-06-26 07:45:26,838 Starting Live from 2015-04-05 to 2015-04-10
