2015-06-22 16:23:51,970 Starting Q Learning for : 
2015-06-22 16:23:51,970 alpha = 0.2
2015-06-22 16:23:51,970 gamma = 0.5
2015-06-22 16:23:51,970 individual factor = 8
2015-06-22 16:23:51,970 zero range = 0.002
2015-06-22 16:23:51,970 greedy level = 5
2015-06-22 16:23:51,970 

2015-06-22 16:23:54,861 Starting Training from 2014-12-17 to 2015-01-01
2015-06-22 16:36:19,309 Starting Live from 2015-01-02 to 2015-02-01
2015-06-22 17:05:36,871 Starting Training from 2015-01-17 to 2015-02-01
2015-06-22 17:07:40,434 Starting Live from 2015-02-02 to 2015-03-04
2015-06-22 17:49:57,085 Starting Training from 2015-02-17 to 2015-03-04
2015-06-22 17:52:49,941 Starting Live from 2015-03-05 to 2015-04-04
2015-06-22 23:03:19,950 Starting Training from 2015-03-20 to 2015-04-04
2015-06-22 23:05:12,207 Starting Live from 2015-04-05 to 2015-04-10
2015-06-23 00:31:26,869 Starting Q Learning for : 
2015-06-23 00:31:26,869 alpha = 0.2
2015-06-23 00:31:26,869 gamma = 0.6
2015-06-23 00:31:26,869 individual factor = 8
2015-06-23 00:31:26,869 zero range = 0.002
2015-06-23 00:31:26,869 greedy level = 5
2015-06-23 00:31:26,869 

2015-06-23 00:31:32,388 Starting Training from 2014-12-17 to 2015-01-01
2015-06-23 00:44:05,992 Starting Live from 2015-01-02 to 2015-02-01
2015-06-23 01:10:15,112 Starting Training from 2015-01-17 to 2015-02-01
2015-06-23 01:11:53,769 Starting Live from 2015-02-02 to 2015-03-04
2015-06-23 01:47:25,051 Starting Training from 2015-02-17 to 2015-03-04
2015-06-23 01:50:04,186 Starting Live from 2015-03-05 to 2015-04-04
2015-06-23 03:17:54,707 Starting Training from 2015-03-20 to 2015-04-04
2015-06-23 03:19:13,927 Starting Live from 2015-04-05 to 2015-04-10
2015-06-23 03:52:02,301 Starting Q Learning for : 
2015-06-23 03:52:02,301 alpha = 0.2
2015-06-23 03:52:02,301 gamma = 0.7
2015-06-23 03:52:02,301 individual factor = 8
2015-06-23 03:52:02,301 zero range = 0.002
2015-06-23 03:52:02,301 greedy level = 5
2015-06-23 03:52:02,301 

2015-06-23 03:52:05,744 Starting Training from 2014-12-17 to 2015-01-01
2015-06-23 04:03:50,769 Starting Live from 2015-01-02 to 2015-02-01
2015-06-23 04:31:47,065 Starting Training from 2015-01-17 to 2015-02-01
2015-06-23 04:33:26,950 Starting Live from 2015-02-02 to 2015-03-04
2015-06-23 04:55:08,719 Starting Training from 2015-02-17 to 2015-03-04
2015-06-23 04:59:48,848 Starting Live from 2015-03-05 to 2015-04-04
2015-06-23 05:19:37,970 Starting Training from 2015-03-20 to 2015-04-04
2015-06-23 05:23:13,464 Starting Live from 2015-04-05 to 2015-04-10
2015-06-23 05:28:25,026 Starting Q Learning for : 
2015-06-23 05:28:25,026 alpha = 0.2
2015-06-23 05:28:25,026 gamma = 0.8
2015-06-23 05:28:25,026 individual factor = 8
2015-06-23 05:28:25,026 zero range = 0.002
2015-06-23 05:28:25,026 greedy level = 5
2015-06-23 05:28:25,026 

2015-06-23 05:28:27,552 Starting Training from 2014-12-17 to 2015-01-01
2015-06-23 05:41:01,641 Starting Live from 2015-01-02 to 2015-02-01
2015-06-23 06:03:31,121 Starting Training from 2015-01-17 to 2015-02-01
2015-06-23 06:05:13,460 Starting Live from 2015-02-02 to 2015-03-04
2015-06-23 06:17:22,171 Starting Training from 2015-02-17 to 2015-03-04
2015-06-23 06:25:30,892 Starting Live from 2015-03-05 to 2015-04-04
2015-06-23 06:40:43,384 Starting Training from 2015-03-20 to 2015-04-04
2015-06-23 06:43:53,155 Starting Live from 2015-04-05 to 2015-04-10
2015-06-23 06:47:29,220 Starting Q Learning for : 
2015-06-23 06:47:29,220 alpha = 0.4
2015-06-23 06:47:29,220 gamma = 0.1
2015-06-23 06:47:29,220 individual factor = 8
2015-06-23 06:47:29,220 zero range = 0.002
2015-06-23 06:47:29,220 greedy level = 5
2015-06-23 06:47:29,220 

2015-06-23 06:47:30,395 Starting Training from 2014-12-17 to 2015-01-01
2015-06-23 06:59:28,049 Starting Live from 2015-01-02 to 2015-02-01
2015-06-23 07:27:21,411 Starting Training from 2015-01-17 to 2015-02-01
2015-06-23 07:28:59,326 Starting Live from 2015-02-02 to 2015-03-04
2015-06-23 08:12:40,674 Starting Training from 2015-02-17 to 2015-03-04
2015-06-23 08:15:03,786 Starting Live from 2015-03-05 to 2015-04-04
2015-06-23 09:33:23,196 Starting Training from 2015-03-20 to 2015-04-04
2015-06-23 09:35:13,398 Starting Live from 2015-04-05 to 2015-04-10
2015-06-23 09:54:36,187 Starting Q Learning for : 
2015-06-23 09:54:36,187 alpha = 0.4
2015-06-23 09:54:36,187 gamma = 0.2
2015-06-23 09:54:36,187 individual factor = 8
2015-06-23 09:54:36,187 zero range = 0.002
2015-06-23 09:54:36,187 greedy level = 5
2015-06-23 09:54:36,187 

2015-06-23 09:54:37,237 Starting Training from 2014-12-17 to 2015-01-01
2015-06-23 10:06:08,187 Starting Live from 2015-01-02 to 2015-02-01
2015-06-23 10:33:54,621 Starting Training from 2015-01-17 to 2015-02-01
2015-06-23 10:35:30,223 Starting Live from 2015-02-02 to 2015-03-04
2015-06-23 11:09:39,207 Starting Training from 2015-02-17 to 2015-03-04
2015-06-23 11:11:48,684 Starting Live from 2015-03-05 to 2015-04-04
2015-06-23 12:30:12,384 Starting Training from 2015-03-20 to 2015-04-04
2015-06-23 12:32:14,221 Starting Live from 2015-04-05 to 2015-04-10
2015-06-23 12:59:02,802 Starting Q Learning for : 
2015-06-23 12:59:02,802 alpha = 0.4
2015-06-23 12:59:02,802 gamma = 0.3
2015-06-23 12:59:02,802 individual factor = 8
2015-06-23 12:59:02,802 zero range = 0.002
2015-06-23 12:59:02,802 greedy level = 5
2015-06-23 12:59:02,802 

2015-06-23 12:59:04,198 Starting Training from 2014-12-17 to 2015-01-01
2015-06-23 13:12:34,566 Starting Live from 2015-01-02 to 2015-02-01
2015-06-23 13:42:22,250 Starting Training from 2015-01-17 to 2015-02-01
2015-06-23 13:44:06,605 Starting Live from 2015-02-02 to 2015-03-04
2015-06-23 14:35:35,792 Starting Training from 2015-02-17 to 2015-03-04
2015-06-23 14:38:26,280 Starting Live from 2015-03-05 to 2015-04-04
2015-06-23 16:32:10,769 Starting Training from 2015-03-20 to 2015-04-04
2015-06-23 16:34:16,753 Starting Live from 2015-04-05 to 2015-04-10
2015-06-23 16:54:19,710 Starting Q Learning for : 
2015-06-23 16:54:19,710 alpha = 0.4
2015-06-23 16:54:19,710 gamma = 0.4
2015-06-23 16:54:19,710 individual factor = 8
2015-06-23 16:54:19,710 zero range = 0.002
2015-06-23 16:54:19,710 greedy level = 5
2015-06-23 16:54:19,710 

2015-06-23 16:54:21,536 Starting Training from 2014-12-17 to 2015-01-01
2015-06-23 17:07:56,700 Starting Live from 2015-01-02 to 2015-02-01
2015-06-23 17:37:30,486 Starting Training from 2015-01-17 to 2015-02-01
2015-06-23 17:39:18,994 Starting Live from 2015-02-02 to 2015-03-04
2015-06-23 18:21:13,411 Starting Training from 2015-02-17 to 2015-03-04
2015-06-23 18:23:40,111 Starting Live from 2015-03-05 to 2015-04-04
2015-06-23 19:50:53,335 Starting Training from 2015-03-20 to 2015-04-04
2015-06-23 19:53:22,770 Starting Live from 2015-04-05 to 2015-04-10
2015-06-23 20:15:15,243 Starting Q Learning for : 
2015-06-23 20:15:15,243 alpha = 0.4
2015-06-23 20:15:15,243 gamma = 0.5
2015-06-23 20:15:15,243 individual factor = 8
2015-06-23 20:15:15,243 zero range = 0.002
2015-06-23 20:15:15,244 greedy level = 5
2015-06-23 20:15:15,244 

2015-06-23 20:15:16,249 Starting Training from 2014-12-17 to 2015-01-01
2015-06-23 20:29:09,407 Starting Live from 2015-01-02 to 2015-02-01
2015-06-23 20:59:10,931 Starting Training from 2015-01-17 to 2015-02-01
2015-06-23 21:01:06,569 Starting Live from 2015-02-02 to 2015-03-04
2015-06-23 21:43:47,381 Starting Training from 2015-02-17 to 2015-03-04
2015-06-23 21:46:43,430 Starting Live from 2015-03-05 to 2015-04-04
