2015-06-20 10:53:53,926 Starting Q Learning for : 
2015-06-20 10:53:53,926 alpha = 0.2
2015-06-20 10:53:53,926 gamma = 0.4
2015-06-20 10:53:53,926 individual factor = 8
2015-06-20 10:53:53,926 zero range = 0.002
2015-06-20 10:53:53,927 greedy level = 5
2015-06-20 10:53:53,927 

2015-06-20 10:54:08,743 Starting Training from 2014-12-17 to 2015-01-01
2015-06-20 11:07:39,759 Starting Live from 2015-01-02 to 2015-02-01
2015-06-20 11:35:00,036 Starting Training from 2015-01-17 to 2015-02-01
2015-06-20 11:36:36,321 Starting Live from 2015-02-02 to 2015-03-04
2015-06-20 12:04:04,190 Starting Training from 2015-02-17 to 2015-03-04
2015-06-20 12:05:46,540 Starting Live from 2015-03-05 to 2015-04-04
2015-06-20 12:36:41,789 Starting Training from 2015-03-20 to 2015-04-04
2015-06-20 12:38:09,441 Starting Live from 2015-04-05 to 2015-04-10
2015-06-20 12:47:43,365 Starting Q Learning for : 
2015-06-20 12:47:43,365 alpha = 0.2
2015-06-20 12:47:43,365 gamma = 0.5
2015-06-20 12:47:43,365 individual factor = 8
2015-06-20 12:47:43,365 zero range = 0.002
2015-06-20 12:47:43,365 greedy level = 5
2015-06-20 12:47:43,365 

2015-06-20 12:47:50,188 Starting Training from 2014-12-17 to 2015-01-01
2015-06-20 13:00:15,469 Starting Live from 2015-01-02 to 2015-02-01
2015-06-20 13:28:02,956 Starting Training from 2015-01-17 to 2015-02-01
2015-06-20 13:29:55,753 Starting Live from 2015-02-02 to 2015-03-04
2015-06-20 13:57:13,505 Starting Training from 2015-02-17 to 2015-03-04
2015-06-20 13:58:45,148 Starting Live from 2015-03-05 to 2015-04-04
2015-06-20 14:33:18,289 Starting Training from 2015-03-20 to 2015-04-04
2015-06-20 14:34:37,223 Starting Live from 2015-04-05 to 2015-04-10
2015-06-20 14:43:31,421 Starting Q Learning for : 
2015-06-20 14:43:31,421 alpha = 0.2
2015-06-20 14:43:31,421 gamma = 0.6
2015-06-20 14:43:31,421 individual factor = 8
2015-06-20 14:43:31,421 zero range = 0.002
2015-06-20 14:43:31,421 greedy level = 5
2015-06-20 14:43:31,423 

2015-06-20 14:43:36,632 Starting Training from 2014-12-17 to 2015-01-01
2015-06-20 14:56:12,405 Starting Live from 2015-01-02 to 2015-02-01
2015-06-20 15:21:59,522 Starting Training from 2015-01-17 to 2015-02-01
2015-06-20 15:23:29,260 Starting Live from 2015-02-02 to 2015-03-04
2015-06-20 15:48:29,746 Starting Training from 2015-02-17 to 2015-03-04
2015-06-20 15:50:48,869 Starting Live from 2015-03-05 to 2015-04-04
2015-06-20 16:18:54,431 Starting Training from 2015-03-20 to 2015-04-04
2015-06-20 16:20:21,523 Starting Live from 2015-04-05 to 2015-04-10
2015-06-20 16:27:42,914 Starting Q Learning for : 
2015-06-20 16:27:42,914 alpha = 0.4
2015-06-20 16:27:42,914 gamma = 0.8
2015-06-20 16:27:42,914 individual factor = 8
2015-06-20 16:27:42,914 zero range = 0.002
2015-06-20 16:27:42,914 greedy level = 5
2015-06-20 16:27:42,914 

2015-06-20 16:27:47,608 Starting Training from 2014-12-17 to 2015-01-01
2015-06-20 16:39:05,109 Starting Live from 2015-01-02 to 2015-02-01
2015-06-20 16:58:53,191 Starting Training from 2015-01-17 to 2015-02-01
2015-06-20 17:00:38,599 Starting Live from 2015-02-02 to 2015-03-04
2015-06-20 17:12:32,938 Starting Training from 2015-02-17 to 2015-03-04
2015-06-20 17:17:38,289 Starting Live from 2015-03-05 to 2015-04-04
2015-06-20 17:32:29,950 Starting Training from 2015-03-20 to 2015-04-04
2015-06-20 17:35:37,907 Starting Live from 2015-04-05 to 2015-04-10
2015-06-20 17:39:57,957 Starting Q Learning for : 
2015-06-20 17:39:57,959 alpha = 0.6
2015-06-20 17:39:57,959 gamma = 0.1
2015-06-20 17:39:57,959 individual factor = 8
2015-06-20 17:39:57,959 zero range = 0.002
2015-06-20 17:39:57,959 greedy level = 5
2015-06-20 17:39:57,959 

2015-06-20 17:40:03,326 Starting Training from 2014-12-17 to 2015-01-01
2015-06-20 17:51:30,401 Starting Live from 2015-01-02 to 2015-02-01
2015-06-20 18:15:23,328 Starting Training from 2015-01-17 to 2015-02-01
2015-06-20 18:16:50,295 Starting Live from 2015-02-02 to 2015-03-04
2015-06-20 18:39:31,834 Starting Training from 2015-02-17 to 2015-03-04
2015-06-20 18:41:25,476 Starting Live from 2015-03-05 to 2015-04-04
2015-06-20 19:08:21,707 Starting Training from 2015-03-20 to 2015-04-04
2015-06-20 19:09:31,138 Starting Live from 2015-04-05 to 2015-04-10
2015-06-20 19:17:54,733 Starting Q Learning for : 
2015-06-20 19:17:54,733 alpha = 0.6
2015-06-20 19:17:54,733 gamma = 0.2
2015-06-20 19:17:54,733 individual factor = 8
2015-06-20 19:17:54,733 zero range = 0.002
2015-06-20 19:17:54,733 greedy level = 5
2015-06-20 19:17:54,733 

2015-06-20 19:18:00,740 Starting Training from 2014-12-17 to 2015-01-01
2015-06-20 19:28:35,305 Starting Live from 2015-01-02 to 2015-02-01
2015-06-20 19:52:17,187 Starting Training from 2015-01-17 to 2015-02-01
2015-06-20 19:53:56,667 Starting Live from 2015-02-02 to 2015-03-04
2015-06-20 20:18:04,844 Starting Training from 2015-02-17 to 2015-03-04
2015-06-20 20:19:50,528 Starting Live from 2015-03-05 to 2015-04-04
2015-06-20 20:46:22,194 Starting Training from 2015-03-20 to 2015-04-04
2015-06-20 20:47:33,391 Starting Live from 2015-04-05 to 2015-04-10
2015-06-20 20:55:15,543 Starting Q Learning for : 
2015-06-20 20:55:15,543 alpha = 0.6
2015-06-20 20:55:15,543 gamma = 0.6
2015-06-20 20:55:15,545 individual factor = 8
2015-06-20 20:55:15,545 zero range = 0.002
2015-06-20 20:55:15,545 greedy level = 5
2015-06-20 20:55:15,545 

2015-06-20 20:55:20,747 Starting Training from 2014-12-17 to 2015-01-01
2015-06-20 21:06:39,706 Starting Live from 2015-01-02 to 2015-02-01
2015-06-20 21:29:42,801 Starting Training from 2015-01-17 to 2015-02-01
2015-06-20 21:31:14,323 Starting Live from 2015-02-02 to 2015-03-04
2015-06-20 21:52:49,055 Starting Training from 2015-02-17 to 2015-03-04
2015-06-20 21:54:53,621 Starting Live from 2015-03-05 to 2015-04-04
2015-06-20 22:21:15,783 Starting Training from 2015-03-20 to 2015-04-04
2015-06-20 22:22:36,640 Starting Live from 2015-04-05 to 2015-04-10
2015-06-20 22:30:33,976 Starting Q Learning for : 
2015-06-20 22:30:33,976 alpha = 0.6
2015-06-20 22:30:33,976 gamma = 0.7
2015-06-20 22:30:33,976 individual factor = 8
2015-06-20 22:30:33,976 zero range = 0.002
2015-06-20 22:30:33,976 greedy level = 5
2015-06-20 22:30:33,976 

2015-06-20 22:30:38,996 Starting Training from 2014-12-17 to 2015-01-01
2015-06-20 22:41:15,433 Starting Live from 2015-01-02 to 2015-02-01
2015-06-20 23:02:41,400 Starting Training from 2015-01-17 to 2015-02-01
2015-06-20 23:04:11,427 Starting Live from 2015-02-02 to 2015-03-04
2015-06-20 23:21:37,046 Starting Training from 2015-02-17 to 2015-03-04
2015-06-20 23:25:06,529 Starting Live from 2015-03-05 to 2015-04-04
2015-06-20 23:46:50,102 Starting Training from 2015-03-20 to 2015-04-04
2015-06-20 23:50:16,996 Starting Live from 2015-04-05 to 2015-04-10
2015-06-20 23:57:46,503 Starting Q Learning for : 
2015-06-20 23:57:46,503 alpha = 0.6
2015-06-20 23:57:46,503 gamma = 0.8
2015-06-20 23:57:46,503 individual factor = 8
2015-06-20 23:57:46,503 zero range = 0.002
2015-06-20 23:57:46,503 greedy level = 5
2015-06-20 23:57:46,503 

2015-06-20 23:57:52,196 Starting Training from 2014-12-17 to 2015-01-01
2015-06-21 00:10:55,108 Starting Live from 2015-01-02 to 2015-02-01
2015-06-21 00:38:12,471 Starting Training from 2015-01-17 to 2015-02-01
2015-06-21 00:40:04,371 Starting Live from 2015-02-02 to 2015-03-04
2015-06-21 00:54:06,147 Starting Training from 2015-02-17 to 2015-03-04
2015-06-21 01:00:14,459 Starting Live from 2015-03-05 to 2015-04-04
2015-06-21 01:17:58,611 Starting Training from 2015-03-20 to 2015-04-04
2015-06-21 01:21:54,789 Starting Live from 2015-04-05 to 2015-04-10
2015-06-21 01:27:24,795 Starting Q Learning for : 
2015-06-21 01:27:24,795 alpha = 0.8
2015-06-21 01:27:24,795 gamma = 0.4
2015-06-21 01:27:24,795 individual factor = 8
2015-06-21 01:27:24,795 zero range = 0.002
2015-06-21 01:27:24,795 greedy level = 5
2015-06-21 01:27:24,795 

2015-06-21 01:27:30,246 Starting Training from 2014-12-17 to 2015-01-01
2015-06-21 01:41:00,417 Starting Live from 2015-01-02 to 2015-02-01
2015-06-21 02:09:20,772 Starting Training from 2015-01-17 to 2015-02-01
2015-06-21 02:11:04,154 Starting Live from 2015-02-02 to 2015-03-04
2015-06-21 02:38:50,092 Starting Training from 2015-02-17 to 2015-03-04
2015-06-21 02:41:16,759 Starting Live from 2015-03-05 to 2015-04-04
2015-06-21 03:17:26,535 Starting Training from 2015-03-20 to 2015-04-04
2015-06-21 03:18:46,621 Starting Live from 2015-04-05 to 2015-04-10
2015-06-21 03:29:17,112 Starting Q Learning for : 
2015-06-21 03:29:17,114 alpha = 0.8
2015-06-21 03:29:17,114 gamma = 0.5
2015-06-21 03:29:17,114 individual factor = 8
2015-06-21 03:29:17,114 zero range = 0.002
2015-06-21 03:29:17,114 greedy level = 5
2015-06-21 03:29:17,114 

2015-06-21 03:29:22,595 Starting Training from 2014-12-17 to 2015-01-01
2015-06-21 03:41:41,871 Starting Live from 2015-01-02 to 2015-02-01
2015-06-21 04:09:09,233 Starting Training from 2015-01-17 to 2015-02-01
2015-06-21 04:10:44,924 Starting Live from 2015-02-02 to 2015-03-04
2015-06-21 04:36:01,132 Starting Training from 2015-02-17 to 2015-03-04
2015-06-21 04:38:09,846 Starting Live from 2015-03-05 to 2015-04-04
2015-06-21 05:08:52,740 Starting Training from 2015-03-20 to 2015-04-04
2015-06-21 05:10:25,779 Starting Live from 2015-04-05 to 2015-04-10
2015-06-21 05:19:00,048 Starting Q Learning for : 
2015-06-21 05:19:00,048 alpha = 0.8
2015-06-21 05:19:00,048 gamma = 0.6
2015-06-21 05:19:00,048 individual factor = 8
2015-06-21 05:19:00,048 zero range = 0.002
2015-06-21 05:19:00,048 greedy level = 5
2015-06-21 05:19:00,048 

2015-06-21 05:19:04,973 Starting Training from 2014-12-17 to 2015-01-01
2015-06-21 05:31:34,789 Starting Live from 2015-01-02 to 2015-02-01
2015-06-21 05:58:51,335 Starting Training from 2015-01-17 to 2015-02-01
2015-06-21 06:00:29,066 Starting Live from 2015-02-02 to 2015-03-04
2015-06-21 06:26:36,216 Starting Training from 2015-02-17 to 2015-03-04
2015-06-21 06:28:08,309 Starting Live from 2015-03-05 to 2015-04-04
2015-06-21 06:57:05,263 Starting Training from 2015-03-20 to 2015-04-04
2015-06-21 06:58:30,710 Starting Live from 2015-04-05 to 2015-04-10
