2015-06-20 10:53:53,926 Starting Q Learning for : 
2015-06-20 10:53:53,927 alpha = 0.2
2015-06-20 10:53:53,927 gamma = 0.7
2015-06-20 10:53:53,927 individual factor = 8
2015-06-20 10:53:53,927 zero range = 0.002
2015-06-20 10:53:53,927 greedy level = 5
2015-06-20 10:53:53,927 

2015-06-20 10:54:08,742 Starting Training from 2014-12-17 to 2015-01-01
2015-06-20 11:07:41,880 Starting Live from 2015-01-02 to 2015-02-01
2015-06-20 11:30:35,694 Starting Training from 2015-01-17 to 2015-02-01
2015-06-20 11:32:15,299 Starting Live from 2015-02-02 to 2015-03-04
2015-06-20 11:49:40,219 Starting Training from 2015-02-17 to 2015-03-04
2015-06-20 11:53:48,040 Starting Live from 2015-03-05 to 2015-04-04
2015-06-20 12:13:55,897 Starting Training from 2015-03-20 to 2015-04-04
2015-06-20 12:16:32,723 Starting Live from 2015-04-05 to 2015-04-10
2015-06-20 12:22:24,150 Starting Q Learning for : 
2015-06-20 12:22:24,150 alpha = 0.2
2015-06-20 12:22:24,150 gamma = 0.8
2015-06-20 12:22:24,150 individual factor = 8
2015-06-20 12:22:24,150 zero range = 0.002
2015-06-20 12:22:24,150 greedy level = 5
2015-06-20 12:22:24,150 

2015-06-20 12:22:30,440 Starting Training from 2014-12-17 to 2015-01-01
2015-06-20 12:35:17,148 Starting Live from 2015-01-02 to 2015-02-01
2015-06-20 12:57:51,463 Starting Training from 2015-01-17 to 2015-02-01
2015-06-20 12:59:31,888 Starting Live from 2015-02-02 to 2015-03-04
2015-06-20 13:11:51,454 Starting Training from 2015-02-17 to 2015-03-04
2015-06-20 13:18:00,351 Starting Live from 2015-03-05 to 2015-04-04
2015-06-20 13:34:30,625 Starting Training from 2015-03-20 to 2015-04-04
2015-06-20 13:38:08,927 Starting Live from 2015-04-05 to 2015-04-10
2015-06-20 13:42:57,482 Starting Q Learning for : 
2015-06-20 13:42:57,482 alpha = 0.4
2015-06-20 13:42:57,482 gamma = 0.1
2015-06-20 13:42:57,482 individual factor = 8
2015-06-20 13:42:57,482 zero range = 0.002
2015-06-20 13:42:57,482 greedy level = 5
2015-06-20 13:42:57,482 

2015-06-20 13:43:03,716 Starting Training from 2014-12-17 to 2015-01-01
2015-06-20 13:56:01,006 Starting Live from 2015-01-02 to 2015-02-01
2015-06-20 14:23:52,838 Starting Training from 2015-01-17 to 2015-02-01
2015-06-20 14:25:35,963 Starting Live from 2015-02-02 to 2015-03-04
2015-06-20 14:51:47,868 Starting Training from 2015-02-17 to 2015-03-04
2015-06-20 14:54:06,721 Starting Live from 2015-03-05 to 2015-04-04
2015-06-20 15:24:16,029 Starting Training from 2015-03-20 to 2015-04-04
2015-06-20 15:25:30,092 Starting Live from 2015-04-05 to 2015-04-10
2015-06-20 15:33:47,772 Starting Q Learning for : 
2015-06-20 15:33:47,773 alpha = 0.4
2015-06-20 15:33:47,773 gamma = 0.2
2015-06-20 15:33:47,773 individual factor = 8
2015-06-20 15:33:47,773 zero range = 0.002
2015-06-20 15:33:47,773 greedy level = 5
2015-06-20 15:33:47,773 

2015-06-20 15:33:53,973 Starting Training from 2014-12-17 to 2015-01-01
2015-06-20 15:45:56,752 Starting Live from 2015-01-02 to 2015-02-01
2015-06-20 16:11:25,703 Starting Training from 2015-01-17 to 2015-02-01
2015-06-20 16:12:55,316 Starting Live from 2015-02-02 to 2015-03-04
2015-06-20 16:37:31,151 Starting Training from 2015-02-17 to 2015-03-04
2015-06-20 16:39:49,964 Starting Live from 2015-03-05 to 2015-04-04
2015-06-20 17:13:26,990 Starting Training from 2015-03-20 to 2015-04-04
2015-06-20 17:14:39,980 Starting Live from 2015-04-05 to 2015-04-10
2015-06-20 17:25:09,177 Starting Q Learning for : 
2015-06-20 17:25:09,177 alpha = 0.4
2015-06-20 17:25:09,177 gamma = 0.3
2015-06-20 17:25:09,177 individual factor = 8
2015-06-20 17:25:09,177 zero range = 0.002
2015-06-20 17:25:09,178 greedy level = 5
2015-06-20 17:25:09,178 

2015-06-20 17:25:14,141 Starting Training from 2014-12-17 to 2015-01-01
2015-06-20 17:36:01,651 Starting Live from 2015-01-02 to 2015-02-01
2015-06-20 18:00:26,111 Starting Training from 2015-01-17 to 2015-02-01
2015-06-20 18:01:57,960 Starting Live from 2015-02-02 to 2015-03-04
2015-06-20 18:25:55,796 Starting Training from 2015-02-17 to 2015-03-04
2015-06-20 18:27:40,012 Starting Live from 2015-03-05 to 2015-04-04
2015-06-20 18:57:10,308 Starting Training from 2015-03-20 to 2015-04-04
2015-06-20 18:58:18,249 Starting Live from 2015-04-05 to 2015-04-10
2015-06-20 19:06:05,352 Starting Q Learning for : 
2015-06-20 19:06:05,354 alpha = 0.4
2015-06-20 19:06:05,354 gamma = 0.4
2015-06-20 19:06:05,354 individual factor = 8
2015-06-20 19:06:05,354 zero range = 0.002
2015-06-20 19:06:05,354 greedy level = 5
2015-06-20 19:06:05,354 

2015-06-20 19:06:09,959 Starting Training from 2014-12-17 to 2015-01-01
2015-06-20 19:17:33,111 Starting Live from 2015-01-02 to 2015-02-01
2015-06-20 19:41:34,793 Starting Training from 2015-01-17 to 2015-02-01
2015-06-20 19:43:02,920 Starting Live from 2015-02-02 to 2015-03-04
2015-06-20 20:06:42,323 Starting Training from 2015-02-17 to 2015-03-04
2015-06-20 20:08:37,494 Starting Live from 2015-03-05 to 2015-04-04
2015-06-20 20:35:05,447 Starting Training from 2015-03-20 to 2015-04-04
2015-06-20 20:36:16,096 Starting Live from 2015-04-05 to 2015-04-10
2015-06-20 20:44:14,484 Starting Q Learning for : 
2015-06-20 20:44:14,484 alpha = 0.6
2015-06-20 20:44:14,484 gamma = 0.3
2015-06-20 20:44:14,484 individual factor = 8
2015-06-20 20:44:14,484 zero range = 0.002
2015-06-20 20:44:14,484 greedy level = 5
2015-06-20 20:44:14,484 

2015-06-20 20:44:20,203 Starting Training from 2014-12-17 to 2015-01-01
2015-06-20 20:54:52,052 Starting Live from 2015-01-02 to 2015-02-01
2015-06-20 21:19:03,750 Starting Training from 2015-01-17 to 2015-02-01
2015-06-20 21:20:38,999 Starting Live from 2015-02-02 to 2015-03-04
2015-06-20 21:44:41,076 Starting Training from 2015-02-17 to 2015-03-04
2015-06-20 21:46:34,674 Starting Live from 2015-03-05 to 2015-04-04
2015-06-20 22:14:09,811 Starting Training from 2015-03-20 to 2015-04-04
2015-06-20 22:15:29,045 Starting Live from 2015-04-05 to 2015-04-10
2015-06-20 22:23:31,773 Starting Q Learning for : 
2015-06-20 22:23:31,773 alpha = 0.6
2015-06-20 22:23:31,773 gamma = 0.4
2015-06-20 22:23:31,773 individual factor = 8
2015-06-20 22:23:31,773 zero range = 0.002
2015-06-20 22:23:31,773 greedy level = 5
2015-06-20 22:23:31,773 

2015-06-20 22:23:36,157 Starting Training from 2014-12-17 to 2015-01-01
2015-06-20 22:35:06,648 Starting Live from 2015-01-02 to 2015-02-01
2015-06-20 22:59:43,009 Starting Training from 2015-01-17 to 2015-02-01
2015-06-20 23:01:17,315 Starting Live from 2015-02-02 to 2015-03-04
2015-06-20 23:26:09,720 Starting Training from 2015-02-17 to 2015-03-04
2015-06-20 23:27:43,869 Starting Live from 2015-03-05 to 2015-04-04
2015-06-21 00:00:25,585 Starting Training from 2015-03-20 to 2015-04-04
2015-06-21 00:01:54,869 Starting Live from 2015-04-05 to 2015-04-10
2015-06-21 00:10:57,273 Starting Q Learning for : 
2015-06-21 00:10:57,273 alpha = 0.6
2015-06-21 00:10:57,273 gamma = 0.5
2015-06-21 00:10:57,275 individual factor = 8
2015-06-21 00:10:57,275 zero range = 0.002
2015-06-21 00:10:57,275 greedy level = 5
2015-06-21 00:10:57,275 

2015-06-21 00:11:03,677 Starting Training from 2014-12-17 to 2015-01-01
2015-06-21 00:25:56,726 Starting Live from 2015-01-02 to 2015-02-01
2015-06-21 00:57:28,479 Starting Training from 2015-01-17 to 2015-02-01
2015-06-21 00:59:19,138 Starting Live from 2015-02-02 to 2015-03-04
2015-06-21 01:26:30,342 Starting Training from 2015-02-17 to 2015-03-04
2015-06-21 01:29:19,026 Starting Live from 2015-03-05 to 2015-04-04
2015-06-21 01:59:52,796 Starting Training from 2015-03-20 to 2015-04-04
2015-06-21 02:01:13,746 Starting Live from 2015-04-05 to 2015-04-10
2015-06-21 02:09:25,325 Starting Q Learning for : 
2015-06-21 02:09:25,325 alpha = 0.8
2015-06-21 02:09:25,325 gamma = 0.7
2015-06-21 02:09:25,325 individual factor = 8
2015-06-21 02:09:25,325 zero range = 0.002
2015-06-21 02:09:25,325 greedy level = 5
2015-06-21 02:09:25,325 

2015-06-21 02:09:31,358 Starting Training from 2014-12-17 to 2015-01-01
2015-06-21 02:22:35,135 Starting Live from 2015-01-02 to 2015-02-01
2015-06-21 02:46:27,848 Starting Training from 2015-01-17 to 2015-02-01
2015-06-21 02:48:07,470 Starting Live from 2015-02-02 to 2015-03-04
2015-06-21 03:06:26,265 Starting Training from 2015-02-17 to 2015-03-04
2015-06-21 03:10:44,802 Starting Live from 2015-03-05 to 2015-04-04
2015-06-21 03:32:44,332 Starting Training from 2015-03-20 to 2015-04-04
2015-06-21 03:35:43,137 Starting Live from 2015-04-05 to 2015-04-10
2015-06-21 03:42:53,155 Starting Q Learning for : 
2015-06-21 03:42:53,155 alpha = 0.8
2015-06-21 03:42:53,155 gamma = 0.8
2015-06-21 03:42:53,155 individual factor = 8
2015-06-21 03:42:53,155 zero range = 0.002
2015-06-21 03:42:53,155 greedy level = 5
2015-06-21 03:42:53,155 

2015-06-21 03:42:59,302 Starting Training from 2014-12-17 to 2015-01-01
2015-06-21 03:55:25,003 Starting Live from 2015-01-02 to 2015-02-01
2015-06-21 04:17:00,075 Starting Training from 2015-01-17 to 2015-02-01
2015-06-21 04:18:36,344 Starting Live from 2015-02-02 to 2015-03-04
2015-06-21 04:31:22,181 Starting Training from 2015-02-17 to 2015-03-04
2015-06-21 04:37:20,164 Starting Live from 2015-03-05 to 2015-04-04
2015-06-21 04:54:55,165 Starting Training from 2015-03-20 to 2015-04-04
2015-06-21 04:58:07,690 Starting Live from 2015-04-05 to 2015-04-10
