2015-06-20 02:11:42,411 Starting Q Learning for : 
2015-06-20 02:11:42,411 alpha = 0.5
2015-06-20 02:11:42,411 gamma = 0.1
2015-06-20 02:11:42,413 individual factor = 8
2015-06-20 02:11:42,413 zero range = 0.002
2015-06-20 02:11:42,413 greedy level = 5
2015-06-20 02:11:42,413 

2015-06-20 02:11:52,022 Starting Training from 2014-12-17 to 2015-01-01
2015-06-20 02:23:28,153 Starting Live from 2015-01-02 to 2015-02-01
2015-06-20 02:51:31,289 Starting Training from 2015-01-17 to 2015-02-01
2015-06-20 02:52:51,305 Starting Live from 2015-02-02 to 2015-03-04
2015-06-20 03:19:02,418 Starting Training from 2015-02-17 to 2015-03-04
2015-06-20 03:21:01,829 Starting Live from 2015-03-05 to 2015-04-04
2015-06-20 03:54:23,688 Starting Training from 2015-03-20 to 2015-04-04
2015-06-20 03:56:15,032 Starting Live from 2015-04-05 to 2015-04-10
2015-06-20 04:03:29,473 Starting Q Learning for : 
2015-06-20 04:03:29,473 alpha = 0.5
2015-06-20 04:03:29,473 gamma = 0.3
2015-06-20 04:03:29,473 individual factor = 8
2015-06-20 04:03:29,474 zero range = 0.002
2015-06-20 04:03:29,474 greedy level = 5
2015-06-20 04:03:29,474 

2015-06-20 04:03:35,263 Starting Training from 2014-12-17 to 2015-01-01
2015-06-20 04:15:54,164 Starting Live from 2015-01-02 to 2015-02-01
2015-06-20 04:43:36,506 Starting Training from 2015-01-17 to 2015-02-01
2015-06-20 04:44:56,528 Starting Live from 2015-02-02 to 2015-03-04
2015-06-20 05:11:32,069 Starting Training from 2015-02-17 to 2015-03-04
2015-06-20 05:13:37,138 Starting Live from 2015-03-05 to 2015-04-04
2015-06-20 05:45:50,653 Starting Training from 2015-03-20 to 2015-04-04
2015-06-20 05:47:49,121 Starting Live from 2015-04-05 to 2015-04-10
2015-06-20 05:55:01,388 Starting Q Learning for : 
2015-06-20 05:55:01,388 alpha = 0.5
2015-06-20 05:55:01,388 gamma = 0.5
2015-06-20 05:55:01,388 individual factor = 8
2015-06-20 05:55:01,388 zero range = 0.002
2015-06-20 05:55:01,388 greedy level = 5
2015-06-20 05:55:01,388 

2015-06-20 05:55:07,223 Starting Training from 2014-12-17 to 2015-01-01
2015-06-20 06:07:26,286 Starting Live from 2015-01-02 to 2015-02-01
2015-06-20 06:35:31,591 Starting Training from 2015-01-17 to 2015-02-01
2015-06-20 06:36:55,155 Starting Live from 2015-02-02 to 2015-03-04
2015-06-20 07:06:21,513 Starting Training from 2015-02-17 to 2015-03-04
2015-06-20 07:08:23,417 Starting Live from 2015-03-05 to 2015-04-04
2015-06-20 07:41:32,221 Starting Training from 2015-03-20 to 2015-04-04
2015-06-20 07:43:25,470 Starting Live from 2015-04-05 to 2015-04-10
2015-06-20 07:51:35,989 Starting Q Learning for : 
2015-06-20 07:51:35,989 alpha = 0.5
2015-06-20 07:51:35,989 gamma = 0.8
2015-06-20 07:51:35,990 individual factor = 8
2015-06-20 07:51:35,990 zero range = 0.002
2015-06-20 07:51:35,990 greedy level = 5
2015-06-20 07:51:35,990 

2015-06-20 07:51:40,878 Starting Training from 2014-12-17 to 2015-01-01
2015-06-20 08:03:09,661 Starting Live from 2015-01-02 to 2015-02-01
2015-06-20 08:25:05,198 Starting Training from 2015-01-17 to 2015-02-01
2015-06-20 08:26:38,635 Starting Live from 2015-02-02 to 2015-03-04
2015-06-20 08:36:40,786 Starting Training from 2015-02-17 to 2015-03-04
2015-06-20 08:43:46,232 Starting Live from 2015-03-05 to 2015-04-04
2015-06-20 09:04:02,099 Starting Training from 2015-03-20 to 2015-04-04
2015-06-20 09:06:20,663 Starting Live from 2015-04-05 to 2015-04-10
