2015-06-30 14:53:54,212 Starting mtm calculation
2015-06-30 14:53:54,212 Calculating mtm for 2014-12-01
2015-06-30 14:53:55,205 Calculating mtm for 2014-12-02
2015-06-30 14:53:55,940 Calculating mtm for 2014-12-03
2015-06-30 14:53:57,357 Calculating mtm for 2014-12-04
2015-06-30 14:53:59,751 Calculating mtm for 2014-12-05
2015-06-30 14:54:00,043 Calculating mtm for 2014-12-06
2015-06-30 14:54:00,045 Calculating mtm for 2014-12-07
2015-06-30 14:54:00,048 Calculating mtm for 2014-12-08
2015-06-30 14:54:01,045 Calculating mtm for 2014-12-09
2015-06-30 14:54:02,038 Calculating mtm for 2014-12-10
2015-06-30 14:54:02,798 Calculating mtm for 2014-12-11
2015-06-30 14:54:06,424 Calculating mtm for 2014-12-12
2015-06-30 14:54:09,342 Calculating mtm for 2014-12-13
2015-06-30 14:54:09,346 Calculating mtm for 2014-12-14
2015-06-30 14:54:09,350 Calculating mtm for 2014-12-15
2015-06-30 14:54:10,785 Calculating mtm for 2014-12-16
2015-06-30 14:54:13,312 Calculating mtm for 2014-12-17
2015-06-30 14:54:15,531 Calculating mtm for 2014-12-18
2015-06-30 14:54:18,245 Calculating mtm for 2014-12-19
2015-06-30 14:54:19,551 Calculating mtm for 2014-12-20
2015-06-30 14:54:19,553 Calculating mtm for 2014-12-21
2015-06-30 14:54:19,556 Calculating mtm for 2014-12-22
2015-06-30 14:54:20,060 Calculating mtm for 2014-12-23
2015-06-30 14:54:22,637 Calculating mtm for 2014-12-24
2015-06-30 14:54:23,121 Calculating mtm for 2014-12-25
2015-06-30 14:54:23,123 Calculating mtm for 2014-12-26
2015-06-30 14:54:24,830 Calculating mtm for 2014-12-27
2015-06-30 14:54:24,834 Calculating mtm for 2014-12-28
2015-06-30 14:54:24,837 Calculating mtm for 2014-12-29
2015-06-30 14:54:26,390 Calculating mtm for 2014-12-30
2015-06-30 14:54:26,957 Calculating mtm for 2014-12-31
2015-06-30 14:54:27,910 Calculating mtm for 2015-01-01
2015-06-30 14:54:29,035 Calculating mtm for 2015-01-02
2015-06-30 14:54:31,578 Calculating mtm for 2015-01-03
2015-06-30 14:54:31,582 Calculating mtm for 2015-01-04
2015-06-30 14:54:31,586 Calculating mtm for 2015-01-05
2015-06-30 14:54:33,797 Calculating mtm for 2015-01-06
2015-06-30 14:54:36,614 Calculating mtm for 2015-01-07
2015-06-30 14:54:37,995 Calculating mtm for 2015-01-08
2015-06-30 14:54:40,176 Calculating mtm for 2015-01-09
2015-06-30 14:54:43,980 Calculating mtm for 2015-01-10
2015-06-30 14:54:43,981 Calculating mtm for 2015-01-11
2015-06-30 14:54:43,983 Calculating mtm for 2015-01-12
2015-06-30 14:54:44,772 Calculating mtm for 2015-01-13
2015-06-30 14:54:46,156 Calculating mtm for 2015-01-14
2015-06-30 14:54:47,578 Calculating mtm for 2015-01-15
2015-06-30 14:54:48,894 Calculating mtm for 2015-01-16
2015-06-30 14:54:50,195 Calculating mtm for 2015-01-17
2015-06-30 14:54:50,197 Calculating mtm for 2015-01-18
2015-06-30 14:54:50,200 Calculating mtm for 2015-01-19
2015-06-30 14:54:51,612 Calculating mtm for 2015-01-20
2015-06-30 14:54:54,245 Calculating mtm for 2015-01-21
2015-06-30 14:54:55,383 Calculating mtm for 2015-01-22
2015-06-30 14:54:56,225 Calculating mtm for 2015-01-23
2015-06-30 14:54:57,793 Calculating mtm for 2015-01-24
2015-06-30 14:54:57,796 Calculating mtm for 2015-01-25
2015-06-30 14:54:57,798 Calculating mtm for 2015-01-26
2015-06-30 14:54:57,801 Calculating mtm for 2015-01-27
2015-06-30 14:54:59,370 Calculating mtm for 2015-01-28
2015-06-30 14:55:01,096 Calculating mtm for 2015-01-29
2015-06-30 14:55:01,588 Calculating mtm for 2015-01-30
2015-06-30 14:55:04,778 Calculating mtm for 2015-01-31
2015-06-30 14:55:04,781 Calculating mtm for 2015-02-01
2015-06-30 14:55:04,783 Calculating mtm for 2015-02-02
2015-06-30 14:55:06,469 Calculating mtm for 2015-02-03
2015-06-30 14:55:09,363 Calculating mtm for 2015-02-04
2015-06-30 14:55:10,362 Calculating mtm for 2015-02-05
2015-06-30 14:55:11,089 Calculating mtm for 2015-02-06
2015-06-30 14:55:12,953 Calculating mtm for 2015-02-07
2015-06-30 14:55:12,957 Calculating mtm for 2015-02-08
2015-06-30 14:55:12,961 Calculating mtm for 2015-02-09
2015-06-30 14:55:14,477 Calculating mtm for 2015-02-10
2015-06-30 14:55:15,686 Updating ranks for walkforward - 1
2015-06-30 14:55:34,583 Updating ranks for walkforward - 2
2015-06-30 14:55:52,582 Updating ranks for walkforward - 3
2015-06-30 14:56:11,226 Done Ranking. Calling processes now.
2015-06-30 14:56:11,227 Starting Q Learning for : 
2015-06-30 14:56:11,227 alpha = 0.5
2015-06-30 14:56:11,227 gamma = 0.1
2015-06-30 14:56:11,228 individual factor = 10
2015-06-30 14:56:11,227 Starting Q Learning for : 
2015-06-30 14:56:11,227 Starting Q Learning for : 
2015-06-30 14:56:11,228 zero range = 0.002
2015-06-30 14:56:11,228 greedy level = 5
2015-06-30 14:56:11,228 alpha = 0.4
2015-06-30 14:56:11,228 alpha = 0.6
2015-06-30 14:56:11,228 

2015-06-30 14:56:11,228 gamma = 0.3
2015-06-30 14:56:11,228 gamma = 0.5
2015-06-30 14:56:11,228 individual factor = 10
2015-06-30 14:56:11,228 individual factor = 10
2015-06-30 14:56:11,228 zero range = 0.002
2015-06-30 14:56:11,228 zero range = 0.002
2015-06-30 14:56:11,228 greedy level = 5
2015-06-30 14:56:11,228 greedy level = 5
2015-06-30 14:56:11,229 

2015-06-30 14:56:11,229 

2015-06-30 14:56:14,718 Starting Training from 2015-01-01 to 2015-01-31
2015-06-30 14:56:14,719 Starting Training from 2015-01-01 to 2015-01-31
2015-06-30 14:56:14,719 Starting Training from 2015-01-01 to 2015-01-31
2015-06-30 15:16:37,129 Starting Live from 2015-02-01 to 2015-03-03
2015-06-30 15:16:37,293 Starting Live from 2015-02-01 to 2015-03-03
2015-06-30 15:16:38,764 Starting Live from 2015-02-01 to 2015-03-03
2015-06-30 15:33:35,254 Starting Training from 2015-02-01 to 2015-03-03
2015-06-30 15:33:35,256 Starting Training from 2015-02-01 to 2015-03-03
2015-06-30 15:33:35,263 Starting Training from 2015-02-01 to 2015-03-03
2015-06-30 15:35:26,606 Starting Live from 2015-03-04 to 2015-04-03
2015-06-30 15:35:27,872 Starting Live from 2015-03-04 to 2015-04-03
2015-06-30 15:35:28,206 Starting Live from 2015-03-04 to 2015-04-03
2015-06-30 15:54:28,118 Starting Training from 2015-03-04 to 2015-04-03
2015-06-30 15:54:35,487 Starting Training from 2015-03-04 to 2015-04-03
2015-06-30 15:54:41,559 Starting Training from 2015-03-04 to 2015-04-03
2015-06-30 15:55:53,617 Starting Live from 2015-04-04 to 2015-04-10
2015-06-30 15:56:01,410 Starting Live from 2015-04-04 to 2015-04-10
2015-06-30 15:56:06,505 Starting Live from 2015-04-04 to 2015-04-10
2015-06-30 16:00:14,503 Starting Q Learning for : 
2015-06-30 16:00:14,503 alpha = 0.6
2015-06-30 16:00:14,503 gamma = 0.6
2015-06-30 16:00:14,503 individual factor = 10
2015-06-30 16:00:14,503 zero range = 0.002
2015-06-30 16:00:14,503 greedy level = 5
2015-06-30 16:00:14,503 

2015-06-30 16:00:16,704 Starting Training from 2015-01-01 to 2015-01-31
2015-06-30 16:00:27,623 Starting Q Learning for : 
2015-06-30 16:00:27,623 alpha = 0.5
2015-06-30 16:00:27,623 gamma = 0.2
2015-06-30 16:00:27,623 individual factor = 10
2015-06-30 16:00:27,623 zero range = 0.002
2015-06-30 16:00:27,623 greedy level = 5
2015-06-30 16:00:27,623 

2015-06-30 16:00:29,442 Starting Training from 2015-01-01 to 2015-01-31
2015-06-30 16:00:29,837 Starting Q Learning for : 
2015-06-30 16:00:29,838 alpha = 0.4
2015-06-30 16:00:29,838 gamma = 0.4
2015-06-30 16:00:29,838 individual factor = 10
2015-06-30 16:00:29,838 zero range = 0.002
2015-06-30 16:00:29,838 greedy level = 5
2015-06-30 16:00:29,838 

2015-06-30 16:00:31,322 Starting Training from 2015-01-01 to 2015-01-31
2015-06-30 16:15:34,456 Starting Live from 2015-02-01 to 2015-03-03
2015-06-30 16:15:49,077 Starting Live from 2015-02-01 to 2015-03-03
2015-06-30 16:15:50,299 Starting Live from 2015-02-01 to 2015-03-03
2015-06-30 16:33:01,697 Starting Training from 2015-02-01 to 2015-03-03
2015-06-30 16:33:13,037 Starting Training from 2015-02-01 to 2015-03-03
2015-06-30 16:33:21,996 Starting Training from 2015-02-01 to 2015-03-03
2015-06-30 16:34:38,589 Starting Live from 2015-03-04 to 2015-04-03
2015-06-30 16:34:48,421 Starting Live from 2015-03-04 to 2015-04-03
2015-06-30 16:34:59,021 Starting Live from 2015-03-04 to 2015-04-03
2015-06-30 16:52:29,198 Starting Training from 2015-03-04 to 2015-04-03
2015-06-30 16:52:29,347 Starting Training from 2015-03-04 to 2015-04-03
2015-06-30 16:52:30,166 Starting Training from 2015-03-04 to 2015-04-03
2015-06-30 16:53:48,830 Starting Live from 2015-04-04 to 2015-04-10
2015-06-30 16:53:50,618 Starting Live from 2015-04-04 to 2015-04-10
2015-06-30 16:53:50,897 Starting Live from 2015-04-04 to 2015-04-10
2015-06-30 16:59:14,509 Starting Q Learning for : 
2015-06-30 16:59:14,509 alpha = 0.6
2015-06-30 16:59:14,509 gamma = 0.7
2015-06-30 16:59:14,509 individual factor = 10
2015-06-30 16:59:14,509 zero range = 0.002
2015-06-30 16:59:14,509 greedy level = 5
2015-06-30 16:59:14,509 

2015-06-30 16:59:17,365 Starting Training from 2015-01-01 to 2015-01-31
2015-06-30 16:59:21,781 Starting Q Learning for : 
2015-06-30 16:59:21,781 alpha = 0.5
2015-06-30 16:59:21,781 gamma = 0.3
2015-06-30 16:59:21,781 individual factor = 10
2015-06-30 16:59:21,781 zero range = 0.002
2015-06-30 16:59:21,781 greedy level = 5
2015-06-30 16:59:21,782 

2015-06-30 16:59:23,055 Starting Q Learning for : 
2015-06-30 16:59:23,055 alpha = 0.4
2015-06-30 16:59:23,055 gamma = 0.5
2015-06-30 16:59:23,056 individual factor = 10
2015-06-30 16:59:23,056 zero range = 0.002
2015-06-30 16:59:23,056 greedy level = 5
2015-06-30 16:59:23,056 

2015-06-30 16:59:24,784 Starting Training from 2015-01-01 to 2015-01-31
2015-06-30 16:59:25,700 Starting Training from 2015-01-01 to 2015-01-31
2015-06-30 17:12:46,242 Starting Live from 2015-02-01 to 2015-03-03
2015-06-30 17:12:52,731 Starting Live from 2015-02-01 to 2015-03-03
2015-06-30 17:12:54,328 Starting Live from 2015-02-01 to 2015-03-03
2015-06-30 17:30:19,685 Starting Training from 2015-02-01 to 2015-03-03
2015-06-30 17:30:26,687 Starting Training from 2015-02-01 to 2015-03-03
2015-06-30 17:30:37,743 Starting Training from 2015-02-01 to 2015-03-03
2015-06-30 17:33:00,530 Starting Live from 2015-03-04 to 2015-04-03
2015-06-30 17:33:13,291 Starting Live from 2015-03-04 to 2015-04-03
2015-06-30 17:33:36,111 Starting Live from 2015-03-04 to 2015-04-03
2015-06-30 17:50:25,963 Starting Training from 2015-03-04 to 2015-04-03
2015-06-30 17:50:49,173 Starting Training from 2015-03-04 to 2015-04-03
2015-06-30 17:50:51,681 Starting Training from 2015-03-04 to 2015-04-03
2015-06-30 17:52:49,474 Starting Live from 2015-04-04 to 2015-04-10
2015-06-30 17:52:58,727 Starting Live from 2015-04-04 to 2015-04-10
2015-06-30 17:53:00,306 Starting Live from 2015-04-04 to 2015-04-10
2015-06-30 17:57:02,387 Starting Q Learning for : 
2015-06-30 17:57:02,387 alpha = 0.5
2015-06-30 17:57:02,387 gamma = 0.4
2015-06-30 17:57:02,387 individual factor = 10
2015-06-30 17:57:02,387 zero range = 0.002
2015-06-30 17:57:02,387 greedy level = 5
2015-06-30 17:57:02,387 

2015-06-30 17:57:03,721 Starting Training from 2015-01-01 to 2015-01-31
2015-06-30 17:57:14,007 Starting Q Learning for : 
2015-06-30 17:57:14,007 alpha = 0.4
2015-06-30 17:57:14,007 gamma = 0.6
2015-06-30 17:57:14,007 individual factor = 10
2015-06-30 17:57:14,007 zero range = 0.002
2015-06-30 17:57:14,007 greedy level = 5
2015-06-30 17:57:14,007 

2015-06-30 17:57:14,054 Starting Q Learning for : 
2015-06-30 17:57:14,054 alpha = 0.6
2015-06-30 17:57:14,054 gamma = 0.8
2015-06-30 17:57:14,054 individual factor = 10
2015-06-30 17:57:14,054 zero range = 0.002
2015-06-30 17:57:14,054 greedy level = 5
2015-06-30 17:57:14,054 

2015-06-30 17:57:15,768 Starting Training from 2015-01-01 to 2015-01-31
2015-06-30 17:57:15,769 Starting Training from 2015-01-01 to 2015-01-31
2015-06-30 18:11:52,307 Starting Live from 2015-02-01 to 2015-03-03
2015-06-30 18:12:06,577 Starting Live from 2015-02-01 to 2015-03-03
2015-06-30 18:12:15,615 Starting Live from 2015-02-01 to 2015-03-03
2015-06-30 18:29:16,781 Starting Training from 2015-02-01 to 2015-03-03
2015-06-30 18:29:19,565 Starting Training from 2015-02-01 to 2015-03-03
2015-06-30 18:29:43,611 Starting Training from 2015-02-01 to 2015-03-03
2015-06-30 18:30:34,551 Starting Live from 2015-03-04 to 2015-04-03
2015-06-30 18:30:37,735 Starting Live from 2015-03-04 to 2015-04-03
2015-06-30 18:31:02,328 Starting Live from 2015-03-04 to 2015-04-03
2015-06-30 18:47:24,849 Starting Training from 2015-03-04 to 2015-04-03
2015-06-30 18:47:46,393 Starting Training from 2015-03-04 to 2015-04-03
2015-06-30 18:47:54,451 Starting Training from 2015-03-04 to 2015-04-03
2015-06-30 18:48:57,027 Starting Live from 2015-04-04 to 2015-04-10
2015-06-30 18:49:15,454 Starting Live from 2015-04-04 to 2015-04-10
2015-06-30 18:49:24,248 Starting Live from 2015-04-04 to 2015-04-10
2015-06-30 18:52:56,944 Starting Q Learning for : 
2015-06-30 18:52:56,944 alpha = 0.4
2015-06-30 18:52:56,944 gamma = 0.7
2015-06-30 18:52:56,944 individual factor = 10
2015-06-30 18:52:56,944 zero range = 0.002
2015-06-30 18:52:56,944 greedy level = 5
2015-06-30 18:52:56,944 

2015-06-30 18:52:58,363 Starting Training from 2015-01-01 to 2015-01-31
2015-06-30 18:53:22,893 Starting Q Learning for : 
2015-06-30 18:53:22,894 alpha = 0.5
2015-06-30 18:53:22,894 gamma = 0.5
2015-06-30 18:53:22,894 individual factor = 10
2015-06-30 18:53:22,894 zero range = 0.002
2015-06-30 18:53:22,894 greedy level = 5
2015-06-30 18:53:22,894 

2015-06-30 18:53:24,746 Starting Training from 2015-01-01 to 2015-01-31
2015-06-30 18:53:29,691 Starting Q Learning for : 
2015-06-30 18:53:29,691 alpha = 0.2
2015-06-30 18:53:29,691 gamma = 0.1
2015-06-30 18:53:29,692 individual factor = 10
2015-06-30 18:53:29,692 zero range = 0.002
2015-06-30 18:53:29,692 greedy level = 5
2015-06-30 18:53:29,692 

2015-06-30 18:53:31,192 Starting Training from 2015-01-01 to 2015-01-31
2015-06-30 19:07:13,537 Starting Live from 2015-02-01 to 2015-03-03
2015-06-30 19:07:42,815 Starting Live from 2015-02-01 to 2015-03-03
2015-06-30 19:07:45,502 Starting Live from 2015-02-01 to 2015-03-03
2015-06-30 19:24:01,931 Starting Training from 2015-02-01 to 2015-03-03
2015-06-30 19:24:22,849 Starting Training from 2015-02-01 to 2015-03-03
2015-06-30 19:24:25,731 Starting Training from 2015-02-01 to 2015-03-03
2015-06-30 19:25:20,732 Starting Live from 2015-03-04 to 2015-04-03
2015-06-30 19:25:41,721 Starting Live from 2015-03-04 to 2015-04-03
2015-06-30 19:25:44,290 Starting Live from 2015-03-04 to 2015-04-03
2015-06-30 19:41:39,645 Starting Training from 2015-03-04 to 2015-04-03
2015-06-30 19:41:57,628 Starting Training from 2015-03-04 to 2015-04-03
2015-06-30 19:42:04,833 Starting Training from 2015-03-04 to 2015-04-03
2015-06-30 19:42:55,509 Starting Live from 2015-04-04 to 2015-04-10
2015-06-30 19:43:13,174 Starting Live from 2015-04-04 to 2015-04-10
2015-06-30 19:43:21,681 Starting Live from 2015-04-04 to 2015-04-10
2015-06-30 19:47:14,177 Starting Q Learning for : 
2015-06-30 19:47:14,177 alpha = 0.4
2015-06-30 19:47:14,177 gamma = 0.8
2015-06-30 19:47:14,177 individual factor = 10
2015-06-30 19:47:14,178 zero range = 0.002
2015-06-30 19:47:14,178 greedy level = 5
2015-06-30 19:47:14,178 

2015-06-30 19:47:15,553 Starting Training from 2015-01-01 to 2015-01-31
2015-06-30 19:47:32,508 Starting Q Learning for : 
2015-06-30 19:47:32,508 alpha = 0.5
2015-06-30 19:47:32,509 gamma = 0.6
2015-06-30 19:47:32,509 individual factor = 10
2015-06-30 19:47:32,509 zero range = 0.002
2015-06-30 19:47:32,509 greedy level = 5
2015-06-30 19:47:32,509 

2015-06-30 19:47:34,742 Starting Training from 2015-01-01 to 2015-01-31
2015-06-30 19:47:44,046 Starting Q Learning for : 
2015-06-30 19:47:44,046 alpha = 0.2
2015-06-30 19:47:44,046 gamma = 0.2
2015-06-30 19:47:44,046 individual factor = 10
2015-06-30 19:47:44,046 zero range = 0.002
2015-06-30 19:47:44,046 greedy level = 5
2015-06-30 19:47:44,046 

2015-06-30 19:47:46,168 Starting Training from 2015-01-01 to 2015-01-31
2015-06-30 20:01:06,686 Starting Live from 2015-02-01 to 2015-03-03
2015-06-30 20:01:13,727 Starting Live from 2015-02-01 to 2015-03-03
2015-06-30 20:01:24,112 Starting Live from 2015-02-01 to 2015-03-03
2015-06-30 20:17:44,938 Starting Training from 2015-02-01 to 2015-03-03
2015-06-30 20:17:50,017 Starting Training from 2015-02-01 to 2015-03-03
2015-06-30 20:17:53,860 Starting Training from 2015-02-01 to 2015-03-03
2015-06-30 20:19:01,366 Starting Live from 2015-03-04 to 2015-04-03
2015-06-30 20:19:08,683 Starting Live from 2015-03-04 to 2015-04-03
2015-06-30 20:19:09,787 Starting Live from 2015-03-04 to 2015-04-03
2015-06-30 20:36:51,580 Starting Training from 2015-03-04 to 2015-04-03
2015-06-30 20:37:00,077 Starting Training from 2015-03-04 to 2015-04-03
2015-06-30 20:37:07,873 Starting Training from 2015-03-04 to 2015-04-03
2015-06-30 20:38:26,698 Starting Live from 2015-04-04 to 2015-04-10
2015-06-30 20:38:33,508 Starting Live from 2015-04-04 to 2015-04-10
2015-06-30 20:38:38,016 Starting Live from 2015-04-04 to 2015-04-10
2015-06-30 20:44:25,962 Starting Q Learning for : 
2015-06-30 20:44:25,962 alpha = 0.2
2015-06-30 20:44:25,962 gamma = 0.3
2015-06-30 20:44:25,962 individual factor = 10
2015-06-30 20:44:25,962 zero range = 0.002
2015-06-30 20:44:25,962 greedy level = 5
2015-06-30 20:44:25,962 

2015-06-30 20:44:27,674 Starting Training from 2015-01-01 to 2015-01-31
2015-06-30 20:44:32,782 Starting Q Learning for : 
2015-06-30 20:44:32,782 alpha = 0.5
2015-06-30 20:44:32,782 gamma = 0.7
2015-06-30 20:44:32,782 individual factor = 10
2015-06-30 20:44:32,782 zero range = 0.002
2015-06-30 20:44:32,782 greedy level = 5
2015-06-30 20:44:32,782 

2015-06-30 20:44:34,565 Starting Training from 2015-01-01 to 2015-01-31
2015-06-30 20:44:37,818 Starting Q Learning for : 
2015-06-30 20:44:37,818 alpha = 0.6
2015-06-30 20:44:37,818 gamma = 0.1
2015-06-30 20:44:37,818 individual factor = 10
2015-06-30 20:44:37,818 zero range = 0.002
2015-06-30 20:44:37,818 greedy level = 5
2015-06-30 20:44:37,818 

2015-06-30 20:44:40,294 Starting Training from 2015-01-01 to 2015-01-31
2015-06-30 20:57:11,022 Starting Live from 2015-02-01 to 2015-03-03
2015-06-30 20:57:23,482 Starting Live from 2015-02-01 to 2015-03-03
2015-06-30 20:57:29,727 Starting Live from 2015-02-01 to 2015-03-03
2015-06-30 21:13:46,900 Starting Training from 2015-02-01 to 2015-03-03
2015-06-30 21:14:08,707 Starting Training from 2015-02-01 to 2015-03-03
2015-06-30 21:14:16,778 Starting Training from 2015-02-01 to 2015-03-03
2015-06-30 21:17:05,812 Starting Live from 2015-03-04 to 2015-04-03
2015-06-30 21:17:36,369 Starting Live from 2015-03-04 to 2015-04-03
2015-06-30 21:17:45,025 Starting Live from 2015-03-04 to 2015-04-03
2015-06-30 21:33:13,983 Starting Training from 2015-03-04 to 2015-04-03
2015-06-30 21:33:23,898 Starting Training from 2015-03-04 to 2015-04-03
2015-06-30 21:33:57,714 Starting Training from 2015-03-04 to 2015-04-03
2015-06-30 21:35:38,713 Starting Live from 2015-04-04 to 2015-04-10
2015-06-30 21:35:42,824 Starting Live from 2015-04-04 to 2015-04-10
2015-06-30 21:35:54,348 Starting Live from 2015-04-04 to 2015-04-10
2015-06-30 21:39:46,984 Starting Q Learning for : 
2015-06-30 21:39:46,984 alpha = 0.2
2015-06-30 21:39:46,984 gamma = 0.4
2015-06-30 21:39:46,984 individual factor = 10
2015-06-30 21:39:46,984 zero range = 0.002
2015-06-30 21:39:46,984 greedy level = 5
2015-06-30 21:39:46,984 

2015-06-30 21:39:47,647 Starting Q Learning for : 
2015-06-30 21:39:47,647 alpha = 0.6
2015-06-30 21:39:47,647 gamma = 0.2
2015-06-30 21:39:47,647 individual factor = 10
2015-06-30 21:39:47,647 zero range = 0.002
2015-06-30 21:39:47,647 greedy level = 5
2015-06-30 21:39:47,647 

2015-06-30 21:39:49,059 Starting Training from 2015-01-01 to 2015-01-31
2015-06-30 21:39:49,810 Starting Training from 2015-01-01 to 2015-01-31
2015-06-30 21:40:02,946 Starting Q Learning for : 
2015-06-30 21:40:02,946 alpha = 0.5
2015-06-30 21:40:02,946 gamma = 0.8
2015-06-30 21:40:02,947 individual factor = 10
2015-06-30 21:40:02,947 zero range = 0.002
2015-06-30 21:40:02,947 greedy level = 5
2015-06-30 21:40:02,947 

2015-06-30 21:40:04,258 Starting Training from 2015-01-01 to 2015-01-31
2015-06-30 21:54:12,624 Starting Live from 2015-02-01 to 2015-03-03
2015-06-30 21:54:23,534 Starting Live from 2015-02-01 to 2015-03-03
2015-06-30 21:54:38,794 Starting Live from 2015-02-01 to 2015-03-03
2015-06-30 22:11:21,940 Starting Training from 2015-02-01 to 2015-03-03
2015-06-30 22:11:30,378 Starting Training from 2015-02-01 to 2015-03-03
2015-06-30 22:11:55,882 Starting Training from 2015-02-01 to 2015-03-03
2015-06-30 22:12:38,288 Starting Live from 2015-03-04 to 2015-04-03
2015-06-30 22:12:47,210 Starting Live from 2015-03-04 to 2015-04-03
2015-06-30 22:13:13,730 Starting Live from 2015-03-04 to 2015-04-03
2015-06-30 22:29:15,139 Starting Training from 2015-03-04 to 2015-04-03
2015-06-30 22:29:28,920 Starting Training from 2015-03-04 to 2015-04-03
2015-06-30 22:30:01,185 Starting Training from 2015-03-04 to 2015-04-03
2015-06-30 22:30:35,441 Starting Live from 2015-04-04 to 2015-04-10
2015-06-30 22:30:45,784 Starting Live from 2015-04-04 to 2015-04-10
2015-06-30 22:31:19,773 Starting Live from 2015-04-04 to 2015-04-10
2015-06-30 22:34:38,640 Starting Q Learning for : 
2015-06-30 22:34:38,640 alpha = 0.2
2015-06-30 22:34:38,640 gamma = 0.5
2015-06-30 22:34:38,640 individual factor = 10
2015-06-30 22:34:38,641 zero range = 0.002
2015-06-30 22:34:38,641 greedy level = 5
2015-06-30 22:34:38,641 

2015-06-30 22:34:40,128 Starting Training from 2015-01-01 to 2015-01-31
2015-06-30 22:34:52,360 Starting Q Learning for : 
2015-06-30 22:34:52,360 alpha = 0.6
2015-06-30 22:34:52,360 gamma = 0.3
2015-06-30 22:34:52,360 individual factor = 10
2015-06-30 22:34:52,360 zero range = 0.002
2015-06-30 22:34:52,360 greedy level = 5
2015-06-30 22:34:52,360 

2015-06-30 22:34:53,495 Starting Training from 2015-01-01 to 2015-01-31
2015-06-30 22:35:25,416 Starting Q Learning for : 
2015-06-30 22:35:25,416 alpha = 0.4
2015-06-30 22:35:25,416 gamma = 0.1
2015-06-30 22:35:25,416 individual factor = 10
2015-06-30 22:35:25,416 zero range = 0.002
2015-06-30 22:35:25,416 greedy level = 5
2015-06-30 22:35:25,416 

2015-06-30 22:35:26,928 Starting Training from 2015-01-01 to 2015-01-31
2015-06-30 22:49:07,958 Starting Live from 2015-02-01 to 2015-03-03
2015-06-30 22:49:19,179 Starting Live from 2015-02-01 to 2015-03-03
2015-06-30 22:49:48,667 Starting Live from 2015-02-01 to 2015-03-03
2015-06-30 23:06:01,978 Starting Training from 2015-02-01 to 2015-03-03
2015-06-30 23:06:16,346 Starting Training from 2015-02-01 to 2015-03-03
2015-06-30 23:06:46,570 Starting Training from 2015-02-01 to 2015-03-03
2015-06-30 23:07:20,278 Starting Live from 2015-03-04 to 2015-04-03
2015-06-30 23:07:32,398 Starting Live from 2015-03-04 to 2015-04-03
2015-06-30 23:08:04,420 Starting Live from 2015-03-04 to 2015-04-03
2015-06-30 23:24:11,281 Starting Training from 2015-03-04 to 2015-04-03
2015-06-30 23:24:18,061 Starting Training from 2015-03-04 to 2015-04-03
2015-06-30 23:24:56,194 Starting Training from 2015-03-04 to 2015-04-03
2015-06-30 23:25:28,953 Starting Live from 2015-04-04 to 2015-04-10
2015-06-30 23:25:34,832 Starting Live from 2015-04-04 to 2015-04-10
2015-06-30 23:26:08,653 Starting Live from 2015-04-04 to 2015-04-10
2015-06-30 23:29:34,798 Starting Q Learning for : 
2015-06-30 23:29:34,798 alpha = 0.2
2015-06-30 23:29:34,798 gamma = 0.6
2015-06-30 23:29:34,798 individual factor = 10
2015-06-30 23:29:34,798 zero range = 0.002
2015-06-30 23:29:34,798 greedy level = 5
2015-06-30 23:29:34,798 

2015-06-30 23:29:36,153 Starting Training from 2015-01-01 to 2015-01-31
2015-06-30 23:29:39,004 Starting Q Learning for : 
2015-06-30 23:29:39,004 alpha = 0.6
2015-06-30 23:29:39,004 gamma = 0.4
2015-06-30 23:29:39,004 individual factor = 10
2015-06-30 23:29:39,004 zero range = 0.002
2015-06-30 23:29:39,004 greedy level = 5
2015-06-30 23:29:39,004 

2015-06-30 23:29:40,439 Starting Training from 2015-01-01 to 2015-01-31
2015-06-30 23:30:09,858 Starting Q Learning for : 
2015-06-30 23:30:09,858 alpha = 0.4
2015-06-30 23:30:09,858 gamma = 0.2
2015-06-30 23:30:09,858 individual factor = 10
2015-06-30 23:30:09,858 zero range = 0.002
2015-06-30 23:30:09,858 greedy level = 5
2015-06-30 23:30:09,858 

2015-06-30 23:30:11,685 Starting Training from 2015-01-01 to 2015-01-31
2015-06-30 23:44:01,794 Starting Live from 2015-02-01 to 2015-03-03
2015-06-30 23:44:09,591 Starting Live from 2015-02-01 to 2015-03-03
2015-06-30 23:44:37,823 Starting Live from 2015-02-01 to 2015-03-03
2015-07-01 00:00:56,362 Starting Training from 2015-02-01 to 2015-03-03
2015-07-01 00:01:09,821 Starting Training from 2015-02-01 to 2015-03-03
2015-07-01 00:01:29,948 Starting Training from 2015-02-01 to 2015-03-03
2015-07-01 00:02:11,776 Starting Live from 2015-03-04 to 2015-04-03
2015-07-01 00:02:27,415 Starting Live from 2015-03-04 to 2015-04-03
2015-07-01 00:02:45,008 Starting Live from 2015-03-04 to 2015-04-03
2015-07-01 00:18:53,984 Starting Training from 2015-03-04 to 2015-04-03
2015-07-01 00:19:20,437 Starting Training from 2015-03-04 to 2015-04-03
2015-07-01 00:19:52,903 Starting Training from 2015-03-04 to 2015-04-03
2015-07-01 00:20:08,520 Starting Live from 2015-04-04 to 2015-04-10
2015-07-01 00:20:35,892 Starting Live from 2015-04-04 to 2015-04-10
2015-07-01 00:21:10,750 Starting Live from 2015-04-04 to 2015-04-10
2015-07-01 00:24:44,132 Starting Q Learning for : 
2015-07-01 00:24:44,132 alpha = 0.2
2015-07-01 00:24:44,132 gamma = 0.7
2015-07-01 00:24:44,133 individual factor = 10
2015-07-01 00:24:44,133 zero range = 0.002
2015-07-01 00:24:44,133 greedy level = 5
2015-07-01 00:24:44,133 

2015-07-01 00:24:46,855 Starting Training from 2015-01-01 to 2015-01-31
2015-07-01 00:25:25,396 Starting Q Learning for : 
2015-07-01 00:25:25,396 alpha = 0.5
2015-07-01 00:25:25,396 gamma = 0.1
2015-07-01 00:25:25,396 individual factor = 10
2015-07-01 00:25:25,396 zero range = 0.006
2015-07-01 00:25:25,396 greedy level = 5
2015-07-01 00:25:25,396 

2015-07-01 00:25:27,547 Starting Training from 2015-01-01 to 2015-01-31
2015-07-01 00:26:41,573 Starting Q Learning for : 
2015-07-01 00:26:41,573 alpha = 0.4
2015-07-01 00:26:41,573 gamma = 0.3
2015-07-01 00:26:41,573 individual factor = 10
2015-07-01 00:26:41,573 zero range = 0.006
2015-07-01 00:26:41,573 greedy level = 5
2015-07-01 00:26:41,573 

2015-07-01 00:26:44,160 Starting Training from 2015-01-01 to 2015-01-31
2015-07-01 00:38:28,100 Starting Live from 2015-02-01 to 2015-03-03
2015-07-01 00:38:46,327 Starting Live from 2015-02-01 to 2015-03-03
2015-07-01 00:39:24,616 Starting Live from 2015-02-01 to 2015-03-03
2015-07-01 00:55:15,677 Starting Training from 2015-02-01 to 2015-03-03
2015-07-01 00:55:30,729 Starting Training from 2015-02-01 to 2015-03-03
2015-07-01 00:56:15,626 Starting Training from 2015-02-01 to 2015-03-03
2015-07-01 00:56:37,704 Starting Live from 2015-03-04 to 2015-04-03
2015-07-01 00:56:54,251 Starting Live from 2015-03-04 to 2015-04-03
2015-07-01 00:57:33,479 Starting Live from 2015-03-04 to 2015-04-03
2015-07-01 01:13:38,603 Starting Training from 2015-03-04 to 2015-04-03
2015-07-01 01:13:53,503 Starting Training from 2015-03-04 to 2015-04-03
2015-07-01 01:14:32,688 Starting Training from 2015-03-04 to 2015-04-03
2015-07-01 01:14:54,153 Starting Live from 2015-04-04 to 2015-04-10
2015-07-01 01:15:08,521 Starting Live from 2015-04-04 to 2015-04-10
2015-07-01 01:16:06,379 Starting Live from 2015-04-04 to 2015-04-10
2015-07-01 01:20:53,220 Starting Q Learning for : 
2015-07-01 01:20:53,220 alpha = 0.2
2015-07-01 01:20:53,220 gamma = 0.8
2015-07-01 01:20:53,221 individual factor = 10
2015-07-01 01:20:53,221 zero range = 0.002
2015-07-01 01:20:53,221 greedy level = 5
2015-07-01 01:20:53,221 

2015-07-01 01:20:54,612 Starting Training from 2015-01-01 to 2015-01-31
2015-07-01 01:21:12,407 Starting Q Learning for : 
2015-07-01 01:21:12,407 alpha = 0.5
2015-07-01 01:21:12,407 gamma = 0.2
2015-07-01 01:21:12,407 individual factor = 10
2015-07-01 01:21:12,407 zero range = 0.006
2015-07-01 01:21:12,407 greedy level = 5
2015-07-01 01:21:12,407 

2015-07-01 01:21:13,503 Starting Training from 2015-01-01 to 2015-01-31
2015-07-01 01:21:52,570 Starting Q Learning for : 
2015-07-01 01:21:52,570 alpha = 0.4
2015-07-01 01:21:52,570 gamma = 0.4
2015-07-01 01:21:52,570 individual factor = 10
2015-07-01 01:21:52,570 zero range = 0.006
2015-07-01 01:21:52,570 greedy level = 5
2015-07-01 01:21:52,570 

2015-07-01 01:21:54,145 Starting Training from 2015-01-01 to 2015-01-31
2015-07-01 01:33:17,109 Starting Live from 2015-02-01 to 2015-03-03
2015-07-01 01:33:35,566 Starting Live from 2015-02-01 to 2015-03-03
2015-07-01 01:35:05,276 Starting Live from 2015-02-01 to 2015-03-03
2015-07-01 01:50:27,704 Starting Training from 2015-02-01 to 2015-03-03
2015-07-01 01:50:29,668 Starting Training from 2015-02-01 to 2015-03-03
2015-07-01 01:51:54,248 Starting Training from 2015-02-01 to 2015-03-03
2015-07-01 01:53:49,933 Starting Live from 2015-03-04 to 2015-04-03
2015-07-01 01:53:53,215 Starting Live from 2015-03-04 to 2015-04-03
2015-07-01 01:54:22,105 Starting Live from 2015-03-04 to 2015-04-03
2015-07-01 02:11:43,813 Starting Training from 2015-03-04 to 2015-04-03
2015-07-01 02:11:48,294 Starting Training from 2015-03-04 to 2015-04-03
2015-07-01 02:12:13,669 Starting Training from 2015-03-04 to 2015-04-03
2015-07-01 02:12:59,235 Starting Live from 2015-04-04 to 2015-04-10
2015-07-01 02:13:02,706 Starting Live from 2015-04-04 to 2015-04-10
2015-07-01 02:13:30,719 Starting Live from 2015-04-04 to 2015-04-10
2015-07-01 02:17:06,033 Starting Q Learning for : 
2015-07-01 02:17:06,033 alpha = 0.5
2015-07-01 02:17:06,033 gamma = 0.3
2015-07-01 02:17:06,033 individual factor = 10
2015-07-01 02:17:06,033 zero range = 0.006
2015-07-01 02:17:06,033 greedy level = 5
2015-07-01 02:17:06,033 

2015-07-01 02:17:07,376 Starting Training from 2015-01-01 to 2015-01-31
2015-07-01 02:17:09,723 Starting Q Learning for : 
2015-07-01 02:17:09,723 alpha = 0.8
2015-07-01 02:17:09,723 gamma = 0.1
2015-07-01 02:17:09,724 individual factor = 10
2015-07-01 02:17:09,724 zero range = 0.002
2015-07-01 02:17:09,724 greedy level = 5
2015-07-01 02:17:09,724 

2015-07-01 02:17:11,651 Starting Training from 2015-01-01 to 2015-01-31
2015-07-01 02:17:37,886 Starting Q Learning for : 
2015-07-01 02:17:37,887 alpha = 0.4
2015-07-01 02:17:37,887 gamma = 0.5
2015-07-01 02:17:37,887 individual factor = 10
2015-07-01 02:17:37,887 zero range = 0.006
2015-07-01 02:17:37,887 greedy level = 5
2015-07-01 02:17:37,887 

2015-07-01 02:17:39,863 Starting Training from 2015-01-01 to 2015-01-31
2015-07-01 02:31:21,554 Starting Live from 2015-02-01 to 2015-03-03
2015-07-01 02:31:26,044 Starting Live from 2015-02-01 to 2015-03-03
2015-07-01 02:31:53,189 Starting Live from 2015-02-01 to 2015-03-03
2015-07-01 02:47:33,974 Starting Training from 2015-02-01 to 2015-03-03
2015-07-01 02:47:38,504 Starting Training from 2015-02-01 to 2015-03-03
2015-07-01 02:47:59,414 Starting Training from 2015-02-01 to 2015-03-03
2015-07-01 02:48:50,462 Starting Live from 2015-03-04 to 2015-04-03
2015-07-01 02:48:54,906 Starting Live from 2015-03-04 to 2015-04-03
2015-07-01 02:49:16,646 Starting Live from 2015-03-04 to 2015-04-03
2015-07-01 03:05:12,721 Starting Training from 2015-03-04 to 2015-04-03
2015-07-01 03:05:19,325 Starting Training from 2015-03-04 to 2015-04-03
2015-07-01 03:05:52,127 Starting Training from 2015-03-04 to 2015-04-03
2015-07-01 03:06:36,154 Starting Live from 2015-04-04 to 2015-04-10
2015-07-01 03:06:41,465 Starting Live from 2015-04-04 to 2015-04-10
2015-07-01 03:07:15,374 Starting Live from 2015-04-04 to 2015-04-10
2015-07-01 03:11:00,594 Starting Q Learning for : 
2015-07-01 03:11:00,594 alpha = 0.5
2015-07-01 03:11:00,594 gamma = 0.4
2015-07-01 03:11:00,594 individual factor = 10
2015-07-01 03:11:00,594 zero range = 0.006
2015-07-01 03:11:00,594 greedy level = 5
2015-07-01 03:11:00,594 

2015-07-01 03:11:02,136 Starting Training from 2015-01-01 to 2015-01-31
2015-07-01 03:11:08,052 Starting Q Learning for : 
2015-07-01 03:11:08,052 alpha = 0.8
2015-07-01 03:11:08,052 gamma = 0.2
2015-07-01 03:11:08,052 individual factor = 10
2015-07-01 03:11:08,052 zero range = 0.002
2015-07-01 03:11:08,052 greedy level = 5
2015-07-01 03:11:08,052 

2015-07-01 03:11:10,875 Starting Training from 2015-01-01 to 2015-01-31
2015-07-01 03:11:49,795 Starting Q Learning for : 
2015-07-01 03:11:49,795 alpha = 0.4
2015-07-01 03:11:49,795 gamma = 0.6
2015-07-01 03:11:49,795 individual factor = 10
2015-07-01 03:11:49,795 zero range = 0.006
2015-07-01 03:11:49,795 greedy level = 5
2015-07-01 03:11:49,796 

2015-07-01 03:11:51,620 Starting Training from 2015-01-01 to 2015-01-31
2015-07-01 03:25:12,581 Starting Live from 2015-02-01 to 2015-03-03
2015-07-01 03:25:16,715 Starting Live from 2015-02-01 to 2015-03-03
2015-07-01 03:25:53,094 Starting Live from 2015-02-01 to 2015-03-03
2015-07-01 03:41:18,629 Starting Training from 2015-02-01 to 2015-03-03
2015-07-01 03:41:22,626 Starting Training from 2015-02-01 to 2015-03-03
2015-07-01 03:42:04,668 Starting Training from 2015-02-01 to 2015-03-03
2015-07-01 03:42:36,641 Starting Live from 2015-03-04 to 2015-04-03
2015-07-01 03:42:40,093 Starting Live from 2015-03-04 to 2015-04-03
2015-07-01 03:43:27,637 Starting Live from 2015-03-04 to 2015-04-03
2015-07-01 03:58:16,703 Starting Training from 2015-03-04 to 2015-04-03
2015-07-01 03:58:25,179 Starting Training from 2015-03-04 to 2015-04-03
2015-07-01 03:59:05,158 Starting Training from 2015-03-04 to 2015-04-03
2015-07-01 03:59:28,803 Starting Live from 2015-04-04 to 2015-04-10
2015-07-01 03:59:37,093 Starting Live from 2015-04-04 to 2015-04-10
2015-07-01 04:00:27,397 Starting Live from 2015-04-04 to 2015-04-10
2015-07-01 04:03:27,332 Starting Q Learning for : 
2015-07-01 04:03:27,332 alpha = 0.8
2015-07-01 04:03:27,332 gamma = 0.3
2015-07-01 04:03:27,332 individual factor = 10
2015-07-01 04:03:27,333 zero range = 0.002
2015-07-01 04:03:27,333 greedy level = 5
2015-07-01 04:03:27,333 

2015-07-01 04:03:28,962 Starting Training from 2015-01-01 to 2015-01-31
2015-07-01 04:03:37,872 Starting Q Learning for : 
2015-07-01 04:03:37,872 alpha = 0.5
2015-07-01 04:03:37,872 gamma = 0.5
2015-07-01 04:03:37,872 individual factor = 10
2015-07-01 04:03:37,872 zero range = 0.006
2015-07-01 04:03:37,872 greedy level = 5
2015-07-01 04:03:37,872 

2015-07-01 04:03:39,341 Starting Training from 2015-01-01 to 2015-01-31
2015-07-01 04:04:27,508 Starting Q Learning for : 
2015-07-01 04:04:27,508 alpha = 0.4
2015-07-01 04:04:27,508 gamma = 0.7
2015-07-01 04:04:27,508 individual factor = 10
2015-07-01 04:04:27,508 zero range = 0.006
2015-07-01 04:04:27,508 greedy level = 5
2015-07-01 04:04:27,509 

2015-07-01 04:04:28,998 Starting Training from 2015-01-01 to 2015-01-31
2015-07-01 04:17:09,036 Starting Live from 2015-02-01 to 2015-03-03
2015-07-01 04:17:23,358 Starting Live from 2015-02-01 to 2015-03-03
2015-07-01 04:18:14,957 Starting Live from 2015-02-01 to 2015-03-03
2015-07-01 04:34:24,249 Starting Training from 2015-02-01 to 2015-03-03
2015-07-01 04:34:42,403 Starting Training from 2015-02-01 to 2015-03-03
2015-07-01 04:35:27,818 Starting Training from 2015-02-01 to 2015-03-03
2015-07-01 04:35:37,278 Starting Live from 2015-03-04 to 2015-04-03
2015-07-01 04:35:52,162 Starting Live from 2015-03-04 to 2015-04-03
2015-07-01 04:36:38,219 Starting Live from 2015-03-04 to 2015-04-03
2015-07-01 04:51:45,980 Starting Training from 2015-03-04 to 2015-04-03
2015-07-01 04:52:06,717 Starting Training from 2015-03-04 to 2015-04-03
2015-07-01 04:52:39,452 Starting Training from 2015-03-04 to 2015-04-03
2015-07-01 04:53:01,501 Starting Live from 2015-04-04 to 2015-04-10
2015-07-01 04:53:21,380 Starting Live from 2015-04-04 to 2015-04-10
2015-07-01 04:53:58,332 Starting Live from 2015-04-04 to 2015-04-10
2015-07-01 04:56:55,740 Starting Q Learning for : 
2015-07-01 04:56:55,740 alpha = 0.8
2015-07-01 04:56:55,740 gamma = 0.4
2015-07-01 04:56:55,740 individual factor = 10
2015-07-01 04:56:55,741 zero range = 0.002
2015-07-01 04:56:55,741 greedy level = 5
2015-07-01 04:56:55,741 

2015-07-01 04:56:56,830 Starting Training from 2015-01-01 to 2015-01-31
2015-07-01 04:57:16,766 Starting Q Learning for : 
2015-07-01 04:57:16,766 alpha = 0.5
2015-07-01 04:57:16,766 gamma = 0.6
2015-07-01 04:57:16,766 individual factor = 10
2015-07-01 04:57:16,766 zero range = 0.006
2015-07-01 04:57:16,766 greedy level = 5
2015-07-01 04:57:16,766 

2015-07-01 04:57:18,089 Starting Training from 2015-01-01 to 2015-01-31
2015-07-01 04:57:51,035 Starting Q Learning for : 
2015-07-01 04:57:51,035 alpha = 0.4
2015-07-01 04:57:51,035 gamma = 0.8
2015-07-01 04:57:51,035 individual factor = 10
2015-07-01 04:57:51,035 zero range = 0.006
2015-07-01 04:57:51,035 greedy level = 5
2015-07-01 04:57:51,035 

2015-07-01 04:57:52,240 Starting Training from 2015-01-01 to 2015-01-31
2015-07-01 05:10:38,312 Starting Live from 2015-02-01 to 2015-03-03
2015-07-01 05:11:02,623 Starting Live from 2015-02-01 to 2015-03-03
2015-07-01 05:11:43,676 Starting Live from 2015-02-01 to 2015-03-03
2015-07-01 05:26:36,830 Starting Training from 2015-02-01 to 2015-03-03
2015-07-01 05:27:12,709 Starting Training from 2015-02-01 to 2015-03-03
2015-07-01 05:27:57,920 Starting Live from 2015-03-04 to 2015-04-03
2015-07-01 05:28:05,769 Starting Training from 2015-02-01 to 2015-03-03
2015-07-01 05:28:29,873 Starting Live from 2015-03-04 to 2015-04-03
2015-07-01 05:29:19,796 Starting Live from 2015-03-04 to 2015-04-03
2015-07-01 05:43:42,956 Starting Training from 2015-03-04 to 2015-04-03
2015-07-01 05:44:24,548 Starting Training from 2015-03-04 to 2015-04-03
2015-07-01 05:44:57,041 Starting Live from 2015-04-04 to 2015-04-10
2015-07-01 05:45:16,039 Starting Training from 2015-03-04 to 2015-04-03
2015-07-01 05:45:39,891 Starting Live from 2015-04-04 to 2015-04-10
2015-07-01 05:46:30,949 Starting Live from 2015-04-04 to 2015-04-10
2015-07-01 05:48:47,641 Starting Q Learning for : 
2015-07-01 05:48:47,641 alpha = 0.8
2015-07-01 05:48:47,641 gamma = 0.5
2015-07-01 05:48:47,642 individual factor = 10
2015-07-01 05:48:47,642 zero range = 0.002
2015-07-01 05:48:47,642 greedy level = 5
2015-07-01 05:48:47,642 

2015-07-01 05:48:49,503 Starting Training from 2015-01-01 to 2015-01-31
2015-07-01 05:49:29,653 Starting Q Learning for : 
2015-07-01 05:49:29,653 alpha = 0.5
2015-07-01 05:49:29,653 gamma = 0.7
2015-07-01 05:49:29,653 individual factor = 10
2015-07-01 05:49:29,653 zero range = 0.006
2015-07-01 05:49:29,654 greedy level = 5
2015-07-01 05:49:29,654 

2015-07-01 05:49:30,892 Starting Training from 2015-01-01 to 2015-01-31
2015-07-01 05:50:25,015 Starting Q Learning for : 
2015-07-01 05:50:25,015 alpha = 0.6
2015-07-01 05:50:25,015 gamma = 0.1
2015-07-01 05:50:25,015 individual factor = 10
2015-07-01 05:50:25,015 zero range = 0.006
2015-07-01 05:50:25,015 greedy level = 5
2015-07-01 05:50:25,015 

2015-07-01 05:50:26,389 Starting Training from 2015-01-01 to 2015-01-31
2015-07-01 06:02:22,568 Starting Live from 2015-02-01 to 2015-03-03
2015-07-01 06:03:13,972 Starting Live from 2015-02-01 to 2015-03-03
2015-07-01 06:04:04,587 Starting Live from 2015-02-01 to 2015-03-03
2015-07-01 06:19:48,838 Starting Training from 2015-02-01 to 2015-03-03
2015-07-01 06:20:44,987 Starting Training from 2015-02-01 to 2015-03-03
2015-07-01 06:21:00,039 Starting Live from 2015-03-04 to 2015-04-03
2015-07-01 06:21:32,537 Starting Training from 2015-02-01 to 2015-03-03
2015-07-01 06:21:59,867 Starting Live from 2015-03-04 to 2015-04-03
2015-07-01 06:22:46,295 Starting Live from 2015-03-04 to 2015-04-03
2015-07-01 06:37:30,578 Starting Training from 2015-03-04 to 2015-04-03
2015-07-01 06:38:32,508 Starting Training from 2015-03-04 to 2015-04-03
2015-07-01 06:38:47,637 Starting Live from 2015-04-04 to 2015-04-10
2015-07-01 06:39:15,769 Starting Training from 2015-03-04 to 2015-04-03
2015-07-01 06:39:47,711 Starting Live from 2015-04-04 to 2015-04-10
2015-07-01 06:40:30,027 Starting Live from 2015-04-04 to 2015-04-10
2015-07-01 06:42:40,976 Starting Q Learning for : 
2015-07-01 06:42:40,976 alpha = 0.8
2015-07-01 06:42:40,976 gamma = 0.6
2015-07-01 06:42:40,976 individual factor = 10
2015-07-01 06:42:40,976 zero range = 0.002
2015-07-01 06:42:40,976 greedy level = 5
2015-07-01 06:42:40,976 

2015-07-01 06:42:42,931 Starting Training from 2015-01-01 to 2015-01-31
2015-07-01 06:44:37,120 Starting Q Learning for : 
2015-07-01 06:44:37,120 alpha = 0.5
2015-07-01 06:44:37,120 gamma = 0.8
2015-07-01 06:44:37,120 individual factor = 10
2015-07-01 06:44:37,120 zero range = 0.006
2015-07-01 06:44:37,120 greedy level = 5
2015-07-01 06:44:37,120 

2015-07-01 06:44:41,287 Starting Training from 2015-01-01 to 2015-01-31
2015-07-01 06:45:53,653 Starting Q Learning for : 
2015-07-01 06:45:53,653 alpha = 0.6
2015-07-01 06:45:53,653 gamma = 0.2
2015-07-01 06:45:53,653 individual factor = 10
2015-07-01 06:45:53,653 zero range = 0.006
2015-07-01 06:45:53,653 greedy level = 5
2015-07-01 06:45:53,653 

2015-07-01 06:45:55,325 Starting Training from 2015-01-01 to 2015-01-31
2015-07-01 06:56:18,377 Starting Live from 2015-02-01 to 2015-03-03
2015-07-01 06:57:23,739 Starting Live from 2015-02-01 to 2015-03-03
2015-07-01 06:57:53,990 Starting Live from 2015-02-01 to 2015-03-03
2015-07-01 07:12:23,472 Starting Training from 2015-02-01 to 2015-03-03
2015-07-01 07:13:26,807 Starting Training from 2015-02-01 to 2015-03-03
2015-07-01 07:13:37,324 Starting Live from 2015-03-04 to 2015-04-03
2015-07-01 07:13:44,012 Starting Training from 2015-02-01 to 2015-03-03
2015-07-01 07:14:39,804 Starting Live from 2015-03-04 to 2015-04-03
2015-07-01 07:14:59,486 Starting Live from 2015-03-04 to 2015-04-03
2015-07-01 07:29:50,698 Starting Training from 2015-03-04 to 2015-04-03
2015-07-01 07:31:09,463 Starting Training from 2015-03-04 to 2015-04-03
2015-07-01 07:31:22,877 Starting Live from 2015-04-04 to 2015-04-10
2015-07-01 07:31:24,523 Starting Training from 2015-03-04 to 2015-04-03
2015-07-01 07:32:24,947 Starting Live from 2015-04-04 to 2015-04-10
2015-07-01 07:32:38,804 Starting Live from 2015-04-04 to 2015-04-10
2015-07-01 07:36:43,876 Starting Q Learning for : 
2015-07-01 07:36:43,876 alpha = 0.8
2015-07-01 07:36:43,876 gamma = 0.7
2015-07-01 07:36:43,876 individual factor = 10
2015-07-01 07:36:43,876 zero range = 0.002
2015-07-01 07:36:43,876 greedy level = 5
2015-07-01 07:36:43,876 

2015-07-01 07:36:48,136 Starting Training from 2015-01-01 to 2015-01-31
2015-07-01 07:37:49,534 Starting Q Learning for : 
2015-07-01 07:37:49,535 alpha = 0.4
2015-07-01 07:37:49,535 gamma = 0.1
2015-07-01 07:37:49,535 individual factor = 10
2015-07-01 07:37:49,535 zero range = 0.006
2015-07-01 07:37:49,535 greedy level = 5
2015-07-01 07:37:49,535 

2015-07-01 07:37:51,253 Starting Training from 2015-01-01 to 2015-01-31
2015-07-01 07:38:01,752 Starting Q Learning for : 
2015-07-01 07:38:01,753 alpha = 0.6
2015-07-01 07:38:01,753 gamma = 0.3
2015-07-01 07:38:01,753 individual factor = 10
2015-07-01 07:38:01,753 zero range = 0.006
2015-07-01 07:38:01,753 greedy level = 5
2015-07-01 07:38:01,753 

2015-07-01 07:38:02,977 Starting Training from 2015-01-01 to 2015-01-31
2015-07-01 07:48:32,223 Starting Live from 2015-02-01 to 2015-03-03
2015-07-01 07:49:19,001 Starting Live from 2015-02-01 to 2015-03-03
2015-07-01 07:49:30,780 Starting Live from 2015-02-01 to 2015-03-03
2015-07-01 08:04:30,840 Starting Training from 2015-02-01 to 2015-03-03
2015-07-01 08:05:18,880 Starting Training from 2015-02-01 to 2015-03-03
2015-07-01 08:05:29,661 Starting Training from 2015-02-01 to 2015-03-03
2015-07-01 08:05:43,534 Starting Live from 2015-03-04 to 2015-04-03
2015-07-01 08:06:33,309 Starting Live from 2015-03-04 to 2015-04-03
2015-07-01 08:06:43,866 Starting Live from 2015-03-04 to 2015-04-03
2015-07-01 08:21:38,613 Starting Training from 2015-03-04 to 2015-04-03
2015-07-01 08:22:33,149 Starting Training from 2015-03-04 to 2015-04-03
2015-07-01 08:22:33,571 Starting Training from 2015-03-04 to 2015-04-03
2015-07-01 08:22:52,182 Starting Live from 2015-04-04 to 2015-04-10
2015-07-01 08:23:43,950 Starting Live from 2015-04-04 to 2015-04-10
2015-07-01 08:23:45,075 Starting Live from 2015-04-04 to 2015-04-10
2015-07-01 08:28:30,976 Starting Q Learning for : 
2015-07-01 08:28:30,976 alpha = 0.8
2015-07-01 08:28:30,976 gamma = 0.8
2015-07-01 08:28:30,976 individual factor = 10
2015-07-01 08:28:30,976 zero range = 0.002
2015-07-01 08:28:30,976 greedy level = 5
2015-07-01 08:28:30,976 

2015-07-01 08:28:33,632 Starting Training from 2015-01-01 to 2015-01-31
2015-07-01 08:29:25,103 Starting Q Learning for : 
2015-07-01 08:29:25,103 alpha = 0.6
2015-07-01 08:29:25,103 gamma = 0.4
2015-07-01 08:29:25,103 individual factor = 10
2015-07-01 08:29:25,103 zero range = 0.006
2015-07-01 08:29:25,103 greedy level = 5
2015-07-01 08:29:25,103 

2015-07-01 08:29:26,574 Starting Training from 2015-01-01 to 2015-01-31
2015-07-01 08:29:34,924 Starting Q Learning for : 
2015-07-01 08:29:34,924 alpha = 0.4
2015-07-01 08:29:34,925 gamma = 0.2
2015-07-01 08:29:34,925 individual factor = 10
2015-07-01 08:29:34,925 zero range = 0.006
2015-07-01 08:29:34,925 greedy level = 5
2015-07-01 08:29:34,925 

2015-07-01 08:29:38,274 Starting Training from 2015-01-01 to 2015-01-31
2015-07-01 08:40:39,374 Starting Live from 2015-02-01 to 2015-03-03
2015-07-01 08:41:18,729 Starting Live from 2015-02-01 to 2015-03-03
2015-07-01 08:41:19,686 Starting Live from 2015-02-01 to 2015-03-03
2015-07-01 08:56:49,090 Starting Training from 2015-02-01 to 2015-03-03
2015-07-01 08:57:20,474 Starting Training from 2015-02-01 to 2015-03-03
2015-07-01 08:57:20,917 Starting Training from 2015-02-01 to 2015-03-03
2015-07-01 08:58:02,651 Starting Live from 2015-03-04 to 2015-04-03
2015-07-01 08:58:33,994 Starting Live from 2015-03-04 to 2015-04-03
2015-07-01 08:58:34,005 Starting Live from 2015-03-04 to 2015-04-03
2015-07-01 09:13:47,817 Starting Training from 2015-03-04 to 2015-04-03
2015-07-01 09:14:16,502 Starting Training from 2015-03-04 to 2015-04-03
2015-07-01 09:14:23,416 Starting Training from 2015-03-04 to 2015-04-03
2015-07-01 09:14:57,416 Starting Live from 2015-04-04 to 2015-04-10
2015-07-01 09:15:26,966 Starting Live from 2015-04-04 to 2015-04-10
2015-07-01 09:15:33,803 Starting Live from 2015-04-04 to 2015-04-10
2015-07-01 09:19:52,199 Starting Q Learning for : 
2015-07-01 09:19:52,199 alpha = 0.6
2015-07-01 09:19:52,199 gamma = 0.5
2015-07-01 09:19:52,200 individual factor = 10
2015-07-01 09:19:52,200 zero range = 0.006
2015-07-01 09:19:52,200 greedy level = 5
2015-07-01 09:19:52,200 

2015-07-01 09:19:54,756 Starting Training from 2015-01-01 to 2015-01-31
2015-07-01 09:20:43,169 Starting Q Learning for : 
2015-07-01 09:20:43,169 alpha = 0.2
2015-07-01 09:20:43,169 gamma = 0.7
2015-07-01 09:20:43,169 individual factor = 10
2015-07-01 09:20:43,169 zero range = 0.006
2015-07-01 09:20:43,169 greedy level = 5
2015-07-01 09:20:43,169 

2015-07-01 09:20:47,355 Starting Training from 2015-01-01 to 2015-01-31
2015-07-01 09:21:00,378 Starting Q Learning for : 
2015-07-01 09:21:00,378 alpha = 0.5
2015-07-01 09:21:00,378 gamma = 0.1
2015-07-01 09:21:00,378 individual factor = 10
2015-07-01 09:21:00,378 zero range = 0.01
2015-07-01 09:21:00,378 greedy level = 5
2015-07-01 09:21:00,378 

2015-07-01 09:21:02,917 Starting Training from 2015-01-01 to 2015-01-31
2015-07-01 09:32:26,467 Starting Live from 2015-02-01 to 2015-03-03
2015-07-01 09:32:49,025 Starting Live from 2015-02-01 to 2015-03-03
2015-07-01 09:32:53,087 Starting Live from 2015-02-01 to 2015-03-03
2015-07-01 09:48:28,468 Starting Training from 2015-02-01 to 2015-03-03
2015-07-01 09:48:48,621 Starting Training from 2015-02-01 to 2015-03-03
2015-07-01 09:48:53,567 Starting Training from 2015-02-01 to 2015-03-03
2015-07-01 09:49:43,185 Starting Live from 2015-03-04 to 2015-04-03
2015-07-01 09:50:02,795 Starting Live from 2015-03-04 to 2015-04-03
2015-07-01 09:50:05,932 Starting Live from 2015-03-04 to 2015-04-03
2015-07-01 10:05:26,364 Starting Training from 2015-03-04 to 2015-04-03
2015-07-01 10:05:36,492 Starting Training from 2015-03-04 to 2015-04-03
2015-07-01 10:05:43,743 Starting Training from 2015-03-04 to 2015-04-03
2015-07-01 10:06:41,874 Starting Live from 2015-04-04 to 2015-04-10
2015-07-01 10:06:51,687 Starting Live from 2015-04-04 to 2015-04-10
2015-07-01 10:06:57,516 Starting Live from 2015-04-04 to 2015-04-10
2015-07-01 10:10:25,827 Starting Q Learning for : 
2015-07-01 10:10:25,827 alpha = 0.6
2015-07-01 10:10:25,827 gamma = 0.6
2015-07-01 10:10:25,827 individual factor = 10
2015-07-01 10:10:25,828 zero range = 0.006
2015-07-01 10:10:25,828 greedy level = 5
2015-07-01 10:10:25,828 

2015-07-01 10:10:27,364 Starting Training from 2015-01-01 to 2015-01-31
2015-07-01 10:10:45,081 Starting Q Learning for : 
2015-07-01 10:10:45,081 alpha = 0.2
2015-07-01 10:10:45,081 gamma = 0.8
2015-07-01 10:10:45,081 individual factor = 10
2015-07-01 10:10:45,081 zero range = 0.006
2015-07-01 10:10:45,082 greedy level = 5
2015-07-01 10:10:45,082 

2015-07-01 10:10:47,399 Starting Training from 2015-01-01 to 2015-01-31
2015-07-01 10:11:05,378 Starting Q Learning for : 
2015-07-01 10:11:05,378 alpha = 0.5
2015-07-01 10:11:05,378 gamma = 0.2
2015-07-01 10:11:05,378 individual factor = 10
2015-07-01 10:11:05,378 zero range = 0.01
2015-07-01 10:11:05,378 greedy level = 5
2015-07-01 10:11:05,378 

2015-07-01 10:11:07,926 Starting Training from 2015-01-01 to 2015-01-31
2015-07-01 10:24:29,015 Starting Live from 2015-02-01 to 2015-03-03
2015-07-01 10:24:35,949 Starting Live from 2015-02-01 to 2015-03-03
2015-07-01 10:24:50,326 Starting Live from 2015-02-01 to 2015-03-03
2015-07-01 10:41:02,375 Starting Training from 2015-02-01 to 2015-03-03
2015-07-01 10:41:14,025 Starting Training from 2015-02-01 to 2015-03-03
2015-07-01 10:41:21,530 Starting Training from 2015-02-01 to 2015-03-03
2015-07-01 10:42:12,773 Starting Live from 2015-03-04 to 2015-04-03
2015-07-01 10:42:25,266 Starting Live from 2015-03-04 to 2015-04-03
2015-07-01 10:42:32,907 Starting Live from 2015-03-04 to 2015-04-03
2015-07-01 10:58:17,769 Starting Training from 2015-03-04 to 2015-04-03
2015-07-01 10:58:19,439 Starting Training from 2015-03-04 to 2015-04-03
2015-07-01 10:58:33,183 Starting Training from 2015-03-04 to 2015-04-03
2015-07-01 10:59:31,401 Starting Live from 2015-04-04 to 2015-04-10
2015-07-01 10:59:34,629 Starting Live from 2015-04-04 to 2015-04-10
2015-07-01 10:59:45,581 Starting Live from 2015-04-04 to 2015-04-10
2015-07-01 11:04:17,615 Starting Q Learning for : 
2015-07-01 11:04:17,615 alpha = 0.6
2015-07-01 11:04:17,615 gamma = 0.7
2015-07-01 11:04:17,615 individual factor = 10
2015-07-01 11:04:17,615 zero range = 0.006
2015-07-01 11:04:17,615 greedy level = 5
2015-07-01 11:04:17,615 

2015-07-01 11:04:21,160 Starting Training from 2015-01-01 to 2015-01-31
2015-07-01 11:04:33,529 Starting Q Learning for : 
2015-07-01 11:04:33,530 alpha = 0.8
2015-07-01 11:04:33,530 gamma = 0.1
2015-07-01 11:04:33,530 individual factor = 10
2015-07-01 11:04:33,530 zero range = 0.006
2015-07-01 11:04:33,530 greedy level = 5
2015-07-01 11:04:33,530 

2015-07-01 11:04:35,911 Starting Training from 2015-01-01 to 2015-01-31
2015-07-01 11:04:52,705 Starting Q Learning for : 
2015-07-01 11:04:52,705 alpha = 0.5
2015-07-01 11:04:52,705 gamma = 0.3
2015-07-01 11:04:52,706 individual factor = 10
2015-07-01 11:04:52,706 zero range = 0.01
2015-07-01 11:04:52,706 greedy level = 5
2015-07-01 11:04:52,706 

2015-07-01 11:04:55,381 Starting Training from 2015-01-01 to 2015-01-31
2015-07-01 11:16:59,830 Starting Live from 2015-02-01 to 2015-03-03
2015-07-01 11:17:05,438 Starting Live from 2015-02-01 to 2015-03-03
2015-07-01 11:17:16,805 Starting Live from 2015-02-01 to 2015-03-03
2015-07-01 11:32:58,390 Starting Training from 2015-02-01 to 2015-03-03
2015-07-01 11:33:07,037 Starting Training from 2015-02-01 to 2015-03-03
2015-07-01 11:33:13,581 Starting Training from 2015-02-01 to 2015-03-03
2015-07-01 11:34:13,172 Starting Live from 2015-03-04 to 2015-04-03
2015-07-01 11:34:22,136 Starting Live from 2015-03-04 to 2015-04-03
2015-07-01 11:34:28,850 Starting Live from 2015-03-04 to 2015-04-03
2015-07-01 11:50:00,393 Starting Training from 2015-03-04 to 2015-04-03
2015-07-01 11:50:16,144 Starting Training from 2015-03-04 to 2015-04-03
2015-07-01 11:50:17,484 Starting Training from 2015-03-04 to 2015-04-03
2015-07-01 11:51:17,667 Starting Live from 2015-04-04 to 2015-04-10
2015-07-01 11:51:32,520 Starting Live from 2015-04-04 to 2015-04-10
2015-07-01 11:51:33,830 Starting Live from 2015-04-04 to 2015-04-10
2015-07-01 11:55:01,673 Starting Q Learning for : 
2015-07-01 11:55:01,673 alpha = 0.8
2015-07-01 11:55:01,673 gamma = 0.2
2015-07-01 11:55:01,673 individual factor = 10
2015-07-01 11:55:01,673 zero range = 0.006
2015-07-01 11:55:01,673 greedy level = 5
2015-07-01 11:55:01,673 

2015-07-01 11:55:03,790 Starting Training from 2015-01-01 to 2015-01-31
2015-07-01 11:55:37,482 Starting Q Learning for : 
2015-07-01 11:55:37,482 alpha = 0.6
2015-07-01 11:55:37,482 gamma = 0.8
2015-07-01 11:55:37,482 individual factor = 10
2015-07-01 11:55:37,482 zero range = 0.006
2015-07-01 11:55:37,482 greedy level = 5
2015-07-01 11:55:37,483 

2015-07-01 11:55:40,538 Starting Training from 2015-01-01 to 2015-01-31
2015-07-01 11:55:44,836 Starting Q Learning for : 
2015-07-01 11:55:44,836 alpha = 0.5
2015-07-01 11:55:44,836 gamma = 0.4
2015-07-01 11:55:44,836 individual factor = 10
2015-07-01 11:55:44,836 zero range = 0.01
2015-07-01 11:55:44,836 greedy level = 5
2015-07-01 11:55:44,837 

2015-07-01 11:55:47,141 Starting Training from 2015-01-01 to 2015-01-31
2015-07-01 12:08:21,637 Starting Live from 2015-02-01 to 2015-03-03
2015-07-01 12:08:38,077 Starting Live from 2015-02-01 to 2015-03-03
2015-07-01 12:08:48,482 Starting Live from 2015-02-01 to 2015-03-03
2015-07-01 12:24:02,902 Starting Training from 2015-02-01 to 2015-03-03
2015-07-01 12:24:29,466 Starting Training from 2015-02-01 to 2015-03-03
2015-07-01 12:24:41,901 Starting Training from 2015-02-01 to 2015-03-03
2015-07-01 12:25:19,750 Starting Live from 2015-03-04 to 2015-04-03
2015-07-01 12:25:45,722 Starting Live from 2015-03-04 to 2015-04-03
2015-07-01 12:25:57,773 Starting Live from 2015-03-04 to 2015-04-03
2015-07-01 12:40:42,259 Starting Training from 2015-03-04 to 2015-04-03
2015-07-01 12:40:57,489 Starting Training from 2015-03-04 to 2015-04-03
2015-07-01 12:41:26,752 Starting Training from 2015-03-04 to 2015-04-03
2015-07-01 12:41:53,289 Starting Live from 2015-04-04 to 2015-04-10
2015-07-01 12:42:09,558 Starting Live from 2015-04-04 to 2015-04-10
2015-07-01 12:42:38,342 Starting Live from 2015-04-04 to 2015-04-10
2015-07-01 12:45:46,253 Starting Q Learning for : 
2015-07-01 12:45:46,253 alpha = 0.8
2015-07-01 12:45:46,253 gamma = 0.3
2015-07-01 12:45:46,254 individual factor = 10
2015-07-01 12:45:46,254 zero range = 0.006
2015-07-01 12:45:46,254 greedy level = 5
2015-07-01 12:45:46,254 

2015-07-01 12:45:47,712 Starting Training from 2015-01-01 to 2015-01-31
2015-07-01 12:46:09,015 Starting Q Learning for : 
2015-07-01 12:46:09,015 alpha = 0.5
2015-07-01 12:46:09,015 gamma = 0.5
2015-07-01 12:46:09,015 individual factor = 10
2015-07-01 12:46:09,015 zero range = 0.01
2015-07-01 12:46:09,015 greedy level = 5
2015-07-01 12:46:09,016 

2015-07-01 12:46:10,436 Starting Training from 2015-01-01 to 2015-01-31
2015-07-01 12:46:44,309 Starting Q Learning for : 
2015-07-01 12:46:44,310 alpha = 0.2
2015-07-01 12:46:44,310 gamma = 0.1
2015-07-01 12:46:44,310 individual factor = 10
2015-07-01 12:46:44,310 zero range = 0.006
2015-07-01 12:46:44,310 greedy level = 5
2015-07-01 12:46:44,310 

2015-07-01 12:46:45,867 Starting Training from 2015-01-01 to 2015-01-31
2015-07-01 12:59:16,980 Starting Live from 2015-02-01 to 2015-03-03
2015-07-01 12:59:44,402 Starting Live from 2015-02-01 to 2015-03-03
2015-07-01 13:00:16,138 Starting Live from 2015-02-01 to 2015-03-03
2015-07-01 13:15:00,744 Starting Training from 2015-02-01 to 2015-03-03
2015-07-01 13:15:30,946 Starting Training from 2015-02-01 to 2015-03-03
2015-07-01 13:15:57,426 Starting Training from 2015-02-01 to 2015-03-03
2015-07-01 13:16:14,385 Starting Live from 2015-03-04 to 2015-04-03
2015-07-01 13:16:43,718 Starting Live from 2015-03-04 to 2015-04-03
2015-07-01 13:17:09,886 Starting Live from 2015-03-04 to 2015-04-03
2015-07-01 13:31:57,149 Starting Training from 2015-03-04 to 2015-04-03
2015-07-01 13:32:35,727 Starting Training from 2015-03-04 to 2015-04-03
2015-07-01 13:32:51,600 Starting Training from 2015-03-04 to 2015-04-03
2015-07-01 13:33:07,616 Starting Live from 2015-04-04 to 2015-04-10
2015-07-01 13:33:48,635 Starting Live from 2015-04-04 to 2015-04-10
2015-07-01 13:34:05,909 Starting Live from 2015-04-04 to 2015-04-10
2015-07-01 13:36:47,847 Starting Q Learning for : 
2015-07-01 13:36:47,847 alpha = 0.8
2015-07-01 13:36:47,847 gamma = 0.4
2015-07-01 13:36:47,847 individual factor = 10
2015-07-01 13:36:47,847 zero range = 0.006
2015-07-01 13:36:47,847 greedy level = 5
2015-07-01 13:36:47,848 

2015-07-01 13:36:49,539 Starting Training from 2015-01-01 to 2015-01-31
2015-07-01 13:37:32,000 Starting Q Learning for : 
2015-07-01 13:37:32,000 alpha = 0.5
2015-07-01 13:37:32,001 gamma = 0.6
2015-07-01 13:37:32,001 individual factor = 10
2015-07-01 13:37:32,001 zero range = 0.01
2015-07-01 13:37:32,001 greedy level = 5
2015-07-01 13:37:32,001 

2015-07-01 13:37:32,838 Starting Training from 2015-01-01 to 2015-01-31
2015-07-01 13:37:51,654 Starting Q Learning for : 
2015-07-01 13:37:51,655 alpha = 0.2
2015-07-01 13:37:51,655 gamma = 0.2
2015-07-01 13:37:51,655 individual factor = 10
2015-07-01 13:37:51,655 zero range = 0.006
2015-07-01 13:37:51,655 greedy level = 5
2015-07-01 13:37:51,655 

2015-07-01 13:37:53,086 Starting Training from 2015-01-01 to 2015-01-31
2015-07-01 13:50:07,329 Starting Live from 2015-02-01 to 2015-03-03
2015-07-01 13:51:02,850 Starting Live from 2015-02-01 to 2015-03-03
2015-07-01 13:51:16,572 Starting Live from 2015-02-01 to 2015-03-03
2015-07-01 14:05:32,933 Starting Training from 2015-02-01 to 2015-03-03
2015-07-01 14:06:16,867 Starting Training from 2015-02-01 to 2015-03-03
2015-07-01 14:06:37,066 Starting Training from 2015-02-01 to 2015-03-03
2015-07-01 14:06:46,424 Starting Live from 2015-03-04 to 2015-04-03
2015-07-01 14:07:31,204 Starting Live from 2015-03-04 to 2015-04-03
2015-07-01 14:07:50,498 Starting Live from 2015-03-04 to 2015-04-03
2015-07-01 14:22:35,193 Starting Training from 2015-03-04 to 2015-04-03
2015-07-01 14:23:32,258 Starting Training from 2015-03-04 to 2015-04-03
2015-07-01 14:23:39,398 Starting Training from 2015-03-04 to 2015-04-03
2015-07-01 14:23:46,634 Starting Live from 2015-04-04 to 2015-04-10
2015-07-01 14:24:44,963 Starting Live from 2015-04-04 to 2015-04-10
2015-07-01 14:24:51,886 Starting Live from 2015-04-04 to 2015-04-10
2015-07-01 14:27:40,337 Starting Q Learning for : 
2015-07-01 14:27:40,338 alpha = 0.8
2015-07-01 14:27:40,338 gamma = 0.5
2015-07-01 14:27:40,338 individual factor = 10
2015-07-01 14:27:40,338 zero range = 0.006
2015-07-01 14:27:40,338 greedy level = 5
2015-07-01 14:27:40,338 

2015-07-01 14:27:41,458 Starting Training from 2015-01-01 to 2015-01-31
2015-07-01 14:28:39,750 Starting Q Learning for : 
2015-07-01 14:28:39,750 alpha = 0.5
2015-07-01 14:28:39,750 gamma = 0.7
2015-07-01 14:28:39,750 individual factor = 10
2015-07-01 14:28:39,750 zero range = 0.01
2015-07-01 14:28:39,750 greedy level = 5
2015-07-01 14:28:39,750 

2015-07-01 14:28:40,818 Starting Q Learning for : 
2015-07-01 14:28:40,818 alpha = 0.2
2015-07-01 14:28:40,818 gamma = 0.3
2015-07-01 14:28:40,819 individual factor = 10
2015-07-01 14:28:40,819 zero range = 0.006
2015-07-01 14:28:40,819 greedy level = 5
2015-07-01 14:28:40,819 

2015-07-01 14:28:41,413 Starting Training from 2015-01-01 to 2015-01-31
2015-07-01 14:28:42,122 Starting Training from 2015-01-01 to 2015-01-31
2015-07-01 14:41:21,420 Starting Live from 2015-02-01 to 2015-03-03
2015-07-01 14:42:17,952 Starting Live from 2015-02-01 to 2015-03-03
2015-07-01 14:42:19,301 Starting Live from 2015-02-01 to 2015-03-03
2015-07-01 14:56:39,440 Starting Training from 2015-02-01 to 2015-03-03
2015-07-01 14:57:33,653 Starting Training from 2015-02-01 to 2015-03-03
2015-07-01 14:57:43,303 Starting Training from 2015-02-01 to 2015-03-03
2015-07-01 14:57:52,878 Starting Live from 2015-03-04 to 2015-04-03
2015-07-01 14:58:46,737 Starting Live from 2015-03-04 to 2015-04-03
2015-07-01 14:58:54,962 Starting Live from 2015-03-04 to 2015-04-03
2015-07-01 15:14:03,707 Starting Training from 2015-03-04 to 2015-04-03
2015-07-01 15:14:50,810 Starting Training from 2015-03-04 to 2015-04-03
2015-07-01 15:15:10,763 Starting Training from 2015-03-04 to 2015-04-03
2015-07-01 15:15:14,282 Starting Live from 2015-04-04 to 2015-04-10
2015-07-01 15:16:02,706 Starting Live from 2015-04-04 to 2015-04-10
2015-07-01 15:16:23,807 Starting Live from 2015-04-04 to 2015-04-10
2015-07-01 15:19:14,994 Starting Q Learning for : 
2015-07-01 15:19:14,994 alpha = 0.8
2015-07-01 15:19:14,994 gamma = 0.6
2015-07-01 15:19:14,994 individual factor = 10
2015-07-01 15:19:14,994 zero range = 0.006
2015-07-01 15:19:14,994 greedy level = 5
2015-07-01 15:19:14,994 

2015-07-01 15:19:16,625 Starting Training from 2015-01-01 to 2015-01-31
2015-07-01 15:19:58,917 Starting Q Learning for : 
2015-07-01 15:19:58,917 alpha = 0.2
2015-07-01 15:19:58,917 gamma = 0.4
2015-07-01 15:19:58,917 individual factor = 10
2015-07-01 15:19:58,917 zero range = 0.006
2015-07-01 15:19:58,917 greedy level = 5
2015-07-01 15:19:58,917 

2015-07-01 15:19:59,968 Starting Training from 2015-01-01 to 2015-01-31
2015-07-01 15:20:16,960 Starting Q Learning for : 
2015-07-01 15:20:16,960 alpha = 0.5
2015-07-01 15:20:16,960 gamma = 0.8
2015-07-01 15:20:16,960 individual factor = 10
2015-07-01 15:20:16,960 zero range = 0.01
2015-07-01 15:20:16,960 greedy level = 5
2015-07-01 15:20:16,960 

2015-07-01 15:20:18,627 Starting Training from 2015-01-01 to 2015-01-31
2015-07-01 15:32:41,891 Starting Live from 2015-02-01 to 2015-03-03
2015-07-01 15:33:28,501 Starting Live from 2015-02-01 to 2015-03-03
2015-07-01 15:33:48,830 Starting Live from 2015-02-01 to 2015-03-03
2015-07-01 15:48:26,866 Starting Training from 2015-02-01 to 2015-03-03
2015-07-01 15:49:16,650 Starting Training from 2015-02-01 to 2015-03-03
2015-07-01 15:49:41,959 Starting Live from 2015-03-04 to 2015-04-03
2015-07-01 15:49:45,306 Starting Training from 2015-02-01 to 2015-03-03
2015-07-01 15:50:31,514 Starting Live from 2015-03-04 to 2015-04-03
2015-07-01 15:50:59,442 Starting Live from 2015-03-04 to 2015-04-03
2015-07-01 16:05:27,658 Starting Training from 2015-03-04 to 2015-04-03
2015-07-01 16:06:15,146 Starting Training from 2015-03-04 to 2015-04-03
2015-07-01 16:06:46,668 Starting Live from 2015-04-04 to 2015-04-10
2015-07-01 16:06:51,324 Starting Training from 2015-03-04 to 2015-04-03
2015-07-01 16:07:28,918 Starting Live from 2015-04-04 to 2015-04-10
2015-07-01 16:08:04,488 Starting Live from 2015-04-04 to 2015-04-10
2015-07-01 16:10:31,399 Starting Q Learning for : 
2015-07-01 16:10:31,399 alpha = 0.8
2015-07-01 16:10:31,399 gamma = 0.7
2015-07-01 16:10:31,399 individual factor = 10
2015-07-01 16:10:31,399 zero range = 0.006
2015-07-01 16:10:31,400 greedy level = 5
2015-07-01 16:10:31,400 

2015-07-01 16:10:33,079 Starting Training from 2015-01-01 to 2015-01-31
2015-07-01 16:11:14,506 Starting Q Learning for : 
2015-07-01 16:11:14,506 alpha = 0.2
2015-07-01 16:11:14,506 gamma = 0.5
2015-07-01 16:11:14,506 individual factor = 10
2015-07-01 16:11:14,506 zero range = 0.006
2015-07-01 16:11:14,506 greedy level = 5
2015-07-01 16:11:14,506 

2015-07-01 16:11:15,601 Starting Training from 2015-01-01 to 2015-01-31
2015-07-01 16:11:53,093 Starting Q Learning for : 
2015-07-01 16:11:53,093 alpha = 0.4
2015-07-01 16:11:53,093 gamma = 0.1
2015-07-01 16:11:53,093 individual factor = 10
2015-07-01 16:11:53,094 zero range = 0.01
2015-07-01 16:11:53,094 greedy level = 5
2015-07-01 16:11:53,094 

2015-07-01 16:11:54,754 Starting Training from 2015-01-01 to 2015-01-31
2015-07-01 16:23:47,699 Starting Live from 2015-02-01 to 2015-03-03
2015-07-01 16:24:26,195 Starting Live from 2015-02-01 to 2015-03-03
2015-07-01 16:25:02,571 Starting Live from 2015-02-01 to 2015-03-03
2015-07-01 16:38:58,981 Starting Training from 2015-02-01 to 2015-03-03
2015-07-01 16:40:10,913 Starting Training from 2015-02-01 to 2015-03-03
2015-07-01 16:40:47,702 Starting Training from 2015-02-01 to 2015-03-03
2015-07-01 16:40:51,990 Starting Live from 2015-03-04 to 2015-04-03
2015-07-01 16:41:23,346 Starting Live from 2015-03-04 to 2015-04-03
2015-07-01 16:41:58,977 Starting Live from 2015-03-04 to 2015-04-03
2015-07-01 16:55:28,637 Starting Training from 2015-03-04 to 2015-04-03
2015-07-01 16:56:49,246 Starting Training from 2015-03-04 to 2015-04-03
2015-07-01 16:57:39,147 Starting Training from 2015-03-04 to 2015-04-03
2015-07-01 16:57:59,375 Starting Live from 2015-04-04 to 2015-04-10
2015-07-01 16:58:30,599 Starting Live from 2015-04-04 to 2015-04-10
2015-07-01 16:58:53,147 Starting Live from 2015-04-04 to 2015-04-10
2015-07-01 17:01:50,062 Starting Q Learning for : 
2015-07-01 17:01:50,062 alpha = 0.8
2015-07-01 17:01:50,062 gamma = 0.8
2015-07-01 17:01:50,062 individual factor = 10
2015-07-01 17:01:50,062 zero range = 0.006
2015-07-01 17:01:50,062 greedy level = 5
2015-07-01 17:01:50,062 

2015-07-01 17:01:51,653 Starting Training from 2015-01-01 to 2015-01-31
2015-07-01 17:02:27,621 Starting Q Learning for : 
2015-07-01 17:02:27,621 alpha = 0.2
2015-07-01 17:02:27,621 gamma = 0.6
2015-07-01 17:02:27,621 individual factor = 10
2015-07-01 17:02:27,621 zero range = 0.006
2015-07-01 17:02:27,621 greedy level = 5
2015-07-01 17:02:27,621 

2015-07-01 17:02:28,509 Starting Training from 2015-01-01 to 2015-01-31
2015-07-01 17:02:38,178 Starting Q Learning for : 
2015-07-01 17:02:38,178 alpha = 0.4
2015-07-01 17:02:38,178 gamma = 0.2
2015-07-01 17:02:38,178 individual factor = 10
2015-07-01 17:02:38,178 zero range = 0.01
2015-07-01 17:02:38,178 greedy level = 5
2015-07-01 17:02:38,178 

2015-07-01 17:02:39,796 Starting Training from 2015-01-01 to 2015-01-31
2015-07-01 17:15:43,584 Starting Live from 2015-02-01 to 2015-03-03
2015-07-01 17:16:17,531 Starting Live from 2015-02-01 to 2015-03-03
2015-07-01 17:16:26,442 Starting Live from 2015-02-01 to 2015-03-03
2015-07-01 17:29:42,146 Starting Training from 2015-02-01 to 2015-03-03
2015-07-01 17:30:32,736 Starting Training from 2015-02-01 to 2015-03-03
2015-07-01 17:30:54,546 Starting Training from 2015-02-01 to 2015-03-03
2015-07-01 17:33:03,475 Starting Live from 2015-03-04 to 2015-04-03
2015-07-01 17:33:26,472 Starting Live from 2015-03-04 to 2015-04-03
2015-07-01 17:33:33,757 Starting Live from 2015-03-04 to 2015-04-03
2015-07-01 17:47:12,345 Starting Training from 2015-03-04 to 2015-04-03
2015-07-01 17:48:07,114 Starting Training from 2015-03-04 to 2015-04-03
2015-07-01 17:48:25,737 Starting Training from 2015-03-04 to 2015-04-03
2015-07-01 17:50:30,915 Starting Live from 2015-04-04 to 2015-04-10
2015-07-01 17:50:58,051 Starting Live from 2015-04-04 to 2015-04-10
2015-07-01 17:51:05,965 Starting Live from 2015-04-04 to 2015-04-10
2015-07-01 17:54:28,575 Starting Q Learning for : 
2015-07-01 17:54:28,575 alpha = 0.4
2015-07-01 17:54:28,575 gamma = 0.3
2015-07-01 17:54:28,575 individual factor = 10
2015-07-01 17:54:28,575 zero range = 0.01
2015-07-01 17:54:28,575 greedy level = 5
2015-07-01 17:54:28,575 

2015-07-01 17:54:29,492 Starting Training from 2015-01-01 to 2015-01-31
2015-07-01 17:54:46,671 Starting Q Learning for : 
2015-07-01 17:54:46,671 alpha = 0.6
2015-07-01 17:54:46,672 gamma = 0.5
2015-07-01 17:54:46,672 individual factor = 10
2015-07-01 17:54:46,672 zero range = 0.01
2015-07-01 17:54:46,672 greedy level = 5
2015-07-01 17:54:46,672 

2015-07-01 17:54:48,124 Starting Training from 2015-01-01 to 2015-01-31
2015-07-01 17:54:59,690 Starting Q Learning for : 
2015-07-01 17:54:59,690 alpha = 0.2
2015-07-01 17:54:59,690 gamma = 0.7
2015-07-01 17:54:59,690 individual factor = 10
2015-07-01 17:54:59,691 zero range = 0.01
2015-07-01 17:54:59,691 greedy level = 5
2015-07-01 17:54:59,691 

2015-07-01 17:55:00,865 Starting Training from 2015-01-01 to 2015-01-31
2015-07-01 18:07:25,904 Starting Live from 2015-02-01 to 2015-03-03
2015-07-01 18:08:00,800 Starting Live from 2015-02-01 to 2015-03-03
2015-07-01 18:08:29,500 Starting Live from 2015-02-01 to 2015-03-03
2015-07-01 18:23:08,659 Starting Training from 2015-02-01 to 2015-03-03
2015-07-01 18:23:54,220 Starting Training from 2015-02-01 to 2015-03-03
2015-07-01 18:24:16,468 Starting Training from 2015-02-01 to 2015-03-03
2015-07-01 18:25:45,140 Starting Live from 2015-03-04 to 2015-04-03
2015-07-01 18:26:00,608 Starting Live from 2015-03-04 to 2015-04-03
2015-07-01 18:26:06,381 Starting Live from 2015-03-04 to 2015-04-03
2015-07-01 18:39:51,767 Starting Training from 2015-03-04 to 2015-04-03
2015-07-01 18:39:58,104 Starting Training from 2015-03-04 to 2015-04-03
2015-07-01 18:40:42,093 Starting Training from 2015-03-04 to 2015-04-03
2015-07-01 18:43:07,391 Starting Live from 2015-04-04 to 2015-04-10
2015-07-01 18:43:09,444 Starting Live from 2015-04-04 to 2015-04-10
2015-07-01 18:43:24,912 Starting Live from 2015-04-04 to 2015-04-10
2015-07-01 18:46:59,606 Starting Q Learning for : 
2015-07-01 18:46:59,606 alpha = 0.6
2015-07-01 18:46:59,606 gamma = 0.6
2015-07-01 18:46:59,606 individual factor = 10
2015-07-01 18:46:59,606 zero range = 0.01
2015-07-01 18:46:59,606 greedy level = 5
2015-07-01 18:46:59,606 

2015-07-01 18:47:01,375 Starting Training from 2015-01-01 to 2015-01-31
2015-07-01 18:47:08,031 Starting Q Learning for : 
2015-07-01 18:47:08,031 alpha = 0.4
2015-07-01 18:47:08,031 gamma = 0.4
2015-07-01 18:47:08,031 individual factor = 10
2015-07-01 18:47:08,031 zero range = 0.01
2015-07-01 18:47:08,031 greedy level = 5
2015-07-01 18:47:08,031 

2015-07-01 18:47:09,956 Starting Training from 2015-01-01 to 2015-01-31
2015-07-01 18:47:20,828 Starting Q Learning for : 
2015-07-01 18:47:20,828 alpha = 0.2
2015-07-01 18:47:20,828 gamma = 0.8
2015-07-01 18:47:20,828 individual factor = 10
2015-07-01 18:47:20,828 zero range = 0.01
2015-07-01 18:47:20,828 greedy level = 5
2015-07-01 18:47:20,828 

2015-07-01 18:47:22,245 Starting Training from 2015-01-01 to 2015-01-31
2015-07-01 19:01:08,569 Starting Live from 2015-02-01 to 2015-03-03
2015-07-01 19:01:12,160 Starting Live from 2015-02-01 to 2015-03-03
2015-07-01 19:01:28,709 Starting Live from 2015-02-01 to 2015-03-03
2015-07-01 19:15:31,834 Starting Training from 2015-02-01 to 2015-03-03
2015-07-01 19:15:36,364 Starting Training from 2015-02-01 to 2015-03-03
2015-07-01 19:16:26,902 Starting Training from 2015-02-01 to 2015-03-03
2015-07-01 19:18:21,832 Starting Live from 2015-03-04 to 2015-04-03
2015-07-01 19:18:23,537 Starting Live from 2015-03-04 to 2015-04-03
2015-07-01 19:18:41,539 Starting Live from 2015-03-04 to 2015-04-03
2015-07-01 19:40:05,885 Starting Training from 2015-03-04 to 2015-04-03
2015-07-01 19:40:26,779 Starting Training from 2015-03-04 to 2015-04-03
2015-07-01 19:41:32,997 Starting Training from 2015-03-04 to 2015-04-03
2015-07-01 19:42:21,190 Starting Live from 2015-04-04 to 2015-04-10
2015-07-01 19:42:26,872 Starting Live from 2015-04-04 to 2015-04-10
2015-07-01 19:42:48,235 Starting Live from 2015-04-04 to 2015-04-10
2015-07-01 19:46:06,941 Starting Q Learning for : 
2015-07-01 19:46:06,941 alpha = 0.6
2015-07-01 19:46:06,941 gamma = 0.7
2015-07-01 19:46:06,941 individual factor = 10
2015-07-01 19:46:06,941 zero range = 0.01
2015-07-01 19:46:06,941 greedy level = 5
2015-07-01 19:46:06,941 

2015-07-01 19:46:08,332 Starting Training from 2015-01-01 to 2015-01-31
2015-07-01 19:46:13,449 Starting Q Learning for : 
2015-07-01 19:46:13,449 alpha = 0.4
2015-07-01 19:46:13,449 gamma = 0.5
2015-07-01 19:46:13,449 individual factor = 10
2015-07-01 19:46:13,449 zero range = 0.01
2015-07-01 19:46:13,449 greedy level = 5
2015-07-01 19:46:13,449 

2015-07-01 19:46:15,090 Starting Training from 2015-01-01 to 2015-01-31
2015-07-01 19:46:39,070 Starting Q Learning for : 
2015-07-01 19:46:39,070 alpha = 0.8
2015-07-01 19:46:39,070 gamma = 0.1
2015-07-01 19:46:39,070 individual factor = 10
2015-07-01 19:46:39,070 zero range = 0.01
2015-07-01 19:46:39,070 greedy level = 5
2015-07-01 19:46:39,071 

2015-07-01 19:46:40,703 Starting Training from 2015-01-01 to 2015-01-31
2015-07-01 19:59:50,303 Starting Live from 2015-02-01 to 2015-03-03
2015-07-01 19:59:51,700 Starting Live from 2015-02-01 to 2015-03-03
2015-07-01 20:00:10,373 Starting Live from 2015-02-01 to 2015-03-03
2015-07-01 20:15:32,997 Starting Training from 2015-02-01 to 2015-03-03
2015-07-01 20:15:33,317 Starting Training from 2015-02-01 to 2015-03-03
2015-07-01 20:15:49,908 Starting Training from 2015-02-01 to 2015-03-03
2015-07-01 20:16:46,847 Starting Live from 2015-03-04 to 2015-04-03
2015-07-01 20:16:47,095 Starting Live from 2015-03-04 to 2015-04-03
2015-07-01 20:17:03,759 Starting Live from 2015-03-04 to 2015-04-03
2015-07-01 20:32:24,708 Starting Training from 2015-03-04 to 2015-04-03
2015-07-01 20:32:27,062 Starting Training from 2015-03-04 to 2015-04-03
2015-07-01 20:32:40,286 Starting Training from 2015-03-04 to 2015-04-03
2015-07-01 20:33:35,743 Starting Live from 2015-04-04 to 2015-04-10
2015-07-01 20:33:39,973 Starting Live from 2015-04-04 to 2015-04-10
2015-07-01 20:33:50,925 Starting Live from 2015-04-04 to 2015-04-10
2015-07-01 20:37:13,599 Starting Q Learning for : 
2015-07-01 20:37:13,599 alpha = 0.6
2015-07-01 20:37:13,599 gamma = 0.8
2015-07-01 20:37:13,599 individual factor = 10
2015-07-01 20:37:13,599 zero range = 0.01
2015-07-01 20:37:13,599 greedy level = 5
2015-07-01 20:37:13,599 

2015-07-01 20:37:14,889 Starting Training from 2015-01-01 to 2015-01-31
2015-07-01 20:37:18,405 Starting Q Learning for : 
2015-07-01 20:37:18,405 alpha = 0.4
2015-07-01 20:37:18,405 gamma = 0.6
2015-07-01 20:37:18,405 individual factor = 10
2015-07-01 20:37:18,406 zero range = 0.01
2015-07-01 20:37:18,406 greedy level = 5
2015-07-01 20:37:18,406 

2015-07-01 20:37:19,520 Starting Training from 2015-01-01 to 2015-01-31
2015-07-01 20:37:28,943 Starting Q Learning for : 
2015-07-01 20:37:28,943 alpha = 0.8
2015-07-01 20:37:28,943 gamma = 0.2
2015-07-01 20:37:28,943 individual factor = 10
2015-07-01 20:37:28,943 zero range = 0.01
2015-07-01 20:37:28,943 greedy level = 5
2015-07-01 20:37:28,943 

2015-07-01 20:37:30,833 Starting Training from 2015-01-01 to 2015-01-31
2015-07-01 20:50:46,250 Starting Live from 2015-02-01 to 2015-03-03
2015-07-01 20:50:47,632 Starting Live from 2015-02-01 to 2015-03-03
2015-07-01 20:50:53,420 Starting Live from 2015-02-01 to 2015-03-03
2015-07-01 21:06:29,206 Starting Training from 2015-02-01 to 2015-03-03
2015-07-01 21:06:30,615 Starting Training from 2015-02-01 to 2015-03-03
2015-07-01 21:06:38,358 Starting Training from 2015-02-01 to 2015-03-03
2015-07-01 21:07:44,536 Starting Live from 2015-03-04 to 2015-04-03
2015-07-01 21:07:45,935 Starting Live from 2015-03-04 to 2015-04-03
2015-07-01 21:07:54,037 Starting Live from 2015-03-04 to 2015-04-03
2015-07-01 21:23:33,480 Starting Training from 2015-03-04 to 2015-04-03
2015-07-01 21:23:35,046 Starting Training from 2015-03-04 to 2015-04-03
2015-07-01 21:23:42,060 Starting Training from 2015-03-04 to 2015-04-03
2015-07-01 21:24:51,881 Starting Live from 2015-04-04 to 2015-04-10
2015-07-01 21:24:52,667 Starting Live from 2015-04-04 to 2015-04-10
2015-07-01 21:25:01,324 Starting Live from 2015-04-04 to 2015-04-10
2015-07-01 21:28:32,052 Starting Q Learning for : 
2015-07-01 21:28:32,052 alpha = 0.4
2015-07-01 21:28:32,052 gamma = 0.7
2015-07-01 21:28:32,052 individual factor = 10
2015-07-01 21:28:32,053 zero range = 0.01
2015-07-01 21:28:32,053 greedy level = 5
2015-07-01 21:28:32,053 

2015-07-01 21:28:33,448 Starting Training from 2015-01-01 to 2015-01-31
2015-07-01 21:28:35,209 Starting Q Learning for : 
2015-07-01 21:28:35,209 alpha = 0.8
2015-07-01 21:28:35,209 gamma = 0.3
2015-07-01 21:28:35,209 individual factor = 10
2015-07-01 21:28:35,209 zero range = 0.01
2015-07-01 21:28:35,209 greedy level = 5
2015-07-01 21:28:35,210 

2015-07-01 21:28:36,773 Starting Training from 2015-01-01 to 2015-01-31
2015-07-01 21:28:44,919 Starting Q Learning for : 
2015-07-01 21:28:44,919 alpha = 0.2
2015-07-01 21:28:44,919 gamma = 0.1
2015-07-01 21:28:44,919 individual factor = 10
2015-07-01 21:28:44,920 zero range = 0.01
2015-07-01 21:28:44,920 greedy level = 5
2015-07-01 21:28:44,920 

2015-07-01 21:28:46,035 Starting Training from 2015-01-01 to 2015-01-31
2015-07-01 21:42:19,959 Starting Live from 2015-02-01 to 2015-03-03
2015-07-01 21:42:23,963 Starting Live from 2015-02-01 to 2015-03-03
2015-07-01 21:42:32,439 Starting Live from 2015-02-01 to 2015-03-03
2015-07-01 21:58:23,772 Starting Training from 2015-02-01 to 2015-03-03
2015-07-01 21:58:37,805 Starting Training from 2015-02-01 to 2015-03-03
2015-07-01 21:58:40,303 Starting Training from 2015-02-01 to 2015-03-03
2015-07-01 21:59:37,872 Starting Live from 2015-03-04 to 2015-04-03
2015-07-01 21:59:48,415 Starting Live from 2015-03-04 to 2015-04-03
2015-07-01 21:59:50,784 Starting Live from 2015-03-04 to 2015-04-03
2015-07-01 22:15:14,273 Starting Training from 2015-03-04 to 2015-04-03
2015-07-01 22:15:21,493 Starting Training from 2015-03-04 to 2015-04-03
2015-07-01 22:15:30,982 Starting Training from 2015-03-04 to 2015-04-03
2015-07-01 22:16:34,319 Starting Live from 2015-04-04 to 2015-04-10
2015-07-01 22:16:40,893 Starting Live from 2015-04-04 to 2015-04-10
2015-07-01 22:16:50,798 Starting Live from 2015-04-04 to 2015-04-10
2015-07-01 22:20:17,982 Starting Q Learning for : 
2015-07-01 22:20:17,982 alpha = 0.8
2015-07-01 22:20:17,982 gamma = 0.4
2015-07-01 22:20:17,983 individual factor = 10
2015-07-01 22:20:17,983 zero range = 0.01
2015-07-01 22:20:17,983 greedy level = 5
2015-07-01 22:20:17,983 

2015-07-01 22:20:19,320 Starting Training from 2015-01-01 to 2015-01-31
2015-07-01 22:20:23,671 Starting Q Learning for : 
2015-07-01 22:20:23,671 alpha = 0.2
2015-07-01 22:20:23,671 gamma = 0.2
2015-07-01 22:20:23,671 individual factor = 10
2015-07-01 22:20:23,671 zero range = 0.01
2015-07-01 22:20:23,671 greedy level = 5
2015-07-01 22:20:23,671 

2015-07-01 22:20:24,846 Starting Training from 2015-01-01 to 2015-01-31
2015-07-01 22:20:40,072 Starting Q Learning for : 
2015-07-01 22:20:40,072 alpha = 0.4
2015-07-01 22:20:40,072 gamma = 0.8
2015-07-01 22:20:40,072 individual factor = 10
2015-07-01 22:20:40,072 zero range = 0.01
2015-07-01 22:20:40,072 greedy level = 5
2015-07-01 22:20:40,072 

2015-07-01 22:20:42,276 Starting Training from 2015-01-01 to 2015-01-31
2015-07-01 22:33:37,766 Starting Live from 2015-02-01 to 2015-03-03
2015-07-01 22:33:38,377 Starting Live from 2015-02-01 to 2015-03-03
2015-07-01 22:34:09,635 Starting Live from 2015-02-01 to 2015-03-03
2015-07-01 22:54:43,758 Starting Training from 2015-02-01 to 2015-03-03
2015-07-01 22:54:59,842 Starting Training from 2015-02-01 to 2015-03-03
2015-07-01 22:55:38,148 Starting Training from 2015-02-01 to 2015-03-03
2015-07-01 22:56:02,387 Starting Live from 2015-03-04 to 2015-04-03
2015-07-01 22:56:14,685 Starting Live from 2015-03-04 to 2015-04-03
2015-07-01 22:56:53,645 Starting Live from 2015-03-04 to 2015-04-03
2015-07-01 23:13:24,295 Starting Training from 2015-03-04 to 2015-04-03
2015-07-01 23:13:36,684 Starting Training from 2015-03-04 to 2015-04-03
2015-07-01 23:14:11,442 Starting Training from 2015-03-04 to 2015-04-03
2015-07-01 23:14:43,542 Starting Live from 2015-04-04 to 2015-04-10
2015-07-01 23:14:55,684 Starting Live from 2015-04-04 to 2015-04-10
2015-07-01 23:15:31,697 Starting Live from 2015-04-04 to 2015-04-10
2015-07-01 23:18:59,607 Starting Q Learning for : 
2015-07-01 23:18:59,607 alpha = 0.8
2015-07-01 23:18:59,607 gamma = 0.5
2015-07-01 23:18:59,607 individual factor = 10
2015-07-01 23:18:59,607 zero range = 0.01
2015-07-01 23:18:59,607 greedy level = 5
2015-07-01 23:18:59,607 

2015-07-01 23:19:00,725 Starting Training from 2015-01-01 to 2015-01-31
2015-07-01 23:19:15,633 Starting Q Learning for : 
2015-07-01 23:19:15,633 alpha = 0.2
2015-07-01 23:19:15,633 gamma = 0.3
2015-07-01 23:19:15,634 individual factor = 10
2015-07-01 23:19:15,634 zero range = 0.01
2015-07-01 23:19:15,634 greedy level = 5
2015-07-01 23:19:15,634 

2015-07-01 23:19:17,549 Starting Training from 2015-01-01 to 2015-01-31
2015-07-01 23:19:52,151 Starting Q Learning for : 
2015-07-01 23:19:52,152 alpha = 0.6
2015-07-01 23:19:52,152 gamma = 0.1
2015-07-01 23:19:52,152 individual factor = 10
2015-07-01 23:19:52,152 zero range = 0.01
2015-07-01 23:19:52,152 greedy level = 5
2015-07-01 23:19:52,152 

2015-07-01 23:19:53,519 Starting Training from 2015-01-01 to 2015-01-31
2015-07-01 23:33:38,534 Starting Live from 2015-02-01 to 2015-03-03
2015-07-01 23:34:00,877 Starting Live from 2015-02-01 to 2015-03-03
2015-07-01 23:34:39,345 Starting Live from 2015-02-01 to 2015-03-03
2015-07-01 23:50:50,589 Starting Training from 2015-02-01 to 2015-03-03
2015-07-01 23:51:09,586 Starting Training from 2015-02-01 to 2015-03-03
2015-07-01 23:51:42,478 Starting Training from 2015-02-01 to 2015-03-03
2015-07-01 23:52:10,049 Starting Live from 2015-03-04 to 2015-04-03
2015-07-01 23:52:30,637 Starting Live from 2015-03-04 to 2015-04-03
2015-07-01 23:53:00,433 Starting Live from 2015-03-04 to 2015-04-03
2015-07-02 00:09:44,153 Starting Training from 2015-03-04 to 2015-04-03
2015-07-02 00:10:04,185 Starting Training from 2015-03-04 to 2015-04-03
2015-07-02 00:10:21,636 Starting Training from 2015-03-04 to 2015-04-03
2015-07-02 00:11:04,700 Starting Live from 2015-04-04 to 2015-04-10
2015-07-02 00:11:24,001 Starting Live from 2015-04-04 to 2015-04-10
2015-07-02 00:11:41,743 Starting Live from 2015-04-04 to 2015-04-10
2015-07-02 00:16:19,248 Starting Q Learning for : 
2015-07-02 00:16:19,248 alpha = 0.8
2015-07-02 00:16:19,248 gamma = 0.6
2015-07-02 00:16:19,248 individual factor = 10
2015-07-02 00:16:19,248 zero range = 0.01
2015-07-02 00:16:19,248 greedy level = 5
2015-07-02 00:16:19,248 

2015-07-02 00:16:21,686 Starting Training from 2015-01-01 to 2015-01-31
2015-07-02 00:16:57,704 Starting Q Learning for : 
2015-07-02 00:16:57,705 alpha = 0.2
2015-07-02 00:16:57,705 gamma = 0.4
2015-07-02 00:16:57,705 individual factor = 10
2015-07-02 00:16:57,705 zero range = 0.01
2015-07-02 00:16:57,705 greedy level = 5
2015-07-02 00:16:57,705 

2015-07-02 00:17:01,041 Starting Training from 2015-01-01 to 2015-01-31
2015-07-02 00:17:26,754 Starting Q Learning for : 
2015-07-02 00:17:26,754 alpha = 0.6
2015-07-02 00:17:26,754 gamma = 0.2
2015-07-02 00:17:26,754 individual factor = 10
2015-07-02 00:17:26,754 zero range = 0.01
2015-07-02 00:17:26,754 greedy level = 5
2015-07-02 00:17:26,754 

2015-07-02 00:17:30,413 Starting Training from 2015-01-01 to 2015-01-31
2015-07-02 00:31:28,859 Starting Live from 2015-02-01 to 2015-03-03
2015-07-02 00:32:08,650 Starting Live from 2015-02-01 to 2015-03-03
2015-07-02 00:32:23,840 Starting Live from 2015-02-01 to 2015-03-03
2015-07-02 00:49:54,398 Starting Training from 2015-02-01 to 2015-03-03
2015-07-02 00:50:13,244 Starting Training from 2015-02-01 to 2015-03-03
2015-07-02 00:50:30,187 Starting Training from 2015-02-01 to 2015-03-03
2015-07-02 00:52:45,590 Starting Live from 2015-03-04 to 2015-04-03
2015-07-02 00:52:52,837 Starting Live from 2015-03-04 to 2015-04-03
2015-07-02 00:52:57,955 Starting Live from 2015-03-04 to 2015-04-03
2015-07-02 01:10:03,631 Starting Training from 2015-03-04 to 2015-04-03
2015-07-02 01:10:20,414 Starting Training from 2015-03-04 to 2015-04-03
2015-07-02 01:10:23,389 Starting Training from 2015-03-04 to 2015-04-03
2015-07-02 01:11:28,695 Starting Live from 2015-04-04 to 2015-04-10
2015-07-02 01:11:43,898 Starting Live from 2015-04-04 to 2015-04-10
2015-07-02 01:11:47,516 Starting Live from 2015-04-04 to 2015-04-10
2015-07-02 01:15:41,572 Starting Q Learning for : 
2015-07-02 01:15:41,572 alpha = 0.8
2015-07-02 01:15:41,572 gamma = 0.7
2015-07-02 01:15:41,572 individual factor = 10
2015-07-02 01:15:41,573 zero range = 0.01
2015-07-02 01:15:41,573 greedy level = 5
2015-07-02 01:15:41,573 

2015-07-02 01:15:43,499 Starting Training from 2015-01-01 to 2015-01-31
2015-07-02 01:15:57,137 Starting Q Learning for : 
2015-07-02 01:15:57,138 alpha = 0.6
2015-07-02 01:15:57,138 gamma = 0.3
2015-07-02 01:15:57,138 individual factor = 10
2015-07-02 01:15:57,138 zero range = 0.01
2015-07-02 01:15:57,138 greedy level = 5
2015-07-02 01:15:57,138 

2015-07-02 01:15:58,595 Starting Training from 2015-01-01 to 2015-01-31
2015-07-02 01:16:01,949 Starting Q Learning for : 
2015-07-02 01:16:01,949 alpha = 0.2
2015-07-02 01:16:01,949 gamma = 0.5
2015-07-02 01:16:01,949 individual factor = 10
2015-07-02 01:16:01,949 zero range = 0.01
2015-07-02 01:16:01,949 greedy level = 5
2015-07-02 01:16:01,949 

2015-07-02 01:16:04,162 Starting Training from 2015-01-01 to 2015-01-31
2015-07-02 01:30:45,627 Starting Live from 2015-02-01 to 2015-03-03
2015-07-02 01:31:01,616 Starting Live from 2015-02-01 to 2015-03-03
2015-07-02 01:31:09,868 Starting Live from 2015-02-01 to 2015-03-03
2015-07-02 01:48:16,698 Starting Training from 2015-02-01 to 2015-03-03
2015-07-02 01:48:25,851 Starting Training from 2015-02-01 to 2015-03-03
2015-07-02 01:48:33,366 Starting Training from 2015-02-01 to 2015-03-03
2015-07-02 01:49:36,644 Starting Live from 2015-03-04 to 2015-04-03
2015-07-02 01:49:45,337 Starting Live from 2015-03-04 to 2015-04-03
2015-07-02 01:49:51,969 Starting Live from 2015-03-04 to 2015-04-03
2015-07-02 02:06:34,359 Starting Training from 2015-03-04 to 2015-04-03
2015-07-02 02:06:41,791 Starting Training from 2015-03-04 to 2015-04-03
2015-07-02 02:06:58,583 Starting Training from 2015-03-04 to 2015-04-03
2015-07-02 02:07:49,915 Starting Live from 2015-04-04 to 2015-04-10
2015-07-02 02:07:55,503 Starting Live from 2015-04-04 to 2015-04-10
2015-07-02 02:08:12,742 Starting Live from 2015-04-04 to 2015-04-10
2015-07-02 02:11:53,107 Starting Q Learning for : 
2015-07-02 02:11:53,107 alpha = 0.8
2015-07-02 02:11:53,108 gamma = 0.8
2015-07-02 02:11:53,108 individual factor = 10
2015-07-02 02:11:53,108 zero range = 0.01
2015-07-02 02:11:53,108 greedy level = 5
2015-07-02 02:11:53,108 

2015-07-02 02:11:54,506 Starting Training from 2015-01-01 to 2015-01-31
2015-07-02 02:11:56,407 Starting Q Learning for : 
2015-07-02 02:11:56,407 alpha = 0.6
2015-07-02 02:11:56,407 gamma = 0.4
2015-07-02 02:11:56,407 individual factor = 10
2015-07-02 02:11:56,407 zero range = 0.01
2015-07-02 02:11:56,407 greedy level = 5
2015-07-02 02:11:56,407 

2015-07-02 02:11:57,888 Starting Training from 2015-01-01 to 2015-01-31
2015-07-02 02:12:12,653 Starting Q Learning for : 
2015-07-02 02:12:12,653 alpha = 0.2
2015-07-02 02:12:12,653 gamma = 0.6
2015-07-02 02:12:12,653 individual factor = 10
2015-07-02 02:12:12,653 zero range = 0.01
2015-07-02 02:12:12,653 greedy level = 5
2015-07-02 02:12:12,653 

2015-07-02 02:12:14,246 Starting Training from 2015-01-01 to 2015-01-31
2015-07-02 02:26:27,264 Starting Live from 2015-02-01 to 2015-03-03
2015-07-02 02:26:32,799 Starting Live from 2015-02-01 to 2015-03-03
2015-07-02 02:26:43,922 Starting Live from 2015-02-01 to 2015-03-03
2015-07-02 02:43:29,892 Starting Training from 2015-02-01 to 2015-03-03
2015-07-02 02:43:36,921 Starting Training from 2015-02-01 to 2015-03-03
2015-07-02 02:43:52,567 Starting Training from 2015-02-01 to 2015-03-03
2015-07-02 02:44:51,938 Starting Live from 2015-03-04 to 2015-04-03
2015-07-02 02:44:58,643 Starting Live from 2015-03-04 to 2015-04-03
2015-07-02 02:45:12,301 Starting Live from 2015-03-04 to 2015-04-03
2015-07-02 03:02:51,150 Starting Training from 2015-03-04 to 2015-04-03
2015-07-02 03:03:10,320 Starting Training from 2015-03-04 to 2015-04-03
2015-07-02 03:03:15,938 Starting Training from 2015-03-04 to 2015-04-03
2015-07-02 03:04:22,730 Starting Live from 2015-04-04 to 2015-04-10
2015-07-02 03:04:36,909 Starting Live from 2015-04-04 to 2015-04-10
2015-07-02 03:04:43,598 Starting Live from 2015-04-04 to 2015-04-10
