2015-06-24 01:30:26,813 Starting Q Learning for : 
2015-06-24 01:30:26,813 alpha = 0.5
2015-06-24 01:30:26,813 gamma = 0.7
2015-06-24 01:30:26,813 individual factor = 12
2015-06-24 01:30:26,813 zero range = 0.01
2015-06-24 01:30:26,813 greedy level = 10
2015-06-24 01:30:26,815 

2015-06-24 01:30:35,055 Starting Training from 2014-12-17 to 2015-01-01
2015-06-24 01:41:01,148 Starting Live from 2015-01-02 to 2015-02-01
2015-06-24 01:59:22,615 Starting Training from 2015-01-17 to 2015-02-01
2015-06-24 02:00:20,051 Starting Live from 2015-02-02 to 2015-03-04
2015-06-24 02:12:56,630 Starting Training from 2015-02-17 to 2015-03-04
2015-06-24 02:18:05,177 Starting Live from 2015-03-05 to 2015-04-04
2015-06-24 02:34:12,551 Starting Training from 2015-03-20 to 2015-04-04
2015-06-24 02:36:08,806 Starting Live from 2015-04-05 to 2015-04-10
2015-06-24 02:39:47,694 Starting Q Learning for : 
2015-06-24 02:39:47,694 alpha = 0.5
2015-06-24 02:39:47,694 gamma = 0.8
2015-06-24 02:39:47,696 individual factor = 12
2015-06-24 02:39:47,696 zero range = 0.01
2015-06-24 02:39:47,696 greedy level = 10
2015-06-24 02:39:47,696 

2015-06-24 02:39:53,257 Starting Training from 2014-12-17 to 2015-01-01
2015-06-24 02:50:32,736 Starting Live from 2015-01-02 to 2015-02-01
2015-06-24 03:04:14,374 Starting Training from 2015-01-17 to 2015-02-01
2015-06-24 03:05:15,542 Starting Live from 2015-02-02 to 2015-03-04
2015-06-24 03:13:31,822 Starting Training from 2015-02-17 to 2015-03-04
2015-06-24 03:19:53,528 Starting Live from 2015-03-05 to 2015-04-04
2015-06-24 03:32:42,302 Starting Training from 2015-03-20 to 2015-04-04
2015-06-24 03:34:55,312 Starting Live from 2015-04-05 to 2015-04-10
2015-06-24 03:38:09,529 Starting Q Learning for : 
2015-06-24 03:38:09,529 alpha = 0.6
2015-06-24 03:38:09,529 gamma = 0.1
2015-06-24 03:38:09,529 individual factor = 12
2015-06-24 03:38:09,529 zero range = 0.01
2015-06-24 03:38:09,529 greedy level = 10
2015-06-24 03:38:09,529 

2015-06-24 03:38:14,315 Starting Training from 2014-12-17 to 2015-01-01
2015-06-24 03:47:50,295 Starting Live from 2015-01-02 to 2015-02-01
2015-06-24 04:07:54,625 Starting Training from 2015-01-17 to 2015-02-01
2015-06-24 04:08:52,980 Starting Live from 2015-02-02 to 2015-03-04
2015-06-24 04:32:53,937 Starting Training from 2015-02-17 to 2015-03-04
2015-06-24 04:34:43,128 Starting Live from 2015-03-05 to 2015-04-04
2015-06-24 05:02:11,717 Starting Training from 2015-03-20 to 2015-04-04
2015-06-24 05:03:21,440 Starting Live from 2015-04-05 to 2015-04-10
2015-06-24 05:11:13,658 Starting Q Learning for : 
2015-06-24 05:11:13,658 alpha = 0.6
2015-06-24 05:11:13,660 gamma = 0.2
2015-06-24 05:11:13,660 individual factor = 12
2015-06-24 05:11:13,660 zero range = 0.01
2015-06-24 05:11:13,660 greedy level = 10
2015-06-24 05:11:13,660 

2015-06-24 05:11:19,144 Starting Training from 2014-12-17 to 2015-01-01
2015-06-24 05:21:45,701 Starting Live from 2015-01-02 to 2015-02-01
2015-06-24 05:41:42,651 Starting Training from 2015-01-17 to 2015-02-01
2015-06-24 05:42:40,765 Starting Live from 2015-02-02 to 2015-03-04
2015-06-24 06:03:58,950 Starting Training from 2015-02-17 to 2015-03-04
2015-06-24 06:06:13,773 Starting Live from 2015-03-05 to 2015-04-04
2015-06-24 06:33:57,161 Starting Training from 2015-03-20 to 2015-04-04
2015-06-24 06:35:50,548 Starting Live from 2015-04-05 to 2015-04-10
2015-06-24 06:45:36,779 Starting Q Learning for : 
2015-06-24 06:45:36,779 alpha = 0.6
2015-06-24 06:45:36,779 gamma = 0.3
2015-06-24 06:45:36,779 individual factor = 12
2015-06-24 06:45:36,779 zero range = 0.01
2015-06-24 06:45:36,779 greedy level = 10
2015-06-24 06:45:36,779 

2015-06-24 06:45:42,446 Starting Training from 2014-12-17 to 2015-01-01
2015-06-24 06:55:26,362 Starting Live from 2015-01-02 to 2015-02-01
2015-06-24 07:15:26,556 Starting Training from 2015-01-17 to 2015-02-01
2015-06-24 07:16:25,140 Starting Live from 2015-02-02 to 2015-03-04
2015-06-24 07:38:21,348 Starting Training from 2015-02-17 to 2015-03-04
2015-06-24 07:40:20,359 Starting Live from 2015-03-05 to 2015-04-04
2015-06-24 08:04:53,017 Starting Training from 2015-03-20 to 2015-04-04
2015-06-24 08:06:48,394 Starting Live from 2015-04-05 to 2015-04-10
2015-06-24 08:14:21,473 Starting Q Learning for : 
2015-06-24 08:14:21,473 alpha = 0.6
2015-06-24 08:14:21,473 gamma = 0.4
2015-06-24 08:14:21,473 individual factor = 12
2015-06-24 08:14:21,473 zero range = 0.01
2015-06-24 08:14:21,473 greedy level = 10
2015-06-24 08:14:21,473 

2015-06-24 08:14:27,019 Starting Training from 2014-12-17 to 2015-01-01
2015-06-24 08:23:59,278 Starting Live from 2015-01-02 to 2015-02-01
2015-06-24 08:43:23,680 Starting Training from 2015-01-17 to 2015-02-01
2015-06-24 08:44:22,691 Starting Live from 2015-02-02 to 2015-03-04
2015-06-24 09:08:15,288 Starting Training from 2015-02-17 to 2015-03-04
2015-06-24 09:10:47,624 Starting Live from 2015-03-05 to 2015-04-04
2015-06-24 09:55:25,155 Starting Training from 2015-03-20 to 2015-04-04
2015-06-24 09:57:01,243 Starting Live from 2015-04-05 to 2015-04-10
2015-06-24 10:10:11,696 Starting Q Learning for : 
2015-06-24 10:10:11,696 alpha = 0.6
2015-06-24 10:10:11,696 gamma = 0.5
2015-06-24 10:10:11,696 individual factor = 12
2015-06-24 10:10:11,696 zero range = 0.01
2015-06-24 10:10:11,696 greedy level = 10
2015-06-24 10:10:11,696 

2015-06-24 10:10:18,464 Starting Training from 2014-12-17 to 2015-01-01
2015-06-24 10:20:43,799 Starting Live from 2015-01-02 to 2015-02-01
2015-06-24 10:40:07,963 Starting Training from 2015-01-17 to 2015-02-01
2015-06-24 10:41:02,951 Starting Live from 2015-02-02 to 2015-03-04
2015-06-24 11:03:57,095 Starting Training from 2015-02-17 to 2015-03-04
2015-06-24 11:05:21,309 Starting Live from 2015-03-05 to 2015-04-04
2015-06-24 11:33:11,292 Starting Training from 2015-03-20 to 2015-04-04
2015-06-24 11:35:01,447 Starting Live from 2015-04-05 to 2015-04-10
2015-06-24 11:43:58,839 Starting Q Learning for : 
2015-06-24 11:43:58,841 alpha = 0.6
2015-06-24 11:43:58,841 gamma = 0.6
2015-06-24 11:43:58,841 individual factor = 12
2015-06-24 11:43:58,841 zero range = 0.01
2015-06-24 11:43:58,841 greedy level = 10
2015-06-24 11:43:58,841 

2015-06-24 11:44:04,739 Starting Training from 2014-12-17 to 2015-01-01
2015-06-24 11:53:40,384 Starting Live from 2015-01-02 to 2015-02-01
2015-06-24 12:13:52,176 Starting Training from 2015-01-17 to 2015-02-01
2015-06-24 12:14:48,641 Starting Live from 2015-02-02 to 2015-03-04
2015-06-24 12:39:06,756 Starting Training from 2015-02-17 to 2015-03-04
2015-06-24 12:41:21,377 Starting Live from 2015-03-05 to 2015-04-04
2015-06-24 13:11:18,546 Starting Training from 2015-03-20 to 2015-04-04
2015-06-24 13:13:27,690 Starting Live from 2015-04-05 to 2015-04-10
2015-06-24 13:23:42,924 Starting Q Learning for : 
2015-06-24 13:23:42,924 alpha = 0.6
2015-06-24 13:23:42,924 gamma = 0.7
2015-06-24 13:23:42,926 individual factor = 12
2015-06-24 13:23:42,926 zero range = 0.01
2015-06-24 13:23:42,926 greedy level = 10
2015-06-24 13:23:42,926 

2015-06-24 13:23:51,713 Starting Training from 2014-12-17 to 2015-01-01
2015-06-24 13:35:06,927 Starting Live from 2015-01-02 to 2015-02-01
2015-06-24 13:54:24,331 Starting Training from 2015-01-17 to 2015-02-01
2015-06-24 13:55:30,069 Starting Live from 2015-02-02 to 2015-03-04
2015-06-24 14:10:25,822 Starting Training from 2015-02-17 to 2015-03-04
2015-06-24 14:15:52,515 Starting Live from 2015-03-05 to 2015-04-04
2015-06-24 14:33:27,410 Starting Training from 2015-03-20 to 2015-04-04
2015-06-24 14:35:54,822 Starting Live from 2015-04-05 to 2015-04-10
2015-06-24 14:40:24,637 Starting Q Learning for : 
2015-06-24 14:40:24,637 alpha = 0.6
2015-06-24 14:40:24,637 gamma = 0.8
2015-06-24 14:40:24,637 individual factor = 12
2015-06-24 14:40:24,637 zero range = 0.01
2015-06-24 14:40:24,637 greedy level = 10
2015-06-24 14:40:24,637 

2015-06-24 14:40:29,907 Starting Training from 2014-12-17 to 2015-01-01
2015-06-24 14:51:59,821 Starting Live from 2015-01-02 to 2015-02-01
2015-06-24 15:08:49,507 Starting Training from 2015-01-17 to 2015-02-01
2015-06-24 15:09:53,608 Starting Live from 2015-02-02 to 2015-03-04
2015-06-24 15:19:05,358 Starting Training from 2015-02-17 to 2015-03-04
2015-06-24 15:26:26,423 Starting Live from 2015-03-05 to 2015-04-04
2015-06-24 15:40:34,006 Starting Training from 2015-03-20 to 2015-04-04
2015-06-24 15:43:05,023 Starting Live from 2015-04-05 to 2015-04-10
2015-06-24 15:46:45,584 Starting Q Learning for : 
2015-06-24 15:46:45,584 alpha = 0.4
2015-06-24 15:46:45,584 gamma = 0.1
2015-06-24 15:46:45,584 individual factor = 12
2015-06-24 15:46:45,584 zero range = 0.01
2015-06-24 15:46:45,584 greedy level = 10
2015-06-24 15:46:45,584 

2015-06-24 15:46:50,680 Starting Training from 2014-12-17 to 2015-01-01
2015-06-24 15:58:23,434 Starting Live from 2015-01-02 to 2015-02-01
2015-06-24 16:21:21,714 Starting Training from 2015-01-17 to 2015-02-01
2015-06-24 16:22:38,971 Starting Live from 2015-02-02 to 2015-03-04
2015-06-24 16:49:37,733 Starting Training from 2015-02-17 to 2015-03-04
2015-06-24 16:51:20,556 Starting Live from 2015-03-05 to 2015-04-04
2015-06-24 17:24:54,424 Starting Training from 2015-03-20 to 2015-04-04
2015-06-24 17:26:59,503 Starting Live from 2015-04-05 to 2015-04-10
2015-06-24 17:37:35,082 Starting Q Learning for : 
2015-06-24 17:37:35,082 alpha = 0.4
2015-06-24 17:37:35,084 gamma = 0.2
2015-06-24 17:37:35,084 individual factor = 12
2015-06-24 17:37:35,084 zero range = 0.01
2015-06-24 17:37:35,084 greedy level = 10
2015-06-24 17:37:35,084 

2015-06-24 17:37:41,171 Starting Training from 2014-12-17 to 2015-01-01
2015-06-24 17:48:43,421 Starting Live from 2015-01-02 to 2015-02-01
2015-06-24 18:11:12,457 Starting Training from 2015-01-17 to 2015-02-01
2015-06-24 18:12:34,543 Starting Live from 2015-02-02 to 2015-03-04
2015-06-24 18:40:18,456 Starting Training from 2015-02-17 to 2015-03-04
2015-06-24 18:41:50,167 Starting Live from 2015-03-05 to 2015-04-04
2015-06-24 19:31:28,290 Starting Training from 2015-03-20 to 2015-04-04
2015-06-24 19:33:42,967 Starting Live from 2015-04-05 to 2015-04-10
2015-06-24 19:46:38,647 Starting Q Learning for : 
2015-06-24 19:46:38,647 alpha = 0.2
2015-06-24 19:46:38,647 gamma = 0.1
2015-06-24 19:46:38,648 individual factor = 12
2015-06-24 19:46:38,648 zero range = 0.01
2015-06-24 19:46:38,648 greedy level = 10
2015-06-24 19:46:38,648 

2015-06-24 19:46:44,802 Starting Training from 2014-12-17 to 2015-01-01
2015-06-24 19:57:36,096 Starting Live from 2015-01-02 to 2015-02-01
2015-06-24 20:19:33,756 Starting Training from 2015-01-17 to 2015-02-01
2015-06-24 20:20:36,908 Starting Live from 2015-02-02 to 2015-03-04
2015-06-24 20:45:55,209 Starting Training from 2015-02-17 to 2015-03-04
2015-06-24 20:48:26,769 Starting Live from 2015-03-05 to 2015-04-04
2015-06-24 21:22:22,914 Starting Training from 2015-03-20 to 2015-04-04
2015-06-24 21:23:29,082 Starting Live from 2015-04-05 to 2015-04-10
2015-06-24 21:33:58,420 Starting Q Learning for : 
2015-06-24 21:33:58,421 alpha = 0.2
2015-06-24 21:33:58,421 gamma = 0.2
2015-06-24 21:33:58,421 individual factor = 12
2015-06-24 21:33:58,421 zero range = 0.01
2015-06-24 21:33:58,421 greedy level = 10
2015-06-24 21:33:58,421 

2015-06-24 21:34:03,721 Starting Training from 2014-12-17 to 2015-01-01
2015-06-24 21:44:12,881 Starting Live from 2015-01-02 to 2015-02-01
2015-06-24 22:05:00,855 Starting Training from 2015-01-17 to 2015-02-01
2015-06-24 22:06:01,082 Starting Live from 2015-02-02 to 2015-03-04
2015-06-24 22:28:27,150 Starting Training from 2015-02-17 to 2015-03-04
2015-06-24 22:30:48,388 Starting Live from 2015-03-05 to 2015-04-04
2015-06-24 22:59:12,642 Starting Training from 2015-03-20 to 2015-04-04
2015-06-24 23:01:02,450 Starting Live from 2015-04-05 to 2015-04-10
2015-06-24 23:09:16,592 Starting Q Learning for : 
2015-06-24 23:09:16,592 alpha = 0.2
2015-06-24 23:09:16,592 gamma = 0.3
2015-06-24 23:09:16,592 individual factor = 12
2015-06-24 23:09:16,592 zero range = 0.01
2015-06-24 23:09:16,592 greedy level = 10
2015-06-24 23:09:16,592 

2015-06-24 23:09:22,221 Starting Training from 2014-12-17 to 2015-01-01
2015-06-24 23:20:03,776 Starting Live from 2015-01-02 to 2015-02-01
2015-06-24 23:41:29,785 Starting Training from 2015-01-17 to 2015-02-01
2015-06-24 23:42:46,171 Starting Live from 2015-02-02 to 2015-03-04
2015-06-25 00:09:53,371 Starting Training from 2015-02-17 to 2015-03-04
2015-06-25 00:11:29,092 Starting Live from 2015-03-05 to 2015-04-04
2015-06-25 01:25:39,487 Starting Training from 2015-03-20 to 2015-04-04
2015-06-25 01:26:52,823 Starting Live from 2015-04-05 to 2015-04-10
2015-06-25 01:43:31,513 Starting Q Learning for : 
2015-06-25 01:43:31,513 alpha = 0.2
2015-06-25 01:43:31,513 gamma = 0.4
2015-06-25 01:43:31,513 individual factor = 12
2015-06-25 01:43:31,513 zero range = 0.01
2015-06-25 01:43:31,513 greedy level = 10
2015-06-25 01:43:31,513 

2015-06-25 01:43:37,785 Starting Training from 2014-12-17 to 2015-01-01
2015-06-25 01:54:01,204 Starting Live from 2015-01-02 to 2015-02-01
2015-06-25 02:14:01,743 Starting Training from 2015-01-17 to 2015-02-01
2015-06-25 02:15:11,198 Starting Live from 2015-02-02 to 2015-03-04
2015-06-25 02:40:20,322 Starting Training from 2015-02-17 to 2015-03-04
2015-06-25 02:41:40,709 Starting Live from 2015-03-05 to 2015-04-04
2015-06-25 03:10:17,552 Starting Training from 2015-03-20 to 2015-04-04
2015-06-25 03:12:21,993 Starting Live from 2015-04-05 to 2015-04-10
2015-06-25 03:22:20,341 Starting Q Learning for : 
2015-06-25 03:22:20,342 alpha = 0.2
2015-06-25 03:22:20,342 gamma = 0.5
2015-06-25 03:22:20,342 individual factor = 12
2015-06-25 03:22:20,342 zero range = 0.01
2015-06-25 03:22:20,342 greedy level = 10
2015-06-25 03:22:20,342 

2015-06-25 03:22:26,020 Starting Training from 2014-12-17 to 2015-01-01
2015-06-25 03:32:08,608 Starting Live from 2015-01-02 to 2015-02-01
2015-06-25 03:51:59,305 Starting Training from 2015-01-17 to 2015-02-01
2015-06-25 03:52:55,188 Starting Live from 2015-02-02 to 2015-03-04
2015-06-25 04:18:33,345 Starting Training from 2015-02-17 to 2015-03-04
2015-06-25 04:19:59,167 Starting Live from 2015-03-05 to 2015-04-04
2015-06-25 05:01:22,283 Starting Training from 2015-03-20 to 2015-04-04
2015-06-25 05:02:34,628 Starting Live from 2015-04-05 to 2015-04-10
2015-06-25 05:14:05,665 Starting Q Learning for : 
2015-06-25 05:14:05,665 alpha = 0.2
2015-06-25 05:14:05,665 gamma = 0.6
2015-06-25 05:14:05,665 individual factor = 12
2015-06-25 05:14:05,665 zero range = 0.01
2015-06-25 05:14:05,665 greedy level = 10
2015-06-25 05:14:05,665 

2015-06-25 05:14:11,552 Starting Training from 2014-12-17 to 2015-01-01
2015-06-25 05:23:46,891 Starting Live from 2015-01-02 to 2015-02-01
2015-06-25 05:43:15,828 Starting Training from 2015-01-17 to 2015-02-01
2015-06-25 05:44:11,984 Starting Live from 2015-02-02 to 2015-03-04
2015-06-25 06:05:45,691 Starting Training from 2015-02-17 to 2015-03-04
2015-06-25 06:07:44,259 Starting Live from 2015-03-05 to 2015-04-04
2015-06-25 06:32:51,862 Starting Training from 2015-03-20 to 2015-04-04
2015-06-25 06:34:29,204 Starting Live from 2015-04-05 to 2015-04-10
2015-06-25 06:43:00,694 Starting Q Learning for : 
2015-06-25 06:43:00,694 alpha = 0.8
2015-06-25 06:43:00,694 gamma = 0.8
2015-06-25 06:43:00,694 individual factor = 12
2015-06-25 06:43:00,694 zero range = 0.006
2015-06-25 06:43:00,694 greedy level = 10
2015-06-25 06:43:00,694 

2015-06-25 06:43:06,319 Starting Training from 2014-12-17 to 2015-01-01
2015-06-25 06:52:29,490 Starting Live from 2015-01-02 to 2015-02-01
2015-06-25 07:06:35,727 Starting Training from 2015-01-17 to 2015-02-01
2015-06-25 07:07:29,365 Starting Live from 2015-02-02 to 2015-03-04
2015-06-25 07:14:51,971 Starting Training from 2015-02-17 to 2015-03-04
2015-06-25 07:21:31,630 Starting Live from 2015-03-05 to 2015-04-04
2015-06-25 07:33:37,661 Starting Training from 2015-03-20 to 2015-04-04
2015-06-25 07:35:41,059 Starting Live from 2015-04-05 to 2015-04-10
