2015-06-25 19:18:48,661 Starting Q Learning for : 
2015-06-25 19:18:48,661 alpha = 0.6
2015-06-25 19:18:48,661 gamma = 0.3
2015-06-25 19:18:48,661 individual factor = 8
2015-06-25 19:18:48,661 zero range = 0.01
2015-06-25 19:18:48,661 greedy level = 5
2015-06-25 19:18:48,661 

2015-06-25 19:18:57,463 Starting Training from 2014-12-17 to 2015-01-01
2015-06-25 19:32:14,713 Starting Live from 2015-01-02 to 2015-02-01
2015-06-25 20:03:48,421 Starting Training from 2015-01-17 to 2015-02-01
2015-06-25 20:05:41,602 Starting Live from 2015-02-02 to 2015-03-04
2015-06-25 20:34:53,785 Starting Training from 2015-02-17 to 2015-03-04
2015-06-25 20:37:00,319 Starting Live from 2015-03-05 to 2015-04-04
2015-06-25 21:04:26,299 Starting Training from 2015-03-20 to 2015-04-04
2015-06-25 21:05:40,220 Starting Live from 2015-04-05 to 2015-04-10
2015-06-25 21:13:35,483 Starting Q Learning for : 
2015-06-25 21:13:35,483 alpha = 0.6
2015-06-25 21:13:35,483 gamma = 0.4
2015-06-25 21:13:35,483 individual factor = 8
2015-06-25 21:13:35,483 zero range = 0.01
2015-06-25 21:13:35,484 greedy level = 5
2015-06-25 21:13:35,484 

2015-06-25 21:13:41,615 Starting Training from 2014-12-17 to 2015-01-01
2015-06-25 21:26:04,779 Starting Live from 2015-01-02 to 2015-02-01
2015-06-25 21:57:27,897 Starting Training from 2015-01-17 to 2015-02-01
2015-06-25 21:59:44,957 Starting Live from 2015-02-02 to 2015-03-04
2015-06-25 22:29:36,736 Starting Training from 2015-02-17 to 2015-03-04
2015-06-25 22:31:50,313 Starting Live from 2015-03-05 to 2015-04-04
2015-06-25 23:01:57,433 Starting Training from 2015-03-20 to 2015-04-04
2015-06-25 23:03:14,816 Starting Live from 2015-04-05 to 2015-04-10
2015-06-25 23:12:36,727 Starting Q Learning for : 
2015-06-25 23:12:36,727 alpha = 0.6
2015-06-25 23:12:36,727 gamma = 0.5
2015-06-25 23:12:36,727 individual factor = 8
2015-06-25 23:12:36,727 zero range = 0.01
2015-06-25 23:12:36,727 greedy level = 5
2015-06-25 23:12:36,727 

2015-06-25 23:12:42,927 Starting Training from 2014-12-17 to 2015-01-01
2015-06-25 23:25:14,898 Starting Live from 2015-01-02 to 2015-02-01
2015-06-25 23:59:04,790 Starting Training from 2015-01-17 to 2015-02-01
2015-06-26 00:01:09,786 Starting Live from 2015-02-02 to 2015-03-04
2015-06-26 00:30:17,239 Starting Training from 2015-02-17 to 2015-03-04
2015-06-26 00:32:19,309 Starting Live from 2015-03-05 to 2015-04-04
2015-06-26 00:57:39,313 Starting Training from 2015-03-20 to 2015-04-04
2015-06-26 00:59:21,558 Starting Live from 2015-04-05 to 2015-04-10
2015-06-26 01:07:34,732 Starting Q Learning for : 
2015-06-26 01:07:34,732 alpha = 0.6
2015-06-26 01:07:34,732 gamma = 0.6
2015-06-26 01:07:34,732 individual factor = 8
2015-06-26 01:07:34,732 zero range = 0.01
2015-06-26 01:07:34,732 greedy level = 5
2015-06-26 01:07:34,732 

2015-06-26 01:07:41,808 Starting Training from 2014-12-17 to 2015-01-01
2015-06-26 01:20:28,486 Starting Live from 2015-01-02 to 2015-02-01
2015-06-26 01:53:58,286 Starting Training from 2015-01-17 to 2015-02-01
2015-06-26 01:55:51,796 Starting Live from 2015-02-02 to 2015-03-04
2015-06-26 02:26:48,596 Starting Training from 2015-02-17 to 2015-03-04
2015-06-26 02:29:23,296 Starting Live from 2015-03-05 to 2015-04-04
2015-06-26 02:58:33,471 Starting Training from 2015-03-20 to 2015-04-04
2015-06-26 02:59:51,095 Starting Live from 2015-04-05 to 2015-04-10
2015-06-26 03:08:35,770 Starting Q Learning for : 
2015-06-26 03:08:35,770 alpha = 0.6
2015-06-26 03:08:35,770 gamma = 0.7
2015-06-26 03:08:35,770 individual factor = 8
2015-06-26 03:08:35,772 zero range = 0.01
2015-06-26 03:08:35,772 greedy level = 5
2015-06-26 03:08:35,772 

2015-06-26 03:08:42,401 Starting Training from 2014-12-17 to 2015-01-01
2015-06-26 03:22:19,275 Starting Live from 2015-01-02 to 2015-02-01
2015-06-26 03:54:28,865 Starting Training from 2015-01-17 to 2015-02-01
2015-06-26 03:56:54,404 Starting Live from 2015-02-02 to 2015-03-04
2015-06-26 04:22:17,694 Starting Training from 2015-02-17 to 2015-03-04
2015-06-26 04:26:12,157 Starting Live from 2015-03-05 to 2015-04-04
2015-06-26 04:48:39,438 Starting Training from 2015-03-20 to 2015-04-04
2015-06-26 04:51:48,091 Starting Live from 2015-04-05 to 2015-04-10
2015-06-26 04:59:02,000 Starting Q Learning for : 
2015-06-26 04:59:02,000 alpha = 0.6
2015-06-26 04:59:02,002 gamma = 0.8
2015-06-26 04:59:02,002 individual factor = 8
2015-06-26 04:59:02,002 zero range = 0.01
2015-06-26 04:59:02,002 greedy level = 5
2015-06-26 04:59:02,002 

2015-06-26 04:59:08,592 Starting Training from 2014-12-17 to 2015-01-01
2015-06-26 05:12:19,641 Starting Live from 2015-01-02 to 2015-02-01
2015-06-26 05:40:55,612 Starting Training from 2015-01-17 to 2015-02-01
2015-06-26 05:42:54,474 Starting Live from 2015-02-02 to 2015-03-04
2015-06-26 06:00:06,301 Starting Training from 2015-02-17 to 2015-03-04
2015-06-26 06:06:41,490 Starting Live from 2015-03-05 to 2015-04-04
2015-06-26 06:25:26,543 Starting Training from 2015-03-20 to 2015-04-04
2015-06-26 06:29:23,119 Starting Live from 2015-04-05 to 2015-04-10
2015-06-26 06:36:43,104 Starting Q Learning for : 
2015-06-26 06:36:43,104 alpha = 0.4
2015-06-26 06:36:43,104 gamma = 0.1
2015-06-26 06:36:43,104 individual factor = 8
2015-06-26 06:36:43,104 zero range = 0.01
2015-06-26 06:36:43,104 greedy level = 5
2015-06-26 06:36:43,105 

2015-06-26 06:36:49,543 Starting Training from 2014-12-17 to 2015-01-01
2015-06-26 06:49:25,036 Starting Live from 2015-01-02 to 2015-02-01
2015-06-26 07:22:23,326 Starting Training from 2015-01-17 to 2015-02-01
2015-06-26 07:24:20,992 Starting Live from 2015-02-02 to 2015-03-04
2015-06-26 07:53:25,279 Starting Training from 2015-02-17 to 2015-03-04
2015-06-26 07:55:37,181 Starting Live from 2015-03-05 to 2015-04-04
2015-06-26 08:25:20,631 Starting Training from 2015-03-20 to 2015-04-04
2015-06-26 08:26:55,204 Starting Live from 2015-04-05 to 2015-04-10
2015-06-26 08:35:38,670 Starting Q Learning for : 
2015-06-26 08:35:38,671 alpha = 0.4
2015-06-26 08:35:38,671 gamma = 0.2
2015-06-26 08:35:38,671 individual factor = 8
2015-06-26 08:35:38,671 zero range = 0.01
2015-06-26 08:35:38,671 greedy level = 5
2015-06-26 08:35:38,671 

2015-06-26 08:35:44,164 Starting Training from 2014-12-17 to 2015-01-01
2015-06-26 08:48:33,845 Starting Live from 2015-01-02 to 2015-02-01
2015-06-26 09:20:57,296 Starting Training from 2015-01-17 to 2015-02-01
2015-06-26 09:22:53,809 Starting Live from 2015-02-02 to 2015-03-04
2015-06-26 09:51:52,776 Starting Training from 2015-02-17 to 2015-03-04
2015-06-26 09:54:23,595 Starting Live from 2015-03-05 to 2015-04-04
2015-06-26 10:24:45,016 Starting Training from 2015-03-20 to 2015-04-04
2015-06-26 10:26:04,155 Starting Live from 2015-04-05 to 2015-04-10
2015-06-26 10:34:23,089 Starting Q Learning for : 
2015-06-26 10:34:23,089 alpha = 0.4
2015-06-26 10:34:23,089 gamma = 0.3
2015-06-26 10:34:23,091 individual factor = 8
2015-06-26 10:34:23,091 zero range = 0.01
2015-06-26 10:34:23,091 greedy level = 5
2015-06-26 10:34:23,091 

2015-06-26 10:34:28,973 Starting Training from 2014-12-17 to 2015-01-01
2015-06-26 10:47:19,184 Starting Live from 2015-01-02 to 2015-02-01
2015-06-26 11:19:21,280 Starting Training from 2015-01-17 to 2015-02-01
2015-06-26 11:21:14,552 Starting Live from 2015-02-02 to 2015-03-04
2015-06-26 11:51:16,170 Starting Training from 2015-02-17 to 2015-03-04
2015-06-26 11:53:21,404 Starting Live from 2015-03-05 to 2015-04-04
2015-06-26 12:22:07,490 Starting Training from 2015-03-20 to 2015-04-04
2015-06-26 12:23:22,709 Starting Live from 2015-04-05 to 2015-04-10
2015-06-26 12:32:23,765 Starting Q Learning for : 
2015-06-26 12:32:23,766 alpha = 0.4
2015-06-26 12:32:23,766 gamma = 0.4
2015-06-26 12:32:23,766 individual factor = 8
2015-06-26 12:32:23,766 zero range = 0.01
2015-06-26 12:32:23,766 greedy level = 5
2015-06-26 12:32:23,766 

2015-06-26 12:32:29,822 Starting Training from 2014-12-17 to 2015-01-01
2015-06-26 12:44:57,131 Starting Live from 2015-01-02 to 2015-02-01
2015-06-26 13:17:46,892 Starting Training from 2015-01-17 to 2015-02-01
2015-06-26 13:19:42,556 Starting Live from 2015-02-02 to 2015-03-04
2015-06-26 13:49:44,940 Starting Training from 2015-02-17 to 2015-03-04
2015-06-26 13:51:49,380 Starting Live from 2015-03-05 to 2015-04-04
2015-06-26 14:20:19,140 Starting Training from 2015-03-20 to 2015-04-04
2015-06-26 14:21:35,046 Starting Live from 2015-04-05 to 2015-04-10
2015-06-26 14:30:31,206 Starting Q Learning for : 
2015-06-26 14:30:31,206 alpha = 0.4
2015-06-26 14:30:31,206 gamma = 0.5
2015-06-26 14:30:31,206 individual factor = 8
2015-06-26 14:30:31,206 zero range = 0.01
2015-06-26 14:30:31,206 greedy level = 5
2015-06-26 14:30:31,206 

2015-06-26 14:30:37,338 Starting Training from 2014-12-17 to 2015-01-01
2015-06-26 14:43:10,230 Starting Live from 2015-01-02 to 2015-02-01
2015-06-26 15:17:35,914 Starting Training from 2015-01-17 to 2015-02-01
2015-06-26 15:19:40,667 Starting Live from 2015-02-02 to 2015-03-04
2015-06-26 15:50:17,305 Starting Training from 2015-02-17 to 2015-03-04
2015-06-26 15:52:41,505 Starting Live from 2015-03-05 to 2015-04-04
2015-06-26 16:21:58,851 Starting Training from 2015-03-20 to 2015-04-04
2015-06-26 16:23:13,578 Starting Live from 2015-04-05 to 2015-04-10
2015-06-26 16:31:26,201 Starting Q Learning for : 
2015-06-26 16:31:26,201 alpha = 0.4
2015-06-26 16:31:26,203 gamma = 0.6
2015-06-26 16:31:26,203 individual factor = 8
2015-06-26 16:31:26,203 zero range = 0.01
2015-06-26 16:31:26,203 greedy level = 5
2015-06-26 16:31:26,203 

2015-06-26 16:31:31,242 Starting Training from 2014-12-17 to 2015-01-01
2015-06-26 16:44:34,808 Starting Live from 2015-01-02 to 2015-02-01
2015-06-26 17:16:04,410 Starting Training from 2015-01-17 to 2015-02-01
2015-06-26 17:18:02,956 Starting Live from 2015-02-02 to 2015-03-04
2015-06-26 17:47:34,496 Starting Training from 2015-02-17 to 2015-03-04
2015-06-26 17:50:02,260 Starting Live from 2015-03-05 to 2015-04-04
2015-06-26 18:19:01,621 Starting Training from 2015-03-20 to 2015-04-04
2015-06-26 18:20:26,118 Starting Live from 2015-04-05 to 2015-04-10
2015-06-26 18:28:45,855 Starting Q Learning for : 
2015-06-26 18:28:45,855 alpha = 0.4
2015-06-26 18:28:45,855 gamma = 0.7
2015-06-26 18:28:45,855 individual factor = 8
2015-06-26 18:28:45,855 zero range = 0.01
2015-06-26 18:28:45,855 greedy level = 5
2015-06-26 18:28:45,855 

2015-06-26 18:28:53,030 Starting Training from 2014-12-17 to 2015-01-01
2015-06-26 18:42:11,648 Starting Live from 2015-01-02 to 2015-02-01
2015-06-26 19:13:40,775 Starting Training from 2015-01-17 to 2015-02-01
2015-06-26 19:15:36,444 Starting Live from 2015-02-02 to 2015-03-04
2015-06-26 19:38:57,701 Starting Training from 2015-02-17 to 2015-03-04
2015-06-26 19:43:11,403 Starting Live from 2015-03-05 to 2015-04-04
2015-06-26 20:04:43,756 Starting Training from 2015-03-20 to 2015-04-04
2015-06-26 20:07:54,806 Starting Live from 2015-04-05 to 2015-04-10
2015-06-26 20:14:44,897 Starting Q Learning for : 
2015-06-26 20:14:44,897 alpha = 0.4
2015-06-26 20:14:44,897 gamma = 0.8
2015-06-26 20:14:44,897 individual factor = 8
2015-06-26 20:14:44,897 zero range = 0.01
2015-06-26 20:14:44,898 greedy level = 5
2015-06-26 20:14:44,898 

2015-06-26 20:14:50,956 Starting Training from 2014-12-17 to 2015-01-01
2015-06-26 20:28:20,746 Starting Live from 2015-01-02 to 2015-02-01
2015-06-26 20:57:35,104 Starting Training from 2015-01-17 to 2015-02-01
2015-06-26 20:59:35,684 Starting Live from 2015-02-02 to 2015-03-04
2015-06-26 21:16:44,072 Starting Training from 2015-02-17 to 2015-03-04
2015-06-26 21:23:14,020 Starting Live from 2015-03-05 to 2015-04-04
2015-06-26 21:40:41,717 Starting Training from 2015-03-20 to 2015-04-04
2015-06-26 21:44:39,118 Starting Live from 2015-04-05 to 2015-04-10
2015-06-26 21:50:20,358 Starting Q Learning for : 
2015-06-26 21:50:20,358 alpha = 0.2
2015-06-26 21:50:20,358 gamma = 0.1
2015-06-26 21:50:20,359 individual factor = 8
2015-06-26 21:50:20,359 zero range = 0.01
2015-06-26 21:50:20,359 greedy level = 5
2015-06-26 21:50:20,359 

2015-06-26 21:50:26,094 Starting Training from 2014-12-17 to 2015-01-01
2015-06-26 22:03:29,680 Starting Live from 2015-01-02 to 2015-02-01
2015-06-26 22:35:35,305 Starting Training from 2015-01-17 to 2015-02-01
2015-06-26 22:37:34,417 Starting Live from 2015-02-02 to 2015-03-04
2015-06-26 23:07:54,907 Starting Training from 2015-02-17 to 2015-03-04
2015-06-26 23:10:09,288 Starting Live from 2015-03-05 to 2015-04-04
2015-06-26 23:39:00,150 Starting Training from 2015-03-20 to 2015-04-04
2015-06-26 23:40:21,519 Starting Live from 2015-04-05 to 2015-04-10
2015-06-26 23:48:40,421 Starting Q Learning for : 
2015-06-26 23:48:40,421 alpha = 0.2
2015-06-26 23:48:40,421 gamma = 0.2
2015-06-26 23:48:40,421 individual factor = 8
2015-06-26 23:48:40,421 zero range = 0.01
2015-06-26 23:48:40,421 greedy level = 5
2015-06-26 23:48:40,421 

2015-06-26 23:48:47,269 Starting Training from 2014-12-17 to 2015-01-01
2015-06-27 00:02:09,940 Starting Live from 2015-01-02 to 2015-02-01
2015-06-27 00:34:56,286 Starting Training from 2015-01-17 to 2015-02-01
2015-06-27 00:37:19,339 Starting Live from 2015-02-02 to 2015-03-04
2015-06-27 01:07:03,658 Starting Training from 2015-02-17 to 2015-03-04
2015-06-27 01:09:11,937 Starting Live from 2015-03-05 to 2015-04-04
2015-06-27 01:37:18,381 Starting Training from 2015-03-20 to 2015-04-04
2015-06-27 01:38:34,430 Starting Live from 2015-04-05 to 2015-04-10
2015-06-27 01:47:42,852 Starting Q Learning for : 
2015-06-27 01:47:42,854 alpha = 0.2
2015-06-27 01:47:42,854 gamma = 0.3
2015-06-27 01:47:42,854 individual factor = 8
2015-06-27 01:47:42,854 zero range = 0.01
2015-06-27 01:47:42,854 greedy level = 5
2015-06-27 01:47:42,854 

2015-06-27 01:47:49,549 Starting Training from 2014-12-17 to 2015-01-01
2015-06-27 02:00:21,766 Starting Live from 2015-01-02 to 2015-02-01
2015-06-27 02:33:53,025 Starting Training from 2015-01-17 to 2015-02-01
2015-06-27 02:35:50,608 Starting Live from 2015-02-02 to 2015-03-04
2015-06-27 03:06:21,280 Starting Training from 2015-02-17 to 2015-03-04
2015-06-27 03:08:27,737 Starting Live from 2015-03-05 to 2015-04-04
2015-06-27 03:36:40,789 Starting Training from 2015-03-20 to 2015-04-04
2015-06-27 03:38:04,923 Starting Live from 2015-04-05 to 2015-04-10
2015-06-27 03:47:09,845 Starting Q Learning for : 
2015-06-27 03:47:09,845 alpha = 0.2
2015-06-27 03:47:09,845 gamma = 0.4
2015-06-27 03:47:09,845 individual factor = 8
2015-06-27 03:47:09,845 zero range = 0.01
2015-06-27 03:47:09,845 greedy level = 5
2015-06-27 03:47:09,845 

2015-06-27 03:47:16,805 Starting Training from 2014-12-17 to 2015-01-01
2015-06-27 03:59:41,782 Starting Live from 2015-01-02 to 2015-02-01
2015-06-27 04:32:55,319 Starting Training from 2015-01-17 to 2015-02-01
2015-06-27 04:35:01,552 Starting Live from 2015-02-02 to 2015-03-04
2015-06-27 05:05:01,352 Starting Training from 2015-02-17 to 2015-03-04
2015-06-27 05:07:07,523 Starting Live from 2015-03-05 to 2015-04-04
2015-06-27 05:36:37,142 Starting Training from 2015-03-20 to 2015-04-04
2015-06-27 05:37:55,108 Starting Live from 2015-04-05 to 2015-04-10
2015-06-27 05:46:22,302 Starting Q Learning for : 
2015-06-27 05:46:22,302 alpha = 0.2
2015-06-27 05:46:22,302 gamma = 0.5
2015-06-27 05:46:22,302 individual factor = 8
2015-06-27 05:46:22,302 zero range = 0.01
2015-06-27 05:46:22,303 greedy level = 5
2015-06-27 05:46:22,303 

2015-06-27 05:46:29,253 Starting Training from 2014-12-17 to 2015-01-01
2015-06-27 05:59:46,686 Starting Live from 2015-01-02 to 2015-02-01
2015-06-27 06:32:21,730 Starting Training from 2015-01-17 to 2015-02-01
2015-06-27 06:34:12,769 Starting Live from 2015-02-02 to 2015-03-04
2015-06-27 07:02:56,140 Starting Training from 2015-02-17 to 2015-03-04
2015-06-27 07:05:26,571 Starting Live from 2015-03-05 to 2015-04-04
2015-06-27 07:33:49,404 Starting Training from 2015-03-20 to 2015-04-04
2015-06-27 07:35:03,996 Starting Live from 2015-04-05 to 2015-04-10
2015-06-27 07:43:24,670 Starting Q Learning for : 
2015-06-27 07:43:24,670 alpha = 0.2
2015-06-27 07:43:24,670 gamma = 0.6
2015-06-27 07:43:24,670 individual factor = 8
2015-06-27 07:43:24,670 zero range = 0.01
2015-06-27 07:43:24,670 greedy level = 5
2015-06-27 07:43:24,670 

2015-06-27 07:43:32,249 Starting Training from 2014-12-17 to 2015-01-01
2015-06-27 07:56:47,084 Starting Live from 2015-01-02 to 2015-02-01
2015-06-27 08:29:36,197 Starting Training from 2015-01-17 to 2015-02-01
2015-06-27 08:31:31,375 Starting Live from 2015-02-02 to 2015-03-04
2015-06-27 09:01:29,480 Starting Training from 2015-02-17 to 2015-03-04
2015-06-27 09:03:49,171 Starting Live from 2015-03-05 to 2015-04-04
2015-06-27 09:31:34,398 Starting Training from 2015-03-20 to 2015-04-04
2015-06-27 09:32:48,331 Starting Live from 2015-04-05 to 2015-04-10
2015-06-27 09:41:00,411 Starting Q Learning for : 
2015-06-27 09:41:00,411 alpha = 0.6
2015-06-27 09:41:00,411 gamma = 0.3
2015-06-27 09:41:00,411 individual factor = 8
2015-06-27 09:41:00,411 zero range = 0.006
2015-06-27 09:41:00,411 greedy level = 5
2015-06-27 09:41:00,411 

2015-06-27 09:41:06,710 Starting Training from 2014-12-17 to 2015-01-01
2015-06-27 09:53:57,033 Starting Live from 2015-01-02 to 2015-02-01
2015-06-27 10:26:05,415 Starting Training from 2015-01-17 to 2015-02-01
2015-06-27 10:28:04,026 Starting Live from 2015-02-02 to 2015-03-04
2015-06-27 10:57:52,082 Starting Training from 2015-02-17 to 2015-03-04
2015-06-27 10:59:55,726 Starting Live from 2015-03-05 to 2015-04-04
2015-06-27 11:29:08,242 Starting Training from 2015-03-20 to 2015-04-04
2015-06-27 11:30:24,259 Starting Live from 2015-04-05 to 2015-04-10
2015-06-27 11:39:08,367 Starting Q Learning for : 
2015-06-27 11:39:08,367 alpha = 0.6
2015-06-27 11:39:08,367 gamma = 0.4
2015-06-27 11:39:08,367 individual factor = 8
2015-06-27 11:39:08,367 zero range = 0.006
2015-06-27 11:39:08,367 greedy level = 5
2015-06-27 11:39:08,367 

2015-06-27 11:39:18,163 Starting Training from 2014-12-17 to 2015-01-01
2015-06-27 11:52:00,073 Starting Live from 2015-01-02 to 2015-02-01
2015-06-27 12:23:51,267 Starting Training from 2015-01-17 to 2015-02-01
2015-06-27 12:26:21,372 Starting Live from 2015-02-02 to 2015-03-04
2015-06-27 12:56:02,436 Starting Training from 2015-02-17 to 2015-03-04
2015-06-27 12:58:08,940 Starting Live from 2015-03-05 to 2015-04-04
2015-06-27 13:26:37,792 Starting Training from 2015-03-20 to 2015-04-04
2015-06-27 13:27:53,596 Starting Live from 2015-04-05 to 2015-04-10
2015-06-27 13:37:01,394 Starting Q Learning for : 
2015-06-27 13:37:01,394 alpha = 0.6
2015-06-27 13:37:01,394 gamma = 0.5
2015-06-27 13:37:01,394 individual factor = 8
2015-06-27 13:37:01,394 zero range = 0.006
2015-06-27 13:37:01,394 greedy level = 5
2015-06-27 13:37:01,394 

2015-06-27 13:37:08,759 Starting Training from 2014-12-17 to 2015-01-01
2015-06-27 13:49:33,559 Starting Live from 2015-01-02 to 2015-02-01
2015-06-27 14:21:43,917 Starting Training from 2015-01-17 to 2015-02-01
2015-06-27 14:23:34,655 Starting Live from 2015-02-02 to 2015-03-04
2015-06-27 14:49:42,957 Starting Training from 2015-02-17 to 2015-03-04
2015-06-27 14:51:53,661 Starting Live from 2015-03-05 to 2015-04-04
2015-06-27 15:20:29,617 Starting Training from 2015-03-20 to 2015-04-04
2015-06-27 15:21:53,578 Starting Live from 2015-04-05 to 2015-04-10
2015-06-27 15:31:08,829 Starting Q Learning for : 
2015-06-27 15:31:08,829 alpha = 0.6
2015-06-27 15:31:08,829 gamma = 0.6
2015-06-27 15:31:08,829 individual factor = 8
2015-06-27 15:31:08,829 zero range = 0.006
2015-06-27 15:31:08,829 greedy level = 5
2015-06-27 15:31:08,829 

2015-06-27 15:31:14,575 Starting Training from 2014-12-17 to 2015-01-01
2015-06-27 15:44:20,576 Starting Live from 2015-01-02 to 2015-02-01
2015-06-27 16:18:00,157 Starting Training from 2015-01-17 to 2015-02-01
2015-06-27 16:19:56,342 Starting Live from 2015-02-02 to 2015-03-04
2015-06-27 16:49:10,888 Starting Training from 2015-02-17 to 2015-03-04
2015-06-27 16:51:12,746 Starting Live from 2015-03-05 to 2015-04-04
2015-06-27 17:17:40,311 Starting Training from 2015-03-20 to 2015-04-04
2015-06-27 17:19:07,526 Starting Live from 2015-04-05 to 2015-04-10
2015-06-27 17:27:46,917 Starting Q Learning for : 
2015-06-27 17:27:46,917 alpha = 0.6
2015-06-27 17:27:46,917 gamma = 0.7
2015-06-27 17:27:46,917 individual factor = 8
2015-06-27 17:27:46,917 zero range = 0.006
2015-06-27 17:27:46,917 greedy level = 5
2015-06-27 17:27:46,917 

2015-06-27 17:27:52,553 Starting Training from 2014-12-17 to 2015-01-01
2015-06-27 17:39:55,351 Starting Live from 2015-01-02 to 2015-02-01
2015-06-27 18:10:41,931 Starting Training from 2015-01-17 to 2015-02-01
2015-06-27 18:12:33,361 Starting Live from 2015-02-02 to 2015-03-04
2015-06-27 18:37:24,898 Starting Training from 2015-02-17 to 2015-03-04
2015-06-27 18:41:02,525 Starting Live from 2015-03-05 to 2015-04-04
2015-06-27 19:03:30,701 Starting Training from 2015-03-20 to 2015-04-04
2015-06-27 19:06:38,490 Starting Live from 2015-04-05 to 2015-04-10
2015-06-27 19:14:01,736 Starting Q Learning for : 
2015-06-27 19:14:01,736 alpha = 0.6
2015-06-27 19:14:01,736 gamma = 0.8
2015-06-27 19:14:01,736 individual factor = 8
2015-06-27 19:14:01,736 zero range = 0.006
2015-06-27 19:14:01,736 greedy level = 5
2015-06-27 19:14:01,737 

2015-06-27 19:14:09,237 Starting Training from 2014-12-17 to 2015-01-01
2015-06-27 19:27:20,487 Starting Live from 2015-01-02 to 2015-02-01
2015-06-27 19:55:35,440 Starting Training from 2015-01-17 to 2015-02-01
2015-06-27 19:57:25,716 Starting Live from 2015-02-02 to 2015-03-04
2015-06-27 20:13:42,088 Starting Training from 2015-02-17 to 2015-03-04
2015-06-27 20:19:50,898 Starting Live from 2015-03-05 to 2015-04-04
2015-06-27 20:37:32,973 Starting Training from 2015-03-20 to 2015-04-04
2015-06-27 20:41:26,993 Starting Live from 2015-04-05 to 2015-04-10
2015-06-27 20:48:11,115 Starting Q Learning for : 
2015-06-27 20:48:11,115 alpha = 0.4
2015-06-27 20:48:11,115 gamma = 0.1
2015-06-27 20:48:11,115 individual factor = 8
2015-06-27 20:48:11,117 zero range = 0.006
2015-06-27 20:48:11,117 greedy level = 5
2015-06-27 20:48:11,117 

2015-06-27 20:48:17,427 Starting Training from 2014-12-17 to 2015-01-01
2015-06-27 21:00:53,197 Starting Live from 2015-01-02 to 2015-02-01
2015-06-27 21:33:57,128 Starting Training from 2015-01-17 to 2015-02-01
2015-06-27 21:35:54,187 Starting Live from 2015-02-02 to 2015-03-04
2015-06-27 22:04:33,555 Starting Training from 2015-02-17 to 2015-03-04
2015-06-27 22:06:30,516 Starting Live from 2015-03-05 to 2015-04-04
2015-06-27 22:34:21,757 Starting Training from 2015-03-20 to 2015-04-04
2015-06-27 22:35:37,085 Starting Live from 2015-04-05 to 2015-04-10
2015-06-27 22:44:35,226 Starting Q Learning for : 
2015-06-27 22:44:35,226 alpha = 0.4
2015-06-27 22:44:35,226 gamma = 0.2
2015-06-27 22:44:35,226 individual factor = 8
2015-06-27 22:44:35,226 zero range = 0.006
2015-06-27 22:44:35,226 greedy level = 5
2015-06-27 22:44:35,227 

2015-06-27 22:44:40,851 Starting Training from 2014-12-17 to 2015-01-01
2015-06-27 22:56:31,792 Starting Live from 2015-01-02 to 2015-02-01
2015-06-27 23:28:00,243 Starting Training from 2015-01-17 to 2015-02-01
2015-06-27 23:29:49,089 Starting Live from 2015-02-02 to 2015-03-04
2015-06-27 23:58:18,002 Starting Training from 2015-02-17 to 2015-03-04
2015-06-28 00:00:31,315 Starting Live from 2015-03-05 to 2015-04-04
2015-06-28 00:30:06,273 Starting Training from 2015-03-20 to 2015-04-04
2015-06-28 00:31:32,450 Starting Live from 2015-04-05 to 2015-04-10
2015-06-28 00:39:53,592 Starting Q Learning for : 
2015-06-28 00:39:53,592 alpha = 0.4
2015-06-28 00:39:53,594 gamma = 0.3
2015-06-28 00:39:53,594 individual factor = 8
2015-06-28 00:39:53,594 zero range = 0.006
2015-06-28 00:39:53,594 greedy level = 5
2015-06-28 00:39:53,594 

2015-06-28 00:39:58,957 Starting Training from 2014-12-17 to 2015-01-01
2015-06-28 00:52:04,089 Starting Live from 2015-01-02 to 2015-02-01
2015-06-28 01:22:39,631 Starting Training from 2015-01-17 to 2015-02-01
2015-06-28 01:24:27,243 Starting Live from 2015-02-02 to 2015-03-04
2015-06-28 01:51:43,325 Starting Training from 2015-02-17 to 2015-03-04
2015-06-28 01:53:52,526 Starting Live from 2015-03-05 to 2015-04-04
2015-06-28 02:20:45,158 Starting Training from 2015-03-20 to 2015-04-04
2015-06-28 02:22:24,148 Starting Live from 2015-04-05 to 2015-04-10
2015-06-28 02:30:14,259 Starting Q Learning for : 
2015-06-28 02:30:14,259 alpha = 0.4
2015-06-28 02:30:14,259 gamma = 0.4
2015-06-28 02:30:14,259 individual factor = 8
2015-06-28 02:30:14,259 zero range = 0.006
2015-06-28 02:30:14,259 greedy level = 5
2015-06-28 02:30:14,259 

2015-06-28 02:30:21,049 Starting Training from 2014-12-17 to 2015-01-01
2015-06-28 02:41:33,114 Starting Live from 2015-01-02 to 2015-02-01
2015-06-28 03:11:50,759 Starting Training from 2015-01-17 to 2015-02-01
2015-06-28 03:13:36,683 Starting Live from 2015-02-02 to 2015-03-04
2015-06-28 03:40:27,726 Starting Training from 2015-02-17 to 2015-03-04
2015-06-28 03:42:38,825 Starting Live from 2015-03-05 to 2015-04-04
2015-06-28 04:09:05,040 Starting Training from 2015-03-20 to 2015-04-04
2015-06-28 04:10:13,920 Starting Live from 2015-04-05 to 2015-04-10
2015-06-28 04:18:45,640 Starting Q Learning for : 
2015-06-28 04:18:45,641 alpha = 0.2
2015-06-28 04:18:45,641 gamma = 0.7
2015-06-28 04:18:45,641 individual factor = 8
2015-06-28 04:18:45,641 zero range = 0.006
2015-06-28 04:18:45,641 greedy level = 5
2015-06-28 04:18:45,641 

2015-06-28 04:18:51,196 Starting Training from 2014-12-17 to 2015-01-01
2015-06-28 04:30:15,790 Starting Live from 2015-01-02 to 2015-02-01
2015-06-28 05:00:10,493 Starting Training from 2015-01-17 to 2015-02-01
2015-06-28 05:01:56,619 Starting Live from 2015-02-02 to 2015-03-04
2015-06-28 05:24:17,288 Starting Training from 2015-02-17 to 2015-03-04
2015-06-28 05:27:44,808 Starting Live from 2015-03-05 to 2015-04-04
2015-06-28 05:48:22,605 Starting Training from 2015-03-20 to 2015-04-04
2015-06-28 05:50:50,581 Starting Live from 2015-04-05 to 2015-04-10
2015-06-28 05:56:46,670 Starting Q Learning for : 
2015-06-28 05:56:46,670 alpha = 0.2
2015-06-28 05:56:46,670 gamma = 0.8
2015-06-28 05:56:46,670 individual factor = 8
2015-06-28 05:56:46,670 zero range = 0.006
2015-06-28 05:56:46,670 greedy level = 5
2015-06-28 05:56:46,670 

2015-06-28 05:56:53,299 Starting Training from 2014-12-17 to 2015-01-01
2015-06-28 06:09:12,197 Starting Live from 2015-01-02 to 2015-02-01
2015-06-28 06:35:56,257 Starting Training from 2015-01-17 to 2015-02-01
2015-06-28 06:37:40,119 Starting Live from 2015-02-02 to 2015-03-04
2015-06-28 06:54:30,953 Starting Training from 2015-02-17 to 2015-03-04
2015-06-28 06:59:48,121 Starting Live from 2015-03-05 to 2015-04-04
2015-06-28 07:15:41,513 Starting Training from 2015-03-20 to 2015-04-04
2015-06-28 07:19:07,292 Starting Live from 2015-04-05 to 2015-04-10
2015-06-28 07:24:25,163 Starting Q Learning for : 
2015-06-28 07:24:25,164 alpha = 0.8
2015-06-28 07:24:25,164 gamma = 0.1
2015-06-28 07:24:25,164 individual factor = 8
2015-06-28 07:24:25,164 zero range = 0.006
2015-06-28 07:24:25,164 greedy level = 5
2015-06-28 07:24:25,164 

2015-06-28 07:24:30,599 Starting Training from 2014-12-17 to 2015-01-01
2015-06-28 07:36:08,088 Starting Live from 2015-01-02 to 2015-02-01
2015-06-28 08:05:18,184 Starting Training from 2015-01-17 to 2015-02-01
2015-06-28 08:07:02,206 Starting Live from 2015-02-02 to 2015-03-04
2015-06-28 08:33:05,227 Starting Training from 2015-02-17 to 2015-03-04
2015-06-28 08:34:52,230 Starting Live from 2015-03-05 to 2015-04-04
2015-06-28 09:00:20,404 Starting Training from 2015-03-20 to 2015-04-04
2015-06-28 09:01:26,213 Starting Live from 2015-04-05 to 2015-04-10
2015-06-28 09:09:46,790 Starting Q Learning for : 
2015-06-28 09:09:46,790 alpha = 0.8
2015-06-28 09:09:46,790 gamma = 0.2
2015-06-28 09:09:46,790 individual factor = 8
2015-06-28 09:09:46,792 zero range = 0.006
2015-06-28 09:09:46,792 greedy level = 5
2015-06-28 09:09:46,792 

2015-06-28 09:09:53,058 Starting Training from 2014-12-17 to 2015-01-01
2015-06-28 09:21:01,345 Starting Live from 2015-01-02 to 2015-02-01
2015-06-28 09:50:48,467 Starting Training from 2015-01-17 to 2015-02-01
2015-06-28 09:52:52,078 Starting Live from 2015-02-02 to 2015-03-04
2015-06-28 10:19:01,424 Starting Training from 2015-02-17 to 2015-03-04
2015-06-28 10:20:51,911 Starting Live from 2015-03-05 to 2015-04-04
2015-06-28 10:46:02,407 Starting Training from 2015-03-20 to 2015-04-04
2015-06-28 10:47:09,335 Starting Live from 2015-04-05 to 2015-04-10
2015-06-28 10:54:30,513 Starting Q Learning for : 
2015-06-28 10:54:30,513 alpha = 0.8
2015-06-28 10:54:30,513 gamma = 0.3
2015-06-28 10:54:30,513 individual factor = 8
2015-06-28 10:54:30,513 zero range = 0.006
2015-06-28 10:54:30,513 greedy level = 5
2015-06-28 10:54:30,515 

2015-06-28 10:54:36,075 Starting Training from 2014-12-17 to 2015-01-01
2015-06-28 11:06:36,240 Starting Live from 2015-01-02 to 2015-02-01
