2015-06-25 19:18:48,654 Starting Q Learning for : 
2015-06-25 19:18:48,654 alpha = 0.5
2015-06-25 19:18:48,655 gamma = 0.1
2015-06-25 19:18:48,655 individual factor = 8
2015-06-25 19:18:48,655 zero range = 0.01
2015-06-25 19:18:48,655 greedy level = 5
2015-06-25 19:18:48,655 

2015-06-25 19:18:57,464 Starting Training from 2014-12-17 to 2015-01-01
2015-06-25 19:32:13,154 Starting Live from 2015-01-02 to 2015-02-01
2015-06-25 20:03:49,536 Starting Training from 2015-01-17 to 2015-02-01
2015-06-25 20:05:42,293 Starting Live from 2015-02-02 to 2015-03-04
2015-06-25 20:34:44,391 Starting Training from 2015-02-17 to 2015-03-04
2015-06-25 20:36:46,806 Starting Live from 2015-03-05 to 2015-04-04
2015-06-25 21:03:46,605 Starting Training from 2015-03-20 to 2015-04-04
2015-06-25 21:05:02,581 Starting Live from 2015-04-05 to 2015-04-10
2015-06-25 21:12:54,517 Starting Q Learning for : 
2015-06-25 21:12:54,517 alpha = 0.5
2015-06-25 21:12:54,517 gamma = 0.2
2015-06-25 21:12:54,517 individual factor = 8
2015-06-25 21:12:54,517 zero range = 0.01
2015-06-25 21:12:54,519 greedy level = 5
2015-06-25 21:12:54,519 

2015-06-25 21:12:59,750 Starting Training from 2014-12-17 to 2015-01-01
2015-06-25 21:25:27,808 Starting Live from 2015-01-02 to 2015-02-01
2015-06-25 21:57:00,822 Starting Training from 2015-01-17 to 2015-02-01
2015-06-25 21:59:07,155 Starting Live from 2015-02-02 to 2015-03-04
2015-06-25 22:30:49,094 Starting Training from 2015-02-17 to 2015-03-04
2015-06-25 22:33:00,201 Starting Live from 2015-03-05 to 2015-04-04
2015-06-25 23:12:42,617 Starting Training from 2015-03-20 to 2015-04-04
2015-06-25 23:14:04,822 Starting Live from 2015-04-05 to 2015-04-10
2015-06-25 23:23:25,740 Starting Q Learning for : 
2015-06-25 23:23:25,740 alpha = 0.5
2015-06-25 23:23:25,740 gamma = 0.3
2015-06-25 23:23:25,740 individual factor = 8
2015-06-25 23:23:25,740 zero range = 0.01
2015-06-25 23:23:25,740 greedy level = 5
2015-06-25 23:23:25,740 

2015-06-25 23:23:32,946 Starting Training from 2014-12-17 to 2015-01-01
2015-06-25 23:36:37,213 Starting Live from 2015-01-02 to 2015-02-01
2015-06-26 00:10:01,331 Starting Training from 2015-01-17 to 2015-02-01
2015-06-26 00:11:53,986 Starting Live from 2015-02-02 to 2015-03-04
2015-06-26 00:41:02,388 Starting Training from 2015-02-17 to 2015-03-04
2015-06-26 00:42:55,091 Starting Live from 2015-03-05 to 2015-04-04
2015-06-26 01:09:43,256 Starting Training from 2015-03-20 to 2015-04-04
2015-06-26 01:10:57,829 Starting Live from 2015-04-05 to 2015-04-10
2015-06-26 01:19:33,601 Starting Q Learning for : 
2015-06-26 01:19:33,601 alpha = 0.5
2015-06-26 01:19:33,601 gamma = 0.4
2015-06-26 01:19:33,601 individual factor = 8
2015-06-26 01:19:33,601 zero range = 0.01
2015-06-26 01:19:33,601 greedy level = 5
2015-06-26 01:19:33,601 

2015-06-26 01:19:41,062 Starting Training from 2014-12-17 to 2015-01-01
2015-06-26 01:32:55,296 Starting Live from 2015-01-02 to 2015-02-01
2015-06-26 02:05:46,937 Starting Training from 2015-01-17 to 2015-02-01
2015-06-26 02:07:56,196 Starting Live from 2015-02-02 to 2015-03-04
2015-06-26 02:38:04,538 Starting Training from 2015-02-17 to 2015-03-04
2015-06-26 02:40:29,229 Starting Live from 2015-03-05 to 2015-04-04
2015-06-26 03:09:34,395 Starting Training from 2015-03-20 to 2015-04-04
2015-06-26 03:11:02,155 Starting Live from 2015-04-05 to 2015-04-10
2015-06-26 03:20:31,132 Starting Q Learning for : 
2015-06-26 03:20:31,132 alpha = 0.5
2015-06-26 03:20:31,132 gamma = 0.5
2015-06-26 03:20:31,132 individual factor = 8
2015-06-26 03:20:31,132 zero range = 0.01
2015-06-26 03:20:31,132 greedy level = 5
2015-06-26 03:20:31,132 

2015-06-26 03:20:37,849 Starting Training from 2014-12-17 to 2015-01-01
2015-06-26 03:34:13,763 Starting Live from 2015-01-02 to 2015-02-01
2015-06-26 04:07:51,650 Starting Training from 2015-01-17 to 2015-02-01
2015-06-26 04:09:53,641 Starting Live from 2015-02-02 to 2015-03-04
2015-06-26 04:40:15,187 Starting Training from 2015-02-17 to 2015-03-04
2015-06-26 04:42:45,344 Starting Live from 2015-03-05 to 2015-04-04
2015-06-26 05:11:43,598 Starting Training from 2015-03-20 to 2015-04-04
2015-06-26 05:13:17,174 Starting Live from 2015-04-05 to 2015-04-10
2015-06-26 05:22:02,236 Starting Q Learning for : 
2015-06-26 05:22:02,236 alpha = 0.5
2015-06-26 05:22:02,236 gamma = 0.6
2015-06-26 05:22:02,236 individual factor = 8
2015-06-26 05:22:02,236 zero range = 0.01
2015-06-26 05:22:02,236 greedy level = 5
2015-06-26 05:22:02,236 

2015-06-26 05:22:08,733 Starting Training from 2014-12-17 to 2015-01-01
2015-06-26 05:35:43,046 Starting Live from 2015-01-02 to 2015-02-01
2015-06-26 06:09:02,040 Starting Training from 2015-01-17 to 2015-02-01
2015-06-26 06:11:37,411 Starting Live from 2015-02-02 to 2015-03-04
2015-06-26 06:42:03,638 Starting Training from 2015-02-17 to 2015-03-04
2015-06-26 06:44:18,450 Starting Live from 2015-03-05 to 2015-04-04
2015-06-26 07:12:25,384 Starting Training from 2015-03-20 to 2015-04-04
2015-06-26 07:13:51,957 Starting Live from 2015-04-05 to 2015-04-10
2015-06-26 07:22:49,496 Starting Q Learning for : 
2015-06-26 07:22:49,496 alpha = 0.5
2015-06-26 07:22:49,496 gamma = 0.7
2015-06-26 07:22:49,496 individual factor = 8
2015-06-26 07:22:49,496 zero range = 0.01
2015-06-26 07:22:49,496 greedy level = 5
2015-06-26 07:22:49,496 

2015-06-26 07:22:54,986 Starting Training from 2014-12-17 to 2015-01-01
2015-06-26 07:35:07,716 Starting Live from 2015-01-02 to 2015-02-01
2015-06-26 08:07:00,155 Starting Training from 2015-01-17 to 2015-02-01
2015-06-26 08:09:04,174 Starting Live from 2015-02-02 to 2015-03-04
2015-06-26 08:33:03,822 Starting Training from 2015-02-17 to 2015-03-04
2015-06-26 08:36:41,552 Starting Live from 2015-03-05 to 2015-04-04
2015-06-26 08:58:10,740 Starting Training from 2015-03-20 to 2015-04-04
2015-06-26 09:01:16,713 Starting Live from 2015-04-05 to 2015-04-10
2015-06-26 09:08:21,440 Starting Q Learning for : 
2015-06-26 09:08:21,440 alpha = 0.5
2015-06-26 09:08:21,440 gamma = 0.8
2015-06-26 09:08:21,440 individual factor = 8
2015-06-26 09:08:21,440 zero range = 0.01
2015-06-26 09:08:21,440 greedy level = 5
2015-06-26 09:08:21,440 

2015-06-26 09:08:28,644 Starting Training from 2014-12-17 to 2015-01-01
2015-06-26 09:21:26,411 Starting Live from 2015-01-02 to 2015-02-01
2015-06-26 09:49:13,318 Starting Training from 2015-01-17 to 2015-02-01
2015-06-26 09:51:05,230 Starting Live from 2015-02-02 to 2015-03-04
2015-06-26 10:08:41,588 Starting Training from 2015-02-17 to 2015-03-04
2015-06-26 10:14:43,101 Starting Live from 2015-03-05 to 2015-04-04
2015-06-26 10:32:45,559 Starting Training from 2015-03-20 to 2015-04-04
2015-06-26 10:36:37,565 Starting Live from 2015-04-05 to 2015-04-10
2015-06-26 10:43:06,624 Starting Q Learning for : 
2015-06-26 10:43:06,624 alpha = 0.6
2015-06-26 10:43:06,624 gamma = 0.1
2015-06-26 10:43:06,624 individual factor = 8
2015-06-26 10:43:06,624 zero range = 0.01
2015-06-26 10:43:06,624 greedy level = 5
2015-06-26 10:43:06,624 

2015-06-26 10:43:12,937 Starting Training from 2014-12-17 to 2015-01-01
2015-06-26 10:55:22,627 Starting Live from 2015-01-02 to 2015-02-01
2015-06-26 11:27:59,196 Starting Training from 2015-01-17 to 2015-02-01
2015-06-26 11:29:56,573 Starting Live from 2015-02-02 to 2015-03-04
2015-06-26 11:59:02,411 Starting Training from 2015-02-17 to 2015-03-04
2015-06-26 12:01:07,259 Starting Live from 2015-03-05 to 2015-04-04
2015-06-26 12:28:49,142 Starting Training from 2015-03-20 to 2015-04-04
2015-06-26 12:30:21,668 Starting Live from 2015-04-05 to 2015-04-10
2015-06-26 12:39:00,572 Starting Q Learning for : 
2015-06-26 12:39:00,572 alpha = 0.6
2015-06-26 12:39:00,572 gamma = 0.2
2015-06-26 12:39:00,572 individual factor = 8
2015-06-26 12:39:00,572 zero range = 0.01
2015-06-26 12:39:00,572 greedy level = 5
2015-06-26 12:39:00,572 

2015-06-26 12:39:06,125 Starting Training from 2014-12-17 to 2015-01-01
2015-06-26 12:51:13,549 Starting Live from 2015-01-02 to 2015-02-01
2015-06-26 13:24:16,066 Starting Training from 2015-01-17 to 2015-02-01
2015-06-26 13:26:16,101 Starting Live from 2015-02-02 to 2015-03-04
2015-06-26 13:56:53,028 Starting Training from 2015-02-17 to 2015-03-04
2015-06-26 13:58:56,846 Starting Live from 2015-03-05 to 2015-04-04
2015-06-26 14:29:56,765 Starting Training from 2015-03-20 to 2015-04-04
2015-06-26 14:31:14,411 Starting Live from 2015-04-05 to 2015-04-10
2015-06-26 14:39:47,415 Starting Q Learning for : 
2015-06-26 14:39:47,415 alpha = 0.2
2015-06-26 14:39:47,415 gamma = 0.7
2015-06-26 14:39:47,415 individual factor = 8
2015-06-26 14:39:47,415 zero range = 0.01
2015-06-26 14:39:47,415 greedy level = 5
2015-06-26 14:39:47,415 

2015-06-26 14:39:53,467 Starting Training from 2014-12-17 to 2015-01-01
2015-06-26 14:53:27,529 Starting Live from 2015-01-02 to 2015-02-01
2015-06-26 15:25:54,671 Starting Training from 2015-01-17 to 2015-02-01
2015-06-26 15:27:51,980 Starting Live from 2015-02-02 to 2015-03-04
2015-06-26 15:53:10,898 Starting Training from 2015-02-17 to 2015-03-04
2015-06-26 15:57:19,078 Starting Live from 2015-03-05 to 2015-04-04
2015-06-26 16:19:43,529 Starting Training from 2015-03-20 to 2015-04-04
2015-06-26 16:22:42,809 Starting Live from 2015-04-05 to 2015-04-10
2015-06-26 16:29:44,065 Starting Q Learning for : 
2015-06-26 16:29:44,065 alpha = 0.2
2015-06-26 16:29:44,065 gamma = 0.8
2015-06-26 16:29:44,065 individual factor = 8
2015-06-26 16:29:44,065 zero range = 0.01
2015-06-26 16:29:44,065 greedy level = 5
2015-06-26 16:29:44,065 

2015-06-26 16:29:50,785 Starting Training from 2014-12-17 to 2015-01-01
2015-06-26 16:43:01,269 Starting Live from 2015-01-02 to 2015-02-01
2015-06-26 17:10:07,938 Starting Training from 2015-01-17 to 2015-02-01
2015-06-26 17:12:02,690 Starting Live from 2015-02-02 to 2015-03-04
2015-06-26 17:28:02,946 Starting Training from 2015-02-17 to 2015-03-04
2015-06-26 17:34:22,414 Starting Live from 2015-03-05 to 2015-04-04
2015-06-26 17:52:19,499 Starting Training from 2015-03-20 to 2015-04-04
2015-06-26 17:56:08,141 Starting Live from 2015-04-05 to 2015-04-10
2015-06-26 18:02:32,088 Starting Q Learning for : 
2015-06-26 18:02:32,088 alpha = 0.8
2015-06-26 18:02:32,088 gamma = 0.1
2015-06-26 18:02:32,088 individual factor = 8
2015-06-26 18:02:32,088 zero range = 0.01
2015-06-26 18:02:32,088 greedy level = 5
2015-06-26 18:02:32,088 

2015-06-26 18:02:37,862 Starting Training from 2014-12-17 to 2015-01-01
2015-06-26 18:16:03,578 Starting Live from 2015-01-02 to 2015-02-01
2015-06-26 18:49:06,516 Starting Training from 2015-01-17 to 2015-02-01
2015-06-26 18:51:09,515 Starting Live from 2015-02-02 to 2015-03-04
2015-06-26 19:21:20,729 Starting Training from 2015-02-17 to 2015-03-04
2015-06-26 19:23:24,197 Starting Live from 2015-03-05 to 2015-04-04
2015-06-26 19:51:41,196 Starting Training from 2015-03-20 to 2015-04-04
2015-06-26 19:52:54,076 Starting Live from 2015-04-05 to 2015-04-10
2015-06-26 20:01:34,609 Starting Q Learning for : 
2015-06-26 20:01:34,609 alpha = 0.8
2015-06-26 20:01:34,609 gamma = 0.2
2015-06-26 20:01:34,609 individual factor = 8
2015-06-26 20:01:34,609 zero range = 0.01
2015-06-26 20:01:34,611 greedy level = 5
2015-06-26 20:01:34,611 

2015-06-26 20:01:41,631 Starting Training from 2014-12-17 to 2015-01-01
2015-06-26 20:14:44,802 Starting Live from 2015-01-02 to 2015-02-01
2015-06-26 20:48:27,854 Starting Training from 2015-01-17 to 2015-02-01
2015-06-26 20:50:53,006 Starting Live from 2015-02-02 to 2015-03-04
2015-06-26 21:21:38,121 Starting Training from 2015-02-17 to 2015-03-04
2015-06-26 21:23:45,404 Starting Live from 2015-03-05 to 2015-04-04
2015-06-26 21:52:53,131 Starting Training from 2015-03-20 to 2015-04-04
2015-06-26 21:54:07,635 Starting Live from 2015-04-05 to 2015-04-10
2015-06-26 22:03:16,292 Starting Q Learning for : 
2015-06-26 22:03:16,292 alpha = 0.8
2015-06-26 22:03:16,292 gamma = 0.3
2015-06-26 22:03:16,292 individual factor = 8
2015-06-26 22:03:16,292 zero range = 0.01
2015-06-26 22:03:16,292 greedy level = 5
2015-06-26 22:03:16,292 

2015-06-26 22:03:22,079 Starting Training from 2014-12-17 to 2015-01-01
2015-06-26 22:15:36,845 Starting Live from 2015-01-02 to 2015-02-01
2015-06-26 22:48:42,078 Starting Training from 2015-01-17 to 2015-02-01
2015-06-26 22:50:44,253 Starting Live from 2015-02-02 to 2015-03-04
2015-06-26 23:20:38,510 Starting Training from 2015-02-17 to 2015-03-04
2015-06-26 23:22:49,713 Starting Live from 2015-03-05 to 2015-04-04
2015-06-26 23:52:18,888 Starting Training from 2015-03-20 to 2015-04-04
2015-06-26 23:53:43,720 Starting Live from 2015-04-05 to 2015-04-10
2015-06-27 00:02:10,336 Starting Q Learning for : 
2015-06-27 00:02:10,336 alpha = 0.8
2015-06-27 00:02:10,338 gamma = 0.4
2015-06-27 00:02:10,338 individual factor = 8
2015-06-27 00:02:10,338 zero range = 0.01
2015-06-27 00:02:10,338 greedy level = 5
2015-06-27 00:02:10,338 

2015-06-27 00:02:16,802 Starting Training from 2014-12-17 to 2015-01-01
2015-06-27 00:15:33,328 Starting Live from 2015-01-02 to 2015-02-01
2015-06-27 00:48:17,206 Starting Training from 2015-01-17 to 2015-02-01
2015-06-27 00:50:14,319 Starting Live from 2015-02-02 to 2015-03-04
2015-06-27 01:19:32,558 Starting Training from 2015-02-17 to 2015-03-04
2015-06-27 01:21:53,766 Starting Live from 2015-03-05 to 2015-04-04
2015-06-27 01:51:05,630 Starting Training from 2015-03-20 to 2015-04-04
2015-06-27 01:52:23,305 Starting Live from 2015-04-05 to 2015-04-10
2015-06-27 02:00:32,506 Starting Q Learning for : 
2015-06-27 02:00:32,506 alpha = 0.8
2015-06-27 02:00:32,506 gamma = 0.5
2015-06-27 02:00:32,506 individual factor = 8
2015-06-27 02:00:32,506 zero range = 0.01
2015-06-27 02:00:32,506 greedy level = 5
2015-06-27 02:00:32,506 

2015-06-27 02:00:38,746 Starting Training from 2014-12-17 to 2015-01-01
2015-06-27 02:13:45,190 Starting Live from 2015-01-02 to 2015-02-01
2015-06-27 02:46:50,828 Starting Training from 2015-01-17 to 2015-02-01
2015-06-27 02:48:57,015 Starting Live from 2015-02-02 to 2015-03-04
2015-06-27 03:19:19,355 Starting Training from 2015-02-17 to 2015-03-04
2015-06-27 03:21:26,069 Starting Live from 2015-03-05 to 2015-04-04
2015-06-27 03:49:41,302 Starting Training from 2015-03-20 to 2015-04-04
2015-06-27 03:50:59,207 Starting Live from 2015-04-05 to 2015-04-10
2015-06-27 03:59:11,292 Starting Q Learning for : 
2015-06-27 03:59:11,292 alpha = 0.8
2015-06-27 03:59:11,292 gamma = 0.6
2015-06-27 03:59:11,292 individual factor = 8
2015-06-27 03:59:11,292 zero range = 0.01
2015-06-27 03:59:11,292 greedy level = 5
2015-06-27 03:59:11,292 

2015-06-27 03:59:17,545 Starting Training from 2014-12-17 to 2015-01-01
2015-06-27 04:12:13,789 Starting Live from 2015-01-02 to 2015-02-01
2015-06-27 04:44:49,542 Starting Training from 2015-01-17 to 2015-02-01
2015-06-27 04:46:56,746 Starting Live from 2015-02-02 to 2015-03-04
2015-06-27 05:16:32,630 Starting Training from 2015-02-17 to 2015-03-04
2015-06-27 05:18:39,474 Starting Live from 2015-03-05 to 2015-04-04
2015-06-27 05:46:42,862 Starting Training from 2015-03-20 to 2015-04-04
2015-06-27 05:48:01,688 Starting Live from 2015-04-05 to 2015-04-10
2015-06-27 05:56:38,823 Starting Q Learning for : 
2015-06-27 05:56:38,823 alpha = 0.8
2015-06-27 05:56:38,823 gamma = 0.7
2015-06-27 05:56:38,823 individual factor = 8
2015-06-27 05:56:38,823 zero range = 0.01
2015-06-27 05:56:38,825 greedy level = 5
2015-06-27 05:56:38,825 

2015-06-27 05:56:46,674 Starting Training from 2014-12-17 to 2015-01-01
2015-06-27 06:09:49,769 Starting Live from 2015-01-02 to 2015-02-01
2015-06-27 06:41:13,174 Starting Training from 2015-01-17 to 2015-02-01
2015-06-27 06:43:39,321 Starting Live from 2015-02-02 to 2015-03-04
2015-06-27 07:08:05,569 Starting Training from 2015-02-17 to 2015-03-04
2015-06-27 07:11:06,742 Starting Live from 2015-03-05 to 2015-04-04
2015-06-27 07:31:50,490 Starting Training from 2015-03-20 to 2015-04-04
2015-06-27 07:35:20,595 Starting Live from 2015-04-05 to 2015-04-10
2015-06-27 07:42:43,990 Starting Q Learning for : 
2015-06-27 07:42:43,990 alpha = 0.8
2015-06-27 07:42:43,990 gamma = 0.8
2015-06-27 07:42:43,990 individual factor = 8
2015-06-27 07:42:43,990 zero range = 0.01
2015-06-27 07:42:43,990 greedy level = 5
2015-06-27 07:42:43,990 

2015-06-27 07:42:51,022 Starting Training from 2014-12-17 to 2015-01-01
2015-06-27 07:56:13,703 Starting Live from 2015-01-02 to 2015-02-01
2015-06-27 08:24:35,213 Starting Training from 2015-01-17 to 2015-02-01
2015-06-27 08:26:32,789 Starting Live from 2015-02-02 to 2015-03-04
2015-06-27 08:43:40,351 Starting Training from 2015-02-17 to 2015-03-04
2015-06-27 08:49:49,470 Starting Live from 2015-03-05 to 2015-04-04
2015-06-27 09:06:49,776 Starting Training from 2015-03-20 to 2015-04-04
2015-06-27 09:10:35,025 Starting Live from 2015-04-05 to 2015-04-10
2015-06-27 09:16:33,296 Starting Q Learning for : 
2015-06-27 09:16:33,296 alpha = 0.5
2015-06-27 09:16:33,296 gamma = 0.1
2015-06-27 09:16:33,296 individual factor = 8
2015-06-27 09:16:33,296 zero range = 0.006
2015-06-27 09:16:33,296 greedy level = 5
2015-06-27 09:16:33,296 

2015-06-27 09:16:35,729 Starting Training from 2014-12-17 to 2015-01-01
2015-06-27 09:29:15,737 Starting Live from 2015-01-02 to 2015-02-01
2015-06-27 10:01:09,368 Starting Training from 2015-01-17 to 2015-02-01
2015-06-27 10:03:04,811 Starting Live from 2015-02-02 to 2015-03-04
2015-06-27 10:33:07,036 Starting Training from 2015-02-17 to 2015-03-04
2015-06-27 10:35:18,638 Starting Live from 2015-03-05 to 2015-04-04
2015-06-27 11:03:03,197 Starting Training from 2015-03-20 to 2015-04-04
2015-06-27 11:04:20,055 Starting Live from 2015-04-05 to 2015-04-10
2015-06-27 11:12:32,627 Starting Q Learning for : 
2015-06-27 11:12:32,628 alpha = 0.5
2015-06-27 11:12:32,628 gamma = 0.2
2015-06-27 11:12:32,628 individual factor = 8
2015-06-27 11:12:32,628 zero range = 0.006
2015-06-27 11:12:32,628 greedy level = 5
2015-06-27 11:12:32,628 

2015-06-27 11:12:34,884 Starting Training from 2014-12-17 to 2015-01-01
2015-06-27 11:25:41,450 Starting Live from 2015-01-02 to 2015-02-01
2015-06-27 11:57:50,309 Starting Training from 2015-01-17 to 2015-02-01
2015-06-27 11:59:47,681 Starting Live from 2015-02-02 to 2015-03-04
2015-06-27 12:30:17,594 Starting Training from 2015-02-17 to 2015-03-04
2015-06-27 12:32:19,897 Starting Live from 2015-03-05 to 2015-04-04
2015-06-27 13:01:09,006 Starting Training from 2015-03-20 to 2015-04-04
2015-06-27 13:02:23,335 Starting Live from 2015-04-05 to 2015-04-10
2015-06-27 13:11:19,483 Starting Q Learning for : 
2015-06-27 13:11:19,483 alpha = 0.5
2015-06-27 13:11:19,483 gamma = 0.3
2015-06-27 13:11:19,483 individual factor = 8
2015-06-27 13:11:19,483 zero range = 0.006
2015-06-27 13:11:19,483 greedy level = 5
2015-06-27 13:11:19,483 

2015-06-27 13:11:27,920 Starting Training from 2014-12-17 to 2015-01-01
2015-06-27 13:24:29,825 Starting Live from 2015-01-02 to 2015-02-01
2015-06-27 13:57:05,762 Starting Training from 2015-01-17 to 2015-02-01
2015-06-27 13:59:27,614 Starting Live from 2015-02-02 to 2015-03-04
2015-06-27 14:27:34,290 Starting Training from 2015-02-17 to 2015-03-04
2015-06-27 14:29:30,240 Starting Live from 2015-03-05 to 2015-04-04
2015-06-27 14:55:33,523 Starting Training from 2015-03-20 to 2015-04-04
2015-06-27 14:56:48,717 Starting Live from 2015-04-05 to 2015-04-10
2015-06-27 15:05:32,165 Starting Q Learning for : 
2015-06-27 15:05:32,165 alpha = 0.5
2015-06-27 15:05:32,165 gamma = 0.4
2015-06-27 15:05:32,165 individual factor = 8
2015-06-27 15:05:32,167 zero range = 0.006
2015-06-27 15:05:32,167 greedy level = 5
2015-06-27 15:05:32,167 

2015-06-27 15:05:42,203 Starting Training from 2014-12-17 to 2015-01-01
2015-06-27 15:18:42,667 Starting Live from 2015-01-02 to 2015-02-01
2015-06-27 15:53:26,108 Starting Training from 2015-01-17 to 2015-02-01
2015-06-27 15:55:25,233 Starting Live from 2015-02-02 to 2015-03-04
2015-06-27 16:25:03,420 Starting Training from 2015-02-17 to 2015-03-04
2015-06-27 16:27:18,033 Starting Live from 2015-03-05 to 2015-04-04
2015-06-27 16:55:29,565 Starting Training from 2015-03-20 to 2015-04-04
2015-06-27 16:56:43,933 Starting Live from 2015-04-05 to 2015-04-10
2015-06-27 17:05:34,328 Starting Q Learning for : 
2015-06-27 17:05:34,328 alpha = 0.5
2015-06-27 17:05:34,328 gamma = 0.5
2015-06-27 17:05:34,328 individual factor = 8
2015-06-27 17:05:34,328 zero range = 0.006
2015-06-27 17:05:34,328 greedy level = 5
2015-06-27 17:05:34,328 

2015-06-27 17:05:40,153 Starting Training from 2014-12-17 to 2015-01-01
2015-06-27 17:17:37,010 Starting Live from 2015-01-02 to 2015-02-01
2015-06-27 17:49:47,176 Starting Training from 2015-01-17 to 2015-02-01
2015-06-27 17:51:41,200 Starting Live from 2015-02-02 to 2015-03-04
2015-06-27 18:20:31,984 Starting Training from 2015-02-17 to 2015-03-04
2015-06-27 18:22:33,348 Starting Live from 2015-03-05 to 2015-04-04
2015-06-27 18:52:28,719 Starting Training from 2015-03-20 to 2015-04-04
2015-06-27 18:54:01,650 Starting Live from 2015-04-05 to 2015-04-10
2015-06-27 19:02:52,411 Starting Q Learning for : 
2015-06-27 19:02:52,411 alpha = 0.5
2015-06-27 19:02:52,411 gamma = 0.6
2015-06-27 19:02:52,411 individual factor = 8
2015-06-27 19:02:52,411 zero range = 0.006
2015-06-27 19:02:52,411 greedy level = 5
2015-06-27 19:02:52,411 

2015-06-27 19:02:58,023 Starting Training from 2014-12-17 to 2015-01-01
2015-06-27 19:16:10,408 Starting Live from 2015-01-02 to 2015-02-01
2015-06-27 19:48:54,528 Starting Training from 2015-01-17 to 2015-02-01
2015-06-27 19:50:53,801 Starting Live from 2015-02-02 to 2015-03-04
2015-06-27 20:19:42,973 Starting Training from 2015-02-17 to 2015-03-04
2015-06-27 20:21:55,974 Starting Live from 2015-03-05 to 2015-04-04
2015-06-27 20:49:04,737 Starting Training from 2015-03-20 to 2015-04-04
2015-06-27 20:50:57,131 Starting Live from 2015-04-05 to 2015-04-10
2015-06-27 20:59:15,757 Starting Q Learning for : 
2015-06-27 20:59:15,757 alpha = 0.5
2015-06-27 20:59:15,757 gamma = 0.7
2015-06-27 20:59:15,759 individual factor = 8
2015-06-27 20:59:15,759 zero range = 0.006
2015-06-27 20:59:15,759 greedy level = 5
2015-06-27 20:59:15,759 

2015-06-27 20:59:21,691 Starting Training from 2014-12-17 to 2015-01-01
2015-06-27 21:12:19,551 Starting Live from 2015-01-02 to 2015-02-01
2015-06-27 21:43:28,904 Starting Training from 2015-01-17 to 2015-02-01
2015-06-27 21:45:23,743 Starting Live from 2015-02-02 to 2015-03-04
2015-06-27 22:09:11,148 Starting Training from 2015-02-17 to 2015-03-04
2015-06-27 22:12:36,095 Starting Live from 2015-03-05 to 2015-04-04
2015-06-27 22:34:04,141 Starting Training from 2015-03-20 to 2015-04-04
2015-06-27 22:37:19,069 Starting Live from 2015-04-05 to 2015-04-10
2015-06-27 22:44:25,559 Starting Q Learning for : 
2015-06-27 22:44:25,559 alpha = 0.5
2015-06-27 22:44:25,559 gamma = 0.8
2015-06-27 22:44:25,559 individual factor = 8
2015-06-27 22:44:25,559 zero range = 0.006
2015-06-27 22:44:25,559 greedy level = 5
2015-06-27 22:44:25,559 

2015-06-27 22:44:31,927 Starting Training from 2014-12-17 to 2015-01-01
2015-06-27 22:56:32,957 Starting Live from 2015-01-02 to 2015-02-01
2015-06-27 23:24:04,516 Starting Training from 2015-01-17 to 2015-02-01
2015-06-27 23:25:58,163 Starting Live from 2015-02-02 to 2015-03-04
2015-06-27 23:41:17,128 Starting Training from 2015-02-17 to 2015-03-04
2015-06-27 23:47:59,989 Starting Live from 2015-03-05 to 2015-04-04
2015-06-28 00:03:50,242 Starting Training from 2015-03-20 to 2015-04-04
2015-06-28 00:08:11,414 Starting Live from 2015-04-05 to 2015-04-10
2015-06-28 00:13:49,782 Starting Q Learning for : 
2015-06-28 00:13:49,783 alpha = 0.6
2015-06-28 00:13:49,783 gamma = 0.1
2015-06-28 00:13:49,783 individual factor = 8
2015-06-28 00:13:49,783 zero range = 0.006
2015-06-28 00:13:49,783 greedy level = 5
2015-06-28 00:13:49,783 

2015-06-28 00:13:56,907 Starting Training from 2014-12-17 to 2015-01-01
2015-06-28 00:25:38,819 Starting Live from 2015-01-02 to 2015-02-01
2015-06-28 00:56:59,911 Starting Training from 2015-01-17 to 2015-02-01
2015-06-28 00:58:51,318 Starting Live from 2015-02-02 to 2015-03-04
2015-06-28 01:26:37,993 Starting Training from 2015-02-17 to 2015-03-04
2015-06-28 01:28:32,519 Starting Live from 2015-03-05 to 2015-04-04
2015-06-28 01:55:49,108 Starting Training from 2015-03-20 to 2015-04-04
2015-06-28 01:57:04,433 Starting Live from 2015-04-05 to 2015-04-10
2015-06-28 02:05:31,549 Starting Q Learning for : 
2015-06-28 02:05:31,549 alpha = 0.6
2015-06-28 02:05:31,549 gamma = 0.2
2015-06-28 02:05:31,549 individual factor = 8
2015-06-28 02:05:31,549 zero range = 0.006
2015-06-28 02:05:31,549 greedy level = 5
2015-06-28 02:05:31,549 

2015-06-28 02:05:36,921 Starting Training from 2014-12-17 to 2015-01-01
2015-06-28 02:16:51,607 Starting Live from 2015-01-02 to 2015-02-01
2015-06-28 02:47:16,940 Starting Training from 2015-01-17 to 2015-02-01
2015-06-28 02:49:06,994 Starting Live from 2015-02-02 to 2015-03-04
2015-06-28 03:16:10,368 Starting Training from 2015-02-17 to 2015-03-04
2015-06-28 03:18:03,556 Starting Live from 2015-03-05 to 2015-04-04
2015-06-28 03:44:57,750 Starting Training from 2015-03-20 to 2015-04-04
2015-06-28 03:46:05,167 Starting Live from 2015-04-05 to 2015-04-10
2015-06-28 03:54:48,009 Starting Q Learning for : 
2015-06-28 03:54:48,009 alpha = 0.4
2015-06-28 03:54:48,009 gamma = 0.5
2015-06-28 03:54:48,009 individual factor = 8
2015-06-28 03:54:48,009 zero range = 0.006
2015-06-28 03:54:48,009 greedy level = 5
2015-06-28 03:54:48,009 

2015-06-28 03:54:53,559 Starting Training from 2014-12-17 to 2015-01-01
2015-06-28 04:06:27,384 Starting Live from 2015-01-02 to 2015-02-01
2015-06-28 04:37:15,013 Starting Training from 2015-01-17 to 2015-02-01
2015-06-28 04:39:08,967 Starting Live from 2015-02-02 to 2015-03-04
2015-06-28 05:06:00,450 Starting Training from 2015-02-17 to 2015-03-04
2015-06-28 05:08:09,673 Starting Live from 2015-03-05 to 2015-04-04
2015-06-28 05:33:49,362 Starting Training from 2015-03-20 to 2015-04-04
2015-06-28 05:34:59,095 Starting Live from 2015-04-05 to 2015-04-10
2015-06-28 05:43:07,526 Starting Q Learning for : 
2015-06-28 05:43:07,526 alpha = 0.4
2015-06-28 05:43:07,526 gamma = 0.6
2015-06-28 05:43:07,526 individual factor = 8
2015-06-28 05:43:07,526 zero range = 0.006
2015-06-28 05:43:07,526 greedy level = 5
2015-06-28 05:43:07,526 

2015-06-28 05:43:14,194 Starting Training from 2014-12-17 to 2015-01-01
2015-06-28 05:54:35,976 Starting Live from 2015-01-02 to 2015-02-01
2015-06-28 06:24:09,568 Starting Training from 2015-01-17 to 2015-02-01
2015-06-28 06:26:06,365 Starting Live from 2015-02-02 to 2015-03-04
2015-06-28 06:53:12,309 Starting Training from 2015-02-17 to 2015-03-04
2015-06-28 06:55:06,081 Starting Live from 2015-03-05 to 2015-04-04
2015-06-28 07:19:12,388 Starting Training from 2015-03-20 to 2015-04-04
2015-06-28 07:20:48,387 Starting Live from 2015-04-05 to 2015-04-10
2015-06-28 07:28:09,420 Starting Q Learning for : 
2015-06-28 07:28:09,420 alpha = 0.4
2015-06-28 07:28:09,420 gamma = 0.7
2015-06-28 07:28:09,420 individual factor = 8
2015-06-28 07:28:09,420 zero range = 0.006
2015-06-28 07:28:09,421 greedy level = 5
2015-06-28 07:28:09,421 

2015-06-28 07:28:14,828 Starting Training from 2014-12-17 to 2015-01-01
2015-06-28 07:40:08,220 Starting Live from 2015-01-02 to 2015-02-01
2015-06-28 08:07:59,864 Starting Training from 2015-01-17 to 2015-02-01
2015-06-28 08:09:38,793 Starting Live from 2015-02-02 to 2015-03-04
2015-06-28 08:31:13,141 Starting Training from 2015-02-17 to 2015-03-04
2015-06-28 08:34:24,982 Starting Live from 2015-03-05 to 2015-04-04
2015-06-28 08:53:20,428 Starting Training from 2015-03-20 to 2015-04-04
2015-06-28 08:56:15,467 Starting Live from 2015-04-05 to 2015-04-10
2015-06-28 09:02:26,585 Starting Q Learning for : 
2015-06-28 09:02:26,585 alpha = 0.4
2015-06-28 09:02:26,585 gamma = 0.8
2015-06-28 09:02:26,585 individual factor = 8
2015-06-28 09:02:26,585 zero range = 0.006
2015-06-28 09:02:26,585 greedy level = 5
2015-06-28 09:02:26,585 

2015-06-28 09:02:32,720 Starting Training from 2014-12-17 to 2015-01-01
2015-06-28 09:14:36,605 Starting Live from 2015-01-02 to 2015-02-01
2015-06-28 09:40:01,151 Starting Training from 2015-01-17 to 2015-02-01
2015-06-28 09:41:40,565 Starting Live from 2015-02-02 to 2015-03-04
2015-06-28 09:56:06,798 Starting Training from 2015-02-17 to 2015-03-04
2015-06-28 10:01:45,625 Starting Live from 2015-03-05 to 2015-04-04
2015-06-28 10:17:04,173 Starting Training from 2015-03-20 to 2015-04-04
2015-06-28 10:20:26,470 Starting Live from 2015-04-05 to 2015-04-10
2015-06-28 10:25:34,727 Starting Q Learning for : 
2015-06-28 10:25:34,729 alpha = 0.2
2015-06-28 10:25:34,729 gamma = 0.1
2015-06-28 10:25:34,729 individual factor = 8
2015-06-28 10:25:34,729 zero range = 0.006
2015-06-28 10:25:34,729 greedy level = 5
2015-06-28 10:25:34,729 

2015-06-28 10:25:40,759 Starting Training from 2014-12-17 to 2015-01-01
2015-06-28 10:37:28,536 Starting Live from 2015-01-02 to 2015-02-01
2015-06-28 11:06:47,298 Starting Training from 2015-01-17 to 2015-02-01
2015-06-28 11:08:32,506 Starting Live from 2015-02-02 to 2015-03-04
