2015-06-29 01:38:05,118 Starting Q Learning for : 
2015-06-29 01:38:05,118 alpha = 0.4
2015-06-29 01:38:05,118 gamma = 0.1
2015-06-29 01:38:05,118 individual factor = 10
2015-06-29 01:38:05,119 zero range = 0.002
2015-06-29 01:38:05,119 greedy level = 5
2015-06-29 01:38:05,119 

2015-06-29 01:38:18,608 Starting Training from 2014-12-17 to 2015-01-01
2015-06-29 01:51:26,257 Starting Live from 2015-01-02 to 2015-02-01
2015-06-29 02:17:52,467 Starting Training from 2015-01-17 to 2015-02-01
2015-06-29 02:19:02,582 Starting Live from 2015-02-02 to 2015-03-04
2015-06-29 02:49:51,428 Starting Training from 2015-02-17 to 2015-03-04
2015-06-29 02:51:46,721 Starting Live from 2015-03-05 to 2015-04-04
2015-06-29 03:22:14,539 Starting Training from 2015-03-20 to 2015-04-04
2015-06-29 03:23:46,078 Starting Live from 2015-04-05 to 2015-04-10
2015-06-29 03:32:17,101 Starting Q Learning for : 
2015-06-29 03:32:17,102 alpha = 0.4
2015-06-29 03:32:17,102 gamma = 0.2
2015-06-29 03:32:17,102 individual factor = 10
2015-06-29 03:32:17,102 zero range = 0.002
2015-06-29 03:32:17,102 greedy level = 5
2015-06-29 03:32:17,102 

2015-06-29 03:32:23,967 Starting Training from 2014-12-17 to 2015-01-01
2015-06-29 03:45:00,437 Starting Live from 2015-01-02 to 2015-02-01
2015-06-29 04:12:54,115 Starting Training from 2015-01-17 to 2015-02-01
2015-06-29 04:14:17,045 Starting Live from 2015-02-02 to 2015-03-04
2015-06-29 04:46:54,969 Starting Training from 2015-02-17 to 2015-03-04
2015-06-29 04:49:14,816 Starting Live from 2015-03-05 to 2015-04-04
2015-06-29 05:18:46,358 Starting Training from 2015-03-20 to 2015-04-04
2015-06-29 05:20:19,223 Starting Live from 2015-04-05 to 2015-04-10
2015-06-29 05:28:41,266 Starting Q Learning for : 
2015-06-29 05:28:41,266 alpha = 0.4
2015-06-29 05:28:41,266 gamma = 0.3
2015-06-29 05:28:41,266 individual factor = 10
2015-06-29 05:28:41,266 zero range = 0.002
2015-06-29 05:28:41,266 greedy level = 5
2015-06-29 05:28:41,266 

2015-06-29 05:28:42,289 Starting Training from 2014-12-17 to 2015-01-01
2015-06-29 05:41:08,410 Starting Live from 2015-01-02 to 2015-02-01
2015-06-29 06:09:15,976 Starting Training from 2015-01-17 to 2015-02-01
2015-06-29 06:10:44,589 Starting Live from 2015-02-02 to 2015-03-04
2015-06-29 06:44:51,750 Starting Training from 2015-02-17 to 2015-03-04
2015-06-29 06:46:49,137 Starting Live from 2015-03-05 to 2015-04-04
2015-06-29 07:16:20,621 Starting Training from 2015-03-20 to 2015-04-04
2015-06-29 07:17:54,015 Starting Live from 2015-04-05 to 2015-04-10
2015-06-29 07:26:29,486 Starting Q Learning for : 
2015-06-29 07:26:29,486 alpha = 0.4
2015-06-29 07:26:29,486 gamma = 0.4
2015-06-29 07:26:29,486 individual factor = 10
2015-06-29 07:26:29,486 zero range = 0.002
2015-06-29 07:26:29,486 greedy level = 5
2015-06-29 07:26:29,486 

2015-06-29 07:26:37,424 Starting Training from 2014-12-17 to 2015-01-01
2015-06-29 07:39:01,898 Starting Live from 2015-01-02 to 2015-02-01
2015-06-29 08:07:42,305 Starting Training from 2015-01-17 to 2015-02-01
2015-06-29 08:09:04,496 Starting Live from 2015-02-02 to 2015-03-04
2015-06-29 08:43:24,793 Starting Training from 2015-02-17 to 2015-03-04
2015-06-29 08:45:27,207 Starting Live from 2015-03-05 to 2015-04-04
2015-06-29 09:15:45,526 Starting Training from 2015-03-20 to 2015-04-04
2015-06-29 09:17:23,835 Starting Live from 2015-04-05 to 2015-04-10
2015-06-29 09:27:07,414 Starting Q Learning for : 
2015-06-29 09:27:07,414 alpha = 0.4
2015-06-29 09:27:07,414 gamma = 0.5
2015-06-29 09:27:07,414 individual factor = 10
2015-06-29 09:27:07,414 zero range = 0.002
2015-06-29 09:27:07,414 greedy level = 5
2015-06-29 09:27:07,414 

2015-06-29 09:27:14,696 Starting Training from 2014-12-17 to 2015-01-01
2015-06-29 09:38:19,361 Starting Live from 2015-01-02 to 2015-02-01
2015-06-29 10:07:18,799 Starting Training from 2015-01-17 to 2015-02-01
2015-06-29 10:09:00,436 Starting Live from 2015-02-02 to 2015-03-04
2015-06-29 10:42:08,842 Starting Training from 2015-02-17 to 2015-03-04
2015-06-29 10:44:02,720 Starting Live from 2015-03-05 to 2015-04-04
2015-06-29 11:14:01,134 Starting Training from 2015-03-20 to 2015-04-04
2015-06-29 11:15:59,469 Starting Live from 2015-04-05 to 2015-04-10
2015-06-29 11:25:02,069 Starting Q Learning for : 
2015-06-29 11:25:02,069 alpha = 0.4
2015-06-29 11:25:02,069 gamma = 0.6
2015-06-29 11:25:02,069 individual factor = 10
2015-06-29 11:25:02,069 zero range = 0.002
2015-06-29 11:25:02,069 greedy level = 5
2015-06-29 11:25:02,069 

2015-06-29 11:25:08,700 Starting Training from 2014-12-17 to 2015-01-01
2015-06-29 11:36:26,033 Starting Live from 2015-01-02 to 2015-02-01
2015-06-29 12:05:45,005 Starting Training from 2015-01-17 to 2015-02-01
2015-06-29 12:07:08,051 Starting Live from 2015-02-02 to 2015-03-04
2015-06-29 12:40:09,420 Starting Training from 2015-02-17 to 2015-03-04
2015-06-29 12:42:04,891 Starting Live from 2015-03-05 to 2015-04-04
2015-06-29 13:12:37,536 Starting Training from 2015-03-20 to 2015-04-04
2015-06-29 13:14:19,822 Starting Live from 2015-04-05 to 2015-04-10
2015-06-29 13:22:48,953 Starting Q Learning for : 
2015-06-29 13:22:48,953 alpha = 0.4
2015-06-29 13:22:48,953 gamma = 0.7
2015-06-29 13:22:48,953 individual factor = 10
2015-06-29 13:22:48,953 zero range = 0.002
2015-06-29 13:22:48,954 greedy level = 5
2015-06-29 13:22:48,954 

2015-06-29 13:22:56,336 Starting Training from 2014-12-17 to 2015-01-01
2015-06-29 13:35:16,084 Starting Live from 2015-01-02 to 2015-02-01
2015-06-29 14:02:47,835 Starting Training from 2015-01-17 to 2015-02-01
2015-06-29 14:04:20,551 Starting Live from 2015-02-02 to 2015-03-04
2015-06-29 14:31:59,467 Starting Training from 2015-02-17 to 2015-03-04
2015-06-29 14:35:06,188 Starting Live from 2015-03-05 to 2015-04-04
2015-06-29 14:57:46,023 Starting Training from 2015-03-20 to 2015-04-04
2015-06-29 15:01:25,013 Starting Live from 2015-04-05 to 2015-04-10
2015-06-29 15:09:40,954 Starting Q Learning for : 
2015-06-29 15:09:40,956 alpha = 0.4
2015-06-29 15:09:40,956 gamma = 0.8
2015-06-29 15:09:40,956 individual factor = 10
2015-06-29 15:09:40,956 zero range = 0.002
2015-06-29 15:09:40,956 greedy level = 5
2015-06-29 15:09:40,956 

2015-06-29 15:09:49,125 Starting Training from 2014-12-17 to 2015-01-01
2015-06-29 15:21:29,188 Starting Live from 2015-01-02 to 2015-02-01
2015-06-29 15:48:08,851 Starting Training from 2015-01-17 to 2015-02-01
2015-06-29 15:49:49,559 Starting Live from 2015-02-02 to 2015-03-04
2015-06-29 16:15:13,707 Starting Training from 2015-02-17 to 2015-03-04
2015-06-29 16:19:13,780 Starting Live from 2015-03-05 to 2015-04-04
2015-06-29 16:38:17,612 Starting Training from 2015-03-20 to 2015-04-04
2015-06-29 16:43:17,693 Starting Live from 2015-04-05 to 2015-04-10
2015-06-29 16:50:05,572 Starting Q Learning for : 
2015-06-29 16:50:05,572 alpha = 0.6
2015-06-29 16:50:05,572 gamma = 0.1
2015-06-29 16:50:05,572 individual factor = 10
2015-06-29 16:50:05,572 zero range = 0.006
2015-06-29 16:50:05,572 greedy level = 5
2015-06-29 16:50:05,572 

2015-06-29 16:50:12,865 Starting Training from 2014-12-17 to 2015-01-01
2015-06-29 17:02:26,691 Starting Live from 2015-01-02 to 2015-02-01
2015-06-29 17:31:28,726 Starting Training from 2015-01-17 to 2015-02-01
2015-06-29 17:32:54,608 Starting Live from 2015-02-02 to 2015-03-04
2015-06-29 18:06:11,249 Starting Training from 2015-02-17 to 2015-03-04
2015-06-29 18:08:16,367 Starting Live from 2015-03-05 to 2015-04-04
2015-06-29 18:38:27,385 Starting Training from 2015-03-20 to 2015-04-04
2015-06-29 18:40:00,543 Starting Live from 2015-04-05 to 2015-04-10
2015-06-29 18:48:05,569 Starting Q Learning for : 
2015-06-29 18:48:05,569 alpha = 0.6
2015-06-29 18:48:05,569 gamma = 0.2
2015-06-29 18:48:05,569 individual factor = 10
2015-06-29 18:48:05,569 zero range = 0.006
2015-06-29 18:48:05,569 greedy level = 5
2015-06-29 18:48:05,569 

2015-06-29 18:48:13,723 Starting Training from 2014-12-17 to 2015-01-01
2015-06-29 19:00:15,911 Starting Live from 2015-01-02 to 2015-02-01
2015-06-29 19:27:58,796 Starting Training from 2015-01-17 to 2015-02-01
2015-06-29 19:29:26,710 Starting Live from 2015-02-02 to 2015-03-04
2015-06-29 20:01:46,446 Starting Training from 2015-02-17 to 2015-03-04
2015-06-29 20:03:54,164 Starting Live from 2015-03-05 to 2015-04-04
2015-06-29 20:34:34,505 Starting Training from 2015-03-20 to 2015-04-04
2015-06-29 20:36:08,115 Starting Live from 2015-04-05 to 2015-04-10
2015-06-29 20:44:34,198 Starting Q Learning for : 
2015-06-29 20:44:34,200 alpha = 0.6
2015-06-29 20:44:34,200 gamma = 0.3
2015-06-29 20:44:34,200 individual factor = 10
2015-06-29 20:44:34,200 zero range = 0.006
2015-06-29 20:44:34,200 greedy level = 5
2015-06-29 20:44:34,200 

2015-06-29 20:44:41,292 Starting Training from 2014-12-17 to 2015-01-01
2015-06-29 20:56:36,914 Starting Live from 2015-01-02 to 2015-02-01
2015-06-29 21:24:41,240 Starting Training from 2015-01-17 to 2015-02-01
2015-06-29 21:26:10,769 Starting Live from 2015-02-02 to 2015-03-04
2015-06-29 21:59:20,486 Starting Training from 2015-02-17 to 2015-03-04
2015-06-29 22:01:51,407 Starting Live from 2015-03-05 to 2015-04-04
2015-06-29 22:32:23,865 Starting Training from 2015-03-20 to 2015-04-04
2015-06-29 22:33:58,674 Starting Live from 2015-04-05 to 2015-04-10
2015-06-29 22:42:34,549 Starting Q Learning for : 
2015-06-29 22:42:34,549 alpha = 0.6
2015-06-29 22:42:34,549 gamma = 0.4
2015-06-29 22:42:34,549 individual factor = 10
2015-06-29 22:42:34,549 zero range = 0.006
2015-06-29 22:42:34,549 greedy level = 5
2015-06-29 22:42:34,549 

2015-06-29 22:42:40,046 Starting Training from 2014-12-17 to 2015-01-01
2015-06-29 22:55:06,267 Starting Live from 2015-01-02 to 2015-02-01
2015-06-29 23:24:23,621 Starting Training from 2015-01-17 to 2015-02-01
2015-06-29 23:25:51,539 Starting Live from 2015-02-02 to 2015-03-04
2015-06-30 00:00:06,338 Starting Training from 2015-02-17 to 2015-03-04
2015-06-30 00:02:06,780 Starting Live from 2015-03-05 to 2015-04-04
2015-06-30 00:32:15,313 Starting Training from 2015-03-20 to 2015-04-04
2015-06-30 00:33:47,089 Starting Live from 2015-04-05 to 2015-04-10
2015-06-30 00:43:06,536 Starting Q Learning for : 
2015-06-30 00:43:06,536 alpha = 0.6
2015-06-30 00:43:06,536 gamma = 0.5
2015-06-30 00:43:06,536 individual factor = 10
2015-06-30 00:43:06,536 zero range = 0.006
2015-06-30 00:43:06,536 greedy level = 5
2015-06-30 00:43:06,536 

2015-06-30 00:43:14,388 Starting Training from 2014-12-17 to 2015-01-01
2015-06-30 00:55:02,917 Starting Live from 2015-01-02 to 2015-02-01
2015-06-30 01:24:06,111 Starting Training from 2015-01-17 to 2015-02-01
2015-06-30 01:25:32,436 Starting Live from 2015-02-02 to 2015-03-04
2015-06-30 02:00:10,121 Starting Training from 2015-02-17 to 2015-03-04
2015-06-30 02:02:05,493 Starting Live from 2015-03-05 to 2015-04-04
2015-06-30 02:32:45,127 Starting Training from 2015-03-20 to 2015-04-04
2015-06-30 02:34:14,871 Starting Live from 2015-04-05 to 2015-04-10
2015-06-30 02:43:42,295 Starting Q Learning for : 
2015-06-30 02:43:42,295 alpha = 0.6
2015-06-30 02:43:42,295 gamma = 0.6
2015-06-30 02:43:42,295 individual factor = 10
2015-06-30 02:43:42,295 zero range = 0.006
2015-06-30 02:43:42,295 greedy level = 5
2015-06-30 02:43:42,296 

2015-06-30 02:43:48,596 Starting Training from 2014-12-17 to 2015-01-01
2015-06-30 02:54:53,378 Starting Live from 2015-01-02 to 2015-02-01
2015-06-30 03:23:14,230 Starting Training from 2015-01-17 to 2015-02-01
2015-06-30 03:25:03,144 Starting Live from 2015-02-02 to 2015-03-04
2015-06-30 03:57:46,671 Starting Training from 2015-02-17 to 2015-03-04
2015-06-30 03:59:40,030 Starting Live from 2015-03-05 to 2015-04-04
2015-06-30 04:29:06,150 Starting Training from 2015-03-20 to 2015-04-04
2015-06-30 04:30:42,469 Starting Live from 2015-04-05 to 2015-04-10
2015-06-30 04:39:41,859 Starting Q Learning for : 
2015-06-30 04:39:41,859 alpha = 0.6
2015-06-30 04:39:41,859 gamma = 0.7
2015-06-30 04:39:41,859 individual factor = 10
2015-06-30 04:39:41,861 zero range = 0.006
2015-06-30 04:39:41,861 greedy level = 5
2015-06-30 04:39:41,861 

2015-06-30 04:39:47,966 Starting Training from 2014-12-17 to 2015-01-01
2015-06-30 04:50:58,506 Starting Live from 2015-01-02 to 2015-02-01
2015-06-30 05:17:16,286 Starting Training from 2015-01-17 to 2015-02-01
2015-06-30 05:18:55,447 Starting Live from 2015-02-02 to 2015-03-04
2015-06-30 05:46:36,375 Starting Training from 2015-02-17 to 2015-03-04
2015-06-30 05:49:40,654 Starting Live from 2015-03-05 to 2015-04-04
2015-06-30 06:12:22,969 Starting Training from 2015-03-20 to 2015-04-04
2015-06-30 06:15:53,780 Starting Live from 2015-04-05 to 2015-04-10
2015-06-30 06:22:58,130 Starting Q Learning for : 
2015-06-30 06:22:58,130 alpha = 0.6
2015-06-30 06:22:58,130 gamma = 0.8
2015-06-30 06:22:58,130 individual factor = 10
2015-06-30 06:22:58,130 zero range = 0.006
2015-06-30 06:22:58,130 greedy level = 5
2015-06-30 06:22:58,130 

2015-06-30 06:23:05,796 Starting Training from 2014-12-17 to 2015-01-01
2015-06-30 06:35:12,875 Starting Live from 2015-01-02 to 2015-02-01
2015-06-30 07:01:01,404 Starting Training from 2015-01-17 to 2015-02-01
2015-06-30 07:02:27,500 Starting Live from 2015-02-02 to 2015-03-04
2015-06-30 07:26:10,528 Starting Training from 2015-02-17 to 2015-03-04
2015-06-30 07:30:00,328 Starting Live from 2015-03-05 to 2015-04-04
2015-06-30 07:49:24,460 Starting Training from 2015-03-20 to 2015-04-04
2015-06-30 07:54:04,230 Starting Live from 2015-04-05 to 2015-04-10
2015-06-30 08:00:48,453 Starting Q Learning for : 
2015-06-30 08:00:48,453 alpha = 0.4
2015-06-30 08:00:48,453 gamma = 0.1
2015-06-30 08:00:48,454 individual factor = 10
2015-06-30 08:00:48,454 zero range = 0.01
2015-06-30 08:00:48,454 greedy level = 5
2015-06-30 08:00:48,454 

2015-06-30 08:00:56,076 Starting Training from 2014-12-17 to 2015-01-01
2015-06-30 08:12:46,526 Starting Live from 2015-01-02 to 2015-02-01
2015-06-30 08:40:24,006 Starting Training from 2015-01-17 to 2015-02-01
2015-06-30 08:41:51,065 Starting Live from 2015-02-02 to 2015-03-04
2015-06-30 09:15:12,051 Starting Training from 2015-02-17 to 2015-03-04
2015-06-30 09:17:06,096 Starting Live from 2015-03-05 to 2015-04-04
2015-06-30 09:46:18,107 Starting Training from 2015-03-20 to 2015-04-04
2015-06-30 09:47:52,951 Starting Live from 2015-04-05 to 2015-04-10
2015-06-30 09:56:06,049 Starting Q Learning for : 
2015-06-30 09:56:06,049 alpha = 0.4
2015-06-30 09:56:06,049 gamma = 0.2
2015-06-30 09:56:06,049 individual factor = 10
2015-06-30 09:56:06,049 zero range = 0.01
2015-06-30 09:56:06,049 greedy level = 5
2015-06-30 09:56:06,049 

2015-06-30 09:56:12,576 Starting Training from 2014-12-17 to 2015-01-01
2015-06-30 10:08:15,713 Starting Live from 2015-01-02 to 2015-02-01
2015-06-30 10:35:42,282 Starting Training from 2015-01-17 to 2015-02-01
2015-06-30 10:37:00,572 Starting Live from 2015-02-02 to 2015-03-04
2015-06-30 11:09:07,384 Starting Training from 2015-02-17 to 2015-03-04
2015-06-30 11:11:05,112 Starting Live from 2015-03-05 to 2015-04-04
2015-06-30 11:38:43,243 Starting Training from 2015-03-20 to 2015-04-04
2015-06-30 11:40:03,713 Starting Live from 2015-04-05 to 2015-04-10
2015-06-30 11:48:09,230 Starting Q Learning for : 
2015-06-30 11:48:09,230 alpha = 0.4
2015-06-30 11:48:09,230 gamma = 0.3
2015-06-30 11:48:09,230 individual factor = 10
2015-06-30 11:48:09,230 zero range = 0.01
2015-06-30 11:48:09,230 greedy level = 5
2015-06-30 11:48:09,230 

2015-06-30 11:48:14,653 Starting Training from 2014-12-17 to 2015-01-01
2015-06-30 11:59:33,690 Starting Live from 2015-01-02 to 2015-02-01
2015-06-30 12:25:39,801 Starting Training from 2015-01-17 to 2015-02-01
2015-06-30 12:26:59,052 Starting Live from 2015-02-02 to 2015-03-04
2015-06-30 12:57:29,973 Starting Training from 2015-02-17 to 2015-03-04
2015-06-30 12:59:19,319 Starting Live from 2015-03-05 to 2015-04-04
2015-06-30 13:27:24,937 Starting Training from 2015-03-20 to 2015-04-04
2015-06-30 13:28:50,391 Starting Live from 2015-04-05 to 2015-04-10
2015-06-30 13:36:37,686 Starting Q Learning for : 
2015-06-30 13:36:37,686 alpha = 0.4
2015-06-30 13:36:37,686 gamma = 0.4
2015-06-30 13:36:37,686 individual factor = 10
2015-06-30 13:36:37,686 zero range = 0.01
2015-06-30 13:36:37,686 greedy level = 5
2015-06-30 13:36:37,686 

2015-06-30 13:36:42,957 Starting Training from 2014-12-17 to 2015-01-01
2015-06-30 13:47:25,677 Starting Live from 2015-01-02 to 2015-02-01
2015-06-30 14:13:46,381 Starting Training from 2015-01-17 to 2015-02-01
2015-06-30 14:15:05,717 Starting Live from 2015-02-02 to 2015-03-04
2015-06-30 14:44:56,680 Starting Training from 2015-02-17 to 2015-03-04
2015-06-30 14:46:49,213 Starting Live from 2015-03-05 to 2015-04-04
2015-06-30 15:13:35,865 Starting Training from 2015-03-20 to 2015-04-04
2015-06-30 15:15:12,759 Starting Live from 2015-04-05 to 2015-04-10
2015-06-30 15:23:45,624 Starting Q Learning for : 
2015-06-30 15:23:45,624 alpha = 0.4
2015-06-30 15:23:45,624 gamma = 0.5
2015-06-30 15:23:45,625 individual factor = 10
2015-06-30 15:23:45,625 zero range = 0.01
2015-06-30 15:23:45,625 greedy level = 5
2015-06-30 15:23:45,625 

2015-06-30 15:23:52,039 Starting Training from 2014-12-17 to 2015-01-01
2015-06-30 15:34:18,233 Starting Live from 2015-01-02 to 2015-02-01
2015-06-30 16:00:29,427 Starting Training from 2015-01-17 to 2015-02-01
2015-06-30 16:01:50,575 Starting Live from 2015-02-02 to 2015-03-04
2015-06-30 16:33:41,055 Starting Training from 2015-02-17 to 2015-03-04
2015-06-30 16:35:24,434 Starting Live from 2015-03-05 to 2015-04-04
2015-06-30 17:03:14,592 Starting Training from 2015-03-20 to 2015-04-04
2015-06-30 17:04:41,641 Starting Live from 2015-04-05 to 2015-04-10
2015-06-30 17:12:50,713 Starting Q Learning for : 
2015-06-30 17:12:50,713 alpha = 0.4
2015-06-30 17:12:50,713 gamma = 0.6
2015-06-30 17:12:50,713 individual factor = 10
2015-06-30 17:12:50,713 zero range = 0.01
2015-06-30 17:12:50,714 greedy level = 5
2015-06-30 17:12:50,714 

2015-06-30 17:12:57,434 Starting Training from 2014-12-17 to 2015-01-01
2015-06-30 17:24:07,671 Starting Live from 2015-01-02 to 2015-02-01
2015-06-30 17:50:45,089 Starting Training from 2015-01-17 to 2015-02-01
2015-06-30 17:52:06,346 Starting Live from 2015-02-02 to 2015-03-04
2015-06-30 18:23:19,841 Starting Training from 2015-02-17 to 2015-03-04
2015-06-30 18:25:20,838 Starting Live from 2015-03-05 to 2015-04-04
2015-06-30 18:51:04,069 Starting Training from 2015-03-20 to 2015-04-04
2015-06-30 18:52:26,180 Starting Live from 2015-04-05 to 2015-04-10
2015-06-30 19:00:31,388 Starting Q Learning for : 
2015-06-30 19:00:31,390 alpha = 0.4
2015-06-30 19:00:31,390 gamma = 0.7
2015-06-30 19:00:31,390 individual factor = 10
2015-06-30 19:00:31,390 zero range = 0.01
2015-06-30 19:00:31,390 greedy level = 5
2015-06-30 19:00:31,390 

2015-06-30 19:00:36,236 Starting Training from 2014-12-17 to 2015-01-01
2015-06-30 19:11:26,513 Starting Live from 2015-01-02 to 2015-02-01
2015-06-30 19:36:26,740 Starting Training from 2015-01-17 to 2015-02-01
2015-06-30 19:37:48,415 Starting Live from 2015-02-02 to 2015-03-04
2015-06-30 20:03:44,818 Starting Training from 2015-02-17 to 2015-03-04
2015-06-30 20:06:37,740 Starting Live from 2015-03-05 to 2015-04-04
2015-06-30 20:26:44,908 Starting Training from 2015-03-20 to 2015-04-04
2015-06-30 20:30:17,638 Starting Live from 2015-04-05 to 2015-04-10
2015-06-30 20:37:57,625 Starting Q Learning for : 
2015-06-30 20:37:57,625 alpha = 0.4
2015-06-30 20:37:57,625 gamma = 0.8
2015-06-30 20:37:57,625 individual factor = 10
2015-06-30 20:37:57,625 zero range = 0.01
2015-06-30 20:37:57,625 greedy level = 5
2015-06-30 20:37:57,625 

2015-06-30 20:38:03,638 Starting Training from 2014-12-17 to 2015-01-01
2015-06-30 20:48:44,851 Starting Live from 2015-01-02 to 2015-02-01
2015-06-30 21:12:32,009 Starting Training from 2015-01-17 to 2015-02-01
2015-06-30 21:13:52,533 Starting Live from 2015-02-02 to 2015-03-04
2015-06-30 21:35:47,171 Starting Training from 2015-02-17 to 2015-03-04
2015-06-30 21:39:25,628 Starting Live from 2015-03-05 to 2015-04-04
2015-06-30 21:57:17,262 Starting Training from 2015-03-20 to 2015-04-04
2015-06-30 22:01:22,983 Starting Live from 2015-04-05 to 2015-04-10
