2015-06-29 01:38:05,118 Starting Q Learning for : 
2015-06-29 01:38:05,118 alpha = 0.6
2015-06-29 01:38:05,118 gamma = 0.1
2015-06-29 01:38:05,118 individual factor = 10
2015-06-29 01:38:05,118 zero range = 0.002
2015-06-29 01:38:05,118 greedy level = 5
2015-06-29 01:38:05,118 

2015-06-29 01:38:19,082 Starting Training from 2014-12-17 to 2015-01-01
2015-06-29 01:51:31,622 Starting Live from 2015-01-02 to 2015-02-01
2015-06-29 02:17:59,427 Starting Training from 2015-01-17 to 2015-02-01
2015-06-29 02:19:09,601 Starting Live from 2015-02-02 to 2015-03-04
2015-06-29 02:49:52,069 Starting Training from 2015-02-17 to 2015-03-04
2015-06-29 02:51:49,236 Starting Live from 2015-03-05 to 2015-04-04
2015-06-29 03:22:06,355 Starting Training from 2015-03-20 to 2015-04-04
2015-06-29 03:23:38,430 Starting Live from 2015-04-05 to 2015-04-10
2015-06-29 03:32:09,997 Starting Q Learning for : 
2015-06-29 03:32:09,999 alpha = 0.6
2015-06-29 03:32:09,999 gamma = 0.2
2015-06-29 03:32:09,999 individual factor = 10
2015-06-29 03:32:09,999 zero range = 0.002
2015-06-29 03:32:09,999 greedy level = 5
2015-06-29 03:32:09,999 

2015-06-29 03:32:17,559 Starting Training from 2014-12-17 to 2015-01-01
2015-06-29 03:45:03,898 Starting Live from 2015-01-02 to 2015-02-01
2015-06-29 04:13:11,822 Starting Training from 2015-01-17 to 2015-02-01
2015-06-29 04:14:36,555 Starting Live from 2015-02-02 to 2015-03-04
2015-06-29 04:47:49,267 Starting Training from 2015-02-17 to 2015-03-04
2015-06-29 04:50:05,266 Starting Live from 2015-03-05 to 2015-04-04
2015-06-29 05:19:48,150 Starting Training from 2015-03-20 to 2015-04-04
2015-06-29 05:21:22,365 Starting Live from 2015-04-05 to 2015-04-10
2015-06-29 05:30:01,867 Starting Q Learning for : 
2015-06-29 05:30:01,867 alpha = 0.6
2015-06-29 05:30:01,867 gamma = 0.3
2015-06-29 05:30:01,867 individual factor = 10
2015-06-29 05:30:01,867 zero range = 0.002
2015-06-29 05:30:01,867 greedy level = 5
2015-06-29 05:30:01,868 

2015-06-29 05:30:10,740 Starting Training from 2014-12-17 to 2015-01-01
2015-06-29 05:42:31,059 Starting Live from 2015-01-02 to 2015-02-01
2015-06-29 06:10:34,065 Starting Training from 2015-01-17 to 2015-02-01
2015-06-29 06:12:07,874 Starting Live from 2015-02-02 to 2015-03-04
2015-06-29 06:46:09,569 Starting Training from 2015-02-17 to 2015-03-04
2015-06-29 06:48:07,891 Starting Live from 2015-03-05 to 2015-04-04
2015-06-29 07:18:34,898 Starting Training from 2015-03-20 to 2015-04-04
2015-06-29 07:20:12,329 Starting Live from 2015-04-05 to 2015-04-10
2015-06-29 07:29:30,805 Starting Q Learning for : 
2015-06-29 07:29:30,805 alpha = 0.6
2015-06-29 07:29:30,805 gamma = 0.4
2015-06-29 07:29:30,806 individual factor = 10
2015-06-29 07:29:30,806 zero range = 0.002
2015-06-29 07:29:30,806 greedy level = 5
2015-06-29 07:29:30,806 

2015-06-29 07:29:37,621 Starting Training from 2014-12-17 to 2015-01-01
2015-06-29 07:41:27,331 Starting Live from 2015-01-02 to 2015-02-01
2015-06-29 08:09:52,134 Starting Training from 2015-01-17 to 2015-02-01
2015-06-29 08:11:18,165 Starting Live from 2015-02-02 to 2015-03-04
2015-06-29 08:45:12,890 Starting Training from 2015-02-17 to 2015-03-04
2015-06-29 08:47:13,812 Starting Live from 2015-03-05 to 2015-04-04
2015-06-29 09:16:57,257 Starting Training from 2015-03-20 to 2015-04-04
2015-06-29 09:18:30,066 Starting Live from 2015-04-05 to 2015-04-10
2015-06-29 09:27:48,845 Starting Q Learning for : 
2015-06-29 09:27:48,845 alpha = 0.6
2015-06-29 09:27:48,845 gamma = 0.5
2015-06-29 09:27:48,846 individual factor = 10
2015-06-29 09:27:48,846 zero range = 0.002
2015-06-29 09:27:48,846 greedy level = 5
2015-06-29 09:27:48,846 

2015-06-29 09:27:49,924 Starting Training from 2014-12-17 to 2015-01-01
2015-06-29 09:39:03,236 Starting Live from 2015-01-02 to 2015-02-01
2015-06-29 10:08:18,530 Starting Training from 2015-01-17 to 2015-02-01
2015-06-29 10:09:56,720 Starting Live from 2015-02-02 to 2015-03-04
2015-06-29 10:42:41,877 Starting Training from 2015-02-17 to 2015-03-04
2015-06-29 10:44:34,153 Starting Live from 2015-03-05 to 2015-04-04
2015-06-29 11:14:29,868 Starting Training from 2015-03-20 to 2015-04-04
2015-06-29 11:16:27,302 Starting Live from 2015-04-05 to 2015-04-10
2015-06-29 11:25:21,265 Starting Q Learning for : 
2015-06-29 11:25:21,265 alpha = 0.6
2015-06-29 11:25:21,265 gamma = 0.6
2015-06-29 11:25:21,265 individual factor = 10
2015-06-29 11:25:21,265 zero range = 0.002
2015-06-29 11:25:21,265 greedy level = 5
2015-06-29 11:25:21,265 

2015-06-29 11:25:26,885 Starting Training from 2014-12-17 to 2015-01-01
2015-06-29 11:36:47,112 Starting Live from 2015-01-02 to 2015-02-01
2015-06-29 12:06:04,920 Starting Training from 2015-01-17 to 2015-02-01
2015-06-29 12:07:27,358 Starting Live from 2015-02-02 to 2015-03-04
2015-06-29 12:40:19,683 Starting Training from 2015-02-17 to 2015-03-04
2015-06-29 12:42:18,437 Starting Live from 2015-03-05 to 2015-04-04
2015-06-29 13:12:39,802 Starting Training from 2015-03-20 to 2015-04-04
2015-06-29 13:14:19,286 Starting Live from 2015-04-05 to 2015-04-10
2015-06-29 13:22:39,085 Starting Q Learning for : 
2015-06-29 13:22:39,085 alpha = 0.6
2015-06-29 13:22:39,085 gamma = 0.7
2015-06-29 13:22:39,085 individual factor = 10
2015-06-29 13:22:39,085 zero range = 0.002
2015-06-29 13:22:39,085 greedy level = 5
2015-06-29 13:22:39,085 

2015-06-29 13:22:44,953 Starting Training from 2014-12-17 to 2015-01-01
2015-06-29 13:35:14,440 Starting Live from 2015-01-02 to 2015-02-01
2015-06-29 14:02:22,770 Starting Training from 2015-01-17 to 2015-02-01
2015-06-29 14:03:49,782 Starting Live from 2015-02-02 to 2015-03-04
2015-06-29 14:30:53,497 Starting Training from 2015-02-17 to 2015-03-04
2015-06-29 14:33:58,165 Starting Live from 2015-03-05 to 2015-04-04
2015-06-29 14:57:12,696 Starting Training from 2015-03-20 to 2015-04-04
2015-06-29 15:00:54,490 Starting Live from 2015-04-05 to 2015-04-10
2015-06-29 15:08:32,415 Starting Q Learning for : 
2015-06-29 15:08:32,417 alpha = 0.6
2015-06-29 15:08:32,417 gamma = 0.8
2015-06-29 15:08:32,417 individual factor = 10
2015-06-29 15:08:32,417 zero range = 0.002
2015-06-29 15:08:32,417 greedy level = 5
2015-06-29 15:08:32,417 

2015-06-29 15:08:38,221 Starting Training from 2014-12-17 to 2015-01-01
2015-06-29 15:20:32,250 Starting Live from 2015-01-02 to 2015-02-01
2015-06-29 15:47:07,119 Starting Training from 2015-01-17 to 2015-02-01
2015-06-29 15:48:40,352 Starting Live from 2015-02-02 to 2015-03-04
2015-06-29 16:14:09,266 Starting Training from 2015-02-17 to 2015-03-04
2015-06-29 16:18:23,392 Starting Live from 2015-03-05 to 2015-04-04
2015-06-29 16:38:09,138 Starting Training from 2015-03-20 to 2015-04-04
2015-06-29 16:42:54,700 Starting Live from 2015-04-05 to 2015-04-10
2015-06-29 16:49:23,484 Starting Q Learning for : 
2015-06-29 16:49:23,486 alpha = 0.5
2015-06-29 16:49:23,486 gamma = 0.1
2015-06-29 16:49:23,486 individual factor = 10
2015-06-29 16:49:23,486 zero range = 0.006
2015-06-29 16:49:23,486 greedy level = 5
2015-06-29 16:49:23,486 

2015-06-29 16:49:31,520 Starting Training from 2014-12-17 to 2015-01-01
2015-06-29 17:01:46,569 Starting Live from 2015-01-02 to 2015-02-01
2015-06-29 17:30:55,315 Starting Training from 2015-01-17 to 2015-02-01
2015-06-29 17:32:21,463 Starting Live from 2015-02-02 to 2015-03-04
2015-06-29 18:05:55,602 Starting Training from 2015-02-17 to 2015-03-04
2015-06-29 18:07:57,289 Starting Live from 2015-03-05 to 2015-04-04
2015-06-29 18:38:25,878 Starting Training from 2015-03-20 to 2015-04-04
2015-06-29 18:39:56,209 Starting Live from 2015-04-05 to 2015-04-10
2015-06-29 18:48:19,658 Starting Q Learning for : 
2015-06-29 18:48:19,658 alpha = 0.5
2015-06-29 18:48:19,658 gamma = 0.2
2015-06-29 18:48:19,660 individual factor = 10
2015-06-29 18:48:19,660 zero range = 0.006
2015-06-29 18:48:19,660 greedy level = 5
2015-06-29 18:48:19,660 

2015-06-29 18:48:26,006 Starting Training from 2014-12-17 to 2015-01-01
2015-06-29 19:00:23,865 Starting Live from 2015-01-02 to 2015-02-01
2015-06-29 19:28:19,523 Starting Training from 2015-01-17 to 2015-02-01
2015-06-29 19:29:49,145 Starting Live from 2015-02-02 to 2015-03-04
2015-06-29 20:01:59,036 Starting Training from 2015-02-17 to 2015-03-04
2015-06-29 20:04:10,483 Starting Live from 2015-03-05 to 2015-04-04
2015-06-29 20:33:52,401 Starting Training from 2015-03-20 to 2015-04-04
2015-06-29 20:35:24,006 Starting Live from 2015-04-05 to 2015-04-10
2015-06-29 20:43:33,647 Starting Q Learning for : 
2015-06-29 20:43:33,647 alpha = 0.5
2015-06-29 20:43:33,647 gamma = 0.3
2015-06-29 20:43:33,647 individual factor = 10
2015-06-29 20:43:33,647 zero range = 0.006
2015-06-29 20:43:33,647 greedy level = 5
2015-06-29 20:43:33,647 

2015-06-29 20:43:38,703 Starting Training from 2014-12-17 to 2015-01-01
2015-06-29 20:55:35,963 Starting Live from 2015-01-02 to 2015-02-01
2015-06-29 21:23:45,365 Starting Training from 2015-01-17 to 2015-02-01
2015-06-29 21:25:11,572 Starting Live from 2015-02-02 to 2015-03-04
2015-06-29 21:58:54,311 Starting Training from 2015-02-17 to 2015-03-04
2015-06-29 22:01:24,674 Starting Live from 2015-03-05 to 2015-04-04
2015-06-29 22:32:12,834 Starting Training from 2015-03-20 to 2015-04-04
2015-06-29 22:33:45,288 Starting Live from 2015-04-05 to 2015-04-10
2015-06-29 22:42:45,186 Starting Q Learning for : 
2015-06-29 22:42:45,186 alpha = 0.5
2015-06-29 22:42:45,186 gamma = 0.4
2015-06-29 22:42:45,186 individual factor = 10
2015-06-29 22:42:45,186 zero range = 0.006
2015-06-29 22:42:45,186 greedy level = 5
2015-06-29 22:42:45,187 

2015-06-29 22:42:51,565 Starting Training from 2014-12-17 to 2015-01-01
2015-06-29 22:55:11,502 Starting Live from 2015-01-02 to 2015-02-01
2015-06-29 23:24:22,105 Starting Training from 2015-01-17 to 2015-02-01
2015-06-29 23:25:51,229 Starting Live from 2015-02-02 to 2015-03-04
2015-06-30 00:00:06,921 Starting Training from 2015-02-17 to 2015-03-04
2015-06-30 00:02:05,621 Starting Live from 2015-03-05 to 2015-04-04
2015-06-30 00:32:12,637 Starting Training from 2015-03-20 to 2015-04-04
2015-06-30 00:33:44,700 Starting Live from 2015-04-05 to 2015-04-10
2015-06-30 00:43:00,012 Starting Q Learning for : 
2015-06-30 00:43:00,012 alpha = 0.5
2015-06-30 00:43:00,012 gamma = 0.5
2015-06-30 00:43:00,012 individual factor = 10
2015-06-30 00:43:00,012 zero range = 0.006
2015-06-30 00:43:00,012 greedy level = 5
2015-06-30 00:43:00,012 

2015-06-30 00:43:10,576 Starting Training from 2014-12-17 to 2015-01-01
2015-06-30 00:55:01,578 Starting Live from 2015-01-02 to 2015-02-01
2015-06-30 01:23:55,683 Starting Training from 2015-01-17 to 2015-02-01
2015-06-30 01:25:22,653 Starting Live from 2015-02-02 to 2015-03-04
2015-06-30 01:59:31,184 Starting Training from 2015-02-17 to 2015-03-04
2015-06-30 02:01:35,279 Starting Live from 2015-03-05 to 2015-04-04
2015-06-30 02:30:16,466 Starting Training from 2015-03-20 to 2015-04-04
2015-06-30 02:31:52,174 Starting Live from 2015-04-05 to 2015-04-10
2015-06-30 02:40:38,335 Starting Q Learning for : 
2015-06-30 02:40:38,335 alpha = 0.5
2015-06-30 02:40:38,335 gamma = 0.6
2015-06-30 02:40:38,335 individual factor = 10
2015-06-30 02:40:38,335 zero range = 0.006
2015-06-30 02:40:38,335 greedy level = 5
2015-06-30 02:40:38,335 

2015-06-30 02:40:45,111 Starting Training from 2014-12-17 to 2015-01-01
2015-06-30 02:51:48,211 Starting Live from 2015-01-02 to 2015-02-01
2015-06-30 03:19:58,279 Starting Training from 2015-01-17 to 2015-02-01
2015-06-30 03:21:22,993 Starting Live from 2015-02-02 to 2015-03-04
2015-06-30 03:54:55,017 Starting Training from 2015-02-17 to 2015-03-04
2015-06-30 03:56:51,279 Starting Live from 2015-03-05 to 2015-04-04
2015-06-30 04:27:08,171 Starting Training from 2015-03-20 to 2015-04-04
2015-06-30 04:28:45,677 Starting Live from 2015-04-05 to 2015-04-10
2015-06-30 04:38:07,799 Starting Q Learning for : 
2015-06-30 04:38:07,799 alpha = 0.5
2015-06-30 04:38:07,799 gamma = 0.7
2015-06-30 04:38:07,799 individual factor = 10
2015-06-30 04:38:07,799 zero range = 0.006
2015-06-30 04:38:07,799 greedy level = 5
2015-06-30 04:38:07,799 

2015-06-30 04:38:13,344 Starting Training from 2014-12-17 to 2015-01-01
2015-06-30 04:49:30,168 Starting Live from 2015-01-02 to 2015-02-01
2015-06-30 05:15:50,265 Starting Training from 2015-01-17 to 2015-02-01
2015-06-30 05:17:13,785 Starting Live from 2015-02-02 to 2015-03-04
2015-06-30 05:44:52,230 Starting Training from 2015-02-17 to 2015-03-04
2015-06-30 05:48:08,459 Starting Live from 2015-03-05 to 2015-04-04
2015-06-30 06:09:55,684 Starting Training from 2015-03-20 to 2015-04-04
2015-06-30 06:13:34,053 Starting Live from 2015-04-05 to 2015-04-10
2015-06-30 06:20:38,355 Starting Q Learning for : 
2015-06-30 06:20:38,355 alpha = 0.5
2015-06-30 06:20:38,355 gamma = 0.8
2015-06-30 06:20:38,355 individual factor = 10
2015-06-30 06:20:38,355 zero range = 0.006
2015-06-30 06:20:38,355 greedy level = 5
2015-06-30 06:20:38,355 

2015-06-30 06:20:44,091 Starting Training from 2014-12-17 to 2015-01-01
2015-06-30 06:33:03,696 Starting Live from 2015-01-02 to 2015-02-01
2015-06-30 06:58:50,341 Starting Training from 2015-01-17 to 2015-02-01
2015-06-30 07:00:17,872 Starting Live from 2015-02-02 to 2015-03-04
2015-06-30 07:23:54,009 Starting Training from 2015-02-17 to 2015-03-04
2015-06-30 07:27:44,815 Starting Live from 2015-03-05 to 2015-04-04
2015-06-30 07:46:50,273 Starting Training from 2015-03-20 to 2015-04-04
2015-06-30 07:51:22,569 Starting Live from 2015-04-05 to 2015-04-10
2015-06-30 07:58:05,355 Starting Q Learning for : 
2015-06-30 07:58:05,355 alpha = 0.8
2015-06-30 07:58:05,355 gamma = 0.1
2015-06-30 07:58:05,355 individual factor = 10
2015-06-30 07:58:05,355 zero range = 0.006
2015-06-30 07:58:05,355 greedy level = 5
2015-06-30 07:58:05,355 

2015-06-30 07:58:11,255 Starting Training from 2014-12-17 to 2015-01-01
2015-06-30 08:10:04,420 Starting Live from 2015-01-02 to 2015-02-01
2015-06-30 08:37:50,696 Starting Training from 2015-01-17 to 2015-02-01
2015-06-30 08:39:11,953 Starting Live from 2015-02-02 to 2015-03-04
2015-06-30 09:12:21,197 Starting Training from 2015-02-17 to 2015-03-04
2015-06-30 09:14:32,515 Starting Live from 2015-03-05 to 2015-04-04
2015-06-30 09:44:40,576 Starting Training from 2015-03-20 to 2015-04-04
2015-06-30 09:46:12,497 Starting Live from 2015-04-05 to 2015-04-10
2015-06-30 09:54:43,532 Starting Q Learning for : 
2015-06-30 09:54:43,532 alpha = 0.8
2015-06-30 09:54:43,532 gamma = 0.2
2015-06-30 09:54:43,532 individual factor = 10
2015-06-30 09:54:43,532 zero range = 0.006
2015-06-30 09:54:43,532 greedy level = 5
2015-06-30 09:54:43,532 

2015-06-30 09:54:51,009 Starting Training from 2014-12-17 to 2015-01-01
2015-06-30 10:07:05,736 Starting Live from 2015-01-02 to 2015-02-01
2015-06-30 10:34:34,341 Starting Training from 2015-01-17 to 2015-02-01
2015-06-30 10:35:54,134 Starting Live from 2015-02-02 to 2015-03-04
2015-06-30 11:08:15,051 Starting Training from 2015-02-17 to 2015-03-04
2015-06-30 11:10:23,148 Starting Live from 2015-03-05 to 2015-04-04
2015-06-30 11:37:44,795 Starting Training from 2015-03-20 to 2015-04-04
2015-06-30 11:39:09,530 Starting Live from 2015-04-05 to 2015-04-10
2015-06-30 11:47:02,003 Starting Q Learning for : 
2015-06-30 11:47:02,003 alpha = 0.8
2015-06-30 11:47:02,003 gamma = 0.3
2015-06-30 11:47:02,003 individual factor = 10
2015-06-30 11:47:02,003 zero range = 0.006
2015-06-30 11:47:02,003 greedy level = 5
2015-06-30 11:47:02,003 

2015-06-30 11:47:07,696 Starting Training from 2014-12-17 to 2015-01-01
2015-06-30 11:58:25,931 Starting Live from 2015-01-02 to 2015-02-01
2015-06-30 12:24:42,767 Starting Training from 2015-01-17 to 2015-02-01
2015-06-30 12:25:59,513 Starting Live from 2015-02-02 to 2015-03-04
2015-06-30 12:56:29,575 Starting Training from 2015-02-17 to 2015-03-04
2015-06-30 12:58:18,259 Starting Live from 2015-03-05 to 2015-04-04
2015-06-30 13:26:30,279 Starting Training from 2015-03-20 to 2015-04-04
2015-06-30 13:28:02,430 Starting Live from 2015-04-05 to 2015-04-10
2015-06-30 13:35:42,447 Starting Q Learning for : 
2015-06-30 13:35:42,447 alpha = 0.8
2015-06-30 13:35:42,447 gamma = 0.4
2015-06-30 13:35:42,447 individual factor = 10
2015-06-30 13:35:42,447 zero range = 0.006
2015-06-30 13:35:42,447 greedy level = 5
2015-06-30 13:35:42,447 

2015-06-30 13:35:48,338 Starting Training from 2014-12-17 to 2015-01-01
2015-06-30 13:46:14,559 Starting Live from 2015-01-02 to 2015-02-01
2015-06-30 14:12:44,029 Starting Training from 2015-01-17 to 2015-02-01
2015-06-30 14:14:04,545 Starting Live from 2015-02-02 to 2015-03-04
2015-06-30 14:44:01,997 Starting Training from 2015-02-17 to 2015-03-04
2015-06-30 14:45:54,714 Starting Live from 2015-03-05 to 2015-04-04
2015-06-30 15:12:40,038 Starting Training from 2015-03-20 to 2015-04-04
2015-06-30 15:14:19,187 Starting Live from 2015-04-05 to 2015-04-10
2015-06-30 15:22:39,865 Starting Q Learning for : 
2015-06-30 15:22:39,865 alpha = 0.8
2015-06-30 15:22:39,865 gamma = 0.5
2015-06-30 15:22:39,865 individual factor = 10
2015-06-30 15:22:39,865 zero range = 0.006
2015-06-30 15:22:39,865 greedy level = 5
2015-06-30 15:22:39,865 

2015-06-30 15:22:46,217 Starting Training from 2014-12-17 to 2015-01-01
2015-06-30 15:33:16,828 Starting Live from 2015-01-02 to 2015-02-01
2015-06-30 15:59:33,434 Starting Training from 2015-01-17 to 2015-02-01
2015-06-30 16:00:50,694 Starting Live from 2015-02-02 to 2015-03-04
2015-06-30 16:32:29,480 Starting Training from 2015-02-17 to 2015-03-04
2015-06-30 16:34:16,703 Starting Live from 2015-03-05 to 2015-04-04
2015-06-30 17:01:34,252 Starting Training from 2015-03-20 to 2015-04-04
2015-06-30 17:03:08,118 Starting Live from 2015-04-05 to 2015-04-10
2015-06-30 17:10:56,720 Starting Q Learning for : 
2015-06-30 17:10:56,720 alpha = 0.8
2015-06-30 17:10:56,720 gamma = 0.6
2015-06-30 17:10:56,720 individual factor = 10
2015-06-30 17:10:56,720 zero range = 0.006
2015-06-30 17:10:56,720 greedy level = 5
2015-06-30 17:10:56,720 

2015-06-30 17:11:02,217 Starting Training from 2014-12-17 to 2015-01-01
2015-06-30 17:22:22,072 Starting Live from 2015-01-02 to 2015-02-01
2015-06-30 17:49:09,552 Starting Training from 2015-01-17 to 2015-02-01
2015-06-30 17:50:30,128 Starting Live from 2015-02-02 to 2015-03-04
2015-06-30 18:21:30,137 Starting Training from 2015-02-17 to 2015-03-04
2015-06-30 18:23:55,160 Starting Live from 2015-03-05 to 2015-04-04
2015-06-30 18:50:01,517 Starting Training from 2015-03-20 to 2015-04-04
2015-06-30 18:51:24,890 Starting Live from 2015-04-05 to 2015-04-10
2015-06-30 18:59:15,364 Starting Q Learning for : 
2015-06-30 18:59:15,364 alpha = 0.8
2015-06-30 18:59:15,364 gamma = 0.7
2015-06-30 18:59:15,364 individual factor = 10
2015-06-30 18:59:15,364 zero range = 0.006
2015-06-30 18:59:15,364 greedy level = 5
2015-06-30 18:59:15,364 

2015-06-30 18:59:20,283 Starting Training from 2014-12-17 to 2015-01-01
2015-06-30 19:09:54,582 Starting Live from 2015-01-02 to 2015-02-01
2015-06-30 19:35:06,551 Starting Training from 2015-01-17 to 2015-02-01
2015-06-30 19:36:24,884 Starting Live from 2015-02-02 to 2015-03-04
2015-06-30 20:02:41,296 Starting Training from 2015-02-17 to 2015-03-04
2015-06-30 20:05:31,417 Starting Live from 2015-03-05 to 2015-04-04
2015-06-30 20:25:09,203 Starting Training from 2015-03-20 to 2015-04-04
2015-06-30 20:28:55,533 Starting Live from 2015-04-05 to 2015-04-10
2015-06-30 20:36:24,334 Starting Q Learning for : 
2015-06-30 20:36:24,334 alpha = 0.8
2015-06-30 20:36:24,334 gamma = 0.8
2015-06-30 20:36:24,334 individual factor = 10
2015-06-30 20:36:24,334 zero range = 0.006
2015-06-30 20:36:24,334 greedy level = 5
2015-06-30 20:36:24,335 

2015-06-30 20:36:32,476 Starting Training from 2014-12-17 to 2015-01-01
2015-06-30 20:47:24,507 Starting Live from 2015-01-02 to 2015-02-01
2015-06-30 21:11:20,615 Starting Training from 2015-01-17 to 2015-02-01
2015-06-30 21:12:36,278 Starting Live from 2015-02-02 to 2015-03-04
2015-06-30 21:34:41,864 Starting Training from 2015-02-17 to 2015-03-04
2015-06-30 21:38:15,220 Starting Live from 2015-03-05 to 2015-04-04
2015-06-30 21:56:06,928 Starting Training from 2015-03-20 to 2015-04-04
2015-06-30 22:00:27,479 Starting Live from 2015-04-05 to 2015-04-10
2015-06-30 22:07:09,349 Starting Q Learning for : 
2015-06-30 22:07:09,349 alpha = 0.8
2015-06-30 22:07:09,351 gamma = 0.1
2015-06-30 22:07:09,351 individual factor = 10
2015-06-30 22:07:09,351 zero range = 0.01
2015-06-30 22:07:09,351 greedy level = 5
2015-06-30 22:07:09,351 

2015-06-30 22:07:19,581 Starting Training from 2014-12-17 to 2015-01-01
2015-06-30 22:17:57,456 Starting Live from 2015-01-02 to 2015-02-01
2015-06-30 22:43:40,391 Starting Training from 2015-01-17 to 2015-02-01
2015-06-30 22:44:59,039 Starting Live from 2015-02-02 to 2015-03-04
2015-06-30 23:16:25,561 Starting Training from 2015-02-17 to 2015-03-04
2015-06-30 23:18:29,571 Starting Live from 2015-03-05 to 2015-04-04
2015-06-30 23:47:28,255 Starting Training from 2015-03-20 to 2015-04-04
2015-06-30 23:48:50,078 Starting Live from 2015-04-05 to 2015-04-10
2015-06-30 23:56:37,013 Starting Q Learning for : 
2015-06-30 23:56:37,013 alpha = 0.8
2015-06-30 23:56:37,013 gamma = 0.2
2015-06-30 23:56:37,015 individual factor = 10
2015-06-30 23:56:37,015 zero range = 0.01
2015-06-30 23:56:37,015 greedy level = 5
2015-06-30 23:56:37,015 

2015-06-30 23:56:41,937 Starting Training from 2014-12-17 to 2015-01-01
2015-07-01 00:07:56,285 Starting Live from 2015-01-02 to 2015-02-01
2015-07-01 00:33:20,552 Starting Training from 2015-01-17 to 2015-02-01
2015-07-01 00:34:31,532 Starting Live from 2015-02-02 to 2015-03-04
2015-07-01 01:03:50,979 Starting Training from 2015-02-17 to 2015-03-04
2015-07-01 01:05:32,114 Starting Live from 2015-03-05 to 2015-04-04
2015-07-01 01:32:44,006 Starting Training from 2015-03-20 to 2015-04-04
2015-07-01 01:34:06,506 Starting Live from 2015-04-05 to 2015-04-10
2015-07-01 01:41:33,430 Starting Q Learning for : 
2015-07-01 01:41:33,430 alpha = 0.8
2015-07-01 01:41:33,430 gamma = 0.3
2015-07-01 01:41:33,430 individual factor = 10
2015-07-01 01:41:33,430 zero range = 0.01
2015-07-01 01:41:33,430 greedy level = 5
2015-07-01 01:41:33,430 

2015-07-01 01:41:38,809 Starting Training from 2014-12-17 to 2015-01-01
2015-07-01 01:51:28,283 Starting Live from 2015-01-02 to 2015-02-01
2015-07-01 02:15:47,309 Starting Training from 2015-01-17 to 2015-02-01
2015-07-01 02:17:21,196 Starting Live from 2015-02-02 to 2015-03-04
2015-07-01 02:46:28,115 Starting Training from 2015-02-17 to 2015-03-04
2015-07-01 02:48:09,838 Starting Live from 2015-03-05 to 2015-04-04
2015-07-01 03:14:11,375 Starting Training from 2015-03-20 to 2015-04-04
2015-07-01 03:15:31,361 Starting Live from 2015-04-05 to 2015-04-10
2015-07-01 03:22:51,845 Starting Q Learning for : 
2015-07-01 03:22:51,845 alpha = 0.8
2015-07-01 03:22:51,845 gamma = 0.4
2015-07-01 03:22:51,845 individual factor = 10
2015-07-01 03:22:51,845 zero range = 0.01
2015-07-01 03:22:51,845 greedy level = 5
2015-07-01 03:22:51,845 

2015-07-01 03:22:58,078 Starting Training from 2014-12-17 to 2015-01-01
2015-07-01 03:33:37,020 Starting Live from 2015-01-02 to 2015-02-01
2015-07-01 03:58:03,654 Starting Training from 2015-01-17 to 2015-02-01
2015-07-01 03:59:17,618 Starting Live from 2015-02-02 to 2015-03-04
2015-07-01 04:27:46,733 Starting Training from 2015-02-17 to 2015-03-04
2015-07-01 04:29:24,851 Starting Live from 2015-03-05 to 2015-04-04
2015-07-01 04:55:43,119 Starting Training from 2015-03-20 to 2015-04-04
2015-07-01 04:57:18,650 Starting Live from 2015-04-05 to 2015-04-10
2015-07-01 05:04:31,227 Starting Q Learning for : 
2015-07-01 05:04:31,227 alpha = 0.8
2015-07-01 05:04:31,227 gamma = 0.5
2015-07-01 05:04:31,227 individual factor = 10
2015-07-01 05:04:31,227 zero range = 0.01
2015-07-01 05:04:31,227 greedy level = 5
2015-07-01 05:04:31,227 

2015-07-01 05:04:36,390 Starting Training from 2014-12-17 to 2015-01-01
2015-07-01 05:14:17,355 Starting Live from 2015-01-02 to 2015-02-01
2015-07-01 05:38:19,265 Starting Training from 2015-01-17 to 2015-02-01
2015-07-01 05:39:34,651 Starting Live from 2015-02-02 to 2015-03-04
2015-07-01 06:08:23,635 Starting Training from 2015-02-17 to 2015-03-04
2015-07-01 06:10:05,194 Starting Live from 2015-03-05 to 2015-04-04
2015-07-01 06:36:50,032 Starting Training from 2015-03-20 to 2015-04-04
2015-07-01 06:38:11,066 Starting Live from 2015-04-05 to 2015-04-10
2015-07-01 06:45:45,582 Starting Q Learning for : 
2015-07-01 06:45:45,582 alpha = 0.8
2015-07-01 06:45:45,582 gamma = 0.6
2015-07-01 06:45:45,582 individual factor = 10
2015-07-01 06:45:45,582 zero range = 0.01
2015-07-01 06:45:45,584 greedy level = 5
2015-07-01 06:45:45,584 

2015-07-01 06:45:51,430 Starting Training from 2014-12-17 to 2015-01-01
2015-07-01 06:56:26,372 Starting Live from 2015-01-02 to 2015-02-01
2015-07-01 07:20:29,707 Starting Training from 2015-01-17 to 2015-02-01
2015-07-01 07:21:39,513 Starting Live from 2015-02-02 to 2015-03-04
2015-07-01 07:49:35,400 Starting Training from 2015-02-17 to 2015-03-04
2015-07-01 07:51:09,891 Starting Live from 2015-03-05 to 2015-04-04
2015-07-01 08:16:00,085 Starting Training from 2015-03-20 to 2015-04-04
2015-07-01 08:17:16,492 Starting Live from 2015-04-05 to 2015-04-10
2015-07-01 08:25:18,846 Starting Q Learning for : 
2015-07-01 08:25:18,846 alpha = 0.8
2015-07-01 08:25:18,846 gamma = 0.7
2015-07-01 08:25:18,846 individual factor = 10
2015-07-01 08:25:18,846 zero range = 0.01
2015-07-01 08:25:18,846 greedy level = 5
2015-07-01 08:25:18,848 

2015-07-01 08:25:25,269 Starting Training from 2014-12-17 to 2015-01-01
2015-07-01 08:35:13,809 Starting Live from 2015-01-02 to 2015-02-01
2015-07-01 08:58:14,891 Starting Training from 2015-01-17 to 2015-02-01
2015-07-01 08:59:26,092 Starting Live from 2015-02-02 to 2015-03-04
2015-07-01 09:23:10,798 Starting Training from 2015-02-17 to 2015-03-04
2015-07-01 09:25:47,516 Starting Live from 2015-03-05 to 2015-04-04
2015-07-01 09:44:56,154 Starting Training from 2015-03-20 to 2015-04-04
2015-07-01 09:48:04,013 Starting Live from 2015-04-05 to 2015-04-10
2015-07-01 09:55:00,931 Starting Q Learning for : 
2015-07-01 09:55:00,931 alpha = 0.8
2015-07-01 09:55:00,931 gamma = 0.8
2015-07-01 09:55:00,931 individual factor = 10
2015-07-01 09:55:00,931 zero range = 0.01
2015-07-01 09:55:00,931 greedy level = 5
2015-07-01 09:55:00,931 

2015-07-01 09:55:06,740 Starting Training from 2014-12-17 to 2015-01-01
2015-07-01 10:04:44,713 Starting Live from 2015-01-02 to 2015-02-01
2015-07-01 10:26:37,733 Starting Training from 2015-01-17 to 2015-02-01
2015-07-01 10:27:45,085 Starting Live from 2015-02-02 to 2015-03-04
2015-07-01 10:47:37,907 Starting Training from 2015-02-17 to 2015-03-04
2015-07-01 10:50:49,551 Starting Live from 2015-03-05 to 2015-04-04
2015-07-01 11:06:21,528 Starting Training from 2015-03-20 to 2015-04-04
2015-07-01 11:10:37,700 Starting Live from 2015-04-05 to 2015-04-10
