2015-06-29 01:38:05,117 Starting Q Learning for : 
2015-06-29 01:38:05,117 alpha = 0.5
2015-06-29 01:38:05,117 gamma = 0.1
2015-06-29 01:38:05,117 individual factor = 10
2015-06-29 01:38:05,118 zero range = 0.002
2015-06-29 01:38:05,118 greedy level = 5
2015-06-29 01:38:05,118 

2015-06-29 01:38:14,158 Starting Training from 2014-12-17 to 2015-01-01
2015-06-29 01:51:07,967 Starting Live from 2015-01-02 to 2015-02-01
2015-06-29 02:17:35,115 Starting Training from 2015-01-17 to 2015-02-01
2015-06-29 02:18:46,690 Starting Live from 2015-02-02 to 2015-03-04
2015-06-29 02:49:50,875 Starting Training from 2015-02-17 to 2015-03-04
2015-06-29 02:51:47,167 Starting Live from 2015-03-05 to 2015-04-04
2015-06-29 03:22:37,489 Starting Training from 2015-03-20 to 2015-04-04
2015-06-29 03:24:07,411 Starting Live from 2015-04-05 to 2015-04-10
2015-06-29 03:33:00,673 Starting Q Learning for : 
2015-06-29 03:33:00,673 alpha = 0.5
2015-06-29 03:33:00,674 gamma = 0.2
2015-06-29 03:33:00,674 individual factor = 10
2015-06-29 03:33:00,674 zero range = 0.002
2015-06-29 03:33:00,674 greedy level = 5
2015-06-29 03:33:00,674 

2015-06-29 03:33:07,345 Starting Training from 2014-12-17 to 2015-01-01
2015-06-29 03:45:27,380 Starting Live from 2015-01-02 to 2015-02-01
2015-06-29 04:13:15,809 Starting Training from 2015-01-17 to 2015-02-01
2015-06-29 04:14:41,384 Starting Live from 2015-02-02 to 2015-03-04
2015-06-29 04:47:08,118 Starting Training from 2015-02-17 to 2015-03-04
2015-06-29 04:49:26,726 Starting Live from 2015-03-05 to 2015-04-04
2015-06-29 05:18:34,581 Starting Training from 2015-03-20 to 2015-04-04
2015-06-29 05:20:08,203 Starting Live from 2015-04-05 to 2015-04-10
2015-06-29 05:28:23,220 Starting Q Learning for : 
2015-06-29 05:28:23,220 alpha = 0.5
2015-06-29 05:28:23,220 gamma = 0.3
2015-06-29 05:28:23,221 individual factor = 10
2015-06-29 05:28:23,221 zero range = 0.002
2015-06-29 05:28:23,221 greedy level = 5
2015-06-29 05:28:23,221 

2015-06-29 05:28:32,950 Starting Training from 2014-12-17 to 2015-01-01
2015-06-29 05:41:08,845 Starting Live from 2015-01-02 to 2015-02-01
2015-06-29 06:09:04,382 Starting Training from 2015-01-17 to 2015-02-01
2015-06-29 06:10:32,301 Starting Live from 2015-02-02 to 2015-03-04
2015-06-29 06:44:22,599 Starting Training from 2015-02-17 to 2015-03-04
2015-06-29 06:46:22,221 Starting Live from 2015-03-05 to 2015-04-04
2015-06-29 07:16:27,141 Starting Training from 2015-03-20 to 2015-04-04
2015-06-29 07:18:01,698 Starting Live from 2015-04-05 to 2015-04-10
2015-06-29 07:26:40,388 Starting Q Learning for : 
2015-06-29 07:26:40,388 alpha = 0.5
2015-06-29 07:26:40,388 gamma = 0.4
2015-06-29 07:26:40,388 individual factor = 10
2015-06-29 07:26:40,388 zero range = 0.002
2015-06-29 07:26:40,388 greedy level = 5
2015-06-29 07:26:40,388 

2015-06-29 07:26:48,026 Starting Training from 2014-12-17 to 2015-01-01
2015-06-29 07:39:02,539 Starting Live from 2015-01-02 to 2015-02-01
2015-06-29 08:07:41,109 Starting Training from 2015-01-17 to 2015-02-01
2015-06-29 08:09:04,276 Starting Live from 2015-02-02 to 2015-03-04
2015-06-29 08:43:15,959 Starting Training from 2015-02-17 to 2015-03-04
2015-06-29 08:45:12,211 Starting Live from 2015-03-05 to 2015-04-04
2015-06-29 09:15:23,516 Starting Training from 2015-03-20 to 2015-04-04
2015-06-29 09:16:56,778 Starting Live from 2015-04-05 to 2015-04-10
2015-06-29 09:26:11,154 Starting Q Learning for : 
2015-06-29 09:26:11,154 alpha = 0.5
2015-06-29 09:26:11,154 gamma = 0.5
2015-06-29 09:26:11,154 individual factor = 10
2015-06-29 09:26:11,154 zero range = 0.002
2015-06-29 09:26:11,154 greedy level = 5
2015-06-29 09:26:11,154 

2015-06-29 09:26:17,470 Starting Training from 2014-12-17 to 2015-01-01
2015-06-29 09:37:29,066 Starting Live from 2015-01-02 to 2015-02-01
2015-06-29 10:06:28,354 Starting Training from 2015-01-17 to 2015-02-01
2015-06-29 10:08:13,565 Starting Live from 2015-02-02 to 2015-03-04
2015-06-29 10:41:27,540 Starting Training from 2015-02-17 to 2015-03-04
2015-06-29 10:43:21,996 Starting Live from 2015-03-05 to 2015-04-04
2015-06-29 11:13:34,265 Starting Training from 2015-03-20 to 2015-04-04
2015-06-29 11:15:21,460 Starting Live from 2015-04-05 to 2015-04-10
2015-06-29 11:24:51,961 Starting Q Learning for : 
2015-06-29 11:24:51,961 alpha = 0.5
2015-06-29 11:24:51,961 gamma = 0.6
2015-06-29 11:24:51,961 individual factor = 10
2015-06-29 11:24:51,961 zero range = 0.002
2015-06-29 11:24:51,961 greedy level = 5
2015-06-29 11:24:51,961 

2015-06-29 11:24:57,132 Starting Training from 2014-12-17 to 2015-01-01
2015-06-29 11:36:27,526 Starting Live from 2015-01-02 to 2015-02-01
2015-06-29 12:05:46,290 Starting Training from 2015-01-17 to 2015-02-01
2015-06-29 12:07:10,927 Starting Live from 2015-02-02 to 2015-03-04
2015-06-29 12:40:08,892 Starting Training from 2015-02-17 to 2015-03-04
2015-06-29 12:42:05,525 Starting Live from 2015-03-05 to 2015-04-04
2015-06-29 13:12:24,654 Starting Training from 2015-03-20 to 2015-04-04
2015-06-29 13:14:22,789 Starting Live from 2015-04-05 to 2015-04-10
2015-06-29 13:23:09,943 Starting Q Learning for : 
2015-06-29 13:23:09,943 alpha = 0.5
2015-06-29 13:23:09,943 gamma = 0.7
2015-06-29 13:23:09,943 individual factor = 10
2015-06-29 13:23:09,943 zero range = 0.002
2015-06-29 13:23:09,943 greedy level = 5
2015-06-29 13:23:09,943 

2015-06-29 13:23:15,986 Starting Training from 2014-12-17 to 2015-01-01
2015-06-29 13:35:36,638 Starting Live from 2015-01-02 to 2015-02-01
2015-06-29 14:03:02,345 Starting Training from 2015-01-17 to 2015-02-01
2015-06-29 14:04:33,513 Starting Live from 2015-02-02 to 2015-03-04
2015-06-29 14:32:08,782 Starting Training from 2015-02-17 to 2015-03-04
2015-06-29 14:35:14,594 Starting Live from 2015-03-05 to 2015-04-04
2015-06-29 14:56:25,996 Starting Training from 2015-03-20 to 2015-04-04
2015-06-29 15:00:30,483 Starting Live from 2015-04-05 to 2015-04-10
2015-06-29 15:08:46,676 Starting Q Learning for : 
2015-06-29 15:08:46,677 alpha = 0.5
2015-06-29 15:08:46,677 gamma = 0.8
2015-06-29 15:08:46,677 individual factor = 10
2015-06-29 15:08:46,677 zero range = 0.002
2015-06-29 15:08:46,677 greedy level = 5
2015-06-29 15:08:46,677 

2015-06-29 15:08:52,381 Starting Training from 2014-12-17 to 2015-01-01
2015-06-29 15:20:35,714 Starting Live from 2015-01-02 to 2015-02-01
2015-06-29 15:47:18,111 Starting Training from 2015-01-17 to 2015-02-01
2015-06-29 15:48:51,788 Starting Live from 2015-02-02 to 2015-03-04
2015-06-29 16:14:32,038 Starting Training from 2015-02-17 to 2015-03-04
2015-06-29 16:18:42,732 Starting Live from 2015-03-05 to 2015-04-04
2015-06-29 16:37:50,634 Starting Training from 2015-03-20 to 2015-04-04
2015-06-29 16:42:55,423 Starting Live from 2015-04-05 to 2015-04-10
2015-06-29 16:49:25,732 Starting Q Learning for : 
2015-06-29 16:49:25,732 alpha = 0.4
2015-06-29 16:49:25,733 gamma = 0.1
2015-06-29 16:49:25,733 individual factor = 10
2015-06-29 16:49:25,733 zero range = 0.006
2015-06-29 16:49:25,733 greedy level = 5
2015-06-29 16:49:25,733 

2015-06-29 16:49:34,395 Starting Training from 2014-12-17 to 2015-01-01
2015-06-29 17:01:54,049 Starting Live from 2015-01-02 to 2015-02-01
2015-06-29 17:31:03,315 Starting Training from 2015-01-17 to 2015-02-01
2015-06-29 17:32:28,976 Starting Live from 2015-02-02 to 2015-03-04
2015-06-29 18:06:01,282 Starting Training from 2015-02-17 to 2015-03-04
2015-06-29 18:08:03,954 Starting Live from 2015-03-05 to 2015-04-04
2015-06-29 18:38:51,082 Starting Training from 2015-03-20 to 2015-04-04
2015-06-29 18:40:20,776 Starting Live from 2015-04-05 to 2015-04-10
2015-06-29 18:48:33,947 Starting Q Learning for : 
2015-06-29 18:48:33,947 alpha = 0.4
2015-06-29 18:48:33,947 gamma = 0.2
2015-06-29 18:48:33,947 individual factor = 10
2015-06-29 18:48:33,947 zero range = 0.006
2015-06-29 18:48:33,947 greedy level = 5
2015-06-29 18:48:33,947 

2015-06-29 18:48:41,154 Starting Training from 2014-12-17 to 2015-01-01
2015-06-29 19:00:35,395 Starting Live from 2015-01-02 to 2015-02-01
2015-06-29 19:28:35,687 Starting Training from 2015-01-17 to 2015-02-01
2015-06-29 19:30:03,950 Starting Live from 2015-02-02 to 2015-03-04
2015-06-29 20:02:30,049 Starting Training from 2015-02-17 to 2015-03-04
2015-06-29 20:04:47,249 Starting Live from 2015-03-05 to 2015-04-04
2015-06-29 20:34:19,417 Starting Training from 2015-03-20 to 2015-04-04
2015-06-29 20:35:51,657 Starting Live from 2015-04-05 to 2015-04-10
2015-06-29 20:43:59,822 Starting Q Learning for : 
2015-06-29 20:43:59,822 alpha = 0.4
2015-06-29 20:43:59,822 gamma = 0.3
2015-06-29 20:43:59,822 individual factor = 10
2015-06-29 20:43:59,822 zero range = 0.006
2015-06-29 20:43:59,822 greedy level = 5
2015-06-29 20:43:59,822 

2015-06-29 20:44:05,650 Starting Training from 2014-12-17 to 2015-01-01
2015-06-29 20:56:06,013 Starting Live from 2015-01-02 to 2015-02-01
2015-06-29 21:24:01,191 Starting Training from 2015-01-17 to 2015-02-01
2015-06-29 21:25:30,091 Starting Live from 2015-02-02 to 2015-03-04
2015-06-29 21:58:33,184 Starting Training from 2015-02-17 to 2015-03-04
2015-06-29 22:01:09,197 Starting Live from 2015-03-05 to 2015-04-04
2015-06-29 22:31:42,434 Starting Training from 2015-03-20 to 2015-04-04
2015-06-29 22:33:16,573 Starting Live from 2015-04-05 to 2015-04-10
2015-06-29 22:41:36,164 Starting Q Learning for : 
2015-06-29 22:41:36,164 alpha = 0.4
2015-06-29 22:41:36,164 gamma = 0.4
2015-06-29 22:41:36,164 individual factor = 10
2015-06-29 22:41:36,165 zero range = 0.006
2015-06-29 22:41:36,165 greedy level = 5
2015-06-29 22:41:36,165 

2015-06-29 22:41:41,864 Starting Training from 2014-12-17 to 2015-01-01
2015-06-29 22:54:02,467 Starting Live from 2015-01-02 to 2015-02-01
2015-06-29 23:22:52,549 Starting Training from 2015-01-17 to 2015-02-01
2015-06-29 23:24:17,632 Starting Live from 2015-02-02 to 2015-03-04
2015-06-29 23:58:04,996 Starting Training from 2015-02-17 to 2015-03-04
2015-06-30 00:00:04,278 Starting Live from 2015-03-05 to 2015-04-04
2015-06-30 00:30:16,805 Starting Training from 2015-03-20 to 2015-04-04
2015-06-30 00:32:03,221 Starting Live from 2015-04-05 to 2015-04-10
2015-06-30 00:41:05,921 Starting Q Learning for : 
2015-06-30 00:41:05,923 alpha = 0.4
2015-06-30 00:41:05,923 gamma = 0.5
2015-06-30 00:41:05,923 individual factor = 10
2015-06-30 00:41:05,923 zero range = 0.006
2015-06-30 00:41:05,923 greedy level = 5
2015-06-30 00:41:05,923 

2015-06-30 00:41:13,808 Starting Training from 2014-12-17 to 2015-01-01
2015-06-30 00:53:35,329 Starting Live from 2015-01-02 to 2015-02-01
2015-06-30 01:22:29,089 Starting Training from 2015-01-17 to 2015-02-01
2015-06-30 01:23:52,740 Starting Live from 2015-02-02 to 2015-03-04
2015-06-30 01:57:51,224 Starting Training from 2015-02-17 to 2015-03-04
2015-06-30 01:59:52,489 Starting Live from 2015-03-05 to 2015-04-04
2015-06-30 02:29:24,401 Starting Training from 2015-03-20 to 2015-04-04
2015-06-30 02:30:54,200 Starting Live from 2015-04-05 to 2015-04-10
2015-06-30 02:40:08,969 Starting Q Learning for : 
2015-06-30 02:40:08,969 alpha = 0.4
2015-06-30 02:40:08,969 gamma = 0.6
2015-06-30 02:40:08,969 individual factor = 10
2015-06-30 02:40:08,969 zero range = 0.006
2015-06-30 02:40:08,969 greedy level = 5
2015-06-30 02:40:08,969 

2015-06-30 02:40:16,344 Starting Training from 2014-12-17 to 2015-01-01
2015-06-30 02:51:19,631 Starting Live from 2015-01-02 to 2015-02-01
2015-06-30 03:19:00,869 Starting Training from 2015-01-17 to 2015-02-01
2015-06-30 03:20:24,493 Starting Live from 2015-02-02 to 2015-03-04
2015-06-30 03:53:14,918 Starting Training from 2015-02-17 to 2015-03-04
2015-06-30 03:55:10,329 Starting Live from 2015-03-05 to 2015-04-04
2015-06-30 04:23:48,315 Starting Training from 2015-03-20 to 2015-04-04
2015-06-30 04:25:37,226 Starting Live from 2015-04-05 to 2015-04-10
2015-06-30 04:34:28,263 Starting Q Learning for : 
2015-06-30 04:34:28,265 alpha = 0.4
2015-06-30 04:34:28,265 gamma = 0.7
2015-06-30 04:34:28,265 individual factor = 10
2015-06-30 04:34:28,265 zero range = 0.006
2015-06-30 04:34:28,265 greedy level = 5
2015-06-30 04:34:28,265 

2015-06-30 04:34:36,039 Starting Training from 2014-12-17 to 2015-01-01
2015-06-30 04:46:01,921 Starting Live from 2015-01-02 to 2015-02-01
2015-06-30 05:12:13,279 Starting Training from 2015-01-17 to 2015-02-01
2015-06-30 05:13:37,779 Starting Live from 2015-02-02 to 2015-03-04
2015-06-30 05:41:09,710 Starting Training from 2015-02-17 to 2015-03-04
2015-06-30 05:44:51,420 Starting Live from 2015-03-05 to 2015-04-04
2015-06-30 06:05:27,214 Starting Training from 2015-03-20 to 2015-04-04
2015-06-30 06:09:41,453 Starting Live from 2015-04-05 to 2015-04-10
2015-06-30 06:16:44,865 Starting Q Learning for : 
2015-06-30 06:16:44,865 alpha = 0.4
2015-06-30 06:16:44,865 gamma = 0.8
2015-06-30 06:16:44,865 individual factor = 10
2015-06-30 06:16:44,865 zero range = 0.006
2015-06-30 06:16:44,867 greedy level = 5
2015-06-30 06:16:44,867 

2015-06-30 06:16:50,586 Starting Training from 2014-12-17 to 2015-01-01
2015-06-30 06:28:26,092 Starting Live from 2015-01-02 to 2015-02-01
2015-06-30 06:55:23,293 Starting Training from 2015-01-17 to 2015-02-01
2015-06-30 06:56:52,483 Starting Live from 2015-02-02 to 2015-03-04
2015-06-30 07:20:54,233 Starting Training from 2015-02-17 to 2015-03-04
2015-06-30 07:24:52,082 Starting Live from 2015-03-05 to 2015-04-04
2015-06-30 07:43:56,717 Starting Training from 2015-03-20 to 2015-04-04
2015-06-30 07:48:38,285 Starting Live from 2015-04-05 to 2015-04-10
2015-06-30 07:55:16,283 Starting Q Learning for : 
2015-06-30 07:55:16,283 alpha = 0.2
2015-06-30 07:55:16,283 gamma = 0.1
2015-06-30 07:55:16,283 individual factor = 10
2015-06-30 07:55:16,283 zero range = 0.006
2015-06-30 07:55:16,283 greedy level = 5
2015-06-30 07:55:16,283 

2015-06-30 07:55:22,052 Starting Training from 2014-12-17 to 2015-01-01
2015-06-30 08:07:18,255 Starting Live from 2015-01-02 to 2015-02-01
2015-06-30 08:35:09,622 Starting Training from 2015-01-17 to 2015-02-01
2015-06-30 08:36:38,388 Starting Live from 2015-02-02 to 2015-03-04
2015-06-30 09:09:10,982 Starting Training from 2015-02-17 to 2015-03-04
2015-06-30 09:11:29,671 Starting Live from 2015-03-05 to 2015-04-04
2015-06-30 09:42:16,479 Starting Training from 2015-03-20 to 2015-04-04
2015-06-30 09:43:50,934 Starting Live from 2015-04-05 to 2015-04-10
2015-06-30 09:52:12,584 Starting Q Learning for : 
2015-06-30 09:52:12,584 alpha = 0.2
2015-06-30 09:52:12,585 gamma = 0.2
2015-06-30 09:52:12,585 individual factor = 10
2015-06-30 09:52:12,585 zero range = 0.006
2015-06-30 09:52:12,585 greedy level = 5
2015-06-30 09:52:12,585 

2015-06-30 09:52:18,598 Starting Training from 2014-12-17 to 2015-01-01
2015-06-30 10:04:33,591 Starting Live from 2015-01-02 to 2015-02-01
2015-06-30 10:31:52,345 Starting Training from 2015-01-17 to 2015-02-01
2015-06-30 10:33:10,871 Starting Live from 2015-02-02 to 2015-03-04
2015-06-30 11:04:03,579 Starting Training from 2015-02-17 to 2015-03-04
2015-06-30 11:05:52,719 Starting Live from 2015-03-05 to 2015-04-04
2015-06-30 11:34:24,928 Starting Training from 2015-03-20 to 2015-04-04
2015-06-30 11:35:50,069 Starting Live from 2015-04-05 to 2015-04-10
2015-06-30 11:43:32,653 Starting Q Learning for : 
2015-06-30 11:43:32,653 alpha = 0.2
2015-06-30 11:43:32,653 gamma = 0.3
2015-06-30 11:43:32,653 individual factor = 10
2015-06-30 11:43:32,653 zero range = 0.006
2015-06-30 11:43:32,653 greedy level = 5
2015-06-30 11:43:32,654 

2015-06-30 11:43:38,377 Starting Training from 2014-12-17 to 2015-01-01
2015-06-30 11:54:46,917 Starting Live from 2015-01-02 to 2015-02-01
2015-06-30 12:21:09,684 Starting Training from 2015-01-17 to 2015-02-01
2015-06-30 12:22:26,769 Starting Live from 2015-02-02 to 2015-03-04
2015-06-30 12:52:46,582 Starting Training from 2015-02-17 to 2015-03-04
2015-06-30 12:54:33,762 Starting Live from 2015-03-05 to 2015-04-04
2015-06-30 13:22:07,492 Starting Training from 2015-03-20 to 2015-04-04
2015-06-30 13:23:40,338 Starting Live from 2015-04-05 to 2015-04-10
2015-06-30 13:32:08,357 Starting Q Learning for : 
2015-06-30 13:32:08,358 alpha = 0.2
2015-06-30 13:32:08,358 gamma = 0.4
2015-06-30 13:32:08,358 individual factor = 10
2015-06-30 13:32:08,358 zero range = 0.006
2015-06-30 13:32:08,358 greedy level = 5
2015-06-30 13:32:08,358 

2015-06-30 13:32:14,122 Starting Training from 2014-12-17 to 2015-01-01
2015-06-30 13:42:23,680 Starting Live from 2015-01-02 to 2015-02-01
2015-06-30 14:08:27,878 Starting Training from 2015-01-17 to 2015-02-01
2015-06-30 14:10:13,170 Starting Live from 2015-02-02 to 2015-03-04
2015-06-30 14:41:26,151 Starting Training from 2015-02-17 to 2015-03-04
2015-06-30 14:43:14,184 Starting Live from 2015-03-05 to 2015-04-04
2015-06-30 15:11:38,686 Starting Training from 2015-03-20 to 2015-04-04
2015-06-30 15:13:03,657 Starting Live from 2015-04-05 to 2015-04-10
2015-06-30 15:21:34,282 Starting Q Learning for : 
2015-06-30 15:21:34,282 alpha = 0.2
2015-06-30 15:21:34,282 gamma = 0.5
2015-06-30 15:21:34,282 individual factor = 10
2015-06-30 15:21:34,282 zero range = 0.006
2015-06-30 15:21:34,282 greedy level = 5
2015-06-30 15:21:34,282 

2015-06-30 15:21:40,094 Starting Training from 2014-12-17 to 2015-01-01
2015-06-30 15:32:15,763 Starting Live from 2015-01-02 to 2015-02-01
2015-06-30 15:58:03,371 Starting Training from 2015-01-17 to 2015-02-01
2015-06-30 15:59:25,427 Starting Live from 2015-02-02 to 2015-03-04
2015-06-30 16:30:27,176 Starting Training from 2015-02-17 to 2015-03-04
2015-06-30 16:32:17,568 Starting Live from 2015-03-05 to 2015-04-04
2015-06-30 16:59:13,009 Starting Training from 2015-03-20 to 2015-04-04
2015-06-30 17:00:46,338 Starting Live from 2015-04-05 to 2015-04-10
2015-06-30 17:08:17,206 Starting Q Learning for : 
2015-06-30 17:08:17,206 alpha = 0.2
2015-06-30 17:08:17,206 gamma = 0.6
2015-06-30 17:08:17,206 individual factor = 10
2015-06-30 17:08:17,206 zero range = 0.006
2015-06-30 17:08:17,206 greedy level = 5
2015-06-30 17:08:17,207 

2015-06-30 17:08:23,084 Starting Training from 2014-12-17 to 2015-01-01
2015-06-30 17:19:43,378 Starting Live from 2015-01-02 to 2015-02-01
2015-06-30 17:46:41,026 Starting Training from 2015-01-17 to 2015-02-01
2015-06-30 17:48:00,217 Starting Live from 2015-02-02 to 2015-03-04
2015-06-30 18:19:17,489 Starting Training from 2015-02-17 to 2015-03-04
2015-06-30 18:21:20,996 Starting Live from 2015-03-05 to 2015-04-04
2015-06-30 18:47:56,378 Starting Training from 2015-03-20 to 2015-04-04
2015-06-30 18:49:13,709 Starting Live from 2015-04-05 to 2015-04-10
2015-06-30 18:56:05,786 Starting Q Learning for : 
2015-06-30 18:56:05,786 alpha = 0.2
2015-06-30 18:56:05,786 gamma = 0.7
2015-06-30 18:56:05,786 individual factor = 10
2015-06-30 18:56:05,786 zero range = 0.006
2015-06-30 18:56:05,786 greedy level = 5
2015-06-30 18:56:05,786 

2015-06-30 18:56:16,836 Starting Training from 2014-12-17 to 2015-01-01
2015-06-30 19:08:03,219 Starting Live from 2015-01-02 to 2015-02-01
2015-06-30 19:32:53,176 Starting Training from 2015-01-17 to 2015-02-01
2015-06-30 19:34:11,365 Starting Live from 2015-02-02 to 2015-03-04
2015-06-30 20:00:15,661 Starting Training from 2015-02-17 to 2015-03-04
2015-06-30 20:03:06,684 Starting Live from 2015-03-05 to 2015-04-04
2015-06-30 20:24:17,194 Starting Training from 2015-03-20 to 2015-04-04
2015-06-30 20:27:41,798 Starting Live from 2015-04-05 to 2015-04-10
2015-06-30 20:34:50,602 Starting Q Learning for : 
2015-06-30 20:34:50,602 alpha = 0.2
2015-06-30 20:34:50,602 gamma = 0.8
2015-06-30 20:34:50,602 individual factor = 10
2015-06-30 20:34:50,602 zero range = 0.006
2015-06-30 20:34:50,604 greedy level = 5
2015-06-30 20:34:50,604 

2015-06-30 20:34:58,371 Starting Training from 2014-12-17 to 2015-01-01
2015-06-30 20:46:12,493 Starting Live from 2015-01-02 to 2015-02-01
2015-06-30 21:10:09,326 Starting Training from 2015-01-17 to 2015-02-01
2015-06-30 21:11:25,075 Starting Live from 2015-02-02 to 2015-03-04
2015-06-30 21:34:33,029 Starting Training from 2015-02-17 to 2015-03-04
2015-06-30 21:38:07,115 Starting Live from 2015-03-05 to 2015-04-04
2015-06-30 21:55:42,960 Starting Training from 2015-03-20 to 2015-04-04
2015-06-30 21:59:49,953 Starting Live from 2015-04-05 to 2015-04-10
2015-06-30 22:05:57,282 Starting Q Learning for : 
2015-06-30 22:05:57,282 alpha = 0.6
2015-06-30 22:05:57,283 gamma = 0.1
2015-06-30 22:05:57,283 individual factor = 10
2015-06-30 22:05:57,283 zero range = 0.01
2015-06-30 22:05:57,283 greedy level = 5
2015-06-30 22:05:57,283 

2015-06-30 22:06:06,414 Starting Training from 2014-12-17 to 2015-01-01
2015-06-30 22:17:05,841 Starting Live from 2015-01-02 to 2015-02-01
2015-06-30 22:42:42,453 Starting Training from 2015-01-17 to 2015-02-01
2015-06-30 22:43:56,993 Starting Live from 2015-02-02 to 2015-03-04
2015-06-30 23:15:10,953 Starting Training from 2015-02-17 to 2015-03-04
2015-06-30 23:17:28,523 Starting Live from 2015-03-05 to 2015-04-04
2015-06-30 23:46:37,700 Starting Training from 2015-03-20 to 2015-04-04
2015-06-30 23:48:03,186 Starting Live from 2015-04-05 to 2015-04-10
2015-06-30 23:55:51,305 Starting Q Learning for : 
2015-06-30 23:55:51,305 alpha = 0.6
2015-06-30 23:55:51,305 gamma = 0.2
2015-06-30 23:55:51,305 individual factor = 10
2015-06-30 23:55:51,305 zero range = 0.01
2015-06-30 23:55:51,305 greedy level = 5
2015-06-30 23:55:51,305 

2015-06-30 23:55:58,220 Starting Training from 2014-12-17 to 2015-01-01
2015-07-01 00:07:13,042 Starting Live from 2015-01-02 to 2015-02-01
2015-07-01 00:32:30,555 Starting Training from 2015-01-17 to 2015-02-01
2015-07-01 00:33:42,641 Starting Live from 2015-02-02 to 2015-03-04
2015-07-01 01:02:46,671 Starting Training from 2015-02-17 to 2015-03-04
2015-07-01 01:04:26,368 Starting Live from 2015-03-05 to 2015-04-04
2015-07-01 01:31:08,888 Starting Training from 2015-03-20 to 2015-04-04
2015-07-01 01:32:49,539 Starting Live from 2015-04-05 to 2015-04-10
2015-07-01 01:40:12,568 Starting Q Learning for : 
2015-07-01 01:40:12,568 alpha = 0.6
2015-07-01 01:40:12,568 gamma = 0.3
2015-07-01 01:40:12,568 individual factor = 10
2015-07-01 01:40:12,568 zero range = 0.01
2015-07-01 01:40:12,568 greedy level = 5
2015-07-01 01:40:12,568 

2015-07-01 01:40:18,798 Starting Training from 2014-12-17 to 2015-01-01
2015-07-01 01:50:09,127 Starting Live from 2015-01-02 to 2015-02-01
2015-07-01 02:14:00,729 Starting Training from 2015-01-17 to 2015-02-01
2015-07-01 02:15:28,023 Starting Live from 2015-02-02 to 2015-03-04
2015-07-01 02:44:50,997 Starting Training from 2015-02-17 to 2015-03-04
2015-07-01 02:46:30,283 Starting Live from 2015-03-05 to 2015-04-04
2015-07-01 03:12:54,980 Starting Training from 2015-03-20 to 2015-04-04
2015-07-01 03:14:16,619 Starting Live from 2015-04-05 to 2015-04-10
2015-07-01 03:21:29,392 Starting Q Learning for : 
2015-07-01 03:21:29,392 alpha = 0.6
2015-07-01 03:21:29,392 gamma = 0.4
2015-07-01 03:21:29,392 individual factor = 10
2015-07-01 03:21:29,392 zero range = 0.01
2015-07-01 03:21:29,392 greedy level = 5
2015-07-01 03:21:29,392 

2015-07-01 03:21:35,720 Starting Training from 2014-12-17 to 2015-01-01
2015-07-01 03:32:19,127 Starting Live from 2015-01-02 to 2015-02-01
2015-07-01 03:56:37,358 Starting Training from 2015-01-17 to 2015-02-01
2015-07-01 03:57:49,269 Starting Live from 2015-02-02 to 2015-03-04
2015-07-01 04:26:18,467 Starting Training from 2015-02-17 to 2015-03-04
2015-07-01 04:27:56,993 Starting Live from 2015-03-05 to 2015-04-04
2015-07-01 04:53:36,440 Starting Training from 2015-03-20 to 2015-04-04
2015-07-01 04:55:20,371 Starting Live from 2015-04-05 to 2015-04-10
2015-07-01 05:02:58,835 Starting Q Learning for : 
2015-07-01 05:02:58,836 alpha = 0.6
2015-07-01 05:02:58,836 gamma = 0.5
2015-07-01 05:02:58,836 individual factor = 10
2015-07-01 05:02:58,836 zero range = 0.01
2015-07-01 05:02:58,836 greedy level = 5
2015-07-01 05:02:58,836 

2015-07-01 05:03:04,617 Starting Training from 2014-12-17 to 2015-01-01
2015-07-01 05:12:46,763 Starting Live from 2015-01-02 to 2015-02-01
2015-07-01 05:36:36,375 Starting Training from 2015-01-17 to 2015-02-01
2015-07-01 05:37:48,293 Starting Live from 2015-02-02 to 2015-03-04
2015-07-01 06:06:26,951 Starting Training from 2015-02-17 to 2015-03-04
2015-07-01 06:08:05,996 Starting Live from 2015-03-05 to 2015-04-04
2015-07-01 06:33:49,622 Starting Training from 2015-03-20 to 2015-04-04
2015-07-01 06:35:08,062 Starting Live from 2015-04-05 to 2015-04-10
2015-07-01 06:42:23,404 Starting Q Learning for : 
2015-07-01 06:42:23,404 alpha = 0.6
2015-07-01 06:42:23,404 gamma = 0.6
2015-07-01 06:42:23,404 individual factor = 10
2015-07-01 06:42:23,404 zero range = 0.01
2015-07-01 06:42:23,404 greedy level = 5
2015-07-01 06:42:23,404 

2015-07-01 06:42:28,526 Starting Training from 2014-12-17 to 2015-01-01
2015-07-01 06:53:12,019 Starting Live from 2015-01-02 to 2015-02-01
2015-07-01 07:17:19,914 Starting Training from 2015-01-17 to 2015-02-01
2015-07-01 07:18:31,499 Starting Live from 2015-02-02 to 2015-03-04
2015-07-01 07:46:22,345 Starting Training from 2015-02-17 to 2015-03-04
2015-07-01 07:47:56,203 Starting Live from 2015-03-05 to 2015-04-04
2015-07-01 08:13:11,578 Starting Training from 2015-03-20 to 2015-04-04
2015-07-01 08:14:30,204 Starting Live from 2015-04-05 to 2015-04-10
2015-07-01 08:22:21,801 Starting Q Learning for : 
2015-07-01 08:22:21,801 alpha = 0.6
2015-07-01 08:22:21,801 gamma = 0.7
2015-07-01 08:22:21,802 individual factor = 10
2015-07-01 08:22:21,802 zero range = 0.01
2015-07-01 08:22:21,802 greedy level = 5
2015-07-01 08:22:21,802 

2015-07-01 08:22:30,257 Starting Training from 2014-12-17 to 2015-01-01
2015-07-01 08:32:27,812 Starting Live from 2015-01-02 to 2015-02-01
2015-07-01 08:55:19,539 Starting Training from 2015-01-17 to 2015-02-01
2015-07-01 08:56:32,937 Starting Live from 2015-02-02 to 2015-03-04
2015-07-01 09:19:49,290 Starting Training from 2015-02-17 to 2015-03-04
2015-07-01 09:22:27,098 Starting Live from 2015-03-05 to 2015-04-04
2015-07-01 09:41:43,158 Starting Training from 2015-03-20 to 2015-04-04
2015-07-01 09:44:48,000 Starting Live from 2015-04-05 to 2015-04-10
2015-07-01 09:51:19,859 Starting Q Learning for : 
2015-07-01 09:51:19,859 alpha = 0.6
2015-07-01 09:51:19,859 gamma = 0.8
2015-07-01 09:51:19,861 individual factor = 10
2015-07-01 09:51:19,861 zero range = 0.01
2015-07-01 09:51:19,861 greedy level = 5
2015-07-01 09:51:19,861 

2015-07-01 09:51:27,112 Starting Training from 2014-12-17 to 2015-01-01
2015-07-01 10:01:37,664 Starting Live from 2015-01-02 to 2015-02-01
2015-07-01 10:23:52,977 Starting Training from 2015-01-17 to 2015-02-01
2015-07-01 10:25:04,187 Starting Live from 2015-02-02 to 2015-03-04
2015-07-01 10:45:56,809 Starting Training from 2015-02-17 to 2015-03-04
2015-07-01 10:48:50,049 Starting Live from 2015-03-05 to 2015-04-04
2015-07-01 11:05:13,721 Starting Training from 2015-03-20 to 2015-04-04
2015-07-01 11:09:10,632 Starting Live from 2015-04-05 to 2015-04-10
