2015-06-29 01:38:05,140 Starting Q Learning for : 
2015-06-29 01:38:05,140 alpha = 0.2
2015-06-29 01:38:05,140 gamma = 0.1
2015-06-29 01:38:05,140 individual factor = 10
2015-06-29 01:38:05,140 zero range = 0.002
2015-06-29 01:38:05,140 greedy level = 5
2015-06-29 01:38:05,141 

2015-06-29 01:38:18,608 Starting Training from 2014-12-17 to 2015-01-01
2015-06-29 01:51:37,448 Starting Live from 2015-01-02 to 2015-02-01
2015-06-29 02:18:06,822 Starting Training from 2015-01-17 to 2015-02-01
2015-06-29 02:19:17,243 Starting Live from 2015-02-02 to 2015-03-04
2015-06-29 02:50:24,032 Starting Training from 2015-02-17 to 2015-03-04
2015-06-29 02:52:27,894 Starting Live from 2015-03-05 to 2015-04-04
2015-06-29 03:23:02,730 Starting Training from 2015-03-20 to 2015-04-04
2015-06-29 03:24:34,993 Starting Live from 2015-04-05 to 2015-04-10
2015-06-29 03:33:28,786 Starting Q Learning for : 
2015-06-29 03:33:28,786 alpha = 0.2
2015-06-29 03:33:28,786 gamma = 0.2
2015-06-29 03:33:28,786 individual factor = 10
2015-06-29 03:33:28,786 zero range = 0.002
2015-06-29 03:33:28,786 greedy level = 5
2015-06-29 03:33:28,786 

2015-06-29 03:33:34,880 Starting Training from 2014-12-17 to 2015-01-01
2015-06-29 03:45:55,772 Starting Live from 2015-01-02 to 2015-02-01
2015-06-29 04:14:07,326 Starting Training from 2015-01-17 to 2015-02-01
2015-06-29 04:15:32,983 Starting Live from 2015-02-02 to 2015-03-04
2015-06-29 04:48:32,736 Starting Training from 2015-02-17 to 2015-03-04
2015-06-29 04:50:39,779 Starting Live from 2015-03-05 to 2015-04-04
2015-06-29 05:20:22,492 Starting Training from 2015-03-20 to 2015-04-04
2015-06-29 05:21:59,598 Starting Live from 2015-04-05 to 2015-04-10
2015-06-29 05:30:37,538 Starting Q Learning for : 
2015-06-29 05:30:37,538 alpha = 0.2
2015-06-29 05:30:37,539 gamma = 0.3
2015-06-29 05:30:37,539 individual factor = 10
2015-06-29 05:30:37,539 zero range = 0.002
2015-06-29 05:30:37,539 greedy level = 5
2015-06-29 05:30:37,539 

2015-06-29 05:30:42,809 Starting Training from 2014-12-17 to 2015-01-01
2015-06-29 05:43:02,640 Starting Live from 2015-01-02 to 2015-02-01
2015-06-29 06:11:34,342 Starting Training from 2015-01-17 to 2015-02-01
2015-06-29 06:13:01,617 Starting Live from 2015-02-02 to 2015-03-04
2015-06-29 06:47:29,744 Starting Training from 2015-02-17 to 2015-03-04
2015-06-29 06:49:30,351 Starting Live from 2015-03-05 to 2015-04-04
2015-06-29 07:20:02,671 Starting Training from 2015-03-20 to 2015-04-04
2015-06-29 07:21:36,234 Starting Live from 2015-04-05 to 2015-04-10
2015-06-29 07:30:58,012 Starting Q Learning for : 
2015-06-29 07:30:58,012 alpha = 0.2
2015-06-29 07:30:58,012 gamma = 0.4
2015-06-29 07:30:58,012 individual factor = 10
2015-06-29 07:30:58,012 zero range = 0.002
2015-06-29 07:30:58,012 greedy level = 5
2015-06-29 07:30:58,012 

2015-06-29 07:31:04,575 Starting Training from 2014-12-17 to 2015-01-01
2015-06-29 07:42:59,926 Starting Live from 2015-01-02 to 2015-02-01
2015-06-29 08:11:32,799 Starting Training from 2015-01-17 to 2015-02-01
2015-06-29 08:13:18,049 Starting Live from 2015-02-02 to 2015-03-04
2015-06-29 08:47:05,812 Starting Training from 2015-02-17 to 2015-03-04
2015-06-29 08:49:07,674 Starting Live from 2015-03-05 to 2015-04-04
2015-06-29 09:18:25,956 Starting Training from 2015-03-20 to 2015-04-04
2015-06-29 09:20:03,137 Starting Live from 2015-04-05 to 2015-04-10
2015-06-29 09:29:26,056 Starting Q Learning for : 
2015-06-29 09:29:26,058 alpha = 0.2
2015-06-29 09:29:26,058 gamma = 0.5
2015-06-29 09:29:26,058 individual factor = 10
2015-06-29 09:29:26,058 zero range = 0.002
2015-06-29 09:29:26,058 greedy level = 5
2015-06-29 09:29:26,058 

2015-06-29 09:29:32,102 Starting Training from 2014-12-17 to 2015-01-01
2015-06-29 09:40:38,749 Starting Live from 2015-01-02 to 2015-02-01
2015-06-29 10:10:07,769 Starting Training from 2015-01-17 to 2015-02-01
2015-06-29 10:11:32,464 Starting Live from 2015-02-02 to 2015-03-04
2015-06-29 10:44:11,792 Starting Training from 2015-02-17 to 2015-03-04
2015-06-29 10:46:10,180 Starting Live from 2015-03-05 to 2015-04-04
2015-06-29 11:15:46,934 Starting Training from 2015-03-20 to 2015-04-04
2015-06-29 11:17:46,746 Starting Live from 2015-04-05 to 2015-04-10
2015-06-29 11:26:30,707 Starting Q Learning for : 
2015-06-29 11:26:30,707 alpha = 0.2
2015-06-29 11:26:30,707 gamma = 0.6
2015-06-29 11:26:30,707 individual factor = 10
2015-06-29 11:26:30,709 zero range = 0.002
2015-06-29 11:26:30,709 greedy level = 5
2015-06-29 11:26:30,709 

2015-06-29 11:26:36,940 Starting Training from 2014-12-17 to 2015-01-01
2015-06-29 11:38:12,117 Starting Live from 2015-01-02 to 2015-02-01
2015-06-29 12:07:12,799 Starting Training from 2015-01-17 to 2015-02-01
2015-06-29 12:08:38,418 Starting Live from 2015-02-02 to 2015-03-04
2015-06-29 12:41:09,667 Starting Training from 2015-02-17 to 2015-03-04
2015-06-29 12:43:08,115 Starting Live from 2015-03-05 to 2015-04-04
2015-06-29 13:13:23,582 Starting Training from 2015-03-20 to 2015-04-04
2015-06-29 13:15:00,055 Starting Live from 2015-04-05 to 2015-04-10
2015-06-29 13:23:25,591 Starting Q Learning for : 
2015-06-29 13:23:25,591 alpha = 0.2
2015-06-29 13:23:25,591 gamma = 0.7
2015-06-29 13:23:25,591 individual factor = 10
2015-06-29 13:23:25,591 zero range = 0.002
2015-06-29 13:23:25,591 greedy level = 5
2015-06-29 13:23:25,592 

2015-06-29 13:23:32,078 Starting Training from 2014-12-17 to 2015-01-01
2015-06-29 13:35:51,569 Starting Live from 2015-01-02 to 2015-02-01
2015-06-29 14:02:48,663 Starting Training from 2015-01-17 to 2015-02-01
2015-06-29 14:04:22,036 Starting Live from 2015-02-02 to 2015-03-04
2015-06-29 14:31:41,364 Starting Training from 2015-02-17 to 2015-03-04
2015-06-29 14:34:49,519 Starting Live from 2015-03-05 to 2015-04-04
2015-06-29 14:56:00,835 Starting Training from 2015-03-20 to 2015-04-04
2015-06-29 15:00:00,493 Starting Live from 2015-04-05 to 2015-04-10
2015-06-29 15:08:01,072 Starting Q Learning for : 
2015-06-29 15:08:01,072 alpha = 0.2
2015-06-29 15:08:01,072 gamma = 0.8
2015-06-29 15:08:01,072 individual factor = 10
2015-06-29 15:08:01,072 zero range = 0.002
2015-06-29 15:08:01,072 greedy level = 5
2015-06-29 15:08:01,072 

2015-06-29 15:08:08,502 Starting Training from 2014-12-17 to 2015-01-01
2015-06-29 15:19:58,108 Starting Live from 2015-01-02 to 2015-02-01
2015-06-29 15:46:45,378 Starting Training from 2015-01-17 to 2015-02-01
2015-06-29 15:48:17,914 Starting Live from 2015-02-02 to 2015-03-04
2015-06-29 16:13:36,980 Starting Training from 2015-02-17 to 2015-03-04
2015-06-29 16:17:56,819 Starting Live from 2015-03-05 to 2015-04-04
2015-06-29 16:36:37,861 Starting Training from 2015-03-20 to 2015-04-04
2015-06-29 16:41:58,279 Starting Live from 2015-04-05 to 2015-04-10
2015-06-29 16:48:46,878 Starting Q Learning for : 
2015-06-29 16:48:46,878 alpha = 0.8
2015-06-29 16:48:46,878 gamma = 0.1
2015-06-29 16:48:46,878 individual factor = 10
2015-06-29 16:48:46,878 zero range = 0.002
2015-06-29 16:48:46,878 greedy level = 5
2015-06-29 16:48:46,878 

2015-06-29 16:48:52,147 Starting Training from 2014-12-17 to 2015-01-01
2015-06-29 17:01:14,823 Starting Live from 2015-01-02 to 2015-02-01
2015-06-29 17:30:23,055 Starting Training from 2015-01-17 to 2015-02-01
2015-06-29 17:31:50,536 Starting Live from 2015-02-02 to 2015-03-04
2015-06-29 18:05:36,003 Starting Training from 2015-02-17 to 2015-03-04
2015-06-29 18:07:33,233 Starting Live from 2015-03-05 to 2015-04-04
2015-06-29 18:38:22,358 Starting Training from 2015-03-20 to 2015-04-04
2015-06-29 18:39:53,229 Starting Live from 2015-04-05 to 2015-04-10
2015-06-29 18:48:08,536 Starting Q Learning for : 
2015-06-29 18:48:08,536 alpha = 0.8
2015-06-29 18:48:08,536 gamma = 0.2
2015-06-29 18:48:08,536 individual factor = 10
2015-06-29 18:48:08,536 zero range = 0.002
2015-06-29 18:48:08,536 greedy level = 5
2015-06-29 18:48:08,536 

2015-06-29 18:48:16,088 Starting Training from 2014-12-17 to 2015-01-01
2015-06-29 19:00:16,836 Starting Live from 2015-01-02 to 2015-02-01
2015-06-29 19:28:21,700 Starting Training from 2015-01-17 to 2015-02-01
2015-06-29 19:29:51,292 Starting Live from 2015-02-02 to 2015-03-04
2015-06-29 20:02:24,858 Starting Training from 2015-02-17 to 2015-03-04
2015-06-29 20:04:42,697 Starting Live from 2015-03-05 to 2015-04-04
2015-06-29 20:35:13,948 Starting Training from 2015-03-20 to 2015-04-04
2015-06-29 20:36:45,387 Starting Live from 2015-04-05 to 2015-04-10
2015-06-29 20:45:37,944 Starting Q Learning for : 
2015-06-29 20:45:37,944 alpha = 0.8
2015-06-29 20:45:37,944 gamma = 0.3
2015-06-29 20:45:37,944 individual factor = 10
2015-06-29 20:45:37,944 zero range = 0.002
2015-06-29 20:45:37,944 greedy level = 5
2015-06-29 20:45:37,944 

2015-06-29 20:45:44,150 Starting Training from 2014-12-17 to 2015-01-01
2015-06-29 20:57:39,542 Starting Live from 2015-01-02 to 2015-02-01
2015-06-29 21:25:57,539 Starting Training from 2015-01-17 to 2015-02-01
2015-06-29 21:27:24,036 Starting Live from 2015-02-02 to 2015-03-04
2015-06-29 22:01:38,250 Starting Training from 2015-02-17 to 2015-03-04
2015-06-29 22:03:48,852 Starting Live from 2015-03-05 to 2015-04-04
2015-06-29 22:34:00,401 Starting Training from 2015-03-20 to 2015-04-04
2015-06-29 22:35:37,272 Starting Live from 2015-04-05 to 2015-04-10
2015-06-29 22:44:12,561 Starting Q Learning for : 
2015-06-29 22:44:12,561 alpha = 0.8
2015-06-29 22:44:12,561 gamma = 0.4
2015-06-29 22:44:12,561 individual factor = 10
2015-06-29 22:44:12,561 zero range = 0.002
2015-06-29 22:44:12,562 greedy level = 5
2015-06-29 22:44:12,562 

2015-06-29 22:44:18,892 Starting Training from 2014-12-17 to 2015-01-01
2015-06-29 22:56:45,802 Starting Live from 2015-01-02 to 2015-02-01
2015-06-29 23:25:53,721 Starting Training from 2015-01-17 to 2015-02-01
2015-06-29 23:27:20,766 Starting Live from 2015-02-02 to 2015-03-04
2015-06-30 00:01:53,233 Starting Training from 2015-02-17 to 2015-03-04
2015-06-30 00:03:49,529 Starting Live from 2015-03-05 to 2015-04-04
2015-06-30 00:34:00,608 Starting Training from 2015-03-20 to 2015-04-04
2015-06-30 00:35:39,065 Starting Live from 2015-04-05 to 2015-04-10
2015-06-30 00:45:11,513 Starting Q Learning for : 
2015-06-30 00:45:11,513 alpha = 0.8
2015-06-30 00:45:11,513 gamma = 0.5
2015-06-30 00:45:11,513 individual factor = 10
2015-06-30 00:45:11,513 zero range = 0.002
2015-06-30 00:45:11,513 greedy level = 5
2015-06-30 00:45:11,513 

2015-06-30 00:45:19,589 Starting Training from 2014-12-17 to 2015-01-01
2015-06-30 00:56:57,490 Starting Live from 2015-01-02 to 2015-02-01
2015-06-30 01:25:48,726 Starting Training from 2015-01-17 to 2015-02-01
2015-06-30 01:27:35,743 Starting Live from 2015-02-02 to 2015-03-04
2015-06-30 02:01:05,296 Starting Training from 2015-02-17 to 2015-03-04
2015-06-30 02:02:59,502 Starting Live from 2015-03-05 to 2015-04-04
2015-06-30 02:32:24,253 Starting Training from 2015-03-20 to 2015-04-04
2015-06-30 02:33:54,016 Starting Live from 2015-04-05 to 2015-04-10
2015-06-30 02:42:53,209 Starting Q Learning for : 
2015-06-30 02:42:53,209 alpha = 0.8
2015-06-30 02:42:53,209 gamma = 0.6
2015-06-30 02:42:53,210 individual factor = 10
2015-06-30 02:42:53,210 zero range = 0.002
2015-06-30 02:42:53,210 greedy level = 5
2015-06-30 02:42:53,210 

2015-06-30 02:42:58,825 Starting Training from 2014-12-17 to 2015-01-01
2015-06-30 02:54:08,815 Starting Live from 2015-01-02 to 2015-02-01
2015-06-30 03:22:04,448 Starting Training from 2015-01-17 to 2015-02-01
2015-06-30 03:23:52,073 Starting Live from 2015-02-02 to 2015-03-04
2015-06-30 03:56:27,989 Starting Training from 2015-02-17 to 2015-03-04
2015-06-30 03:58:24,640 Starting Live from 2015-03-05 to 2015-04-04
2015-06-30 04:27:47,076 Starting Training from 2015-03-20 to 2015-04-04
2015-06-30 04:29:18,716 Starting Live from 2015-04-05 to 2015-04-10
2015-06-30 04:38:01,815 Starting Q Learning for : 
2015-06-30 04:38:01,815 alpha = 0.8
2015-06-30 04:38:01,815 gamma = 0.7
2015-06-30 04:38:01,816 individual factor = 10
2015-06-30 04:38:01,816 zero range = 0.002
2015-06-30 04:38:01,816 greedy level = 5
2015-06-30 04:38:01,816 

2015-06-30 04:38:06,815 Starting Training from 2014-12-17 to 2015-01-01
2015-06-30 04:49:28,986 Starting Live from 2015-01-02 to 2015-02-01
2015-06-30 05:15:59,025 Starting Training from 2015-01-17 to 2015-02-01
2015-06-30 05:17:21,497 Starting Live from 2015-02-02 to 2015-03-04
2015-06-30 05:45:27,267 Starting Training from 2015-02-17 to 2015-03-04
2015-06-30 05:48:39,440 Starting Live from 2015-03-05 to 2015-04-04
2015-06-30 06:10:59,720 Starting Training from 2015-03-20 to 2015-04-04
2015-06-30 06:14:24,094 Starting Live from 2015-04-05 to 2015-04-10
2015-06-30 06:21:13,809 Starting Q Learning for : 
2015-06-30 06:21:13,811 alpha = 0.8
2015-06-30 06:21:13,811 gamma = 0.8
2015-06-30 06:21:13,811 individual factor = 10
2015-06-30 06:21:13,811 zero range = 0.002
2015-06-30 06:21:13,811 greedy level = 5
2015-06-30 06:21:13,811 

2015-06-30 06:21:22,862 Starting Training from 2014-12-17 to 2015-01-01
2015-06-30 06:33:44,114 Starting Live from 2015-01-02 to 2015-02-01
2015-06-30 06:59:33,605 Starting Training from 2015-01-17 to 2015-02-01
2015-06-30 07:00:59,795 Starting Live from 2015-02-02 to 2015-03-04
2015-06-30 07:24:57,575 Starting Training from 2015-02-17 to 2015-03-04
2015-06-30 07:28:49,142 Starting Live from 2015-03-05 to 2015-04-04
2015-06-30 07:47:23,971 Starting Training from 2015-03-20 to 2015-04-04
2015-06-30 07:52:00,323 Starting Live from 2015-04-05 to 2015-04-10
2015-06-30 07:58:30,381 Starting Q Learning for : 
2015-06-30 07:58:30,381 alpha = 0.5
2015-06-30 07:58:30,381 gamma = 0.1
2015-06-30 07:58:30,381 individual factor = 10
2015-06-30 07:58:30,381 zero range = 0.01
2015-06-30 07:58:30,382 greedy level = 5
2015-06-30 07:58:30,382 

2015-06-30 07:58:35,637 Starting Training from 2014-12-17 to 2015-01-01
2015-06-30 08:10:30,806 Starting Live from 2015-01-02 to 2015-02-01
2015-06-30 08:38:21,098 Starting Training from 2015-01-17 to 2015-02-01
2015-06-30 08:39:45,285 Starting Live from 2015-02-02 to 2015-03-04
2015-06-30 09:12:46,118 Starting Training from 2015-02-17 to 2015-03-04
2015-06-30 09:14:54,493 Starting Live from 2015-03-05 to 2015-04-04
2015-06-30 09:44:04,147 Starting Training from 2015-03-20 to 2015-04-04
2015-06-30 09:45:38,233 Starting Live from 2015-04-05 to 2015-04-10
2015-06-30 09:53:46,267 Starting Q Learning for : 
2015-06-30 09:53:46,267 alpha = 0.5
2015-06-30 09:53:46,267 gamma = 0.2
2015-06-30 09:53:46,267 individual factor = 10
2015-06-30 09:53:46,269 zero range = 0.01
2015-06-30 09:53:46,269 greedy level = 5
2015-06-30 09:53:46,269 

2015-06-30 09:53:52,239 Starting Training from 2014-12-17 to 2015-01-01
2015-06-30 10:06:02,865 Starting Live from 2015-01-02 to 2015-02-01
2015-06-30 10:33:16,390 Starting Training from 2015-01-17 to 2015-02-01
2015-06-30 10:34:40,592 Starting Live from 2015-02-02 to 2015-03-04
2015-06-30 11:05:52,946 Starting Training from 2015-02-17 to 2015-03-04
2015-06-30 11:08:17,119 Starting Live from 2015-03-05 to 2015-04-04
2015-06-30 11:36:26,361 Starting Training from 2015-03-20 to 2015-04-04
2015-06-30 11:37:50,756 Starting Live from 2015-04-05 to 2015-04-10
2015-06-30 11:45:40,983 Starting Q Learning for : 
2015-06-30 11:45:40,984 alpha = 0.5
2015-06-30 11:45:40,984 gamma = 0.3
2015-06-30 11:45:40,984 individual factor = 10
2015-06-30 11:45:40,984 zero range = 0.01
2015-06-30 11:45:40,984 greedy level = 5
2015-06-30 11:45:40,984 

2015-06-30 11:45:47,802 Starting Training from 2014-12-17 to 2015-01-01
2015-06-30 11:57:01,918 Starting Live from 2015-01-02 to 2015-02-01
2015-06-30 12:23:14,160 Starting Training from 2015-01-17 to 2015-02-01
2015-06-30 12:24:31,499 Starting Live from 2015-02-02 to 2015-03-04
2015-06-30 12:54:59,859 Starting Training from 2015-02-17 to 2015-03-04
2015-06-30 12:56:48,943 Starting Live from 2015-03-05 to 2015-04-04
2015-06-30 13:24:32,700 Starting Training from 2015-03-20 to 2015-04-04
2015-06-30 13:26:18,765 Starting Live from 2015-04-05 to 2015-04-10
2015-06-30 13:34:09,089 Starting Q Learning for : 
2015-06-30 13:34:09,089 alpha = 0.5
2015-06-30 13:34:09,089 gamma = 0.4
2015-06-30 13:34:09,089 individual factor = 10
2015-06-30 13:34:09,089 zero range = 0.01
2015-06-30 13:34:09,091 greedy level = 5
2015-06-30 13:34:09,091 

2015-06-30 13:34:15,338 Starting Training from 2014-12-17 to 2015-01-01
2015-06-30 13:44:32,038 Starting Live from 2015-01-02 to 2015-02-01
2015-06-30 14:11:15,256 Starting Training from 2015-01-17 to 2015-02-01
2015-06-30 14:12:41,342 Starting Live from 2015-02-02 to 2015-03-04
2015-06-30 14:43:26,256 Starting Training from 2015-02-17 to 2015-03-04
2015-06-30 14:45:18,358 Starting Live from 2015-03-05 to 2015-04-04
2015-06-30 15:12:57,365 Starting Training from 2015-03-20 to 2015-04-04
2015-06-30 15:14:23,167 Starting Live from 2015-04-05 to 2015-04-10
2015-06-30 15:22:53,415 Starting Q Learning for : 
2015-06-30 15:22:53,415 alpha = 0.5
2015-06-30 15:22:53,415 gamma = 0.5
2015-06-30 15:22:53,415 individual factor = 10
2015-06-30 15:22:53,415 zero range = 0.01
2015-06-30 15:22:53,415 greedy level = 5
2015-06-30 15:22:53,415 

2015-06-30 15:22:58,859 Starting Training from 2014-12-17 to 2015-01-01
2015-06-30 15:33:30,795 Starting Live from 2015-01-02 to 2015-02-01
2015-06-30 15:59:59,519 Starting Training from 2015-01-17 to 2015-02-01
2015-06-30 16:01:16,332 Starting Live from 2015-02-02 to 2015-03-04
2015-06-30 16:33:02,990 Starting Training from 2015-02-17 to 2015-03-04
2015-06-30 16:34:44,798 Starting Live from 2015-03-05 to 2015-04-04
2015-06-30 17:02:16,543 Starting Training from 2015-03-20 to 2015-04-04
2015-06-30 17:03:41,729 Starting Live from 2015-04-05 to 2015-04-10
2015-06-30 17:11:29,933 Starting Q Learning for : 
2015-06-30 17:11:29,933 alpha = 0.5
2015-06-30 17:11:29,933 gamma = 0.6
2015-06-30 17:11:29,933 individual factor = 10
2015-06-30 17:11:29,933 zero range = 0.01
2015-06-30 17:11:29,933 greedy level = 5
2015-06-30 17:11:29,933 

2015-06-30 17:11:36,276 Starting Training from 2014-12-17 to 2015-01-01
2015-06-30 17:23:00,559 Starting Live from 2015-01-02 to 2015-02-01
2015-06-30 17:49:45,421 Starting Training from 2015-01-17 to 2015-02-01
2015-06-30 17:51:11,359 Starting Live from 2015-02-02 to 2015-03-04
2015-06-30 18:21:51,769 Starting Training from 2015-02-17 to 2015-03-04
2015-06-30 18:24:08,532 Starting Live from 2015-03-05 to 2015-04-04
2015-06-30 18:49:36,773 Starting Training from 2015-03-20 to 2015-04-04
2015-06-30 18:51:12,020 Starting Live from 2015-04-05 to 2015-04-10
2015-06-30 18:58:55,073 Starting Q Learning for : 
2015-06-30 18:58:55,075 alpha = 0.5
2015-06-30 18:58:55,075 gamma = 0.7
2015-06-30 18:58:55,075 individual factor = 10
2015-06-30 18:58:55,075 zero range = 0.01
2015-06-30 18:58:55,075 greedy level = 5
2015-06-30 18:58:55,075 

2015-06-30 18:59:00,532 Starting Training from 2014-12-17 to 2015-01-01
2015-06-30 19:09:36,637 Starting Live from 2015-01-02 to 2015-02-01
2015-06-30 19:34:40,390 Starting Training from 2015-01-17 to 2015-02-01
2015-06-30 19:36:00,058 Starting Live from 2015-02-02 to 2015-03-04
2015-06-30 20:02:21,540 Starting Training from 2015-02-17 to 2015-03-04
2015-06-30 20:05:13,709 Starting Live from 2015-03-05 to 2015-04-04
2015-06-30 20:24:44,039 Starting Training from 2015-03-20 to 2015-04-04
2015-06-30 20:28:23,132 Starting Live from 2015-04-05 to 2015-04-10
2015-06-30 20:35:41,275 Starting Q Learning for : 
2015-06-30 20:35:41,275 alpha = 0.5
2015-06-30 20:35:41,275 gamma = 0.8
2015-06-30 20:35:41,275 individual factor = 10
2015-06-30 20:35:41,275 zero range = 0.01
2015-06-30 20:35:41,275 greedy level = 5
2015-06-30 20:35:41,275 

2015-06-30 20:35:47,780 Starting Training from 2014-12-17 to 2015-01-01
2015-06-30 20:46:55,471 Starting Live from 2015-01-02 to 2015-02-01
2015-06-30 21:10:42,364 Starting Training from 2015-01-17 to 2015-02-01
2015-06-30 21:12:00,529 Starting Live from 2015-02-02 to 2015-03-04
2015-06-30 21:33:51,428 Starting Training from 2015-02-17 to 2015-03-04
2015-06-30 21:37:24,589 Starting Live from 2015-03-05 to 2015-04-04
2015-06-30 21:55:21,571 Starting Training from 2015-03-20 to 2015-04-04
2015-06-30 21:59:42,351 Starting Live from 2015-04-05 to 2015-04-10
2015-06-30 22:06:15,131 Starting Q Learning for : 
2015-06-30 22:06:15,131 alpha = 0.2
2015-06-30 22:06:15,131 gamma = 0.1
2015-06-30 22:06:15,131 individual factor = 10
2015-06-30 22:06:15,131 zero range = 0.01
2015-06-30 22:06:15,132 greedy level = 5
2015-06-30 22:06:15,132 

2015-06-30 22:06:23,641 Starting Training from 2014-12-17 to 2015-01-01
2015-06-30 22:17:17,405 Starting Live from 2015-01-02 to 2015-02-01
2015-06-30 22:42:50,473 Starting Training from 2015-01-17 to 2015-02-01
2015-06-30 22:44:06,088 Starting Live from 2015-02-02 to 2015-03-04
2015-06-30 23:15:25,680 Starting Training from 2015-02-17 to 2015-03-04
2015-06-30 23:17:41,345 Starting Live from 2015-03-05 to 2015-04-04
2015-06-30 23:47:03,971 Starting Training from 2015-03-20 to 2015-04-04
2015-06-30 23:48:28,042 Starting Live from 2015-04-05 to 2015-04-10
2015-06-30 23:56:23,904 Starting Q Learning for : 
2015-06-30 23:56:23,904 alpha = 0.2
2015-06-30 23:56:23,904 gamma = 0.2
2015-06-30 23:56:23,904 individual factor = 10
2015-06-30 23:56:23,904 zero range = 0.01
2015-06-30 23:56:23,904 greedy level = 5
2015-06-30 23:56:23,904 

2015-06-30 23:56:30,937 Starting Training from 2014-12-17 to 2015-01-01
2015-07-01 00:07:45,875 Starting Live from 2015-01-02 to 2015-02-01
2015-07-01 00:33:19,545 Starting Training from 2015-01-17 to 2015-02-01
2015-07-01 00:34:31,049 Starting Live from 2015-02-02 to 2015-03-04
2015-07-01 01:04:16,663 Starting Training from 2015-02-17 to 2015-03-04
2015-07-01 01:06:01,631 Starting Live from 2015-03-05 to 2015-04-04
2015-07-01 01:33:28,427 Starting Training from 2015-03-20 to 2015-04-04
2015-07-01 01:34:49,523 Starting Live from 2015-04-05 to 2015-04-10
2015-07-01 01:42:12,190 Starting Q Learning for : 
2015-07-01 01:42:12,190 alpha = 0.2
2015-07-01 01:42:12,190 gamma = 0.3
2015-07-01 01:42:12,190 individual factor = 10
2015-07-01 01:42:12,190 zero range = 0.01
2015-07-01 01:42:12,190 greedy level = 5
2015-07-01 01:42:12,190 

2015-07-01 01:42:17,345 Starting Training from 2014-12-17 to 2015-01-01
2015-07-01 01:52:10,325 Starting Live from 2015-01-02 to 2015-02-01
2015-07-01 02:16:37,786 Starting Training from 2015-01-17 to 2015-02-01
2015-07-01 02:18:04,578 Starting Live from 2015-02-02 to 2015-03-04
2015-07-01 02:46:57,046 Starting Training from 2015-02-17 to 2015-03-04
2015-07-01 02:48:37,108 Starting Live from 2015-03-05 to 2015-04-04
2015-07-01 03:14:47,892 Starting Training from 2015-03-20 to 2015-04-04
2015-07-01 03:16:06,602 Starting Live from 2015-04-05 to 2015-04-10
2015-07-01 03:23:36,519 Starting Q Learning for : 
2015-07-01 03:23:36,519 alpha = 0.2
2015-07-01 03:23:36,519 gamma = 0.4
2015-07-01 03:23:36,519 individual factor = 10
2015-07-01 03:23:36,519 zero range = 0.01
2015-07-01 03:23:36,519 greedy level = 5
2015-07-01 03:23:36,519 

2015-07-01 03:23:44,223 Starting Training from 2014-12-17 to 2015-01-01
2015-07-01 03:34:17,223 Starting Live from 2015-01-02 to 2015-02-01
2015-07-01 03:58:41,568 Starting Training from 2015-01-17 to 2015-02-01
2015-07-01 03:59:53,410 Starting Live from 2015-02-02 to 2015-03-04
2015-07-01 04:28:13,779 Starting Training from 2015-02-17 to 2015-03-04
2015-07-01 04:29:52,430 Starting Live from 2015-03-05 to 2015-04-04
2015-07-01 04:56:42,671 Starting Training from 2015-03-20 to 2015-04-04
2015-07-01 04:58:08,355 Starting Live from 2015-04-05 to 2015-04-10
2015-07-01 05:05:25,053 Starting Q Learning for : 
2015-07-01 05:05:25,053 alpha = 0.2
2015-07-01 05:05:25,053 gamma = 0.5
2015-07-01 05:05:25,053 individual factor = 10
2015-07-01 05:05:25,053 zero range = 0.01
2015-07-01 05:05:25,053 greedy level = 5
2015-07-01 05:05:25,053 

2015-07-01 05:05:30,627 Starting Training from 2014-12-17 to 2015-01-01
2015-07-01 05:15:12,658 Starting Live from 2015-01-02 to 2015-02-01
2015-07-01 05:39:10,480 Starting Training from 2015-01-17 to 2015-02-01
2015-07-01 05:40:45,380 Starting Live from 2015-02-02 to 2015-03-04
2015-07-01 06:09:14,313 Starting Training from 2015-02-17 to 2015-03-04
2015-07-01 06:10:51,776 Starting Live from 2015-03-05 to 2015-04-04
2015-07-01 06:36:55,688 Starting Training from 2015-03-20 to 2015-04-04
2015-07-01 06:38:16,792 Starting Live from 2015-04-05 to 2015-04-10
2015-07-01 06:45:32,198 Starting Q Learning for : 
2015-07-01 06:45:32,198 alpha = 0.2
2015-07-01 06:45:32,200 gamma = 0.6
2015-07-01 06:45:32,200 individual factor = 10
2015-07-01 06:45:32,200 zero range = 0.01
2015-07-01 06:45:32,200 greedy level = 5
2015-07-01 06:45:32,200 

2015-07-01 06:45:38,865 Starting Training from 2014-12-17 to 2015-01-01
2015-07-01 06:56:17,003 Starting Live from 2015-01-02 to 2015-02-01
2015-07-01 07:20:16,651 Starting Training from 2015-01-17 to 2015-02-01
2015-07-01 07:21:26,970 Starting Live from 2015-02-02 to 2015-03-04
2015-07-01 07:49:12,341 Starting Training from 2015-02-17 to 2015-03-04
2015-07-01 07:50:51,647 Starting Live from 2015-03-05 to 2015-04-04
2015-07-01 08:15:20,334 Starting Training from 2015-03-20 to 2015-04-04
2015-07-01 08:16:55,443 Starting Live from 2015-04-05 to 2015-04-10
2015-07-01 08:25:03,138 Starting Q Learning for : 
2015-07-01 08:25:03,138 alpha = 0.2
2015-07-01 08:25:03,138 gamma = 0.7
2015-07-01 08:25:03,140 individual factor = 10
2015-07-01 08:25:03,140 zero range = 0.01
2015-07-01 08:25:03,140 greedy level = 5
2015-07-01 08:25:03,140 

2015-07-01 08:25:09,835 Starting Training from 2014-12-17 to 2015-01-01
2015-07-01 08:35:03,312 Starting Live from 2015-01-02 to 2015-02-01
2015-07-01 08:58:02,282 Starting Training from 2015-01-17 to 2015-02-01
2015-07-01 08:59:13,348 Starting Live from 2015-02-02 to 2015-03-04
2015-07-01 09:22:09,002 Starting Training from 2015-02-17 to 2015-03-04
2015-07-01 09:25:03,081 Starting Live from 2015-03-05 to 2015-04-04
2015-07-01 09:44:18,148 Starting Training from 2015-03-20 to 2015-04-04
2015-07-01 09:47:17,329 Starting Live from 2015-04-05 to 2015-04-10
2015-07-01 09:53:53,052 Starting Q Learning for : 
2015-07-01 09:53:53,052 alpha = 0.2
2015-07-01 09:53:53,052 gamma = 0.8
2015-07-01 09:53:53,052 individual factor = 10
2015-07-01 09:53:53,052 zero range = 0.01
2015-07-01 09:53:53,052 greedy level = 5
2015-07-01 09:53:53,052 

2015-07-01 09:53:59,930 Starting Training from 2014-12-17 to 2015-01-01
2015-07-01 10:03:46,821 Starting Live from 2015-01-02 to 2015-02-01
2015-07-01 10:26:02,121 Starting Training from 2015-01-17 to 2015-02-01
2015-07-01 10:27:11,211 Starting Live from 2015-02-02 to 2015-03-04
2015-07-01 10:47:23,171 Starting Training from 2015-02-17 to 2015-03-04
2015-07-01 10:50:20,187 Starting Live from 2015-03-05 to 2015-04-04
2015-07-01 11:05:31,947 Starting Training from 2015-03-20 to 2015-04-04
2015-07-01 11:09:40,989 Starting Live from 2015-04-05 to 2015-04-10
