2015-06-20 02:15:17,176 Starting Q Learning for : 
2015-06-20 02:15:17,176 alpha = 0.5
2015-06-20 02:15:17,176 gamma = 0.1
2015-06-20 02:15:17,176 individual factor = 8
2015-06-20 02:15:17,177 zero range = 0.002
2015-06-20 02:15:17,177 greedy level = 5
2015-06-20 02:15:17,177 

2015-06-20 02:15:25,482 Starting Training from 2014-12-17 to 2015-01-01
2015-06-20 02:27:18,674 Starting Live from 2015-01-02 to 2015-02-01
2015-06-20 02:52:41,539 Starting Training from 2015-01-17 to 2015-02-01
2015-06-20 02:54:14,631 Starting Live from 2015-02-02 to 2015-03-04
2015-06-20 03:18:29,108 Starting Training from 2015-02-17 to 2015-03-04
2015-06-20 03:20:24,020 Starting Live from 2015-03-05 to 2015-04-04
2015-06-20 03:50:44,308 Starting Training from 2015-03-20 to 2015-04-04
2015-06-20 03:52:16,911 Starting Live from 2015-04-05 to 2015-04-10
2015-06-20 04:00:29,509 Starting Q Learning for : 
2015-06-20 04:00:29,509 alpha = 0.5
2015-06-20 04:00:29,509 gamma = 0.3
2015-06-20 04:00:29,509 individual factor = 8
2015-06-20 04:00:29,509 zero range = 0.002
2015-06-20 04:00:29,509 greedy level = 5
2015-06-20 04:00:29,509 

2015-06-20 04:00:34,687 Starting Training from 2014-12-17 to 2015-01-01
2015-06-20 04:12:38,381 Starting Live from 2015-01-02 to 2015-02-01
2015-06-20 04:38:36,371 Starting Training from 2015-01-17 to 2015-02-01
2015-06-20 04:40:11,453 Starting Live from 2015-02-02 to 2015-03-04
2015-06-20 05:05:34,772 Starting Training from 2015-02-17 to 2015-03-04
2015-06-20 05:07:19,015 Starting Live from 2015-03-05 to 2015-04-04
2015-06-20 05:38:21,753 Starting Training from 2015-03-20 to 2015-04-04
2015-06-20 05:39:39,792 Starting Live from 2015-04-05 to 2015-04-10
2015-06-20 05:48:19,717 Starting Q Learning for : 
2015-06-20 05:48:19,717 alpha = 0.5
2015-06-20 05:48:19,717 gamma = 0.5
2015-06-20 05:48:19,717 individual factor = 8
2015-06-20 05:48:19,719 zero range = 0.002
2015-06-20 05:48:19,719 greedy level = 5
2015-06-20 05:48:19,719 

2015-06-20 05:48:24,687 Starting Training from 2014-12-17 to 2015-01-01
2015-06-20 06:00:53,572 Starting Live from 2015-01-02 to 2015-02-01
2015-06-20 06:26:41,684 Starting Training from 2015-01-17 to 2015-02-01
2015-06-20 06:28:15,269 Starting Live from 2015-02-02 to 2015-03-04
2015-06-20 06:53:35,342 Starting Training from 2015-02-17 to 2015-03-04
2015-06-20 06:55:44,930 Starting Live from 2015-03-05 to 2015-04-04
2015-06-20 07:25:26,709 Starting Training from 2015-03-20 to 2015-04-04
2015-06-20 07:26:43,423 Starting Live from 2015-04-05 to 2015-04-10
2015-06-20 07:34:51,417 Starting Q Learning for : 
2015-06-20 07:34:51,417 alpha = 0.5
2015-06-20 07:34:51,417 gamma = 0.7
2015-06-20 07:34:51,417 individual factor = 8
2015-06-20 07:34:51,417 zero range = 0.002
2015-06-20 07:34:51,417 greedy level = 5
2015-06-20 07:34:51,417 

2015-06-20 07:34:57,145 Starting Training from 2014-12-17 to 2015-01-01
2015-06-20 07:47:06,486 Starting Live from 2015-01-02 to 2015-02-01
2015-06-20 08:09:09,223 Starting Training from 2015-01-17 to 2015-02-01
2015-06-20 08:10:46,740 Starting Live from 2015-02-02 to 2015-03-04
2015-06-20 08:26:55,676 Starting Training from 2015-02-17 to 2015-03-04
2015-06-20 08:31:10,720 Starting Live from 2015-03-05 to 2015-04-04
2015-06-20 08:49:20,009 Starting Training from 2015-03-20 to 2015-04-04
2015-06-20 08:52:04,286 Starting Live from 2015-04-05 to 2015-04-10
