2015-06-20 02:15:17,176 Starting Q Learning for : 
2015-06-20 02:15:17,176 alpha = 0.5
2015-06-20 02:15:17,176 gamma = 0.2
2015-06-20 02:15:17,176 individual factor = 8
2015-06-20 02:15:17,176 zero range = 0.002
2015-06-20 02:15:17,176 greedy level = 5
2015-06-20 02:15:17,176 

2015-06-20 02:15:25,482 Starting Training from 2014-12-17 to 2015-01-01
2015-06-20 02:27:19,413 Starting Live from 2015-01-02 to 2015-02-01
2015-06-20 02:52:48,453 Starting Training from 2015-01-17 to 2015-02-01
2015-06-20 02:54:20,321 Starting Live from 2015-02-02 to 2015-03-04
2015-06-20 03:19:59,832 Starting Training from 2015-02-17 to 2015-03-04
2015-06-20 03:21:41,326 Starting Live from 2015-03-05 to 2015-04-04
2015-06-20 03:56:12,433 Starting Training from 2015-03-20 to 2015-04-04
2015-06-20 03:57:27,782 Starting Live from 2015-04-05 to 2015-04-10
2015-06-20 04:06:27,092 Starting Q Learning for : 
2015-06-20 04:06:27,092 alpha = 0.5
2015-06-20 04:06:27,092 gamma = 0.4
2015-06-20 04:06:27,094 individual factor = 8
2015-06-20 04:06:27,094 zero range = 0.002
2015-06-20 04:06:27,094 greedy level = 5
2015-06-20 04:06:27,094 

2015-06-20 04:06:32,397 Starting Training from 2014-12-17 to 2015-01-01
2015-06-20 04:18:48,891 Starting Live from 2015-01-02 to 2015-02-01
2015-06-20 04:44:40,342 Starting Training from 2015-01-17 to 2015-02-01
2015-06-20 04:46:14,548 Starting Live from 2015-02-02 to 2015-03-04
2015-06-20 05:11:54,851 Starting Training from 2015-02-17 to 2015-03-04
2015-06-20 05:13:38,137 Starting Live from 2015-03-05 to 2015-04-04
2015-06-20 05:45:20,977 Starting Training from 2015-03-20 to 2015-04-04
2015-06-20 05:46:37,680 Starting Live from 2015-04-05 to 2015-04-10
2015-06-20 05:55:38,697 Starting Q Learning for : 
2015-06-20 05:55:38,697 alpha = 0.5
2015-06-20 05:55:38,697 gamma = 0.6
2015-06-20 05:55:38,697 individual factor = 8
2015-06-20 05:55:38,697 zero range = 0.002
2015-06-20 05:55:38,697 greedy level = 5
2015-06-20 05:55:38,697 

2015-06-20 05:55:44,025 Starting Training from 2014-12-17 to 2015-01-01
2015-06-20 06:07:58,002 Starting Live from 2015-01-02 to 2015-02-01
2015-06-20 06:33:18,157 Starting Training from 2015-01-17 to 2015-02-01
2015-06-20 06:34:52,071 Starting Live from 2015-02-02 to 2015-03-04
2015-06-20 06:58:55,795 Starting Training from 2015-02-17 to 2015-03-04
2015-06-20 07:01:06,671 Starting Live from 2015-03-05 to 2015-04-04
2015-06-20 07:27:27,107 Starting Training from 2015-03-20 to 2015-04-04
2015-06-20 07:29:02,509 Starting Live from 2015-04-05 to 2015-04-10
2015-06-20 07:36:41,746 Starting Q Learning for : 
2015-06-20 07:36:41,746 alpha = 0.5
2015-06-20 07:36:41,746 gamma = 0.8
2015-06-20 07:36:41,746 individual factor = 8
2015-06-20 07:36:41,746 zero range = 0.002
2015-06-20 07:36:41,746 greedy level = 5
2015-06-20 07:36:41,746 

2015-06-20 07:36:46,878 Starting Training from 2014-12-17 to 2015-01-01
2015-06-20 07:48:55,730 Starting Live from 2015-01-02 to 2015-02-01
2015-06-20 08:09:21,105 Starting Training from 2015-01-17 to 2015-02-01
2015-06-20 08:10:54,611 Starting Live from 2015-02-02 to 2015-03-04
2015-06-20 08:21:49,592 Starting Training from 2015-02-17 to 2015-03-04
2015-06-20 08:27:50,825 Starting Live from 2015-03-05 to 2015-04-04
2015-06-20 08:43:10,927 Starting Training from 2015-03-20 to 2015-04-04
2015-06-20 08:45:58,305 Starting Live from 2015-04-05 to 2015-04-10
