2015-06-20 01:54:34,565 Starting Q Learning for : 
2015-06-20 01:54:34,565 alpha = 0.5
2015-06-20 01:54:34,565 gamma = 0.5
2015-06-20 01:54:34,565 individual factor = 8
2015-06-20 01:54:34,565 zero range = 0.002
2015-06-20 01:54:34,565 greedy level = 5
2015-06-20 01:54:34,565 

2015-06-20 01:54:45,134 Starting Training from 2014-12-17 to 2015-01-01
2015-06-20 02:04:06,384 Starting Live from 2015-01-02 to 2015-02-01
2015-06-20 02:27:10,357 Starting Training from 2015-01-17 to 2015-02-01
2015-06-20 02:28:21,326 Starting Live from 2015-02-02 to 2015-03-04
2015-06-20 02:53:42,688 Starting Training from 2015-02-17 to 2015-03-04
2015-06-20 02:55:19,250 Starting Live from 2015-03-05 to 2015-04-04
2015-06-20 03:18:20,173 Starting Training from 2015-03-20 to 2015-04-04
2015-06-20 03:19:33,092 Starting Live from 2015-04-05 to 2015-04-10
2015-06-20 03:26:14,765 Starting Q Learning for : 
2015-06-20 03:26:14,766 alpha = 0.5
2015-06-20 03:26:14,766 gamma = 0.6
2015-06-20 03:26:14,766 individual factor = 8
2015-06-20 03:26:14,766 zero range = 0.002
2015-06-20 03:26:14,766 greedy level = 5
2015-06-20 03:26:14,766 

2015-06-20 03:26:20,404 Starting Training from 2014-12-17 to 2015-01-01
2015-06-20 03:36:22,880 Starting Live from 2015-01-02 to 2015-02-01
2015-06-20 03:59:02,772 Starting Training from 2015-01-17 to 2015-02-01
2015-06-20 04:00:12,766 Starting Live from 2015-02-02 to 2015-03-04
2015-06-20 04:26:06,423 Starting Training from 2015-02-17 to 2015-03-04
2015-06-20 04:27:42,846 Starting Live from 2015-03-05 to 2015-04-04
2015-06-20 04:50:40,835 Starting Training from 2015-03-20 to 2015-04-04
2015-06-20 04:51:54,500 Starting Live from 2015-04-05 to 2015-04-10
2015-06-20 04:59:14,538 Starting Q Learning for : 
2015-06-20 04:59:14,538 alpha = 0.4
2015-06-20 04:59:14,538 gamma = 0.1
2015-06-20 04:59:14,539 individual factor = 8
2015-06-20 04:59:14,539 zero range = 0.002
2015-06-20 04:59:14,539 greedy level = 5
2015-06-20 04:59:14,539 

2015-06-20 04:59:19,780 Starting Training from 2014-12-17 to 2015-01-01
2015-06-20 05:08:34,677 Starting Live from 2015-01-02 to 2015-02-01
2015-06-20 05:30:58,456 Starting Training from 2015-01-17 to 2015-02-01
2015-06-20 05:32:07,542 Starting Live from 2015-02-02 to 2015-03-04
2015-06-20 05:58:29,007 Starting Training from 2015-02-17 to 2015-03-04
2015-06-20 06:00:19,493 Starting Live from 2015-03-05 to 2015-04-04
2015-06-20 06:23:26,332 Starting Training from 2015-03-20 to 2015-04-04
2015-06-20 06:24:39,355 Starting Live from 2015-04-05 to 2015-04-10
2015-06-20 06:31:07,042 Starting Q Learning for : 
2015-06-20 06:31:07,042 alpha = 0.4
2015-06-20 06:31:07,042 gamma = 0.2
2015-06-20 06:31:07,042 individual factor = 8
2015-06-20 06:31:07,042 zero range = 0.002
2015-06-20 06:31:07,042 greedy level = 5
2015-06-20 06:31:07,042 

2015-06-20 06:31:11,961 Starting Training from 2014-12-17 to 2015-01-01
2015-06-20 06:40:54,345 Starting Live from 2015-01-02 to 2015-02-01
2015-06-20 07:03:49,601 Starting Training from 2015-01-17 to 2015-02-01
2015-06-20 07:05:06,898 Starting Live from 2015-02-02 to 2015-03-04
2015-06-20 07:30:45,838 Starting Training from 2015-02-17 to 2015-03-04
2015-06-20 07:32:24,372 Starting Live from 2015-03-05 to 2015-04-04
2015-06-20 07:55:49,887 Starting Training from 2015-03-20 to 2015-04-04
2015-06-20 07:57:03,575 Starting Live from 2015-04-05 to 2015-04-10
2015-06-20 08:03:35,088 Starting Q Learning for : 
2015-06-20 08:03:35,088 alpha = 0.4
2015-06-20 08:03:35,088 gamma = 0.7
2015-06-20 08:03:35,088 individual factor = 8
2015-06-20 08:03:35,088 zero range = 0.002
2015-06-20 08:03:35,088 greedy level = 5
2015-06-20 08:03:35,088 

2015-06-20 08:03:40,066 Starting Training from 2014-12-17 to 2015-01-01
2015-06-20 08:13:35,250 Starting Live from 2015-01-02 to 2015-02-01
2015-06-20 08:35:26,479 Starting Training from 2015-01-17 to 2015-02-01
2015-06-20 08:36:33,658 Starting Live from 2015-02-02 to 2015-03-04
2015-06-20 09:01:02,066 Starting Training from 2015-02-17 to 2015-03-04
2015-06-20 09:02:29,085 Starting Live from 2015-03-05 to 2015-04-04
2015-06-20 09:24:30,617 Starting Training from 2015-03-20 to 2015-04-04
2015-06-20 09:25:38,246 Starting Live from 2015-04-05 to 2015-04-10
2015-06-20 09:32:06,910 Starting Q Learning for : 
2015-06-20 09:32:06,910 alpha = 0.4
2015-06-20 09:32:06,910 gamma = 0.8
2015-06-20 09:32:06,910 individual factor = 8
2015-06-20 09:32:06,910 zero range = 0.002
2015-06-20 09:32:06,910 greedy level = 5
2015-06-20 09:32:06,910 

2015-06-20 09:32:13,559 Starting Training from 2014-12-17 to 2015-01-01
2015-06-20 09:41:18,279 Starting Live from 2015-01-02 to 2015-02-01
2015-06-20 10:02:12,703 Starting Training from 2015-01-17 to 2015-02-01
2015-06-20 10:03:16,539 Starting Live from 2015-02-02 to 2015-03-04
2015-06-20 10:27:47,276 Starting Training from 2015-02-17 to 2015-03-04
2015-06-20 10:29:21,589 Starting Live from 2015-03-05 to 2015-04-04
2015-06-20 10:52:05,960 Starting Training from 2015-03-20 to 2015-04-04
2015-06-20 10:53:25,693 Starting Live from 2015-04-05 to 2015-04-10
2015-06-20 11:01:57,078 Starting Q Learning for : 
2015-06-20 11:01:57,078 alpha = 0.6
2015-06-20 11:01:57,078 gamma = 0.5
2015-06-20 11:01:57,078 individual factor = 8
2015-06-20 11:01:57,078 zero range = 0.002
2015-06-20 11:01:57,078 greedy level = 5
2015-06-20 11:01:57,078 

2015-06-20 11:02:02,240 Starting Training from 2014-12-17 to 2015-01-01
2015-06-20 11:11:43,937 Starting Live from 2015-01-02 to 2015-02-01
2015-06-20 11:34:59,622 Starting Training from 2015-01-17 to 2015-02-01
2015-06-20 11:36:09,276 Starting Live from 2015-02-02 to 2015-03-04
2015-06-20 12:03:32,394 Starting Training from 2015-02-17 to 2015-03-04
2015-06-20 12:05:23,459 Starting Live from 2015-03-05 to 2015-04-04
2015-06-20 12:29:23,144 Starting Training from 2015-03-20 to 2015-04-04
2015-06-20 12:30:43,625 Starting Live from 2015-04-05 to 2015-04-10
2015-06-20 12:37:37,757 Starting Q Learning for : 
2015-06-20 12:37:37,757 alpha = 0.6
2015-06-20 12:37:37,757 gamma = 0.6
2015-06-20 12:37:37,757 individual factor = 8
2015-06-20 12:37:37,757 zero range = 0.002
2015-06-20 12:37:37,759 greedy level = 5
2015-06-20 12:37:37,759 

2015-06-20 12:37:44,539 Starting Training from 2014-12-17 to 2015-01-01
2015-06-20 12:48:18,009 Starting Live from 2015-01-02 to 2015-02-01
2015-06-20 13:12:02,130 Starting Training from 2015-01-17 to 2015-02-01
2015-06-20 13:13:16,010 Starting Live from 2015-02-02 to 2015-03-04
2015-06-20 13:40:35,569 Starting Training from 2015-02-17 to 2015-03-04
2015-06-20 13:42:14,576 Starting Live from 2015-03-05 to 2015-04-04
2015-06-20 14:07:03,401 Starting Training from 2015-03-20 to 2015-04-04
2015-06-20 14:08:27,849 Starting Live from 2015-04-05 to 2015-04-10
