2015-06-20 01:54:34,565 Starting Q Learning for : 
2015-06-20 01:54:34,565 alpha = 0.5
2015-06-20 01:54:34,565 gamma = 0.1
2015-06-20 01:54:34,565 individual factor = 8
2015-06-20 01:54:34,565 zero range = 0.002
2015-06-20 01:54:34,565 greedy level = 5
2015-06-20 01:54:34,565 

2015-06-20 01:54:45,134 Starting Training from 2014-12-17 to 2015-01-01
2015-06-20 02:04:08,210 Starting Live from 2015-01-02 to 2015-02-01
2015-06-20 02:27:08,509 Starting Training from 2015-01-17 to 2015-02-01
2015-06-20 02:28:19,490 Starting Live from 2015-02-02 to 2015-03-04
2015-06-20 02:53:33,615 Starting Training from 2015-02-17 to 2015-03-04
2015-06-20 02:55:10,075 Starting Live from 2015-03-05 to 2015-04-04
2015-06-20 03:17:51,250 Starting Training from 2015-03-20 to 2015-04-04
2015-06-20 03:19:03,996 Starting Live from 2015-04-05 to 2015-04-10
2015-06-20 03:25:37,049 Starting Q Learning for : 
2015-06-20 03:25:37,049 alpha = 0.5
2015-06-20 03:25:37,049 gamma = 0.2
2015-06-20 03:25:37,049 individual factor = 8
2015-06-20 03:25:37,049 zero range = 0.002
2015-06-20 03:25:37,049 greedy level = 5
2015-06-20 03:25:37,049 

2015-06-20 03:25:43,177 Starting Training from 2014-12-17 to 2015-01-01
2015-06-20 03:35:46,536 Starting Live from 2015-01-02 to 2015-02-01
2015-06-20 03:58:25,752 Starting Training from 2015-01-17 to 2015-02-01
2015-06-20 03:59:32,934 Starting Live from 2015-02-02 to 2015-03-04
2015-06-20 04:25:29,273 Starting Training from 2015-02-17 to 2015-03-04
2015-06-20 04:27:02,339 Starting Live from 2015-03-05 to 2015-04-04
2015-06-20 04:50:24,782 Starting Training from 2015-03-20 to 2015-04-04
2015-06-20 04:51:39,059 Starting Live from 2015-04-05 to 2015-04-10
2015-06-20 04:59:03,933 Starting Q Learning for : 
2015-06-20 04:59:03,933 alpha = 0.5
2015-06-20 04:59:03,933 gamma = 0.7
2015-06-20 04:59:03,933 individual factor = 8
2015-06-20 04:59:03,933 zero range = 0.002
2015-06-20 04:59:03,933 greedy level = 5
2015-06-20 04:59:03,933 

2015-06-20 04:59:09,983 Starting Training from 2014-12-17 to 2015-01-01
2015-06-20 05:08:30,257 Starting Live from 2015-01-02 to 2015-02-01
2015-06-20 05:31:07,151 Starting Training from 2015-01-17 to 2015-02-01
2015-06-20 05:32:14,388 Starting Live from 2015-02-02 to 2015-03-04
2015-06-20 05:59:04,572 Starting Training from 2015-02-17 to 2015-03-04
2015-06-20 06:00:50,174 Starting Live from 2015-03-05 to 2015-04-04
2015-06-20 06:24:04,062 Starting Training from 2015-03-20 to 2015-04-04
2015-06-20 06:25:17,230 Starting Live from 2015-04-05 to 2015-04-10
2015-06-20 06:31:52,920 Starting Q Learning for : 
2015-06-20 06:31:52,920 alpha = 0.5
2015-06-20 06:31:52,920 gamma = 0.8
2015-06-20 06:31:52,920 individual factor = 8
2015-06-20 06:31:52,920 zero range = 0.002
2015-06-20 06:31:52,920 greedy level = 5
2015-06-20 06:31:52,920 

2015-06-20 06:31:58,434 Starting Training from 2014-12-17 to 2015-01-01
2015-06-20 06:41:49,119 Starting Live from 2015-01-02 to 2015-02-01
2015-06-20 07:04:44,948 Starting Training from 2015-01-17 to 2015-02-01
2015-06-20 07:05:53,546 Starting Live from 2015-02-02 to 2015-03-04
2015-06-20 07:31:42,140 Starting Training from 2015-02-17 to 2015-03-04
2015-06-20 07:33:22,586 Starting Live from 2015-03-05 to 2015-04-04
2015-06-20 07:56:35,401 Starting Training from 2015-03-20 to 2015-04-04
2015-06-20 07:57:51,344 Starting Live from 2015-04-05 to 2015-04-10
2015-06-20 08:04:33,855 Starting Q Learning for : 
2015-06-20 08:04:33,857 alpha = 0.6
2015-06-20 08:04:33,857 gamma = 0.1
2015-06-20 08:04:33,857 individual factor = 8
2015-06-20 08:04:33,857 zero range = 0.002
2015-06-20 08:04:33,857 greedy level = 5
2015-06-20 08:04:33,857 

2015-06-20 08:04:41,698 Starting Training from 2014-12-17 to 2015-01-01
2015-06-20 08:14:32,167 Starting Live from 2015-01-02 to 2015-02-01
2015-06-20 08:36:26,223 Starting Training from 2015-01-17 to 2015-02-01
2015-06-20 08:37:32,000 Starting Live from 2015-02-02 to 2015-03-04
2015-06-20 09:01:57,444 Starting Training from 2015-02-17 to 2015-03-04
2015-06-20 09:03:26,375 Starting Live from 2015-03-05 to 2015-04-04
2015-06-20 09:25:30,717 Starting Training from 2015-03-20 to 2015-04-04
2015-06-20 09:26:41,858 Starting Live from 2015-04-05 to 2015-04-10
2015-06-20 09:33:38,466 Starting Q Learning for : 
2015-06-20 09:33:38,466 alpha = 0.6
2015-06-20 09:33:38,466 gamma = 0.2
2015-06-20 09:33:38,467 individual factor = 8
2015-06-20 09:33:38,467 zero range = 0.002
2015-06-20 09:33:38,467 greedy level = 5
2015-06-20 09:33:38,467 

2015-06-20 09:33:43,803 Starting Training from 2014-12-17 to 2015-01-01
2015-06-20 09:42:22,790 Starting Live from 2015-01-02 to 2015-02-01
2015-06-20 10:03:15,072 Starting Training from 2015-01-17 to 2015-02-01
2015-06-20 10:04:18,263 Starting Live from 2015-02-02 to 2015-03-04
2015-06-20 10:28:52,341 Starting Training from 2015-02-17 to 2015-03-04
2015-06-20 10:30:25,904 Starting Live from 2015-03-05 to 2015-04-04
2015-06-20 10:53:14,036 Starting Training from 2015-03-20 to 2015-04-04
2015-06-20 10:54:41,365 Starting Live from 2015-04-05 to 2015-04-10
2015-06-20 11:03:24,302 Starting Q Learning for : 
2015-06-20 11:03:24,302 alpha = 0.6
2015-06-20 11:03:24,302 gamma = 0.7
2015-06-20 11:03:24,302 individual factor = 8
2015-06-20 11:03:24,302 zero range = 0.002
2015-06-20 11:03:24,302 greedy level = 5
2015-06-20 11:03:24,302 

2015-06-20 11:03:29,543 Starting Training from 2014-12-17 to 2015-01-01
2015-06-20 11:13:08,048 Starting Live from 2015-01-02 to 2015-02-01
2015-06-20 11:36:32,934 Starting Training from 2015-01-17 to 2015-02-01
2015-06-20 11:37:43,234 Starting Live from 2015-02-02 to 2015-03-04
2015-06-20 12:05:32,944 Starting Training from 2015-02-17 to 2015-03-04
2015-06-20 12:07:12,681 Starting Live from 2015-03-05 to 2015-04-04
2015-06-20 12:31:15,884 Starting Training from 2015-03-20 to 2015-04-04
2015-06-20 12:32:32,589 Starting Live from 2015-04-05 to 2015-04-10
2015-06-20 12:39:25,282 Starting Q Learning for : 
2015-06-20 12:39:25,282 alpha = 0.6
2015-06-20 12:39:25,282 gamma = 0.8
2015-06-20 12:39:25,282 individual factor = 8
2015-06-20 12:39:25,282 zero range = 0.002
2015-06-20 12:39:25,282 greedy level = 5
2015-06-20 12:39:25,282 

2015-06-20 12:39:30,663 Starting Training from 2014-12-17 to 2015-01-01
2015-06-20 12:49:58,380 Starting Live from 2015-01-02 to 2015-02-01
2015-06-20 13:13:41,724 Starting Training from 2015-01-17 to 2015-02-01
2015-06-20 13:14:59,020 Starting Live from 2015-02-02 to 2015-03-04
2015-06-20 13:42:25,377 Starting Training from 2015-02-17 to 2015-03-04
2015-06-20 13:44:09,947 Starting Live from 2015-03-05 to 2015-04-04
2015-06-20 14:09:06,099 Starting Training from 2015-03-20 to 2015-04-04
2015-06-20 14:10:49,982 Starting Live from 2015-04-05 to 2015-04-10
