2015-06-30 15:05:30,255 Starting mtm calculation
2015-06-30 15:05:30,255 Calculating mtm for 2014-12-01
2015-06-30 15:05:35,342 Calculating mtm for 2014-12-02
2015-06-30 15:05:37,934 Calculating mtm for 2014-12-03
2015-06-30 15:05:40,093 Calculating mtm for 2014-12-04
2015-06-30 15:05:44,428 Calculating mtm for 2014-12-05
2015-06-30 15:05:46,258 Calculating mtm for 2014-12-06
2015-06-30 15:05:46,266 Calculating mtm for 2014-12-07
2015-06-30 15:05:46,269 Calculating mtm for 2014-12-08
2015-06-30 15:05:48,835 Calculating mtm for 2014-12-09
2015-06-30 15:05:51,643 Calculating mtm for 2014-12-10
2015-06-30 15:05:52,869 Calculating mtm for 2014-12-11
2015-06-30 15:05:56,508 Calculating mtm for 2014-12-12
2015-06-30 15:06:02,671 Calculating mtm for 2014-12-13
2015-06-30 15:06:02,673 Calculating mtm for 2014-12-14
2015-06-30 15:06:02,676 Calculating mtm for 2014-12-15
2015-06-30 15:06:05,496 Calculating mtm for 2014-12-16
2015-06-30 15:06:08,496 Calculating mtm for 2014-12-17
2015-06-30 15:06:11,552 Calculating mtm for 2014-12-18
2015-06-30 15:06:14,283 Calculating mtm for 2014-12-19
2015-06-30 15:06:21,331 Calculating mtm for 2014-12-20
2015-06-30 15:06:21,497 Calculating mtm for 2014-12-21
2015-06-30 15:06:21,503 Calculating mtm for 2014-12-22
2015-06-30 15:06:24,667 Calculating mtm for 2014-12-23
2015-06-30 15:06:29,977 Calculating mtm for 2014-12-24
2015-06-30 15:06:33,111 Calculating mtm for 2014-12-25
2015-06-30 15:06:33,117 Calculating mtm for 2014-12-26
2015-06-30 15:06:37,025 Calculating mtm for 2014-12-27
2015-06-30 15:06:37,032 Calculating mtm for 2014-12-28
2015-06-30 15:06:37,035 Calculating mtm for 2014-12-29
2015-06-30 15:06:40,662 Calculating mtm for 2014-12-30
2015-06-30 15:06:41,413 Calculating mtm for 2014-12-31
2015-06-30 15:06:43,166 Calculating mtm for 2015-01-01
2015-06-30 15:06:46,503 Calculating mtm for 2015-01-02
2015-06-30 15:06:50,267 Calculating mtm for 2015-01-03
2015-06-30 15:06:50,271 Calculating mtm for 2015-01-04
2015-06-30 15:06:50,275 Calculating mtm for 2015-01-05
2015-06-30 15:06:51,938 Calculating mtm for 2015-01-06
2015-06-30 15:06:57,303 Calculating mtm for 2015-01-07
2015-06-30 15:07:02,440 Calculating mtm for 2015-01-08
2015-06-30 15:07:05,604 Calculating mtm for 2015-01-09
2015-06-30 15:07:14,035 Calculating mtm for 2015-01-10
2015-06-30 15:07:14,039 Calculating mtm for 2015-01-11
2015-06-30 15:07:14,042 Calculating mtm for 2015-01-12
2015-06-30 15:07:19,984 Calculating mtm for 2015-01-13
2015-06-30 15:07:27,822 Calculating mtm for 2015-01-14
2015-06-30 15:07:31,262 Calculating mtm for 2015-01-15
2015-06-30 15:07:34,423 Calculating mtm for 2015-01-16
2015-06-30 15:07:38,807 Calculating mtm for 2015-01-17
2015-06-30 15:07:38,810 Calculating mtm for 2015-01-18
2015-06-30 15:07:38,813 Calculating mtm for 2015-01-19
2015-06-30 15:07:41,661 Calculating mtm for 2015-01-20
2015-06-30 15:07:44,372 Calculating mtm for 2015-01-21
2015-06-30 15:07:50,902 Calculating mtm for 2015-01-22
2015-06-30 15:07:54,629 Calculating mtm for 2015-01-23
2015-06-30 15:07:58,347 Calculating mtm for 2015-01-24
2015-06-30 15:07:58,352 Calculating mtm for 2015-01-25
2015-06-30 15:07:58,355 Calculating mtm for 2015-01-26
2015-06-30 15:07:58,358 Calculating mtm for 2015-01-27
2015-06-30 15:08:01,634 Calculating mtm for 2015-01-28
2015-06-30 15:08:04,646 Calculating mtm for 2015-01-29
2015-06-30 15:08:05,462 Calculating mtm for 2015-01-30
2015-06-30 15:08:09,782 Calculating mtm for 2015-01-31
2015-06-30 15:08:09,787 Calculating mtm for 2015-02-01
2015-06-30 15:08:09,791 Calculating mtm for 2015-02-02
2015-06-30 15:08:14,350 Calculating mtm for 2015-02-03
2015-06-30 15:08:17,273 Calculating mtm for 2015-02-04
2015-06-30 15:08:18,711 Calculating mtm for 2015-02-05
2015-06-30 15:08:22,614 Calculating mtm for 2015-02-06
2015-06-30 15:08:24,876 Calculating mtm for 2015-02-07
2015-06-30 15:08:24,882 Calculating mtm for 2015-02-08
2015-06-30 15:08:24,888 Calculating mtm for 2015-02-09
2015-06-30 15:08:30,960 Calculating mtm for 2015-02-10
2015-06-30 15:08:33,364 Updating ranks for walkforward - 1
2015-06-30 15:08:48,129 Updating ranks for walkforward - 2
2015-06-30 15:09:04,306 Updating ranks for walkforward - 3
2015-06-30 15:09:19,055 Done Ranking. Calling processes now.
2015-06-30 15:09:19,056 Starting Q Learning for : 
2015-06-30 15:09:19,056 Starting Q Learning for : 
2015-06-30 15:09:19,056 alpha = 0.5
2015-06-30 15:09:19,056 Starting Q Learning for : 
2015-06-30 15:09:19,056 alpha = 0.4
2015-06-30 15:09:19,056 gamma = 0.5
2015-06-30 15:09:19,056 gamma = 0.1
2015-06-30 15:09:19,057 individual factor = 10
2015-06-30 15:09:19,057 alpha = 0.2
2015-06-30 15:09:19,057 zero range = 0.002
2015-06-30 15:09:19,057 greedy level = 5
2015-06-30 15:09:19,057 

2015-06-30 15:09:19,057 individual factor = 10
2015-06-30 15:09:19,057 gamma = 0.3
2015-06-30 15:09:19,057 zero range = 0.002
2015-06-30 15:09:19,057 individual factor = 10
2015-06-30 15:09:19,057 greedy level = 5
2015-06-30 15:09:19,057 zero range = 0.002
2015-06-30 15:09:19,057 

2015-06-30 15:09:19,057 greedy level = 5
2015-06-30 15:09:19,057 

2015-06-30 15:09:21,366 Starting Training from 2015-01-01 to 2015-01-31
2015-06-30 15:09:21,449 Starting Training from 2015-01-01 to 2015-01-31
2015-06-30 15:09:22,103 Starting Training from 2015-01-01 to 2015-01-31
2015-06-30 15:31:30,596 Starting Live from 2015-02-01 to 2015-03-03
2015-06-30 15:31:30,854 Starting Live from 2015-02-01 to 2015-03-03
2015-06-30 15:31:39,378 Starting Live from 2015-02-01 to 2015-03-03
2015-06-30 15:52:20,962 Starting Training from 2015-02-01 to 2015-03-03
2015-06-30 15:52:21,192 Starting Training from 2015-02-01 to 2015-03-03
2015-06-30 15:52:46,821 Starting Training from 2015-02-01 to 2015-03-03
2015-06-30 15:54:58,087 Starting Live from 2015-03-04 to 2015-04-03
2015-06-30 15:54:59,350 Starting Live from 2015-03-04 to 2015-04-03
2015-06-30 15:55:09,091 Starting Live from 2015-03-04 to 2015-04-03
2015-06-30 16:13:09,608 Starting Training from 2015-03-04 to 2015-04-03
2015-06-30 16:13:42,153 Starting Training from 2015-03-04 to 2015-04-03
2015-06-30 16:13:42,231 Starting Training from 2015-03-04 to 2015-04-03
2015-06-30 16:15:06,339 Starting Live from 2015-04-04 to 2015-04-10
2015-06-30 16:15:19,512 Starting Live from 2015-04-04 to 2015-04-10
2015-06-30 16:15:27,957 Starting Live from 2015-04-04 to 2015-04-10
2015-06-30 16:19:53,497 Starting Q Learning for : 
2015-06-30 16:19:53,497 alpha = 0.2
2015-06-30 16:19:53,497 gamma = 0.4
2015-06-30 16:19:53,497 individual factor = 10
2015-06-30 16:19:53,497 zero range = 0.002
2015-06-30 16:19:53,497 greedy level = 5
2015-06-30 16:19:53,497 

2015-06-30 16:19:54,174 Starting Training from 2015-01-01 to 2015-01-31
2015-06-30 16:19:58,980 Starting Q Learning for : 
2015-06-30 16:19:58,980 alpha = 0.5
2015-06-30 16:19:58,980 gamma = 0.2
2015-06-30 16:19:58,980 individual factor = 10
2015-06-30 16:19:58,980 zero range = 0.002
2015-06-30 16:19:58,980 greedy level = 5
2015-06-30 16:19:58,981 

2015-06-30 16:19:59,609 Starting Training from 2015-01-01 to 2015-01-31
2015-06-30 16:20:13,949 Starting Q Learning for : 
2015-06-30 16:20:13,949 alpha = 0.4
2015-06-30 16:20:13,949 gamma = 0.6
2015-06-30 16:20:13,949 individual factor = 10
2015-06-30 16:20:13,949 zero range = 0.002
2015-06-30 16:20:13,949 greedy level = 5
2015-06-30 16:20:13,949 

2015-06-30 16:20:15,960 Starting Training from 2015-01-01 to 2015-01-31
2015-06-30 16:41:25,957 Starting Live from 2015-02-01 to 2015-03-03
2015-06-30 16:41:28,278 Starting Live from 2015-02-01 to 2015-03-03
2015-06-30 16:41:57,614 Starting Live from 2015-02-01 to 2015-03-03
2015-06-30 17:01:26,960 Starting Training from 2015-02-01 to 2015-03-03
2015-06-30 17:01:34,607 Starting Training from 2015-02-01 to 2015-03-03
2015-06-30 17:01:47,786 Starting Training from 2015-02-01 to 2015-03-03
2015-06-30 17:03:03,473 Starting Live from 2015-03-04 to 2015-04-03
2015-06-30 17:03:10,704 Starting Live from 2015-03-04 to 2015-04-03
2015-06-30 17:03:20,414 Starting Live from 2015-03-04 to 2015-04-03
2015-06-30 17:20:54,132 Starting Training from 2015-03-04 to 2015-04-03
2015-06-30 17:20:55,653 Starting Training from 2015-03-04 to 2015-04-03
2015-06-30 17:21:05,434 Starting Training from 2015-03-04 to 2015-04-03
2015-06-30 17:22:28,811 Starting Live from 2015-04-04 to 2015-04-10
2015-06-30 17:22:40,623 Starting Live from 2015-04-04 to 2015-04-10
2015-06-30 17:22:50,877 Starting Live from 2015-04-04 to 2015-04-10
2015-06-30 17:27:07,033 Starting Q Learning for : 
2015-06-30 17:27:07,034 alpha = 0.5
2015-06-30 17:27:07,034 gamma = 0.3
2015-06-30 17:27:07,034 individual factor = 10
2015-06-30 17:27:07,034 zero range = 0.002
2015-06-30 17:27:07,034 greedy level = 5
2015-06-30 17:27:07,034 

2015-06-30 17:27:08,535 Starting Training from 2015-01-01 to 2015-01-31
2015-06-30 17:27:22,404 Starting Q Learning for : 
2015-06-30 17:27:22,404 alpha = 0.2
2015-06-30 17:27:22,404 gamma = 0.5
2015-06-30 17:27:22,404 individual factor = 10
2015-06-30 17:27:22,404 zero range = 0.002
2015-06-30 17:27:22,404 greedy level = 5
2015-06-30 17:27:22,404 

2015-06-30 17:27:23,368 Starting Training from 2015-01-01 to 2015-01-31
2015-06-30 17:27:26,071 Starting Q Learning for : 
2015-06-30 17:27:26,071 alpha = 0.4
2015-06-30 17:27:26,071 gamma = 0.7
2015-06-30 17:27:26,071 individual factor = 10
2015-06-30 17:27:26,071 zero range = 0.002
2015-06-30 17:27:26,071 greedy level = 5
2015-06-30 17:27:26,071 

2015-06-30 17:27:26,671 Starting Training from 2015-01-01 to 2015-01-31
2015-06-30 17:47:05,306 Starting Live from 2015-02-01 to 2015-03-03
2015-06-30 17:47:15,260 Starting Live from 2015-02-01 to 2015-03-03
2015-06-30 17:47:26,516 Starting Live from 2015-02-01 to 2015-03-03
2015-06-30 18:04:34,328 Starting Training from 2015-02-01 to 2015-03-03
2015-06-30 18:06:44,851 Starting Live from 2015-03-04 to 2015-04-03
2015-06-30 18:07:48,074 Starting Training from 2015-02-01 to 2015-03-03
2015-06-30 18:07:55,497 Starting Training from 2015-02-01 to 2015-03-03
2015-06-30 18:10:25,193 Starting Live from 2015-03-04 to 2015-04-03
2015-06-30 18:10:28,869 Starting Live from 2015-03-04 to 2015-04-03
2015-06-30 18:14:57,136 Starting Training from 2015-03-04 to 2015-04-03
2015-06-30 18:23:47,045 Starting Live from 2015-04-04 to 2015-04-10
2015-06-30 18:28:16,823 Starting Training from 2015-03-04 to 2015-04-03
2015-06-30 18:28:17,902 Starting Training from 2015-03-04 to 2015-04-03
2015-06-30 18:29:21,534 Starting Q Learning for : 
2015-06-30 18:29:21,534 alpha = 0.4
2015-06-30 18:29:21,534 gamma = 0.8
2015-06-30 18:29:21,534 individual factor = 10
2015-06-30 18:29:21,534 zero range = 0.002
2015-06-30 18:29:21,534 greedy level = 5
2015-06-30 18:29:21,534 

2015-06-30 18:29:21,884 Starting Training from 2015-01-01 to 2015-01-31
2015-06-30 18:29:43,805 Starting Live from 2015-04-04 to 2015-04-10
2015-06-30 18:29:52,832 Starting Live from 2015-04-04 to 2015-04-10
2015-06-30 18:34:16,266 Starting Q Learning for : 
2015-06-30 18:34:16,266 alpha = 0.5
2015-06-30 18:34:16,266 gamma = 0.4
2015-06-30 18:34:16,266 individual factor = 10
2015-06-30 18:34:16,266 zero range = 0.002
2015-06-30 18:34:16,266 greedy level = 5
2015-06-30 18:34:16,266 

2015-06-30 18:34:17,030 Starting Training from 2015-01-01 to 2015-01-31
2015-06-30 18:34:19,382 Starting Q Learning for : 
2015-06-30 18:34:19,383 alpha = 0.2
2015-06-30 18:34:19,383 gamma = 0.6
2015-06-30 18:34:19,383 individual factor = 10
2015-06-30 18:34:19,383 zero range = 0.002
2015-06-30 18:34:19,383 greedy level = 5
2015-06-30 18:34:19,383 

2015-06-30 18:34:19,703 Starting Training from 2015-01-01 to 2015-01-31
2015-06-30 18:48:24,647 Starting Live from 2015-02-01 to 2015-03-03
2015-06-30 18:53:13,621 Starting Live from 2015-02-01 to 2015-03-03
2015-06-30 18:53:13,998 Starting Live from 2015-02-01 to 2015-03-03
2015-06-30 19:03:49,126 Starting Training from 2015-02-01 to 2015-03-03
2015-06-30 19:05:13,806 Starting Live from 2015-03-04 to 2015-04-03
2015-06-30 19:09:54,867 Starting Training from 2015-03-04 to 2015-04-03
2015-06-30 19:12:07,938 Starting Training from 2015-02-01 to 2015-03-03
2015-06-30 19:12:12,147 Starting Training from 2015-02-01 to 2015-03-03
2015-06-30 19:13:37,315 Starting Live from 2015-03-04 to 2015-04-03
2015-06-30 19:13:41,065 Starting Live from 2015-03-04 to 2015-04-03
2015-06-30 19:21:25,987 Starting Live from 2015-04-04 to 2015-04-10
2015-06-30 19:25:12,826 Starting Q Learning for : 
2015-06-30 19:25:12,826 alpha = 0.6
2015-06-30 19:25:12,826 gamma = 0.1
2015-06-30 19:25:12,826 individual factor = 10
2015-06-30 19:25:12,826 zero range = 0.002
2015-06-30 19:25:12,826 greedy level = 5
2015-06-30 19:25:12,826 

2015-06-30 19:25:13,890 Starting Training from 2015-01-01 to 2015-01-31
2015-06-30 19:30:43,549 Starting Training from 2015-03-04 to 2015-04-03
2015-06-30 19:30:45,592 Starting Training from 2015-03-04 to 2015-04-03
2015-06-30 19:32:47,028 Starting Live from 2015-04-04 to 2015-04-10
2015-06-30 19:32:56,831 Starting Live from 2015-04-04 to 2015-04-10
2015-06-30 19:38:32,782 Starting Q Learning for : 
2015-06-30 19:38:32,782 alpha = 0.2
2015-06-30 19:38:32,782 gamma = 0.7
2015-06-30 19:38:32,782 individual factor = 10
2015-06-30 19:38:32,782 zero range = 0.002
2015-06-30 19:38:32,782 greedy level = 5
2015-06-30 19:38:32,782 

2015-06-30 19:38:33,353 Starting Training from 2015-01-01 to 2015-01-31
2015-06-30 19:38:37,040 Starting Q Learning for : 
2015-06-30 19:38:37,040 alpha = 0.5
2015-06-30 19:38:37,040 gamma = 0.5
2015-06-30 19:38:37,040 individual factor = 10
2015-06-30 19:38:37,040 zero range = 0.002
2015-06-30 19:38:37,040 greedy level = 5
2015-06-30 19:38:37,040 

2015-06-30 19:38:37,677 Starting Training from 2015-01-01 to 2015-01-31
2015-06-30 19:43:32,826 Starting Live from 2015-02-01 to 2015-03-03
2015-06-30 19:56:55,164 Starting Live from 2015-02-01 to 2015-03-03
2015-06-30 19:57:00,122 Starting Live from 2015-02-01 to 2015-03-03
2015-06-30 20:02:03,853 Starting Training from 2015-02-01 to 2015-03-03
2015-06-30 20:03:31,582 Starting Live from 2015-03-04 to 2015-04-03
2015-06-30 20:13:18,562 Starting Training from 2015-02-01 to 2015-03-03
2015-06-30 20:14:47,812 Starting Live from 2015-03-04 to 2015-04-03
2015-06-30 20:15:25,502 Starting Training from 2015-02-01 to 2015-03-03
2015-06-30 20:16:52,738 Starting Live from 2015-03-04 to 2015-04-03
2015-06-30 20:20:43,342 Starting Training from 2015-03-04 to 2015-04-03
2015-06-30 20:21:41,583 Starting Training from 2015-03-04 to 2015-04-03
2015-06-30 20:22:10,271 Starting Live from 2015-04-04 to 2015-04-10
2015-06-30 20:28:25,849 Starting Q Learning for : 
2015-06-30 20:28:25,849 alpha = 0.6
2015-06-30 20:28:25,849 gamma = 0.2
2015-06-30 20:28:25,849 individual factor = 10
2015-06-30 20:28:25,849 zero range = 0.002
2015-06-30 20:28:25,849 greedy level = 5
2015-06-30 20:28:25,849 

2015-06-30 20:28:26,865 Starting Training from 2015-01-01 to 2015-01-31
2015-06-30 20:31:33,810 Starting Live from 2015-04-04 to 2015-04-10
2015-06-30 20:34:24,909 Starting Training from 2015-03-04 to 2015-04-03
2015-06-30 20:36:07,921 Starting Q Learning for : 
2015-06-30 20:36:07,921 alpha = 0.2
2015-06-30 20:36:07,921 gamma = 0.8
2015-06-30 20:36:07,921 individual factor = 10
2015-06-30 20:36:07,922 zero range = 0.002
2015-06-30 20:36:07,922 greedy level = 5
2015-06-30 20:36:07,922 

2015-06-30 20:36:08,909 Starting Training from 2015-01-01 to 2015-01-31
2015-06-30 20:36:48,911 Starting Live from 2015-04-04 to 2015-04-10
2015-06-30 20:43:20,669 Starting Q Learning for : 
2015-06-30 20:43:20,669 alpha = 0.5
2015-06-30 20:43:20,669 gamma = 0.6
2015-06-30 20:43:20,670 individual factor = 10
2015-06-30 20:43:20,670 zero range = 0.002
2015-06-30 20:43:20,670 greedy level = 5
2015-06-30 20:43:20,670 

2015-06-30 20:43:21,670 Starting Training from 2015-01-01 to 2015-01-31
2015-06-30 20:48:39,174 Starting Live from 2015-02-01 to 2015-03-03
2015-06-30 20:55:44,812 Starting Live from 2015-02-01 to 2015-03-03
2015-06-30 21:02:24,900 Starting Live from 2015-02-01 to 2015-03-03
2015-06-30 21:07:37,387 Starting Training from 2015-02-01 to 2015-03-03
2015-06-30 21:09:09,687 Starting Live from 2015-03-04 to 2015-04-03
2015-06-30 21:11:16,470 Starting Training from 2015-02-01 to 2015-03-03
2015-06-30 21:12:46,656 Starting Live from 2015-03-04 to 2015-04-03
2015-06-30 21:19:04,826 Starting Training from 2015-03-04 to 2015-04-03
2015-06-30 21:21:27,472 Starting Training from 2015-02-01 to 2015-03-03
2015-06-30 21:22:58,149 Starting Live from 2015-03-04 to 2015-04-03
2015-06-30 21:26:24,930 Starting Training from 2015-03-04 to 2015-04-03
2015-06-30 21:27:49,836 Starting Live from 2015-04-04 to 2015-04-10
2015-06-30 21:28:45,833 Starting Live from 2015-04-04 to 2015-04-10
2015-06-30 21:33:11,428 Starting Q Learning for : 
2015-06-30 21:33:11,429 alpha = 0.6
2015-06-30 21:33:11,429 gamma = 0.3
2015-06-30 21:33:11,429 individual factor = 10
2015-06-30 21:33:11,429 zero range = 0.002
2015-06-30 21:33:11,429 greedy level = 5
2015-06-30 21:33:11,429 

2015-06-30 21:33:14,476 Starting Training from 2015-01-01 to 2015-01-31
2015-06-30 21:33:29,075 Starting Q Learning for : 
2015-06-30 21:33:29,075 alpha = 0.4
2015-06-30 21:33:29,075 gamma = 0.1
2015-06-30 21:33:29,075 individual factor = 10
2015-06-30 21:33:29,075 zero range = 0.002
2015-06-30 21:33:29,075 greedy level = 5
2015-06-30 21:33:29,075 

2015-06-30 21:33:30,967 Starting Training from 2015-01-01 to 2015-01-31
2015-06-30 21:40:03,305 Starting Training from 2015-03-04 to 2015-04-03
2015-06-30 21:41:31,475 Starting Live from 2015-04-04 to 2015-04-10
2015-06-30 21:46:15,133 Starting Q Learning for : 
2015-06-30 21:46:15,133 alpha = 0.5
2015-06-30 21:46:15,133 gamma = 0.7
2015-06-30 21:46:15,133 individual factor = 10
2015-06-30 21:46:15,133 zero range = 0.002
2015-06-30 21:46:15,133 greedy level = 5
2015-06-30 21:46:15,133 

2015-06-30 21:46:15,714 Starting Training from 2015-01-01 to 2015-01-31
2015-06-30 21:53:04,616 Starting Live from 2015-02-01 to 2015-03-03
2015-06-30 21:53:23,380 Starting Live from 2015-02-01 to 2015-03-03
2015-06-30 22:05:51,746 Starting Live from 2015-02-01 to 2015-03-03
2015-06-30 22:12:16,759 Starting Training from 2015-02-01 to 2015-03-03
2015-06-30 22:12:34,590 Starting Training from 2015-02-01 to 2015-03-03
2015-06-30 22:13:48,505 Starting Live from 2015-03-04 to 2015-04-03
2015-06-30 22:14:09,648 Starting Live from 2015-03-04 to 2015-04-03
2015-06-30 22:22:11,975 Starting Training from 2015-02-01 to 2015-03-03
2015-06-30 22:24:59,858 Starting Live from 2015-03-04 to 2015-04-03
2015-06-30 22:31:00,150 Starting Training from 2015-03-04 to 2015-04-03
2015-06-30 22:31:14,230 Starting Training from 2015-03-04 to 2015-04-03
2015-06-30 22:32:37,236 Starting Live from 2015-04-04 to 2015-04-10
2015-06-30 22:32:42,582 Starting Training from 2015-03-04 to 2015-04-03
2015-06-30 22:32:43,513 Starting Live from 2015-04-04 to 2015-04-10
2015-06-30 22:36:52,745 Starting Q Learning for : 
2015-06-30 22:36:52,745 alpha = 0.6
2015-06-30 22:36:52,745 gamma = 0.4
2015-06-30 22:36:52,745 individual factor = 10
2015-06-30 22:36:52,745 zero range = 0.002
2015-06-30 22:36:52,745 greedy level = 5
2015-06-30 22:36:52,745 

2015-06-30 22:36:53,625 Starting Training from 2015-01-01 to 2015-01-31
2015-06-30 22:36:58,834 Starting Q Learning for : 
2015-06-30 22:36:58,834 alpha = 0.4
2015-06-30 22:36:58,834 gamma = 0.2
2015-06-30 22:36:58,834 individual factor = 10
2015-06-30 22:36:58,834 zero range = 0.002
2015-06-30 22:36:58,834 greedy level = 5
2015-06-30 22:36:58,834 

2015-06-30 22:36:59,608 Starting Training from 2015-01-01 to 2015-01-31
2015-06-30 22:40:19,001 Starting Live from 2015-04-04 to 2015-04-10
2015-06-30 22:46:15,493 Starting Q Learning for : 
2015-06-30 22:46:15,493 alpha = 0.5
2015-06-30 22:46:15,493 gamma = 0.8
2015-06-30 22:46:15,493 individual factor = 10
2015-06-30 22:46:15,493 zero range = 0.002
2015-06-30 22:46:15,493 greedy level = 5
2015-06-30 22:46:15,493 

2015-06-30 22:46:16,422 Starting Training from 2015-01-01 to 2015-01-31
2015-06-30 22:56:05,935 Starting Live from 2015-02-01 to 2015-03-03
2015-06-30 22:56:07,478 Starting Live from 2015-02-01 to 2015-03-03
2015-06-30 23:05:46,433 Starting Live from 2015-02-01 to 2015-03-03
2015-06-30 23:15:23,331 Starting Training from 2015-02-01 to 2015-03-03
2015-06-30 23:15:30,973 Starting Training from 2015-02-01 to 2015-03-03
2015-06-30 23:19:02,575 Starting Live from 2015-03-04 to 2015-04-03
2015-06-30 23:19:05,484 Starting Live from 2015-03-04 to 2015-04-03
2015-06-30 23:21:24,746 Starting Training from 2015-02-01 to 2015-03-03
2015-06-30 23:22:56,952 Starting Live from 2015-03-04 to 2015-04-03
2015-06-30 23:27:22,814 Starting Training from 2015-03-04 to 2015-04-03
2015-06-30 23:36:15,296 Starting Training from 2015-03-04 to 2015-04-03
2015-06-30 23:36:27,314 Starting Training from 2015-03-04 to 2015-04-03
2015-06-30 23:38:05,475 Starting Live from 2015-04-04 to 2015-04-10
2015-06-30 23:38:12,097 Starting Live from 2015-04-04 to 2015-04-10
2015-06-30 23:39:13,327 Starting Live from 2015-04-04 to 2015-04-10
2015-06-30 23:42:27,074 Starting Q Learning for : 
2015-06-30 23:42:27,074 alpha = 0.6
2015-06-30 23:42:27,074 gamma = 0.5
2015-06-30 23:42:27,074 individual factor = 10
2015-06-30 23:42:27,074 zero range = 0.002
2015-06-30 23:42:27,074 greedy level = 5
2015-06-30 23:42:27,074 

2015-06-30 23:42:27,719 Starting Training from 2015-01-01 to 2015-01-31
2015-06-30 23:42:38,002 Starting Q Learning for : 
2015-06-30 23:42:38,002 alpha = 0.4
2015-06-30 23:42:38,002 gamma = 0.3
2015-06-30 23:42:38,002 individual factor = 10
2015-06-30 23:42:38,002 zero range = 0.002
2015-06-30 23:42:38,002 greedy level = 5
2015-06-30 23:42:38,002 

2015-06-30 23:42:38,614 Starting Training from 2015-01-01 to 2015-01-31
2015-06-30 23:42:55,861 Starting Q Learning for : 
2015-06-30 23:42:55,861 alpha = 0.2
2015-06-30 23:42:55,861 gamma = 0.1
2015-06-30 23:42:55,861 individual factor = 10
2015-06-30 23:42:55,861 zero range = 0.002
2015-06-30 23:42:55,861 greedy level = 5
2015-06-30 23:42:55,861 

2015-06-30 23:42:57,463 Starting Training from 2015-01-01 to 2015-01-31
2015-07-01 00:01:29,466 Starting Live from 2015-02-01 to 2015-03-03
2015-07-01 00:01:35,710 Starting Live from 2015-02-01 to 2015-03-03
2015-07-01 00:01:54,197 Starting Live from 2015-02-01 to 2015-03-03
2015-07-01 00:20:25,896 Starting Training from 2015-02-01 to 2015-03-03
2015-07-01 00:20:36,209 Starting Training from 2015-02-01 to 2015-03-03
2015-07-01 00:20:53,922 Starting Training from 2015-02-01 to 2015-03-03
2015-07-01 00:21:55,609 Starting Live from 2015-03-04 to 2015-04-03
2015-07-01 00:22:04,877 Starting Live from 2015-03-04 to 2015-04-03
2015-07-01 00:22:19,900 Starting Live from 2015-03-04 to 2015-04-03
2015-07-01 00:38:55,200 Starting Training from 2015-03-04 to 2015-04-03
2015-07-01 00:39:21,003 Starting Training from 2015-03-04 to 2015-04-03
2015-07-01 00:39:44,637 Starting Training from 2015-03-04 to 2015-04-03
2015-07-01 00:40:38,507 Starting Live from 2015-04-04 to 2015-04-10
2015-07-01 00:40:49,849 Starting Live from 2015-04-04 to 2015-04-10
2015-07-01 00:41:30,852 Starting Live from 2015-04-04 to 2015-04-10
2015-07-01 00:46:57,368 Starting Q Learning for : 
2015-07-01 00:46:57,368 alpha = 0.6
2015-07-01 00:46:57,368 gamma = 0.6
2015-07-01 00:46:57,368 individual factor = 10
2015-07-01 00:46:57,368 zero range = 0.002
2015-07-01 00:46:57,368 greedy level = 5
2015-07-01 00:46:57,368 

2015-07-01 00:46:57,688 Starting Training from 2015-01-01 to 2015-01-31
2015-07-01 00:47:06,621 Starting Q Learning for : 
2015-07-01 00:47:06,621 alpha = 0.4
2015-07-01 00:47:06,621 gamma = 0.4
2015-07-01 00:47:06,621 individual factor = 10
2015-07-01 00:47:06,621 zero range = 0.002
2015-07-01 00:47:06,621 greedy level = 5
2015-07-01 00:47:06,622 

2015-07-01 00:47:07,166 Starting Training from 2015-01-01 to 2015-01-31
2015-07-01 00:47:32,853 Starting Q Learning for : 
2015-07-01 00:47:32,853 alpha = 0.2
2015-07-01 00:47:32,853 gamma = 0.2
2015-07-01 00:47:32,853 individual factor = 10
2015-07-01 00:47:32,853 zero range = 0.002
2015-07-01 00:47:32,853 greedy level = 5
2015-07-01 00:47:32,853 

2015-07-01 00:47:33,588 Starting Training from 2015-01-01 to 2015-01-31
2015-07-01 01:05:50,566 Starting Live from 2015-02-01 to 2015-03-03
2015-07-01 01:05:58,463 Starting Live from 2015-02-01 to 2015-03-03
2015-07-01 01:06:12,765 Starting Live from 2015-02-01 to 2015-03-03
2015-07-01 01:25:00,349 Starting Training from 2015-02-01 to 2015-03-03
2015-07-01 01:25:04,316 Starting Training from 2015-02-01 to 2015-03-03
2015-07-01 01:25:15,714 Starting Training from 2015-02-01 to 2015-03-03
2015-07-01 01:26:31,886 Starting Live from 2015-03-04 to 2015-04-03
2015-07-01 01:26:36,358 Starting Live from 2015-03-04 to 2015-04-03
2015-07-01 01:26:52,030 Starting Live from 2015-03-04 to 2015-04-03
2015-07-01 01:43:35,810 Starting Training from 2015-03-04 to 2015-04-03
2015-07-01 01:43:39,646 Starting Training from 2015-03-04 to 2015-04-03
2015-07-01 01:43:56,462 Starting Training from 2015-03-04 to 2015-04-03
2015-07-01 01:45:13,759 Starting Live from 2015-04-04 to 2015-04-10
2015-07-01 01:45:14,872 Starting Live from 2015-04-04 to 2015-04-10
2015-07-01 01:45:22,093 Starting Live from 2015-04-04 to 2015-04-10
2015-07-01 01:50:00,981 Starting Q Learning for : 
2015-07-01 01:50:00,982 alpha = 0.6
2015-07-01 01:50:00,982 gamma = 0.7
2015-07-01 01:50:00,982 individual factor = 10
2015-07-01 01:50:00,982 zero range = 0.002
2015-07-01 01:50:00,982 greedy level = 5
2015-07-01 01:50:00,982 

2015-07-01 01:50:01,787 Starting Training from 2015-01-01 to 2015-01-31
2015-07-01 01:50:04,096 Starting Q Learning for : 
2015-07-01 01:50:04,096 alpha = 0.5
2015-07-01 01:50:04,096 gamma = 0.1
2015-07-01 01:50:04,096 individual factor = 10
2015-07-01 01:50:04,096 zero range = 0.006
2015-07-01 01:50:04,096 greedy level = 5
2015-07-01 01:50:04,096 

2015-07-01 01:50:04,916 Starting Training from 2015-01-01 to 2015-01-31
2015-07-01 01:50:17,912 Starting Q Learning for : 
2015-07-01 01:50:17,913 alpha = 0.2
2015-07-01 01:50:17,913 gamma = 0.3
2015-07-01 01:50:17,913 individual factor = 10
2015-07-01 01:50:17,913 zero range = 0.006
2015-07-01 01:50:17,913 greedy level = 5
2015-07-01 01:50:17,913 

2015-07-01 01:50:18,849 Starting Training from 2015-01-01 to 2015-01-31
2015-07-01 02:11:50,122 Starting Live from 2015-02-01 to 2015-03-03
2015-07-01 02:11:53,884 Starting Live from 2015-02-01 to 2015-03-03
2015-07-01 02:12:00,696 Starting Live from 2015-02-01 to 2015-03-03
2015-07-01 02:27:50,890 Starting Training from 2015-02-01 to 2015-03-03
2015-07-01 02:30:08,367 Starting Live from 2015-03-04 to 2015-04-03
2015-07-01 02:30:40,275 Starting Training from 2015-02-01 to 2015-03-03
2015-07-01 02:30:50,206 Starting Training from 2015-02-01 to 2015-03-03
2015-07-01 02:32:02,198 Starting Live from 2015-03-04 to 2015-04-03
2015-07-01 02:32:12,877 Starting Live from 2015-03-04 to 2015-04-03
2015-07-01 02:36:35,280 Starting Training from 2015-03-04 to 2015-04-03
2015-07-01 02:45:59,885 Starting Live from 2015-04-04 to 2015-04-10
2015-07-01 02:48:51,914 Starting Training from 2015-03-04 to 2015-04-03
2015-07-01 02:49:04,162 Starting Training from 2015-03-04 to 2015-04-03
2015-07-01 02:49:48,102 Starting Q Learning for : 
2015-07-01 02:49:48,102 alpha = 0.6
2015-07-01 02:49:48,102 gamma = 0.8
2015-07-01 02:49:48,102 individual factor = 10
2015-07-01 02:49:48,102 zero range = 0.002
2015-07-01 02:49:48,102 greedy level = 5
2015-07-01 02:49:48,102 

2015-07-01 02:49:48,501 Starting Training from 2015-01-01 to 2015-01-31
2015-07-01 02:50:19,944 Starting Live from 2015-04-04 to 2015-04-10
2015-07-01 02:50:33,257 Starting Live from 2015-04-04 to 2015-04-10
2015-07-01 02:54:34,814 Starting Q Learning for : 
2015-07-01 02:54:34,814 alpha = 0.5
2015-07-01 02:54:34,814 gamma = 0.2
2015-07-01 02:54:34,814 individual factor = 10
2015-07-01 02:54:34,814 zero range = 0.006
2015-07-01 02:54:34,814 greedy level = 5
2015-07-01 02:54:34,814 

2015-07-01 02:54:35,812 Starting Training from 2015-01-01 to 2015-01-31
2015-07-01 02:54:47,595 Starting Q Learning for : 
2015-07-01 02:54:47,595 alpha = 0.2
2015-07-01 02:54:47,595 gamma = 0.4
2015-07-01 02:54:47,595 individual factor = 10
2015-07-01 02:54:47,595 zero range = 0.006
2015-07-01 02:54:47,595 greedy level = 5
2015-07-01 02:54:47,595 

2015-07-01 02:54:48,596 Starting Training from 2015-01-01 to 2015-01-31
2015-07-01 03:08:31,103 Starting Live from 2015-02-01 to 2015-03-03
2015-07-01 03:13:44,378 Starting Live from 2015-02-01 to 2015-03-03
2015-07-01 03:14:01,414 Starting Live from 2015-02-01 to 2015-03-03
2015-07-01 03:24:16,528 Starting Training from 2015-02-01 to 2015-03-03
2015-07-01 03:25:43,929 Starting Live from 2015-03-04 to 2015-04-03
2015-07-01 03:29:54,775 Starting Training from 2015-03-04 to 2015-04-03
2015-07-01 03:31:52,087 Starting Training from 2015-02-01 to 2015-03-03
2015-07-01 03:32:08,497 Starting Training from 2015-02-01 to 2015-03-03
2015-07-01 03:33:20,369 Starting Live from 2015-03-04 to 2015-04-03
2015-07-01 03:33:33,851 Starting Live from 2015-03-04 to 2015-04-03
2015-07-01 03:41:21,457 Starting Live from 2015-04-04 to 2015-04-10
2015-07-01 03:44:56,032 Starting Q Learning for : 
2015-07-01 03:44:56,032 alpha = 0.8
2015-07-01 03:44:56,032 gamma = 0.1
2015-07-01 03:44:56,033 individual factor = 10
2015-07-01 03:44:56,033 zero range = 0.002
2015-07-01 03:44:56,033 greedy level = 5
2015-07-01 03:44:56,033 

2015-07-01 03:44:57,173 Starting Training from 2015-01-01 to 2015-01-31
2015-07-01 03:50:09,013 Starting Training from 2015-03-04 to 2015-04-03
2015-07-01 03:50:19,919 Starting Training from 2015-03-04 to 2015-04-03
2015-07-01 03:51:39,686 Starting Live from 2015-04-04 to 2015-04-10
2015-07-01 03:51:51,381 Starting Live from 2015-04-04 to 2015-04-10
2015-07-01 03:57:15,564 Starting Q Learning for : 
2015-07-01 03:57:15,564 alpha = 0.5
2015-07-01 03:57:15,564 gamma = 0.3
2015-07-01 03:57:15,564 individual factor = 10
2015-07-01 03:57:15,564 zero range = 0.006
2015-07-01 03:57:15,564 greedy level = 5
2015-07-01 03:57:15,564 

2015-07-01 03:57:17,713 Starting Training from 2015-01-01 to 2015-01-31
2015-07-01 03:57:24,573 Starting Q Learning for : 
2015-07-01 03:57:24,573 alpha = 0.2
2015-07-01 03:57:24,573 gamma = 0.5
2015-07-01 03:57:24,573 individual factor = 10
2015-07-01 03:57:24,573 zero range = 0.006
2015-07-01 03:57:24,573 greedy level = 5
2015-07-01 03:57:24,573 

2015-07-01 03:57:25,825 Starting Training from 2015-01-01 to 2015-01-31
2015-07-01 04:02:40,467 Starting Live from 2015-02-01 to 2015-03-03
2015-07-01 04:15:18,981 Starting Live from 2015-02-01 to 2015-03-03
2015-07-01 04:15:30,150 Starting Live from 2015-02-01 to 2015-03-03
2015-07-01 04:21:19,431 Starting Training from 2015-02-01 to 2015-03-03
2015-07-01 04:23:09,477 Starting Live from 2015-03-04 to 2015-04-03
2015-07-01 04:34:37,694 Starting Training from 2015-02-01 to 2015-03-03
2015-07-01 04:34:50,424 Starting Training from 2015-02-01 to 2015-03-03
2015-07-01 04:35:59,569 Starting Live from 2015-03-04 to 2015-04-03
2015-07-01 04:36:13,451 Starting Live from 2015-03-04 to 2015-04-03
2015-07-01 04:40:26,119 Starting Training from 2015-03-04 to 2015-04-03
2015-07-01 04:41:48,668 Starting Live from 2015-04-04 to 2015-04-10
2015-07-01 04:47:50,687 Starting Q Learning for : 
2015-07-01 04:47:50,687 alpha = 0.8
2015-07-01 04:47:50,687 gamma = 0.2
2015-07-01 04:47:50,687 individual factor = 10
2015-07-01 04:47:50,687 zero range = 0.002
2015-07-01 04:47:50,687 greedy level = 5
2015-07-01 04:47:50,687 

2015-07-01 04:47:51,381 Starting Training from 2015-01-01 to 2015-01-31
2015-07-01 04:52:41,415 Starting Training from 2015-03-04 to 2015-04-03
2015-07-01 04:52:41,564 Starting Training from 2015-03-04 to 2015-04-03
2015-07-01 04:54:07,429 Starting Live from 2015-04-04 to 2015-04-10
2015-07-01 04:54:23,586 Starting Live from 2015-04-04 to 2015-04-10
2015-07-01 04:58:20,250 Starting Q Learning for : 
2015-07-01 04:58:20,250 alpha = 0.5
2015-07-01 04:58:20,250 gamma = 0.4
2015-07-01 04:58:20,250 individual factor = 10
2015-07-01 04:58:20,250 zero range = 0.006
2015-07-01 04:58:20,250 greedy level = 5
2015-07-01 04:58:20,250 

2015-07-01 04:58:20,787 Starting Training from 2015-01-01 to 2015-01-31
2015-07-01 04:58:29,514 Starting Q Learning for : 
2015-07-01 04:58:29,514 alpha = 0.2
2015-07-01 04:58:29,514 gamma = 0.6
2015-07-01 04:58:29,514 individual factor = 10
2015-07-01 04:58:29,514 zero range = 0.006
2015-07-01 04:58:29,515 greedy level = 5
2015-07-01 04:58:29,515 

2015-07-01 04:58:30,459 Starting Training from 2015-01-01 to 2015-01-31
2015-07-01 05:05:48,067 Starting Live from 2015-02-01 to 2015-03-03
2015-07-01 05:16:32,746 Starting Live from 2015-02-01 to 2015-03-03
2015-07-01 05:16:43,235 Starting Live from 2015-02-01 to 2015-03-03
2015-07-01 05:23:56,214 Starting Training from 2015-02-01 to 2015-03-03
2015-07-01 05:25:19,759 Starting Live from 2015-03-04 to 2015-04-03
2015-07-01 05:34:29,342 Starting Training from 2015-02-01 to 2015-03-03
2015-07-01 05:34:29,809 Starting Training from 2015-02-01 to 2015-03-03
2015-07-01 05:37:53,001 Starting Live from 2015-03-04 to 2015-04-03
2015-07-01 05:37:55,396 Starting Live from 2015-03-04 to 2015-04-03
2015-07-01 05:41:53,166 Starting Training from 2015-03-04 to 2015-04-03
2015-07-01 05:43:12,466 Starting Live from 2015-04-04 to 2015-04-10
2015-07-01 05:47:20,826 Starting Q Learning for : 
2015-07-01 05:47:20,826 alpha = 0.8
2015-07-01 05:47:20,826 gamma = 0.3
2015-07-01 05:47:20,826 individual factor = 10
2015-07-01 05:47:20,826 zero range = 0.002
2015-07-01 05:47:20,826 greedy level = 5
2015-07-01 05:47:20,826 

2015-07-01 05:47:21,522 Starting Training from 2015-01-01 to 2015-01-31
2015-07-01 05:52:21,137 Starting Training from 2015-03-04 to 2015-04-03
2015-07-01 05:53:13,980 Starting Training from 2015-03-04 to 2015-04-03
2015-07-01 05:56:23,618 Starting Live from 2015-04-04 to 2015-04-10
2015-07-01 05:56:34,696 Starting Live from 2015-04-04 to 2015-04-10
2015-07-01 06:00:31,170 Starting Q Learning for : 
2015-07-01 06:00:31,171 alpha = 0.2
2015-07-01 06:00:31,171 gamma = 0.7
2015-07-01 06:00:31,171 individual factor = 10
2015-07-01 06:00:31,171 zero range = 0.006
2015-07-01 06:00:31,171 greedy level = 5
2015-07-01 06:00:31,171 

2015-07-01 06:00:31,683 Starting Training from 2015-01-01 to 2015-01-31
2015-07-01 06:00:44,253 Starting Q Learning for : 
2015-07-01 06:00:44,253 alpha = 0.5
2015-07-01 06:00:44,253 gamma = 0.5
2015-07-01 06:00:44,253 individual factor = 10
2015-07-01 06:00:44,253 zero range = 0.006
2015-07-01 06:00:44,253 greedy level = 5
2015-07-01 06:00:44,254 

2015-07-01 06:00:44,994 Starting Training from 2015-01-01 to 2015-01-31
2015-07-01 06:05:33,360 Starting Live from 2015-02-01 to 2015-03-03
2015-07-01 06:19:59,583 Starting Live from 2015-02-01 to 2015-03-03
2015-07-01 06:20:22,810 Starting Live from 2015-02-01 to 2015-03-03
2015-07-01 06:24:41,738 Starting Training from 2015-02-01 to 2015-03-03
2015-07-01 06:27:19,380 Starting Live from 2015-03-04 to 2015-04-03
2015-07-01 06:36:12,723 Starting Training from 2015-02-01 to 2015-03-03
2015-07-01 06:37:40,794 Starting Live from 2015-03-04 to 2015-04-03
2015-07-01 06:38:50,875 Starting Training from 2015-02-01 to 2015-03-03
2015-07-01 06:40:17,896 Starting Live from 2015-03-04 to 2015-04-03
2015-07-01 06:44:16,063 Starting Training from 2015-03-04 to 2015-04-03
2015-07-01 06:45:38,670 Starting Training from 2015-03-04 to 2015-04-03
2015-07-01 06:46:40,200 Starting Live from 2015-04-04 to 2015-04-10
2015-07-01 06:51:06,030 Starting Q Learning for : 
2015-07-01 06:51:06,030 alpha = 0.8
2015-07-01 06:51:06,031 gamma = 0.4
2015-07-01 06:51:06,031 individual factor = 10
2015-07-01 06:51:06,031 zero range = 0.002
2015-07-01 06:51:06,031 greedy level = 5
2015-07-01 06:51:06,031 

2015-07-01 06:51:07,999 Starting Training from 2015-01-01 to 2015-01-31
2015-07-01 06:53:25,395 Starting Live from 2015-04-04 to 2015-04-10
2015-07-01 06:56:34,198 Starting Training from 2015-03-04 to 2015-04-03
2015-07-01 06:57:02,482 Starting Q Learning for : 
2015-07-01 06:57:02,482 alpha = 0.2
2015-07-01 06:57:02,482 gamma = 0.8
2015-07-01 06:57:02,482 individual factor = 10
2015-07-01 06:57:02,482 zero range = 0.006
2015-07-01 06:57:02,482 greedy level = 5
2015-07-01 06:57:02,483 

2015-07-01 06:57:03,412 Starting Training from 2015-01-01 to 2015-01-31
2015-07-01 06:58:15,161 Starting Live from 2015-04-04 to 2015-04-10
2015-07-01 07:04:26,702 Starting Q Learning for : 
2015-07-01 07:04:26,702 alpha = 0.5
2015-07-01 07:04:26,702 gamma = 0.6
2015-07-01 07:04:26,702 individual factor = 10
2015-07-01 07:04:26,702 zero range = 0.006
2015-07-01 07:04:26,703 greedy level = 5
2015-07-01 07:04:26,703 

2015-07-01 07:04:28,137 Starting Training from 2015-01-01 to 2015-01-31
2015-07-01 07:09:11,827 Starting Live from 2015-02-01 to 2015-03-03
2015-07-01 07:15:09,684 Starting Live from 2015-02-01 to 2015-03-03
2015-07-01 07:22:18,419 Starting Live from 2015-02-01 to 2015-03-03
2015-07-01 07:26:58,623 Starting Training from 2015-02-01 to 2015-03-03
2015-07-01 07:28:27,407 Starting Live from 2015-03-04 to 2015-04-03
2015-07-01 07:30:03,835 Starting Training from 2015-02-01 to 2015-03-03
2015-07-01 07:31:46,457 Starting Live from 2015-03-04 to 2015-04-03
2015-07-01 07:37:17,449 Starting Training from 2015-03-04 to 2015-04-03
2015-07-01 07:40:05,702 Starting Training from 2015-02-01 to 2015-03-03
2015-07-01 07:41:31,528 Starting Live from 2015-03-04 to 2015-04-03
2015-07-01 07:44:54,829 Starting Training from 2015-03-04 to 2015-04-03
2015-07-01 07:46:20,574 Starting Live from 2015-04-04 to 2015-04-10
2015-07-01 07:46:33,781 Starting Live from 2015-04-04 to 2015-04-10
2015-07-01 07:50:05,943 Starting Q Learning for : 
2015-07-01 07:50:05,943 alpha = 0.4
2015-07-01 07:50:05,943 gamma = 0.1
2015-07-01 07:50:05,943 individual factor = 10
2015-07-01 07:50:05,943 zero range = 0.006
2015-07-01 07:50:05,943 greedy level = 5
2015-07-01 07:50:05,943 

2015-07-01 07:50:07,059 Starting Training from 2015-01-01 to 2015-01-31
2015-07-01 07:50:44,887 Starting Q Learning for : 
2015-07-01 07:50:44,887 alpha = 0.8
2015-07-01 07:50:44,888 gamma = 0.5
2015-07-01 07:50:44,888 individual factor = 10
2015-07-01 07:50:44,888 zero range = 0.002
2015-07-01 07:50:44,888 greedy level = 5
2015-07-01 07:50:44,888 

2015-07-01 07:50:47,328 Starting Training from 2015-01-01 to 2015-01-31
2015-07-01 07:57:28,778 Starting Training from 2015-03-04 to 2015-04-03
2015-07-01 07:59:09,398 Starting Live from 2015-04-04 to 2015-04-10
2015-07-01 08:03:09,782 Starting Q Learning for : 
2015-07-01 08:03:09,782 alpha = 0.5
2015-07-01 08:03:09,782 gamma = 0.7
2015-07-01 08:03:09,782 individual factor = 10
2015-07-01 08:03:09,782 zero range = 0.006
2015-07-01 08:03:09,782 greedy level = 5
2015-07-01 08:03:09,782 

2015-07-01 08:03:10,607 Starting Training from 2015-01-01 to 2015-01-31
2015-07-01 08:08:08,009 Starting Live from 2015-02-01 to 2015-03-03
2015-07-01 08:08:46,060 Starting Live from 2015-02-01 to 2015-03-03
2015-07-01 08:21:02,915 Starting Live from 2015-02-01 to 2015-03-03
2015-07-01 08:26:59,209 Starting Training from 2015-02-01 to 2015-03-03
2015-07-01 08:27:51,129 Starting Training from 2015-02-01 to 2015-03-03
2015-07-01 08:29:34,704 Starting Live from 2015-03-04 to 2015-04-03
2015-07-01 08:30:02,536 Starting Live from 2015-03-04 to 2015-04-03
2015-07-01 08:36:49,332 Starting Training from 2015-02-01 to 2015-03-03
2015-07-01 08:38:14,472 Starting Live from 2015-03-04 to 2015-04-03
2015-07-01 08:46:02,300 Starting Training from 2015-03-04 to 2015-04-03
2015-07-01 08:46:25,808 Starting Training from 2015-03-04 to 2015-04-03
2015-07-01 08:46:37,405 Starting Training from 2015-03-04 to 2015-04-03
2015-07-01 08:47:38,145 Starting Live from 2015-04-04 to 2015-04-10
2015-07-01 08:48:02,610 Starting Live from 2015-04-04 to 2015-04-10
2015-07-01 08:51:45,840 Starting Q Learning for : 
2015-07-01 08:51:45,840 alpha = 0.4
2015-07-01 08:51:45,840 gamma = 0.2
2015-07-01 08:51:45,840 individual factor = 10
2015-07-01 08:51:45,840 zero range = 0.006
2015-07-01 08:51:45,840 greedy level = 5
2015-07-01 08:51:45,840 

2015-07-01 08:51:46,680 Starting Training from 2015-01-01 to 2015-01-31
2015-07-01 08:52:07,636 Starting Q Learning for : 
2015-07-01 08:52:07,636 alpha = 0.8
2015-07-01 08:52:07,637 gamma = 0.6
2015-07-01 08:52:07,637 individual factor = 10
2015-07-01 08:52:07,637 zero range = 0.002
2015-07-01 08:52:07,637 greedy level = 5
2015-07-01 08:52:07,637 

2015-07-01 08:52:07,950 Starting Training from 2015-01-01 to 2015-01-31
2015-07-01 08:53:53,007 Starting Live from 2015-04-04 to 2015-04-10
2015-07-01 08:57:37,220 Starting Q Learning for : 
2015-07-01 08:57:37,220 alpha = 0.5
2015-07-01 08:57:37,220 gamma = 0.8
2015-07-01 08:57:37,220 individual factor = 10
2015-07-01 08:57:37,220 zero range = 0.006
2015-07-01 08:57:37,220 greedy level = 5
2015-07-01 08:57:37,221 

2015-07-01 08:57:37,569 Starting Training from 2015-01-01 to 2015-01-31
2015-07-01 09:09:42,796 Starting Live from 2015-02-01 to 2015-03-03
2015-07-01 09:10:05,267 Starting Live from 2015-02-01 to 2015-03-03
2015-07-01 09:15:23,532 Starting Live from 2015-02-01 to 2015-03-03
2015-07-01 09:27:13,932 Starting Training from 2015-02-01 to 2015-03-03
2015-07-01 09:27:29,022 Starting Training from 2015-02-01 to 2015-03-03
2015-07-01 09:28:37,597 Starting Live from 2015-03-04 to 2015-04-03
2015-07-01 09:28:53,540 Starting Live from 2015-03-04 to 2015-04-03
2015-07-01 09:30:08,986 Starting Training from 2015-02-01 to 2015-03-03
2015-07-01 09:31:35,281 Starting Live from 2015-03-04 to 2015-04-03
2015-07-01 09:36:19,906 Starting Training from 2015-03-04 to 2015-04-03
2015-07-01 09:45:11,163 Starting Training from 2015-03-04 to 2015-04-03
2015-07-01 09:45:20,390 Starting Training from 2015-03-04 to 2015-04-03
2015-07-01 09:46:35,918 Starting Live from 2015-04-04 to 2015-04-10
2015-07-01 09:46:58,218 Starting Live from 2015-04-04 to 2015-04-10
2015-07-01 09:47:03,307 Starting Live from 2015-04-04 to 2015-04-10
2015-07-01 09:50:28,350 Starting Q Learning for : 
2015-07-01 09:50:28,351 alpha = 0.2
2015-07-01 09:50:28,351 gamma = 0.1
2015-07-01 09:50:28,351 individual factor = 10
2015-07-01 09:50:28,351 zero range = 0.006
2015-07-01 09:50:28,351 greedy level = 5
2015-07-01 09:50:28,351 

2015-07-01 09:50:28,904 Starting Training from 2015-01-01 to 2015-01-31
2015-07-01 09:50:45,279 Starting Q Learning for : 
2015-07-01 09:50:45,279 alpha = 0.4
2015-07-01 09:50:45,279 gamma = 0.3
2015-07-01 09:50:45,279 individual factor = 10
2015-07-01 09:50:45,279 zero range = 0.006
2015-07-01 09:50:45,279 greedy level = 5
2015-07-01 09:50:45,279 

2015-07-01 09:50:45,557 Starting Training from 2015-01-01 to 2015-01-31
2015-07-01 09:51:14,960 Starting Q Learning for : 
2015-07-01 09:51:14,960 alpha = 0.8
2015-07-01 09:51:14,960 gamma = 0.7
2015-07-01 09:51:14,960 individual factor = 10
2015-07-01 09:51:14,960 zero range = 0.002
2015-07-01 09:51:14,960 greedy level = 5
2015-07-01 09:51:14,960 

2015-07-01 09:51:15,618 Starting Training from 2015-01-01 to 2015-01-31
2015-07-01 10:08:06,468 Starting Live from 2015-02-01 to 2015-03-03
2015-07-01 10:08:18,927 Starting Live from 2015-02-01 to 2015-03-03
2015-07-01 10:09:04,557 Starting Live from 2015-02-01 to 2015-03-03
2015-07-01 10:25:08,548 Starting Training from 2015-02-01 to 2015-03-03
2015-07-01 10:26:16,528 Starting Training from 2015-02-01 to 2015-03-03
2015-07-01 10:26:33,206 Starting Live from 2015-03-04 to 2015-04-03
2015-07-01 10:26:35,524 Starting Training from 2015-02-01 to 2015-03-03
2015-07-01 10:27:40,364 Starting Live from 2015-03-04 to 2015-04-03
2015-07-01 10:27:58,320 Starting Live from 2015-03-04 to 2015-04-03
2015-07-01 10:34:56,054 Starting Training from 2015-03-04 to 2015-04-03
2015-07-01 10:42:50,105 Starting Live from 2015-04-04 to 2015-04-10
2015-07-01 10:44:44,354 Starting Training from 2015-03-04 to 2015-04-03
2015-07-01 10:45:02,908 Starting Training from 2015-03-04 to 2015-04-03
2015-07-01 10:46:56,402 Starting Live from 2015-04-04 to 2015-04-10
2015-07-01 10:47:21,634 Starting Q Learning for : 
2015-07-01 10:47:21,634 alpha = 0.8
2015-07-01 10:47:21,634 gamma = 0.8
2015-07-01 10:47:21,634 individual factor = 10
2015-07-01 10:47:21,634 zero range = 0.002
2015-07-01 10:47:21,634 greedy level = 5
2015-07-01 10:47:21,634 

2015-07-01 10:47:22,914 Starting Training from 2015-01-01 to 2015-01-31
2015-07-01 10:47:48,239 Starting Live from 2015-04-04 to 2015-04-10
2015-07-01 10:52:41,460 Starting Q Learning for : 
2015-07-01 10:52:41,460 alpha = 0.2
2015-07-01 10:52:41,461 gamma = 0.2
2015-07-01 10:52:41,461 individual factor = 10
2015-07-01 10:52:41,461 zero range = 0.006
2015-07-01 10:52:41,461 greedy level = 5
2015-07-01 10:52:41,461 

2015-07-01 10:52:42,917 Starting Training from 2015-01-01 to 2015-01-31
2015-07-01 10:53:06,838 Starting Q Learning for : 
2015-07-01 10:53:06,838 alpha = 0.4
2015-07-01 10:53:06,838 gamma = 0.4
2015-07-01 10:53:06,838 individual factor = 10
2015-07-01 10:53:06,839 zero range = 0.006
2015-07-01 10:53:06,839 greedy level = 5
2015-07-01 10:53:06,839 

2015-07-01 10:53:07,528 Starting Training from 2015-01-01 to 2015-01-31
2015-07-01 11:06:38,979 Starting Live from 2015-02-01 to 2015-03-03
2015-07-01 11:10:18,627 Starting Live from 2015-02-01 to 2015-03-03
2015-07-01 11:10:45,918 Starting Live from 2015-02-01 to 2015-03-03
2015-07-01 11:19:21,860 Starting Training from 2015-02-01 to 2015-03-03
2015-07-01 11:22:16,673 Starting Live from 2015-03-04 to 2015-04-03
2015-07-01 11:27:20,424 Starting Training from 2015-03-04 to 2015-04-03
2015-07-01 11:28:05,527 Starting Training from 2015-02-01 to 2015-03-03
2015-07-01 11:28:29,757 Starting Training from 2015-02-01 to 2015-03-03
2015-07-01 11:29:32,457 Starting Live from 2015-03-04 to 2015-04-03
2015-07-01 11:29:57,784 Starting Live from 2015-03-04 to 2015-04-03
2015-07-01 11:36:43,254 Starting Live from 2015-04-04 to 2015-04-10
2015-07-01 11:42:11,423 Starting Q Learning for : 
2015-07-01 11:42:11,423 alpha = 0.4
2015-07-01 11:42:11,423 gamma = 0.5
2015-07-01 11:42:11,423 individual factor = 10
2015-07-01 11:42:11,423 zero range = 0.006
2015-07-01 11:42:11,423 greedy level = 5
2015-07-01 11:42:11,423 

2015-07-01 11:42:11,779 Starting Training from 2015-01-01 to 2015-01-31
2015-07-01 11:45:58,501 Starting Training from 2015-03-04 to 2015-04-03
2015-07-01 11:46:04,395 Starting Training from 2015-03-04 to 2015-04-03
2015-07-01 11:47:29,761 Starting Live from 2015-04-04 to 2015-04-10
2015-07-01 11:47:49,649 Starting Live from 2015-04-04 to 2015-04-10
2015-07-01 11:51:33,821 Starting Q Learning for : 
2015-07-01 11:51:33,822 alpha = 0.6
2015-07-01 11:51:33,822 gamma = 0.7
2015-07-01 11:51:33,822 individual factor = 10
2015-07-01 11:51:33,822 zero range = 0.006
2015-07-01 11:51:33,822 greedy level = 5
2015-07-01 11:51:33,822 

2015-07-01 11:51:34,557 Starting Training from 2015-01-01 to 2015-01-31
2015-07-01 11:51:56,688 Starting Q Learning for : 
2015-07-01 11:51:56,688 alpha = 0.5
2015-07-01 11:51:56,688 gamma = 0.1
2015-07-01 11:51:56,688 individual factor = 10
2015-07-01 11:51:56,688 zero range = 0.01
2015-07-01 11:51:56,688 greedy level = 5
2015-07-01 11:51:56,688 

2015-07-01 11:51:57,488 Starting Training from 2015-01-01 to 2015-01-31
2015-07-01 11:59:55,952 Starting Live from 2015-02-01 to 2015-03-03
2015-07-01 12:09:01,026 Starting Live from 2015-02-01 to 2015-03-03
2015-07-01 12:09:22,310 Starting Live from 2015-02-01 to 2015-03-03
2015-07-01 12:17:21,907 Starting Training from 2015-02-01 to 2015-03-03
2015-07-01 12:18:48,519 Starting Live from 2015-03-04 to 2015-04-03
2015-07-01 12:24:22,827 Starting Training from 2015-02-01 to 2015-03-03
2015-07-01 12:25:51,730 Starting Live from 2015-03-04 to 2015-04-03
2015-07-01 12:27:03,232 Starting Training from 2015-02-01 to 2015-03-03
2015-07-01 12:28:28,241 Starting Live from 2015-03-04 to 2015-04-03
2015-07-01 12:33:13,738 Starting Training from 2015-03-04 to 2015-04-03
2015-07-01 12:34:26,860 Starting Training from 2015-03-04 to 2015-04-03
2015-07-01 12:36:12,445 Starting Live from 2015-04-04 to 2015-04-10
2015-07-01 12:40:16,255 Starting Q Learning for : 
2015-07-01 12:40:16,255 alpha = 0.4
2015-07-01 12:40:16,255 gamma = 0.6
2015-07-01 12:40:16,255 individual factor = 10
2015-07-01 12:40:16,256 zero range = 0.006
2015-07-01 12:40:16,256 greedy level = 5
2015-07-01 12:40:16,256 

2015-07-01 12:40:17,555 Starting Training from 2015-01-01 to 2015-01-31
2015-07-01 12:40:58,870 Starting Live from 2015-04-04 to 2015-04-10
2015-07-01 12:44:24,561 Starting Training from 2015-03-04 to 2015-04-03
2015-07-01 12:44:41,758 Starting Q Learning for : 
2015-07-01 12:44:41,758 alpha = 0.6
2015-07-01 12:44:41,758 gamma = 0.8
2015-07-01 12:44:41,758 individual factor = 10
2015-07-01 12:44:41,759 zero range = 0.006
2015-07-01 12:44:41,759 greedy level = 5
2015-07-01 12:44:41,759 

2015-07-01 12:44:42,816 Starting Training from 2015-01-01 to 2015-01-31
2015-07-01 12:45:51,689 Starting Live from 2015-04-04 to 2015-04-10
2015-07-01 12:52:07,019 Starting Q Learning for : 
2015-07-01 12:52:07,019 alpha = 0.5
2015-07-01 12:52:07,019 gamma = 0.2
2015-07-01 12:52:07,019 individual factor = 10
2015-07-01 12:52:07,019 zero range = 0.01
2015-07-01 12:52:07,019 greedy level = 5
2015-07-01 12:52:07,019 

2015-07-01 12:52:07,456 Starting Training from 2015-01-01 to 2015-01-31
2015-07-01 12:58:11,180 Starting Live from 2015-02-01 to 2015-03-03
2015-07-01 13:02:36,169 Starting Live from 2015-02-01 to 2015-03-03
2015-07-01 13:09:46,797 Starting Live from 2015-02-01 to 2015-03-03
2015-07-01 13:15:45,730 Starting Training from 2015-02-01 to 2015-03-03
2015-07-01 13:17:09,827 Starting Live from 2015-03-04 to 2015-04-03
2015-07-01 13:17:13,486 Starting Training from 2015-02-01 to 2015-03-03
2015-07-01 13:18:41,227 Starting Live from 2015-03-04 to 2015-04-03
2015-07-01 13:22:47,390 Starting Training from 2015-03-04 to 2015-04-03
2015-07-01 13:27:32,406 Starting Training from 2015-02-01 to 2015-03-03
2015-07-01 13:29:00,141 Starting Live from 2015-03-04 to 2015-04-03
2015-07-01 13:33:13,740 Starting Training from 2015-03-04 to 2015-04-03
2015-07-01 13:33:49,380 Starting Live from 2015-04-04 to 2015-04-10
2015-07-01 13:34:44,353 Starting Live from 2015-04-04 to 2015-04-10
2015-07-01 13:37:08,164 Starting Q Learning for : 
2015-07-01 13:37:08,164 alpha = 0.8
2015-07-01 13:37:08,164 gamma = 0.1
2015-07-01 13:37:08,164 individual factor = 10
2015-07-01 13:37:08,164 zero range = 0.006
2015-07-01 13:37:08,164 greedy level = 5
2015-07-01 13:37:08,164 

2015-07-01 13:37:08,712 Starting Training from 2015-01-01 to 2015-01-31
2015-07-01 13:38:46,188 Starting Q Learning for : 
2015-07-01 13:38:46,189 alpha = 0.4
2015-07-01 13:38:46,189 gamma = 0.7
2015-07-01 13:38:46,189 individual factor = 10
2015-07-01 13:38:46,189 zero range = 0.006
2015-07-01 13:38:46,189 greedy level = 5
2015-07-01 13:38:46,189 

2015-07-01 13:38:46,564 Starting Training from 2015-01-01 to 2015-01-31
2015-07-01 13:45:03,789 Starting Training from 2015-03-04 to 2015-04-03
2015-07-01 13:46:33,806 Starting Live from 2015-04-04 to 2015-04-10
2015-07-01 13:50:33,909 Starting Q Learning for : 
2015-07-01 13:50:33,909 alpha = 0.5
2015-07-01 13:50:33,909 gamma = 0.3
2015-07-01 13:50:33,909 individual factor = 10
2015-07-01 13:50:33,909 zero range = 0.01
2015-07-01 13:50:33,909 greedy level = 5
2015-07-01 13:50:33,909 

2015-07-01 13:50:35,589 Starting Training from 2015-01-01 to 2015-01-31
2015-07-01 13:54:32,531 Starting Live from 2015-02-01 to 2015-03-03
2015-07-01 13:56:19,823 Starting Live from 2015-02-01 to 2015-03-03
2015-07-01 14:07:52,463 Starting Live from 2015-02-01 to 2015-03-03
2015-07-01 14:11:32,345 Starting Training from 2015-02-01 to 2015-03-03
2015-07-01 14:11:41,008 Starting Training from 2015-02-01 to 2015-03-03
2015-07-01 14:12:56,485 Starting Live from 2015-03-04 to 2015-04-03
2015-07-01 14:13:06,631 Starting Live from 2015-03-04 to 2015-04-03
2015-07-01 14:21:12,646 Starting Training from 2015-03-04 to 2015-04-03
2015-07-01 14:25:35,537 Starting Training from 2015-02-01 to 2015-03-03
2015-07-01 14:27:02,313 Starting Live from 2015-03-04 to 2015-04-03
2015-07-01 14:28:30,819 Starting Live from 2015-04-04 to 2015-04-10
2015-07-01 14:29:38,166 Starting Training from 2015-03-04 to 2015-04-03
2015-07-01 14:31:05,836 Starting Live from 2015-04-04 to 2015-04-10
2015-07-01 14:32:05,431 Starting Q Learning for : 
2015-07-01 14:32:05,432 alpha = 0.4
2015-07-01 14:32:05,432 gamma = 0.8
2015-07-01 14:32:05,432 individual factor = 10
2015-07-01 14:32:05,432 zero range = 0.006
2015-07-01 14:32:05,432 greedy level = 5
2015-07-01 14:32:05,432 

2015-07-01 14:32:05,708 Starting Training from 2015-01-01 to 2015-01-31
2015-07-01 14:36:38,269 Starting Q Learning for : 
2015-07-01 14:36:38,269 alpha = 0.8
2015-07-01 14:36:38,269 gamma = 0.2
2015-07-01 14:36:38,269 individual factor = 10
2015-07-01 14:36:38,269 zero range = 0.006
2015-07-01 14:36:38,270 greedy level = 5
2015-07-01 14:36:38,270 

2015-07-01 14:36:40,943 Starting Training from 2015-01-01 to 2015-01-31
2015-07-01 14:43:31,323 Starting Training from 2015-03-04 to 2015-04-03
2015-07-01 14:44:57,955 Starting Live from 2015-04-04 to 2015-04-10
2015-07-01 14:49:02,795 Starting Q Learning for : 
2015-07-01 14:49:02,795 alpha = 0.5
2015-07-01 14:49:02,795 gamma = 0.4
2015-07-01 14:49:02,795 individual factor = 10
2015-07-01 14:49:02,795 zero range = 0.01
2015-07-01 14:49:02,795 greedy level = 5
2015-07-01 14:49:02,795 

2015-07-01 14:49:03,575 Starting Training from 2015-01-01 to 2015-01-31
2015-07-01 14:50:05,807 Starting Live from 2015-02-01 to 2015-03-03
2015-07-01 14:54:27,214 Starting Live from 2015-02-01 to 2015-03-03
2015-07-01 15:04:25,640 Starting Training from 2015-02-01 to 2015-03-03
2015-07-01 15:05:52,253 Starting Live from 2015-03-04 to 2015-04-03
2015-07-01 15:06:33,299 Starting Live from 2015-02-01 to 2015-03-03
2015-07-01 15:12:02,898 Starting Training from 2015-03-04 to 2015-04-03
2015-07-01 15:12:26,287 Starting Training from 2015-02-01 to 2015-03-03
2015-07-01 15:13:55,865 Starting Live from 2015-03-04 to 2015-04-03
2015-07-01 15:21:18,000 Starting Live from 2015-04-04 to 2015-04-10
2015-07-01 15:24:09,161 Starting Training from 2015-02-01 to 2015-03-03
2015-07-01 15:24:35,452 Starting Q Learning for : 
2015-07-01 15:24:35,452 alpha = 0.6
2015-07-01 15:24:35,453 gamma = 0.1
2015-07-01 15:24:35,453 individual factor = 10
2015-07-01 15:24:35,453 zero range = 0.006
2015-07-01 15:24:35,453 greedy level = 5
2015-07-01 15:24:35,453 

2015-07-01 15:24:35,751 Starting Training from 2015-01-01 to 2015-01-31
2015-07-01 15:25:32,953 Starting Live from 2015-03-04 to 2015-04-03
2015-07-01 15:30:13,537 Starting Training from 2015-03-04 to 2015-04-03
2015-07-01 15:31:39,444 Starting Live from 2015-04-04 to 2015-04-10
2015-07-01 15:35:39,494 Starting Q Learning for : 
2015-07-01 15:35:39,494 alpha = 0.8
2015-07-01 15:35:39,494 gamma = 0.3
2015-07-01 15:35:39,494 individual factor = 10
2015-07-01 15:35:39,494 zero range = 0.006
2015-07-01 15:35:39,494 greedy level = 5
2015-07-01 15:35:39,494 

2015-07-01 15:35:40,184 Starting Training from 2015-01-01 to 2015-01-31
2015-07-01 15:41:46,491 Starting Training from 2015-03-04 to 2015-04-03
2015-07-01 15:42:22,931 Starting Live from 2015-02-01 to 2015-03-03
2015-07-01 15:43:12,928 Starting Live from 2015-04-04 to 2015-04-10
2015-07-01 15:49:23,698 Starting Q Learning for : 
2015-07-01 15:49:23,698 alpha = 0.5
2015-07-01 15:49:23,698 gamma = 0.5
2015-07-01 15:49:23,698 individual factor = 10
2015-07-01 15:49:23,698 zero range = 0.01
2015-07-01 15:49:23,698 greedy level = 5
2015-07-01 15:49:23,698 

2015-07-01 15:49:24,491 Starting Training from 2015-01-01 to 2015-01-31
2015-07-01 15:53:23,420 Starting Live from 2015-02-01 to 2015-03-03
2015-07-01 16:00:15,867 Starting Training from 2015-02-01 to 2015-03-03
2015-07-01 16:02:35,517 Starting Live from 2015-03-04 to 2015-04-03
2015-07-01 16:07:15,941 Starting Live from 2015-02-01 to 2015-03-03
2015-07-01 16:11:05,169 Starting Training from 2015-02-01 to 2015-03-03
2015-07-01 16:12:29,904 Starting Live from 2015-03-04 to 2015-04-03
2015-07-01 16:18:01,585 Starting Training from 2015-03-04 to 2015-04-03
2015-07-01 16:21:09,397 Starting Live from 2015-04-04 to 2015-04-10
2015-07-01 16:24:38,877 Starting Training from 2015-02-01 to 2015-03-03
2015-07-01 16:25:43,931 Starting Q Learning for : 
2015-07-01 16:25:43,931 alpha = 0.6
2015-07-01 16:25:43,931 gamma = 0.2
2015-07-01 16:25:43,931 individual factor = 10
2015-07-01 16:25:43,931 zero range = 0.006
2015-07-01 16:25:43,931 greedy level = 5
2015-07-01 16:25:43,931 

2015-07-01 16:25:44,664 Starting Training from 2015-01-01 to 2015-01-31
2015-07-01 16:26:04,254 Starting Live from 2015-03-04 to 2015-04-03
2015-07-01 16:28:34,488 Starting Training from 2015-03-04 to 2015-04-03
2015-07-01 16:29:57,709 Starting Live from 2015-04-04 to 2015-04-10
2015-07-01 16:33:57,892 Starting Q Learning for : 
2015-07-01 16:33:57,892 alpha = 0.8
2015-07-01 16:33:57,892 gamma = 0.4
2015-07-01 16:33:57,892 individual factor = 10
2015-07-01 16:33:57,892 zero range = 0.006
2015-07-01 16:33:57,892 greedy level = 5
2015-07-01 16:33:57,892 

2015-07-01 16:33:58,657 Starting Training from 2015-01-01 to 2015-01-31
2015-07-01 16:42:23,824 Starting Training from 2015-03-04 to 2015-04-03
2015-07-01 16:43:15,623 Starting Live from 2015-02-01 to 2015-03-03
2015-07-01 16:43:51,816 Starting Live from 2015-04-04 to 2015-04-10
2015-07-01 16:47:53,556 Starting Q Learning for : 
2015-07-01 16:47:53,556 alpha = 0.5
2015-07-01 16:47:53,556 gamma = 0.6
2015-07-01 16:47:53,556 individual factor = 10
2015-07-01 16:47:53,556 zero range = 0.01
2015-07-01 16:47:53,556 greedy level = 5
2015-07-01 16:47:53,556 

2015-07-01 16:47:54,429 Starting Training from 2015-01-01 to 2015-01-31
2015-07-01 16:51:48,462 Starting Live from 2015-02-01 to 2015-03-03
2015-07-01 17:00:51,128 Starting Training from 2015-02-01 to 2015-03-03
2015-07-01 17:02:19,058 Starting Live from 2015-03-04 to 2015-04-03
2015-07-01 17:05:57,003 Starting Live from 2015-02-01 to 2015-03-03
2015-07-01 17:09:51,237 Starting Training from 2015-02-01 to 2015-03-03
2015-07-01 17:11:50,514 Starting Live from 2015-03-04 to 2015-04-03
2015-07-01 17:19:00,858 Starting Training from 2015-03-04 to 2015-04-03
2015-07-01 17:20:23,472 Starting Live from 2015-04-04 to 2015-04-10
2015-07-01 17:23:43,923 Starting Training from 2015-02-01 to 2015-03-03
2015-07-01 17:24:22,448 Starting Q Learning for : 
2015-07-01 17:24:22,449 alpha = 0.6
2015-07-01 17:24:22,449 gamma = 0.3
2015-07-01 17:24:22,449 individual factor = 10
2015-07-01 17:24:22,449 zero range = 0.006
2015-07-01 17:24:22,449 greedy level = 5
2015-07-01 17:24:22,449 

2015-07-01 17:24:22,817 Starting Training from 2015-01-01 to 2015-01-31
2015-07-01 17:25:08,523 Starting Live from 2015-03-04 to 2015-04-03
2015-07-01 17:27:46,816 Starting Training from 2015-03-04 to 2015-04-03
2015-07-01 17:29:08,761 Starting Live from 2015-04-04 to 2015-04-10
2015-07-01 17:35:16,589 Starting Q Learning for : 
2015-07-01 17:35:16,589 alpha = 0.8
2015-07-01 17:35:16,589 gamma = 0.5
2015-07-01 17:35:16,589 individual factor = 10
2015-07-01 17:35:16,589 zero range = 0.006
2015-07-01 17:35:16,589 greedy level = 5
2015-07-01 17:35:16,589 

2015-07-01 17:35:18,492 Starting Training from 2015-01-01 to 2015-01-31
2015-07-01 17:41:04,441 Starting Training from 2015-03-04 to 2015-04-03
2015-07-01 17:42:01,145 Starting Live from 2015-02-01 to 2015-03-03
2015-07-01 17:42:41,787 Starting Live from 2015-04-04 to 2015-04-10
2015-07-01 17:46:50,580 Starting Q Learning for : 
2015-07-01 17:46:50,580 alpha = 0.5
2015-07-01 17:46:50,581 gamma = 0.7
2015-07-01 17:46:50,581 individual factor = 10
2015-07-01 17:46:50,581 zero range = 0.01
2015-07-01 17:46:50,581 greedy level = 5
2015-07-01 17:46:50,581 

2015-07-01 17:46:52,094 Starting Training from 2015-01-01 to 2015-01-31
2015-07-01 17:53:09,556 Starting Live from 2015-02-01 to 2015-03-03
2015-07-01 17:59:46,125 Starting Training from 2015-02-01 to 2015-03-03
2015-07-01 18:01:10,315 Starting Live from 2015-03-04 to 2015-04-03
2015-07-01 18:05:01,686 Starting Live from 2015-02-01 to 2015-03-03
2015-07-01 18:10:51,960 Starting Training from 2015-02-01 to 2015-03-03
2015-07-01 18:12:26,796 Starting Live from 2015-03-04 to 2015-04-03
2015-07-01 18:18:11,946 Starting Training from 2015-03-04 to 2015-04-03
2015-07-01 18:19:41,315 Starting Live from 2015-04-04 to 2015-04-10
2015-07-01 18:21:09,269 Starting Training from 2015-02-01 to 2015-03-03
2015-07-01 18:23:59,186 Starting Live from 2015-03-04 to 2015-04-03
2015-07-01 18:25:29,120 Starting Q Learning for : 
2015-07-01 18:25:29,120 alpha = 0.6
2015-07-01 18:25:29,120 gamma = 0.4
2015-07-01 18:25:29,120 individual factor = 10
2015-07-01 18:25:29,120 zero range = 0.006
2015-07-01 18:25:29,120 greedy level = 5
2015-07-01 18:25:29,120 

2015-07-01 18:25:29,534 Starting Training from 2015-01-01 to 2015-01-31
2015-07-01 18:29:00,581 Starting Training from 2015-03-04 to 2015-04-03
2015-07-01 18:30:20,105 Starting Live from 2015-04-04 to 2015-04-10
2015-07-01 18:30:55,631 Starting Training from 2015-03-04 to 2015-04-03
2015-07-01 18:34:19,556 Starting Q Learning for : 
2015-07-01 18:34:19,556 alpha = 0.8
2015-07-01 18:34:19,556 gamma = 0.6
2015-07-01 18:34:19,556 individual factor = 10
2015-07-01 18:34:19,556 zero range = 0.006
2015-07-01 18:34:19,556 greedy level = 5
2015-07-01 18:34:19,556 

2015-07-01 18:34:20,311 Starting Training from 2015-01-01 to 2015-01-31
2015-07-01 18:38:03,993 Starting Live from 2015-04-04 to 2015-04-10
2015-07-01 18:43:04,420 Starting Live from 2015-02-01 to 2015-03-03
2015-07-01 18:43:35,543 Starting Q Learning for : 
2015-07-01 18:43:35,543 alpha = 0.5
2015-07-01 18:43:35,543 gamma = 0.8
2015-07-01 18:43:35,544 individual factor = 10
2015-07-01 18:43:35,544 zero range = 0.01
2015-07-01 18:43:35,544 greedy level = 5
2015-07-01 18:43:35,544 

2015-07-01 18:43:35,875 Starting Training from 2015-01-01 to 2015-01-31
2015-07-01 18:52:19,175 Starting Live from 2015-02-01 to 2015-03-03
2015-07-01 19:01:27,197 Starting Training from 2015-02-01 to 2015-03-03
2015-07-01 19:02:05,157 Starting Live from 2015-02-01 to 2015-03-03
2015-07-01 19:02:53,418 Starting Live from 2015-03-04 to 2015-04-03
2015-07-01 19:10:37,174 Starting Training from 2015-02-01 to 2015-03-03
2015-07-01 19:11:58,572 Starting Live from 2015-03-04 to 2015-04-03
2015-07-01 19:15:20,260 Starting Training from 2015-02-01 to 2015-03-03
2015-07-01 19:18:29,785 Starting Live from 2015-03-04 to 2015-04-03
2015-07-01 19:18:54,383 Starting Training from 2015-03-04 to 2015-04-03
2015-07-01 19:20:31,729 Starting Live from 2015-04-04 to 2015-04-10
2015-07-01 19:22:41,102 Starting Training from 2015-03-04 to 2015-04-03
2015-07-01 19:24:36,694 Starting Q Learning for : 
2015-07-01 19:24:36,694 alpha = 0.6
2015-07-01 19:24:36,694 gamma = 0.5
2015-07-01 19:24:36,694 individual factor = 10
2015-07-01 19:24:36,694 zero range = 0.006
2015-07-01 19:24:36,694 greedy level = 5
2015-07-01 19:24:36,694 

2015-07-01 19:24:37,436 Starting Training from 2015-01-01 to 2015-01-31
2015-07-01 19:28:12,812 Starting Training from 2015-03-04 to 2015-04-03
2015-07-01 19:33:55,447 Starting Live from 2015-04-04 to 2015-04-10
2015-07-01 19:39:01,342 Starting Live from 2015-04-04 to 2015-04-10
2015-07-01 19:42:57,632 Starting Q Learning for : 
2015-07-01 19:42:57,632 alpha = 0.8
2015-07-01 19:42:57,632 gamma = 0.7
2015-07-01 19:42:57,632 individual factor = 10
2015-07-01 19:42:57,632 zero range = 0.006
2015-07-01 19:42:57,632 greedy level = 5
2015-07-01 19:42:57,632 

2015-07-01 19:42:57,923 Starting Training from 2015-01-01 to 2015-01-31
2015-07-01 19:44:01,206 Starting Q Learning for : 
2015-07-01 19:44:01,206 alpha = 0.2
2015-07-01 19:44:01,206 gamma = 0.1
2015-07-01 19:44:01,206 individual factor = 10
2015-07-01 19:44:01,207 zero range = 0.01
2015-07-01 19:44:01,207 greedy level = 5
2015-07-01 19:44:01,207 

2015-07-01 19:44:02,238 Starting Training from 2015-01-01 to 2015-01-31
2015-07-01 19:49:14,707 Starting Live from 2015-02-01 to 2015-03-03
2015-07-01 20:00:51,731 Starting Live from 2015-02-01 to 2015-03-03
2015-07-01 20:01:45,492 Starting Live from 2015-02-01 to 2015-03-03
2015-07-01 20:07:05,821 Starting Training from 2015-02-01 to 2015-03-03
2015-07-01 20:08:41,099 Starting Live from 2015-03-04 to 2015-04-03
2015-07-01 20:16:24,828 Starting Training from 2015-02-01 to 2015-03-03
2015-07-01 20:17:52,226 Starting Live from 2015-03-04 to 2015-04-03
2015-07-01 20:19:14,896 Starting Training from 2015-02-01 to 2015-03-03
2015-07-01 20:20:37,432 Starting Live from 2015-03-04 to 2015-04-03
2015-07-01 20:23:57,495 Starting Training from 2015-03-04 to 2015-04-03
2015-07-01 20:24:30,241 Starting Training from 2015-03-04 to 2015-04-03
2015-07-01 20:25:56,569 Starting Live from 2015-04-04 to 2015-04-10
2015-07-01 20:32:13,571 Starting Q Learning for : 
2015-07-01 20:32:13,572 alpha = 0.6
2015-07-01 20:32:13,572 gamma = 0.6
2015-07-01 20:32:13,572 individual factor = 10
2015-07-01 20:32:13,572 zero range = 0.006
2015-07-01 20:32:13,572 greedy level = 5
2015-07-01 20:32:13,572 

2015-07-01 20:32:14,354 Starting Training from 2015-01-01 to 2015-01-31
2015-07-01 20:33:23,082 Starting Live from 2015-04-04 to 2015-04-10
2015-07-01 20:36:46,230 Starting Training from 2015-03-04 to 2015-04-03
2015-07-01 20:36:53,652 Starting Q Learning for : 
2015-07-01 20:36:53,652 alpha = 0.8
2015-07-01 20:36:53,652 gamma = 0.8
2015-07-01 20:36:53,652 individual factor = 10
2015-07-01 20:36:53,652 zero range = 0.006
2015-07-01 20:36:53,652 greedy level = 5
2015-07-01 20:36:53,652 

2015-07-01 20:36:54,062 Starting Training from 2015-01-01 to 2015-01-31
2015-07-01 20:38:06,848 Starting Live from 2015-04-04 to 2015-04-10
2015-07-01 20:42:10,330 Starting Q Learning for : 
2015-07-01 20:42:10,330 alpha = 0.2
2015-07-01 20:42:10,330 gamma = 0.2
2015-07-01 20:42:10,330 individual factor = 10
2015-07-01 20:42:10,330 zero range = 0.01
2015-07-01 20:42:10,330 greedy level = 5
2015-07-01 20:42:10,330 

2015-07-01 20:42:12,401 Starting Training from 2015-01-01 to 2015-01-31
2015-07-01 20:49:42,824 Starting Live from 2015-02-01 to 2015-03-03
2015-07-01 20:54:39,702 Starting Live from 2015-02-01 to 2015-03-03
2015-07-01 20:59:46,081 Starting Live from 2015-02-01 to 2015-03-03
2015-07-01 21:07:25,527 Starting Training from 2015-02-01 to 2015-03-03
2015-07-01 21:08:50,589 Starting Live from 2015-03-04 to 2015-04-03
2015-07-01 21:09:01,139 Starting Training from 2015-02-01 to 2015-03-03
2015-07-01 21:10:25,285 Starting Live from 2015-03-04 to 2015-04-03
2015-07-01 21:14:32,527 Starting Training from 2015-03-04 to 2015-04-03
2015-07-01 21:17:20,635 Starting Training from 2015-02-01 to 2015-03-03
2015-07-01 21:19:27,983 Starting Live from 2015-03-04 to 2015-04-03
2015-07-01 21:25:13,803 Starting Training from 2015-03-04 to 2015-04-03
2015-07-01 21:25:55,344 Starting Live from 2015-04-04 to 2015-04-10
2015-07-01 21:26:41,229 Starting Live from 2015-04-04 to 2015-04-10
2015-07-01 21:29:22,005 Starting Q Learning for : 
2015-07-01 21:29:22,005 alpha = 0.2
2015-07-01 21:29:22,005 gamma = 0.3
2015-07-01 21:29:22,005 individual factor = 10
2015-07-01 21:29:22,005 zero range = 0.01
2015-07-01 21:29:22,005 greedy level = 5
2015-07-01 21:29:22,005 

2015-07-01 21:29:22,490 Starting Training from 2015-01-01 to 2015-01-31
2015-07-01 21:30:42,653 Starting Q Learning for : 
2015-07-01 21:30:42,653 alpha = 0.4
2015-07-01 21:30:42,653 gamma = 0.5
2015-07-01 21:30:42,653 individual factor = 10
2015-07-01 21:30:42,654 zero range = 0.01
2015-07-01 21:30:42,654 greedy level = 5
2015-07-01 21:30:42,654 

2015-07-01 21:30:43,695 Starting Training from 2015-01-01 to 2015-01-31
2015-07-01 21:35:26,787 Starting Training from 2015-03-04 to 2015-04-03
2015-07-01 21:38:05,113 Starting Live from 2015-04-04 to 2015-04-10
2015-07-01 21:43:42,108 Starting Q Learning for : 
2015-07-01 21:43:42,109 alpha = 0.6
2015-07-01 21:43:42,109 gamma = 0.7
2015-07-01 21:43:42,109 individual factor = 10
2015-07-01 21:43:42,109 zero range = 0.01
2015-07-01 21:43:42,109 greedy level = 5
2015-07-01 21:43:42,109 

2015-07-01 21:43:42,671 Starting Training from 2015-01-01 to 2015-01-31
2015-07-01 21:47:40,662 Starting Live from 2015-02-01 to 2015-03-03
2015-07-01 21:48:51,621 Starting Live from 2015-02-01 to 2015-03-03
2015-07-01 22:01:35,425 Starting Live from 2015-02-01 to 2015-03-03
2015-07-01 22:05:25,197 Starting Training from 2015-02-01 to 2015-03-03
2015-07-01 22:06:44,491 Starting Training from 2015-02-01 to 2015-03-03
2015-07-01 22:06:50,950 Starting Live from 2015-03-04 to 2015-04-03
2015-07-01 22:08:10,275 Starting Live from 2015-03-04 to 2015-04-03
2015-07-01 22:17:05,820 Starting Training from 2015-02-01 to 2015-03-03
2015-07-01 22:18:32,010 Starting Live from 2015-03-04 to 2015-04-03
2015-07-01 22:22:58,425 Starting Training from 2015-03-04 to 2015-04-03
2015-07-01 22:24:03,302 Starting Training from 2015-03-04 to 2015-04-03
2015-07-01 22:24:20,515 Starting Live from 2015-04-04 to 2015-04-10
2015-07-01 22:24:47,340 Starting Training from 2015-03-04 to 2015-04-03
2015-07-01 22:25:36,223 Starting Live from 2015-04-04 to 2015-04-10
2015-07-01 22:28:20,760 Starting Q Learning for : 
2015-07-01 22:28:20,760 alpha = 0.2
2015-07-01 22:28:20,760 gamma = 0.4
2015-07-01 22:28:20,760 individual factor = 10
2015-07-01 22:28:20,760 zero range = 0.01
2015-07-01 22:28:20,760 greedy level = 5
2015-07-01 22:28:20,760 

2015-07-01 22:28:21,412 Starting Training from 2015-01-01 to 2015-01-31
2015-07-01 22:30:51,847 Starting Q Learning for : 
2015-07-01 22:30:51,847 alpha = 0.4
2015-07-01 22:30:51,847 gamma = 0.6
2015-07-01 22:30:51,847 individual factor = 10
2015-07-01 22:30:51,847 zero range = 0.01
2015-07-01 22:30:51,847 greedy level = 5
2015-07-01 22:30:51,847 

2015-07-01 22:30:54,319 Starting Training from 2015-01-01 to 2015-01-31
2015-07-01 22:34:07,246 Starting Live from 2015-04-04 to 2015-04-10
2015-07-01 22:37:39,282 Starting Q Learning for : 
2015-07-01 22:37:39,282 alpha = 0.6
2015-07-01 22:37:39,282 gamma = 0.8
2015-07-01 22:37:39,282 individual factor = 10
2015-07-01 22:37:39,282 zero range = 0.01
2015-07-01 22:37:39,282 greedy level = 5
2015-07-01 22:37:39,282 

2015-07-01 22:37:39,626 Starting Training from 2015-01-01 to 2015-01-31
2015-07-01 22:53:34,873 Starting Live from 2015-02-01 to 2015-03-03
2015-07-01 22:55:10,316 Starting Live from 2015-02-01 to 2015-03-03
2015-07-01 23:01:48,866 Starting Live from 2015-02-01 to 2015-03-03
2015-07-01 23:12:47,647 Starting Training from 2015-02-01 to 2015-03-03
2015-07-01 23:14:17,668 Starting Live from 2015-03-04 to 2015-04-03
2015-07-01 23:14:27,763 Starting Training from 2015-02-01 to 2015-03-03
2015-07-01 23:15:58,501 Starting Live from 2015-03-04 to 2015-04-03
2015-07-01 23:17:49,994 Starting Training from 2015-02-01 to 2015-03-03
2015-07-01 23:19:25,138 Starting Live from 2015-03-04 to 2015-04-03
2015-07-01 23:25:52,850 Starting Training from 2015-03-04 to 2015-04-03
2015-07-01 23:32:09,561 Starting Training from 2015-03-04 to 2015-04-03
2015-07-01 23:33:15,855 Starting Training from 2015-03-04 to 2015-04-03
2015-07-01 23:33:49,410 Starting Live from 2015-04-04 to 2015-04-10
2015-07-01 23:35:37,655 Starting Live from 2015-04-04 to 2015-04-10
2015-07-01 23:36:11,653 Starting Live from 2015-04-04 to 2015-04-10
2015-07-01 23:38:18,669 Starting Q Learning for : 
2015-07-01 23:38:18,669 alpha = 0.2
2015-07-01 23:38:18,669 gamma = 0.5
2015-07-01 23:38:18,669 individual factor = 10
2015-07-01 23:38:18,669 zero range = 0.01
2015-07-01 23:38:18,669 greedy level = 5
2015-07-01 23:38:18,669 

2015-07-01 23:38:19,681 Starting Training from 2015-01-01 to 2015-01-31
2015-07-01 23:40:25,863 Starting Q Learning for : 
2015-07-01 23:40:25,863 alpha = 0.8
2015-07-01 23:40:25,863 gamma = 0.1
2015-07-01 23:40:25,863 individual factor = 10
2015-07-01 23:40:25,863 zero range = 0.01
2015-07-01 23:40:25,863 greedy level = 5
2015-07-01 23:40:25,863 

2015-07-01 23:40:26,975 Starting Training from 2015-01-01 to 2015-01-31
2015-07-01 23:40:54,023 Starting Q Learning for : 
2015-07-01 23:40:54,023 alpha = 0.4
2015-07-01 23:40:54,023 gamma = 0.7
2015-07-01 23:40:54,023 individual factor = 10
2015-07-01 23:40:54,023 zero range = 0.01
2015-07-01 23:40:54,023 greedy level = 5
2015-07-01 23:40:54,023 

2015-07-01 23:40:55,103 Starting Training from 2015-01-01 to 2015-01-31
2015-07-01 23:57:58,778 Starting Live from 2015-02-01 to 2015-03-03
2015-07-02 00:00:50,301 Starting Live from 2015-02-01 to 2015-03-03
2015-07-02 00:01:22,841 Starting Live from 2015-02-01 to 2015-03-03
2015-07-02 00:19:00,422 Starting Training from 2015-02-01 to 2015-03-03
2015-07-02 00:19:22,221 Starting Training from 2015-02-01 to 2015-03-03
2015-07-02 00:20:30,205 Starting Live from 2015-03-04 to 2015-04-03
2015-07-02 00:20:49,884 Starting Training from 2015-02-01 to 2015-03-03
2015-07-02 00:20:55,662 Starting Live from 2015-03-04 to 2015-04-03
2015-07-02 00:22:28,932 Starting Live from 2015-03-04 to 2015-04-03
2015-07-02 00:28:57,838 Starting Training from 2015-03-04 to 2015-04-03
2015-07-02 00:39:05,832 Starting Live from 2015-04-04 to 2015-04-10
2015-07-02 00:40:07,720 Starting Training from 2015-03-04 to 2015-04-03
2015-07-02 00:41:33,897 Starting Training from 2015-03-04 to 2015-04-03
2015-07-02 00:41:37,639 Starting Live from 2015-04-04 to 2015-04-10
2015-07-02 00:43:16,399 Starting Live from 2015-04-04 to 2015-04-10
2015-07-02 00:43:16,974 Starting Q Learning for : 
2015-07-02 00:43:16,974 alpha = 0.4
2015-07-02 00:43:16,974 gamma = 0.8
2015-07-02 00:43:16,974 individual factor = 10
2015-07-02 00:43:16,974 zero range = 0.01
2015-07-02 00:43:16,974 greedy level = 5
2015-07-02 00:43:16,975 

2015-07-02 00:43:17,335 Starting Training from 2015-01-01 to 2015-01-31
2015-07-02 00:46:33,877 Starting Q Learning for : 
2015-07-02 00:46:33,877 alpha = 0.2
2015-07-02 00:46:33,877 gamma = 0.6
2015-07-02 00:46:33,877 individual factor = 10
2015-07-02 00:46:33,877 zero range = 0.01
2015-07-02 00:46:33,877 greedy level = 5
2015-07-02 00:46:33,877 

2015-07-02 00:46:34,700 Starting Training from 2015-01-01 to 2015-01-31
2015-07-02 00:48:00,703 Starting Q Learning for : 
2015-07-02 00:48:00,703 alpha = 0.8
2015-07-02 00:48:00,703 gamma = 0.2
2015-07-02 00:48:00,703 individual factor = 10
2015-07-02 00:48:00,704 zero range = 0.01
2015-07-02 00:48:00,704 greedy level = 5
2015-07-02 00:48:00,704 

2015-07-02 00:48:01,599 Starting Training from 2015-01-01 to 2015-01-31
2015-07-02 01:03:04,904 Starting Live from 2015-02-01 to 2015-03-03
2015-07-02 01:06:54,301 Starting Live from 2015-02-01 to 2015-03-03
2015-07-02 01:09:01,889 Starting Live from 2015-02-01 to 2015-03-03
2015-07-02 01:19:42,964 Starting Training from 2015-02-01 to 2015-03-03
2015-07-02 01:21:11,186 Starting Live from 2015-03-04 to 2015-04-03
2015-07-02 01:27:28,209 Starting Training from 2015-03-04 to 2015-04-03
2015-07-02 01:27:56,633 Starting Training from 2015-02-01 to 2015-03-03
2015-07-02 01:29:15,901 Starting Training from 2015-02-01 to 2015-03-03
2015-07-02 01:29:31,161 Starting Live from 2015-03-04 to 2015-04-03
2015-07-02 01:30:52,904 Starting Live from 2015-03-04 to 2015-04-03
2015-07-02 01:38:08,671 Starting Live from 2015-04-04 to 2015-04-10
2015-07-02 01:43:15,804 Starting Q Learning for : 
2015-07-02 01:43:15,804 alpha = 0.6
2015-07-02 01:43:15,804 gamma = 0.1
2015-07-02 01:43:15,804 individual factor = 10
2015-07-02 01:43:15,804 zero range = 0.01
2015-07-02 01:43:15,804 greedy level = 5
2015-07-02 01:43:15,805 

2015-07-02 01:43:16,995 Starting Training from 2015-01-01 to 2015-01-31
2015-07-02 01:47:35,980 Starting Training from 2015-03-04 to 2015-04-03
2015-07-02 01:48:58,356 Starting Training from 2015-03-04 to 2015-04-03
2015-07-02 01:49:05,409 Starting Live from 2015-04-04 to 2015-04-10
2015-07-02 01:50:28,456 Starting Live from 2015-04-04 to 2015-04-10
2015-07-02 01:53:33,220 Starting Q Learning for : 
2015-07-02 01:53:33,220 alpha = 0.2
2015-07-02 01:53:33,220 gamma = 0.7
2015-07-02 01:53:33,220 individual factor = 10
2015-07-02 01:53:33,220 zero range = 0.01
2015-07-02 01:53:33,220 greedy level = 5
2015-07-02 01:53:33,220 

2015-07-02 01:53:34,121 Starting Training from 2015-01-01 to 2015-01-31
2015-07-02 01:54:54,110 Starting Q Learning for : 
2015-07-02 01:54:54,110 alpha = 0.8
2015-07-02 01:54:54,110 gamma = 0.3
2015-07-02 01:54:54,110 individual factor = 10
2015-07-02 01:54:54,110 zero range = 0.01
2015-07-02 01:54:54,110 greedy level = 5
2015-07-02 01:54:54,110 

2015-07-02 01:54:55,285 Starting Training from 2015-01-01 to 2015-01-31
2015-07-02 02:03:05,444 Starting Live from 2015-02-01 to 2015-03-03
2015-07-02 02:12:31,280 Starting Live from 2015-02-01 to 2015-03-03
2015-07-02 02:13:39,781 Starting Live from 2015-02-01 to 2015-03-03
2015-07-02 02:21:48,609 Starting Training from 2015-02-01 to 2015-03-03
2015-07-02 02:23:23,369 Starting Live from 2015-03-04 to 2015-04-03
2015-07-02 02:29:25,680 Starting Training from 2015-02-01 to 2015-03-03
2015-07-02 02:30:59,961 Starting Live from 2015-03-04 to 2015-04-03
2015-07-02 02:32:54,868 Starting Training from 2015-02-01 to 2015-03-03
2015-07-02 02:36:24,019 Starting Live from 2015-03-04 to 2015-04-03
2015-07-02 02:39:36,609 Starting Training from 2015-03-04 to 2015-04-03
2015-07-02 02:40:58,629 Starting Training from 2015-03-04 to 2015-04-03
2015-07-02 02:42:27,839 Starting Live from 2015-04-04 to 2015-04-10
2015-07-02 02:46:56,988 Starting Q Learning for : 
2015-07-02 02:46:56,988 alpha = 0.6
2015-07-02 02:46:56,988 gamma = 0.2
2015-07-02 02:46:56,988 individual factor = 10
2015-07-02 02:46:56,988 zero range = 0.01
2015-07-02 02:46:56,988 greedy level = 5
2015-07-02 02:46:56,988 

2015-07-02 02:46:57,993 Starting Training from 2015-01-01 to 2015-01-31
2015-07-02 02:47:41,175 Starting Live from 2015-04-04 to 2015-04-10
2015-07-02 02:53:14,663 Starting Q Learning for : 
2015-07-02 02:53:14,663 alpha = 0.2
2015-07-02 02:53:14,663 gamma = 0.8
2015-07-02 02:53:14,663 individual factor = 10
2015-07-02 02:53:14,663 zero range = 0.01
2015-07-02 02:53:14,663 greedy level = 5
2015-07-02 02:53:14,663 

2015-07-02 02:53:15,785 Starting Training from 2015-01-01 to 2015-01-31
2015-07-02 02:53:52,273 Starting Training from 2015-03-04 to 2015-04-03
2015-07-02 02:55:46,746 Starting Live from 2015-04-04 to 2015-04-10
2015-07-02 03:00:56,918 Starting Q Learning for : 
2015-07-02 03:00:56,918 alpha = 0.8
2015-07-02 03:00:56,918 gamma = 0.4
2015-07-02 03:00:56,918 individual factor = 10
2015-07-02 03:00:56,918 zero range = 0.01
2015-07-02 03:00:56,918 greedy level = 5
2015-07-02 03:00:56,918 

2015-07-02 03:00:57,361 Starting Training from 2015-01-01 to 2015-01-31
2015-07-02 03:08:54,814 Starting Live from 2015-02-01 to 2015-03-03
2015-07-02 03:14:04,328 Starting Live from 2015-02-01 to 2015-03-03
2015-07-02 03:20:18,969 Starting Live from 2015-02-01 to 2015-03-03
2015-07-02 03:27:59,747 Starting Training from 2015-02-01 to 2015-03-03
2015-07-02 03:29:27,827 Starting Live from 2015-03-04 to 2015-04-03
2015-07-02 03:29:44,471 Starting Training from 2015-02-01 to 2015-03-03
2015-07-02 03:31:12,424 Starting Live from 2015-03-04 to 2015-04-03
2015-07-02 03:35:30,591 Starting Training from 2015-03-04 to 2015-04-03
2015-07-02 03:39:10,790 Starting Training from 2015-02-01 to 2015-03-03
2015-07-02 03:42:41,330 Starting Live from 2015-03-04 to 2015-04-03
2015-07-02 03:46:34,550 Starting Training from 2015-03-04 to 2015-04-03
2015-07-02 03:47:01,362 Starting Live from 2015-04-04 to 2015-04-10
2015-07-02 03:48:00,288 Starting Live from 2015-04-04 to 2015-04-10
2015-07-02 03:50:41,247 Starting Q Learning for : 
2015-07-02 03:50:41,247 alpha = 0.4
2015-07-02 03:50:41,247 gamma = 0.1
2015-07-02 03:50:41,247 individual factor = 10
2015-07-02 03:50:41,247 zero range = 0.01
2015-07-02 03:50:41,247 greedy level = 5
2015-07-02 03:50:41,247 

2015-07-02 03:50:41,578 Starting Training from 2015-01-01 to 2015-01-31
2015-07-02 03:52:30,890 Starting Q Learning for : 
2015-07-02 03:52:30,890 alpha = 0.6
2015-07-02 03:52:30,890 gamma = 0.3
2015-07-02 03:52:30,890 individual factor = 10
2015-07-02 03:52:30,890 zero range = 0.01
2015-07-02 03:52:30,890 greedy level = 5
2015-07-02 03:52:30,890 

2015-07-02 03:52:31,505 Starting Training from 2015-01-01 to 2015-01-31
2015-07-02 03:59:36,722 Starting Training from 2015-03-04 to 2015-04-03
2015-07-02 04:01:05,426 Starting Live from 2015-04-04 to 2015-04-10
2015-07-02 04:05:18,015 Starting Q Learning for : 
2015-07-02 04:05:18,015 alpha = 0.8
2015-07-02 04:05:18,015 gamma = 0.5
2015-07-02 04:05:18,015 individual factor = 10
2015-07-02 04:05:18,016 zero range = 0.01
2015-07-02 04:05:18,016 greedy level = 5
2015-07-02 04:05:18,016 

2015-07-02 04:05:18,631 Starting Training from 2015-01-01 to 2015-01-31
2015-07-02 04:08:30,565 Starting Live from 2015-02-01 to 2015-03-03
2015-07-02 04:10:14,817 Starting Live from 2015-02-01 to 2015-03-03
2015-07-02 04:23:16,091 Starting Live from 2015-02-01 to 2015-03-03
2015-07-02 04:26:27,545 Starting Training from 2015-02-01 to 2015-03-03
2015-07-02 04:27:54,852 Starting Live from 2015-03-04 to 2015-04-03
2015-07-02 04:28:14,641 Starting Training from 2015-02-01 to 2015-03-03
2015-07-02 04:29:40,718 Starting Live from 2015-03-04 to 2015-04-03
2015-07-02 04:40:45,511 Starting Training from 2015-02-01 to 2015-03-03
2015-07-02 04:42:10,115 Starting Live from 2015-03-04 to 2015-04-03
2015-07-02 04:43:51,784 Starting Training from 2015-03-04 to 2015-04-03
2015-07-02 04:45:13,898 Starting Live from 2015-04-04 to 2015-04-10
2015-07-02 04:45:14,811 Starting Training from 2015-03-04 to 2015-04-03
2015-07-02 04:47:02,512 Starting Live from 2015-04-04 to 2015-04-10
2015-07-02 04:50:37,704 Starting Q Learning for : 
2015-07-02 04:50:37,704 alpha = 0.4
2015-07-02 04:50:37,704 gamma = 0.2
2015-07-02 04:50:37,704 individual factor = 10
2015-07-02 04:50:37,704 zero range = 0.01
2015-07-02 04:50:37,704 greedy level = 5
2015-07-02 04:50:37,704 

2015-07-02 04:50:38,954 Starting Training from 2015-01-01 to 2015-01-31
2015-07-02 04:53:09,328 Starting Q Learning for : 
2015-07-02 04:53:09,328 alpha = 0.6
2015-07-02 04:53:09,328 gamma = 0.4
2015-07-02 04:53:09,328 individual factor = 10
2015-07-02 04:53:09,328 zero range = 0.01
2015-07-02 04:53:09,328 greedy level = 5
2015-07-02 04:53:09,328 

2015-07-02 04:53:10,113 Starting Training from 2015-01-01 to 2015-01-31
2015-07-02 04:57:54,371 Starting Training from 2015-03-04 to 2015-04-03
2015-07-02 04:59:19,358 Starting Live from 2015-04-04 to 2015-04-10
2015-07-02 05:03:07,673 Starting Q Learning for : 
2015-07-02 05:03:07,673 alpha = 0.8
2015-07-02 05:03:07,673 gamma = 0.6
2015-07-02 05:03:07,673 individual factor = 10
2015-07-02 05:03:07,674 zero range = 0.01
2015-07-02 05:03:07,674 greedy level = 5
2015-07-02 05:03:07,674 

2015-07-02 05:03:07,970 Starting Training from 2015-01-01 to 2015-01-31
2015-07-02 05:06:27,778 Starting Live from 2015-02-01 to 2015-03-03
2015-07-02 05:10:14,712 Starting Live from 2015-02-01 to 2015-03-03
2015-07-02 05:20:29,586 Starting Live from 2015-02-01 to 2015-03-03
2015-07-02 05:23:22,022 Starting Training from 2015-02-01 to 2015-03-03
2015-07-02 05:25:58,801 Starting Live from 2015-03-04 to 2015-04-03
2015-07-02 05:26:23,244 Starting Training from 2015-02-01 to 2015-03-03
2015-07-02 05:28:17,811 Starting Live from 2015-03-04 to 2015-04-03
2015-07-02 05:36:29,934 Starting Training from 2015-02-01 to 2015-03-03
2015-07-02 05:37:47,220 Starting Live from 2015-03-04 to 2015-04-03
2015-07-02 05:39:33,723 Starting Training from 2015-03-04 to 2015-04-03
2015-07-02 05:40:50,697 Starting Live from 2015-04-04 to 2015-04-10
2015-07-02 05:41:29,669 Starting Training from 2015-03-04 to 2015-04-03
2015-07-02 05:44:47,416 Starting Live from 2015-04-04 to 2015-04-10
2015-07-02 05:46:45,784 Starting Q Learning for : 
2015-07-02 05:46:45,784 alpha = 0.4
2015-07-02 05:46:45,784 gamma = 0.3
2015-07-02 05:46:45,784 individual factor = 10
2015-07-02 05:46:45,784 zero range = 0.01
2015-07-02 05:46:45,784 greedy level = 5
2015-07-02 05:46:45,784 

2015-07-02 05:46:47,214 Starting Training from 2015-01-01 to 2015-01-31
2015-07-02 05:48:58,423 Starting Q Learning for : 
2015-07-02 05:48:58,423 alpha = 0.6
2015-07-02 05:48:58,423 gamma = 0.5
2015-07-02 05:48:58,423 individual factor = 10
2015-07-02 05:48:58,423 zero range = 0.01
2015-07-02 05:48:58,423 greedy level = 5
2015-07-02 05:48:58,423 

2015-07-02 05:48:59,430 Starting Training from 2015-01-01 to 2015-01-31
2015-07-02 05:52:27,557 Starting Training from 2015-03-04 to 2015-04-03
2015-07-02 05:54:04,911 Starting Live from 2015-04-04 to 2015-04-10
2015-07-02 05:57:37,574 Starting Q Learning for : 
2015-07-02 05:57:37,574 alpha = 0.8
2015-07-02 05:57:37,574 gamma = 0.7
2015-07-02 05:57:37,574 individual factor = 10
2015-07-02 05:57:37,574 zero range = 0.01
2015-07-02 05:57:37,574 greedy level = 5
2015-07-02 05:57:37,574 

2015-07-02 05:57:37,918 Starting Training from 2015-01-01 to 2015-01-31
2015-07-02 06:03:07,931 Starting Live from 2015-02-01 to 2015-03-03
2015-07-02 06:05:14,335 Starting Live from 2015-02-01 to 2015-03-03
2015-07-02 06:14:07,134 Starting Live from 2015-02-01 to 2015-03-03
2015-07-02 06:17:03,477 Starting Training from 2015-02-01 to 2015-03-03
2015-07-02 06:20:49,097 Starting Live from 2015-03-04 to 2015-04-03
2015-07-02 06:21:27,079 Starting Training from 2015-02-01 to 2015-03-03
2015-07-02 06:22:51,962 Starting Live from 2015-03-04 to 2015-04-03
2015-07-02 06:28:42,503 Starting Training from 2015-02-01 to 2015-03-03
2015-07-02 06:30:01,040 Starting Live from 2015-03-04 to 2015-04-03
2015-07-02 06:34:10,874 Starting Training from 2015-03-04 to 2015-04-03
2015-07-02 06:36:05,626 Starting Live from 2015-04-04 to 2015-04-10
2015-07-02 06:36:23,422 Starting Training from 2015-03-04 to 2015-04-03
2015-07-02 06:36:35,950 Starting Training from 2015-03-04 to 2015-04-03
2015-07-02 06:39:44,625 Starting Live from 2015-04-04 to 2015-04-10
2015-07-02 06:41:33,702 Starting Q Learning for : 
2015-07-02 06:41:33,702 alpha = 0.4
2015-07-02 06:41:33,702 gamma = 0.4
2015-07-02 06:41:33,702 individual factor = 10
2015-07-02 06:41:33,702 zero range = 0.01
2015-07-02 06:41:33,702 greedy level = 5
2015-07-02 06:41:33,702 

2015-07-02 06:41:34,599 Starting Training from 2015-01-01 to 2015-01-31
2015-07-02 06:43:17,579 Starting Q Learning for : 
2015-07-02 06:43:17,579 alpha = 0.6
2015-07-02 06:43:17,579 gamma = 0.6
2015-07-02 06:43:17,579 individual factor = 10
2015-07-02 06:43:17,579 zero range = 0.01
2015-07-02 06:43:17,580 greedy level = 5
2015-07-02 06:43:17,580 

2015-07-02 06:43:17,886 Starting Training from 2015-01-01 to 2015-01-31
2015-07-02 06:44:29,354 Starting Live from 2015-04-04 to 2015-04-10
2015-07-02 06:47:36,355 Starting Q Learning for : 
2015-07-02 06:47:36,356 alpha = 0.8
2015-07-02 06:47:36,356 gamma = 0.8
2015-07-02 06:47:36,356 individual factor = 10
2015-07-02 06:47:36,356 zero range = 0.01
2015-07-02 06:47:36,356 greedy level = 5
2015-07-02 06:47:36,356 

2015-07-02 06:47:36,607 Starting Training from 2015-01-01 to 2015-01-31
2015-07-02 06:56:30,353 Starting Live from 2015-02-01 to 2015-03-03
2015-07-02 06:59:27,332 Starting Live from 2015-02-01 to 2015-03-03
2015-07-02 07:04:06,571 Starting Live from 2015-02-01 to 2015-03-03
2015-07-02 07:11:22,520 Starting Training from 2015-02-01 to 2015-03-03
2015-07-02 07:12:51,398 Starting Live from 2015-03-04 to 2015-04-03
2015-07-02 07:13:49,804 Starting Training from 2015-02-01 to 2015-03-03
2015-07-02 07:17:19,097 Starting Live from 2015-03-04 to 2015-04-03
2015-07-02 07:17:26,643 Starting Training from 2015-02-01 to 2015-03-03
2015-07-02 07:18:46,038 Starting Live from 2015-03-04 to 2015-04-03
2015-07-02 07:22:08,445 Starting Training from 2015-03-04 to 2015-04-03
2015-07-02 07:27:10,672 Starting Training from 2015-03-04 to 2015-04-03
2015-07-02 07:28:32,589 Starting Live from 2015-04-04 to 2015-04-10
2015-07-02 07:29:12,359 Starting Training from 2015-03-04 to 2015-04-03
2015-07-02 07:29:42,467 Starting Live from 2015-04-04 to 2015-04-10
2015-07-02 07:30:27,502 Starting Live from 2015-04-04 to 2015-04-10
