2015-06-20 10:56:51,331 Starting Q Learning for : 
2015-06-20 10:56:51,331 alpha = 0.2
2015-06-20 10:56:51,331 gamma = 0.4
2015-06-20 10:56:51,331 individual factor = 8
2015-06-20 10:56:51,331 zero range = 0.002
2015-06-20 10:56:51,331 greedy level = 5
2015-06-20 10:56:51,331 

2015-06-20 10:57:05,348 Starting Training from 2014-12-17 to 2015-01-01
2015-06-20 11:10:23,428 Starting Live from 2015-01-02 to 2015-02-01
2015-06-20 11:39:00,713 Starting Training from 2015-01-17 to 2015-02-01
2015-06-20 11:40:44,482 Starting Live from 2015-02-02 to 2015-03-04
2015-06-20 12:09:32,249 Starting Training from 2015-02-17 to 2015-03-04
2015-06-20 12:11:44,763 Starting Live from 2015-03-05 to 2015-04-04
2015-06-20 12:44:24,515 Starting Training from 2015-03-20 to 2015-04-04
2015-06-20 12:46:33,904 Starting Live from 2015-04-05 to 2015-04-10
2015-06-20 12:53:56,553 Starting Q Learning for : 
2015-06-20 12:53:56,553 alpha = 0.2
2015-06-20 12:53:56,553 gamma = 0.5
2015-06-20 12:53:56,553 individual factor = 8
2015-06-20 12:53:56,553 zero range = 0.002
2015-06-20 12:53:56,553 greedy level = 5
2015-06-20 12:53:56,553 

2015-06-20 12:54:01,907 Starting Training from 2014-12-17 to 2015-01-01
2015-06-20 13:06:37,852 Starting Live from 2015-01-02 to 2015-02-01
2015-06-20 13:36:29,181 Starting Training from 2015-01-17 to 2015-02-01
2015-06-20 13:37:54,967 Starting Live from 2015-02-02 to 2015-03-04
2015-06-20 14:06:43,973 Starting Training from 2015-02-17 to 2015-03-04
2015-06-20 14:09:06,545 Starting Live from 2015-03-05 to 2015-04-04
2015-06-20 14:42:20,915 Starting Training from 2015-03-20 to 2015-04-04
2015-06-20 14:44:18,579 Starting Live from 2015-04-05 to 2015-04-10
2015-06-20 14:51:48,003 Starting Q Learning for : 
2015-06-20 14:51:48,003 alpha = 0.2
2015-06-20 14:51:48,003 gamma = 0.6
2015-06-20 14:51:48,003 individual factor = 8
2015-06-20 14:51:48,003 zero range = 0.002
2015-06-20 14:51:48,005 greedy level = 5
2015-06-20 14:51:48,005 

2015-06-20 14:51:54,029 Starting Training from 2014-12-17 to 2015-01-01
2015-06-20 15:03:54,661 Starting Live from 2015-01-02 to 2015-02-01
2015-06-20 15:31:02,496 Starting Training from 2015-01-17 to 2015-02-01
2015-06-20 15:32:24,683 Starting Live from 2015-02-02 to 2015-03-04
2015-06-20 15:59:47,428 Starting Training from 2015-02-17 to 2015-03-04
2015-06-20 16:01:47,351 Starting Live from 2015-03-05 to 2015-04-04
2015-06-20 16:30:53,273 Starting Training from 2015-03-20 to 2015-04-04
2015-06-20 16:32:28,177 Starting Live from 2015-04-05 to 2015-04-10
2015-06-20 16:39:01,471 Starting Q Learning for : 
2015-06-20 16:39:01,471 alpha = 0.4
2015-06-20 16:39:01,471 gamma = 0.5
2015-06-20 16:39:01,471 individual factor = 8
2015-06-20 16:39:01,471 zero range = 0.002
2015-06-20 16:39:01,471 greedy level = 5
2015-06-20 16:39:01,471 

2015-06-20 16:39:08,259 Starting Training from 2014-12-17 to 2015-01-01
2015-06-20 16:50:36,601 Starting Live from 2015-01-02 to 2015-02-01
2015-06-20 17:16:58,581 Starting Training from 2015-01-17 to 2015-02-01
2015-06-20 17:18:19,003 Starting Live from 2015-02-02 to 2015-03-04
2015-06-20 17:42:22,573 Starting Training from 2015-02-17 to 2015-03-04
2015-06-20 17:44:37,382 Starting Live from 2015-03-05 to 2015-04-04
2015-06-20 18:13:46,691 Starting Training from 2015-03-20 to 2015-04-04
2015-06-20 18:15:52,744 Starting Live from 2015-04-05 to 2015-04-10
2015-06-20 18:22:20,148 Starting Q Learning for : 
2015-06-20 18:22:20,148 alpha = 0.4
2015-06-20 18:22:20,148 gamma = 0.6
2015-06-20 18:22:20,148 individual factor = 8
2015-06-20 18:22:20,148 zero range = 0.002
2015-06-20 18:22:20,148 greedy level = 5
2015-06-20 18:22:20,148 

2015-06-20 18:22:24,395 Starting Training from 2014-12-17 to 2015-01-01
2015-06-20 18:33:49,170 Starting Live from 2015-01-02 to 2015-02-01
2015-06-20 18:59:47,793 Starting Training from 2015-01-17 to 2015-02-01
2015-06-20 19:01:03,783 Starting Live from 2015-02-02 to 2015-03-04
2015-06-20 19:25:59,891 Starting Training from 2015-02-17 to 2015-03-04
2015-06-20 19:27:50,990 Starting Live from 2015-03-05 to 2015-04-04
2015-06-20 19:56:25,039 Starting Training from 2015-03-20 to 2015-04-04
2015-06-20 19:58:33,243 Starting Live from 2015-04-05 to 2015-04-10
2015-06-20 20:05:15,756 Starting Q Learning for : 
2015-06-20 20:05:15,756 alpha = 0.4
2015-06-20 20:05:15,756 gamma = 0.7
2015-06-20 20:05:15,756 individual factor = 8
2015-06-20 20:05:15,756 zero range = 0.002
2015-06-20 20:05:15,756 greedy level = 5
2015-06-20 20:05:15,756 

2015-06-20 20:05:21,742 Starting Training from 2014-12-17 to 2015-01-01
2015-06-20 20:16:17,125 Starting Live from 2015-01-02 to 2015-02-01
2015-06-20 20:38:55,747 Starting Training from 2015-01-17 to 2015-02-01
2015-06-20 20:40:23,036 Starting Live from 2015-02-02 to 2015-03-04
2015-06-20 20:56:38,519 Starting Training from 2015-02-17 to 2015-03-04
2015-06-20 21:01:11,569 Starting Live from 2015-03-05 to 2015-04-04
2015-06-20 21:21:07,026 Starting Training from 2015-03-20 to 2015-04-04
2015-06-20 21:24:19,769 Starting Live from 2015-04-05 to 2015-04-10
2015-06-20 21:29:14,115 Starting Q Learning for : 
2015-06-20 21:29:14,115 alpha = 0.6
2015-06-20 21:29:14,115 gamma = 0.6
2015-06-20 21:29:14,117 individual factor = 8
2015-06-20 21:29:14,117 zero range = 0.002
2015-06-20 21:29:14,117 greedy level = 5
2015-06-20 21:29:14,117 

2015-06-20 21:29:19,367 Starting Training from 2014-12-17 to 2015-01-01
2015-06-20 21:39:48,625 Starting Live from 2015-01-02 to 2015-02-01
2015-06-20 22:06:43,440 Starting Training from 2015-01-17 to 2015-02-01
2015-06-20 22:08:10,898 Starting Live from 2015-02-02 to 2015-03-04
2015-06-20 22:34:04,266 Starting Training from 2015-02-17 to 2015-03-04
2015-06-20 22:36:00,237 Starting Live from 2015-03-05 to 2015-04-04
2015-06-20 23:03:18,915 Starting Training from 2015-03-20 to 2015-04-04
2015-06-20 23:05:33,335 Starting Live from 2015-04-05 to 2015-04-10
2015-06-20 23:13:01,655 Starting Q Learning for : 
2015-06-20 23:13:01,657 alpha = 0.6
2015-06-20 23:13:01,657 gamma = 0.7
2015-06-20 23:13:01,657 individual factor = 8
2015-06-20 23:13:01,657 zero range = 0.002
2015-06-20 23:13:01,657 greedy level = 5
2015-06-20 23:13:01,657 

2015-06-20 23:13:06,778 Starting Training from 2014-12-17 to 2015-01-01
2015-06-20 23:24:23,743 Starting Live from 2015-01-02 to 2015-02-01
2015-06-20 23:51:49,444 Starting Training from 2015-01-17 to 2015-02-01
2015-06-20 23:53:42,232 Starting Live from 2015-02-02 to 2015-03-04
2015-06-21 00:14:06,009 Starting Training from 2015-02-17 to 2015-03-04
2015-06-21 00:19:15,180 Starting Live from 2015-03-05 to 2015-04-04
2015-06-21 00:46:54,253 Starting Training from 2015-03-20 to 2015-04-04
2015-06-21 00:49:53,519 Starting Live from 2015-04-05 to 2015-04-10
2015-06-21 00:57:16,072 Starting Q Learning for : 
2015-06-21 00:57:16,072 alpha = 0.6
2015-06-21 00:57:16,072 gamma = 0.8
2015-06-21 00:57:16,072 individual factor = 8
2015-06-21 00:57:16,073 zero range = 0.002
2015-06-21 00:57:16,073 greedy level = 5
2015-06-21 00:57:16,073 

2015-06-21 00:57:22,265 Starting Training from 2014-12-17 to 2015-01-01
2015-06-21 01:10:36,769 Starting Live from 2015-01-02 to 2015-02-01
2015-06-21 01:36:31,408 Starting Training from 2015-01-17 to 2015-02-01
2015-06-21 01:38:02,563 Starting Live from 2015-02-02 to 2015-03-04
2015-06-21 01:49:23,494 Starting Training from 2015-02-17 to 2015-03-04
2015-06-21 01:57:40,575 Starting Live from 2015-03-05 to 2015-04-04
2015-06-21 02:19:05,138 Starting Training from 2015-03-20 to 2015-04-04
2015-06-21 02:22:09,644 Starting Live from 2015-04-05 to 2015-04-10
2015-06-21 02:26:49,176 Starting Q Learning for : 
2015-06-21 02:26:49,176 alpha = 0.8
2015-06-21 02:26:49,176 gamma = 0.4
2015-06-21 02:26:49,176 individual factor = 8
2015-06-21 02:26:49,176 zero range = 0.002
2015-06-21 02:26:49,176 greedy level = 5
2015-06-21 02:26:49,176 

2015-06-21 02:26:55,128 Starting Training from 2014-12-17 to 2015-01-01
2015-06-21 02:39:49,670 Starting Live from 2015-01-02 to 2015-02-01
2015-06-21 03:09:33,486 Starting Training from 2015-01-17 to 2015-02-01
2015-06-21 03:10:59,292 Starting Live from 2015-02-02 to 2015-03-04
2015-06-21 03:39:01,736 Starting Training from 2015-02-17 to 2015-03-04
2015-06-21 03:41:12,903 Starting Live from 2015-03-05 to 2015-04-04
2015-06-21 04:18:45,361 Starting Training from 2015-03-20 to 2015-04-04
2015-06-21 04:20:29,532 Starting Live from 2015-04-05 to 2015-04-10
2015-06-21 04:28:44,970 Starting Q Learning for : 
2015-06-21 04:28:44,970 alpha = 0.8
2015-06-21 04:28:44,970 gamma = 0.5
2015-06-21 04:28:44,970 individual factor = 8
2015-06-21 04:28:44,970 zero range = 0.002
2015-06-21 04:28:44,970 greedy level = 5
2015-06-21 04:28:44,970 

2015-06-21 04:28:50,407 Starting Training from 2014-12-17 to 2015-01-01
2015-06-21 04:40:51,394 Starting Live from 2015-01-02 to 2015-02-01
2015-06-21 05:10:44,694 Starting Training from 2015-01-17 to 2015-02-01
2015-06-21 05:12:11,693 Starting Live from 2015-02-02 to 2015-03-04
2015-06-21 05:39:56,538 Starting Training from 2015-02-17 to 2015-03-04
2015-06-21 05:41:58,089 Starting Live from 2015-03-05 to 2015-04-04
2015-06-21 06:13:16,869 Starting Training from 2015-03-20 to 2015-04-04
2015-06-21 06:15:55,750 Starting Live from 2015-04-05 to 2015-04-10
2015-06-21 06:23:09,996 Starting Q Learning for : 
2015-06-21 06:23:09,996 alpha = 0.8
2015-06-21 06:23:09,996 gamma = 0.6
2015-06-21 06:23:09,996 individual factor = 8
2015-06-21 06:23:09,996 zero range = 0.002
2015-06-21 06:23:09,996 greedy level = 5
2015-06-21 06:23:09,996 

2015-06-21 06:23:14,730 Starting Training from 2014-12-17 to 2015-01-01
2015-06-21 06:35:05,415 Starting Live from 2015-01-02 to 2015-02-01
2015-06-21 07:02:33,463 Starting Training from 2015-01-17 to 2015-02-01
2015-06-21 07:03:52,867 Starting Live from 2015-02-02 to 2015-03-04
2015-06-21 07:31:20,880 Starting Training from 2015-02-17 to 2015-03-04
2015-06-21 07:33:15,569 Starting Live from 2015-03-05 to 2015-04-04
2015-06-21 08:12:48,746 Starting Training from 2015-03-20 to 2015-04-04
2015-06-21 08:14:13,078 Starting Live from 2015-04-05 to 2015-04-10
