2015-07-01 19:00:16,788 Starting Q Learning for : 
2015-07-01 19:00:16,789 alpha = 0.5
2015-07-01 19:00:16,789 gamma = 0.5
2015-07-01 19:00:16,789 individual factor = 10
2015-07-01 19:00:16,789 zero range = 0.002
2015-07-01 19:00:16,789 greedy level = 5
2015-07-01 19:00:16,789 

2015-07-01 19:01:49,157 Starting Training from 2015-01-01 to 2015-01-31
2015-07-01 19:30:44,313 Starting Live from 2015-02-01 to 2015-03-03
2015-07-01 19:57:25,983 Starting Training from 2015-02-01 to 2015-03-03
2015-07-01 20:00:54,009 Starting Live from 2015-03-04 to 2015-04-03
2015-07-01 20:34:23,171 Starting Training from 2015-03-04 to 2015-04-03
2015-07-01 20:38:43,164 Starting Live from 2015-04-04 to 2015-04-10
2015-07-01 20:50:27,805 Starting Q Learning for : 
2015-07-01 20:50:27,805 alpha = 0.5
2015-07-01 20:50:27,805 gamma = 0.6
2015-07-01 20:50:27,805 individual factor = 10
2015-07-01 20:50:27,805 zero range = 0.002
2015-07-01 20:50:27,805 greedy level = 5
2015-07-01 20:50:27,805 

2015-07-01 20:50:36,276 Starting Training from 2015-01-01 to 2015-01-31
2015-07-01 21:16:34,578 Starting Live from 2015-02-01 to 2015-03-03
2015-07-01 21:40:52,443 Starting Training from 2015-02-01 to 2015-03-03
2015-07-01 21:43:55,638 Starting Live from 2015-03-04 to 2015-04-03
2015-07-01 22:27:26,737 Starting Training from 2015-03-04 to 2015-04-03
2015-07-01 22:30:45,642 Starting Live from 2015-04-04 to 2015-04-10
2015-07-01 22:52:08,394 Starting Q Learning for : 
2015-07-01 22:52:08,394 alpha = 0.8
2015-07-01 22:52:08,395 gamma = 0.1
2015-07-01 22:52:08,395 individual factor = 10
2015-07-01 22:52:08,395 zero range = 0.006
2015-07-01 22:52:08,395 greedy level = 5
2015-07-01 22:52:08,395 

2015-07-01 22:52:15,226 Starting Training from 2015-01-01 to 2015-01-31
2015-07-01 23:17:34,678 Starting Live from 2015-02-01 to 2015-03-03
2015-07-01 23:41:04,977 Starting Training from 2015-02-01 to 2015-03-03
2015-07-01 23:44:01,456 Starting Live from 2015-03-04 to 2015-04-03
2015-07-02 00:42:42,767 Starting Training from 2015-03-04 to 2015-04-03
2015-07-02 00:45:30,418 Starting Live from 2015-04-04 to 2015-04-10
2015-07-02 01:56:07,569 Starting Q Learning for : 
2015-07-02 01:56:07,569 alpha = 0.8
2015-07-02 01:56:07,569 gamma = 0.2
2015-07-02 01:56:07,569 individual factor = 10
2015-07-02 01:56:07,569 zero range = 0.006
2015-07-02 01:56:07,569 greedy level = 5
2015-07-02 01:56:07,569 

2015-07-02 01:56:12,895 Starting Training from 2015-01-01 to 2015-01-31
2015-07-02 02:20:07,359 Starting Live from 2015-02-01 to 2015-03-03
2015-07-02 02:42:40,003 Starting Training from 2015-02-01 to 2015-03-03
2015-07-02 02:45:27,648 Starting Live from 2015-03-04 to 2015-04-03
2015-07-02 04:06:57,691 Starting Training from 2015-03-04 to 2015-04-03
2015-07-02 04:10:03,403 Starting Live from 2015-04-04 to 2015-04-10
