2015-07-01 19:00:16,825 Starting Q Learning for : 
2015-07-01 19:00:16,825 alpha = 0.2
2015-07-01 19:00:16,825 gamma = 0.5
2015-07-01 19:00:16,832 individual factor = 10
2015-07-01 19:00:16,832 zero range = 0.002
2015-07-01 19:00:16,832 greedy level = 5
2015-07-01 19:00:16,832 

2015-07-01 19:01:51,621 Starting Training from 2015-01-01 to 2015-01-31
2015-07-01 19:30:44,049 Starting Live from 2015-02-01 to 2015-03-03
2015-07-01 19:57:34,144 Starting Training from 2015-02-01 to 2015-03-03
2015-07-01 20:01:04,177 Starting Live from 2015-03-04 to 2015-04-03
2015-07-01 20:33:19,391 Starting Training from 2015-03-04 to 2015-04-03
2015-07-01 20:37:46,138 Starting Live from 2015-04-04 to 2015-04-10
2015-07-01 20:47:49,915 Starting Q Learning for : 
2015-07-01 20:47:49,917 alpha = 0.2
2015-07-01 20:47:49,917 gamma = 0.6
2015-07-01 20:47:49,917 individual factor = 10
2015-07-01 20:47:49,917 zero range = 0.002
2015-07-01 20:47:49,917 greedy level = 5
2015-07-01 20:47:49,917 

2015-07-01 20:48:01,102 Starting Training from 2015-01-01 to 2015-01-31
2015-07-01 21:14:10,638 Starting Live from 2015-02-01 to 2015-03-03
2015-07-01 21:38:25,635 Starting Training from 2015-02-01 to 2015-03-03
2015-07-01 21:41:25,378 Starting Live from 2015-03-04 to 2015-04-03
2015-07-01 22:14:46,328 Starting Training from 2015-03-04 to 2015-04-03
2015-07-01 22:18:24,382 Starting Live from 2015-04-04 to 2015-04-10
2015-07-01 22:26:37,630 Starting Q Learning for : 
2015-07-01 22:26:37,630 alpha = 0.6
2015-07-01 22:26:37,630 gamma = 0.5
2015-07-01 22:26:37,630 individual factor = 10
2015-07-01 22:26:37,630 zero range = 0.006
2015-07-01 22:26:37,630 greedy level = 5
2015-07-01 22:26:37,630 

2015-07-01 22:26:43,040 Starting Training from 2015-01-01 to 2015-01-31
2015-07-01 22:52:08,410 Starting Live from 2015-02-01 to 2015-03-03
2015-07-01 23:16:26,954 Starting Training from 2015-02-01 to 2015-03-03
2015-07-01 23:19:34,125 Starting Live from 2015-03-04 to 2015-04-03
2015-07-02 01:37:07,102 Starting Training from 2015-03-04 to 2015-04-03
2015-07-02 01:40:00,019 Starting Live from 2015-04-04 to 2015-04-10
2015-07-02 01:49:26,974 Starting Q Learning for : 
2015-07-02 01:49:26,976 alpha = 0.6
2015-07-02 01:49:26,976 gamma = 0.6
2015-07-02 01:49:26,976 individual factor = 10
2015-07-02 01:49:26,976 zero range = 0.006
2015-07-02 01:49:26,976 greedy level = 5
2015-07-02 01:49:26,976 

2015-07-02 01:49:32,608 Starting Training from 2015-01-01 to 2015-01-31
2015-07-02 02:13:23,947 Starting Live from 2015-02-01 to 2015-03-03
2015-07-02 02:34:53,088 Starting Training from 2015-02-01 to 2015-03-03
2015-07-02 02:37:44,618 Starting Live from 2015-03-04 to 2015-04-03
2015-07-02 03:01:07,355 Starting Training from 2015-03-04 to 2015-04-03
2015-07-02 03:05:26,526 Starting Live from 2015-04-04 to 2015-04-10
2015-07-02 03:14:52,453 Starting Q Learning for : 
2015-07-02 03:14:52,453 alpha = 0.8
2015-07-02 03:14:52,453 gamma = 0.5
2015-07-02 03:14:52,453 individual factor = 10
2015-07-02 03:14:52,453 zero range = 0.01
2015-07-02 03:14:52,453 greedy level = 5
2015-07-02 03:14:52,453 

2015-07-02 03:14:59,561 Starting Training from 2015-01-01 to 2015-01-31
2015-07-02 03:38:15,940 Starting Live from 2015-02-01 to 2015-03-03
2015-07-02 03:59:37,036 Starting Training from 2015-02-01 to 2015-03-03
2015-07-02 04:03:02,364 Starting Live from 2015-03-04 to 2015-04-03
2015-07-02 04:28:22,428 Starting Training from 2015-03-04 to 2015-04-03
2015-07-02 04:33:24,427 Starting Live from 2015-04-04 to 2015-04-10
2015-07-02 04:43:40,233 Starting Q Learning for : 
2015-07-02 04:43:40,233 alpha = 0.8
2015-07-02 04:43:40,233 gamma = 0.6
2015-07-02 04:43:40,233 individual factor = 10
2015-07-02 04:43:40,233 zero range = 0.01
2015-07-02 04:43:40,233 greedy level = 5
2015-07-02 04:43:40,233 

2015-07-02 04:43:45,687 Starting Training from 2015-01-01 to 2015-01-31
2015-07-02 05:06:03,316 Starting Live from 2015-02-01 to 2015-03-03
2015-07-02 05:26:58,828 Starting Training from 2015-02-01 to 2015-03-03
2015-07-02 05:29:39,869 Starting Live from 2015-03-04 to 2015-04-03
2015-07-02 07:01:32,723 Starting Training from 2015-03-04 to 2015-04-03
2015-07-02 07:04:55,812 Starting Live from 2015-04-04 to 2015-04-10
