2015-07-01 19:00:16,812 Starting Q Learning for : 
2015-07-01 19:00:16,812 alpha = 0.5
2015-07-01 19:00:16,812 gamma = 0.5
2015-07-01 19:00:16,812 individual factor = 10
2015-07-01 19:00:16,812 zero range = 0.006
2015-07-01 19:00:16,812 greedy level = 5
2015-07-01 19:00:16,812 

2015-07-01 19:01:32,592 Starting Training from 2015-01-01 to 2015-01-31
2015-07-01 19:30:20,700 Starting Live from 2015-02-01 to 2015-03-03
2015-07-01 19:56:33,743 Starting Training from 2015-02-01 to 2015-03-03
2015-07-01 19:59:53,877 Starting Live from 2015-03-04 to 2015-04-03
2015-07-01 20:29:25,036 Starting Training from 2015-03-04 to 2015-04-03
2015-07-01 20:33:32,802 Starting Live from 2015-04-04 to 2015-04-10
2015-07-01 20:39:37,865 Starting Q Learning for : 
2015-07-01 20:39:37,865 alpha = 0.5
2015-07-01 20:39:37,865 gamma = 0.6
2015-07-01 20:39:37,865 individual factor = 10
2015-07-01 20:39:37,865 zero range = 0.006
2015-07-01 20:39:37,865 greedy level = 5
2015-07-01 20:39:37,865 

2015-07-01 20:39:43,262 Starting Training from 2015-01-01 to 2015-01-31
2015-07-01 21:05:22,275 Starting Live from 2015-02-01 to 2015-03-03
2015-07-01 21:29:10,678 Starting Training from 2015-02-01 to 2015-03-03
2015-07-01 21:32:23,230 Starting Live from 2015-03-04 to 2015-04-03
2015-07-01 21:57:58,849 Starting Training from 2015-03-04 to 2015-04-03
2015-07-01 22:02:09,193 Starting Live from 2015-04-04 to 2015-04-10
2015-07-01 22:08:00,674 Starting Q Learning for : 
2015-07-01 22:08:00,674 alpha = 0.4
2015-07-01 22:08:00,674 gamma = 0.3
2015-07-01 22:08:00,674 individual factor = 10
2015-07-01 22:08:00,674 zero range = 0.006
2015-07-01 22:08:00,674 greedy level = 5
2015-07-01 22:08:00,674 

2015-07-01 22:08:07,211 Starting Training from 2015-01-01 to 2015-01-31
2015-07-01 22:33:31,441 Starting Live from 2015-02-01 to 2015-03-03
2015-07-01 22:57:13,802 Starting Training from 2015-02-01 to 2015-03-03
2015-07-01 23:00:23,582 Starting Live from 2015-03-04 to 2015-04-03
2015-07-01 23:38:59,842 Starting Training from 2015-03-04 to 2015-04-03
2015-07-01 23:42:29,680 Starting Live from 2015-04-04 to 2015-04-10
2015-07-01 23:55:18,897 Starting Q Learning for : 
2015-07-01 23:55:18,897 alpha = 0.4
2015-07-01 23:55:18,897 gamma = 0.4
2015-07-01 23:55:18,898 individual factor = 10
2015-07-01 23:55:18,898 zero range = 0.006
2015-07-01 23:55:18,898 greedy level = 5
2015-07-01 23:55:18,898 

2015-07-01 23:55:24,848 Starting Training from 2015-01-01 to 2015-01-31
2015-07-02 00:20:06,507 Starting Live from 2015-02-01 to 2015-03-03
2015-07-02 00:41:53,657 Starting Training from 2015-02-01 to 2015-03-03
2015-07-02 00:44:36,713 Starting Live from 2015-03-04 to 2015-04-03
2015-07-02 01:09:23,437 Starting Training from 2015-03-04 to 2015-04-03
2015-07-02 01:13:04,773 Starting Live from 2015-04-04 to 2015-04-10
2015-07-02 01:22:41,559 Starting Q Learning for : 
2015-07-02 01:22:41,559 alpha = 0.4
2015-07-02 01:22:41,559 gamma = 0.5
2015-07-02 01:22:41,559 individual factor = 10
2015-07-02 01:22:41,561 zero range = 0.01
2015-07-02 01:22:41,561 greedy level = 5
2015-07-02 01:22:41,561 

2015-07-02 01:22:49,084 Starting Training from 2015-01-01 to 2015-01-31
2015-07-02 01:46:44,374 Starting Live from 2015-02-01 to 2015-03-03
2015-07-02 02:08:42,562 Starting Training from 2015-02-01 to 2015-03-03
2015-07-02 02:11:49,174 Starting Live from 2015-03-04 to 2015-04-03
2015-07-02 02:44:57,908 Starting Training from 2015-03-04 to 2015-04-03
2015-07-02 02:48:31,980 Starting Live from 2015-04-04 to 2015-04-10
2015-07-02 03:09:24,641 Starting Q Learning for : 
2015-07-02 03:09:24,641 alpha = 0.4
2015-07-02 03:09:24,641 gamma = 0.6
2015-07-02 03:09:24,641 individual factor = 10
2015-07-02 03:09:24,641 zero range = 0.01
2015-07-02 03:09:24,641 greedy level = 5
2015-07-02 03:09:24,641 

2015-07-02 03:09:30,038 Starting Training from 2015-01-01 to 2015-01-31
2015-07-02 03:32:46,188 Starting Live from 2015-02-01 to 2015-03-03
2015-07-02 03:54:30,845 Starting Training from 2015-02-01 to 2015-03-03
2015-07-02 03:57:18,158 Starting Live from 2015-03-04 to 2015-04-03
2015-07-02 04:28:13,621 Starting Training from 2015-03-04 to 2015-04-03
2015-07-02 04:31:33,832 Starting Live from 2015-04-04 to 2015-04-10
