2015-07-01 19:00:16,792 Starting Q Learning for : 
2015-07-01 19:00:16,792 alpha = 0.4
2015-07-01 19:00:16,793 gamma = 0.3
2015-07-01 19:00:16,793 individual factor = 10
2015-07-01 19:00:16,793 zero range = 0.002
2015-07-01 19:00:16,793 greedy level = 5
2015-07-01 19:00:16,793 

2015-07-01 19:01:49,592 Starting Training from 2015-01-01 to 2015-01-31
2015-07-01 19:30:41,131 Starting Live from 2015-02-01 to 2015-03-03
2015-07-01 19:57:21,076 Starting Training from 2015-02-01 to 2015-03-03
2015-07-01 20:00:45,835 Starting Live from 2015-03-04 to 2015-04-03
2015-07-01 20:32:27,122 Starting Training from 2015-03-04 to 2015-04-03
2015-07-01 20:37:09,868 Starting Live from 2015-04-04 to 2015-04-10
2015-07-01 20:48:27,407 Starting Q Learning for : 
2015-07-01 20:48:27,407 alpha = 0.4
2015-07-01 20:48:27,407 gamma = 0.4
2015-07-01 20:48:27,407 individual factor = 10
2015-07-01 20:48:27,407 zero range = 0.002
2015-07-01 20:48:27,408 greedy level = 5
2015-07-01 20:48:27,408 

2015-07-01 20:48:35,461 Starting Training from 2015-01-01 to 2015-01-31
2015-07-01 21:14:39,061 Starting Live from 2015-02-01 to 2015-03-03
2015-07-01 21:38:40,240 Starting Training from 2015-02-01 to 2015-03-03
2015-07-01 21:41:40,161 Starting Live from 2015-03-04 to 2015-04-03
2015-07-01 22:12:35,230 Starting Training from 2015-03-04 to 2015-04-03
2015-07-01 22:17:19,224 Starting Live from 2015-04-04 to 2015-04-10
2015-07-01 22:32:52,674 Starting Q Learning for : 
2015-07-01 22:32:52,674 alpha = 0.6
2015-07-01 22:32:52,674 gamma = 0.7
2015-07-01 22:32:52,674 individual factor = 10
2015-07-01 22:32:52,674 zero range = 0.006
2015-07-01 22:32:52,674 greedy level = 5
2015-07-01 22:32:52,674 

2015-07-01 22:32:57,930 Starting Training from 2015-01-01 to 2015-01-31
2015-07-01 22:58:26,471 Starting Live from 2015-02-01 to 2015-03-03
2015-07-01 23:21:40,342 Starting Training from 2015-02-01 to 2015-03-03
2015-07-01 23:24:47,286 Starting Live from 2015-03-04 to 2015-04-03
2015-07-02 00:02:38,796 Starting Training from 2015-03-04 to 2015-04-03
2015-07-02 00:06:30,798 Starting Live from 2015-04-04 to 2015-04-10
2015-07-02 00:25:33,515 Starting Q Learning for : 
2015-07-02 00:25:33,515 alpha = 0.6
2015-07-02 00:25:33,515 gamma = 0.8
2015-07-02 00:25:33,515 individual factor = 10
2015-07-02 00:25:33,515 zero range = 0.006
2015-07-02 00:25:33,515 greedy level = 5
2015-07-02 00:25:33,515 

2015-07-02 00:25:38,786 Starting Training from 2015-01-01 to 2015-01-31
2015-07-02 00:49:58,085 Starting Live from 2015-02-01 to 2015-03-03
2015-07-02 01:11:29,858 Starting Training from 2015-02-01 to 2015-03-03
2015-07-02 01:14:17,821 Starting Live from 2015-03-04 to 2015-04-03
2015-07-02 01:37:52,678 Starting Training from 2015-03-04 to 2015-04-03
2015-07-02 01:40:57,760 Starting Live from 2015-04-04 to 2015-04-10
2015-07-02 01:46:58,653 Starting Q Learning for : 
2015-07-02 01:46:58,653 alpha = 0.6
2015-07-02 01:46:58,653 gamma = 0.1
2015-07-02 01:46:58,653 individual factor = 10
2015-07-02 01:46:58,654 zero range = 0.01
2015-07-02 01:46:58,654 greedy level = 5
2015-07-02 01:46:58,654 

2015-07-02 01:47:04,477 Starting Training from 2015-01-01 to 2015-01-31
2015-07-02 02:10:51,056 Starting Live from 2015-02-01 to 2015-03-03
2015-07-02 02:32:56,592 Starting Training from 2015-02-01 to 2015-03-03
2015-07-02 02:35:55,973 Starting Live from 2015-03-04 to 2015-04-03
2015-07-02 02:59:36,020 Starting Training from 2015-03-04 to 2015-04-03
2015-07-02 03:03:33,532 Starting Live from 2015-04-04 to 2015-04-10
2015-07-02 03:12:36,831 Starting Q Learning for : 
2015-07-02 03:12:36,831 alpha = 0.6
2015-07-02 03:12:36,831 gamma = 0.2
2015-07-02 03:12:36,832 individual factor = 10
2015-07-02 03:12:36,832 zero range = 0.01
2015-07-02 03:12:36,832 greedy level = 5
2015-07-02 03:12:36,832 

2015-07-02 03:12:42,259 Starting Training from 2015-01-01 to 2015-01-31
2015-07-02 03:36:01,963 Starting Live from 2015-02-01 to 2015-03-03
2015-07-02 03:58:33,880 Starting Training from 2015-02-01 to 2015-03-03
2015-07-02 04:01:54,930 Starting Live from 2015-03-04 to 2015-04-03
2015-07-02 05:11:23,403 Starting Training from 2015-03-04 to 2015-04-03
2015-07-02 05:14:09,859 Starting Live from 2015-04-04 to 2015-04-10
