2015-07-01 19:00:16,812 Starting Q Learning for : 
2015-07-01 19:00:16,812 alpha = 0.4
2015-07-01 19:00:16,812 gamma = 0.1
2015-07-01 19:00:16,812 individual factor = 10
2015-07-01 19:00:16,812 zero range = 0.006
2015-07-01 19:00:16,812 greedy level = 5
2015-07-01 19:00:16,812 

2015-07-01 19:01:51,132 Starting Training from 2015-01-01 to 2015-01-31
2015-07-01 19:31:04,342 Starting Live from 2015-02-01 to 2015-03-03
2015-07-01 19:58:03,381 Starting Training from 2015-02-01 to 2015-03-03
2015-07-01 20:01:41,398 Starting Live from 2015-03-04 to 2015-04-03
2015-07-01 20:37:17,150 Starting Training from 2015-03-04 to 2015-04-03
2015-07-01 20:40:52,676 Starting Live from 2015-04-04 to 2015-04-10
2015-07-01 20:54:09,532 Starting Q Learning for : 
2015-07-01 20:54:09,532 alpha = 0.4
2015-07-01 20:54:09,532 gamma = 0.2
2015-07-01 20:54:09,532 individual factor = 10
2015-07-01 20:54:09,532 zero range = 0.006
2015-07-01 20:54:09,532 greedy level = 5
2015-07-01 20:54:09,532 

2015-07-01 20:54:14,903 Starting Training from 2015-01-01 to 2015-01-31
2015-07-01 21:20:18,792 Starting Live from 2015-02-01 to 2015-03-03
2015-07-01 21:44:26,892 Starting Training from 2015-02-01 to 2015-03-03
2015-07-01 21:47:37,170 Starting Live from 2015-03-04 to 2015-04-03
2015-07-01 22:21:36,703 Starting Training from 2015-03-04 to 2015-04-03
2015-07-01 22:26:02,447 Starting Live from 2015-04-04 to 2015-04-10
2015-07-01 22:37:09,704 Starting Q Learning for : 
2015-07-01 22:37:09,706 alpha = 0.2
2015-07-01 22:37:09,706 gamma = 0.3
2015-07-01 22:37:09,706 individual factor = 10
2015-07-01 22:37:09,706 zero range = 0.006
2015-07-01 22:37:09,706 greedy level = 5
2015-07-01 22:37:09,706 

2015-07-01 22:37:14,733 Starting Training from 2015-01-01 to 2015-01-31
2015-07-01 23:02:58,497 Starting Live from 2015-02-01 to 2015-03-03
2015-07-01 23:27:08,260 Starting Training from 2015-02-01 to 2015-03-03
2015-07-01 23:30:51,203 Starting Live from 2015-03-04 to 2015-04-03
2015-07-02 00:08:10,477 Starting Training from 2015-03-04 to 2015-04-03
2015-07-02 00:11:28,766 Starting Live from 2015-04-04 to 2015-04-10
2015-07-02 00:30:18,634 Starting Q Learning for : 
2015-07-02 00:30:18,634 alpha = 0.2
2015-07-02 00:30:18,634 gamma = 0.4
2015-07-02 00:30:18,634 individual factor = 10
2015-07-02 00:30:18,634 zero range = 0.006
2015-07-02 00:30:18,634 greedy level = 5
2015-07-02 00:30:18,634 

2015-07-02 00:30:23,858 Starting Training from 2015-01-01 to 2015-01-31
2015-07-02 00:54:20,823 Starting Live from 2015-02-01 to 2015-03-03
2015-07-02 01:16:51,493 Starting Training from 2015-02-01 to 2015-03-03
2015-07-02 01:19:42,443 Starting Live from 2015-03-04 to 2015-04-03
2015-07-02 01:53:01,589 Starting Training from 2015-03-04 to 2015-04-03
2015-07-02 01:56:10,997 Starting Live from 2015-04-04 to 2015-04-10
2015-07-02 02:12:43,785 Starting Q Learning for : 
2015-07-02 02:12:43,785 alpha = 0.2
2015-07-02 02:12:43,786 gamma = 0.5
2015-07-02 02:12:43,786 individual factor = 10
2015-07-02 02:12:43,786 zero range = 0.01
2015-07-02 02:12:43,786 greedy level = 5
2015-07-02 02:12:43,786 

2015-07-02 02:12:49,253 Starting Training from 2015-01-01 to 2015-01-31
2015-07-02 02:37:01,757 Starting Live from 2015-02-01 to 2015-03-03
2015-07-02 02:59:21,427 Starting Training from 2015-02-01 to 2015-03-03
2015-07-02 03:02:11,575 Starting Live from 2015-03-04 to 2015-04-03
2015-07-02 03:33:56,094 Starting Training from 2015-03-04 to 2015-04-03
2015-07-02 03:38:55,911 Starting Live from 2015-04-04 to 2015-04-10
2015-07-02 03:56:55,042 Starting Q Learning for : 
2015-07-02 03:56:55,042 alpha = 0.2
2015-07-02 03:56:55,042 gamma = 0.6
2015-07-02 03:56:55,042 individual factor = 10
2015-07-02 03:56:55,042 zero range = 0.01
2015-07-02 03:56:55,042 greedy level = 5
2015-07-02 03:56:55,042 

2015-07-02 03:57:00,690 Starting Training from 2015-01-01 to 2015-01-31
2015-07-02 04:20:26,697 Starting Live from 2015-02-01 to 2015-03-03
2015-07-02 04:40:56,766 Starting Training from 2015-02-01 to 2015-03-03
2015-07-02 04:43:36,683 Starting Live from 2015-03-04 to 2015-04-03
2015-07-02 05:06:07,426 Starting Training from 2015-03-04 to 2015-04-03
2015-07-02 05:11:45,635 Starting Live from 2015-04-04 to 2015-04-10
