2015-07-01 19:00:16,798 Starting Q Learning for : 
2015-07-01 19:00:16,799 alpha = 0.4
2015-07-01 19:00:16,799 gamma = 0.7
2015-07-01 19:00:16,799 individual factor = 10
2015-07-01 19:00:16,799 zero range = 0.002
2015-07-01 19:00:16,799 greedy level = 5
2015-07-01 19:00:16,799 

2015-07-01 19:01:33,009 Starting Training from 2015-01-01 to 2015-01-31
2015-07-01 19:30:52,036 Starting Live from 2015-02-01 to 2015-03-03
2015-07-01 19:57:46,174 Starting Training from 2015-02-01 to 2015-03-03
2015-07-01 20:01:21,502 Starting Live from 2015-03-04 to 2015-04-03
2015-07-01 20:35:21,720 Starting Training from 2015-03-04 to 2015-04-03
2015-07-01 20:38:49,414 Starting Live from 2015-04-04 to 2015-04-10
2015-07-01 20:47:51,572 Starting Q Learning for : 
2015-07-01 20:47:51,573 alpha = 0.4
2015-07-01 20:47:51,573 gamma = 0.8
2015-07-01 20:47:51,573 individual factor = 10
2015-07-01 20:47:51,573 zero range = 0.002
2015-07-01 20:47:51,573 greedy level = 5
2015-07-01 20:47:51,573 

2015-07-01 20:48:01,984 Starting Training from 2015-01-01 to 2015-01-31
2015-07-01 21:14:39,605 Starting Live from 2015-02-01 to 2015-03-03
2015-07-01 21:38:52,483 Starting Training from 2015-02-01 to 2015-03-03
2015-07-01 21:41:53,775 Starting Live from 2015-03-04 to 2015-04-03
2015-07-01 22:11:47,615 Starting Training from 2015-03-04 to 2015-04-03
2015-07-01 22:15:12,391 Starting Live from 2015-04-04 to 2015-04-10
2015-07-01 22:23:50,789 Starting Q Learning for : 
2015-07-01 22:23:50,789 alpha = 0.6
2015-07-01 22:23:50,789 gamma = 0.3
2015-07-01 22:23:50,789 individual factor = 10
2015-07-01 22:23:50,789 zero range = 0.006
2015-07-01 22:23:50,789 greedy level = 5
2015-07-01 22:23:50,789 

2015-07-01 22:23:57,558 Starting Training from 2015-01-01 to 2015-01-31
2015-07-01 22:49:42,359 Starting Live from 2015-02-01 to 2015-03-03
2015-07-01 23:13:54,744 Starting Training from 2015-02-01 to 2015-03-03
2015-07-01 23:16:57,548 Starting Live from 2015-03-04 to 2015-04-03
2015-07-01 23:52:57,618 Starting Training from 2015-03-04 to 2015-04-03
2015-07-01 23:56:15,967 Starting Live from 2015-04-04 to 2015-04-10
2015-07-02 00:11:01,930 Starting Q Learning for : 
2015-07-02 00:11:01,930 alpha = 0.6
2015-07-02 00:11:01,930 gamma = 0.4
2015-07-02 00:11:01,930 individual factor = 10
2015-07-02 00:11:01,930 zero range = 0.006
2015-07-02 00:11:01,930 greedy level = 5
2015-07-02 00:11:01,930 

2015-07-02 00:11:07,450 Starting Training from 2015-01-01 to 2015-01-31
2015-07-02 00:35:23,239 Starting Live from 2015-02-01 to 2015-03-03
2015-07-02 00:57:39,736 Starting Training from 2015-02-01 to 2015-03-03
2015-07-02 01:01:13,176 Starting Live from 2015-03-04 to 2015-04-03
2015-07-02 01:37:42,460 Starting Training from 2015-03-04 to 2015-04-03
2015-07-02 01:40:47,581 Starting Live from 2015-04-04 to 2015-04-10
2015-07-02 02:02:06,831 Starting Q Learning for : 
2015-07-02 02:02:06,831 alpha = 0.2
2015-07-02 02:02:06,832 gamma = 0.1
2015-07-02 02:02:06,832 individual factor = 10
2015-07-02 02:02:06,832 zero range = 0.01
2015-07-02 02:02:06,832 greedy level = 5
2015-07-02 02:02:06,832 

2015-07-02 02:02:13,378 Starting Training from 2015-01-01 to 2015-01-31
2015-07-02 02:26:21,066 Starting Live from 2015-02-01 to 2015-03-03
2015-07-02 02:48:03,568 Starting Training from 2015-02-01 to 2015-03-03
2015-07-02 02:50:59,209 Starting Live from 2015-03-04 to 2015-04-03
2015-07-02 03:18:50,063 Starting Training from 2015-03-04 to 2015-04-03
2015-07-02 03:21:44,118 Starting Live from 2015-04-04 to 2015-04-10
2015-07-02 03:37:14,377 Starting Q Learning for : 
2015-07-02 03:37:14,377 alpha = 0.2
2015-07-02 03:37:14,377 gamma = 0.2
2015-07-02 03:37:14,377 individual factor = 10
2015-07-02 03:37:14,377 zero range = 0.01
2015-07-02 03:37:14,377 greedy level = 5
2015-07-02 03:37:14,377 

2015-07-02 03:37:21,144 Starting Training from 2015-01-01 to 2015-01-31
2015-07-02 04:01:06,163 Starting Live from 2015-02-01 to 2015-03-03
2015-07-02 04:22:13,016 Starting Training from 2015-02-01 to 2015-03-03
2015-07-02 04:25:38,355 Starting Live from 2015-03-04 to 2015-04-03
2015-07-02 04:49:13,901 Starting Training from 2015-03-04 to 2015-04-03
2015-07-02 04:53:00,000 Starting Live from 2015-04-04 to 2015-04-10
