2015-07-01 19:00:16,792 Starting Q Learning for : 
2015-07-01 19:00:16,793 alpha = 0.4
2015-07-01 19:00:16,793 gamma = 0.5
2015-07-01 19:00:16,793 individual factor = 10
2015-07-01 19:00:16,793 zero range = 0.002
2015-07-01 19:00:16,793 greedy level = 5
2015-07-01 19:00:16,793 

2015-07-01 19:01:49,868 Starting Training from 2015-01-01 to 2015-01-31
2015-07-01 19:30:35,724 Starting Live from 2015-02-01 to 2015-03-03
2015-07-01 19:56:59,368 Starting Training from 2015-02-01 to 2015-03-03
2015-07-01 20:00:19,352 Starting Live from 2015-03-04 to 2015-04-03
2015-07-01 20:31:06,165 Starting Training from 2015-03-04 to 2015-04-03
2015-07-01 20:35:38,510 Starting Live from 2015-04-04 to 2015-04-10
2015-07-01 20:44:20,236 Starting Q Learning for : 
2015-07-01 20:44:20,236 alpha = 0.4
2015-07-01 20:44:20,236 gamma = 0.6
2015-07-01 20:44:20,236 individual factor = 10
2015-07-01 20:44:20,236 zero range = 0.002
2015-07-01 20:44:20,236 greedy level = 5
2015-07-01 20:44:20,236 

2015-07-01 20:44:25,982 Starting Training from 2015-01-01 to 2015-01-31
2015-07-01 21:10:51,430 Starting Live from 2015-02-01 to 2015-03-03
2015-07-01 21:35:53,749 Starting Training from 2015-02-01 to 2015-03-03
2015-07-01 21:38:57,720 Starting Live from 2015-03-04 to 2015-04-03
2015-07-01 22:23:47,388 Starting Training from 2015-03-04 to 2015-04-03
2015-07-01 22:27:23,447 Starting Live from 2015-04-04 to 2015-04-10
2015-07-01 23:09:52,828 Starting Q Learning for : 
2015-07-01 23:09:52,829 alpha = 0.5
2015-07-01 23:09:52,829 gamma = 0.1
2015-07-01 23:09:52,829 individual factor = 10
2015-07-01 23:09:52,829 zero range = 0.01
2015-07-01 23:09:52,829 greedy level = 5
2015-07-01 23:09:52,829 

2015-07-01 23:09:58,618 Starting Training from 2015-01-01 to 2015-01-31
2015-07-01 23:35:15,256 Starting Live from 2015-02-01 to 2015-03-03
2015-07-01 23:58:36,342 Starting Training from 2015-02-01 to 2015-03-03
2015-07-02 00:01:40,483 Starting Live from 2015-03-04 to 2015-04-03
2015-07-02 00:45:19,000 Starting Training from 2015-03-04 to 2015-04-03
2015-07-02 00:49:17,950 Starting Live from 2015-04-04 to 2015-04-10
2015-07-02 01:08:57,260 Starting Q Learning for : 
2015-07-02 01:08:57,260 alpha = 0.5
2015-07-02 01:08:57,260 gamma = 0.2
2015-07-02 01:08:57,260 individual factor = 10
2015-07-02 01:08:57,260 zero range = 0.01
2015-07-02 01:08:57,260 greedy level = 5
2015-07-02 01:08:57,262 

2015-07-02 01:09:03,329 Starting Training from 2015-01-01 to 2015-01-31
2015-07-02 01:32:28,450 Starting Live from 2015-02-01 to 2015-03-03
2015-07-02 01:54:02,437 Starting Training from 2015-02-01 to 2015-03-03
2015-07-02 01:56:55,650 Starting Live from 2015-03-04 to 2015-04-03
2015-07-02 02:20:37,605 Starting Training from 2015-03-04 to 2015-04-03
2015-07-02 02:24:52,746 Starting Live from 2015-04-04 to 2015-04-10
2015-07-02 02:34:15,816 Starting Q Learning for : 
2015-07-02 02:34:15,816 alpha = 0.8
2015-07-02 02:34:15,816 gamma = 0.1
2015-07-02 02:34:15,816 individual factor = 10
2015-07-02 02:34:15,816 zero range = 0.01
2015-07-02 02:34:15,816 greedy level = 5
2015-07-02 02:34:15,816 

2015-07-02 02:34:21,757 Starting Training from 2015-01-01 to 2015-01-31
2015-07-02 02:58:08,401 Starting Live from 2015-02-01 to 2015-03-03
2015-07-02 03:19:21,181 Starting Training from 2015-02-01 to 2015-03-03
2015-07-02 03:22:10,319 Starting Live from 2015-03-04 to 2015-04-03
2015-07-02 03:47:58,973 Starting Training from 2015-03-04 to 2015-04-03
2015-07-02 03:52:25,145 Starting Live from 2015-04-04 to 2015-04-10
2015-07-02 04:03:48,072 Starting Q Learning for : 
2015-07-02 04:03:48,072 alpha = 0.8
2015-07-02 04:03:48,072 gamma = 0.2
2015-07-02 04:03:48,072 individual factor = 10
2015-07-02 04:03:48,072 zero range = 0.01
2015-07-02 04:03:48,072 greedy level = 5
2015-07-02 04:03:48,072 

2015-07-02 04:03:54,059 Starting Training from 2015-01-01 to 2015-01-31
2015-07-02 04:27:01,928 Starting Live from 2015-02-01 to 2015-03-03
2015-07-02 04:47:24,000 Starting Training from 2015-02-01 to 2015-03-03
2015-07-02 04:50:13,724 Starting Live from 2015-03-04 to 2015-04-03
2015-07-02 05:16:10,013 Starting Training from 2015-03-04 to 2015-04-03
2015-07-02 05:20:14,549 Starting Live from 2015-04-04 to 2015-04-10
