2015-07-01 19:00:16,812 Starting Q Learning for : 
2015-07-01 19:00:16,813 alpha = 0.5
2015-07-01 19:00:16,813 gamma = 0.7
2015-07-01 19:00:16,813 individual factor = 10
2015-07-01 19:00:16,813 zero range = 0.006
2015-07-01 19:00:16,813 greedy level = 5
2015-07-01 19:00:16,813 

2015-07-01 19:01:26,026 Starting Training from 2015-01-01 to 2015-01-31
2015-07-01 19:30:39,355 Starting Live from 2015-02-01 to 2015-03-03
2015-07-01 19:56:35,556 Starting Training from 2015-02-01 to 2015-03-03
2015-07-01 19:59:56,255 Starting Live from 2015-03-04 to 2015-04-03
2015-07-01 20:27:24,612 Starting Training from 2015-03-04 to 2015-04-03
2015-07-01 20:31:58,369 Starting Live from 2015-04-04 to 2015-04-10
2015-07-01 20:38:43,548 Starting Q Learning for : 
2015-07-01 20:38:43,548 alpha = 0.5
2015-07-01 20:38:43,548 gamma = 0.8
2015-07-01 20:38:43,548 individual factor = 10
2015-07-01 20:38:43,548 zero range = 0.006
2015-07-01 20:38:43,548 greedy level = 5
2015-07-01 20:38:43,548 

2015-07-01 20:38:49,361 Starting Training from 2015-01-01 to 2015-01-31
2015-07-01 21:04:50,423 Starting Live from 2015-02-01 to 2015-03-03
2015-07-01 21:28:54,470 Starting Training from 2015-02-01 to 2015-03-03
2015-07-01 21:32:05,752 Starting Live from 2015-03-04 to 2015-04-03
2015-07-01 22:03:16,766 Starting Training from 2015-03-04 to 2015-04-03
2015-07-01 22:06:47,178 Starting Live from 2015-04-04 to 2015-04-10
2015-07-01 22:15:59,875 Starting Q Learning for : 
2015-07-01 22:15:59,875 alpha = 0.4
2015-07-01 22:15:59,877 gamma = 0.7
2015-07-01 22:15:59,877 individual factor = 10
2015-07-01 22:15:59,877 zero range = 0.006
2015-07-01 22:15:59,877 greedy level = 5
2015-07-01 22:15:59,877 

2015-07-01 22:16:06,440 Starting Training from 2015-01-01 to 2015-01-31
2015-07-01 22:42:12,043 Starting Live from 2015-02-01 to 2015-03-03
2015-07-01 23:05:48,318 Starting Training from 2015-02-01 to 2015-03-03
2015-07-01 23:09:14,720 Starting Live from 2015-03-04 to 2015-04-03
2015-07-01 23:34:29,414 Starting Training from 2015-03-04 to 2015-04-03
2015-07-01 23:38:45,148 Starting Live from 2015-04-04 to 2015-04-10
2015-07-01 23:44:53,326 Starting Q Learning for : 
2015-07-01 23:44:53,326 alpha = 0.4
2015-07-01 23:44:53,326 gamma = 0.8
2015-07-01 23:44:53,326 individual factor = 10
2015-07-01 23:44:53,326 zero range = 0.006
2015-07-01 23:44:53,326 greedy level = 5
2015-07-01 23:44:53,326 

2015-07-01 23:44:59,796 Starting Training from 2015-01-01 to 2015-01-31
2015-07-02 00:10:40,466 Starting Live from 2015-02-01 to 2015-03-03
2015-07-02 00:32:05,894 Starting Training from 2015-02-01 to 2015-03-03
2015-07-02 00:35:09,553 Starting Live from 2015-03-04 to 2015-04-03
2015-07-02 00:55:46,858 Starting Training from 2015-03-04 to 2015-04-03
2015-07-02 01:01:47,151 Starting Live from 2015-04-04 to 2015-04-10
2015-07-02 01:07:05,025 Starting Q Learning for : 
2015-07-02 01:07:05,025 alpha = 0.4
2015-07-02 01:07:05,025 gamma = 0.1
2015-07-02 01:07:05,025 individual factor = 10
2015-07-02 01:07:05,025 zero range = 0.01
2015-07-02 01:07:05,025 greedy level = 5
2015-07-02 01:07:05,025 

2015-07-02 01:07:10,548 Starting Training from 2015-01-01 to 2015-01-31
2015-07-02 01:30:54,184 Starting Live from 2015-02-01 to 2015-03-03
2015-07-02 01:52:42,252 Starting Training from 2015-02-01 to 2015-03-03
2015-07-02 01:55:37,497 Starting Live from 2015-03-04 to 2015-04-03
2015-07-02 02:25:10,213 Starting Training from 2015-03-04 to 2015-04-03
2015-07-02 02:28:06,920 Starting Live from 2015-04-04 to 2015-04-10
2015-07-02 02:35:25,513 Starting Q Learning for : 
2015-07-02 02:35:25,513 alpha = 0.4
2015-07-02 02:35:25,513 gamma = 0.2
2015-07-02 02:35:25,513 individual factor = 10
2015-07-02 02:35:25,513 zero range = 0.01
2015-07-02 02:35:25,513 greedy level = 5
2015-07-02 02:35:25,513 

2015-07-02 02:35:31,904 Starting Training from 2015-01-01 to 2015-01-31
2015-07-02 02:59:30,605 Starting Live from 2015-02-01 to 2015-03-03
2015-07-02 03:21:21,009 Starting Training from 2015-02-01 to 2015-03-03
2015-07-02 03:24:09,523 Starting Live from 2015-03-04 to 2015-04-03
2015-07-02 03:56:18,045 Starting Training from 2015-03-04 to 2015-04-03
2015-07-02 03:59:25,944 Starting Live from 2015-04-04 to 2015-04-10
