2015-07-01 19:00:16,734 Starting Q Learning for : 
2015-07-01 19:00:16,734 alpha = 0.5
2015-07-01 19:00:16,734 gamma = 0.1
2015-07-01 19:00:16,736 individual factor = 10
2015-07-01 19:00:16,736 zero range = 0.002
2015-07-01 19:00:16,736 greedy level = 5
2015-07-01 19:00:16,736 

2015-07-01 19:01:27,224 Starting Training from 2015-01-01 to 2015-01-31
2015-07-01 19:30:41,332 Starting Live from 2015-02-01 to 2015-03-03
2015-07-01 19:57:43,631 Starting Training from 2015-02-01 to 2015-03-03
2015-07-01 20:01:19,901 Starting Live from 2015-03-04 to 2015-04-03
2015-07-01 21:06:41,308 Starting Training from 2015-03-04 to 2015-04-03
2015-07-01 21:10:23,684 Starting Live from 2015-04-04 to 2015-04-10
2015-07-01 21:30:40,173 Starting Q Learning for : 
2015-07-01 21:30:40,173 alpha = 0.5
2015-07-01 21:30:40,174 gamma = 0.2
2015-07-01 21:30:40,174 individual factor = 10
2015-07-01 21:30:40,174 zero range = 0.002
2015-07-01 21:30:40,174 greedy level = 5
2015-07-01 21:30:40,174 

2015-07-01 21:30:45,694 Starting Training from 2015-01-01 to 2015-01-31
2015-07-01 21:55:59,236 Starting Live from 2015-02-01 to 2015-03-03
2015-07-01 22:20:26,650 Starting Training from 2015-02-01 to 2015-03-03
2015-07-01 22:23:47,757 Starting Live from 2015-03-04 to 2015-04-03
2015-07-01 22:54:13,391 Starting Training from 2015-03-04 to 2015-04-03
2015-07-01 22:57:25,086 Starting Live from 2015-04-04 to 2015-04-10
2015-07-01 23:05:06,127 Starting Q Learning for : 
2015-07-01 23:05:06,127 alpha = 0.8
2015-07-01 23:05:06,127 gamma = 0.7
2015-07-01 23:05:06,127 individual factor = 10
2015-07-01 23:05:06,127 zero range = 0.006
2015-07-01 23:05:06,127 greedy level = 5
2015-07-01 23:05:06,127 

2015-07-01 23:05:14,523 Starting Training from 2015-01-01 to 2015-01-31
2015-07-01 23:31:13,101 Starting Live from 2015-02-01 to 2015-03-03
2015-07-01 23:54:05,480 Starting Training from 2015-02-01 to 2015-03-03
2015-07-01 23:57:12,220 Starting Live from 2015-03-04 to 2015-04-03
2015-07-02 00:32:41,967 Starting Training from 2015-03-04 to 2015-04-03
2015-07-02 00:37:47,937 Starting Live from 2015-04-04 to 2015-04-10
2015-07-02 01:07:35,082 Starting Q Learning for : 
2015-07-02 01:07:35,082 alpha = 0.8
2015-07-02 01:07:35,082 gamma = 0.8
2015-07-02 01:07:35,082 individual factor = 10
2015-07-02 01:07:35,082 zero range = 0.006
2015-07-02 01:07:35,082 greedy level = 5
2015-07-02 01:07:35,082 

2015-07-02 01:07:40,505 Starting Training from 2015-01-01 to 2015-01-31
2015-07-02 01:31:33,052 Starting Live from 2015-02-01 to 2015-03-03
2015-07-02 01:53:22,221 Starting Training from 2015-02-01 to 2015-03-03
2015-07-02 01:56:18,973 Starting Live from 2015-03-04 to 2015-04-03
2015-07-02 02:18:06,081 Starting Training from 2015-03-04 to 2015-04-03
2015-07-02 02:22:16,809 Starting Live from 2015-04-04 to 2015-04-10
2015-07-02 02:27:45,806 Starting Q Learning for : 
2015-07-02 02:27:45,806 alpha = 0.2
2015-07-02 02:27:45,806 gamma = 0.7
2015-07-02 02:27:45,806 individual factor = 10
2015-07-02 02:27:45,806 zero range = 0.01
2015-07-02 02:27:45,806 greedy level = 5
2015-07-02 02:27:45,806 

2015-07-02 02:27:50,983 Starting Training from 2015-01-01 to 2015-01-31
2015-07-02 02:51:51,381 Starting Live from 2015-02-01 to 2015-03-03
2015-07-02 03:13:27,226 Starting Training from 2015-02-01 to 2015-03-03
2015-07-02 03:16:50,904 Starting Live from 2015-03-04 to 2015-04-03
2015-07-02 03:44:51,378 Starting Training from 2015-03-04 to 2015-04-03
2015-07-02 03:48:14,367 Starting Live from 2015-04-04 to 2015-04-10
2015-07-02 03:53:36,480 Starting Q Learning for : 
2015-07-02 03:53:36,480 alpha = 0.2
2015-07-02 03:53:36,480 gamma = 0.8
2015-07-02 03:53:36,480 individual factor = 10
2015-07-02 03:53:36,480 zero range = 0.01
2015-07-02 03:53:36,480 greedy level = 5
2015-07-02 03:53:36,480 

2015-07-02 03:53:42,101 Starting Training from 2015-01-01 to 2015-01-31
2015-07-02 04:17:15,617 Starting Live from 2015-02-01 to 2015-03-03
2015-07-02 04:38:51,760 Starting Training from 2015-02-01 to 2015-03-03
2015-07-02 04:41:32,598 Starting Live from 2015-03-04 to 2015-04-03
2015-07-02 05:13:39,943 Starting Training from 2015-03-04 to 2015-04-03
2015-07-02 05:16:24,490 Starting Live from 2015-04-04 to 2015-04-10
