2015-07-01 19:00:16,799 Starting Q Learning for : 
2015-07-01 19:00:16,799 alpha = 0.2
2015-07-01 19:00:16,799 gamma = 0.1
2015-07-01 19:00:16,799 individual factor = 10
2015-07-01 19:00:16,799 zero range = 0.002
2015-07-01 19:00:16,799 greedy level = 5
2015-07-01 19:00:16,799 

2015-07-01 19:01:43,546 Starting Training from 2015-01-01 to 2015-01-31
2015-07-01 19:30:15,997 Starting Live from 2015-02-01 to 2015-03-03
2015-07-01 19:57:00,424 Starting Training from 2015-02-01 to 2015-03-03
2015-07-01 20:00:24,312 Starting Live from 2015-03-04 to 2015-04-03
2015-07-01 20:48:18,288 Starting Training from 2015-03-04 to 2015-04-03
2015-07-01 20:51:59,677 Starting Live from 2015-04-04 to 2015-04-10
2015-07-01 21:05:20,660 Starting Q Learning for : 
2015-07-01 21:05:20,660 alpha = 0.2
2015-07-01 21:05:20,660 gamma = 0.2
2015-07-01 21:05:20,660 individual factor = 10
2015-07-01 21:05:20,660 zero range = 0.002
2015-07-01 21:05:20,661 greedy level = 5
2015-07-01 21:05:20,661 

2015-07-01 21:05:27,517 Starting Training from 2015-01-01 to 2015-01-31
2015-07-01 21:31:16,737 Starting Live from 2015-02-01 to 2015-03-03
2015-07-01 21:54:42,680 Starting Training from 2015-02-01 to 2015-03-03
2015-07-01 21:58:33,032 Starting Live from 2015-03-04 to 2015-04-03
2015-07-01 22:32:09,844 Starting Training from 2015-03-04 to 2015-04-03
2015-07-01 22:36:35,648 Starting Live from 2015-04-04 to 2015-04-10
2015-07-01 22:53:48,270 Starting Q Learning for : 
2015-07-01 22:53:48,270 alpha = 0.8
2015-07-01 22:53:48,270 gamma = 0.3
2015-07-01 22:53:48,270 individual factor = 10
2015-07-01 22:53:48,270 zero range = 0.006
2015-07-01 22:53:48,270 greedy level = 5
2015-07-01 22:53:48,270 

2015-07-01 22:53:55,025 Starting Training from 2015-01-01 to 2015-01-31
2015-07-01 23:19:22,345 Starting Live from 2015-02-01 to 2015-03-03
2015-07-01 23:42:29,644 Starting Training from 2015-02-01 to 2015-03-03
2015-07-01 23:45:28,533 Starting Live from 2015-03-04 to 2015-04-03
2015-07-02 00:13:10,408 Starting Training from 2015-03-04 to 2015-04-03
2015-07-02 00:18:26,374 Starting Live from 2015-04-04 to 2015-04-10
2015-07-02 00:25:19,553 Starting Q Learning for : 
2015-07-02 00:25:19,555 alpha = 0.8
2015-07-02 00:25:19,555 gamma = 0.4
2015-07-02 00:25:19,555 individual factor = 10
2015-07-02 00:25:19,555 zero range = 0.006
2015-07-02 00:25:19,555 greedy level = 5
2015-07-02 00:25:19,555 

2015-07-02 00:25:24,404 Starting Training from 2015-01-01 to 2015-01-31
2015-07-02 00:49:30,098 Starting Live from 2015-02-01 to 2015-03-03
2015-07-02 01:11:48,799 Starting Training from 2015-02-01 to 2015-03-03
2015-07-02 01:14:39,226 Starting Live from 2015-03-04 to 2015-04-03
2015-07-02 01:43:09,664 Starting Training from 2015-03-04 to 2015-04-03
2015-07-02 01:47:02,380 Starting Live from 2015-04-04 to 2015-04-10
2015-07-02 01:53:50,210 Starting Q Learning for : 
2015-07-02 01:53:50,210 alpha = 0.6
2015-07-02 01:53:50,210 gamma = 0.5
2015-07-02 01:53:50,210 individual factor = 10
2015-07-02 01:53:50,210 zero range = 0.01
2015-07-02 01:53:50,210 greedy level = 5
2015-07-02 01:53:50,210 

2015-07-02 01:53:56,016 Starting Training from 2015-01-01 to 2015-01-31
2015-07-02 02:17:49,749 Starting Live from 2015-02-01 to 2015-03-03
2015-07-02 02:39:34,198 Starting Training from 2015-02-01 to 2015-03-03
2015-07-02 02:42:26,461 Starting Live from 2015-03-04 to 2015-04-03
2015-07-02 03:04:50,822 Starting Training from 2015-03-04 to 2015-04-03
2015-07-02 03:08:53,293 Starting Live from 2015-04-04 to 2015-04-10
2015-07-02 03:13:42,812 Starting Q Learning for : 
2015-07-02 03:13:42,812 alpha = 0.6
2015-07-02 03:13:42,812 gamma = 0.6
2015-07-02 03:13:42,812 individual factor = 10
2015-07-02 03:13:42,812 zero range = 0.01
2015-07-02 03:13:42,812 greedy level = 5
2015-07-02 03:13:42,812 

2015-07-02 03:13:49,266 Starting Training from 2015-01-01 to 2015-01-31
2015-07-02 03:37:00,413 Starting Live from 2015-02-01 to 2015-03-03
2015-07-02 03:58:42,121 Starting Training from 2015-02-01 to 2015-03-03
2015-07-02 04:02:03,196 Starting Live from 2015-03-04 to 2015-04-03
2015-07-02 04:25:08,197 Starting Training from 2015-03-04 to 2015-04-03
2015-07-02 04:28:08,476 Starting Live from 2015-04-04 to 2015-04-10
