2015-07-01 19:00:16,813 Starting Q Learning for : 
2015-07-01 19:00:16,813 alpha = 0.5
2015-07-01 19:00:16,813 gamma = 0.3
2015-07-01 19:00:16,813 individual factor = 10
2015-07-01 19:00:16,815 zero range = 0.006
2015-07-01 19:00:16,815 greedy level = 5
2015-07-01 19:00:16,815 

2015-07-01 19:01:49,871 Starting Training from 2015-01-01 to 2015-01-31
2015-07-01 19:31:01,065 Starting Live from 2015-02-01 to 2015-03-03
2015-07-01 19:57:34,142 Starting Training from 2015-02-01 to 2015-03-03
2015-07-01 20:01:07,569 Starting Live from 2015-03-04 to 2015-04-03
2015-07-01 20:45:16,104 Starting Training from 2015-03-04 to 2015-04-03
2015-07-01 20:49:41,862 Starting Live from 2015-04-04 to 2015-04-10
2015-07-01 21:04:02,391 Starting Q Learning for : 
2015-07-01 21:04:02,391 alpha = 0.5
2015-07-01 21:04:02,391 gamma = 0.4
2015-07-01 21:04:02,391 individual factor = 10
2015-07-01 21:04:02,391 zero range = 0.006
2015-07-01 21:04:02,391 greedy level = 5
2015-07-01 21:04:02,391 

2015-07-01 21:04:08,589 Starting Training from 2015-01-01 to 2015-01-31
2015-07-01 21:30:08,009 Starting Live from 2015-02-01 to 2015-03-03
2015-07-01 21:53:57,318 Starting Training from 2015-02-01 to 2015-03-03
2015-07-01 21:57:39,282 Starting Live from 2015-03-04 to 2015-04-03
2015-07-01 22:26:59,992 Starting Training from 2015-03-04 to 2015-04-03
2015-07-01 22:31:11,671 Starting Live from 2015-04-04 to 2015-04-10
2015-07-01 22:40:40,801 Starting Q Learning for : 
2015-07-01 22:40:40,802 alpha = 0.2
2015-07-01 22:40:40,802 gamma = 0.5
2015-07-01 22:40:40,802 individual factor = 10
2015-07-01 22:40:40,802 zero range = 0.006
2015-07-01 22:40:40,802 greedy level = 5
2015-07-01 22:40:40,802 

2015-07-01 22:40:47,157 Starting Training from 2015-01-01 to 2015-01-31
2015-07-01 23:06:59,137 Starting Live from 2015-02-01 to 2015-03-03
2015-07-01 23:30:50,473 Starting Training from 2015-02-01 to 2015-03-03
2015-07-01 23:34:03,772 Starting Live from 2015-03-04 to 2015-04-03
2015-07-02 00:11:03,282 Starting Training from 2015-03-04 to 2015-04-03
2015-07-02 00:15:36,316 Starting Live from 2015-04-04 to 2015-04-10
2015-07-02 00:26:56,009 Starting Q Learning for : 
2015-07-02 00:26:56,010 alpha = 0.2
2015-07-02 00:26:56,010 gamma = 0.6
2015-07-02 00:26:56,010 individual factor = 10
2015-07-02 00:26:56,010 zero range = 0.006
2015-07-02 00:26:56,010 greedy level = 5
2015-07-02 00:26:56,010 

2015-07-02 00:27:01,191 Starting Training from 2015-01-01 to 2015-01-31
2015-07-02 00:51:16,273 Starting Live from 2015-02-01 to 2015-03-03
2015-07-02 01:12:49,802 Starting Training from 2015-02-01 to 2015-03-03
2015-07-02 01:15:37,753 Starting Live from 2015-03-04 to 2015-04-03
2015-07-02 01:39:34,805 Starting Training from 2015-03-04 to 2015-04-03
2015-07-02 01:44:08,546 Starting Live from 2015-04-04 to 2015-04-10
2015-07-02 01:51:01,539 Starting Q Learning for : 
2015-07-02 01:51:01,539 alpha = 0.6
2015-07-02 01:51:01,539 gamma = 0.3
2015-07-02 01:51:01,539 individual factor = 10
2015-07-02 01:51:01,539 zero range = 0.01
2015-07-02 01:51:01,540 greedy level = 5
2015-07-02 01:51:01,540 

2015-07-02 01:51:07,130 Starting Training from 2015-01-01 to 2015-01-31
2015-07-02 02:15:12,211 Starting Live from 2015-02-01 to 2015-03-03
2015-07-02 02:37:12,362 Starting Training from 2015-02-01 to 2015-03-03
2015-07-02 02:40:10,891 Starting Live from 2015-03-04 to 2015-04-03
2015-07-02 03:19:30,987 Starting Training from 2015-03-04 to 2015-04-03
2015-07-02 03:23:04,648 Starting Live from 2015-04-04 to 2015-04-10
2015-07-02 03:34:38,785 Starting Q Learning for : 
2015-07-02 03:34:38,785 alpha = 0.6
2015-07-02 03:34:38,785 gamma = 0.4
2015-07-02 03:34:38,785 individual factor = 10
2015-07-02 03:34:38,785 zero range = 0.01
2015-07-02 03:34:38,785 greedy level = 5
2015-07-02 03:34:38,785 

2015-07-02 03:34:44,168 Starting Training from 2015-01-01 to 2015-01-31
2015-07-02 03:58:22,148 Starting Live from 2015-02-01 to 2015-03-03
2015-07-02 04:20:20,661 Starting Training from 2015-02-01 to 2015-03-03
2015-07-02 04:23:32,293 Starting Live from 2015-03-04 to 2015-04-03
2015-07-02 06:51:30,832 Starting Training from 2015-03-04 to 2015-04-03
2015-07-02 06:54:25,012 Starting Live from 2015-04-04 to 2015-04-10
