2015-07-01 19:00:16,799 Starting Q Learning for : 
2015-07-01 19:00:16,799 alpha = 0.6
2015-07-01 19:00:16,799 gamma = 0.1
2015-07-01 19:00:16,799 individual factor = 10
2015-07-01 19:00:16,799 zero range = 0.002
2015-07-01 19:00:16,799 greedy level = 5
2015-07-01 19:00:16,799 

2015-07-01 19:01:32,592 Starting Training from 2015-01-01 to 2015-01-31
2015-07-01 19:30:20,155 Starting Live from 2015-02-01 to 2015-03-03
2015-07-01 19:57:03,552 Starting Training from 2015-02-01 to 2015-03-03
2015-07-01 20:00:24,359 Starting Live from 2015-03-04 to 2015-04-03
2015-07-01 21:27:54,476 Starting Training from 2015-03-04 to 2015-04-03
2015-07-01 21:31:08,367 Starting Live from 2015-04-04 to 2015-04-10
2015-07-01 22:18:31,635 Starting Q Learning for : 
2015-07-01 22:18:31,635 alpha = 0.6
2015-07-01 22:18:31,635 gamma = 0.2
2015-07-01 22:18:31,637 individual factor = 10
2015-07-01 22:18:31,637 zero range = 0.002
2015-07-01 22:18:31,637 greedy level = 5
2015-07-01 22:18:31,637 

2015-07-01 22:18:41,407 Starting Training from 2015-01-01 to 2015-01-31
2015-07-01 22:44:39,592 Starting Live from 2015-02-01 to 2015-03-03
2015-07-01 23:08:31,105 Starting Training from 2015-02-01 to 2015-03-03
2015-07-01 23:11:41,065 Starting Live from 2015-03-04 to 2015-04-03
2015-07-02 00:13:58,273 Starting Training from 2015-03-04 to 2015-04-03
2015-07-02 00:17:55,164 Starting Live from 2015-04-04 to 2015-04-10
2015-07-02 00:56:27,994 Starting Q Learning for : 
2015-07-02 00:56:27,996 alpha = 0.5
2015-07-02 00:56:27,996 gamma = 0.7
2015-07-02 00:56:27,996 individual factor = 10
2015-07-02 00:56:27,996 zero range = 0.01
2015-07-02 00:56:27,996 greedy level = 5
2015-07-02 00:56:27,996 

2015-07-02 00:56:33,313 Starting Training from 2015-01-01 to 2015-01-31
2015-07-02 01:20:06,391 Starting Live from 2015-02-01 to 2015-03-03
2015-07-02 01:41:46,088 Starting Training from 2015-02-01 to 2015-03-03
2015-07-02 01:44:59,625 Starting Live from 2015-03-04 to 2015-04-03
2015-07-02 02:40:58,091 Starting Training from 2015-03-04 to 2015-04-03
2015-07-02 02:44:25,098 Starting Live from 2015-04-04 to 2015-04-10
2015-07-02 02:50:24,141 Starting Q Learning for : 
2015-07-02 02:50:24,141 alpha = 0.5
2015-07-02 02:50:24,141 gamma = 0.8
2015-07-02 02:50:24,141 individual factor = 10
2015-07-02 02:50:24,141 zero range = 0.01
2015-07-02 02:50:24,141 greedy level = 5
2015-07-02 02:50:24,141 

2015-07-02 02:50:30,454 Starting Training from 2015-01-01 to 2015-01-31
2015-07-02 03:14:19,262 Starting Live from 2015-02-01 to 2015-03-03
2015-07-02 03:36:13,150 Starting Training from 2015-02-01 to 2015-03-03
2015-07-02 03:39:40,207 Starting Live from 2015-03-04 to 2015-04-03
2015-07-02 04:16:40,707 Starting Training from 2015-03-04 to 2015-04-03
2015-07-02 04:20:15,269 Starting Live from 2015-04-04 to 2015-04-10
