2015-07-01 19:00:16,799 Starting Q Learning for : 
2015-07-01 19:00:16,801 alpha = 0.6
2015-07-01 19:00:16,801 gamma = 0.7
2015-07-01 19:00:16,801 individual factor = 10
2015-07-01 19:00:16,801 zero range = 0.002
2015-07-01 19:00:16,801 greedy level = 5
2015-07-01 19:00:16,801 

2015-07-01 19:01:34,088 Starting Training from 2015-01-01 to 2015-01-31
2015-07-01 19:30:38,259 Starting Live from 2015-02-01 to 2015-03-03
2015-07-01 19:57:49,628 Starting Training from 2015-02-01 to 2015-03-03
2015-07-01 20:01:25,479 Starting Live from 2015-03-04 to 2015-04-03
2015-07-01 20:36:30,801 Starting Training from 2015-03-04 to 2015-04-03
2015-07-01 20:39:49,793 Starting Live from 2015-04-04 to 2015-04-10
2015-07-01 20:47:11,996 Starting Q Learning for : 
2015-07-01 20:47:11,996 alpha = 0.6
2015-07-01 20:47:11,997 gamma = 0.8
2015-07-01 20:47:11,997 individual factor = 10
2015-07-01 20:47:11,997 zero range = 0.002
2015-07-01 20:47:11,997 greedy level = 5
2015-07-01 20:47:11,997 

2015-07-01 20:47:19,134 Starting Training from 2015-01-01 to 2015-01-31
2015-07-01 21:13:55,961 Starting Live from 2015-02-01 to 2015-03-03
2015-07-01 21:37:44,775 Starting Training from 2015-02-01 to 2015-03-03
2015-07-01 21:40:43,153 Starting Live from 2015-03-04 to 2015-04-03
2015-07-01 22:09:41,959 Starting Training from 2015-03-04 to 2015-04-03
2015-07-01 22:12:52,398 Starting Live from 2015-04-04 to 2015-04-10
2015-07-01 22:21:16,115 Starting Q Learning for : 
2015-07-01 22:21:16,115 alpha = 0.6
2015-07-01 22:21:16,115 gamma = 0.1
2015-07-01 22:21:16,115 individual factor = 10
2015-07-01 22:21:16,115 zero range = 0.006
2015-07-01 22:21:16,115 greedy level = 5
2015-07-01 22:21:16,115 

2015-07-01 22:21:23,611 Starting Training from 2015-01-01 to 2015-01-31
2015-07-01 22:46:55,844 Starting Live from 2015-02-01 to 2015-03-03
2015-07-01 23:11:17,716 Starting Training from 2015-02-01 to 2015-03-03
2015-07-01 23:14:23,375 Starting Live from 2015-03-04 to 2015-04-03
2015-07-02 01:14:37,503 Starting Training from 2015-03-04 to 2015-04-03
2015-07-02 01:17:24,414 Starting Live from 2015-04-04 to 2015-04-10
2015-07-02 04:49:06,056 Starting Q Learning for : 
2015-07-02 04:49:06,056 alpha = 0.6
2015-07-02 04:49:06,056 gamma = 0.2
2015-07-02 04:49:06,056 individual factor = 10
2015-07-02 04:49:06,056 zero range = 0.006
2015-07-02 04:49:06,056 greedy level = 5
2015-07-02 04:49:06,056 

2015-07-02 04:49:11,848 Starting Training from 2015-01-01 to 2015-01-31
2015-07-02 05:11:25,417 Starting Live from 2015-02-01 to 2015-03-03
2015-07-02 05:31:53,130 Starting Training from 2015-02-01 to 2015-03-03
2015-07-02 05:34:47,003 Starting Live from 2015-03-04 to 2015-04-03
2015-07-02 06:07:05,128 Starting Training from 2015-03-04 to 2015-04-03
2015-07-02 06:09:49,112 Starting Live from 2015-04-04 to 2015-04-10
