2015-07-01 19:00:16,815 Starting Q Learning for : 
2015-07-01 19:00:16,815 alpha = 0.5
2015-07-01 19:00:16,815 gamma = 0.1
2015-07-01 19:00:16,815 individual factor = 10
2015-07-01 19:00:16,815 zero range = 0.006
2015-07-01 19:00:16,816 greedy level = 5
2015-07-01 19:00:16,816 

2015-07-01 19:01:50,765 Starting Training from 2015-01-01 to 2015-01-31
2015-07-01 19:30:29,115 Starting Live from 2015-02-01 to 2015-03-03
2015-07-01 19:56:59,900 Starting Training from 2015-02-01 to 2015-03-03
2015-07-01 20:00:19,665 Starting Live from 2015-03-04 to 2015-04-03
2015-07-01 20:29:37,503 Starting Training from 2015-03-04 to 2015-04-03
2015-07-01 20:33:59,749 Starting Live from 2015-04-04 to 2015-04-10
2015-07-01 20:42:07,279 Starting Q Learning for : 
2015-07-01 20:42:07,279 alpha = 0.5
2015-07-01 20:42:07,279 gamma = 0.2
2015-07-01 20:42:07,279 individual factor = 10
2015-07-01 20:42:07,279 zero range = 0.006
2015-07-01 20:42:07,279 greedy level = 5
2015-07-01 20:42:07,279 

2015-07-01 20:42:12,983 Starting Training from 2015-01-01 to 2015-01-31
2015-07-01 21:07:52,948 Starting Live from 2015-02-01 to 2015-03-03
2015-07-01 21:32:44,937 Starting Training from 2015-02-01 to 2015-03-03
2015-07-01 21:36:19,607 Starting Live from 2015-03-04 to 2015-04-03
2015-07-01 23:10:29,967 Starting Training from 2015-03-04 to 2015-04-03
2015-07-01 23:13:40,170 Starting Live from 2015-04-04 to 2015-04-10
2015-07-02 00:33:00,305 Starting Q Learning for : 
2015-07-02 00:33:00,306 alpha = 0.5
2015-07-02 00:33:00,306 gamma = 0.5
2015-07-02 00:33:00,306 individual factor = 10
2015-07-02 00:33:00,306 zero range = 0.01
2015-07-02 00:33:00,306 greedy level = 5
2015-07-02 00:33:00,306 

2015-07-02 00:33:05,997 Starting Training from 2015-01-01 to 2015-01-31
2015-07-02 00:56:42,190 Starting Live from 2015-02-01 to 2015-03-03
2015-07-02 01:18:15,461 Starting Training from 2015-02-01 to 2015-03-03
2015-07-02 01:21:26,209 Starting Live from 2015-03-04 to 2015-04-03
2015-07-02 01:48:37,309 Starting Training from 2015-03-04 to 2015-04-03
2015-07-02 01:52:56,059 Starting Live from 2015-04-04 to 2015-04-10
2015-07-02 02:03:45,059 Starting Q Learning for : 
2015-07-02 02:03:45,059 alpha = 0.5
2015-07-02 02:03:45,059 gamma = 0.6
2015-07-02 02:03:45,059 individual factor = 10
2015-07-02 02:03:45,059 zero range = 0.01
2015-07-02 02:03:45,059 greedy level = 5
2015-07-02 02:03:45,059 

2015-07-02 02:03:51,013 Starting Training from 2015-01-01 to 2015-01-31
2015-07-02 02:27:53,944 Starting Live from 2015-02-01 to 2015-03-03
2015-07-02 02:49:39,486 Starting Training from 2015-02-01 to 2015-03-03
2015-07-02 02:52:51,785 Starting Live from 2015-03-04 to 2015-04-03
2015-07-02 03:15:01,384 Starting Training from 2015-03-04 to 2015-04-03
2015-07-02 03:19:42,302 Starting Live from 2015-04-04 to 2015-04-10
2015-07-02 03:26:34,568 Starting Q Learning for : 
2015-07-02 03:26:34,568 alpha = 0.8
2015-07-02 03:26:34,568 gamma = 0.7
2015-07-02 03:26:34,568 individual factor = 10
2015-07-02 03:26:34,569 zero range = 0.01
2015-07-02 03:26:34,569 greedy level = 5
2015-07-02 03:26:34,569 

2015-07-02 03:26:41,365 Starting Training from 2015-01-01 to 2015-01-31
2015-07-02 03:50:05,976 Starting Live from 2015-02-01 to 2015-03-03
2015-07-02 04:11:53,704 Starting Training from 2015-02-01 to 2015-03-03
2015-07-02 04:14:39,181 Starting Live from 2015-03-04 to 2015-04-03
2015-07-02 04:49:54,670 Starting Training from 2015-03-04 to 2015-04-03
2015-07-02 04:53:15,908 Starting Live from 2015-04-04 to 2015-04-10
2015-07-02 05:12:16,888 Starting Q Learning for : 
2015-07-02 05:12:16,888 alpha = 0.8
2015-07-02 05:12:16,888 gamma = 0.8
2015-07-02 05:12:16,888 individual factor = 10
2015-07-02 05:12:16,888 zero range = 0.01
2015-07-02 05:12:16,888 greedy level = 5
2015-07-02 05:12:16,888 

2015-07-02 05:12:22,269 Starting Training from 2015-01-01 to 2015-01-31
2015-07-02 05:34:37,729 Starting Live from 2015-02-01 to 2015-03-03
2015-07-02 05:54:01,529 Starting Training from 2015-02-01 to 2015-03-03
2015-07-02 05:56:52,578 Starting Live from 2015-03-04 to 2015-04-03
2015-07-02 06:14:30,596 Starting Training from 2015-03-04 to 2015-04-03
2015-07-02 06:20:14,509 Starting Live from 2015-04-04 to 2015-04-10
