2015-07-01 19:00:16,799 Starting Q Learning for : 
2015-07-01 19:00:16,801 alpha = 0.2
2015-07-01 19:00:16,801 gamma = 0.7
2015-07-01 19:00:16,801 individual factor = 10
2015-07-01 19:00:16,801 zero range = 0.002
2015-07-01 19:00:16,801 greedy level = 5
2015-07-01 19:00:16,801 

2015-07-01 19:01:45,075 Starting Training from 2015-01-01 to 2015-01-31
2015-07-01 19:30:38,519 Starting Live from 2015-02-01 to 2015-03-03
2015-07-01 19:57:07,444 Starting Training from 2015-02-01 to 2015-03-03
2015-07-01 20:00:31,904 Starting Live from 2015-03-04 to 2015-04-03
2015-07-01 20:31:00,549 Starting Training from 2015-03-04 to 2015-04-03
2015-07-01 20:34:39,588 Starting Live from 2015-04-04 to 2015-04-10
2015-07-01 20:41:56,676 Starting Q Learning for : 
2015-07-01 20:41:56,676 alpha = 0.2
2015-07-01 20:41:56,676 gamma = 0.8
2015-07-01 20:41:56,676 individual factor = 10
2015-07-01 20:41:56,676 zero range = 0.002
2015-07-01 20:41:56,676 greedy level = 5
2015-07-01 20:41:56,676 

2015-07-01 20:42:02,595 Starting Training from 2015-01-01 to 2015-01-31
2015-07-01 21:07:58,973 Starting Live from 2015-02-01 to 2015-03-03
2015-07-01 21:32:50,372 Starting Training from 2015-02-01 to 2015-03-03
2015-07-01 21:36:27,427 Starting Live from 2015-03-04 to 2015-04-03
2015-07-01 22:03:44,628 Starting Training from 2015-03-04 to 2015-04-03
2015-07-01 22:07:04,460 Starting Live from 2015-04-04 to 2015-04-10
2015-07-01 22:15:23,273 Starting Q Learning for : 
2015-07-01 22:15:23,273 alpha = 0.4
2015-07-01 22:15:23,273 gamma = 0.5
2015-07-01 22:15:23,273 individual factor = 10
2015-07-01 22:15:23,273 zero range = 0.006
2015-07-01 22:15:23,273 greedy level = 5
2015-07-01 22:15:23,273 

2015-07-01 22:15:30,480 Starting Training from 2015-01-01 to 2015-01-31
2015-07-01 22:41:18,812 Starting Live from 2015-02-01 to 2015-03-03
2015-07-01 23:05:05,872 Starting Training from 2015-02-01 to 2015-03-03
2015-07-01 23:08:40,130 Starting Live from 2015-03-04 to 2015-04-03
2015-07-01 23:33:57,154 Starting Training from 2015-03-04 to 2015-04-03
2015-07-01 23:38:08,642 Starting Live from 2015-04-04 to 2015-04-10
2015-07-01 23:46:07,438 Starting Q Learning for : 
2015-07-01 23:46:07,438 alpha = 0.4
2015-07-01 23:46:07,438 gamma = 0.6
2015-07-01 23:46:07,438 individual factor = 10
2015-07-01 23:46:07,438 zero range = 0.006
2015-07-01 23:46:07,438 greedy level = 5
2015-07-01 23:46:07,438 

2015-07-01 23:46:14,496 Starting Training from 2015-01-01 to 2015-01-31
2015-07-02 00:11:44,605 Starting Live from 2015-02-01 to 2015-03-03
2015-07-02 00:34:43,940 Starting Training from 2015-02-01 to 2015-03-03
2015-07-02 00:38:22,108 Starting Live from 2015-03-04 to 2015-04-03
2015-07-02 10:00:27,494 Starting Training from 2015-03-04 to 2015-04-03
2015-07-02 10:02:54,045 Starting Live from 2015-04-04 to 2015-04-10
