2015-06-29 01:31:41,483 Starting Q Learning for : 
2015-06-29 01:31:41,483 alpha = 0.2
2015-06-29 01:31:41,483 gamma = 0.1
2015-06-29 01:31:41,483 individual factor = 10
2015-06-29 01:31:41,483 zero range = 0.002
2015-06-29 01:31:41,483 greedy level = 5
2015-06-29 01:31:41,483 

2015-06-29 01:31:53,967 Starting Training from 2014-12-17 to 2015-01-01
2015-06-29 01:37:48,496 Starting Live from 2015-01-02 to 2015-02-01
2015-06-29 01:54:13,405 Starting Training from 2015-01-17 to 2015-02-01
2015-06-29 01:55:13,950 Starting Live from 2015-02-02 to 2015-03-04
2015-06-29 02:08:50,548 Starting Training from 2015-02-17 to 2015-03-04
2015-06-29 02:09:51,812 Starting Live from 2015-03-05 to 2015-04-04
2015-06-29 02:24:09,818 Starting Training from 2015-03-20 to 2015-04-04
2015-06-29 02:24:52,720 Starting Live from 2015-04-05 to 2015-04-10
2015-06-29 02:27:27,976 Starting Q Learning for : 
2015-06-29 02:27:27,976 alpha = 0.2
2015-06-29 02:27:27,976 gamma = 0.2
2015-06-29 02:27:27,976 individual factor = 10
2015-06-29 02:27:27,976 zero range = 0.002
2015-06-29 02:27:27,977 greedy level = 5
2015-06-29 02:27:27,977 

2015-06-29 02:27:33,318 Starting Training from 2014-12-17 to 2015-01-01
2015-06-29 02:34:07,101 Starting Live from 2015-01-02 to 2015-02-01
2015-06-29 02:48:58,611 Starting Training from 2015-01-17 to 2015-02-01
2015-06-29 02:49:55,532 Starting Live from 2015-02-02 to 2015-03-04
2015-06-29 03:04:53,848 Starting Training from 2015-02-17 to 2015-03-04
2015-06-29 03:05:48,035 Starting Live from 2015-03-05 to 2015-04-04
2015-06-29 03:24:50,267 Starting Training from 2015-03-20 to 2015-04-04
2015-06-29 03:25:44,075 Starting Live from 2015-04-05 to 2015-04-10
2015-06-29 03:29:04,760 Starting Q Learning for : 
2015-06-29 03:29:04,760 alpha = 0.2
2015-06-29 03:29:04,760 gamma = 0.3
2015-06-29 03:29:04,760 individual factor = 10
2015-06-29 03:29:04,760 zero range = 0.002
2015-06-29 03:29:04,760 greedy level = 5
2015-06-29 03:29:04,760 

2015-06-29 03:29:13,111 Starting Training from 2014-12-17 to 2015-01-01
2015-06-29 03:36:11,733 Starting Live from 2015-01-02 to 2015-02-01
2015-06-29 03:51:57,707 Starting Training from 2015-01-17 to 2015-02-01
2015-06-29 03:52:52,243 Starting Live from 2015-02-02 to 2015-03-04
2015-06-29 04:08:10,450 Starting Training from 2015-02-17 to 2015-03-04
2015-06-29 04:09:03,134 Starting Live from 2015-03-05 to 2015-04-04
2015-06-29 04:35:35,095 Starting Training from 2015-03-20 to 2015-04-04
2015-06-29 04:36:23,726 Starting Live from 2015-04-05 to 2015-04-10
2015-06-29 04:39:28,926 Starting Q Learning for : 
2015-06-29 04:39:28,926 alpha = 0.2
2015-06-29 04:39:28,926 gamma = 0.4
2015-06-29 04:39:28,926 individual factor = 10
2015-06-29 04:39:28,926 zero range = 0.002
2015-06-29 04:39:28,927 greedy level = 5
2015-06-29 04:39:28,927 

2015-06-29 04:39:35,842 Starting Training from 2014-12-17 to 2015-01-01
2015-06-29 04:45:50,707 Starting Live from 2015-01-02 to 2015-02-01
2015-06-29 05:01:36,686 Starting Training from 2015-01-17 to 2015-02-01
2015-06-29 05:02:29,674 Starting Live from 2015-02-02 to 2015-03-04
2015-06-29 05:17:53,358 Starting Training from 2015-02-17 to 2015-03-04
2015-06-29 05:18:42,884 Starting Live from 2015-03-05 to 2015-04-04
2015-06-29 05:38:07,312 Starting Training from 2015-03-20 to 2015-04-04
2015-06-29 05:38:59,052 Starting Live from 2015-04-05 to 2015-04-10
2015-06-29 05:42:56,509 Starting Q Learning for : 
2015-06-29 05:42:56,509 alpha = 0.2
2015-06-29 05:42:56,509 gamma = 0.5
2015-06-29 05:42:56,510 individual factor = 10
2015-06-29 05:42:56,510 zero range = 0.002
2015-06-29 05:42:56,510 greedy level = 5
2015-06-29 05:42:56,510 

2015-06-29 05:43:04,056 Starting Training from 2014-12-17 to 2015-01-01
2015-06-29 05:49:28,121 Starting Live from 2015-01-02 to 2015-02-01
2015-06-29 06:04:47,049 Starting Training from 2015-01-17 to 2015-02-01
2015-06-29 06:05:41,099 Starting Live from 2015-02-02 to 2015-03-04
2015-06-29 06:20:26,479 Starting Training from 2015-02-17 to 2015-03-04
2015-06-29 06:21:24,174 Starting Live from 2015-03-05 to 2015-04-04
2015-06-29 06:38:20,637 Starting Training from 2015-03-20 to 2015-04-04
2015-06-29 06:39:08,335 Starting Live from 2015-04-05 to 2015-04-10
2015-06-29 06:43:16,917 Starting Q Learning for : 
2015-06-29 06:43:16,917 alpha = 0.2
2015-06-29 06:43:16,918 gamma = 0.6
2015-06-29 06:43:16,918 individual factor = 10
2015-06-29 06:43:16,918 zero range = 0.002
2015-06-29 06:43:16,918 greedy level = 5
2015-06-29 06:43:16,918 

2015-06-29 06:43:24,789 Starting Training from 2014-12-17 to 2015-01-01
2015-06-29 06:50:06,467 Starting Live from 2015-01-02 to 2015-02-01
2015-06-29 07:05:32,326 Starting Training from 2015-01-17 to 2015-02-01
2015-06-29 07:06:37,535 Starting Live from 2015-02-02 to 2015-03-04
2015-06-29 07:21:01,053 Starting Training from 2015-02-17 to 2015-03-04
2015-06-29 07:21:54,719 Starting Live from 2015-03-05 to 2015-04-04
2015-06-29 07:43:07,280 Starting Training from 2015-03-20 to 2015-04-04
2015-06-29 07:43:58,401 Starting Live from 2015-04-05 to 2015-04-10
2015-06-29 07:47:08,796 Starting Q Learning for : 
2015-06-29 07:47:08,796 alpha = 0.2
2015-06-29 07:47:08,796 gamma = 0.7
2015-06-29 07:47:08,798 individual factor = 10
2015-06-29 07:47:08,798 zero range = 0.002
2015-06-29 07:47:08,798 greedy level = 5
2015-06-29 07:47:08,798 

2015-06-29 07:47:14,611 Starting Training from 2014-12-17 to 2015-01-01
2015-06-29 07:54:22,213 Starting Live from 2015-01-02 to 2015-02-01
2015-06-29 08:09:10,322 Starting Training from 2015-01-17 to 2015-02-01
2015-06-29 08:10:07,687 Starting Live from 2015-02-02 to 2015-03-04
2015-06-29 08:25:08,448 Starting Training from 2015-02-17 to 2015-03-04
2015-06-29 08:26:00,229 Starting Live from 2015-03-05 to 2015-04-04
2015-06-29 08:42:01,463 Starting Training from 2015-03-20 to 2015-04-04
2015-06-29 08:42:53,568 Starting Live from 2015-04-05 to 2015-04-10
2015-06-29 08:46:06,788 Starting Q Learning for : 
2015-06-29 08:46:06,788 alpha = 0.2
2015-06-29 08:46:06,788 gamma = 0.8
2015-06-29 08:46:06,788 individual factor = 10
2015-06-29 08:46:06,788 zero range = 0.002
2015-06-29 08:46:06,788 greedy level = 5
2015-06-29 08:46:06,788 

2015-06-29 08:46:13,058 Starting Training from 2014-12-17 to 2015-01-01
2015-06-29 08:52:43,776 Starting Live from 2015-01-02 to 2015-02-01
2015-06-29 09:08:36,332 Starting Training from 2015-01-17 to 2015-02-01
2015-06-29 09:09:34,921 Starting Live from 2015-02-02 to 2015-03-04
2015-06-29 09:24:34,384 Starting Training from 2015-02-17 to 2015-03-04
2015-06-29 09:25:30,878 Starting Live from 2015-03-05 to 2015-04-04
2015-06-29 09:42:44,552 Starting Training from 2015-03-20 to 2015-04-04
2015-06-29 09:43:44,802 Starting Live from 2015-04-05 to 2015-04-10
2015-06-29 09:47:35,917 Starting Q Learning for : 
2015-06-29 09:47:35,918 alpha = 0.6
2015-06-29 09:47:35,918 gamma = 0.1
2015-06-29 09:47:35,918 individual factor = 10
2015-06-29 09:47:35,918 zero range = 0.006
2015-06-29 09:47:35,918 greedy level = 5
2015-06-29 09:47:35,918 

2015-06-29 09:47:42,107 Starting Training from 2014-12-17 to 2015-01-01
2015-06-29 09:54:08,305 Starting Live from 2015-01-02 to 2015-02-01
2015-06-29 10:10:03,592 Starting Training from 2015-01-17 to 2015-02-01
2015-06-29 10:11:00,098 Starting Live from 2015-02-02 to 2015-03-04
2015-06-29 10:25:30,230 Starting Training from 2015-02-17 to 2015-03-04
2015-06-29 10:26:20,453 Starting Live from 2015-03-05 to 2015-04-04
2015-06-29 10:44:37,792 Starting Training from 2015-03-20 to 2015-04-04
2015-06-29 10:45:28,045 Starting Live from 2015-04-05 to 2015-04-10
2015-06-29 10:49:52,630 Starting Q Learning for : 
2015-06-29 10:49:52,630 alpha = 0.6
2015-06-29 10:49:52,630 gamma = 0.2
2015-06-29 10:49:52,630 individual factor = 10
2015-06-29 10:49:52,630 zero range = 0.006
2015-06-29 10:49:52,630 greedy level = 5
2015-06-29 10:49:52,630 

2015-06-29 10:49:58,694 Starting Training from 2014-12-17 to 2015-01-01
2015-06-29 10:57:07,483 Starting Live from 2015-01-02 to 2015-02-01
2015-06-29 11:11:58,073 Starting Training from 2015-01-17 to 2015-02-01
2015-06-29 11:12:55,122 Starting Live from 2015-02-02 to 2015-03-04
2015-06-29 11:28:10,923 Starting Training from 2015-02-17 to 2015-03-04
2015-06-29 11:28:59,098 Starting Live from 2015-03-05 to 2015-04-04
2015-06-29 11:48:10,282 Starting Training from 2015-03-20 to 2015-04-04
2015-06-29 11:49:03,483 Starting Live from 2015-04-05 to 2015-04-10
2015-06-29 11:52:09,552 Starting Q Learning for : 
2015-06-29 11:52:09,552 alpha = 0.6
2015-06-29 11:52:09,552 gamma = 0.3
2015-06-29 11:52:09,552 individual factor = 10
2015-06-29 11:52:09,552 zero range = 0.006
2015-06-29 11:52:09,552 greedy level = 5
2015-06-29 11:52:09,552 

2015-06-29 11:52:15,592 Starting Training from 2014-12-17 to 2015-01-01
2015-06-29 11:58:33,306 Starting Live from 2015-01-02 to 2015-02-01
2015-06-29 12:14:25,138 Starting Training from 2015-01-17 to 2015-02-01
2015-06-29 12:15:25,210 Starting Live from 2015-02-02 to 2015-03-04
2015-06-29 12:30:59,686 Starting Training from 2015-02-17 to 2015-03-04
2015-06-29 12:31:51,049 Starting Live from 2015-03-05 to 2015-04-04
2015-06-29 12:47:59,371 Starting Training from 2015-03-20 to 2015-04-04
2015-06-29 12:48:55,151 Starting Live from 2015-04-05 to 2015-04-10
2015-06-29 12:52:01,473 Starting Q Learning for : 
2015-06-29 12:52:01,473 alpha = 0.6
2015-06-29 12:52:01,473 gamma = 0.4
2015-06-29 12:52:01,473 individual factor = 10
2015-06-29 12:52:01,473 zero range = 0.006
2015-06-29 12:52:01,473 greedy level = 5
2015-06-29 12:52:01,474 

2015-06-29 12:52:07,924 Starting Training from 2014-12-17 to 2015-01-01
2015-06-29 12:58:31,963 Starting Live from 2015-01-02 to 2015-02-01
2015-06-29 13:14:24,667 Starting Training from 2015-01-17 to 2015-02-01
2015-06-29 13:15:22,707 Starting Live from 2015-02-02 to 2015-03-04
2015-06-29 13:30:00,470 Starting Training from 2015-02-17 to 2015-03-04
2015-06-29 13:30:50,933 Starting Live from 2015-03-05 to 2015-04-04
2015-06-29 13:49:36,520 Starting Training from 2015-03-20 to 2015-04-04
2015-06-29 13:50:27,046 Starting Live from 2015-04-05 to 2015-04-10
2015-06-29 13:53:42,148 Starting Q Learning for : 
2015-06-29 13:53:42,148 alpha = 0.6
2015-06-29 13:53:42,148 gamma = 0.5
2015-06-29 13:53:42,148 individual factor = 10
2015-06-29 13:53:42,148 zero range = 0.006
2015-06-29 13:53:42,148 greedy level = 5
2015-06-29 13:53:42,148 

2015-06-29 13:53:49,005 Starting Training from 2014-12-17 to 2015-01-01
2015-06-29 14:00:57,105 Starting Live from 2015-01-02 to 2015-02-01
2015-06-29 14:15:51,592 Starting Training from 2015-01-17 to 2015-02-01
2015-06-29 14:16:47,963 Starting Live from 2015-02-02 to 2015-03-04
2015-06-29 14:31:33,776 Starting Training from 2015-02-17 to 2015-03-04
2015-06-29 14:32:28,401 Starting Live from 2015-03-05 to 2015-04-04
2015-06-29 14:52:43,512 Starting Training from 2015-03-20 to 2015-04-04
2015-06-29 14:53:38,578 Starting Live from 2015-04-05 to 2015-04-10
2015-06-29 14:56:47,654 Starting Q Learning for : 
2015-06-29 14:56:47,654 alpha = 0.6
2015-06-29 14:56:47,654 gamma = 0.6
2015-06-29 14:56:47,654 individual factor = 10
2015-06-29 14:56:47,654 zero range = 0.006
2015-06-29 14:56:47,654 greedy level = 5
2015-06-29 14:56:47,654 

2015-06-29 14:56:53,697 Starting Training from 2014-12-17 to 2015-01-01
2015-06-29 15:03:24,381 Starting Live from 2015-01-02 to 2015-02-01
2015-06-29 15:19:30,763 Starting Training from 2015-01-17 to 2015-02-01
2015-06-29 15:20:28,286 Starting Live from 2015-02-02 to 2015-03-04
2015-06-29 15:36:31,065 Starting Training from 2015-02-17 to 2015-03-04
2015-06-29 15:37:22,976 Starting Live from 2015-03-05 to 2015-04-04
2015-06-29 15:58:28,382 Starting Training from 2015-03-20 to 2015-04-04
2015-06-29 15:59:23,596 Starting Live from 2015-04-05 to 2015-04-10
2015-06-29 16:08:14,937 Starting Q Learning for : 
2015-06-29 16:08:14,937 alpha = 0.6
2015-06-29 16:08:14,937 gamma = 0.7
2015-06-29 16:08:14,937 individual factor = 10
2015-06-29 16:08:14,937 zero range = 0.006
2015-06-29 16:08:14,937 greedy level = 5
2015-06-29 16:08:14,937 

2015-06-29 16:08:21,572 Starting Training from 2014-12-17 to 2015-01-01
2015-06-29 16:15:25,301 Starting Live from 2015-01-02 to 2015-02-01
2015-06-29 16:30:47,845 Starting Training from 2015-01-17 to 2015-02-01
2015-06-29 16:31:44,148 Starting Live from 2015-02-02 to 2015-03-04
2015-06-29 16:47:07,625 Starting Training from 2015-02-17 to 2015-03-04
2015-06-29 16:47:59,621 Starting Live from 2015-03-05 to 2015-04-04
2015-06-29 17:04:50,566 Starting Training from 2015-03-20 to 2015-04-04
2015-06-29 17:05:53,045 Starting Live from 2015-04-05 to 2015-04-10
2015-06-29 17:09:36,586 Starting Q Learning for : 
2015-06-29 17:09:36,586 alpha = 0.6
2015-06-29 17:09:36,586 gamma = 0.8
2015-06-29 17:09:36,586 individual factor = 10
2015-06-29 17:09:36,588 zero range = 0.006
2015-06-29 17:09:36,588 greedy level = 5
2015-06-29 17:09:36,588 

2015-06-29 17:09:43,141 Starting Training from 2014-12-17 to 2015-01-01
2015-06-29 17:16:20,005 Starting Live from 2015-01-02 to 2015-02-01
2015-06-29 17:32:29,098 Starting Training from 2015-01-17 to 2015-02-01
2015-06-29 17:33:28,615 Starting Live from 2015-02-02 to 2015-03-04
2015-06-29 17:48:41,885 Starting Training from 2015-02-17 to 2015-03-04
2015-06-29 17:49:43,726 Starting Live from 2015-03-05 to 2015-04-04
2015-06-29 18:05:58,477 Starting Training from 2015-03-20 to 2015-04-04
2015-06-29 18:06:48,013 Starting Live from 2015-04-05 to 2015-04-10
2015-06-29 18:10:34,516 Starting Q Learning for : 
2015-06-29 18:10:34,516 alpha = 0.4
2015-06-29 18:10:34,516 gamma = 0.1
2015-06-29 18:10:34,516 individual factor = 10
2015-06-29 18:10:34,516 zero range = 0.01
2015-06-29 18:10:34,516 greedy level = 5
2015-06-29 18:10:34,516 

2015-06-29 18:10:42,729 Starting Training from 2014-12-17 to 2015-01-01
2015-06-29 18:17:20,509 Starting Live from 2015-01-02 to 2015-02-01
2015-06-29 18:32:40,841 Starting Training from 2015-01-17 to 2015-02-01
2015-06-29 18:33:48,838 Starting Live from 2015-02-02 to 2015-03-04
2015-06-29 18:47:45,155 Starting Training from 2015-02-17 to 2015-03-04
2015-06-29 18:48:46,546 Starting Live from 2015-03-05 to 2015-04-04
2015-06-29 19:05:00,131 Starting Training from 2015-03-20 to 2015-04-04
2015-06-29 19:05:49,694 Starting Live from 2015-04-05 to 2015-04-10
2015-06-29 19:08:54,763 Starting Q Learning for : 
2015-06-29 19:08:54,763 alpha = 0.4
2015-06-29 19:08:54,763 gamma = 0.2
2015-06-29 19:08:54,763 individual factor = 10
2015-06-29 19:08:54,763 zero range = 0.01
2015-06-29 19:08:54,765 greedy level = 5
2015-06-29 19:08:54,765 

2015-06-29 19:09:00,454 Starting Training from 2014-12-17 to 2015-01-01
2015-06-29 19:15:26,364 Starting Live from 2015-01-02 to 2015-02-01
2015-06-29 19:31:05,293 Starting Training from 2015-01-17 to 2015-02-01
2015-06-29 19:32:01,855 Starting Live from 2015-02-02 to 2015-03-04
2015-06-29 19:46:47,796 Starting Training from 2015-02-17 to 2015-03-04
2015-06-29 19:47:37,719 Starting Live from 2015-03-05 to 2015-04-04
2015-06-29 20:04:25,842 Starting Training from 2015-03-20 to 2015-04-04
2015-06-29 20:05:26,305 Starting Live from 2015-04-05 to 2015-04-10
2015-06-29 20:08:53,332 Starting Q Learning for : 
2015-06-29 20:08:53,332 alpha = 0.4
2015-06-29 20:08:53,332 gamma = 0.3
2015-06-29 20:08:53,332 individual factor = 10
2015-06-29 20:08:53,332 zero range = 0.01
2015-06-29 20:08:53,332 greedy level = 5
2015-06-29 20:08:53,332 

2015-06-29 20:08:59,676 Starting Training from 2014-12-17 to 2015-01-01
2015-06-29 20:15:10,732 Starting Live from 2015-01-02 to 2015-02-01
2015-06-29 20:30:27,773 Starting Training from 2015-01-17 to 2015-02-01
2015-06-29 20:31:22,392 Starting Live from 2015-02-02 to 2015-03-04
2015-06-29 20:45:21,234 Starting Training from 2015-02-17 to 2015-03-04
2015-06-29 20:46:14,887 Starting Live from 2015-03-05 to 2015-04-04
2015-06-29 21:03:19,188 Starting Training from 2015-03-20 to 2015-04-04
2015-06-29 21:04:07,890 Starting Live from 2015-04-05 to 2015-04-10
2015-06-29 21:07:37,118 Starting Q Learning for : 
2015-06-29 21:07:37,118 alpha = 0.4
2015-06-29 21:07:37,118 gamma = 0.4
2015-06-29 21:07:37,118 individual factor = 10
2015-06-29 21:07:37,118 zero range = 0.01
2015-06-29 21:07:37,118 greedy level = 5
2015-06-29 21:07:37,118 

2015-06-29 21:07:43,096 Starting Training from 2014-12-17 to 2015-01-01
2015-06-29 21:14:27,627 Starting Live from 2015-01-02 to 2015-02-01
2015-06-29 21:30:01,029 Starting Training from 2015-01-17 to 2015-02-01
2015-06-29 21:30:58,161 Starting Live from 2015-02-02 to 2015-03-04
2015-06-29 21:46:50,164 Starting Training from 2015-02-17 to 2015-03-04
2015-06-29 21:47:40,296 Starting Live from 2015-03-05 to 2015-04-04
2015-06-29 22:07:16,381 Starting Training from 2015-03-20 to 2015-04-04
2015-06-29 22:08:05,790 Starting Live from 2015-04-05 to 2015-04-10
2015-06-29 22:11:34,164 Starting Q Learning for : 
2015-06-29 22:11:34,164 alpha = 0.4
2015-06-29 22:11:34,164 gamma = 0.5
2015-06-29 22:11:34,164 individual factor = 10
2015-06-29 22:11:34,164 zero range = 0.01
2015-06-29 22:11:34,164 greedy level = 5
2015-06-29 22:11:34,164 

2015-06-29 22:11:41,767 Starting Training from 2014-12-17 to 2015-01-01
2015-06-29 22:18:08,329 Starting Live from 2015-01-02 to 2015-02-01
2015-06-29 22:34:03,536 Starting Training from 2015-01-17 to 2015-02-01
2015-06-29 22:35:04,246 Starting Live from 2015-02-02 to 2015-03-04
2015-06-29 22:49:57,298 Starting Training from 2015-02-17 to 2015-03-04
2015-06-29 22:50:48,980 Starting Live from 2015-03-05 to 2015-04-04
2015-06-29 23:06:18,509 Starting Training from 2015-03-20 to 2015-04-04
2015-06-29 23:07:06,357 Starting Live from 2015-04-05 to 2015-04-10
2015-06-29 23:11:10,114 Starting Q Learning for : 
2015-06-29 23:11:10,114 alpha = 0.4
2015-06-29 23:11:10,114 gamma = 0.6
2015-06-29 23:11:10,114 individual factor = 10
2015-06-29 23:11:10,115 zero range = 0.01
2015-06-29 23:11:10,115 greedy level = 5
2015-06-29 23:11:10,115 

2015-06-29 23:11:17,717 Starting Training from 2014-12-17 to 2015-01-01
2015-06-29 23:18:16,973 Starting Live from 2015-01-02 to 2015-02-01
2015-06-29 23:34:22,361 Starting Training from 2015-01-17 to 2015-02-01
2015-06-29 23:35:27,483 Starting Live from 2015-02-02 to 2015-03-04
2015-06-29 23:50:12,410 Starting Training from 2015-02-17 to 2015-03-04
2015-06-29 23:51:07,197 Starting Live from 2015-03-05 to 2015-04-04
2015-06-30 00:09:20,473 Starting Training from 2015-03-20 to 2015-04-04
2015-06-30 00:10:10,352 Starting Live from 2015-04-05 to 2015-04-10
2015-06-30 00:13:15,778 Starting Q Learning for : 
2015-06-30 00:13:15,778 alpha = 0.4
2015-06-30 00:13:15,778 gamma = 0.7
2015-06-30 00:13:15,778 individual factor = 10
2015-06-30 00:13:15,779 zero range = 0.01
2015-06-30 00:13:15,779 greedy level = 5
2015-06-30 00:13:15,779 

2015-06-30 00:13:21,009 Starting Training from 2014-12-17 to 2015-01-01
2015-06-30 00:20:33,137 Starting Live from 2015-01-02 to 2015-02-01
2015-06-30 00:36:00,457 Starting Training from 2015-01-17 to 2015-02-01
2015-06-30 00:37:00,440 Starting Live from 2015-02-02 to 2015-03-04
2015-06-30 00:53:17,668 Starting Training from 2015-02-17 to 2015-03-04
2015-06-30 00:54:09,558 Starting Live from 2015-03-05 to 2015-04-04
2015-06-30 01:10:51,713 Starting Training from 2015-03-20 to 2015-04-04
2015-06-30 01:11:54,289 Starting Live from 2015-04-05 to 2015-04-10
2015-06-30 01:15:14,855 Starting Q Learning for : 
2015-06-30 01:15:14,855 alpha = 0.4
2015-06-30 01:15:14,855 gamma = 0.8
2015-06-30 01:15:14,855 individual factor = 10
2015-06-30 01:15:14,855 zero range = 0.01
2015-06-30 01:15:14,855 greedy level = 5
2015-06-30 01:15:14,855 

2015-06-30 01:15:21,561 Starting Training from 2014-12-17 to 2015-01-01
2015-06-30 01:21:54,414 Starting Live from 2015-01-02 to 2015-02-01
2015-06-30 01:37:58,201 Starting Training from 2015-01-17 to 2015-02-01
2015-06-30 01:38:56,970 Starting Live from 2015-02-02 to 2015-03-04
2015-06-30 01:55:13,509 Starting Training from 2015-02-17 to 2015-03-04
2015-06-30 01:56:01,487 Starting Live from 2015-03-05 to 2015-04-04
2015-06-30 02:17:50,109 Starting Training from 2015-03-20 to 2015-04-04
2015-06-30 02:18:39,006 Starting Live from 2015-04-05 to 2015-04-10
2015-06-30 02:22:25,575 Starting Q Learning for : 
2015-06-30 02:22:25,575 alpha = 0.8
2015-06-30 02:22:25,575 gamma = 0.1
2015-06-30 02:22:25,575 individual factor = 10
2015-06-30 02:22:25,575 zero range = 0.01
2015-06-30 02:22:25,575 greedy level = 5
2015-06-30 02:22:25,575 

2015-06-30 02:22:32,359 Starting Training from 2014-12-17 to 2015-01-01
2015-06-30 02:28:47,775 Starting Live from 2015-01-02 to 2015-02-01
2015-06-30 02:44:09,671 Starting Training from 2015-01-17 to 2015-02-01
2015-06-30 02:45:04,970 Starting Live from 2015-02-02 to 2015-03-04
2015-06-30 02:59:16,851 Starting Training from 2015-02-17 to 2015-03-04
2015-06-30 03:00:28,286 Starting Live from 2015-03-05 to 2015-04-04
2015-06-30 03:18:12,016 Starting Training from 2015-03-20 to 2015-04-04
2015-06-30 03:19:04,131 Starting Live from 2015-04-05 to 2015-04-10
2015-06-30 03:22:51,334 Starting Q Learning for : 
2015-06-30 03:22:51,334 alpha = 0.8
2015-06-30 03:22:51,335 gamma = 0.2
2015-06-30 03:22:51,335 individual factor = 10
2015-06-30 03:22:51,335 zero range = 0.01
2015-06-30 03:22:51,335 greedy level = 5
2015-06-30 03:22:51,335 

2015-06-30 03:22:59,267 Starting Training from 2014-12-17 to 2015-01-01
2015-06-30 03:29:53,078 Starting Live from 2015-01-02 to 2015-02-01
2015-06-30 03:44:38,173 Starting Training from 2015-01-17 to 2015-02-01
2015-06-30 03:45:39,348 Starting Live from 2015-02-02 to 2015-03-04
2015-06-30 04:01:24,280 Starting Training from 2015-02-17 to 2015-03-04
2015-06-30 04:02:16,476 Starting Live from 2015-03-05 to 2015-04-04
2015-06-30 04:23:17,388 Starting Training from 2015-03-20 to 2015-04-04
2015-06-30 04:24:06,204 Starting Live from 2015-04-05 to 2015-04-10
2015-06-30 04:27:28,721 Starting Q Learning for : 
2015-06-30 04:27:28,721 alpha = 0.8
2015-06-30 04:27:28,721 gamma = 0.3
2015-06-30 04:27:28,721 individual factor = 10
2015-06-30 04:27:28,721 zero range = 0.01
2015-06-30 04:27:28,721 greedy level = 5
2015-06-30 04:27:28,721 

2015-06-30 04:27:34,470 Starting Training from 2014-12-17 to 2015-01-01
2015-06-30 04:34:37,358 Starting Live from 2015-01-02 to 2015-02-01
2015-06-30 04:49:30,914 Starting Training from 2015-01-17 to 2015-02-01
2015-06-30 04:50:24,040 Starting Live from 2015-02-02 to 2015-03-04
2015-06-30 05:05:50,489 Starting Training from 2015-02-17 to 2015-03-04
2015-06-30 05:06:41,582 Starting Live from 2015-03-05 to 2015-04-04
2015-06-30 05:24:46,931 Starting Training from 2015-03-20 to 2015-04-04
2015-06-30 05:25:36,065 Starting Live from 2015-04-05 to 2015-04-10
2015-06-30 05:28:46,734 Starting Q Learning for : 
2015-06-30 05:28:46,734 alpha = 0.8
2015-06-30 05:28:46,734 gamma = 0.4
2015-06-30 05:28:46,734 individual factor = 10
2015-06-30 05:28:46,734 zero range = 0.01
2015-06-30 05:28:46,734 greedy level = 5
2015-06-30 05:28:46,734 

2015-06-30 05:28:53,138 Starting Training from 2014-12-17 to 2015-01-01
2015-06-30 05:35:04,359 Starting Live from 2015-01-02 to 2015-02-01
2015-06-30 05:50:33,210 Starting Training from 2015-01-17 to 2015-02-01
2015-06-30 05:51:26,526 Starting Live from 2015-02-02 to 2015-03-04
2015-06-30 06:05:09,673 Starting Training from 2015-02-17 to 2015-03-04
2015-06-30 06:06:19,194 Starting Live from 2015-03-05 to 2015-04-04
2015-06-30 06:21:26,779 Starting Training from 2015-03-20 to 2015-04-04
2015-06-30 06:22:18,746 Starting Live from 2015-04-05 to 2015-04-10
2015-06-30 06:25:15,226 Starting Q Learning for : 
2015-06-30 06:25:15,226 alpha = 0.8
2015-06-30 06:25:15,227 gamma = 0.5
2015-06-30 06:25:15,227 individual factor = 10
2015-06-30 06:25:15,227 zero range = 0.01
2015-06-30 06:25:15,227 greedy level = 5
2015-06-30 06:25:15,227 

2015-06-30 06:25:22,687 Starting Training from 2014-12-17 to 2015-01-01
2015-06-30 06:32:27,763 Starting Live from 2015-01-02 to 2015-02-01
2015-06-30 06:47:15,673 Starting Training from 2015-01-17 to 2015-02-01
2015-06-30 06:48:13,569 Starting Live from 2015-02-02 to 2015-03-04
2015-06-30 07:03:29,750 Starting Training from 2015-02-17 to 2015-03-04
2015-06-30 07:04:23,806 Starting Live from 2015-03-05 to 2015-04-04
2015-06-30 07:19:35,963 Starting Training from 2015-03-20 to 2015-04-04
2015-06-30 07:20:38,382 Starting Live from 2015-04-05 to 2015-04-10
2015-06-30 07:23:39,417 Starting Q Learning for : 
2015-06-30 07:23:39,418 alpha = 0.8
2015-06-30 07:23:39,418 gamma = 0.6
2015-06-30 07:23:39,418 individual factor = 10
2015-06-30 07:23:39,418 zero range = 0.01
2015-06-30 07:23:39,418 greedy level = 5
2015-06-30 07:23:39,418 

2015-06-30 07:23:45,322 Starting Training from 2014-12-17 to 2015-01-01
2015-06-30 07:30:09,371 Starting Live from 2015-01-02 to 2015-02-01
2015-06-30 07:45:44,783 Starting Training from 2015-01-17 to 2015-02-01
2015-06-30 07:46:38,467 Starting Live from 2015-02-02 to 2015-03-04
2015-06-30 08:00:52,460 Starting Training from 2015-02-17 to 2015-03-04
2015-06-30 08:02:01,959 Starting Live from 2015-03-05 to 2015-04-04
2015-06-30 08:17:55,283 Starting Training from 2015-03-20 to 2015-04-04
2015-06-30 08:18:42,400 Starting Live from 2015-04-05 to 2015-04-10
2015-06-30 08:21:39,111 Starting Q Learning for : 
2015-06-30 08:21:39,111 alpha = 0.8
2015-06-30 08:21:39,111 gamma = 0.7
2015-06-30 08:21:39,111 individual factor = 10
2015-06-30 08:21:39,111 zero range = 0.01
2015-06-30 08:21:39,111 greedy level = 5
2015-06-30 08:21:39,111 

2015-06-30 08:21:45,243 Starting Training from 2014-12-17 to 2015-01-01
2015-06-30 08:28:49,430 Starting Live from 2015-01-02 to 2015-02-01
2015-06-30 08:43:46,926 Starting Training from 2015-01-17 to 2015-02-01
2015-06-30 08:44:43,000 Starting Live from 2015-02-02 to 2015-03-04
2015-06-30 09:00:50,561 Starting Training from 2015-02-17 to 2015-03-04
2015-06-30 09:01:44,618 Starting Live from 2015-03-05 to 2015-04-04
2015-06-30 09:19:57,391 Starting Training from 2015-03-20 to 2015-04-04
2015-06-30 09:20:47,779 Starting Live from 2015-04-05 to 2015-04-10
2015-06-30 09:24:17,717 Starting Q Learning for : 
2015-06-30 09:24:17,717 alpha = 0.8
2015-06-30 09:24:17,717 gamma = 0.8
2015-06-30 09:24:17,717 individual factor = 10
2015-06-30 09:24:17,717 zero range = 0.01
2015-06-30 09:24:17,717 greedy level = 5
2015-06-30 09:24:17,717 

2015-06-30 09:24:22,937 Starting Training from 2014-12-17 to 2015-01-01
2015-06-30 09:30:35,471 Starting Live from 2015-01-02 to 2015-02-01
2015-06-30 09:46:29,732 Starting Training from 2015-01-17 to 2015-02-01
2015-06-30 09:47:27,174 Starting Live from 2015-02-02 to 2015-03-04
2015-06-30 10:02:54,216 Starting Training from 2015-02-17 to 2015-03-04
2015-06-30 10:03:44,971 Starting Live from 2015-03-05 to 2015-04-04
2015-06-30 10:18:18,612 Starting Training from 2015-03-20 to 2015-04-04
2015-06-30 10:19:04,502 Starting Live from 2015-04-05 to 2015-04-10
