2015-06-29 01:31:41,532 Starting Q Learning for : 
2015-06-29 01:31:41,532 alpha = 0.5
2015-06-29 01:31:41,532 gamma = 0.1
2015-06-29 01:31:41,532 individual factor = 10
2015-06-29 01:31:41,532 zero range = 0.002
2015-06-29 01:31:41,532 greedy level = 5
2015-06-29 01:31:41,532 

2015-06-29 01:31:44,801 Starting Training from 2014-12-17 to 2015-01-01
2015-06-29 01:37:40,325 Starting Live from 2015-01-02 to 2015-02-01
2015-06-29 01:54:11,016 Starting Training from 2015-01-17 to 2015-02-01
2015-06-29 01:55:10,828 Starting Live from 2015-02-02 to 2015-03-04
2015-06-29 02:09:37,263 Starting Training from 2015-02-17 to 2015-03-04
2015-06-29 02:10:31,904 Starting Live from 2015-03-05 to 2015-04-04
2015-06-29 02:25:27,713 Starting Training from 2015-03-20 to 2015-04-04
2015-06-29 02:26:10,924 Starting Live from 2015-04-05 to 2015-04-10
2015-06-29 02:29:09,006 Starting Q Learning for : 
2015-06-29 02:29:09,006 alpha = 0.5
2015-06-29 02:29:09,007 gamma = 0.2
2015-06-29 02:29:09,007 individual factor = 10
2015-06-29 02:29:09,007 zero range = 0.002
2015-06-29 02:29:09,007 greedy level = 5
2015-06-29 02:29:09,007 

2015-06-29 02:29:16,051 Starting Training from 2014-12-17 to 2015-01-01
2015-06-29 02:35:58,378 Starting Live from 2015-01-02 to 2015-02-01
2015-06-29 02:50:47,911 Starting Training from 2015-01-17 to 2015-02-01
2015-06-29 02:51:44,292 Starting Live from 2015-02-02 to 2015-03-04
2015-06-29 03:06:38,247 Starting Training from 2015-02-17 to 2015-03-04
2015-06-29 03:07:28,881 Starting Live from 2015-03-05 to 2015-04-04
2015-06-29 03:24:39,233 Starting Training from 2015-03-20 to 2015-04-04
2015-06-29 03:25:41,099 Starting Live from 2015-04-05 to 2015-04-10
2015-06-29 03:29:55,815 Starting Q Learning for : 
2015-06-29 03:29:55,815 alpha = 0.5
2015-06-29 03:29:55,815 gamma = 0.3
2015-06-29 03:29:55,815 individual factor = 10
2015-06-29 03:29:55,815 zero range = 0.002
2015-06-29 03:29:55,815 greedy level = 5
2015-06-29 03:29:55,815 

2015-06-29 03:30:03,540 Starting Training from 2014-12-17 to 2015-01-01
2015-06-29 03:36:45,710 Starting Live from 2015-01-02 to 2015-02-01
2015-06-29 03:52:49,128 Starting Training from 2015-01-17 to 2015-02-01
2015-06-29 03:53:46,969 Starting Live from 2015-02-02 to 2015-03-04
2015-06-29 04:08:44,500 Starting Training from 2015-02-17 to 2015-03-04
2015-06-29 04:09:33,155 Starting Live from 2015-03-05 to 2015-04-04
2015-06-29 04:30:33,071 Starting Training from 2015-03-20 to 2015-04-04
2015-06-29 04:31:20,325 Starting Live from 2015-04-05 to 2015-04-10
2015-06-29 04:34:48,160 Starting Q Learning for : 
2015-06-29 04:34:48,161 alpha = 0.5
2015-06-29 04:34:48,161 gamma = 0.4
2015-06-29 04:34:48,161 individual factor = 10
2015-06-29 04:34:48,161 zero range = 0.002
2015-06-29 04:34:48,161 greedy level = 5
2015-06-29 04:34:48,161 

2015-06-29 04:34:55,542 Starting Training from 2014-12-17 to 2015-01-01
2015-06-29 04:41:04,621 Starting Live from 2015-01-02 to 2015-02-01
2015-06-29 04:56:29,858 Starting Training from 2015-01-17 to 2015-02-01
2015-06-29 04:57:27,500 Starting Live from 2015-02-02 to 2015-03-04
2015-06-29 05:12:02,630 Starting Training from 2015-02-17 to 2015-03-04
2015-06-29 05:13:01,767 Starting Live from 2015-03-05 to 2015-04-04
2015-06-29 05:31:21,956 Starting Training from 2015-03-20 to 2015-04-04
2015-06-29 05:32:23,298 Starting Live from 2015-04-05 to 2015-04-10
2015-06-29 05:36:19,289 Starting Q Learning for : 
2015-06-29 05:36:19,289 alpha = 0.5
2015-06-29 05:36:19,289 gamma = 0.5
2015-06-29 05:36:19,289 individual factor = 10
2015-06-29 05:36:19,289 zero range = 0.002
2015-06-29 05:36:19,289 greedy level = 5
2015-06-29 05:36:19,289 

2015-06-29 05:36:27,240 Starting Training from 2014-12-17 to 2015-01-01
2015-06-29 05:42:55,842 Starting Live from 2015-01-02 to 2015-02-01
2015-06-29 05:58:36,632 Starting Training from 2015-01-17 to 2015-02-01
2015-06-29 05:59:29,509 Starting Live from 2015-02-02 to 2015-03-04
2015-06-29 06:14:59,200 Starting Training from 2015-02-17 to 2015-03-04
2015-06-29 06:15:49,644 Starting Live from 2015-03-05 to 2015-04-04
2015-06-29 06:38:10,250 Starting Training from 2015-03-20 to 2015-04-04
2015-06-29 06:38:58,868 Starting Live from 2015-04-05 to 2015-04-10
2015-06-29 06:43:43,378 Starting Q Learning for : 
2015-06-29 06:43:43,378 alpha = 0.5
2015-06-29 06:43:43,378 gamma = 0.6
2015-06-29 06:43:43,378 individual factor = 10
2015-06-29 06:43:43,378 zero range = 0.002
2015-06-29 06:43:43,378 greedy level = 5
2015-06-29 06:43:43,378 

2015-06-29 06:43:52,292 Starting Training from 2014-12-17 to 2015-01-01
2015-06-29 06:50:22,936 Starting Live from 2015-01-02 to 2015-02-01
2015-06-29 07:06:06,602 Starting Training from 2015-01-17 to 2015-02-01
2015-06-29 07:07:05,878 Starting Live from 2015-02-02 to 2015-03-04
2015-06-29 07:21:46,821 Starting Training from 2015-02-17 to 2015-03-04
2015-06-29 07:22:43,292 Starting Live from 2015-03-05 to 2015-04-04
2015-06-29 07:39:23,302 Starting Training from 2015-03-20 to 2015-04-04
2015-06-29 07:40:41,148 Starting Live from 2015-04-05 to 2015-04-10
2015-06-29 07:45:34,288 Starting Q Learning for : 
2015-06-29 07:45:34,289 alpha = 0.5
2015-06-29 07:45:34,289 gamma = 0.7
2015-06-29 07:45:34,289 individual factor = 10
2015-06-29 07:45:34,289 zero range = 0.002
2015-06-29 07:45:34,289 greedy level = 5
2015-06-29 07:45:34,289 

2015-06-29 07:45:40,371 Starting Training from 2014-12-17 to 2015-01-01
2015-06-29 07:52:55,421 Starting Live from 2015-01-02 to 2015-02-01
2015-06-29 08:07:59,338 Starting Training from 2015-01-17 to 2015-02-01
2015-06-29 08:08:52,756 Starting Live from 2015-02-02 to 2015-03-04
2015-06-29 08:24:59,213 Starting Training from 2015-02-17 to 2015-03-04
2015-06-29 08:25:51,996 Starting Live from 2015-03-05 to 2015-04-04
2015-06-29 08:43:48,584 Starting Training from 2015-03-20 to 2015-04-04
2015-06-29 08:44:37,381 Starting Live from 2015-04-05 to 2015-04-10
2015-06-29 08:47:52,309 Starting Q Learning for : 
2015-06-29 08:47:52,309 alpha = 0.5
2015-06-29 08:47:52,309 gamma = 0.8
2015-06-29 08:47:52,309 individual factor = 10
2015-06-29 08:47:52,309 zero range = 0.002
2015-06-29 08:47:52,309 greedy level = 5
2015-06-29 08:47:52,309 

2015-06-29 08:47:59,173 Starting Training from 2014-12-17 to 2015-01-01
2015-06-29 08:54:23,855 Starting Live from 2015-01-02 to 2015-02-01
2015-06-29 09:10:11,977 Starting Training from 2015-01-17 to 2015-02-01
2015-06-29 09:11:06,417 Starting Live from 2015-02-02 to 2015-03-04
2015-06-29 09:25:47,329 Starting Training from 2015-02-17 to 2015-03-04
2015-06-29 09:26:41,811 Starting Live from 2015-03-05 to 2015-04-04
2015-06-29 09:42:06,338 Starting Training from 2015-03-20 to 2015-04-04
2015-06-29 09:42:55,025 Starting Live from 2015-04-05 to 2015-04-10
2015-06-29 09:47:19,160 Starting Q Learning for : 
2015-06-29 09:47:19,160 alpha = 0.4
2015-06-29 09:47:19,160 gamma = 0.1
2015-06-29 09:47:19,160 individual factor = 10
2015-06-29 09:47:19,160 zero range = 0.006
2015-06-29 09:47:19,161 greedy level = 5
2015-06-29 09:47:19,161 

2015-06-29 09:47:25,532 Starting Training from 2014-12-17 to 2015-01-01
2015-06-29 09:53:47,563 Starting Live from 2015-01-02 to 2015-02-01
2015-06-29 10:09:41,413 Starting Training from 2015-01-17 to 2015-02-01
2015-06-29 10:10:39,390 Starting Live from 2015-02-02 to 2015-03-04
2015-06-29 10:24:53,619 Starting Training from 2015-02-17 to 2015-03-04
2015-06-29 10:25:45,108 Starting Live from 2015-03-05 to 2015-04-04
2015-06-29 10:44:19,414 Starting Training from 2015-03-20 to 2015-04-04
2015-06-29 10:45:06,489 Starting Live from 2015-04-05 to 2015-04-10
2015-06-29 10:49:01,848 Starting Q Learning for : 
2015-06-29 10:49:01,848 alpha = 0.4
2015-06-29 10:49:01,848 gamma = 0.2
2015-06-29 10:49:01,848 individual factor = 10
2015-06-29 10:49:01,848 zero range = 0.006
2015-06-29 10:49:01,848 greedy level = 5
2015-06-29 10:49:01,848 

2015-06-29 10:49:08,180 Starting Training from 2014-12-17 to 2015-01-01
2015-06-29 10:56:22,279 Starting Live from 2015-01-02 to 2015-02-01
2015-06-29 11:11:13,723 Starting Training from 2015-01-17 to 2015-02-01
2015-06-29 11:12:08,865 Starting Live from 2015-02-02 to 2015-03-04
2015-06-29 11:27:22,721 Starting Training from 2015-02-17 to 2015-03-04
2015-06-29 11:28:11,448 Starting Live from 2015-03-05 to 2015-04-04
2015-06-29 11:45:46,405 Starting Training from 2015-03-20 to 2015-04-04
2015-06-29 11:47:01,836 Starting Live from 2015-04-05 to 2015-04-10
2015-06-29 11:50:22,506 Starting Q Learning for : 
2015-06-29 11:50:22,506 alpha = 0.4
2015-06-29 11:50:22,506 gamma = 0.3
2015-06-29 11:50:22,506 individual factor = 10
2015-06-29 11:50:22,506 zero range = 0.006
2015-06-29 11:50:22,506 greedy level = 5
2015-06-29 11:50:22,506 

2015-06-29 11:50:27,631 Starting Training from 2014-12-17 to 2015-01-01
2015-06-29 11:56:45,342 Starting Live from 2015-01-02 to 2015-02-01
2015-06-29 12:12:47,400 Starting Training from 2015-01-17 to 2015-02-01
2015-06-29 12:13:42,619 Starting Live from 2015-02-02 to 2015-03-04
2015-06-29 12:29:35,831 Starting Training from 2015-02-17 to 2015-03-04
2015-06-29 12:30:28,197 Starting Live from 2015-03-05 to 2015-04-04
2015-06-29 12:47:41,865 Starting Training from 2015-03-20 to 2015-04-04
2015-06-29 12:49:02,256 Starting Live from 2015-04-05 to 2015-04-10
2015-06-29 12:52:27,782 Starting Q Learning for : 
2015-06-29 12:52:27,782 alpha = 0.4
2015-06-29 12:52:27,782 gamma = 0.4
2015-06-29 12:52:27,782 individual factor = 10
2015-06-29 12:52:27,782 zero range = 0.006
2015-06-29 12:52:27,782 greedy level = 5
2015-06-29 12:52:27,783 

2015-06-29 12:52:35,315 Starting Training from 2014-12-17 to 2015-01-01
2015-06-29 12:58:56,608 Starting Live from 2015-01-02 to 2015-02-01
2015-06-29 13:14:52,502 Starting Training from 2015-01-17 to 2015-02-01
2015-06-29 13:15:52,651 Starting Live from 2015-02-02 to 2015-03-04
2015-06-29 13:30:54,365 Starting Training from 2015-02-17 to 2015-03-04
2015-06-29 13:31:58,486 Starting Live from 2015-03-05 to 2015-04-04
2015-06-29 13:50:27,177 Starting Training from 2015-03-20 to 2015-04-04
2015-06-29 13:51:21,976 Starting Live from 2015-04-05 to 2015-04-10
2015-06-29 13:54:49,903 Starting Q Learning for : 
2015-06-29 13:54:49,903 alpha = 0.4
2015-06-29 13:54:49,903 gamma = 0.5
2015-06-29 13:54:49,903 individual factor = 10
2015-06-29 13:54:49,903 zero range = 0.006
2015-06-29 13:54:49,904 greedy level = 5
2015-06-29 13:54:49,904 

2015-06-29 13:54:57,963 Starting Training from 2014-12-17 to 2015-01-01
2015-06-29 14:01:58,749 Starting Live from 2015-01-02 to 2015-02-01
2015-06-29 14:17:22,032 Starting Training from 2015-01-17 to 2015-02-01
2015-06-29 14:18:31,946 Starting Live from 2015-02-02 to 2015-03-04
2015-06-29 14:33:41,513 Starting Training from 2015-02-17 to 2015-03-04
2015-06-29 14:34:32,921 Starting Live from 2015-03-05 to 2015-04-04
2015-06-29 14:52:26,729 Starting Training from 2015-03-20 to 2015-04-04
2015-06-29 14:53:19,109 Starting Live from 2015-04-05 to 2015-04-10
2015-06-29 14:56:34,790 Starting Q Learning for : 
2015-06-29 14:56:34,792 alpha = 0.4
2015-06-29 14:56:34,792 gamma = 0.6
2015-06-29 14:56:34,792 individual factor = 10
2015-06-29 14:56:34,792 zero range = 0.006
2015-06-29 14:56:34,792 greedy level = 5
2015-06-29 14:56:34,792 

2015-06-29 14:56:40,529 Starting Training from 2014-12-17 to 2015-01-01
2015-06-29 15:03:15,867 Starting Live from 2015-01-02 to 2015-02-01
2015-06-29 15:19:28,779 Starting Training from 2015-01-17 to 2015-02-01
2015-06-29 15:20:26,427 Starting Live from 2015-02-02 to 2015-03-04
2015-06-29 15:35:46,151 Starting Training from 2015-02-17 to 2015-03-04
2015-06-29 15:36:41,453 Starting Live from 2015-03-05 to 2015-04-04
2015-06-29 15:55:26,299 Starting Training from 2015-03-20 to 2015-04-04
2015-06-29 15:56:30,845 Starting Live from 2015-04-05 to 2015-04-10
2015-06-29 15:59:36,405 Starting Q Learning for : 
2015-06-29 15:59:36,405 alpha = 0.4
2015-06-29 15:59:36,405 gamma = 0.7
2015-06-29 15:59:36,407 individual factor = 10
2015-06-29 15:59:36,407 zero range = 0.006
2015-06-29 15:59:36,407 greedy level = 5
2015-06-29 15:59:36,407 

2015-06-29 15:59:42,686 Starting Training from 2014-12-17 to 2015-01-01
2015-06-29 16:06:13,815 Starting Live from 2015-01-02 to 2015-02-01
2015-06-29 16:22:25,134 Starting Training from 2015-01-17 to 2015-02-01
2015-06-29 16:23:24,181 Starting Live from 2015-02-02 to 2015-03-04
2015-06-29 16:39:24,752 Starting Training from 2015-02-17 to 2015-03-04
2015-06-29 16:40:13,780 Starting Live from 2015-03-05 to 2015-04-04
2015-06-29 16:57:24,059 Starting Training from 2015-03-20 to 2015-04-04
2015-06-29 16:58:11,529 Starting Live from 2015-04-05 to 2015-04-10
2015-06-29 17:02:24,532 Starting Q Learning for : 
2015-06-29 17:02:24,532 alpha = 0.4
2015-06-29 17:02:24,532 gamma = 0.8
2015-06-29 17:02:24,532 individual factor = 10
2015-06-29 17:02:24,532 zero range = 0.006
2015-06-29 17:02:24,532 greedy level = 5
2015-06-29 17:02:24,532 

2015-06-29 17:02:32,394 Starting Training from 2014-12-17 to 2015-01-01
2015-06-29 17:09:03,045 Starting Live from 2015-01-02 to 2015-02-01
2015-06-29 17:25:41,154 Starting Training from 2015-01-17 to 2015-02-01
2015-06-29 17:26:39,086 Starting Live from 2015-02-02 to 2015-03-04
2015-06-29 17:41:35,160 Starting Training from 2015-02-17 to 2015-03-04
2015-06-29 17:42:31,470 Starting Live from 2015-03-05 to 2015-04-04
2015-06-29 18:03:29,730 Starting Training from 2015-03-20 to 2015-04-04
2015-06-29 18:04:18,214 Starting Live from 2015-04-05 to 2015-04-10
2015-06-29 18:07:39,737 Starting Q Learning for : 
2015-06-29 18:07:39,737 alpha = 0.5
2015-06-29 18:07:39,737 gamma = 0.1
2015-06-29 18:07:39,737 individual factor = 10
2015-06-29 18:07:39,737 zero range = 0.01
2015-06-29 18:07:39,737 greedy level = 5
2015-06-29 18:07:39,737 

2015-06-29 18:07:46,693 Starting Training from 2014-12-17 to 2015-01-01
2015-06-29 18:15:01,594 Starting Live from 2015-01-02 to 2015-02-01
2015-06-29 18:30:06,280 Starting Training from 2015-01-17 to 2015-02-01
2015-06-29 18:31:02,321 Starting Live from 2015-02-02 to 2015-03-04
2015-06-29 18:45:29,407 Starting Training from 2015-02-17 to 2015-03-04
2015-06-29 18:46:23,454 Starting Live from 2015-03-05 to 2015-04-04
2015-06-29 19:02:38,509 Starting Training from 2015-03-20 to 2015-04-04
2015-06-29 19:03:24,887 Starting Live from 2015-04-05 to 2015-04-10
2015-06-29 19:07:02,059 Starting Q Learning for : 
2015-06-29 19:07:02,059 alpha = 0.5
2015-06-29 19:07:02,059 gamma = 0.2
2015-06-29 19:07:02,059 individual factor = 10
2015-06-29 19:07:02,061 zero range = 0.01
2015-06-29 19:07:02,061 greedy level = 5
2015-06-29 19:07:02,061 

2015-06-29 19:07:07,957 Starting Training from 2014-12-17 to 2015-01-01
2015-06-29 19:13:24,677 Starting Live from 2015-01-02 to 2015-02-01
2015-06-29 19:29:09,048 Starting Training from 2015-01-17 to 2015-02-01
2015-06-29 19:30:07,895 Starting Live from 2015-02-02 to 2015-03-04
2015-06-29 19:44:57,558 Starting Training from 2015-02-17 to 2015-03-04
2015-06-29 19:45:48,900 Starting Live from 2015-03-05 to 2015-04-04
2015-06-29 20:01:34,388 Starting Training from 2015-03-20 to 2015-04-04
2015-06-29 20:02:21,447 Starting Live from 2015-04-05 to 2015-04-10
2015-06-29 20:05:52,707 Starting Q Learning for : 
2015-06-29 20:05:52,707 alpha = 0.5
2015-06-29 20:05:52,707 gamma = 0.3
2015-06-29 20:05:52,707 individual factor = 10
2015-06-29 20:05:52,707 zero range = 0.01
2015-06-29 20:05:52,707 greedy level = 5
2015-06-29 20:05:52,707 

2015-06-29 20:06:00,903 Starting Training from 2014-12-17 to 2015-01-01
2015-06-29 20:12:18,030 Starting Live from 2015-01-02 to 2015-02-01
2015-06-29 20:27:20,394 Starting Training from 2015-01-17 to 2015-02-01
2015-06-29 20:28:32,184 Starting Live from 2015-02-02 to 2015-03-04
2015-06-29 20:43:04,710 Starting Training from 2015-02-17 to 2015-03-04
2015-06-29 20:43:52,361 Starting Live from 2015-03-05 to 2015-04-04
2015-06-29 21:03:43,081 Starting Training from 2015-03-20 to 2015-04-04
2015-06-29 21:04:31,236 Starting Live from 2015-04-05 to 2015-04-10
2015-06-29 21:08:09,374 Starting Q Learning for : 
2015-06-29 21:08:09,374 alpha = 0.5
2015-06-29 21:08:09,374 gamma = 0.4
2015-06-29 21:08:09,374 individual factor = 10
2015-06-29 21:08:09,374 zero range = 0.01
2015-06-29 21:08:09,374 greedy level = 5
2015-06-29 21:08:09,375 

2015-06-29 21:08:15,911 Starting Training from 2014-12-17 to 2015-01-01
2015-06-29 21:15:09,732 Starting Live from 2015-01-02 to 2015-02-01
2015-06-29 21:30:16,826 Starting Training from 2015-01-17 to 2015-02-01
2015-06-29 21:31:17,000 Starting Live from 2015-02-02 to 2015-03-04
2015-06-29 21:46:26,029 Starting Training from 2015-02-17 to 2015-03-04
2015-06-29 21:47:14,086 Starting Live from 2015-03-05 to 2015-04-04
2015-06-29 22:05:57,150 Starting Training from 2015-03-20 to 2015-04-04
2015-06-29 22:06:48,144 Starting Live from 2015-04-05 to 2015-04-10
2015-06-29 22:10:20,983 Starting Q Learning for : 
2015-06-29 22:10:20,983 alpha = 0.5
2015-06-29 22:10:20,983 gamma = 0.5
2015-06-29 22:10:20,983 individual factor = 10
2015-06-29 22:10:20,983 zero range = 0.01
2015-06-29 22:10:20,983 greedy level = 5
2015-06-29 22:10:20,983 

2015-06-29 22:10:26,734 Starting Training from 2014-12-17 to 2015-01-01
2015-06-29 22:16:52,065 Starting Live from 2015-01-02 to 2015-02-01
2015-06-29 22:32:58,144 Starting Training from 2015-01-17 to 2015-02-01
2015-06-29 22:33:54,009 Starting Live from 2015-02-02 to 2015-03-04
2015-06-29 22:49:35,645 Starting Training from 2015-02-17 to 2015-03-04
2015-06-29 22:50:24,128 Starting Live from 2015-03-05 to 2015-04-04
2015-06-29 23:06:04,101 Starting Training from 2015-03-20 to 2015-04-04
2015-06-29 23:07:07,493 Starting Live from 2015-04-05 to 2015-04-10
2015-06-29 23:11:49,437 Starting Q Learning for : 
2015-06-29 23:11:49,437 alpha = 0.5
2015-06-29 23:11:49,437 gamma = 0.6
2015-06-29 23:11:49,437 individual factor = 10
2015-06-29 23:11:49,437 zero range = 0.01
2015-06-29 23:11:49,437 greedy level = 5
2015-06-29 23:11:49,437 

2015-06-29 23:11:56,323 Starting Training from 2014-12-17 to 2015-01-01
2015-06-29 23:18:48,671 Starting Live from 2015-01-02 to 2015-02-01
2015-06-29 23:35:32,072 Starting Training from 2015-01-17 to 2015-02-01
2015-06-29 23:36:31,158 Starting Live from 2015-02-02 to 2015-03-04
2015-06-29 23:52:08,266 Starting Training from 2015-02-17 to 2015-03-04
2015-06-29 23:53:01,301 Starting Live from 2015-03-05 to 2015-04-04
2015-06-30 00:12:44,319 Starting Training from 2015-03-20 to 2015-04-04
2015-06-30 00:13:33,032 Starting Live from 2015-04-05 to 2015-04-10
2015-06-30 00:17:10,736 Starting Q Learning for : 
2015-06-30 00:17:10,736 alpha = 0.5
2015-06-30 00:17:10,736 gamma = 0.7
2015-06-30 00:17:10,736 individual factor = 10
2015-06-30 00:17:10,736 zero range = 0.01
2015-06-30 00:17:10,736 greedy level = 5
2015-06-30 00:17:10,736 

2015-06-30 00:17:18,125 Starting Training from 2014-12-17 to 2015-01-01
2015-06-30 00:24:38,484 Starting Live from 2015-01-02 to 2015-02-01
2015-06-30 00:40:14,117 Starting Training from 2015-01-17 to 2015-02-01
2015-06-30 00:41:29,704 Starting Live from 2015-02-02 to 2015-03-04
2015-06-30 00:57:16,111 Starting Training from 2015-02-17 to 2015-03-04
2015-06-30 00:58:09,744 Starting Live from 2015-03-05 to 2015-04-04
2015-06-30 01:16:34,404 Starting Training from 2015-03-20 to 2015-04-04
2015-06-30 01:17:35,713 Starting Live from 2015-04-05 to 2015-04-10
2015-06-30 01:20:48,943 Starting Q Learning for : 
2015-06-30 01:20:48,944 alpha = 0.5
2015-06-30 01:20:48,944 gamma = 0.8
2015-06-30 01:20:48,944 individual factor = 10
2015-06-30 01:20:48,944 zero range = 0.01
2015-06-30 01:20:48,944 greedy level = 5
2015-06-30 01:20:48,944 

2015-06-30 01:20:55,621 Starting Training from 2014-12-17 to 2015-01-01
2015-06-30 01:27:37,490 Starting Live from 2015-01-02 to 2015-02-01
2015-06-30 01:43:20,743 Starting Training from 2015-01-17 to 2015-02-01
2015-06-30 01:44:19,681 Starting Live from 2015-02-02 to 2015-03-04
2015-06-30 01:59:32,638 Starting Training from 2015-02-17 to 2015-03-04
2015-06-30 02:00:27,592 Starting Live from 2015-03-05 to 2015-04-04
2015-06-30 02:18:14,477 Starting Training from 2015-03-20 to 2015-04-04
2015-06-30 02:19:07,575 Starting Live from 2015-04-05 to 2015-04-10
2015-06-30 02:22:02,144 Starting Q Learning for : 
2015-06-30 02:22:02,144 alpha = 0.2
2015-06-30 02:22:02,144 gamma = 0.1
2015-06-30 02:22:02,144 individual factor = 10
2015-06-30 02:22:02,144 zero range = 0.01
2015-06-30 02:22:02,144 greedy level = 5
2015-06-30 02:22:02,144 

2015-06-30 02:22:08,138 Starting Training from 2014-12-17 to 2015-01-01
2015-06-30 02:28:23,990 Starting Live from 2015-01-02 to 2015-02-01
2015-06-30 02:43:40,674 Starting Training from 2015-01-17 to 2015-02-01
2015-06-30 02:44:37,492 Starting Live from 2015-02-02 to 2015-03-04
2015-06-30 02:58:11,700 Starting Training from 2015-02-17 to 2015-03-04
2015-06-30 02:59:09,516 Starting Live from 2015-03-05 to 2015-04-04
2015-06-30 03:14:21,015 Starting Training from 2015-03-20 to 2015-04-04
2015-06-30 03:15:25,637 Starting Live from 2015-04-05 to 2015-04-10
2015-06-30 03:18:30,589 Starting Q Learning for : 
2015-06-30 03:18:30,589 alpha = 0.2
2015-06-30 03:18:30,589 gamma = 0.2
2015-06-30 03:18:30,589 individual factor = 10
2015-06-30 03:18:30,589 zero range = 0.01
2015-06-30 03:18:30,589 greedy level = 5
2015-06-30 03:18:30,589 

2015-06-30 03:18:35,970 Starting Training from 2014-12-17 to 2015-01-01
2015-06-30 03:25:36,977 Starting Live from 2015-01-02 to 2015-02-01
2015-06-30 03:40:19,700 Starting Training from 2015-01-17 to 2015-02-01
2015-06-30 03:41:17,437 Starting Live from 2015-02-02 to 2015-03-04
2015-06-30 03:56:27,173 Starting Training from 2015-02-17 to 2015-03-04
2015-06-30 03:57:25,401 Starting Live from 2015-03-05 to 2015-04-04
2015-06-30 04:13:42,635 Starting Training from 2015-03-20 to 2015-04-04
2015-06-30 04:14:47,723 Starting Live from 2015-04-05 to 2015-04-10
2015-06-30 04:18:16,555 Starting Q Learning for : 
2015-06-30 04:18:16,555 alpha = 0.2
2015-06-30 04:18:16,555 gamma = 0.3
2015-06-30 04:18:16,555 individual factor = 10
2015-06-30 04:18:16,555 zero range = 0.01
2015-06-30 04:18:16,555 greedy level = 5
2015-06-30 04:18:16,555 

2015-06-30 04:18:23,312 Starting Training from 2014-12-17 to 2015-01-01
2015-06-30 04:24:38,450 Starting Live from 2015-01-02 to 2015-02-01
2015-06-30 04:40:18,292 Starting Training from 2015-01-17 to 2015-02-01
2015-06-30 04:41:14,493 Starting Live from 2015-02-02 to 2015-03-04
2015-06-30 04:55:24,835 Starting Training from 2015-02-17 to 2015-03-04
2015-06-30 04:56:30,404 Starting Live from 2015-03-05 to 2015-04-04
2015-06-30 05:13:55,059 Starting Training from 2015-03-20 to 2015-04-04
2015-06-30 05:14:43,627 Starting Live from 2015-04-05 to 2015-04-10
2015-06-30 05:18:00,207 Starting Q Learning for : 
2015-06-30 05:18:00,207 alpha = 0.2
2015-06-30 05:18:00,207 gamma = 0.4
2015-06-30 05:18:00,207 individual factor = 10
2015-06-30 05:18:00,207 zero range = 0.01
2015-06-30 05:18:00,207 greedy level = 5
2015-06-30 05:18:00,207 

2015-06-30 05:18:07,552 Starting Training from 2014-12-17 to 2015-01-01
2015-06-30 05:25:16,400 Starting Live from 2015-01-02 to 2015-02-01
2015-06-30 05:40:01,058 Starting Training from 2015-01-17 to 2015-02-01
2015-06-30 05:40:55,523 Starting Live from 2015-02-02 to 2015-03-04
2015-06-30 05:57:10,667 Starting Training from 2015-02-17 to 2015-03-04
2015-06-30 05:58:03,382 Starting Live from 2015-03-05 to 2015-04-04
2015-06-30 06:17:13,124 Starting Training from 2015-03-20 to 2015-04-04
2015-06-30 06:18:01,792 Starting Live from 2015-04-05 to 2015-04-10
2015-06-30 06:21:13,963 Starting Q Learning for : 
2015-06-30 06:21:13,963 alpha = 0.2
2015-06-30 06:21:13,963 gamma = 0.5
2015-06-30 06:21:13,963 individual factor = 10
2015-06-30 06:21:13,963 zero range = 0.01
2015-06-30 06:21:13,963 greedy level = 5
2015-06-30 06:21:13,963 

2015-06-30 06:21:22,862 Starting Training from 2014-12-17 to 2015-01-01
2015-06-30 06:27:52,186 Starting Live from 2015-01-02 to 2015-02-01
2015-06-30 06:43:28,572 Starting Training from 2015-01-17 to 2015-02-01
2015-06-30 06:44:22,224 Starting Live from 2015-02-02 to 2015-03-04
2015-06-30 07:00:03,434 Starting Training from 2015-02-17 to 2015-03-04
2015-06-30 07:00:53,779 Starting Live from 2015-03-05 to 2015-04-04
2015-06-30 07:19:27,759 Starting Training from 2015-03-20 to 2015-04-04
2015-06-30 07:20:16,164 Starting Live from 2015-04-05 to 2015-04-10
2015-06-30 07:24:24,289 Starting Q Learning for : 
2015-06-30 07:24:24,289 alpha = 0.2
2015-06-30 07:24:24,289 gamma = 0.6
2015-06-30 07:24:24,289 individual factor = 10
2015-06-30 07:24:24,289 zero range = 0.01
2015-06-30 07:24:24,289 greedy level = 5
2015-06-30 07:24:24,289 

2015-06-30 07:24:30,701 Starting Training from 2014-12-17 to 2015-01-01
2015-06-30 07:30:50,854 Starting Live from 2015-01-02 to 2015-02-01
2015-06-30 07:46:27,049 Starting Training from 2015-01-17 to 2015-02-01
2015-06-30 07:47:22,260 Starting Live from 2015-02-02 to 2015-03-04
2015-06-30 08:01:35,338 Starting Training from 2015-02-17 to 2015-03-04
2015-06-30 08:02:37,987 Starting Live from 2015-03-05 to 2015-04-04
2015-06-30 08:20:18,384 Starting Training from 2015-03-20 to 2015-04-04
2015-06-30 08:21:08,427 Starting Live from 2015-04-05 to 2015-04-10
2015-06-30 08:24:54,572 Starting Q Learning for : 
2015-06-30 08:24:54,572 alpha = 0.2
2015-06-30 08:24:54,572 gamma = 0.7
2015-06-30 08:24:54,572 individual factor = 10
2015-06-30 08:24:54,573 zero range = 0.01
2015-06-30 08:24:54,573 greedy level = 5
2015-06-30 08:24:54,573 

2015-06-30 08:25:03,164 Starting Training from 2014-12-17 to 2015-01-01
2015-06-30 08:31:48,190 Starting Live from 2015-01-02 to 2015-02-01
2015-06-30 08:46:40,753 Starting Training from 2015-01-17 to 2015-02-01
2015-06-30 08:47:52,697 Starting Live from 2015-02-02 to 2015-03-04
2015-06-30 09:02:42,187 Starting Training from 2015-02-17 to 2015-03-04
2015-06-30 09:03:35,151 Starting Live from 2015-03-05 to 2015-04-04
2015-06-30 09:19:39,321 Starting Training from 2015-03-20 to 2015-04-04
2015-06-30 09:20:43,721 Starting Live from 2015-04-05 to 2015-04-10
2015-06-30 09:23:52,158 Starting Q Learning for : 
2015-06-30 09:23:52,158 alpha = 0.2
2015-06-30 09:23:52,158 gamma = 0.8
2015-06-30 09:23:52,158 individual factor = 10
2015-06-30 09:23:52,160 zero range = 0.01
2015-06-30 09:23:52,160 greedy level = 5
2015-06-30 09:23:52,160 

2015-06-30 09:24:00,809 Starting Training from 2014-12-17 to 2015-01-01
2015-06-30 09:30:20,604 Starting Live from 2015-01-02 to 2015-02-01
2015-06-30 09:45:52,361 Starting Training from 2015-01-17 to 2015-02-01
2015-06-30 09:46:51,546 Starting Live from 2015-02-02 to 2015-03-04
2015-06-30 10:01:32,055 Starting Training from 2015-02-17 to 2015-03-04
2015-06-30 10:02:25,460 Starting Live from 2015-03-05 to 2015-04-04
2015-06-30 10:17:11,177 Starting Training from 2015-03-20 to 2015-04-04
2015-06-30 10:17:58,055 Starting Live from 2015-04-05 to 2015-04-10
