2015-06-29 01:31:41,480 Starting Q Learning for : 
2015-06-29 01:31:41,480 alpha = 0.6
2015-06-29 01:31:41,480 gamma = 0.1
2015-06-29 01:31:41,480 individual factor = 10
2015-06-29 01:31:41,480 zero range = 0.002
2015-06-29 01:31:41,480 greedy level = 5
2015-06-29 01:31:41,482 

2015-06-29 01:31:53,625 Starting Training from 2014-12-17 to 2015-01-01
2015-06-29 01:37:50,789 Starting Live from 2015-01-02 to 2015-02-01
2015-06-29 01:55:07,420 Starting Training from 2015-01-17 to 2015-02-01
2015-06-29 01:56:06,049 Starting Live from 2015-02-02 to 2015-03-04
2015-06-29 02:11:09,420 Starting Training from 2015-02-17 to 2015-03-04
2015-06-29 02:11:57,444 Starting Live from 2015-03-05 to 2015-04-04
2015-06-29 02:28:18,036 Starting Training from 2015-03-20 to 2015-04-04
2015-06-29 02:29:03,759 Starting Live from 2015-04-05 to 2015-04-10
2015-06-29 02:33:13,526 Starting Q Learning for : 
2015-06-29 02:33:13,526 alpha = 0.6
2015-06-29 02:33:13,526 gamma = 0.2
2015-06-29 02:33:13,526 individual factor = 10
2015-06-29 02:33:13,526 zero range = 0.002
2015-06-29 02:33:13,526 greedy level = 5
2015-06-29 02:33:13,528 

2015-06-29 02:33:19,779 Starting Training from 2014-12-17 to 2015-01-01
2015-06-29 02:39:37,973 Starting Live from 2015-01-02 to 2015-02-01
2015-06-29 02:55:07,203 Starting Training from 2015-01-17 to 2015-02-01
2015-06-29 02:56:06,601 Starting Live from 2015-02-02 to 2015-03-04
2015-06-29 03:10:30,681 Starting Training from 2015-02-17 to 2015-03-04
2015-06-29 03:11:18,490 Starting Live from 2015-03-05 to 2015-04-04
2015-06-29 03:28:40,351 Starting Training from 2015-03-20 to 2015-04-04
2015-06-29 03:29:33,957 Starting Live from 2015-04-05 to 2015-04-10
2015-06-29 03:33:39,813 Starting Q Learning for : 
2015-06-29 03:33:39,813 alpha = 0.6
2015-06-29 03:33:39,813 gamma = 0.3
2015-06-29 03:33:39,813 individual factor = 10
2015-06-29 03:33:39,813 zero range = 0.002
2015-06-29 03:33:39,815 greedy level = 5
2015-06-29 03:33:39,815 

2015-06-29 03:33:45,134 Starting Training from 2014-12-17 to 2015-01-01
2015-06-29 03:40:55,779 Starting Live from 2015-01-02 to 2015-02-01
2015-06-29 03:56:01,806 Starting Training from 2015-01-17 to 2015-02-01
2015-06-29 03:56:58,049 Starting Live from 2015-02-02 to 2015-03-04
2015-06-29 04:11:55,470 Starting Training from 2015-02-17 to 2015-03-04
2015-06-29 04:12:46,321 Starting Live from 2015-03-05 to 2015-04-04
2015-06-29 04:30:52,884 Starting Training from 2015-03-20 to 2015-04-04
2015-06-29 04:31:40,795 Starting Live from 2015-04-05 to 2015-04-10
2015-06-29 04:34:37,286 Starting Q Learning for : 
2015-06-29 04:34:37,286 alpha = 0.6
2015-06-29 04:34:37,286 gamma = 0.4
2015-06-29 04:34:37,286 individual factor = 10
2015-06-29 04:34:37,286 zero range = 0.002
2015-06-29 04:34:37,286 greedy level = 5
2015-06-29 04:34:37,286 

2015-06-29 04:34:44,124 Starting Training from 2014-12-17 to 2015-01-01
2015-06-29 04:40:55,473 Starting Live from 2015-01-02 to 2015-02-01
2015-06-29 04:56:21,561 Starting Training from 2015-01-17 to 2015-02-01
2015-06-29 04:57:19,253 Starting Live from 2015-02-02 to 2015-03-04
2015-06-29 05:12:02,109 Starting Training from 2015-02-17 to 2015-03-04
2015-06-29 05:12:57,430 Starting Live from 2015-03-05 to 2015-04-04
2015-06-29 05:29:24,140 Starting Training from 2015-03-20 to 2015-04-04
2015-06-29 05:30:21,184 Starting Live from 2015-04-05 to 2015-04-10
2015-06-29 05:34:23,992 Starting Q Learning for : 
2015-06-29 05:34:23,993 alpha = 0.6
2015-06-29 05:34:23,993 gamma = 0.5
2015-06-29 05:34:23,993 individual factor = 10
2015-06-29 05:34:23,993 zero range = 0.002
2015-06-29 05:34:23,993 greedy level = 5
2015-06-29 05:34:23,993 

2015-06-29 05:34:26,121 Starting Training from 2014-12-17 to 2015-01-01
2015-06-29 05:41:09,213 Starting Live from 2015-01-02 to 2015-02-01
2015-06-29 05:56:20,542 Starting Training from 2015-01-17 to 2015-02-01
2015-06-29 05:57:29,421 Starting Live from 2015-02-02 to 2015-03-04
2015-06-29 06:11:49,134 Starting Training from 2015-02-17 to 2015-03-04
2015-06-29 06:12:42,296 Starting Live from 2015-03-05 to 2015-04-04
2015-06-29 06:28:40,315 Starting Training from 2015-03-20 to 2015-04-04
2015-06-29 06:29:28,782 Starting Live from 2015-04-05 to 2015-04-10
2015-06-29 06:32:28,795 Starting Q Learning for : 
2015-06-29 06:32:28,796 alpha = 0.6
2015-06-29 06:32:28,796 gamma = 0.6
2015-06-29 06:32:28,796 individual factor = 10
2015-06-29 06:32:28,796 zero range = 0.002
2015-06-29 06:32:28,796 greedy level = 5
2015-06-29 06:32:28,796 

2015-06-29 06:32:34,280 Starting Training from 2014-12-17 to 2015-01-01
2015-06-29 06:38:55,661 Starting Live from 2015-01-02 to 2015-02-01
2015-06-29 06:55:17,533 Starting Training from 2015-01-17 to 2015-02-01
2015-06-29 06:56:14,434 Starting Live from 2015-02-02 to 2015-03-04
2015-06-29 07:12:13,875 Starting Training from 2015-02-17 to 2015-03-04
2015-06-29 07:13:05,890 Starting Live from 2015-03-05 to 2015-04-04
2015-06-29 07:32:23,621 Starting Training from 2015-03-20 to 2015-04-04
2015-06-29 07:33:16,269 Starting Live from 2015-04-05 to 2015-04-10
2015-06-29 07:37:00,904 Starting Q Learning for : 
2015-06-29 07:37:00,904 alpha = 0.6
2015-06-29 07:37:00,904 gamma = 0.7
2015-06-29 07:37:00,904 individual factor = 10
2015-06-29 07:37:00,904 zero range = 0.002
2015-06-29 07:37:00,904 greedy level = 5
2015-06-29 07:37:00,904 

2015-06-29 07:37:08,519 Starting Training from 2014-12-17 to 2015-01-01
2015-06-29 07:43:44,492 Starting Live from 2015-01-02 to 2015-02-01
2015-06-29 07:59:38,796 Starting Training from 2015-01-17 to 2015-02-01
2015-06-29 08:00:33,884 Starting Live from 2015-02-02 to 2015-03-04
2015-06-29 08:15:35,604 Starting Training from 2015-02-17 to 2015-03-04
2015-06-29 08:16:33,256 Starting Live from 2015-03-05 to 2015-04-04
2015-06-29 08:31:49,594 Starting Training from 2015-03-20 to 2015-04-04
2015-06-29 08:33:00,707 Starting Live from 2015-04-05 to 2015-04-10
2015-06-29 08:36:45,346 Starting Q Learning for : 
2015-06-29 08:36:45,346 alpha = 0.6
2015-06-29 08:36:45,346 gamma = 0.8
2015-06-29 08:36:45,348 individual factor = 10
2015-06-29 08:36:45,348 zero range = 0.002
2015-06-29 08:36:45,348 greedy level = 5
2015-06-29 08:36:45,348 

2015-06-29 08:36:52,759 Starting Training from 2014-12-17 to 2015-01-01
2015-06-29 08:43:31,404 Starting Live from 2015-01-02 to 2015-02-01
2015-06-29 08:59:23,542 Starting Training from 2015-01-17 to 2015-02-01
2015-06-29 09:00:31,724 Starting Live from 2015-02-02 to 2015-03-04
2015-06-29 09:15:27,418 Starting Training from 2015-02-17 to 2015-03-04
2015-06-29 09:16:17,196 Starting Live from 2015-03-05 to 2015-04-04
2015-06-29 09:33:03,338 Starting Training from 2015-03-20 to 2015-04-04
2015-06-29 09:33:53,667 Starting Live from 2015-04-05 to 2015-04-10
2015-06-29 09:37:12,755 Starting Q Learning for : 
2015-06-29 09:37:12,755 alpha = 0.8
2015-06-29 09:37:12,755 gamma = 0.1
2015-06-29 09:37:12,755 individual factor = 10
2015-06-29 09:37:12,755 zero range = 0.002
2015-06-29 09:37:12,755 greedy level = 5
2015-06-29 09:37:12,755 

2015-06-29 09:37:19,345 Starting Training from 2014-12-17 to 2015-01-01
2015-06-29 09:43:51,401 Starting Live from 2015-01-02 to 2015-02-01
2015-06-29 09:59:34,431 Starting Training from 2015-01-17 to 2015-02-01
2015-06-29 10:00:33,079 Starting Live from 2015-02-02 to 2015-03-04
2015-06-29 10:15:46,796 Starting Training from 2015-02-17 to 2015-03-04
2015-06-29 10:16:35,973 Starting Live from 2015-03-05 to 2015-04-04
2015-06-29 10:33:36,493 Starting Training from 2015-03-20 to 2015-04-04
2015-06-29 10:34:25,118 Starting Live from 2015-04-05 to 2015-04-10
2015-06-29 10:37:44,644 Starting Q Learning for : 
2015-06-29 10:37:44,644 alpha = 0.8
2015-06-29 10:37:44,644 gamma = 0.2
2015-06-29 10:37:44,644 individual factor = 10
2015-06-29 10:37:44,644 zero range = 0.002
2015-06-29 10:37:44,644 greedy level = 5
2015-06-29 10:37:44,644 

2015-06-29 10:37:50,769 Starting Training from 2014-12-17 to 2015-01-01
2015-06-29 10:44:03,759 Starting Live from 2015-01-02 to 2015-02-01
2015-06-29 10:59:49,342 Starting Training from 2015-01-17 to 2015-02-01
2015-06-29 11:00:43,359 Starting Live from 2015-02-02 to 2015-03-04
2015-06-29 11:15:11,598 Starting Training from 2015-02-17 to 2015-03-04
2015-06-29 11:16:14,381 Starting Live from 2015-03-05 to 2015-04-04
2015-06-29 11:32:48,993 Starting Training from 2015-03-20 to 2015-04-04
2015-06-29 11:33:51,030 Starting Live from 2015-04-05 to 2015-04-10
2015-06-29 11:36:58,709 Starting Q Learning for : 
2015-06-29 11:36:58,709 alpha = 0.8
2015-06-29 11:36:58,709 gamma = 0.3
2015-06-29 11:36:58,709 individual factor = 10
2015-06-29 11:36:58,709 zero range = 0.002
2015-06-29 11:36:58,709 greedy level = 5
2015-06-29 11:36:58,710 

2015-06-29 11:37:05,326 Starting Training from 2014-12-17 to 2015-01-01
2015-06-29 11:44:17,223 Starting Live from 2015-01-02 to 2015-02-01
2015-06-29 11:59:16,348 Starting Training from 2015-01-17 to 2015-02-01
2015-06-29 12:00:29,460 Starting Live from 2015-02-02 to 2015-03-04
2015-06-29 12:15:51,640 Starting Training from 2015-02-17 to 2015-03-04
2015-06-29 12:16:45,648 Starting Live from 2015-03-05 to 2015-04-04
2015-06-29 12:35:56,154 Starting Training from 2015-03-20 to 2015-04-04
2015-06-29 12:36:49,371 Starting Live from 2015-04-05 to 2015-04-10
2015-06-29 12:40:24,618 Starting Q Learning for : 
2015-06-29 12:40:24,618 alpha = 0.8
2015-06-29 12:40:24,618 gamma = 0.4
2015-06-29 12:40:24,618 individual factor = 10
2015-06-29 12:40:24,618 zero range = 0.002
2015-06-29 12:40:24,618 greedy level = 5
2015-06-29 12:40:24,618 

2015-06-29 12:40:31,783 Starting Training from 2014-12-17 to 2015-01-01
2015-06-29 12:47:14,464 Starting Live from 2015-01-02 to 2015-02-01
2015-06-29 13:02:38,000 Starting Training from 2015-01-17 to 2015-02-01
2015-06-29 13:03:33,321 Starting Live from 2015-02-02 to 2015-03-04
2015-06-29 13:18:37,848 Starting Training from 2015-02-17 to 2015-03-04
2015-06-29 13:19:32,854 Starting Live from 2015-03-05 to 2015-04-04
2015-06-29 13:39:22,289 Starting Training from 2015-03-20 to 2015-04-04
2015-06-29 13:40:12,585 Starting Live from 2015-04-05 to 2015-04-10
2015-06-29 13:43:15,796 Starting Q Learning for : 
2015-06-29 13:43:15,796 alpha = 0.8
2015-06-29 13:43:15,798 gamma = 0.5
2015-06-29 13:43:15,798 individual factor = 10
2015-06-29 13:43:15,798 zero range = 0.002
2015-06-29 13:43:15,798 greedy level = 5
2015-06-29 13:43:15,798 

2015-06-29 13:43:21,838 Starting Training from 2014-12-17 to 2015-01-01
2015-06-29 13:49:55,944 Starting Live from 2015-01-02 to 2015-02-01
2015-06-29 14:05:54,117 Starting Training from 2015-01-17 to 2015-02-01
2015-06-29 14:06:52,805 Starting Live from 2015-02-02 to 2015-03-04
2015-06-29 14:21:45,176 Starting Training from 2015-02-17 to 2015-03-04
2015-06-29 14:22:36,973 Starting Live from 2015-03-05 to 2015-04-04
2015-06-29 14:39:51,125 Starting Training from 2015-03-20 to 2015-04-04
2015-06-29 14:40:50,561 Starting Live from 2015-04-05 to 2015-04-10
2015-06-29 14:44:35,598 Starting Q Learning for : 
2015-06-29 14:44:35,598 alpha = 0.8
2015-06-29 14:44:35,598 gamma = 0.6
2015-06-29 14:44:35,598 individual factor = 10
2015-06-29 14:44:35,598 zero range = 0.002
2015-06-29 14:44:35,598 greedy level = 5
2015-06-29 14:44:35,598 

2015-06-29 14:44:41,914 Starting Training from 2014-12-17 to 2015-01-01
2015-06-29 14:51:09,319 Starting Live from 2015-01-02 to 2015-02-01
2015-06-29 15:07:12,736 Starting Training from 2015-01-17 to 2015-02-01
2015-06-29 15:08:12,947 Starting Live from 2015-02-02 to 2015-03-04
2015-06-29 15:23:59,671 Starting Training from 2015-02-17 to 2015-03-04
2015-06-29 15:24:57,608 Starting Live from 2015-03-05 to 2015-04-04
2015-06-29 15:46:41,684 Starting Training from 2015-03-20 to 2015-04-04
2015-06-29 15:47:30,351 Starting Live from 2015-04-05 to 2015-04-10
2015-06-29 15:51:25,375 Starting Q Learning for : 
2015-06-29 15:51:25,375 alpha = 0.8
2015-06-29 15:51:25,375 gamma = 0.7
2015-06-29 15:51:25,375 individual factor = 10
2015-06-29 15:51:25,375 zero range = 0.002
2015-06-29 15:51:25,375 greedy level = 5
2015-06-29 15:51:25,375 

2015-06-29 15:51:33,078 Starting Training from 2014-12-17 to 2015-01-01
2015-06-29 15:58:27,211 Starting Live from 2015-01-02 to 2015-02-01
2015-06-29 16:14:26,362 Starting Training from 2015-01-17 to 2015-02-01
2015-06-29 16:15:36,408 Starting Live from 2015-02-02 to 2015-03-04
2015-06-29 16:30:35,369 Starting Training from 2015-02-17 to 2015-03-04
2015-06-29 16:31:24,515 Starting Live from 2015-03-05 to 2015-04-04
2015-06-29 16:49:11,667 Starting Training from 2015-03-20 to 2015-04-04
2015-06-29 16:50:21,845 Starting Live from 2015-04-05 to 2015-04-10
2015-06-29 16:53:37,250 Starting Q Learning for : 
2015-06-29 16:53:37,250 alpha = 0.8
2015-06-29 16:53:37,250 gamma = 0.8
2015-06-29 16:53:37,250 individual factor = 10
2015-06-29 16:53:37,250 zero range = 0.002
2015-06-29 16:53:37,250 greedy level = 5
2015-06-29 16:53:37,250 

2015-06-29 16:53:43,588 Starting Training from 2014-12-17 to 2015-01-01
2015-06-29 17:00:37,079 Starting Live from 2015-01-02 to 2015-02-01
2015-06-29 17:16:02,878 Starting Training from 2015-01-17 to 2015-02-01
2015-06-29 17:17:03,335 Starting Live from 2015-02-02 to 2015-03-04
2015-06-29 17:32:00,184 Starting Training from 2015-02-17 to 2015-03-04
2015-06-29 17:32:53,834 Starting Live from 2015-03-05 to 2015-04-04
2015-06-29 17:52:01,782 Starting Training from 2015-03-20 to 2015-04-04
2015-06-29 17:52:51,710 Starting Live from 2015-04-05 to 2015-04-10
2015-06-29 17:56:09,244 Starting Q Learning for : 
2015-06-29 17:56:09,244 alpha = 0.2
2015-06-29 17:56:09,244 gamma = 0.1
2015-06-29 17:56:09,244 individual factor = 10
2015-06-29 17:56:09,246 zero range = 0.006
2015-06-29 17:56:09,246 greedy level = 5
2015-06-29 17:56:09,246 

2015-06-29 17:56:15,216 Starting Training from 2014-12-17 to 2015-01-01
2015-06-29 18:02:49,953 Starting Live from 2015-01-02 to 2015-02-01
2015-06-29 18:18:53,859 Starting Training from 2015-01-17 to 2015-02-01
2015-06-29 18:19:48,963 Starting Live from 2015-02-02 to 2015-03-04
2015-06-29 18:34:47,332 Starting Training from 2015-02-17 to 2015-03-04
2015-06-29 18:35:44,872 Starting Live from 2015-03-05 to 2015-04-04
2015-06-29 18:51:47,858 Starting Training from 2015-03-20 to 2015-04-04
2015-06-29 18:52:37,796 Starting Live from 2015-04-05 to 2015-04-10
2015-06-29 18:56:03,957 Starting Q Learning for : 
2015-06-29 18:56:03,957 alpha = 0.2
2015-06-29 18:56:03,957 gamma = 0.2
2015-06-29 18:56:03,957 individual factor = 10
2015-06-29 18:56:03,957 zero range = 0.006
2015-06-29 18:56:03,957 greedy level = 5
2015-06-29 18:56:03,957 

2015-06-29 18:56:10,914 Starting Training from 2014-12-17 to 2015-01-01
2015-06-29 19:02:35,513 Starting Live from 2015-01-02 to 2015-02-01
2015-06-29 19:17:22,937 Starting Training from 2015-01-17 to 2015-02-01
2015-06-29 19:18:38,533 Starting Live from 2015-02-02 to 2015-03-04
2015-06-29 19:33:07,444 Starting Training from 2015-02-17 to 2015-03-04
2015-06-29 19:34:00,769 Starting Live from 2015-03-05 to 2015-04-04
2015-06-29 19:50:44,426 Starting Training from 2015-03-20 to 2015-04-04
2015-06-29 19:51:31,644 Starting Live from 2015-04-05 to 2015-04-10
2015-06-29 19:54:36,423 Starting Q Learning for : 
2015-06-29 19:54:36,423 alpha = 0.2
2015-06-29 19:54:36,424 gamma = 0.3
2015-06-29 19:54:36,424 individual factor = 10
2015-06-29 19:54:36,424 zero range = 0.006
2015-06-29 19:54:36,424 greedy level = 5
2015-06-29 19:54:36,424 

2015-06-29 19:54:43,680 Starting Training from 2014-12-17 to 2015-01-01
2015-06-29 20:01:06,096 Starting Live from 2015-01-02 to 2015-02-01
2015-06-29 20:16:35,328 Starting Training from 2015-01-17 to 2015-02-01
2015-06-29 20:17:29,976 Starting Live from 2015-02-02 to 2015-03-04
2015-06-29 20:32:51,260 Starting Training from 2015-02-17 to 2015-03-04
2015-06-29 20:33:39,176 Starting Live from 2015-03-05 to 2015-04-04
2015-06-29 20:54:37,187 Starting Training from 2015-03-20 to 2015-04-04
2015-06-29 20:55:27,700 Starting Live from 2015-04-05 to 2015-04-10
2015-06-29 20:58:40,398 Starting Q Learning for : 
2015-06-29 20:58:40,398 alpha = 0.2
2015-06-29 20:58:40,398 gamma = 0.4
2015-06-29 20:58:40,398 individual factor = 10
2015-06-29 20:58:40,398 zero range = 0.006
2015-06-29 20:58:40,398 greedy level = 5
2015-06-29 20:58:40,398 

2015-06-29 20:58:47,913 Starting Training from 2014-12-17 to 2015-01-01
2015-06-29 21:05:03,437 Starting Live from 2015-01-02 to 2015-02-01
2015-06-29 21:20:46,512 Starting Training from 2015-01-17 to 2015-02-01
2015-06-29 21:21:43,621 Starting Live from 2015-02-02 to 2015-03-04
2015-06-29 21:36:21,835 Starting Training from 2015-02-17 to 2015-03-04
2015-06-29 21:37:28,628 Starting Live from 2015-03-05 to 2015-04-04
2015-06-29 21:55:09,552 Starting Training from 2015-03-20 to 2015-04-04
2015-06-29 21:56:04,657 Starting Live from 2015-04-05 to 2015-04-10
2015-06-29 21:59:40,200 Starting Q Learning for : 
2015-06-29 21:59:40,200 alpha = 0.2
2015-06-29 21:59:40,200 gamma = 0.5
2015-06-29 21:59:40,200 individual factor = 10
2015-06-29 21:59:40,200 zero range = 0.006
2015-06-29 21:59:40,200 greedy level = 5
2015-06-29 21:59:40,200 

2015-06-29 21:59:48,101 Starting Training from 2014-12-17 to 2015-01-01
2015-06-29 22:06:47,930 Starting Live from 2015-01-02 to 2015-02-01
2015-06-29 22:22:06,796 Starting Training from 2015-01-17 to 2015-02-01
2015-06-29 22:23:21,246 Starting Live from 2015-02-02 to 2015-03-04
2015-06-29 22:38:14,903 Starting Training from 2015-02-17 to 2015-03-04
2015-06-29 22:39:05,700 Starting Live from 2015-03-05 to 2015-04-04
2015-06-29 22:56:55,756 Starting Training from 2015-03-20 to 2015-04-04
2015-06-29 22:57:42,644 Starting Live from 2015-04-05 to 2015-04-10
2015-06-29 23:00:50,234 Starting Q Learning for : 
2015-06-29 23:00:50,236 alpha = 0.2
2015-06-29 23:00:50,236 gamma = 0.6
2015-06-29 23:00:50,236 individual factor = 10
2015-06-29 23:00:50,236 zero range = 0.006
2015-06-29 23:00:50,236 greedy level = 5
2015-06-29 23:00:50,236 

2015-06-29 23:00:56,382 Starting Training from 2014-12-17 to 2015-01-01
2015-06-29 23:07:26,908 Starting Live from 2015-01-02 to 2015-02-01
2015-06-29 23:24:33,605 Starting Training from 2015-01-17 to 2015-02-01
2015-06-29 23:25:33,329 Starting Live from 2015-02-02 to 2015-03-04
2015-06-29 23:42:05,174 Starting Training from 2015-02-17 to 2015-03-04
2015-06-29 23:42:56,723 Starting Live from 2015-03-05 to 2015-04-04
2015-06-30 00:03:18,763 Starting Training from 2015-03-20 to 2015-04-04
2015-06-30 00:04:08,301 Starting Live from 2015-04-05 to 2015-04-10
2015-06-30 00:07:34,773 Starting Q Learning for : 
2015-06-30 00:07:34,773 alpha = 0.2
2015-06-30 00:07:34,773 gamma = 0.7
2015-06-30 00:07:34,775 individual factor = 10
2015-06-30 00:07:34,775 zero range = 0.006
2015-06-30 00:07:34,775 greedy level = 5
2015-06-30 00:07:34,775 

2015-06-30 00:07:43,335 Starting Training from 2014-12-17 to 2015-01-01
2015-06-30 00:14:02,267 Starting Live from 2015-01-02 to 2015-02-01
2015-06-30 00:30:01,198 Starting Training from 2015-01-17 to 2015-02-01
2015-06-30 00:30:58,453 Starting Live from 2015-02-02 to 2015-03-04
2015-06-30 00:46:03,605 Starting Training from 2015-02-17 to 2015-03-04
2015-06-30 00:46:58,206 Starting Live from 2015-03-05 to 2015-04-04
2015-06-30 01:04:20,479 Starting Training from 2015-03-20 to 2015-04-04
2015-06-30 01:05:27,908 Starting Live from 2015-04-05 to 2015-04-10
2015-06-30 01:09:37,111 Starting Q Learning for : 
2015-06-30 01:09:37,111 alpha = 0.2
2015-06-30 01:09:37,111 gamma = 0.8
2015-06-30 01:09:37,111 individual factor = 10
2015-06-30 01:09:37,112 zero range = 0.006
2015-06-30 01:09:37,112 greedy level = 5
2015-06-30 01:09:37,112 

2015-06-30 01:09:42,486 Starting Training from 2014-12-17 to 2015-01-01
2015-06-30 01:16:09,173 Starting Live from 2015-01-02 to 2015-02-01
2015-06-30 01:32:46,875 Starting Training from 2015-01-17 to 2015-02-01
2015-06-30 01:33:44,612 Starting Live from 2015-02-02 to 2015-03-04
2015-06-30 01:49:06,773 Starting Training from 2015-02-17 to 2015-03-04
2015-06-30 01:50:04,119 Starting Live from 2015-03-05 to 2015-04-04
2015-06-30 02:09:24,540 Starting Training from 2015-03-20 to 2015-04-04
2015-06-30 02:10:32,273 Starting Live from 2015-04-05 to 2015-04-10
2015-06-30 02:14:03,987 Starting Q Learning for : 
2015-06-30 02:14:03,987 alpha = 0.6
2015-06-30 02:14:03,987 gamma = 0.1
2015-06-30 02:14:03,987 individual factor = 10
2015-06-30 02:14:03,987 zero range = 0.01
2015-06-30 02:14:03,987 greedy level = 5
2015-06-30 02:14:03,987 

2015-06-30 02:14:10,776 Starting Training from 2014-12-17 to 2015-01-01
2015-06-30 02:20:50,374 Starting Live from 2015-01-02 to 2015-02-01
2015-06-30 02:35:29,608 Starting Training from 2015-01-17 to 2015-02-01
2015-06-30 02:36:37,056 Starting Live from 2015-02-02 to 2015-03-04
2015-06-30 02:51:13,543 Starting Training from 2015-02-17 to 2015-03-04
2015-06-30 02:52:01,493 Starting Live from 2015-03-05 to 2015-04-04
2015-06-30 03:09:25,927 Starting Training from 2015-03-20 to 2015-04-04
2015-06-30 03:10:18,176 Starting Live from 2015-04-05 to 2015-04-10
2015-06-30 03:13:34,670 Starting Q Learning for : 
2015-06-30 03:13:34,670 alpha = 0.6
2015-06-30 03:13:34,670 gamma = 0.2
2015-06-30 03:13:34,670 individual factor = 10
2015-06-30 03:13:34,670 zero range = 0.01
2015-06-30 03:13:34,670 greedy level = 5
2015-06-30 03:13:34,670 

2015-06-30 03:13:40,644 Starting Training from 2014-12-17 to 2015-01-01
2015-06-30 03:19:56,753 Starting Live from 2015-01-02 to 2015-02-01
2015-06-30 03:35:38,686 Starting Training from 2015-01-17 to 2015-02-01
2015-06-30 03:36:36,010 Starting Live from 2015-02-02 to 2015-03-04
2015-06-30 03:52:15,591 Starting Training from 2015-02-17 to 2015-03-04
2015-06-30 03:53:07,441 Starting Live from 2015-03-05 to 2015-04-04
2015-06-30 04:10:15,776 Starting Training from 2015-03-20 to 2015-04-04
2015-06-30 04:11:40,997 Starting Live from 2015-04-05 to 2015-04-10
2015-06-30 04:14:59,091 Starting Q Learning for : 
2015-06-30 04:14:59,091 alpha = 0.6
2015-06-30 04:14:59,091 gamma = 0.3
2015-06-30 04:14:59,091 individual factor = 10
2015-06-30 04:14:59,091 zero range = 0.01
2015-06-30 04:14:59,091 greedy level = 5
2015-06-30 04:14:59,091 

2015-06-30 04:15:04,891 Starting Training from 2014-12-17 to 2015-01-01
2015-06-30 04:21:16,092 Starting Live from 2015-01-02 to 2015-02-01
2015-06-30 04:37:03,155 Starting Training from 2015-01-17 to 2015-02-01
2015-06-30 04:38:00,377 Starting Live from 2015-02-02 to 2015-03-04
2015-06-30 04:52:07,845 Starting Training from 2015-02-17 to 2015-03-04
2015-06-30 04:52:55,877 Starting Live from 2015-03-05 to 2015-04-04
2015-06-30 05:08:46,173 Starting Training from 2015-03-20 to 2015-04-04
2015-06-30 05:09:49,384 Starting Live from 2015-04-05 to 2015-04-10
2015-06-30 05:13:07,315 Starting Q Learning for : 
2015-06-30 05:13:07,315 alpha = 0.6
2015-06-30 05:13:07,315 gamma = 0.4
2015-06-30 05:13:07,315 individual factor = 10
2015-06-30 05:13:07,315 zero range = 0.01
2015-06-30 05:13:07,315 greedy level = 5
2015-06-30 05:13:07,315 

2015-06-30 05:13:13,549 Starting Training from 2014-12-17 to 2015-01-01
2015-06-30 05:19:48,108 Starting Live from 2015-01-02 to 2015-02-01
2015-06-30 05:35:11,141 Starting Training from 2015-01-17 to 2015-02-01
2015-06-30 05:36:06,348 Starting Live from 2015-02-02 to 2015-03-04
2015-06-30 05:51:45,529 Starting Training from 2015-02-17 to 2015-03-04
2015-06-30 05:52:35,690 Starting Live from 2015-03-05 to 2015-04-04
2015-06-30 06:09:39,678 Starting Training from 2015-03-20 to 2015-04-04
2015-06-30 06:10:35,335 Starting Live from 2015-04-05 to 2015-04-10
2015-06-30 06:14:12,990 Starting Q Learning for : 
2015-06-30 06:14:12,990 alpha = 0.6
2015-06-30 06:14:12,990 gamma = 0.5
2015-06-30 06:14:12,990 individual factor = 10
2015-06-30 06:14:12,990 zero range = 0.01
2015-06-30 06:14:12,990 greedy level = 5
2015-06-30 06:14:12,990 

2015-06-30 06:14:19,210 Starting Training from 2014-12-17 to 2015-01-01
2015-06-30 06:20:36,387 Starting Live from 2015-01-02 to 2015-02-01
2015-06-30 06:36:38,723 Starting Training from 2015-01-17 to 2015-02-01
2015-06-30 06:37:32,325 Starting Live from 2015-02-02 to 2015-03-04
2015-06-30 06:52:52,710 Starting Training from 2015-02-17 to 2015-03-04
2015-06-30 06:53:54,180 Starting Live from 2015-03-05 to 2015-04-04
2015-06-30 07:11:01,111 Starting Training from 2015-03-20 to 2015-04-04
2015-06-30 07:12:04,790 Starting Live from 2015-04-05 to 2015-04-10
2015-06-30 07:17:04,895 Starting Q Learning for : 
2015-06-30 07:17:04,895 alpha = 0.6
2015-06-30 07:17:04,895 gamma = 0.6
2015-06-30 07:17:04,895 individual factor = 10
2015-06-30 07:17:04,895 zero range = 0.01
2015-06-30 07:17:04,895 greedy level = 5
2015-06-30 07:17:04,895 

2015-06-30 07:17:12,786 Starting Training from 2014-12-17 to 2015-01-01
2015-06-30 07:23:38,910 Starting Live from 2015-01-02 to 2015-02-01
2015-06-30 07:39:12,331 Starting Training from 2015-01-17 to 2015-02-01
2015-06-30 07:40:29,825 Starting Live from 2015-02-02 to 2015-03-04
2015-06-30 07:55:24,009 Starting Training from 2015-02-17 to 2015-03-04
2015-06-30 07:56:15,187 Starting Live from 2015-03-05 to 2015-04-04
2015-06-30 08:17:27,505 Starting Training from 2015-03-20 to 2015-04-04
2015-06-30 08:18:14,082 Starting Live from 2015-04-05 to 2015-04-10
2015-06-30 08:21:23,713 Starting Q Learning for : 
2015-06-30 08:21:23,713 alpha = 0.6
2015-06-30 08:21:23,713 gamma = 0.7
2015-06-30 08:21:23,713 individual factor = 10
2015-06-30 08:21:23,713 zero range = 0.01
2015-06-30 08:21:23,713 greedy level = 5
2015-06-30 08:21:23,713 

2015-06-30 08:21:29,802 Starting Training from 2014-12-17 to 2015-01-01
2015-06-30 08:28:33,721 Starting Live from 2015-01-02 to 2015-02-01
2015-06-30 08:43:52,130 Starting Training from 2015-01-17 to 2015-02-01
2015-06-30 08:44:47,349 Starting Live from 2015-02-02 to 2015-03-04
2015-06-30 09:00:39,219 Starting Training from 2015-02-17 to 2015-03-04
2015-06-30 09:01:30,993 Starting Live from 2015-03-05 to 2015-04-04
2015-06-30 09:21:58,443 Starting Training from 2015-03-20 to 2015-04-04
2015-06-30 09:22:48,066 Starting Live from 2015-04-05 to 2015-04-10
2015-06-30 09:26:27,589 Starting Q Learning for : 
2015-06-30 09:26:27,589 alpha = 0.6
2015-06-30 09:26:27,589 gamma = 0.8
2015-06-30 09:26:27,589 individual factor = 10
2015-06-30 09:26:27,589 zero range = 0.01
2015-06-30 09:26:27,589 greedy level = 5
2015-06-30 09:26:27,589 

2015-06-30 09:26:34,194 Starting Training from 2014-12-17 to 2015-01-01
2015-06-30 09:32:48,336 Starting Live from 2015-01-02 to 2015-02-01
2015-06-30 09:48:28,726 Starting Training from 2015-01-17 to 2015-02-01
2015-06-30 09:49:23,690 Starting Live from 2015-02-02 to 2015-03-04
2015-06-30 10:04:42,733 Starting Training from 2015-02-17 to 2015-03-04
2015-06-30 10:05:35,069 Starting Live from 2015-03-05 to 2015-04-04
2015-06-30 10:24:25,240 Starting Training from 2015-03-20 to 2015-04-04
2015-06-30 10:25:14,614 Starting Live from 2015-04-05 to 2015-04-10
