2015-06-29 01:39:19,993 Starting Q Learning for : 
2015-06-29 01:39:19,993 alpha = 0.5
2015-06-29 01:39:19,993 gamma = 0.1
2015-06-29 01:39:19,993 individual factor = 10
2015-06-29 01:39:19,993 zero range = 0.002
2015-06-29 01:39:19,993 greedy level = 5
2015-06-29 01:39:19,993 

2015-06-29 01:39:27,868 Starting Training from 2014-12-17 to 2015-01-01
2015-06-29 01:55:08,354 Starting Live from 2015-01-02 to 2015-02-01
2015-06-29 02:26:00,223 Starting Training from 2015-01-17 to 2015-02-01
2015-06-29 02:27:41,220 Starting Live from 2015-02-02 to 2015-03-04
2015-06-29 03:15:56,938 Starting Training from 2015-02-17 to 2015-03-04
2015-06-29 03:19:13,473 Starting Live from 2015-03-05 to 2015-04-04
2015-06-29 06:21:24,740 Starting Training from 2015-03-20 to 2015-04-04
2015-06-29 06:23:44,118 Starting Live from 2015-04-05 to 2015-04-10
2015-06-29 06:54:14,586 Starting Q Learning for : 
2015-06-29 06:54:14,586 alpha = 0.5
2015-06-29 06:54:14,586 gamma = 0.2
2015-06-29 06:54:14,586 individual factor = 10
2015-06-29 06:54:14,586 zero range = 0.002
2015-06-29 06:54:14,588 greedy level = 5
2015-06-29 06:54:14,588 

2015-06-29 06:54:19,864 Starting Training from 2014-12-17 to 2015-01-01
2015-06-29 07:09:19,081 Starting Live from 2015-01-02 to 2015-02-01
2015-06-29 07:44:23,272 Starting Training from 2015-01-17 to 2015-02-01
2015-06-29 07:46:29,190 Starting Live from 2015-02-02 to 2015-03-04
2015-06-29 08:34:08,005 Starting Training from 2015-02-17 to 2015-03-04
2015-06-29 08:37:39,375 Starting Live from 2015-03-05 to 2015-04-04
2015-06-29 10:13:07,898 Starting Training from 2015-03-20 to 2015-04-04
2015-06-29 10:15:41,581 Starting Live from 2015-04-05 to 2015-04-10
2015-06-29 10:37:14,023 Starting Q Learning for : 
2015-06-29 10:37:14,023 alpha = 0.5
2015-06-29 10:37:14,023 gamma = 0.3
2015-06-29 10:37:14,023 individual factor = 10
2015-06-29 10:37:14,023 zero range = 0.002
2015-06-29 10:37:14,023 greedy level = 5
2015-06-29 10:37:14,023 

2015-06-29 10:37:20,289 Starting Training from 2014-12-17 to 2015-01-01
2015-06-29 10:51:39,976 Starting Live from 2015-01-02 to 2015-02-01
2015-06-29 11:25:55,342 Starting Training from 2015-01-17 to 2015-02-01
2015-06-29 11:27:53,240 Starting Live from 2015-02-02 to 2015-03-04
2015-06-29 12:13:22,220 Starting Training from 2015-02-17 to 2015-03-04
2015-06-29 12:16:29,963 Starting Live from 2015-03-05 to 2015-04-04
2015-06-29 13:52:54,752 Starting Training from 2015-03-20 to 2015-04-04
2015-06-29 13:56:03,970 Starting Live from 2015-04-05 to 2015-04-10
2015-06-29 14:20:16,519 Starting Q Learning for : 
2015-06-29 14:20:16,519 alpha = 0.5
2015-06-29 14:20:16,519 gamma = 0.4
2015-06-29 14:20:16,519 individual factor = 10
2015-06-29 14:20:16,519 zero range = 0.002
2015-06-29 14:20:16,519 greedy level = 5
2015-06-29 14:20:16,519 

2015-06-29 14:20:24,153 Starting Training from 2014-12-17 to 2015-01-01
2015-06-29 14:34:52,145 Starting Live from 2015-01-02 to 2015-02-01
2015-06-29 15:10:25,786 Starting Training from 2015-01-17 to 2015-02-01
2015-06-29 15:12:29,589 Starting Live from 2015-02-02 to 2015-03-04
2015-06-29 15:56:11,401 Starting Training from 2015-02-17 to 2015-03-04
2015-06-29 16:00:48,617 Starting Live from 2015-03-05 to 2015-04-04
2015-06-29 17:57:37,931 Starting Training from 2015-03-20 to 2015-04-04
2015-06-29 18:00:05,124 Starting Live from 2015-04-05 to 2015-04-10
2015-06-29 19:27:41,009 Starting Q Learning for : 
2015-06-29 19:27:41,009 alpha = 0.5
2015-06-29 19:27:41,009 gamma = 0.5
2015-06-29 19:27:41,009 individual factor = 10
2015-06-29 19:27:41,009 zero range = 0.002
2015-06-29 19:27:41,010 greedy level = 5
2015-06-29 19:27:41,010 

2015-06-29 19:27:46,726 Starting Training from 2014-12-17 to 2015-01-01
2015-06-29 19:42:13,832 Starting Live from 2015-01-02 to 2015-02-01
2015-06-29 20:15:44,025 Starting Training from 2015-01-17 to 2015-02-01
2015-06-29 20:17:41,604 Starting Live from 2015-02-02 to 2015-03-04
2015-06-29 21:16:07,588 Starting Training from 2015-02-17 to 2015-03-04
2015-06-29 21:19:11,270 Starting Live from 2015-03-05 to 2015-04-04
2015-06-30 01:28:04,755 Starting Training from 2015-03-20 to 2015-04-04
2015-06-30 01:30:07,204 Starting Live from 2015-04-05 to 2015-04-10
2015-06-30 04:48:08,247 Starting Q Learning for : 
2015-06-30 04:48:08,247 alpha = 0.5
2015-06-30 04:48:08,247 gamma = 0.6
2015-06-30 04:48:08,247 individual factor = 10
2015-06-30 04:48:08,247 zero range = 0.002
2015-06-30 04:48:08,247 greedy level = 5
2015-06-30 04:48:08,247 

2015-06-30 04:48:13,999 Starting Training from 2014-12-17 to 2015-01-01
2015-06-30 05:03:07,710 Starting Live from 2015-01-02 to 2015-02-01
2015-06-30 05:36:40,556 Starting Training from 2015-01-17 to 2015-02-01
2015-06-30 05:38:32,805 Starting Live from 2015-02-02 to 2015-03-04
2015-06-30 06:43:21,986 Starting Training from 2015-02-17 to 2015-03-04
2015-06-30 06:46:30,717 Starting Live from 2015-03-05 to 2015-04-04
2015-06-30 10:27:00,338 Starting Training from 2015-03-20 to 2015-04-04
2015-06-30 10:29:03,494 Starting Live from 2015-04-05 to 2015-04-10
2015-06-30 11:40:37,836 Starting Q Learning for : 
2015-06-30 11:40:37,836 alpha = 0.5
2015-06-30 11:40:37,836 gamma = 0.7
2015-06-30 11:40:37,836 individual factor = 10
2015-06-30 11:40:37,836 zero range = 0.002
2015-06-30 11:40:37,836 greedy level = 5
2015-06-30 11:40:37,836 

2015-06-30 11:40:43,734 Starting Training from 2014-12-17 to 2015-01-01
2015-06-30 11:54:30,556 Starting Live from 2015-01-02 to 2015-02-01
2015-06-30 12:21:24,809 Starting Training from 2015-01-17 to 2015-02-01
2015-06-30 12:23:12,016 Starting Live from 2015-02-02 to 2015-03-04
2015-06-30 12:42:36,483 Starting Training from 2015-02-17 to 2015-03-04
2015-06-30 12:49:51,657 Starting Live from 2015-03-05 to 2015-04-04
2015-06-30 13:08:26,888 Starting Training from 2015-03-20 to 2015-04-04
2015-06-30 13:12:42,247 Starting Live from 2015-04-05 to 2015-04-10
2015-06-30 13:17:29,414 Starting Q Learning for : 
2015-06-30 13:17:29,414 alpha = 0.5
2015-06-30 13:17:29,414 gamma = 0.8
2015-06-30 13:17:29,414 individual factor = 10
2015-06-30 13:17:29,414 zero range = 0.002
2015-06-30 13:17:29,414 greedy level = 5
2015-06-30 13:17:29,415 

2015-06-30 13:17:34,730 Starting Training from 2014-12-17 to 2015-01-01
2015-06-30 13:31:24,650 Starting Live from 2015-01-02 to 2015-02-01
2015-06-30 13:53:15,065 Starting Training from 2015-01-17 to 2015-02-01
2015-06-30 13:55:02,509 Starting Live from 2015-02-02 to 2015-03-04
2015-06-30 14:04:32,506 Starting Training from 2015-02-17 to 2015-03-04
2015-06-30 14:16:53,336 Starting Live from 2015-03-05 to 2015-04-04
2015-06-30 14:36:36,513 Starting Training from 2015-03-20 to 2015-04-04
2015-06-30 14:39:57,721 Starting Live from 2015-04-05 to 2015-04-10
2015-06-30 14:42:55,936 Starting Q Learning for : 
2015-06-30 14:42:55,937 alpha = 0.5
2015-06-30 14:42:55,937 gamma = 0.1
2015-06-30 14:42:55,937 individual factor = 10
2015-06-30 14:42:55,937 zero range = 0.006
2015-06-30 14:42:55,937 greedy level = 5
2015-06-30 14:42:55,937 

2015-06-30 14:43:00,842 Starting Training from 2014-12-17 to 2015-01-01
2015-06-30 14:56:57,447 Starting Live from 2015-01-02 to 2015-02-01
2015-06-30 15:28:14,523 Starting Training from 2015-01-17 to 2015-02-01
2015-06-30 15:30:00,625 Starting Live from 2015-02-02 to 2015-03-04
2015-06-30 16:10:21,453 Starting Training from 2015-02-17 to 2015-03-04
2015-06-30 16:13:32,828 Starting Live from 2015-03-05 to 2015-04-04
2015-06-30 17:40:29,170 Starting Training from 2015-03-20 to 2015-04-04
2015-06-30 17:42:47,302 Starting Live from 2015-04-05 to 2015-04-10
2015-06-30 18:06:23,839 Starting Q Learning for : 
2015-06-30 18:06:23,841 alpha = 0.5
2015-06-30 18:06:23,841 gamma = 0.2
2015-06-30 18:06:23,841 individual factor = 10
2015-06-30 18:06:23,841 zero range = 0.006
2015-06-30 18:06:23,841 greedy level = 5
2015-06-30 18:06:23,841 

2015-06-30 18:06:29,858 Starting Training from 2014-12-17 to 2015-01-01
2015-06-30 18:19:57,178 Starting Live from 2015-01-02 to 2015-02-01
2015-06-30 18:51:33,029 Starting Training from 2015-01-17 to 2015-02-01
2015-06-30 18:53:05,273 Starting Live from 2015-02-02 to 2015-03-04
2015-06-30 19:45:55,236 Starting Training from 2015-02-17 to 2015-03-04
2015-06-30 19:48:30,332 Starting Live from 2015-03-05 to 2015-04-04
2015-06-30 22:53:39,148 Starting Training from 2015-03-20 to 2015-04-04
2015-06-30 22:56:30,460 Starting Live from 2015-04-05 to 2015-04-10
2015-06-30 23:16:35,789 Starting Q Learning for : 
2015-06-30 23:16:35,789 alpha = 0.5
2015-06-30 23:16:35,789 gamma = 0.3
2015-06-30 23:16:35,789 individual factor = 10
2015-06-30 23:16:35,789 zero range = 0.006
2015-06-30 23:16:35,789 greedy level = 5
2015-06-30 23:16:35,789 

2015-06-30 23:16:44,048 Starting Training from 2014-12-17 to 2015-01-01
2015-06-30 23:30:53,316 Starting Live from 2015-01-02 to 2015-02-01
2015-07-01 00:03:44,388 Starting Training from 2015-01-17 to 2015-02-01
2015-07-01 00:05:29,204 Starting Live from 2015-02-02 to 2015-03-04
2015-07-01 01:03:19,368 Starting Training from 2015-02-17 to 2015-03-04
2015-07-01 01:06:03,459 Starting Live from 2015-03-05 to 2015-04-04
2015-07-01 10:13:14,907 Starting Training from 2015-03-20 to 2015-04-04
2015-07-01 10:15:35,323 Starting Live from 2015-04-05 to 2015-04-10
2015-07-01 14:21:19,854 Starting Q Learning for : 
2015-07-01 14:21:19,855 alpha = 0.5
2015-07-01 14:21:19,855 gamma = 0.4
2015-07-01 14:21:19,855 individual factor = 10
2015-07-01 14:21:19,855 zero range = 0.006
2015-07-01 14:21:19,855 greedy level = 5
2015-07-01 14:21:19,855 

2015-07-01 14:21:25,890 Starting Training from 2014-12-17 to 2015-01-01
2015-07-01 14:33:11,260 Starting Live from 2015-01-02 to 2015-02-01
2015-07-01 14:58:41,311 Starting Training from 2015-01-17 to 2015-02-01
2015-07-01 15:00:03,930 Starting Live from 2015-02-02 to 2015-03-04
2015-07-01 15:35:13,200 Starting Training from 2015-02-17 to 2015-03-04
2015-07-01 15:37:27,397 Starting Live from 2015-03-05 to 2015-04-04
2015-07-01 18:40:11,285 Starting Training from 2015-03-20 to 2015-04-04
2015-07-01 18:41:44,451 Starting Live from 2015-04-05 to 2015-04-10
2015-07-01 19:58:34,180 Starting Q Learning for : 
2015-07-01 19:58:34,180 alpha = 0.5
2015-07-01 19:58:34,180 gamma = 0.5
2015-07-01 19:58:34,180 individual factor = 10
2015-07-01 19:58:34,180 zero range = 0.006
2015-07-01 19:58:34,180 greedy level = 5
2015-07-01 19:58:34,180 

2015-07-01 19:58:43,338 Starting Training from 2014-12-17 to 2015-01-01
2015-07-01 20:13:47,142 Starting Live from 2015-01-02 to 2015-02-01
2015-07-01 20:46:19,165 Starting Training from 2015-01-17 to 2015-02-01
2015-07-01 20:48:55,994 Starting Live from 2015-02-02 to 2015-03-04
2015-07-01 21:40:01,648 Starting Training from 2015-02-17 to 2015-03-04
2015-07-01 21:42:59,223 Starting Live from 2015-03-05 to 2015-04-04
2015-07-01 23:22:36,726 Starting Training from 2015-03-20 to 2015-04-04
2015-07-01 23:25:22,805 Starting Live from 2015-04-05 to 2015-04-10
2015-07-01 23:53:04,878 Starting Q Learning for : 
2015-07-01 23:53:04,880 alpha = 0.5
2015-07-01 23:53:04,880 gamma = 0.6
2015-07-01 23:53:04,880 individual factor = 10
2015-07-01 23:53:04,880 zero range = 0.006
2015-07-01 23:53:04,880 greedy level = 5
2015-07-01 23:53:04,880 

2015-07-01 23:53:11,186 Starting Training from 2014-12-17 to 2015-01-01
2015-07-02 00:06:42,500 Starting Live from 2015-01-02 to 2015-02-01
2015-07-02 00:37:34,391 Starting Training from 2015-01-17 to 2015-02-01
2015-07-02 00:39:24,913 Starting Live from 2015-02-02 to 2015-03-04
2015-07-02 01:13:57,088 Starting Training from 2015-02-17 to 2015-03-04
2015-07-02 01:16:19,355 Starting Live from 2015-03-05 to 2015-04-04
2015-07-02 01:57:50,648 Starting Training from 2015-03-20 to 2015-04-04
2015-07-02 02:00:06,155 Starting Live from 2015-04-05 to 2015-04-10
2015-07-02 02:27:16,178 Starting Q Learning for : 
2015-07-02 02:27:16,178 alpha = 0.5
2015-07-02 02:27:16,178 gamma = 0.7
2015-07-02 02:27:16,178 individual factor = 10
2015-07-02 02:27:16,178 zero range = 0.006
2015-07-02 02:27:16,178 greedy level = 5
2015-07-02 02:27:16,178 

2015-07-02 02:27:21,864 Starting Training from 2014-12-17 to 2015-01-01
2015-07-02 02:40:46,746 Starting Live from 2015-01-02 to 2015-02-01
2015-07-02 03:05:48,069 Starting Training from 2015-01-17 to 2015-02-01
2015-07-02 03:07:30,743 Starting Live from 2015-02-02 to 2015-03-04
2015-07-02 03:28:38,082 Starting Training from 2015-02-17 to 2015-03-04
2015-07-02 03:35:38,125 Starting Live from 2015-03-05 to 2015-04-04
2015-07-02 03:55:53,839 Starting Training from 2015-03-20 to 2015-04-04
2015-07-02 03:59:24,236 Starting Live from 2015-04-05 to 2015-04-10
2015-07-02 04:05:22,658 Starting Q Learning for : 
2015-07-02 04:05:22,660 alpha = 0.5
2015-07-02 04:05:22,660 gamma = 0.8
2015-07-02 04:05:22,660 individual factor = 10
2015-07-02 04:05:22,660 zero range = 0.006
2015-07-02 04:05:22,660 greedy level = 5
2015-07-02 04:05:22,660 

2015-07-02 04:05:27,605 Starting Training from 2014-12-17 to 2015-01-01
2015-07-02 04:17:39,000 Starting Live from 2015-01-02 to 2015-02-01
2015-07-02 04:37:59,371 Starting Training from 2015-01-17 to 2015-02-01
2015-07-02 04:39:33,990 Starting Live from 2015-02-02 to 2015-03-04
2015-07-02 04:49:12,217 Starting Training from 2015-02-17 to 2015-03-04
2015-07-02 04:59:17,946 Starting Live from 2015-03-05 to 2015-04-04
2015-07-02 05:14:53,375 Starting Training from 2015-03-20 to 2015-04-04
2015-07-02 05:17:37,378 Starting Live from 2015-04-05 to 2015-04-10
2015-07-02 05:20:16,332 Starting Q Learning for : 
2015-07-02 05:20:16,332 alpha = 0.2
2015-07-02 05:20:16,334 gamma = 0.1
2015-07-02 05:20:16,334 individual factor = 10
2015-07-02 05:20:16,334 zero range = 0.006
2015-07-02 05:20:16,334 greedy level = 5
2015-07-02 05:20:16,334 

2015-07-02 05:20:22,289 Starting Training from 2014-12-17 to 2015-01-01
2015-07-02 05:32:41,375 Starting Live from 2015-01-02 to 2015-02-01
2015-07-02 06:00:16,519 Starting Training from 2015-01-17 to 2015-02-01
2015-07-02 06:01:47,401 Starting Live from 2015-02-02 to 2015-03-04
2015-07-02 06:43:08,553 Starting Training from 2015-02-17 to 2015-03-04
2015-07-02 06:45:41,757 Starting Live from 2015-03-05 to 2015-04-04
2015-07-02 11:36:11,039 Starting Training from 2015-03-20 to 2015-04-04
2015-07-02 11:37:23,400 Starting Live from 2015-04-05 to 2015-04-10
2015-07-02 16:19:57,709 Starting Q Learning for : 
2015-07-02 16:19:57,709 alpha = 0.2
2015-07-02 16:19:57,709 gamma = 0.2
2015-07-02 16:19:57,710 individual factor = 10
2015-07-02 16:19:57,710 zero range = 0.006
2015-07-02 16:19:57,710 greedy level = 5
2015-07-02 16:19:57,710 

2015-07-02 16:20:02,650 Starting Training from 2014-12-17 to 2015-01-01
2015-07-02 16:30:31,280 Starting Live from 2015-01-02 to 2015-02-01
2015-07-02 16:53:55,808 Starting Training from 2015-01-17 to 2015-02-01
2015-07-02 16:55:14,190 Starting Live from 2015-02-02 to 2015-03-04
2015-07-02 17:23:00,571 Starting Training from 2015-02-17 to 2015-03-04
2015-07-02 17:24:55,696 Starting Live from 2015-03-05 to 2015-04-04
2015-07-02 18:09:21,124 Starting Training from 2015-03-20 to 2015-04-04
2015-07-02 18:10:53,753 Starting Live from 2015-04-05 to 2015-04-10
2015-07-02 18:26:41,394 Starting Q Learning for : 
2015-07-02 18:26:41,395 alpha = 0.2
2015-07-02 18:26:41,395 gamma = 0.3
2015-07-02 18:26:41,395 individual factor = 10
2015-07-02 18:26:41,395 zero range = 0.006
2015-07-02 18:26:41,395 greedy level = 5
2015-07-02 18:26:41,395 

2015-07-02 18:26:45,867 Starting Training from 2014-12-17 to 2015-01-01
2015-07-02 18:36:40,490 Starting Live from 2015-01-02 to 2015-02-01
2015-07-02 19:01:16,766 Starting Training from 2015-01-17 to 2015-02-01
2015-07-02 19:02:51,322 Starting Live from 2015-02-02 to 2015-03-04
2015-07-02 19:41:25,151 Starting Training from 2015-02-17 to 2015-03-04
2015-07-02 19:43:44,992 Starting Live from 2015-03-05 to 2015-04-04
2015-07-02 21:32:01,266 Starting Training from 2015-03-20 to 2015-04-04
2015-07-02 21:34:49,801 Starting Live from 2015-04-05 to 2015-04-10
2015-07-02 22:26:55,331 Starting Q Learning for : 
2015-07-02 22:26:55,331 alpha = 0.2
2015-07-02 22:26:55,331 gamma = 0.4
2015-07-02 22:26:55,331 individual factor = 10
2015-07-02 22:26:55,331 zero range = 0.006
2015-07-02 22:26:55,331 greedy level = 5
2015-07-02 22:26:55,331 

2015-07-02 22:26:59,578 Starting Training from 2014-12-17 to 2015-01-01
2015-07-02 22:37:55,299 Starting Live from 2015-01-02 to 2015-02-01
2015-07-02 23:02:33,188 Starting Training from 2015-01-17 to 2015-02-01
2015-07-02 23:03:54,740 Starting Live from 2015-02-02 to 2015-03-04
2015-07-02 23:55:32,293 Starting Training from 2015-02-17 to 2015-03-04
2015-07-02 23:57:58,628 Starting Live from 2015-03-05 to 2015-04-04
2015-07-03 00:32:13,178 Starting Q Learning for : 
2015-07-03 00:32:13,178 alpha = 0.8
2015-07-03 00:32:13,178 gamma = 0.1
2015-07-03 00:32:13,178 individual factor = 10
2015-07-03 00:32:13,178 zero range = 0.006
2015-07-03 00:32:13,180 greedy level = 5
2015-07-03 00:32:13,180 

