2015-06-29 01:39:19,993 Starting Q Learning for : 
2015-06-29 01:39:19,994 alpha = 0.6
2015-06-29 01:39:19,994 gamma = 0.1
2015-06-29 01:39:19,994 individual factor = 10
2015-06-29 01:39:19,994 zero range = 0.002
2015-06-29 01:39:19,994 greedy level = 5
2015-06-29 01:39:19,994 

2015-06-29 01:39:42,543 Starting Training from 2014-12-17 to 2015-01-01
2015-06-29 01:55:22,033 Starting Live from 2015-01-02 to 2015-02-01
2015-06-29 02:26:14,571 Starting Training from 2015-01-17 to 2015-02-01
2015-06-29 02:27:57,553 Starting Live from 2015-02-02 to 2015-03-04
2015-06-29 03:10:16,477 Starting Training from 2015-02-17 to 2015-03-04
2015-06-29 03:12:57,180 Starting Live from 2015-03-05 to 2015-04-04
2015-06-29 04:24:55,845 Starting Training from 2015-03-20 to 2015-04-04
2015-06-29 04:27:40,127 Starting Live from 2015-04-05 to 2015-04-10
2015-06-29 04:45:04,112 Starting Q Learning for : 
2015-06-29 04:45:04,112 alpha = 0.6
2015-06-29 04:45:04,114 gamma = 0.2
2015-06-29 04:45:04,114 individual factor = 10
2015-06-29 04:45:04,114 zero range = 0.002
2015-06-29 04:45:04,114 greedy level = 5
2015-06-29 04:45:04,114 

2015-06-29 04:45:11,272 Starting Training from 2014-12-17 to 2015-01-01
2015-06-29 05:00:13,546 Starting Live from 2015-01-02 to 2015-02-01
2015-06-29 05:34:48,400 Starting Training from 2015-01-17 to 2015-02-01
2015-06-29 05:37:03,408 Starting Live from 2015-02-02 to 2015-03-04
2015-06-29 06:19:51,770 Starting Training from 2015-02-17 to 2015-03-04
2015-06-29 06:23:11,540 Starting Live from 2015-03-05 to 2015-04-04
2015-06-29 11:29:38,604 Starting Training from 2015-03-20 to 2015-04-04
2015-06-29 11:31:56,201 Starting Live from 2015-04-05 to 2015-04-10
2015-06-29 19:26:44,331 Starting Q Learning for : 
2015-06-29 19:26:44,331 alpha = 0.6
2015-06-29 19:26:44,331 gamma = 0.3
2015-06-29 19:26:44,331 individual factor = 10
2015-06-29 19:26:44,331 zero range = 0.002
2015-06-29 19:26:44,332 greedy level = 5
2015-06-29 19:26:44,332 

2015-06-29 19:26:51,046 Starting Training from 2014-12-17 to 2015-01-01
2015-06-29 19:41:16,249 Starting Live from 2015-01-02 to 2015-02-01
2015-06-29 20:15:37,855 Starting Training from 2015-01-17 to 2015-02-01
2015-06-29 20:17:37,094 Starting Live from 2015-02-02 to 2015-03-04
2015-06-29 21:06:08,359 Starting Training from 2015-02-17 to 2015-03-04
2015-06-29 21:08:53,638 Starting Live from 2015-03-05 to 2015-04-04
2015-06-30 00:51:31,141 Starting Training from 2015-03-20 to 2015-04-04
2015-06-30 00:54:32,135 Starting Live from 2015-04-05 to 2015-04-10
2015-06-30 01:20:42,414 Starting Q Learning for : 
2015-06-30 01:20:42,414 alpha = 0.6
2015-06-30 01:20:42,414 gamma = 0.4
2015-06-30 01:20:42,415 individual factor = 10
2015-06-30 01:20:42,415 zero range = 0.002
2015-06-30 01:20:42,415 greedy level = 5
2015-06-30 01:20:42,415 

2015-06-30 01:20:47,490 Starting Training from 2014-12-17 to 2015-01-01
2015-06-30 01:36:10,506 Starting Live from 2015-01-02 to 2015-02-01
2015-06-30 02:10:48,907 Starting Training from 2015-01-17 to 2015-02-01
2015-06-30 02:12:50,849 Starting Live from 2015-02-02 to 2015-03-04
2015-06-30 03:01:34,115 Starting Training from 2015-02-17 to 2015-03-04
2015-06-30 03:04:59,055 Starting Live from 2015-03-05 to 2015-04-04
2015-06-30 05:23:17,292 Starting Training from 2015-03-20 to 2015-04-04
2015-06-30 05:25:53,950 Starting Live from 2015-04-05 to 2015-04-10
2015-06-30 06:39:48,236 Starting Q Learning for : 
2015-06-30 06:39:48,236 alpha = 0.6
2015-06-30 06:39:48,236 gamma = 0.5
2015-06-30 06:39:48,237 individual factor = 10
2015-06-30 06:39:48,237 zero range = 0.002
2015-06-30 06:39:48,237 greedy level = 5
2015-06-30 06:39:48,237 

2015-06-30 06:39:49,128 Starting Training from 2014-12-17 to 2015-01-01
2015-06-30 06:54:55,141 Starting Live from 2015-01-02 to 2015-02-01
2015-06-30 07:29:02,311 Starting Training from 2015-01-17 to 2015-02-01
2015-06-30 07:31:02,641 Starting Live from 2015-02-02 to 2015-03-04
2015-06-30 08:18:48,658 Starting Training from 2015-02-17 to 2015-03-04
2015-06-30 08:22:27,859 Starting Live from 2015-03-05 to 2015-04-04
2015-06-30 11:11:51,348 Starting Training from 2015-03-20 to 2015-04-04
2015-06-30 11:14:06,039 Starting Live from 2015-04-05 to 2015-04-10
2015-06-30 12:11:02,174 Starting Q Learning for : 
2015-06-30 12:11:02,174 alpha = 0.6
2015-06-30 12:11:02,174 gamma = 0.6
2015-06-30 12:11:02,174 individual factor = 10
2015-06-30 12:11:02,174 zero range = 0.002
2015-06-30 12:11:02,174 greedy level = 5
2015-06-30 12:11:02,174 

2015-06-30 12:11:07,276 Starting Training from 2014-12-17 to 2015-01-01
2015-06-30 12:25:14,128 Starting Live from 2015-01-02 to 2015-02-01
2015-06-30 12:56:31,631 Starting Training from 2015-01-17 to 2015-02-01
2015-06-30 12:58:23,029 Starting Live from 2015-02-02 to 2015-03-04
2015-06-30 13:41:50,430 Starting Training from 2015-02-17 to 2015-03-04
2015-06-30 13:44:45,746 Starting Live from 2015-03-05 to 2015-04-04
2015-06-30 19:10:41,775 Starting Training from 2015-03-20 to 2015-04-04
2015-06-30 19:12:30,796 Starting Live from 2015-04-05 to 2015-04-10
2015-06-30 21:51:04,209 Starting Q Learning for : 
2015-06-30 21:51:04,209 alpha = 0.6
2015-06-30 21:51:04,209 gamma = 0.7
2015-06-30 21:51:04,209 individual factor = 10
2015-06-30 21:51:04,209 zero range = 0.002
2015-06-30 21:51:04,209 greedy level = 5
2015-06-30 21:51:04,209 

2015-06-30 21:51:10,503 Starting Training from 2014-12-17 to 2015-01-01
2015-06-30 22:04:20,292 Starting Live from 2015-01-02 to 2015-02-01
2015-06-30 22:31:25,457 Starting Training from 2015-01-17 to 2015-02-01
2015-06-30 22:33:17,381 Starting Live from 2015-02-02 to 2015-03-04
2015-06-30 22:50:17,438 Starting Training from 2015-02-17 to 2015-03-04
2015-06-30 22:59:00,980 Starting Live from 2015-03-05 to 2015-04-04
2015-06-30 23:18:39,565 Starting Training from 2015-03-20 to 2015-04-04
2015-06-30 23:23:08,035 Starting Live from 2015-04-05 to 2015-04-10
2015-06-30 23:29:16,144 Starting Q Learning for : 
2015-06-30 23:29:16,144 alpha = 0.6
2015-06-30 23:29:16,144 gamma = 0.8
2015-06-30 23:29:16,144 individual factor = 10
2015-06-30 23:29:16,144 zero range = 0.002
2015-06-30 23:29:16,144 greedy level = 5
2015-06-30 23:29:16,144 

2015-06-30 23:29:22,835 Starting Training from 2014-12-17 to 2015-01-01
2015-06-30 23:44:08,799 Starting Live from 2015-01-02 to 2015-02-01
2015-07-01 00:06:34,016 Starting Training from 2015-01-17 to 2015-02-01
2015-07-01 00:08:16,079 Starting Live from 2015-02-02 to 2015-03-04
2015-07-01 00:18:27,730 Starting Training from 2015-02-17 to 2015-03-04
2015-07-01 00:29:49,934 Starting Live from 2015-03-05 to 2015-04-04
2015-07-01 00:46:06,707 Starting Training from 2015-03-20 to 2015-04-04
2015-07-01 00:50:06,178 Starting Live from 2015-04-05 to 2015-04-10
2015-07-01 00:53:34,742 Starting Q Learning for : 
2015-07-01 00:53:34,742 alpha = 0.4
2015-07-01 00:53:34,743 gamma = 0.1
2015-07-01 00:53:34,743 individual factor = 10
2015-07-01 00:53:34,743 zero range = 0.006
2015-07-01 00:53:34,743 greedy level = 5
2015-07-01 00:53:34,743 

2015-07-01 00:53:40,381 Starting Training from 2014-12-17 to 2015-01-01
2015-07-01 01:06:15,253 Starting Live from 2015-01-02 to 2015-02-01
2015-07-01 01:37:13,694 Starting Training from 2015-01-17 to 2015-02-01
2015-07-01 01:38:52,798 Starting Live from 2015-02-02 to 2015-03-04
2015-07-01 02:19:13,691 Starting Training from 2015-02-17 to 2015-03-04
2015-07-01 02:22:09,627 Starting Live from 2015-03-05 to 2015-04-04
2015-07-01 03:34:33,569 Starting Training from 2015-03-20 to 2015-04-04
2015-07-01 03:36:23,151 Starting Live from 2015-04-05 to 2015-04-10
2015-07-01 03:50:13,016 Starting Q Learning for : 
2015-07-01 03:50:13,016 alpha = 0.4
2015-07-01 03:50:13,016 gamma = 0.2
2015-07-01 03:50:13,017 individual factor = 10
2015-07-01 03:50:13,017 zero range = 0.006
2015-07-01 03:50:13,017 greedy level = 5
2015-07-01 03:50:13,017 

2015-07-01 03:50:19,079 Starting Training from 2014-12-17 to 2015-01-01
2015-07-01 04:02:35,681 Starting Live from 2015-01-02 to 2015-02-01
2015-07-01 04:32:01,628 Starting Training from 2015-01-17 to 2015-02-01
2015-07-01 04:34:14,634 Starting Live from 2015-02-02 to 2015-03-04
2015-07-01 05:14:16,546 Starting Training from 2015-02-17 to 2015-03-04
2015-07-01 05:17:07,135 Starting Live from 2015-03-05 to 2015-04-04
2015-07-01 15:09:31,763 Starting Training from 2015-03-20 to 2015-04-04
2015-07-01 15:11:11,734 Starting Live from 2015-04-05 to 2015-04-10
2015-07-01 15:23:36,358 Starting Q Learning for : 
2015-07-01 15:23:36,358 alpha = 0.4
2015-07-01 15:23:36,358 gamma = 0.3
2015-07-01 15:23:36,358 individual factor = 10
2015-07-01 15:23:36,358 zero range = 0.006
2015-07-01 15:23:36,358 greedy level = 5
2015-07-01 15:23:36,358 

2015-07-01 15:23:40,727 Starting Training from 2014-12-17 to 2015-01-01
2015-07-01 15:35:04,036 Starting Live from 2015-01-02 to 2015-02-01
2015-07-01 16:01:02,510 Starting Training from 2015-01-17 to 2015-02-01
2015-07-01 16:02:26,779 Starting Live from 2015-02-02 to 2015-03-04
2015-07-01 16:33:24,644 Starting Training from 2015-02-17 to 2015-03-04
2015-07-01 16:36:08,049 Starting Live from 2015-03-05 to 2015-04-04
2015-07-01 17:17:03,369 Starting Training from 2015-03-20 to 2015-04-04
2015-07-01 17:18:52,410 Starting Live from 2015-04-05 to 2015-04-10
2015-07-01 17:28:45,177 Starting Q Learning for : 
2015-07-01 17:28:45,177 alpha = 0.4
2015-07-01 17:28:45,177 gamma = 0.4
2015-07-01 17:28:45,177 individual factor = 10
2015-07-01 17:28:45,178 zero range = 0.006
2015-07-01 17:28:45,178 greedy level = 5
2015-07-01 17:28:45,178 

2015-07-01 17:28:49,892 Starting Training from 2014-12-17 to 2015-01-01
2015-07-01 17:39:26,732 Starting Live from 2015-01-02 to 2015-02-01
2015-07-01 18:04:40,230 Starting Training from 2015-01-17 to 2015-02-01
2015-07-01 18:06:00,871 Starting Live from 2015-02-02 to 2015-03-04
2015-07-01 18:40:52,635 Starting Training from 2015-02-17 to 2015-03-04
2015-07-01 18:42:39,789 Starting Live from 2015-03-05 to 2015-04-04
2015-07-01 20:06:46,773 Starting Training from 2015-03-20 to 2015-04-04
2015-07-01 20:09:11,164 Starting Live from 2015-04-05 to 2015-04-10
2015-07-01 22:21:04,107 Starting Q Learning for : 
2015-07-01 22:21:04,107 alpha = 0.4
2015-07-01 22:21:04,107 gamma = 0.5
2015-07-01 22:21:04,108 individual factor = 10
2015-07-01 22:21:04,108 zero range = 0.006
2015-07-01 22:21:04,108 greedy level = 5
2015-07-01 22:21:04,108 

2015-07-01 22:21:11,506 Starting Training from 2014-12-17 to 2015-01-01
2015-07-01 22:35:01,986 Starting Live from 2015-01-02 to 2015-02-01
2015-07-01 23:07:41,000 Starting Training from 2015-01-17 to 2015-02-01
2015-07-01 23:09:36,184 Starting Live from 2015-02-02 to 2015-03-04
2015-07-01 23:58:10,552 Starting Training from 2015-02-17 to 2015-03-04
2015-07-02 00:00:46,214 Starting Live from 2015-03-05 to 2015-04-04
2015-07-02 05:02:34,148 Starting Training from 2015-03-20 to 2015-04-04
2015-07-02 05:04:37,071 Starting Live from 2015-04-05 to 2015-04-10
2015-07-02 07:07:08,851 Starting Q Learning for : 
2015-07-02 07:07:08,852 alpha = 0.4
2015-07-02 07:07:08,852 gamma = 0.6
2015-07-02 07:07:08,852 individual factor = 10
2015-07-02 07:07:08,852 zero range = 0.006
2015-07-02 07:07:08,852 greedy level = 5
2015-07-02 07:07:08,852 

2015-07-02 07:07:14,335 Starting Training from 2014-12-17 to 2015-01-01
2015-07-02 07:18:06,892 Starting Live from 2015-01-02 to 2015-02-01
2015-07-02 07:44:41,911 Starting Training from 2015-01-17 to 2015-02-01
2015-07-02 07:46:32,516 Starting Live from 2015-02-02 to 2015-03-04
2015-07-02 08:34:07,605 Starting Training from 2015-02-17 to 2015-03-04
2015-07-02 08:36:16,634 Starting Live from 2015-03-05 to 2015-04-04
2015-07-02 15:43:00,796 Starting Training from 2015-03-20 to 2015-04-04
2015-07-02 15:45:04,237 Starting Live from 2015-04-05 to 2015-04-10
2015-07-03 00:32:13,178 Starting Q Learning for : 
2015-07-03 00:32:13,178 alpha = 0.4
2015-07-03 00:32:13,178 gamma = 0.1
2015-07-03 00:32:13,180 individual factor = 10
2015-07-03 00:32:13,180 zero range = 0.01
2015-07-03 00:32:13,180 greedy level = 5
2015-07-03 00:32:13,180 

