2015-06-29 01:39:19,993 Starting Q Learning for : 
2015-06-29 01:39:19,994 alpha = 0.2
2015-06-29 01:39:19,994 gamma = 0.1
2015-06-29 01:39:19,994 individual factor = 10
2015-06-29 01:39:19,994 zero range = 0.002
2015-06-29 01:39:19,994 greedy level = 5
2015-06-29 01:39:19,994 

2015-06-29 01:39:35,920 Starting Training from 2014-12-17 to 2015-01-01
2015-06-29 01:55:22,818 Starting Live from 2015-01-02 to 2015-02-01
2015-06-29 02:26:30,747 Starting Training from 2015-01-17 to 2015-02-01
2015-06-29 02:28:10,562 Starting Live from 2015-02-02 to 2015-03-04
2015-06-29 03:30:26,651 Starting Training from 2015-02-17 to 2015-03-04
2015-06-29 03:33:32,319 Starting Live from 2015-03-05 to 2015-04-04
2015-06-29 08:04:04,111 Starting Training from 2015-03-20 to 2015-04-04
2015-06-29 08:06:23,407 Starting Live from 2015-04-05 to 2015-04-10
2015-06-29 08:26:45,319 Starting Q Learning for : 
2015-06-29 08:26:45,319 alpha = 0.2
2015-06-29 08:26:45,319 gamma = 0.2
2015-06-29 08:26:45,319 individual factor = 10
2015-06-29 08:26:45,319 zero range = 0.002
2015-06-29 08:26:45,319 greedy level = 5
2015-06-29 08:26:45,319 

2015-06-29 08:26:51,213 Starting Training from 2014-12-17 to 2015-01-01
2015-06-29 08:42:09,509 Starting Live from 2015-01-02 to 2015-02-01
2015-06-29 09:16:53,094 Starting Training from 2015-01-17 to 2015-02-01
2015-06-29 09:18:54,184 Starting Live from 2015-02-02 to 2015-03-04
2015-06-29 10:18:54,433 Starting Training from 2015-02-17 to 2015-03-04
2015-06-29 10:21:59,361 Starting Live from 2015-03-05 to 2015-04-04
2015-06-29 12:43:51,604 Starting Training from 2015-03-20 to 2015-04-04
2015-06-29 12:46:39,141 Starting Live from 2015-04-05 to 2015-04-10
2015-06-29 13:04:39,387 Starting Q Learning for : 
2015-06-29 13:04:39,387 alpha = 0.2
2015-06-29 13:04:39,387 gamma = 0.3
2015-06-29 13:04:39,388 individual factor = 10
2015-06-29 13:04:39,388 zero range = 0.002
2015-06-29 13:04:39,388 greedy level = 5
2015-06-29 13:04:39,388 

2015-06-29 13:04:45,088 Starting Training from 2014-12-17 to 2015-01-01
2015-06-29 13:19:59,466 Starting Live from 2015-01-02 to 2015-02-01
2015-06-29 13:55:07,743 Starting Training from 2015-01-17 to 2015-02-01
2015-06-29 13:57:39,137 Starting Live from 2015-02-02 to 2015-03-04
2015-06-29 14:42:21,328 Starting Training from 2015-02-17 to 2015-03-04
2015-06-29 14:46:06,253 Starting Live from 2015-03-05 to 2015-04-04
2015-06-29 16:06:59,315 Starting Training from 2015-03-20 to 2015-04-04
2015-06-29 16:09:33,654 Starting Live from 2015-04-05 to 2015-04-10
2015-06-29 16:46:40,019 Starting Q Learning for : 
2015-06-29 16:46:40,019 alpha = 0.2
2015-06-29 16:46:40,019 gamma = 0.4
2015-06-29 16:46:40,019 individual factor = 10
2015-06-29 16:46:40,019 zero range = 0.002
2015-06-29 16:46:40,019 greedy level = 5
2015-06-29 16:46:40,019 

2015-06-29 16:46:45,430 Starting Training from 2014-12-17 to 2015-01-01
2015-06-29 17:02:07,947 Starting Live from 2015-01-02 to 2015-02-01
2015-06-29 17:37:58,407 Starting Training from 2015-01-17 to 2015-02-01
2015-06-29 17:39:57,525 Starting Live from 2015-02-02 to 2015-03-04
2015-06-29 19:10:31,000 Starting Training from 2015-02-17 to 2015-03-04
2015-06-29 19:13:10,536 Starting Live from 2015-03-05 to 2015-04-04
2015-07-02 22:54:53,388 Starting Training from 2015-03-20 to 2015-04-04
2015-07-02 22:56:10,339 Starting Live from 2015-04-05 to 2015-04-10
