2015-06-29 01:39:19,993 Starting Q Learning for : 
2015-06-29 01:39:19,993 alpha = 0.4
2015-06-29 01:39:19,993 gamma = 0.1
2015-06-29 01:39:19,994 individual factor = 10
2015-06-29 01:39:19,994 zero range = 0.002
2015-06-29 01:39:19,994 greedy level = 5
2015-06-29 01:39:19,994 

2015-06-29 01:39:34,716 Starting Training from 2014-12-17 to 2015-01-01
2015-06-29 01:55:16,061 Starting Live from 2015-01-02 to 2015-02-01
2015-06-29 02:26:19,177 Starting Training from 2015-01-17 to 2015-02-01
2015-06-29 02:28:00,236 Starting Live from 2015-02-02 to 2015-03-04
2015-06-29 03:25:57,207 Starting Training from 2015-02-17 to 2015-03-04
2015-06-29 03:29:12,845 Starting Live from 2015-03-05 to 2015-04-04
2015-06-29 06:39:37,897 Starting Training from 2015-03-20 to 2015-04-04
2015-06-29 06:42:28,750 Starting Live from 2015-04-05 to 2015-04-10
2015-06-29 06:59:53,273 Starting Q Learning for : 
2015-06-29 06:59:53,273 alpha = 0.4
2015-06-29 06:59:53,273 gamma = 0.2
2015-06-29 06:59:53,275 individual factor = 10
2015-06-29 06:59:53,275 zero range = 0.002
2015-06-29 06:59:53,275 greedy level = 5
2015-06-29 06:59:53,275 

2015-06-29 06:59:58,338 Starting Training from 2014-12-17 to 2015-01-01
2015-06-29 07:15:00,242 Starting Live from 2015-01-02 to 2015-02-01
2015-06-29 07:50:51,960 Starting Training from 2015-01-17 to 2015-02-01
2015-06-29 07:53:12,628 Starting Live from 2015-02-02 to 2015-03-04
2015-06-29 08:41:09,747 Starting Training from 2015-02-17 to 2015-03-04
2015-06-29 08:43:58,234 Starting Live from 2015-03-05 to 2015-04-04
2015-06-29 10:02:05,892 Starting Training from 2015-03-20 to 2015-04-04
2015-06-29 10:04:56,786 Starting Live from 2015-04-05 to 2015-04-10
2015-06-29 10:27:00,561 Starting Q Learning for : 
2015-06-29 10:27:00,561 alpha = 0.4
2015-06-29 10:27:00,561 gamma = 0.3
2015-06-29 10:27:00,562 individual factor = 10
2015-06-29 10:27:00,562 zero range = 0.002
2015-06-29 10:27:00,562 greedy level = 5
2015-06-29 10:27:00,562 

2015-06-29 10:27:02,095 Starting Training from 2014-12-17 to 2015-01-01
2015-06-29 10:42:00,674 Starting Live from 2015-01-02 to 2015-02-01
2015-06-29 11:17:15,236 Starting Training from 2015-01-17 to 2015-02-01
2015-06-29 11:19:32,556 Starting Live from 2015-02-02 to 2015-03-04
2015-06-29 12:13:58,897 Starting Training from 2015-02-17 to 2015-03-04
2015-06-29 12:17:02,359 Starting Live from 2015-03-05 to 2015-04-04
2015-06-29 15:19:30,453 Starting Training from 2015-03-20 to 2015-04-04
2015-06-29 15:21:39,877 Starting Live from 2015-04-05 to 2015-04-10
2015-06-29 15:39:30,959 Starting Q Learning for : 
2015-06-29 15:39:30,959 alpha = 0.4
2015-06-29 15:39:30,959 gamma = 0.4
2015-06-29 15:39:30,959 individual factor = 10
2015-06-29 15:39:30,959 zero range = 0.002
2015-06-29 15:39:30,959 greedy level = 5
2015-06-29 15:39:30,960 

2015-06-29 15:39:37,427 Starting Training from 2014-12-17 to 2015-01-01
2015-06-29 15:55:15,892 Starting Live from 2015-01-02 to 2015-02-01
2015-06-29 16:30:40,312 Starting Training from 2015-01-17 to 2015-02-01
2015-06-29 16:32:41,463 Starting Live from 2015-02-02 to 2015-03-04
2015-06-29 17:27:45,121 Starting Training from 2015-02-17 to 2015-03-04
2015-06-29 17:30:33,884 Starting Live from 2015-03-05 to 2015-04-04
2015-06-29 20:58:33,260 Starting Training from 2015-03-20 to 2015-04-04
2015-06-29 21:01:07,960 Starting Live from 2015-04-05 to 2015-04-10
2015-06-29 22:12:03,836 Starting Q Learning for : 
2015-06-29 22:12:03,836 alpha = 0.4
2015-06-29 22:12:03,836 gamma = 0.5
2015-06-29 22:12:03,836 individual factor = 10
2015-06-29 22:12:03,836 zero range = 0.002
2015-06-29 22:12:03,836 greedy level = 5
2015-06-29 22:12:03,836 

2015-06-29 22:12:10,352 Starting Training from 2014-12-17 to 2015-01-01
2015-06-29 22:27:35,000 Starting Live from 2015-01-02 to 2015-02-01
2015-06-29 23:02:45,911 Starting Training from 2015-01-17 to 2015-02-01
2015-06-29 23:04:45,045 Starting Live from 2015-02-02 to 2015-03-04
2015-06-29 23:58:53,071 Starting Training from 2015-02-17 to 2015-03-04
2015-06-30 00:01:29,269 Starting Live from 2015-03-05 to 2015-04-04
2015-06-30 02:19:00,173 Starting Training from 2015-03-20 to 2015-04-04
2015-06-30 02:21:31,101 Starting Live from 2015-04-05 to 2015-04-10
2015-06-30 03:09:00,285 Starting Q Learning for : 
2015-06-30 03:09:00,285 alpha = 0.4
2015-06-30 03:09:00,285 gamma = 0.6
2015-06-30 03:09:00,285 individual factor = 10
2015-06-30 03:09:00,285 zero range = 0.002
2015-06-30 03:09:00,285 greedy level = 5
2015-06-30 03:09:00,285 

2015-06-30 03:09:07,121 Starting Training from 2014-12-17 to 2015-01-01
2015-06-30 03:23:33,315 Starting Live from 2015-01-02 to 2015-02-01
2015-06-30 03:57:48,670 Starting Training from 2015-01-17 to 2015-02-01
2015-06-30 03:59:47,818 Starting Live from 2015-02-02 to 2015-03-04
2015-06-30 04:56:54,157 Starting Training from 2015-02-17 to 2015-03-04
2015-06-30 05:00:03,121 Starting Live from 2015-03-05 to 2015-04-04
2015-06-30 08:07:31,122 Starting Training from 2015-03-20 to 2015-04-04
2015-06-30 08:10:23,822 Starting Live from 2015-04-05 to 2015-04-10
2015-06-30 09:23:21,900 Starting Q Learning for : 
2015-06-30 09:23:21,900 alpha = 0.4
2015-06-30 09:23:21,901 gamma = 0.7
2015-06-30 09:23:21,901 individual factor = 10
2015-06-30 09:23:21,901 zero range = 0.002
2015-06-30 09:23:21,901 greedy level = 5
2015-06-30 09:23:21,901 

2015-06-30 09:23:28,069 Starting Training from 2014-12-17 to 2015-01-01
2015-06-30 09:38:47,461 Starting Live from 2015-01-02 to 2015-02-01
2015-06-30 10:07:18,917 Starting Training from 2015-01-17 to 2015-02-01
2015-06-30 10:09:09,061 Starting Live from 2015-02-02 to 2015-03-04
2015-06-30 10:27:44,694 Starting Training from 2015-02-17 to 2015-03-04
2015-06-30 10:36:11,301 Starting Live from 2015-03-05 to 2015-04-04
2015-06-30 10:55:44,437 Starting Training from 2015-03-20 to 2015-04-04
2015-06-30 11:00:22,654 Starting Live from 2015-04-05 to 2015-04-10
2015-06-30 11:06:11,351 Starting Q Learning for : 
2015-06-30 11:06:11,351 alpha = 0.4
2015-06-30 11:06:11,351 gamma = 0.8
2015-06-30 11:06:11,352 individual factor = 10
2015-06-30 11:06:11,352 zero range = 0.002
2015-06-30 11:06:11,352 greedy level = 5
2015-06-30 11:06:11,352 

2015-06-30 11:06:19,457 Starting Training from 2014-12-17 to 2015-01-01
2015-06-30 11:20:29,950 Starting Live from 2015-01-02 to 2015-02-01
2015-06-30 11:42:53,184 Starting Training from 2015-01-17 to 2015-02-01
2015-06-30 11:44:42,433 Starting Live from 2015-02-02 to 2015-03-04
2015-06-30 11:56:13,239 Starting Training from 2015-02-17 to 2015-03-04
2015-06-30 12:06:58,381 Starting Live from 2015-03-05 to 2015-04-04
2015-06-30 12:24:44,591 Starting Training from 2015-03-20 to 2015-04-04
2015-06-30 12:28:28,648 Starting Live from 2015-04-05 to 2015-04-10
2015-06-30 12:32:32,736 Starting Q Learning for : 
2015-06-30 12:32:32,736 alpha = 0.8
2015-06-30 12:32:32,736 gamma = 0.1
2015-06-30 12:32:32,736 individual factor = 10
2015-06-30 12:32:32,736 zero range = 0.002
2015-06-30 12:32:32,736 greedy level = 5
2015-06-30 12:32:32,736 

2015-06-30 12:32:38,400 Starting Training from 2014-12-17 to 2015-01-01
2015-06-30 12:46:32,448 Starting Live from 2015-01-02 to 2015-02-01
2015-06-30 13:17:50,184 Starting Training from 2015-01-17 to 2015-02-01
2015-06-30 13:19:34,608 Starting Live from 2015-02-02 to 2015-03-04
2015-06-30 14:04:51,763 Starting Training from 2015-02-17 to 2015-03-04
2015-06-30 14:07:49,108 Starting Live from 2015-03-05 to 2015-04-04
2015-06-30 15:35:40,881 Starting Training from 2015-03-20 to 2015-04-04
2015-06-30 15:38:01,443 Starting Live from 2015-04-05 to 2015-04-10
2015-06-30 15:54:54,267 Starting Q Learning for : 
2015-06-30 15:54:54,267 alpha = 0.8
2015-06-30 15:54:54,269 gamma = 0.2
2015-06-30 15:54:54,269 individual factor = 10
2015-06-30 15:54:54,269 zero range = 0.002
2015-06-30 15:54:54,269 greedy level = 5
2015-06-30 15:54:54,269 

2015-06-30 15:55:00,651 Starting Training from 2014-12-17 to 2015-01-01
2015-06-30 16:09:11,924 Starting Live from 2015-01-02 to 2015-02-01
2015-06-30 16:41:20,134 Starting Training from 2015-01-17 to 2015-02-01
2015-06-30 16:43:07,826 Starting Live from 2015-02-02 to 2015-03-04
2015-06-30 17:28:47,098 Starting Training from 2015-02-17 to 2015-03-04
2015-06-30 17:31:24,331 Starting Live from 2015-03-05 to 2015-04-04
2015-06-30 18:42:04,016 Starting Training from 2015-03-20 to 2015-04-04
2015-06-30 18:44:32,658 Starting Live from 2015-04-05 to 2015-04-10
2015-06-30 19:01:20,266 Starting Q Learning for : 
2015-06-30 19:01:20,266 alpha = 0.8
2015-06-30 19:01:20,266 gamma = 0.3
2015-06-30 19:01:20,266 individual factor = 10
2015-06-30 19:01:20,266 zero range = 0.002
2015-06-30 19:01:20,266 greedy level = 5
2015-06-30 19:01:20,266 

2015-06-30 19:01:26,730 Starting Training from 2014-12-17 to 2015-01-01
2015-06-30 19:14:59,595 Starting Live from 2015-01-02 to 2015-02-01
2015-06-30 19:47:57,329 Starting Training from 2015-01-17 to 2015-02-01
2015-06-30 19:50:20,505 Starting Live from 2015-02-02 to 2015-03-04
2015-06-30 20:39:46,395 Starting Training from 2015-02-17 to 2015-03-04
2015-06-30 20:42:10,342 Starting Live from 2015-03-05 to 2015-04-04
2015-07-01 00:29:14,275 Starting Training from 2015-03-20 to 2015-04-04
2015-07-01 00:31:29,109 Starting Live from 2015-04-05 to 2015-04-10
2015-07-01 04:10:10,178 Starting Q Learning for : 
2015-07-01 04:10:10,178 alpha = 0.8
2015-07-01 04:10:10,178 gamma = 0.4
2015-07-01 04:10:10,180 individual factor = 10
2015-07-01 04:10:10,180 zero range = 0.002
2015-07-01 04:10:10,180 greedy level = 5
2015-07-01 04:10:10,180 

2015-07-01 04:10:17,398 Starting Training from 2014-12-17 to 2015-01-01
2015-07-01 04:22:58,596 Starting Live from 2015-01-02 to 2015-02-01
2015-07-01 04:52:22,969 Starting Training from 2015-01-17 to 2015-02-01
2015-07-01 04:54:08,948 Starting Live from 2015-02-02 to 2015-03-04
2015-07-01 05:33:41,334 Starting Training from 2015-02-17 to 2015-03-04
2015-07-01 05:36:30,174 Starting Live from 2015-03-05 to 2015-04-04
2015-07-01 10:52:30,131 Starting Training from 2015-03-20 to 2015-04-04
2015-07-01 10:55:08,681 Starting Live from 2015-04-05 to 2015-04-10
2015-07-01 13:20:19,440 Starting Q Learning for : 
2015-07-01 13:20:19,440 alpha = 0.8
2015-07-01 13:20:19,440 gamma = 0.5
2015-07-01 13:20:19,440 individual factor = 10
2015-07-01 13:20:19,440 zero range = 0.002
2015-07-01 13:20:19,441 greedy level = 5
2015-07-01 13:20:19,441 

2015-07-01 13:20:24,984 Starting Training from 2014-12-17 to 2015-01-01
2015-07-01 13:31:15,428 Starting Live from 2015-01-02 to 2015-02-01
2015-07-01 13:57:34,148 Starting Training from 2015-01-17 to 2015-02-01
2015-07-01 13:59:07,575 Starting Live from 2015-02-02 to 2015-03-04
2015-07-01 14:42:41,252 Starting Training from 2015-02-17 to 2015-03-04
2015-07-01 14:44:48,565 Starting Live from 2015-03-05 to 2015-04-04
2015-07-01 16:41:53,907 Starting Training from 2015-03-20 to 2015-04-04
2015-07-01 16:44:06,762 Starting Live from 2015-04-05 to 2015-04-10
2015-07-01 17:15:54,164 Starting Q Learning for : 
2015-07-01 17:15:54,164 alpha = 0.8
2015-07-01 17:15:54,164 gamma = 0.6
2015-07-01 17:15:54,164 individual factor = 10
2015-07-01 17:15:54,164 zero range = 0.002
2015-07-01 17:15:54,164 greedy level = 5
2015-07-01 17:15:54,164 

2015-07-01 17:15:59,305 Starting Training from 2014-12-17 to 2015-01-01
2015-07-01 17:27:13,144 Starting Live from 2015-01-02 to 2015-02-01
2015-07-01 17:52:16,608 Starting Training from 2015-01-17 to 2015-02-01
2015-07-01 17:53:42,121 Starting Live from 2015-02-02 to 2015-03-04
2015-07-01 18:26:18,796 Starting Training from 2015-02-17 to 2015-03-04
2015-07-01 18:28:03,852 Starting Live from 2015-03-05 to 2015-04-04
2015-07-01 19:33:49,826 Starting Training from 2015-03-20 to 2015-04-04
2015-07-01 19:36:40,947 Starting Live from 2015-04-05 to 2015-04-10
2015-07-01 20:00:03,413 Starting Q Learning for : 
2015-07-01 20:00:03,413 alpha = 0.8
2015-07-01 20:00:03,414 gamma = 0.7
2015-07-01 20:00:03,414 individual factor = 10
2015-07-01 20:00:03,414 zero range = 0.002
2015-07-01 20:00:03,414 greedy level = 5
2015-07-01 20:00:03,414 

2015-07-01 20:00:10,417 Starting Training from 2014-12-17 to 2015-01-01
2015-07-01 20:15:15,250 Starting Live from 2015-01-02 to 2015-02-01
2015-07-01 20:42:13,174 Starting Training from 2015-01-17 to 2015-02-01
2015-07-01 20:44:01,963 Starting Live from 2015-02-02 to 2015-03-04
2015-07-01 21:02:08,963 Starting Training from 2015-02-17 to 2015-03-04
2015-07-01 21:10:15,275 Starting Live from 2015-03-05 to 2015-04-04
2015-07-01 21:29:43,654 Starting Training from 2015-03-20 to 2015-04-04
2015-07-01 21:34:14,075 Starting Live from 2015-04-05 to 2015-04-10
2015-07-01 21:40:43,819 Starting Q Learning for : 
2015-07-01 21:40:43,819 alpha = 0.8
2015-07-01 21:40:43,819 gamma = 0.8
2015-07-01 21:40:43,819 individual factor = 10
2015-07-01 21:40:43,819 zero range = 0.002
2015-07-01 21:40:43,819 greedy level = 5
2015-07-01 21:40:43,819 

2015-07-01 21:40:50,868 Starting Training from 2014-12-17 to 2015-01-01
2015-07-01 21:54:17,497 Starting Live from 2015-01-02 to 2015-02-01
2015-07-01 22:17:12,256 Starting Training from 2015-01-17 to 2015-02-01
2015-07-01 22:19:25,492 Starting Live from 2015-02-02 to 2015-03-04
2015-07-01 22:30:28,147 Starting Training from 2015-02-17 to 2015-03-04
2015-07-01 22:41:15,394 Starting Live from 2015-03-05 to 2015-04-04
2015-07-01 22:57:04,094 Starting Training from 2015-03-20 to 2015-04-04
2015-07-01 23:01:09,253 Starting Live from 2015-04-05 to 2015-04-10
2015-07-01 23:04:51,625 Starting Q Learning for : 
2015-07-01 23:04:51,625 alpha = 0.6
2015-07-01 23:04:51,627 gamma = 0.1
2015-07-01 23:04:51,627 individual factor = 10
2015-07-01 23:04:51,627 zero range = 0.006
2015-07-01 23:04:51,627 greedy level = 5
2015-07-01 23:04:51,627 

2015-07-01 23:04:59,220 Starting Training from 2014-12-17 to 2015-01-01
2015-07-01 23:18:58,329 Starting Live from 2015-01-02 to 2015-02-01
2015-07-01 23:51:10,438 Starting Training from 2015-01-17 to 2015-02-01
2015-07-01 23:53:21,561 Starting Live from 2015-02-02 to 2015-03-04
2015-07-02 00:49:50,506 Starting Training from 2015-02-17 to 2015-03-04
2015-07-02 00:52:05,755 Starting Live from 2015-03-05 to 2015-04-04
2015-07-02 12:09:01,584 Starting Training from 2015-03-20 to 2015-04-04
2015-07-02 12:10:51,769 Starting Live from 2015-04-05 to 2015-04-10
2015-07-02 12:28:22,127 Starting Q Learning for : 
2015-07-02 12:28:22,127 alpha = 0.6
2015-07-02 12:28:22,127 gamma = 0.2
2015-07-02 12:28:22,127 individual factor = 10
2015-07-02 12:28:22,127 zero range = 0.006
2015-07-02 12:28:22,127 greedy level = 5
2015-07-02 12:28:22,127 

2015-07-02 12:28:27,141 Starting Training from 2014-12-17 to 2015-01-01
2015-07-02 12:38:53,423 Starting Live from 2015-01-02 to 2015-02-01
2015-07-02 13:03:02,049 Starting Training from 2015-01-17 to 2015-02-01
2015-07-02 13:04:22,763 Starting Live from 2015-02-02 to 2015-03-04
2015-07-02 13:38:51,634 Starting Training from 2015-02-17 to 2015-03-04
2015-07-02 13:40:39,154 Starting Live from 2015-03-05 to 2015-04-04
2015-07-02 14:46:19,326 Starting Training from 2015-03-20 to 2015-04-04
2015-07-02 14:47:40,141 Starting Live from 2015-04-05 to 2015-04-10
2015-07-02 15:15:48,309 Starting Q Learning for : 
2015-07-02 15:15:48,309 alpha = 0.6
2015-07-02 15:15:48,309 gamma = 0.3
2015-07-02 15:15:48,309 individual factor = 10
2015-07-02 15:15:48,309 zero range = 0.006
2015-07-02 15:15:48,309 greedy level = 5
2015-07-02 15:15:48,309 

2015-07-02 15:15:53,413 Starting Training from 2014-12-17 to 2015-01-01
2015-07-02 15:26:20,075 Starting Live from 2015-01-02 to 2015-02-01
2015-07-02 15:49:50,098 Starting Training from 2015-01-17 to 2015-02-01
2015-07-02 15:51:10,144 Starting Live from 2015-02-02 to 2015-03-04
2015-07-02 16:56:21,394 Starting Training from 2015-02-17 to 2015-03-04
2015-07-02 16:58:08,756 Starting Live from 2015-03-05 to 2015-04-04
2015-07-03 00:32:13,178 Starting Q Learning for : 
2015-07-03 00:32:13,178 alpha = 0.5
2015-07-03 00:32:13,178 gamma = 0.1
2015-07-03 00:32:13,180 individual factor = 10
2015-07-03 00:32:13,180 zero range = 0.01
2015-07-03 00:32:13,180 greedy level = 5
2015-07-03 00:32:13,180 

