2015-06-20 10:51:20,210 Starting Q Learning for : 
2015-06-20 10:51:20,210 alpha = 0.2
2015-06-20 10:51:20,210 gamma = 0.1
2015-06-20 10:51:20,210 individual factor = 8
2015-06-20 10:51:20,210 zero range = 0.002
2015-06-20 10:51:20,210 greedy level = 5
2015-06-20 10:51:20,210 

2015-06-20 10:51:29,828 Starting Training from 2014-12-17 to 2015-01-01
2015-06-20 10:57:29,806 Starting Q Learning for : 
2015-06-20 10:57:29,806 alpha = 0.2
2015-06-20 10:57:29,806 gamma = 0.1
2015-06-20 10:57:29,806 individual factor = 8
2015-06-20 10:57:29,806 zero range = 0.002
2015-06-20 10:57:29,806 greedy level = 5
2015-06-20 10:57:29,806 

2015-06-20 10:57:40,013 Starting Training from 2014-12-17 to 2015-01-01
2015-06-20 11:08:20,292 Starting Live from 2015-01-02 to 2015-02-01
2015-06-20 11:31:52,028 Starting Training from 2015-01-17 to 2015-02-01
2015-06-20 11:33:01,951 Starting Live from 2015-02-02 to 2015-03-04
2015-06-20 12:00:09,029 Starting Training from 2015-02-17 to 2015-03-04
2015-06-20 12:02:02,086 Starting Live from 2015-03-05 to 2015-04-04
2015-06-20 12:26:41,857 Starting Training from 2015-03-20 to 2015-04-04
2015-06-20 12:27:57,855 Starting Live from 2015-04-05 to 2015-04-10
2015-06-20 12:34:52,213 Starting Q Learning for : 
2015-06-20 12:34:52,213 alpha = 0.2
2015-06-20 12:34:52,213 gamma = 0.2
2015-06-20 12:34:52,213 individual factor = 8
2015-06-20 12:34:52,213 zero range = 0.002
2015-06-20 12:34:52,213 greedy level = 5
2015-06-20 12:34:52,213 

2015-06-20 12:34:57,561 Starting Training from 2014-12-17 to 2015-01-01
2015-06-20 12:45:07,880 Starting Live from 2015-01-02 to 2015-02-01
2015-06-20 13:09:13,602 Starting Training from 2015-01-17 to 2015-02-01
2015-06-20 13:10:28,927 Starting Live from 2015-02-02 to 2015-03-04
2015-06-20 13:37:57,648 Starting Training from 2015-02-17 to 2015-03-04
2015-06-20 13:39:38,321 Starting Live from 2015-03-05 to 2015-04-04
2015-06-20 14:04:44,769 Starting Training from 2015-03-20 to 2015-04-04
2015-06-20 14:06:05,206 Starting Live from 2015-04-05 to 2015-04-10
2015-06-20 14:13:54,555 Starting Q Learning for : 
2015-06-20 14:13:54,555 alpha = 0.2
2015-06-20 14:13:54,555 gamma = 0.3
2015-06-20 14:13:54,555 individual factor = 8
2015-06-20 14:13:54,555 zero range = 0.002
2015-06-20 14:13:54,555 greedy level = 5
2015-06-20 14:13:54,555 

2015-06-20 14:14:00,430 Starting Training from 2014-12-17 to 2015-01-01
2015-06-20 14:23:39,086 Starting Live from 2015-01-02 to 2015-02-01
2015-06-20 14:46:52,484 Starting Training from 2015-01-17 to 2015-02-01
2015-06-20 14:48:03,818 Starting Live from 2015-02-02 to 2015-03-04
2015-06-20 15:14:52,282 Starting Training from 2015-02-17 to 2015-03-04
2015-06-20 15:16:37,551 Starting Live from 2015-03-05 to 2015-04-04
2015-06-20 15:40:14,519 Starting Training from 2015-03-20 to 2015-04-04
2015-06-20 15:41:26,819 Starting Live from 2015-04-05 to 2015-04-10
2015-06-20 15:48:02,582 Starting Q Learning for : 
2015-06-20 15:48:02,582 alpha = 0.4
2015-06-20 15:48:02,582 gamma = 0.8
2015-06-20 15:48:02,582 individual factor = 8
2015-06-20 15:48:02,582 zero range = 0.002
2015-06-20 15:48:02,582 greedy level = 5
2015-06-20 15:48:02,582 

2015-06-20 15:48:07,947 Starting Training from 2014-12-17 to 2015-01-01
2015-06-20 15:57:46,464 Starting Live from 2015-01-02 to 2015-02-01
2015-06-20 16:19:08,526 Starting Training from 2015-01-17 to 2015-02-01
2015-06-20 16:20:28,415 Starting Live from 2015-02-02 to 2015-03-04
2015-06-20 16:39:29,377 Starting Training from 2015-02-17 to 2015-03-04
2015-06-20 16:42:21,177 Starting Live from 2015-03-05 to 2015-04-04
2015-06-20 16:56:44,573 Starting Training from 2015-03-20 to 2015-04-04
2015-06-20 16:59:50,108 Starting Live from 2015-04-05 to 2015-04-10
2015-06-20 17:05:53,230 Starting Q Learning for : 
2015-06-20 17:05:53,230 alpha = 0.6
2015-06-20 17:05:53,230 gamma = 0.1
2015-06-20 17:05:53,230 individual factor = 8
2015-06-20 17:05:53,230 zero range = 0.002
2015-06-20 17:05:53,230 greedy level = 5
2015-06-20 17:05:53,230 

2015-06-20 17:05:58,265 Starting Training from 2014-12-17 to 2015-01-01
2015-06-20 17:14:34,500 Starting Live from 2015-01-02 to 2015-02-01
2015-06-20 17:35:43,967 Starting Training from 2015-01-17 to 2015-02-01
2015-06-20 17:36:49,555 Starting Live from 2015-02-02 to 2015-03-04
2015-06-20 18:00:58,542 Starting Training from 2015-02-17 to 2015-03-04
2015-06-20 18:02:25,509 Starting Live from 2015-03-05 to 2015-04-04
2015-06-20 18:24:12,276 Starting Training from 2015-03-20 to 2015-04-04
2015-06-20 18:25:22,585 Starting Live from 2015-04-05 to 2015-04-10
2015-06-20 18:32:13,911 Starting Q Learning for : 
2015-06-20 18:32:13,911 alpha = 0.6
2015-06-20 18:32:13,911 gamma = 0.2
2015-06-20 18:32:13,911 individual factor = 8
2015-06-20 18:32:13,911 zero range = 0.002
2015-06-20 18:32:13,911 greedy level = 5
2015-06-20 18:32:13,911 

2015-06-20 18:32:19,362 Starting Training from 2014-12-17 to 2015-01-01
2015-06-20 18:40:52,868 Starting Live from 2015-01-02 to 2015-02-01
2015-06-20 19:01:49,276 Starting Training from 2015-01-17 to 2015-02-01
2015-06-20 19:02:56,513 Starting Live from 2015-02-02 to 2015-03-04
2015-06-20 19:27:03,444 Starting Training from 2015-02-17 to 2015-03-04
2015-06-20 19:28:31,641 Starting Live from 2015-03-05 to 2015-04-04
2015-06-20 19:49:50,221 Starting Training from 2015-03-20 to 2015-04-04
2015-06-20 19:51:00,148 Starting Live from 2015-04-05 to 2015-04-10
2015-06-20 19:57:55,128 Starting Q Learning for : 
2015-06-20 19:57:55,130 alpha = 0.6
2015-06-20 19:57:55,130 gamma = 0.6
2015-06-20 19:57:55,130 individual factor = 8
2015-06-20 19:57:55,130 zero range = 0.002
2015-06-20 19:57:55,130 greedy level = 5
2015-06-20 19:57:55,130 

2015-06-20 19:58:00,509 Starting Training from 2014-12-17 to 2015-01-01
2015-06-20 20:06:31,308 Starting Live from 2015-01-02 to 2015-02-01
2015-06-20 20:27:10,993 Starting Training from 2015-01-17 to 2015-02-01
2015-06-20 20:28:14,413 Starting Live from 2015-02-02 to 2015-03-04
2015-06-20 20:51:32,969 Starting Training from 2015-02-17 to 2015-03-04
2015-06-20 20:52:58,467 Starting Live from 2015-03-05 to 2015-04-04
2015-06-20 21:13:34,438 Starting Training from 2015-03-20 to 2015-04-04
2015-06-20 21:15:05,121 Starting Live from 2015-04-05 to 2015-04-10
2015-06-20 21:21:30,010 Starting Q Learning for : 
2015-06-20 21:21:30,010 alpha = 0.6
2015-06-20 21:21:30,010 gamma = 0.7
2015-06-20 21:21:30,010 individual factor = 8
2015-06-20 21:21:30,010 zero range = 0.002
2015-06-20 21:21:30,010 greedy level = 5
2015-06-20 21:21:30,012 

2015-06-20 21:21:36,408 Starting Training from 2014-12-17 to 2015-01-01
2015-06-20 21:30:38,701 Starting Live from 2015-01-02 to 2015-02-01
2015-06-20 21:51:31,089 Starting Training from 2015-01-17 to 2015-02-01
2015-06-20 21:52:33,673 Starting Live from 2015-02-02 to 2015-03-04
2015-06-20 22:16:08,009 Starting Training from 2015-02-17 to 2015-03-04
2015-06-20 22:17:38,358 Starting Live from 2015-03-05 to 2015-04-04
2015-06-20 22:36:09,816 Starting Training from 2015-03-20 to 2015-04-04
2015-06-20 22:38:24,709 Starting Live from 2015-04-05 to 2015-04-10
2015-06-20 22:43:57,476 Starting Q Learning for : 
2015-06-20 22:43:57,476 alpha = 0.6
2015-06-20 22:43:57,476 gamma = 0.8
2015-06-20 22:43:57,476 individual factor = 8
2015-06-20 22:43:57,476 zero range = 0.002
2015-06-20 22:43:57,476 greedy level = 5
2015-06-20 22:43:57,476 

2015-06-20 22:44:02,476 Starting Training from 2014-12-17 to 2015-01-01
2015-06-20 22:53:37,964 Starting Live from 2015-01-02 to 2015-02-01
2015-06-20 23:15:00,795 Starting Training from 2015-01-17 to 2015-02-01
2015-06-20 23:16:06,302 Starting Live from 2015-02-02 to 2015-03-04
2015-06-20 23:36:58,332 Starting Training from 2015-02-17 to 2015-03-04
2015-06-20 23:39:47,780 Starting Live from 2015-03-05 to 2015-04-04
2015-06-20 23:57:41,904 Starting Training from 2015-03-20 to 2015-04-04
2015-06-21 00:01:46,882 Starting Live from 2015-04-05 to 2015-04-10
2015-06-21 00:08:29,880 Starting Q Learning for : 
2015-06-21 00:08:29,880 alpha = 0.8
2015-06-21 00:08:29,880 gamma = 0.4
2015-06-21 00:08:29,880 individual factor = 8
2015-06-21 00:08:29,880 zero range = 0.002
2015-06-21 00:08:29,880 greedy level = 5
2015-06-21 00:08:29,880 

2015-06-21 00:08:35,124 Starting Training from 2014-12-17 to 2015-01-01
2015-06-21 00:19:50,604 Starting Live from 2015-01-02 to 2015-02-01
2015-06-21 00:48:04,822 Starting Training from 2015-01-17 to 2015-02-01
2015-06-21 00:49:24,484 Starting Live from 2015-02-02 to 2015-03-04
2015-06-21 01:20:35,187 Starting Training from 2015-02-17 to 2015-03-04
2015-06-21 01:22:27,703 Starting Live from 2015-03-05 to 2015-04-04
2015-06-21 01:49:07,187 Starting Training from 2015-03-20 to 2015-04-04
2015-06-21 01:50:27,039 Starting Live from 2015-04-05 to 2015-04-10
2015-06-21 01:58:27,009 Starting Q Learning for : 
2015-06-21 01:58:27,009 alpha = 0.8
2015-06-21 01:58:27,009 gamma = 0.5
2015-06-21 01:58:27,009 individual factor = 8
2015-06-21 01:58:27,009 zero range = 0.002
2015-06-21 01:58:27,009 greedy level = 5
2015-06-21 01:58:27,009 

2015-06-21 01:58:32,549 Starting Training from 2014-12-17 to 2015-01-01
2015-06-21 02:08:31,542 Starting Live from 2015-01-02 to 2015-02-01
2015-06-21 02:32:41,473 Starting Training from 2015-01-17 to 2015-02-01
2015-06-21 02:33:57,016 Starting Live from 2015-02-02 to 2015-03-04
2015-06-21 03:02:52,471 Starting Training from 2015-02-17 to 2015-03-04
2015-06-21 03:04:38,565 Starting Live from 2015-03-05 to 2015-04-04
2015-06-21 03:30:06,296 Starting Training from 2015-03-20 to 2015-04-04
2015-06-21 03:31:27,427 Starting Live from 2015-04-05 to 2015-04-10
2015-06-21 03:38:30,700 Starting Q Learning for : 
2015-06-21 03:38:30,700 alpha = 0.8
2015-06-21 03:38:30,700 gamma = 0.6
2015-06-21 03:38:30,700 individual factor = 8
2015-06-21 03:38:30,700 zero range = 0.002
2015-06-21 03:38:30,700 greedy level = 5
2015-06-21 03:38:30,700 

2015-06-21 03:38:35,967 Starting Training from 2014-12-17 to 2015-01-01
2015-06-21 03:49:04,095 Starting Live from 2015-01-02 to 2015-02-01
2015-06-21 04:12:23,424 Starting Training from 2015-01-17 to 2015-02-01
2015-06-21 04:13:34,151 Starting Live from 2015-02-02 to 2015-03-04
2015-06-21 04:40:38,947 Starting Training from 2015-02-17 to 2015-03-04
2015-06-21 04:42:20,786 Starting Live from 2015-03-05 to 2015-04-04
2015-06-21 05:06:49,302 Starting Training from 2015-03-20 to 2015-04-04
2015-06-21 05:08:29,608 Starting Live from 2015-04-05 to 2015-04-10
