2015-06-24 01:21:20,581 Starting Q Learning for : 
2015-06-24 01:21:20,581 alpha = 0.5
2015-06-24 01:21:20,581 gamma = 0.7
2015-06-24 01:21:20,581 individual factor = 12
2015-06-24 01:21:20,581 zero range = 0.01
2015-06-24 01:21:20,581 greedy level = 10
2015-06-24 01:21:20,582 

2015-06-24 01:21:29,220 Starting Training from 2014-12-17 to 2015-01-01
2015-06-24 01:32:52,207 Starting Live from 2015-01-02 to 2015-02-01
2015-06-24 01:55:17,362 Starting Training from 2015-01-17 to 2015-02-01
2015-06-24 01:56:49,556 Starting Live from 2015-02-02 to 2015-03-04
2015-06-24 02:06:43,788 Starting Training from 2015-02-17 to 2015-03-04
2015-06-24 02:13:53,571 Starting Live from 2015-03-05 to 2015-04-04
2015-06-24 02:31:32,308 Starting Training from 2015-03-20 to 2015-04-04
2015-06-24 02:33:47,325 Starting Live from 2015-04-05 to 2015-04-10
2015-06-24 02:38:31,233 Starting Q Learning for : 
2015-06-24 02:38:31,233 alpha = 0.5
2015-06-24 02:38:31,233 gamma = 0.8
2015-06-24 02:38:31,233 individual factor = 12
2015-06-24 02:38:31,233 zero range = 0.01
2015-06-24 02:38:31,233 greedy level = 10
2015-06-24 02:38:31,233 

2015-06-24 02:38:36,096 Starting Training from 2014-12-17 to 2015-01-01
2015-06-24 02:49:49,148 Starting Live from 2015-01-02 to 2015-02-01
2015-06-24 03:07:36,780 Starting Training from 2015-01-17 to 2015-02-01
2015-06-24 03:09:29,966 Starting Live from 2015-02-02 to 2015-03-04
2015-06-24 03:14:51,283 Starting Training from 2015-02-17 to 2015-03-04
2015-06-24 03:23:19,026 Starting Live from 2015-03-05 to 2015-04-04
2015-06-24 03:37:39,615 Starting Training from 2015-03-20 to 2015-04-04
2015-06-24 03:39:32,736 Starting Live from 2015-04-05 to 2015-04-10
2015-06-24 03:41:57,775 Starting Q Learning for : 
2015-06-24 03:41:57,775 alpha = 0.6
2015-06-24 03:41:57,775 gamma = 0.1
2015-06-24 03:41:57,775 individual factor = 12
2015-06-24 03:41:57,775 zero range = 0.01
2015-06-24 03:41:57,775 greedy level = 10
2015-06-24 03:41:57,775 

2015-06-24 03:42:02,709 Starting Training from 2014-12-17 to 2015-01-01
2015-06-24 03:52:51,132 Starting Live from 2015-01-02 to 2015-02-01
2015-06-24 04:19:59,091 Starting Training from 2015-01-17 to 2015-02-01
2015-06-24 04:21:27,019 Starting Live from 2015-02-02 to 2015-03-04
2015-06-24 04:45:47,565 Starting Training from 2015-02-17 to 2015-03-04
2015-06-24 04:47:35,364 Starting Live from 2015-03-05 to 2015-04-04
2015-06-24 05:11:40,155 Starting Training from 2015-03-20 to 2015-04-04
2015-06-24 05:12:46,490 Starting Live from 2015-04-05 to 2015-04-10
2015-06-24 05:20:25,223 Starting Q Learning for : 
2015-06-24 05:20:25,223 alpha = 0.6
2015-06-24 05:20:25,223 gamma = 0.2
2015-06-24 05:20:25,223 individual factor = 12
2015-06-24 05:20:25,223 zero range = 0.01
2015-06-24 05:20:25,223 greedy level = 10
2015-06-24 05:20:25,223 

2015-06-24 05:20:29,980 Starting Training from 2014-12-17 to 2015-01-01
2015-06-24 05:30:51,638 Starting Live from 2015-01-02 to 2015-02-01
2015-06-24 05:58:45,237 Starting Training from 2015-01-17 to 2015-02-01
2015-06-24 06:00:22,608 Starting Live from 2015-02-02 to 2015-03-04
2015-06-24 06:25:20,167 Starting Training from 2015-02-17 to 2015-03-04
2015-06-24 06:27:17,016 Starting Live from 2015-03-05 to 2015-04-04
2015-06-24 06:51:00,109 Starting Training from 2015-03-20 to 2015-04-04
2015-06-24 06:52:03,444 Starting Live from 2015-04-05 to 2015-04-10
2015-06-24 06:58:58,223 Starting Q Learning for : 
2015-06-24 06:58:58,223 alpha = 0.6
2015-06-24 06:58:58,223 gamma = 0.3
2015-06-24 06:58:58,223 individual factor = 12
2015-06-24 06:58:58,223 zero range = 0.01
2015-06-24 06:58:58,223 greedy level = 10
2015-06-24 06:58:58,223 

2015-06-24 06:59:03,539 Starting Training from 2014-12-17 to 2015-01-01
2015-06-24 07:10:02,378 Starting Live from 2015-01-02 to 2015-02-01
2015-06-24 07:36:58,490 Starting Training from 2015-01-17 to 2015-02-01
2015-06-24 07:38:30,591 Starting Live from 2015-02-02 to 2015-03-04
2015-06-24 08:02:45,230 Starting Training from 2015-02-17 to 2015-03-04
2015-06-24 08:05:21,516 Starting Live from 2015-03-05 to 2015-04-04
2015-06-24 08:28:58,410 Starting Training from 2015-03-20 to 2015-04-04
2015-06-24 08:29:58,584 Starting Live from 2015-04-05 to 2015-04-10
2015-06-24 08:36:52,118 Starting Q Learning for : 
2015-06-24 08:36:52,118 alpha = 0.6
2015-06-24 08:36:52,118 gamma = 0.4
2015-06-24 08:36:52,118 individual factor = 12
2015-06-24 08:36:52,118 zero range = 0.01
2015-06-24 08:36:52,118 greedy level = 10
2015-06-24 08:36:52,118 

2015-06-24 08:36:56,848 Starting Training from 2014-12-17 to 2015-01-01
2015-06-24 08:47:23,464 Starting Live from 2015-01-02 to 2015-02-01
2015-06-24 09:14:28,140 Starting Training from 2015-01-17 to 2015-02-01
2015-06-24 09:15:58,203 Starting Live from 2015-02-02 to 2015-03-04
2015-06-24 09:40:22,176 Starting Training from 2015-02-17 to 2015-03-04
2015-06-24 09:42:02,145 Starting Live from 2015-03-05 to 2015-04-04
2015-06-24 10:05:58,645 Starting Training from 2015-03-20 to 2015-04-04
2015-06-24 10:07:08,450 Starting Live from 2015-04-05 to 2015-04-10
2015-06-24 10:14:48,805 Starting Q Learning for : 
2015-06-24 10:14:48,805 alpha = 0.6
2015-06-24 10:14:48,805 gamma = 0.5
2015-06-24 10:14:48,805 individual factor = 12
2015-06-24 10:14:48,805 zero range = 0.01
2015-06-24 10:14:48,805 greedy level = 10
2015-06-24 10:14:48,805 

2015-06-24 10:14:54,174 Starting Training from 2014-12-17 to 2015-01-01
2015-06-24 10:24:59,479 Starting Live from 2015-01-02 to 2015-02-01
2015-06-24 10:51:32,157 Starting Training from 2015-01-17 to 2015-02-01
2015-06-24 10:53:16,026 Starting Live from 2015-02-02 to 2015-03-04
2015-06-24 11:18:03,302 Starting Training from 2015-02-17 to 2015-03-04
2015-06-24 11:19:51,737 Starting Live from 2015-03-05 to 2015-04-04
2015-06-24 11:44:07,792 Starting Training from 2015-03-20 to 2015-04-04
2015-06-24 11:45:07,792 Starting Live from 2015-04-05 to 2015-04-10
2015-06-24 11:52:17,641 Starting Q Learning for : 
2015-06-24 11:52:17,641 alpha = 0.6
2015-06-24 11:52:17,641 gamma = 0.6
2015-06-24 11:52:17,641 individual factor = 12
2015-06-24 11:52:17,641 zero range = 0.01
2015-06-24 11:52:17,641 greedy level = 10
2015-06-24 11:52:17,641 

2015-06-24 11:52:22,776 Starting Training from 2014-12-17 to 2015-01-01
2015-06-24 12:03:21,299 Starting Live from 2015-01-02 to 2015-02-01
2015-06-24 12:31:04,446 Starting Training from 2015-01-17 to 2015-02-01
2015-06-24 12:32:36,924 Starting Live from 2015-02-02 to 2015-03-04
2015-06-24 12:59:01,283 Starting Training from 2015-02-17 to 2015-03-04
2015-06-24 13:01:35,775 Starting Live from 2015-03-05 to 2015-04-04
2015-06-24 13:29:04,693 Starting Training from 2015-03-20 to 2015-04-04
2015-06-24 13:30:14,210 Starting Live from 2015-04-05 to 2015-04-10
2015-06-24 13:38:32,881 Starting Q Learning for : 
2015-06-24 13:38:32,881 alpha = 0.6
2015-06-24 13:38:32,881 gamma = 0.7
2015-06-24 13:38:32,881 individual factor = 12
2015-06-24 13:38:32,881 zero range = 0.01
2015-06-24 13:38:32,881 greedy level = 10
2015-06-24 13:38:32,881 

2015-06-24 13:38:38,400 Starting Training from 2014-12-17 to 2015-01-01
2015-06-24 13:50:50,648 Starting Live from 2015-01-02 to 2015-02-01
2015-06-24 14:14:54,924 Starting Training from 2015-01-17 to 2015-02-01
2015-06-24 14:16:44,073 Starting Live from 2015-02-02 to 2015-03-04
2015-06-24 14:27:03,828 Starting Training from 2015-02-17 to 2015-03-04
2015-06-24 14:35:30,009 Starting Live from 2015-03-05 to 2015-04-04
2015-06-24 14:54:13,655 Starting Training from 2015-03-20 to 2015-04-04
2015-06-24 14:57:11,637 Starting Live from 2015-04-05 to 2015-04-10
2015-06-24 15:02:42,877 Starting Q Learning for : 
2015-06-24 15:02:42,877 alpha = 0.6
2015-06-24 15:02:42,877 gamma = 0.8
2015-06-24 15:02:42,877 individual factor = 12
2015-06-24 15:02:42,877 zero range = 0.01
2015-06-24 15:02:42,877 greedy level = 10
2015-06-24 15:02:42,877 

2015-06-24 15:02:49,499 Starting Training from 2014-12-17 to 2015-01-01
2015-06-24 15:15:02,668 Starting Live from 2015-01-02 to 2015-02-01
2015-06-24 15:35:43,815 Starting Training from 2015-01-17 to 2015-02-01
2015-06-24 15:37:38,492 Starting Live from 2015-02-02 to 2015-03-04
2015-06-24 15:43:31,312 Starting Training from 2015-02-17 to 2015-03-04
2015-06-24 15:53:11,698 Starting Live from 2015-03-05 to 2015-04-04
2015-06-24 16:09:03,036 Starting Training from 2015-03-20 to 2015-04-04
2015-06-24 16:11:09,447 Starting Live from 2015-04-05 to 2015-04-10
2015-06-24 16:14:05,460 Starting Q Learning for : 
2015-06-24 16:14:05,460 alpha = 0.4
2015-06-24 16:14:05,460 gamma = 0.1
2015-06-24 16:14:05,460 individual factor = 12
2015-06-24 16:14:05,460 zero range = 0.01
2015-06-24 16:14:05,460 greedy level = 10
2015-06-24 16:14:05,460 

2015-06-24 16:14:10,956 Starting Training from 2014-12-17 to 2015-01-01
2015-06-24 16:26:43,713 Starting Live from 2015-01-02 to 2015-02-01
2015-06-24 16:56:52,059 Starting Training from 2015-01-17 to 2015-02-01
2015-06-24 16:58:33,220 Starting Live from 2015-02-02 to 2015-03-04
2015-06-24 17:26:42,148 Starting Training from 2015-02-17 to 2015-03-04
2015-06-24 17:29:16,762 Starting Live from 2015-03-05 to 2015-04-04
2015-06-24 17:55:45,977 Starting Training from 2015-03-20 to 2015-04-04
2015-06-24 17:56:55,438 Starting Live from 2015-04-05 to 2015-04-10
2015-06-24 18:04:39,372 Starting Q Learning for : 
2015-06-24 18:04:39,372 alpha = 0.4
2015-06-24 18:04:39,372 gamma = 0.2
2015-06-24 18:04:39,372 individual factor = 12
2015-06-24 18:04:39,372 zero range = 0.01
2015-06-24 18:04:39,372 greedy level = 10
2015-06-24 18:04:39,372 

2015-06-24 18:04:44,858 Starting Training from 2014-12-17 to 2015-01-01
2015-06-24 18:16:54,040 Starting Live from 2015-01-02 to 2015-02-01
2015-06-24 18:47:13,572 Starting Training from 2015-01-17 to 2015-02-01
2015-06-24 18:48:54,654 Starting Live from 2015-02-02 to 2015-03-04
2015-06-24 19:16:52,795 Starting Training from 2015-02-17 to 2015-03-04
2015-06-24 19:19:26,108 Starting Live from 2015-03-05 to 2015-04-04
2015-06-24 19:45:41,614 Starting Training from 2015-03-20 to 2015-04-04
2015-06-24 19:46:53,776 Starting Live from 2015-04-05 to 2015-04-10
2015-06-24 19:54:31,877 Starting Q Learning for : 
2015-06-24 19:54:31,877 alpha = 0.2
2015-06-24 19:54:31,878 gamma = 0.1
2015-06-24 19:54:31,878 individual factor = 12
2015-06-24 19:54:31,878 zero range = 0.01
2015-06-24 19:54:31,878 greedy level = 10
2015-06-24 19:54:31,878 

2015-06-24 19:54:37,398 Starting Training from 2014-12-17 to 2015-01-01
2015-06-24 20:06:45,653 Starting Live from 2015-01-02 to 2015-02-01
2015-06-24 20:35:47,698 Starting Training from 2015-01-17 to 2015-02-01
2015-06-24 20:37:22,775 Starting Live from 2015-02-02 to 2015-03-04
2015-06-24 21:03:20,730 Starting Training from 2015-02-17 to 2015-03-04
2015-06-24 21:05:45,780 Starting Live from 2015-03-05 to 2015-04-04
2015-06-24 21:33:02,750 Starting Training from 2015-03-20 to 2015-04-04
2015-06-24 21:34:09,756 Starting Live from 2015-04-05 to 2015-04-10
2015-06-24 21:41:24,362 Starting Q Learning for : 
2015-06-24 21:41:24,364 alpha = 0.2
2015-06-24 21:41:24,364 gamma = 0.2
2015-06-24 21:41:24,364 individual factor = 12
2015-06-24 21:41:24,364 zero range = 0.01
2015-06-24 21:41:24,364 greedy level = 10
2015-06-24 21:41:24,364 

2015-06-24 21:41:30,572 Starting Training from 2014-12-17 to 2015-01-01
2015-06-24 21:53:02,711 Starting Live from 2015-01-02 to 2015-02-01
2015-06-24 22:21:23,085 Starting Training from 2015-01-17 to 2015-02-01
2015-06-24 22:23:00,963 Starting Live from 2015-02-02 to 2015-03-04
2015-06-24 22:48:50,357 Starting Training from 2015-02-17 to 2015-03-04
2015-06-24 22:50:49,829 Starting Live from 2015-03-05 to 2015-04-04
2015-06-24 23:16:10,369 Starting Training from 2015-03-20 to 2015-04-04
2015-06-24 23:17:16,460 Starting Live from 2015-04-05 to 2015-04-10
2015-06-24 23:25:33,201 Starting Q Learning for : 
2015-06-24 23:25:33,201 alpha = 0.2
2015-06-24 23:25:33,201 gamma = 0.3
2015-06-24 23:25:33,201 individual factor = 12
2015-06-24 23:25:33,201 zero range = 0.01
2015-06-24 23:25:33,201 greedy level = 10
2015-06-24 23:25:33,201 

2015-06-24 23:25:38,770 Starting Training from 2014-12-17 to 2015-01-01
2015-06-24 23:36:41,716 Starting Live from 2015-01-02 to 2015-02-01
2015-06-25 00:06:08,542 Starting Training from 2015-01-17 to 2015-02-01
2015-06-25 00:07:40,881 Starting Live from 2015-02-02 to 2015-03-04
2015-06-25 00:33:41,005 Starting Training from 2015-02-17 to 2015-03-04
2015-06-25 00:35:50,615 Starting Live from 2015-03-05 to 2015-04-04
2015-06-25 01:02:33,655 Starting Training from 2015-03-20 to 2015-04-04
2015-06-25 01:03:36,394 Starting Live from 2015-04-05 to 2015-04-10
2015-06-25 01:11:30,819 Starting Q Learning for : 
2015-06-25 01:11:30,819 alpha = 0.2
2015-06-25 01:11:30,819 gamma = 0.4
2015-06-25 01:11:30,819 individual factor = 12
2015-06-25 01:11:30,819 zero range = 0.01
2015-06-25 01:11:30,819 greedy level = 10
2015-06-25 01:11:30,819 

2015-06-25 01:11:36,190 Starting Training from 2014-12-17 to 2015-01-01
2015-06-25 01:21:49,434 Starting Live from 2015-01-02 to 2015-02-01
2015-06-25 01:48:59,920 Starting Training from 2015-01-17 to 2015-02-01
2015-06-25 01:50:43,358 Starting Live from 2015-02-02 to 2015-03-04
2015-06-25 02:16:28,959 Starting Training from 2015-02-17 to 2015-03-04
2015-06-25 02:18:26,829 Starting Live from 2015-03-05 to 2015-04-04
2015-06-25 02:43:06,746 Starting Training from 2015-03-20 to 2015-04-04
2015-06-25 02:44:07,463 Starting Live from 2015-04-05 to 2015-04-10
2015-06-25 02:50:58,635 Starting Q Learning for : 
2015-06-25 02:50:58,635 alpha = 0.2
2015-06-25 02:50:58,635 gamma = 0.5
2015-06-25 02:50:58,637 individual factor = 12
2015-06-25 02:50:58,637 zero range = 0.01
2015-06-25 02:50:58,637 greedy level = 10
2015-06-25 02:50:58,637 

2015-06-25 02:51:03,407 Starting Training from 2014-12-17 to 2015-01-01
2015-06-25 03:01:54,025 Starting Live from 2015-01-02 to 2015-02-01
2015-06-25 03:28:38,982 Starting Training from 2015-01-17 to 2015-02-01
2015-06-25 03:30:11,802 Starting Live from 2015-02-02 to 2015-03-04
2015-06-25 03:54:45,339 Starting Training from 2015-02-17 to 2015-03-04
2015-06-25 03:56:32,022 Starting Live from 2015-03-05 to 2015-04-04
2015-06-25 04:20:39,338 Starting Training from 2015-03-20 to 2015-04-04
2015-06-25 04:21:37,391 Starting Live from 2015-04-05 to 2015-04-10
2015-06-25 04:29:24,667 Starting Q Learning for : 
2015-06-25 04:29:24,667 alpha = 0.2
2015-06-25 04:29:24,667 gamma = 0.6
2015-06-25 04:29:24,667 individual factor = 12
2015-06-25 04:29:24,667 zero range = 0.01
2015-06-25 04:29:24,667 greedy level = 10
2015-06-25 04:29:24,668 

2015-06-25 04:29:29,496 Starting Training from 2014-12-17 to 2015-01-01
2015-06-25 04:39:37,546 Starting Live from 2015-01-02 to 2015-02-01
2015-06-25 05:05:55,960 Starting Training from 2015-01-17 to 2015-02-01
2015-06-25 05:07:32,144 Starting Live from 2015-02-02 to 2015-03-04
2015-06-25 05:32:01,000 Starting Training from 2015-02-17 to 2015-03-04
2015-06-25 05:34:16,983 Starting Live from 2015-03-05 to 2015-04-04
2015-06-25 05:57:14,612 Starting Training from 2015-03-20 to 2015-04-04
2015-06-25 05:58:15,734 Starting Live from 2015-04-05 to 2015-04-10
2015-06-25 06:04:54,756 Starting Q Learning for : 
2015-06-25 06:04:54,756 alpha = 0.8
2015-06-25 06:04:54,756 gamma = 0.5
2015-06-25 06:04:54,756 individual factor = 12
2015-06-25 06:04:54,756 zero range = 0.01
2015-06-25 06:04:54,756 greedy level = 10
2015-06-25 06:04:54,756 

2015-06-25 06:04:59,772 Starting Training from 2014-12-17 to 2015-01-01
2015-06-25 06:15:19,066 Starting Live from 2015-01-02 to 2015-02-01
2015-06-25 06:41:39,380 Starting Training from 2015-01-17 to 2015-02-01
2015-06-25 06:43:08,986 Starting Live from 2015-02-02 to 2015-03-04
2015-06-25 07:07:00,148 Starting Training from 2015-02-17 to 2015-03-04
2015-06-25 07:09:03,410 Starting Live from 2015-03-05 to 2015-04-04
2015-06-25 07:32:07,361 Starting Training from 2015-03-20 to 2015-04-04
2015-06-25 07:33:07,257 Starting Live from 2015-04-05 to 2015-04-10
2015-06-25 07:39:33,565 Starting Q Learning for : 
2015-06-25 07:39:33,565 alpha = 0.8
2015-06-25 07:39:33,565 gamma = 0.6
2015-06-25 07:39:33,565 individual factor = 12
2015-06-25 07:39:33,565 zero range = 0.01
2015-06-25 07:39:33,565 greedy level = 10
2015-06-25 07:39:33,565 

2015-06-25 07:39:38,365 Starting Training from 2014-12-17 to 2015-01-01
2015-06-25 07:50:05,200 Starting Live from 2015-01-02 to 2015-02-01
2015-06-25 08:15:45,163 Starting Training from 2015-01-17 to 2015-02-01
2015-06-25 08:17:09,335 Starting Live from 2015-02-02 to 2015-03-04
2015-06-25 08:40:25,240 Starting Training from 2015-02-17 to 2015-03-04
2015-06-25 08:42:02,415 Starting Live from 2015-03-05 to 2015-04-04
2015-06-25 09:04:53,411 Starting Training from 2015-03-20 to 2015-04-04
2015-06-25 09:05:49,186 Starting Live from 2015-04-05 to 2015-04-10
2015-06-25 09:13:08,076 Starting Q Learning for : 
2015-06-25 09:13:08,076 alpha = 0.8
2015-06-25 09:13:08,076 gamma = 0.7
2015-06-25 09:13:08,076 individual factor = 12
2015-06-25 09:13:08,076 zero range = 0.01
2015-06-25 09:13:08,076 greedy level = 10
2015-06-25 09:13:08,076 

2015-06-25 09:13:14,351 Starting Training from 2014-12-17 to 2015-01-01
2015-06-25 09:22:43,194 Starting Live from 2015-01-02 to 2015-02-01
2015-06-25 09:41:54,641 Starting Training from 2015-01-17 to 2015-02-01
2015-06-25 09:43:19,947 Starting Live from 2015-02-02 to 2015-03-04
2015-06-25 09:51:55,451 Starting Training from 2015-02-17 to 2015-03-04
2015-06-25 09:59:11,648 Starting Live from 2015-03-05 to 2015-04-04
2015-06-25 10:15:05,986 Starting Training from 2015-03-20 to 2015-04-04
2015-06-25 10:17:42,390 Starting Live from 2015-04-05 to 2015-04-10
2015-06-25 10:22:31,032 Starting Q Learning for : 
2015-06-25 10:22:31,032 alpha = 0.8
2015-06-25 10:22:31,032 gamma = 0.8
2015-06-25 10:22:31,032 individual factor = 12
2015-06-25 10:22:31,032 zero range = 0.01
2015-06-25 10:22:31,032 greedy level = 10
2015-06-25 10:22:31,032 

2015-06-25 10:22:35,940 Starting Training from 2014-12-17 to 2015-01-01
2015-06-25 10:32:28,447 Starting Live from 2015-01-02 to 2015-02-01
2015-06-25 10:49:59,634 Starting Training from 2015-01-17 to 2015-02-01
2015-06-25 10:51:27,625 Starting Live from 2015-02-02 to 2015-03-04
2015-06-25 10:56:19,789 Starting Training from 2015-02-17 to 2015-03-04
2015-06-25 11:05:06,630 Starting Live from 2015-03-05 to 2015-04-04
2015-06-25 11:18:14,729 Starting Training from 2015-03-20 to 2015-04-04
2015-06-25 11:19:58,415 Starting Live from 2015-04-05 to 2015-04-10
2015-06-25 11:22:38,453 Starting Q Learning for : 
2015-06-25 11:22:38,453 alpha = 0.2
2015-06-25 11:22:38,453 gamma = 0.5
2015-06-25 11:22:38,453 individual factor = 12
2015-06-25 11:22:38,453 zero range = 0.006
2015-06-25 11:22:38,453 greedy level = 10
2015-06-25 11:22:38,453 

2015-06-25 11:22:41,809 Starting Training from 2014-12-17 to 2015-01-01
2015-06-25 11:32:48,678 Starting Live from 2015-01-02 to 2015-02-01
2015-06-25 11:58:08,216 Starting Training from 2015-01-17 to 2015-02-01
2015-06-25 11:59:30,088 Starting Live from 2015-02-02 to 2015-03-04
2015-06-25 12:22:25,177 Starting Training from 2015-02-17 to 2015-03-04
2015-06-25 12:24:24,388 Starting Live from 2015-03-05 to 2015-04-04
2015-06-25 12:47:27,026 Starting Training from 2015-03-20 to 2015-04-04
2015-06-25 12:48:22,125 Starting Live from 2015-04-05 to 2015-04-10
2015-06-25 12:55:41,832 Starting Q Learning for : 
2015-06-25 12:55:41,834 alpha = 0.2
2015-06-25 12:55:41,834 gamma = 0.6
2015-06-25 12:55:41,834 individual factor = 12
2015-06-25 12:55:41,834 zero range = 0.006
2015-06-25 12:55:41,834 greedy level = 10
2015-06-25 12:55:41,834 

2015-06-25 12:55:46,798 Starting Training from 2014-12-17 to 2015-01-01
2015-06-25 13:05:17,621 Starting Live from 2015-01-02 to 2015-02-01
2015-06-25 13:29:55,048 Starting Training from 2015-01-17 to 2015-02-01
2015-06-25 13:31:20,683 Starting Live from 2015-02-02 to 2015-03-04
2015-06-25 13:54:20,477 Starting Training from 2015-02-17 to 2015-03-04
2015-06-25 13:56:22,756 Starting Live from 2015-03-05 to 2015-04-04
2015-06-25 14:18:50,332 Starting Training from 2015-03-20 to 2015-04-04
2015-06-25 14:20:05,632 Starting Live from 2015-04-05 to 2015-04-10
