2015-06-20 10:55:25,723 Starting Q Learning for : 
2015-06-20 10:55:25,723 alpha = 0.2
2015-06-20 10:55:25,723 gamma = 0.7
2015-06-20 10:55:25,723 individual factor = 8
2015-06-20 10:55:25,723 zero range = 0.002
2015-06-20 10:55:25,723 greedy level = 5
2015-06-20 10:55:25,723 

2015-06-20 10:55:37,265 Starting Training from 2014-12-17 to 2015-01-01
2015-06-20 11:07:43,186 Starting Live from 2015-01-02 to 2015-02-01
2015-06-20 11:31:14,387 Starting Training from 2015-01-17 to 2015-02-01
2015-06-20 11:32:43,000 Starting Live from 2015-02-02 to 2015-03-04
2015-06-20 11:49:03,292 Starting Training from 2015-02-17 to 2015-03-04
2015-06-20 11:52:29,377 Starting Live from 2015-03-05 to 2015-04-04
2015-06-20 12:08:38,548 Starting Training from 2015-03-20 to 2015-04-04
2015-06-20 12:12:16,509 Starting Live from 2015-04-05 to 2015-04-10
2015-06-20 12:17:58,342 Starting Q Learning for : 
2015-06-20 12:17:58,342 alpha = 0.2
2015-06-20 12:17:58,342 gamma = 0.8
2015-06-20 12:17:58,342 individual factor = 8
2015-06-20 12:17:58,342 zero range = 0.002
2015-06-20 12:17:58,342 greedy level = 5
2015-06-20 12:17:58,342 

2015-06-20 12:18:02,990 Starting Training from 2014-12-17 to 2015-01-01
2015-06-20 12:29:21,437 Starting Live from 2015-01-02 to 2015-02-01
2015-06-20 12:51:42,793 Starting Training from 2015-01-17 to 2015-02-01
2015-06-20 12:53:17,746 Starting Live from 2015-02-02 to 2015-03-04
2015-06-20 13:03:38,681 Starting Training from 2015-02-17 to 2015-03-04
2015-06-20 13:09:46,440 Starting Live from 2015-03-05 to 2015-04-04
2015-06-20 13:22:59,930 Starting Training from 2015-03-20 to 2015-04-04
2015-06-20 13:26:55,940 Starting Live from 2015-04-05 to 2015-04-10
2015-06-20 13:31:44,993 Starting Q Learning for : 
2015-06-20 13:31:44,994 alpha = 0.4
2015-06-20 13:31:44,994 gamma = 0.1
2015-06-20 13:31:44,994 individual factor = 8
2015-06-20 13:31:44,994 zero range = 0.002
2015-06-20 13:31:44,994 greedy level = 5
2015-06-20 13:31:44,994 

2015-06-20 13:31:50,769 Starting Training from 2014-12-17 to 2015-01-01
2015-06-20 13:42:34,118 Starting Live from 2015-01-02 to 2015-02-01
2015-06-20 14:08:35,322 Starting Training from 2015-01-17 to 2015-02-01
2015-06-20 14:10:38,477 Starting Live from 2015-02-02 to 2015-03-04
2015-06-20 14:35:36,740 Starting Training from 2015-02-17 to 2015-03-04
2015-06-20 14:37:34,348 Starting Live from 2015-03-05 to 2015-04-04
2015-06-20 15:02:19,476 Starting Training from 2015-03-20 to 2015-04-04
2015-06-20 15:03:30,322 Starting Live from 2015-04-05 to 2015-04-10
2015-06-20 15:09:36,081 Starting Q Learning for : 
2015-06-20 15:09:36,082 alpha = 0.4
2015-06-20 15:09:36,082 gamma = 0.2
2015-06-20 15:09:36,082 individual factor = 8
2015-06-20 15:09:36,082 zero range = 0.002
2015-06-20 15:09:36,082 greedy level = 5
2015-06-20 15:09:36,082 

2015-06-20 15:09:41,260 Starting Training from 2014-12-17 to 2015-01-01
2015-06-20 15:20:30,604 Starting Live from 2015-01-02 to 2015-02-01
2015-06-20 15:44:48,328 Starting Training from 2015-01-17 to 2015-02-01
2015-06-20 15:46:12,651 Starting Live from 2015-02-02 to 2015-03-04
2015-06-20 16:09:39,453 Starting Training from 2015-02-17 to 2015-03-04
2015-06-20 16:11:25,769 Starting Live from 2015-03-05 to 2015-04-04
2015-06-20 16:33:29,342 Starting Training from 2015-03-20 to 2015-04-04
2015-06-20 16:35:04,947 Starting Live from 2015-04-05 to 2015-04-10
2015-06-20 16:42:05,190 Starting Q Learning for : 
2015-06-20 16:42:05,190 alpha = 0.4
2015-06-20 16:42:05,190 gamma = 0.3
2015-06-20 16:42:05,190 individual factor = 8
2015-06-20 16:42:05,190 zero range = 0.002
2015-06-20 16:42:05,190 greedy level = 5
2015-06-20 16:42:05,190 

2015-06-20 16:42:09,931 Starting Training from 2014-12-17 to 2015-01-01
2015-06-20 16:51:48,265 Starting Live from 2015-01-02 to 2015-02-01
2015-06-20 17:14:36,726 Starting Training from 2015-01-17 to 2015-02-01
2015-06-20 17:15:55,624 Starting Live from 2015-02-02 to 2015-03-04
2015-06-20 17:37:39,851 Starting Training from 2015-02-17 to 2015-03-04
2015-06-20 17:39:42,427 Starting Live from 2015-03-05 to 2015-04-04
2015-06-20 18:03:07,884 Starting Training from 2015-03-20 to 2015-04-04
2015-06-20 18:04:27,492 Starting Live from 2015-04-05 to 2015-04-10
2015-06-20 18:11:47,631 Starting Q Learning for : 
2015-06-20 18:11:47,631 alpha = 0.4
2015-06-20 18:11:47,631 gamma = 0.4
2015-06-20 18:11:47,631 individual factor = 8
2015-06-20 18:11:47,631 zero range = 0.002
2015-06-20 18:11:47,631 greedy level = 5
2015-06-20 18:11:47,631 

2015-06-20 18:11:52,453 Starting Training from 2014-12-17 to 2015-01-01
2015-06-20 18:21:18,711 Starting Live from 2015-01-02 to 2015-02-01
2015-06-20 18:45:00,608 Starting Training from 2015-01-17 to 2015-02-01
2015-06-20 18:46:24,329 Starting Live from 2015-02-02 to 2015-03-04
2015-06-20 19:09:33,265 Starting Training from 2015-02-17 to 2015-03-04
2015-06-20 19:11:17,145 Starting Live from 2015-03-05 to 2015-04-04
2015-06-20 19:32:44,342 Starting Training from 2015-03-20 to 2015-04-04
2015-06-20 19:34:50,157 Starting Live from 2015-04-05 to 2015-04-10
2015-06-20 19:41:10,342 Starting Q Learning for : 
2015-06-20 19:41:10,342 alpha = 0.6
2015-06-20 19:41:10,342 gamma = 0.3
2015-06-20 19:41:10,342 individual factor = 8
2015-06-20 19:41:10,342 zero range = 0.002
2015-06-20 19:41:10,342 greedy level = 5
2015-06-20 19:41:10,342 

2015-06-20 19:41:15,000 Starting Training from 2014-12-17 to 2015-01-01
2015-06-20 19:50:32,345 Starting Live from 2015-01-02 to 2015-02-01
2015-06-20 20:13:29,197 Starting Training from 2015-01-17 to 2015-02-01
2015-06-20 20:14:48,785 Starting Live from 2015-02-02 to 2015-03-04
2015-06-20 20:37:59,697 Starting Training from 2015-02-17 to 2015-03-04
2015-06-20 20:39:53,309 Starting Live from 2015-03-05 to 2015-04-04
2015-06-20 21:03:37,171 Starting Training from 2015-03-20 to 2015-04-04
2015-06-20 21:04:46,549 Starting Live from 2015-04-05 to 2015-04-10
2015-06-20 21:11:38,464 Starting Q Learning for : 
2015-06-20 21:11:38,464 alpha = 0.6
2015-06-20 21:11:38,464 gamma = 0.4
2015-06-20 21:11:38,464 individual factor = 8
2015-06-20 21:11:38,464 zero range = 0.002
2015-06-20 21:11:38,464 greedy level = 5
2015-06-20 21:11:38,464 

2015-06-20 21:11:43,046 Starting Training from 2014-12-17 to 2015-01-01
2015-06-20 21:21:04,973 Starting Live from 2015-01-02 to 2015-02-01
2015-06-20 21:44:29,381 Starting Training from 2015-01-17 to 2015-02-01
2015-06-20 21:46:02,914 Starting Live from 2015-02-02 to 2015-03-04
2015-06-20 22:08:45,323 Starting Training from 2015-02-17 to 2015-03-04
2015-06-20 22:10:35,076 Starting Live from 2015-03-05 to 2015-04-04
2015-06-20 22:33:49,592 Starting Training from 2015-03-20 to 2015-04-04
2015-06-20 22:35:08,914 Starting Live from 2015-04-05 to 2015-04-10
2015-06-20 22:41:17,111 Starting Q Learning for : 
2015-06-20 22:41:17,112 alpha = 0.6
2015-06-20 22:41:17,112 gamma = 0.5
2015-06-20 22:41:17,112 individual factor = 8
2015-06-20 22:41:17,112 zero range = 0.002
2015-06-20 22:41:17,112 greedy level = 5
2015-06-20 22:41:17,112 

2015-06-20 22:41:22,355 Starting Training from 2014-12-17 to 2015-01-01
2015-06-20 22:51:49,808 Starting Live from 2015-01-02 to 2015-02-01
2015-06-20 23:16:17,625 Starting Training from 2015-01-17 to 2015-02-01
2015-06-20 23:17:44,266 Starting Live from 2015-02-02 to 2015-03-04
2015-06-20 23:42:57,006 Starting Training from 2015-02-17 to 2015-03-04
2015-06-20 23:45:05,144 Starting Live from 2015-03-05 to 2015-04-04
2015-06-21 00:10:33,553 Starting Training from 2015-03-20 to 2015-04-04
2015-06-21 00:13:13,174 Starting Live from 2015-04-05 to 2015-04-10
2015-06-21 00:21:05,838 Starting Q Learning for : 
2015-06-21 00:21:05,838 alpha = 0.8
2015-06-21 00:21:05,838 gamma = 0.7
2015-06-21 00:21:05,838 individual factor = 8
2015-06-21 00:21:05,838 zero range = 0.002
2015-06-21 00:21:05,838 greedy level = 5
2015-06-21 00:21:05,838 

2015-06-21 00:21:11,612 Starting Training from 2014-12-17 to 2015-01-01
2015-06-21 00:35:50,398 Starting Live from 2015-01-02 to 2015-02-01
2015-06-21 01:02:35,338 Starting Training from 2015-01-17 to 2015-02-01
2015-06-21 01:04:19,790 Starting Live from 2015-02-02 to 2015-03-04
2015-06-21 01:23:16,157 Starting Training from 2015-02-17 to 2015-03-04
2015-06-21 01:26:57,872 Starting Live from 2015-03-05 to 2015-04-04
2015-06-21 01:43:14,411 Starting Training from 2015-03-20 to 2015-04-04
2015-06-21 01:47:08,467 Starting Live from 2015-04-05 to 2015-04-10
2015-06-21 01:52:55,345 Starting Q Learning for : 
2015-06-21 01:52:55,345 alpha = 0.8
2015-06-21 01:52:55,345 gamma = 0.8
2015-06-21 01:52:55,345 individual factor = 8
2015-06-21 01:52:55,345 zero range = 0.002
2015-06-21 01:52:55,345 greedy level = 5
2015-06-21 01:52:55,345 

2015-06-21 01:53:02,790 Starting Training from 2014-12-17 to 2015-01-01
2015-06-21 02:04:48,578 Starting Live from 2015-01-02 to 2015-02-01
2015-06-21 02:27:21,325 Starting Training from 2015-01-17 to 2015-02-01
2015-06-21 02:28:50,650 Starting Live from 2015-02-02 to 2015-03-04
2015-06-21 02:38:42,884 Starting Training from 2015-02-17 to 2015-03-04
2015-06-21 02:45:02,821 Starting Live from 2015-03-05 to 2015-04-04
2015-06-21 02:58:07,562 Starting Training from 2015-03-20 to 2015-04-04
2015-06-21 03:02:31,688 Starting Live from 2015-04-05 to 2015-04-10
