2015-06-29 01:37:52,654 Starting Q Learning for : 
2015-06-29 01:37:52,654 alpha = 0.2
2015-06-29 01:37:52,654 gamma = 0.1
2015-06-29 01:37:52,654 individual factor = 10
2015-06-29 01:37:52,654 zero range = 0.002
2015-06-29 01:37:52,654 greedy level = 5
2015-06-29 01:37:52,654 

2015-06-29 01:38:04,335 Starting Training from 2014-12-17 to 2015-01-01
2015-06-29 01:52:00,336 Starting Live from 2015-01-02 to 2015-02-01
2015-06-29 02:15:34,839 Starting Training from 2015-01-17 to 2015-02-01
2015-06-29 02:16:37,900 Starting Live from 2015-02-02 to 2015-03-04
2015-06-29 02:43:50,046 Starting Training from 2015-02-17 to 2015-03-04
2015-06-29 02:45:33,868 Starting Live from 2015-03-05 to 2015-04-04
2015-06-29 03:20:22,007 Starting Training from 2015-03-20 to 2015-04-04
2015-06-29 03:22:08,305 Starting Live from 2015-04-05 to 2015-04-10
2015-06-29 03:33:10,641 Starting Q Learning for : 
2015-06-29 03:33:10,641 alpha = 0.2
2015-06-29 03:33:10,641 gamma = 0.2
2015-06-29 03:33:10,641 individual factor = 10
2015-06-29 03:33:10,641 zero range = 0.002
2015-06-29 03:33:10,641 greedy level = 5
2015-06-29 03:33:10,641 

2015-06-29 03:33:19,028 Starting Training from 2014-12-17 to 2015-01-01
2015-06-29 03:46:17,532 Starting Live from 2015-01-02 to 2015-02-01
2015-06-29 04:11:00,648 Starting Training from 2015-01-17 to 2015-02-01
2015-06-29 04:12:13,891 Starting Live from 2015-02-02 to 2015-03-04
2015-06-29 04:40:48,194 Starting Training from 2015-02-17 to 2015-03-04
2015-06-29 04:42:45,805 Starting Live from 2015-03-05 to 2015-04-04
2015-06-29 05:18:10,556 Starting Training from 2015-03-20 to 2015-04-04
2015-06-29 05:19:43,680 Starting Live from 2015-04-05 to 2015-04-10
2015-06-29 05:30:05,331 Starting Q Learning for : 
2015-06-29 05:30:05,331 alpha = 0.2
2015-06-29 05:30:05,331 gamma = 0.3
2015-06-29 05:30:05,331 individual factor = 10
2015-06-29 05:30:05,331 zero range = 0.002
2015-06-29 05:30:05,331 greedy level = 5
2015-06-29 05:30:05,331 

2015-06-29 05:30:13,256 Starting Training from 2014-12-17 to 2015-01-01
2015-06-29 05:43:30,612 Starting Live from 2015-01-02 to 2015-02-01
2015-06-29 06:07:40,456 Starting Training from 2015-01-17 to 2015-02-01
2015-06-29 06:08:57,292 Starting Live from 2015-02-02 to 2015-03-04
2015-06-29 06:36:36,983 Starting Training from 2015-02-17 to 2015-03-04
2015-06-29 06:39:27,608 Starting Live from 2015-03-05 to 2015-04-04
2015-06-29 07:20:09,293 Starting Training from 2015-03-20 to 2015-04-04
2015-06-29 07:21:37,530 Starting Live from 2015-04-05 to 2015-04-10
2015-06-29 07:33:44,950 Starting Q Learning for : 
2015-06-29 07:33:44,950 alpha = 0.2
2015-06-29 07:33:44,950 gamma = 0.4
2015-06-29 07:33:44,950 individual factor = 10
2015-06-29 07:33:44,950 zero range = 0.002
2015-06-29 07:33:44,950 greedy level = 5
2015-06-29 07:33:44,950 

2015-06-29 07:33:51,642 Starting Training from 2014-12-17 to 2015-01-01
2015-06-29 07:46:21,923 Starting Live from 2015-01-02 to 2015-02-01
2015-06-29 08:10:53,440 Starting Training from 2015-01-17 to 2015-02-01
2015-06-29 08:12:13,848 Starting Live from 2015-02-02 to 2015-03-04
2015-06-29 08:42:40,269 Starting Training from 2015-02-17 to 2015-03-04
2015-06-29 08:44:45,589 Starting Live from 2015-03-05 to 2015-04-04
2015-06-29 09:30:34,525 Starting Training from 2015-03-20 to 2015-04-04
2015-06-29 09:32:04,101 Starting Live from 2015-04-05 to 2015-04-10
2015-06-29 09:47:01,301 Starting Q Learning for : 
2015-06-29 09:47:01,301 alpha = 0.2
2015-06-29 09:47:01,301 gamma = 0.5
2015-06-29 09:47:01,301 individual factor = 10
2015-06-29 09:47:01,301 zero range = 0.002
2015-06-29 09:47:01,301 greedy level = 5
2015-06-29 09:47:01,302 

2015-06-29 09:47:07,253 Starting Training from 2014-12-17 to 2015-01-01
2015-06-29 09:59:26,302 Starting Live from 2015-01-02 to 2015-02-01
2015-06-29 10:24:15,881 Starting Training from 2015-01-17 to 2015-02-01
2015-06-29 10:25:28,217 Starting Live from 2015-02-02 to 2015-03-04
2015-06-29 10:54:18,732 Starting Training from 2015-02-17 to 2015-03-04
2015-06-29 10:56:37,263 Starting Live from 2015-03-05 to 2015-04-04
2015-06-29 11:28:40,364 Starting Training from 2015-03-20 to 2015-04-04
2015-06-29 11:30:16,844 Starting Live from 2015-04-05 to 2015-04-10
2015-06-29 11:40:39,246 Starting Q Learning for : 
2015-06-29 11:40:39,246 alpha = 0.2
2015-06-29 11:40:39,246 gamma = 0.6
2015-06-29 11:40:39,246 individual factor = 10
2015-06-29 11:40:39,246 zero range = 0.002
2015-06-29 11:40:39,246 greedy level = 5
2015-06-29 11:40:39,246 

2015-06-29 11:40:45,654 Starting Training from 2014-12-17 to 2015-01-01
2015-06-29 11:53:05,288 Starting Live from 2015-01-02 to 2015-02-01
2015-06-29 12:18:00,315 Starting Training from 2015-01-17 to 2015-02-01
2015-06-29 12:19:14,953 Starting Live from 2015-02-02 to 2015-03-04
2015-06-29 12:48:40,927 Starting Training from 2015-02-17 to 2015-03-04
2015-06-29 12:50:50,993 Starting Live from 2015-03-05 to 2015-04-04
2015-06-29 13:23:51,894 Starting Training from 2015-03-20 to 2015-04-04
2015-06-29 13:25:23,447 Starting Live from 2015-04-05 to 2015-04-10
2015-06-29 13:35:47,421 Starting Q Learning for : 
2015-06-29 13:35:47,421 alpha = 0.2
2015-06-29 13:35:47,421 gamma = 0.7
2015-06-29 13:35:47,421 individual factor = 10
2015-06-29 13:35:47,421 zero range = 0.002
2015-06-29 13:35:47,421 greedy level = 5
2015-06-29 13:35:47,421 

2015-06-29 13:35:52,523 Starting Training from 2014-12-17 to 2015-01-01
2015-06-29 13:48:21,282 Starting Live from 2015-01-02 to 2015-02-01
2015-06-29 14:11:15,589 Starting Training from 2015-01-17 to 2015-02-01
2015-06-29 14:12:28,013 Starting Live from 2015-02-02 to 2015-03-04
2015-06-29 14:33:26,822 Starting Training from 2015-02-17 to 2015-03-04
2015-06-29 14:38:26,996 Starting Live from 2015-03-05 to 2015-04-04
2015-06-29 15:01:05,305 Starting Training from 2015-03-20 to 2015-04-04
2015-06-29 15:03:38,190 Starting Live from 2015-04-05 to 2015-04-10
2015-06-29 15:11:00,226 Starting Q Learning for : 
2015-06-29 15:11:00,226 alpha = 0.2
2015-06-29 15:11:00,226 gamma = 0.8
2015-06-29 15:11:00,226 individual factor = 10
2015-06-29 15:11:00,226 zero range = 0.002
2015-06-29 15:11:00,226 greedy level = 5
2015-06-29 15:11:00,226 

2015-06-29 15:11:06,424 Starting Training from 2014-12-17 to 2015-01-01
2015-06-29 15:23:30,549 Starting Live from 2015-01-02 to 2015-02-01
2015-06-29 15:44:42,118 Starting Training from 2015-01-17 to 2015-02-01
2015-06-29 15:45:54,186 Starting Live from 2015-02-02 to 2015-03-04
2015-06-29 16:00:01,805 Starting Training from 2015-02-17 to 2015-03-04
2015-06-29 16:06:40,986 Starting Live from 2015-03-05 to 2015-04-04
2015-06-29 16:24:37,519 Starting Training from 2015-03-20 to 2015-04-04
2015-06-29 16:27:22,009 Starting Live from 2015-04-05 to 2015-04-10
2015-06-29 16:32:10,150 Starting Q Learning for : 
2015-06-29 16:32:10,150 alpha = 0.8
2015-06-29 16:32:10,150 gamma = 0.1
2015-06-29 16:32:10,150 individual factor = 10
2015-06-29 16:32:10,150 zero range = 0.002
2015-06-29 16:32:10,150 greedy level = 5
2015-06-29 16:32:10,150 

2015-06-29 16:32:16,217 Starting Training from 2014-12-17 to 2015-01-01
2015-06-29 16:45:19,111 Starting Live from 2015-01-02 to 2015-02-01
2015-06-29 17:10:50,510 Starting Training from 2015-01-17 to 2015-02-01
2015-06-29 17:12:05,365 Starting Live from 2015-02-02 to 2015-03-04
2015-06-29 17:43:00,595 Starting Training from 2015-02-17 to 2015-03-04
2015-06-29 17:44:43,092 Starting Live from 2015-03-05 to 2015-04-04
2015-06-29 18:26:00,148 Starting Training from 2015-03-20 to 2015-04-04
2015-06-29 18:27:23,565 Starting Live from 2015-04-05 to 2015-04-10
2015-06-29 18:38:38,877 Starting Q Learning for : 
2015-06-29 18:38:38,877 alpha = 0.8
2015-06-29 18:38:38,877 gamma = 0.2
2015-06-29 18:38:38,877 individual factor = 10
2015-06-29 18:38:38,878 zero range = 0.002
2015-06-29 18:38:38,878 greedy level = 5
2015-06-29 18:38:38,878 

2015-06-29 18:38:45,364 Starting Training from 2014-12-17 to 2015-01-01
2015-06-29 18:50:34,519 Starting Live from 2015-01-02 to 2015-02-01
2015-06-29 19:14:58,138 Starting Training from 2015-01-17 to 2015-02-01
2015-06-29 19:16:08,375 Starting Live from 2015-02-02 to 2015-03-04
2015-06-29 19:45:40,740 Starting Training from 2015-02-17 to 2015-03-04
2015-06-29 19:47:32,640 Starting Live from 2015-03-05 to 2015-04-04
2015-06-29 20:26:09,476 Starting Training from 2015-03-20 to 2015-04-04
2015-06-29 20:28:16,835 Starting Live from 2015-04-05 to 2015-04-10
2015-06-29 20:39:16,282 Starting Q Learning for : 
2015-06-29 20:39:16,282 alpha = 0.8
2015-06-29 20:39:16,282 gamma = 0.3
2015-06-29 20:39:16,282 individual factor = 10
2015-06-29 20:39:16,282 zero range = 0.002
2015-06-29 20:39:16,282 greedy level = 5
2015-06-29 20:39:16,282 

2015-06-29 20:39:23,101 Starting Training from 2014-12-17 to 2015-01-01
2015-06-29 20:51:48,391 Starting Live from 2015-01-02 to 2015-02-01
2015-06-29 21:16:55,342 Starting Training from 2015-01-17 to 2015-02-01
2015-06-29 21:18:09,650 Starting Live from 2015-02-02 to 2015-03-04
2015-06-29 21:49:04,036 Starting Training from 2015-02-17 to 2015-03-04
2015-06-29 21:50:59,233 Starting Live from 2015-03-05 to 2015-04-04
2015-06-29 22:48:48,596 Starting Training from 2015-03-20 to 2015-04-04
2015-06-29 22:50:32,391 Starting Live from 2015-04-05 to 2015-04-10
2015-06-29 23:05:32,973 Starting Q Learning for : 
2015-06-29 23:05:32,973 alpha = 0.8
2015-06-29 23:05:32,973 gamma = 0.4
2015-06-29 23:05:32,973 individual factor = 10
2015-06-29 23:05:32,973 zero range = 0.002
2015-06-29 23:05:32,973 greedy level = 5
2015-06-29 23:05:32,973 

2015-06-29 23:05:40,684 Starting Training from 2014-12-17 to 2015-01-01
2015-06-29 23:19:07,872 Starting Live from 2015-01-02 to 2015-02-01
2015-06-29 23:45:02,957 Starting Training from 2015-01-17 to 2015-02-01
2015-06-29 23:46:18,101 Starting Live from 2015-02-02 to 2015-03-04
2015-06-30 00:16:01,813 Starting Training from 2015-02-17 to 2015-03-04
2015-06-30 00:18:21,578 Starting Live from 2015-03-05 to 2015-04-04
2015-06-30 00:55:12,115 Starting Training from 2015-03-20 to 2015-04-04
2015-06-30 00:56:43,934 Starting Live from 2015-04-05 to 2015-04-10
2015-06-30 01:08:19,536 Starting Q Learning for : 
2015-06-30 01:08:19,536 alpha = 0.8
2015-06-30 01:08:19,536 gamma = 0.5
2015-06-30 01:08:19,536 individual factor = 10
2015-06-30 01:08:19,536 zero range = 0.002
2015-06-30 01:08:19,536 greedy level = 5
2015-06-30 01:08:19,536 

2015-06-30 01:08:26,525 Starting Training from 2014-12-17 to 2015-01-01
2015-06-30 01:20:40,378 Starting Live from 2015-01-02 to 2015-02-01
2015-06-30 01:45:55,503 Starting Training from 2015-01-17 to 2015-02-01
2015-06-30 01:47:13,555 Starting Live from 2015-02-02 to 2015-03-04
2015-06-30 02:17:17,706 Starting Training from 2015-02-17 to 2015-03-04
2015-06-30 02:19:10,295 Starting Live from 2015-03-05 to 2015-04-04
2015-06-30 02:54:09,134 Starting Training from 2015-03-20 to 2015-04-04
2015-06-30 02:55:53,017 Starting Live from 2015-04-05 to 2015-04-10
2015-06-30 03:07:03,430 Starting Q Learning for : 
2015-06-30 03:07:03,430 alpha = 0.8
2015-06-30 03:07:03,430 gamma = 0.6
2015-06-30 03:07:03,430 individual factor = 10
2015-06-30 03:07:03,430 zero range = 0.002
2015-06-30 03:07:03,430 greedy level = 5
2015-06-30 03:07:03,430 

2015-06-30 03:07:09,197 Starting Training from 2014-12-17 to 2015-01-01
2015-06-30 03:19:00,647 Starting Live from 2015-01-02 to 2015-02-01
2015-06-30 03:43:36,723 Starting Training from 2015-01-17 to 2015-02-01
2015-06-30 03:44:49,364 Starting Live from 2015-02-02 to 2015-03-04
2015-06-30 04:16:31,081 Starting Training from 2015-02-17 to 2015-03-04
2015-06-30 04:18:11,588 Starting Live from 2015-03-05 to 2015-04-04
2015-06-30 05:03:45,269 Starting Training from 2015-03-20 to 2015-04-04
2015-06-30 05:05:26,775 Starting Live from 2015-04-05 to 2015-04-10
2015-06-30 05:20:27,226 Starting Q Learning for : 
2015-06-30 05:20:27,226 alpha = 0.8
2015-06-30 05:20:27,226 gamma = 0.7
2015-06-30 05:20:27,226 individual factor = 10
2015-06-30 05:20:27,226 zero range = 0.002
2015-06-30 05:20:27,226 greedy level = 5
2015-06-30 05:20:27,226 

2015-06-30 05:20:34,631 Starting Training from 2014-12-17 to 2015-01-01
2015-06-30 05:32:51,325 Starting Live from 2015-01-02 to 2015-02-01
2015-06-30 05:55:32,644 Starting Training from 2015-01-17 to 2015-02-01
2015-06-30 05:56:42,043 Starting Live from 2015-02-02 to 2015-03-04
2015-06-30 06:16:51,178 Starting Training from 2015-02-17 to 2015-03-04
2015-06-30 06:21:53,743 Starting Live from 2015-03-05 to 2015-04-04
2015-06-30 06:42:51,022 Starting Training from 2015-03-20 to 2015-04-04
2015-06-30 06:45:28,101 Starting Live from 2015-04-05 to 2015-04-10
2015-06-30 06:51:34,030 Starting Q Learning for : 
2015-06-30 06:51:34,030 alpha = 0.8
2015-06-30 06:51:34,030 gamma = 0.8
2015-06-30 06:51:34,030 individual factor = 10
2015-06-30 06:51:34,030 zero range = 0.002
2015-06-30 06:51:34,030 greedy level = 5
2015-06-30 06:51:34,032 

2015-06-30 06:51:42,710 Starting Training from 2014-12-17 to 2015-01-01
2015-06-30 07:04:29,516 Starting Live from 2015-01-02 to 2015-02-01
2015-06-30 07:24:40,966 Starting Training from 2015-01-17 to 2015-02-01
2015-06-30 07:25:55,809 Starting Live from 2015-02-02 to 2015-03-04
2015-06-30 07:38:24,099 Starting Training from 2015-02-17 to 2015-03-04
2015-06-30 07:45:25,075 Starting Live from 2015-03-05 to 2015-04-04
2015-06-30 08:01:35,897 Starting Training from 2015-03-20 to 2015-04-04
2015-06-30 08:05:14,147 Starting Live from 2015-04-05 to 2015-04-10
2015-06-30 08:09:45,364 Starting Q Learning for : 
2015-06-30 08:09:45,364 alpha = 0.8
2015-06-30 08:09:45,364 gamma = 0.1
2015-06-30 08:09:45,365 individual factor = 10
2015-06-30 08:09:45,365 zero range = 0.006
2015-06-30 08:09:45,365 greedy level = 5
2015-06-30 08:09:45,365 

2015-06-30 08:09:51,104 Starting Training from 2014-12-17 to 2015-01-01
2015-06-30 08:21:38,107 Starting Live from 2015-01-02 to 2015-02-01
2015-06-30 08:46:41,451 Starting Training from 2015-01-17 to 2015-02-01
2015-06-30 08:48:14,306 Starting Live from 2015-02-02 to 2015-03-04
2015-06-30 09:20:11,674 Starting Training from 2015-02-17 to 2015-03-04
2015-06-30 09:21:55,740 Starting Live from 2015-03-05 to 2015-04-04
2015-06-30 10:12:25,253 Starting Training from 2015-03-20 to 2015-04-04
2015-06-30 10:13:52,691 Starting Live from 2015-04-05 to 2015-04-10
2015-06-30 10:28:12,493 Starting Q Learning for : 
2015-06-30 10:28:12,493 alpha = 0.8
2015-06-30 10:28:12,493 gamma = 0.2
2015-06-30 10:28:12,493 individual factor = 10
2015-06-30 10:28:12,493 zero range = 0.006
2015-06-30 10:28:12,493 greedy level = 5
2015-06-30 10:28:12,493 

2015-06-30 10:28:19,426 Starting Training from 2014-12-17 to 2015-01-01
2015-06-30 10:39:53,546 Starting Live from 2015-01-02 to 2015-02-01
2015-06-30 11:03:28,864 Starting Training from 2015-01-17 to 2015-02-01
2015-06-30 11:04:40,095 Starting Live from 2015-02-02 to 2015-03-04
2015-06-30 11:31:22,456 Starting Training from 2015-02-17 to 2015-03-04
2015-06-30 11:33:59,404 Starting Live from 2015-03-05 to 2015-04-04
2015-06-30 12:10:48,319 Starting Training from 2015-03-20 to 2015-04-04
2015-06-30 12:12:21,473 Starting Live from 2015-04-05 to 2015-04-10
2015-06-30 12:24:29,788 Starting Q Learning for : 
2015-06-30 12:24:29,788 alpha = 0.8
2015-06-30 12:24:29,788 gamma = 0.3
2015-06-30 12:24:29,788 individual factor = 10
2015-06-30 12:24:29,788 zero range = 0.006
2015-06-30 12:24:29,788 greedy level = 5
2015-06-30 12:24:29,788 

2015-06-30 12:24:35,178 Starting Training from 2014-12-17 to 2015-01-01
2015-06-30 12:35:45,683 Starting Live from 2015-01-02 to 2015-02-01
2015-06-30 12:58:46,315 Starting Training from 2015-01-17 to 2015-02-01
2015-06-30 12:59:54,167 Starting Live from 2015-02-02 to 2015-03-04
2015-06-30 13:28:13,269 Starting Training from 2015-02-17 to 2015-03-04
2015-06-30 13:30:05,730 Starting Live from 2015-03-05 to 2015-04-04
2015-06-30 14:14:32,256 Starting Training from 2015-03-20 to 2015-04-04
2015-06-30 14:16:01,795 Starting Live from 2015-04-05 to 2015-04-10
2015-06-30 14:27:38,292 Starting Q Learning for : 
2015-06-30 14:27:38,292 alpha = 0.8
2015-06-30 14:27:38,292 gamma = 0.4
2015-06-30 14:27:38,292 individual factor = 10
2015-06-30 14:27:38,292 zero range = 0.006
2015-06-30 14:27:38,292 greedy level = 5
2015-06-30 14:27:38,292 

2015-06-30 14:27:44,401 Starting Training from 2014-12-17 to 2015-01-01
2015-06-30 14:39:40,407 Starting Live from 2015-01-02 to 2015-02-01
2015-06-30 15:03:08,641 Starting Training from 2015-01-17 to 2015-02-01
2015-06-30 15:04:19,282 Starting Live from 2015-02-02 to 2015-03-04
2015-06-30 15:31:08,661 Starting Training from 2015-02-17 to 2015-03-04
2015-06-30 15:32:51,282 Starting Live from 2015-03-05 to 2015-04-04
2015-06-30 16:03:40,479 Starting Training from 2015-03-20 to 2015-04-04
2015-06-30 16:05:15,302 Starting Live from 2015-04-05 to 2015-04-10
2015-06-30 16:14:37,811 Starting Q Learning for : 
2015-06-30 16:14:37,811 alpha = 0.8
2015-06-30 16:14:37,811 gamma = 0.5
2015-06-30 16:14:37,811 individual factor = 10
2015-06-30 16:14:37,811 zero range = 0.006
2015-06-30 16:14:37,811 greedy level = 5
2015-06-30 16:14:37,812 

2015-06-30 16:14:42,688 Starting Training from 2014-12-17 to 2015-01-01
2015-06-30 16:25:54,503 Starting Live from 2015-01-02 to 2015-02-01
2015-06-30 16:49:13,974 Starting Training from 2015-01-17 to 2015-02-01
2015-06-30 16:50:40,910 Starting Live from 2015-02-02 to 2015-03-04
2015-06-30 17:18:01,749 Starting Training from 2015-02-17 to 2015-03-04
2015-06-30 17:19:46,321 Starting Live from 2015-03-05 to 2015-04-04
2015-06-30 17:56:27,489 Starting Training from 2015-03-20 to 2015-04-04
2015-06-30 17:58:04,417 Starting Live from 2015-04-05 to 2015-04-10
2015-06-30 18:10:18,082 Starting Q Learning for : 
2015-06-30 18:10:18,084 alpha = 0.8
2015-06-30 18:10:18,084 gamma = 0.6
2015-06-30 18:10:18,084 individual factor = 10
2015-06-30 18:10:18,084 zero range = 0.006
2015-06-30 18:10:18,084 greedy level = 5
2015-06-30 18:10:18,084 

2015-06-30 18:10:23,895 Starting Training from 2014-12-17 to 2015-01-01
2015-06-30 18:22:10,380 Starting Live from 2015-01-02 to 2015-02-01
2015-06-30 18:45:13,733 Starting Training from 2015-01-17 to 2015-02-01
2015-06-30 18:46:26,500 Starting Live from 2015-02-02 to 2015-03-04
2015-06-30 19:13:23,045 Starting Training from 2015-02-17 to 2015-03-04
2015-06-30 19:15:01,055 Starting Live from 2015-03-05 to 2015-04-04
2015-06-30 19:46:15,938 Starting Training from 2015-03-20 to 2015-04-04
2015-06-30 19:48:09,358 Starting Live from 2015-04-05 to 2015-04-10
2015-06-30 19:58:05,533 Starting Q Learning for : 
2015-06-30 19:58:05,533 alpha = 0.8
2015-06-30 19:58:05,533 gamma = 0.7
2015-06-30 19:58:05,533 individual factor = 10
2015-06-30 19:58:05,533 zero range = 0.006
2015-06-30 19:58:05,533 greedy level = 5
2015-06-30 19:58:05,533 

2015-06-30 19:58:11,355 Starting Training from 2014-12-17 to 2015-01-01
2015-06-30 20:09:18,371 Starting Live from 2015-01-02 to 2015-02-01
2015-06-30 20:30:46,493 Starting Training from 2015-01-17 to 2015-02-01
2015-06-30 20:31:53,249 Starting Live from 2015-02-02 to 2015-03-04
2015-06-30 20:50:22,051 Starting Training from 2015-02-17 to 2015-03-04
2015-06-30 20:55:00,013 Starting Live from 2015-03-05 to 2015-04-04
2015-06-30 21:15:46,665 Starting Training from 2015-03-20 to 2015-04-04
2015-06-30 21:17:55,861 Starting Live from 2015-04-05 to 2015-04-10
2015-06-30 21:24:14,529 Starting Q Learning for : 
2015-06-30 21:24:14,529 alpha = 0.8
2015-06-30 21:24:14,529 gamma = 0.8
2015-06-30 21:24:14,529 individual factor = 10
2015-06-30 21:24:14,529 zero range = 0.006
2015-06-30 21:24:14,529 greedy level = 5
2015-06-30 21:24:14,529 

2015-06-30 21:24:20,895 Starting Training from 2014-12-17 to 2015-01-01
2015-06-30 21:35:37,543 Starting Live from 2015-01-02 to 2015-02-01
2015-06-30 21:54:35,085 Starting Training from 2015-01-17 to 2015-02-01
2015-06-30 21:55:40,552 Starting Live from 2015-02-02 to 2015-03-04
2015-06-30 22:08:04,151 Starting Training from 2015-02-17 to 2015-03-04
2015-06-30 22:14:01,726 Starting Live from 2015-03-05 to 2015-04-04
2015-06-30 22:30:19,967 Starting Training from 2015-03-20 to 2015-04-04
2015-06-30 22:32:54,000 Starting Live from 2015-04-05 to 2015-04-10
2015-06-30 22:37:21,657 Starting Q Learning for : 
2015-06-30 22:37:21,657 alpha = 0.8
2015-06-30 22:37:21,657 gamma = 0.1
2015-06-30 22:37:21,657 individual factor = 10
2015-06-30 22:37:21,657 zero range = 0.01
2015-06-30 22:37:21,657 greedy level = 5
2015-06-30 22:37:21,657 

2015-06-30 22:37:27,806 Starting Training from 2014-12-17 to 2015-01-01
2015-06-30 22:48:33,746 Starting Live from 2015-01-02 to 2015-02-01
2015-06-30 23:11:39,025 Starting Training from 2015-01-17 to 2015-02-01
2015-06-30 23:12:49,229 Starting Live from 2015-02-02 to 2015-03-04
2015-06-30 23:43:01,421 Starting Training from 2015-02-17 to 2015-03-04
2015-06-30 23:44:54,177 Starting Live from 2015-03-05 to 2015-04-04
2015-07-01 00:24:07,259 Starting Training from 2015-03-20 to 2015-04-04
2015-07-01 00:25:36,246 Starting Live from 2015-04-05 to 2015-04-10
2015-07-01 00:36:14,930 Starting Q Learning for : 
2015-07-01 00:36:14,930 alpha = 0.8
2015-07-01 00:36:14,930 gamma = 0.2
2015-07-01 00:36:14,930 individual factor = 10
2015-07-01 00:36:14,930 zero range = 0.01
2015-07-01 00:36:14,930 greedy level = 5
2015-07-01 00:36:14,930 

2015-07-01 00:36:21,640 Starting Training from 2014-12-17 to 2015-01-01
2015-07-01 00:47:47,285 Starting Live from 2015-01-02 to 2015-02-01
2015-07-01 01:09:54,040 Starting Training from 2015-01-17 to 2015-02-01
2015-07-01 01:11:07,448 Starting Live from 2015-02-02 to 2015-03-04
2015-07-01 01:37:31,641 Starting Training from 2015-02-17 to 2015-03-04
2015-07-01 01:38:57,579 Starting Live from 2015-03-05 to 2015-04-04
2015-07-01 02:10:56,141 Starting Training from 2015-03-20 to 2015-04-04
2015-07-01 02:12:22,747 Starting Live from 2015-04-05 to 2015-04-10
2015-07-01 02:22:28,424 Starting Q Learning for : 
2015-07-01 02:22:28,424 alpha = 0.8
2015-07-01 02:22:28,424 gamma = 0.3
2015-07-01 02:22:28,424 individual factor = 10
2015-07-01 02:22:28,424 zero range = 0.01
2015-07-01 02:22:28,424 greedy level = 5
2015-07-01 02:22:28,424 

2015-07-01 02:22:34,095 Starting Training from 2014-12-17 to 2015-01-01
2015-07-01 02:33:00,292 Starting Live from 2015-01-02 to 2015-02-01
2015-07-01 02:55:10,298 Starting Training from 2015-01-17 to 2015-02-01
2015-07-01 02:56:10,558 Starting Live from 2015-02-02 to 2015-03-04
2015-07-01 03:21:55,938 Starting Training from 2015-02-17 to 2015-03-04
2015-07-01 03:23:50,503 Starting Live from 2015-03-05 to 2015-04-04
2015-07-01 03:58:36,391 Starting Training from 2015-03-20 to 2015-04-04
2015-07-01 03:59:59,313 Starting Live from 2015-04-05 to 2015-04-10
2015-07-01 04:09:20,726 Starting Q Learning for : 
2015-07-01 04:09:20,726 alpha = 0.8
2015-07-01 04:09:20,726 gamma = 0.4
2015-07-01 04:09:20,726 individual factor = 10
2015-07-01 04:09:20,726 zero range = 0.01
2015-07-01 04:09:20,726 greedy level = 5
2015-07-01 04:09:20,727 

2015-07-01 04:09:29,473 Starting Training from 2014-12-17 to 2015-01-01
2015-07-01 04:20:31,187 Starting Live from 2015-01-02 to 2015-02-01
2015-07-01 04:42:03,434 Starting Training from 2015-01-17 to 2015-02-01
2015-07-01 04:43:02,930 Starting Live from 2015-02-02 to 2015-03-04
2015-07-01 05:08:18,697 Starting Training from 2015-02-17 to 2015-03-04
2015-07-01 05:10:01,474 Starting Live from 2015-03-05 to 2015-04-04
2015-07-01 05:39:31,503 Starting Training from 2015-03-20 to 2015-04-04
2015-07-01 05:41:51,431 Starting Live from 2015-04-05 to 2015-04-10
2015-07-01 05:51:27,131 Starting Q Learning for : 
2015-07-01 05:51:27,131 alpha = 0.8
2015-07-01 05:51:27,131 gamma = 0.5
2015-07-01 05:51:27,131 individual factor = 10
2015-07-01 05:51:27,131 zero range = 0.01
2015-07-01 05:51:27,131 greedy level = 5
2015-07-01 05:51:27,131 

2015-07-01 05:51:32,635 Starting Training from 2014-12-17 to 2015-01-01
2015-07-01 06:01:49,743 Starting Live from 2015-01-02 to 2015-02-01
2015-07-01 06:23:29,971 Starting Training from 2015-01-17 to 2015-02-01
2015-07-01 06:24:33,147 Starting Live from 2015-02-02 to 2015-03-04
2015-07-01 06:53:04,122 Starting Training from 2015-02-17 to 2015-03-04
2015-07-01 06:54:37,101 Starting Live from 2015-03-05 to 2015-04-04
2015-07-01 07:44:25,273 Starting Training from 2015-03-20 to 2015-04-04
2015-07-01 07:45:31,638 Starting Live from 2015-04-05 to 2015-04-10
2015-07-01 07:59:35,336 Starting Q Learning for : 
2015-07-01 07:59:35,336 alpha = 0.8
2015-07-01 07:59:35,336 gamma = 0.6
2015-07-01 07:59:35,336 individual factor = 10
2015-07-01 07:59:35,336 zero range = 0.01
2015-07-01 07:59:35,336 greedy level = 5
2015-07-01 07:59:35,336 

2015-07-01 07:59:46,999 Starting Training from 2014-12-17 to 2015-01-01
2015-07-01 08:10:12,713 Starting Live from 2015-01-02 to 2015-02-01
2015-07-01 08:31:33,392 Starting Training from 2015-01-17 to 2015-02-01
2015-07-01 08:32:33,295 Starting Live from 2015-02-02 to 2015-03-04
2015-07-01 08:58:28,226 Starting Training from 2015-02-17 to 2015-03-04
2015-07-01 08:59:59,762 Starting Live from 2015-03-05 to 2015-04-04
2015-07-01 09:31:08,049 Starting Training from 2015-03-20 to 2015-04-04
2015-07-01 09:32:41,256 Starting Live from 2015-04-05 to 2015-04-10
2015-07-01 09:41:43,516 Starting Q Learning for : 
2015-07-01 09:41:43,516 alpha = 0.8
2015-07-01 09:41:43,516 gamma = 0.7
2015-07-01 09:41:43,516 individual factor = 10
2015-07-01 09:41:43,516 zero range = 0.01
2015-07-01 09:41:43,516 greedy level = 5
2015-07-01 09:41:43,516 

2015-07-01 09:41:49,368 Starting Training from 2014-12-17 to 2015-01-01
2015-07-01 09:52:43,155 Starting Live from 2015-01-02 to 2015-02-01
2015-07-01 10:11:33,678 Starting Training from 2015-01-17 to 2015-02-01
2015-07-01 10:12:36,424 Starting Live from 2015-02-02 to 2015-03-04
2015-07-01 10:29:59,976 Starting Training from 2015-02-17 to 2015-03-04
2015-07-01 10:34:14,655 Starting Live from 2015-03-05 to 2015-04-04
2015-07-01 10:52:52,937 Starting Training from 2015-03-20 to 2015-04-04
2015-07-01 10:54:35,111 Starting Live from 2015-04-05 to 2015-04-10
2015-07-01 11:00:25,377 Starting Q Learning for : 
2015-07-01 11:00:25,378 alpha = 0.8
2015-07-01 11:00:25,378 gamma = 0.8
2015-07-01 11:00:25,378 individual factor = 10
2015-07-01 11:00:25,378 zero range = 0.01
2015-07-01 11:00:25,378 greedy level = 5
2015-07-01 11:00:25,378 

2015-07-01 11:00:33,171 Starting Training from 2014-12-17 to 2015-01-01
2015-07-01 11:10:51,526 Starting Live from 2015-01-02 to 2015-02-01
2015-07-01 11:27:36,032 Starting Training from 2015-01-17 to 2015-02-01
2015-07-01 11:28:32,509 Starting Live from 2015-02-02 to 2015-03-04
2015-07-01 11:39:16,170 Starting Training from 2015-02-17 to 2015-03-04
2015-07-01 11:44:49,239 Starting Live from 2015-03-05 to 2015-04-04
2015-07-01 11:58:53,897 Starting Training from 2015-03-20 to 2015-04-04
2015-07-01 12:01:23,243 Starting Live from 2015-04-05 to 2015-04-10
