2015-06-22 16:25:56,102 Starting Q Learning for : 
2015-06-22 16:25:56,102 alpha = 0.5
2015-06-22 16:25:56,102 gamma = 0.1
2015-06-22 16:25:56,102 individual factor = 12
2015-06-22 16:25:56,102 zero range = 0.006
2015-06-22 16:25:56,102 greedy level = 10
2015-06-22 16:25:56,102 

2015-06-22 16:25:58,161 Starting Training from 2014-12-17 to 2015-01-01
2015-06-22 16:38:11,125 Starting Live from 2015-01-02 to 2015-02-01
2015-06-22 17:07:04,529 Starting Training from 2015-01-17 to 2015-02-01
2015-06-22 17:08:39,832 Starting Live from 2015-02-02 to 2015-03-04
2015-06-22 17:36:43,477 Starting Training from 2015-02-17 to 2015-03-04
2015-06-22 17:38:44,588 Starting Live from 2015-03-05 to 2015-04-04
2015-06-22 18:12:16,976 Starting Training from 2015-03-20 to 2015-04-04
2015-06-22 18:13:41,506 Starting Live from 2015-04-05 to 2015-04-10
2015-06-22 18:24:03,878 Starting Q Learning for : 
2015-06-22 18:24:03,878 alpha = 0.5
2015-06-22 18:24:03,878 gamma = 0.2
2015-06-22 18:24:03,878 individual factor = 12
2015-06-22 18:24:03,878 zero range = 0.006
2015-06-22 18:24:03,878 greedy level = 10
2015-06-22 18:24:03,878 

2015-06-22 18:24:09,839 Starting Training from 2014-12-17 to 2015-01-01
2015-06-22 18:35:49,516 Starting Live from 2015-01-02 to 2015-02-01
2015-06-22 19:03:14,085 Starting Training from 2015-01-17 to 2015-02-01
2015-06-22 19:04:49,269 Starting Live from 2015-02-02 to 2015-03-04
2015-06-22 19:29:37,655 Starting Training from 2015-02-17 to 2015-03-04
2015-06-22 19:31:33,999 Starting Live from 2015-03-05 to 2015-04-04
2015-06-22 20:02:15,448 Starting Training from 2015-03-20 to 2015-04-04
2015-06-22 20:03:54,163 Starting Live from 2015-04-05 to 2015-04-10
2015-06-22 20:12:32,144 Starting Q Learning for : 
2015-06-22 20:12:32,144 alpha = 0.5
2015-06-22 20:12:32,144 gamma = 0.3
2015-06-22 20:12:32,144 individual factor = 12
2015-06-22 20:12:32,144 zero range = 0.006
2015-06-22 20:12:32,144 greedy level = 10
2015-06-22 20:12:32,144 

2015-06-22 20:12:38,151 Starting Training from 2014-12-17 to 2015-01-01
2015-06-22 20:25:34,538 Starting Live from 2015-01-02 to 2015-02-01
2015-06-22 20:53:42,403 Starting Training from 2015-01-17 to 2015-02-01
2015-06-22 20:55:19,759 Starting Live from 2015-02-02 to 2015-03-04
2015-06-22 21:23:03,651 Starting Training from 2015-02-17 to 2015-03-04
2015-06-22 21:25:04,983 Starting Live from 2015-03-05 to 2015-04-04
2015-06-22 21:56:05,160 Starting Training from 2015-03-20 to 2015-04-04
2015-06-22 21:57:26,269 Starting Live from 2015-04-05 to 2015-04-10
2015-06-22 22:05:35,489 Starting Q Learning for : 
2015-06-22 22:05:35,489 alpha = 0.5
2015-06-22 22:05:35,490 gamma = 0.4
2015-06-22 22:05:35,490 individual factor = 12
2015-06-22 22:05:35,490 zero range = 0.006
2015-06-22 22:05:35,490 greedy level = 10
2015-06-22 22:05:35,490 

2015-06-22 22:05:40,168 Starting Training from 2014-12-17 to 2015-01-01
2015-06-22 22:18:19,759 Starting Live from 2015-01-02 to 2015-02-01
2015-06-22 22:47:25,453 Starting Training from 2015-01-17 to 2015-02-01
2015-06-22 22:49:02,265 Starting Live from 2015-02-02 to 2015-03-04
2015-06-22 23:18:55,648 Starting Training from 2015-02-17 to 2015-03-04
2015-06-22 23:20:32,013 Starting Live from 2015-03-05 to 2015-04-04
2015-06-22 23:57:43,937 Starting Training from 2015-03-20 to 2015-04-04
2015-06-22 23:58:56,413 Starting Live from 2015-04-05 to 2015-04-10
2015-06-23 00:08:26,713 Starting Q Learning for : 
2015-06-23 00:08:26,713 alpha = 0.5
2015-06-23 00:08:26,713 gamma = 0.5
2015-06-23 00:08:26,714 individual factor = 12
2015-06-23 00:08:26,714 zero range = 0.006
2015-06-23 00:08:26,714 greedy level = 10
2015-06-23 00:08:26,714 

2015-06-23 00:08:31,773 Starting Training from 2014-12-17 to 2015-01-01
2015-06-23 00:20:51,288 Starting Live from 2015-01-02 to 2015-02-01
2015-06-23 00:47:15,213 Starting Training from 2015-01-17 to 2015-02-01
2015-06-23 00:48:51,982 Starting Live from 2015-02-02 to 2015-03-04
2015-06-23 01:14:35,601 Starting Training from 2015-02-17 to 2015-03-04
2015-06-23 01:16:24,782 Starting Live from 2015-03-05 to 2015-04-04
2015-06-23 01:51:17,918 Starting Training from 2015-03-20 to 2015-04-04
2015-06-23 01:52:35,401 Starting Live from 2015-04-05 to 2015-04-10
2015-06-23 02:03:09,325 Starting Q Learning for : 
2015-06-23 02:03:09,325 alpha = 0.5
2015-06-23 02:03:09,325 gamma = 0.6
2015-06-23 02:03:09,325 individual factor = 12
2015-06-23 02:03:09,325 zero range = 0.006
2015-06-23 02:03:09,325 greedy level = 10
2015-06-23 02:03:09,325 

2015-06-23 02:03:12,908 Starting Training from 2014-12-17 to 2015-01-01
2015-06-23 02:14:41,115 Starting Live from 2015-01-02 to 2015-02-01
2015-06-23 02:40:32,542 Starting Training from 2015-01-17 to 2015-02-01
2015-06-23 02:42:02,575 Starting Live from 2015-02-02 to 2015-03-04
2015-06-23 03:07:02,348 Starting Training from 2015-02-17 to 2015-03-04
2015-06-23 03:09:18,753 Starting Live from 2015-03-05 to 2015-04-04
2015-06-23 03:38:29,247 Starting Training from 2015-03-20 to 2015-04-04
2015-06-23 03:39:44,496 Starting Live from 2015-04-05 to 2015-04-10
2015-06-23 03:48:32,289 Starting Q Learning for : 
2015-06-23 03:48:32,289 alpha = 0.5
2015-06-23 03:48:32,289 gamma = 0.7
2015-06-23 03:48:32,289 individual factor = 12
2015-06-23 03:48:32,289 zero range = 0.006
2015-06-23 03:48:32,289 greedy level = 10
2015-06-23 03:48:32,289 

2015-06-23 03:48:35,832 Starting Training from 2014-12-17 to 2015-01-01
2015-06-23 04:00:22,763 Starting Live from 2015-01-02 to 2015-02-01
2015-06-23 04:17:59,094 Starting Training from 2015-01-17 to 2015-02-01
2015-06-23 04:19:31,575 Starting Live from 2015-02-02 to 2015-03-04
2015-06-23 04:28:24,315 Starting Training from 2015-02-17 to 2015-03-04
2015-06-23 04:35:51,407 Starting Live from 2015-03-05 to 2015-04-04
2015-06-23 04:52:55,585 Starting Training from 2015-03-20 to 2015-04-04
2015-06-23 04:55:37,036 Starting Live from 2015-04-05 to 2015-04-10
2015-06-23 05:00:02,197 Starting Q Learning for : 
2015-06-23 05:00:02,197 alpha = 0.5
2015-06-23 05:00:02,197 gamma = 0.8
2015-06-23 05:00:02,197 individual factor = 12
2015-06-23 05:00:02,197 zero range = 0.006
2015-06-23 05:00:02,197 greedy level = 10
2015-06-23 05:00:02,197 

2015-06-23 05:00:04,305 Starting Training from 2014-12-17 to 2015-01-01
2015-06-23 05:11:48,128 Starting Live from 2015-01-02 to 2015-02-01
2015-06-23 05:26:29,390 Starting Training from 2015-01-17 to 2015-02-01
2015-06-23 05:28:04,007 Starting Live from 2015-02-02 to 2015-03-04
2015-06-23 05:34:04,492 Starting Training from 2015-02-17 to 2015-03-04
2015-06-23 05:42:29,436 Starting Live from 2015-03-05 to 2015-04-04
2015-06-23 05:59:44,221 Starting Training from 2015-03-20 to 2015-04-04
2015-06-23 06:01:26,104 Starting Live from 2015-04-05 to 2015-04-10
2015-06-23 06:04:06,987 Starting Q Learning for : 
2015-06-23 06:04:06,987 alpha = 0.6
2015-06-23 06:04:06,987 gamma = 0.1
2015-06-23 06:04:06,987 individual factor = 12
2015-06-23 06:04:06,987 zero range = 0.006
2015-06-23 06:04:06,987 greedy level = 10
2015-06-23 06:04:06,987 

2015-06-23 06:04:10,226 Starting Training from 2014-12-17 to 2015-01-01
2015-06-23 06:15:54,871 Starting Live from 2015-01-02 to 2015-02-01
2015-06-23 06:42:49,556 Starting Training from 2015-01-17 to 2015-02-01
2015-06-23 06:44:21,204 Starting Live from 2015-02-02 to 2015-03-04
2015-06-23 07:10:04,289 Starting Training from 2015-02-17 to 2015-03-04
2015-06-23 07:11:29,670 Starting Live from 2015-03-05 to 2015-04-04
2015-06-23 07:41:25,292 Starting Training from 2015-03-20 to 2015-04-04
2015-06-23 07:42:59,055 Starting Live from 2015-04-05 to 2015-04-10
2015-06-23 07:51:33,506 Starting Q Learning for : 
2015-06-23 07:51:33,506 alpha = 0.6
2015-06-23 07:51:33,506 gamma = 0.2
2015-06-23 07:51:33,506 individual factor = 12
2015-06-23 07:51:33,506 zero range = 0.006
2015-06-23 07:51:33,506 greedy level = 10
2015-06-23 07:51:33,506 

2015-06-23 07:51:36,994 Starting Training from 2014-12-17 to 2015-01-01
2015-06-23 08:03:35,903 Starting Live from 2015-01-02 to 2015-02-01
2015-06-23 08:29:31,470 Starting Training from 2015-01-17 to 2015-02-01
2015-06-23 08:31:06,207 Starting Live from 2015-02-02 to 2015-03-04
2015-06-23 08:55:16,023 Starting Training from 2015-02-17 to 2015-03-04
2015-06-23 08:57:14,947 Starting Live from 2015-03-05 to 2015-04-04
2015-06-23 09:25:31,523 Starting Training from 2015-03-20 to 2015-04-04
2015-06-23 09:26:46,888 Starting Live from 2015-04-05 to 2015-04-10
2015-06-23 09:35:37,040 Starting Q Learning for : 
2015-06-23 09:35:37,040 alpha = 0.2
2015-06-23 09:35:37,040 gamma = 0.7
2015-06-23 09:35:37,042 individual factor = 12
2015-06-23 09:35:37,042 zero range = 0.006
2015-06-23 09:35:37,042 greedy level = 10
2015-06-23 09:35:37,042 

2015-06-23 09:35:42,214 Starting Training from 2014-12-17 to 2015-01-01
2015-06-23 09:47:06,322 Starting Live from 2015-01-02 to 2015-02-01
2015-06-23 10:04:07,803 Starting Training from 2015-01-17 to 2015-02-01
2015-06-23 10:05:46,648 Starting Live from 2015-02-02 to 2015-03-04
2015-06-23 10:15:04,003 Starting Training from 2015-02-17 to 2015-03-04
2015-06-23 10:21:45,180 Starting Live from 2015-03-05 to 2015-04-04
2015-06-23 10:38:31,012 Starting Training from 2015-03-20 to 2015-04-04
2015-06-23 10:40:57,190 Starting Live from 2015-04-05 to 2015-04-10
2015-06-23 10:45:19,513 Starting Q Learning for : 
2015-06-23 10:45:19,513 alpha = 0.2
2015-06-23 10:45:19,513 gamma = 0.8
2015-06-23 10:45:19,513 individual factor = 12
2015-06-23 10:45:19,513 zero range = 0.006
2015-06-23 10:45:19,513 greedy level = 10
2015-06-23 10:45:19,513 

2015-06-23 10:45:25,701 Starting Training from 2014-12-17 to 2015-01-01
2015-06-23 10:57:41,460 Starting Live from 2015-01-02 to 2015-02-01
2015-06-23 11:11:43,426 Starting Training from 2015-01-17 to 2015-02-01
2015-06-23 11:13:30,242 Starting Live from 2015-02-02 to 2015-03-04
2015-06-23 11:19:30,256 Starting Training from 2015-02-17 to 2015-03-04
2015-06-23 11:27:19,823 Starting Live from 2015-03-05 to 2015-04-04
2015-06-23 11:43:12,842 Starting Training from 2015-03-20 to 2015-04-04
2015-06-23 11:45:13,384 Starting Live from 2015-04-05 to 2015-04-10
2015-06-23 11:47:47,460 Starting Q Learning for : 
2015-06-23 11:47:47,460 alpha = 0.8
2015-06-23 11:47:47,460 gamma = 0.1
2015-06-23 11:47:47,460 individual factor = 12
2015-06-23 11:47:47,460 zero range = 0.006
2015-06-23 11:47:47,460 greedy level = 10
2015-06-23 11:47:47,460 

2015-06-23 11:47:52,723 Starting Training from 2014-12-17 to 2015-01-01
2015-06-23 12:00:12,325 Starting Live from 2015-01-02 to 2015-02-01
2015-06-23 12:28:31,358 Starting Training from 2015-01-17 to 2015-02-01
2015-06-23 12:30:15,089 Starting Live from 2015-02-02 to 2015-03-04
2015-06-23 12:58:22,676 Starting Training from 2015-02-17 to 2015-03-04
2015-06-23 13:00:20,088 Starting Live from 2015-03-05 to 2015-04-04
2015-06-23 13:34:42,049 Starting Training from 2015-03-20 to 2015-04-04
2015-06-23 13:36:02,926 Starting Live from 2015-04-05 to 2015-04-10
2015-06-23 13:46:13,441 Starting Q Learning for : 
2015-06-23 13:46:13,443 alpha = 0.8
2015-06-23 13:46:13,443 gamma = 0.2
2015-06-23 13:46:13,443 individual factor = 12
2015-06-23 13:46:13,443 zero range = 0.006
2015-06-23 13:46:13,443 greedy level = 10
2015-06-23 13:46:13,443 

2015-06-23 13:46:20,131 Starting Training from 2014-12-17 to 2015-01-01
2015-06-23 13:59:27,914 Starting Live from 2015-01-02 to 2015-02-01
2015-06-23 14:30:12,348 Starting Training from 2015-01-17 to 2015-02-01
2015-06-23 14:32:30,782 Starting Live from 2015-02-02 to 2015-03-04
2015-06-23 15:00:58,322 Starting Training from 2015-02-17 to 2015-03-04
2015-06-23 15:02:53,634 Starting Live from 2015-03-05 to 2015-04-04
2015-06-23 15:37:28,703 Starting Training from 2015-03-20 to 2015-04-04
2015-06-23 15:39:02,779 Starting Live from 2015-04-05 to 2015-04-10
2015-06-23 15:48:52,950 Starting Q Learning for : 
2015-06-23 15:48:52,951 alpha = 0.8
2015-06-23 15:48:52,951 gamma = 0.3
2015-06-23 15:48:52,951 individual factor = 12
2015-06-23 15:48:52,951 zero range = 0.006
2015-06-23 15:48:52,951 greedy level = 10
2015-06-23 15:48:52,951 

2015-06-23 15:48:58,892 Starting Training from 2014-12-17 to 2015-01-01
2015-06-23 16:02:42,586 Starting Live from 2015-01-02 to 2015-02-01
2015-06-23 16:32:52,937 Starting Training from 2015-01-17 to 2015-02-01
2015-06-23 16:34:35,042 Starting Live from 2015-02-02 to 2015-03-04
2015-06-23 17:02:34,032 Starting Training from 2015-02-17 to 2015-03-04
2015-06-23 17:04:58,302 Starting Live from 2015-03-05 to 2015-04-04
2015-06-23 17:39:09,441 Starting Training from 2015-03-20 to 2015-04-04
2015-06-23 17:40:34,329 Starting Live from 2015-04-05 to 2015-04-10
2015-06-23 17:50:25,448 Starting Q Learning for : 
2015-06-23 17:50:25,450 alpha = 0.8
2015-06-23 17:50:25,450 gamma = 0.4
2015-06-23 17:50:25,450 individual factor = 12
2015-06-23 17:50:25,450 zero range = 0.006
2015-06-23 17:50:25,450 greedy level = 10
2015-06-23 17:50:25,450 

2015-06-23 17:50:32,269 Starting Training from 2014-12-17 to 2015-01-01
2015-06-23 18:03:52,448 Starting Live from 2015-01-02 to 2015-02-01
2015-06-23 18:32:34,743 Starting Training from 2015-01-17 to 2015-02-01
2015-06-23 18:34:37,983 Starting Live from 2015-02-02 to 2015-03-04
2015-06-23 19:01:42,433 Starting Training from 2015-02-17 to 2015-03-04
2015-06-23 19:04:13,210 Starting Live from 2015-03-05 to 2015-04-04
2015-06-23 19:35:52,154 Starting Training from 2015-03-20 to 2015-04-04
2015-06-23 19:37:28,158 Starting Live from 2015-04-05 to 2015-04-10
2015-06-23 19:47:10,661 Starting Q Learning for : 
2015-06-23 19:47:10,661 alpha = 0.8
2015-06-23 19:47:10,661 gamma = 0.5
2015-06-23 19:47:10,661 individual factor = 12
2015-06-23 19:47:10,661 zero range = 0.006
2015-06-23 19:47:10,661 greedy level = 10
2015-06-23 19:47:10,661 

2015-06-23 19:47:16,596 Starting Training from 2014-12-17 to 2015-01-01
2015-06-23 19:59:49,147 Starting Live from 2015-01-02 to 2015-02-01
2015-06-23 20:30:18,961 Starting Training from 2015-01-17 to 2015-02-01
2015-06-23 20:32:11,440 Starting Live from 2015-02-02 to 2015-03-04
2015-06-23 21:00:55,627 Starting Training from 2015-02-17 to 2015-03-04
2015-06-23 21:02:57,144 Starting Live from 2015-03-05 to 2015-04-04
2015-06-23 21:38:31,717 Starting Training from 2015-03-20 to 2015-04-04
2015-06-23 21:40:00,249 Starting Live from 2015-04-05 to 2015-04-10
2015-06-23 21:50:05,187 Starting Q Learning for : 
2015-06-23 21:50:05,187 alpha = 0.8
2015-06-23 21:50:05,187 gamma = 0.6
2015-06-23 21:50:05,187 individual factor = 12
2015-06-23 21:50:05,187 zero range = 0.006
2015-06-23 21:50:05,187 greedy level = 10
2015-06-23 21:50:05,187 

2015-06-23 21:50:12,286 Starting Training from 2014-12-17 to 2015-01-01
2015-06-23 22:04:38,951 Starting Live from 2015-01-02 to 2015-02-01
2015-06-23 22:36:25,061 Starting Training from 2015-01-17 to 2015-02-01
2015-06-23 22:38:28,342 Starting Live from 2015-02-02 to 2015-03-04
