2015-06-29 01:33:15,562 Starting Q Learning for : 
2015-06-29 01:33:15,562 alpha = 0.4
2015-06-29 01:33:15,562 gamma = 0.1
2015-06-29 01:33:15,562 individual factor = 10
2015-06-29 01:33:15,562 zero range = 0.002
2015-06-29 01:33:15,562 greedy level = 5
2015-06-29 01:33:15,562 

2015-06-29 01:33:27,605 Starting Training from 2014-12-17 to 2015-01-01
2015-06-29 01:49:11,049 Starting Live from 2015-01-02 to 2015-02-01
2015-06-29 02:20:28,700 Starting Training from 2015-01-17 to 2015-02-01
2015-06-29 02:22:10,148 Starting Live from 2015-02-02 to 2015-03-04
2015-06-29 03:04:08,749 Starting Training from 2015-02-17 to 2015-03-04
2015-06-29 03:06:39,750 Starting Live from 2015-03-05 to 2015-04-04
2015-06-29 04:44:03,664 Starting Training from 2015-03-20 to 2015-04-04
2015-06-29 04:45:43,408 Starting Live from 2015-04-05 to 2015-04-10
2015-06-29 05:14:29,138 Starting Q Learning for : 
2015-06-29 05:14:29,138 alpha = 0.4
2015-06-29 05:14:29,138 gamma = 0.2
2015-06-29 05:14:29,138 individual factor = 10
2015-06-29 05:14:29,138 zero range = 0.002
2015-06-29 05:14:29,138 greedy level = 5
2015-06-29 05:14:29,138 

2015-06-29 05:14:35,451 Starting Training from 2014-12-17 to 2015-01-01
2015-06-29 05:28:55,128 Starting Live from 2015-01-02 to 2015-02-01
2015-06-29 06:03:18,532 Starting Training from 2015-01-17 to 2015-02-01
2015-06-29 06:05:17,694 Starting Live from 2015-02-02 to 2015-03-04
2015-06-29 06:49:16,857 Starting Training from 2015-02-17 to 2015-03-04
2015-06-29 06:51:48,642 Starting Live from 2015-03-05 to 2015-04-04
2015-06-29 07:50:07,267 Starting Training from 2015-03-20 to 2015-04-04
2015-06-29 07:52:12,647 Starting Live from 2015-04-05 to 2015-04-10
2015-06-29 08:05:18,209 Starting Q Learning for : 
2015-06-29 08:05:18,210 alpha = 0.4
2015-06-29 08:05:18,210 gamma = 0.3
2015-06-29 08:05:18,210 individual factor = 10
2015-06-29 08:05:18,210 zero range = 0.002
2015-06-29 08:05:18,210 greedy level = 5
2015-06-29 08:05:18,210 

2015-06-29 08:05:19,717 Starting Training from 2014-12-17 to 2015-01-01
2015-06-29 08:20:31,197 Starting Live from 2015-01-02 to 2015-02-01
2015-06-29 08:54:30,039 Starting Training from 2015-01-17 to 2015-02-01
2015-06-29 08:56:31,535 Starting Live from 2015-02-02 to 2015-03-04
2015-06-29 09:38:05,867 Starting Training from 2015-02-17 to 2015-03-04
2015-06-29 09:40:37,230 Starting Live from 2015-03-05 to 2015-04-04
2015-06-29 10:34:15,329 Starting Training from 2015-03-20 to 2015-04-04
2015-06-29 10:35:43,713 Starting Live from 2015-04-05 to 2015-04-10
2015-06-29 10:47:38,598 Starting Q Learning for : 
2015-06-29 10:47:38,598 alpha = 0.4
2015-06-29 10:47:38,598 gamma = 0.4
2015-06-29 10:47:38,598 individual factor = 10
2015-06-29 10:47:38,598 zero range = 0.002
2015-06-29 10:47:38,598 greedy level = 5
2015-06-29 10:47:38,598 

2015-06-29 10:47:44,592 Starting Training from 2014-12-17 to 2015-01-01
2015-06-29 11:02:54,990 Starting Live from 2015-01-02 to 2015-02-01
2015-06-29 11:36:40,345 Starting Training from 2015-01-17 to 2015-02-01
2015-06-29 11:39:11,661 Starting Live from 2015-02-02 to 2015-03-04
2015-06-29 12:20:42,161 Starting Training from 2015-02-17 to 2015-03-04
2015-06-29 12:23:22,117 Starting Live from 2015-03-05 to 2015-04-04
2015-06-29 13:13:20,441 Starting Training from 2015-03-20 to 2015-04-04
2015-06-29 13:15:09,599 Starting Live from 2015-04-05 to 2015-04-10
2015-06-29 13:29:32,420 Starting Q Learning for : 
2015-06-29 13:29:32,420 alpha = 0.4
2015-06-29 13:29:32,420 gamma = 0.5
2015-06-29 13:29:32,420 individual factor = 10
2015-06-29 13:29:32,421 zero range = 0.002
2015-06-29 13:29:32,421 greedy level = 5
2015-06-29 13:29:32,421 

2015-06-29 13:29:38,335 Starting Training from 2014-12-17 to 2015-01-01
2015-06-29 13:45:00,802 Starting Live from 2015-01-02 to 2015-02-01
2015-06-29 14:19:22,282 Starting Training from 2015-01-17 to 2015-02-01
2015-06-29 14:21:44,783 Starting Live from 2015-02-02 to 2015-03-04
2015-06-29 15:05:19,990 Starting Training from 2015-02-17 to 2015-03-04
2015-06-29 15:08:13,739 Starting Live from 2015-03-05 to 2015-04-04
2015-06-29 16:09:41,352 Starting Training from 2015-03-20 to 2015-04-04
2015-06-29 16:11:26,819 Starting Live from 2015-04-05 to 2015-04-10
2015-06-29 16:28:15,555 Starting Q Learning for : 
2015-06-29 16:28:15,555 alpha = 0.4
2015-06-29 16:28:15,555 gamma = 0.6
2015-06-29 16:28:15,555 individual factor = 10
2015-06-29 16:28:15,555 zero range = 0.002
2015-06-29 16:28:15,555 greedy level = 5
2015-06-29 16:28:15,555 

2015-06-29 16:28:21,421 Starting Training from 2014-12-17 to 2015-01-01
2015-06-29 16:43:41,096 Starting Live from 2015-01-02 to 2015-02-01
2015-06-29 17:18:09,828 Starting Training from 2015-01-17 to 2015-02-01
2015-06-29 17:20:14,964 Starting Live from 2015-02-02 to 2015-03-04
2015-06-29 18:19:40,233 Starting Training from 2015-02-17 to 2015-03-04
2015-06-29 18:22:12,357 Starting Live from 2015-03-05 to 2015-04-04
2015-06-29 20:13:03,625 Starting Training from 2015-03-20 to 2015-04-04
2015-06-29 20:14:41,391 Starting Live from 2015-04-05 to 2015-04-10
2015-06-29 22:18:57,438 Starting Q Learning for : 
2015-06-29 22:18:57,438 alpha = 0.4
2015-06-29 22:18:57,438 gamma = 0.7
2015-06-29 22:18:57,438 individual factor = 10
2015-06-29 22:18:57,438 zero range = 0.002
2015-06-29 22:18:57,438 greedy level = 5
2015-06-29 22:18:57,438 

2015-06-29 22:19:02,239 Starting Training from 2014-12-17 to 2015-01-01
2015-06-29 22:34:23,674 Starting Live from 2015-01-02 to 2015-02-01
2015-06-29 23:08:52,253 Starting Training from 2015-01-17 to 2015-02-01
2015-06-29 23:11:18,262 Starting Live from 2015-02-02 to 2015-03-04
2015-06-30 00:01:47,101 Starting Training from 2015-02-17 to 2015-03-04
2015-06-30 00:04:17,828 Starting Live from 2015-03-05 to 2015-04-04
2015-06-30 01:24:04,361 Starting Training from 2015-03-20 to 2015-04-04
2015-06-30 01:26:00,884 Starting Live from 2015-04-05 to 2015-04-10
2015-06-30 01:56:07,581 Starting Q Learning for : 
2015-06-30 01:56:07,581 alpha = 0.4
2015-06-30 01:56:07,581 gamma = 0.8
2015-06-30 01:56:07,581 individual factor = 10
2015-06-30 01:56:07,581 zero range = 0.002
2015-06-30 01:56:07,581 greedy level = 5
2015-06-30 01:56:07,581 

2015-06-30 01:56:13,732 Starting Training from 2014-12-17 to 2015-01-01
2015-06-30 02:10:34,966 Starting Live from 2015-01-02 to 2015-02-01
2015-06-30 02:44:30,413 Starting Training from 2015-01-17 to 2015-02-01
2015-06-30 02:46:28,710 Starting Live from 2015-02-02 to 2015-03-04
2015-06-30 03:32:11,753 Starting Training from 2015-02-17 to 2015-03-04
2015-06-30 03:34:40,096 Starting Live from 2015-03-05 to 2015-04-04
2015-06-30 04:40:47,038 Starting Training from 2015-03-20 to 2015-04-04
2015-06-30 04:42:22,052 Starting Live from 2015-04-05 to 2015-04-10
2015-06-30 04:57:06,463 Starting Q Learning for : 
2015-06-30 04:57:06,463 alpha = 0.4
2015-06-30 04:57:06,463 gamma = 0.1
2015-06-30 04:57:06,463 individual factor = 10
2015-06-30 04:57:06,463 zero range = 0.006
2015-06-30 04:57:06,463 greedy level = 5
2015-06-30 04:57:06,463 

2015-06-30 04:57:14,230 Starting Training from 2014-12-17 to 2015-01-01
2015-06-30 05:11:35,700 Starting Live from 2015-01-02 to 2015-02-01
2015-06-30 05:45:00,543 Starting Training from 2015-01-17 to 2015-02-01
2015-06-30 05:47:05,203 Starting Live from 2015-02-02 to 2015-03-04
2015-06-30 06:35:49,634 Starting Training from 2015-02-17 to 2015-03-04
2015-06-30 06:38:20,332 Starting Live from 2015-03-05 to 2015-04-04
2015-06-30 08:47:42,553 Starting Training from 2015-03-20 to 2015-04-04
2015-06-30 08:49:53,651 Starting Live from 2015-04-05 to 2015-04-10
2015-06-30 09:29:33,598 Starting Q Learning for : 
2015-06-30 09:29:33,598 alpha = 0.4
2015-06-30 09:29:33,598 gamma = 0.2
2015-06-30 09:29:33,598 individual factor = 10
2015-06-30 09:29:33,598 zero range = 0.006
2015-06-30 09:29:33,598 greedy level = 5
2015-06-30 09:29:33,598 

2015-06-30 09:29:40,109 Starting Training from 2014-12-17 to 2015-01-01
2015-06-30 09:44:45,937 Starting Live from 2015-01-02 to 2015-02-01
2015-06-30 10:17:47,549 Starting Training from 2015-01-17 to 2015-02-01
2015-06-30 10:19:39,506 Starting Live from 2015-02-02 to 2015-03-04
2015-06-30 11:02:25,816 Starting Training from 2015-02-17 to 2015-03-04
2015-06-30 11:04:48,910 Starting Live from 2015-03-05 to 2015-04-04
2015-06-30 13:24:36,378 Starting Training from 2015-03-20 to 2015-04-04
2015-06-30 13:26:31,513 Starting Live from 2015-04-05 to 2015-04-10
2015-06-30 14:03:36,255 Starting Q Learning for : 
2015-06-30 14:03:36,255 alpha = 0.4
2015-06-30 14:03:36,255 gamma = 0.3
2015-06-30 14:03:36,255 individual factor = 10
2015-06-30 14:03:36,255 zero range = 0.006
2015-06-30 14:03:36,255 greedy level = 5
2015-06-30 14:03:36,256 

2015-06-30 14:03:41,782 Starting Training from 2014-12-17 to 2015-01-01
2015-06-30 14:17:45,572 Starting Live from 2015-01-02 to 2015-02-01
2015-06-30 14:48:49,509 Starting Training from 2015-01-17 to 2015-02-01
2015-06-30 14:50:41,940 Starting Live from 2015-02-02 to 2015-03-04
2015-06-30 15:36:25,605 Starting Training from 2015-02-17 to 2015-03-04
2015-06-30 15:38:42,759 Starting Live from 2015-03-05 to 2015-04-04
2015-06-30 16:56:52,707 Starting Training from 2015-03-20 to 2015-04-04
2015-06-30 16:58:38,604 Starting Live from 2015-04-05 to 2015-04-10
2015-06-30 17:38:51,078 Starting Q Learning for : 
2015-06-30 17:38:51,078 alpha = 0.4
2015-06-30 17:38:51,078 gamma = 0.4
2015-06-30 17:38:51,078 individual factor = 10
2015-06-30 17:38:51,078 zero range = 0.006
2015-06-30 17:38:51,078 greedy level = 5
2015-06-30 17:38:51,078 

2015-06-30 17:38:58,299 Starting Training from 2014-12-17 to 2015-01-01
2015-06-30 17:52:41,665 Starting Live from 2015-01-02 to 2015-02-01
2015-06-30 18:25:17,509 Starting Training from 2015-01-17 to 2015-02-01
2015-06-30 18:27:07,003 Starting Live from 2015-02-02 to 2015-03-04
2015-06-30 19:27:12,608 Starting Training from 2015-02-17 to 2015-03-04
2015-06-30 19:30:04,644 Starting Live from 2015-03-05 to 2015-04-04
2015-07-01 01:42:42,729 Starting Training from 2015-03-20 to 2015-04-04
2015-07-01 01:44:24,112 Starting Live from 2015-04-05 to 2015-04-10
2015-07-01 02:39:20,263 Starting Q Learning for : 
2015-07-01 02:39:20,263 alpha = 0.4
2015-07-01 02:39:20,263 gamma = 0.5
2015-07-01 02:39:20,263 individual factor = 10
2015-07-01 02:39:20,263 zero range = 0.006
2015-07-01 02:39:20,263 greedy level = 5
2015-07-01 02:39:20,263 

2015-07-01 02:39:28,832 Starting Training from 2014-12-17 to 2015-01-01
2015-07-01 02:52:24,901 Starting Live from 2015-01-02 to 2015-02-01
2015-07-01 03:21:42,938 Starting Training from 2015-01-17 to 2015-02-01
2015-07-01 03:23:33,240 Starting Live from 2015-02-02 to 2015-03-04
2015-07-01 04:03:32,255 Starting Training from 2015-02-17 to 2015-03-04
2015-07-01 04:05:38,526 Starting Live from 2015-03-05 to 2015-04-04
2015-07-01 05:28:36,826 Starting Training from 2015-03-20 to 2015-04-04
2015-07-01 05:29:57,897 Starting Live from 2015-04-05 to 2015-04-10
2015-07-01 05:51:53,901 Starting Q Learning for : 
2015-07-01 05:51:53,901 alpha = 0.4
2015-07-01 05:51:53,901 gamma = 0.6
2015-07-01 05:51:53,901 individual factor = 10
2015-07-01 05:51:53,901 zero range = 0.006
2015-07-01 05:51:53,901 greedy level = 5
2015-07-01 05:51:53,901 

2015-07-01 05:52:00,165 Starting Training from 2014-12-17 to 2015-01-01
2015-07-01 06:04:48,506 Starting Live from 2015-01-02 to 2015-02-01
2015-07-01 06:33:59,801 Starting Training from 2015-01-17 to 2015-02-01
2015-07-01 06:35:38,638 Starting Live from 2015-02-02 to 2015-03-04
2015-07-01 07:13:53,812 Starting Training from 2015-02-17 to 2015-03-04
2015-07-01 07:16:04,885 Starting Live from 2015-03-05 to 2015-04-04
2015-07-01 08:05:39,803 Starting Training from 2015-03-20 to 2015-04-04
2015-07-01 08:07:17,585 Starting Live from 2015-04-05 to 2015-04-10
2015-07-01 08:19:54,565 Starting Q Learning for : 
2015-07-01 08:19:54,565 alpha = 0.4
2015-07-01 08:19:54,565 gamma = 0.7
2015-07-01 08:19:54,565 individual factor = 10
2015-07-01 08:19:54,565 zero range = 0.006
2015-07-01 08:19:54,565 greedy level = 5
2015-07-01 08:19:54,565 

2015-07-01 08:20:01,845 Starting Training from 2014-12-17 to 2015-01-01
2015-07-01 08:33:00,460 Starting Live from 2015-01-02 to 2015-02-01
2015-07-01 09:01:47,548 Starting Training from 2015-01-17 to 2015-02-01
2015-07-01 09:03:24,433 Starting Live from 2015-02-02 to 2015-03-04
2015-07-01 09:40:06,098 Starting Training from 2015-02-17 to 2015-03-04
2015-07-01 09:42:13,816 Starting Live from 2015-03-05 to 2015-04-04
2015-07-01 10:38:08,892 Starting Training from 2015-03-20 to 2015-04-04
2015-07-01 10:39:38,326 Starting Live from 2015-04-05 to 2015-04-10
2015-07-01 10:48:50,427 Starting Q Learning for : 
2015-07-01 10:48:50,427 alpha = 0.4
2015-07-01 10:48:50,427 gamma = 0.8
2015-07-01 10:48:50,427 individual factor = 10
2015-07-01 10:48:50,427 zero range = 0.006
2015-07-01 10:48:50,427 greedy level = 5
2015-07-01 10:48:50,427 

2015-07-01 10:48:56,720 Starting Training from 2014-12-17 to 2015-01-01
2015-07-01 11:01:38,986 Starting Live from 2015-01-02 to 2015-02-01
2015-07-01 11:29:33,361 Starting Training from 2015-01-17 to 2015-02-01
2015-07-01 11:31:09,315 Starting Live from 2015-02-02 to 2015-03-04
2015-07-01 12:05:08,325 Starting Training from 2015-02-17 to 2015-03-04
2015-07-01 12:07:32,188 Starting Live from 2015-03-05 to 2015-04-04
2015-07-01 12:43:19,683 Starting Training from 2015-03-20 to 2015-04-04
2015-07-01 12:44:36,285 Starting Live from 2015-04-05 to 2015-04-10
2015-07-01 12:53:27,674 Starting Q Learning for : 
2015-07-01 12:53:27,674 alpha = 0.4
2015-07-01 12:53:27,674 gamma = 0.1
2015-07-01 12:53:27,674 individual factor = 10
2015-07-01 12:53:27,674 zero range = 0.01
2015-07-01 12:53:27,674 greedy level = 5
2015-07-01 12:53:27,674 

2015-07-01 12:53:35,782 Starting Training from 2014-12-17 to 2015-01-01
2015-07-01 13:04:36,408 Starting Live from 2015-01-02 to 2015-02-01
2015-07-01 13:30:02,436 Starting Training from 2015-01-17 to 2015-02-01
2015-07-01 13:31:26,805 Starting Live from 2015-02-02 to 2015-03-04
2015-07-01 14:04:26,861 Starting Training from 2015-02-17 to 2015-03-04
2015-07-01 14:06:18,956 Starting Live from 2015-03-05 to 2015-04-04
2015-07-01 14:55:12,789 Starting Training from 2015-03-20 to 2015-04-04
2015-07-01 14:56:24,313 Starting Live from 2015-04-05 to 2015-04-10
2015-07-01 15:13:30,918 Starting Q Learning for : 
2015-07-01 15:13:30,918 alpha = 0.4
2015-07-01 15:13:30,918 gamma = 0.2
2015-07-01 15:13:30,918 individual factor = 10
2015-07-01 15:13:30,918 zero range = 0.01
2015-07-01 15:13:30,918 greedy level = 5
2015-07-01 15:13:30,918 

2015-07-01 15:13:36,772 Starting Training from 2014-12-17 to 2015-01-01
2015-07-01 15:24:18,289 Starting Live from 2015-01-02 to 2015-02-01
2015-07-01 15:49:08,154 Starting Training from 2015-01-17 to 2015-02-01
2015-07-01 15:50:31,311 Starting Live from 2015-02-02 to 2015-03-04
2015-07-01 16:28:03,720 Starting Training from 2015-02-17 to 2015-03-04
2015-07-01 16:29:51,267 Starting Live from 2015-03-05 to 2015-04-04
2015-07-01 20:28:25,124 Starting Training from 2015-03-20 to 2015-04-04
2015-07-01 20:30:14,717 Starting Live from 2015-04-05 to 2015-04-10
2015-07-01 23:28:02,046 Starting Q Learning for : 
2015-07-01 23:28:02,046 alpha = 0.4
2015-07-01 23:28:02,046 gamma = 0.3
2015-07-01 23:28:02,046 individual factor = 10
2015-07-01 23:28:02,046 zero range = 0.01
2015-07-01 23:28:02,046 greedy level = 5
2015-07-01 23:28:02,046 

2015-07-01 23:28:09,450 Starting Training from 2014-12-17 to 2015-01-01
2015-07-01 23:41:36,413 Starting Live from 2015-01-02 to 2015-02-01
2015-07-02 00:13:02,456 Starting Training from 2015-01-17 to 2015-02-01
2015-07-02 00:15:09,785 Starting Live from 2015-02-02 to 2015-03-04
2015-07-02 00:53:29,835 Starting Training from 2015-02-17 to 2015-03-04
2015-07-02 00:55:35,421 Starting Live from 2015-03-05 to 2015-04-04
2015-07-02 03:04:06,950 Starting Training from 2015-03-20 to 2015-04-04
2015-07-02 03:05:26,911 Starting Live from 2015-04-05 to 2015-04-10
2015-07-02 03:40:57,976 Starting Q Learning for : 
2015-07-02 03:40:57,976 alpha = 0.4
2015-07-02 03:40:57,976 gamma = 0.4
2015-07-02 03:40:57,976 individual factor = 10
2015-07-02 03:40:57,976 zero range = 0.01
2015-07-02 03:40:57,976 greedy level = 5
2015-07-02 03:40:57,976 

2015-07-02 03:41:03,799 Starting Training from 2014-12-17 to 2015-01-01
2015-07-02 03:53:27,690 Starting Live from 2015-01-02 to 2015-02-01
2015-07-02 04:22:32,803 Starting Training from 2015-01-17 to 2015-02-01
2015-07-02 04:24:36,717 Starting Live from 2015-02-02 to 2015-03-04
2015-07-02 04:59:49,197 Starting Training from 2015-02-17 to 2015-03-04
2015-07-02 05:01:49,171 Starting Live from 2015-03-05 to 2015-04-04
2015-07-02 05:42:10,434 Starting Training from 2015-03-20 to 2015-04-04
2015-07-02 05:43:36,377 Starting Live from 2015-04-05 to 2015-04-10
2015-07-02 05:54:30,141 Starting Q Learning for : 
2015-07-02 05:54:30,141 alpha = 0.4
2015-07-02 05:54:30,141 gamma = 0.5
2015-07-02 05:54:30,141 individual factor = 10
2015-07-02 05:54:30,141 zero range = 0.01
2015-07-02 05:54:30,141 greedy level = 5
2015-07-02 05:54:30,141 

2015-07-02 05:54:37,138 Starting Training from 2014-12-17 to 2015-01-01
2015-07-02 06:06:02,348 Starting Live from 2015-01-02 to 2015-02-01
2015-07-02 06:32:23,711 Starting Training from 2015-01-17 to 2015-02-01
2015-07-02 06:33:49,818 Starting Live from 2015-02-02 to 2015-03-04
2015-07-02 07:05:51,931 Starting Training from 2015-02-17 to 2015-03-04
2015-07-02 07:07:44,611 Starting Live from 2015-03-05 to 2015-04-04
2015-07-02 08:05:04,503 Starting Training from 2015-03-20 to 2015-04-04
2015-07-02 08:06:25,555 Starting Live from 2015-04-05 to 2015-04-10
2015-07-02 08:34:04,446 Starting Q Learning for : 
2015-07-02 08:34:04,446 alpha = 0.4
2015-07-02 08:34:04,446 gamma = 0.6
2015-07-02 08:34:04,446 individual factor = 10
2015-07-02 08:34:04,446 zero range = 0.01
2015-07-02 08:34:04,446 greedy level = 5
2015-07-02 08:34:04,446 

2015-07-02 08:34:10,556 Starting Training from 2014-12-17 to 2015-01-01
2015-07-02 08:45:14,811 Starting Live from 2015-01-02 to 2015-02-01
2015-07-02 09:11:16,642 Starting Training from 2015-01-17 to 2015-02-01
2015-07-02 09:12:42,648 Starting Live from 2015-02-02 to 2015-03-04
2015-07-02 09:45:36,589 Starting Training from 2015-02-17 to 2015-03-04
2015-07-02 09:47:22,859 Starting Live from 2015-03-05 to 2015-04-04
2015-07-02 10:31:55,696 Starting Training from 2015-03-20 to 2015-04-04
2015-07-02 10:33:23,993 Starting Live from 2015-04-05 to 2015-04-10
2015-07-02 10:46:32,312 Starting Q Learning for : 
2015-07-02 10:46:32,312 alpha = 0.4
2015-07-02 10:46:32,312 gamma = 0.7
2015-07-02 10:46:32,312 individual factor = 10
2015-07-02 10:46:32,312 zero range = 0.01
2015-07-02 10:46:32,312 greedy level = 5
2015-07-02 10:46:32,312 

2015-07-02 10:46:37,157 Starting Training from 2014-12-17 to 2015-01-01
2015-07-02 10:56:37,121 Starting Live from 2015-01-02 to 2015-02-01
2015-07-02 11:19:58,464 Starting Training from 2015-01-17 to 2015-02-01
2015-07-02 11:21:22,002 Starting Live from 2015-02-02 to 2015-03-04
2015-07-02 11:51:01,819 Starting Training from 2015-02-17 to 2015-03-04
2015-07-02 11:52:46,588 Starting Live from 2015-03-05 to 2015-04-04
2015-07-02 12:33:50,658 Starting Training from 2015-03-20 to 2015-04-04
2015-07-02 12:35:03,381 Starting Live from 2015-04-05 to 2015-04-10
2015-07-02 13:00:35,272 Starting Q Learning for : 
2015-07-02 13:00:35,272 alpha = 0.4
2015-07-02 13:00:35,272 gamma = 0.8
2015-07-02 13:00:35,273 individual factor = 10
2015-07-02 13:00:35,273 zero range = 0.01
2015-07-02 13:00:35,273 greedy level = 5
2015-07-02 13:00:35,273 

2015-07-02 13:00:40,359 Starting Training from 2014-12-17 to 2015-01-01
2015-07-02 13:10:29,963 Starting Live from 2015-01-02 to 2015-02-01
2015-07-02 13:33:51,619 Starting Training from 2015-01-17 to 2015-02-01
2015-07-02 13:35:34,171 Starting Live from 2015-02-02 to 2015-03-04
2015-07-02 14:03:51,654 Starting Training from 2015-02-17 to 2015-03-04
2015-07-02 14:05:33,838 Starting Live from 2015-03-05 to 2015-04-04
2015-07-02 14:41:53,996 Starting Training from 2015-03-20 to 2015-04-04
2015-07-02 14:43:04,908 Starting Live from 2015-04-05 to 2015-04-10
