2015-06-29 01:33:15,561 Starting Q Learning for : 
2015-06-29 01:33:15,561 alpha = 0.5
2015-06-29 01:33:15,561 gamma = 0.1
2015-06-29 01:33:15,561 individual factor = 10
2015-06-29 01:33:15,561 zero range = 0.002
2015-06-29 01:33:15,562 greedy level = 5
2015-06-29 01:33:15,562 

2015-06-29 01:33:20,881 Starting Training from 2014-12-17 to 2015-01-01
2015-06-29 01:48:58,243 Starting Live from 2015-01-02 to 2015-02-01
2015-06-29 02:20:11,180 Starting Training from 2015-01-17 to 2015-02-01
2015-06-29 02:21:53,569 Starting Live from 2015-02-02 to 2015-03-04
2015-06-29 03:03:59,069 Starting Training from 2015-02-17 to 2015-03-04
2015-06-29 03:06:28,161 Starting Live from 2015-03-05 to 2015-04-04
2015-06-29 04:04:21,033 Starting Training from 2015-03-20 to 2015-04-04
2015-06-29 04:05:53,811 Starting Live from 2015-04-05 to 2015-04-10
2015-06-29 04:20:19,918 Starting Q Learning for : 
2015-06-29 04:20:19,918 alpha = 0.5
2015-06-29 04:20:19,918 gamma = 0.2
2015-06-29 04:20:19,918 individual factor = 10
2015-06-29 04:20:19,918 zero range = 0.002
2015-06-29 04:20:19,918 greedy level = 5
2015-06-29 04:20:19,918 

2015-06-29 04:20:25,917 Starting Training from 2014-12-17 to 2015-01-01
2015-06-29 04:35:20,645 Starting Live from 2015-01-02 to 2015-02-01
2015-06-29 05:08:30,270 Starting Training from 2015-01-17 to 2015-02-01
2015-06-29 05:11:00,352 Starting Live from 2015-02-02 to 2015-03-04
2015-06-29 05:58:18,595 Starting Training from 2015-02-17 to 2015-03-04
2015-06-29 06:00:49,467 Starting Live from 2015-03-05 to 2015-04-04
2015-06-29 06:59:49,736 Starting Training from 2015-03-20 to 2015-04-04
2015-06-29 07:02:13,312 Starting Live from 2015-04-05 to 2015-04-10
2015-06-29 07:17:22,607 Starting Q Learning for : 
2015-06-29 07:17:22,607 alpha = 0.5
2015-06-29 07:17:22,607 gamma = 0.3
2015-06-29 07:17:22,607 individual factor = 10
2015-06-29 07:17:22,607 zero range = 0.002
2015-06-29 07:17:22,608 greedy level = 5
2015-06-29 07:17:22,608 

2015-06-29 07:17:29,749 Starting Training from 2014-12-17 to 2015-01-01
2015-06-29 07:32:48,533 Starting Live from 2015-01-02 to 2015-02-01
2015-06-29 08:07:06,670 Starting Training from 2015-01-17 to 2015-02-01
2015-06-29 08:09:03,351 Starting Live from 2015-02-02 to 2015-03-04
2015-06-29 08:52:19,017 Starting Training from 2015-02-17 to 2015-03-04
2015-06-29 08:54:50,424 Starting Live from 2015-03-05 to 2015-04-04
2015-06-29 09:56:47,359 Starting Training from 2015-03-20 to 2015-04-04
2015-06-29 09:58:20,726 Starting Live from 2015-04-05 to 2015-04-10
2015-06-29 10:15:38,288 Starting Q Learning for : 
2015-06-29 10:15:38,289 alpha = 0.5
2015-06-29 10:15:38,289 gamma = 0.4
2015-06-29 10:15:38,289 individual factor = 10
2015-06-29 10:15:38,289 zero range = 0.002
2015-06-29 10:15:38,289 greedy level = 5
2015-06-29 10:15:38,289 

2015-06-29 10:15:44,392 Starting Training from 2014-12-17 to 2015-01-01
2015-06-29 10:30:09,812 Starting Live from 2015-01-02 to 2015-02-01
2015-06-29 11:04:03,674 Starting Training from 2015-01-17 to 2015-02-01
2015-06-29 11:06:00,582 Starting Live from 2015-02-02 to 2015-03-04
2015-06-29 11:54:09,627 Starting Training from 2015-02-17 to 2015-03-04
2015-06-29 11:56:40,877 Starting Live from 2015-03-05 to 2015-04-04
2015-06-29 13:21:43,371 Starting Training from 2015-03-20 to 2015-04-04
2015-06-29 13:23:39,069 Starting Live from 2015-04-05 to 2015-04-10
2015-06-29 13:46:29,716 Starting Q Learning for : 
2015-06-29 13:46:29,716 alpha = 0.5
2015-06-29 13:46:29,716 gamma = 0.5
2015-06-29 13:46:29,716 individual factor = 10
2015-06-29 13:46:29,716 zero range = 0.002
2015-06-29 13:46:29,716 greedy level = 5
2015-06-29 13:46:29,716 

2015-06-29 13:46:35,918 Starting Training from 2014-12-17 to 2015-01-01
2015-06-29 14:02:04,132 Starting Live from 2015-01-02 to 2015-02-01
2015-06-29 14:35:37,907 Starting Training from 2015-01-17 to 2015-02-01
2015-06-29 14:37:38,880 Starting Live from 2015-02-02 to 2015-03-04
2015-06-29 15:21:26,127 Starting Training from 2015-02-17 to 2015-03-04
2015-06-29 15:24:03,680 Starting Live from 2015-03-05 to 2015-04-04
2015-06-29 16:19:00,112 Starting Training from 2015-03-20 to 2015-04-04
2015-06-29 16:20:46,344 Starting Live from 2015-04-05 to 2015-04-10
2015-06-29 16:35:26,341 Starting Q Learning for : 
2015-06-29 16:35:26,341 alpha = 0.5
2015-06-29 16:35:26,341 gamma = 0.6
2015-06-29 16:35:26,341 individual factor = 10
2015-06-29 16:35:26,341 zero range = 0.002
2015-06-29 16:35:26,341 greedy level = 5
2015-06-29 16:35:26,341 

2015-06-29 16:35:33,430 Starting Training from 2014-12-17 to 2015-01-01
2015-06-29 16:50:51,114 Starting Live from 2015-01-02 to 2015-02-01
2015-06-29 17:26:13,098 Starting Training from 2015-01-17 to 2015-02-01
2015-06-29 17:28:10,484 Starting Live from 2015-02-02 to 2015-03-04
2015-06-29 18:13:57,917 Starting Training from 2015-02-17 to 2015-03-04
2015-06-29 18:16:30,934 Starting Live from 2015-03-05 to 2015-04-04
2015-06-29 19:13:09,051 Starting Training from 2015-03-20 to 2015-04-04
2015-06-29 19:15:20,380 Starting Live from 2015-04-05 to 2015-04-10
2015-06-29 19:29:27,694 Starting Q Learning for : 
2015-06-29 19:29:27,694 alpha = 0.5
2015-06-29 19:29:27,694 gamma = 0.7
2015-06-29 19:29:27,694 individual factor = 10
2015-06-29 19:29:27,694 zero range = 0.002
2015-06-29 19:29:27,694 greedy level = 5
2015-06-29 19:29:27,694 

2015-06-29 19:29:35,926 Starting Training from 2014-12-17 to 2015-01-01
2015-06-29 19:44:14,546 Starting Live from 2015-01-02 to 2015-02-01
2015-06-29 20:17:21,986 Starting Training from 2015-01-17 to 2015-02-01
2015-06-29 20:19:17,039 Starting Live from 2015-02-02 to 2015-03-04
2015-06-29 20:58:07,711 Starting Training from 2015-02-17 to 2015-03-04
2015-06-29 21:00:41,812 Starting Live from 2015-03-05 to 2015-04-04
2015-06-29 21:37:16,055 Starting Training from 2015-03-20 to 2015-04-04
2015-06-29 21:39:35,056 Starting Live from 2015-04-05 to 2015-04-10
2015-06-29 21:48:55,517 Starting Q Learning for : 
2015-06-29 21:48:55,517 alpha = 0.5
2015-06-29 21:48:55,519 gamma = 0.8
2015-06-29 21:48:55,519 individual factor = 10
2015-06-29 21:48:55,519 zero range = 0.002
2015-06-29 21:48:55,519 greedy level = 5
2015-06-29 21:48:55,519 

2015-06-29 21:49:03,180 Starting Training from 2014-12-17 to 2015-01-01
2015-06-29 22:04:48,147 Starting Live from 2015-01-02 to 2015-02-01
2015-06-29 22:38:40,016 Starting Training from 2015-01-17 to 2015-02-01
2015-06-29 22:40:43,176 Starting Live from 2015-02-02 to 2015-03-04
2015-06-29 23:23:28,313 Starting Training from 2015-02-17 to 2015-03-04
2015-06-29 23:25:58,657 Starting Live from 2015-03-05 to 2015-04-04
2015-06-30 00:23:00,217 Starting Training from 2015-03-20 to 2015-04-04
2015-06-30 00:24:54,989 Starting Live from 2015-04-05 to 2015-04-10
2015-06-30 00:40:19,355 Starting Q Learning for : 
2015-06-30 00:40:19,355 alpha = 0.8
2015-06-30 00:40:19,355 gamma = 0.1
2015-06-30 00:40:19,355 individual factor = 10
2015-06-30 00:40:19,355 zero range = 0.002
2015-06-30 00:40:19,355 greedy level = 5
2015-06-30 00:40:19,355 

2015-06-30 00:40:26,467 Starting Training from 2014-12-17 to 2015-01-01
2015-06-30 00:55:54,561 Starting Live from 2015-01-02 to 2015-02-01
2015-06-30 01:31:00,808 Starting Training from 2015-01-17 to 2015-02-01
2015-06-30 01:33:01,434 Starting Live from 2015-02-02 to 2015-03-04
2015-06-30 02:14:23,441 Starting Training from 2015-02-17 to 2015-03-04
2015-06-30 02:17:18,809 Starting Live from 2015-03-05 to 2015-04-04
2015-06-30 03:14:03,263 Starting Training from 2015-03-20 to 2015-04-04
2015-06-30 03:15:38,091 Starting Live from 2015-04-05 to 2015-04-10
2015-06-30 03:30:01,631 Starting Q Learning for : 
2015-06-30 03:30:01,631 alpha = 0.8
2015-06-30 03:30:01,631 gamma = 0.2
2015-06-30 03:30:01,631 individual factor = 10
2015-06-30 03:30:01,631 zero range = 0.002
2015-06-30 03:30:01,631 greedy level = 5
2015-06-30 03:30:01,631 

2015-06-30 03:30:07,635 Starting Training from 2014-12-17 to 2015-01-01
2015-06-30 03:44:04,384 Starting Live from 2015-01-02 to 2015-02-01
2015-06-30 04:18:13,065 Starting Training from 2015-01-17 to 2015-02-01
2015-06-30 04:20:11,460 Starting Live from 2015-02-02 to 2015-03-04
2015-06-30 05:06:34,138 Starting Training from 2015-02-17 to 2015-03-04
2015-06-30 05:09:02,522 Starting Live from 2015-03-05 to 2015-04-04
2015-06-30 06:23:24,822 Starting Training from 2015-03-20 to 2015-04-04
2015-06-30 06:25:16,198 Starting Live from 2015-04-05 to 2015-04-10
2015-06-30 06:51:28,723 Starting Q Learning for : 
2015-06-30 06:51:28,723 alpha = 0.8
2015-06-30 06:51:28,723 gamma = 0.3
2015-06-30 06:51:28,723 individual factor = 10
2015-06-30 06:51:28,723 zero range = 0.002
2015-06-30 06:51:28,723 greedy level = 5
2015-06-30 06:51:28,723 

2015-06-30 06:51:38,424 Starting Training from 2014-12-17 to 2015-01-01
2015-06-30 07:06:32,871 Starting Live from 2015-01-02 to 2015-02-01
2015-06-30 07:40:33,809 Starting Training from 2015-01-17 to 2015-02-01
2015-06-30 07:42:40,641 Starting Live from 2015-02-02 to 2015-03-04
2015-06-30 08:23:32,976 Starting Training from 2015-02-17 to 2015-03-04
2015-06-30 08:26:38,746 Starting Live from 2015-03-05 to 2015-04-04
2015-06-30 09:09:01,109 Starting Training from 2015-03-20 to 2015-04-04
2015-06-30 09:10:57,480 Starting Live from 2015-04-05 to 2015-04-10
2015-06-30 09:22:54,549 Starting Q Learning for : 
2015-06-30 09:22:54,549 alpha = 0.8
2015-06-30 09:22:54,549 gamma = 0.4
2015-06-30 09:22:54,549 individual factor = 10
2015-06-30 09:22:54,549 zero range = 0.002
2015-06-30 09:22:54,549 greedy level = 5
2015-06-30 09:22:54,549 

2015-06-30 09:23:00,032 Starting Training from 2014-12-17 to 2015-01-01
2015-06-30 09:37:54,737 Starting Live from 2015-01-02 to 2015-02-01
2015-06-30 10:11:33,430 Starting Training from 2015-01-17 to 2015-02-01
2015-06-30 10:13:27,734 Starting Live from 2015-02-02 to 2015-03-04
2015-06-30 10:55:20,003 Starting Training from 2015-02-17 to 2015-03-04
2015-06-30 10:57:44,559 Starting Live from 2015-03-05 to 2015-04-04
2015-06-30 11:49:29,746 Starting Training from 2015-03-20 to 2015-04-04
2015-06-30 11:50:47,157 Starting Live from 2015-04-05 to 2015-04-10
2015-06-30 12:03:32,362 Starting Q Learning for : 
2015-06-30 12:03:32,364 alpha = 0.8
2015-06-30 12:03:32,364 gamma = 0.5
2015-06-30 12:03:32,364 individual factor = 10
2015-06-30 12:03:32,364 zero range = 0.002
2015-06-30 12:03:32,364 greedy level = 5
2015-06-30 12:03:32,364 

2015-06-30 12:03:38,444 Starting Training from 2014-12-17 to 2015-01-01
2015-06-30 12:17:15,339 Starting Live from 2015-01-02 to 2015-02-01
2015-06-30 12:48:27,043 Starting Training from 2015-01-17 to 2015-02-01
2015-06-30 12:50:14,941 Starting Live from 2015-02-02 to 2015-03-04
2015-06-30 13:28:35,512 Starting Training from 2015-02-17 to 2015-03-04
2015-06-30 13:30:54,108 Starting Live from 2015-03-05 to 2015-04-04
2015-06-30 14:11:53,450 Starting Training from 2015-03-20 to 2015-04-04
2015-06-30 14:13:55,398 Starting Live from 2015-04-05 to 2015-04-10
2015-06-30 14:27:16,221 Starting Q Learning for : 
2015-06-30 14:27:16,221 alpha = 0.8
2015-06-30 14:27:16,221 gamma = 0.6
2015-06-30 14:27:16,221 individual factor = 10
2015-06-30 14:27:16,221 zero range = 0.002
2015-06-30 14:27:16,221 greedy level = 5
2015-06-30 14:27:16,221 

2015-06-30 14:27:22,051 Starting Training from 2014-12-17 to 2015-01-01
2015-06-30 14:41:25,733 Starting Live from 2015-01-02 to 2015-02-01
2015-06-30 15:12:35,217 Starting Training from 2015-01-17 to 2015-02-01
2015-06-30 15:14:25,910 Starting Live from 2015-02-02 to 2015-03-04
2015-06-30 15:54:01,782 Starting Training from 2015-02-17 to 2015-03-04
2015-06-30 15:56:23,141 Starting Live from 2015-03-05 to 2015-04-04
2015-06-30 17:10:11,499 Starting Training from 2015-03-20 to 2015-04-04
2015-06-30 17:11:39,276 Starting Live from 2015-04-05 to 2015-04-10
2015-06-30 17:32:14,319 Starting Q Learning for : 
2015-06-30 17:32:14,319 alpha = 0.8
2015-06-30 17:32:14,319 gamma = 0.7
2015-06-30 17:32:14,319 individual factor = 10
2015-06-30 17:32:14,319 zero range = 0.002
2015-06-30 17:32:14,319 greedy level = 5
2015-06-30 17:32:14,319 

2015-06-30 17:32:19,375 Starting Training from 2014-12-17 to 2015-01-01
2015-06-30 17:46:46,296 Starting Live from 2015-01-02 to 2015-02-01
2015-06-30 18:18:18,055 Starting Training from 2015-01-17 to 2015-02-01
2015-06-30 18:20:09,687 Starting Live from 2015-02-02 to 2015-03-04
2015-06-30 18:57:51,407 Starting Training from 2015-02-17 to 2015-03-04
2015-06-30 19:00:25,911 Starting Live from 2015-03-05 to 2015-04-04
2015-06-30 20:04:39,058 Starting Training from 2015-03-20 to 2015-04-04
2015-06-30 20:05:58,551 Starting Live from 2015-04-05 to 2015-04-10
2015-06-30 20:24:21,812 Starting Q Learning for : 
2015-06-30 20:24:21,812 alpha = 0.8
2015-06-30 20:24:21,812 gamma = 0.8
2015-06-30 20:24:21,812 individual factor = 10
2015-06-30 20:24:21,812 zero range = 0.002
2015-06-30 20:24:21,812 greedy level = 5
2015-06-30 20:24:21,812 

2015-06-30 20:24:27,095 Starting Training from 2014-12-17 to 2015-01-01
2015-06-30 20:38:50,835 Starting Live from 2015-01-02 to 2015-02-01
2015-06-30 21:09:40,996 Starting Training from 2015-01-17 to 2015-02-01
2015-06-30 21:11:28,855 Starting Live from 2015-02-02 to 2015-03-04
2015-06-30 21:50:00,796 Starting Training from 2015-02-17 to 2015-03-04
2015-06-30 21:52:20,801 Starting Live from 2015-03-05 to 2015-04-04
2015-06-30 22:49:46,841 Starting Training from 2015-03-20 to 2015-04-04
2015-06-30 22:51:23,427 Starting Live from 2015-04-05 to 2015-04-10
2015-06-30 23:16:04,589 Starting Q Learning for : 
2015-06-30 23:16:04,589 alpha = 0.2
2015-06-30 23:16:04,589 gamma = 0.1
2015-06-30 23:16:04,589 individual factor = 10
2015-06-30 23:16:04,589 zero range = 0.006
2015-06-30 23:16:04,589 greedy level = 5
2015-06-30 23:16:04,589 

2015-06-30 23:16:10,950 Starting Training from 2014-12-17 to 2015-01-01
2015-06-30 23:30:16,470 Starting Live from 2015-01-02 to 2015-02-01
2015-07-01 00:02:26,148 Starting Training from 2015-01-17 to 2015-02-01
2015-07-01 00:04:13,773 Starting Live from 2015-02-02 to 2015-03-04
2015-07-01 00:46:06,835 Starting Training from 2015-02-17 to 2015-03-04
2015-07-01 00:48:42,884 Starting Live from 2015-03-05 to 2015-04-04
2015-07-01 02:21:30,118 Starting Training from 2015-03-20 to 2015-04-04
2015-07-01 02:23:04,342 Starting Live from 2015-04-05 to 2015-04-10
2015-07-01 02:56:47,348 Starting Q Learning for : 
2015-07-01 02:56:47,348 alpha = 0.2
2015-07-01 02:56:47,348 gamma = 0.2
2015-07-01 02:56:47,348 individual factor = 10
2015-07-01 02:56:47,348 zero range = 0.006
2015-07-01 02:56:47,348 greedy level = 5
2015-07-01 02:56:47,348 

2015-07-01 02:56:53,581 Starting Training from 2014-12-17 to 2015-01-01
2015-07-01 03:10:20,505 Starting Live from 2015-01-02 to 2015-02-01
2015-07-01 03:39:15,726 Starting Training from 2015-01-17 to 2015-02-01
2015-07-01 03:40:53,926 Starting Live from 2015-02-02 to 2015-03-04
2015-07-01 04:19:35,421 Starting Training from 2015-02-17 to 2015-03-04
2015-07-01 04:21:43,357 Starting Live from 2015-03-05 to 2015-04-04
2015-07-01 05:50:52,003 Starting Training from 2015-03-20 to 2015-04-04
2015-07-01 05:52:18,016 Starting Live from 2015-04-05 to 2015-04-10
2015-07-01 06:24:05,497 Starting Q Learning for : 
2015-07-01 06:24:05,499 alpha = 0.2
2015-07-01 06:24:05,499 gamma = 0.3
2015-07-01 06:24:05,499 individual factor = 10
2015-07-01 06:24:05,499 zero range = 0.006
2015-07-01 06:24:05,499 greedy level = 5
2015-07-01 06:24:05,499 

2015-07-01 06:24:11,278 Starting Training from 2014-12-17 to 2015-01-01
2015-07-01 06:37:30,249 Starting Live from 2015-01-02 to 2015-02-01
2015-07-01 07:06:24,884 Starting Training from 2015-01-17 to 2015-02-01
2015-07-01 07:08:02,313 Starting Live from 2015-02-02 to 2015-03-04
2015-07-01 07:52:51,677 Starting Training from 2015-02-17 to 2015-03-04
2015-07-01 07:55:00,265 Starting Live from 2015-03-05 to 2015-04-04
2015-07-01 09:48:50,217 Starting Training from 2015-03-20 to 2015-04-04
2015-07-01 09:50:39,431 Starting Live from 2015-04-05 to 2015-04-10
2015-07-01 10:18:21,177 Starting Q Learning for : 
2015-07-01 10:18:21,177 alpha = 0.2
2015-07-01 10:18:21,177 gamma = 0.4
2015-07-01 10:18:21,177 individual factor = 10
2015-07-01 10:18:21,177 zero range = 0.006
2015-07-01 10:18:21,177 greedy level = 5
2015-07-01 10:18:21,177 

2015-07-01 10:18:27,299 Starting Training from 2014-12-17 to 2015-01-01
2015-07-01 10:30:16,543 Starting Live from 2015-01-02 to 2015-02-01
2015-07-01 10:58:14,196 Starting Training from 2015-01-17 to 2015-02-01
2015-07-01 11:00:22,444 Starting Live from 2015-02-02 to 2015-03-04
2015-07-01 11:43:00,701 Starting Training from 2015-02-17 to 2015-03-04
2015-07-01 11:45:39,243 Starting Live from 2015-03-05 to 2015-04-04
2015-07-01 14:37:09,819 Starting Training from 2015-03-20 to 2015-04-04
2015-07-01 14:38:18,306 Starting Live from 2015-04-05 to 2015-04-10
2015-07-01 15:48:16,717 Starting Q Learning for : 
2015-07-01 15:48:16,717 alpha = 0.2
2015-07-01 15:48:16,717 gamma = 0.5
2015-07-01 15:48:16,717 individual factor = 10
2015-07-01 15:48:16,717 zero range = 0.006
2015-07-01 15:48:16,717 greedy level = 5
2015-07-01 15:48:16,719 

2015-07-01 15:48:22,190 Starting Training from 2014-12-17 to 2015-01-01
2015-07-01 15:59:46,029 Starting Live from 2015-01-02 to 2015-02-01
2015-07-01 16:24:34,446 Starting Training from 2015-01-17 to 2015-02-01
2015-07-01 16:26:00,993 Starting Live from 2015-02-02 to 2015-03-04
2015-07-01 16:59:35,723 Starting Training from 2015-02-17 to 2015-03-04
2015-07-01 17:01:56,832 Starting Live from 2015-03-05 to 2015-04-04
2015-07-01 21:05:45,085 Starting Training from 2015-03-20 to 2015-04-04
2015-07-01 21:07:33,900 Starting Live from 2015-04-05 to 2015-04-10
2015-07-01 22:28:47,865 Starting Q Learning for : 
2015-07-01 22:28:47,865 alpha = 0.2
2015-07-01 22:28:47,865 gamma = 0.6
2015-07-01 22:28:47,865 individual factor = 10
2015-07-01 22:28:47,865 zero range = 0.006
2015-07-01 22:28:47,865 greedy level = 5
2015-07-01 22:28:47,865 

2015-07-01 22:28:54,338 Starting Training from 2014-12-17 to 2015-01-01
2015-07-01 22:42:47,052 Starting Live from 2015-01-02 to 2015-02-01
2015-07-01 23:14:52,562 Starting Training from 2015-01-17 to 2015-02-01
2015-07-01 23:16:40,848 Starting Live from 2015-02-02 to 2015-03-04
2015-07-01 23:56:02,183 Starting Training from 2015-02-17 to 2015-03-04
2015-07-01 23:58:24,617 Starting Live from 2015-03-05 to 2015-04-04
2015-07-02 00:44:19,214 Starting Training from 2015-03-20 to 2015-04-04
2015-07-02 00:45:47,631 Starting Live from 2015-04-05 to 2015-04-10
2015-07-02 00:59:47,312 Starting Q Learning for : 
2015-07-02 00:59:47,312 alpha = 0.2
2015-07-02 00:59:47,312 gamma = 0.7
2015-07-02 00:59:47,312 individual factor = 10
2015-07-02 00:59:47,312 zero range = 0.006
2015-07-02 00:59:47,312 greedy level = 5
2015-07-02 00:59:47,313 

2015-07-02 00:59:54,930 Starting Training from 2014-12-17 to 2015-01-01
2015-07-02 01:12:40,586 Starting Live from 2015-01-02 to 2015-02-01
2015-07-02 01:41:57,805 Starting Training from 2015-01-17 to 2015-02-01
2015-07-02 01:43:41,187 Starting Live from 2015-02-02 to 2015-03-04
2015-07-02 02:20:51,378 Starting Training from 2015-02-17 to 2015-03-04
2015-07-02 02:23:04,082 Starting Live from 2015-03-05 to 2015-04-04
2015-07-02 03:07:00,010 Starting Training from 2015-03-20 to 2015-04-04
2015-07-02 03:08:18,732 Starting Live from 2015-04-05 to 2015-04-10
2015-07-02 03:19:22,463 Starting Q Learning for : 
2015-07-02 03:19:22,463 alpha = 0.2
2015-07-02 03:19:22,463 gamma = 0.8
2015-07-02 03:19:22,463 individual factor = 10
2015-07-02 03:19:22,463 zero range = 0.006
2015-07-02 03:19:22,463 greedy level = 5
2015-07-02 03:19:22,463 

2015-07-02 03:19:28,104 Starting Training from 2014-12-17 to 2015-01-01
2015-07-02 03:31:52,486 Starting Live from 2015-01-02 to 2015-02-01
2015-07-02 04:01:12,954 Starting Training from 2015-01-17 to 2015-02-01
2015-07-02 04:03:11,826 Starting Live from 2015-02-02 to 2015-03-04
2015-07-02 04:38:29,364 Starting Training from 2015-02-17 to 2015-03-04
2015-07-02 04:40:31,266 Starting Live from 2015-03-05 to 2015-04-04
2015-07-02 05:21:38,726 Starting Training from 2015-03-20 to 2015-04-04
2015-07-02 05:23:29,341 Starting Live from 2015-04-05 to 2015-04-10
2015-07-02 05:33:08,492 Starting Q Learning for : 
2015-07-02 05:33:08,493 alpha = 0.6
2015-07-02 05:33:08,493 gamma = 0.1
2015-07-02 05:33:08,493 individual factor = 10
2015-07-02 05:33:08,493 zero range = 0.01
2015-07-02 05:33:08,493 greedy level = 5
2015-07-02 05:33:08,493 

2015-07-02 05:33:17,056 Starting Training from 2014-12-17 to 2015-01-01
2015-07-02 05:44:49,816 Starting Live from 2015-01-02 to 2015-02-01
2015-07-02 06:11:24,161 Starting Training from 2015-01-17 to 2015-02-01
2015-07-02 06:12:50,865 Starting Live from 2015-02-02 to 2015-03-04
2015-07-02 06:48:30,385 Starting Training from 2015-02-17 to 2015-03-04
2015-07-02 06:50:18,753 Starting Live from 2015-03-05 to 2015-04-04
2015-07-02 07:25:27,880 Starting Training from 2015-03-20 to 2015-04-04
2015-07-02 07:26:40,028 Starting Live from 2015-04-05 to 2015-04-10
2015-07-02 07:34:03,739 Starting Q Learning for : 
2015-07-02 07:34:03,739 alpha = 0.6
2015-07-02 07:34:03,739 gamma = 0.2
2015-07-02 07:34:03,739 individual factor = 10
2015-07-02 07:34:03,739 zero range = 0.01
2015-07-02 07:34:03,739 greedy level = 5
2015-07-02 07:34:03,739 

2015-07-02 07:34:09,114 Starting Training from 2014-12-17 to 2015-01-01
2015-07-02 07:45:32,000 Starting Live from 2015-01-02 to 2015-02-01
2015-07-02 08:11:28,176 Starting Training from 2015-01-17 to 2015-02-01
2015-07-02 08:12:58,089 Starting Live from 2015-02-02 to 2015-03-04
2015-07-02 08:51:37,076 Starting Training from 2015-02-17 to 2015-03-04
2015-07-02 08:54:00,150 Starting Live from 2015-03-05 to 2015-04-04
2015-07-02 10:53:43,019 Starting Training from 2015-03-20 to 2015-04-04
2015-07-02 10:55:01,875 Starting Live from 2015-04-05 to 2015-04-10
2015-07-02 11:36:52,535 Starting Q Learning for : 
2015-07-02 11:36:52,535 alpha = 0.6
2015-07-02 11:36:52,535 gamma = 0.3
2015-07-02 11:36:52,536 individual factor = 10
2015-07-02 11:36:52,536 zero range = 0.01
2015-07-02 11:36:52,536 greedy level = 5
2015-07-02 11:36:52,536 

2015-07-02 11:36:57,786 Starting Training from 2014-12-17 to 2015-01-01
2015-07-02 11:47:29,756 Starting Live from 2015-01-02 to 2015-02-01
2015-07-02 12:10:54,992 Starting Training from 2015-01-17 to 2015-02-01
2015-07-02 12:12:17,608 Starting Live from 2015-02-02 to 2015-03-04
2015-07-02 12:45:49,164 Starting Training from 2015-02-17 to 2015-03-04
2015-07-02 12:47:31,971 Starting Live from 2015-03-05 to 2015-04-04
2015-07-02 15:56:06,528 Starting Training from 2015-03-20 to 2015-04-04
2015-07-02 15:57:10,019 Starting Live from 2015-04-05 to 2015-04-10
2015-07-02 17:31:43,391 Starting Q Learning for : 
2015-07-02 17:31:43,391 alpha = 0.6
2015-07-02 17:31:43,391 gamma = 0.4
2015-07-02 17:31:43,391 individual factor = 10
2015-07-02 17:31:43,391 zero range = 0.01
2015-07-02 17:31:43,391 greedy level = 5
2015-07-02 17:31:43,391 

2015-07-02 17:31:49,246 Starting Training from 2014-12-17 to 2015-01-01
2015-07-02 17:42:01,796 Starting Live from 2015-01-02 to 2015-02-01
2015-07-02 18:04:56,109 Starting Training from 2015-01-17 to 2015-02-01
2015-07-02 18:06:15,743 Starting Live from 2015-02-02 to 2015-03-04
2015-07-02 18:37:15,450 Starting Training from 2015-02-17 to 2015-03-04
2015-07-02 18:39:28,078 Starting Live from 2015-03-05 to 2015-04-04
2015-07-02 19:46:27,619 Starting Training from 2015-03-20 to 2015-04-04
2015-07-02 19:47:54,145 Starting Live from 2015-04-05 to 2015-04-10
2015-07-02 20:04:17,276 Starting Q Learning for : 
2015-07-02 20:04:17,276 alpha = 0.6
2015-07-02 20:04:17,278 gamma = 0.5
2015-07-02 20:04:17,278 individual factor = 10
2015-07-02 20:04:17,278 zero range = 0.01
2015-07-02 20:04:17,278 greedy level = 5
2015-07-02 20:04:17,278 

2015-07-02 20:04:23,529 Starting Training from 2014-12-17 to 2015-01-01
2015-07-02 20:15:45,016 Starting Live from 2015-01-02 to 2015-02-01
2015-07-02 20:41:32,009 Starting Training from 2015-01-17 to 2015-02-01
2015-07-02 20:42:54,341 Starting Live from 2015-02-02 to 2015-03-04
2015-07-02 21:14:30,615 Starting Training from 2015-02-17 to 2015-03-04
2015-07-02 21:16:14,940 Starting Live from 2015-03-05 to 2015-04-04
2015-07-02 22:06:26,871 Starting Training from 2015-03-20 to 2015-04-04
2015-07-02 22:07:44,648 Starting Live from 2015-04-05 to 2015-04-10
2015-07-02 22:24:14,926 Starting Q Learning for : 
2015-07-02 22:24:14,927 alpha = 0.6
2015-07-02 22:24:14,927 gamma = 0.6
2015-07-02 22:24:14,927 individual factor = 10
2015-07-02 22:24:14,927 zero range = 0.01
2015-07-02 22:24:14,927 greedy level = 5
2015-07-02 22:24:14,927 

2015-07-02 22:24:20,115 Starting Training from 2014-12-17 to 2015-01-01
2015-07-02 22:34:46,319 Starting Live from 2015-01-02 to 2015-02-01
2015-07-02 22:59:36,190 Starting Training from 2015-01-17 to 2015-02-01
2015-07-02 23:01:03,914 Starting Live from 2015-02-02 to 2015-03-04
2015-07-02 23:30:39,617 Starting Training from 2015-02-17 to 2015-03-04
2015-07-02 23:32:24,026 Starting Live from 2015-03-05 to 2015-04-04
2015-07-03 00:08:00,503 Starting Training from 2015-03-20 to 2015-04-04
2015-07-03 00:09:31,325 Starting Live from 2015-04-05 to 2015-04-10
2015-07-03 00:17:18,457 Starting Q Learning for : 
2015-07-03 00:17:18,457 alpha = 0.6
2015-07-03 00:17:18,457 gamma = 0.7
2015-07-03 00:17:18,457 individual factor = 10
2015-07-03 00:17:18,457 zero range = 0.01
2015-07-03 00:17:18,457 greedy level = 5
2015-07-03 00:17:18,457 

2015-07-03 00:17:24,142 Starting Training from 2014-12-17 to 2015-01-01
2015-07-03 00:28:38,811 Starting Live from 2015-01-02 to 2015-02-01
2015-07-03 00:55:04,950 Starting Training from 2015-01-17 to 2015-02-01
2015-07-03 00:56:37,953 Starting Live from 2015-02-02 to 2015-03-04
2015-07-03 01:30:52,048 Starting Training from 2015-02-17 to 2015-03-04
2015-07-03 01:32:45,720 Starting Live from 2015-03-05 to 2015-04-04
2015-07-03 02:13:19,566 Starting Training from 2015-03-20 to 2015-04-04
2015-07-03 02:14:43,993 Starting Live from 2015-04-05 to 2015-04-10
2015-07-03 02:35:41,887 Starting Q Learning for : 
2015-07-03 02:35:41,887 alpha = 0.6
2015-07-03 02:35:41,887 gamma = 0.8
2015-07-03 02:35:41,887 individual factor = 10
2015-07-03 02:35:41,887 zero range = 0.01
2015-07-03 02:35:41,887 greedy level = 5
2015-07-03 02:35:41,887 

2015-07-03 02:35:46,599 Starting Training from 2014-12-17 to 2015-01-01
2015-07-03 02:46:24,753 Starting Live from 2015-01-02 to 2015-02-01
2015-07-03 03:11:10,967 Starting Training from 2015-01-17 to 2015-02-01
2015-07-03 03:12:35,118 Starting Live from 2015-02-02 to 2015-03-04
2015-07-03 03:44:36,621 Starting Training from 2015-02-17 to 2015-03-04
2015-07-03 03:46:47,831 Starting Live from 2015-03-05 to 2015-04-04
2015-07-03 04:46:53,729 Starting Training from 2015-03-20 to 2015-04-04
2015-07-03 04:48:13,642 Starting Live from 2015-04-05 to 2015-04-10
