2015-06-20 23:34:26,052 Starting Q Learning for : 
2015-06-20 23:34:26,052 alpha = 0.2
2015-06-20 23:34:26,052 gamma = 0.1
2015-06-20 23:34:26,052 individual factor = 8
2015-06-20 23:34:26,052 zero range = 0.002
2015-06-20 23:34:26,052 greedy level = 5
2015-06-20 23:34:26,052 

2015-06-20 23:34:39,232 Starting Training from 2014-12-17 to 2015-01-01
2015-06-20 23:45:11,111 Starting Live from 2015-01-02 to 2015-02-01
2015-06-21 00:09:47,466 Starting Training from 2015-01-17 to 2015-02-01
2015-06-21 00:11:06,642 Starting Live from 2015-02-02 to 2015-03-04
2015-06-21 00:43:53,117 Starting Training from 2015-02-17 to 2015-03-04
2015-06-21 00:45:42,575 Starting Live from 2015-03-05 to 2015-04-04
2015-06-21 01:12:58,111 Starting Training from 2015-03-20 to 2015-04-04
2015-06-21 01:14:59,665 Starting Live from 2015-04-05 to 2015-04-10
2015-06-21 01:22:31,499 Starting Q Learning for : 
2015-06-21 01:22:31,499 alpha = 0.2
2015-06-21 01:22:31,499 gamma = 0.2
2015-06-21 01:22:31,500 individual factor = 8
2015-06-21 01:22:31,500 zero range = 0.002
2015-06-21 01:22:31,500 greedy level = 5
2015-06-21 01:22:31,500 

2015-06-21 01:22:37,568 Starting Training from 2014-12-17 to 2015-01-01
2015-06-21 01:33:22,325 Starting Live from 2015-01-02 to 2015-02-01
2015-06-21 01:58:17,223 Starting Training from 2015-01-17 to 2015-02-01
2015-06-21 01:59:37,954 Starting Live from 2015-02-02 to 2015-03-04
2015-06-21 02:27:25,121 Starting Training from 2015-02-17 to 2015-03-04
2015-06-21 02:29:05,869 Starting Live from 2015-03-05 to 2015-04-04
2015-06-21 02:54:00,502 Starting Training from 2015-03-20 to 2015-04-04
2015-06-21 02:55:19,290 Starting Live from 2015-04-05 to 2015-04-10
2015-06-21 03:03:01,131 Starting Q Learning for : 
2015-06-21 03:03:01,131 alpha = 0.2
2015-06-21 03:03:01,131 gamma = 0.7
2015-06-21 03:03:01,131 individual factor = 8
2015-06-21 03:03:01,131 zero range = 0.002
2015-06-21 03:03:01,131 greedy level = 5
2015-06-21 03:03:01,131 

2015-06-21 03:03:05,834 Starting Training from 2014-12-17 to 2015-01-01
2015-06-21 03:13:01,778 Starting Live from 2015-01-02 to 2015-02-01
2015-06-21 03:36:50,492 Starting Training from 2015-01-17 to 2015-02-01
2015-06-21 03:38:06,775 Starting Live from 2015-02-02 to 2015-03-04
2015-06-21 04:06:04,638 Starting Training from 2015-02-17 to 2015-03-04
2015-06-21 04:07:41,720 Starting Live from 2015-03-05 to 2015-04-04
2015-06-21 04:31:59,188 Starting Training from 2015-03-20 to 2015-04-04
2015-06-21 04:33:17,089 Starting Live from 2015-04-05 to 2015-04-10
2015-06-21 04:40:07,990 Starting Q Learning for : 
2015-06-21 04:40:07,990 alpha = 0.2
2015-06-21 04:40:07,990 gamma = 0.8
2015-06-21 04:40:07,990 individual factor = 8
2015-06-21 04:40:07,990 zero range = 0.002
2015-06-21 04:40:07,992 greedy level = 5
2015-06-21 04:40:07,992 

2015-06-21 04:40:17,322 Starting Training from 2014-12-17 to 2015-01-01
2015-06-21 04:50:51,838 Starting Live from 2015-01-02 to 2015-02-01
2015-06-21 05:14:06,480 Starting Training from 2015-01-17 to 2015-02-01
2015-06-21 05:15:16,940 Starting Live from 2015-02-02 to 2015-03-04
2015-06-21 05:41:49,582 Starting Training from 2015-02-17 to 2015-03-04
2015-06-21 05:43:24,427 Starting Live from 2015-03-05 to 2015-04-04
2015-06-21 06:06:47,026 Starting Training from 2015-03-20 to 2015-04-04
2015-06-21 06:07:59,438 Starting Live from 2015-04-05 to 2015-04-10
2015-06-21 06:15:23,167 Starting Q Learning for : 
2015-06-21 06:15:23,167 alpha = 0.8
2015-06-21 06:15:23,167 gamma = 0.5
2015-06-21 06:15:23,167 individual factor = 8
2015-06-21 06:15:23,167 zero range = 0.002
2015-06-21 06:15:23,167 greedy level = 5
2015-06-21 06:15:23,167 

2015-06-21 06:15:28,575 Starting Training from 2014-12-17 to 2015-01-01
2015-06-21 06:24:41,006 Starting Live from 2015-01-02 to 2015-02-01
2015-06-21 06:46:46,621 Starting Training from 2015-01-17 to 2015-02-01
2015-06-21 06:47:52,259 Starting Live from 2015-02-02 to 2015-03-04
2015-06-21 07:12:59,653 Starting Training from 2015-02-17 to 2015-03-04
2015-06-21 07:14:31,825 Starting Live from 2015-03-05 to 2015-04-04
2015-06-21 07:37:01,496 Starting Training from 2015-03-20 to 2015-04-04
2015-06-21 07:38:14,747 Starting Live from 2015-04-05 to 2015-04-10
2015-06-21 07:45:21,901 Starting Q Learning for : 
2015-06-21 07:45:21,901 alpha = 0.8
2015-06-21 07:45:21,901 gamma = 0.6
2015-06-21 07:45:21,901 individual factor = 8
2015-06-21 07:45:21,901 zero range = 0.002
2015-06-21 07:45:21,901 greedy level = 5
2015-06-21 07:45:21,901 

2015-06-21 07:45:27,049 Starting Training from 2014-12-17 to 2015-01-01
2015-06-21 07:54:11,911 Starting Live from 2015-01-02 to 2015-02-01
2015-06-21 08:15:32,760 Starting Training from 2015-01-17 to 2015-02-01
2015-06-21 08:16:39,404 Starting Live from 2015-02-02 to 2015-03-04
2015-06-21 08:41:06,839 Starting Training from 2015-02-17 to 2015-03-04
2015-06-21 08:42:34,569 Starting Live from 2015-03-05 to 2015-04-04
2015-06-21 09:04:50,598 Starting Training from 2015-03-20 to 2015-04-04
2015-06-21 09:06:24,447 Starting Live from 2015-04-05 to 2015-04-10
