2015-06-30 14:34:33,186 Starting mtm calculation
2015-06-30 14:34:33,186 Calculating mtm for 2014-12-01
2015-06-30 14:34:36,293 Calculating mtm for 2014-12-02
2015-06-30 14:34:39,245 Calculating mtm for 2014-12-03
2015-06-30 14:34:40,952 Calculating mtm for 2014-12-04
2015-06-30 14:34:44,311 Calculating mtm for 2014-12-05
2015-06-30 14:34:46,667 Calculating mtm for 2014-12-06
2015-06-30 14:34:46,670 Calculating mtm for 2014-12-07
2015-06-30 14:34:46,672 Calculating mtm for 2014-12-08
2015-06-30 14:34:47,252 Calculating mtm for 2014-12-09
2015-06-30 14:34:48,388 Calculating mtm for 2014-12-10
2015-06-30 14:34:50,397 Calculating mtm for 2014-12-11
2015-06-30 14:34:54,088 Calculating mtm for 2014-12-12
2015-06-30 14:34:59,347 Calculating mtm for 2014-12-13
2015-06-30 14:34:59,351 Calculating mtm for 2014-12-14
2015-06-30 14:34:59,354 Calculating mtm for 2014-12-15
2015-06-30 14:35:01,189 Calculating mtm for 2014-12-16
2015-06-30 14:35:03,382 Calculating mtm for 2014-12-17
2015-06-30 14:35:05,707 Calculating mtm for 2014-12-18
2015-06-30 14:35:07,758 Calculating mtm for 2014-12-19
2015-06-30 14:35:11,642 Calculating mtm for 2014-12-20
2015-06-30 14:35:11,645 Calculating mtm for 2014-12-21
2015-06-30 14:35:11,649 Calculating mtm for 2014-12-22
2015-06-30 14:35:13,392 Calculating mtm for 2014-12-23
2015-06-30 14:35:18,109 Calculating mtm for 2014-12-24
2015-06-30 14:35:21,576 Calculating mtm for 2014-12-25
2015-06-30 14:35:21,579 Calculating mtm for 2014-12-26
2015-06-30 14:35:26,326 Calculating mtm for 2014-12-27
2015-06-30 14:35:26,328 Calculating mtm for 2014-12-28
2015-06-30 14:35:26,329 Calculating mtm for 2014-12-29
2015-06-30 14:35:27,348 Calculating mtm for 2014-12-30
2015-06-30 14:35:28,821 Calculating mtm for 2014-12-31
2015-06-30 14:35:32,891 Calculating mtm for 2015-01-01
2015-06-30 14:35:34,072 Calculating mtm for 2015-01-02
2015-06-30 14:35:36,655 Calculating mtm for 2015-01-03
2015-06-30 14:35:36,660 Calculating mtm for 2015-01-04
2015-06-30 14:35:36,663 Calculating mtm for 2015-01-05
2015-06-30 14:35:41,352 Calculating mtm for 2015-01-06
2015-06-30 14:35:43,139 Calculating mtm for 2015-01-07
2015-06-30 14:35:44,827 Calculating mtm for 2015-01-08
2015-06-30 14:35:47,257 Calculating mtm for 2015-01-09
2015-06-30 14:35:51,040 Calculating mtm for 2015-01-10
2015-06-30 14:35:51,042 Calculating mtm for 2015-01-11
2015-06-30 14:35:51,044 Calculating mtm for 2015-01-12
2015-06-30 14:35:52,176 Calculating mtm for 2015-01-13
2015-06-30 14:35:53,076 Calculating mtm for 2015-01-14
2015-06-30 14:35:56,058 Calculating mtm for 2015-01-15
2015-06-30 14:36:01,391 Calculating mtm for 2015-01-16
2015-06-30 14:36:03,479 Calculating mtm for 2015-01-17
2015-06-30 14:36:03,481 Calculating mtm for 2015-01-18
2015-06-30 14:36:03,483 Calculating mtm for 2015-01-19
2015-06-30 14:36:09,663 Calculating mtm for 2015-01-20
2015-06-30 14:36:11,550 Calculating mtm for 2015-01-21
2015-06-30 14:36:13,994 Calculating mtm for 2015-01-22
2015-06-30 14:36:18,812 Calculating mtm for 2015-01-23
2015-06-30 14:36:21,261 Calculating mtm for 2015-01-24
2015-06-30 14:36:21,264 Calculating mtm for 2015-01-25
2015-06-30 14:36:21,268 Calculating mtm for 2015-01-26
2015-06-30 14:36:21,271 Calculating mtm for 2015-01-27
2015-06-30 14:36:23,848 Calculating mtm for 2015-01-28
2015-06-30 14:36:27,083 Calculating mtm for 2015-01-29
2015-06-30 14:36:31,117 Calculating mtm for 2015-01-30
2015-06-30 14:36:33,568 Calculating mtm for 2015-01-31
2015-06-30 14:36:33,571 Calculating mtm for 2015-02-01
2015-06-30 14:36:33,573 Calculating mtm for 2015-02-02
2015-06-30 14:36:37,623 Calculating mtm for 2015-02-03
2015-06-30 14:36:40,137 Calculating mtm for 2015-02-04
2015-06-30 14:36:40,939 Calculating mtm for 2015-02-05
2015-06-30 14:36:44,894 Calculating mtm for 2015-02-06
2015-06-30 14:36:47,490 Calculating mtm for 2015-02-07
2015-06-30 14:36:47,493 Calculating mtm for 2015-02-08
2015-06-30 14:36:47,497 Calculating mtm for 2015-02-09
2015-06-30 14:36:48,609 Calculating mtm for 2015-02-10
2015-06-30 14:36:54,103 Updating ranks for walkforward - 1
2015-06-30 14:37:12,559 Updating ranks for walkforward - 2
2015-06-30 14:37:21,602 Updating ranks for walkforward - 3
2015-06-30 14:37:29,894 Done Ranking. Calling processes now.
2015-06-30 14:37:29,895 Starting Q Learning for : 
2015-06-30 14:37:29,895 alpha = 0.5
2015-06-30 14:37:29,895 Starting Q Learning for : 
2015-06-30 14:37:29,895 gamma = 0.1
2015-06-30 14:37:29,895 individual factor = 10
2015-06-30 14:37:29,895 alpha = 0.4
2015-06-30 14:37:29,896 zero range = 0.002
2015-06-30 14:37:29,896 gamma = 0.3
2015-06-30 14:37:29,896 greedy level = 5
2015-06-30 14:37:29,896 

2015-06-30 14:37:29,896 individual factor = 10
2015-06-30 14:37:29,895 Starting Q Learning for : 
2015-06-30 14:37:29,896 zero range = 0.002
2015-06-30 14:37:29,896 greedy level = 5
2015-06-30 14:37:29,896 

2015-06-30 14:37:29,896 alpha = 0.6
2015-06-30 14:37:29,896 gamma = 0.5
2015-06-30 14:37:29,896 individual factor = 10
2015-06-30 14:37:29,896 zero range = 0.002
2015-06-30 14:37:29,896 greedy level = 5
2015-06-30 14:37:29,896 

2015-06-30 14:37:30,620 Starting Training from 2015-01-01 to 2015-01-31
2015-06-30 14:37:30,620 Starting Training from 2015-01-01 to 2015-01-31
2015-06-30 14:37:30,637 Starting Training from 2015-01-01 to 2015-01-31
2015-06-30 14:53:36,870 Starting Live from 2015-02-01 to 2015-03-03
2015-06-30 14:53:39,825 Starting Live from 2015-02-01 to 2015-03-03
2015-06-30 14:53:40,435 Starting Live from 2015-02-01 to 2015-03-03
2015-06-30 15:16:28,286 Starting Training from 2015-02-01 to 2015-03-03
2015-06-30 15:16:33,627 Starting Training from 2015-02-01 to 2015-03-03
2015-06-30 15:16:39,753 Starting Training from 2015-02-01 to 2015-03-03
2015-06-30 15:18:47,949 Starting Live from 2015-03-04 to 2015-04-03
2015-06-30 15:18:55,758 Starting Live from 2015-03-04 to 2015-04-03
2015-06-30 15:19:15,158 Starting Live from 2015-03-04 to 2015-04-03
2015-06-30 15:38:12,130 Starting Training from 2015-03-04 to 2015-04-03
2015-06-30 15:38:26,758 Starting Training from 2015-03-04 to 2015-04-03
2015-06-30 15:38:34,039 Starting Training from 2015-03-04 to 2015-04-03
2015-06-30 15:39:37,710 Starting Live from 2015-04-04 to 2015-04-10
2015-06-30 15:39:51,348 Starting Live from 2015-04-04 to 2015-04-10
2015-06-30 15:39:55,951 Starting Live from 2015-04-04 to 2015-04-10
2015-06-30 15:45:13,931 Starting Q Learning for : 
2015-06-30 15:45:13,931 alpha = 0.5
2015-06-30 15:45:13,931 gamma = 0.2
2015-06-30 15:45:13,931 individual factor = 10
2015-06-30 15:45:13,931 zero range = 0.002
2015-06-30 15:45:13,931 greedy level = 5
2015-06-30 15:45:13,931 

2015-06-30 15:45:14,546 Starting Training from 2015-01-01 to 2015-01-31
2015-06-30 15:45:31,660 Starting Q Learning for : 
2015-06-30 15:45:31,660 alpha = 0.4
2015-06-30 15:45:31,660 gamma = 0.4
2015-06-30 15:45:31,660 individual factor = 10
2015-06-30 15:45:31,660 zero range = 0.002
2015-06-30 15:45:31,660 greedy level = 5
2015-06-30 15:45:31,660 

2015-06-30 15:45:33,371 Starting Training from 2015-01-01 to 2015-01-31
2015-06-30 15:45:33,641 Starting Q Learning for : 
2015-06-30 15:45:33,642 alpha = 0.6
2015-06-30 15:45:33,642 gamma = 0.6
2015-06-30 15:45:33,642 individual factor = 10
2015-06-30 15:45:33,642 zero range = 0.002
2015-06-30 15:45:33,642 greedy level = 5
2015-06-30 15:45:33,642 

2015-06-30 15:45:34,515 Starting Training from 2015-01-01 to 2015-01-31
2015-06-30 16:02:06,853 Starting Live from 2015-02-01 to 2015-03-03
2015-06-30 16:02:30,282 Starting Live from 2015-02-01 to 2015-03-03
2015-06-30 16:02:33,433 Starting Live from 2015-02-01 to 2015-03-03
2015-06-30 16:19:10,718 Starting Training from 2015-02-01 to 2015-03-03
2015-06-30 16:19:36,427 Starting Training from 2015-02-01 to 2015-03-03
2015-06-30 16:19:40,820 Starting Training from 2015-02-01 to 2015-03-03
2015-06-30 16:20:25,302 Starting Live from 2015-03-04 to 2015-04-03
2015-06-30 16:20:51,254 Starting Live from 2015-03-04 to 2015-04-03
2015-06-30 16:20:55,233 Starting Live from 2015-03-04 to 2015-04-03
2015-06-30 16:41:45,585 Starting Training from 2015-03-04 to 2015-04-03
2015-06-30 16:42:24,337 Starting Training from 2015-03-04 to 2015-04-03
2015-06-30 16:42:48,033 Starting Training from 2015-03-04 to 2015-04-03
2015-06-30 16:43:54,556 Starting Live from 2015-04-04 to 2015-04-10
2015-06-30 16:44:06,756 Starting Live from 2015-04-04 to 2015-04-10
2015-06-30 16:44:17,487 Starting Live from 2015-04-04 to 2015-04-10
2015-06-30 16:48:40,122 Starting Q Learning for : 
2015-06-30 16:48:40,122 alpha = 0.5
2015-06-30 16:48:40,122 gamma = 0.3
2015-06-30 16:48:40,122 individual factor = 10
2015-06-30 16:48:40,122 zero range = 0.002
2015-06-30 16:48:40,122 greedy level = 5
2015-06-30 16:48:40,122 

2015-06-30 16:48:40,738 Starting Training from 2015-01-01 to 2015-01-31
2015-06-30 16:49:05,064 Starting Q Learning for : 
2015-06-30 16:49:05,065 alpha = 0.4
2015-06-30 16:49:05,065 gamma = 0.5
2015-06-30 16:49:05,065 individual factor = 10
2015-06-30 16:49:05,065 zero range = 0.002
2015-06-30 16:49:05,065 greedy level = 5
2015-06-30 16:49:05,065 

2015-06-30 16:49:06,178 Starting Training from 2015-01-01 to 2015-01-31
2015-06-30 16:49:10,115 Starting Q Learning for : 
2015-06-30 16:49:10,115 alpha = 0.6
2015-06-30 16:49:10,115 gamma = 0.7
2015-06-30 16:49:10,115 individual factor = 10
2015-06-30 16:49:10,115 zero range = 0.002
2015-06-30 16:49:10,115 greedy level = 5
2015-06-30 16:49:10,115 

2015-06-30 16:49:11,702 Starting Training from 2015-01-01 to 2015-01-31
2015-06-30 17:05:27,790 Starting Live from 2015-02-01 to 2015-03-03
2015-06-30 17:05:55,680 Starting Live from 2015-02-01 to 2015-03-03
2015-06-30 17:05:57,369 Starting Live from 2015-02-01 to 2015-03-03
2015-06-30 17:21:50,905 Starting Training from 2015-02-01 to 2015-03-03
2015-06-30 17:22:22,433 Starting Training from 2015-02-01 to 2015-03-03
2015-06-30 17:22:22,433 Starting Training from 2015-02-01 to 2015-03-03
2015-06-30 17:23:00,558 Starting Live from 2015-03-04 to 2015-04-03
2015-06-30 17:23:31,653 Starting Live from 2015-03-04 to 2015-04-03
2015-06-30 17:23:32,265 Starting Live from 2015-03-04 to 2015-04-03
2015-06-30 17:42:43,432 Starting Training from 2015-03-04 to 2015-04-03
2015-06-30 17:42:55,860 Starting Training from 2015-03-04 to 2015-04-03
2015-06-30 17:43:08,565 Starting Training from 2015-03-04 to 2015-04-03
2015-06-30 17:44:02,565 Starting Live from 2015-04-04 to 2015-04-10
2015-06-30 17:44:13,687 Starting Live from 2015-04-04 to 2015-04-10
2015-06-30 17:44:26,775 Starting Live from 2015-04-04 to 2015-04-10
2015-06-30 17:49:49,497 Starting Q Learning for : 
2015-06-30 17:49:49,498 alpha = 0.5
2015-06-30 17:49:49,498 gamma = 0.4
2015-06-30 17:49:49,498 individual factor = 10
2015-06-30 17:49:49,498 zero range = 0.002
2015-06-30 17:49:49,498 greedy level = 5
2015-06-30 17:49:49,498 

2015-06-30 17:49:51,941 Starting Training from 2015-01-01 to 2015-01-31
2015-06-30 17:49:54,111 Starting Q Learning for : 
2015-06-30 17:49:54,111 alpha = 0.4
2015-06-30 17:49:54,111 gamma = 0.6
2015-06-30 17:49:54,111 individual factor = 10
2015-06-30 17:49:54,111 zero range = 0.002
2015-06-30 17:49:54,111 greedy level = 5
2015-06-30 17:49:54,111 

2015-06-30 17:49:56,108 Starting Training from 2015-01-01 to 2015-01-31
2015-06-30 17:50:24,297 Starting Q Learning for : 
2015-06-30 17:50:24,297 alpha = 0.6
2015-06-30 17:50:24,298 gamma = 0.8
2015-06-30 17:50:24,298 individual factor = 10
2015-06-30 17:50:24,298 zero range = 0.002
2015-06-30 17:50:24,298 greedy level = 5
2015-06-30 17:50:24,298 

2015-06-30 17:50:25,921 Starting Training from 2015-01-01 to 2015-01-31
2015-06-30 18:06:30,446 Starting Live from 2015-02-01 to 2015-03-03
2015-06-30 18:06:45,586 Starting Live from 2015-02-01 to 2015-03-03
2015-06-30 18:07:09,805 Starting Live from 2015-02-01 to 2015-03-03
2015-06-30 18:22:40,784 Starting Training from 2015-02-01 to 2015-03-03
2015-06-30 18:22:46,892 Starting Training from 2015-02-01 to 2015-03-03
2015-06-30 18:22:59,480 Starting Training from 2015-02-01 to 2015-03-03
2015-06-30 18:24:52,846 Starting Live from 2015-03-04 to 2015-04-03
2015-06-30 18:25:11,547 Starting Live from 2015-03-04 to 2015-04-03
2015-06-30 18:25:48,829 Starting Live from 2015-03-04 to 2015-04-03
2015-06-30 18:44:33,239 Starting Training from 2015-03-04 to 2015-04-03
2015-06-30 18:44:40,708 Starting Training from 2015-03-04 to 2015-04-03
2015-06-30 18:45:20,542 Starting Training from 2015-03-04 to 2015-04-03
2015-06-30 18:45:59,540 Starting Live from 2015-04-04 to 2015-04-10
2015-06-30 18:46:09,025 Starting Live from 2015-04-04 to 2015-04-10
2015-06-30 18:46:48,711 Starting Live from 2015-04-04 to 2015-04-10
2015-06-30 18:50:46,659 Starting Q Learning for : 
2015-06-30 18:50:46,659 alpha = 0.5
2015-06-30 18:50:46,659 gamma = 0.5
2015-06-30 18:50:46,659 individual factor = 10
2015-06-30 18:50:46,659 zero range = 0.002
2015-06-30 18:50:46,660 greedy level = 5
2015-06-30 18:50:46,660 

2015-06-30 18:50:46,975 Starting Training from 2015-01-01 to 2015-01-31
2015-06-30 18:50:57,100 Starting Q Learning for : 
2015-06-30 18:50:57,101 alpha = 0.4
2015-06-30 18:50:57,101 gamma = 0.7
2015-06-30 18:50:57,101 individual factor = 10
2015-06-30 18:50:57,101 zero range = 0.002
2015-06-30 18:50:57,101 greedy level = 5
2015-06-30 18:50:57,101 

2015-06-30 18:50:57,571 Starting Training from 2015-01-01 to 2015-01-31
2015-06-30 18:51:37,840 Starting Q Learning for : 
2015-06-30 18:51:37,841 alpha = 0.2
2015-06-30 18:51:37,841 gamma = 0.1
2015-06-30 18:51:37,841 individual factor = 10
2015-06-30 18:51:37,841 zero range = 0.002
2015-06-30 18:51:37,841 greedy level = 5
2015-06-30 18:51:37,841 

2015-06-30 18:51:38,851 Starting Training from 2015-01-01 to 2015-01-31
2015-06-30 19:06:56,623 Starting Live from 2015-02-01 to 2015-03-03
2015-06-30 19:07:13,760 Starting Live from 2015-02-01 to 2015-03-03
2015-06-30 19:07:42,202 Starting Live from 2015-02-01 to 2015-03-03
2015-06-30 19:22:50,261 Starting Training from 2015-02-01 to 2015-03-03
2015-06-30 19:23:05,739 Starting Training from 2015-02-01 to 2015-03-03
2015-06-30 19:23:27,256 Starting Training from 2015-02-01 to 2015-03-03
2015-06-30 19:23:59,432 Starting Live from 2015-03-04 to 2015-04-03
2015-06-30 19:24:12,943 Starting Live from 2015-03-04 to 2015-04-03
2015-06-30 19:24:37,298 Starting Live from 2015-03-04 to 2015-04-03
2015-06-30 19:42:26,996 Starting Training from 2015-03-04 to 2015-04-03
2015-06-30 19:42:49,132 Starting Training from 2015-03-04 to 2015-04-03
2015-06-30 19:42:57,291 Starting Training from 2015-03-04 to 2015-04-03
2015-06-30 19:43:47,602 Starting Live from 2015-04-04 to 2015-04-10
2015-06-30 19:44:08,923 Starting Live from 2015-04-04 to 2015-04-10
2015-06-30 19:44:18,957 Starting Live from 2015-04-04 to 2015-04-10
2015-06-30 19:48:43,312 Starting Q Learning for : 
2015-06-30 19:48:43,312 alpha = 0.5
2015-06-30 19:48:43,313 gamma = 0.6
2015-06-30 19:48:43,313 individual factor = 10
2015-06-30 19:48:43,313 zero range = 0.002
2015-06-30 19:48:43,313 greedy level = 5
2015-06-30 19:48:43,313 

2015-06-30 19:48:44,298 Starting Training from 2015-01-01 to 2015-01-31
2015-06-30 19:49:20,998 Starting Q Learning for : 
2015-06-30 19:49:20,998 alpha = 0.4
2015-06-30 19:49:20,998 gamma = 0.8
2015-06-30 19:49:20,998 individual factor = 10
2015-06-30 19:49:20,998 zero range = 0.002
2015-06-30 19:49:20,998 greedy level = 5
2015-06-30 19:49:20,998 

2015-06-30 19:49:22,490 Starting Training from 2015-01-01 to 2015-01-31
2015-06-30 19:49:31,401 Starting Q Learning for : 
2015-06-30 19:49:31,401 alpha = 0.2
2015-06-30 19:49:31,401 gamma = 0.2
2015-06-30 19:49:31,402 individual factor = 10
2015-06-30 19:49:31,402 zero range = 0.002
2015-06-30 19:49:31,402 greedy level = 5
2015-06-30 19:49:31,402 

2015-06-30 19:49:32,942 Starting Training from 2015-01-01 to 2015-01-31
2015-06-30 20:04:23,126 Starting Live from 2015-02-01 to 2015-03-03
2015-06-30 20:04:53,819 Starting Live from 2015-02-01 to 2015-03-03
2015-06-30 20:04:55,705 Starting Live from 2015-02-01 to 2015-03-03
2015-06-30 20:20:19,617 Starting Training from 2015-02-01 to 2015-03-03
2015-06-30 20:20:55,606 Starting Training from 2015-02-01 to 2015-03-03
2015-06-30 20:20:56,995 Starting Training from 2015-02-01 to 2015-03-03
2015-06-30 20:21:28,467 Starting Live from 2015-03-04 to 2015-04-03
2015-06-30 20:22:02,868 Starting Live from 2015-03-04 to 2015-04-03
2015-06-30 20:22:04,801 Starting Live from 2015-03-04 to 2015-04-03
2015-06-30 20:42:55,817 Starting Training from 2015-03-04 to 2015-04-03
2015-06-30 20:43:50,520 Starting Training from 2015-03-04 to 2015-04-03
2015-06-30 20:43:54,616 Starting Training from 2015-03-04 to 2015-04-03
2015-06-30 20:44:29,855 Starting Live from 2015-04-04 to 2015-04-10
2015-06-30 20:45:17,320 Starting Live from 2015-04-04 to 2015-04-10
2015-06-30 20:45:21,228 Starting Live from 2015-04-04 to 2015-04-10
2015-06-30 20:49:08,906 Starting Q Learning for : 
2015-06-30 20:49:08,906 alpha = 0.5
2015-06-30 20:49:08,906 gamma = 0.7
2015-06-30 20:49:08,906 individual factor = 10
2015-06-30 20:49:08,907 zero range = 0.002
2015-06-30 20:49:08,907 greedy level = 5
2015-06-30 20:49:08,907 

2015-06-30 20:49:09,722 Starting Training from 2015-01-01 to 2015-01-31
2015-06-30 20:50:01,510 Starting Q Learning for : 
2015-06-30 20:50:01,510 alpha = 0.2
2015-06-30 20:50:01,510 gamma = 0.3
2015-06-30 20:50:01,510 individual factor = 10
2015-06-30 20:50:01,510 zero range = 0.002
2015-06-30 20:50:01,510 greedy level = 5
2015-06-30 20:50:01,510 

2015-06-30 20:50:02,299 Starting Q Learning for : 
2015-06-30 20:50:02,299 alpha = 0.6
2015-06-30 20:50:02,299 gamma = 0.1
2015-06-30 20:50:02,299 individual factor = 10
2015-06-30 20:50:02,299 zero range = 0.002
2015-06-30 20:50:02,299 greedy level = 5
2015-06-30 20:50:02,299 

2015-06-30 20:50:02,438 Starting Training from 2015-01-01 to 2015-01-31
2015-06-30 20:50:03,580 Starting Training from 2015-01-01 to 2015-01-31
2015-06-30 21:05:41,393 Starting Live from 2015-02-01 to 2015-03-03
2015-06-30 21:06:14,367 Starting Live from 2015-02-01 to 2015-03-03
2015-06-30 21:06:17,250 Starting Live from 2015-02-01 to 2015-03-03
2015-06-30 21:21:43,866 Starting Training from 2015-02-01 to 2015-03-03
2015-06-30 21:22:08,649 Starting Training from 2015-02-01 to 2015-03-03
2015-06-30 21:22:14,091 Starting Training from 2015-02-01 to 2015-03-03
2015-06-30 21:22:52,960 Starting Live from 2015-03-04 to 2015-04-03
2015-06-30 21:23:15,569 Starting Live from 2015-03-04 to 2015-04-03
2015-06-30 21:23:20,478 Starting Live from 2015-03-04 to 2015-04-03
2015-06-30 21:41:36,790 Starting Training from 2015-03-04 to 2015-04-03
2015-06-30 21:41:40,483 Starting Training from 2015-03-04 to 2015-04-03
2015-06-30 21:41:48,423 Starting Training from 2015-03-04 to 2015-04-03
2015-06-30 21:43:16,548 Starting Live from 2015-04-04 to 2015-04-10
2015-06-30 21:43:20,773 Starting Live from 2015-04-04 to 2015-04-10
2015-06-30 21:43:29,835 Starting Live from 2015-04-04 to 2015-04-10
2015-06-30 21:48:05,802 Starting Q Learning for : 
2015-06-30 21:48:05,802 alpha = 0.5
2015-06-30 21:48:05,802 gamma = 0.8
2015-06-30 21:48:05,802 individual factor = 10
2015-06-30 21:48:05,802 zero range = 0.002
2015-06-30 21:48:05,802 greedy level = 5
2015-06-30 21:48:05,802 

2015-06-30 21:48:05,909 Starting Q Learning for : 
2015-06-30 21:48:05,909 alpha = 0.6
2015-06-30 21:48:05,909 gamma = 0.2
2015-06-30 21:48:05,909 individual factor = 10
2015-06-30 21:48:05,909 zero range = 0.002
2015-06-30 21:48:05,909 greedy level = 5
2015-06-30 21:48:05,910 

2015-06-30 21:48:06,549 Starting Training from 2015-01-01 to 2015-01-31
2015-06-30 21:48:06,910 Starting Training from 2015-01-01 to 2015-01-31
2015-06-30 21:48:11,116 Starting Q Learning for : 
2015-06-30 21:48:11,116 alpha = 0.2
2015-06-30 21:48:11,116 gamma = 0.4
2015-06-30 21:48:11,116 individual factor = 10
2015-06-30 21:48:11,116 zero range = 0.002
2015-06-30 21:48:11,116 greedy level = 5
2015-06-30 21:48:11,116 

2015-06-30 21:48:11,640 Starting Training from 2015-01-01 to 2015-01-31
2015-06-30 22:04:43,381 Starting Live from 2015-02-01 to 2015-03-03
2015-06-30 22:04:55,441 Starting Live from 2015-02-01 to 2015-03-03
2015-06-30 22:04:57,285 Starting Live from 2015-02-01 to 2015-03-03
2015-06-30 22:20:38,278 Starting Training from 2015-02-01 to 2015-03-03
2015-06-30 22:20:46,418 Starting Training from 2015-02-01 to 2015-03-03
2015-06-30 22:21:02,631 Starting Training from 2015-02-01 to 2015-03-03
2015-06-30 22:21:48,403 Starting Live from 2015-03-04 to 2015-04-03
2015-06-30 22:21:55,363 Starting Live from 2015-03-04 to 2015-04-03
2015-06-30 22:22:08,663 Starting Live from 2015-03-04 to 2015-04-03
2015-06-30 22:40:11,085 Starting Training from 2015-03-04 to 2015-04-03
2015-06-30 22:40:11,092 Starting Training from 2015-03-04 to 2015-04-03
2015-06-30 22:41:35,474 Starting Training from 2015-03-04 to 2015-04-03
2015-06-30 22:43:31,154 Starting Live from 2015-04-04 to 2015-04-10
2015-06-30 22:43:31,598 Starting Live from 2015-04-04 to 2015-04-10
2015-06-30 22:44:49,466 Starting Live from 2015-04-04 to 2015-04-10
2015-06-30 22:48:46,027 Starting Q Learning for : 
2015-06-30 22:48:46,027 alpha = 0.6
2015-06-30 22:48:46,027 gamma = 0.3
2015-06-30 22:48:46,027 individual factor = 10
2015-06-30 22:48:46,027 zero range = 0.002
2015-06-30 22:48:46,027 greedy level = 5
2015-06-30 22:48:46,027 

2015-06-30 22:48:46,051 Starting Q Learning for : 
2015-06-30 22:48:46,051 alpha = 0.2
2015-06-30 22:48:46,051 gamma = 0.5
2015-06-30 22:48:46,051 individual factor = 10
2015-06-30 22:48:46,051 zero range = 0.002
2015-06-30 22:48:46,051 greedy level = 5
2015-06-30 22:48:46,051 

2015-06-30 22:48:46,801 Starting Training from 2015-01-01 to 2015-01-31
2015-06-30 22:48:47,189 Starting Training from 2015-01-01 to 2015-01-31
2015-06-30 22:49:41,170 Starting Q Learning for : 
2015-06-30 22:49:41,170 alpha = 0.4
2015-06-30 22:49:41,170 gamma = 0.1
2015-06-30 22:49:41,170 individual factor = 10
2015-06-30 22:49:41,170 zero range = 0.002
2015-06-30 22:49:41,170 greedy level = 5
2015-06-30 22:49:41,171 

2015-06-30 22:49:42,654 Starting Training from 2015-01-01 to 2015-01-31
2015-06-30 23:05:32,224 Starting Live from 2015-02-01 to 2015-03-03
2015-06-30 23:05:33,281 Starting Live from 2015-02-01 to 2015-03-03
2015-06-30 23:06:09,555 Starting Live from 2015-02-01 to 2015-03-03
2015-06-30 23:21:36,493 Starting Training from 2015-02-01 to 2015-03-03
2015-06-30 23:21:38,281 Starting Training from 2015-02-01 to 2015-03-03
2015-06-30 23:22:11,893 Starting Training from 2015-02-01 to 2015-03-03
2015-06-30 23:22:45,953 Starting Live from 2015-03-04 to 2015-04-03
2015-06-30 23:22:47,744 Starting Live from 2015-03-04 to 2015-04-03
2015-06-30 23:23:18,846 Starting Live from 2015-03-04 to 2015-04-03
2015-06-30 23:41:18,416 Starting Training from 2015-03-04 to 2015-04-03
2015-06-30 23:41:25,903 Starting Training from 2015-03-04 to 2015-04-03
2015-06-30 23:42:00,742 Starting Training from 2015-03-04 to 2015-04-03
2015-06-30 23:42:44,641 Starting Live from 2015-04-04 to 2015-04-10
2015-06-30 23:42:52,316 Starting Live from 2015-04-04 to 2015-04-10
2015-06-30 23:43:25,696 Starting Live from 2015-04-04 to 2015-04-10
2015-06-30 23:47:39,931 Starting Q Learning for : 
2015-06-30 23:47:39,931 alpha = 0.2
2015-06-30 23:47:39,931 gamma = 0.6
2015-06-30 23:47:39,931 individual factor = 10
2015-06-30 23:47:39,931 zero range = 0.002
2015-06-30 23:47:39,931 greedy level = 5
2015-06-30 23:47:39,932 

2015-06-30 23:47:41,248 Starting Training from 2015-01-01 to 2015-01-31
2015-06-30 23:47:46,863 Starting Q Learning for : 
2015-06-30 23:47:46,863 alpha = 0.6
2015-06-30 23:47:46,863 gamma = 0.4
2015-06-30 23:47:46,863 individual factor = 10
2015-06-30 23:47:46,863 zero range = 0.002
2015-06-30 23:47:46,863 greedy level = 5
2015-06-30 23:47:46,863 

2015-06-30 23:47:47,662 Starting Training from 2015-01-01 to 2015-01-31
2015-06-30 23:48:20,033 Starting Q Learning for : 
2015-06-30 23:48:20,033 alpha = 0.4
2015-06-30 23:48:20,033 gamma = 0.2
2015-06-30 23:48:20,033 individual factor = 10
2015-06-30 23:48:20,033 zero range = 0.002
2015-06-30 23:48:20,033 greedy level = 5
2015-06-30 23:48:20,033 

2015-06-30 23:48:20,578 Starting Training from 2015-01-01 to 2015-01-31
2015-07-01 00:03:53,587 Starting Live from 2015-02-01 to 2015-03-03
2015-07-01 00:03:57,532 Starting Live from 2015-02-01 to 2015-03-03
2015-07-01 00:04:34,299 Starting Live from 2015-02-01 to 2015-03-03
2015-07-01 00:19:58,927 Starting Training from 2015-02-01 to 2015-03-03
2015-07-01 00:20:00,608 Starting Training from 2015-02-01 to 2015-03-03
2015-07-01 00:20:38,300 Starting Training from 2015-02-01 to 2015-03-03
2015-07-01 00:21:06,907 Starting Live from 2015-03-04 to 2015-04-03
2015-07-01 00:21:08,406 Starting Live from 2015-03-04 to 2015-04-03
2015-07-01 00:21:46,831 Starting Live from 2015-03-04 to 2015-04-03
2015-07-01 00:39:33,560 Starting Training from 2015-03-04 to 2015-04-03
2015-07-01 00:39:35,817 Starting Training from 2015-03-04 to 2015-04-03
2015-07-01 00:40:12,195 Starting Training from 2015-03-04 to 2015-04-03
2015-07-01 00:40:54,719 Starting Live from 2015-04-04 to 2015-04-10
2015-07-01 00:40:59,504 Starting Live from 2015-04-04 to 2015-04-10
2015-07-01 00:42:23,344 Starting Live from 2015-04-04 to 2015-04-10
2015-07-01 00:47:29,607 Starting Q Learning for : 
2015-07-01 00:47:29,607 alpha = 0.2
2015-07-01 00:47:29,607 gamma = 0.7
2015-07-01 00:47:29,607 individual factor = 10
2015-07-01 00:47:29,607 zero range = 0.002
2015-07-01 00:47:29,607 greedy level = 5
2015-07-01 00:47:29,607 

2015-07-01 00:47:29,888 Starting Training from 2015-01-01 to 2015-01-31
2015-07-01 00:47:33,013 Starting Q Learning for : 
2015-07-01 00:47:33,013 alpha = 0.5
2015-07-01 00:47:33,013 gamma = 0.1
2015-07-01 00:47:33,013 individual factor = 10
2015-07-01 00:47:33,013 zero range = 0.006
2015-07-01 00:47:33,013 greedy level = 5
2015-07-01 00:47:33,013 

2015-07-01 00:47:35,008 Starting Training from 2015-01-01 to 2015-01-31
2015-07-01 00:48:22,394 Starting Q Learning for : 
2015-07-01 00:48:22,394 alpha = 0.4
2015-07-01 00:48:22,394 gamma = 0.3
2015-07-01 00:48:22,394 individual factor = 10
2015-07-01 00:48:22,395 zero range = 0.006
2015-07-01 00:48:22,395 greedy level = 5
2015-07-01 00:48:22,395 

2015-07-01 00:48:22,764 Starting Training from 2015-01-01 to 2015-01-31
2015-07-01 01:03:46,640 Starting Live from 2015-02-01 to 2015-03-03
2015-07-01 01:03:48,006 Starting Live from 2015-02-01 to 2015-03-03
2015-07-01 01:04:36,992 Starting Live from 2015-02-01 to 2015-03-03
2015-07-01 01:19:55,251 Starting Training from 2015-02-01 to 2015-03-03
2015-07-01 01:20:00,040 Starting Training from 2015-02-01 to 2015-03-03
2015-07-01 01:20:49,910 Starting Training from 2015-02-01 to 2015-03-03
2015-07-01 01:21:09,912 Starting Live from 2015-03-04 to 2015-04-03
2015-07-01 01:21:13,965 Starting Live from 2015-03-04 to 2015-04-03
2015-07-01 01:21:59,113 Starting Live from 2015-03-04 to 2015-04-03
2015-07-01 01:39:25,996 Starting Training from 2015-03-04 to 2015-04-03
2015-07-01 01:39:43,384 Starting Training from 2015-03-04 to 2015-04-03
2015-07-01 01:40:16,940 Starting Training from 2015-03-04 to 2015-04-03
2015-07-01 01:40:46,788 Starting Live from 2015-04-04 to 2015-04-10
2015-07-01 01:41:02,295 Starting Live from 2015-04-04 to 2015-04-10
2015-07-01 01:41:35,655 Starting Live from 2015-04-04 to 2015-04-10
2015-07-01 01:45:17,303 Starting Q Learning for : 
2015-07-01 01:45:17,303 alpha = 0.5
2015-07-01 01:45:17,303 gamma = 0.2
2015-07-01 01:45:17,303 individual factor = 10
2015-07-01 01:45:17,303 zero range = 0.006
2015-07-01 01:45:17,303 greedy level = 5
2015-07-01 01:45:17,303 

2015-07-01 01:45:17,634 Starting Training from 2015-01-01 to 2015-01-31
2015-07-01 01:45:36,745 Starting Q Learning for : 
2015-07-01 01:45:36,745 alpha = 0.2
2015-07-01 01:45:36,746 gamma = 0.8
2015-07-01 01:45:36,746 individual factor = 10
2015-07-01 01:45:36,746 zero range = 0.002
2015-07-01 01:45:36,746 greedy level = 5
2015-07-01 01:45:36,746 

2015-07-01 01:45:37,467 Starting Training from 2015-01-01 to 2015-01-31
2015-07-01 01:46:06,015 Starting Q Learning for : 
2015-07-01 01:46:06,015 alpha = 0.4
2015-07-01 01:46:06,015 gamma = 0.4
2015-07-01 01:46:06,015 individual factor = 10
2015-07-01 01:46:06,015 zero range = 0.006
2015-07-01 01:46:06,015 greedy level = 5
2015-07-01 01:46:06,015 

2015-07-01 01:46:07,024 Starting Training from 2015-01-01 to 2015-01-31
2015-07-01 02:02:43,005 Starting Live from 2015-02-01 to 2015-03-03
2015-07-01 02:03:01,660 Starting Live from 2015-02-01 to 2015-03-03
2015-07-01 02:03:32,545 Starting Live from 2015-02-01 to 2015-03-03
2015-07-01 02:18:47,752 Starting Training from 2015-02-01 to 2015-03-03
2015-07-01 02:19:19,646 Starting Training from 2015-02-01 to 2015-03-03
2015-07-01 02:19:36,136 Starting Training from 2015-02-01 to 2015-03-03
2015-07-01 02:19:53,896 Starting Live from 2015-03-04 to 2015-04-03
2015-07-01 02:20:24,873 Starting Live from 2015-03-04 to 2015-04-03
2015-07-01 02:20:44,358 Starting Live from 2015-03-04 to 2015-04-03
2015-07-01 02:37:50,613 Starting Training from 2015-03-04 to 2015-04-03
2015-07-01 02:38:40,581 Starting Training from 2015-03-04 to 2015-04-03
2015-07-01 02:38:55,044 Starting Training from 2015-03-04 to 2015-04-03
2015-07-01 02:39:17,770 Starting Live from 2015-04-04 to 2015-04-10
2015-07-01 02:40:03,538 Starting Live from 2015-04-04 to 2015-04-10
2015-07-01 02:40:20,275 Starting Live from 2015-04-04 to 2015-04-10
2015-07-01 02:45:21,319 Starting Q Learning for : 
2015-07-01 02:45:21,319 alpha = 0.5
2015-07-01 02:45:21,319 gamma = 0.3
2015-07-01 02:45:21,319 individual factor = 10
2015-07-01 02:45:21,320 zero range = 0.006
2015-07-01 02:45:21,320 greedy level = 5
2015-07-01 02:45:21,320 

2015-07-01 02:45:24,409 Starting Training from 2015-01-01 to 2015-01-31
2015-07-01 02:46:30,677 Starting Q Learning for : 
2015-07-01 02:46:30,677 alpha = 0.8
2015-07-01 02:46:30,677 gamma = 0.1
2015-07-01 02:46:30,677 individual factor = 10
2015-07-01 02:46:30,677 zero range = 0.002
2015-07-01 02:46:30,677 greedy level = 5
2015-07-01 02:46:30,677 

2015-07-01 02:46:31,697 Starting Training from 2015-01-01 to 2015-01-31
2015-07-01 02:46:44,077 Starting Q Learning for : 
2015-07-01 02:46:44,077 alpha = 0.4
2015-07-01 02:46:44,077 gamma = 0.5
2015-07-01 02:46:44,077 individual factor = 10
2015-07-01 02:46:44,077 zero range = 0.006
2015-07-01 02:46:44,077 greedy level = 5
2015-07-01 02:46:44,077 

2015-07-01 02:46:44,412 Starting Training from 2015-01-01 to 2015-01-31
2015-07-01 03:00:19,423 Starting Live from 2015-02-01 to 2015-03-03
2015-07-01 03:01:52,339 Starting Live from 2015-02-01 to 2015-03-03
2015-07-01 03:02:19,501 Starting Live from 2015-02-01 to 2015-03-03
2015-07-01 03:16:21,952 Starting Training from 2015-02-01 to 2015-03-03
2015-07-01 03:17:33,159 Starting Training from 2015-02-01 to 2015-03-03
2015-07-01 03:18:10,619 Starting Training from 2015-02-01 to 2015-03-03
2015-07-01 03:19:02,626 Starting Live from 2015-03-04 to 2015-04-03
2015-07-01 03:20:20,426 Starting Live from 2015-03-04 to 2015-04-03
2015-07-01 03:20:34,979 Starting Live from 2015-03-04 to 2015-04-03
2015-07-01 03:37:20,949 Starting Training from 2015-03-04 to 2015-04-03
2015-07-01 03:38:17,777 Starting Training from 2015-03-04 to 2015-04-03
2015-07-01 03:39:03,818 Starting Training from 2015-03-04 to 2015-04-03
2015-07-01 03:39:14,989 Starting Live from 2015-04-04 to 2015-04-10
2015-07-01 03:39:39,327 Starting Live from 2015-04-04 to 2015-04-10
2015-07-01 03:40:22,628 Starting Live from 2015-04-04 to 2015-04-10
2015-07-01 03:43:41,042 Starting Q Learning for : 
2015-07-01 03:43:41,042 alpha = 0.5
2015-07-01 03:43:41,042 gamma = 0.4
2015-07-01 03:43:41,042 individual factor = 10
2015-07-01 03:43:41,042 zero range = 0.006
2015-07-01 03:43:41,042 greedy level = 5
2015-07-01 03:43:41,042 

2015-07-01 03:43:41,771 Starting Training from 2015-01-01 to 2015-01-31
2015-07-01 03:44:05,593 Starting Q Learning for : 
2015-07-01 03:44:05,593 alpha = 0.8
2015-07-01 03:44:05,593 gamma = 0.2
2015-07-01 03:44:05,593 individual factor = 10
2015-07-01 03:44:05,593 zero range = 0.002
2015-07-01 03:44:05,593 greedy level = 5
2015-07-01 03:44:05,593 

2015-07-01 03:44:05,929 Starting Training from 2015-01-01 to 2015-01-31
2015-07-01 03:44:52,654 Starting Q Learning for : 
2015-07-01 03:44:52,654 alpha = 0.4
2015-07-01 03:44:52,654 gamma = 0.6
2015-07-01 03:44:52,654 individual factor = 10
2015-07-01 03:44:52,654 zero range = 0.006
2015-07-01 03:44:52,654 greedy level = 5
2015-07-01 03:44:52,654 

2015-07-01 03:44:52,950 Starting Training from 2015-01-01 to 2015-01-31
2015-07-01 03:58:53,739 Starting Live from 2015-02-01 to 2015-03-03
2015-07-01 03:59:14,910 Starting Live from 2015-02-01 to 2015-03-03
2015-07-01 04:00:08,950 Starting Live from 2015-02-01 to 2015-03-03
2015-07-01 04:14:06,215 Starting Training from 2015-02-01 to 2015-03-03
2015-07-01 04:14:35,557 Starting Training from 2015-02-01 to 2015-03-03
2015-07-01 04:15:18,089 Starting Live from 2015-03-04 to 2015-04-03
2015-07-01 04:15:27,673 Starting Training from 2015-02-01 to 2015-03-03
2015-07-01 04:15:46,982 Starting Live from 2015-03-04 to 2015-04-03
2015-07-01 04:16:35,595 Starting Live from 2015-03-04 to 2015-04-03
2015-07-01 04:34:31,775 Starting Training from 2015-03-04 to 2015-04-03
2015-07-01 04:34:43,289 Starting Training from 2015-03-04 to 2015-04-03
2015-07-01 04:35:47,763 Starting Live from 2015-04-04 to 2015-04-10
2015-07-01 04:35:51,265 Starting Training from 2015-03-04 to 2015-04-03
2015-07-01 04:35:57,891 Starting Live from 2015-04-04 to 2015-04-10
2015-07-01 04:37:13,844 Starting Live from 2015-04-04 to 2015-04-10
2015-07-01 04:40:31,623 Starting Q Learning for : 
2015-07-01 04:40:31,624 alpha = 0.5
2015-07-01 04:40:31,624 gamma = 0.5
2015-07-01 04:40:31,624 individual factor = 10
2015-07-01 04:40:31,624 zero range = 0.006
2015-07-01 04:40:31,624 greedy level = 5
2015-07-01 04:40:31,624 

2015-07-01 04:40:31,941 Starting Training from 2015-01-01 to 2015-01-31
2015-07-01 04:40:33,898 Starting Q Learning for : 
2015-07-01 04:40:33,898 alpha = 0.8
2015-07-01 04:40:33,898 gamma = 0.3
2015-07-01 04:40:33,898 individual factor = 10
2015-07-01 04:40:33,898 zero range = 0.002
2015-07-01 04:40:33,898 greedy level = 5
2015-07-01 04:40:33,898 

2015-07-01 04:40:34,779 Starting Training from 2015-01-01 to 2015-01-31
2015-07-01 04:41:47,564 Starting Q Learning for : 
2015-07-01 04:41:47,564 alpha = 0.4
2015-07-01 04:41:47,564 gamma = 0.7
2015-07-01 04:41:47,564 individual factor = 10
2015-07-01 04:41:47,564 zero range = 0.006
2015-07-01 04:41:47,565 greedy level = 5
2015-07-01 04:41:47,565 

2015-07-01 04:41:48,655 Starting Training from 2015-01-01 to 2015-01-31
2015-07-01 04:55:58,785 Starting Live from 2015-02-01 to 2015-03-03
2015-07-01 04:55:59,317 Starting Live from 2015-02-01 to 2015-03-03
2015-07-01 04:57:17,903 Starting Live from 2015-02-01 to 2015-03-03
2015-07-01 05:11:11,918 Starting Training from 2015-02-01 to 2015-03-03
2015-07-01 05:11:12,918 Starting Training from 2015-02-01 to 2015-03-03
2015-07-01 05:12:18,657 Starting Live from 2015-03-04 to 2015-04-03
2015-07-01 05:12:21,657 Starting Live from 2015-03-04 to 2015-04-03
2015-07-01 05:12:38,496 Starting Training from 2015-02-01 to 2015-03-03
2015-07-01 05:13:50,334 Starting Live from 2015-03-04 to 2015-04-03
2015-07-01 05:30:09,730 Starting Training from 2015-03-04 to 2015-04-03
2015-07-01 05:30:21,524 Starting Training from 2015-03-04 to 2015-04-03
2015-07-01 05:31:19,902 Starting Training from 2015-03-04 to 2015-04-03
2015-07-01 05:31:26,834 Starting Live from 2015-04-04 to 2015-04-10
2015-07-01 05:31:41,012 Starting Live from 2015-04-04 to 2015-04-10
2015-07-01 05:32:38,921 Starting Live from 2015-04-04 to 2015-04-10
2015-07-01 05:36:38,747 Starting Q Learning for : 
2015-07-01 05:36:38,747 alpha = 0.5
2015-07-01 05:36:38,747 gamma = 0.6
2015-07-01 05:36:38,747 individual factor = 10
2015-07-01 05:36:38,747 zero range = 0.006
2015-07-01 05:36:38,747 greedy level = 5
2015-07-01 05:36:38,747 

2015-07-01 05:36:40,769 Starting Training from 2015-01-01 to 2015-01-31
2015-07-01 05:37:12,690 Starting Q Learning for : 
2015-07-01 05:37:12,690 alpha = 0.8
2015-07-01 05:37:12,691 gamma = 0.4
2015-07-01 05:37:12,691 individual factor = 10
2015-07-01 05:37:12,691 zero range = 0.002
2015-07-01 05:37:12,691 greedy level = 5
2015-07-01 05:37:12,691 

2015-07-01 05:37:16,044 Starting Training from 2015-01-01 to 2015-01-31
2015-07-01 05:38:36,841 Starting Q Learning for : 
2015-07-01 05:38:36,841 alpha = 0.4
2015-07-01 05:38:36,841 gamma = 0.8
2015-07-01 05:38:36,841 individual factor = 10
2015-07-01 05:38:36,841 zero range = 0.006
2015-07-01 05:38:36,841 greedy level = 5
2015-07-01 05:38:36,842 

2015-07-01 05:38:40,608 Starting Training from 2015-01-01 to 2015-01-31
2015-07-01 05:51:26,269 Starting Live from 2015-02-01 to 2015-03-03
2015-07-01 05:51:41,539 Starting Live from 2015-02-01 to 2015-03-03
2015-07-01 05:52:38,148 Starting Live from 2015-02-01 to 2015-03-03
2015-07-01 06:07:14,058 Starting Training from 2015-02-01 to 2015-03-03
2015-07-01 06:07:20,825 Starting Training from 2015-02-01 to 2015-03-03
2015-07-01 06:08:31,977 Starting Training from 2015-02-01 to 2015-03-03
2015-07-01 06:08:34,576 Starting Live from 2015-03-04 to 2015-04-03
2015-07-01 06:08:40,734 Starting Live from 2015-03-04 to 2015-04-03
2015-07-01 06:10:29,969 Starting Live from 2015-03-04 to 2015-04-03
2015-07-01 06:28:22,816 Starting Training from 2015-03-04 to 2015-04-03
2015-07-01 06:28:41,640 Starting Training from 2015-03-04 to 2015-04-03
2015-07-01 06:30:05,765 Starting Training from 2015-03-04 to 2015-04-03
2015-07-01 06:30:27,831 Starting Live from 2015-04-04 to 2015-04-10
2015-07-01 06:30:34,500 Starting Live from 2015-04-04 to 2015-04-10
2015-07-01 06:31:32,876 Starting Live from 2015-04-04 to 2015-04-10
2015-07-01 06:35:05,848 Starting Q Learning for : 
2015-07-01 06:35:05,848 alpha = 0.8
2015-07-01 06:35:05,848 gamma = 0.5
2015-07-01 06:35:05,848 individual factor = 10
2015-07-01 06:35:05,848 zero range = 0.002
2015-07-01 06:35:05,848 greedy level = 5
2015-07-01 06:35:05,848 

2015-07-01 06:35:06,959 Starting Training from 2015-01-01 to 2015-01-31
2015-07-01 06:35:18,855 Starting Q Learning for : 
2015-07-01 06:35:18,855 alpha = 0.5
2015-07-01 06:35:18,855 gamma = 0.7
2015-07-01 06:35:18,855 individual factor = 10
2015-07-01 06:35:18,855 zero range = 0.006
2015-07-01 06:35:18,856 greedy level = 5
2015-07-01 06:35:18,856 

2015-07-01 06:35:19,746 Starting Training from 2015-01-01 to 2015-01-31
2015-07-01 06:36:07,146 Starting Q Learning for : 
2015-07-01 06:36:07,146 alpha = 0.6
2015-07-01 06:36:07,146 gamma = 0.1
2015-07-01 06:36:07,146 individual factor = 10
2015-07-01 06:36:07,146 zero range = 0.006
2015-07-01 06:36:07,146 greedy level = 5
2015-07-01 06:36:07,146 

2015-07-01 06:36:07,991 Starting Training from 2015-01-01 to 2015-01-31
2015-07-01 06:50:43,495 Starting Live from 2015-02-01 to 2015-03-03
2015-07-01 06:50:53,516 Starting Live from 2015-02-01 to 2015-03-03
2015-07-01 06:51:31,911 Starting Live from 2015-02-01 to 2015-03-03
2015-07-01 07:06:04,627 Starting Training from 2015-02-01 to 2015-03-03
2015-07-01 07:06:21,700 Starting Training from 2015-02-01 to 2015-03-03
2015-07-01 07:06:38,965 Starting Training from 2015-02-01 to 2015-03-03
2015-07-01 07:07:09,768 Starting Live from 2015-03-04 to 2015-04-03
2015-07-01 07:07:25,551 Starting Live from 2015-03-04 to 2015-04-03
2015-07-01 07:07:44,626 Starting Live from 2015-03-04 to 2015-04-03
2015-07-01 07:24:39,171 Starting Training from 2015-03-04 to 2015-04-03
2015-07-01 07:25:10,380 Starting Training from 2015-03-04 to 2015-04-03
2015-07-01 07:25:14,356 Starting Training from 2015-03-04 to 2015-04-03
2015-07-01 07:25:59,187 Starting Live from 2015-04-04 to 2015-04-10
2015-07-01 07:26:28,973 Starting Live from 2015-04-04 to 2015-04-10
2015-07-01 07:26:32,843 Starting Live from 2015-04-04 to 2015-04-10
2015-07-01 07:30:50,087 Starting Q Learning for : 
2015-07-01 07:30:50,087 alpha = 0.8
2015-07-01 07:30:50,087 gamma = 0.6
2015-07-01 07:30:50,087 individual factor = 10
2015-07-01 07:30:50,087 zero range = 0.002
2015-07-01 07:30:50,088 greedy level = 5
2015-07-01 07:30:50,088 

2015-07-01 07:30:50,535 Starting Training from 2015-01-01 to 2015-01-31
2015-07-01 07:31:27,709 Starting Q Learning for : 
2015-07-01 07:31:27,709 alpha = 0.5
2015-07-01 07:31:27,709 gamma = 0.8
2015-07-01 07:31:27,710 individual factor = 10
2015-07-01 07:31:27,710 zero range = 0.006
2015-07-01 07:31:27,710 greedy level = 5
2015-07-01 07:31:27,710 

2015-07-01 07:31:28,347 Starting Training from 2015-01-01 to 2015-01-31
2015-07-01 07:31:31,073 Starting Q Learning for : 
2015-07-01 07:31:31,073 alpha = 0.6
2015-07-01 07:31:31,073 gamma = 0.2
2015-07-01 07:31:31,073 individual factor = 10
2015-07-01 07:31:31,073 zero range = 0.006
2015-07-01 07:31:31,073 greedy level = 5
2015-07-01 07:31:31,073 

2015-07-01 07:31:31,494 Starting Training from 2015-01-01 to 2015-01-31
2015-07-01 07:45:57,062 Starting Live from 2015-02-01 to 2015-03-03
2015-07-01 07:46:29,826 Starting Live from 2015-02-01 to 2015-03-03
2015-07-01 07:46:30,764 Starting Live from 2015-02-01 to 2015-03-03
2015-07-01 08:01:21,802 Starting Training from 2015-02-01 to 2015-03-03
2015-07-01 08:01:38,812 Starting Training from 2015-02-01 to 2015-03-03
2015-07-01 08:01:43,875 Starting Training from 2015-02-01 to 2015-03-03
2015-07-01 08:02:24,566 Starting Live from 2015-03-04 to 2015-04-03
2015-07-01 08:02:44,501 Starting Live from 2015-03-04 to 2015-04-03
2015-07-01 08:02:49,708 Starting Live from 2015-03-04 to 2015-04-03
2015-07-01 08:19:55,724 Starting Training from 2015-03-04 to 2015-04-03
2015-07-01 08:20:18,820 Starting Training from 2015-03-04 to 2015-04-03
2015-07-01 08:20:31,717 Starting Training from 2015-03-04 to 2015-04-03
2015-07-01 08:21:15,800 Starting Live from 2015-04-04 to 2015-04-10
2015-07-01 08:21:38,933 Starting Live from 2015-04-04 to 2015-04-10
2015-07-01 08:21:53,331 Starting Live from 2015-04-04 to 2015-04-10
2015-07-01 08:25:40,525 Starting Q Learning for : 
2015-07-01 08:25:40,525 alpha = 0.8
2015-07-01 08:25:40,525 gamma = 0.7
2015-07-01 08:25:40,525 individual factor = 10
2015-07-01 08:25:40,525 zero range = 0.002
2015-07-01 08:25:40,526 greedy level = 5
2015-07-01 08:25:40,526 

2015-07-01 08:25:40,940 Starting Training from 2015-01-01 to 2015-01-31
2015-07-01 08:26:53,503 Starting Q Learning for : 
2015-07-01 08:26:53,503 alpha = 0.6
2015-07-01 08:26:53,503 gamma = 0.3
2015-07-01 08:26:53,503 individual factor = 10
2015-07-01 08:26:53,503 zero range = 0.006
2015-07-01 08:26:53,503 greedy level = 5
2015-07-01 08:26:53,503 

2015-07-01 08:26:55,803 Starting Training from 2015-01-01 to 2015-01-31
2015-07-01 08:27:30,680 Starting Q Learning for : 
2015-07-01 08:27:30,680 alpha = 0.4
2015-07-01 08:27:30,680 gamma = 0.1
2015-07-01 08:27:30,680 individual factor = 10
2015-07-01 08:27:30,680 zero range = 0.006
2015-07-01 08:27:30,680 greedy level = 5
2015-07-01 08:27:30,680 

2015-07-01 08:27:33,623 Starting Training from 2015-01-01 to 2015-01-31
2015-07-01 08:41:08,002 Starting Live from 2015-02-01 to 2015-03-03
2015-07-01 08:41:31,615 Starting Live from 2015-02-01 to 2015-03-03
2015-07-01 08:41:54,885 Starting Live from 2015-02-01 to 2015-03-03
2015-07-01 08:56:29,475 Starting Training from 2015-02-01 to 2015-03-03
2015-07-01 08:56:46,185 Starting Training from 2015-02-01 to 2015-03-03
2015-07-01 08:57:05,988 Starting Training from 2015-02-01 to 2015-03-03
2015-07-01 08:57:33,266 Starting Live from 2015-03-04 to 2015-04-03
2015-07-01 08:57:51,627 Starting Live from 2015-03-04 to 2015-04-03
2015-07-01 08:58:10,406 Starting Live from 2015-03-04 to 2015-04-03
2015-07-01 09:14:46,747 Starting Training from 2015-03-04 to 2015-04-03
2015-07-01 09:15:05,255 Starting Training from 2015-03-04 to 2015-04-03
2015-07-01 09:15:20,842 Starting Training from 2015-03-04 to 2015-04-03
2015-07-01 09:16:02,942 Starting Live from 2015-04-04 to 2015-04-10
2015-07-01 09:16:18,620 Starting Live from 2015-04-04 to 2015-04-10
2015-07-01 09:16:38,756 Starting Live from 2015-04-04 to 2015-04-10
2015-07-01 09:22:15,482 Starting Q Learning for : 
2015-07-01 09:22:15,482 alpha = 0.8
2015-07-01 09:22:15,482 gamma = 0.8
2015-07-01 09:22:15,482 individual factor = 10
2015-07-01 09:22:15,482 zero range = 0.002
2015-07-01 09:22:15,482 greedy level = 5
2015-07-01 09:22:15,482 

2015-07-01 09:22:16,066 Starting Training from 2015-01-01 to 2015-01-31
2015-07-01 09:22:36,023 Starting Q Learning for : 
2015-07-01 09:22:36,023 alpha = 0.6
2015-07-01 09:22:36,024 gamma = 0.4
2015-07-01 09:22:36,024 individual factor = 10
2015-07-01 09:22:36,024 zero range = 0.006
2015-07-01 09:22:36,024 greedy level = 5
2015-07-01 09:22:36,024 

2015-07-01 09:22:37,792 Starting Training from 2015-01-01 to 2015-01-31
2015-07-01 09:22:53,363 Starting Q Learning for : 
2015-07-01 09:22:53,363 alpha = 0.4
2015-07-01 09:22:53,363 gamma = 0.2
2015-07-01 09:22:53,363 individual factor = 10
2015-07-01 09:22:53,363 zero range = 0.006
2015-07-01 09:22:53,363 greedy level = 5
2015-07-01 09:22:53,363 

2015-07-01 09:22:53,777 Starting Training from 2015-01-01 to 2015-01-31
2015-07-01 09:36:53,655 Starting Live from 2015-02-01 to 2015-03-03
2015-07-01 09:37:07,194 Starting Live from 2015-02-01 to 2015-03-03
2015-07-01 09:37:43,428 Starting Live from 2015-02-01 to 2015-03-03
2015-07-01 09:51:14,526 Starting Training from 2015-02-01 to 2015-03-03
2015-07-01 09:51:19,252 Starting Training from 2015-02-01 to 2015-03-03
2015-07-01 09:51:37,453 Starting Training from 2015-02-01 to 2015-03-03
2015-07-01 09:52:26,832 Starting Live from 2015-03-04 to 2015-04-03
2015-07-01 09:52:38,364 Starting Live from 2015-03-04 to 2015-04-03
2015-07-01 09:53:23,633 Starting Live from 2015-03-04 to 2015-04-03
2015-07-01 10:09:46,470 Starting Training from 2015-03-04 to 2015-04-03
2015-07-01 10:09:54,297 Starting Training from 2015-03-04 to 2015-04-03
2015-07-01 10:10:08,347 Starting Training from 2015-03-04 to 2015-04-03
2015-07-01 10:12:08,728 Starting Live from 2015-04-04 to 2015-04-10
2015-07-01 10:12:31,341 Starting Live from 2015-04-04 to 2015-04-10
2015-07-01 10:13:10,807 Starting Live from 2015-04-04 to 2015-04-10
2015-07-01 10:17:40,059 Starting Q Learning for : 
2015-07-01 10:17:40,059 alpha = 0.6
2015-07-01 10:17:40,059 gamma = 0.5
2015-07-01 10:17:40,059 individual factor = 10
2015-07-01 10:17:40,059 zero range = 0.006
2015-07-01 10:17:40,060 greedy level = 5
2015-07-01 10:17:40,060 

2015-07-01 10:17:40,145 Starting Q Learning for : 
2015-07-01 10:17:40,145 alpha = 0.2
2015-07-01 10:17:40,145 gamma = 0.7
2015-07-01 10:17:40,145 individual factor = 10
2015-07-01 10:17:40,146 zero range = 0.006
2015-07-01 10:17:40,146 greedy level = 5
2015-07-01 10:17:40,146 

2015-07-01 10:17:41,485 Starting Training from 2015-01-01 to 2015-01-31
2015-07-01 10:17:42,859 Starting Training from 2015-01-01 to 2015-01-31
2015-07-01 10:18:10,839 Starting Q Learning for : 
2015-07-01 10:18:10,839 alpha = 0.5
2015-07-01 10:18:10,839 gamma = 0.1
2015-07-01 10:18:10,839 individual factor = 10
2015-07-01 10:18:10,839 zero range = 0.01
2015-07-01 10:18:10,839 greedy level = 5
2015-07-01 10:18:10,839 

2015-07-01 10:18:11,546 Starting Training from 2015-01-01 to 2015-01-31
2015-07-01 10:33:40,735 Starting Live from 2015-02-01 to 2015-03-03
2015-07-01 10:33:40,931 Starting Live from 2015-02-01 to 2015-03-03
2015-07-01 10:33:56,860 Starting Live from 2015-02-01 to 2015-03-03
2015-07-01 10:49:03,673 Starting Training from 2015-02-01 to 2015-03-03
2015-07-01 10:49:07,254 Starting Training from 2015-02-01 to 2015-03-03
2015-07-01 10:49:19,784 Starting Training from 2015-02-01 to 2015-03-03
2015-07-01 10:50:28,460 Starting Live from 2015-03-04 to 2015-04-03
2015-07-01 10:50:34,118 Starting Live from 2015-03-04 to 2015-04-03
2015-07-01 10:50:47,855 Starting Live from 2015-03-04 to 2015-04-03
2015-07-01 11:07:57,358 Starting Training from 2015-03-04 to 2015-04-03
2015-07-01 11:08:14,290 Starting Training from 2015-03-04 to 2015-04-03
2015-07-01 11:08:15,697 Starting Training from 2015-03-04 to 2015-04-03
2015-07-01 11:09:16,245 Starting Live from 2015-04-04 to 2015-04-10
2015-07-01 11:09:34,742 Starting Live from 2015-04-04 to 2015-04-10
2015-07-01 11:09:35,960 Starting Live from 2015-04-04 to 2015-04-10
2015-07-01 11:13:23,860 Starting Q Learning for : 
2015-07-01 11:13:23,860 alpha = 0.2
2015-07-01 11:13:23,860 gamma = 0.8
2015-07-01 11:13:23,860 individual factor = 10
2015-07-01 11:13:23,860 zero range = 0.006
2015-07-01 11:13:23,861 greedy level = 5
2015-07-01 11:13:23,861 

2015-07-01 11:13:24,591 Starting Training from 2015-01-01 to 2015-01-31
2015-07-01 11:13:53,372 Starting Q Learning for : 
2015-07-01 11:13:53,372 alpha = 0.6
2015-07-01 11:13:53,373 gamma = 0.6
2015-07-01 11:13:53,373 individual factor = 10
2015-07-01 11:13:53,373 zero range = 0.006
2015-07-01 11:13:53,373 greedy level = 5
2015-07-01 11:13:53,373 

2015-07-01 11:13:54,452 Starting Training from 2015-01-01 to 2015-01-31
2015-07-01 11:13:54,854 Starting Q Learning for : 
2015-07-01 11:13:54,854 alpha = 0.5
2015-07-01 11:13:54,854 gamma = 0.2
2015-07-01 11:13:54,855 individual factor = 10
2015-07-01 11:13:54,855 zero range = 0.01
2015-07-01 11:13:54,855 greedy level = 5
2015-07-01 11:13:54,855 

2015-07-01 11:13:56,136 Starting Training from 2015-01-01 to 2015-01-31
2015-07-01 11:29:01,014 Starting Live from 2015-02-01 to 2015-03-03
2015-07-01 11:29:17,744 Starting Live from 2015-02-01 to 2015-03-03
2015-07-01 11:29:25,928 Starting Live from 2015-02-01 to 2015-03-03
2015-07-01 11:44:14,937 Starting Training from 2015-02-01 to 2015-03-03
2015-07-01 11:44:32,954 Starting Training from 2015-02-01 to 2015-03-03
2015-07-01 11:44:38,922 Starting Training from 2015-02-01 to 2015-03-03
2015-07-01 11:45:18,534 Starting Live from 2015-03-04 to 2015-04-03
2015-07-01 11:45:35,987 Starting Live from 2015-03-04 to 2015-04-03
2015-07-01 11:45:40,878 Starting Live from 2015-03-04 to 2015-04-03
2015-07-01 12:02:44,114 Starting Training from 2015-03-04 to 2015-04-03
2015-07-01 12:02:51,552 Starting Training from 2015-03-04 to 2015-04-03
2015-07-01 12:03:08,568 Starting Training from 2015-03-04 to 2015-04-03
2015-07-01 12:04:00,416 Starting Live from 2015-04-04 to 2015-04-10
2015-07-01 12:04:08,270 Starting Live from 2015-04-04 to 2015-04-10
2015-07-01 12:04:23,276 Starting Live from 2015-04-04 to 2015-04-10
2015-07-01 12:08:12,083 Starting Q Learning for : 
2015-07-01 12:08:12,083 alpha = 0.8
2015-07-01 12:08:12,083 gamma = 0.1
2015-07-01 12:08:12,083 individual factor = 10
2015-07-01 12:08:12,083 zero range = 0.006
2015-07-01 12:08:12,083 greedy level = 5
2015-07-01 12:08:12,084 

2015-07-01 12:08:12,767 Starting Training from 2015-01-01 to 2015-01-31
2015-07-01 12:08:17,592 Starting Q Learning for : 
2015-07-01 12:08:17,592 alpha = 0.5
2015-07-01 12:08:17,592 gamma = 0.3
2015-07-01 12:08:17,592 individual factor = 10
2015-07-01 12:08:17,592 zero range = 0.01
2015-07-01 12:08:17,592 greedy level = 5
2015-07-01 12:08:17,592 

2015-07-01 12:08:18,610 Starting Training from 2015-01-01 to 2015-01-31
2015-07-01 12:08:32,958 Starting Q Learning for : 
2015-07-01 12:08:32,958 alpha = 0.6
2015-07-01 12:08:32,958 gamma = 0.7
2015-07-01 12:08:32,958 individual factor = 10
2015-07-01 12:08:32,958 zero range = 0.006
2015-07-01 12:08:32,958 greedy level = 5
2015-07-01 12:08:32,958 

2015-07-01 12:08:33,896 Starting Training from 2015-01-01 to 2015-01-31
2015-07-01 12:23:25,828 Starting Live from 2015-02-01 to 2015-03-03
2015-07-01 12:23:45,812 Starting Live from 2015-02-01 to 2015-03-03
2015-07-01 12:24:01,495 Starting Live from 2015-02-01 to 2015-03-03
2015-07-01 12:37:59,940 Starting Training from 2015-02-01 to 2015-03-03
2015-07-01 12:38:21,580 Starting Training from 2015-02-01 to 2015-03-03
2015-07-01 12:38:41,469 Starting Training from 2015-02-01 to 2015-03-03
2015-07-01 12:39:06,921 Starting Live from 2015-03-04 to 2015-04-03
2015-07-01 12:39:29,139 Starting Live from 2015-03-04 to 2015-04-03
2015-07-01 12:39:46,380 Starting Live from 2015-03-04 to 2015-04-03
2015-07-01 12:56:59,967 Starting Training from 2015-03-04 to 2015-04-03
2015-07-01 12:57:12,914 Starting Training from 2015-03-04 to 2015-04-03
2015-07-01 12:57:31,268 Starting Training from 2015-03-04 to 2015-04-03
2015-07-01 12:58:12,311 Starting Live from 2015-04-04 to 2015-04-10
2015-07-01 12:58:26,174 Starting Live from 2015-04-04 to 2015-04-10
2015-07-01 12:58:45,977 Starting Live from 2015-04-04 to 2015-04-10
2015-07-01 13:02:23,635 Starting Q Learning for : 
2015-07-01 13:02:23,635 alpha = 0.8
2015-07-01 13:02:23,635 gamma = 0.2
2015-07-01 13:02:23,635 individual factor = 10
2015-07-01 13:02:23,635 zero range = 0.006
2015-07-01 13:02:23,635 greedy level = 5
2015-07-01 13:02:23,635 

2015-07-01 13:02:24,590 Starting Training from 2015-01-01 to 2015-01-31
2015-07-01 13:02:41,870 Starting Q Learning for : 
2015-07-01 13:02:41,870 alpha = 0.5
2015-07-01 13:02:41,870 gamma = 0.4
2015-07-01 13:02:41,870 individual factor = 10
2015-07-01 13:02:41,871 zero range = 0.01
2015-07-01 13:02:41,871 greedy level = 5
2015-07-01 13:02:41,871 

2015-07-01 13:02:43,463 Starting Training from 2015-01-01 to 2015-01-31
2015-07-01 13:02:56,926 Starting Q Learning for : 
2015-07-01 13:02:56,926 alpha = 0.6
2015-07-01 13:02:56,927 gamma = 0.8
2015-07-01 13:02:56,927 individual factor = 10
2015-07-01 13:02:56,927 zero range = 0.006
2015-07-01 13:02:56,927 greedy level = 5
2015-07-01 13:02:56,927 

2015-07-01 13:02:58,214 Starting Training from 2015-01-01 to 2015-01-31
2015-07-01 13:17:40,688 Starting Live from 2015-02-01 to 2015-03-03
2015-07-01 13:18:03,551 Starting Live from 2015-02-01 to 2015-03-03
2015-07-01 13:18:30,264 Starting Live from 2015-02-01 to 2015-03-03
2015-07-01 13:32:37,704 Starting Training from 2015-02-01 to 2015-03-03
2015-07-01 13:32:56,290 Starting Training from 2015-02-01 to 2015-03-03
2015-07-01 13:33:27,406 Starting Training from 2015-02-01 to 2015-03-03
2015-07-01 13:33:43,273 Starting Live from 2015-03-04 to 2015-04-03
2015-07-01 13:34:03,097 Starting Live from 2015-03-04 to 2015-04-03
2015-07-01 13:34:34,586 Starting Live from 2015-03-04 to 2015-04-03
2015-07-01 13:51:05,255 Starting Training from 2015-03-04 to 2015-04-03
2015-07-01 13:51:08,094 Starting Training from 2015-03-04 to 2015-04-03
2015-07-01 13:52:07,927 Starting Training from 2015-03-04 to 2015-04-03
2015-07-01 13:52:19,842 Starting Live from 2015-04-04 to 2015-04-10
2015-07-01 13:52:23,373 Starting Live from 2015-04-04 to 2015-04-10
2015-07-01 13:53:22,663 Starting Live from 2015-04-04 to 2015-04-10
2015-07-01 13:56:20,038 Starting Q Learning for : 
2015-07-01 13:56:20,038 alpha = 0.5
2015-07-01 13:56:20,038 gamma = 0.5
2015-07-01 13:56:20,038 individual factor = 10
2015-07-01 13:56:20,038 zero range = 0.01
2015-07-01 13:56:20,038 greedy level = 5
2015-07-01 13:56:20,038 

2015-07-01 13:56:20,890 Starting Training from 2015-01-01 to 2015-01-31
2015-07-01 13:56:31,171 Starting Q Learning for : 
2015-07-01 13:56:31,171 alpha = 0.8
2015-07-01 13:56:31,171 gamma = 0.3
2015-07-01 13:56:31,171 individual factor = 10
2015-07-01 13:56:31,171 zero range = 0.006
2015-07-01 13:56:31,171 greedy level = 5
2015-07-01 13:56:31,171 

2015-07-01 13:56:31,866 Starting Training from 2015-01-01 to 2015-01-31
2015-07-01 13:57:35,752 Starting Q Learning for : 
2015-07-01 13:57:35,752 alpha = 0.2
2015-07-01 13:57:35,752 gamma = 0.1
2015-07-01 13:57:35,752 individual factor = 10
2015-07-01 13:57:35,752 zero range = 0.006
2015-07-01 13:57:35,752 greedy level = 5
2015-07-01 13:57:35,752 

2015-07-01 13:57:38,061 Starting Training from 2015-01-01 to 2015-01-31
2015-07-01 14:11:18,409 Starting Live from 2015-02-01 to 2015-03-03
2015-07-01 14:11:39,924 Starting Live from 2015-02-01 to 2015-03-03
2015-07-01 14:12:42,468 Starting Live from 2015-02-01 to 2015-03-03
2015-07-01 14:26:27,349 Starting Training from 2015-02-01 to 2015-03-03
2015-07-01 14:26:49,104 Starting Training from 2015-02-01 to 2015-03-03
2015-07-01 14:27:32,914 Starting Live from 2015-03-04 to 2015-04-03
2015-07-01 14:27:46,605 Starting Training from 2015-02-01 to 2015-03-03
2015-07-01 14:27:54,167 Starting Live from 2015-03-04 to 2015-04-03
2015-07-01 14:28:51,635 Starting Live from 2015-03-04 to 2015-04-03
2015-07-01 14:45:05,391 Starting Training from 2015-03-04 to 2015-04-03
2015-07-01 14:45:46,954 Starting Training from 2015-03-04 to 2015-04-03
2015-07-01 14:46:23,511 Starting Live from 2015-04-04 to 2015-04-10
2015-07-01 14:46:28,475 Starting Training from 2015-03-04 to 2015-04-03
2015-07-01 14:47:04,789 Starting Live from 2015-04-04 to 2015-04-10
2015-07-01 14:47:45,122 Starting Live from 2015-04-04 to 2015-04-10
2015-07-01 14:50:38,970 Starting Q Learning for : 
2015-07-01 14:50:38,970 alpha = 0.5
2015-07-01 14:50:38,970 gamma = 0.6
2015-07-01 14:50:38,970 individual factor = 10
2015-07-01 14:50:38,970 zero range = 0.01
2015-07-01 14:50:38,970 greedy level = 5
2015-07-01 14:50:38,970 

2015-07-01 14:50:39,621 Starting Training from 2015-01-01 to 2015-01-31
2015-07-01 14:51:19,740 Starting Q Learning for : 
2015-07-01 14:51:19,740 alpha = 0.8
2015-07-01 14:51:19,740 gamma = 0.4
2015-07-01 14:51:19,740 individual factor = 10
2015-07-01 14:51:19,740 zero range = 0.006
2015-07-01 14:51:19,740 greedy level = 5
2015-07-01 14:51:19,740 

2015-07-01 14:51:21,000 Starting Training from 2015-01-01 to 2015-01-31
2015-07-01 14:52:41,598 Starting Q Learning for : 
2015-07-01 14:52:41,598 alpha = 0.2
2015-07-01 14:52:41,598 gamma = 0.2
2015-07-01 14:52:41,598 individual factor = 10
2015-07-01 14:52:41,598 zero range = 0.006
2015-07-01 14:52:41,598 greedy level = 5
2015-07-01 14:52:41,598 

2015-07-01 14:52:42,852 Starting Training from 2015-01-01 to 2015-01-31
2015-07-01 15:05:45,633 Starting Live from 2015-02-01 to 2015-03-03
2015-07-01 15:06:25,204 Starting Live from 2015-02-01 to 2015-03-03
2015-07-01 15:06:58,038 Starting Live from 2015-02-01 to 2015-03-03
2015-07-01 15:21:04,683 Starting Training from 2015-02-01 to 2015-03-03
2015-07-01 15:21:42,457 Starting Training from 2015-02-01 to 2015-03-03
2015-07-01 15:22:09,321 Starting Training from 2015-02-01 to 2015-03-03
2015-07-01 15:22:10,123 Starting Live from 2015-03-04 to 2015-04-03
2015-07-01 15:22:46,041 Starting Live from 2015-03-04 to 2015-04-03
2015-07-01 15:23:11,507 Starting Live from 2015-03-04 to 2015-04-03
2015-07-01 15:39:40,204 Starting Training from 2015-03-04 to 2015-04-03
2015-07-01 15:40:10,807 Starting Training from 2015-03-04 to 2015-04-03
2015-07-01 15:40:34,127 Starting Training from 2015-03-04 to 2015-04-03
2015-07-01 15:40:57,269 Starting Live from 2015-04-04 to 2015-04-10
2015-07-01 15:41:28,423 Starting Live from 2015-04-04 to 2015-04-10
2015-07-01 15:41:53,455 Starting Live from 2015-04-04 to 2015-04-10
2015-07-01 15:47:03,251 Starting Q Learning for : 
2015-07-01 15:47:03,251 alpha = 0.5
2015-07-01 15:47:03,251 gamma = 0.7
2015-07-01 15:47:03,251 individual factor = 10
2015-07-01 15:47:03,251 zero range = 0.01
2015-07-01 15:47:03,251 greedy level = 5
2015-07-01 15:47:03,251 

2015-07-01 15:47:07,272 Starting Training from 2015-01-01 to 2015-01-31
2015-07-01 15:47:47,913 Starting Q Learning for : 
2015-07-01 15:47:47,913 alpha = 0.8
2015-07-01 15:47:47,913 gamma = 0.5
2015-07-01 15:47:47,913 individual factor = 10
2015-07-01 15:47:47,913 zero range = 0.006
2015-07-01 15:47:47,914 greedy level = 5
2015-07-01 15:47:47,914 

2015-07-01 15:47:48,328 Starting Training from 2015-01-01 to 2015-01-31
2015-07-01 15:48:15,248 Starting Q Learning for : 
2015-07-01 15:48:15,248 alpha = 0.2
2015-07-01 15:48:15,248 gamma = 0.3
2015-07-01 15:48:15,248 individual factor = 10
2015-07-01 15:48:15,248 zero range = 0.006
2015-07-01 15:48:15,248 greedy level = 5
2015-07-01 15:48:15,248 

2015-07-01 15:48:16,503 Starting Training from 2015-01-01 to 2015-01-31
2015-07-01 16:00:53,213 Starting Live from 2015-02-01 to 2015-03-03
2015-07-01 16:01:19,749 Starting Live from 2015-02-01 to 2015-03-03
2015-07-01 16:02:10,331 Starting Live from 2015-02-01 to 2015-03-03
2015-07-01 16:15:54,193 Starting Training from 2015-02-01 to 2015-03-03
2015-07-01 16:16:10,842 Starting Training from 2015-02-01 to 2015-03-03
2015-07-01 16:16:34,752 Starting Training from 2015-02-01 to 2015-03-03
2015-07-01 16:16:57,744 Starting Live from 2015-03-04 to 2015-04-03
2015-07-01 16:17:12,583 Starting Live from 2015-03-04 to 2015-04-03
2015-07-01 16:17:37,177 Starting Live from 2015-03-04 to 2015-04-03
2015-07-01 16:34:13,009 Starting Training from 2015-03-04 to 2015-04-03
2015-07-01 16:34:28,395 Starting Training from 2015-03-04 to 2015-04-03
2015-07-01 16:34:38,997 Starting Training from 2015-03-04 to 2015-04-03
2015-07-01 16:35:31,111 Starting Live from 2015-04-04 to 2015-04-10
2015-07-01 16:35:47,617 Starting Live from 2015-04-04 to 2015-04-10
2015-07-01 16:36:09,169 Starting Live from 2015-04-04 to 2015-04-10
2015-07-01 16:41:49,051 Starting Q Learning for : 
2015-07-01 16:41:49,051 alpha = 0.5
2015-07-01 16:41:49,051 gamma = 0.8
2015-07-01 16:41:49,051 individual factor = 10
2015-07-01 16:41:49,051 zero range = 0.01
2015-07-01 16:41:49,051 greedy level = 5
2015-07-01 16:41:49,051 

2015-07-01 16:41:49,553 Starting Training from 2015-01-01 to 2015-01-31
2015-07-01 16:42:08,833 Starting Q Learning for : 
2015-07-01 16:42:08,833 alpha = 0.8
2015-07-01 16:42:08,833 gamma = 0.6
2015-07-01 16:42:08,833 individual factor = 10
2015-07-01 16:42:08,834 zero range = 0.006
2015-07-01 16:42:08,834 greedy level = 5
2015-07-01 16:42:08,834 

2015-07-01 16:42:09,749 Starting Training from 2015-01-01 to 2015-01-31
2015-07-01 16:42:17,799 Starting Q Learning for : 
2015-07-01 16:42:17,799 alpha = 0.2
2015-07-01 16:42:17,799 gamma = 0.4
2015-07-01 16:42:17,799 individual factor = 10
2015-07-01 16:42:17,799 zero range = 0.006
2015-07-01 16:42:17,799 greedy level = 5
2015-07-01 16:42:17,800 

2015-07-01 16:42:18,439 Starting Training from 2015-01-01 to 2015-01-31
2015-07-01 16:57:08,290 Starting Live from 2015-02-01 to 2015-03-03
2015-07-01 16:57:30,986 Starting Live from 2015-02-01 to 2015-03-03
2015-07-01 16:57:31,557 Starting Live from 2015-02-01 to 2015-03-03
2015-07-01 17:10:39,884 Starting Training from 2015-02-01 to 2015-03-03
2015-07-01 17:10:54,995 Starting Training from 2015-02-01 to 2015-03-03
2015-07-01 17:10:59,267 Starting Training from 2015-02-01 to 2015-03-03
2015-07-01 17:13:00,104 Starting Live from 2015-03-04 to 2015-04-03
2015-07-01 17:13:37,162 Starting Live from 2015-03-04 to 2015-04-03
2015-07-01 17:13:51,100 Starting Live from 2015-03-04 to 2015-04-03
2015-07-01 17:29:56,375 Starting Training from 2015-03-04 to 2015-04-03
2015-07-01 17:30:45,910 Starting Training from 2015-03-04 to 2015-04-03
2015-07-01 17:31:55,613 Starting Training from 2015-03-04 to 2015-04-03
2015-07-01 17:33:18,565 Starting Live from 2015-04-04 to 2015-04-10
2015-07-01 17:33:37,185 Starting Live from 2015-04-04 to 2015-04-10
2015-07-01 17:34:02,520 Starting Live from 2015-04-04 to 2015-04-10
2015-07-01 17:37:43,098 Starting Q Learning for : 
2015-07-01 17:37:43,098 alpha = 0.4
2015-07-01 17:37:43,098 gamma = 0.1
2015-07-01 17:37:43,099 individual factor = 10
2015-07-01 17:37:43,099 zero range = 0.01
2015-07-01 17:37:43,099 greedy level = 5
2015-07-01 17:37:43,099 

2015-07-01 17:37:44,502 Starting Training from 2015-01-01 to 2015-01-31
2015-07-01 17:37:59,296 Starting Q Learning for : 
2015-07-01 17:37:59,296 alpha = 0.2
2015-07-01 17:37:59,296 gamma = 0.5
2015-07-01 17:37:59,296 individual factor = 10
2015-07-01 17:37:59,296 zero range = 0.006
2015-07-01 17:37:59,296 greedy level = 5
2015-07-01 17:37:59,296 

2015-07-01 17:38:00,481 Starting Training from 2015-01-01 to 2015-01-31
2015-07-01 17:38:38,988 Starting Q Learning for : 
2015-07-01 17:38:38,988 alpha = 0.8
2015-07-01 17:38:38,988 gamma = 0.7
2015-07-01 17:38:38,989 individual factor = 10
2015-07-01 17:38:38,989 zero range = 0.006
2015-07-01 17:38:38,989 greedy level = 5
2015-07-01 17:38:38,989 

2015-07-01 17:38:39,463 Starting Training from 2015-01-01 to 2015-01-31
2015-07-01 17:53:05,978 Starting Live from 2015-02-01 to 2015-03-03
2015-07-01 17:53:26,371 Starting Live from 2015-02-01 to 2015-03-03
2015-07-01 17:54:04,883 Starting Live from 2015-02-01 to 2015-03-03
2015-07-01 18:07:36,078 Starting Training from 2015-02-01 to 2015-03-03
2015-07-01 18:08:32,937 Starting Training from 2015-02-01 to 2015-03-03
2015-07-01 18:09:05,879 Starting Training from 2015-02-01 to 2015-03-03
2015-07-01 18:09:16,026 Starting Live from 2015-03-04 to 2015-04-03
2015-07-01 18:09:41,288 Starting Live from 2015-03-04 to 2015-04-03
2015-07-01 18:10:13,354 Starting Live from 2015-03-04 to 2015-04-03
2015-07-01 18:26:53,897 Starting Training from 2015-03-04 to 2015-04-03
2015-07-01 18:27:42,389 Starting Training from 2015-03-04 to 2015-04-03
2015-07-01 18:28:06,426 Starting Live from 2015-04-04 to 2015-04-10
2015-07-01 18:28:19,762 Starting Training from 2015-03-04 to 2015-04-03
2015-07-01 18:28:58,054 Starting Live from 2015-04-04 to 2015-04-10
2015-07-01 18:29:35,989 Starting Live from 2015-04-04 to 2015-04-10
2015-07-01 18:32:11,371 Starting Q Learning for : 
2015-07-01 18:32:11,371 alpha = 0.4
2015-07-01 18:32:11,371 gamma = 0.2
2015-07-01 18:32:11,371 individual factor = 10
2015-07-01 18:32:11,371 zero range = 0.01
2015-07-01 18:32:11,371 greedy level = 5
2015-07-01 18:32:11,371 

2015-07-01 18:32:12,721 Starting Training from 2015-01-01 to 2015-01-31
2015-07-01 18:33:12,916 Starting Q Learning for : 
2015-07-01 18:33:12,916 alpha = 0.2
2015-07-01 18:33:12,917 gamma = 0.6
2015-07-01 18:33:12,917 individual factor = 10
2015-07-01 18:33:12,917 zero range = 0.006
2015-07-01 18:33:12,917 greedy level = 5
2015-07-01 18:33:12,917 

2015-07-01 18:33:13,352 Starting Training from 2015-01-01 to 2015-01-31
2015-07-01 18:33:54,209 Starting Q Learning for : 
2015-07-01 18:33:54,209 alpha = 0.8
2015-07-01 18:33:54,209 gamma = 0.8
2015-07-01 18:33:54,209 individual factor = 10
2015-07-01 18:33:54,209 zero range = 0.006
2015-07-01 18:33:54,209 greedy level = 5
2015-07-01 18:33:54,210 

2015-07-01 18:33:54,728 Starting Training from 2015-01-01 to 2015-01-31
2015-07-01 18:47:45,663 Starting Live from 2015-02-01 to 2015-03-03
2015-07-01 18:48:45,207 Starting Live from 2015-02-01 to 2015-03-03
2015-07-01 18:49:35,843 Starting Live from 2015-02-01 to 2015-03-03
2015-07-01 19:03:16,492 Starting Training from 2015-02-01 to 2015-03-03
2015-07-01 19:04:16,870 Starting Live from 2015-03-04 to 2015-04-03
2015-07-01 19:04:23,690 Starting Training from 2015-02-01 to 2015-03-03
2015-07-01 19:04:58,073 Starting Training from 2015-02-01 to 2015-03-03
2015-07-01 19:05:27,792 Starting Live from 2015-03-04 to 2015-04-03
2015-07-01 19:06:06,214 Starting Live from 2015-03-04 to 2015-04-03
2015-07-01 19:21:33,573 Starting Training from 2015-03-04 to 2015-04-03
2015-07-01 19:22:49,539 Starting Live from 2015-04-04 to 2015-04-10
2015-07-01 19:22:55,385 Starting Training from 2015-03-04 to 2015-04-03
2015-07-01 19:23:32,002 Starting Training from 2015-03-04 to 2015-04-03
2015-07-01 19:24:09,387 Starting Live from 2015-04-04 to 2015-04-10
2015-07-01 19:24:50,925 Starting Live from 2015-04-04 to 2015-04-10
2015-07-01 19:27:08,583 Starting Q Learning for : 
2015-07-01 19:27:08,583 alpha = 0.4
2015-07-01 19:27:08,583 gamma = 0.3
2015-07-01 19:27:08,583 individual factor = 10
2015-07-01 19:27:08,583 zero range = 0.01
2015-07-01 19:27:08,583 greedy level = 5
2015-07-01 19:27:08,583 

2015-07-01 19:27:08,905 Starting Training from 2015-01-01 to 2015-01-31
2015-07-01 19:29:16,668 Starting Q Learning for : 
2015-07-01 19:29:16,668 alpha = 0.6
2015-07-01 19:29:16,668 gamma = 0.5
2015-07-01 19:29:16,668 individual factor = 10
2015-07-01 19:29:16,668 zero range = 0.01
2015-07-01 19:29:16,668 greedy level = 5
2015-07-01 19:29:16,668 

2015-07-01 19:29:18,211 Starting Training from 2015-01-01 to 2015-01-31
2015-07-01 19:31:21,415 Starting Q Learning for : 
2015-07-01 19:31:21,415 alpha = 0.2
2015-07-01 19:31:21,415 gamma = 0.7
2015-07-01 19:31:21,415 individual factor = 10
2015-07-01 19:31:21,415 zero range = 0.01
2015-07-01 19:31:21,415 greedy level = 5
2015-07-01 19:31:21,415 

2015-07-01 19:31:23,494 Starting Training from 2015-01-01 to 2015-01-31
2015-07-01 19:49:25,213 Starting Live from 2015-02-01 to 2015-03-03
2015-07-01 19:50:57,744 Starting Live from 2015-02-01 to 2015-03-03
2015-07-01 19:52:07,851 Starting Live from 2015-02-01 to 2015-03-03
2015-07-01 20:04:31,704 Starting Training from 2015-02-01 to 2015-03-03
2015-07-01 20:05:38,150 Starting Live from 2015-03-04 to 2015-04-03
2015-07-01 20:05:58,336 Starting Training from 2015-02-01 to 2015-03-03
2015-07-01 20:06:42,677 Starting Training from 2015-02-01 to 2015-03-03
2015-07-01 20:07:06,446 Starting Live from 2015-03-04 to 2015-04-03
2015-07-01 20:07:51,891 Starting Live from 2015-03-04 to 2015-04-03
2015-07-01 20:22:51,417 Starting Training from 2015-03-04 to 2015-04-03
2015-07-01 20:24:08,777 Starting Live from 2015-04-04 to 2015-04-10
2015-07-01 20:24:43,925 Starting Training from 2015-03-04 to 2015-04-03
2015-07-01 20:25:11,518 Starting Training from 2015-03-04 to 2015-04-03
2015-07-01 20:25:56,911 Starting Live from 2015-04-04 to 2015-04-10
2015-07-01 20:26:29,011 Starting Live from 2015-04-04 to 2015-04-10
2015-07-01 20:30:08,250 Starting Q Learning for : 
2015-07-01 20:30:08,251 alpha = 0.4
2015-07-01 20:30:08,251 gamma = 0.4
2015-07-01 20:30:08,251 individual factor = 10
2015-07-01 20:30:08,251 zero range = 0.01
2015-07-01 20:30:08,251 greedy level = 5
2015-07-01 20:30:08,251 

2015-07-01 20:30:09,681 Starting Training from 2015-01-01 to 2015-01-31
2015-07-01 20:32:33,140 Starting Q Learning for : 
2015-07-01 20:32:33,141 alpha = 0.6
2015-07-01 20:32:33,141 gamma = 0.6
2015-07-01 20:32:33,141 individual factor = 10
2015-07-01 20:32:33,141 zero range = 0.01
2015-07-01 20:32:33,141 greedy level = 5
2015-07-01 20:32:33,141 

2015-07-01 20:32:35,060 Starting Training from 2015-01-01 to 2015-01-31
2015-07-01 20:33:00,008 Starting Q Learning for : 
2015-07-01 20:33:00,008 alpha = 0.2
2015-07-01 20:33:00,008 gamma = 0.8
2015-07-01 20:33:00,008 individual factor = 10
2015-07-01 20:33:00,008 zero range = 0.01
2015-07-01 20:33:00,008 greedy level = 5
2015-07-01 20:33:00,008 

2015-07-01 20:33:00,752 Starting Training from 2015-01-01 to 2015-01-31
2015-07-01 20:43:46,807 Starting Live from 2015-02-01 to 2015-03-03
2015-07-01 20:47:27,660 Starting Live from 2015-02-01 to 2015-03-03
2015-07-01 20:48:11,596 Starting Live from 2015-02-01 to 2015-03-03
2015-07-01 20:58:28,693 Starting Training from 2015-02-01 to 2015-03-03
2015-07-01 20:59:36,617 Starting Live from 2015-03-04 to 2015-04-03
2015-07-01 21:00:46,116 Starting Training from 2015-02-01 to 2015-03-03
2015-07-01 21:01:46,284 Starting Training from 2015-02-01 to 2015-03-03
2015-07-01 21:03:19,830 Starting Live from 2015-03-04 to 2015-04-03
2015-07-01 21:04:47,142 Starting Live from 2015-03-04 to 2015-04-03
2015-07-01 21:16:56,880 Starting Training from 2015-03-04 to 2015-04-03
2015-07-01 21:18:13,954 Starting Live from 2015-04-04 to 2015-04-10
2015-07-01 21:21:05,611 Starting Training from 2015-03-04 to 2015-04-03
2015-07-01 21:22:24,392 Starting Training from 2015-03-04 to 2015-04-03
2015-07-01 21:23:18,915 Starting Live from 2015-04-04 to 2015-04-10
2015-07-01 21:23:47,617 Starting Live from 2015-04-04 to 2015-04-10
2015-07-01 21:24:39,164 Starting Q Learning for : 
2015-07-01 21:24:39,164 alpha = 0.4
2015-07-01 21:24:39,164 gamma = 0.5
2015-07-01 21:24:39,164 individual factor = 10
2015-07-01 21:24:39,165 zero range = 0.01
2015-07-01 21:24:39,165 greedy level = 5
2015-07-01 21:24:39,165 

2015-07-01 21:24:40,578 Starting Training from 2015-01-01 to 2015-01-31
2015-07-01 21:27:32,908 Starting Q Learning for : 
2015-07-01 21:27:32,908 alpha = 0.6
2015-07-01 21:27:32,908 gamma = 0.7
2015-07-01 21:27:32,908 individual factor = 10
2015-07-01 21:27:32,908 zero range = 0.01
2015-07-01 21:27:32,908 greedy level = 5
2015-07-01 21:27:32,908 

2015-07-01 21:27:33,669 Starting Training from 2015-01-01 to 2015-01-31
2015-07-01 21:28:02,272 Starting Q Learning for : 
2015-07-01 21:28:02,272 alpha = 0.8
2015-07-01 21:28:02,272 gamma = 0.1
2015-07-01 21:28:02,272 individual factor = 10
2015-07-01 21:28:02,272 zero range = 0.01
2015-07-01 21:28:02,272 greedy level = 5
2015-07-01 21:28:02,272 

2015-07-01 21:28:03,155 Starting Training from 2015-01-01 to 2015-01-31
2015-07-01 21:39:56,813 Starting Live from 2015-02-01 to 2015-03-03
2015-07-01 21:43:32,629 Starting Live from 2015-02-01 to 2015-03-03
2015-07-01 21:43:58,888 Starting Live from 2015-02-01 to 2015-03-03
2015-07-01 21:53:41,561 Starting Training from 2015-02-01 to 2015-03-03
2015-07-01 21:56:40,777 Starting Live from 2015-03-04 to 2015-04-03
2015-07-01 21:58:46,715 Starting Training from 2015-02-01 to 2015-03-03
2015-07-01 21:59:05,646 Starting Training from 2015-02-01 to 2015-03-03
2015-07-01 21:59:49,875 Starting Live from 2015-03-04 to 2015-04-03
2015-07-01 22:00:09,555 Starting Live from 2015-03-04 to 2015-04-03
2015-07-01 22:14:14,463 Starting Training from 2015-03-04 to 2015-04-03
2015-07-01 22:15:59,589 Starting Live from 2015-04-04 to 2015-04-10
2015-07-01 22:17:18,656 Starting Training from 2015-03-04 to 2015-04-03
2015-07-01 22:17:24,310 Starting Training from 2015-03-04 to 2015-04-03
2015-07-01 22:18:37,495 Starting Live from 2015-04-04 to 2015-04-10
2015-07-01 22:18:44,042 Starting Live from 2015-04-04 to 2015-04-10
2015-07-01 22:20:19,900 Starting Q Learning for : 
2015-07-01 22:20:19,900 alpha = 0.4
2015-07-01 22:20:19,900 gamma = 0.6
2015-07-01 22:20:19,900 individual factor = 10
2015-07-01 22:20:19,900 zero range = 0.01
2015-07-01 22:20:19,900 greedy level = 5
2015-07-01 22:20:19,900 

2015-07-01 22:20:20,788 Starting Training from 2015-01-01 to 2015-01-31
2015-07-01 22:22:51,761 Starting Q Learning for : 
2015-07-01 22:22:51,761 alpha = 0.6
2015-07-01 22:22:51,761 gamma = 0.8
2015-07-01 22:22:51,761 individual factor = 10
2015-07-01 22:22:51,761 zero range = 0.01
2015-07-01 22:22:51,761 greedy level = 5
2015-07-01 22:22:51,761 

2015-07-01 22:22:51,830 Starting Q Learning for : 
2015-07-01 22:22:51,830 alpha = 0.8
2015-07-01 22:22:51,830 gamma = 0.2
2015-07-01 22:22:51,831 individual factor = 10
2015-07-01 22:22:51,831 zero range = 0.01
2015-07-01 22:22:51,831 greedy level = 5
2015-07-01 22:22:51,831 

2015-07-01 22:22:52,235 Starting Training from 2015-01-01 to 2015-01-31
2015-07-01 22:22:54,088 Starting Training from 2015-01-01 to 2015-01-31
2015-07-01 22:35:32,686 Starting Live from 2015-02-01 to 2015-03-03
2015-07-01 22:38:13,539 Starting Live from 2015-02-01 to 2015-03-03
2015-07-01 22:38:26,145 Starting Live from 2015-02-01 to 2015-03-03
2015-07-01 22:56:06,958 Starting Training from 2015-02-01 to 2015-03-03
2015-07-01 22:57:15,325 Starting Live from 2015-03-04 to 2015-04-03
2015-07-01 22:59:03,204 Starting Training from 2015-02-01 to 2015-03-03
2015-07-01 22:59:21,823 Starting Training from 2015-02-01 to 2015-03-03
2015-07-01 23:00:15,748 Starting Live from 2015-03-04 to 2015-04-03
2015-07-01 23:00:33,869 Starting Live from 2015-03-04 to 2015-04-03
2015-07-01 23:16:19,734 Starting Training from 2015-03-04 to 2015-04-03
2015-07-01 23:17:45,565 Starting Live from 2015-04-04 to 2015-04-10
2015-07-01 23:19:36,411 Starting Training from 2015-03-04 to 2015-04-03
2015-07-01 23:20:04,687 Starting Training from 2015-03-04 to 2015-04-03
2015-07-01 23:21:00,242 Starting Live from 2015-04-04 to 2015-04-10
2015-07-01 23:21:26,617 Starting Live from 2015-04-04 to 2015-04-10
2015-07-01 23:23:22,284 Starting Q Learning for : 
2015-07-01 23:23:22,284 alpha = 0.4
2015-07-01 23:23:22,284 gamma = 0.7
2015-07-01 23:23:22,284 individual factor = 10
2015-07-01 23:23:22,285 zero range = 0.01
2015-07-01 23:23:22,285 greedy level = 5
2015-07-01 23:23:22,285 

2015-07-01 23:23:25,377 Starting Training from 2015-01-01 to 2015-01-31
2015-07-01 23:27:36,242 Starting Q Learning for : 
2015-07-01 23:27:36,242 alpha = 0.8
2015-07-01 23:27:36,242 gamma = 0.3
2015-07-01 23:27:36,242 individual factor = 10
2015-07-01 23:27:36,242 zero range = 0.01
2015-07-01 23:27:36,242 greedy level = 5
2015-07-01 23:27:36,242 

2015-07-01 23:27:37,738 Starting Training from 2015-01-01 to 2015-01-31
2015-07-01 23:28:04,009 Starting Q Learning for : 
2015-07-01 23:28:04,009 alpha = 0.2
2015-07-01 23:28:04,009 gamma = 0.1
2015-07-01 23:28:04,009 individual factor = 10
2015-07-01 23:28:04,009 zero range = 0.01
2015-07-01 23:28:04,009 greedy level = 5
2015-07-01 23:28:04,009 

2015-07-01 23:28:05,676 Starting Training from 2015-01-01 to 2015-01-31
2015-07-01 23:39:51,565 Starting Live from 2015-02-01 to 2015-03-03
2015-07-01 23:44:19,136 Starting Live from 2015-02-01 to 2015-03-03
2015-07-01 23:44:40,524 Starting Live from 2015-02-01 to 2015-03-03
2015-07-01 23:55:51,426 Starting Training from 2015-02-01 to 2015-03-03
2015-07-01 23:56:58,296 Starting Live from 2015-03-04 to 2015-04-03
2015-07-01 23:59:39,542 Starting Training from 2015-02-01 to 2015-03-03
2015-07-02 00:00:31,536 Starting Training from 2015-02-01 to 2015-03-03
2015-07-02 00:01:39,493 Starting Live from 2015-03-04 to 2015-04-03
2015-07-02 00:01:58,939 Starting Live from 2015-03-04 to 2015-04-03
2015-07-02 00:18:33,768 Starting Training from 2015-03-04 to 2015-04-03
2015-07-02 00:19:54,985 Starting Live from 2015-04-04 to 2015-04-10
2015-07-02 00:21:20,412 Starting Training from 2015-03-04 to 2015-04-03
2015-07-02 00:21:45,337 Starting Training from 2015-03-04 to 2015-04-03
2015-07-02 00:23:03,612 Starting Live from 2015-04-04 to 2015-04-10
2015-07-02 00:23:34,859 Starting Live from 2015-04-04 to 2015-04-10
2015-07-02 00:25:45,820 Starting Q Learning for : 
2015-07-02 00:25:45,820 alpha = 0.4
2015-07-02 00:25:45,820 gamma = 0.8
2015-07-02 00:25:45,820 individual factor = 10
2015-07-02 00:25:45,820 zero range = 0.01
2015-07-02 00:25:45,820 greedy level = 5
2015-07-02 00:25:45,820 

2015-07-02 00:25:47,472 Starting Training from 2015-01-01 to 2015-01-31
2015-07-02 00:28:41,877 Starting Q Learning for : 
2015-07-02 00:28:41,877 alpha = 0.8
2015-07-02 00:28:41,877 gamma = 0.4
2015-07-02 00:28:41,877 individual factor = 10
2015-07-02 00:28:41,877 zero range = 0.01
2015-07-02 00:28:41,878 greedy level = 5
2015-07-02 00:28:41,878 

2015-07-02 00:28:43,017 Starting Training from 2015-01-01 to 2015-01-31
2015-07-02 00:29:07,890 Starting Q Learning for : 
2015-07-02 00:29:07,890 alpha = 0.2
2015-07-02 00:29:07,890 gamma = 0.2
2015-07-02 00:29:07,890 individual factor = 10
2015-07-02 00:29:07,890 zero range = 0.01
2015-07-02 00:29:07,890 greedy level = 5
2015-07-02 00:29:07,890 

2015-07-02 00:29:08,567 Starting Training from 2015-01-01 to 2015-01-31
2015-07-02 00:43:16,114 Starting Live from 2015-02-01 to 2015-03-03
2015-07-02 00:46:02,123 Starting Live from 2015-02-01 to 2015-03-03
2015-07-02 00:46:33,550 Starting Live from 2015-02-01 to 2015-03-03
2015-07-02 00:59:59,144 Starting Training from 2015-02-01 to 2015-03-03
2015-07-02 01:01:04,628 Starting Live from 2015-03-04 to 2015-04-03
2015-07-02 01:02:29,432 Starting Training from 2015-02-01 to 2015-03-03
2015-07-02 01:03:10,713 Starting Training from 2015-02-01 to 2015-03-03
2015-07-02 01:03:49,980 Starting Live from 2015-03-04 to 2015-04-03
2015-07-02 01:04:30,216 Starting Live from 2015-03-04 to 2015-04-03
2015-07-02 01:20:48,975 Starting Training from 2015-03-04 to 2015-04-03
2015-07-02 01:22:11,355 Starting Live from 2015-04-04 to 2015-04-10
2015-07-02 01:23:22,692 Starting Training from 2015-03-04 to 2015-04-03
2015-07-02 01:24:43,589 Starting Training from 2015-03-04 to 2015-04-03
2015-07-02 01:26:45,025 Starting Live from 2015-04-04 to 2015-04-10
2015-07-02 01:27:41,163 Starting Live from 2015-04-04 to 2015-04-10
2015-07-02 01:28:44,132 Starting Q Learning for : 
2015-07-02 01:28:44,132 alpha = 0.6
2015-07-02 01:28:44,132 gamma = 0.1
2015-07-02 01:28:44,132 individual factor = 10
2015-07-02 01:28:44,132 zero range = 0.01
2015-07-02 01:28:44,132 greedy level = 5
2015-07-02 01:28:44,132 

2015-07-02 01:28:44,453 Starting Training from 2015-01-01 to 2015-01-31
2015-07-02 01:31:55,894 Starting Q Learning for : 
2015-07-02 01:31:55,894 alpha = 0.8
2015-07-02 01:31:55,895 gamma = 0.5
2015-07-02 01:31:55,895 individual factor = 10
2015-07-02 01:31:55,895 zero range = 0.01
2015-07-02 01:31:55,895 greedy level = 5
2015-07-02 01:31:55,895 

2015-07-02 01:31:56,640 Starting Training from 2015-01-01 to 2015-01-31
2015-07-02 01:32:46,167 Starting Q Learning for : 
2015-07-02 01:32:46,167 alpha = 0.2
2015-07-02 01:32:46,167 gamma = 0.3
2015-07-02 01:32:46,167 individual factor = 10
2015-07-02 01:32:46,167 zero range = 0.01
2015-07-02 01:32:46,167 greedy level = 5
2015-07-02 01:32:46,167 

2015-07-02 01:32:47,229 Starting Training from 2015-01-01 to 2015-01-31
2015-07-02 01:45:46,179 Starting Live from 2015-02-01 to 2015-03-03
2015-07-02 01:48:45,837 Starting Live from 2015-02-01 to 2015-03-03
2015-07-02 01:49:36,650 Starting Live from 2015-02-01 to 2015-03-03
2015-07-02 02:01:37,441 Starting Training from 2015-02-01 to 2015-03-03
2015-07-02 02:03:05,062 Starting Live from 2015-03-04 to 2015-04-03
2015-07-02 02:05:01,482 Starting Training from 2015-02-01 to 2015-03-03
2015-07-02 02:05:42,022 Starting Training from 2015-02-01 to 2015-03-03
2015-07-02 02:06:09,516 Starting Live from 2015-03-04 to 2015-04-03
2015-07-02 02:06:49,709 Starting Live from 2015-03-04 to 2015-04-03
2015-07-02 02:21:20,194 Starting Training from 2015-03-04 to 2015-04-03
2015-07-02 02:22:47,464 Starting Live from 2015-04-04 to 2015-04-10
2015-07-02 02:24:47,642 Starting Training from 2015-03-04 to 2015-04-03
2015-07-02 02:25:25,533 Starting Training from 2015-03-04 to 2015-04-03
2015-07-02 02:26:10,656 Starting Live from 2015-04-04 to 2015-04-10
2015-07-02 02:26:47,448 Starting Live from 2015-04-04 to 2015-04-10
2015-07-02 02:27:29,144 Starting Q Learning for : 
2015-07-02 02:27:29,144 alpha = 0.6
2015-07-02 02:27:29,144 gamma = 0.2
2015-07-02 02:27:29,145 individual factor = 10
2015-07-02 02:27:29,145 zero range = 0.01
2015-07-02 02:27:29,145 greedy level = 5
2015-07-02 02:27:29,145 

2015-07-02 02:27:29,726 Starting Training from 2015-01-01 to 2015-01-31
2015-07-02 02:30:56,581 Starting Q Learning for : 
2015-07-02 02:30:56,581 alpha = 0.8
2015-07-02 02:30:56,581 gamma = 0.6
2015-07-02 02:30:56,581 individual factor = 10
2015-07-02 02:30:56,581 zero range = 0.01
2015-07-02 02:30:56,581 greedy level = 5
2015-07-02 02:30:56,581 

2015-07-02 02:30:57,967 Starting Training from 2015-01-01 to 2015-01-31
2015-07-02 02:31:31,709 Starting Q Learning for : 
2015-07-02 02:31:31,709 alpha = 0.2
2015-07-02 02:31:31,709 gamma = 0.4
2015-07-02 02:31:31,709 individual factor = 10
2015-07-02 02:31:31,709 zero range = 0.01
2015-07-02 02:31:31,709 greedy level = 5
2015-07-02 02:31:31,709 

2015-07-02 02:31:32,447 Starting Training from 2015-01-01 to 2015-01-31
2015-07-02 02:44:09,248 Starting Live from 2015-02-01 to 2015-03-03
2015-07-02 02:47:23,387 Starting Live from 2015-02-01 to 2015-03-03
2015-07-02 02:47:58,767 Starting Live from 2015-02-01 to 2015-03-03
2015-07-02 03:01:09,674 Starting Training from 2015-02-01 to 2015-03-03
2015-07-02 03:02:30,842 Starting Live from 2015-03-04 to 2015-04-03
2015-07-02 03:04:49,244 Starting Training from 2015-02-01 to 2015-03-03
2015-07-02 03:05:59,653 Starting Training from 2015-02-01 to 2015-03-03
2015-07-02 03:07:35,441 Starting Live from 2015-03-04 to 2015-04-03
2015-07-02 03:08:12,835 Starting Live from 2015-03-04 to 2015-04-03
2015-07-02 03:21:54,731 Starting Training from 2015-03-04 to 2015-04-03
2015-07-02 03:25:06,173 Starting Live from 2015-04-04 to 2015-04-10
2015-07-02 03:26:43,369 Starting Training from 2015-03-04 to 2015-04-03
2015-07-02 03:27:14,465 Starting Training from 2015-03-04 to 2015-04-03
2015-07-02 03:28:06,476 Starting Live from 2015-04-04 to 2015-04-10
2015-07-02 03:28:34,970 Starting Live from 2015-04-04 to 2015-04-10
2015-07-02 03:29:33,752 Starting Q Learning for : 
2015-07-02 03:29:33,752 alpha = 0.6
2015-07-02 03:29:33,752 gamma = 0.3
2015-07-02 03:29:33,752 individual factor = 10
2015-07-02 03:29:33,752 zero range = 0.01
2015-07-02 03:29:33,752 greedy level = 5
2015-07-02 03:29:33,752 

2015-07-02 03:29:34,822 Starting Training from 2015-01-01 to 2015-01-31
2015-07-02 03:32:40,681 Starting Q Learning for : 
2015-07-02 03:32:40,681 alpha = 0.8
2015-07-02 03:32:40,681 gamma = 0.7
2015-07-02 03:32:40,682 individual factor = 10
2015-07-02 03:32:40,682 zero range = 0.01
2015-07-02 03:32:40,682 greedy level = 5
2015-07-02 03:32:40,682 

2015-07-02 03:32:41,622 Starting Training from 2015-01-01 to 2015-01-31
2015-07-02 03:33:06,796 Starting Q Learning for : 
2015-07-02 03:33:06,796 alpha = 0.2
2015-07-02 03:33:06,796 gamma = 0.5
2015-07-02 03:33:06,796 individual factor = 10
2015-07-02 03:33:06,796 zero range = 0.01
2015-07-02 03:33:06,796 greedy level = 5
2015-07-02 03:33:06,796 

2015-07-02 03:33:08,630 Starting Training from 2015-01-01 to 2015-01-31
2015-07-02 03:45:39,569 Starting Live from 2015-02-01 to 2015-03-03
2015-07-02 03:48:49,582 Starting Live from 2015-02-01 to 2015-03-03
2015-07-02 03:49:08,493 Starting Live from 2015-02-01 to 2015-03-03
2015-07-02 04:01:01,514 Starting Training from 2015-02-01 to 2015-03-03
2015-07-02 04:02:08,659 Starting Live from 2015-03-04 to 2015-04-03
2015-07-02 04:04:17,130 Starting Training from 2015-02-01 to 2015-03-03
2015-07-02 04:04:27,587 Starting Training from 2015-02-01 to 2015-03-03
2015-07-02 04:05:26,812 Starting Live from 2015-03-04 to 2015-04-03
2015-07-02 04:05:36,493 Starting Live from 2015-03-04 to 2015-04-03
2015-07-02 04:19:42,497 Starting Training from 2015-03-04 to 2015-04-03
2015-07-02 04:21:03,195 Starting Live from 2015-04-04 to 2015-04-10
2015-07-02 04:23:12,726 Starting Training from 2015-03-04 to 2015-04-03
2015-07-02 04:23:15,783 Starting Training from 2015-03-04 to 2015-04-03
2015-07-02 04:24:30,794 Starting Live from 2015-04-04 to 2015-04-10
2015-07-02 04:24:34,260 Starting Live from 2015-04-04 to 2015-04-10
2015-07-02 04:25:22,059 Starting Q Learning for : 
2015-07-02 04:25:22,059 alpha = 0.6
2015-07-02 04:25:22,059 gamma = 0.4
2015-07-02 04:25:22,059 individual factor = 10
2015-07-02 04:25:22,059 zero range = 0.01
2015-07-02 04:25:22,059 greedy level = 5
2015-07-02 04:25:22,059 

2015-07-02 04:25:22,695 Starting Training from 2015-01-01 to 2015-01-31
2015-07-02 04:28:54,779 Starting Q Learning for : 
2015-07-02 04:28:54,779 alpha = 0.2
2015-07-02 04:28:54,779 gamma = 0.6
2015-07-02 04:28:54,779 individual factor = 10
2015-07-02 04:28:54,779 zero range = 0.01
2015-07-02 04:28:54,779 greedy level = 5
2015-07-02 04:28:54,779 

2015-07-02 04:28:56,482 Starting Training from 2015-01-01 to 2015-01-31
2015-07-02 04:28:57,060 Starting Q Learning for : 
2015-07-02 04:28:57,061 alpha = 0.8
2015-07-02 04:28:57,061 gamma = 0.8
2015-07-02 04:28:57,061 individual factor = 10
2015-07-02 04:28:57,061 zero range = 0.01
2015-07-02 04:28:57,061 greedy level = 5
2015-07-02 04:28:57,061 

2015-07-02 04:28:57,889 Starting Training from 2015-01-01 to 2015-01-31
2015-07-02 04:40:34,615 Starting Live from 2015-02-01 to 2015-03-03
2015-07-02 04:43:56,553 Starting Live from 2015-02-01 to 2015-03-03
2015-07-02 04:44:05,657 Starting Live from 2015-02-01 to 2015-03-03
2015-07-02 04:55:16,722 Starting Training from 2015-02-01 to 2015-03-03
2015-07-02 04:56:19,636 Starting Live from 2015-03-04 to 2015-04-03
2015-07-02 04:58:35,428 Starting Training from 2015-02-01 to 2015-03-03
2015-07-02 04:58:46,789 Starting Training from 2015-02-01 to 2015-03-03
2015-07-02 04:59:36,375 Starting Live from 2015-03-04 to 2015-04-03
2015-07-02 04:59:49,207 Starting Live from 2015-03-04 to 2015-04-03
2015-07-02 05:13:36,687 Starting Training from 2015-03-04 to 2015-04-03
2015-07-02 05:14:51,674 Starting Live from 2015-04-04 to 2015-04-10
2015-07-02 05:16:42,389 Starting Training from 2015-03-04 to 2015-04-03
2015-07-02 05:16:50,261 Starting Training from 2015-03-04 to 2015-04-03
2015-07-02 05:18:09,362 Starting Live from 2015-04-04 to 2015-04-10
2015-07-02 05:18:16,959 Starting Live from 2015-04-04 to 2015-04-10
