2015-06-30 14:51:22,301 Starting mtm calculation
2015-06-30 14:51:22,301 Calculating mtm for 2014-12-01
2015-06-30 14:51:22,848 Calculating mtm for 2014-12-02
2015-06-30 14:51:23,474 Calculating mtm for 2014-12-03
2015-06-30 14:51:23,768 Calculating mtm for 2014-12-04
2015-06-30 14:51:23,967 Calculating mtm for 2014-12-05
2015-06-30 14:51:24,243 Calculating mtm for 2014-12-06
2015-06-30 14:51:24,244 Calculating mtm for 2014-12-07
2015-06-30 14:51:24,247 Calculating mtm for 2014-12-08
2015-06-30 14:51:24,385 Calculating mtm for 2014-12-09
2015-06-30 14:51:24,502 Calculating mtm for 2014-12-10
2015-06-30 14:51:24,568 Calculating mtm for 2014-12-11
2015-06-30 14:51:24,803 Calculating mtm for 2014-12-12
2015-06-30 14:51:25,162 Calculating mtm for 2014-12-13
2015-06-30 14:51:25,164 Calculating mtm for 2014-12-14
2015-06-30 14:51:25,165 Calculating mtm for 2014-12-15
2015-06-30 14:51:25,429 Calculating mtm for 2014-12-16
2015-06-30 14:51:25,531 Calculating mtm for 2014-12-17
2015-06-30 14:51:25,631 Calculating mtm for 2014-12-18
2015-06-30 14:51:26,448 Calculating mtm for 2014-12-19
2015-06-30 14:51:26,675 Calculating mtm for 2014-12-20
2015-06-30 14:51:26,677 Calculating mtm for 2014-12-21
2015-06-30 14:51:26,678 Calculating mtm for 2014-12-22
2015-06-30 14:51:26,974 Calculating mtm for 2014-12-23
2015-06-30 14:51:27,383 Calculating mtm for 2014-12-24
2015-06-30 14:51:27,450 Calculating mtm for 2014-12-25
2015-06-30 14:51:27,451 Calculating mtm for 2014-12-26
2015-06-30 14:51:27,833 Calculating mtm for 2014-12-27
2015-06-30 14:51:27,837 Calculating mtm for 2014-12-28
2015-06-30 14:51:27,839 Calculating mtm for 2014-12-29
2015-06-30 14:51:28,384 Calculating mtm for 2014-12-30
2015-06-30 14:51:28,419 Calculating mtm for 2014-12-31
2015-06-30 14:51:28,519 Calculating mtm for 2015-01-01
2015-06-30 14:51:28,585 Calculating mtm for 2015-01-02
2015-06-30 14:51:29,019 Calculating mtm for 2015-01-03
2015-06-30 14:51:29,020 Calculating mtm for 2015-01-04
2015-06-30 14:51:29,021 Calculating mtm for 2015-01-05
2015-06-30 14:51:29,077 Calculating mtm for 2015-01-06
2015-06-30 14:51:29,845 Calculating mtm for 2015-01-07
2015-06-30 14:51:30,004 Calculating mtm for 2015-01-08
2015-06-30 14:51:30,270 Calculating mtm for 2015-01-09
2015-06-30 14:51:30,915 Calculating mtm for 2015-01-10
2015-06-30 14:51:30,917 Calculating mtm for 2015-01-11
2015-06-30 14:51:30,919 Calculating mtm for 2015-01-12
2015-06-30 14:51:31,179 Calculating mtm for 2015-01-13
2015-06-30 14:51:31,407 Calculating mtm for 2015-01-14
2015-06-30 14:51:31,532 Calculating mtm for 2015-01-15
2015-06-30 14:51:31,899 Calculating mtm for 2015-01-16
2015-06-30 14:51:31,950 Calculating mtm for 2015-01-17
2015-06-30 14:51:31,952 Calculating mtm for 2015-01-18
2015-06-30 14:51:31,954 Calculating mtm for 2015-01-19
2015-06-30 14:51:32,666 Calculating mtm for 2015-01-20
2015-06-30 14:51:32,900 Calculating mtm for 2015-01-21
2015-06-30 14:51:33,217 Calculating mtm for 2015-01-22
2015-06-30 14:51:33,726 Calculating mtm for 2015-01-23
2015-06-30 14:51:34,219 Calculating mtm for 2015-01-24
2015-06-30 14:51:34,221 Calculating mtm for 2015-01-25
2015-06-30 14:51:34,222 Calculating mtm for 2015-01-26
2015-06-30 14:51:34,224 Calculating mtm for 2015-01-27
2015-06-30 14:51:34,344 Calculating mtm for 2015-01-28
2015-06-30 14:51:34,497 Calculating mtm for 2015-01-29
2015-06-30 14:51:34,878 Calculating mtm for 2015-01-30
2015-06-30 14:51:35,263 Calculating mtm for 2015-01-31
2015-06-30 14:51:35,266 Calculating mtm for 2015-02-01
2015-06-30 14:51:35,268 Calculating mtm for 2015-02-02
2015-06-30 14:51:35,498 Calculating mtm for 2015-02-03
2015-06-30 14:51:35,681 Calculating mtm for 2015-02-04
2015-06-30 14:51:35,884 Calculating mtm for 2015-02-05
2015-06-30 14:51:35,965 Calculating mtm for 2015-02-06
2015-06-30 14:51:36,333 Calculating mtm for 2015-02-07
2015-06-30 14:51:36,334 Calculating mtm for 2015-02-08
2015-06-30 14:51:36,342 Calculating mtm for 2015-02-09
2015-06-30 14:51:36,441 Calculating mtm for 2015-02-10
2015-06-30 14:51:36,624 Updating ranks for walkforward - 1
2015-06-30 14:51:41,413 Updating ranks for walkforward - 2
2015-06-30 14:51:47,016 Updating ranks for walkforward - 3
2015-06-30 14:51:52,961 Done Ranking. Calling processes now.
2015-06-30 14:51:52,962 Starting Q Learning for : 
2015-06-30 14:51:52,962 alpha = 0.5
2015-06-30 14:51:52,962 Starting Q Learning for : 
2015-06-30 14:51:52,962 gamma = 0.1
2015-06-30 14:51:52,962 individual factor = 10
2015-06-30 14:51:52,962 alpha = 0.4
2015-06-30 14:51:52,962 zero range = 0.002
2015-06-30 14:51:52,962 gamma = 0.3
2015-06-30 14:51:52,962 greedy level = 5
2015-06-30 14:51:52,962 individual factor = 10
2015-06-30 14:51:52,962 

2015-06-30 14:51:52,962 zero range = 0.002
2015-06-30 14:51:52,962 greedy level = 5
2015-06-30 14:51:52,962 

2015-06-30 14:51:52,969 Starting Q Learning for : 
2015-06-30 14:51:52,969 alpha = 0.6
2015-06-30 14:51:52,969 gamma = 0.5
2015-06-30 14:51:52,969 individual factor = 10
2015-06-30 14:51:52,969 zero range = 0.002
2015-06-30 14:51:52,970 greedy level = 5
2015-06-30 14:51:52,970 

2015-06-30 14:51:54,620 Starting Training from 2015-01-01 to 2015-01-31
2015-06-30 14:51:54,637 Starting Training from 2015-01-01 to 2015-01-31
2015-06-30 14:51:54,670 Starting Training from 2015-01-01 to 2015-01-31
2015-06-30 14:59:36,085 Starting Live from 2015-02-01 to 2015-03-03
2015-06-30 14:59:38,070 Starting Live from 2015-02-01 to 2015-03-03
2015-06-30 14:59:39,324 Starting Live from 2015-02-01 to 2015-03-03
2015-06-30 15:09:44,194 Starting Training from 2015-02-01 to 2015-03-03
2015-06-30 15:09:46,700 Starting Training from 2015-02-01 to 2015-03-03
2015-06-30 15:09:49,414 Starting Training from 2015-02-01 to 2015-03-03
2015-06-30 15:10:15,883 Starting Live from 2015-03-04 to 2015-04-03
2015-06-30 15:10:17,413 Starting Live from 2015-03-04 to 2015-04-03
2015-06-30 15:10:22,321 Starting Live from 2015-03-04 to 2015-04-03
2015-06-30 15:23:57,784 Starting Training from 2015-03-04 to 2015-04-03
2015-06-30 15:24:02,806 Starting Training from 2015-03-04 to 2015-04-03
2015-06-30 15:24:08,574 Starting Training from 2015-03-04 to 2015-04-03
2015-06-30 15:24:35,889 Starting Live from 2015-04-04 to 2015-04-10
2015-06-30 15:24:40,452 Starting Live from 2015-04-04 to 2015-04-10
2015-06-30 15:24:46,542 Starting Live from 2015-04-04 to 2015-04-10
2015-06-30 15:26:00,832 Starting Q Learning for : 
2015-06-30 15:26:00,832 alpha = 0.6
2015-06-30 15:26:00,832 gamma = 0.6
2015-06-30 15:26:00,832 individual factor = 10
2015-06-30 15:26:00,833 zero range = 0.002
2015-06-30 15:26:00,833 greedy level = 5
2015-06-30 15:26:00,833 

2015-06-30 15:26:03,183 Starting Training from 2015-01-01 to 2015-01-31
2015-06-30 15:26:03,221 Starting Q Learning for : 
2015-06-30 15:26:03,221 alpha = 0.4
2015-06-30 15:26:03,221 gamma = 0.4
2015-06-30 15:26:03,221 individual factor = 10
2015-06-30 15:26:03,221 zero range = 0.002
2015-06-30 15:26:03,222 greedy level = 5
2015-06-30 15:26:03,222 

2015-06-30 15:26:04,504 Starting Training from 2015-01-01 to 2015-01-31
2015-06-30 15:26:15,847 Starting Q Learning for : 
2015-06-30 15:26:15,847 alpha = 0.5
2015-06-30 15:26:15,847 gamma = 0.2
2015-06-30 15:26:15,847 individual factor = 10
2015-06-30 15:26:15,847 zero range = 0.002
2015-06-30 15:26:15,847 greedy level = 5
2015-06-30 15:26:15,847 

2015-06-30 15:26:17,278 Starting Training from 2015-01-01 to 2015-01-31
2015-06-30 15:32:37,067 Starting Live from 2015-02-01 to 2015-03-03
2015-06-30 15:32:37,451 Starting Live from 2015-02-01 to 2015-03-03
2015-06-30 15:32:53,617 Starting Live from 2015-02-01 to 2015-03-03
2015-06-30 15:40:50,720 Starting Training from 2015-02-01 to 2015-03-03
2015-06-30 15:40:51,860 Starting Training from 2015-02-01 to 2015-03-03
2015-06-30 15:40:55,786 Starting Training from 2015-02-01 to 2015-03-03
2015-06-30 15:41:25,022 Starting Live from 2015-03-04 to 2015-04-03
2015-06-30 15:41:28,535 Starting Live from 2015-03-04 to 2015-04-03
2015-06-30 15:41:33,088 Starting Live from 2015-03-04 to 2015-04-03
2015-06-30 15:50:30,878 Starting Training from 2015-03-04 to 2015-04-03
2015-06-30 15:50:44,907 Starting Training from 2015-03-04 to 2015-04-03
2015-06-30 15:51:30,125 Starting Training from 2015-03-04 to 2015-04-03
2015-06-30 15:51:56,773 Starting Live from 2015-04-04 to 2015-04-10
2015-06-30 15:52:32,030 Starting Live from 2015-04-04 to 2015-04-10
2015-06-30 15:53:16,872 Starting Live from 2015-04-04 to 2015-04-10
2015-06-30 15:54:25,818 Starting Q Learning for : 
2015-06-30 15:54:25,818 alpha = 0.4
2015-06-30 15:54:25,818 gamma = 0.5
2015-06-30 15:54:25,818 individual factor = 10
2015-06-30 15:54:25,818 zero range = 0.002
2015-06-30 15:54:25,818 greedy level = 5
2015-06-30 15:54:25,818 

2015-06-30 15:54:27,465 Starting Training from 2015-01-01 to 2015-01-31
2015-06-30 15:54:58,001 Starting Q Learning for : 
2015-06-30 15:54:58,001 alpha = 0.6
2015-06-30 15:54:58,001 gamma = 0.7
2015-06-30 15:54:58,001 individual factor = 10
2015-06-30 15:54:58,001 zero range = 0.002
2015-06-30 15:54:58,001 greedy level = 5
2015-06-30 15:54:58,001 

2015-06-30 15:54:59,953 Starting Training from 2015-01-01 to 2015-01-31
2015-06-30 15:55:14,620 Starting Q Learning for : 
2015-06-30 15:55:14,620 alpha = 0.5
2015-06-30 15:55:14,620 gamma = 0.3
2015-06-30 15:55:14,620 individual factor = 10
2015-06-30 15:55:14,620 zero range = 0.002
2015-06-30 15:55:14,620 greedy level = 5
2015-06-30 15:55:14,620 

2015-06-30 15:55:15,864 Starting Training from 2015-01-01 to 2015-01-31
2015-06-30 16:01:17,523 Starting Live from 2015-02-01 to 2015-03-03
2015-06-30 16:01:49,772 Starting Live from 2015-02-01 to 2015-03-03
2015-06-30 16:02:01,632 Starting Live from 2015-02-01 to 2015-03-03
2015-06-30 16:08:50,933 Starting Training from 2015-02-01 to 2015-03-03
2015-06-30 16:09:53,465 Starting Training from 2015-02-01 to 2015-03-03
2015-06-30 16:10:08,533 Starting Training from 2015-02-01 to 2015-03-03
2015-06-30 16:10:18,758 Starting Live from 2015-03-04 to 2015-04-03
2015-06-30 16:10:43,392 Starting Live from 2015-03-04 to 2015-04-03
2015-06-30 16:10:54,363 Starting Live from 2015-03-04 to 2015-04-03
2015-06-30 16:19:00,774 Starting Training from 2015-03-04 to 2015-04-03
2015-06-30 16:19:14,310 Starting Training from 2015-03-04 to 2015-04-03
2015-06-30 16:19:45,186 Starting Live from 2015-04-04 to 2015-04-10
2015-06-30 16:20:10,634 Starting Live from 2015-04-04 to 2015-04-10
2015-06-30 16:20:25,309 Starting Training from 2015-03-04 to 2015-04-03
2015-06-30 16:21:06,736 Starting Live from 2015-04-04 to 2015-04-10
2015-06-30 16:21:19,030 Starting Q Learning for : 
2015-06-30 16:21:19,030 alpha = 0.4
2015-06-30 16:21:19,030 gamma = 0.6
2015-06-30 16:21:19,030 individual factor = 10
2015-06-30 16:21:19,030 zero range = 0.002
2015-06-30 16:21:19,030 greedy level = 5
2015-06-30 16:21:19,030 

2015-06-30 16:21:20,449 Starting Training from 2015-01-01 to 2015-01-31
2015-06-30 16:21:44,544 Starting Q Learning for : 
2015-06-30 16:21:44,545 alpha = 0.5
2015-06-30 16:21:44,545 gamma = 0.4
2015-06-30 16:21:44,545 individual factor = 10
2015-06-30 16:21:44,545 zero range = 0.002
2015-06-30 16:21:44,545 greedy level = 5
2015-06-30 16:21:44,545 

2015-06-30 16:21:45,902 Starting Training from 2015-01-01 to 2015-01-31
2015-06-30 16:22:39,016 Starting Q Learning for : 
2015-06-30 16:22:39,016 alpha = 0.6
2015-06-30 16:22:39,016 gamma = 0.8
2015-06-30 16:22:39,016 individual factor = 10
2015-06-30 16:22:39,016 zero range = 0.002
2015-06-30 16:22:39,016 greedy level = 5
2015-06-30 16:22:39,016 

2015-06-30 16:22:40,300 Starting Training from 2015-01-01 to 2015-01-31
2015-06-30 16:29:46,464 Starting Live from 2015-02-01 to 2015-03-03
2015-06-30 16:30:10,615 Starting Live from 2015-02-01 to 2015-03-03
2015-06-30 16:31:10,388 Starting Live from 2015-02-01 to 2015-03-03
2015-06-30 16:37:06,500 Starting Training from 2015-02-01 to 2015-03-03
2015-06-30 16:37:30,107 Starting Training from 2015-02-01 to 2015-03-03
2015-06-30 16:37:45,680 Starting Live from 2015-03-04 to 2015-04-03
2015-06-30 16:38:10,490 Starting Live from 2015-03-04 to 2015-04-03
2015-06-30 16:38:40,663 Starting Training from 2015-02-01 to 2015-03-03
2015-06-30 16:39:19,757 Starting Live from 2015-03-04 to 2015-04-03
2015-06-30 16:48:21,364 Starting Training from 2015-03-04 to 2015-04-03
2015-06-30 16:48:23,610 Starting Training from 2015-03-04 to 2015-04-03
2015-06-30 16:48:48,664 Starting Training from 2015-03-04 to 2015-04-03
2015-06-30 16:49:06,406 Starting Live from 2015-04-04 to 2015-04-10
2015-06-30 16:49:09,443 Starting Live from 2015-04-04 to 2015-04-10
2015-06-30 16:49:30,859 Starting Live from 2015-04-04 to 2015-04-10
2015-06-30 16:50:36,647 Starting Q Learning for : 
2015-06-30 16:50:36,648 alpha = 0.5
2015-06-30 16:50:36,648 gamma = 0.5
2015-06-30 16:50:36,648 individual factor = 10
2015-06-30 16:50:36,648 zero range = 0.002
2015-06-30 16:50:36,648 greedy level = 5
2015-06-30 16:50:36,648 

2015-06-30 16:50:37,915 Starting Training from 2015-01-01 to 2015-01-31
2015-06-30 16:50:39,535 Starting Q Learning for : 
2015-06-30 16:50:39,536 alpha = 0.4
2015-06-30 16:50:39,536 gamma = 0.7
2015-06-30 16:50:39,536 individual factor = 10
2015-06-30 16:50:39,536 zero range = 0.002
2015-06-30 16:50:39,536 greedy level = 5
2015-06-30 16:50:39,536 

2015-06-30 16:50:41,247 Starting Training from 2015-01-01 to 2015-01-31
2015-06-30 16:50:59,771 Starting Q Learning for : 
2015-06-30 16:50:59,771 alpha = 0.2
2015-06-30 16:50:59,771 gamma = 0.1
2015-06-30 16:50:59,771 individual factor = 10
2015-06-30 16:50:59,771 zero range = 0.002
2015-06-30 16:50:59,771 greedy level = 5
2015-06-30 16:50:59,771 

2015-06-30 16:51:01,744 Starting Training from 2015-01-01 to 2015-01-31
2015-06-30 16:57:42,796 Starting Live from 2015-02-01 to 2015-03-03
2015-06-30 16:57:46,025 Starting Live from 2015-02-01 to 2015-03-03
2015-06-30 16:58:25,906 Starting Live from 2015-02-01 to 2015-03-03
2015-06-30 17:05:39,385 Starting Training from 2015-02-01 to 2015-03-03
2015-06-30 17:05:41,524 Starting Training from 2015-02-01 to 2015-03-03
2015-06-30 17:05:59,159 Starting Training from 2015-02-01 to 2015-03-03
2015-06-30 17:06:17,602 Starting Live from 2015-03-04 to 2015-04-03
2015-06-30 17:06:19,555 Starting Live from 2015-03-04 to 2015-04-03
2015-06-30 17:06:35,891 Starting Live from 2015-03-04 to 2015-04-03
2015-06-30 17:14:05,570 Starting Training from 2015-03-04 to 2015-04-03
2015-06-30 17:14:38,893 Starting Training from 2015-03-04 to 2015-04-03
2015-06-30 17:16:15,575 Starting Live from 2015-04-04 to 2015-04-10
2015-06-30 17:16:46,966 Starting Live from 2015-04-04 to 2015-04-10
2015-06-30 17:16:57,275 Starting Training from 2015-03-04 to 2015-04-03
2015-06-30 17:18:14,156 Starting Live from 2015-04-04 to 2015-04-10
2015-06-30 17:18:32,966 Starting Q Learning for : 
2015-06-30 17:18:32,967 alpha = 0.4
2015-06-30 17:18:32,967 gamma = 0.8
2015-06-30 17:18:32,967 individual factor = 10
2015-06-30 17:18:32,967 zero range = 0.002
2015-06-30 17:18:32,967 greedy level = 5
2015-06-30 17:18:32,967 

2015-06-30 17:18:35,387 Starting Training from 2015-01-01 to 2015-01-31
2015-06-30 17:18:58,460 Starting Q Learning for : 
2015-06-30 17:18:58,461 alpha = 0.5
2015-06-30 17:18:58,461 gamma = 0.6
2015-06-30 17:18:58,461 individual factor = 10
2015-06-30 17:18:58,461 zero range = 0.002
2015-06-30 17:18:58,461 greedy level = 5
2015-06-30 17:18:58,461 

2015-06-30 17:19:00,134 Starting Training from 2015-01-01 to 2015-01-31
2015-06-30 17:19:47,011 Starting Q Learning for : 
2015-06-30 17:19:47,011 alpha = 0.2
2015-06-30 17:19:47,011 gamma = 0.2
2015-06-30 17:19:47,012 individual factor = 10
2015-06-30 17:19:47,012 zero range = 0.002
2015-06-30 17:19:47,012 greedy level = 5
2015-06-30 17:19:47,012 

2015-06-30 17:19:48,717 Starting Training from 2015-01-01 to 2015-01-31
2015-06-30 17:25:27,375 Starting Live from 2015-02-01 to 2015-03-03
2015-06-30 17:25:45,595 Starting Live from 2015-02-01 to 2015-03-03
2015-06-30 17:26:29,760 Starting Live from 2015-02-01 to 2015-03-03
2015-06-30 17:33:13,293 Starting Training from 2015-02-01 to 2015-03-03
2015-06-30 17:33:48,548 Starting Training from 2015-02-01 to 2015-03-03
2015-06-30 17:34:44,781 Starting Live from 2015-03-04 to 2015-04-03
2015-06-30 17:34:58,901 Starting Training from 2015-02-01 to 2015-03-03
2015-06-30 17:34:59,795 Starting Live from 2015-03-04 to 2015-04-03
2015-06-30 17:35:36,097 Starting Live from 2015-03-04 to 2015-04-03
2015-06-30 17:42:45,845 Starting Training from 2015-03-04 to 2015-04-03
2015-06-30 17:43:09,919 Starting Training from 2015-03-04 to 2015-04-03
2015-06-30 17:43:36,545 Starting Live from 2015-04-04 to 2015-04-10
2015-06-30 17:43:44,420 Starting Training from 2015-03-04 to 2015-04-03
2015-06-30 17:43:46,953 Starting Live from 2015-04-04 to 2015-04-10
2015-06-30 17:44:22,666 Starting Live from 2015-04-04 to 2015-04-10
2015-06-30 17:45:02,804 Starting Q Learning for : 
2015-06-30 17:45:02,804 alpha = 0.6
2015-06-30 17:45:02,804 gamma = 0.1
2015-06-30 17:45:02,805 individual factor = 10
2015-06-30 17:45:02,805 zero range = 0.002
2015-06-30 17:45:02,805 greedy level = 5
2015-06-30 17:45:02,805 

2015-06-30 17:45:04,022 Starting Training from 2015-01-01 to 2015-01-31
2015-06-30 17:45:13,688 Starting Q Learning for : 
2015-06-30 17:45:13,688 alpha = 0.5
2015-06-30 17:45:13,688 gamma = 0.7
2015-06-30 17:45:13,688 individual factor = 10
2015-06-30 17:45:13,688 zero range = 0.002
2015-06-30 17:45:13,688 greedy level = 5
2015-06-30 17:45:13,688 

2015-06-30 17:45:14,843 Starting Training from 2015-01-01 to 2015-01-31
2015-06-30 17:45:54,635 Starting Q Learning for : 
2015-06-30 17:45:54,635 alpha = 0.2
2015-06-30 17:45:54,635 gamma = 0.3
2015-06-30 17:45:54,635 individual factor = 10
2015-06-30 17:45:54,635 zero range = 0.002
2015-06-30 17:45:54,635 greedy level = 5
2015-06-30 17:45:54,635 

2015-06-30 17:45:56,063 Starting Training from 2015-01-01 to 2015-01-31
2015-06-30 17:53:38,634 Starting Live from 2015-02-01 to 2015-03-03
2015-06-30 17:53:55,433 Starting Live from 2015-02-01 to 2015-03-03
2015-06-30 17:54:24,784 Starting Live from 2015-02-01 to 2015-03-03
2015-06-30 18:00:11,379 Starting Training from 2015-02-01 to 2015-03-03
2015-06-30 18:00:25,245 Starting Training from 2015-02-01 to 2015-03-03
2015-06-30 18:00:45,522 Starting Live from 2015-03-04 to 2015-04-03
2015-06-30 18:00:50,887 Starting Training from 2015-02-01 to 2015-03-03
2015-06-30 18:00:59,485 Starting Live from 2015-03-04 to 2015-04-03
2015-06-30 18:01:27,461 Starting Live from 2015-03-04 to 2015-04-03
2015-06-30 18:10:48,053 Starting Training from 2015-03-04 to 2015-04-03
2015-06-30 18:11:20,642 Starting Training from 2015-03-04 to 2015-04-03
2015-06-30 18:11:38,846 Starting Live from 2015-04-04 to 2015-04-10
2015-06-30 18:12:11,515 Starting Live from 2015-04-04 to 2015-04-10
2015-06-30 18:12:15,936 Starting Training from 2015-03-04 to 2015-04-03
2015-06-30 18:12:59,851 Starting Live from 2015-04-04 to 2015-04-10
2015-06-30 18:13:10,032 Starting Q Learning for : 
2015-06-30 18:13:10,032 alpha = 0.6
2015-06-30 18:13:10,032 gamma = 0.2
2015-06-30 18:13:10,033 individual factor = 10
2015-06-30 18:13:10,033 zero range = 0.002
2015-06-30 18:13:10,033 greedy level = 5
2015-06-30 18:13:10,033 

2015-06-30 18:13:11,623 Starting Training from 2015-01-01 to 2015-01-31
2015-06-30 18:13:47,857 Starting Q Learning for : 
2015-06-30 18:13:47,857 alpha = 0.2
2015-06-30 18:13:47,857 gamma = 0.4
2015-06-30 18:13:47,857 individual factor = 10
2015-06-30 18:13:47,857 zero range = 0.002
2015-06-30 18:13:47,857 greedy level = 5
2015-06-30 18:13:47,857 

2015-06-30 18:13:49,112 Starting Training from 2015-01-01 to 2015-01-31
2015-06-30 18:14:29,808 Starting Q Learning for : 
2015-06-30 18:14:29,808 alpha = 0.5
2015-06-30 18:14:29,808 gamma = 0.8
2015-06-30 18:14:29,808 individual factor = 10
2015-06-30 18:14:29,808 zero range = 0.002
2015-06-30 18:14:29,808 greedy level = 5
2015-06-30 18:14:29,808 

2015-06-30 18:14:31,217 Starting Training from 2015-01-01 to 2015-01-31
2015-06-30 18:19:59,167 Starting Live from 2015-02-01 to 2015-03-03
2015-06-30 18:20:37,137 Starting Live from 2015-02-01 to 2015-03-03
2015-06-30 18:21:23,854 Starting Live from 2015-02-01 to 2015-03-03
2015-06-30 18:28:16,233 Starting Training from 2015-02-01 to 2015-03-03
2015-06-30 18:28:48,633 Starting Live from 2015-03-04 to 2015-04-03
2015-06-30 18:28:49,323 Starting Training from 2015-02-01 to 2015-03-03
2015-06-30 18:29:21,791 Starting Live from 2015-03-04 to 2015-04-03
2015-06-30 18:29:36,323 Starting Training from 2015-02-01 to 2015-03-03
2015-06-30 18:30:11,573 Starting Live from 2015-03-04 to 2015-04-03
2015-06-30 18:36:51,796 Starting Training from 2015-03-04 to 2015-04-03
2015-06-30 18:37:00,387 Starting Training from 2015-03-04 to 2015-04-03
2015-06-30 18:37:30,546 Starting Live from 2015-04-04 to 2015-04-10
2015-06-30 18:37:39,281 Starting Live from 2015-04-04 to 2015-04-10
2015-06-30 18:38:05,539 Starting Training from 2015-03-04 to 2015-04-03
2015-06-30 18:38:44,168 Starting Live from 2015-04-04 to 2015-04-10
2015-06-30 18:38:49,619 Starting Q Learning for : 
2015-06-30 18:38:49,619 alpha = 0.6
2015-06-30 18:38:49,620 gamma = 0.3
2015-06-30 18:38:49,620 individual factor = 10
2015-06-30 18:38:49,620 zero range = 0.002
2015-06-30 18:38:49,620 greedy level = 5
2015-06-30 18:38:49,620 

2015-06-30 18:38:51,555 Starting Training from 2015-01-01 to 2015-01-31
2015-06-30 18:39:09,895 Starting Q Learning for : 
2015-06-30 18:39:09,896 alpha = 0.2
2015-06-30 18:39:09,896 gamma = 0.5
2015-06-30 18:39:09,896 individual factor = 10
2015-06-30 18:39:09,896 zero range = 0.002
2015-06-30 18:39:09,896 greedy level = 5
2015-06-30 18:39:09,896 

2015-06-30 18:39:11,502 Starting Training from 2015-01-01 to 2015-01-31
2015-06-30 18:40:07,103 Starting Q Learning for : 
2015-06-30 18:40:07,104 alpha = 0.4
2015-06-30 18:40:07,104 gamma = 0.1
2015-06-30 18:40:07,104 individual factor = 10
2015-06-30 18:40:07,104 zero range = 0.002
2015-06-30 18:40:07,104 greedy level = 5
2015-06-30 18:40:07,104 

2015-06-30 18:40:08,729 Starting Training from 2015-01-01 to 2015-01-31
2015-06-30 18:47:06,536 Starting Live from 2015-02-01 to 2015-03-03
2015-06-30 18:47:27,250 Starting Live from 2015-02-01 to 2015-03-03
2015-06-30 18:48:20,813 Starting Live from 2015-02-01 to 2015-03-03
2015-06-30 18:53:32,211 Starting Training from 2015-02-01 to 2015-03-03
2015-06-30 18:53:52,907 Starting Training from 2015-02-01 to 2015-03-03
2015-06-30 18:54:05,447 Starting Live from 2015-03-04 to 2015-04-03
2015-06-30 18:54:27,878 Starting Live from 2015-03-04 to 2015-04-03
2015-06-30 18:54:45,312 Starting Training from 2015-02-01 to 2015-03-03
2015-06-30 18:55:18,374 Starting Live from 2015-03-04 to 2015-04-03
2015-06-30 19:03:39,869 Starting Training from 2015-03-04 to 2015-04-03
2015-06-30 19:04:16,816 Starting Training from 2015-03-04 to 2015-04-03
2015-06-30 19:04:18,775 Starting Live from 2015-04-04 to 2015-04-10
2015-06-30 19:04:54,919 Starting Live from 2015-04-04 to 2015-04-10
2015-06-30 19:05:31,073 Starting Training from 2015-03-04 to 2015-04-03
2015-06-30 19:05:41,933 Starting Q Learning for : 
2015-06-30 19:05:41,933 alpha = 0.6
2015-06-30 19:05:41,933 gamma = 0.4
2015-06-30 19:05:41,933 individual factor = 10
2015-06-30 19:05:41,933 zero range = 0.002
2015-06-30 19:05:41,934 greedy level = 5
2015-06-30 19:05:41,934 

2015-06-30 19:05:43,458 Starting Training from 2015-01-01 to 2015-01-31
2015-06-30 19:06:13,118 Starting Live from 2015-04-04 to 2015-04-10
2015-06-30 19:06:27,612 Starting Q Learning for : 
2015-06-30 19:06:27,612 alpha = 0.2
2015-06-30 19:06:27,612 gamma = 0.6
2015-06-30 19:06:27,612 individual factor = 10
2015-06-30 19:06:27,612 zero range = 0.002
2015-06-30 19:06:27,612 greedy level = 5
2015-06-30 19:06:27,612 

2015-06-30 19:06:30,089 Starting Training from 2015-01-01 to 2015-01-31
2015-06-30 19:07:45,378 Starting Q Learning for : 
2015-06-30 19:07:45,378 alpha = 0.4
2015-06-30 19:07:45,378 gamma = 0.2
2015-06-30 19:07:45,378 individual factor = 10
2015-06-30 19:07:45,378 zero range = 0.002
2015-06-30 19:07:45,378 greedy level = 5
2015-06-30 19:07:45,378 

2015-06-30 19:07:46,727 Starting Training from 2015-01-01 to 2015-01-31
2015-06-30 19:12:17,514 Starting Live from 2015-02-01 to 2015-03-03
2015-06-30 19:12:59,565 Starting Live from 2015-02-01 to 2015-03-03
2015-06-30 19:14:11,638 Starting Live from 2015-02-01 to 2015-03-03
2015-06-30 19:20:19,718 Starting Training from 2015-02-01 to 2015-03-03
2015-06-30 19:20:53,911 Starting Live from 2015-03-04 to 2015-04-03
2015-06-30 19:21:03,602 Starting Training from 2015-02-01 to 2015-03-03
2015-06-30 19:21:37,438 Starting Live from 2015-03-04 to 2015-04-03
2015-06-30 19:22:19,607 Starting Training from 2015-02-01 to 2015-03-03
2015-06-30 19:22:51,454 Starting Live from 2015-03-04 to 2015-04-03
2015-06-30 19:28:44,050 Starting Training from 2015-03-04 to 2015-04-03
2015-06-30 19:29:10,487 Starting Training from 2015-03-04 to 2015-04-03
2015-06-30 19:29:21,843 Starting Live from 2015-04-04 to 2015-04-10
2015-06-30 19:29:51,381 Starting Live from 2015-04-04 to 2015-04-10
2015-06-30 19:30:03,651 Starting Training from 2015-03-04 to 2015-04-03
2015-06-30 19:30:48,648 Starting Q Learning for : 
2015-06-30 19:30:48,648 alpha = 0.2
2015-06-30 19:30:48,648 gamma = 0.7
2015-06-30 19:30:48,648 individual factor = 10
2015-06-30 19:30:48,649 zero range = 0.002
2015-06-30 19:30:48,649 greedy level = 5
2015-06-30 19:30:48,649 

2015-06-30 19:30:51,349 Starting Training from 2015-01-01 to 2015-01-31
2015-06-30 19:30:54,561 Starting Live from 2015-04-04 to 2015-04-10
2015-06-30 19:31:13,211 Starting Q Learning for : 
2015-06-30 19:31:13,211 alpha = 0.5
2015-06-30 19:31:13,211 gamma = 0.1
2015-06-30 19:31:13,211 individual factor = 10
2015-06-30 19:31:13,211 zero range = 0.006
2015-06-30 19:31:13,211 greedy level = 5
2015-06-30 19:31:13,211 

2015-06-30 19:31:14,407 Starting Training from 2015-01-01 to 2015-01-31
2015-06-30 19:32:33,638 Starting Q Learning for : 
2015-06-30 19:32:33,638 alpha = 0.4
2015-06-30 19:32:33,638 gamma = 0.3
2015-06-30 19:32:33,638 individual factor = 10
2015-06-30 19:32:33,638 zero range = 0.006
2015-06-30 19:32:33,638 greedy level = 5
2015-06-30 19:32:33,638 

2015-06-30 19:32:36,355 Starting Training from 2015-01-01 to 2015-01-31
2015-06-30 19:39:03,435 Starting Live from 2015-02-01 to 2015-03-03
2015-06-30 19:39:19,467 Starting Live from 2015-02-01 to 2015-03-03
2015-06-30 19:40:25,776 Starting Live from 2015-02-01 to 2015-03-03
2015-06-30 19:45:16,786 Starting Training from 2015-02-01 to 2015-03-03
2015-06-30 19:45:31,595 Starting Training from 2015-02-01 to 2015-03-03
2015-06-30 19:45:54,901 Starting Live from 2015-03-04 to 2015-04-03
2015-06-30 19:46:13,281 Starting Live from 2015-03-04 to 2015-04-03
2015-06-30 19:46:46,602 Starting Training from 2015-02-01 to 2015-03-03
2015-06-30 19:47:19,560 Starting Live from 2015-03-04 to 2015-04-03
2015-06-30 19:54:34,856 Starting Training from 2015-03-04 to 2015-04-03
2015-06-30 19:55:26,612 Starting Live from 2015-04-04 to 2015-04-10
2015-06-30 19:55:50,998 Starting Training from 2015-03-04 to 2015-04-03
2015-06-30 19:56:29,832 Starting Live from 2015-04-04 to 2015-04-10
2015-06-30 19:56:37,533 Starting Training from 2015-03-04 to 2015-04-03
2015-06-30 19:56:45,502 Starting Q Learning for : 
2015-06-30 19:56:45,502 alpha = 0.2
2015-06-30 19:56:45,502 gamma = 0.8
2015-06-30 19:56:45,502 individual factor = 10
2015-06-30 19:56:45,502 zero range = 0.002
2015-06-30 19:56:45,502 greedy level = 5
2015-06-30 19:56:45,502 

2015-06-30 19:56:46,587 Starting Training from 2015-01-01 to 2015-01-31
2015-06-30 19:57:18,443 Starting Live from 2015-04-04 to 2015-04-10
2015-06-30 19:57:52,564 Starting Q Learning for : 
2015-06-30 19:57:52,564 alpha = 0.5
2015-06-30 19:57:52,565 gamma = 0.2
2015-06-30 19:57:52,565 individual factor = 10
2015-06-30 19:57:52,565 zero range = 0.006
2015-06-30 19:57:52,565 greedy level = 5
2015-06-30 19:57:52,565 

2015-06-30 19:57:54,604 Starting Training from 2015-01-01 to 2015-01-31
2015-06-30 19:58:46,621 Starting Q Learning for : 
2015-06-30 19:58:46,621 alpha = 0.4
2015-06-30 19:58:46,621 gamma = 0.4
2015-06-30 19:58:46,621 individual factor = 10
2015-06-30 19:58:46,621 zero range = 0.006
2015-06-30 19:58:46,621 greedy level = 5
2015-06-30 19:58:46,621 

2015-06-30 19:58:47,458 Starting Training from 2015-01-01 to 2015-01-31
2015-06-30 20:03:07,533 Starting Live from 2015-02-01 to 2015-03-03
2015-06-30 20:04:07,255 Starting Live from 2015-02-01 to 2015-03-03
2015-06-30 20:04:55,700 Starting Live from 2015-02-01 to 2015-03-03
2015-06-30 20:11:15,058 Starting Training from 2015-02-01 to 2015-03-03
2015-06-30 20:11:49,557 Starting Live from 2015-03-04 to 2015-04-03
2015-06-30 20:12:18,474 Starting Training from 2015-02-01 to 2015-03-03
2015-06-30 20:12:51,555 Starting Live from 2015-03-04 to 2015-04-03
2015-06-30 20:13:07,780 Starting Training from 2015-02-01 to 2015-03-03
2015-06-30 20:13:42,560 Starting Live from 2015-03-04 to 2015-04-03
2015-06-30 20:19:33,530 Starting Training from 2015-03-04 to 2015-04-03
2015-06-30 20:20:14,273 Starting Live from 2015-04-04 to 2015-04-10
2015-06-30 20:21:17,656 Starting Training from 2015-03-04 to 2015-04-03
2015-06-30 20:21:36,128 Starting Q Learning for : 
2015-06-30 20:21:36,128 alpha = 0.8
2015-06-30 20:21:36,128 gamma = 0.1
2015-06-30 20:21:36,128 individual factor = 10
2015-06-30 20:21:36,128 zero range = 0.002
2015-06-30 20:21:36,128 greedy level = 5
2015-06-30 20:21:36,128 

2015-06-30 20:21:37,605 Starting Training from 2015-01-01 to 2015-01-31
2015-06-30 20:21:47,212 Starting Training from 2015-03-04 to 2015-04-03
2015-06-30 20:21:58,506 Starting Live from 2015-04-04 to 2015-04-10
2015-06-30 20:22:27,268 Starting Live from 2015-04-04 to 2015-04-10
2015-06-30 20:24:33,996 Starting Q Learning for : 
2015-06-30 20:24:33,996 alpha = 0.5
2015-06-30 20:24:33,996 gamma = 0.3
2015-06-30 20:24:33,996 individual factor = 10
2015-06-30 20:24:33,996 zero range = 0.006
2015-06-30 20:24:33,996 greedy level = 5
2015-06-30 20:24:33,996 

2015-06-30 20:24:36,493 Starting Training from 2015-01-01 to 2015-01-31
2015-06-30 20:25:36,798 Starting Q Learning for : 
2015-06-30 20:25:36,799 alpha = 0.4
2015-06-30 20:25:36,799 gamma = 0.5
2015-06-30 20:25:36,799 individual factor = 10
2015-06-30 20:25:36,799 zero range = 0.006
2015-06-30 20:25:36,799 greedy level = 5
2015-06-30 20:25:36,799 

2015-06-30 20:25:39,675 Starting Training from 2015-01-01 to 2015-01-31
2015-06-30 20:29:48,069 Starting Live from 2015-02-01 to 2015-03-03
2015-06-30 20:32:18,291 Starting Live from 2015-02-01 to 2015-03-03
2015-06-30 20:32:55,675 Starting Live from 2015-02-01 to 2015-03-03
2015-06-30 20:37:16,746 Starting Training from 2015-02-01 to 2015-03-03
2015-06-30 20:38:00,459 Starting Live from 2015-03-04 to 2015-04-03
2015-06-30 20:40:00,993 Starting Training from 2015-02-01 to 2015-03-03
2015-06-30 20:40:53,375 Starting Training from 2015-02-01 to 2015-03-03
2015-06-30 20:41:32,088 Starting Live from 2015-03-04 to 2015-04-03
2015-06-30 20:42:21,946 Starting Live from 2015-03-04 to 2015-04-03
2015-06-30 20:47:52,801 Starting Training from 2015-03-04 to 2015-04-03
2015-06-30 20:48:38,854 Starting Live from 2015-04-04 to 2015-04-10
2015-06-30 20:50:05,520 Starting Q Learning for : 
2015-06-30 20:50:05,520 alpha = 0.8
2015-06-30 20:50:05,521 gamma = 0.2
2015-06-30 20:50:05,521 individual factor = 10
2015-06-30 20:50:05,521 zero range = 0.002
2015-06-30 20:50:05,521 greedy level = 5
2015-06-30 20:50:05,521 

2015-06-30 20:50:06,814 Starting Training from 2015-01-01 to 2015-01-31
2015-06-30 20:50:59,252 Starting Training from 2015-03-04 to 2015-04-03
2015-06-30 20:51:21,453 Starting Training from 2015-03-04 to 2015-04-03
2015-06-30 20:51:37,885 Starting Live from 2015-04-04 to 2015-04-10
2015-06-30 20:52:01,134 Starting Live from 2015-04-04 to 2015-04-10
2015-06-30 20:53:07,135 Starting Q Learning for : 
2015-06-30 20:53:07,135 alpha = 0.4
2015-06-30 20:53:07,135 gamma = 0.6
2015-06-30 20:53:07,135 individual factor = 10
2015-06-30 20:53:07,135 zero range = 0.006
2015-06-30 20:53:07,135 greedy level = 5
2015-06-30 20:53:07,135 

2015-06-30 20:53:08,782 Starting Training from 2015-01-01 to 2015-01-31
2015-06-30 20:53:31,086 Starting Q Learning for : 
2015-06-30 20:53:31,086 alpha = 0.5
2015-06-30 20:53:31,086 gamma = 0.4
2015-06-30 20:53:31,086 individual factor = 10
2015-06-30 20:53:31,086 zero range = 0.006
2015-06-30 20:53:31,086 greedy level = 5
2015-06-30 20:53:31,086 

2015-06-30 20:53:33,272 Starting Training from 2015-01-01 to 2015-01-31
2015-06-30 20:56:28,388 Starting Live from 2015-02-01 to 2015-03-03
2015-06-30 21:01:23,628 Starting Live from 2015-02-01 to 2015-03-03
2015-06-30 21:01:50,233 Starting Live from 2015-02-01 to 2015-03-03
2015-06-30 21:04:37,909 Starting Training from 2015-02-01 to 2015-03-03
2015-06-30 21:05:12,650 Starting Live from 2015-03-04 to 2015-04-03
2015-06-30 21:07:45,607 Starting Training from 2015-02-01 to 2015-03-03
2015-06-30 21:08:09,601 Starting Training from 2015-02-01 to 2015-03-03
2015-06-30 21:08:23,609 Starting Live from 2015-03-04 to 2015-04-03
2015-06-30 21:08:43,015 Starting Live from 2015-03-04 to 2015-04-03
2015-06-30 21:13:08,765 Starting Training from 2015-03-04 to 2015-04-03
2015-06-30 21:13:48,505 Starting Live from 2015-04-04 to 2015-04-10
2015-06-30 21:16:37,313 Starting Q Learning for : 
2015-06-30 21:16:37,313 alpha = 0.8
2015-06-30 21:16:37,313 gamma = 0.3
2015-06-30 21:16:37,313 individual factor = 10
2015-06-30 21:16:37,313 zero range = 0.002
2015-06-30 21:16:37,314 greedy level = 5
2015-06-30 21:16:37,314 

2015-06-30 21:16:40,116 Starting Training from 2015-01-01 to 2015-01-31
2015-06-30 21:17:50,388 Starting Training from 2015-03-04 to 2015-04-03
2015-06-30 21:18:11,487 Starting Training from 2015-03-04 to 2015-04-03
2015-06-30 21:18:41,864 Starting Live from 2015-04-04 to 2015-04-10
2015-06-30 21:18:51,358 Starting Live from 2015-04-04 to 2015-04-10
2015-06-30 21:20:11,461 Starting Q Learning for : 
2015-06-30 21:20:11,461 alpha = 0.5
2015-06-30 21:20:11,461 gamma = 0.5
2015-06-30 21:20:11,461 individual factor = 10
2015-06-30 21:20:11,461 zero range = 0.006
2015-06-30 21:20:11,462 greedy level = 5
2015-06-30 21:20:11,462 

2015-06-30 21:20:12,884 Starting Training from 2015-01-01 to 2015-01-31
2015-06-30 21:20:24,764 Starting Q Learning for : 
2015-06-30 21:20:24,764 alpha = 0.4
2015-06-30 21:20:24,764 gamma = 0.7
2015-06-30 21:20:24,764 individual factor = 10
2015-06-30 21:20:24,764 zero range = 0.006
2015-06-30 21:20:24,764 greedy level = 5
2015-06-30 21:20:24,764 

2015-06-30 21:20:26,580 Starting Training from 2015-01-01 to 2015-01-31
2015-06-30 21:23:38,578 Starting Live from 2015-02-01 to 2015-03-03
2015-06-30 21:26:31,994 Starting Live from 2015-02-01 to 2015-03-03
2015-06-30 21:26:49,220 Starting Live from 2015-02-01 to 2015-03-03
2015-06-30 21:29:41,052 Starting Training from 2015-02-01 to 2015-03-03
2015-06-30 21:30:13,635 Starting Live from 2015-03-04 to 2015-04-03
2015-06-30 21:34:27,960 Starting Training from 2015-02-01 to 2015-03-03
2015-06-30 21:34:41,746 Starting Training from 2015-02-01 to 2015-03-03
2015-06-30 21:35:23,820 Starting Live from 2015-03-04 to 2015-04-03
2015-06-30 21:35:29,487 Starting Live from 2015-03-04 to 2015-04-03
2015-06-30 21:39:38,565 Starting Training from 2015-03-04 to 2015-04-03
2015-06-30 21:40:20,392 Starting Live from 2015-04-04 to 2015-04-10
2015-06-30 21:41:44,448 Starting Q Learning for : 
2015-06-30 21:41:44,448 alpha = 0.8
2015-06-30 21:41:44,448 gamma = 0.4
2015-06-30 21:41:44,448 individual factor = 10
2015-06-30 21:41:44,448 zero range = 0.002
2015-06-30 21:41:44,448 greedy level = 5
2015-06-30 21:41:44,448 

2015-06-30 21:41:47,069 Starting Training from 2015-01-01 to 2015-01-31
2015-06-30 21:43:09,281 Starting Training from 2015-03-04 to 2015-04-03
2015-06-30 21:44:11,475 Starting Live from 2015-04-04 to 2015-04-10
2015-06-30 21:45:32,173 Starting Q Learning for : 
2015-06-30 21:45:32,173 alpha = 0.4
2015-06-30 21:45:32,173 gamma = 0.8
2015-06-30 21:45:32,173 individual factor = 10
2015-06-30 21:45:32,173 zero range = 0.006
2015-06-30 21:45:32,173 greedy level = 5
2015-06-30 21:45:32,173 

2015-06-30 21:45:33,446 Starting Training from 2015-01-01 to 2015-01-31
2015-06-30 21:46:14,387 Starting Training from 2015-03-04 to 2015-04-03
2015-06-30 21:46:54,529 Starting Live from 2015-04-04 to 2015-04-10
2015-06-30 21:48:37,634 Starting Q Learning for : 
2015-06-30 21:48:37,634 alpha = 0.5
2015-06-30 21:48:37,634 gamma = 0.6
2015-06-30 21:48:37,634 individual factor = 10
2015-06-30 21:48:37,634 zero range = 0.006
2015-06-30 21:48:37,634 greedy level = 5
2015-06-30 21:48:37,634 

2015-06-30 21:48:40,396 Starting Training from 2015-01-01 to 2015-01-31
2015-06-30 21:48:41,934 Starting Live from 2015-02-01 to 2015-03-03
2015-06-30 21:53:51,367 Starting Live from 2015-02-01 to 2015-03-03
2015-06-30 21:56:42,649 Starting Training from 2015-02-01 to 2015-03-03
2015-06-30 21:56:51,991 Starting Live from 2015-02-01 to 2015-03-03
2015-06-30 21:57:18,472 Starting Live from 2015-03-04 to 2015-04-03
2015-06-30 22:00:18,739 Starting Training from 2015-02-01 to 2015-03-03
2015-06-30 22:00:52,583 Starting Live from 2015-03-04 to 2015-04-03
2015-06-30 22:03:28,544 Starting Training from 2015-02-01 to 2015-03-03
2015-06-30 22:04:03,573 Starting Live from 2015-03-04 to 2015-04-03
2015-06-30 22:09:31,065 Starting Training from 2015-03-04 to 2015-04-03
2015-06-30 22:10:10,658 Starting Live from 2015-04-04 to 2015-04-10
2015-06-30 22:10:46,407 Starting Training from 2015-03-04 to 2015-04-03
2015-06-30 22:11:25,993 Starting Live from 2015-04-04 to 2015-04-10
2015-06-30 22:11:34,707 Starting Q Learning for : 
2015-06-30 22:11:34,707 alpha = 0.8
2015-06-30 22:11:34,707 gamma = 0.5
2015-06-30 22:11:34,707 individual factor = 10
2015-06-30 22:11:34,707 zero range = 0.002
2015-06-30 22:11:34,707 greedy level = 5
2015-06-30 22:11:34,707 

2015-06-30 22:11:37,147 Starting Training from 2015-01-01 to 2015-01-31
2015-06-30 22:12:49,819 Starting Q Learning for : 
2015-06-30 22:12:49,819 alpha = 0.6
2015-06-30 22:12:49,819 gamma = 0.1
2015-06-30 22:12:49,819 individual factor = 10
2015-06-30 22:12:49,819 zero range = 0.006
2015-06-30 22:12:49,819 greedy level = 5
2015-06-30 22:12:49,819 

2015-06-30 22:12:50,955 Starting Training from 2015-01-01 to 2015-01-31
2015-06-30 22:13:43,811 Starting Training from 2015-03-04 to 2015-04-03
2015-06-30 22:14:33,664 Starting Live from 2015-04-04 to 2015-04-10
2015-06-30 22:16:07,715 Starting Q Learning for : 
2015-06-30 22:16:07,715 alpha = 0.5
2015-06-30 22:16:07,715 gamma = 0.7
2015-06-30 22:16:07,715 individual factor = 10
2015-06-30 22:16:07,715 zero range = 0.006
2015-06-30 22:16:07,715 greedy level = 5
2015-06-30 22:16:07,715 

2015-06-30 22:16:09,182 Starting Training from 2015-01-01 to 2015-01-31
2015-06-30 22:18:09,809 Starting Live from 2015-02-01 to 2015-03-03
2015-06-30 22:19:19,940 Starting Live from 2015-02-01 to 2015-03-03
2015-06-30 22:22:14,670 Starting Live from 2015-02-01 to 2015-03-03
2015-06-30 22:25:31,794 Starting Training from 2015-02-01 to 2015-03-03
2015-06-30 22:26:52,216 Starting Live from 2015-03-04 to 2015-04-03
2015-06-30 22:27:14,327 Starting Training from 2015-02-01 to 2015-03-03
2015-06-30 22:27:50,421 Starting Live from 2015-03-04 to 2015-04-03
2015-06-30 22:30:23,580 Starting Training from 2015-02-01 to 2015-03-03
2015-06-30 22:30:56,594 Starting Live from 2015-03-04 to 2015-04-03
2015-06-30 22:35:21,231 Starting Training from 2015-03-04 to 2015-04-03
2015-06-30 22:35:39,535 Starting Training from 2015-03-04 to 2015-04-03
2015-06-30 22:35:58,811 Starting Live from 2015-04-04 to 2015-04-10
2015-06-30 22:36:18,234 Starting Live from 2015-04-04 to 2015-04-10
2015-06-30 22:37:30,705 Starting Q Learning for : 
2015-06-30 22:37:30,705 alpha = 0.6
2015-06-30 22:37:30,705 gamma = 0.2
2015-06-30 22:37:30,705 individual factor = 10
2015-06-30 22:37:30,706 zero range = 0.006
2015-06-30 22:37:30,706 greedy level = 5
2015-06-30 22:37:30,706 

2015-06-30 22:37:32,309 Starting Training from 2015-01-01 to 2015-01-31
2015-06-30 22:37:46,609 Starting Q Learning for : 
2015-06-30 22:37:46,609 alpha = 0.8
2015-06-30 22:37:46,609 gamma = 0.6
2015-06-30 22:37:46,609 individual factor = 10
2015-06-30 22:37:46,609 zero range = 0.002
2015-06-30 22:37:46,609 greedy level = 5
2015-06-30 22:37:46,609 

2015-06-30 22:37:47,745 Starting Training from 2015-01-01 to 2015-01-31
2015-06-30 22:38:35,521 Starting Training from 2015-03-04 to 2015-04-03
2015-06-30 22:39:13,815 Starting Live from 2015-04-04 to 2015-04-10
2015-06-30 22:41:16,670 Starting Q Learning for : 
2015-06-30 22:41:16,670 alpha = 0.5
2015-06-30 22:41:16,670 gamma = 0.8
2015-06-30 22:41:16,670 individual factor = 10
2015-06-30 22:41:16,670 zero range = 0.006
2015-06-30 22:41:16,670 greedy level = 5
2015-06-30 22:41:16,670 

2015-06-30 22:41:19,203 Starting Training from 2015-01-01 to 2015-01-31
2015-06-30 22:46:00,791 Starting Live from 2015-02-01 to 2015-03-03
2015-06-30 22:46:15,140 Starting Live from 2015-02-01 to 2015-03-03
2015-06-30 22:49:33,625 Starting Live from 2015-02-01 to 2015-03-03
2015-06-30 22:52:20,981 Starting Training from 2015-02-01 to 2015-03-03
2015-06-30 22:52:36,473 Starting Training from 2015-02-01 to 2015-03-03
2015-06-30 22:52:55,366 Starting Live from 2015-03-04 to 2015-04-03
2015-06-30 22:53:08,413 Starting Live from 2015-03-04 to 2015-04-03
2015-06-30 22:55:49,367 Starting Training from 2015-02-01 to 2015-03-03
2015-06-30 22:56:26,884 Starting Live from 2015-03-04 to 2015-04-03
2015-06-30 23:03:17,712 Starting Training from 2015-03-04 to 2015-04-03
2015-06-30 23:03:22,202 Starting Training from 2015-03-04 to 2015-04-03
2015-06-30 23:03:58,929 Starting Live from 2015-04-04 to 2015-04-10
2015-06-30 23:04:04,851 Starting Live from 2015-04-04 to 2015-04-10
2015-06-30 23:05:31,171 Starting Q Learning for : 
2015-06-30 23:05:31,171 alpha = 0.6
2015-06-30 23:05:31,171 gamma = 0.3
2015-06-30 23:05:31,171 individual factor = 10
2015-06-30 23:05:31,171 zero range = 0.006
2015-06-30 23:05:31,172 greedy level = 5
2015-06-30 23:05:31,172 

2015-06-30 23:05:32,953 Starting Training from 2015-01-01 to 2015-01-31
2015-06-30 23:05:41,002 Starting Q Learning for : 
2015-06-30 23:05:41,002 alpha = 0.8
2015-06-30 23:05:41,002 gamma = 0.7
2015-06-30 23:05:41,002 individual factor = 10
2015-06-30 23:05:41,002 zero range = 0.002
2015-06-30 23:05:41,002 greedy level = 5
2015-06-30 23:05:41,002 

2015-06-30 23:05:42,742 Starting Training from 2015-01-01 to 2015-01-31
2015-06-30 23:05:58,153 Starting Training from 2015-03-04 to 2015-04-03
2015-06-30 23:06:37,122 Starting Live from 2015-04-04 to 2015-04-10
2015-06-30 23:07:59,631 Starting Q Learning for : 
2015-06-30 23:07:59,631 alpha = 0.4
2015-06-30 23:07:59,631 gamma = 0.1
2015-06-30 23:07:59,631 individual factor = 10
2015-06-30 23:07:59,631 zero range = 0.006
2015-06-30 23:07:59,631 greedy level = 5
2015-06-30 23:07:59,631 

2015-06-30 23:08:00,646 Starting Training from 2015-01-01 to 2015-01-31
2015-06-30 23:12:01,782 Starting Live from 2015-02-01 to 2015-03-03
2015-06-30 23:12:19,264 Starting Live from 2015-02-01 to 2015-03-03
2015-06-30 23:14:29,530 Starting Live from 2015-02-01 to 2015-03-03
2015-06-30 23:20:09,310 Starting Training from 2015-02-01 to 2015-03-03
2015-06-30 23:20:30,949 Starting Training from 2015-02-01 to 2015-03-03
2015-06-30 23:20:41,826 Starting Live from 2015-03-04 to 2015-04-03
2015-06-30 23:21:04,764 Starting Live from 2015-03-04 to 2015-04-03
2015-06-30 23:22:44,698 Starting Training from 2015-02-01 to 2015-03-03
2015-06-30 23:23:16,366 Starting Live from 2015-03-04 to 2015-04-03
2015-06-30 23:29:05,659 Starting Training from 2015-03-04 to 2015-04-03
2015-06-30 23:29:27,646 Starting Training from 2015-03-04 to 2015-04-03
2015-06-30 23:29:46,667 Starting Live from 2015-04-04 to 2015-04-10
2015-06-30 23:30:06,131 Starting Live from 2015-04-04 to 2015-04-10
2015-06-30 23:31:07,214 Starting Training from 2015-03-04 to 2015-04-03
2015-06-30 23:31:16,849 Starting Q Learning for : 
2015-06-30 23:31:16,849 alpha = 0.6
2015-06-30 23:31:16,850 gamma = 0.4
2015-06-30 23:31:16,850 individual factor = 10
2015-06-30 23:31:16,850 zero range = 0.006
2015-06-30 23:31:16,850 greedy level = 5
2015-06-30 23:31:16,850 

2015-06-30 23:31:18,738 Starting Training from 2015-01-01 to 2015-01-31
2015-06-30 23:31:35,499 Starting Q Learning for : 
2015-06-30 23:31:35,500 alpha = 0.8
2015-06-30 23:31:35,500 gamma = 0.8
2015-06-30 23:31:35,500 individual factor = 10
2015-06-30 23:31:35,500 zero range = 0.002
2015-06-30 23:31:35,500 greedy level = 5
2015-06-30 23:31:35,500 

2015-06-30 23:31:37,150 Starting Training from 2015-01-01 to 2015-01-31
2015-06-30 23:31:48,929 Starting Live from 2015-04-04 to 2015-04-10
2015-06-30 23:33:53,327 Starting Q Learning for : 
2015-06-30 23:33:53,327 alpha = 0.4
2015-06-30 23:33:53,327 gamma = 0.2
2015-06-30 23:33:53,327 individual factor = 10
2015-06-30 23:33:53,327 zero range = 0.006
2015-06-30 23:33:53,327 greedy level = 5
2015-06-30 23:33:53,327 

2015-06-30 23:33:55,877 Starting Training from 2015-01-01 to 2015-01-31
2015-06-30 23:39:48,639 Starting Live from 2015-02-01 to 2015-03-03
2015-06-30 23:40:04,829 Starting Live from 2015-02-01 to 2015-03-03
2015-06-30 23:41:33,737 Starting Live from 2015-02-01 to 2015-03-03
2015-06-30 23:46:07,265 Starting Training from 2015-02-01 to 2015-03-03
2015-06-30 23:46:23,395 Starting Training from 2015-02-01 to 2015-03-03
2015-06-30 23:46:44,421 Starting Live from 2015-03-04 to 2015-04-03
2015-06-30 23:47:01,626 Starting Live from 2015-03-04 to 2015-04-03
2015-06-30 23:48:08,557 Starting Training from 2015-02-01 to 2015-03-03
2015-06-30 23:48:44,025 Starting Live from 2015-03-04 to 2015-04-03
2015-06-30 23:56:15,500 Starting Training from 2015-03-04 to 2015-04-03
2015-06-30 23:56:42,511 Starting Training from 2015-03-04 to 2015-04-03
2015-06-30 23:56:56,857 Starting Live from 2015-04-04 to 2015-04-10
2015-06-30 23:57:24,257 Starting Live from 2015-04-04 to 2015-04-10
2015-06-30 23:58:23,920 Starting Q Learning for : 
2015-06-30 23:58:23,920 alpha = 0.6
2015-06-30 23:58:23,920 gamma = 0.5
2015-06-30 23:58:23,920 individual factor = 10
2015-06-30 23:58:23,920 zero range = 0.006
2015-06-30 23:58:23,921 greedy level = 5
2015-06-30 23:58:23,921 

2015-06-30 23:58:25,489 Starting Training from 2015-01-01 to 2015-01-31
2015-06-30 23:58:35,309 Starting Training from 2015-03-04 to 2015-04-03
2015-06-30 23:58:47,595 Starting Q Learning for : 
2015-06-30 23:58:47,595 alpha = 0.2
2015-06-30 23:58:47,595 gamma = 0.7
2015-06-30 23:58:47,595 individual factor = 10
2015-06-30 23:58:47,595 zero range = 0.006
2015-06-30 23:58:47,595 greedy level = 5
2015-06-30 23:58:47,595 

2015-06-30 23:58:48,692 Starting Training from 2015-01-01 to 2015-01-31
2015-06-30 23:59:28,571 Starting Live from 2015-04-04 to 2015-04-10
2015-07-01 00:00:50,032 Starting Q Learning for : 
2015-07-01 00:00:50,032 alpha = 0.5
2015-07-01 00:00:50,032 gamma = 0.1
2015-07-01 00:00:50,033 individual factor = 10
2015-07-01 00:00:50,033 zero range = 0.01
2015-07-01 00:00:50,033 greedy level = 5
2015-07-01 00:00:50,033 

2015-07-01 00:00:51,567 Starting Training from 2015-01-01 to 2015-01-31
2015-07-01 00:04:48,903 Starting Live from 2015-02-01 to 2015-03-03
2015-07-01 00:05:11,996 Starting Live from 2015-02-01 to 2015-03-03
2015-07-01 00:07:46,279 Starting Live from 2015-02-01 to 2015-03-03
2015-07-01 00:12:57,871 Starting Training from 2015-02-01 to 2015-03-03
2015-07-01 00:13:22,727 Starting Training from 2015-02-01 to 2015-03-03
2015-07-01 00:13:31,644 Starting Live from 2015-03-04 to 2015-04-03
2015-07-01 00:13:57,870 Starting Live from 2015-03-04 to 2015-04-03
2015-07-01 00:15:26,466 Starting Training from 2015-02-01 to 2015-03-03
2015-07-01 00:15:59,548 Starting Live from 2015-03-04 to 2015-04-03
2015-07-01 00:21:53,295 Starting Training from 2015-03-04 to 2015-04-03
2015-07-01 00:22:11,532 Starting Training from 2015-03-04 to 2015-04-03
2015-07-01 00:22:31,682 Starting Live from 2015-04-04 to 2015-04-10
2015-07-01 00:22:48,787 Starting Live from 2015-04-04 to 2015-04-10
2015-07-01 00:23:15,103 Starting Training from 2015-03-04 to 2015-04-03
2015-07-01 00:24:10,797 Starting Q Learning for : 
2015-07-01 00:24:10,797 alpha = 0.2
2015-07-01 00:24:10,797 gamma = 0.8
2015-07-01 00:24:10,797 individual factor = 10
2015-07-01 00:24:10,797 zero range = 0.006
2015-07-01 00:24:10,797 greedy level = 5
2015-07-01 00:24:10,797 

2015-07-01 00:24:13,532 Starting Training from 2015-01-01 to 2015-01-31
2015-07-01 00:24:50,420 Starting Q Learning for : 
2015-07-01 00:24:50,420 alpha = 0.6
2015-07-01 00:24:50,420 gamma = 0.6
2015-07-01 00:24:50,420 individual factor = 10
2015-07-01 00:24:50,420 zero range = 0.006
2015-07-01 00:24:50,420 greedy level = 5
2015-07-01 00:24:50,420 

2015-07-01 00:24:50,425 Starting Live from 2015-04-04 to 2015-04-10
2015-07-01 00:24:53,106 Starting Training from 2015-01-01 to 2015-01-31
2015-07-01 00:27:40,182 Starting Q Learning for : 
2015-07-01 00:27:40,182 alpha = 0.5
2015-07-01 00:27:40,182 gamma = 0.2
2015-07-01 00:27:40,182 individual factor = 10
2015-07-01 00:27:40,182 zero range = 0.01
2015-07-01 00:27:40,182 greedy level = 5
2015-07-01 00:27:40,182 

2015-07-01 00:27:41,521 Starting Training from 2015-01-01 to 2015-01-31
2015-07-01 00:32:13,603 Starting Live from 2015-02-01 to 2015-03-03
2015-07-01 00:32:31,269 Starting Live from 2015-02-01 to 2015-03-03
2015-07-01 00:33:56,753 Starting Live from 2015-02-01 to 2015-03-03
2015-07-01 00:38:27,491 Starting Training from 2015-02-01 to 2015-03-03
2015-07-01 00:38:37,278 Starting Training from 2015-02-01 to 2015-03-03
2015-07-01 00:39:02,366 Starting Live from 2015-03-04 to 2015-04-03
2015-07-01 00:39:11,627 Starting Live from 2015-03-04 to 2015-04-03
2015-07-01 00:40:05,868 Starting Training from 2015-02-01 to 2015-03-03
2015-07-01 00:40:38,865 Starting Live from 2015-03-04 to 2015-04-03
2015-07-01 00:48:34,926 Starting Training from 2015-03-04 to 2015-04-03
2015-07-01 00:48:58,189 Starting Training from 2015-03-04 to 2015-04-03
2015-07-01 00:49:14,005 Starting Live from 2015-04-04 to 2015-04-10
2015-07-01 00:49:36,944 Starting Live from 2015-04-04 to 2015-04-10
2015-07-01 00:50:17,733 Starting Training from 2015-03-04 to 2015-04-03
2015-07-01 00:50:35,042 Starting Q Learning for : 
2015-07-01 00:50:35,042 alpha = 0.8
2015-07-01 00:50:35,042 gamma = 0.1
2015-07-01 00:50:35,043 individual factor = 10
2015-07-01 00:50:35,043 zero range = 0.006
2015-07-01 00:50:35,043 greedy level = 5
2015-07-01 00:50:35,043 

2015-07-01 00:50:36,384 Starting Training from 2015-01-01 to 2015-01-31
2015-07-01 00:50:58,442 Starting Live from 2015-04-04 to 2015-04-10
2015-07-01 00:51:00,570 Starting Q Learning for : 
2015-07-01 00:51:00,570 alpha = 0.6
2015-07-01 00:51:00,571 gamma = 0.7
2015-07-01 00:51:00,571 individual factor = 10
2015-07-01 00:51:00,571 zero range = 0.006
2015-07-01 00:51:00,571 greedy level = 5
2015-07-01 00:51:00,571 

2015-07-01 00:51:02,905 Starting Training from 2015-01-01 to 2015-01-31
2015-07-01 00:52:24,735 Starting Q Learning for : 
2015-07-01 00:52:24,735 alpha = 0.5
2015-07-01 00:52:24,735 gamma = 0.3
2015-07-01 00:52:24,735 individual factor = 10
2015-07-01 00:52:24,735 zero range = 0.01
2015-07-01 00:52:24,735 greedy level = 5
2015-07-01 00:52:24,735 

2015-07-01 00:52:25,970 Starting Training from 2015-01-01 to 2015-01-31
2015-07-01 00:57:05,076 Starting Live from 2015-02-01 to 2015-03-03
2015-07-01 00:57:27,887 Starting Live from 2015-02-01 to 2015-03-03
2015-07-01 00:59:08,593 Starting Live from 2015-02-01 to 2015-03-03
2015-07-01 01:05:10,928 Starting Training from 2015-02-01 to 2015-03-03
2015-07-01 01:05:33,409 Starting Training from 2015-02-01 to 2015-03-03
2015-07-01 01:05:45,559 Starting Live from 2015-03-04 to 2015-04-03
2015-07-01 01:06:08,891 Starting Live from 2015-03-04 to 2015-04-03
2015-07-01 01:07:05,699 Starting Training from 2015-02-01 to 2015-03-03
2015-07-01 01:07:37,824 Starting Live from 2015-03-04 to 2015-04-03
2015-07-01 01:13:20,524 Starting Training from 2015-03-04 to 2015-04-03
2015-07-01 01:14:09,261 Starting Live from 2015-04-04 to 2015-04-10
2015-07-01 01:14:26,925 Starting Training from 2015-03-04 to 2015-04-03
2015-07-01 01:15:06,486 Starting Live from 2015-04-04 to 2015-04-10
2015-07-01 01:15:38,942 Starting Q Learning for : 
2015-07-01 01:15:38,942 alpha = 0.8
2015-07-01 01:15:38,942 gamma = 0.2
2015-07-01 01:15:38,942 individual factor = 10
2015-07-01 01:15:38,942 zero range = 0.006
2015-07-01 01:15:38,943 greedy level = 5
2015-07-01 01:15:38,943 

2015-07-01 01:15:40,049 Starting Training from 2015-01-01 to 2015-01-31
2015-07-01 01:16:20,673 Starting Training from 2015-03-04 to 2015-04-03
2015-07-01 01:17:41,548 Starting Q Learning for : 
2015-07-01 01:17:41,548 alpha = 0.6
2015-07-01 01:17:41,548 gamma = 0.8
2015-07-01 01:17:41,548 individual factor = 10
2015-07-01 01:17:41,549 zero range = 0.006
2015-07-01 01:17:41,549 greedy level = 5
2015-07-01 01:17:41,549 

2015-07-01 01:17:44,110 Starting Training from 2015-01-01 to 2015-01-31
2015-07-01 01:18:09,454 Starting Live from 2015-04-04 to 2015-04-10
2015-07-01 01:20:20,912 Starting Q Learning for : 
2015-07-01 01:20:20,912 alpha = 0.5
2015-07-01 01:20:20,912 gamma = 0.4
2015-07-01 01:20:20,912 individual factor = 10
2015-07-01 01:20:20,912 zero range = 0.01
2015-07-01 01:20:20,912 greedy level = 5
2015-07-01 01:20:20,912 

2015-07-01 01:20:22,752 Starting Training from 2015-01-01 to 2015-01-31
2015-07-01 01:24:03,532 Starting Live from 2015-02-01 to 2015-03-03
2015-07-01 01:25:08,739 Starting Live from 2015-02-01 to 2015-03-03
2015-07-01 01:26:42,887 Starting Live from 2015-02-01 to 2015-03-03
2015-07-01 01:30:10,297 Starting Training from 2015-02-01 to 2015-03-03
2015-07-01 01:30:44,684 Starting Live from 2015-03-04 to 2015-04-03
2015-07-01 01:31:20,853 Starting Training from 2015-02-01 to 2015-03-03
2015-07-01 01:31:52,671 Starting Live from 2015-03-04 to 2015-04-03
2015-07-01 01:32:48,442 Starting Training from 2015-02-01 to 2015-03-03
2015-07-01 01:33:42,474 Starting Live from 2015-03-04 to 2015-04-03
2015-07-01 01:40:21,251 Starting Training from 2015-03-04 to 2015-04-03
2015-07-01 01:40:58,335 Starting Live from 2015-04-04 to 2015-04-10
2015-07-01 01:41:22,495 Starting Training from 2015-03-04 to 2015-04-03
2015-07-01 01:42:02,962 Starting Live from 2015-04-04 to 2015-04-10
2015-07-01 01:42:23,346 Starting Q Learning for : 
2015-07-01 01:42:23,346 alpha = 0.8
2015-07-01 01:42:23,346 gamma = 0.3
2015-07-01 01:42:23,346 individual factor = 10
2015-07-01 01:42:23,346 zero range = 0.006
2015-07-01 01:42:23,346 greedy level = 5
2015-07-01 01:42:23,346 

2015-07-01 01:42:24,631 Starting Training from 2015-01-01 to 2015-01-31
2015-07-01 01:43:20,808 Starting Q Learning for : 
2015-07-01 01:43:20,809 alpha = 0.2
2015-07-01 01:43:20,809 gamma = 0.1
2015-07-01 01:43:20,809 individual factor = 10
2015-07-01 01:43:20,809 zero range = 0.006
2015-07-01 01:43:20,809 greedy level = 5
2015-07-01 01:43:20,809 

2015-07-01 01:43:22,415 Starting Training from 2015-01-01 to 2015-01-31
2015-07-01 01:43:41,509 Starting Training from 2015-03-04 to 2015-04-03
2015-07-01 01:44:25,514 Starting Live from 2015-04-04 to 2015-04-10
2015-07-01 01:45:47,906 Starting Q Learning for : 
2015-07-01 01:45:47,906 alpha = 0.5
2015-07-01 01:45:47,906 gamma = 0.5
2015-07-01 01:45:47,906 individual factor = 10
2015-07-01 01:45:47,906 zero range = 0.01
2015-07-01 01:45:47,906 greedy level = 5
2015-07-01 01:45:47,906 

2015-07-01 01:45:49,220 Starting Training from 2015-01-01 to 2015-01-31
2015-07-01 01:49:01,101 Starting Live from 2015-02-01 to 2015-03-03
2015-07-01 01:49:59,428 Starting Live from 2015-02-01 to 2015-03-03
2015-07-01 01:54:19,834 Starting Live from 2015-02-01 to 2015-03-03
2015-07-01 01:57:38,593 Starting Training from 2015-02-01 to 2015-03-03
2015-07-01 01:58:12,669 Starting Live from 2015-03-04 to 2015-04-03
2015-07-01 01:58:36,160 Starting Training from 2015-02-01 to 2015-03-03
2015-07-01 01:59:12,734 Starting Live from 2015-03-04 to 2015-04-03
2015-07-01 02:01:26,452 Starting Training from 2015-02-01 to 2015-03-03
2015-07-01 02:02:01,785 Starting Live from 2015-03-04 to 2015-04-03
2015-07-01 02:05:53,458 Starting Training from 2015-03-04 to 2015-04-03
2015-07-01 02:06:32,616 Starting Live from 2015-04-04 to 2015-04-10
2015-07-01 02:08:52,134 Starting Training from 2015-03-04 to 2015-04-03
2015-07-01 02:09:00,410 Starting Q Learning for : 
2015-07-01 02:09:00,410 alpha = 0.8
2015-07-01 02:09:00,410 gamma = 0.4
2015-07-01 02:09:00,410 individual factor = 10
2015-07-01 02:09:00,410 zero range = 0.006
2015-07-01 02:09:00,410 greedy level = 5
2015-07-01 02:09:00,410 

2015-07-01 02:09:03,816 Starting Training from 2015-01-01 to 2015-01-31
2015-07-01 02:10:44,304 Starting Live from 2015-04-04 to 2015-04-10
2015-07-01 02:12:13,686 Starting Training from 2015-03-04 to 2015-04-03
2015-07-01 02:12:26,328 Starting Q Learning for : 
2015-07-01 02:12:26,328 alpha = 0.2
2015-07-01 02:12:26,328 gamma = 0.2
2015-07-01 02:12:26,328 individual factor = 10
2015-07-01 02:12:26,328 zero range = 0.006
2015-07-01 02:12:26,328 greedy level = 5
2015-07-01 02:12:26,328 

2015-07-01 02:12:28,604 Starting Training from 2015-01-01 to 2015-01-31
2015-07-01 02:12:54,663 Starting Live from 2015-04-04 to 2015-04-10
2015-07-01 02:14:16,950 Starting Q Learning for : 
2015-07-01 02:14:16,950 alpha = 0.5
2015-07-01 02:14:16,950 gamma = 0.6
2015-07-01 02:14:16,950 individual factor = 10
2015-07-01 02:14:16,950 zero range = 0.01
2015-07-01 02:14:16,950 greedy level = 5
2015-07-01 02:14:16,950 

2015-07-01 02:14:18,857 Starting Training from 2015-01-01 to 2015-01-31
2015-07-01 02:16:29,476 Starting Live from 2015-02-01 to 2015-03-03
2015-07-01 02:18:49,550 Starting Live from 2015-02-01 to 2015-03-03
2015-07-01 02:20:41,287 Starting Live from 2015-02-01 to 2015-03-03
2015-07-01 02:22:37,231 Starting Training from 2015-02-01 to 2015-03-03
2015-07-01 02:23:08,591 Starting Live from 2015-03-04 to 2015-04-03
2015-07-01 02:24:53,304 Starting Training from 2015-02-01 to 2015-03-03
2015-07-01 02:26:20,040 Starting Live from 2015-03-04 to 2015-04-03
2015-07-01 02:28:42,708 Starting Training from 2015-02-01 to 2015-03-03
2015-07-01 02:29:27,586 Starting Live from 2015-03-04 to 2015-04-03
2015-07-01 02:32:44,612 Starting Training from 2015-03-04 to 2015-04-03
2015-07-01 02:33:22,770 Starting Live from 2015-04-04 to 2015-04-10
2015-07-01 02:34:36,739 Starting Q Learning for : 
2015-07-01 02:34:36,739 alpha = 0.8
2015-07-01 02:34:36,739 gamma = 0.5
2015-07-01 02:34:36,739 individual factor = 10
2015-07-01 02:34:36,739 zero range = 0.006
2015-07-01 02:34:36,739 greedy level = 5
2015-07-01 02:34:36,739 

2015-07-01 02:34:37,944 Starting Training from 2015-01-01 to 2015-01-31
2015-07-01 02:34:51,928 Starting Training from 2015-03-04 to 2015-04-03
2015-07-01 02:35:29,657 Starting Live from 2015-04-04 to 2015-04-10
2015-07-01 02:36:26,882 Starting Training from 2015-03-04 to 2015-04-03
2015-07-01 02:36:51,590 Starting Q Learning for : 
2015-07-01 02:36:51,591 alpha = 0.2
2015-07-01 02:36:51,591 gamma = 0.3
2015-07-01 02:36:51,591 individual factor = 10
2015-07-01 02:36:51,591 zero range = 0.006
2015-07-01 02:36:51,591 greedy level = 5
2015-07-01 02:36:51,591 

2015-07-01 02:36:52,857 Starting Training from 2015-01-01 to 2015-01-31
2015-07-01 02:37:17,097 Starting Live from 2015-04-04 to 2015-04-10
2015-07-01 02:38:48,362 Starting Q Learning for : 
2015-07-01 02:38:48,363 alpha = 0.5
2015-07-01 02:38:48,363 gamma = 0.7
2015-07-01 02:38:48,363 individual factor = 10
2015-07-01 02:38:48,363 zero range = 0.01
2015-07-01 02:38:48,363 greedy level = 5
2015-07-01 02:38:48,363 

2015-07-01 02:38:49,515 Starting Training from 2015-01-01 to 2015-01-31
2015-07-01 02:40:44,368 Starting Live from 2015-02-01 to 2015-03-03
2015-07-01 02:44:09,661 Starting Live from 2015-02-01 to 2015-03-03
2015-07-01 02:46:58,458 Starting Live from 2015-02-01 to 2015-03-03
2015-07-01 02:48:57,075 Starting Training from 2015-02-01 to 2015-03-03
2015-07-01 02:49:31,354 Starting Live from 2015-03-04 to 2015-04-03
2015-07-01 02:51:11,744 Starting Training from 2015-02-01 to 2015-03-03
2015-07-01 02:51:48,858 Starting Live from 2015-03-04 to 2015-04-03
2015-07-01 02:53:00,568 Starting Training from 2015-02-01 to 2015-03-03
2015-07-01 02:53:32,243 Starting Live from 2015-03-04 to 2015-04-03
2015-07-01 02:57:17,774 Starting Training from 2015-03-04 to 2015-04-03
2015-07-01 02:57:57,717 Starting Live from 2015-04-04 to 2015-04-10
2015-07-01 02:59:11,442 Starting Training from 2015-03-04 to 2015-04-03
2015-07-01 02:59:19,670 Starting Q Learning for : 
2015-07-01 02:59:19,670 alpha = 0.8
2015-07-01 02:59:19,670 gamma = 0.6
2015-07-01 02:59:19,670 individual factor = 10
2015-07-01 02:59:19,670 zero range = 0.006
2015-07-01 02:59:19,670 greedy level = 5
2015-07-01 02:59:19,670 

2015-07-01 02:59:21,339 Starting Training from 2015-01-01 to 2015-01-31
2015-07-01 03:00:34,721 Starting Live from 2015-04-04 to 2015-04-10
2015-07-01 03:03:10,679 Starting Training from 2015-03-04 to 2015-04-03
2015-07-01 03:03:20,941 Starting Q Learning for : 
2015-07-01 03:03:20,942 alpha = 0.2
2015-07-01 03:03:20,942 gamma = 0.4
2015-07-01 03:03:20,942 individual factor = 10
2015-07-01 03:03:20,942 zero range = 0.006
2015-07-01 03:03:20,942 greedy level = 5
2015-07-01 03:03:20,942 

2015-07-01 03:03:23,949 Starting Training from 2015-01-01 to 2015-01-31
2015-07-01 03:04:01,838 Starting Live from 2015-04-04 to 2015-04-10
2015-07-01 03:05:27,662 Starting Q Learning for : 
2015-07-01 03:05:27,662 alpha = 0.5
2015-07-01 03:05:27,662 gamma = 0.8
2015-07-01 03:05:27,662 individual factor = 10
2015-07-01 03:05:27,662 zero range = 0.01
2015-07-01 03:05:27,662 greedy level = 5
2015-07-01 03:05:27,662 

2015-07-01 03:05:29,728 Starting Training from 2015-01-01 to 2015-01-31
2015-07-01 03:07:41,962 Starting Live from 2015-02-01 to 2015-03-03
2015-07-01 03:10:01,721 Starting Live from 2015-02-01 to 2015-03-03
2015-07-01 03:12:26,442 Starting Live from 2015-02-01 to 2015-03-03
2015-07-01 03:14:16,951 Starting Training from 2015-02-01 to 2015-03-03
2015-07-01 03:14:56,560 Starting Live from 2015-03-04 to 2015-04-03
2015-07-01 03:16:38,654 Starting Training from 2015-02-01 to 2015-03-03
2015-07-01 03:18:15,154 Starting Live from 2015-03-04 to 2015-04-03
2015-07-01 03:20:28,075 Starting Training from 2015-02-01 to 2015-03-03
2015-07-01 03:21:02,496 Starting Live from 2015-03-04 to 2015-04-03
2015-07-01 03:24:03,669 Starting Training from 2015-03-04 to 2015-04-03
2015-07-01 03:24:44,838 Starting Live from 2015-04-04 to 2015-04-10
2015-07-01 03:26:08,405 Starting Q Learning for : 
2015-07-01 03:26:08,405 alpha = 0.8
2015-07-01 03:26:08,405 gamma = 0.7
2015-07-01 03:26:08,406 individual factor = 10
2015-07-01 03:26:08,406 zero range = 0.006
2015-07-01 03:26:08,406 greedy level = 5
2015-07-01 03:26:08,406 

2015-07-01 03:26:09,579 Starting Training from 2015-01-01 to 2015-01-31
2015-07-01 03:26:51,254 Starting Training from 2015-03-04 to 2015-04-03
2015-07-01 03:27:32,589 Starting Live from 2015-04-04 to 2015-04-10
2015-07-01 03:27:47,408 Starting Training from 2015-03-04 to 2015-04-03
2015-07-01 03:28:46,233 Starting Live from 2015-04-04 to 2015-04-10
2015-07-01 03:28:51,900 Starting Q Learning for : 
2015-07-01 03:28:51,901 alpha = 0.2
2015-07-01 03:28:51,901 gamma = 0.5
2015-07-01 03:28:51,901 individual factor = 10
2015-07-01 03:28:51,901 zero range = 0.006
2015-07-01 03:28:51,901 greedy level = 5
2015-07-01 03:28:51,901 

2015-07-01 03:28:53,246 Starting Training from 2015-01-01 to 2015-01-31
2015-07-01 03:30:06,174 Starting Q Learning for : 
2015-07-01 03:30:06,174 alpha = 0.4
2015-07-01 03:30:06,174 gamma = 0.1
2015-07-01 03:30:06,174 individual factor = 10
2015-07-01 03:30:06,174 zero range = 0.01
2015-07-01 03:30:06,174 greedy level = 5
2015-07-01 03:30:06,174 

2015-07-01 03:30:07,490 Starting Training from 2015-01-01 to 2015-01-31
2015-07-01 03:32:15,035 Starting Live from 2015-02-01 to 2015-03-03
2015-07-01 03:35:55,741 Starting Live from 2015-02-01 to 2015-03-03
2015-07-01 03:38:15,625 Starting Live from 2015-02-01 to 2015-03-03
2015-07-01 03:40:14,908 Starting Training from 2015-02-01 to 2015-03-03
2015-07-01 03:40:45,616 Starting Live from 2015-03-04 to 2015-04-03
2015-07-01 03:42:58,948 Starting Training from 2015-02-01 to 2015-03-03
2015-07-01 03:43:35,429 Starting Live from 2015-03-04 to 2015-04-03
2015-07-01 03:44:10,861 Starting Training from 2015-02-01 to 2015-03-03
2015-07-01 03:44:43,508 Starting Live from 2015-03-04 to 2015-04-03
2015-07-01 03:48:12,897 Starting Training from 2015-03-04 to 2015-04-03
2015-07-01 03:48:49,777 Starting Live from 2015-04-04 to 2015-04-10
2015-07-01 03:50:11,825 Starting Q Learning for : 
2015-07-01 03:50:11,825 alpha = 0.8
2015-07-01 03:50:11,825 gamma = 0.8
2015-07-01 03:50:11,825 individual factor = 10
2015-07-01 03:50:11,825 zero range = 0.006
2015-07-01 03:50:11,825 greedy level = 5
2015-07-01 03:50:11,825 

2015-07-01 03:50:13,625 Starting Training from 2015-01-01 to 2015-01-31
2015-07-01 03:51:11,817 Starting Training from 2015-03-04 to 2015-04-03
2015-07-01 03:51:51,745 Starting Live from 2015-04-04 to 2015-04-10
2015-07-01 03:52:45,645 Starting Training from 2015-03-04 to 2015-04-03
2015-07-01 03:54:32,629 Starting Live from 2015-04-04 to 2015-04-10
2015-07-01 03:54:47,659 Starting Q Learning for : 
2015-07-01 03:54:47,659 alpha = 0.2
2015-07-01 03:54:47,659 gamma = 0.6
2015-07-01 03:54:47,659 individual factor = 10
2015-07-01 03:54:47,659 zero range = 0.006
2015-07-01 03:54:47,659 greedy level = 5
2015-07-01 03:54:47,659 

2015-07-01 03:54:49,343 Starting Training from 2015-01-01 to 2015-01-31
2015-07-01 03:55:59,587 Starting Q Learning for : 
2015-07-01 03:55:59,587 alpha = 0.4
2015-07-01 03:55:59,587 gamma = 0.2
2015-07-01 03:55:59,587 individual factor = 10
2015-07-01 03:55:59,587 zero range = 0.01
2015-07-01 03:55:59,587 greedy level = 5
2015-07-01 03:55:59,587 

2015-07-01 03:56:00,844 Starting Training from 2015-01-01 to 2015-01-31
2015-07-01 03:57:56,309 Starting Live from 2015-02-01 to 2015-03-03
2015-07-01 04:00:56,064 Starting Live from 2015-02-01 to 2015-03-03
2015-07-01 04:02:04,287 Starting Live from 2015-02-01 to 2015-03-03
2015-07-01 04:03:58,498 Starting Training from 2015-02-01 to 2015-03-03
2015-07-01 04:04:31,461 Starting Live from 2015-03-04 to 2015-04-03
2015-07-01 04:06:48,655 Starting Training from 2015-02-01 to 2015-03-03
2015-07-01 04:07:22,419 Starting Live from 2015-03-04 to 2015-04-03
2015-07-01 04:08:05,077 Starting Training from 2015-02-01 to 2015-03-03
2015-07-01 04:09:37,226 Starting Live from 2015-03-04 to 2015-04-03
2015-07-01 04:14:33,439 Starting Training from 2015-03-04 to 2015-04-03
2015-07-01 04:15:15,858 Starting Live from 2015-04-04 to 2015-04-10
2015-07-01 04:16:40,497 Starting Q Learning for : 
2015-07-01 04:16:40,498 alpha = 0.4
2015-07-01 04:16:40,498 gamma = 0.3
2015-07-01 04:16:40,498 individual factor = 10
2015-07-01 04:16:40,498 zero range = 0.01
2015-07-01 04:16:40,498 greedy level = 5
2015-07-01 04:16:40,498 

2015-07-01 04:16:41,822 Starting Training from 2015-01-01 to 2015-01-31
2015-07-01 04:16:53,021 Starting Training from 2015-03-04 to 2015-04-03
2015-07-01 04:17:35,671 Starting Live from 2015-04-04 to 2015-04-10
2015-07-01 04:18:57,450 Starting Training from 2015-03-04 to 2015-04-03
2015-07-01 04:19:08,987 Starting Q Learning for : 
2015-07-01 04:19:08,988 alpha = 0.6
2015-07-01 04:19:08,988 gamma = 0.5
2015-07-01 04:19:08,988 individual factor = 10
2015-07-01 04:19:08,988 zero range = 0.01
2015-07-01 04:19:08,988 greedy level = 5
2015-07-01 04:19:08,988 

2015-07-01 04:19:10,703 Starting Training from 2015-01-01 to 2015-01-31
2015-07-01 04:19:44,327 Starting Live from 2015-04-04 to 2015-04-10
2015-07-01 04:21:25,263 Starting Q Learning for : 
2015-07-01 04:21:25,263 alpha = 0.2
2015-07-01 04:21:25,263 gamma = 0.7
2015-07-01 04:21:25,263 individual factor = 10
2015-07-01 04:21:25,263 zero range = 0.01
2015-07-01 04:21:25,263 greedy level = 5
2015-07-01 04:21:25,263 

2015-07-01 04:21:28,827 Starting Training from 2015-01-01 to 2015-01-31
2015-07-01 04:23:48,497 Starting Live from 2015-02-01 to 2015-03-03
2015-07-01 04:27:26,829 Starting Live from 2015-02-01 to 2015-03-03
2015-07-01 04:30:07,468 Starting Live from 2015-02-01 to 2015-03-03
2015-07-01 04:31:55,562 Starting Training from 2015-02-01 to 2015-03-03
2015-07-01 04:32:25,448 Starting Live from 2015-03-04 to 2015-04-03
2015-07-01 04:34:01,419 Starting Training from 2015-02-01 to 2015-03-03
2015-07-01 04:34:39,779 Starting Live from 2015-03-04 to 2015-04-03
2015-07-01 04:36:00,267 Starting Training from 2015-02-01 to 2015-03-03
2015-07-01 04:36:31,101 Starting Live from 2015-03-04 to 2015-04-03
2015-07-01 04:39:39,423 Starting Training from 2015-03-04 to 2015-04-03
2015-07-01 04:40:28,519 Starting Live from 2015-04-04 to 2015-04-10
2015-07-01 04:41:47,521 Starting Q Learning for : 
2015-07-01 04:41:47,521 alpha = 0.4
2015-07-01 04:41:47,521 gamma = 0.4
2015-07-01 04:41:47,521 individual factor = 10
2015-07-01 04:41:47,521 zero range = 0.01
2015-07-01 04:41:47,521 greedy level = 5
2015-07-01 04:41:47,521 

2015-07-01 04:41:49,216 Starting Training from 2015-01-01 to 2015-01-31
2015-07-01 04:41:54,513 Starting Training from 2015-03-04 to 2015-04-03
2015-07-01 04:42:57,086 Starting Live from 2015-04-04 to 2015-04-10
2015-07-01 04:45:49,624 Starting Q Learning for : 
2015-07-01 04:45:49,624 alpha = 0.6
2015-07-01 04:45:49,624 gamma = 0.6
2015-07-01 04:45:49,624 individual factor = 10
2015-07-01 04:45:49,624 zero range = 0.01
2015-07-01 04:45:49,624 greedy level = 5
2015-07-01 04:45:49,624 

2015-07-01 04:45:51,927 Starting Training from 2015-01-01 to 2015-01-31
2015-07-01 04:46:08,313 Starting Training from 2015-03-04 to 2015-04-03
2015-07-01 04:46:48,965 Starting Live from 2015-04-04 to 2015-04-10
2015-07-01 04:48:11,204 Starting Q Learning for : 
2015-07-01 04:48:11,204 alpha = 0.2
2015-07-01 04:48:11,204 gamma = 0.8
2015-07-01 04:48:11,204 individual factor = 10
2015-07-01 04:48:11,204 zero range = 0.01
2015-07-01 04:48:11,204 greedy level = 5
2015-07-01 04:48:11,204 

2015-07-01 04:48:13,158 Starting Training from 2015-01-01 to 2015-01-31
2015-07-01 04:49:40,494 Starting Live from 2015-02-01 to 2015-03-03
2015-07-01 04:51:59,396 Starting Live from 2015-02-01 to 2015-03-03
2015-07-01 04:54:13,763 Starting Live from 2015-02-01 to 2015-03-03
2015-07-01 04:55:34,636 Starting Training from 2015-02-01 to 2015-03-03
2015-07-01 04:56:05,349 Starting Live from 2015-03-04 to 2015-04-03
2015-07-01 04:57:52,453 Starting Training from 2015-02-01 to 2015-03-03
2015-07-01 04:58:26,757 Starting Live from 2015-03-04 to 2015-04-03
2015-07-01 05:00:36,365 Starting Training from 2015-02-01 to 2015-03-03
2015-07-01 05:02:05,053 Starting Live from 2015-03-04 to 2015-04-03
2015-07-01 05:05:08,422 Starting Training from 2015-03-04 to 2015-04-03
2015-07-01 05:05:46,427 Starting Live from 2015-04-04 to 2015-04-10
2015-07-01 05:07:08,942 Starting Q Learning for : 
2015-07-01 05:07:08,942 alpha = 0.4
2015-07-01 05:07:08,942 gamma = 0.5
2015-07-01 05:07:08,942 individual factor = 10
2015-07-01 05:07:08,942 zero range = 0.01
2015-07-01 05:07:08,943 greedy level = 5
2015-07-01 05:07:08,943 

2015-07-01 05:07:10,623 Starting Training from 2015-01-01 to 2015-01-31
2015-07-01 05:07:39,256 Starting Training from 2015-03-04 to 2015-04-03
2015-07-01 05:08:20,587 Starting Live from 2015-04-04 to 2015-04-10
2015-07-01 05:09:39,037 Starting Q Learning for : 
2015-07-01 05:09:39,037 alpha = 0.6
2015-07-01 05:09:39,037 gamma = 0.7
2015-07-01 05:09:39,037 individual factor = 10
2015-07-01 05:09:39,037 zero range = 0.01
2015-07-01 05:09:39,037 greedy level = 5
2015-07-01 05:09:39,038 

2015-07-01 05:09:40,419 Starting Training from 2015-01-01 to 2015-01-31
2015-07-01 05:09:50,633 Starting Training from 2015-03-04 to 2015-04-03
2015-07-01 05:10:27,582 Starting Live from 2015-04-04 to 2015-04-10
2015-07-01 05:11:38,059 Starting Q Learning for : 
2015-07-01 05:11:38,059 alpha = 0.8
2015-07-01 05:11:38,059 gamma = 0.1
2015-07-01 05:11:38,059 individual factor = 10
2015-07-01 05:11:38,059 zero range = 0.01
2015-07-01 05:11:38,059 greedy level = 5
2015-07-01 05:11:38,059 

2015-07-01 05:11:40,375 Starting Training from 2015-01-01 to 2015-01-31
2015-07-01 05:13:14,824 Starting Live from 2015-02-01 to 2015-03-03
2015-07-01 05:15:52,004 Starting Live from 2015-02-01 to 2015-03-03
2015-07-01 05:18:24,866 Starting Live from 2015-02-01 to 2015-03-03
2015-07-01 05:21:27,282 Starting Training from 2015-02-01 to 2015-03-03
2015-07-01 05:22:01,510 Starting Live from 2015-03-04 to 2015-04-03
2015-07-01 05:23:58,010 Starting Training from 2015-02-01 to 2015-03-03
2015-07-01 05:24:28,964 Starting Live from 2015-03-04 to 2015-04-03
2015-07-01 05:25:42,613 Starting Training from 2015-02-01 to 2015-03-03
2015-07-01 05:26:14,885 Starting Live from 2015-03-04 to 2015-04-03
2015-07-01 05:29:19,958 Starting Training from 2015-03-04 to 2015-04-03
2015-07-01 05:30:07,657 Starting Live from 2015-04-04 to 2015-04-10
2015-07-01 05:31:29,376 Starting Q Learning for : 
2015-07-01 05:31:29,376 alpha = 0.4
2015-07-01 05:31:29,376 gamma = 0.6
2015-07-01 05:31:29,377 individual factor = 10
2015-07-01 05:31:29,377 zero range = 0.01
2015-07-01 05:31:29,377 greedy level = 5
2015-07-01 05:31:29,377 

2015-07-01 05:31:31,417 Starting Training from 2015-01-01 to 2015-01-31
2015-07-01 05:32:29,196 Starting Training from 2015-03-04 to 2015-04-03
2015-07-01 05:33:05,342 Starting Live from 2015-04-04 to 2015-04-10
2015-07-01 05:34:06,861 Starting Training from 2015-03-04 to 2015-04-03
2015-07-01 05:34:22,323 Starting Q Learning for : 
2015-07-01 05:34:22,323 alpha = 0.6
2015-07-01 05:34:22,323 gamma = 0.8
2015-07-01 05:34:22,323 individual factor = 10
2015-07-01 05:34:22,323 zero range = 0.01
2015-07-01 05:34:22,323 greedy level = 5
2015-07-01 05:34:22,323 

2015-07-01 05:34:23,508 Starting Training from 2015-01-01 to 2015-01-31
2015-07-01 05:34:47,545 Starting Live from 2015-04-04 to 2015-04-10
2015-07-01 05:37:49,458 Starting Q Learning for : 
2015-07-01 05:37:49,459 alpha = 0.8
2015-07-01 05:37:49,459 gamma = 0.2
2015-07-01 05:37:49,459 individual factor = 10
2015-07-01 05:37:49,459 zero range = 0.01
2015-07-01 05:37:49,459 greedy level = 5
2015-07-01 05:37:49,459 

2015-07-01 05:37:52,233 Starting Training from 2015-01-01 to 2015-01-31
2015-07-01 05:39:33,428 Starting Live from 2015-02-01 to 2015-03-03
2015-07-01 05:42:30,621 Starting Live from 2015-02-01 to 2015-03-03
2015-07-01 05:44:21,843 Starting Live from 2015-02-01 to 2015-03-03
2015-07-01 05:45:26,121 Starting Training from 2015-02-01 to 2015-03-03
2015-07-01 05:45:57,002 Starting Live from 2015-03-04 to 2015-04-03
2015-07-01 05:48:19,591 Starting Training from 2015-02-01 to 2015-03-03
2015-07-01 05:48:51,459 Starting Live from 2015-03-04 to 2015-04-03
2015-07-01 05:50:16,480 Starting Training from 2015-02-01 to 2015-03-03
2015-07-01 05:50:47,590 Starting Live from 2015-03-04 to 2015-04-03
2015-07-01 05:54:33,872 Starting Training from 2015-03-04 to 2015-04-03
2015-07-01 05:56:11,846 Starting Live from 2015-04-04 to 2015-04-10
2015-07-01 05:57:36,599 Starting Q Learning for : 
2015-07-01 05:57:36,599 alpha = 0.4
2015-07-01 05:57:36,599 gamma = 0.7
2015-07-01 05:57:36,599 individual factor = 10
2015-07-01 05:57:36,599 zero range = 0.01
2015-07-01 05:57:36,599 greedy level = 5
2015-07-01 05:57:36,599 

2015-07-01 05:57:38,541 Starting Training from 2015-01-01 to 2015-01-31
2015-07-01 05:57:44,539 Starting Training from 2015-03-04 to 2015-04-03
2015-07-01 05:58:32,175 Starting Live from 2015-04-04 to 2015-04-10
2015-07-01 05:59:51,349 Starting Q Learning for : 
2015-07-01 05:59:51,349 alpha = 0.2
2015-07-01 05:59:51,350 gamma = 0.1
2015-07-01 05:59:51,350 individual factor = 10
2015-07-01 05:59:51,350 zero range = 0.01
2015-07-01 05:59:51,350 greedy level = 5
2015-07-01 05:59:51,350 

2015-07-01 05:59:53,020 Starting Training from 2015-01-01 to 2015-01-31
2015-07-01 06:01:54,157 Starting Training from 2015-03-04 to 2015-04-03
2015-07-01 06:02:32,385 Starting Live from 2015-04-04 to 2015-04-10
2015-07-01 06:03:41,586 Starting Live from 2015-02-01 to 2015-03-03
2015-07-01 06:04:04,733 Starting Q Learning for : 
2015-07-01 06:04:04,733 alpha = 0.8
2015-07-01 06:04:04,734 gamma = 0.3
2015-07-01 06:04:04,734 individual factor = 10
2015-07-01 06:04:04,734 zero range = 0.01
2015-07-01 06:04:04,734 greedy level = 5
2015-07-01 06:04:04,734 

2015-07-01 06:04:08,578 Starting Training from 2015-01-01 to 2015-01-31
2015-07-01 06:06:20,978 Starting Live from 2015-02-01 to 2015-03-03
2015-07-01 06:12:03,811 Starting Training from 2015-02-01 to 2015-03-03
2015-07-01 06:12:36,395 Starting Live from 2015-02-01 to 2015-03-03
2015-07-01 06:12:48,040 Starting Live from 2015-03-04 to 2015-04-03
2015-07-01 06:14:33,098 Starting Training from 2015-02-01 to 2015-03-03
2015-07-01 06:15:14,742 Starting Live from 2015-03-04 to 2015-04-03
2015-07-01 06:19:27,944 Starting Training from 2015-02-01 to 2015-03-03
2015-07-01 06:20:00,218 Starting Live from 2015-03-04 to 2015-04-03
2015-07-01 06:20:48,518 Starting Training from 2015-03-04 to 2015-04-03
2015-07-01 06:21:29,370 Starting Live from 2015-04-04 to 2015-04-10
2015-07-01 06:22:48,570 Starting Training from 2015-03-04 to 2015-04-03
2015-07-01 06:22:53,956 Starting Q Learning for : 
2015-07-01 06:22:53,957 alpha = 0.4
2015-07-01 06:22:53,957 gamma = 0.8
2015-07-01 06:22:53,957 individual factor = 10
2015-07-01 06:22:53,957 zero range = 0.01
2015-07-01 06:22:53,957 greedy level = 5
2015-07-01 06:22:53,957 

2015-07-01 06:22:55,316 Starting Training from 2015-01-01 to 2015-01-31
2015-07-01 06:23:28,958 Starting Live from 2015-04-04 to 2015-04-10
2015-07-01 06:24:45,001 Starting Q Learning for : 
2015-07-01 06:24:45,001 alpha = 0.2
2015-07-01 06:24:45,001 gamma = 0.2
2015-07-01 06:24:45,002 individual factor = 10
2015-07-01 06:24:45,002 zero range = 0.01
2015-07-01 06:24:45,002 greedy level = 5
2015-07-01 06:24:45,002 

2015-07-01 06:24:46,291 Starting Training from 2015-01-01 to 2015-01-31
2015-07-01 06:28:51,044 Starting Training from 2015-03-04 to 2015-04-03
2015-07-01 06:29:56,289 Starting Live from 2015-04-04 to 2015-04-10
2015-07-01 06:31:03,391 Starting Live from 2015-02-01 to 2015-03-03
2015-07-01 06:31:24,833 Starting Q Learning for : 
2015-07-01 06:31:24,833 alpha = 0.8
2015-07-01 06:31:24,833 gamma = 0.4
2015-07-01 06:31:24,833 individual factor = 10
2015-07-01 06:31:24,833 zero range = 0.01
2015-07-01 06:31:24,833 greedy level = 5
2015-07-01 06:31:24,833 

2015-07-01 06:31:27,522 Starting Training from 2015-01-01 to 2015-01-31
2015-07-01 06:33:13,773 Starting Live from 2015-02-01 to 2015-03-03
2015-07-01 06:37:18,237 Starting Training from 2015-02-01 to 2015-03-03
2015-07-01 06:37:45,875 Starting Live from 2015-02-01 to 2015-03-03
2015-07-01 06:37:51,734 Starting Live from 2015-03-04 to 2015-04-03
2015-07-01 06:39:15,329 Starting Training from 2015-02-01 to 2015-03-03
2015-07-01 06:39:46,658 Starting Live from 2015-03-04 to 2015-04-03
2015-07-01 06:44:56,555 Starting Training from 2015-02-01 to 2015-03-03
2015-07-01 06:45:59,508 Starting Live from 2015-03-04 to 2015-04-03
2015-07-01 06:46:36,882 Starting Training from 2015-03-04 to 2015-04-03
2015-07-01 06:47:16,899 Starting Live from 2015-04-04 to 2015-04-10
2015-07-01 06:48:42,564 Starting Q Learning for : 
2015-07-01 06:48:42,564 alpha = 0.6
2015-07-01 06:48:42,564 gamma = 0.1
2015-07-01 06:48:42,564 individual factor = 10
2015-07-01 06:48:42,564 zero range = 0.01
2015-07-01 06:48:42,564 greedy level = 5
2015-07-01 06:48:42,564 

2015-07-01 06:48:47,347 Starting Training from 2015-01-01 to 2015-01-31
2015-07-01 06:49:26,032 Starting Training from 2015-03-04 to 2015-04-03
2015-07-01 06:50:05,858 Starting Live from 2015-04-04 to 2015-04-10
2015-07-01 06:51:31,917 Starting Q Learning for : 
2015-07-01 06:51:31,917 alpha = 0.2
2015-07-01 06:51:31,917 gamma = 0.3
2015-07-01 06:51:31,917 individual factor = 10
2015-07-01 06:51:31,917 zero range = 0.01
2015-07-01 06:51:31,917 greedy level = 5
2015-07-01 06:51:31,917 

2015-07-01 06:51:33,974 Starting Training from 2015-01-01 to 2015-01-31
2015-07-01 06:53:52,962 Starting Training from 2015-03-04 to 2015-04-03
2015-07-01 06:54:34,410 Starting Live from 2015-04-04 to 2015-04-10
2015-07-01 06:54:57,398 Starting Live from 2015-02-01 to 2015-03-03
2015-07-01 06:55:59,968 Starting Q Learning for : 
2015-07-01 06:55:59,968 alpha = 0.8
2015-07-01 06:55:59,968 gamma = 0.5
2015-07-01 06:55:59,968 individual factor = 10
2015-07-01 06:55:59,968 zero range = 0.01
2015-07-01 06:55:59,968 greedy level = 5
2015-07-01 06:55:59,968 

2015-07-01 06:56:01,806 Starting Training from 2015-01-01 to 2015-01-31
2015-07-01 06:57:44,495 Starting Live from 2015-02-01 to 2015-03-03
2015-07-01 07:02:43,202 Starting Training from 2015-02-01 to 2015-03-03
2015-07-01 07:03:40,285 Starting Live from 2015-03-04 to 2015-04-03
2015-07-01 07:04:15,430 Starting Live from 2015-02-01 to 2015-03-03
2015-07-01 07:05:45,728 Starting Training from 2015-02-01 to 2015-03-03
2015-07-01 07:06:16,949 Starting Live from 2015-03-04 to 2015-04-03
2015-07-01 07:10:05,972 Starting Training from 2015-02-01 to 2015-03-03
2015-07-01 07:10:39,830 Starting Live from 2015-03-04 to 2015-04-03
2015-07-01 07:11:18,657 Starting Training from 2015-03-04 to 2015-04-03
2015-07-01 07:11:57,295 Starting Live from 2015-04-04 to 2015-04-10
2015-07-01 07:13:17,661 Starting Q Learning for : 
2015-07-01 07:13:17,661 alpha = 0.6
2015-07-01 07:13:17,661 gamma = 0.2
2015-07-01 07:13:17,661 individual factor = 10
2015-07-01 07:13:17,661 zero range = 0.01
2015-07-01 07:13:17,661 greedy level = 5
2015-07-01 07:13:17,661 

2015-07-01 07:13:18,850 Starting Training from 2015-01-01 to 2015-01-31
2015-07-01 07:13:27,358 Starting Training from 2015-03-04 to 2015-04-03
2015-07-01 07:14:15,049 Starting Live from 2015-04-04 to 2015-04-10
2015-07-01 07:15:46,744 Starting Q Learning for : 
2015-07-01 07:15:46,744 alpha = 0.2
2015-07-01 07:15:46,744 gamma = 0.4
2015-07-01 07:15:46,744 individual factor = 10
2015-07-01 07:15:46,744 zero range = 0.01
2015-07-01 07:15:46,744 greedy level = 5
2015-07-01 07:15:46,744 

2015-07-01 07:15:48,286 Starting Training from 2015-01-01 to 2015-01-31
2015-07-01 07:19:38,056 Starting Training from 2015-03-04 to 2015-04-03
2015-07-01 07:21:17,525 Starting Live from 2015-04-04 to 2015-04-10
2015-07-01 07:21:19,878 Starting Live from 2015-02-01 to 2015-03-03
2015-07-01 07:22:37,837 Starting Q Learning for : 
2015-07-01 07:22:37,837 alpha = 0.8
2015-07-01 07:22:37,837 gamma = 0.6
2015-07-01 07:22:37,837 individual factor = 10
2015-07-01 07:22:37,837 zero range = 0.01
2015-07-01 07:22:37,837 greedy level = 5
2015-07-01 07:22:37,837 

2015-07-01 07:22:39,171 Starting Training from 2015-01-01 to 2015-01-31
2015-07-01 07:23:54,891 Starting Live from 2015-02-01 to 2015-03-03
2015-07-01 07:27:13,079 Starting Training from 2015-02-01 to 2015-03-03
2015-07-01 07:27:46,430 Starting Live from 2015-03-04 to 2015-04-03
2015-07-01 07:28:41,245 Starting Live from 2015-02-01 to 2015-03-03
2015-07-01 07:30:05,914 Starting Training from 2015-02-01 to 2015-03-03
2015-07-01 07:30:45,347 Starting Live from 2015-03-04 to 2015-04-03
2015-07-01 07:36:11,527 Starting Training from 2015-02-01 to 2015-03-03
2015-07-01 07:37:01,246 Starting Training from 2015-03-04 to 2015-04-03
2015-07-01 07:37:07,714 Starting Live from 2015-03-04 to 2015-04-03
2015-07-01 07:37:39,324 Starting Live from 2015-04-04 to 2015-04-10
2015-07-01 07:39:01,880 Starting Q Learning for : 
2015-07-01 07:39:01,880 alpha = 0.6
2015-07-01 07:39:01,880 gamma = 0.3
2015-07-01 07:39:01,880 individual factor = 10
2015-07-01 07:39:01,880 zero range = 0.01
2015-07-01 07:39:01,880 greedy level = 5
2015-07-01 07:39:01,880 

2015-07-01 07:39:03,150 Starting Training from 2015-01-01 to 2015-01-31
2015-07-01 07:40:57,196 Starting Training from 2015-03-04 to 2015-04-03
2015-07-01 07:41:35,751 Starting Live from 2015-04-04 to 2015-04-10
2015-07-01 07:42:59,542 Starting Q Learning for : 
2015-07-01 07:42:59,542 alpha = 0.2
2015-07-01 07:42:59,542 gamma = 0.5
2015-07-01 07:42:59,542 individual factor = 10
2015-07-01 07:42:59,542 zero range = 0.01
2015-07-01 07:42:59,542 greedy level = 5
2015-07-01 07:42:59,543 

2015-07-01 07:43:01,257 Starting Training from 2015-01-01 to 2015-01-31
2015-07-01 07:44:25,933 Starting Training from 2015-03-04 to 2015-04-03
2015-07-01 07:44:57,195 Starting Live from 2015-02-01 to 2015-03-03
2015-07-01 07:45:05,085 Starting Live from 2015-04-04 to 2015-04-10
2015-07-01 07:46:24,213 Starting Q Learning for : 
2015-07-01 07:46:24,213 alpha = 0.8
2015-07-01 07:46:24,213 gamma = 0.7
2015-07-01 07:46:24,213 individual factor = 10
2015-07-01 07:46:24,213 zero range = 0.01
2015-07-01 07:46:24,213 greedy level = 5
2015-07-01 07:46:24,213 

2015-07-01 07:46:25,678 Starting Training from 2015-01-01 to 2015-01-31
2015-07-01 07:49:02,137 Starting Live from 2015-02-01 to 2015-03-03
2015-07-01 07:51:32,726 Starting Training from 2015-02-01 to 2015-03-03
2015-07-01 07:53:01,019 Starting Live from 2015-03-04 to 2015-04-03
2015-07-01 07:54:32,616 Starting Live from 2015-02-01 to 2015-03-03
2015-07-01 07:57:01,444 Starting Training from 2015-02-01 to 2015-03-03
2015-07-01 07:57:34,158 Starting Live from 2015-03-04 to 2015-04-03
2015-07-01 08:00:30,649 Starting Training from 2015-02-01 to 2015-03-03
2015-07-01 08:01:04,541 Starting Live from 2015-03-04 to 2015-04-03
2015-07-01 08:02:25,669 Starting Training from 2015-03-04 to 2015-04-03
2015-07-01 08:03:05,327 Starting Live from 2015-04-04 to 2015-04-10
2015-07-01 08:04:27,272 Starting Q Learning for : 
2015-07-01 08:04:27,272 alpha = 0.6
2015-07-01 08:04:27,272 gamma = 0.4
2015-07-01 08:04:27,272 individual factor = 10
2015-07-01 08:04:27,272 zero range = 0.01
2015-07-01 08:04:27,272 greedy level = 5
2015-07-01 08:04:27,272 

2015-07-01 08:04:28,448 Starting Training from 2015-01-01 to 2015-01-31
2015-07-01 08:04:55,215 Starting Training from 2015-03-04 to 2015-04-03
2015-07-01 08:05:34,589 Starting Live from 2015-04-04 to 2015-04-10
2015-07-01 08:06:54,486 Starting Q Learning for : 
2015-07-01 08:06:54,487 alpha = 0.2
2015-07-01 08:06:54,487 gamma = 0.6
2015-07-01 08:06:54,487 individual factor = 10
2015-07-01 08:06:54,487 zero range = 0.01
2015-07-01 08:06:54,487 greedy level = 5
2015-07-01 08:06:54,487 

2015-07-01 08:06:55,787 Starting Training from 2015-01-01 to 2015-01-31
2015-07-01 08:07:41,454 Starting Training from 2015-03-04 to 2015-04-03
2015-07-01 08:08:54,331 Starting Live from 2015-04-04 to 2015-04-10
2015-07-01 08:11:41,465 Starting Q Learning for : 
2015-07-01 08:11:41,465 alpha = 0.8
2015-07-01 08:11:41,465 gamma = 0.8
2015-07-01 08:11:41,465 individual factor = 10
2015-07-01 08:11:41,465 zero range = 0.01
2015-07-01 08:11:41,465 greedy level = 5
2015-07-01 08:11:41,465 

2015-07-01 08:11:45,562 Starting Training from 2015-01-01 to 2015-01-31
2015-07-01 08:12:22,084 Starting Live from 2015-02-01 to 2015-03-03
2015-07-01 08:14:47,903 Starting Live from 2015-02-01 to 2015-03-03
2015-07-01 08:17:51,172 Starting Live from 2015-02-01 to 2015-03-03
2015-07-01 08:18:13,871 Starting Training from 2015-02-01 to 2015-03-03
2015-07-01 08:18:50,412 Starting Live from 2015-03-04 to 2015-04-03
2015-07-01 08:20:55,589 Starting Training from 2015-02-01 to 2015-03-03
2015-07-01 08:21:27,549 Starting Live from 2015-03-04 to 2015-04-03
2015-07-01 08:23:51,338 Starting Training from 2015-02-01 to 2015-03-03
2015-07-01 08:24:26,617 Starting Live from 2015-03-04 to 2015-04-03
2015-07-01 08:28:14,937 Starting Training from 2015-03-04 to 2015-04-03
2015-07-01 08:29:10,569 Starting Live from 2015-04-04 to 2015-04-10
2015-07-01 08:31:24,116 Starting Training from 2015-03-04 to 2015-04-03
2015-07-01 08:32:01,619 Starting Live from 2015-04-04 to 2015-04-10
2015-07-01 08:33:50,548 Starting Training from 2015-03-04 to 2015-04-03
2015-07-01 08:34:26,953 Starting Live from 2015-04-04 to 2015-04-10
