2015-06-29 01:38:26,615 Starting Q Learning for : 
2015-06-29 01:38:26,615 alpha = 0.5
2015-06-29 01:38:26,617 gamma = 0.1
2015-06-29 01:38:26,617 individual factor = 10
2015-06-29 01:38:26,617 zero range = 0.002
2015-06-29 01:38:26,617 greedy level = 5
2015-06-29 01:38:26,617 

2015-06-29 01:38:45,532 Starting Training from 2014-12-17 to 2015-01-01
2015-06-29 01:52:52,877 Starting Live from 2015-01-02 to 2015-02-01
2015-06-29 02:21:46,628 Starting Training from 2015-01-17 to 2015-02-01
2015-06-29 02:23:12,729 Starting Live from 2015-02-02 to 2015-03-04
2015-06-29 02:53:33,270 Starting Training from 2015-02-17 to 2015-03-04
2015-06-29 02:55:42,520 Starting Live from 2015-03-05 to 2015-04-04
2015-06-29 03:25:19,500 Starting Training from 2015-03-20 to 2015-04-04
2015-06-29 03:26:45,549 Starting Live from 2015-04-05 to 2015-04-10
2015-06-29 03:35:30,341 Starting Q Learning for : 
2015-06-29 03:35:30,341 alpha = 0.5
2015-06-29 03:35:30,342 gamma = 0.2
2015-06-29 03:35:30,342 individual factor = 10
2015-06-29 03:35:30,342 zero range = 0.002
2015-06-29 03:35:30,342 greedy level = 5
2015-06-29 03:35:30,342 

2015-06-29 03:35:37,503 Starting Training from 2014-12-17 to 2015-01-01
2015-06-29 03:49:03,813 Starting Live from 2015-01-02 to 2015-02-01
2015-06-29 04:20:18,214 Starting Training from 2015-01-17 to 2015-02-01
2015-06-29 04:22:05,927 Starting Live from 2015-02-02 to 2015-03-04
2015-06-29 04:53:53,507 Starting Training from 2015-02-17 to 2015-03-04
2015-06-29 04:55:41,766 Starting Live from 2015-03-05 to 2015-04-04
2015-06-29 05:26:40,450 Starting Training from 2015-03-20 to 2015-04-04
2015-06-29 05:28:08,305 Starting Live from 2015-04-05 to 2015-04-10
2015-06-29 05:37:40,700 Starting Q Learning for : 
2015-06-29 05:37:40,700 alpha = 0.5
2015-06-29 05:37:40,700 gamma = 0.3
2015-06-29 05:37:40,700 individual factor = 10
2015-06-29 05:37:40,700 zero range = 0.002
2015-06-29 05:37:40,700 greedy level = 5
2015-06-29 05:37:40,700 

2015-06-29 05:37:47,019 Starting Training from 2014-12-17 to 2015-01-01
2015-06-29 05:50:40,369 Starting Live from 2015-01-02 to 2015-02-01
2015-06-29 06:22:57,729 Starting Training from 2015-01-17 to 2015-02-01
2015-06-29 06:24:39,477 Starting Live from 2015-02-02 to 2015-03-04
2015-06-29 06:57:02,299 Starting Training from 2015-02-17 to 2015-03-04
2015-06-29 06:58:49,829 Starting Live from 2015-03-05 to 2015-04-04
2015-06-29 07:31:17,193 Starting Training from 2015-03-20 to 2015-04-04
2015-06-29 07:32:51,851 Starting Live from 2015-04-05 to 2015-04-10
2015-06-29 07:41:53,842 Starting Q Learning for : 
2015-06-29 07:41:53,842 alpha = 0.5
2015-06-29 07:41:53,842 gamma = 0.4
2015-06-29 07:41:53,844 individual factor = 10
2015-06-29 07:41:53,844 zero range = 0.002
2015-06-29 07:41:53,844 greedy level = 5
2015-06-29 07:41:53,844 

2015-06-29 07:41:59,671 Starting Training from 2014-12-17 to 2015-01-01
2015-06-29 07:55:39,648 Starting Live from 2015-01-02 to 2015-02-01
2015-06-29 08:26:49,967 Starting Training from 2015-01-17 to 2015-02-01
2015-06-29 08:28:34,595 Starting Live from 2015-02-02 to 2015-03-04
2015-06-29 09:00:42,565 Starting Training from 2015-02-17 to 2015-03-04
2015-06-29 09:02:33,987 Starting Live from 2015-03-05 to 2015-04-04
2015-06-29 09:33:33,934 Starting Training from 2015-03-20 to 2015-04-04
2015-06-29 09:35:00,249 Starting Live from 2015-04-05 to 2015-04-10
2015-06-29 09:43:34,028 Starting Q Learning for : 
2015-06-29 09:43:34,028 alpha = 0.5
2015-06-29 09:43:34,028 gamma = 0.5
2015-06-29 09:43:34,028 individual factor = 10
2015-06-29 09:43:34,028 zero range = 0.002
2015-06-29 09:43:34,028 greedy level = 5
2015-06-29 09:43:34,028 

2015-06-29 09:43:41,611 Starting Training from 2014-12-17 to 2015-01-01
2015-06-29 09:57:15,625 Starting Live from 2015-01-02 to 2015-02-01
2015-06-29 10:28:56,822 Starting Training from 2015-01-17 to 2015-02-01
2015-06-29 10:31:07,967 Starting Live from 2015-02-02 to 2015-03-04
2015-06-29 11:02:45,499 Starting Training from 2015-02-17 to 2015-03-04
2015-06-29 11:04:35,115 Starting Live from 2015-03-05 to 2015-04-04
2015-06-29 11:35:44,089 Starting Training from 2015-03-20 to 2015-04-04
2015-06-29 11:37:16,496 Starting Live from 2015-04-05 to 2015-04-10
2015-06-29 11:46:40,747 Starting Q Learning for : 
2015-06-29 11:46:40,749 alpha = 0.5
2015-06-29 11:46:40,749 gamma = 0.6
2015-06-29 11:46:40,749 individual factor = 10
2015-06-29 11:46:40,749 zero range = 0.002
2015-06-29 11:46:40,749 greedy level = 5
2015-06-29 11:46:40,749 

2015-06-29 11:46:48,170 Starting Training from 2014-12-17 to 2015-01-01
2015-06-29 11:59:22,005 Starting Live from 2015-01-02 to 2015-02-01
2015-06-29 12:31:30,160 Starting Training from 2015-01-17 to 2015-02-01
2015-06-29 12:33:14,260 Starting Live from 2015-02-02 to 2015-03-04
2015-06-29 13:04:41,331 Starting Training from 2015-02-17 to 2015-03-04
2015-06-29 13:06:28,417 Starting Live from 2015-03-05 to 2015-04-04
2015-06-29 13:38:49,078 Starting Training from 2015-03-20 to 2015-04-04
2015-06-29 13:40:18,709 Starting Live from 2015-04-05 to 2015-04-10
2015-06-29 13:49:40,543 Starting Q Learning for : 
2015-06-29 13:49:40,543 alpha = 0.5
2015-06-29 13:49:40,543 gamma = 0.7
2015-06-29 13:49:40,543 individual factor = 10
2015-06-29 13:49:40,543 zero range = 0.002
2015-06-29 13:49:40,543 greedy level = 5
2015-06-29 13:49:40,543 

2015-06-29 13:49:46,249 Starting Training from 2014-12-17 to 2015-01-01
2015-06-29 14:03:28,707 Starting Live from 2015-01-02 to 2015-02-01
2015-06-29 14:34:57,979 Starting Training from 2015-01-17 to 2015-02-01
2015-06-29 14:36:42,243 Starting Live from 2015-02-02 to 2015-03-04
2015-06-29 15:09:35,224 Starting Training from 2015-02-17 to 2015-03-04
2015-06-29 15:11:30,690 Starting Live from 2015-03-05 to 2015-04-04
2015-06-29 15:43:21,526 Starting Training from 2015-03-20 to 2015-04-04
2015-06-29 15:44:51,497 Starting Live from 2015-04-05 to 2015-04-10
2015-06-29 15:54:57,809 Starting Q Learning for : 
2015-06-29 15:54:57,809 alpha = 0.5
2015-06-29 15:54:57,809 gamma = 0.8
2015-06-29 15:54:57,809 individual factor = 10
2015-06-29 15:54:57,809 zero range = 0.002
2015-06-29 15:54:57,809 greedy level = 5
2015-06-29 15:54:57,809 

2015-06-29 15:55:03,914 Starting Training from 2014-12-17 to 2015-01-01
2015-06-29 16:08:13,414 Starting Live from 2015-01-02 to 2015-02-01
2015-06-29 16:41:15,697 Starting Training from 2015-01-17 to 2015-02-01
2015-06-29 16:43:00,342 Starting Live from 2015-02-02 to 2015-03-04
2015-06-29 17:15:00,045 Starting Training from 2015-02-17 to 2015-03-04
2015-06-29 17:16:53,588 Starting Live from 2015-03-05 to 2015-04-04
2015-06-29 17:48:25,779 Starting Training from 2015-03-20 to 2015-04-04
2015-06-29 17:50:11,375 Starting Live from 2015-04-05 to 2015-04-10
2015-06-29 17:58:28,487 Starting Q Learning for : 
2015-06-29 17:58:28,489 alpha = 0.4
2015-06-29 17:58:28,489 gamma = 0.1
2015-06-29 17:58:28,489 individual factor = 10
2015-06-29 17:58:28,489 zero range = 0.006
2015-06-29 17:58:28,489 greedy level = 5
2015-06-29 17:58:28,489 

2015-06-29 17:58:35,114 Starting Training from 2014-12-17 to 2015-01-01
2015-06-29 18:12:16,931 Starting Live from 2015-01-02 to 2015-02-01
2015-06-29 18:43:37,523 Starting Training from 2015-01-17 to 2015-02-01
2015-06-29 18:45:21,786 Starting Live from 2015-02-02 to 2015-03-04
2015-06-29 19:16:02,346 Starting Training from 2015-02-17 to 2015-03-04
2015-06-29 19:18:01,818 Starting Live from 2015-03-05 to 2015-04-04
2015-06-29 19:48:33,275 Starting Training from 2015-03-20 to 2015-04-04
2015-06-29 19:50:00,615 Starting Live from 2015-04-05 to 2015-04-10
2015-06-29 19:58:04,382 Starting Q Learning for : 
2015-06-29 19:58:04,382 alpha = 0.4
2015-06-29 19:58:04,382 gamma = 0.2
2015-06-29 19:58:04,382 individual factor = 10
2015-06-29 19:58:04,382 zero range = 0.006
2015-06-29 19:58:04,382 greedy level = 5
2015-06-29 19:58:04,382 

2015-06-29 19:58:12,349 Starting Training from 2014-12-17 to 2015-01-01
2015-06-29 20:11:13,078 Starting Live from 2015-01-02 to 2015-02-01
2015-06-29 20:42:00,707 Starting Training from 2015-01-17 to 2015-02-01
2015-06-29 20:43:40,270 Starting Live from 2015-02-02 to 2015-03-04
2015-06-29 21:15:13,354 Starting Training from 2015-02-17 to 2015-03-04
2015-06-29 21:17:07,618 Starting Live from 2015-03-05 to 2015-04-04
2015-06-29 21:48:04,680 Starting Training from 2015-03-20 to 2015-04-04
2015-06-29 21:49:30,776 Starting Live from 2015-04-05 to 2015-04-10
2015-06-29 21:58:17,750 Starting Q Learning for : 
2015-06-29 21:58:17,750 alpha = 0.4
2015-06-29 21:58:17,750 gamma = 0.3
2015-06-29 21:58:17,750 individual factor = 10
2015-06-29 21:58:17,750 zero range = 0.006
2015-06-29 21:58:17,750 greedy level = 5
2015-06-29 21:58:17,750 

2015-06-29 21:58:25,273 Starting Training from 2014-12-17 to 2015-01-01
2015-06-29 22:12:03,941 Starting Live from 2015-01-02 to 2015-02-01
2015-06-29 22:44:11,125 Starting Training from 2015-01-17 to 2015-02-01
2015-06-29 22:46:21,674 Starting Live from 2015-02-02 to 2015-03-04
2015-06-29 23:19:18,677 Starting Training from 2015-02-17 to 2015-03-04
2015-06-29 23:21:14,701 Starting Live from 2015-03-05 to 2015-04-04
2015-06-29 23:55:04,184 Starting Training from 2015-03-20 to 2015-04-04
2015-06-29 23:56:57,989 Starting Live from 2015-04-05 to 2015-04-10
2015-06-30 00:05:46,476 Starting Q Learning for : 
2015-06-30 00:05:46,476 alpha = 0.4
2015-06-30 00:05:46,476 gamma = 0.4
2015-06-30 00:05:46,477 individual factor = 10
2015-06-30 00:05:46,477 zero range = 0.006
2015-06-30 00:05:46,477 greedy level = 5
2015-06-30 00:05:46,477 

2015-06-30 00:05:53,555 Starting Training from 2014-12-17 to 2015-01-01
2015-06-30 00:19:00,344 Starting Live from 2015-01-02 to 2015-02-01
2015-06-30 00:51:20,490 Starting Training from 2015-01-17 to 2015-02-01
2015-06-30 00:53:13,569 Starting Live from 2015-02-02 to 2015-03-04
2015-06-30 01:25:09,727 Starting Training from 2015-02-17 to 2015-03-04
2015-06-30 01:27:16,453 Starting Live from 2015-03-05 to 2015-04-04
2015-06-30 01:58:33,309 Starting Training from 2015-03-20 to 2015-04-04
2015-06-30 02:00:10,974 Starting Live from 2015-04-05 to 2015-04-10
2015-06-30 02:08:28,628 Starting Q Learning for : 
2015-06-30 02:08:28,630 alpha = 0.4
2015-06-30 02:08:28,630 gamma = 0.5
2015-06-30 02:08:28,630 individual factor = 10
2015-06-30 02:08:28,630 zero range = 0.006
2015-06-30 02:08:28,630 greedy level = 5
2015-06-30 02:08:28,630 

2015-06-30 02:08:35,342 Starting Training from 2014-12-17 to 2015-01-01
2015-06-30 02:21:53,753 Starting Live from 2015-01-02 to 2015-02-01
2015-06-30 02:52:34,983 Starting Training from 2015-01-17 to 2015-02-01
2015-06-30 02:54:19,032 Starting Live from 2015-02-02 to 2015-03-04
2015-06-30 03:26:23,733 Starting Training from 2015-02-17 to 2015-03-04
2015-06-30 03:28:14,260 Starting Live from 2015-03-05 to 2015-04-04
2015-06-30 03:58:16,984 Starting Training from 2015-03-20 to 2015-04-04
2015-06-30 03:59:45,523 Starting Live from 2015-04-05 to 2015-04-10
2015-06-30 04:08:04,233 Starting Q Learning for : 
2015-06-30 04:08:04,233 alpha = 0.4
2015-06-30 04:08:04,233 gamma = 0.6
2015-06-30 04:08:04,233 individual factor = 10
2015-06-30 04:08:04,233 zero range = 0.006
2015-06-30 04:08:04,233 greedy level = 5
2015-06-30 04:08:04,233 

2015-06-30 04:08:10,494 Starting Training from 2014-12-17 to 2015-01-01
2015-06-30 04:21:43,128 Starting Live from 2015-01-02 to 2015-02-01
2015-06-30 04:52:42,134 Starting Training from 2015-01-17 to 2015-02-01
2015-06-30 04:54:23,494 Starting Live from 2015-02-02 to 2015-03-04
2015-06-30 05:26:38,099 Starting Training from 2015-02-17 to 2015-03-04
2015-06-30 05:28:27,111 Starting Live from 2015-03-05 to 2015-04-04
2015-06-30 05:59:40,592 Starting Training from 2015-03-20 to 2015-04-04
2015-06-30 06:01:03,388 Starting Live from 2015-04-05 to 2015-04-10
2015-06-30 06:10:13,411 Starting Q Learning for : 
2015-06-30 06:10:13,411 alpha = 0.4
2015-06-30 06:10:13,411 gamma = 0.7
2015-06-30 06:10:13,411 individual factor = 10
2015-06-30 06:10:13,411 zero range = 0.006
2015-06-30 06:10:13,413 greedy level = 5
2015-06-30 06:10:13,413 

2015-06-30 06:10:19,710 Starting Training from 2014-12-17 to 2015-01-01
2015-06-30 06:22:57,407 Starting Live from 2015-01-02 to 2015-02-01
2015-06-30 06:55:11,187 Starting Training from 2015-01-17 to 2015-02-01
2015-06-30 06:56:58,875 Starting Live from 2015-02-02 to 2015-03-04
2015-06-30 07:28:15,568 Starting Training from 2015-02-17 to 2015-03-04
2015-06-30 07:30:03,546 Starting Live from 2015-03-05 to 2015-04-04
2015-06-30 08:00:45,539 Starting Training from 2015-03-20 to 2015-04-04
2015-06-30 08:02:35,220 Starting Live from 2015-04-05 to 2015-04-10
2015-06-30 08:11:06,815 Starting Q Learning for : 
2015-06-30 08:11:06,815 alpha = 0.4
2015-06-30 08:11:06,815 gamma = 0.8
2015-06-30 08:11:06,815 individual factor = 10
2015-06-30 08:11:06,815 zero range = 0.006
2015-06-30 08:11:06,815 greedy level = 5
2015-06-30 08:11:06,815 

2015-06-30 08:11:12,132 Starting Training from 2014-12-17 to 2015-01-01
2015-06-30 08:23:43,252 Starting Live from 2015-01-02 to 2015-02-01
2015-06-30 08:55:45,801 Starting Training from 2015-01-17 to 2015-02-01
2015-06-30 08:57:29,211 Starting Live from 2015-02-02 to 2015-03-04
2015-06-30 09:28:55,467 Starting Training from 2015-02-17 to 2015-03-04
2015-06-30 09:30:44,632 Starting Live from 2015-03-05 to 2015-04-04
2015-06-30 10:02:17,803 Starting Training from 2015-03-20 to 2015-04-04
2015-06-30 10:03:45,680 Starting Live from 2015-04-05 to 2015-04-10
2015-06-30 10:12:02,127 Starting Q Learning for : 
2015-06-30 10:12:02,127 alpha = 0.4
2015-06-30 10:12:02,127 gamma = 0.1
2015-06-30 10:12:02,127 individual factor = 10
2015-06-30 10:12:02,127 zero range = 0.01
2015-06-30 10:12:02,127 greedy level = 5
2015-06-30 10:12:02,127 

2015-06-30 10:12:07,568 Starting Training from 2014-12-17 to 2015-01-01
2015-06-30 10:25:09,954 Starting Live from 2015-01-02 to 2015-02-01
2015-06-30 10:54:57,811 Starting Training from 2015-01-17 to 2015-02-01
2015-06-30 10:56:42,220 Starting Live from 2015-02-02 to 2015-03-04
2015-06-30 11:25:53,905 Starting Training from 2015-02-17 to 2015-03-04
2015-06-30 11:27:32,058 Starting Live from 2015-03-05 to 2015-04-04
2015-06-30 11:56:11,250 Starting Training from 2015-03-20 to 2015-04-04
2015-06-30 11:57:35,312 Starting Live from 2015-04-05 to 2015-04-10
2015-06-30 12:05:24,490 Starting Q Learning for : 
2015-06-30 12:05:24,490 alpha = 0.4
2015-06-30 12:05:24,490 gamma = 0.2
2015-06-30 12:05:24,490 individual factor = 10
2015-06-30 12:05:24,490 zero range = 0.01
2015-06-30 12:05:24,490 greedy level = 5
2015-06-30 12:05:24,490 

2015-06-30 12:05:30,900 Starting Training from 2014-12-17 to 2015-01-01
2015-06-30 12:17:48,578 Starting Live from 2015-01-02 to 2015-02-01
2015-06-30 12:46:55,467 Starting Training from 2015-01-17 to 2015-02-01
2015-06-30 12:48:33,168 Starting Live from 2015-02-02 to 2015-03-04
2015-06-30 13:17:24,325 Starting Training from 2015-02-17 to 2015-03-04
2015-06-30 13:19:04,503 Starting Live from 2015-03-05 to 2015-04-04
2015-06-30 13:46:58,198 Starting Training from 2015-03-20 to 2015-04-04
2015-06-30 13:48:40,788 Starting Live from 2015-04-05 to 2015-04-10
2015-06-30 13:56:20,089 Starting Q Learning for : 
2015-06-30 13:56:20,089 alpha = 0.4
2015-06-30 13:56:20,089 gamma = 0.3
2015-06-30 13:56:20,089 individual factor = 10
2015-06-30 13:56:20,089 zero range = 0.01
2015-06-30 13:56:20,089 greedy level = 5
2015-06-30 13:56:20,091 

2015-06-30 13:56:24,948 Starting Training from 2014-12-17 to 2015-01-01
2015-06-30 14:08:04,875 Starting Live from 2015-01-02 to 2015-02-01
2015-06-30 14:38:20,683 Starting Training from 2015-01-17 to 2015-02-01
2015-06-30 14:39:55,451 Starting Live from 2015-02-02 to 2015-03-04
2015-06-30 15:09:26,115 Starting Training from 2015-02-17 to 2015-03-04
2015-06-30 15:11:02,523 Starting Live from 2015-03-05 to 2015-04-04
2015-06-30 15:39:22,674 Starting Training from 2015-03-20 to 2015-04-04
2015-06-30 15:40:59,759 Starting Live from 2015-04-05 to 2015-04-10
2015-06-30 15:49:03,404 Starting Q Learning for : 
2015-06-30 15:49:03,404 alpha = 0.4
2015-06-30 15:49:03,404 gamma = 0.4
2015-06-30 15:49:03,404 individual factor = 10
2015-06-30 15:49:03,405 zero range = 0.01
2015-06-30 15:49:03,405 greedy level = 5
2015-06-30 15:49:03,405 

2015-06-30 15:49:09,601 Starting Training from 2014-12-17 to 2015-01-01
2015-06-30 16:00:56,433 Starting Live from 2015-01-02 to 2015-02-01
2015-06-30 16:31:24,405 Starting Training from 2015-01-17 to 2015-02-01
2015-06-30 16:33:00,680 Starting Live from 2015-02-02 to 2015-03-04
2015-06-30 17:02:05,519 Starting Training from 2015-02-17 to 2015-03-04
2015-06-30 17:03:44,776 Starting Live from 2015-03-05 to 2015-04-04
2015-06-30 17:33:15,483 Starting Training from 2015-03-20 to 2015-04-04
2015-06-30 17:34:45,118 Starting Live from 2015-04-05 to 2015-04-10
2015-06-30 17:43:41,812 Starting Q Learning for : 
2015-06-30 17:43:41,812 alpha = 0.4
2015-06-30 17:43:41,812 gamma = 0.5
2015-06-30 17:43:41,812 individual factor = 10
2015-06-30 17:43:41,812 zero range = 0.01
2015-06-30 17:43:41,812 greedy level = 5
2015-06-30 17:43:41,812 

2015-06-30 17:43:47,017 Starting Training from 2014-12-17 to 2015-01-01
2015-06-30 17:55:55,430 Starting Live from 2015-01-02 to 2015-02-01
2015-06-30 18:26:31,188 Starting Training from 2015-01-17 to 2015-02-01
2015-06-30 18:28:08,928 Starting Live from 2015-02-02 to 2015-03-04
2015-06-30 18:55:02,217 Starting Training from 2015-02-17 to 2015-03-04
2015-06-30 18:56:56,555 Starting Live from 2015-03-05 to 2015-04-04
2015-06-30 19:24:37,588 Starting Training from 2015-03-20 to 2015-04-04
2015-06-30 19:26:02,049 Starting Live from 2015-04-05 to 2015-04-10
2015-06-30 19:34:43,977 Starting Q Learning for : 
2015-06-30 19:34:43,977 alpha = 0.4
2015-06-30 19:34:43,977 gamma = 0.6
2015-06-30 19:34:43,977 individual factor = 10
2015-06-30 19:34:43,977 zero range = 0.01
2015-06-30 19:34:43,977 greedy level = 5
2015-06-30 19:34:43,977 

2015-06-30 19:34:49,663 Starting Training from 2014-12-17 to 2015-01-01
2015-06-30 19:46:50,786 Starting Live from 2015-01-02 to 2015-02-01
2015-06-30 20:17:19,094 Starting Training from 2015-01-17 to 2015-02-01
2015-06-30 20:18:54,401 Starting Live from 2015-02-02 to 2015-03-04
2015-06-30 20:48:27,148 Starting Training from 2015-02-17 to 2015-03-04
2015-06-30 20:50:04,723 Starting Live from 2015-03-05 to 2015-04-04
2015-06-30 21:19:05,516 Starting Training from 2015-03-20 to 2015-04-04
2015-06-30 21:20:46,584 Starting Live from 2015-04-05 to 2015-04-10
2015-06-30 21:29:26,775 Starting Q Learning for : 
2015-06-30 21:29:26,775 alpha = 0.4
2015-06-30 21:29:26,776 gamma = 0.7
2015-06-30 21:29:26,776 individual factor = 10
2015-06-30 21:29:26,776 zero range = 0.01
2015-06-30 21:29:26,776 greedy level = 5
2015-06-30 21:29:26,776 

2015-06-30 21:29:32,098 Starting Training from 2014-12-17 to 2015-01-01
2015-06-30 21:41:25,224 Starting Live from 2015-01-02 to 2015-02-01
2015-06-30 22:11:15,196 Starting Training from 2015-01-17 to 2015-02-01
2015-06-30 22:12:51,210 Starting Live from 2015-02-02 to 2015-03-04
2015-06-30 22:41:21,615 Starting Training from 2015-02-17 to 2015-03-04
2015-06-30 22:42:59,648 Starting Live from 2015-03-05 to 2015-04-04
2015-06-30 23:11:15,101 Starting Training from 2015-03-20 to 2015-04-04
2015-06-30 23:12:40,453 Starting Live from 2015-04-05 to 2015-04-10
2015-06-30 23:21:37,947 Starting Q Learning for : 
2015-06-30 23:21:37,947 alpha = 0.4
2015-06-30 23:21:37,947 gamma = 0.8
2015-06-30 23:21:37,947 individual factor = 10
2015-06-30 23:21:37,947 zero range = 0.01
2015-06-30 23:21:37,947 greedy level = 5
2015-06-30 23:21:37,948 

2015-06-30 23:21:44,171 Starting Training from 2014-12-17 to 2015-01-01
2015-06-30 23:34:20,795 Starting Live from 2015-01-02 to 2015-02-01
2015-07-01 00:04:35,963 Starting Training from 2015-01-17 to 2015-02-01
2015-07-01 00:06:07,260 Starting Live from 2015-02-02 to 2015-03-04
2015-07-01 00:34:24,653 Starting Training from 2015-02-17 to 2015-03-04
2015-07-01 00:36:03,516 Starting Live from 2015-03-05 to 2015-04-04
2015-07-01 01:03:05,713 Starting Training from 2015-03-20 to 2015-04-04
2015-07-01 01:04:20,894 Starting Live from 2015-04-05 to 2015-04-10
