2015-06-29 01:38:26,634 Starting Q Learning for : 
2015-06-29 01:38:26,634 alpha = 0.2
2015-06-29 01:38:26,634 gamma = 0.1
2015-06-29 01:38:26,634 individual factor = 10
2015-06-29 01:38:26,634 zero range = 0.002
2015-06-29 01:38:26,634 greedy level = 5
2015-06-29 01:38:26,634 

2015-06-29 01:38:52,207 Starting Training from 2014-12-17 to 2015-01-01
2015-06-29 01:52:56,657 Starting Live from 2015-01-02 to 2015-02-01
2015-06-29 02:21:56,941 Starting Training from 2015-01-17 to 2015-02-01
2015-06-29 02:23:23,223 Starting Live from 2015-02-02 to 2015-03-04
2015-06-29 02:54:01,207 Starting Training from 2015-02-17 to 2015-03-04
2015-06-29 02:56:02,782 Starting Live from 2015-03-05 to 2015-04-04
2015-06-29 03:26:28,174 Starting Training from 2015-03-20 to 2015-04-04
2015-06-29 03:28:01,500 Starting Live from 2015-04-05 to 2015-04-10
2015-06-29 03:36:58,622 Starting Q Learning for : 
2015-06-29 03:36:58,622 alpha = 0.2
2015-06-29 03:36:58,622 gamma = 0.2
2015-06-29 03:36:58,622 individual factor = 10
2015-06-29 03:36:58,622 zero range = 0.002
2015-06-29 03:36:58,622 greedy level = 5
2015-06-29 03:36:58,622 

2015-06-29 03:37:04,753 Starting Training from 2014-12-17 to 2015-01-01
2015-06-29 03:50:32,782 Starting Live from 2015-01-02 to 2015-02-01
2015-06-29 04:21:44,757 Starting Training from 2015-01-17 to 2015-02-01
2015-06-29 04:23:36,710 Starting Live from 2015-02-02 to 2015-03-04
2015-06-29 04:55:08,766 Starting Training from 2015-02-17 to 2015-03-04
2015-06-29 04:56:55,272 Starting Live from 2015-03-05 to 2015-04-04
2015-06-29 05:27:03,826 Starting Training from 2015-03-20 to 2015-04-04
2015-06-29 05:28:35,907 Starting Live from 2015-04-05 to 2015-04-10
2015-06-29 05:37:54,533 Starting Q Learning for : 
2015-06-29 05:37:54,533 alpha = 0.2
2015-06-29 05:37:54,533 gamma = 0.3
2015-06-29 05:37:54,533 individual factor = 10
2015-06-29 05:37:54,533 zero range = 0.002
2015-06-29 05:37:54,533 greedy level = 5
2015-06-29 05:37:54,533 

2015-06-29 05:38:00,651 Starting Training from 2014-12-17 to 2015-01-01
2015-06-29 05:50:50,365 Starting Live from 2015-01-02 to 2015-02-01
2015-06-29 06:23:02,223 Starting Training from 2015-01-17 to 2015-02-01
2015-06-29 06:24:46,513 Starting Live from 2015-02-02 to 2015-03-04
2015-06-29 06:56:42,710 Starting Training from 2015-02-17 to 2015-03-04
2015-06-29 06:58:30,746 Starting Live from 2015-03-05 to 2015-04-04
2015-06-29 07:30:30,286 Starting Training from 2015-03-20 to 2015-04-04
2015-06-29 07:32:06,408 Starting Live from 2015-04-05 to 2015-04-10
2015-06-29 07:40:57,216 Starting Q Learning for : 
2015-06-29 07:40:57,216 alpha = 0.2
2015-06-29 07:40:57,216 gamma = 0.4
2015-06-29 07:40:57,216 individual factor = 10
2015-06-29 07:40:57,216 zero range = 0.002
2015-06-29 07:40:57,216 greedy level = 5
2015-06-29 07:40:57,216 

2015-06-29 07:41:03,438 Starting Training from 2014-12-17 to 2015-01-01
2015-06-29 07:54:42,680 Starting Live from 2015-01-02 to 2015-02-01
2015-06-29 08:26:08,243 Starting Training from 2015-01-17 to 2015-02-01
2015-06-29 08:27:53,178 Starting Live from 2015-02-02 to 2015-03-04
2015-06-29 09:00:20,049 Starting Training from 2015-02-17 to 2015-03-04
2015-06-29 09:02:13,312 Starting Live from 2015-03-05 to 2015-04-04
2015-06-29 09:33:35,857 Starting Training from 2015-03-20 to 2015-04-04
2015-06-29 09:35:03,131 Starting Live from 2015-04-05 to 2015-04-10
2015-06-29 09:44:01,987 Starting Q Learning for : 
2015-06-29 09:44:01,987 alpha = 0.2
2015-06-29 09:44:01,987 gamma = 0.5
2015-06-29 09:44:01,987 individual factor = 10
2015-06-29 09:44:01,987 zero range = 0.002
2015-06-29 09:44:01,987 greedy level = 5
2015-06-29 09:44:01,987 

2015-06-29 09:44:09,372 Starting Training from 2014-12-17 to 2015-01-01
2015-06-29 09:57:31,933 Starting Live from 2015-01-02 to 2015-02-01
2015-06-29 10:28:51,302 Starting Training from 2015-01-17 to 2015-02-01
2015-06-29 10:31:03,055 Starting Live from 2015-02-02 to 2015-03-04
2015-06-29 11:02:57,142 Starting Training from 2015-02-17 to 2015-03-04
2015-06-29 11:04:46,690 Starting Live from 2015-03-05 to 2015-04-04
2015-06-29 11:35:00,043 Starting Training from 2015-03-20 to 2015-04-04
2015-06-29 11:36:23,344 Starting Live from 2015-04-05 to 2015-04-10
2015-06-29 11:45:28,038 Starting Q Learning for : 
2015-06-29 11:45:28,039 alpha = 0.2
2015-06-29 11:45:28,039 gamma = 0.6
2015-06-29 11:45:28,039 individual factor = 10
2015-06-29 11:45:28,039 zero range = 0.002
2015-06-29 11:45:28,039 greedy level = 5
2015-06-29 11:45:28,039 

2015-06-29 11:45:33,599 Starting Training from 2014-12-17 to 2015-01-01
2015-06-29 11:58:13,903 Starting Live from 2015-01-02 to 2015-02-01
2015-06-29 12:30:30,000 Starting Training from 2015-01-17 to 2015-02-01
2015-06-29 12:32:14,535 Starting Live from 2015-02-02 to 2015-03-04
2015-06-29 13:03:41,673 Starting Training from 2015-02-17 to 2015-03-04
2015-06-29 13:05:33,006 Starting Live from 2015-03-05 to 2015-04-04
2015-06-29 13:36:17,372 Starting Training from 2015-03-20 to 2015-04-04
2015-06-29 13:37:53,530 Starting Live from 2015-04-05 to 2015-04-10
2015-06-29 13:45:47,884 Starting Q Learning for : 
2015-06-29 13:45:47,884 alpha = 0.2
2015-06-29 13:45:47,884 gamma = 0.7
2015-06-29 13:45:47,884 individual factor = 10
2015-06-29 13:45:47,884 zero range = 0.002
2015-06-29 13:45:47,884 greedy level = 5
2015-06-29 13:45:47,884 

2015-06-29 13:45:53,700 Starting Training from 2014-12-17 to 2015-01-01
2015-06-29 13:59:43,762 Starting Live from 2015-01-02 to 2015-02-01
2015-06-29 14:31:17,210 Starting Training from 2015-01-17 to 2015-02-01
2015-06-29 14:33:03,303 Starting Live from 2015-02-02 to 2015-03-04
2015-06-29 15:05:16,584 Starting Training from 2015-02-17 to 2015-03-04
2015-06-29 15:07:22,773 Starting Live from 2015-03-05 to 2015-04-04
2015-06-29 15:38:23,540 Starting Training from 2015-03-20 to 2015-04-04
2015-06-29 15:39:54,543 Starting Live from 2015-04-05 to 2015-04-10
2015-06-29 15:48:29,779 Starting Q Learning for : 
2015-06-29 15:48:29,779 alpha = 0.2
2015-06-29 15:48:29,780 gamma = 0.8
2015-06-29 15:48:29,780 individual factor = 10
2015-06-29 15:48:29,780 zero range = 0.002
2015-06-29 15:48:29,780 greedy level = 5
2015-06-29 15:48:29,780 

2015-06-29 15:48:36,924 Starting Training from 2014-12-17 to 2015-01-01
2015-06-29 16:02:36,392 Starting Live from 2015-01-02 to 2015-02-01
2015-06-29 16:34:45,756 Starting Training from 2015-01-17 to 2015-02-01
2015-06-29 16:36:55,246 Starting Live from 2015-02-02 to 2015-03-04
2015-06-29 17:09:03,270 Starting Training from 2015-02-17 to 2015-03-04
2015-06-29 17:10:57,079 Starting Live from 2015-03-05 to 2015-04-04
2015-06-29 17:41:51,380 Starting Training from 2015-03-20 to 2015-04-04
2015-06-29 17:43:20,328 Starting Live from 2015-04-05 to 2015-04-10
2015-06-29 17:52:46,667 Starting Q Learning for : 
2015-06-29 17:52:46,667 alpha = 0.5
2015-06-29 17:52:46,667 gamma = 0.1
2015-06-29 17:52:46,667 individual factor = 10
2015-06-29 17:52:46,667 zero range = 0.006
2015-06-29 17:52:46,667 greedy level = 5
2015-06-29 17:52:46,667 

2015-06-29 17:52:51,473 Starting Training from 2014-12-17 to 2015-01-01
2015-06-29 18:05:49,250 Starting Live from 2015-01-02 to 2015-02-01
2015-06-29 18:38:01,028 Starting Training from 2015-01-17 to 2015-02-01
2015-06-29 18:39:41,809 Starting Live from 2015-02-02 to 2015-03-04
2015-06-29 19:10:24,045 Starting Training from 2015-02-17 to 2015-03-04
2015-06-29 19:12:14,392 Starting Live from 2015-03-05 to 2015-04-04
2015-06-29 19:42:42,674 Starting Training from 2015-03-20 to 2015-04-04
2015-06-29 19:44:19,677 Starting Live from 2015-04-05 to 2015-04-10
2015-06-29 19:52:32,693 Starting Q Learning for : 
2015-06-29 19:52:32,693 alpha = 0.5
2015-06-29 19:52:32,693 gamma = 0.2
2015-06-29 19:52:32,693 individual factor = 10
2015-06-29 19:52:32,693 zero range = 0.006
2015-06-29 19:52:32,694 greedy level = 5
2015-06-29 19:52:32,694 

2015-06-29 19:52:39,467 Starting Training from 2014-12-17 to 2015-01-01
2015-06-29 20:05:29,186 Starting Live from 2015-01-02 to 2015-02-01
2015-06-29 20:36:20,980 Starting Training from 2015-01-17 to 2015-02-01
2015-06-29 20:38:02,528 Starting Live from 2015-02-02 to 2015-03-04
2015-06-29 21:08:52,239 Starting Training from 2015-02-17 to 2015-03-04
2015-06-29 21:10:37,858 Starting Live from 2015-03-05 to 2015-04-04
2015-06-29 21:41:04,005 Starting Training from 2015-03-20 to 2015-04-04
2015-06-29 21:42:29,621 Starting Live from 2015-04-05 to 2015-04-10
2015-06-29 21:50:48,049 Starting Q Learning for : 
2015-06-29 21:50:48,049 alpha = 0.5
2015-06-29 21:50:48,049 gamma = 0.3
2015-06-29 21:50:48,049 individual factor = 10
2015-06-29 21:50:48,049 zero range = 0.006
2015-06-29 21:50:48,049 greedy level = 5
2015-06-29 21:50:48,049 

2015-06-29 21:50:54,141 Starting Training from 2014-12-17 to 2015-01-01
2015-06-29 22:04:57,868 Starting Live from 2015-01-02 to 2015-02-01
2015-06-29 22:36:37,862 Starting Training from 2015-01-17 to 2015-02-01
2015-06-29 22:38:20,308 Starting Live from 2015-02-02 to 2015-03-04
2015-06-29 23:10:55,408 Starting Training from 2015-02-17 to 2015-03-04
2015-06-29 23:12:52,634 Starting Live from 2015-03-05 to 2015-04-04
2015-06-29 23:44:41,194 Starting Training from 2015-03-20 to 2015-04-04
2015-06-29 23:46:11,845 Starting Live from 2015-04-05 to 2015-04-10
2015-06-29 23:54:46,223 Starting Q Learning for : 
2015-06-29 23:54:46,223 alpha = 0.5
2015-06-29 23:54:46,224 gamma = 0.4
2015-06-29 23:54:46,224 individual factor = 10
2015-06-29 23:54:46,224 zero range = 0.006
2015-06-29 23:54:46,224 greedy level = 5
2015-06-29 23:54:46,224 

2015-06-29 23:54:53,765 Starting Training from 2014-12-17 to 2015-01-01
2015-06-30 00:08:17,760 Starting Live from 2015-01-02 to 2015-02-01
2015-06-30 00:40:16,276 Starting Training from 2015-01-17 to 2015-02-01
2015-06-30 00:42:36,265 Starting Live from 2015-02-02 to 2015-03-04
2015-06-30 01:15:27,378 Starting Training from 2015-02-17 to 2015-03-04
2015-06-30 01:17:19,868 Starting Live from 2015-03-05 to 2015-04-04
2015-06-30 01:48:24,390 Starting Training from 2015-03-20 to 2015-04-04
2015-06-30 01:49:54,852 Starting Live from 2015-04-05 to 2015-04-10
2015-06-30 01:59:17,421 Starting Q Learning for : 
2015-06-30 01:59:17,423 alpha = 0.5
2015-06-30 01:59:17,423 gamma = 0.5
2015-06-30 01:59:17,423 individual factor = 10
2015-06-30 01:59:17,423 zero range = 0.006
2015-06-30 01:59:17,423 greedy level = 5
2015-06-30 01:59:17,423 

2015-06-30 01:59:25,940 Starting Training from 2014-12-17 to 2015-01-01
2015-06-30 02:11:59,799 Starting Live from 2015-01-02 to 2015-02-01
2015-06-30 02:43:31,226 Starting Training from 2015-01-17 to 2015-02-01
2015-06-30 02:45:11,226 Starting Live from 2015-02-02 to 2015-03-04
2015-06-30 03:16:23,710 Starting Training from 2015-02-17 to 2015-03-04
2015-06-30 03:18:10,502 Starting Live from 2015-03-05 to 2015-04-04
2015-06-30 03:49:19,548 Starting Training from 2015-03-20 to 2015-04-04
2015-06-30 03:50:46,688 Starting Live from 2015-04-05 to 2015-04-10
2015-06-30 03:59:00,611 Starting Q Learning for : 
2015-06-30 03:59:00,611 alpha = 0.5
2015-06-30 03:59:00,611 gamma = 0.6
2015-06-30 03:59:00,611 individual factor = 10
2015-06-30 03:59:00,611 zero range = 0.006
2015-06-30 03:59:00,611 greedy level = 5
2015-06-30 03:59:00,611 

2015-06-30 03:59:06,759 Starting Training from 2014-12-17 to 2015-01-01
2015-06-30 04:12:32,364 Starting Live from 2015-01-02 to 2015-02-01
2015-06-30 04:43:44,888 Starting Training from 2015-01-17 to 2015-02-01
2015-06-30 04:45:28,645 Starting Live from 2015-02-02 to 2015-03-04
2015-06-30 05:16:06,417 Starting Training from 2015-02-17 to 2015-03-04
2015-06-30 05:17:53,989 Starting Live from 2015-03-05 to 2015-04-04
2015-06-30 05:48:35,579 Starting Training from 2015-03-20 to 2015-04-04
2015-06-30 05:50:02,239 Starting Live from 2015-04-05 to 2015-04-10
2015-06-30 05:58:05,661 Starting Q Learning for : 
2015-06-30 05:58:05,661 alpha = 0.5
2015-06-30 05:58:05,661 gamma = 0.7
2015-06-30 05:58:05,661 individual factor = 10
2015-06-30 05:58:05,661 zero range = 0.006
2015-06-30 05:58:05,661 greedy level = 5
2015-06-30 05:58:05,661 

2015-06-30 05:58:12,265 Starting Training from 2014-12-17 to 2015-01-01
2015-06-30 06:11:24,967 Starting Live from 2015-01-02 to 2015-02-01
2015-06-30 06:43:02,334 Starting Training from 2015-01-17 to 2015-02-01
2015-06-30 06:44:42,387 Starting Live from 2015-02-02 to 2015-03-04
2015-06-30 07:16:55,770 Starting Training from 2015-02-17 to 2015-03-04
2015-06-30 07:18:50,733 Starting Live from 2015-03-05 to 2015-04-04
2015-06-30 07:49:31,214 Starting Training from 2015-03-20 to 2015-04-04
2015-06-30 07:51:03,065 Starting Live from 2015-04-05 to 2015-04-10
2015-06-30 07:59:29,325 Starting Q Learning for : 
2015-06-30 07:59:29,325 alpha = 0.5
2015-06-30 07:59:29,325 gamma = 0.8
2015-06-30 07:59:29,325 individual factor = 10
2015-06-30 07:59:29,325 zero range = 0.006
2015-06-30 07:59:29,325 greedy level = 5
2015-06-30 07:59:29,325 

2015-06-30 07:59:34,747 Starting Training from 2014-12-17 to 2015-01-01
2015-06-30 08:12:45,233 Starting Live from 2015-01-02 to 2015-02-01
2015-06-30 08:43:28,730 Starting Training from 2015-01-17 to 2015-02-01
2015-06-30 08:45:10,775 Starting Live from 2015-02-02 to 2015-03-04
2015-06-30 09:16:59,142 Starting Training from 2015-02-17 to 2015-03-04
2015-06-30 09:18:45,808 Starting Live from 2015-03-05 to 2015-04-04
2015-06-30 09:49:01,492 Starting Training from 2015-03-20 to 2015-04-04
2015-06-30 09:50:25,293 Starting Live from 2015-04-05 to 2015-04-10
2015-06-30 09:59:22,342 Starting Q Learning for : 
2015-06-30 09:59:22,342 alpha = 0.2
2015-06-30 09:59:22,342 gamma = 0.1
2015-06-30 09:59:22,344 individual factor = 10
2015-06-30 09:59:22,344 zero range = 0.006
2015-06-30 09:59:22,344 greedy level = 5
2015-06-30 09:59:22,344 

2015-06-30 09:59:30,312 Starting Training from 2014-12-17 to 2015-01-01
2015-06-30 10:12:01,053 Starting Live from 2015-01-02 to 2015-02-01
2015-06-30 10:42:00,714 Starting Training from 2015-01-17 to 2015-02-01
2015-06-30 10:43:51,700 Starting Live from 2015-02-02 to 2015-03-04
2015-06-30 11:14:07,107 Starting Training from 2015-02-17 to 2015-03-04
2015-06-30 11:15:44,516 Starting Live from 2015-03-05 to 2015-04-04
2015-06-30 11:43:54,026 Starting Training from 2015-03-20 to 2015-04-04
2015-06-30 11:45:12,454 Starting Live from 2015-04-05 to 2015-04-10
2015-06-30 11:53:11,176 Starting Q Learning for : 
2015-06-30 11:53:11,176 alpha = 0.2
2015-06-30 11:53:11,176 gamma = 0.2
2015-06-30 11:53:11,176 individual factor = 10
2015-06-30 11:53:11,176 zero range = 0.006
2015-06-30 11:53:11,177 greedy level = 5
2015-06-30 11:53:11,177 

2015-06-30 11:53:18,625 Starting Training from 2014-12-17 to 2015-01-01
2015-06-30 12:05:26,928 Starting Live from 2015-01-02 to 2015-02-01
2015-06-30 12:34:23,127 Starting Training from 2015-01-17 to 2015-02-01
2015-06-30 12:35:56,201 Starting Live from 2015-02-02 to 2015-03-04
2015-06-30 13:05:48,299 Starting Training from 2015-02-17 to 2015-03-04
2015-06-30 13:07:27,381 Starting Live from 2015-03-05 to 2015-04-04
2015-06-30 13:35:19,519 Starting Training from 2015-03-20 to 2015-04-04
2015-06-30 13:36:37,421 Starting Live from 2015-04-05 to 2015-04-10
2015-06-30 13:44:17,295 Starting Q Learning for : 
2015-06-30 13:44:17,296 alpha = 0.2
2015-06-30 13:44:17,296 gamma = 0.3
2015-06-30 13:44:17,296 individual factor = 10
2015-06-30 13:44:17,296 zero range = 0.006
2015-06-30 13:44:17,296 greedy level = 5
2015-06-30 13:44:17,296 

2015-06-30 13:44:23,295 Starting Training from 2014-12-17 to 2015-01-01
2015-06-30 13:56:37,773 Starting Live from 2015-01-02 to 2015-02-01
2015-06-30 14:25:59,674 Starting Training from 2015-01-17 to 2015-02-01
2015-06-30 14:27:42,566 Starting Live from 2015-02-02 to 2015-03-04
2015-06-30 14:57:50,565 Starting Training from 2015-02-17 to 2015-03-04
2015-06-30 14:59:35,319 Starting Live from 2015-03-05 to 2015-04-04
2015-06-30 15:27:45,361 Starting Training from 2015-03-20 to 2015-04-04
2015-06-30 15:29:02,936 Starting Live from 2015-04-05 to 2015-04-10
2015-06-30 15:36:31,243 Starting Q Learning for : 
2015-06-30 15:36:31,243 alpha = 0.2
2015-06-30 15:36:31,243 gamma = 0.4
2015-06-30 15:36:31,243 individual factor = 10
2015-06-30 15:36:31,243 zero range = 0.006
2015-06-30 15:36:31,243 greedy level = 5
2015-06-30 15:36:31,243 

2015-06-30 15:36:36,572 Starting Training from 2014-12-17 to 2015-01-01
2015-06-30 15:49:06,154 Starting Live from 2015-01-02 to 2015-02-01
2015-06-30 16:18:26,368 Starting Training from 2015-01-17 to 2015-02-01
2015-06-30 16:20:03,776 Starting Live from 2015-02-02 to 2015-03-04
2015-06-30 16:49:02,933 Starting Training from 2015-02-17 to 2015-03-04
2015-06-30 16:51:12,667 Starting Live from 2015-03-05 to 2015-04-04
2015-06-30 17:19:13,167 Starting Training from 2015-03-20 to 2015-04-04
2015-06-30 17:20:34,157 Starting Live from 2015-04-05 to 2015-04-10
2015-06-30 17:28:17,737 Starting Q Learning for : 
2015-06-30 17:28:17,737 alpha = 0.2
2015-06-30 17:28:17,737 gamma = 0.5
2015-06-30 17:28:17,739 individual factor = 10
2015-06-30 17:28:17,739 zero range = 0.006
2015-06-30 17:28:17,739 greedy level = 5
2015-06-30 17:28:17,739 

2015-06-30 17:28:22,821 Starting Training from 2014-12-17 to 2015-01-01
2015-06-30 17:41:05,298 Starting Live from 2015-01-02 to 2015-02-01
2015-06-30 18:11:14,362 Starting Training from 2015-01-17 to 2015-02-01
2015-06-30 18:12:48,282 Starting Live from 2015-02-02 to 2015-03-04
2015-06-30 18:42:11,180 Starting Training from 2015-02-17 to 2015-03-04
2015-06-30 18:43:52,605 Starting Live from 2015-03-05 to 2015-04-04
2015-06-30 19:12:31,250 Starting Training from 2015-03-20 to 2015-04-04
2015-06-30 19:13:51,188 Starting Live from 2015-04-05 to 2015-04-10
2015-06-30 19:22:18,802 Starting Q Learning for : 
2015-06-30 19:22:18,802 alpha = 0.2
2015-06-30 19:22:18,802 gamma = 0.6
2015-06-30 19:22:18,802 individual factor = 10
2015-06-30 19:22:18,802 zero range = 0.006
2015-06-30 19:22:18,802 greedy level = 5
2015-06-30 19:22:18,802 

2015-06-30 19:22:24,539 Starting Training from 2014-12-17 to 2015-01-01
2015-06-30 19:35:12,673 Starting Live from 2015-01-02 to 2015-02-01
2015-06-30 20:05:06,993 Starting Training from 2015-01-17 to 2015-02-01
2015-06-30 20:06:41,447 Starting Live from 2015-02-02 to 2015-03-04
2015-06-30 20:37:02,088 Starting Training from 2015-02-17 to 2015-03-04
2015-06-30 20:38:50,729 Starting Live from 2015-03-05 to 2015-04-04
2015-06-30 21:07:42,503 Starting Training from 2015-03-20 to 2015-04-04
2015-06-30 21:09:02,387 Starting Live from 2015-04-05 to 2015-04-10
2015-06-30 21:17:02,266 Starting Q Learning for : 
2015-06-30 21:17:02,266 alpha = 0.2
2015-06-30 21:17:02,266 gamma = 0.7
2015-06-30 21:17:02,266 individual factor = 10
2015-06-30 21:17:02,266 zero range = 0.006
2015-06-30 21:17:02,266 greedy level = 5
2015-06-30 21:17:02,266 

2015-06-30 21:17:07,516 Starting Training from 2014-12-17 to 2015-01-01
2015-06-30 21:29:39,776 Starting Live from 2015-01-02 to 2015-02-01
2015-06-30 21:58:58,332 Starting Training from 2015-01-17 to 2015-02-01
2015-06-30 22:00:35,520 Starting Live from 2015-02-02 to 2015-03-04
2015-06-30 22:29:53,674 Starting Training from 2015-02-17 to 2015-03-04
2015-06-30 22:31:48,680 Starting Live from 2015-03-05 to 2015-04-04
2015-06-30 22:59:41,767 Starting Training from 2015-03-20 to 2015-04-04
2015-06-30 23:01:00,930 Starting Live from 2015-04-05 to 2015-04-10
2015-06-30 23:08:49,576 Starting Q Learning for : 
2015-06-30 23:08:49,576 alpha = 0.2
2015-06-30 23:08:49,576 gamma = 0.8
2015-06-30 23:08:49,576 individual factor = 10
2015-06-30 23:08:49,576 zero range = 0.006
2015-06-30 23:08:49,576 greedy level = 5
2015-06-30 23:08:49,576 

2015-06-30 23:08:55,681 Starting Training from 2014-12-17 to 2015-01-01
2015-06-30 23:22:14,887 Starting Live from 2015-01-02 to 2015-02-01
2015-06-30 23:52:32,457 Starting Training from 2015-01-17 to 2015-02-01
2015-06-30 23:54:05,170 Starting Live from 2015-02-02 to 2015-03-04
2015-07-01 00:23:20,819 Starting Training from 2015-02-17 to 2015-03-04
2015-07-01 00:25:15,173 Starting Live from 2015-03-05 to 2015-04-04
2015-07-01 00:52:49,775 Starting Training from 2015-03-20 to 2015-04-04
2015-07-01 00:54:09,721 Starting Live from 2015-04-05 to 2015-04-10
2015-07-01 01:01:43,911 Starting Q Learning for : 
2015-07-01 01:01:43,911 alpha = 0.6
2015-07-01 01:01:43,911 gamma = 0.1
2015-07-01 01:01:43,911 individual factor = 10
2015-07-01 01:01:43,911 zero range = 0.01
2015-07-01 01:01:43,911 greedy level = 5
2015-07-01 01:01:43,913 

2015-07-01 01:01:50,661 Starting Training from 2014-12-17 to 2015-01-01
2015-07-01 01:13:45,496 Starting Live from 2015-01-02 to 2015-02-01
2015-07-01 01:41:16,276 Starting Training from 2015-01-17 to 2015-02-01
2015-07-01 01:42:47,016 Starting Live from 2015-02-02 to 2015-03-04
2015-07-01 02:09:39,543 Starting Training from 2015-02-17 to 2015-03-04
2015-07-01 02:11:08,667 Starting Live from 2015-03-05 to 2015-04-04
2015-07-01 02:37:19,194 Starting Training from 2015-03-20 to 2015-04-04
2015-07-01 02:38:56,542 Starting Live from 2015-04-05 to 2015-04-10
2015-07-01 02:46:30,408 Starting Q Learning for : 
2015-07-01 02:46:30,408 alpha = 0.6
2015-07-01 02:46:30,410 gamma = 0.2
2015-07-01 02:46:30,410 individual factor = 10
2015-07-01 02:46:30,410 zero range = 0.01
2015-07-01 02:46:30,410 greedy level = 5
2015-07-01 02:46:30,410 

2015-07-01 02:46:35,470 Starting Training from 2014-12-17 to 2015-01-01
2015-07-01 02:57:40,167 Starting Live from 2015-01-02 to 2015-02-01
2015-07-01 03:25:48,928 Starting Training from 2015-01-17 to 2015-02-01
2015-07-01 03:27:25,924 Starting Live from 2015-02-02 to 2015-03-04
2015-07-01 03:54:32,332 Starting Training from 2015-02-17 to 2015-03-04
2015-07-01 03:56:02,397 Starting Live from 2015-03-05 to 2015-04-04
2015-07-01 04:22:06,336 Starting Training from 2015-03-20 to 2015-04-04
2015-07-01 04:23:21,148 Starting Live from 2015-04-05 to 2015-04-10
2015-07-01 04:30:27,627 Starting Q Learning for : 
2015-07-01 04:30:27,627 alpha = 0.6
2015-07-01 04:30:27,627 gamma = 0.3
2015-07-01 04:30:27,627 individual factor = 10
2015-07-01 04:30:27,627 zero range = 0.01
2015-07-01 04:30:27,627 greedy level = 5
2015-07-01 04:30:27,627 

2015-07-01 04:30:34,078 Starting Training from 2014-12-17 to 2015-01-01
2015-07-01 04:42:19,996 Starting Live from 2015-01-02 to 2015-02-01
2015-07-01 05:09:22,269 Starting Training from 2015-01-17 to 2015-02-01
2015-07-01 05:10:51,786 Starting Live from 2015-02-02 to 2015-03-04
2015-07-01 05:37:28,733 Starting Training from 2015-02-17 to 2015-03-04
2015-07-01 05:39:00,453 Starting Live from 2015-03-05 to 2015-04-04
2015-07-01 06:06:38,980 Starting Training from 2015-03-20 to 2015-04-04
2015-07-01 06:07:52,461 Starting Live from 2015-04-05 to 2015-04-10
2015-07-01 06:15:12,753 Starting Q Learning for : 
2015-07-01 06:15:12,753 alpha = 0.6
2015-07-01 06:15:12,753 gamma = 0.4
2015-07-01 06:15:12,753 individual factor = 10
2015-07-01 06:15:12,753 zero range = 0.01
2015-07-01 06:15:12,753 greedy level = 5
2015-07-01 06:15:12,753 

2015-07-01 06:15:19,233 Starting Training from 2014-12-17 to 2015-01-01
2015-07-01 06:26:41,138 Starting Live from 2015-01-02 to 2015-02-01
2015-07-01 06:54:27,167 Starting Training from 2015-01-17 to 2015-02-01
2015-07-01 06:55:56,309 Starting Live from 2015-02-02 to 2015-03-04
2015-07-01 07:22:42,239 Starting Training from 2015-02-17 to 2015-03-04
2015-07-01 07:24:17,355 Starting Live from 2015-03-05 to 2015-04-04
2015-07-01 07:50:29,210 Starting Training from 2015-03-20 to 2015-04-04
2015-07-01 07:51:42,158 Starting Live from 2015-04-05 to 2015-04-10
2015-07-01 07:59:36,071 Starting Q Learning for : 
2015-07-01 07:59:36,072 alpha = 0.6
2015-07-01 07:59:36,072 gamma = 0.5
2015-07-01 07:59:36,072 individual factor = 10
2015-07-01 07:59:36,072 zero range = 0.01
2015-07-01 07:59:36,072 greedy level = 5
2015-07-01 07:59:36,072 

2015-07-01 07:59:47,007 Starting Training from 2014-12-17 to 2015-01-01
2015-07-01 08:10:34,836 Starting Live from 2015-01-02 to 2015-02-01
2015-07-01 08:37:46,707 Starting Training from 2015-01-17 to 2015-02-01
2015-07-01 08:39:17,974 Starting Live from 2015-02-02 to 2015-03-04
2015-07-01 09:06:38,299 Starting Training from 2015-02-17 to 2015-03-04
2015-07-01 09:08:17,502 Starting Live from 2015-03-05 to 2015-04-04
2015-07-01 09:34:23,515 Starting Training from 2015-03-20 to 2015-04-04
2015-07-01 09:35:39,719 Starting Live from 2015-04-05 to 2015-04-10
2015-07-01 09:42:46,091 Starting Q Learning for : 
2015-07-01 09:42:46,091 alpha = 0.6
2015-07-01 09:42:46,091 gamma = 0.6
2015-07-01 09:42:46,091 individual factor = 10
2015-07-01 09:42:46,091 zero range = 0.01
2015-07-01 09:42:46,091 greedy level = 5
2015-07-01 09:42:46,091 

2015-07-01 09:42:51,691 Starting Training from 2014-12-17 to 2015-01-01
2015-07-01 09:54:25,036 Starting Live from 2015-01-02 to 2015-02-01
2015-07-01 10:20:55,117 Starting Training from 2015-01-17 to 2015-02-01
2015-07-01 10:22:21,052 Starting Live from 2015-02-02 to 2015-03-04
2015-07-01 10:48:49,413 Starting Training from 2015-02-17 to 2015-03-04
2015-07-01 10:50:20,187 Starting Live from 2015-03-05 to 2015-04-04
2015-07-01 11:15:57,839 Starting Training from 2015-03-20 to 2015-04-04
2015-07-01 11:17:09,861 Starting Live from 2015-04-05 to 2015-04-10
2015-07-01 11:24:30,584 Starting Q Learning for : 
2015-07-01 11:24:30,585 alpha = 0.6
2015-07-01 11:24:30,585 gamma = 0.7
2015-07-01 11:24:30,585 individual factor = 10
2015-07-01 11:24:30,585 zero range = 0.01
2015-07-01 11:24:30,585 greedy level = 5
2015-07-01 11:24:30,585 

2015-07-01 11:24:37,167 Starting Training from 2014-12-17 to 2015-01-01
2015-07-01 11:35:01,760 Starting Live from 2015-01-02 to 2015-02-01
2015-07-01 12:00:51,118 Starting Training from 2015-01-17 to 2015-02-01
2015-07-01 12:02:11,711 Starting Live from 2015-02-02 to 2015-03-04
2015-07-01 12:27:37,858 Starting Training from 2015-02-17 to 2015-03-04
2015-07-01 12:29:13,026 Starting Live from 2015-03-05 to 2015-04-04
2015-07-01 12:53:22,410 Starting Training from 2015-03-20 to 2015-04-04
2015-07-01 12:54:44,348 Starting Live from 2015-04-05 to 2015-04-10
2015-07-01 13:01:17,780 Starting Q Learning for : 
2015-07-01 13:01:17,780 alpha = 0.6
2015-07-01 13:01:17,780 gamma = 0.8
2015-07-01 13:01:17,780 individual factor = 10
2015-07-01 13:01:17,780 zero range = 0.01
2015-07-01 13:01:17,780 greedy level = 5
2015-07-01 13:01:17,780 

2015-07-01 13:01:22,664 Starting Training from 2014-12-17 to 2015-01-01
2015-07-01 13:10:54,809 Starting Live from 2015-01-02 to 2015-02-01
2015-07-01 13:35:00,795 Starting Training from 2015-01-17 to 2015-02-01
2015-07-01 13:36:20,042 Starting Live from 2015-02-02 to 2015-03-04
2015-07-01 14:00:27,765 Starting Training from 2015-02-17 to 2015-03-04
2015-07-01 14:02:08,796 Starting Live from 2015-03-05 to 2015-04-04
2015-07-01 14:25:09,898 Starting Training from 2015-03-20 to 2015-04-04
2015-07-01 14:26:25,121 Starting Live from 2015-04-05 to 2015-04-10
