2015-06-29 01:38:26,624 Starting Q Learning for : 
2015-06-29 01:38:26,624 alpha = 0.6
2015-06-29 01:38:26,624 gamma = 0.1
2015-06-29 01:38:26,624 individual factor = 10
2015-06-29 01:38:26,625 zero range = 0.002
2015-06-29 01:38:26,625 greedy level = 5
2015-06-29 01:38:26,625 

2015-06-29 01:38:50,683 Starting Training from 2014-12-17 to 2015-01-01
2015-06-29 01:52:53,936 Starting Live from 2015-01-02 to 2015-02-01
2015-06-29 02:21:48,496 Starting Training from 2015-01-17 to 2015-02-01
2015-06-29 02:23:15,437 Starting Live from 2015-02-02 to 2015-03-04
2015-06-29 02:53:22,328 Starting Training from 2015-02-17 to 2015-03-04
2015-06-29 02:55:31,638 Starting Live from 2015-03-05 to 2015-04-04
2015-06-29 03:25:41,767 Starting Training from 2015-03-20 to 2015-04-04
2015-06-29 03:27:09,424 Starting Live from 2015-04-05 to 2015-04-10
2015-06-29 03:36:19,823 Starting Q Learning for : 
2015-06-29 03:36:19,823 alpha = 0.6
2015-06-29 03:36:19,823 gamma = 0.2
2015-06-29 03:36:19,825 individual factor = 10
2015-06-29 03:36:19,825 zero range = 0.002
2015-06-29 03:36:19,825 greedy level = 5
2015-06-29 03:36:19,825 

2015-06-29 03:36:25,796 Starting Training from 2014-12-17 to 2015-01-01
2015-06-29 03:50:00,493 Starting Live from 2015-01-02 to 2015-02-01
2015-06-29 04:21:23,561 Starting Training from 2015-01-17 to 2015-02-01
2015-06-29 04:23:11,979 Starting Live from 2015-02-02 to 2015-03-04
2015-06-29 04:54:47,358 Starting Training from 2015-02-17 to 2015-03-04
2015-06-29 04:56:34,533 Starting Live from 2015-03-05 to 2015-04-04
2015-06-29 05:27:50,253 Starting Training from 2015-03-20 to 2015-04-04
2015-06-29 05:29:22,329 Starting Live from 2015-04-05 to 2015-04-10
2015-06-29 05:39:02,881 Starting Q Learning for : 
2015-06-29 05:39:02,881 alpha = 0.6
2015-06-29 05:39:02,881 gamma = 0.3
2015-06-29 05:39:02,881 individual factor = 10
2015-06-29 05:39:02,881 zero range = 0.002
2015-06-29 05:39:02,881 greedy level = 5
2015-06-29 05:39:02,881 

2015-06-29 05:39:09,384 Starting Training from 2014-12-17 to 2015-01-01
2015-06-29 05:51:54,967 Starting Live from 2015-01-02 to 2015-02-01
2015-06-29 06:24:13,318 Starting Training from 2015-01-17 to 2015-02-01
2015-06-29 06:25:56,296 Starting Live from 2015-02-02 to 2015-03-04
2015-06-29 06:57:51,457 Starting Training from 2015-02-17 to 2015-03-04
2015-06-29 06:59:41,895 Starting Live from 2015-03-05 to 2015-04-04
2015-06-29 07:33:42,538 Starting Training from 2015-03-20 to 2015-04-04
2015-06-29 07:35:14,388 Starting Live from 2015-04-05 to 2015-04-10
2015-06-29 07:44:22,418 Starting Q Learning for : 
2015-06-29 07:44:22,418 alpha = 0.6
2015-06-29 07:44:22,418 gamma = 0.4
2015-06-29 07:44:22,418 individual factor = 10
2015-06-29 07:44:22,418 zero range = 0.002
2015-06-29 07:44:22,418 greedy level = 5
2015-06-29 07:44:22,420 

2015-06-29 07:44:28,799 Starting Training from 2014-12-17 to 2015-01-01
2015-06-29 07:58:10,032 Starting Live from 2015-01-02 to 2015-02-01
2015-06-29 08:29:41,196 Starting Training from 2015-01-17 to 2015-02-01
2015-06-29 08:31:26,515 Starting Live from 2015-02-02 to 2015-03-04
2015-06-29 09:03:48,551 Starting Training from 2015-02-17 to 2015-03-04
2015-06-29 09:05:44,118 Starting Live from 2015-03-05 to 2015-04-04
2015-06-29 09:36:24,345 Starting Training from 2015-03-20 to 2015-04-04
2015-06-29 09:37:53,892 Starting Live from 2015-04-05 to 2015-04-10
2015-06-29 09:47:47,825 Starting Q Learning for : 
2015-06-29 09:47:47,825 alpha = 0.6
2015-06-29 09:47:47,825 gamma = 0.5
2015-06-29 09:47:47,825 individual factor = 10
2015-06-29 09:47:47,826 zero range = 0.002
2015-06-29 09:47:47,826 greedy level = 5
2015-06-29 09:47:47,826 

2015-06-29 09:47:51,105 Starting Training from 2014-12-17 to 2015-01-01
2015-06-29 10:00:33,828 Starting Live from 2015-01-02 to 2015-02-01
2015-06-29 10:32:20,201 Starting Training from 2015-01-17 to 2015-02-01
2015-06-29 10:34:08,052 Starting Live from 2015-02-02 to 2015-03-04
2015-06-29 11:05:42,206 Starting Training from 2015-02-17 to 2015-03-04
2015-06-29 11:07:33,585 Starting Live from 2015-03-05 to 2015-04-04
2015-06-29 11:40:03,417 Starting Training from 2015-03-20 to 2015-04-04
2015-06-29 11:41:46,523 Starting Live from 2015-04-05 to 2015-04-10
2015-06-29 11:50:37,542 Starting Q Learning for : 
2015-06-29 11:50:37,542 alpha = 0.6
2015-06-29 11:50:37,542 gamma = 0.6
2015-06-29 11:50:37,542 individual factor = 10
2015-06-29 11:50:37,542 zero range = 0.002
2015-06-29 11:50:37,542 greedy level = 5
2015-06-29 11:50:37,542 

2015-06-29 11:50:43,910 Starting Training from 2014-12-17 to 2015-01-01
2015-06-29 12:04:05,341 Starting Live from 2015-01-02 to 2015-02-01
2015-06-29 12:35:35,181 Starting Training from 2015-01-17 to 2015-02-01
2015-06-29 12:37:18,829 Starting Live from 2015-02-02 to 2015-03-04
2015-06-29 13:08:52,743 Starting Training from 2015-02-17 to 2015-03-04
2015-06-29 13:11:14,142 Starting Live from 2015-03-05 to 2015-04-04
2015-06-29 13:42:29,397 Starting Training from 2015-03-20 to 2015-04-04
2015-06-29 13:43:56,523 Starting Live from 2015-04-05 to 2015-04-10
2015-06-29 13:52:30,158 Starting Q Learning for : 
2015-06-29 13:52:30,158 alpha = 0.6
2015-06-29 13:52:30,158 gamma = 0.7
2015-06-29 13:52:30,158 individual factor = 10
2015-06-29 13:52:30,158 zero range = 0.002
2015-06-29 13:52:30,158 greedy level = 5
2015-06-29 13:52:30,158 

2015-06-29 13:52:37,082 Starting Training from 2014-12-17 to 2015-01-01
2015-06-29 14:06:17,428 Starting Live from 2015-01-02 to 2015-02-01
2015-06-29 14:37:38,325 Starting Training from 2015-01-17 to 2015-02-01
2015-06-29 14:39:20,917 Starting Live from 2015-02-02 to 2015-03-04
2015-06-29 15:11:38,326 Starting Training from 2015-02-17 to 2015-03-04
2015-06-29 15:13:34,993 Starting Live from 2015-03-05 to 2015-04-04
2015-06-29 15:44:12,943 Starting Training from 2015-03-20 to 2015-04-04
2015-06-29 15:45:48,483 Starting Live from 2015-04-05 to 2015-04-10
2015-06-29 15:55:16,464 Starting Q Learning for : 
2015-06-29 15:55:16,464 alpha = 0.6
2015-06-29 15:55:16,464 gamma = 0.8
2015-06-29 15:55:16,464 individual factor = 10
2015-06-29 15:55:16,464 zero range = 0.002
2015-06-29 15:55:16,466 greedy level = 5
2015-06-29 15:55:16,466 

2015-06-29 15:55:23,563 Starting Training from 2014-12-17 to 2015-01-01
2015-06-29 16:08:27,795 Starting Live from 2015-01-02 to 2015-02-01
2015-06-29 16:41:20,446 Starting Training from 2015-01-17 to 2015-02-01
2015-06-29 16:43:04,638 Starting Live from 2015-02-02 to 2015-03-04
2015-06-29 17:15:20,711 Starting Training from 2015-02-17 to 2015-03-04
2015-06-29 17:17:12,575 Starting Live from 2015-03-05 to 2015-04-04
2015-06-29 17:50:58,448 Starting Training from 2015-03-20 to 2015-04-04
2015-06-29 17:52:31,933 Starting Live from 2015-04-05 to 2015-04-10
2015-06-29 18:01:50,061 Starting Q Learning for : 
2015-06-29 18:01:50,061 alpha = 0.6
2015-06-29 18:01:50,062 gamma = 0.1
2015-06-29 18:01:50,062 individual factor = 10
2015-06-29 18:01:50,062 zero range = 0.006
2015-06-29 18:01:50,062 greedy level = 5
2015-06-29 18:01:50,062 

2015-06-29 18:01:57,033 Starting Training from 2014-12-17 to 2015-01-01
2015-06-29 18:15:34,526 Starting Live from 2015-01-02 to 2015-02-01
2015-06-29 18:46:45,329 Starting Training from 2015-01-17 to 2015-02-01
2015-06-29 18:48:33,240 Starting Live from 2015-02-02 to 2015-03-04
2015-06-29 19:19:54,421 Starting Training from 2015-02-17 to 2015-03-04
2015-06-29 19:21:49,611 Starting Live from 2015-03-05 to 2015-04-04
2015-06-29 19:52:22,141 Starting Training from 2015-03-20 to 2015-04-04
2015-06-29 19:53:51,783 Starting Live from 2015-04-05 to 2015-04-10
2015-06-29 20:02:08,677 Starting Q Learning for : 
2015-06-29 20:02:08,677 alpha = 0.6
2015-06-29 20:02:08,677 gamma = 0.2
2015-06-29 20:02:08,677 individual factor = 10
2015-06-29 20:02:08,677 zero range = 0.006
2015-06-29 20:02:08,677 greedy level = 5
2015-06-29 20:02:08,677 

2015-06-29 20:02:14,457 Starting Training from 2014-12-17 to 2015-01-01
2015-06-29 20:15:15,960 Starting Live from 2015-01-02 to 2015-02-01
2015-06-29 20:45:52,526 Starting Training from 2015-01-17 to 2015-02-01
2015-06-29 20:47:37,538 Starting Live from 2015-02-02 to 2015-03-04
2015-06-29 21:19:15,490 Starting Training from 2015-02-17 to 2015-03-04
2015-06-29 21:21:04,267 Starting Live from 2015-03-05 to 2015-04-04
2015-06-29 21:50:41,046 Starting Training from 2015-03-20 to 2015-04-04
2015-06-29 21:52:16,348 Starting Live from 2015-04-05 to 2015-04-10
2015-06-29 22:01:25,871 Starting Q Learning for : 
2015-06-29 22:01:25,871 alpha = 0.6
2015-06-29 22:01:25,871 gamma = 0.3
2015-06-29 22:01:25,871 individual factor = 10
2015-06-29 22:01:25,871 zero range = 0.006
2015-06-29 22:01:25,872 greedy level = 5
2015-06-29 22:01:25,872 

2015-06-29 22:01:32,964 Starting Training from 2014-12-17 to 2015-01-01
2015-06-29 22:14:20,584 Starting Live from 2015-01-02 to 2015-02-01
2015-06-29 22:46:26,532 Starting Training from 2015-01-17 to 2015-02-01
2015-06-29 22:48:34,619 Starting Live from 2015-02-02 to 2015-03-04
2015-06-29 23:20:37,805 Starting Training from 2015-02-17 to 2015-03-04
2015-06-29 23:22:35,757 Starting Live from 2015-03-05 to 2015-04-04
2015-06-29 23:55:35,078 Starting Training from 2015-03-20 to 2015-04-04
2015-06-29 23:57:23,381 Starting Live from 2015-04-05 to 2015-04-10
2015-06-30 00:06:21,628 Starting Q Learning for : 
2015-06-30 00:06:21,628 alpha = 0.6
2015-06-30 00:06:21,628 gamma = 0.4
2015-06-30 00:06:21,628 individual factor = 10
2015-06-30 00:06:21,628 zero range = 0.006
2015-06-30 00:06:21,628 greedy level = 5
2015-06-30 00:06:21,628 

2015-06-30 00:06:27,276 Starting Training from 2014-12-17 to 2015-01-01
2015-06-30 00:19:42,674 Starting Live from 2015-01-02 to 2015-02-01
2015-06-30 00:52:15,907 Starting Training from 2015-01-17 to 2015-02-01
2015-06-30 00:54:03,502 Starting Live from 2015-02-02 to 2015-03-04
2015-06-30 01:26:06,869 Starting Training from 2015-02-17 to 2015-03-04
2015-06-30 01:28:27,772 Starting Live from 2015-03-05 to 2015-04-04
2015-06-30 01:59:59,170 Starting Training from 2015-03-20 to 2015-04-04
2015-06-30 02:01:27,194 Starting Live from 2015-04-05 to 2015-04-10
2015-06-30 02:09:52,655 Starting Q Learning for : 
2015-06-30 02:09:52,655 alpha = 0.6
2015-06-30 02:09:52,655 gamma = 0.5
2015-06-30 02:09:52,655 individual factor = 10
2015-06-30 02:09:52,655 zero range = 0.006
2015-06-30 02:09:52,655 greedy level = 5
2015-06-30 02:09:52,655 

2015-06-30 02:10:00,030 Starting Training from 2014-12-17 to 2015-01-01
2015-06-30 02:23:15,851 Starting Live from 2015-01-02 to 2015-02-01
2015-06-30 02:53:41,588 Starting Training from 2015-01-17 to 2015-02-01
2015-06-30 02:55:20,927 Starting Live from 2015-02-02 to 2015-03-04
2015-06-30 03:27:01,259 Starting Training from 2015-02-17 to 2015-03-04
2015-06-30 03:28:48,411 Starting Live from 2015-03-05 to 2015-04-04
2015-06-30 03:58:32,384 Starting Training from 2015-03-20 to 2015-04-04
2015-06-30 04:00:01,167 Starting Live from 2015-04-05 to 2015-04-10
2015-06-30 04:08:18,490 Starting Q Learning for : 
2015-06-30 04:08:18,490 alpha = 0.6
2015-06-30 04:08:18,490 gamma = 0.6
2015-06-30 04:08:18,490 individual factor = 10
2015-06-30 04:08:18,490 zero range = 0.006
2015-06-30 04:08:18,490 greedy level = 5
2015-06-30 04:08:18,490 

2015-06-30 04:08:27,651 Starting Training from 2014-12-17 to 2015-01-01
2015-06-30 04:21:42,094 Starting Live from 2015-01-02 to 2015-02-01
2015-06-30 04:52:35,891 Starting Training from 2015-01-17 to 2015-02-01
2015-06-30 04:54:15,812 Starting Live from 2015-02-02 to 2015-03-04
2015-06-30 05:26:12,016 Starting Training from 2015-02-17 to 2015-03-04
2015-06-30 05:27:58,219 Starting Live from 2015-03-05 to 2015-04-04
2015-06-30 05:58:13,486 Starting Training from 2015-03-20 to 2015-04-04
2015-06-30 05:59:39,533 Starting Live from 2015-04-05 to 2015-04-10
2015-06-30 06:08:33,773 Starting Q Learning for : 
2015-06-30 06:08:33,773 alpha = 0.6
2015-06-30 06:08:33,773 gamma = 0.7
2015-06-30 06:08:33,773 individual factor = 10
2015-06-30 06:08:33,773 zero range = 0.006
2015-06-30 06:08:33,773 greedy level = 5
2015-06-30 06:08:33,773 

2015-06-30 06:08:39,808 Starting Training from 2014-12-17 to 2015-01-01
2015-06-30 06:21:11,078 Starting Live from 2015-01-02 to 2015-02-01
2015-06-30 06:52:50,349 Starting Training from 2015-01-17 to 2015-02-01
2015-06-30 06:54:54,085 Starting Live from 2015-02-02 to 2015-03-04
2015-06-30 07:26:09,664 Starting Training from 2015-02-17 to 2015-03-04
2015-06-30 07:27:59,756 Starting Live from 2015-03-05 to 2015-04-04
2015-06-30 07:57:34,615 Starting Training from 2015-03-20 to 2015-04-04
2015-06-30 07:59:00,880 Starting Live from 2015-04-05 to 2015-04-10
2015-06-30 08:07:50,049 Starting Q Learning for : 
2015-06-30 08:07:50,049 alpha = 0.6
2015-06-30 08:07:50,049 gamma = 0.8
2015-06-30 08:07:50,049 individual factor = 10
2015-06-30 08:07:50,049 zero range = 0.006
2015-06-30 08:07:50,049 greedy level = 5
2015-06-30 08:07:50,049 

2015-06-30 08:07:56,828 Starting Training from 2014-12-17 to 2015-01-01
2015-06-30 08:20:16,336 Starting Live from 2015-01-02 to 2015-02-01
2015-06-30 08:52:06,857 Starting Training from 2015-01-17 to 2015-02-01
2015-06-30 08:53:49,674 Starting Live from 2015-02-02 to 2015-03-04
2015-06-30 09:24:59,766 Starting Training from 2015-02-17 to 2015-03-04
2015-06-30 09:26:48,697 Starting Live from 2015-03-05 to 2015-04-04
2015-06-30 09:56:49,207 Starting Training from 2015-03-20 to 2015-04-04
2015-06-30 09:58:38,423 Starting Live from 2015-04-05 to 2015-04-10
2015-06-30 10:07:10,414 Starting Q Learning for : 
2015-06-30 10:07:10,414 alpha = 0.8
2015-06-30 10:07:10,414 gamma = 0.1
2015-06-30 10:07:10,414 individual factor = 10
2015-06-30 10:07:10,414 zero range = 0.006
2015-06-30 10:07:10,414 greedy level = 5
2015-06-30 10:07:10,414 

2015-06-30 10:07:18,917 Starting Training from 2014-12-17 to 2015-01-01
2015-06-30 10:19:20,624 Starting Live from 2015-01-02 to 2015-02-01
2015-06-30 10:50:04,354 Starting Training from 2015-01-17 to 2015-02-01
2015-06-30 10:51:42,913 Starting Live from 2015-02-02 to 2015-03-04
2015-06-30 11:20:52,413 Starting Training from 2015-02-17 to 2015-03-04
2015-06-30 11:22:32,717 Starting Live from 2015-03-05 to 2015-04-04
2015-06-30 11:50:06,865 Starting Training from 2015-03-20 to 2015-04-04
2015-06-30 11:51:23,565 Starting Live from 2015-04-05 to 2015-04-10
2015-06-30 11:59:44,388 Starting Q Learning for : 
2015-06-30 11:59:44,388 alpha = 0.8
2015-06-30 11:59:44,388 gamma = 0.2
2015-06-30 11:59:44,388 individual factor = 10
2015-06-30 11:59:44,388 zero range = 0.006
2015-06-30 11:59:44,388 greedy level = 5
2015-06-30 11:59:44,388 

2015-06-30 11:59:49,936 Starting Training from 2014-12-17 to 2015-01-01
2015-06-30 12:11:27,805 Starting Live from 2015-01-02 to 2015-02-01
2015-06-30 12:41:07,762 Starting Training from 2015-01-17 to 2015-02-01
2015-06-30 12:42:48,161 Starting Live from 2015-02-02 to 2015-03-04
2015-06-30 13:12:01,240 Starting Training from 2015-02-17 to 2015-03-04
2015-06-30 13:13:37,339 Starting Live from 2015-03-05 to 2015-04-04
2015-06-30 13:42:00,799 Starting Training from 2015-03-20 to 2015-04-04
2015-06-30 13:43:15,940 Starting Live from 2015-04-05 to 2015-04-10
2015-06-30 13:51:40,394 Starting Q Learning for : 
2015-06-30 13:51:40,394 alpha = 0.8
2015-06-30 13:51:40,394 gamma = 0.3
2015-06-30 13:51:40,394 individual factor = 10
2015-06-30 13:51:40,394 zero range = 0.006
2015-06-30 13:51:40,394 greedy level = 5
2015-06-30 13:51:40,394 

2015-06-30 13:51:45,756 Starting Training from 2014-12-17 to 2015-01-01
2015-06-30 14:03:17,891 Starting Live from 2015-01-02 to 2015-02-01
2015-06-30 14:33:00,269 Starting Training from 2015-01-17 to 2015-02-01
2015-06-30 14:34:57,803 Starting Live from 2015-02-02 to 2015-03-04
2015-06-30 15:04:12,496 Starting Training from 2015-02-17 to 2015-03-04
2015-06-30 15:05:51,838 Starting Live from 2015-03-05 to 2015-04-04
2015-06-30 15:33:41,115 Starting Training from 2015-03-20 to 2015-04-04
2015-06-30 15:34:59,918 Starting Live from 2015-04-05 to 2015-04-10
2015-06-30 15:43:25,628 Starting Q Learning for : 
2015-06-30 15:43:25,628 alpha = 0.8
2015-06-30 15:43:25,628 gamma = 0.4
2015-06-30 15:43:25,628 individual factor = 10
2015-06-30 15:43:25,630 zero range = 0.006
2015-06-30 15:43:25,630 greedy level = 5
2015-06-30 15:43:25,630 

2015-06-30 15:43:32,114 Starting Training from 2014-12-17 to 2015-01-01
2015-06-30 15:55:15,331 Starting Live from 2015-01-02 to 2015-02-01
2015-06-30 16:24:42,365 Starting Training from 2015-01-17 to 2015-02-01
2015-06-30 16:26:30,512 Starting Live from 2015-02-02 to 2015-03-04
2015-06-30 16:56:30,733 Starting Training from 2015-02-17 to 2015-03-04
2015-06-30 16:58:08,928 Starting Live from 2015-03-05 to 2015-04-04
2015-06-30 17:26:10,607 Starting Training from 2015-03-20 to 2015-04-04
2015-06-30 17:27:32,974 Starting Live from 2015-04-05 to 2015-04-10
2015-06-30 17:35:43,200 Starting Q Learning for : 
2015-06-30 17:35:43,200 alpha = 0.8
2015-06-30 17:35:43,200 gamma = 0.5
2015-06-30 17:35:43,200 individual factor = 10
2015-06-30 17:35:43,200 zero range = 0.006
2015-06-30 17:35:43,200 greedy level = 5
2015-06-30 17:35:43,200 

2015-06-30 17:35:50,875 Starting Training from 2014-12-17 to 2015-01-01
2015-06-30 17:48:23,128 Starting Live from 2015-01-02 to 2015-02-01
2015-06-30 18:18:10,621 Starting Training from 2015-01-17 to 2015-02-01
2015-06-30 18:19:50,197 Starting Live from 2015-02-02 to 2015-03-04
2015-06-30 18:49:29,109 Starting Training from 2015-02-17 to 2015-03-04
2015-06-30 18:50:55,229 Starting Live from 2015-03-05 to 2015-04-04
2015-06-30 19:19:56,973 Starting Training from 2015-03-20 to 2015-04-04
2015-06-30 19:21:15,709 Starting Live from 2015-04-05 to 2015-04-10
2015-06-30 19:30:17,105 Starting Q Learning for : 
2015-06-30 19:30:17,105 alpha = 0.8
2015-06-30 19:30:17,105 gamma = 0.6
2015-06-30 19:30:17,105 individual factor = 10
2015-06-30 19:30:17,105 zero range = 0.006
2015-06-30 19:30:17,105 greedy level = 5
2015-06-30 19:30:17,105 

2015-06-30 19:30:24,845 Starting Training from 2014-12-17 to 2015-01-01
2015-06-30 19:42:24,996 Starting Live from 2015-01-02 to 2015-02-01
2015-06-30 20:12:11,823 Starting Training from 2015-01-17 to 2015-02-01
2015-06-30 20:14:09,503 Starting Live from 2015-02-02 to 2015-03-04
2015-06-30 20:43:37,296 Starting Training from 2015-02-17 to 2015-03-04
2015-06-30 20:45:16,569 Starting Live from 2015-03-05 to 2015-04-04
2015-06-30 21:14:16,321 Starting Training from 2015-03-20 to 2015-04-04
2015-06-30 21:15:36,243 Starting Live from 2015-04-05 to 2015-04-10
2015-06-30 21:24:34,446 Starting Q Learning for : 
2015-06-30 21:24:34,446 alpha = 0.8
2015-06-30 21:24:34,447 gamma = 0.7
2015-06-30 21:24:34,447 individual factor = 10
2015-06-30 21:24:34,447 zero range = 0.006
2015-06-30 21:24:34,447 greedy level = 5
2015-06-30 21:24:34,447 

2015-06-30 21:24:40,226 Starting Training from 2014-12-17 to 2015-01-01
2015-06-30 21:36:35,473 Starting Live from 2015-01-02 to 2015-02-01
2015-06-30 22:05:49,637 Starting Training from 2015-01-17 to 2015-02-01
2015-06-30 22:08:01,684 Starting Live from 2015-02-02 to 2015-03-04
2015-06-30 22:36:19,591 Starting Training from 2015-02-17 to 2015-03-04
2015-06-30 22:37:58,862 Starting Live from 2015-03-05 to 2015-04-04
2015-06-30 23:05:16,000 Starting Training from 2015-03-20 to 2015-04-04
2015-06-30 23:06:37,234 Starting Live from 2015-04-05 to 2015-04-10
2015-06-30 23:14:48,657 Starting Q Learning for : 
2015-06-30 23:14:48,657 alpha = 0.8
2015-06-30 23:14:48,657 gamma = 0.8
2015-06-30 23:14:48,657 individual factor = 10
2015-06-30 23:14:48,657 zero range = 0.006
2015-06-30 23:14:48,657 greedy level = 5
2015-06-30 23:14:48,657 

2015-06-30 23:14:57,553 Starting Training from 2014-12-17 to 2015-01-01
2015-06-30 23:27:54,836 Starting Live from 2015-01-02 to 2015-02-01
2015-06-30 23:57:42,447 Starting Training from 2015-01-17 to 2015-02-01
2015-06-30 23:59:38,980 Starting Live from 2015-02-02 to 2015-03-04
2015-07-01 00:28:11,637 Starting Training from 2015-02-17 to 2015-03-04
2015-07-01 00:29:46,664 Starting Live from 2015-03-05 to 2015-04-04
2015-07-01 00:56:24,967 Starting Training from 2015-03-20 to 2015-04-04
2015-07-01 00:57:39,029 Starting Live from 2015-04-05 to 2015-04-10
2015-07-01 01:04:26,762 Starting Q Learning for : 
2015-07-01 01:04:26,762 alpha = 0.2
2015-07-01 01:04:26,762 gamma = 0.1
2015-07-01 01:04:26,762 individual factor = 10
2015-07-01 01:04:26,762 zero range = 0.01
2015-07-01 01:04:26,762 greedy level = 5
2015-07-01 01:04:26,763 

2015-07-01 01:04:32,770 Starting Training from 2014-12-17 to 2015-01-01
2015-07-01 01:16:28,779 Starting Live from 2015-01-02 to 2015-02-01
2015-07-01 01:43:43,507 Starting Training from 2015-01-17 to 2015-02-01
2015-07-01 01:45:10,193 Starting Live from 2015-02-02 to 2015-03-04
2015-07-01 02:11:38,186 Starting Training from 2015-02-17 to 2015-03-04
2015-07-01 02:13:05,355 Starting Live from 2015-03-05 to 2015-04-04
2015-07-01 02:40:15,523 Starting Training from 2015-03-20 to 2015-04-04
2015-07-01 02:41:38,578 Starting Live from 2015-04-05 to 2015-04-10
2015-07-01 02:49:01,619 Starting Q Learning for : 
2015-07-01 02:49:01,619 alpha = 0.2
2015-07-01 02:49:01,621 gamma = 0.2
2015-07-01 02:49:01,621 individual factor = 10
2015-07-01 02:49:01,621 zero range = 0.01
2015-07-01 02:49:01,621 greedy level = 5
2015-07-01 02:49:01,621 

2015-07-01 02:49:08,561 Starting Training from 2014-12-17 to 2015-01-01
2015-07-01 03:00:09,086 Starting Live from 2015-01-02 to 2015-02-01
2015-07-01 03:28:22,196 Starting Training from 2015-01-17 to 2015-02-01
2015-07-01 03:29:50,384 Starting Live from 2015-02-02 to 2015-03-04
2015-07-01 03:56:57,694 Starting Training from 2015-02-17 to 2015-03-04
2015-07-01 03:58:28,502 Starting Live from 2015-03-05 to 2015-04-04
2015-07-01 04:24:36,552 Starting Training from 2015-03-20 to 2015-04-04
2015-07-01 04:25:52,575 Starting Live from 2015-04-05 to 2015-04-10
2015-07-01 04:33:38,608 Starting Q Learning for : 
2015-07-01 04:33:38,608 alpha = 0.2
2015-07-01 04:33:38,608 gamma = 0.3
2015-07-01 04:33:38,608 individual factor = 10
2015-07-01 04:33:38,608 zero range = 0.01
2015-07-01 04:33:38,608 greedy level = 5
2015-07-01 04:33:38,608 

2015-07-01 04:33:47,186 Starting Training from 2014-12-17 to 2015-01-01
2015-07-01 04:44:55,400 Starting Live from 2015-01-02 to 2015-02-01
2015-07-01 05:11:41,980 Starting Training from 2015-01-17 to 2015-02-01
2015-07-01 05:13:05,608 Starting Live from 2015-02-02 to 2015-03-04
2015-07-01 05:39:36,545 Starting Training from 2015-02-17 to 2015-03-04
2015-07-01 05:41:37,073 Starting Live from 2015-03-05 to 2015-04-04
2015-07-01 06:08:26,542 Starting Training from 2015-03-20 to 2015-04-04
2015-07-01 06:09:41,608 Starting Live from 2015-04-05 to 2015-04-10
2015-07-01 06:16:58,328 Starting Q Learning for : 
2015-07-01 06:16:58,328 alpha = 0.2
2015-07-01 06:16:58,328 gamma = 0.4
2015-07-01 06:16:58,328 individual factor = 10
2015-07-01 06:16:58,328 zero range = 0.01
2015-07-01 06:16:58,328 greedy level = 5
2015-07-01 06:16:58,328 

2015-07-01 06:17:07,661 Starting Training from 2014-12-17 to 2015-01-01
2015-07-01 06:28:50,793 Starting Live from 2015-01-02 to 2015-02-01
2015-07-01 06:56:06,592 Starting Training from 2015-01-17 to 2015-02-01
2015-07-01 06:57:33,295 Starting Live from 2015-02-02 to 2015-03-04
2015-07-01 07:23:57,171 Starting Training from 2015-02-17 to 2015-03-04
2015-07-01 07:25:31,026 Starting Live from 2015-03-05 to 2015-04-04
2015-07-01 07:51:01,842 Starting Training from 2015-03-20 to 2015-04-04
2015-07-01 07:52:14,127 Starting Live from 2015-04-05 to 2015-04-10
2015-07-01 08:00:01,229 Starting Q Learning for : 
2015-07-01 08:00:01,229 alpha = 0.2
2015-07-01 08:00:01,230 gamma = 0.5
2015-07-01 08:00:01,230 individual factor = 10
2015-07-01 08:00:01,230 zero range = 0.01
2015-07-01 08:00:01,230 greedy level = 5
2015-07-01 08:00:01,230 

2015-07-01 08:00:08,197 Starting Training from 2014-12-17 to 2015-01-01
2015-07-01 08:10:52,316 Starting Live from 2015-01-02 to 2015-02-01
2015-07-01 08:38:03,063 Starting Training from 2015-01-17 to 2015-02-01
2015-07-01 08:39:29,209 Starting Live from 2015-02-02 to 2015-03-04
2015-07-01 09:06:46,243 Starting Training from 2015-02-17 to 2015-03-04
2015-07-01 09:08:25,302 Starting Live from 2015-03-05 to 2015-04-04
2015-07-01 09:34:52,058 Starting Training from 2015-03-20 to 2015-04-04
2015-07-01 09:36:08,398 Starting Live from 2015-04-05 to 2015-04-10
2015-07-01 09:43:26,016 Starting Q Learning for : 
2015-07-01 09:43:26,016 alpha = 0.2
2015-07-01 09:43:26,016 gamma = 0.6
2015-07-01 09:43:26,016 individual factor = 10
2015-07-01 09:43:26,016 zero range = 0.01
2015-07-01 09:43:26,016 greedy level = 5
2015-07-01 09:43:26,016 

2015-07-01 09:43:31,743 Starting Training from 2014-12-17 to 2015-01-01
2015-07-01 09:55:02,628 Starting Live from 2015-01-02 to 2015-02-01
2015-07-01 10:21:39,101 Starting Training from 2015-01-17 to 2015-02-01
2015-07-01 10:23:04,325 Starting Live from 2015-02-02 to 2015-03-04
2015-07-01 10:49:12,147 Starting Training from 2015-02-17 to 2015-03-04
2015-07-01 10:50:38,753 Starting Live from 2015-03-05 to 2015-04-04
2015-07-01 11:17:05,726 Starting Training from 2015-03-20 to 2015-04-04
2015-07-01 11:18:13,690 Starting Live from 2015-04-05 to 2015-04-10
2015-07-01 11:26:12,933 Starting Q Learning for : 
2015-07-01 11:26:12,933 alpha = 0.2
2015-07-01 11:26:12,933 gamma = 0.7
2015-07-01 11:26:12,933 individual factor = 10
2015-07-01 11:26:12,933 zero range = 0.01
2015-07-01 11:26:12,933 greedy level = 5
2015-07-01 11:26:12,933 

2015-07-01 11:26:18,233 Starting Training from 2014-12-17 to 2015-01-01
2015-07-01 11:36:36,144 Starting Live from 2015-01-02 to 2015-02-01
2015-07-01 12:02:14,315 Starting Training from 2015-01-17 to 2015-02-01
2015-07-01 12:03:36,773 Starting Live from 2015-02-02 to 2015-03-04
2015-07-01 12:29:07,678 Starting Training from 2015-02-17 to 2015-03-04
2015-07-01 12:30:56,944 Starting Live from 2015-03-05 to 2015-04-04
2015-07-01 12:55:09,306 Starting Training from 2015-03-20 to 2015-04-04
2015-07-01 12:56:14,266 Starting Live from 2015-04-05 to 2015-04-10
2015-07-01 13:02:41,372 Starting Q Learning for : 
2015-07-01 13:02:41,372 alpha = 0.2
2015-07-01 13:02:41,372 gamma = 0.8
2015-07-01 13:02:41,372 individual factor = 10
2015-07-01 13:02:41,372 zero range = 0.01
2015-07-01 13:02:41,372 greedy level = 5
2015-07-01 13:02:41,372 

2015-07-01 13:02:46,194 Starting Training from 2014-12-17 to 2015-01-01
2015-07-01 13:12:17,065 Starting Live from 2015-01-02 to 2015-02-01
2015-07-01 13:36:25,285 Starting Training from 2015-01-17 to 2015-02-01
2015-07-01 13:38:05,857 Starting Live from 2015-02-02 to 2015-03-04
2015-07-01 14:02:11,664 Starting Training from 2015-02-17 to 2015-03-04
2015-07-01 14:03:39,085 Starting Live from 2015-03-05 to 2015-04-04
2015-07-01 14:27:04,601 Starting Training from 2015-03-20 to 2015-04-04
2015-07-01 14:28:08,835 Starting Live from 2015-04-05 to 2015-04-10
