2015-06-20 23:41:16,575 Starting Q Learning for : 
2015-06-20 23:41:16,575 alpha = 0.2
2015-06-20 23:41:16,575 gamma = 0.1
2015-06-20 23:41:16,575 individual factor = 8
2015-06-20 23:41:16,575 zero range = 0.002
2015-06-20 23:41:16,575 greedy level = 5
2015-06-20 23:41:16,575 

2015-06-20 23:41:28,375 Starting Training from 2014-12-17 to 2015-01-01
2015-06-20 23:54:28,546 Starting Live from 2015-01-02 to 2015-02-01
2015-06-21 00:27:44,101 Starting Training from 2015-01-17 to 2015-02-01
2015-06-21 00:30:16,588 Starting Live from 2015-02-02 to 2015-03-04
2015-06-21 01:05:42,658 Starting Training from 2015-02-17 to 2015-03-04
2015-06-21 01:07:49,313 Starting Live from 2015-03-05 to 2015-04-04
2015-06-21 01:41:56,707 Starting Training from 2015-03-20 to 2015-04-04
2015-06-21 01:43:38,236 Starting Live from 2015-04-05 to 2015-04-10
2015-06-21 01:47:30,302 Starting Q Learning for : 
2015-06-21 01:47:30,302 alpha = 0.2
2015-06-21 01:47:30,302 gamma = 0.2
2015-06-21 01:47:30,302 individual factor = 8
2015-06-21 01:47:30,302 zero range = 0.002
2015-06-21 01:47:30,302 greedy level = 5
2015-06-21 01:47:30,303 

2015-06-21 01:47:35,180 Starting Training from 2014-12-17 to 2015-01-01
2015-06-21 02:00:19,552 Starting Live from 2015-01-02 to 2015-02-01
2015-06-21 02:30:38,746 Starting Training from 2015-01-17 to 2015-02-01
2015-06-21 02:32:20,214 Starting Live from 2015-02-02 to 2015-03-04
2015-06-21 03:04:24,137 Starting Training from 2015-02-17 to 2015-03-04
2015-06-21 03:06:21,289 Starting Live from 2015-03-05 to 2015-04-04
2015-06-21 03:37:13,601 Starting Training from 2015-03-20 to 2015-04-04
2015-06-21 03:38:48,467 Starting Live from 2015-04-05 to 2015-04-10
2015-06-21 03:43:37,171 Starting Q Learning for : 
2015-06-21 03:43:37,171 alpha = 0.8
2015-06-21 03:43:37,171 gamma = 0.1
2015-06-21 03:43:37,173 individual factor = 8
2015-06-21 03:43:37,173 zero range = 0.002
2015-06-21 03:43:37,173 greedy level = 5
2015-06-21 03:43:37,173 

2015-06-21 03:43:43,348 Starting Training from 2014-12-17 to 2015-01-01
2015-06-21 03:55:35,632 Starting Live from 2015-01-02 to 2015-02-01
2015-06-21 04:24:51,664 Starting Training from 2015-01-17 to 2015-02-01
2015-06-21 04:26:57,483 Starting Live from 2015-02-02 to 2015-03-04
2015-06-21 04:57:36,858 Starting Training from 2015-02-17 to 2015-03-04
2015-06-21 04:59:26,262 Starting Live from 2015-03-05 to 2015-04-04
2015-06-21 05:29:17,200 Starting Training from 2015-03-20 to 2015-04-04
2015-06-21 05:31:16,263 Starting Live from 2015-04-05 to 2015-04-10
2015-06-21 05:35:09,875 Starting Q Learning for : 
2015-06-21 05:35:09,875 alpha = 0.8
2015-06-21 05:35:09,875 gamma = 0.2
2015-06-21 05:35:09,875 individual factor = 8
2015-06-21 05:35:09,875 zero range = 0.002
2015-06-21 05:35:09,875 greedy level = 5
2015-06-21 05:35:09,875 

2015-06-21 05:35:16,405 Starting Training from 2014-12-17 to 2015-01-01
2015-06-21 05:46:35,174 Starting Live from 2015-01-02 to 2015-02-01
2015-06-21 06:15:55,384 Starting Training from 2015-01-17 to 2015-02-01
2015-06-21 06:17:32,618 Starting Live from 2015-02-02 to 2015-03-04
2015-06-21 06:46:38,868 Starting Training from 2015-02-17 to 2015-03-04
2015-06-21 06:48:21,084 Starting Live from 2015-03-05 to 2015-04-04
2015-06-21 07:16:55,361 Starting Training from 2015-03-20 to 2015-04-04
2015-06-21 07:18:46,417 Starting Live from 2015-04-05 to 2015-04-10
2015-06-21 07:22:57,973 Starting Q Learning for : 
2015-06-21 07:22:57,974 alpha = 0.8
2015-06-21 07:22:57,974 gamma = 0.7
2015-06-21 07:22:57,974 individual factor = 8
2015-06-21 07:22:57,974 zero range = 0.002
2015-06-21 07:22:57,974 greedy level = 5
2015-06-21 07:22:57,974 

2015-06-21 07:23:02,309 Starting Training from 2014-12-17 to 2015-01-01
2015-06-21 07:33:48,226 Starting Live from 2015-01-02 to 2015-02-01
2015-06-21 08:00:48,434 Starting Training from 2015-01-17 to 2015-02-01
2015-06-21 08:02:48,680 Starting Live from 2015-02-02 to 2015-03-04
2015-06-21 08:31:02,802 Starting Training from 2015-02-17 to 2015-03-04
2015-06-21 08:32:43,516 Starting Live from 2015-03-05 to 2015-04-04
2015-06-21 09:00:03,519 Starting Training from 2015-03-20 to 2015-04-04
2015-06-21 09:01:24,989 Starting Live from 2015-04-05 to 2015-04-10
2015-06-21 09:05:14,536 Starting Q Learning for : 
2015-06-21 09:05:14,536 alpha = 0.8
2015-06-21 09:05:14,536 gamma = 0.8
2015-06-21 09:05:14,536 individual factor = 8
2015-06-21 09:05:14,536 zero range = 0.002
2015-06-21 09:05:14,536 greedy level = 5
2015-06-21 09:05:14,536 

2015-06-21 09:05:21,075 Starting Training from 2014-12-17 to 2015-01-01
2015-06-21 09:16:39,845 Starting Live from 2015-01-02 to 2015-02-01
2015-06-21 09:42:34,365 Starting Training from 2015-01-17 to 2015-02-01
2015-06-21 09:44:02,173 Starting Live from 2015-02-02 to 2015-03-04
2015-06-21 10:10:32,180 Starting Training from 2015-02-17 to 2015-03-04
2015-06-21 10:12:32,502 Starting Live from 2015-03-05 to 2015-04-04
2015-06-21 10:38:51,459 Starting Training from 2015-03-20 to 2015-04-04
2015-06-21 10:40:15,039 Starting Live from 2015-04-05 to 2015-04-10
