2015-06-20 23:41:16,581 Starting Q Learning for : 
2015-06-20 23:41:16,581 alpha = 0.2
2015-06-20 23:41:16,581 gamma = 0.3
2015-06-20 23:41:16,582 individual factor = 8
2015-06-20 23:41:16,582 zero range = 0.002
2015-06-20 23:41:16,582 greedy level = 5
2015-06-20 23:41:16,582 

2015-06-20 23:41:28,802 Starting Training from 2014-12-17 to 2015-01-01
2015-06-20 23:54:27,594 Starting Live from 2015-01-02 to 2015-02-01
2015-06-21 00:27:07,536 Starting Training from 2015-01-17 to 2015-02-01
2015-06-21 00:29:40,108 Starting Live from 2015-02-02 to 2015-03-04
2015-06-21 01:04:59,015 Starting Training from 2015-02-17 to 2015-03-04
2015-06-21 01:07:06,359 Starting Live from 2015-03-05 to 2015-04-04
2015-06-21 01:40:43,516 Starting Training from 2015-03-20 to 2015-04-04
2015-06-21 01:42:21,838 Starting Live from 2015-04-05 to 2015-04-10
2015-06-21 01:46:24,947 Starting Q Learning for : 
2015-06-21 01:46:24,947 alpha = 0.2
2015-06-21 01:46:24,947 gamma = 0.4
2015-06-21 01:46:24,947 individual factor = 8
2015-06-21 01:46:24,947 zero range = 0.002
2015-06-21 01:46:24,948 greedy level = 5
2015-06-21 01:46:24,948 

2015-06-21 01:46:30,727 Starting Training from 2014-12-17 to 2015-01-01
2015-06-21 01:59:16,035 Starting Live from 2015-01-02 to 2015-02-01
2015-06-21 02:29:36,720 Starting Training from 2015-01-17 to 2015-02-01
2015-06-21 02:31:15,288 Starting Live from 2015-02-02 to 2015-03-04
2015-06-21 03:03:18,996 Starting Training from 2015-02-17 to 2015-03-04
2015-06-21 03:05:18,765 Starting Live from 2015-03-05 to 2015-04-04
2015-06-21 03:36:13,190 Starting Training from 2015-03-20 to 2015-04-04
2015-06-21 03:37:43,410 Starting Live from 2015-04-05 to 2015-04-10
2015-06-21 03:42:14,947 Starting Q Learning for : 
2015-06-21 03:42:14,947 alpha = 0.2
2015-06-21 03:42:14,947 gamma = 0.7
2015-06-21 03:42:14,947 individual factor = 8
2015-06-21 03:42:14,947 zero range = 0.002
2015-06-21 03:42:14,947 greedy level = 5
2015-06-21 03:42:14,947 

2015-06-21 03:42:22,346 Starting Training from 2014-12-17 to 2015-01-01
2015-06-21 03:54:31,424 Starting Live from 2015-01-02 to 2015-02-01
2015-06-21 04:23:26,332 Starting Training from 2015-01-17 to 2015-02-01
2015-06-21 04:25:29,482 Starting Live from 2015-02-02 to 2015-03-04
2015-06-21 04:56:42,660 Starting Training from 2015-02-17 to 2015-03-04
2015-06-21 04:58:31,539 Starting Live from 2015-03-05 to 2015-04-04
2015-06-21 05:27:47,871 Starting Training from 2015-03-20 to 2015-04-04
2015-06-21 05:29:38,413 Starting Live from 2015-04-05 to 2015-04-10
2015-06-21 05:33:42,062 Starting Q Learning for : 
2015-06-21 05:33:42,062 alpha = 0.2
2015-06-21 05:33:42,062 gamma = 0.8
2015-06-21 05:33:42,062 individual factor = 8
2015-06-21 05:33:42,062 zero range = 0.002
2015-06-21 05:33:42,062 greedy level = 5
2015-06-21 05:33:42,062 

2015-06-21 05:33:47,042 Starting Training from 2014-12-17 to 2015-01-01
2015-06-21 05:45:13,161 Starting Live from 2015-01-02 to 2015-02-01
2015-06-21 06:14:15,298 Starting Training from 2015-01-17 to 2015-02-01
2015-06-21 06:16:13,561 Starting Live from 2015-02-02 to 2015-03-04
2015-06-21 06:45:36,700 Starting Training from 2015-02-17 to 2015-03-04
2015-06-21 06:47:16,667 Starting Live from 2015-03-05 to 2015-04-04
2015-06-21 07:15:20,992 Starting Training from 2015-03-20 to 2015-04-04
2015-06-21 07:16:50,516 Starting Live from 2015-04-05 to 2015-04-10
2015-06-21 07:21:09,289 Starting Q Learning for : 
2015-06-21 07:21:09,289 alpha = 0.8
2015-06-21 07:21:09,289 gamma = 0.5
2015-06-21 07:21:09,289 individual factor = 8
2015-06-21 07:21:09,289 zero range = 0.002
2015-06-21 07:21:09,289 greedy level = 5
2015-06-21 07:21:09,289 

2015-06-21 07:21:15,140 Starting Training from 2014-12-17 to 2015-01-01
2015-06-21 07:32:02,463 Starting Live from 2015-01-02 to 2015-02-01
2015-06-21 07:58:52,328 Starting Training from 2015-01-17 to 2015-02-01
2015-06-21 08:00:28,621 Starting Live from 2015-02-02 to 2015-03-04
2015-06-21 08:29:07,046 Starting Training from 2015-02-17 to 2015-03-04
2015-06-21 08:30:48,556 Starting Live from 2015-03-05 to 2015-04-04
2015-06-21 08:58:01,198 Starting Training from 2015-03-20 to 2015-04-04
2015-06-21 08:59:21,292 Starting Live from 2015-04-05 to 2015-04-10
2015-06-21 09:02:48,148 Starting Q Learning for : 
2015-06-21 09:02:48,148 alpha = 0.8
2015-06-21 09:02:48,148 gamma = 0.6
2015-06-21 09:02:48,148 individual factor = 8
2015-06-21 09:02:48,148 zero range = 0.002
2015-06-21 09:02:48,148 greedy level = 5
2015-06-21 09:02:48,148 

2015-06-21 09:02:53,219 Starting Training from 2014-12-17 to 2015-01-01
2015-06-21 09:14:20,453 Starting Live from 2015-01-02 to 2015-02-01
2015-06-21 09:40:05,003 Starting Training from 2015-01-17 to 2015-02-01
2015-06-21 09:41:33,091 Starting Live from 2015-02-02 to 2015-03-04
2015-06-21 10:08:23,160 Starting Training from 2015-02-17 to 2015-03-04
2015-06-21 10:09:59,055 Starting Live from 2015-03-05 to 2015-04-04
2015-06-21 10:36:46,552 Starting Training from 2015-03-20 to 2015-04-04
2015-06-21 10:38:06,901 Starting Live from 2015-04-05 to 2015-04-10
