2015-07-01 19:02:21,533 Starting Q Learning for : 
2015-07-01 19:02:21,533 alpha = 0.2
2015-07-01 19:02:21,533 gamma = 0.3
2015-07-01 19:02:21,533 individual factor = 10
2015-07-01 19:02:21,533 zero range = 0.002
2015-07-01 19:02:21,533 greedy level = 5
2015-07-01 19:02:21,533 

2015-07-01 19:03:48,559 Starting Training from 2015-01-01 to 2015-01-31
2015-07-01 19:31:19,181 Starting Live from 2015-02-01 to 2015-03-03
2015-07-01 19:58:30,700 Starting Training from 2015-02-01 to 2015-03-03
2015-07-01 20:02:14,927 Starting Live from 2015-03-04 to 2015-04-03
2015-07-01 20:39:51,582 Starting Training from 2015-03-04 to 2015-04-03
2015-07-01 20:46:50,236 Starting Live from 2015-04-04 to 2015-04-10
2015-07-01 21:06:05,286 Starting Q Learning for : 
2015-07-01 21:06:05,286 alpha = 0.2
2015-07-01 21:06:05,286 gamma = 0.4
2015-07-01 21:06:05,286 individual factor = 10
2015-07-01 21:06:05,286 zero range = 0.002
2015-07-01 21:06:05,286 greedy level = 5
2015-07-01 21:06:05,286 

2015-07-01 21:06:11,065 Starting Training from 2015-01-01 to 2015-01-31
2015-07-01 21:31:52,035 Starting Live from 2015-02-01 to 2015-03-03
2015-07-01 21:56:15,390 Starting Training from 2015-02-01 to 2015-03-03
2015-07-01 21:59:45,720 Starting Live from 2015-03-04 to 2015-04-03
2015-07-02 00:46:06,471 Starting Training from 2015-03-04 to 2015-04-03
2015-07-02 00:51:47,565 Starting Live from 2015-04-04 to 2015-04-10
2015-07-02 08:33:25,075 Starting Q Learning for : 
2015-07-02 08:33:25,075 alpha = 0.8
2015-07-02 08:33:25,075 gamma = 0.7
2015-07-02 08:33:25,075 individual factor = 10
2015-07-02 08:33:25,075 zero range = 0.01
2015-07-02 08:33:25,075 greedy level = 5
2015-07-02 08:33:25,075 

2015-07-02 08:33:30,266 Starting Training from 2015-01-01 to 2015-01-31
2015-07-02 08:54:36,855 Starting Live from 2015-02-01 to 2015-03-03
2015-07-02 09:11:16,157 Starting Training from 2015-02-01 to 2015-03-03
2015-07-02 09:13:57,187 Starting Live from 2015-03-04 to 2015-04-03
2015-07-02 09:24:16,799 Starting Training from 2015-03-04 to 2015-04-03
2015-07-02 09:34:11,539 Starting Live from 2015-04-04 to 2015-04-10
2015-07-02 10:03:57,227 Starting Q Learning for : 
2015-07-02 10:03:57,227 alpha = 0.8
2015-07-02 10:03:57,227 gamma = 0.8
2015-07-02 10:03:57,227 individual factor = 10
2015-07-02 10:03:57,227 zero range = 0.01
2015-07-02 10:03:57,227 greedy level = 5
2015-07-02 10:03:57,227 

2015-07-02 10:04:02,361 Starting Training from 2015-01-01 to 2015-01-31
2015-07-02 10:23:15,282 Starting Live from 2015-02-01 to 2015-03-03
2015-07-02 10:37:09,015 Starting Training from 2015-02-01 to 2015-03-03
2015-07-02 10:39:26,953 Starting Live from 2015-03-04 to 2015-04-03
2015-07-02 10:45:38,930 Starting Training from 2015-03-04 to 2015-04-03
2015-07-02 10:56:48,385 Starting Live from 2015-04-04 to 2015-04-10
