2015-07-01 19:02:21,515 Starting Q Learning for : 
2015-07-01 19:02:21,515 alpha = 0.5
2015-07-01 19:02:21,515 gamma = 0.7
2015-07-01 19:02:21,516 individual factor = 10
2015-07-01 19:02:21,516 zero range = 0.002
2015-07-01 19:02:21,516 greedy level = 5
2015-07-01 19:02:21,516 

2015-07-01 19:03:47,864 Starting Training from 2015-01-01 to 2015-01-31
2015-07-01 19:31:27,891 Starting Live from 2015-02-01 to 2015-03-03
2015-07-01 19:55:16,325 Starting Training from 2015-02-01 to 2015-03-03
2015-07-01 19:58:44,440 Starting Live from 2015-03-04 to 2015-04-03
2015-07-01 20:19:16,802 Starting Training from 2015-03-04 to 2015-04-03
2015-07-01 20:33:23,368 Starting Live from 2015-04-04 to 2015-04-10
2015-07-01 20:45:54,190 Starting Q Learning for : 
2015-07-01 20:45:54,190 alpha = 0.5
2015-07-01 20:45:54,190 gamma = 0.8
2015-07-01 20:45:54,190 individual factor = 10
2015-07-01 20:45:54,190 zero range = 0.002
2015-07-01 20:45:54,191 greedy level = 5
2015-07-01 20:45:54,191 

2015-07-01 20:46:01,184 Starting Training from 2015-01-01 to 2015-01-31
2015-07-01 21:12:41,131 Starting Live from 2015-02-01 to 2015-03-03
2015-07-01 21:30:58,767 Starting Training from 2015-02-01 to 2015-03-03
2015-07-01 21:34:35,698 Starting Live from 2015-03-04 to 2015-04-03
2015-07-01 21:39:39,302 Starting Training from 2015-03-04 to 2015-04-03
2015-07-01 21:55:14,898 Starting Live from 2015-04-04 to 2015-04-10
2015-07-01 22:00:50,292 Starting Q Learning for : 
2015-07-01 22:00:50,292 alpha = 0.6
2015-07-01 22:00:50,292 gamma = 0.3
2015-07-01 22:00:50,292 individual factor = 10
2015-07-01 22:00:50,292 zero range = 0.006
2015-07-01 22:00:50,292 greedy level = 5
2015-07-01 22:00:50,292 

2015-07-01 22:00:56,664 Starting Training from 2015-01-01 to 2015-01-31
2015-07-01 22:26:19,160 Starting Live from 2015-02-01 to 2015-03-03
2015-07-01 22:54:02,407 Starting Training from 2015-02-01 to 2015-03-03
2015-07-01 22:57:08,207 Starting Live from 2015-03-04 to 2015-04-03
2015-07-02 01:06:45,459 Starting Training from 2015-03-04 to 2015-04-03
2015-07-02 01:11:44,730 Starting Live from 2015-04-04 to 2015-04-10
2015-07-02 02:51:09,611 Starting Q Learning for : 
2015-07-02 02:51:09,611 alpha = 0.6
2015-07-02 02:51:09,611 gamma = 0.4
2015-07-02 02:51:09,611 individual factor = 10
2015-07-02 02:51:09,611 zero range = 0.006
2015-07-02 02:51:09,611 greedy level = 5
2015-07-02 02:51:09,611 

2015-07-02 02:51:16,292 Starting Training from 2015-01-01 to 2015-01-31
2015-07-02 03:14:59,082 Starting Live from 2015-02-01 to 2015-03-03
2015-07-02 03:37:30,490 Starting Training from 2015-02-01 to 2015-03-03
2015-07-02 03:40:53,109 Starting Live from 2015-03-04 to 2015-04-03
2015-07-02 04:03:24,910 Starting Training from 2015-03-04 to 2015-04-03
2015-07-02 04:09:11,342 Starting Live from 2015-04-04 to 2015-04-10
2015-07-02 04:17:09,966 Starting Q Learning for : 
2015-07-02 04:17:09,966 alpha = 0.4
2015-07-02 04:17:09,966 gamma = 0.7
2015-07-02 04:17:09,966 individual factor = 10
2015-07-02 04:17:09,966 zero range = 0.01
2015-07-02 04:17:09,966 greedy level = 5
2015-07-02 04:17:09,966 

2015-07-02 04:17:15,803 Starting Training from 2015-01-01 to 2015-01-31
2015-07-02 04:40:09,285 Starting Live from 2015-02-01 to 2015-03-03
2015-07-02 04:58:15,151 Starting Training from 2015-02-01 to 2015-03-03
2015-07-02 05:00:49,944 Starting Live from 2015-03-04 to 2015-04-03
2015-07-02 05:14:44,315 Starting Training from 2015-03-04 to 2015-04-03
2015-07-02 05:26:03,117 Starting Live from 2015-04-04 to 2015-04-10
2015-07-02 05:33:07,732 Starting Q Learning for : 
2015-07-02 05:33:07,732 alpha = 0.4
2015-07-02 05:33:07,733 gamma = 0.8
2015-07-02 05:33:07,733 individual factor = 10
2015-07-02 05:33:07,733 zero range = 0.01
2015-07-02 05:33:07,733 greedy level = 5
2015-07-02 05:33:07,733 

2015-07-02 05:33:16,296 Starting Training from 2015-01-01 to 2015-01-31
2015-07-02 05:55:15,473 Starting Live from 2015-02-01 to 2015-03-03
2015-07-02 06:10:08,355 Starting Training from 2015-02-01 to 2015-03-03
2015-07-02 06:12:37,240 Starting Live from 2015-03-04 to 2015-04-03
2015-07-02 06:17:07,782 Starting Training from 2015-03-04 to 2015-04-03
2015-07-02 06:30:54,052 Starting Live from 2015-04-04 to 2015-04-10
2015-07-02 06:35:20,471 Starting Q Learning for : 
2015-07-02 06:35:20,471 alpha = 0.2
2015-07-02 06:35:20,471 gamma = 0.1
2015-07-02 06:35:20,471 individual factor = 10
2015-07-02 06:35:20,471 zero range = 0.01
2015-07-02 06:35:20,471 greedy level = 5
2015-07-02 06:35:20,471 

2015-07-02 06:35:25,348 Starting Training from 2015-01-01 to 2015-01-31
2015-07-02 06:56:10,420 Starting Live from 2015-02-01 to 2015-03-03
2015-07-02 07:17:33,509 Starting Training from 2015-02-01 to 2015-03-03
2015-07-02 07:19:59,694 Starting Live from 2015-03-04 to 2015-04-03
2015-07-02 07:50:01,966 Starting Training from 2015-03-04 to 2015-04-03
2015-07-02 07:56:44,424 Starting Live from 2015-04-04 to 2015-04-10
2015-07-02 08:04:46,252 Starting Q Learning for : 
2015-07-02 08:04:46,252 alpha = 0.2
2015-07-02 08:04:46,252 gamma = 0.2
2015-07-02 08:04:46,252 individual factor = 10
2015-07-02 08:04:46,252 zero range = 0.01
2015-07-02 08:04:46,252 greedy level = 5
2015-07-02 08:04:46,253 

2015-07-02 08:04:51,075 Starting Training from 2015-01-01 to 2015-01-31
2015-07-02 08:26:03,240 Starting Live from 2015-02-01 to 2015-03-03
2015-07-02 08:46:30,796 Starting Training from 2015-02-01 to 2015-03-03
2015-07-02 08:48:59,479 Starting Live from 2015-03-04 to 2015-04-03
2015-07-02 09:10:56,346 Starting Training from 2015-03-04 to 2015-04-03
2015-07-02 09:17:39,049 Starting Live from 2015-04-04 to 2015-04-10
