2015-07-01 19:02:21,523 Starting Q Learning for : 
2015-07-01 19:02:21,523 alpha = 0.4
2015-07-01 19:02:21,523 gamma = 0.1
2015-07-01 19:02:21,523 individual factor = 10
2015-07-01 19:02:21,523 zero range = 0.002
2015-07-01 19:02:21,523 greedy level = 5
2015-07-01 19:02:21,523 

2015-07-01 19:03:50,048 Starting Training from 2015-01-01 to 2015-01-31
2015-07-01 19:31:25,710 Starting Live from 2015-02-01 to 2015-03-03
2015-07-01 19:57:59,197 Starting Training from 2015-02-01 to 2015-03-03
2015-07-01 20:01:37,509 Starting Live from 2015-03-04 to 2015-04-03
2015-07-01 21:17:05,006 Starting Training from 2015-03-04 to 2015-04-03
2015-07-01 21:22:59,163 Starting Live from 2015-04-04 to 2015-04-10
2015-07-01 22:30:58,855 Starting Q Learning for : 
2015-07-01 22:30:58,855 alpha = 0.4
2015-07-01 22:30:58,855 gamma = 0.2
2015-07-01 22:30:58,855 individual factor = 10
2015-07-01 22:30:58,855 zero range = 0.002
2015-07-01 22:30:58,855 greedy level = 5
2015-07-01 22:30:58,855 

2015-07-01 22:31:05,842 Starting Training from 2015-01-01 to 2015-01-31
2015-07-01 22:56:32,365 Starting Live from 2015-02-01 to 2015-03-03
2015-07-01 23:21:28,161 Starting Training from 2015-02-01 to 2015-03-03
2015-07-01 23:24:35,128 Starting Live from 2015-03-04 to 2015-04-03
2015-07-01 23:56:21,447 Starting Training from 2015-03-04 to 2015-04-03
2015-07-02 00:04:15,250 Starting Live from 2015-04-04 to 2015-04-10
2015-07-02 00:27:26,891 Starting Q Learning for : 
2015-07-02 00:27:26,891 alpha = 0.8
2015-07-02 00:27:26,891 gamma = 0.5
2015-07-02 00:27:26,891 individual factor = 10
2015-07-02 00:27:26,891 zero range = 0.006
2015-07-02 00:27:26,891 greedy level = 5
2015-07-02 00:27:26,891 

2015-07-02 00:27:33,075 Starting Training from 2015-01-01 to 2015-01-31
2015-07-02 00:51:28,048 Starting Live from 2015-02-01 to 2015-03-03
2015-07-02 01:15:13,325 Starting Training from 2015-02-01 to 2015-03-03
2015-07-02 01:17:56,947 Starting Live from 2015-03-04 to 2015-04-03
2015-07-02 06:12:11,249 Starting Training from 2015-03-04 to 2015-04-03
2015-07-02 06:17:53,763 Starting Live from 2015-04-04 to 2015-04-10
2015-07-02 18:16:40,144 Starting Q Learning for : 
2015-07-02 18:16:40,144 alpha = 0.8
2015-07-02 18:16:40,144 gamma = 0.6
2015-07-02 18:16:40,144 individual factor = 10
2015-07-02 18:16:40,144 zero range = 0.006
2015-07-02 18:16:40,144 greedy level = 5
2015-07-02 18:16:40,144 

2015-07-02 18:16:45,664 Starting Training from 2015-01-01 to 2015-01-31
2015-07-02 18:35:05,668 Starting Live from 2015-02-01 to 2015-03-03
2015-07-02 18:54:30,298 Starting Training from 2015-02-01 to 2015-03-03
2015-07-02 18:56:46,164 Starting Live from 2015-03-04 to 2015-04-03
