2015-07-01 19:02:21,539 Starting Q Learning for : 
2015-07-01 19:02:21,539 alpha = 0.5
2015-07-01 19:02:21,540 gamma = 0.1
2015-07-01 19:02:21,540 individual factor = 10
2015-07-01 19:02:21,540 zero range = 0.006
2015-07-01 19:02:21,540 greedy level = 5
2015-07-01 19:02:21,540 

2015-07-01 19:03:46,038 Starting Training from 2015-01-01 to 2015-01-31
2015-07-01 19:31:10,703 Starting Live from 2015-02-01 to 2015-03-03
2015-07-01 19:58:12,598 Starting Training from 2015-02-01 to 2015-03-03
2015-07-01 20:01:49,069 Starting Live from 2015-03-04 to 2015-04-03
2015-07-01 20:33:19,806 Starting Training from 2015-03-04 to 2015-04-03
2015-07-01 20:40:21,101 Starting Live from 2015-04-04 to 2015-04-10
2015-07-01 21:00:56,177 Starting Q Learning for : 
2015-07-01 21:00:56,177 alpha = 0.5
2015-07-01 21:00:56,177 gamma = 0.2
2015-07-01 21:00:56,177 individual factor = 10
2015-07-01 21:00:56,177 zero range = 0.006
2015-07-01 21:00:56,178 greedy level = 5
2015-07-01 21:00:56,178 

2015-07-01 21:01:01,513 Starting Training from 2015-01-01 to 2015-01-31
2015-07-01 21:26:51,066 Starting Live from 2015-02-01 to 2015-03-03
2015-07-01 21:54:20,918 Starting Training from 2015-02-01 to 2015-03-03
2015-07-01 21:58:05,779 Starting Live from 2015-03-04 to 2015-04-03
2015-07-01 23:34:44,009 Starting Training from 2015-03-04 to 2015-04-03
2015-07-01 23:39:52,105 Starting Live from 2015-04-04 to 2015-04-10
2015-07-02 01:11:25,546 Starting Q Learning for : 
2015-07-02 01:11:25,546 alpha = 0.5
2015-07-02 01:11:25,546 gamma = 0.1
2015-07-02 01:11:25,546 individual factor = 10
2015-07-02 01:11:25,546 zero range = 0.01
2015-07-02 01:11:25,546 greedy level = 5
2015-07-02 01:11:25,546 

2015-07-02 01:11:31,315 Starting Training from 2015-01-01 to 2015-01-31
2015-07-02 01:34:55,786 Starting Live from 2015-02-01 to 2015-03-03
2015-07-02 01:58:56,016 Starting Training from 2015-02-01 to 2015-03-03
2015-07-02 02:01:45,948 Starting Live from 2015-03-04 to 2015-04-03
2015-07-02 03:20:21,950 Starting Training from 2015-03-04 to 2015-04-03
2015-07-02 03:26:16,655 Starting Live from 2015-04-04 to 2015-04-10
2015-07-02 03:53:28,681 Starting Q Learning for : 
2015-07-02 03:53:28,681 alpha = 0.5
2015-07-02 03:53:28,681 gamma = 0.2
2015-07-02 03:53:28,681 individual factor = 10
2015-07-02 03:53:28,681 zero range = 0.01
2015-07-02 03:53:28,681 greedy level = 5
2015-07-02 03:53:28,681 

2015-07-02 03:53:34,627 Starting Training from 2015-01-01 to 2015-01-31
2015-07-02 04:16:43,865 Starting Live from 2015-02-01 to 2015-03-03
2015-07-02 04:44:34,842 Starting Training from 2015-02-01 to 2015-03-03
2015-07-02 04:47:54,503 Starting Live from 2015-03-04 to 2015-04-03
2015-07-02 07:17:20,226 Starting Training from 2015-03-04 to 2015-04-03
2015-07-02 07:22:26,372 Starting Live from 2015-04-04 to 2015-04-10
