2015-07-01 19:02:21,529 Starting Q Learning for : 
2015-07-01 19:02:21,529 alpha = 0.5
2015-07-01 19:02:21,529 gamma = 0.5
2015-07-01 19:02:21,529 individual factor = 10
2015-07-01 19:02:21,529 zero range = 0.002
2015-07-01 19:02:21,529 greedy level = 5
2015-07-01 19:02:21,529 

2015-07-01 19:03:50,049 Starting Training from 2015-01-01 to 2015-01-31
2015-07-01 19:31:20,134 Starting Live from 2015-02-01 to 2015-03-03
2015-07-01 20:00:21,234 Starting Training from 2015-02-01 to 2015-03-03
2015-07-01 20:04:25,081 Starting Live from 2015-03-04 to 2015-04-03
2015-07-01 20:44:00,773 Starting Training from 2015-03-04 to 2015-04-03
2015-07-01 20:50:14,930 Starting Live from 2015-04-04 to 2015-04-10
2015-07-01 21:15:49,878 Starting Q Learning for : 
2015-07-01 21:15:49,878 alpha = 0.5
2015-07-01 21:15:49,878 gamma = 0.6
2015-07-01 21:15:49,878 individual factor = 10
2015-07-01 21:15:49,878 zero range = 0.002
2015-07-01 21:15:49,880 greedy level = 5
2015-07-01 21:15:49,880 

2015-07-01 21:15:57,296 Starting Training from 2015-01-01 to 2015-01-31
2015-07-01 21:41:21,367 Starting Live from 2015-02-01 to 2015-03-03
2015-07-01 22:06:45,132 Starting Training from 2015-02-01 to 2015-03-03
2015-07-01 22:09:52,117 Starting Live from 2015-03-04 to 2015-04-03
2015-07-02 00:49:27,684 Starting Training from 2015-03-04 to 2015-04-03
2015-07-02 00:54:52,482 Starting Live from 2015-04-04 to 2015-04-10
2015-07-02 02:11:49,463 Starting Q Learning for : 
2015-07-02 02:11:49,463 alpha = 0.5
2015-07-02 02:11:49,463 gamma = 0.7
2015-07-02 02:11:49,463 individual factor = 10
2015-07-02 02:11:49,463 zero range = 0.01
2015-07-02 02:11:49,463 greedy level = 5
2015-07-02 02:11:49,463 

2015-07-02 02:11:54,599 Starting Training from 2015-01-01 to 2015-01-31
2015-07-02 02:35:59,765 Starting Live from 2015-02-01 to 2015-03-03
2015-07-02 02:55:10,102 Starting Training from 2015-02-01 to 2015-03-03
2015-07-02 02:58:07,447 Starting Live from 2015-03-04 to 2015-04-03
2015-07-02 03:06:02,605 Starting Training from 2015-03-04 to 2015-04-03
2015-07-02 03:19:24,091 Starting Live from 2015-04-04 to 2015-04-10
2015-07-02 03:24:34,190 Starting Q Learning for : 
2015-07-02 03:24:34,190 alpha = 0.5
2015-07-02 03:24:34,190 gamma = 0.8
2015-07-02 03:24:34,191 individual factor = 10
2015-07-02 03:24:34,191 zero range = 0.01
2015-07-02 03:24:34,191 greedy level = 5
2015-07-02 03:24:34,191 

2015-07-02 03:24:39,200 Starting Training from 2015-01-01 to 2015-01-31
2015-07-02 03:48:01,806 Starting Live from 2015-02-01 to 2015-03-03
2015-07-02 04:05:32,028 Starting Training from 2015-02-01 to 2015-03-03
2015-07-02 04:08:21,388 Starting Live from 2015-03-04 to 2015-04-03
2015-07-02 04:13:18,694 Starting Training from 2015-03-04 to 2015-04-03
2015-07-02 04:27:20,203 Starting Live from 2015-04-04 to 2015-04-10
2015-07-02 04:31:49,859 Starting Q Learning for : 
2015-07-02 04:31:49,859 alpha = 0.6
2015-07-02 04:31:49,859 gamma = 0.3
2015-07-02 04:31:49,859 individual factor = 10
2015-07-02 04:31:49,859 zero range = 0.01
2015-07-02 04:31:49,859 greedy level = 5
2015-07-02 04:31:49,859 

2015-07-02 04:31:55,214 Starting Training from 2015-01-01 to 2015-01-31
2015-07-02 04:54:21,648 Starting Live from 2015-02-01 to 2015-03-03
2015-07-02 05:16:17,394 Starting Training from 2015-02-01 to 2015-03-03
2015-07-02 05:18:56,334 Starting Live from 2015-03-04 to 2015-04-03
2015-07-02 05:46:32,059 Starting Training from 2015-03-04 to 2015-04-03
2015-07-02 05:52:44,153 Starting Live from 2015-04-04 to 2015-04-10
2015-07-02 06:01:36,966 Starting Q Learning for : 
2015-07-02 06:01:36,966 alpha = 0.6
2015-07-02 06:01:36,966 gamma = 0.4
2015-07-02 06:01:36,966 individual factor = 10
2015-07-02 06:01:36,966 zero range = 0.01
2015-07-02 06:01:36,966 greedy level = 5
2015-07-02 06:01:36,966 

2015-07-02 06:01:42,584 Starting Training from 2015-01-01 to 2015-01-31
2015-07-02 06:23:01,822 Starting Live from 2015-02-01 to 2015-03-03
2015-07-02 06:49:47,036 Starting Training from 2015-02-01 to 2015-03-03
2015-07-02 06:52:12,042 Starting Live from 2015-03-04 to 2015-04-03
2015-07-02 18:59:34,585 Starting Training from 2015-03-04 to 2015-04-03
2015-07-02 19:04:57,766 Starting Live from 2015-04-04 to 2015-04-10
