2015-07-01 19:02:21,528 Starting Q Learning for : 
2015-07-01 19:02:21,528 alpha = 0.6
2015-07-01 19:02:21,528 gamma = 0.7
2015-07-01 19:02:21,529 individual factor = 10
2015-07-01 19:02:21,529 zero range = 0.002
2015-07-01 19:02:21,529 greedy level = 5
2015-07-01 19:02:21,529 

2015-07-01 19:03:49,776 Starting Training from 2015-01-01 to 2015-01-31
2015-07-01 19:31:23,039 Starting Live from 2015-02-01 to 2015-03-03
2015-07-01 19:54:38,213 Starting Training from 2015-02-01 to 2015-03-03
2015-07-01 19:58:05,056 Starting Live from 2015-03-04 to 2015-04-03
2015-07-01 20:07:43,325 Starting Training from 2015-03-04 to 2015-04-03
2015-07-01 20:22:12,552 Starting Live from 2015-04-04 to 2015-04-10
2015-07-01 20:28:39,618 Starting Q Learning for : 
2015-07-01 20:28:39,618 alpha = 0.6
2015-07-01 20:28:39,619 gamma = 0.8
2015-07-01 20:28:39,619 individual factor = 10
2015-07-01 20:28:39,619 zero range = 0.002
2015-07-01 20:28:39,619 greedy level = 5
2015-07-01 20:28:39,619 

2015-07-01 20:28:48,700 Starting Training from 2015-01-01 to 2015-01-31
2015-07-01 20:54:37,927 Starting Live from 2015-02-01 to 2015-03-03
2015-07-01 21:13:26,595 Starting Training from 2015-02-01 to 2015-03-03
2015-07-01 21:16:43,384 Starting Live from 2015-03-04 to 2015-04-03
2015-07-01 21:22:04,786 Starting Training from 2015-03-04 to 2015-04-03
2015-07-01 21:39:00,990 Starting Live from 2015-04-04 to 2015-04-10
2015-07-01 21:44:13,614 Starting Q Learning for : 
2015-07-01 21:44:13,615 alpha = 0.4
2015-07-01 21:44:13,615 gamma = 0.7
2015-07-01 21:44:13,615 individual factor = 10
2015-07-01 21:44:13,615 zero range = 0.006
2015-07-01 21:44:13,615 greedy level = 5
2015-07-01 21:44:13,615 

2015-07-01 21:44:20,108 Starting Training from 2015-01-01 to 2015-01-31
2015-07-01 22:09:43,295 Starting Live from 2015-02-01 to 2015-03-03
2015-07-01 22:35:10,601 Starting Training from 2015-02-01 to 2015-03-03
2015-07-01 22:38:13,039 Starting Live from 2015-03-04 to 2015-04-03
2015-07-02 05:51:44,325 Starting Training from 2015-03-04 to 2015-04-03
2015-07-02 06:03:33,914 Starting Live from 2015-04-04 to 2015-04-10
2015-07-02 14:11:14,848 Starting Q Learning for : 
2015-07-02 14:11:14,848 alpha = 0.4
2015-07-02 14:11:14,848 gamma = 0.8
2015-07-02 14:11:14,848 individual factor = 10
2015-07-02 14:11:14,849 zero range = 0.006
2015-07-02 14:11:14,849 greedy level = 5
2015-07-02 14:11:14,849 

2015-07-02 14:11:19,471 Starting Training from 2015-01-01 to 2015-01-31
2015-07-02 14:30:09,417 Starting Live from 2015-02-01 to 2015-03-03
2015-07-02 14:43:46,198 Starting Training from 2015-02-01 to 2015-03-03
2015-07-02 14:46:02,026 Starting Live from 2015-03-04 to 2015-04-03
2015-07-02 14:50:36,420 Starting Training from 2015-03-04 to 2015-04-03
2015-07-02 15:03:04,168 Starting Live from 2015-04-04 to 2015-04-10
