2015-07-01 19:02:21,562 Starting Q Learning for : 
2015-07-01 19:02:21,562 alpha = 0.2
2015-07-01 19:02:21,562 gamma = 0.7
2015-07-01 19:02:21,562 individual factor = 10
2015-07-01 19:02:21,562 zero range = 0.002
2015-07-01 19:02:21,562 greedy level = 5
2015-07-01 19:02:21,562 

2015-07-01 19:03:48,562 Starting Training from 2015-01-01 to 2015-01-31
2015-07-01 19:31:40,257 Starting Live from 2015-02-01 to 2015-03-03
2015-07-01 19:53:35,091 Starting Training from 2015-02-01 to 2015-03-03
2015-07-01 19:57:11,211 Starting Live from 2015-03-04 to 2015-04-03
2015-07-01 20:04:47,095 Starting Training from 2015-03-04 to 2015-04-03
2015-07-01 20:20:30,378 Starting Live from 2015-04-04 to 2015-04-10
2015-07-01 20:26:41,782 Starting Q Learning for : 
2015-07-01 20:26:41,782 alpha = 0.2
2015-07-01 20:26:41,782 gamma = 0.8
2015-07-01 20:26:41,782 individual factor = 10
2015-07-01 20:26:41,782 zero range = 0.002
2015-07-01 20:26:41,783 greedy level = 5
2015-07-01 20:26:41,783 

2015-07-01 20:26:47,951 Starting Training from 2015-01-01 to 2015-01-31
2015-07-01 20:52:57,559 Starting Live from 2015-02-01 to 2015-03-03
2015-07-01 21:11:02,683 Starting Training from 2015-02-01 to 2015-03-03
2015-07-01 21:14:41,640 Starting Live from 2015-03-04 to 2015-04-03
2015-07-01 21:19:37,151 Starting Training from 2015-03-04 to 2015-04-03
2015-07-01 21:36:59,642 Starting Live from 2015-04-04 to 2015-04-10
2015-07-01 21:42:29,237 Starting Q Learning for : 
2015-07-01 21:42:29,237 alpha = 0.4
2015-07-01 21:42:29,237 gamma = 0.5
2015-07-01 21:42:29,237 individual factor = 10
2015-07-01 21:42:29,239 zero range = 0.006
2015-07-01 21:42:29,239 greedy level = 5
2015-07-01 21:42:29,239 

2015-07-01 21:42:34,532 Starting Training from 2015-01-01 to 2015-01-31
2015-07-01 22:08:10,956 Starting Live from 2015-02-01 to 2015-03-03
2015-07-01 22:38:53,605 Starting Training from 2015-02-01 to 2015-03-03
2015-07-01 22:42:22,691 Starting Live from 2015-03-04 to 2015-04-03
2015-07-02 01:48:22,480 Starting Training from 2015-03-04 to 2015-04-03
2015-07-02 01:54:00,700 Starting Live from 2015-04-04 to 2015-04-10
2015-07-02 06:27:22,653 Starting Q Learning for : 
2015-07-02 06:27:22,653 alpha = 0.4
2015-07-02 06:27:22,653 gamma = 0.6
2015-07-02 06:27:22,653 individual factor = 10
2015-07-02 06:27:22,653 zero range = 0.006
2015-07-02 06:27:22,653 greedy level = 5
2015-07-02 06:27:22,653 

2015-07-02 06:27:27,494 Starting Training from 2015-01-01 to 2015-01-31
2015-07-02 06:48:38,914 Starting Live from 2015-02-01 to 2015-03-03
2015-07-02 07:07:45,891 Starting Training from 2015-02-01 to 2015-03-03
2015-07-02 07:10:12,030 Starting Live from 2015-03-04 to 2015-04-03
2015-07-02 07:51:36,793 Starting Training from 2015-03-04 to 2015-04-03
2015-07-02 07:57:08,342 Starting Live from 2015-04-04 to 2015-04-10
2015-07-02 08:15:33,864 Starting Q Learning for : 
2015-07-02 08:15:33,864 alpha = 0.8
2015-07-02 08:15:33,864 gamma = 0.3
2015-07-02 08:15:33,864 individual factor = 10
2015-07-02 08:15:33,864 zero range = 0.01
2015-07-02 08:15:33,864 greedy level = 5
2015-07-02 08:15:33,864 

2015-07-02 08:15:39,670 Starting Training from 2015-01-01 to 2015-01-31
2015-07-02 08:37:12,941 Starting Live from 2015-02-01 to 2015-03-03
2015-07-02 08:56:58,673 Starting Training from 2015-02-01 to 2015-03-03
2015-07-02 08:59:29,062 Starting Live from 2015-03-04 to 2015-04-03
2015-07-02 09:26:40,019 Starting Training from 2015-03-04 to 2015-04-03
2015-07-02 09:32:07,147 Starting Live from 2015-04-04 to 2015-04-10
2015-07-02 10:06:06,329 Starting Q Learning for : 
2015-07-02 10:06:06,331 alpha = 0.8
2015-07-02 10:06:06,331 gamma = 0.4
2015-07-02 10:06:06,331 individual factor = 10
2015-07-02 10:06:06,331 zero range = 0.01
2015-07-02 10:06:06,331 greedy level = 5
2015-07-02 10:06:06,331 

2015-07-02 10:06:11,128 Starting Training from 2015-01-01 to 2015-01-31
2015-07-02 10:25:19,980 Starting Live from 2015-02-01 to 2015-03-03
2015-07-02 10:44:39,002 Starting Training from 2015-02-01 to 2015-03-03
2015-07-02 10:46:58,720 Starting Live from 2015-03-04 to 2015-04-03
2015-07-02 13:41:10,493 Starting Training from 2015-03-04 to 2015-04-03
2015-07-02 13:45:51,160 Starting Live from 2015-04-04 to 2015-04-10
