2015-07-01 19:02:21,551 Starting Q Learning for : 
2015-07-01 19:02:21,551 alpha = 0.4
2015-07-01 19:02:21,551 gamma = 0.5
2015-07-01 19:02:21,551 individual factor = 10
2015-07-01 19:02:21,551 zero range = 0.002
2015-07-01 19:02:21,551 greedy level = 5
2015-07-01 19:02:21,551 

2015-07-01 19:03:50,914 Starting Training from 2015-01-01 to 2015-01-31
2015-07-01 19:31:36,696 Starting Live from 2015-02-01 to 2015-03-03
2015-07-01 19:57:42,569 Starting Training from 2015-02-01 to 2015-03-03
2015-07-01 20:01:22,109 Starting Live from 2015-03-04 to 2015-04-03
2015-07-01 20:31:00,549 Starting Training from 2015-03-04 to 2015-04-03
2015-07-01 20:36:44,683 Starting Live from 2015-04-04 to 2015-04-10
2015-07-01 20:48:52,299 Starting Q Learning for : 
2015-07-01 20:48:52,301 alpha = 0.4
2015-07-01 20:48:52,301 gamma = 0.6
2015-07-01 20:48:52,301 individual factor = 10
2015-07-01 20:48:52,301 zero range = 0.002
2015-07-01 20:48:52,301 greedy level = 5
2015-07-01 20:48:52,301 

2015-07-01 20:49:00,542 Starting Training from 2015-01-01 to 2015-01-31
2015-07-01 21:15:15,608 Starting Live from 2015-02-01 to 2015-03-03
2015-07-01 21:39:08,012 Starting Training from 2015-02-01 to 2015-03-03
2015-07-01 21:42:13,681 Starting Live from 2015-03-04 to 2015-04-03
2015-07-01 22:07:07,970 Starting Training from 2015-03-04 to 2015-04-03
2015-07-01 22:14:49,864 Starting Live from 2015-04-04 to 2015-04-10
2015-07-01 22:26:29,378 Starting Q Learning for : 
2015-07-01 22:26:29,378 alpha = 0.6
2015-07-01 22:26:29,378 gamma = 0.7
2015-07-01 22:26:29,378 individual factor = 10
2015-07-01 22:26:29,378 zero range = 0.006
2015-07-01 22:26:29,378 greedy level = 5
2015-07-01 22:26:29,378 

2015-07-01 22:26:35,128 Starting Training from 2015-01-01 to 2015-01-31
2015-07-01 22:52:28,607 Starting Live from 2015-02-01 to 2015-03-03
2015-07-01 23:13:17,762 Starting Training from 2015-02-01 to 2015-03-03
2015-07-01 23:16:22,342 Starting Live from 2015-03-04 to 2015-04-03
2015-07-01 23:25:35,717 Starting Training from 2015-03-04 to 2015-04-03
2015-07-01 23:39:46,680 Starting Live from 2015-04-04 to 2015-04-10
2015-07-01 23:45:32,369 Starting Q Learning for : 
2015-07-01 23:45:32,369 alpha = 0.6
2015-07-01 23:45:32,369 gamma = 0.8
2015-07-01 23:45:32,369 individual factor = 10
2015-07-01 23:45:32,369 zero range = 0.006
2015-07-01 23:45:32,369 greedy level = 5
2015-07-01 23:45:32,369 

2015-07-01 23:45:37,755 Starting Training from 2015-01-01 to 2015-01-31
2015-07-02 00:11:24,336 Starting Live from 2015-02-01 to 2015-03-03
2015-07-02 00:29:06,279 Starting Training from 2015-02-01 to 2015-03-03
2015-07-02 00:32:01,424 Starting Live from 2015-03-04 to 2015-04-03
2015-07-02 00:37:03,977 Starting Training from 2015-03-04 to 2015-04-03
2015-07-02 00:53:02,447 Starting Live from 2015-04-04 to 2015-04-10
2015-07-02 00:58:14,365 Starting Q Learning for : 
2015-07-02 00:58:14,365 alpha = 0.8
2015-07-02 00:58:14,365 gamma = 0.7
2015-07-02 00:58:14,365 individual factor = 10
2015-07-02 00:58:14,365 zero range = 0.006
2015-07-02 00:58:14,365 greedy level = 5
2015-07-02 00:58:14,365 

2015-07-02 00:58:21,878 Starting Training from 2015-01-01 to 2015-01-31
2015-07-02 01:22:30,819 Starting Live from 2015-02-01 to 2015-03-03
2015-07-02 01:41:12,875 Starting Training from 2015-02-01 to 2015-03-03
2015-07-02 01:44:17,671 Starting Live from 2015-03-04 to 2015-04-03
2015-07-02 01:52:12,684 Starting Training from 2015-03-04 to 2015-04-03
2015-07-02 02:05:32,996 Starting Live from 2015-04-04 to 2015-04-10
2015-07-02 02:12:06,946 Starting Q Learning for : 
2015-07-02 02:12:06,947 alpha = 0.8
2015-07-02 02:12:06,947 gamma = 0.8
2015-07-02 02:12:06,947 individual factor = 10
2015-07-02 02:12:06,947 zero range = 0.006
2015-07-02 02:12:06,947 greedy level = 5
2015-07-02 02:12:06,947 

2015-07-02 02:12:12,358 Starting Training from 2015-01-01 to 2015-01-31
2015-07-02 02:36:29,318 Starting Live from 2015-02-01 to 2015-03-03
2015-07-02 02:53:05,450 Starting Training from 2015-02-01 to 2015-03-03
2015-07-02 02:56:26,716 Starting Live from 2015-03-04 to 2015-04-03
2015-07-02 03:01:15,105 Starting Training from 2015-03-04 to 2015-04-03
2015-07-02 03:15:49,670 Starting Live from 2015-04-04 to 2015-04-10
2015-07-02 03:20:34,342 Starting Q Learning for : 
2015-07-02 03:20:34,342 alpha = 0.4
2015-07-02 03:20:34,342 gamma = 0.1
2015-07-02 03:20:34,342 individual factor = 10
2015-07-02 03:20:34,342 zero range = 0.01
2015-07-02 03:20:34,342 greedy level = 5
2015-07-02 03:20:34,342 

2015-07-02 03:20:39,740 Starting Training from 2015-01-01 to 2015-01-31
2015-07-02 03:44:07,976 Starting Live from 2015-02-01 to 2015-03-03
2015-07-02 04:07:31,148 Starting Training from 2015-02-01 to 2015-03-03
2015-07-02 04:10:19,657 Starting Live from 2015-03-04 to 2015-04-03
2015-07-02 04:46:46,250 Starting Training from 2015-03-04 to 2015-04-03
2015-07-02 04:51:55,775 Starting Live from 2015-04-04 to 2015-04-10
2015-07-02 05:07:48,216 Starting Q Learning for : 
2015-07-02 05:07:48,216 alpha = 0.4
2015-07-02 05:07:48,217 gamma = 0.2
2015-07-02 05:07:48,217 individual factor = 10
2015-07-02 05:07:48,217 zero range = 0.01
2015-07-02 05:07:48,217 greedy level = 5
2015-07-02 05:07:48,217 

2015-07-02 05:07:55,234 Starting Training from 2015-01-01 to 2015-01-31
2015-07-02 05:30:19,444 Starting Live from 2015-02-01 to 2015-03-03
2015-07-02 05:52:14,482 Starting Training from 2015-02-01 to 2015-03-03
2015-07-02 05:55:27,901 Starting Live from 2015-03-04 to 2015-04-03
2015-07-02 10:13:27,358 Starting Training from 2015-03-04 to 2015-04-03
2015-07-02 10:17:58,977 Starting Live from 2015-04-04 to 2015-04-10
