2015-07-01 19:02:21,525 Starting Q Learning for : 
2015-07-01 19:02:21,526 alpha = 0.4
2015-07-01 19:02:21,526 gamma = 0.7
2015-07-01 19:02:21,526 individual factor = 10
2015-07-01 19:02:21,526 zero range = 0.002
2015-07-01 19:02:21,526 greedy level = 5
2015-07-01 19:02:21,526 

2015-07-01 19:03:52,926 Starting Training from 2015-01-01 to 2015-01-31
2015-07-01 19:31:27,865 Starting Live from 2015-02-01 to 2015-03-03
2015-07-01 19:54:56,542 Starting Training from 2015-02-01 to 2015-03-03
2015-07-01 19:58:21,881 Starting Live from 2015-03-04 to 2015-04-03
2015-07-01 20:08:15,753 Starting Training from 2015-03-04 to 2015-04-03
2015-07-01 20:22:34,456 Starting Live from 2015-04-04 to 2015-04-10
2015-07-01 20:28:40,196 Starting Q Learning for : 
2015-07-01 20:28:40,196 alpha = 0.4
2015-07-01 20:28:40,197 gamma = 0.8
2015-07-01 20:28:40,197 individual factor = 10
2015-07-01 20:28:40,197 zero range = 0.002
2015-07-01 20:28:40,197 greedy level = 5
2015-07-01 20:28:40,197 

2015-07-01 20:28:49,211 Starting Training from 2015-01-01 to 2015-01-31
2015-07-01 20:54:36,530 Starting Live from 2015-02-01 to 2015-03-03
2015-07-01 21:14:51,056 Starting Training from 2015-02-01 to 2015-03-03
2015-07-01 21:18:06,075 Starting Live from 2015-03-04 to 2015-04-03
2015-07-01 21:25:29,844 Starting Training from 2015-03-04 to 2015-04-03
2015-07-01 21:40:45,197 Starting Live from 2015-04-04 to 2015-04-10
2015-07-01 21:45:47,012 Starting Q Learning for : 
2015-07-01 21:45:47,012 alpha = 0.6
2015-07-01 21:45:47,012 gamma = 0.1
2015-07-01 21:45:47,012 individual factor = 10
2015-07-01 21:45:47,013 zero range = 0.006
2015-07-01 21:45:47,013 greedy level = 5
2015-07-01 21:45:47,013 

2015-07-01 21:45:52,796 Starting Training from 2015-01-01 to 2015-01-31
2015-07-01 22:11:07,266 Starting Live from 2015-02-01 to 2015-03-03
2015-07-01 22:35:57,598 Starting Training from 2015-02-01 to 2015-03-03
2015-07-01 22:39:02,540 Starting Live from 2015-03-04 to 2015-04-03
2015-07-01 23:31:24,674 Starting Training from 2015-03-04 to 2015-04-03
2015-07-01 23:36:58,667 Starting Live from 2015-04-04 to 2015-04-10
2015-07-02 01:19:27,808 Starting Q Learning for : 
2015-07-02 01:19:27,808 alpha = 0.6
2015-07-02 01:19:27,808 gamma = 0.2
2015-07-02 01:19:27,808 individual factor = 10
2015-07-02 01:19:27,808 zero range = 0.006
2015-07-02 01:19:27,808 greedy level = 5
2015-07-02 01:19:27,808 

2015-07-02 01:19:33,326 Starting Training from 2015-01-01 to 2015-01-31
2015-07-02 01:43:15,058 Starting Live from 2015-02-01 to 2015-03-03
2015-07-02 02:12:16,415 Starting Training from 2015-02-01 to 2015-03-03
2015-07-02 02:15:15,479 Starting Live from 2015-03-04 to 2015-04-03
2015-07-02 05:51:11,023 Starting Training from 2015-03-04 to 2015-04-03
2015-07-02 05:56:23,852 Starting Live from 2015-04-04 to 2015-04-10
