2015-07-01 19:02:21,529 Starting Q Learning for : 
2015-07-01 19:02:21,529 alpha = 0.2
2015-07-01 19:02:21,529 gamma = 0.5
2015-07-01 19:02:21,529 individual factor = 10
2015-07-01 19:02:21,529 zero range = 0.002
2015-07-01 19:02:21,529 greedy level = 5
2015-07-01 19:02:21,529 

2015-07-01 19:03:51,415 Starting Training from 2015-01-01 to 2015-01-31
2015-07-01 19:31:26,204 Starting Live from 2015-02-01 to 2015-03-03
2015-07-01 19:59:01,075 Starting Training from 2015-02-01 to 2015-03-03
2015-07-01 20:02:53,394 Starting Live from 2015-03-04 to 2015-04-03
2015-07-01 21:16:54,585 Starting Training from 2015-03-04 to 2015-04-03
2015-07-01 21:23:29,835 Starting Live from 2015-04-04 to 2015-04-10
2015-07-01 22:48:39,390 Starting Q Learning for : 
2015-07-01 22:48:39,390 alpha = 0.2
2015-07-01 22:48:39,390 gamma = 0.6
2015-07-01 22:48:39,390 individual factor = 10
2015-07-01 22:48:39,390 zero range = 0.002
2015-07-01 22:48:39,390 greedy level = 5
2015-07-01 22:48:39,390 

2015-07-01 22:48:45,145 Starting Training from 2015-01-01 to 2015-01-31
2015-07-01 23:14:32,946 Starting Live from 2015-02-01 to 2015-03-03
2015-07-01 23:39:07,176 Starting Training from 2015-02-01 to 2015-03-03
2015-07-01 23:42:01,233 Starting Live from 2015-03-04 to 2015-04-03
2015-07-02 00:07:12,809 Starting Training from 2015-03-04 to 2015-04-03
2015-07-02 00:14:25,119 Starting Live from 2015-04-04 to 2015-04-10
2015-07-02 00:26:28,121 Starting Q Learning for : 
2015-07-02 00:26:28,121 alpha = 0.8
2015-07-02 00:26:28,121 gamma = 0.1
2015-07-02 00:26:28,121 individual factor = 10
2015-07-02 00:26:28,121 zero range = 0.006
2015-07-02 00:26:28,122 greedy level = 5
2015-07-02 00:26:28,122 

2015-07-02 00:26:34,270 Starting Training from 2015-01-01 to 2015-01-31
2015-07-02 00:50:36,052 Starting Live from 2015-02-01 to 2015-03-03
2015-07-02 01:12:41,026 Starting Training from 2015-02-01 to 2015-03-03
2015-07-02 01:15:27,671 Starting Live from 2015-03-04 to 2015-04-03
2015-07-02 01:41:16,223 Starting Training from 2015-03-04 to 2015-04-03
2015-07-02 01:49:39,200 Starting Live from 2015-04-04 to 2015-04-10
2015-07-02 02:06:18,502 Starting Q Learning for : 
2015-07-02 02:06:18,503 alpha = 0.8
2015-07-02 02:06:18,503 gamma = 0.2
2015-07-02 02:06:18,503 individual factor = 10
2015-07-02 02:06:18,503 zero range = 0.006
2015-07-02 02:06:18,503 greedy level = 5
2015-07-02 02:06:18,503 

2015-07-02 02:06:26,358 Starting Training from 2015-01-01 to 2015-01-31
2015-07-02 02:30:47,410 Starting Live from 2015-02-01 to 2015-03-03
2015-07-02 02:55:16,855 Starting Training from 2015-02-01 to 2015-03-03
2015-07-02 02:58:13,447 Starting Live from 2015-03-04 to 2015-04-03
2015-07-02 03:42:08,460 Starting Training from 2015-03-04 to 2015-04-03
2015-07-02 03:48:11,052 Starting Live from 2015-04-04 to 2015-04-10
2015-07-02 04:06:17,805 Starting Q Learning for : 
2015-07-02 04:06:17,805 alpha = 0.4
2015-07-02 04:06:17,805 gamma = 0.5
2015-07-02 04:06:17,805 individual factor = 10
2015-07-02 04:06:17,805 zero range = 0.01
2015-07-02 04:06:17,805 greedy level = 5
2015-07-02 04:06:17,805 

2015-07-02 04:06:25,436 Starting Training from 2015-01-01 to 2015-01-31
2015-07-02 04:29:35,555 Starting Live from 2015-02-01 to 2015-03-03
2015-07-02 04:50:58,160 Starting Training from 2015-02-01 to 2015-03-03
2015-07-02 04:53:35,683 Starting Live from 2015-03-04 to 2015-04-03
2015-07-02 05:13:42,996 Starting Training from 2015-03-04 to 2015-04-03
2015-07-02 05:19:58,381 Starting Live from 2015-04-04 to 2015-04-10
2015-07-02 05:27:31,941 Starting Q Learning for : 
2015-07-02 05:27:31,941 alpha = 0.4
2015-07-02 05:27:31,941 gamma = 0.6
2015-07-02 05:27:31,941 individual factor = 10
2015-07-02 05:27:31,941 zero range = 0.01
2015-07-02 05:27:31,941 greedy level = 5
2015-07-02 05:27:31,941 

2015-07-02 05:27:37,417 Starting Training from 2015-01-01 to 2015-01-31
2015-07-02 05:49:38,482 Starting Live from 2015-02-01 to 2015-03-03
2015-07-02 06:10:10,256 Starting Training from 2015-02-01 to 2015-03-03
2015-07-02 06:12:39,937 Starting Live from 2015-03-04 to 2015-04-03
2015-07-02 07:10:18,355 Starting Training from 2015-03-04 to 2015-04-03
2015-07-02 07:15:08,512 Starting Live from 2015-04-04 to 2015-04-10
2015-07-02 08:00:11,974 Starting Q Learning for : 
2015-07-02 08:00:11,976 alpha = 0.2
2015-07-02 08:00:11,976 gamma = 0.5
2015-07-02 08:00:11,976 individual factor = 10
2015-07-02 08:00:11,976 zero range = 0.01
2015-07-02 08:00:11,976 greedy level = 5
2015-07-02 08:00:11,976 

2015-07-02 08:00:17,844 Starting Training from 2015-01-01 to 2015-01-31
2015-07-02 08:21:27,648 Starting Live from 2015-02-01 to 2015-03-03
2015-07-02 08:42:44,461 Starting Training from 2015-02-01 to 2015-03-03
2015-07-02 08:45:10,016 Starting Live from 2015-03-04 to 2015-04-03
2015-07-02 09:53:40,223 Starting Training from 2015-03-04 to 2015-04-03
2015-07-02 09:58:34,586 Starting Live from 2015-04-04 to 2015-04-10
2015-07-02 10:32:26,098 Starting Q Learning for : 
2015-07-02 10:32:26,098 alpha = 0.2
2015-07-02 10:32:26,098 gamma = 0.6
2015-07-02 10:32:26,098 individual factor = 10
2015-07-02 10:32:26,098 zero range = 0.01
2015-07-02 10:32:26,098 greedy level = 5
2015-07-02 10:32:26,098 

2015-07-02 10:32:30,029 Starting Training from 2015-01-01 to 2015-01-31
2015-07-02 10:51:47,325 Starting Live from 2015-02-01 to 2015-03-03
2015-07-02 11:10:28,746 Starting Training from 2015-02-01 to 2015-03-03
2015-07-02 11:12:46,601 Starting Live from 2015-03-04 to 2015-04-03
2015-07-02 11:32:18,801 Starting Training from 2015-03-04 to 2015-04-03
2015-07-02 11:38:07,934 Starting Live from 2015-04-04 to 2015-04-10
