2015-07-02 20:16:59,171 Starting Q Learning for : 
2015-07-02 20:16:59,171 alpha = 0.8
2015-07-02 20:16:59,171 gamma = 0.2
2015-07-02 20:16:59,171 individual factor = 10
2015-07-02 20:16:59,171 zero range = 0.01
2015-07-02 20:16:59,171 greedy level = 5
2015-07-02 20:16:59,173 

2015-07-02 20:17:02,309 Starting Training from 2015-01-01 to 2015-01-31
2015-07-02 20:37:30,575 Starting Live from 2015-02-01 to 2015-03-03
2015-07-02 20:57:42,118 Starting Training from 2015-02-01 to 2015-03-03
2015-07-02 21:00:01,085 Starting Live from 2015-03-04 to 2015-04-03
2015-07-03 03:55:02,808 Starting Training from 2015-03-04 to 2015-04-03
2015-07-03 04:00:27,701 Starting Live from 2015-04-04 to 2015-04-10
2015-07-03 15:01:20,920 Starting Q Learning for : 
2015-07-03 15:01:20,921 alpha = 0.8
2015-07-03 15:01:20,921 gamma = 0.2
2015-07-03 15:01:20,921 individual factor = 10
2015-07-03 15:01:20,921 zero range = 0.01
2015-07-03 15:01:20,921 greedy level = 5
2015-07-03 15:01:20,921 

2015-07-03 15:01:35,573 Starting Training from 2015-01-01 to 2015-01-31
2015-07-03 15:23:07,391 Starting Live from 2015-02-01 to 2015-03-03
2015-07-03 15:44:27,342 Starting Training from 2015-02-01 to 2015-03-03
2015-07-03 15:47:02,688 Starting Live from 2015-03-04 to 2015-04-03
2015-07-03 16:11:08,739 Starting Training from 2015-03-04 to 2015-04-03
2015-07-03 16:17:48,140 Starting Live from 2015-04-04 to 2015-04-10
