2015-07-01 19:02:21,528 Starting Q Learning for : 
2015-07-01 19:02:21,528 alpha = 0.6
2015-07-01 19:02:21,528 gamma = 0.5
2015-07-01 19:02:21,528 individual factor = 10
2015-07-01 19:02:21,528 zero range = 0.002
2015-07-01 19:02:21,528 greedy level = 5
2015-07-01 19:02:21,528 

2015-07-01 19:03:51,407 Starting Training from 2015-01-01 to 2015-01-31
2015-07-01 19:31:21,938 Starting Live from 2015-02-01 to 2015-03-03
2015-07-01 19:58:36,361 Starting Training from 2015-02-01 to 2015-03-03
2015-07-01 20:02:24,463 Starting Live from 2015-03-04 to 2015-04-03
2015-07-02 04:32:48,219 Starting Training from 2015-03-04 to 2015-04-03
2015-07-02 04:37:30,062 Starting Live from 2015-04-04 to 2015-04-10
2015-07-02 09:26:11,467 Starting Q Learning for : 
2015-07-02 09:26:11,467 alpha = 0.6
2015-07-02 09:26:11,467 gamma = 0.6
2015-07-02 09:26:11,467 individual factor = 10
2015-07-02 09:26:11,467 zero range = 0.002
2015-07-02 09:26:11,467 greedy level = 5
2015-07-02 09:26:11,467 

2015-07-02 09:26:16,971 Starting Training from 2015-01-01 to 2015-01-31
2015-07-02 09:45:33,838 Starting Live from 2015-02-01 to 2015-03-03
2015-07-02 10:04:39,953 Starting Training from 2015-02-01 to 2015-03-03
2015-07-02 10:07:02,698 Starting Live from 2015-03-04 to 2015-04-03
2015-07-02 15:56:17,095 Starting Training from 2015-03-04 to 2015-04-03
2015-07-02 16:00:57,582 Starting Live from 2015-04-04 to 2015-04-10
