2015-07-01 19:02:21,529 Starting Q Learning for : 
2015-07-01 19:02:21,529 alpha = 0.5
2015-07-01 19:02:21,529 gamma = 0.3
2015-07-01 19:02:21,529 individual factor = 10
2015-07-01 19:02:21,529 zero range = 0.006
2015-07-01 19:02:21,529 greedy level = 5
2015-07-01 19:02:21,529 

2015-07-01 19:03:48,559 Starting Training from 2015-01-01 to 2015-01-31
2015-07-01 19:31:16,005 Starting Live from 2015-02-01 to 2015-03-03
2015-07-01 20:01:29,871 Starting Training from 2015-02-01 to 2015-03-03
2015-07-01 20:05:18,615 Starting Live from 2015-03-04 to 2015-04-03
2015-07-01 21:53:50,325 Starting Training from 2015-03-04 to 2015-04-03
2015-07-01 22:00:13,470 Starting Live from 2015-04-04 to 2015-04-10
2015-07-01 22:48:50,592 Starting Q Learning for : 
2015-07-01 22:48:50,592 alpha = 0.5
2015-07-01 22:48:50,592 gamma = 0.4
2015-07-01 22:48:50,592 individual factor = 10
2015-07-01 22:48:50,592 zero range = 0.006
2015-07-01 22:48:50,592 greedy level = 5
2015-07-01 22:48:50,592 

2015-07-01 22:48:57,440 Starting Training from 2015-01-01 to 2015-01-31
2015-07-01 23:14:19,812 Starting Live from 2015-02-01 to 2015-03-03
2015-07-01 23:38:29,453 Starting Training from 2015-02-01 to 2015-03-03
2015-07-01 23:41:22,552 Starting Live from 2015-03-04 to 2015-04-03
2015-07-02 00:07:20,532 Starting Training from 2015-03-04 to 2015-04-03
2015-07-02 00:16:30,073 Starting Live from 2015-04-04 to 2015-04-10
2015-07-02 00:27:14,173 Starting Q Learning for : 
2015-07-02 00:27:14,174 alpha = 0.8
2015-07-02 00:27:14,174 gamma = 0.3
2015-07-02 00:27:14,174 individual factor = 10
2015-07-02 00:27:14,174 zero range = 0.006
2015-07-02 00:27:14,174 greedy level = 5
2015-07-02 00:27:14,174 

2015-07-02 00:27:19,734 Starting Training from 2015-01-01 to 2015-01-31
2015-07-02 00:51:14,233 Starting Live from 2015-02-01 to 2015-03-03
2015-07-02 01:15:46,039 Starting Training from 2015-02-01 to 2015-03-03
2015-07-02 01:18:32,796 Starting Live from 2015-03-04 to 2015-04-03
2015-07-02 02:04:59,611 Starting Training from 2015-03-04 to 2015-04-03
2015-07-02 02:11:59,806 Starting Live from 2015-04-04 to 2015-04-10
2015-07-02 02:29:27,914 Starting Q Learning for : 
2015-07-02 02:29:27,914 alpha = 0.8
2015-07-02 02:29:27,914 gamma = 0.4
2015-07-02 02:29:27,914 individual factor = 10
2015-07-02 02:29:27,915 zero range = 0.006
2015-07-02 02:29:27,915 greedy level = 5
2015-07-02 02:29:27,915 

2015-07-02 02:29:36,141 Starting Training from 2015-01-01 to 2015-01-31
2015-07-02 02:53:42,532 Starting Live from 2015-02-01 to 2015-03-03
2015-07-02 03:16:18,796 Starting Training from 2015-02-01 to 2015-03-03
2015-07-02 03:19:18,275 Starting Live from 2015-03-04 to 2015-04-03
2015-07-02 04:39:07,661 Starting Training from 2015-03-04 to 2015-04-03
2015-07-02 04:46:26,706 Starting Live from 2015-04-04 to 2015-04-10
2015-07-02 06:59:02,193 Starting Q Learning for : 
2015-07-02 06:59:02,193 alpha = 0.2
2015-07-02 06:59:02,193 gamma = 0.3
2015-07-02 06:59:02,193 individual factor = 10
2015-07-02 06:59:02,193 zero range = 0.01
2015-07-02 06:59:02,194 greedy level = 5
2015-07-02 06:59:02,194 

2015-07-02 06:59:08,190 Starting Training from 2015-01-01 to 2015-01-31
2015-07-02 07:19:52,585 Starting Live from 2015-02-01 to 2015-03-03
2015-07-02 07:38:55,079 Starting Training from 2015-02-01 to 2015-03-03
2015-07-02 07:41:19,203 Starting Live from 2015-03-04 to 2015-04-03
2015-07-02 08:13:43,963 Starting Training from 2015-03-04 to 2015-04-03
2015-07-02 08:20:21,700 Starting Live from 2015-04-04 to 2015-04-10
2015-07-02 09:03:22,207 Starting Q Learning for : 
2015-07-02 09:03:22,209 alpha = 0.2
2015-07-02 09:03:22,209 gamma = 0.4
2015-07-02 09:03:22,209 individual factor = 10
2015-07-02 09:03:22,209 zero range = 0.01
2015-07-02 09:03:22,209 greedy level = 5
2015-07-02 09:03:22,209 

2015-07-02 09:03:27,038 Starting Training from 2015-01-01 to 2015-01-31
2015-07-02 09:23:33,375 Starting Live from 2015-02-01 to 2015-03-03
2015-07-02 09:42:14,394 Starting Training from 2015-02-01 to 2015-03-03
2015-07-02 09:44:33,476 Starting Live from 2015-03-04 to 2015-04-03
2015-07-02 10:06:44,726 Starting Training from 2015-03-04 to 2015-04-03
2015-07-02 10:10:49,358 Starting Live from 2015-04-04 to 2015-04-10
