2015-07-01 19:02:21,551 Starting Q Learning for : 
2015-07-01 19:02:21,551 alpha = 0.8
2015-07-01 19:02:21,552 gamma = 0.5
2015-07-01 19:02:21,552 individual factor = 10
2015-07-01 19:02:21,552 zero range = 0.002
2015-07-01 19:02:21,552 greedy level = 5
2015-07-01 19:02:21,552 

2015-07-01 19:03:48,556 Starting Training from 2015-01-01 to 2015-01-31
2015-07-01 19:31:31,088 Starting Live from 2015-02-01 to 2015-03-03
2015-07-01 19:58:57,506 Starting Training from 2015-02-01 to 2015-03-03
2015-07-01 20:02:49,907 Starting Live from 2015-03-04 to 2015-04-03
2015-07-01 20:31:03,549 Starting Training from 2015-03-04 to 2015-04-03
2015-07-01 20:37:58,275 Starting Live from 2015-04-04 to 2015-04-10
2015-07-01 20:47:01,267 Starting Q Learning for : 
2015-07-01 20:47:01,267 alpha = 0.8
2015-07-01 20:47:01,269 gamma = 0.6
2015-07-01 20:47:01,269 individual factor = 10
2015-07-01 20:47:01,269 zero range = 0.002
2015-07-01 20:47:01,269 greedy level = 5
2015-07-01 20:47:01,269 

2015-07-01 20:47:09,352 Starting Training from 2015-01-01 to 2015-01-31
2015-07-01 21:13:52,660 Starting Live from 2015-02-01 to 2015-03-03
2015-07-01 21:38:16,450 Starting Training from 2015-02-01 to 2015-03-03
2015-07-01 21:41:16,201 Starting Live from 2015-03-04 to 2015-04-03
2015-07-01 22:07:06,305 Starting Training from 2015-03-04 to 2015-04-03
2015-07-01 22:12:57,650 Starting Live from 2015-04-04 to 2015-04-10
2015-07-01 22:22:19,862 Starting Q Learning for : 
2015-07-01 22:22:19,862 alpha = 0.6
2015-07-01 22:22:19,862 gamma = 0.5
2015-07-01 22:22:19,862 individual factor = 10
2015-07-01 22:22:19,862 zero range = 0.006
2015-07-01 22:22:19,862 greedy level = 5
2015-07-01 22:22:19,862 

2015-07-01 22:22:25,332 Starting Training from 2015-01-01 to 2015-01-31
2015-07-01 22:47:59,576 Starting Live from 2015-02-01 to 2015-03-03
2015-07-01 23:14:16,144 Starting Training from 2015-02-01 to 2015-03-03
2015-07-01 23:17:17,095 Starting Live from 2015-03-04 to 2015-04-03
2015-07-02 00:23:44,154 Starting Training from 2015-03-04 to 2015-04-03
2015-07-02 00:28:57,229 Starting Live from 2015-04-04 to 2015-04-10
2015-07-02 05:22:13,525 Starting Q Learning for : 
2015-07-02 05:22:13,525 alpha = 0.6
2015-07-02 05:22:13,525 gamma = 0.6
2015-07-02 05:22:13,525 individual factor = 10
2015-07-02 05:22:13,525 zero range = 0.006
2015-07-02 05:22:13,526 greedy level = 5
2015-07-02 05:22:13,526 

2015-07-02 05:22:18,680 Starting Training from 2015-01-01 to 2015-01-31
2015-07-02 05:44:22,872 Starting Live from 2015-02-01 to 2015-03-03
2015-07-02 06:05:41,710 Starting Training from 2015-02-01 to 2015-03-03
2015-07-02 06:08:12,700 Starting Live from 2015-03-04 to 2015-04-03
2015-07-02 07:56:11,596 Starting Training from 2015-03-04 to 2015-04-03
2015-07-02 08:02:31,282 Starting Live from 2015-04-04 to 2015-04-10
