2015-07-01 19:02:21,526 Starting Q Learning for : 
2015-07-01 19:02:21,526 alpha = 0.4
2015-07-01 19:02:21,528 gamma = 0.3
2015-07-01 19:02:21,528 individual factor = 10
2015-07-01 19:02:21,528 zero range = 0.002
2015-07-01 19:02:21,528 greedy level = 5
2015-07-01 19:02:21,528 

2015-07-01 19:03:49,765 Starting Training from 2015-01-01 to 2015-01-31
2015-07-01 19:31:20,131 Starting Live from 2015-02-01 to 2015-03-03
2015-07-01 19:58:31,334 Starting Training from 2015-02-01 to 2015-03-03
2015-07-01 20:02:16,226 Starting Live from 2015-03-04 to 2015-04-03
2015-07-01 20:38:05,246 Starting Training from 2015-03-04 to 2015-04-03
2015-07-01 20:46:25,042 Starting Live from 2015-04-04 to 2015-04-10
2015-07-01 21:05:33,515 Starting Q Learning for : 
2015-07-01 21:05:33,515 alpha = 0.4
2015-07-01 21:05:33,515 gamma = 0.4
2015-07-01 21:05:33,515 individual factor = 10
2015-07-01 21:05:33,515 zero range = 0.002
2015-07-01 21:05:33,515 greedy level = 5
2015-07-01 21:05:33,515 

2015-07-01 21:05:39,190 Starting Training from 2015-01-01 to 2015-01-31
2015-07-01 21:31:28,861 Starting Live from 2015-02-01 to 2015-03-03
2015-07-01 21:55:32,168 Starting Training from 2015-02-01 to 2015-03-03
2015-07-01 21:59:16,641 Starting Live from 2015-03-04 to 2015-04-03
2015-07-01 22:44:39,299 Starting Training from 2015-03-04 to 2015-04-03
2015-07-01 22:51:52,917 Starting Live from 2015-04-04 to 2015-04-10
2015-07-01 23:18:08,701 Starting Q Learning for : 
2015-07-01 23:18:08,701 alpha = 0.2
2015-07-01 23:18:08,701 gamma = 0.5
2015-07-01 23:18:08,701 individual factor = 10
2015-07-01 23:18:08,703 zero range = 0.006
2015-07-01 23:18:08,703 greedy level = 5
2015-07-01 23:18:08,703 

2015-07-01 23:18:14,596 Starting Training from 2015-01-01 to 2015-01-31
2015-07-01 23:43:23,983 Starting Live from 2015-02-01 to 2015-03-03
2015-07-02 00:08:01,198 Starting Training from 2015-02-01 to 2015-03-03
2015-07-02 00:10:59,773 Starting Live from 2015-03-04 to 2015-04-03
2015-07-02 02:48:18,371 Starting Training from 2015-03-04 to 2015-04-03
2015-07-02 02:56:02,220 Starting Live from 2015-04-04 to 2015-04-10
2015-07-02 14:11:24,512 Starting Q Learning for : 
2015-07-02 14:11:24,512 alpha = 0.2
2015-07-02 14:11:24,512 gamma = 0.6
2015-07-02 14:11:24,512 individual factor = 10
2015-07-02 14:11:24,513 zero range = 0.006
2015-07-02 14:11:24,513 greedy level = 5
2015-07-02 14:11:24,513 

2015-07-02 14:11:29,522 Starting Training from 2015-01-01 to 2015-01-31
2015-07-02 14:30:12,194 Starting Live from 2015-02-01 to 2015-03-03
2015-07-02 14:49:06,407 Starting Training from 2015-02-01 to 2015-03-03
2015-07-02 14:51:24,486 Starting Live from 2015-03-04 to 2015-04-03
2015-07-02 15:11:07,398 Starting Training from 2015-03-04 to 2015-04-03
2015-07-02 15:15:56,121 Starting Live from 2015-04-04 to 2015-04-10
