2015-07-01 19:02:21,552 Starting Q Learning for : 
2015-07-01 19:02:21,552 alpha = 0.5
2015-07-01 19:02:21,552 gamma = 0.5
2015-07-01 19:02:21,552 individual factor = 10
2015-07-01 19:02:21,552 zero range = 0.006
2015-07-01 19:02:21,552 greedy level = 5
2015-07-01 19:02:21,552 

2015-07-01 19:03:51,407 Starting Training from 2015-01-01 to 2015-01-31
2015-07-01 19:31:27,140 Starting Live from 2015-02-01 to 2015-03-03
2015-07-01 20:05:12,015 Starting Training from 2015-02-01 to 2015-03-03
2015-07-01 20:08:32,375 Starting Live from 2015-03-04 to 2015-04-03
2015-07-01 23:52:15,312 Starting Training from 2015-03-04 to 2015-04-03
2015-07-01 23:57:21,158 Starting Live from 2015-04-04 to 2015-04-10
2015-07-02 03:05:53,716 Starting Q Learning for : 
2015-07-02 03:05:53,716 alpha = 0.5
2015-07-02 03:05:53,716 gamma = 0.6
2015-07-02 03:05:53,716 individual factor = 10
2015-07-02 03:05:53,716 zero range = 0.006
2015-07-02 03:05:53,716 greedy level = 5
2015-07-02 03:05:53,716 

2015-07-02 03:05:59,210 Starting Training from 2015-01-01 to 2015-01-31
2015-07-02 03:29:22,631 Starting Live from 2015-02-01 to 2015-03-03
2015-07-02 03:52:16,486 Starting Training from 2015-02-01 to 2015-03-03
2015-07-02 03:55:05,977 Starting Live from 2015-03-04 to 2015-04-03
2015-07-02 06:48:29,565 Starting Training from 2015-03-04 to 2015-04-03
2015-07-02 06:54:21,558 Starting Live from 2015-04-04 to 2015-04-10
2015-07-02 08:10:05,369 Starting Q Learning for : 
2015-07-02 08:10:05,369 alpha = 0.2
2015-07-02 08:10:05,369 gamma = 0.7
2015-07-02 08:10:05,369 individual factor = 10
2015-07-02 08:10:05,369 zero range = 0.01
2015-07-02 08:10:05,369 greedy level = 5
2015-07-02 08:10:05,369 

2015-07-02 08:10:10,604 Starting Training from 2015-01-01 to 2015-01-31
2015-07-02 08:31:27,424 Starting Live from 2015-02-01 to 2015-03-03
2015-07-02 08:52:13,348 Starting Training from 2015-02-01 to 2015-03-03
2015-07-02 08:55:06,576 Starting Live from 2015-03-04 to 2015-04-03
2015-07-02 12:09:31,354 Starting Training from 2015-03-04 to 2015-04-03
2015-07-02 12:19:13,907 Starting Live from 2015-04-04 to 2015-04-10
2015-07-02 14:30:30,877 Starting Q Learning for : 
2015-07-02 14:30:30,877 alpha = 0.2
2015-07-02 14:30:30,877 gamma = 0.8
2015-07-02 14:30:30,877 individual factor = 10
2015-07-02 14:30:30,877 zero range = 0.01
2015-07-02 14:30:30,877 greedy level = 5
2015-07-02 14:30:30,877 

2015-07-02 14:30:35,207 Starting Training from 2015-01-01 to 2015-01-31
2015-07-02 14:49:21,674 Starting Live from 2015-02-01 to 2015-03-03
2015-07-02 15:03:14,111 Starting Training from 2015-02-01 to 2015-03-03
2015-07-02 15:05:33,372 Starting Live from 2015-03-04 to 2015-04-03
2015-07-02 15:08:37,951 Starting Training from 2015-03-04 to 2015-04-03
2015-07-02 15:20:04,486 Starting Live from 2015-04-04 to 2015-04-10
