2015-06-20 10:54:48,345 Starting Q Learning for : 
2015-06-20 10:54:48,345 alpha = 0.2
2015-06-20 10:54:48,345 gamma = 0.4
2015-06-20 10:54:48,345 individual factor = 8
2015-06-20 10:54:48,345 zero range = 0.002
2015-06-20 10:54:48,345 greedy level = 5
2015-06-20 10:54:48,345 

2015-06-20 10:55:00,549 Starting Training from 2014-12-17 to 2015-01-01
2015-06-20 11:08:24,131 Starting Live from 2015-01-02 to 2015-02-01
2015-06-20 11:36:53,453 Starting Training from 2015-01-17 to 2015-02-01
2015-06-20 11:38:32,167 Starting Live from 2015-02-02 to 2015-03-04
2015-06-20 12:09:07,323 Starting Training from 2015-02-17 to 2015-03-04
2015-06-20 12:11:14,690 Starting Live from 2015-03-05 to 2015-04-04
2015-06-20 12:42:13,062 Starting Training from 2015-03-20 to 2015-04-04
2015-06-20 12:44:04,957 Starting Live from 2015-04-05 to 2015-04-10
2015-06-20 12:49:00,752 Starting Q Learning for : 
2015-06-20 12:49:00,752 alpha = 0.2
2015-06-20 12:49:00,752 gamma = 0.5
2015-06-20 12:49:00,752 individual factor = 8
2015-06-20 12:49:00,752 zero range = 0.002
2015-06-20 12:49:00,753 greedy level = 5
2015-06-20 12:49:00,753 

2015-06-20 12:49:07,523 Starting Training from 2014-12-17 to 2015-01-01
2015-06-20 13:01:02,081 Starting Live from 2015-01-02 to 2015-02-01
2015-06-20 13:30:37,976 Starting Training from 2015-01-17 to 2015-02-01
2015-06-20 13:32:22,549 Starting Live from 2015-02-02 to 2015-03-04
2015-06-20 14:04:22,907 Starting Training from 2015-02-17 to 2015-03-04
2015-06-20 14:06:34,630 Starting Live from 2015-03-05 to 2015-04-04
2015-06-20 14:39:27,496 Starting Training from 2015-03-20 to 2015-04-04
2015-06-20 14:41:03,960 Starting Live from 2015-04-05 to 2015-04-10
2015-06-20 14:45:27,790 Starting Q Learning for : 
2015-06-20 14:45:27,790 alpha = 0.2
2015-06-20 14:45:27,790 gamma = 0.6
2015-06-20 14:45:27,790 individual factor = 8
2015-06-20 14:45:27,790 zero range = 0.002
2015-06-20 14:45:27,790 greedy level = 5
2015-06-20 14:45:27,790 

2015-06-20 14:45:32,036 Starting Training from 2014-12-17 to 2015-01-01
2015-06-20 14:57:39,000 Starting Live from 2015-01-02 to 2015-02-01
2015-06-20 15:23:58,668 Starting Training from 2015-01-17 to 2015-02-01
2015-06-20 15:25:30,632 Starting Live from 2015-02-02 to 2015-03-04
2015-06-20 15:53:32,042 Starting Training from 2015-02-17 to 2015-03-04
2015-06-20 15:56:07,075 Starting Live from 2015-03-05 to 2015-04-04
2015-06-20 16:24:21,548 Starting Training from 2015-03-20 to 2015-04-04
2015-06-20 16:25:43,068 Starting Live from 2015-04-05 to 2015-04-10
2015-06-20 16:28:54,286 Starting Q Learning for : 
2015-06-20 16:28:54,286 alpha = 0.4
2015-06-20 16:28:54,288 gamma = 0.5
2015-06-20 16:28:54,288 individual factor = 8
2015-06-20 16:28:54,288 zero range = 0.002
2015-06-20 16:28:54,288 greedy level = 5
2015-06-20 16:28:54,288 

2015-06-20 16:28:59,181 Starting Training from 2014-12-17 to 2015-01-01
2015-06-20 16:40:03,551 Starting Live from 2015-01-02 to 2015-02-01
2015-06-20 17:06:59,150 Starting Training from 2015-01-17 to 2015-02-01
2015-06-20 17:08:26,341 Starting Live from 2015-02-02 to 2015-03-04
2015-06-20 17:36:44,961 Starting Training from 2015-02-17 to 2015-03-04
2015-06-20 17:38:26,020 Starting Live from 2015-03-05 to 2015-04-04
2015-06-20 18:07:28,150 Starting Training from 2015-03-20 to 2015-04-04
2015-06-20 18:09:18,776 Starting Live from 2015-04-05 to 2015-04-10
2015-06-20 18:14:04,780 Starting Q Learning for : 
2015-06-20 18:14:04,780 alpha = 0.4
2015-06-20 18:14:04,782 gamma = 0.6
2015-06-20 18:14:04,782 individual factor = 8
2015-06-20 18:14:04,782 zero range = 0.002
2015-06-20 18:14:04,782 greedy level = 5
2015-06-20 18:14:04,782 

2015-06-20 18:14:10,723 Starting Training from 2014-12-17 to 2015-01-01
2015-06-20 18:24:32,576 Starting Live from 2015-01-02 to 2015-02-01
2015-06-20 18:50:47,700 Starting Training from 2015-01-17 to 2015-02-01
2015-06-20 18:52:25,947 Starting Live from 2015-02-02 to 2015-03-04
2015-06-20 19:18:57,280 Starting Training from 2015-02-17 to 2015-03-04
2015-06-20 19:20:47,244 Starting Live from 2015-03-05 to 2015-04-04
2015-06-20 19:46:12,605 Starting Training from 2015-03-20 to 2015-04-04
2015-06-20 19:47:41,660 Starting Live from 2015-04-05 to 2015-04-10
2015-06-20 19:50:47,013 Starting Q Learning for : 
2015-06-20 19:50:47,013 alpha = 0.4
2015-06-20 19:50:47,013 gamma = 0.7
2015-06-20 19:50:47,013 individual factor = 8
2015-06-20 19:50:47,013 zero range = 0.002
2015-06-20 19:50:47,013 greedy level = 5
2015-06-20 19:50:47,013 

2015-06-20 19:50:52,436 Starting Training from 2014-12-17 to 2015-01-01
2015-06-20 20:02:01,181 Starting Live from 2015-01-02 to 2015-02-01
2015-06-20 20:24:39,358 Starting Training from 2015-01-17 to 2015-02-01
2015-06-20 20:26:04,654 Starting Live from 2015-02-02 to 2015-03-04
2015-06-20 20:39:31,079 Starting Training from 2015-02-17 to 2015-03-04
2015-06-20 20:45:01,713 Starting Live from 2015-03-05 to 2015-04-04
2015-06-20 21:04:29,046 Starting Training from 2015-03-20 to 2015-04-04
2015-06-20 21:07:44,877 Starting Live from 2015-04-05 to 2015-04-10
2015-06-20 21:09:39,493 Starting Q Learning for : 
2015-06-20 21:09:39,493 alpha = 0.8
2015-06-20 21:09:39,493 gamma = 0.1
2015-06-20 21:09:39,493 individual factor = 8
2015-06-20 21:09:39,493 zero range = 0.002
2015-06-20 21:09:39,493 greedy level = 5
2015-06-20 21:09:39,493 

2015-06-20 21:09:44,151 Starting Training from 2014-12-17 to 2015-01-01
2015-06-20 21:19:52,210 Starting Live from 2015-01-02 to 2015-02-01
2015-06-20 21:46:05,815 Starting Training from 2015-01-17 to 2015-02-01
2015-06-20 21:47:41,789 Starting Live from 2015-02-02 to 2015-03-04
2015-06-20 22:15:35,163 Starting Training from 2015-02-17 to 2015-03-04
2015-06-20 22:17:32,326 Starting Live from 2015-03-05 to 2015-04-04
2015-06-20 22:45:08,198 Starting Training from 2015-03-20 to 2015-04-04
2015-06-20 22:46:35,549 Starting Live from 2015-04-05 to 2015-04-10
2015-06-20 22:51:01,426 Starting Q Learning for : 
2015-06-20 22:51:01,426 alpha = 0.8
2015-06-20 22:51:01,426 gamma = 0.2
2015-06-20 22:51:01,426 individual factor = 8
2015-06-20 22:51:01,426 zero range = 0.002
2015-06-20 22:51:01,426 greedy level = 5
2015-06-20 22:51:01,426 

2015-06-20 22:51:07,586 Starting Training from 2014-12-17 to 2015-01-01
2015-06-20 23:01:43,407 Starting Live from 2015-01-02 to 2015-02-01
2015-06-20 23:29:08,786 Starting Training from 2015-01-17 to 2015-02-01
2015-06-20 23:31:17,282 Starting Live from 2015-02-02 to 2015-03-04
2015-06-21 00:04:44,358 Starting Training from 2015-02-17 to 2015-03-04
2015-06-21 00:06:50,928 Starting Live from 2015-03-05 to 2015-04-04
2015-06-21 00:44:21,151 Starting Training from 2015-03-20 to 2015-04-04
2015-06-21 00:46:24,243 Starting Live from 2015-04-05 to 2015-04-10
2015-06-21 00:51:13,096 Starting Q Learning for : 
2015-06-21 00:51:13,096 alpha = 0.8
2015-06-21 00:51:13,096 gamma = 0.3
2015-06-21 00:51:13,096 individual factor = 8
2015-06-21 00:51:13,098 zero range = 0.002
2015-06-21 00:51:13,098 greedy level = 5
2015-06-21 00:51:13,098 

2015-06-21 00:51:21,298 Starting Training from 2014-12-17 to 2015-01-01
2015-06-21 01:05:08,380 Starting Live from 2015-01-02 to 2015-02-01
2015-06-21 01:37:09,970 Starting Training from 2015-01-17 to 2015-02-01
2015-06-21 01:38:57,769 Starting Live from 2015-02-02 to 2015-03-04
2015-06-21 02:10:19,838 Starting Training from 2015-02-17 to 2015-03-04
2015-06-21 02:12:53,368 Starting Live from 2015-03-05 to 2015-04-04
2015-06-21 02:43:41,667 Starting Training from 2015-03-20 to 2015-04-04
2015-06-21 02:45:38,790 Starting Live from 2015-04-05 to 2015-04-10
