2015-06-27 19:35:53,013 Starting Q Learning for : 
2015-06-27 19:35:53,013 alpha = 0.6
2015-06-27 19:35:53,013 gamma = 0.3
2015-06-27 19:35:53,013 individual factor = 8
2015-06-27 19:35:53,013 zero range = 0.006
2015-06-27 19:35:53,013 greedy level = 5
2015-06-27 19:35:53,013 

2015-06-27 19:35:55,948 Starting Training from 2014-12-17 to 2015-01-01
2015-06-27 19:42:52,204 Starting Live from 2015-01-02 to 2015-02-01
2015-06-27 19:57:28,657 Starting Training from 2015-01-17 to 2015-02-01
2015-06-27 19:58:19,582 Starting Live from 2015-02-02 to 2015-03-04
2015-06-27 20:12:02,910 Starting Training from 2015-02-17 to 2015-03-04
2015-06-27 20:12:53,507 Starting Live from 2015-03-05 to 2015-04-04
2015-06-27 20:32:51,536 Starting Training from 2015-03-20 to 2015-04-04
2015-06-27 20:33:58,585 Starting Live from 2015-04-05 to 2015-04-10
2015-06-27 20:39:11,367 Starting Q Learning for : 
2015-06-27 20:39:11,368 alpha = 0.6
2015-06-27 20:39:11,368 gamma = 0.4
2015-06-27 20:39:11,368 individual factor = 8
2015-06-27 20:39:11,368 zero range = 0.006
2015-06-27 20:39:11,368 greedy level = 5
2015-06-27 20:39:11,368 

2015-06-27 20:39:13,400 Starting Training from 2014-12-17 to 2015-01-01
2015-06-27 20:45:44,914 Starting Live from 2015-01-02 to 2015-02-01
2015-06-27 21:01:17,480 Starting Training from 2015-01-17 to 2015-02-01
2015-06-27 21:02:15,286 Starting Live from 2015-02-02 to 2015-03-04
2015-06-27 21:17:09,369 Starting Training from 2015-02-17 to 2015-03-04
2015-06-27 21:18:05,194 Starting Live from 2015-03-05 to 2015-04-04
2015-06-27 21:35:14,628 Starting Training from 2015-03-20 to 2015-04-04
2015-06-27 21:36:20,618 Starting Live from 2015-04-05 to 2015-04-10
2015-06-27 21:40:29,571 Starting Q Learning for : 
2015-06-27 21:40:29,572 alpha = 0.6
2015-06-27 21:40:29,572 gamma = 0.5
2015-06-27 21:40:29,572 individual factor = 8
2015-06-27 21:40:29,572 zero range = 0.006
2015-06-27 21:40:29,572 greedy level = 5
2015-06-27 21:40:29,572 

2015-06-27 21:40:31,424 Starting Training from 2014-12-17 to 2015-01-01
2015-06-27 21:46:29,667 Starting Live from 2015-01-02 to 2015-02-01
2015-06-27 22:01:26,648 Starting Training from 2015-01-17 to 2015-02-01
2015-06-27 22:02:19,069 Starting Live from 2015-02-02 to 2015-03-04
2015-06-27 22:16:42,651 Starting Training from 2015-02-17 to 2015-03-04
2015-06-27 22:17:32,063 Starting Live from 2015-03-05 to 2015-04-04
2015-06-27 22:32:43,716 Starting Training from 2015-03-20 to 2015-04-04
2015-06-27 22:33:48,670 Starting Live from 2015-04-05 to 2015-04-10
2015-06-27 22:38:22,368 Starting Q Learning for : 
2015-06-27 22:38:22,368 alpha = 0.6
2015-06-27 22:38:22,368 gamma = 0.6
2015-06-27 22:38:22,368 individual factor = 8
2015-06-27 22:38:22,368 zero range = 0.006
2015-06-27 22:38:22,368 greedy level = 5
2015-06-27 22:38:22,368 

2015-06-27 22:38:24,917 Starting Training from 2014-12-17 to 2015-01-01
2015-06-27 22:44:28,196 Starting Live from 2015-01-02 to 2015-02-01
2015-06-27 22:58:50,744 Starting Training from 2015-01-17 to 2015-02-01
2015-06-27 23:00:01,188 Starting Live from 2015-02-02 to 2015-03-04
2015-06-27 23:13:51,502 Starting Training from 2015-02-17 to 2015-03-04
2015-06-27 23:14:37,973 Starting Live from 2015-03-05 to 2015-04-04
2015-06-27 23:30:26,121 Starting Training from 2015-03-20 to 2015-04-04
2015-06-27 23:31:12,450 Starting Live from 2015-04-05 to 2015-04-10
2015-06-27 23:34:27,484 Starting Q Learning for : 
2015-06-27 23:34:27,484 alpha = 0.6
2015-06-27 23:34:27,484 gamma = 0.7
2015-06-27 23:34:27,484 individual factor = 8
2015-06-27 23:34:27,484 zero range = 0.006
2015-06-27 23:34:27,484 greedy level = 5
2015-06-27 23:34:27,484 

2015-06-27 23:34:29,588 Starting Training from 2014-12-17 to 2015-01-01
2015-06-27 23:40:25,072 Starting Live from 2015-01-02 to 2015-02-01
2015-06-27 23:53:41,611 Starting Training from 2015-01-17 to 2015-02-01
2015-06-27 23:54:35,842 Starting Live from 2015-02-02 to 2015-03-04
2015-06-28 00:04:01,036 Starting Training from 2015-02-17 to 2015-03-04
2015-06-28 00:06:19,463 Starting Live from 2015-03-05 to 2015-04-04
2015-06-28 00:20:25,693 Starting Training from 2015-03-20 to 2015-04-04
2015-06-28 00:21:33,428 Starting Live from 2015-04-05 to 2015-04-10
2015-06-28 00:23:26,288 Starting Q Learning for : 
2015-06-28 00:23:26,288 alpha = 0.6
2015-06-28 00:23:26,288 gamma = 0.8
2015-06-28 00:23:26,288 individual factor = 8
2015-06-28 00:23:26,289 zero range = 0.006
2015-06-28 00:23:26,289 greedy level = 5
2015-06-28 00:23:26,289 

2015-06-28 00:23:28,447 Starting Training from 2014-12-17 to 2015-01-01
2015-06-28 00:29:37,729 Starting Live from 2015-01-02 to 2015-02-01
2015-06-28 00:41:30,062 Starting Training from 2015-01-17 to 2015-02-01
2015-06-28 00:42:23,058 Starting Live from 2015-02-02 to 2015-03-04
2015-06-28 00:48:31,698 Starting Training from 2015-02-17 to 2015-03-04
2015-06-28 00:51:43,494 Starting Live from 2015-03-05 to 2015-04-04
2015-06-28 01:01:32,614 Starting Training from 2015-03-20 to 2015-04-04
2015-06-28 01:03:17,075 Starting Live from 2015-04-05 to 2015-04-10
2015-06-28 01:05:05,724 Starting Q Learning for : 
2015-06-28 01:05:05,724 alpha = 0.4
2015-06-28 01:05:05,724 gamma = 0.1
2015-06-28 01:05:05,724 individual factor = 8
2015-06-28 01:05:05,724 zero range = 0.006
2015-06-28 01:05:05,726 greedy level = 5
2015-06-28 01:05:05,726 

2015-06-28 01:05:07,414 Starting Training from 2014-12-17 to 2015-01-01
2015-06-28 01:10:58,196 Starting Live from 2015-01-02 to 2015-02-01
2015-06-28 01:25:19,121 Starting Training from 2015-01-17 to 2015-02-01
2015-06-28 01:26:10,440 Starting Live from 2015-02-02 to 2015-03-04
2015-06-28 01:40:53,709 Starting Training from 2015-02-17 to 2015-03-04
2015-06-28 01:41:45,250 Starting Live from 2015-03-05 to 2015-04-04
2015-06-28 01:58:20,970 Starting Training from 2015-03-20 to 2015-04-04
2015-06-28 01:59:43,683 Starting Live from 2015-04-05 to 2015-04-10
2015-06-28 02:04:24,329 Starting Q Learning for : 
2015-06-28 02:04:24,331 alpha = 0.4
2015-06-28 02:04:24,331 gamma = 0.2
2015-06-28 02:04:24,331 individual factor = 8
2015-06-28 02:04:24,331 zero range = 0.006
2015-06-28 02:04:24,331 greedy level = 5
2015-06-28 02:04:24,331 

2015-06-28 02:04:25,931 Starting Training from 2014-12-17 to 2015-01-01
2015-06-28 02:10:02,427 Starting Live from 2015-01-02 to 2015-02-01
2015-06-28 02:24:13,302 Starting Training from 2015-01-17 to 2015-02-01
2015-06-28 02:25:03,421 Starting Live from 2015-02-02 to 2015-03-04
2015-06-28 02:38:43,387 Starting Training from 2015-02-17 to 2015-03-04
2015-06-28 02:39:29,687 Starting Live from 2015-03-05 to 2015-04-04
2015-06-28 02:56:36,926 Starting Training from 2015-03-20 to 2015-04-04
2015-06-28 02:57:38,456 Starting Live from 2015-04-05 to 2015-04-10
2015-06-28 03:01:02,562 Starting Q Learning for : 
2015-06-28 03:01:02,562 alpha = 0.4
2015-06-28 03:01:02,562 gamma = 0.3
2015-06-28 03:01:02,562 individual factor = 8
2015-06-28 03:01:02,562 zero range = 0.006
2015-06-28 03:01:02,562 greedy level = 5
2015-06-28 03:01:02,562 

2015-06-28 03:01:04,118 Starting Training from 2014-12-17 to 2015-01-01
2015-06-28 03:07:27,203 Starting Live from 2015-01-02 to 2015-02-01
2015-06-28 03:21:06,726 Starting Training from 2015-01-17 to 2015-02-01
2015-06-28 03:21:56,654 Starting Live from 2015-02-02 to 2015-03-04
2015-06-28 03:36:20,630 Starting Training from 2015-02-17 to 2015-03-04
2015-06-28 03:37:13,012 Starting Live from 2015-03-05 to 2015-04-04
2015-06-28 03:55:12,821 Starting Training from 2015-03-20 to 2015-04-04
2015-06-28 03:56:12,390 Starting Live from 2015-04-05 to 2015-04-10
2015-06-28 04:00:10,486 Starting Q Learning for : 
2015-06-28 04:00:10,486 alpha = 0.4
2015-06-28 04:00:10,486 gamma = 0.4
2015-06-28 04:00:10,486 individual factor = 8
2015-06-28 04:00:10,486 zero range = 0.006
2015-06-28 04:00:10,486 greedy level = 5
2015-06-28 04:00:10,486 

2015-06-28 04:00:12,197 Starting Training from 2014-12-17 to 2015-01-01
2015-06-28 04:05:50,529 Starting Live from 2015-01-02 to 2015-02-01
2015-06-28 04:20:07,263 Starting Training from 2015-01-17 to 2015-02-01
2015-06-28 04:20:56,359 Starting Live from 2015-02-02 to 2015-03-04
2015-06-28 04:33:31,973 Starting Training from 2015-02-17 to 2015-03-04
2015-06-28 04:34:27,756 Starting Live from 2015-03-05 to 2015-04-04
2015-06-28 04:49:32,982 Starting Training from 2015-03-20 to 2015-04-04
2015-06-28 04:50:18,575 Starting Live from 2015-04-05 to 2015-04-10
2015-06-28 04:54:04,558 Starting Q Learning for : 
2015-06-28 04:54:04,559 alpha = 0.4
2015-06-28 04:54:04,559 gamma = 0.5
2015-06-28 04:54:04,559 individual factor = 8
2015-06-28 04:54:04,559 zero range = 0.006
2015-06-28 04:54:04,559 greedy level = 5
2015-06-28 04:54:04,559 

2015-06-28 04:54:07,759 Starting Training from 2014-12-17 to 2015-01-01
2015-06-28 05:00:29,253 Starting Live from 2015-01-02 to 2015-02-01
2015-06-28 05:13:47,118 Starting Training from 2015-01-17 to 2015-02-01
2015-06-28 05:14:35,278 Starting Live from 2015-02-02 to 2015-03-04
2015-06-28 05:29:14,746 Starting Training from 2015-02-17 to 2015-03-04
2015-06-28 05:30:01,453 Starting Live from 2015-03-05 to 2015-04-04
2015-06-28 05:52:59,375 Starting Training from 2015-03-20 to 2015-04-04
2015-06-28 05:54:14,223 Starting Live from 2015-04-05 to 2015-04-10
2015-06-28 06:00:30,671 Starting Q Learning for : 
2015-06-28 06:00:30,671 alpha = 0.4
2015-06-28 06:00:30,671 gamma = 0.6
2015-06-28 06:00:30,671 individual factor = 8
2015-06-28 06:00:30,671 zero range = 0.006
2015-06-28 06:00:30,673 greedy level = 5
2015-06-28 06:00:30,673 

2015-06-28 06:00:33,013 Starting Training from 2014-12-17 to 2015-01-01
2015-06-28 06:07:03,200 Starting Live from 2015-01-02 to 2015-02-01
2015-06-28 06:20:12,500 Starting Training from 2015-01-17 to 2015-02-01
2015-06-28 06:21:00,555 Starting Live from 2015-02-02 to 2015-03-04
2015-06-28 06:34:03,107 Starting Training from 2015-02-17 to 2015-03-04
2015-06-28 06:34:58,332 Starting Live from 2015-03-05 to 2015-04-04
2015-06-28 06:49:55,444 Starting Training from 2015-03-20 to 2015-04-04
2015-06-28 06:51:14,267 Starting Live from 2015-04-05 to 2015-04-10
2015-06-28 06:55:44,282 Starting Q Learning for : 
2015-06-28 06:55:44,282 alpha = 0.4
2015-06-28 06:55:44,282 gamma = 0.7
2015-06-28 06:55:44,282 individual factor = 8
2015-06-28 06:55:44,282 zero range = 0.006
2015-06-28 06:55:44,282 greedy level = 5
2015-06-28 06:55:44,282 

2015-06-28 06:55:46,335 Starting Training from 2014-12-17 to 2015-01-01
2015-06-28 07:01:23,121 Starting Live from 2015-01-02 to 2015-02-01
2015-06-28 07:14:02,983 Starting Training from 2015-01-17 to 2015-02-01
2015-06-28 07:14:57,433 Starting Live from 2015-02-02 to 2015-03-04
2015-06-28 07:22:45,125 Starting Training from 2015-02-17 to 2015-03-04
2015-06-28 07:24:47,539 Starting Live from 2015-03-05 to 2015-04-04
2015-06-28 07:35:26,875 Starting Training from 2015-03-20 to 2015-04-04
2015-06-28 07:37:16,138 Starting Live from 2015-04-05 to 2015-04-10
2015-06-28 07:39:20,933 Starting Q Learning for : 
2015-06-28 07:39:20,934 alpha = 0.4
2015-06-28 07:39:20,934 gamma = 0.8
2015-06-28 07:39:20,934 individual factor = 8
2015-06-28 07:39:20,934 zero range = 0.006
2015-06-28 07:39:20,934 greedy level = 5
2015-06-28 07:39:20,934 

2015-06-28 07:39:23,450 Starting Training from 2014-12-17 to 2015-01-01
2015-06-28 07:44:55,404 Starting Live from 2015-01-02 to 2015-02-01
2015-06-28 07:55:37,980 Starting Training from 2015-01-17 to 2015-02-01
2015-06-28 07:56:40,272 Starting Live from 2015-02-02 to 2015-03-04
2015-06-28 08:03:27,464 Starting Training from 2015-02-17 to 2015-03-04
2015-06-28 08:05:57,088 Starting Live from 2015-03-05 to 2015-04-04
2015-06-28 08:14:42,584 Starting Training from 2015-03-20 to 2015-04-04
2015-06-28 08:16:30,992 Starting Live from 2015-04-05 to 2015-04-10
2015-06-28 08:18:37,345 Starting Q Learning for : 
2015-06-28 08:18:37,345 alpha = 0.2
2015-06-28 08:18:37,345 gamma = 0.1
2015-06-28 08:18:37,345 individual factor = 8
2015-06-28 08:18:37,345 zero range = 0.006
2015-06-28 08:18:37,345 greedy level = 5
2015-06-28 08:18:37,345 

2015-06-28 08:18:40,808 Starting Training from 2014-12-17 to 2015-01-01
2015-06-28 08:24:46,729 Starting Live from 2015-01-02 to 2015-02-01
2015-06-28 08:37:44,845 Starting Training from 2015-01-17 to 2015-02-01
2015-06-28 08:38:32,490 Starting Live from 2015-02-02 to 2015-03-04
2015-06-28 08:52:36,328 Starting Training from 2015-02-17 to 2015-03-04
2015-06-28 08:53:18,200 Starting Live from 2015-03-05 to 2015-04-04
2015-06-28 09:09:24,516 Starting Training from 2015-03-20 to 2015-04-04
2015-06-28 09:10:20,607 Starting Live from 2015-04-05 to 2015-04-10
2015-06-28 09:14:15,460 Starting Q Learning for : 
2015-06-28 09:14:15,460 alpha = 0.2
2015-06-28 09:14:15,460 gamma = 0.2
2015-06-28 09:14:15,460 individual factor = 8
2015-06-28 09:14:15,460 zero range = 0.006
2015-06-28 09:14:15,460 greedy level = 5
2015-06-28 09:14:15,460 

2015-06-28 09:14:17,732 Starting Training from 2014-12-17 to 2015-01-01
2015-06-28 09:19:48,321 Starting Live from 2015-01-02 to 2015-02-01
2015-06-28 09:33:55,993 Starting Training from 2015-01-17 to 2015-02-01
2015-06-28 09:34:46,559 Starting Live from 2015-02-02 to 2015-03-04
2015-06-28 09:47:05,799 Starting Training from 2015-02-17 to 2015-03-04
2015-06-28 09:47:49,487 Starting Live from 2015-03-05 to 2015-04-04
2015-06-28 10:02:05,605 Starting Training from 2015-03-20 to 2015-04-04
2015-06-28 10:03:01,964 Starting Live from 2015-04-05 to 2015-04-10
2015-06-28 10:05:59,221 Starting Q Learning for : 
2015-06-28 10:05:59,221 alpha = 0.2
2015-06-28 10:05:59,221 gamma = 0.3
2015-06-28 10:05:59,221 individual factor = 8
2015-06-28 10:05:59,221 zero range = 0.006
2015-06-28 10:05:59,223 greedy level = 5
2015-06-28 10:05:59,223 

2015-06-28 10:06:02,250 Starting Training from 2014-12-17 to 2015-01-01
2015-06-28 10:11:36,513 Starting Live from 2015-01-02 to 2015-02-01
2015-06-28 10:25:21,625 Starting Training from 2015-01-17 to 2015-02-01
2015-06-28 10:26:11,301 Starting Live from 2015-02-02 to 2015-03-04
2015-06-28 10:39:24,426 Starting Training from 2015-02-17 to 2015-03-04
2015-06-28 10:40:11,489 Starting Live from 2015-03-05 to 2015-04-04
2015-06-28 10:55:17,431 Starting Training from 2015-03-20 to 2015-04-04
2015-06-28 10:55:59,838 Starting Live from 2015-04-05 to 2015-04-10
2015-06-28 11:00:37,716 Starting Q Learning for : 
2015-06-28 11:00:37,716 alpha = 0.2
2015-06-28 11:00:37,717 gamma = 0.4
2015-06-28 11:00:37,717 individual factor = 8
2015-06-28 11:00:37,717 zero range = 0.006
2015-06-28 11:00:37,717 greedy level = 5
2015-06-28 11:00:37,717 

2015-06-28 11:00:41,607 Starting Training from 2014-12-17 to 2015-01-01
2015-06-28 11:06:15,086 Starting Live from 2015-01-02 to 2015-02-01
2015-06-28 11:19:14,081 Starting Training from 2015-01-17 to 2015-02-01
2015-06-28 11:20:14,063 Starting Live from 2015-02-02 to 2015-03-04
2015-06-28 11:31:36,549 Starting Training from 2015-02-17 to 2015-03-04
2015-06-28 11:32:23,966 Starting Live from 2015-03-05 to 2015-04-04
2015-06-28 11:44:50,187 Starting Training from 2015-03-20 to 2015-04-04
2015-06-28 11:45:44,081 Starting Live from 2015-04-05 to 2015-04-10
2015-06-28 11:47:58,563 Starting Q Learning for : 
2015-06-28 11:47:58,563 alpha = 0.2
2015-06-28 11:47:58,563 gamma = 0.5
2015-06-28 11:47:58,563 individual factor = 8
2015-06-28 11:47:58,563 zero range = 0.006
2015-06-28 11:47:58,563 greedy level = 5
2015-06-28 11:47:58,563 

2015-06-28 11:48:01,256 Starting Training from 2014-12-17 to 2015-01-01
2015-06-28 11:52:39,150 Starting Live from 2015-01-02 to 2015-02-01
2015-06-28 12:03:35,032 Starting Training from 2015-01-17 to 2015-02-01
2015-06-28 12:04:21,994 Starting Live from 2015-02-02 to 2015-03-04
2015-06-28 12:16:08,505 Starting Training from 2015-02-17 to 2015-03-04
2015-06-28 12:16:48,533 Starting Live from 2015-03-05 to 2015-04-04
2015-06-28 12:30:42,091 Starting Training from 2015-03-20 to 2015-04-04
2015-06-28 12:31:30,706 Starting Live from 2015-04-05 to 2015-04-10
2015-06-28 12:35:25,454 Starting Q Learning for : 
2015-06-28 12:35:25,456 alpha = 0.2
2015-06-28 12:35:25,456 gamma = 0.6
2015-06-28 12:35:25,456 individual factor = 8
2015-06-28 12:35:25,456 zero range = 0.006
2015-06-28 12:35:25,456 greedy level = 5
2015-06-28 12:35:25,456 

2015-06-28 12:35:27,857 Starting Training from 2014-12-17 to 2015-01-01
2015-06-28 12:40:17,486 Starting Live from 2015-01-02 to 2015-02-01
2015-06-28 12:52:27,940 Starting Training from 2015-01-17 to 2015-02-01
2015-06-28 12:53:20,342 Starting Live from 2015-02-02 to 2015-03-04
2015-06-28 13:04:57,467 Starting Training from 2015-02-17 to 2015-03-04
2015-06-28 13:05:32,701 Starting Live from 2015-03-05 to 2015-04-04
2015-06-28 13:18:06,832 Starting Training from 2015-03-20 to 2015-04-04
2015-06-28 13:18:57,615 Starting Live from 2015-04-05 to 2015-04-10
2015-06-28 13:22:37,651 Starting Q Learning for : 
2015-06-28 13:22:37,651 alpha = 0.6
2015-06-28 13:22:37,651 gamma = 0.3
2015-06-28 13:22:37,651 individual factor = 8
2015-06-28 13:22:37,653 zero range = 0.01
2015-06-28 13:22:37,653 greedy level = 5
2015-06-28 13:22:37,653 

2015-06-28 13:22:38,908 Starting Training from 2014-12-17 to 2015-01-01
2015-06-28 13:27:27,980 Starting Live from 2015-01-02 to 2015-02-01
2015-06-28 13:39:41,456 Starting Training from 2015-01-17 to 2015-02-01
2015-06-28 13:40:21,345 Starting Live from 2015-02-02 to 2015-03-04
2015-06-28 13:51:13,220 Starting Training from 2015-02-17 to 2015-03-04
2015-06-28 13:51:50,637 Starting Live from 2015-03-05 to 2015-04-04
2015-06-28 14:07:52,670 Starting Training from 2015-03-20 to 2015-04-04
2015-06-28 14:08:43,002 Starting Live from 2015-04-05 to 2015-04-10
2015-06-28 14:11:29,549 Starting Q Learning for : 
2015-06-28 14:11:29,549 alpha = 0.6
2015-06-28 14:11:29,549 gamma = 0.4
2015-06-28 14:11:29,549 individual factor = 8
2015-06-28 14:11:29,549 zero range = 0.01
2015-06-28 14:11:29,549 greedy level = 5
2015-06-28 14:11:29,549 

2015-06-28 14:11:30,911 Starting Training from 2014-12-17 to 2015-01-01
2015-06-28 14:16:13,375 Starting Live from 2015-01-02 to 2015-02-01
2015-06-28 14:28:53,470 Starting Training from 2015-01-17 to 2015-02-01
2015-06-28 14:29:40,003 Starting Live from 2015-02-02 to 2015-03-04
2015-06-28 14:40:13,795 Starting Training from 2015-02-17 to 2015-03-04
2015-06-28 14:40:49,219 Starting Live from 2015-03-05 to 2015-04-04
2015-06-28 14:57:52,499 Starting Training from 2015-03-20 to 2015-04-04
2015-06-28 14:58:30,250 Starting Live from 2015-04-05 to 2015-04-10
2015-06-28 15:01:18,252 Starting Q Learning for : 
2015-06-28 15:01:18,253 alpha = 0.6
2015-06-28 15:01:18,253 gamma = 0.5
2015-06-28 15:01:18,253 individual factor = 8
2015-06-28 15:01:18,253 zero range = 0.01
2015-06-28 15:01:18,253 greedy level = 5
2015-06-28 15:01:18,253 

2015-06-28 15:01:19,594 Starting Training from 2014-12-17 to 2015-01-01
2015-06-28 15:07:02,651 Starting Live from 2015-01-02 to 2015-02-01
2015-06-28 15:21:21,295 Starting Training from 2015-01-17 to 2015-02-01
2015-06-28 15:22:08,779 Starting Live from 2015-02-02 to 2015-03-04
2015-06-28 15:35:25,433 Starting Training from 2015-02-17 to 2015-03-04
2015-06-28 15:36:15,730 Starting Live from 2015-03-05 to 2015-04-04
2015-06-28 15:50:31,214 Starting Training from 2015-03-20 to 2015-04-04
2015-06-28 15:51:28,369 Starting Live from 2015-04-05 to 2015-04-10
2015-06-28 15:56:34,558 Starting Q Learning for : 
2015-06-28 15:56:34,558 alpha = 0.6
2015-06-28 15:56:34,558 gamma = 0.6
2015-06-28 15:56:34,558 individual factor = 8
2015-06-28 15:56:34,558 zero range = 0.01
2015-06-28 15:56:34,558 greedy level = 5
2015-06-28 15:56:34,558 

2015-06-28 15:56:36,578 Starting Training from 2014-12-17 to 2015-01-01
2015-06-28 16:02:05,562 Starting Live from 2015-01-02 to 2015-02-01
2015-06-28 16:15:19,140 Starting Training from 2015-01-17 to 2015-02-01
2015-06-28 16:16:19,825 Starting Live from 2015-02-02 to 2015-03-04
2015-06-28 16:28:59,927 Starting Training from 2015-02-17 to 2015-03-04
2015-06-28 16:29:43,763 Starting Live from 2015-03-05 to 2015-04-04
2015-06-28 16:50:44,763 Starting Training from 2015-03-20 to 2015-04-04
2015-06-28 16:51:30,128 Starting Live from 2015-04-05 to 2015-04-10
2015-06-28 16:54:09,022 Starting Q Learning for : 
2015-06-28 16:54:09,022 alpha = 0.6
2015-06-28 16:54:09,022 gamma = 0.7
2015-06-28 16:54:09,022 individual factor = 8
2015-06-28 16:54:09,022 zero range = 0.01
2015-06-28 16:54:09,022 greedy level = 5
2015-06-28 16:54:09,022 

2015-06-28 16:54:10,467 Starting Training from 2014-12-17 to 2015-01-01
2015-06-28 16:59:32,318 Starting Live from 2015-01-02 to 2015-02-01
2015-06-28 17:11:50,592 Starting Training from 2015-01-17 to 2015-02-01
2015-06-28 17:12:36,385 Starting Live from 2015-02-02 to 2015-03-04
2015-06-28 17:20:43,266 Starting Training from 2015-02-17 to 2015-03-04
2015-06-28 17:22:41,500 Starting Live from 2015-03-05 to 2015-04-04
2015-06-28 17:34:30,394 Starting Training from 2015-03-20 to 2015-04-04
2015-06-28 17:35:36,111 Starting Live from 2015-04-05 to 2015-04-10
2015-06-28 17:37:42,345 Starting Q Learning for : 
2015-06-28 17:37:42,345 alpha = 0.6
2015-06-28 17:37:42,345 gamma = 0.8
2015-06-28 17:37:42,345 individual factor = 8
2015-06-28 17:37:42,345 zero range = 0.01
2015-06-28 17:37:42,345 greedy level = 5
2015-06-28 17:37:42,345 

2015-06-28 17:37:44,319 Starting Training from 2014-12-17 to 2015-01-01
2015-06-28 17:43:00,522 Starting Live from 2015-01-02 to 2015-02-01
2015-06-28 17:54:07,677 Starting Training from 2015-01-17 to 2015-02-01
2015-06-28 17:54:54,150 Starting Live from 2015-02-02 to 2015-03-04
2015-06-28 18:00:33,983 Starting Training from 2015-02-17 to 2015-03-04
2015-06-28 18:03:15,486 Starting Live from 2015-03-05 to 2015-04-04
2015-06-28 18:12:56,398 Starting Training from 2015-03-20 to 2015-04-04
2015-06-28 18:14:31,065 Starting Live from 2015-04-05 to 2015-04-10
2015-06-28 18:16:10,999 Starting Q Learning for : 
2015-06-28 18:16:10,999 alpha = 0.4
2015-06-28 18:16:10,999 gamma = 0.1
2015-06-28 18:16:10,999 individual factor = 8
2015-06-28 18:16:10,999 zero range = 0.01
2015-06-28 18:16:10,999 greedy level = 5
2015-06-28 18:16:10,999 

2015-06-28 18:16:12,740 Starting Training from 2014-12-17 to 2015-01-01
2015-06-28 18:21:32,380 Starting Live from 2015-01-02 to 2015-02-01
2015-06-28 18:35:10,808 Starting Training from 2015-01-17 to 2015-02-01
2015-06-28 18:35:59,828 Starting Live from 2015-02-02 to 2015-03-04
2015-06-28 18:49:48,782 Starting Training from 2015-02-17 to 2015-03-04
2015-06-28 18:50:35,272 Starting Live from 2015-03-05 to 2015-04-04
2015-06-28 19:24:12,194 Starting Training from 2015-03-20 to 2015-04-04
2015-06-28 19:24:58,003 Starting Live from 2015-04-05 to 2015-04-10
2015-06-28 19:32:09,798 Starting Q Learning for : 
2015-06-28 19:32:09,798 alpha = 0.4
2015-06-28 19:32:09,798 gamma = 0.2
2015-06-28 19:32:09,799 individual factor = 8
2015-06-28 19:32:09,799 zero range = 0.01
2015-06-28 19:32:09,799 greedy level = 5
2015-06-28 19:32:09,799 

2015-06-28 19:32:11,796 Starting Training from 2014-12-17 to 2015-01-01
2015-06-28 19:37:32,336 Starting Live from 2015-01-02 to 2015-02-01
2015-06-28 19:51:07,286 Starting Training from 2015-01-17 to 2015-02-01
2015-06-28 19:51:54,444 Starting Live from 2015-02-02 to 2015-03-04
2015-06-28 20:04:28,982 Starting Training from 2015-02-17 to 2015-03-04
2015-06-28 20:05:33,831 Starting Live from 2015-03-05 to 2015-04-04
2015-06-28 20:22:21,401 Starting Training from 2015-03-20 to 2015-04-04
2015-06-28 20:23:03,628 Starting Live from 2015-04-05 to 2015-04-10
2015-06-28 20:26:58,612 Starting Q Learning for : 
2015-06-28 20:26:58,612 alpha = 0.4
2015-06-28 20:26:58,612 gamma = 0.3
2015-06-28 20:26:58,612 individual factor = 8
2015-06-28 20:26:58,612 zero range = 0.01
2015-06-28 20:26:58,612 greedy level = 5
2015-06-28 20:26:58,612 

2015-06-28 20:27:01,283 Starting Training from 2014-12-17 to 2015-01-01
2015-06-28 20:32:46,256 Starting Live from 2015-01-02 to 2015-02-01
2015-06-28 20:45:22,211 Starting Training from 2015-01-17 to 2015-02-01
2015-06-28 20:46:07,298 Starting Live from 2015-02-02 to 2015-03-04
2015-06-28 21:01:09,967 Starting Training from 2015-02-17 to 2015-03-04
2015-06-28 21:01:53,226 Starting Live from 2015-03-05 to 2015-04-04
2015-06-28 21:39:42,778 Starting Training from 2015-03-20 to 2015-04-04
2015-06-28 21:40:28,029 Starting Live from 2015-04-05 to 2015-04-10
2015-06-28 21:47:31,770 Starting Q Learning for : 
2015-06-28 21:47:31,770 alpha = 0.4
2015-06-28 21:47:31,770 gamma = 0.4
2015-06-28 21:47:31,770 individual factor = 8
2015-06-28 21:47:31,770 zero range = 0.01
2015-06-28 21:47:31,770 greedy level = 5
2015-06-28 21:47:31,770 

2015-06-28 21:47:34,250 Starting Training from 2014-12-17 to 2015-01-01
2015-06-28 21:52:52,196 Starting Live from 2015-01-02 to 2015-02-01
2015-06-28 22:06:21,657 Starting Training from 2015-01-17 to 2015-02-01
2015-06-28 22:07:08,828 Starting Live from 2015-02-02 to 2015-03-04
