2015-06-20 10:55:07,788 Starting Q Learning for : 
2015-06-20 10:55:07,788 alpha = 0.2
2015-06-20 10:55:07,788 gamma = 0.4
2015-06-20 10:55:07,788 individual factor = 8
2015-06-20 10:55:07,788 zero range = 0.002
2015-06-20 10:55:07,788 greedy level = 5
2015-06-20 10:55:07,788 

2015-06-20 10:55:19,414 Starting Training from 2014-12-17 to 2015-01-01
2015-06-20 11:07:18,460 Starting Live from 2015-01-02 to 2015-02-01
2015-06-20 11:27:52,048 Starting Training from 2015-01-17 to 2015-02-01
2015-06-20 11:28:52,714 Starting Live from 2015-02-02 to 2015-03-04
2015-06-20 11:52:59,834 Starting Training from 2015-02-17 to 2015-03-04
2015-06-20 11:55:05,315 Starting Live from 2015-03-05 to 2015-04-04
2015-06-20 12:27:08,434 Starting Training from 2015-03-20 to 2015-04-04
2015-06-20 12:28:13,130 Starting Live from 2015-04-05 to 2015-04-10
2015-06-20 12:37:14,489 Starting Q Learning for : 
2015-06-20 12:37:14,489 alpha = 0.2
2015-06-20 12:37:14,489 gamma = 0.5
2015-06-20 12:37:14,489 individual factor = 8
2015-06-20 12:37:14,489 zero range = 0.002
2015-06-20 12:37:14,490 greedy level = 5
2015-06-20 12:37:14,490 

2015-06-20 12:37:20,091 Starting Training from 2014-12-17 to 2015-01-01
2015-06-20 12:48:30,217 Starting Live from 2015-01-02 to 2015-02-01
2015-06-20 13:09:34,457 Starting Training from 2015-01-17 to 2015-02-01
2015-06-20 13:10:36,765 Starting Live from 2015-02-02 to 2015-03-04
2015-06-20 13:35:31,611 Starting Training from 2015-02-17 to 2015-03-04
2015-06-20 13:37:01,822 Starting Live from 2015-03-05 to 2015-04-04
2015-06-20 14:05:27,043 Starting Training from 2015-03-20 to 2015-04-04
2015-06-20 14:06:49,515 Starting Live from 2015-04-05 to 2015-04-10
2015-06-20 14:16:06,131 Starting Q Learning for : 
2015-06-20 14:16:06,131 alpha = 0.2
2015-06-20 14:16:06,131 gamma = 0.6
2015-06-20 14:16:06,131 individual factor = 8
2015-06-20 14:16:06,131 zero range = 0.002
2015-06-20 14:16:06,131 greedy level = 5
2015-06-20 14:16:06,131 

2015-06-20 14:16:12,232 Starting Training from 2014-12-17 to 2015-01-01
2015-06-20 14:26:26,625 Starting Live from 2015-01-02 to 2015-02-01
2015-06-20 14:46:47,822 Starting Training from 2015-01-17 to 2015-02-01
2015-06-20 14:47:49,117 Starting Live from 2015-02-02 to 2015-03-04
2015-06-20 15:11:08,164 Starting Training from 2015-02-17 to 2015-03-04
2015-06-20 15:12:53,388 Starting Live from 2015-03-05 to 2015-04-04
2015-06-20 15:40:52,740 Starting Training from 2015-03-20 to 2015-04-04
2015-06-20 15:42:05,339 Starting Live from 2015-04-05 to 2015-04-10
2015-06-20 15:50:10,012 Starting Q Learning for : 
2015-06-20 15:50:10,013 alpha = 0.4
2015-06-20 15:50:10,013 gamma = 0.5
2015-06-20 15:50:10,013 individual factor = 8
2015-06-20 15:50:10,013 zero range = 0.002
2015-06-20 15:50:10,013 greedy level = 5
2015-06-20 15:50:10,013 

2015-06-20 15:50:14,328 Starting Training from 2014-12-17 to 2015-01-01
2015-06-20 16:00:37,384 Starting Live from 2015-01-02 to 2015-02-01
2015-06-20 16:19:33,506 Starting Training from 2015-01-17 to 2015-02-01
2015-06-20 16:20:38,604 Starting Live from 2015-02-02 to 2015-03-04
2015-06-20 16:41:36,503 Starting Training from 2015-02-17 to 2015-03-04
2015-06-20 16:43:41,263 Starting Live from 2015-03-05 to 2015-04-04
2015-06-20 17:08:57,993 Starting Training from 2015-03-20 to 2015-04-04
2015-06-20 17:10:02,782 Starting Live from 2015-04-05 to 2015-04-10
2015-06-20 17:17:18,634 Starting Q Learning for : 
2015-06-20 17:17:18,634 alpha = 0.4
2015-06-20 17:17:18,634 gamma = 0.6
2015-06-20 17:17:18,634 individual factor = 8
2015-06-20 17:17:18,634 zero range = 0.002
2015-06-20 17:17:18,634 greedy level = 5
2015-06-20 17:17:18,634 

2015-06-20 17:17:23,562 Starting Training from 2014-12-17 to 2015-01-01
2015-06-20 17:27:21,288 Starting Live from 2015-01-02 to 2015-02-01
2015-06-20 17:45:57,894 Starting Training from 2015-01-17 to 2015-02-01
2015-06-20 17:46:55,411 Starting Live from 2015-02-02 to 2015-03-04
2015-06-20 18:08:25,907 Starting Training from 2015-02-17 to 2015-03-04
2015-06-20 18:10:06,671 Starting Live from 2015-03-05 to 2015-04-04
2015-06-20 18:36:54,450 Starting Training from 2015-03-20 to 2015-04-04
2015-06-20 18:37:57,032 Starting Live from 2015-04-05 to 2015-04-10
2015-06-20 18:45:56,329 Starting Q Learning for : 
2015-06-20 18:45:56,329 alpha = 0.4
2015-06-20 18:45:56,329 gamma = 0.7
2015-06-20 18:45:56,329 individual factor = 8
2015-06-20 18:45:56,329 zero range = 0.002
2015-06-20 18:45:56,329 greedy level = 5
2015-06-20 18:45:56,329 

2015-06-20 18:46:02,019 Starting Training from 2014-12-17 to 2015-01-01
2015-06-20 18:55:54,170 Starting Live from 2015-01-02 to 2015-02-01
2015-06-20 19:14:07,259 Starting Training from 2015-01-17 to 2015-02-01
2015-06-20 19:15:04,226 Starting Live from 2015-02-02 to 2015-03-04
2015-06-20 19:35:38,272 Starting Training from 2015-02-17 to 2015-03-04
2015-06-20 19:37:49,832 Starting Live from 2015-03-05 to 2015-04-04
2015-06-20 19:55:08,091 Starting Training from 2015-03-20 to 2015-04-04
2015-06-20 19:57:43,121 Starting Live from 2015-04-05 to 2015-04-10
2015-06-20 20:03:05,244 Starting Q Learning for : 
2015-06-20 20:03:05,244 alpha = 0.6
2015-06-20 20:03:05,244 gamma = 0.3
2015-06-20 20:03:05,244 individual factor = 8
2015-06-20 20:03:05,244 zero range = 0.002
2015-06-20 20:03:05,244 greedy level = 5
2015-06-20 20:03:05,244 

2015-06-20 20:03:10,404 Starting Training from 2014-12-17 to 2015-01-01
2015-06-20 20:12:15,941 Starting Live from 2015-01-02 to 2015-02-01
2015-06-20 20:30:36,368 Starting Training from 2015-01-17 to 2015-02-01
2015-06-20 20:31:29,869 Starting Live from 2015-02-02 to 2015-03-04
2015-06-20 20:54:35,309 Starting Training from 2015-02-17 to 2015-03-04
2015-06-20 20:55:53,026 Starting Live from 2015-03-05 to 2015-04-04
2015-06-20 21:29:40,953 Starting Training from 2015-03-20 to 2015-04-04
2015-06-20 21:30:44,736 Starting Live from 2015-04-05 to 2015-04-10
2015-06-20 21:39:21,555 Starting Q Learning for : 
2015-06-20 21:39:21,555 alpha = 0.6
2015-06-20 21:39:21,555 gamma = 0.4
2015-06-20 21:39:21,555 individual factor = 8
2015-06-20 21:39:21,555 zero range = 0.002
2015-06-20 21:39:21,556 greedy level = 5
2015-06-20 21:39:21,556 

2015-06-20 21:39:26,180 Starting Training from 2014-12-17 to 2015-01-01
2015-06-20 21:49:22,530 Starting Live from 2015-01-02 to 2015-02-01
2015-06-20 22:08:33,471 Starting Training from 2015-01-17 to 2015-02-01
2015-06-20 22:09:30,428 Starting Live from 2015-02-02 to 2015-03-04
2015-06-20 22:32:56,125 Starting Training from 2015-02-17 to 2015-03-04
2015-06-20 22:34:13,506 Starting Live from 2015-03-05 to 2015-04-04
2015-06-20 23:01:40,878 Starting Training from 2015-03-20 to 2015-04-04
2015-06-20 23:02:43,746 Starting Live from 2015-04-05 to 2015-04-10
2015-06-20 23:11:52,739 Starting Q Learning for : 
2015-06-20 23:11:52,739 alpha = 0.6
2015-06-20 23:11:52,739 gamma = 0.5
2015-06-20 23:11:52,739 individual factor = 8
2015-06-20 23:11:52,740 zero range = 0.002
2015-06-20 23:11:52,740 greedy level = 5
2015-06-20 23:11:52,740 

2015-06-20 23:11:59,460 Starting Training from 2014-12-17 to 2015-01-01
2015-06-20 23:21:35,194 Starting Live from 2015-01-02 to 2015-02-01
2015-06-20 23:43:07,680 Starting Training from 2015-01-17 to 2015-02-01
2015-06-20 23:44:15,256 Starting Live from 2015-02-02 to 2015-03-04
2015-06-21 00:11:17,723 Starting Training from 2015-02-17 to 2015-03-04
2015-06-21 00:13:29,158 Starting Live from 2015-03-05 to 2015-04-04
2015-06-21 00:49:06,490 Starting Training from 2015-03-20 to 2015-04-04
2015-06-21 00:50:33,648 Starting Live from 2015-04-05 to 2015-04-10
2015-06-21 01:00:35,970 Starting Q Learning for : 
2015-06-21 01:00:35,971 alpha = 0.8
2015-06-21 01:00:35,971 gamma = 0.7
2015-06-21 01:00:35,971 individual factor = 8
2015-06-21 01:00:35,971 zero range = 0.002
2015-06-21 01:00:35,971 greedy level = 5
2015-06-21 01:00:35,971 

2015-06-21 01:00:41,236 Starting Training from 2014-12-17 to 2015-01-01
2015-06-21 01:12:28,948 Starting Live from 2015-01-02 to 2015-02-01
2015-06-21 01:35:17,684 Starting Training from 2015-01-17 to 2015-02-01
2015-06-21 01:36:41,250 Starting Live from 2015-02-02 to 2015-03-04
2015-06-21 01:58:29,019 Starting Training from 2015-02-17 to 2015-03-04
2015-06-21 02:01:47,592 Starting Live from 2015-03-05 to 2015-04-04
2015-06-21 02:30:50,967 Starting Training from 2015-03-20 to 2015-04-04
2015-06-21 02:33:01,232 Starting Live from 2015-04-05 to 2015-04-10
2015-06-21 02:42:04,309 Starting Q Learning for : 
2015-06-21 02:42:04,309 alpha = 0.8
2015-06-21 02:42:04,311 gamma = 0.8
2015-06-21 02:42:04,311 individual factor = 8
2015-06-21 02:42:04,311 zero range = 0.002
2015-06-21 02:42:04,311 greedy level = 5
2015-06-21 02:42:04,311 

2015-06-21 02:42:09,249 Starting Training from 2014-12-17 to 2015-01-01
2015-06-21 02:52:39,232 Starting Live from 2015-01-02 to 2015-02-01
2015-06-21 03:10:58,446 Starting Training from 2015-01-17 to 2015-02-01
2015-06-21 03:12:01,556 Starting Live from 2015-02-02 to 2015-03-04
2015-06-21 03:26:26,655 Starting Training from 2015-02-17 to 2015-03-04
2015-06-21 03:30:59,061 Starting Live from 2015-03-05 to 2015-04-04
2015-06-21 03:48:59,243 Starting Training from 2015-03-20 to 2015-04-04
2015-06-21 03:51:50,197 Starting Live from 2015-04-05 to 2015-04-10
