2015-06-20 02:12:23,512 Starting Q Learning for : 
2015-06-20 02:12:23,512 alpha = 0.5
2015-06-20 02:12:23,512 gamma = 0.1
2015-06-20 02:12:23,512 individual factor = 8
2015-06-20 02:12:23,512 zero range = 0.002
2015-06-20 02:12:23,512 greedy level = 5
2015-06-20 02:12:23,512 

2015-06-20 02:12:33,276 Starting Training from 2014-12-17 to 2015-01-01
2015-06-20 02:22:25,700 Starting Live from 2015-01-02 to 2015-02-01
2015-06-20 02:41:53,855 Starting Training from 2015-01-17 to 2015-02-01
2015-06-20 02:42:51,117 Starting Live from 2015-02-02 to 2015-03-04
2015-06-20 03:07:27,917 Starting Training from 2015-02-17 to 2015-03-04
2015-06-20 03:09:12,279 Starting Live from 2015-03-05 to 2015-04-04
2015-06-20 03:41:56,293 Starting Training from 2015-03-20 to 2015-04-04
2015-06-20 03:43:06,009 Starting Live from 2015-04-05 to 2015-04-10
2015-06-20 03:52:54,480 Starting Q Learning for : 
2015-06-20 03:52:54,480 alpha = 0.5
2015-06-20 03:52:54,480 gamma = 0.3
2015-06-20 03:52:54,480 individual factor = 8
2015-06-20 03:52:54,480 zero range = 0.002
2015-06-20 03:52:54,480 greedy level = 5
2015-06-20 03:52:54,480 

2015-06-20 03:53:00,654 Starting Training from 2014-12-17 to 2015-01-01
2015-06-20 04:02:46,335 Starting Live from 2015-01-02 to 2015-02-01
2015-06-20 04:22:40,411 Starting Training from 2015-01-17 to 2015-02-01
2015-06-20 04:23:39,512 Starting Live from 2015-02-02 to 2015-03-04
2015-06-20 04:47:20,141 Starting Training from 2015-02-17 to 2015-03-04
2015-06-20 04:48:55,996 Starting Live from 2015-03-05 to 2015-04-04
2015-06-20 05:18:18,397 Starting Training from 2015-03-20 to 2015-04-04
2015-06-20 05:19:22,058 Starting Live from 2015-04-05 to 2015-04-10
2015-06-20 05:27:39,562 Starting Q Learning for : 
2015-06-20 05:27:39,562 alpha = 0.5
2015-06-20 05:27:39,562 gamma = 0.6
2015-06-20 05:27:39,562 individual factor = 8
2015-06-20 05:27:39,562 zero range = 0.002
2015-06-20 05:27:39,562 greedy level = 5
2015-06-20 05:27:39,562 

2015-06-20 05:27:44,510 Starting Training from 2014-12-17 to 2015-01-01
2015-06-20 05:38:15,811 Starting Live from 2015-01-02 to 2015-02-01
2015-06-20 05:58:11,385 Starting Training from 2015-01-17 to 2015-02-01
2015-06-20 05:59:28,661 Starting Live from 2015-02-02 to 2015-03-04
2015-06-20 06:23:45,194 Starting Training from 2015-02-17 to 2015-03-04
2015-06-20 06:25:08,039 Starting Live from 2015-03-05 to 2015-04-04
2015-06-20 06:52:00,703 Starting Training from 2015-03-20 to 2015-04-04
2015-06-20 06:53:11,891 Starting Live from 2015-04-05 to 2015-04-10
2015-06-20 07:01:06,903 Starting Q Learning for : 
2015-06-20 07:01:06,903 alpha = 0.5
2015-06-20 07:01:06,903 gamma = 0.7
2015-06-20 07:01:06,903 individual factor = 8
2015-06-20 07:01:06,903 zero range = 0.002
2015-06-20 07:01:06,903 greedy level = 5
2015-06-20 07:01:06,903 

2015-06-20 07:01:13,878 Starting Training from 2014-12-17 to 2015-01-01
2015-06-20 07:11:41,132 Starting Live from 2015-01-02 to 2015-02-01
2015-06-20 07:31:31,022 Starting Training from 2015-01-17 to 2015-02-01
2015-06-20 07:32:34,362 Starting Live from 2015-02-02 to 2015-03-04
2015-06-20 07:54:22,454 Starting Training from 2015-02-17 to 2015-03-04
2015-06-20 07:56:24,927 Starting Live from 2015-03-05 to 2015-04-04
2015-06-20 08:17:47,216 Starting Training from 2015-03-20 to 2015-04-04
2015-06-20 08:19:48,783 Starting Live from 2015-04-05 to 2015-04-10
