2015-06-22 16:17:33,676 Starting Q Learning for : 
2015-06-22 16:17:33,676 alpha = 0.5
2015-06-22 16:17:33,676 gamma = 0.8
2015-06-22 16:17:33,677 individual factor = 12
2015-06-22 16:17:33,677 zero range = 0.006
2015-06-22 16:17:33,677 greedy level = 10
2015-06-22 16:17:33,677 

2015-06-22 16:17:36,742 Starting Training from 2014-12-17 to 2015-01-01
2015-06-22 16:28:36,451 Starting Live from 2015-01-02 to 2015-02-01
2015-06-22 16:58:45,401 Starting Training from 2015-01-17 to 2015-02-01
2015-06-22 17:00:27,388 Starting Live from 2015-02-02 to 2015-03-04
2015-06-22 17:27:23,611 Starting Training from 2015-02-17 to 2015-03-04
2015-06-22 17:28:59,796 Starting Live from 2015-03-05 to 2015-04-04
2015-06-22 17:52:33,285 Starting Training from 2015-03-20 to 2015-04-04
2015-06-22 17:54:11,109 Starting Live from 2015-04-05 to 2015-04-10
2015-06-22 18:02:31,877 Starting Q Learning for : 
2015-06-22 18:02:31,877 alpha = 0.6
2015-06-22 18:02:31,877 gamma = 0.1
2015-06-22 18:02:31,877 individual factor = 12
2015-06-22 18:02:31,877 zero range = 0.006
2015-06-22 18:02:31,877 greedy level = 10
2015-06-22 18:02:31,877 

2015-06-22 18:02:34,644 Starting Training from 2014-12-17 to 2015-01-01
2015-06-22 18:13:24,311 Starting Live from 2015-01-02 to 2015-02-01
2015-06-22 18:42:10,721 Starting Training from 2015-01-17 to 2015-02-01
2015-06-22 18:43:42,141 Starting Live from 2015-02-02 to 2015-03-04
2015-06-22 19:08:56,545 Starting Training from 2015-02-17 to 2015-03-04
2015-06-22 19:10:36,575 Starting Live from 2015-03-05 to 2015-04-04
2015-06-22 19:33:37,726 Starting Training from 2015-03-20 to 2015-04-04
2015-06-22 19:34:38,529 Starting Live from 2015-04-05 to 2015-04-10
2015-06-22 19:41:35,884 Starting Q Learning for : 
2015-06-22 19:41:35,884 alpha = 0.6
2015-06-22 19:41:35,884 gamma = 0.2
2015-06-22 19:41:35,885 individual factor = 12
2015-06-22 19:41:35,885 zero range = 0.006
2015-06-22 19:41:35,885 greedy level = 10
2015-06-22 19:41:35,885 

2015-06-22 19:41:39,444 Starting Training from 2014-12-17 to 2015-01-01
2015-06-22 19:52:13,424 Starting Live from 2015-01-02 to 2015-02-01
2015-06-22 20:21:09,387 Starting Training from 2015-01-17 to 2015-02-01
2015-06-22 20:22:53,903 Starting Live from 2015-02-02 to 2015-03-04
2015-06-22 20:50:18,836 Starting Training from 2015-02-17 to 2015-03-04
2015-06-22 20:52:15,904 Starting Live from 2015-03-05 to 2015-04-04
2015-06-22 21:16:32,417 Starting Training from 2015-03-20 to 2015-04-04
2015-06-22 21:17:38,515 Starting Live from 2015-04-05 to 2015-04-10
2015-06-22 21:25:07,900 Starting Q Learning for : 
2015-06-22 21:25:07,900 alpha = 0.6
2015-06-22 21:25:07,900 gamma = 0.3
2015-06-22 21:25:07,900 individual factor = 12
2015-06-22 21:25:07,900 zero range = 0.006
2015-06-22 21:25:07,900 greedy level = 10
2015-06-22 21:25:07,900 

2015-06-22 21:25:11,483 Starting Training from 2014-12-17 to 2015-01-01
2015-06-22 21:36:23,642 Starting Live from 2015-01-02 to 2015-02-01
2015-06-22 22:04:11,361 Starting Training from 2015-01-17 to 2015-02-01
2015-06-22 22:05:42,049 Starting Live from 2015-02-02 to 2015-03-04
2015-06-22 22:33:22,303 Starting Training from 2015-02-17 to 2015-03-04
2015-06-22 22:35:01,709 Starting Live from 2015-03-05 to 2015-04-04
2015-06-22 22:58:06,802 Starting Training from 2015-03-20 to 2015-04-04
2015-06-22 22:59:05,621 Starting Live from 2015-04-05 to 2015-04-10
2015-06-22 23:05:59,984 Starting Q Learning for : 
2015-06-22 23:05:59,986 alpha = 0.6
2015-06-22 23:05:59,986 gamma = 0.4
2015-06-22 23:05:59,986 individual factor = 12
2015-06-22 23:05:59,986 zero range = 0.006
2015-06-22 23:05:59,986 greedy level = 10
2015-06-22 23:05:59,986 

2015-06-22 23:06:03,019 Starting Training from 2014-12-17 to 2015-01-01
2015-06-22 23:17:12,568 Starting Live from 2015-01-02 to 2015-02-01
2015-06-22 23:44:24,913 Starting Training from 2015-01-17 to 2015-02-01
2015-06-22 23:45:56,759 Starting Live from 2015-02-02 to 2015-03-04
2015-06-23 00:10:23,670 Starting Training from 2015-02-17 to 2015-03-04
2015-06-23 00:12:05,901 Starting Live from 2015-03-05 to 2015-04-04
2015-06-23 00:35:36,607 Starting Training from 2015-03-20 to 2015-04-04
2015-06-23 00:36:59,325 Starting Live from 2015-04-05 to 2015-04-10
2015-06-23 00:44:12,275 Starting Q Learning for : 
2015-06-23 00:44:12,275 alpha = 0.6
2015-06-23 00:44:12,275 gamma = 0.5
2015-06-23 00:44:12,275 individual factor = 12
2015-06-23 00:44:12,275 zero range = 0.006
2015-06-23 00:44:12,275 greedy level = 10
2015-06-23 00:44:12,275 

2015-06-23 00:44:15,332 Starting Training from 2014-12-17 to 2015-01-01
2015-06-23 00:54:22,859 Starting Live from 2015-01-02 to 2015-02-01
2015-06-23 01:22:17,990 Starting Training from 2015-01-17 to 2015-02-01
2015-06-23 01:23:53,595 Starting Live from 2015-02-02 to 2015-03-04
2015-06-23 01:48:49,740 Starting Training from 2015-02-17 to 2015-03-04
2015-06-23 01:50:29,446 Starting Live from 2015-03-05 to 2015-04-04
2015-06-23 02:14:09,167 Starting Training from 2015-03-20 to 2015-04-04
2015-06-23 02:15:10,013 Starting Live from 2015-04-05 to 2015-04-10
2015-06-23 02:22:23,618 Starting Q Learning for : 
2015-06-23 02:22:23,618 alpha = 0.6
2015-06-23 02:22:23,619 gamma = 0.6
2015-06-23 02:22:23,619 individual factor = 12
2015-06-23 02:22:23,619 zero range = 0.006
2015-06-23 02:22:23,619 greedy level = 10
2015-06-23 02:22:23,619 

2015-06-23 02:22:27,302 Starting Training from 2014-12-17 to 2015-01-01
2015-06-23 02:33:14,687 Starting Live from 2015-01-02 to 2015-02-01
2015-06-23 03:00:36,322 Starting Training from 2015-01-17 to 2015-02-01
2015-06-23 03:02:10,763 Starting Live from 2015-02-02 to 2015-03-04
2015-06-23 03:28:31,658 Starting Training from 2015-02-17 to 2015-03-04
2015-06-23 03:30:20,461 Starting Live from 2015-03-05 to 2015-04-04
2015-06-23 03:54:09,073 Starting Training from 2015-03-20 to 2015-04-04
2015-06-23 03:55:05,155 Starting Live from 2015-04-05 to 2015-04-10
2015-06-23 04:01:54,010 Starting Q Learning for : 
2015-06-23 04:01:54,012 alpha = 0.4
2015-06-23 04:01:54,012 gamma = 0.6
2015-06-23 04:01:54,012 individual factor = 12
2015-06-23 04:01:54,012 zero range = 0.006
2015-06-23 04:01:54,012 greedy level = 10
2015-06-23 04:01:54,012 

2015-06-23 04:01:56,838 Starting Training from 2014-12-17 to 2015-01-01
2015-06-23 04:12:57,823 Starting Live from 2015-01-02 to 2015-02-01
2015-06-23 04:40:13,434 Starting Training from 2015-01-17 to 2015-02-01
2015-06-23 04:41:43,780 Starting Live from 2015-02-02 to 2015-03-04
2015-06-23 05:06:24,737 Starting Training from 2015-02-17 to 2015-03-04
2015-06-23 05:08:05,523 Starting Live from 2015-03-05 to 2015-04-04
2015-06-23 05:31:42,062 Starting Training from 2015-03-20 to 2015-04-04
2015-06-23 05:32:57,802 Starting Live from 2015-04-05 to 2015-04-10
2015-06-23 05:40:23,559 Starting Q Learning for : 
2015-06-23 05:40:23,559 alpha = 0.4
2015-06-23 05:40:23,559 gamma = 0.7
2015-06-23 05:40:23,559 individual factor = 12
2015-06-23 05:40:23,559 zero range = 0.006
2015-06-23 05:40:23,559 greedy level = 10
2015-06-23 05:40:23,559 

2015-06-23 05:40:27,756 Starting Training from 2014-12-17 to 2015-01-01
2015-06-23 05:50:54,928 Starting Live from 2015-01-02 to 2015-02-01
2015-06-23 06:18:57,013 Starting Training from 2015-01-17 to 2015-02-01
2015-06-23 06:20:28,739 Starting Live from 2015-02-02 to 2015-03-04
2015-06-23 06:45:15,933 Starting Training from 2015-02-17 to 2015-03-04
2015-06-23 06:46:58,693 Starting Live from 2015-03-05 to 2015-04-04
2015-06-23 07:10:13,178 Starting Training from 2015-03-20 to 2015-04-04
2015-06-23 07:11:15,437 Starting Live from 2015-04-05 to 2015-04-10
2015-06-23 07:18:17,497 Starting Q Learning for : 
2015-06-23 07:18:17,497 alpha = 0.4
2015-06-23 07:18:17,497 gamma = 0.8
2015-06-23 07:18:17,497 individual factor = 12
2015-06-23 07:18:17,497 zero range = 0.006
2015-06-23 07:18:17,497 greedy level = 10
2015-06-23 07:18:17,497 

2015-06-23 07:18:20,676 Starting Training from 2014-12-17 to 2015-01-01
2015-06-23 07:29:31,921 Starting Live from 2015-01-02 to 2015-02-01
2015-06-23 07:57:04,884 Starting Training from 2015-01-17 to 2015-02-01
2015-06-23 07:58:36,329 Starting Live from 2015-02-02 to 2015-03-04
2015-06-23 08:24:05,640 Starting Training from 2015-02-17 to 2015-03-04
2015-06-23 08:26:07,256 Starting Live from 2015-03-05 to 2015-04-04
2015-06-23 08:49:50,793 Starting Training from 2015-03-20 to 2015-04-04
2015-06-23 08:50:51,740 Starting Live from 2015-04-05 to 2015-04-10
2015-06-23 08:57:48,315 Starting Q Learning for : 
2015-06-23 08:57:48,316 alpha = 0.2
2015-06-23 08:57:48,316 gamma = 0.1
2015-06-23 08:57:48,316 individual factor = 12
2015-06-23 08:57:48,316 zero range = 0.006
2015-06-23 08:57:48,316 greedy level = 10
2015-06-23 08:57:48,316 

2015-06-23 08:57:52,269 Starting Training from 2014-12-17 to 2015-01-01
2015-06-23 09:08:43,476 Starting Live from 2015-01-02 to 2015-02-01
2015-06-23 09:35:57,210 Starting Training from 2015-01-17 to 2015-02-01
2015-06-23 09:37:31,444 Starting Live from 2015-02-02 to 2015-03-04
2015-06-23 10:02:09,193 Starting Training from 2015-02-17 to 2015-03-04
2015-06-23 10:03:47,638 Starting Live from 2015-03-05 to 2015-04-04
2015-06-23 10:27:35,891 Starting Training from 2015-03-20 to 2015-04-04
2015-06-23 10:28:37,641 Starting Live from 2015-04-05 to 2015-04-10
2015-06-23 10:36:09,803 Starting Q Learning for : 
2015-06-23 10:36:09,803 alpha = 0.2
2015-06-23 10:36:09,803 gamma = 0.2
2015-06-23 10:36:09,803 individual factor = 12
2015-06-23 10:36:09,803 zero range = 0.006
2015-06-23 10:36:09,803 greedy level = 10
2015-06-23 10:36:09,803 

2015-06-23 10:36:12,451 Starting Training from 2014-12-17 to 2015-01-01
2015-06-23 10:46:32,298 Starting Live from 2015-01-02 to 2015-02-01
2015-06-23 11:13:47,697 Starting Training from 2015-01-17 to 2015-02-01
2015-06-23 11:15:47,604 Starting Live from 2015-02-02 to 2015-03-04
2015-06-23 11:40:42,835 Starting Training from 2015-02-17 to 2015-03-04
2015-06-23 11:42:24,137 Starting Live from 2015-03-05 to 2015-04-04
2015-06-23 12:05:34,436 Starting Training from 2015-03-20 to 2015-04-04
2015-06-23 12:06:36,858 Starting Live from 2015-04-05 to 2015-04-10
2015-06-23 12:13:33,716 Starting Q Learning for : 
2015-06-23 12:13:33,716 alpha = 0.2
2015-06-23 12:13:33,716 gamma = 0.3
2015-06-23 12:13:33,716 individual factor = 12
2015-06-23 12:13:33,716 zero range = 0.006
2015-06-23 12:13:33,716 greedy level = 10
2015-06-23 12:13:33,716 

2015-06-23 12:13:36,589 Starting Training from 2014-12-17 to 2015-01-01
2015-06-23 12:25:51,977 Starting Live from 2015-01-02 to 2015-02-01
2015-06-23 12:56:19,858 Starting Training from 2015-01-17 to 2015-02-01
2015-06-23 12:57:57,650 Starting Live from 2015-02-02 to 2015-03-04
2015-06-23 13:25:39,081 Starting Training from 2015-02-17 to 2015-03-04
2015-06-23 13:27:35,733 Starting Live from 2015-03-05 to 2015-04-04
2015-06-23 13:53:27,805 Starting Training from 2015-03-20 to 2015-04-04
2015-06-23 13:54:33,806 Starting Live from 2015-04-05 to 2015-04-10
2015-06-23 14:02:00,517 Starting Q Learning for : 
2015-06-23 14:02:00,517 alpha = 0.2
2015-06-23 14:02:00,517 gamma = 0.4
2015-06-23 14:02:00,517 individual factor = 12
2015-06-23 14:02:00,517 zero range = 0.006
2015-06-23 14:02:00,517 greedy level = 10
2015-06-23 14:02:00,517 

2015-06-23 14:02:03,832 Starting Training from 2014-12-17 to 2015-01-01
2015-06-23 14:14:27,032 Starting Live from 2015-01-02 to 2015-02-01
2015-06-23 14:45:27,526 Starting Training from 2015-01-17 to 2015-02-01
2015-06-23 14:47:05,157 Starting Live from 2015-02-02 to 2015-03-04
2015-06-23 15:14:35,368 Starting Training from 2015-02-17 to 2015-03-04
2015-06-23 15:16:50,194 Starting Live from 2015-03-05 to 2015-04-04
2015-06-23 15:42:40,339 Starting Training from 2015-03-20 to 2015-04-04
2015-06-23 15:43:46,983 Starting Live from 2015-04-05 to 2015-04-10
2015-06-23 15:51:38,588 Starting Q Learning for : 
2015-06-23 15:51:38,588 alpha = 0.5
2015-06-23 15:51:38,588 gamma = 0.3
2015-06-23 15:51:38,588 individual factor = 12
2015-06-23 15:51:38,588 zero range = 0.01
2015-06-23 15:51:38,588 greedy level = 10
2015-06-23 15:51:38,588 

2015-06-23 15:51:44,812 Starting Training from 2014-12-17 to 2015-01-01
2015-06-23 16:04:01,500 Starting Live from 2015-01-02 to 2015-02-01
2015-06-23 16:34:40,380 Starting Training from 2015-01-17 to 2015-02-01
2015-06-23 16:36:20,369 Starting Live from 2015-02-02 to 2015-03-04
2015-06-23 17:04:00,345 Starting Training from 2015-02-17 to 2015-03-04
2015-06-23 17:06:16,750 Starting Live from 2015-03-05 to 2015-04-04
2015-06-23 17:32:15,500 Starting Training from 2015-03-20 to 2015-04-04
2015-06-23 17:33:25,411 Starting Live from 2015-04-05 to 2015-04-10
2015-06-23 17:41:00,420 Starting Q Learning for : 
2015-06-23 17:41:00,420 alpha = 0.5
2015-06-23 17:41:00,420 gamma = 0.4
2015-06-23 17:41:00,420 individual factor = 12
2015-06-23 17:41:00,420 zero range = 0.01
2015-06-23 17:41:00,421 greedy level = 10
2015-06-23 17:41:00,421 

2015-06-23 17:41:06,190 Starting Training from 2014-12-17 to 2015-01-01
2015-06-23 17:53:17,388 Starting Live from 2015-01-02 to 2015-02-01
2015-06-23 18:24:04,217 Starting Training from 2015-01-17 to 2015-02-01
2015-06-23 18:25:46,315 Starting Live from 2015-02-02 to 2015-03-04
2015-06-23 18:53:19,757 Starting Training from 2015-02-17 to 2015-03-04
2015-06-23 18:55:12,825 Starting Live from 2015-03-05 to 2015-04-04
2015-06-23 19:21:56,832 Starting Training from 2015-03-20 to 2015-04-04
2015-06-23 19:23:02,523 Starting Live from 2015-04-05 to 2015-04-10
2015-06-23 19:30:32,184 Starting Q Learning for : 
2015-06-23 19:30:32,184 alpha = 0.5
2015-06-23 19:30:32,184 gamma = 0.5
2015-06-23 19:30:32,184 individual factor = 12
2015-06-23 19:30:32,186 zero range = 0.01
2015-06-23 19:30:32,186 greedy level = 10
2015-06-23 19:30:32,186 

2015-06-23 19:30:37,676 Starting Training from 2014-12-17 to 2015-01-01
2015-06-23 19:42:45,792 Starting Live from 2015-01-02 to 2015-02-01
2015-06-23 20:12:40,270 Starting Training from 2015-01-17 to 2015-02-01
2015-06-23 20:14:23,180 Starting Live from 2015-02-02 to 2015-03-04
2015-06-23 20:41:58,461 Starting Training from 2015-02-17 to 2015-03-04
2015-06-23 20:43:47,924 Starting Live from 2015-03-05 to 2015-04-04
2015-06-23 21:10:39,273 Starting Training from 2015-03-20 to 2015-04-04
2015-06-23 21:11:57,747 Starting Live from 2015-04-05 to 2015-04-10
2015-06-23 21:19:54,470 Starting Q Learning for : 
2015-06-23 21:19:54,470 alpha = 0.5
2015-06-23 21:19:54,470 gamma = 0.6
2015-06-23 21:19:54,470 individual factor = 12
2015-06-23 21:19:54,470 zero range = 0.01
2015-06-23 21:19:54,470 greedy level = 10
2015-06-23 21:19:54,470 

2015-06-23 21:19:56,132 Starting Training from 2014-12-17 to 2015-01-01
2015-06-23 21:32:17,690 Starting Live from 2015-01-02 to 2015-02-01
2015-06-23 22:04:34,000 Starting Training from 2015-01-17 to 2015-02-01
2015-06-23 22:06:27,645 Starting Live from 2015-02-02 to 2015-03-04
2015-06-23 22:35:13,660 Starting Training from 2015-02-17 to 2015-03-04
2015-06-23 22:37:43,323 Starting Live from 2015-03-05 to 2015-04-04
2015-06-23 23:04:11,973 Starting Training from 2015-03-20 to 2015-04-04
2015-06-23 23:05:18,135 Starting Live from 2015-04-05 to 2015-04-10
