2015-06-22 16:17:33,676 Starting Q Learning for : 
2015-06-22 16:17:33,676 alpha = 0.6
2015-06-22 16:17:33,677 gamma = 0.7
2015-06-22 16:17:33,677 individual factor = 12
2015-06-22 16:17:33,677 zero range = 0.006
2015-06-22 16:17:33,677 greedy level = 10
2015-06-22 16:17:33,677 

2015-06-22 16:17:36,742 Starting Training from 2014-12-17 to 2015-01-01
2015-06-22 16:28:36,743 Starting Live from 2015-01-02 to 2015-02-01
2015-06-22 16:58:47,355 Starting Training from 2015-01-17 to 2015-02-01
2015-06-22 17:00:30,128 Starting Live from 2015-02-02 to 2015-03-04
2015-06-22 17:27:16,683 Starting Training from 2015-02-17 to 2015-03-04
2015-06-22 17:28:53,680 Starting Live from 2015-03-05 to 2015-04-04
2015-06-22 17:51:43,801 Starting Training from 2015-03-20 to 2015-04-04
2015-06-22 17:53:26,476 Starting Live from 2015-04-05 to 2015-04-10
2015-06-22 18:01:52,510 Starting Q Learning for : 
2015-06-22 18:01:52,510 alpha = 0.6
2015-06-22 18:01:52,510 gamma = 0.8
2015-06-22 18:01:52,510 individual factor = 12
2015-06-22 18:01:52,510 zero range = 0.006
2015-06-22 18:01:52,510 greedy level = 10
2015-06-22 18:01:52,510 

2015-06-22 18:01:55,476 Starting Training from 2014-12-17 to 2015-01-01
2015-06-22 18:12:46,770 Starting Live from 2015-01-02 to 2015-02-01
2015-06-22 18:41:41,319 Starting Training from 2015-01-17 to 2015-02-01
2015-06-22 18:43:12,642 Starting Live from 2015-02-02 to 2015-03-04
2015-06-22 19:08:42,157 Starting Training from 2015-02-17 to 2015-03-04
2015-06-22 19:10:23,325 Starting Live from 2015-03-05 to 2015-04-04
2015-06-22 19:33:45,928 Starting Training from 2015-03-20 to 2015-04-04
2015-06-22 19:34:47,046 Starting Live from 2015-04-05 to 2015-04-10
2015-06-22 19:42:04,503 Starting Q Learning for : 
2015-06-22 19:42:04,505 alpha = 0.4
2015-06-22 19:42:04,505 gamma = 0.1
2015-06-22 19:42:04,505 individual factor = 12
2015-06-22 19:42:04,505 zero range = 0.006
2015-06-22 19:42:04,505 greedy level = 10
2015-06-22 19:42:04,505 

2015-06-22 19:42:08,519 Starting Training from 2014-12-17 to 2015-01-01
2015-06-22 19:52:32,519 Starting Live from 2015-01-02 to 2015-02-01
2015-06-22 20:21:25,927 Starting Training from 2015-01-17 to 2015-02-01
2015-06-22 20:23:16,719 Starting Live from 2015-02-02 to 2015-03-04
2015-06-22 20:51:03,647 Starting Training from 2015-02-17 to 2015-03-04
2015-06-22 20:52:54,773 Starting Live from 2015-03-05 to 2015-04-04
2015-06-22 21:17:27,082 Starting Training from 2015-03-20 to 2015-04-04
2015-06-22 21:18:37,164 Starting Live from 2015-04-05 to 2015-04-10
2015-06-22 21:26:21,430 Starting Q Learning for : 
2015-06-22 21:26:21,430 alpha = 0.4
2015-06-22 21:26:21,430 gamma = 0.2
2015-06-22 21:26:21,430 individual factor = 12
2015-06-22 21:26:21,430 zero range = 0.006
2015-06-22 21:26:21,430 greedy level = 10
2015-06-22 21:26:21,430 

2015-06-22 21:26:25,032 Starting Training from 2014-12-17 to 2015-01-01
2015-06-22 21:37:16,256 Starting Live from 2015-01-02 to 2015-02-01
2015-06-22 22:05:01,397 Starting Training from 2015-01-17 to 2015-02-01
2015-06-22 22:06:42,799 Starting Live from 2015-02-02 to 2015-03-04
2015-06-22 22:34:20,743 Starting Training from 2015-02-17 to 2015-03-04
2015-06-22 22:36:01,611 Starting Live from 2015-03-05 to 2015-04-04
2015-06-22 22:59:30,109 Starting Training from 2015-03-20 to 2015-04-04
2015-06-22 23:00:33,693 Starting Live from 2015-04-05 to 2015-04-10
2015-06-22 23:07:38,676 Starting Q Learning for : 
2015-06-22 23:07:38,676 alpha = 0.4
2015-06-22 23:07:38,676 gamma = 0.3
2015-06-22 23:07:38,676 individual factor = 12
2015-06-22 23:07:38,676 zero range = 0.006
2015-06-22 23:07:38,676 greedy level = 10
2015-06-22 23:07:38,676 

2015-06-22 23:07:42,437 Starting Training from 2014-12-17 to 2015-01-01
2015-06-22 23:18:46,647 Starting Live from 2015-01-02 to 2015-02-01
2015-06-22 23:46:09,660 Starting Training from 2015-01-17 to 2015-02-01
2015-06-22 23:47:49,862 Starting Live from 2015-02-02 to 2015-03-04
2015-06-23 00:12:22,058 Starting Training from 2015-02-17 to 2015-03-04
2015-06-23 00:14:19,147 Starting Live from 2015-03-05 to 2015-04-04
2015-06-23 00:38:13,653 Starting Training from 2015-03-20 to 2015-04-04
2015-06-23 00:39:18,247 Starting Live from 2015-04-05 to 2015-04-10
2015-06-23 00:46:20,599 Starting Q Learning for : 
2015-06-23 00:46:20,599 alpha = 0.4
2015-06-23 00:46:20,599 gamma = 0.4
2015-06-23 00:46:20,599 individual factor = 12
2015-06-23 00:46:20,599 zero range = 0.006
2015-06-23 00:46:20,599 greedy level = 10
2015-06-23 00:46:20,599 

2015-06-23 00:46:24,042 Starting Training from 2014-12-17 to 2015-01-01
2015-06-23 00:56:44,079 Starting Live from 2015-01-02 to 2015-02-01
2015-06-23 01:24:25,003 Starting Training from 2015-01-17 to 2015-02-01
2015-06-23 01:25:56,559 Starting Live from 2015-02-02 to 2015-03-04
2015-06-23 01:50:43,170 Starting Training from 2015-02-17 to 2015-03-04
2015-06-23 01:52:28,907 Starting Live from 2015-03-05 to 2015-04-04
2015-06-23 02:15:38,196 Starting Training from 2015-03-20 to 2015-04-04
2015-06-23 02:16:36,938 Starting Live from 2015-04-05 to 2015-04-10
2015-06-23 02:24:07,509 Starting Q Learning for : 
2015-06-23 02:24:07,509 alpha = 0.4
2015-06-23 02:24:07,509 gamma = 0.5
2015-06-23 02:24:07,509 individual factor = 12
2015-06-23 02:24:07,509 zero range = 0.006
2015-06-23 02:24:07,509 greedy level = 10
2015-06-23 02:24:07,509 

2015-06-23 02:24:11,105 Starting Training from 2014-12-17 to 2015-01-01
2015-06-23 02:34:36,819 Starting Live from 2015-01-02 to 2015-02-01
2015-06-23 03:01:46,575 Starting Training from 2015-01-17 to 2015-02-01
2015-06-23 03:03:25,164 Starting Live from 2015-02-02 to 2015-03-04
2015-06-23 03:29:02,624 Starting Training from 2015-02-17 to 2015-03-04
2015-06-23 03:30:49,273 Starting Live from 2015-03-05 to 2015-04-04
2015-06-23 03:54:27,191 Starting Training from 2015-03-20 to 2015-04-04
2015-06-23 03:55:25,285 Starting Live from 2015-04-05 to 2015-04-10
2015-06-23 04:02:18,078 Starting Q Learning for : 
2015-06-23 04:02:18,078 alpha = 0.2
2015-06-23 04:02:18,078 gamma = 0.5
2015-06-23 04:02:18,078 individual factor = 12
2015-06-23 04:02:18,078 zero range = 0.006
2015-06-23 04:02:18,078 greedy level = 10
2015-06-23 04:02:18,078 

2015-06-23 04:02:21,621 Starting Training from 2014-12-17 to 2015-01-01
2015-06-23 04:13:21,168 Starting Live from 2015-01-02 to 2015-02-01
2015-06-23 04:40:41,040 Starting Training from 2015-01-17 to 2015-02-01
2015-06-23 04:42:13,298 Starting Live from 2015-02-02 to 2015-03-04
2015-06-23 05:06:52,921 Starting Training from 2015-02-17 to 2015-03-04
2015-06-23 05:08:34,155 Starting Live from 2015-03-05 to 2015-04-04
2015-06-23 05:32:04,720 Starting Training from 2015-03-20 to 2015-04-04
2015-06-23 05:33:24,384 Starting Live from 2015-04-05 to 2015-04-10
2015-06-23 05:40:50,526 Starting Q Learning for : 
2015-06-23 05:40:50,526 alpha = 0.2
2015-06-23 05:40:50,526 gamma = 0.6
2015-06-23 05:40:50,526 individual factor = 12
2015-06-23 05:40:50,526 zero range = 0.006
2015-06-23 05:40:50,528 greedy level = 10
2015-06-23 05:40:50,528 

2015-06-23 05:40:54,250 Starting Training from 2014-12-17 to 2015-01-01
2015-06-23 05:51:12,641 Starting Live from 2015-01-02 to 2015-02-01
2015-06-23 06:19:09,953 Starting Training from 2015-01-17 to 2015-02-01
2015-06-23 06:20:40,892 Starting Live from 2015-02-02 to 2015-03-04
2015-06-23 06:45:37,003 Starting Training from 2015-02-17 to 2015-03-04
2015-06-23 06:47:18,194 Starting Live from 2015-03-05 to 2015-04-04
2015-06-23 07:10:26,815 Starting Training from 2015-03-20 to 2015-04-04
2015-06-23 07:11:31,671 Starting Live from 2015-04-05 to 2015-04-10
2015-06-23 07:18:23,404 Starting Q Learning for : 
2015-06-23 07:18:23,404 alpha = 0.2
2015-06-23 07:18:23,404 gamma = 0.7
2015-06-23 07:18:23,404 individual factor = 12
2015-06-23 07:18:23,404 zero range = 0.006
2015-06-23 07:18:23,404 greedy level = 10
2015-06-23 07:18:23,404 

2015-06-23 07:18:26,312 Starting Training from 2014-12-17 to 2015-01-01
2015-06-23 07:29:35,308 Starting Live from 2015-01-02 to 2015-02-01
2015-06-23 07:57:00,822 Starting Training from 2015-01-17 to 2015-02-01
2015-06-23 07:58:31,579 Starting Live from 2015-02-02 to 2015-03-04
2015-06-23 08:24:00,289 Starting Training from 2015-02-17 to 2015-03-04
2015-06-23 08:26:01,625 Starting Live from 2015-03-05 to 2015-04-04
2015-06-23 08:49:55,424 Starting Training from 2015-03-20 to 2015-04-04
2015-06-23 08:50:56,829 Starting Live from 2015-04-05 to 2015-04-10
2015-06-23 08:57:49,617 Starting Q Learning for : 
2015-06-23 08:57:49,617 alpha = 0.2
2015-06-23 08:57:49,617 gamma = 0.8
2015-06-23 08:57:49,617 individual factor = 12
2015-06-23 08:57:49,617 zero range = 0.006
2015-06-23 08:57:49,617 greedy level = 10
2015-06-23 08:57:49,617 

2015-06-23 08:57:53,305 Starting Training from 2014-12-17 to 2015-01-01
2015-06-23 09:08:51,022 Starting Live from 2015-01-02 to 2015-02-01
2015-06-23 09:36:15,127 Starting Training from 2015-01-17 to 2015-02-01
2015-06-23 09:37:47,436 Starting Live from 2015-02-02 to 2015-03-04
2015-06-23 10:02:01,230 Starting Training from 2015-02-17 to 2015-03-04
2015-06-23 10:03:39,293 Starting Live from 2015-03-05 to 2015-04-04
2015-06-23 10:27:15,502 Starting Training from 2015-03-20 to 2015-04-04
2015-06-23 10:28:16,907 Starting Live from 2015-04-05 to 2015-04-10
2015-06-23 10:35:53,032 Starting Q Learning for : 
2015-06-23 10:35:53,033 alpha = 0.8
2015-06-23 10:35:53,033 gamma = 0.1
2015-06-23 10:35:53,033 individual factor = 12
2015-06-23 10:35:53,033 zero range = 0.006
2015-06-23 10:35:53,033 greedy level = 10
2015-06-23 10:35:53,033 

2015-06-23 10:35:56,032 Starting Training from 2014-12-17 to 2015-01-01
2015-06-23 10:46:14,115 Starting Live from 2015-01-02 to 2015-02-01
2015-06-23 11:13:38,299 Starting Training from 2015-01-17 to 2015-02-01
2015-06-23 11:15:36,638 Starting Live from 2015-02-02 to 2015-03-04
2015-06-23 11:40:44,194 Starting Training from 2015-02-17 to 2015-03-04
2015-06-23 11:42:27,108 Starting Live from 2015-03-05 to 2015-04-04
2015-06-23 12:06:09,065 Starting Training from 2015-03-20 to 2015-04-04
2015-06-23 12:07:09,759 Starting Live from 2015-04-05 to 2015-04-10
2015-06-23 12:14:23,285 Starting Q Learning for : 
2015-06-23 12:14:23,285 alpha = 0.8
2015-06-23 12:14:23,285 gamma = 0.2
2015-06-23 12:14:23,285 individual factor = 12
2015-06-23 12:14:23,285 zero range = 0.006
2015-06-23 12:14:23,285 greedy level = 10
2015-06-23 12:14:23,285 

2015-06-23 12:14:26,404 Starting Training from 2014-12-17 to 2015-01-01
2015-06-23 12:26:47,180 Starting Live from 2015-01-02 to 2015-02-01
2015-06-23 12:57:24,338 Starting Training from 2015-01-17 to 2015-02-01
2015-06-23 12:59:00,648 Starting Live from 2015-02-02 to 2015-03-04
2015-06-23 13:26:58,118 Starting Training from 2015-02-17 to 2015-03-04
2015-06-23 13:28:47,663 Starting Live from 2015-03-05 to 2015-04-04
2015-06-23 13:54:49,298 Starting Training from 2015-03-20 to 2015-04-04
2015-06-23 13:55:59,309 Starting Live from 2015-04-05 to 2015-04-10
2015-06-23 14:03:38,575 Starting Q Learning for : 
2015-06-23 14:03:38,576 alpha = 0.8
2015-06-23 14:03:38,576 gamma = 0.3
2015-06-23 14:03:38,576 individual factor = 12
2015-06-23 14:03:38,576 zero range = 0.006
2015-06-23 14:03:38,576 greedy level = 10
2015-06-23 14:03:38,576 

2015-06-23 14:03:41,151 Starting Training from 2014-12-17 to 2015-01-01
2015-06-23 14:16:01,946 Starting Live from 2015-01-02 to 2015-02-01
2015-06-23 14:47:21,082 Starting Training from 2015-01-17 to 2015-02-01
2015-06-23 14:49:05,484 Starting Live from 2015-02-02 to 2015-03-04
2015-06-23 15:17:25,302 Starting Training from 2015-02-17 to 2015-03-04
2015-06-23 15:19:18,272 Starting Live from 2015-03-05 to 2015-04-04
2015-06-23 15:45:37,381 Starting Training from 2015-03-20 to 2015-04-04
2015-06-23 15:46:50,111 Starting Live from 2015-04-05 to 2015-04-10
2015-06-23 15:54:42,084 Starting Q Learning for : 
2015-06-23 15:54:42,084 alpha = 0.6
2015-06-23 15:54:42,084 gamma = 0.2
2015-06-23 15:54:42,084 individual factor = 12
2015-06-23 15:54:42,084 zero range = 0.01
2015-06-23 15:54:42,084 greedy level = 10
2015-06-23 15:54:42,084 

2015-06-23 15:54:47,625 Starting Training from 2014-12-17 to 2015-01-01
2015-06-23 16:07:07,094 Starting Live from 2015-01-02 to 2015-02-01
2015-06-23 16:37:54,418 Starting Training from 2015-01-17 to 2015-02-01
2015-06-23 16:39:35,397 Starting Live from 2015-02-02 to 2015-03-04
2015-06-23 17:08:42,311 Starting Training from 2015-02-17 to 2015-03-04
2015-06-23 17:10:33,954 Starting Live from 2015-03-05 to 2015-04-04
2015-06-23 17:37:23,355 Starting Training from 2015-03-20 to 2015-04-04
2015-06-23 17:38:33,055 Starting Live from 2015-04-05 to 2015-04-10
2015-06-23 17:46:24,927 Starting Q Learning for : 
2015-06-23 17:46:24,927 alpha = 0.6
2015-06-23 17:46:24,927 gamma = 0.3
2015-06-23 17:46:24,927 individual factor = 12
2015-06-23 17:46:24,927 zero range = 0.01
2015-06-23 17:46:24,927 greedy level = 10
2015-06-23 17:46:24,927 

2015-06-23 17:46:26,464 Starting Training from 2014-12-17 to 2015-01-01
2015-06-23 17:58:48,367 Starting Live from 2015-01-02 to 2015-02-01
2015-06-23 18:29:45,325 Starting Training from 2015-01-17 to 2015-02-01
2015-06-23 18:31:34,582 Starting Live from 2015-02-02 to 2015-03-04
2015-06-23 19:00:05,954 Starting Training from 2015-02-17 to 2015-03-04
2015-06-23 19:01:58,168 Starting Live from 2015-03-05 to 2015-04-04
2015-06-23 19:28:06,470 Starting Training from 2015-03-20 to 2015-04-04
2015-06-23 19:29:16,346 Starting Live from 2015-04-05 to 2015-04-10
2015-06-23 19:37:06,997 Starting Q Learning for : 
2015-06-23 19:37:06,997 alpha = 0.6
2015-06-23 19:37:06,997 gamma = 0.4
2015-06-23 19:37:06,997 individual factor = 12
2015-06-23 19:37:06,997 zero range = 0.01
2015-06-23 19:37:06,997 greedy level = 10
2015-06-23 19:37:06,997 

2015-06-23 19:37:18,489 Starting Training from 2014-12-17 to 2015-01-01
2015-06-23 19:49:25,444 Starting Live from 2015-01-02 to 2015-02-01
2015-06-23 20:19:16,930 Starting Training from 2015-01-17 to 2015-02-01
2015-06-23 20:21:00,290 Starting Live from 2015-02-02 to 2015-03-04
2015-06-23 20:49:32,960 Starting Training from 2015-02-17 to 2015-03-04
2015-06-23 20:51:28,661 Starting Live from 2015-03-05 to 2015-04-04
2015-06-23 21:18:34,220 Starting Training from 2015-03-20 to 2015-04-04
2015-06-23 21:19:45,660 Starting Live from 2015-04-05 to 2015-04-10
2015-06-23 21:27:39,835 Starting Q Learning for : 
2015-06-23 21:27:39,835 alpha = 0.6
2015-06-23 21:27:39,835 gamma = 0.5
2015-06-23 21:27:39,835 individual factor = 12
2015-06-23 21:27:39,835 zero range = 0.01
2015-06-23 21:27:39,835 greedy level = 10
2015-06-23 21:27:39,835 

2015-06-23 21:27:45,624 Starting Training from 2014-12-17 to 2015-01-01
2015-06-23 21:40:36,773 Starting Live from 2015-01-02 to 2015-02-01
2015-06-23 22:13:24,834 Starting Training from 2015-01-17 to 2015-02-01
2015-06-23 22:15:46,296 Starting Live from 2015-02-02 to 2015-03-04
2015-06-23 22:43:46,486 Starting Training from 2015-02-17 to 2015-03-04
2015-06-23 22:45:37,905 Starting Live from 2015-03-05 to 2015-04-04
