2015-06-24 00:44:19,177 Starting Q Learning for : 
2015-06-24 00:44:19,177 alpha = 0.6
2015-06-24 00:44:19,177 gamma = 0.1
2015-06-24 00:44:19,177 individual factor = 12
2015-06-24 00:44:19,177 zero range = 0.01
2015-06-24 00:44:19,177 greedy level = 10
2015-06-24 00:44:19,177 

2015-06-24 00:44:25,707 Starting Training from 2014-12-17 to 2015-01-01
2015-06-24 00:54:28,490 Starting Live from 2015-01-02 to 2015-02-01
2015-06-24 01:20:30,029 Starting Training from 2015-01-17 to 2015-02-01
2015-06-24 01:22:19,309 Starting Live from 2015-02-02 to 2015-03-04
2015-06-24 01:48:44,398 Starting Training from 2015-02-17 to 2015-03-04
2015-06-24 01:50:36,831 Starting Live from 2015-03-05 to 2015-04-04
2015-06-24 02:14:40,950 Starting Training from 2015-03-20 to 2015-04-04
2015-06-24 02:15:46,372 Starting Live from 2015-04-05 to 2015-04-10
2015-06-24 02:22:45,069 Starting Q Learning for : 
2015-06-24 02:22:45,069 alpha = 0.6
2015-06-24 02:22:45,069 gamma = 0.2
2015-06-24 02:22:45,069 individual factor = 12
2015-06-24 02:22:45,069 zero range = 0.01
2015-06-24 02:22:45,069 greedy level = 10
2015-06-24 02:22:45,069 

2015-06-24 02:22:47,811 Starting Training from 2014-12-17 to 2015-01-01
2015-06-24 02:33:51,640 Starting Live from 2015-01-02 to 2015-02-01
2015-06-24 03:01:12,944 Starting Training from 2015-01-17 to 2015-02-01
2015-06-24 03:02:42,530 Starting Live from 2015-02-02 to 2015-03-04
2015-06-24 03:27:07,196 Starting Training from 2015-02-17 to 2015-03-04
2015-06-24 03:29:03,812 Starting Live from 2015-03-05 to 2015-04-04
2015-06-24 03:52:30,635 Starting Training from 2015-03-20 to 2015-04-04
2015-06-24 03:53:37,644 Starting Live from 2015-04-05 to 2015-04-10
2015-06-24 04:00:35,637 Starting Q Learning for : 
2015-06-24 04:00:35,637 alpha = 0.6
2015-06-24 04:00:35,637 gamma = 0.3
2015-06-24 04:00:35,637 individual factor = 12
2015-06-24 04:00:35,637 zero range = 0.01
2015-06-24 04:00:35,637 greedy level = 10
2015-06-24 04:00:35,637 

2015-06-24 04:00:38,755 Starting Training from 2014-12-17 to 2015-01-01
2015-06-24 04:11:04,923 Starting Live from 2015-01-02 to 2015-02-01
2015-06-24 04:38:39,566 Starting Training from 2015-01-17 to 2015-02-01
2015-06-24 04:40:08,749 Starting Live from 2015-02-02 to 2015-03-04
2015-06-24 05:04:23,903 Starting Training from 2015-02-17 to 2015-03-04
2015-06-24 05:06:00,802 Starting Live from 2015-03-05 to 2015-04-04
2015-06-24 05:29:12,805 Starting Training from 2015-03-20 to 2015-04-04
2015-06-24 05:30:11,821 Starting Live from 2015-04-05 to 2015-04-10
2015-06-24 05:37:23,367 Starting Q Learning for : 
2015-06-24 05:37:23,367 alpha = 0.6
2015-06-24 05:37:23,367 gamma = 0.4
2015-06-24 05:37:23,367 individual factor = 12
2015-06-24 05:37:23,367 zero range = 0.01
2015-06-24 05:37:23,367 greedy level = 10
2015-06-24 05:37:23,367 

2015-06-24 05:37:26,805 Starting Training from 2014-12-17 to 2015-01-01
2015-06-24 05:47:51,145 Starting Live from 2015-01-02 to 2015-02-01
2015-06-24 06:15:13,700 Starting Training from 2015-01-17 to 2015-02-01
2015-06-24 06:16:45,775 Starting Live from 2015-02-02 to 2015-03-04
2015-06-24 06:42:30,470 Starting Training from 2015-02-17 to 2015-03-04
2015-06-24 06:44:14,052 Starting Live from 2015-03-05 to 2015-04-04
2015-06-24 07:07:48,063 Starting Training from 2015-03-20 to 2015-04-04
2015-06-24 07:08:48,299 Starting Live from 2015-04-05 to 2015-04-10
2015-06-24 07:15:36,226 Starting Q Learning for : 
2015-06-24 07:15:36,227 alpha = 0.6
2015-06-24 07:15:36,227 gamma = 0.5
2015-06-24 07:15:36,227 individual factor = 12
2015-06-24 07:15:36,227 zero range = 0.01
2015-06-24 07:15:36,227 greedy level = 10
2015-06-24 07:15:36,227 

2015-06-24 07:15:38,907 Starting Training from 2014-12-17 to 2015-01-01
2015-06-24 07:26:38,424 Starting Live from 2015-01-02 to 2015-02-01
2015-06-24 07:53:50,075 Starting Training from 2015-01-17 to 2015-02-01
2015-06-24 07:55:19,875 Starting Live from 2015-02-02 to 2015-03-04
2015-06-24 08:19:33,569 Starting Training from 2015-02-17 to 2015-03-04
2015-06-24 08:21:11,263 Starting Live from 2015-03-05 to 2015-04-04
2015-06-24 08:44:43,420 Starting Training from 2015-03-20 to 2015-04-04
2015-06-24 08:45:56,243 Starting Live from 2015-04-05 to 2015-04-10
2015-06-24 08:53:27,348 Starting Q Learning for : 
2015-06-24 08:53:27,348 alpha = 0.6
2015-06-24 08:53:27,348 gamma = 0.6
2015-06-24 08:53:27,348 individual factor = 12
2015-06-24 08:53:27,348 zero range = 0.01
2015-06-24 08:53:27,348 greedy level = 10
2015-06-24 08:53:27,348 

2015-06-24 08:53:33,150 Starting Training from 2014-12-17 to 2015-01-01
2015-06-24 09:03:36,625 Starting Live from 2015-01-02 to 2015-02-01
2015-06-24 09:31:05,164 Starting Training from 2015-01-17 to 2015-02-01
2015-06-24 09:32:42,928 Starting Live from 2015-02-02 to 2015-03-04
2015-06-24 09:57:01,575 Starting Training from 2015-02-17 to 2015-03-04
2015-06-24 09:58:50,943 Starting Live from 2015-03-05 to 2015-04-04
2015-06-24 10:22:32,099 Starting Training from 2015-03-20 to 2015-04-04
2015-06-24 10:23:31,368 Starting Live from 2015-04-05 to 2015-04-10
2015-06-24 10:30:19,306 Starting Q Learning for : 
2015-06-24 10:30:19,306 alpha = 0.6
2015-06-24 10:30:19,308 gamma = 0.7
2015-06-24 10:30:19,308 individual factor = 12
2015-06-24 10:30:19,308 zero range = 0.01
2015-06-24 10:30:19,308 greedy level = 10
2015-06-24 10:30:19,308 

2015-06-24 10:30:24,822 Starting Training from 2014-12-17 to 2015-01-01
2015-06-24 10:41:10,380 Starting Live from 2015-01-02 to 2015-02-01
2015-06-24 11:07:48,372 Starting Training from 2015-01-17 to 2015-02-01
2015-06-24 11:09:19,188 Starting Live from 2015-02-02 to 2015-03-04
2015-06-24 11:34:12,242 Starting Training from 2015-02-17 to 2015-03-04
2015-06-24 11:36:26,161 Starting Live from 2015-03-05 to 2015-04-04
2015-06-24 12:01:08,818 Starting Training from 2015-03-20 to 2015-04-04
2015-06-24 12:02:12,795 Starting Live from 2015-04-05 to 2015-04-10
2015-06-24 12:09:25,789 Starting Q Learning for : 
2015-06-24 12:09:25,789 alpha = 0.6
2015-06-24 12:09:25,789 gamma = 0.8
2015-06-24 12:09:25,789 individual factor = 12
2015-06-24 12:09:25,789 zero range = 0.01
2015-06-24 12:09:25,789 greedy level = 10
2015-06-24 12:09:25,789 

2015-06-24 12:09:27,670 Starting Training from 2014-12-17 to 2015-01-01
2015-06-24 12:20:31,107 Starting Live from 2015-01-02 to 2015-02-01
2015-06-24 12:50:01,292 Starting Training from 2015-01-17 to 2015-02-01
2015-06-24 12:51:40,207 Starting Live from 2015-02-02 to 2015-03-04
2015-06-24 13:19:47,392 Starting Training from 2015-02-17 to 2015-03-04
2015-06-24 13:21:45,917 Starting Live from 2015-03-05 to 2015-04-04
2015-06-24 13:49:10,494 Starting Training from 2015-03-20 to 2015-04-04
2015-06-24 13:50:18,819 Starting Live from 2015-04-05 to 2015-04-10
2015-06-24 13:58:15,042 Starting Q Learning for : 
2015-06-24 13:58:15,042 alpha = 0.8
2015-06-24 13:58:15,042 gamma = 0.1
2015-06-24 13:58:15,042 individual factor = 12
2015-06-24 13:58:15,042 zero range = 0.01
2015-06-24 13:58:15,042 greedy level = 10
2015-06-24 13:58:15,042 

2015-06-24 13:58:19,878 Starting Training from 2014-12-17 to 2015-01-01
2015-06-24 14:10:38,618 Starting Live from 2015-01-02 to 2015-02-01
2015-06-24 14:41:26,526 Starting Training from 2015-01-17 to 2015-02-01
2015-06-24 14:43:10,154 Starting Live from 2015-02-02 to 2015-03-04
2015-06-24 15:11:48,200 Starting Training from 2015-02-17 to 2015-03-04
2015-06-24 15:14:09,059 Starting Live from 2015-03-05 to 2015-04-04
2015-06-24 15:40:39,805 Starting Training from 2015-03-20 to 2015-04-04
2015-06-24 15:41:46,816 Starting Live from 2015-04-05 to 2015-04-10
2015-06-24 15:49:26,115 Starting Q Learning for : 
2015-06-24 15:49:26,115 alpha = 0.8
2015-06-24 15:49:26,115 gamma = 0.2
2015-06-24 15:49:26,115 individual factor = 12
2015-06-24 15:49:26,115 zero range = 0.01
2015-06-24 15:49:26,115 greedy level = 10
2015-06-24 15:49:26,115 

2015-06-24 15:49:31,884 Starting Training from 2014-12-17 to 2015-01-01
2015-06-24 16:01:53,484 Starting Live from 2015-01-02 to 2015-02-01
2015-06-24 16:33:06,796 Starting Training from 2015-01-17 to 2015-02-01
2015-06-24 16:34:51,214 Starting Live from 2015-02-02 to 2015-03-04
2015-06-24 17:02:59,665 Starting Training from 2015-02-17 to 2015-03-04
2015-06-24 17:05:21,496 Starting Live from 2015-03-05 to 2015-04-04
2015-06-24 17:31:58,213 Starting Training from 2015-03-20 to 2015-04-04
2015-06-24 17:33:07,940 Starting Live from 2015-04-05 to 2015-04-10
2015-06-24 17:40:49,519 Starting Q Learning for : 
2015-06-24 17:40:49,520 alpha = 0.8
2015-06-24 17:40:49,520 gamma = 0.3
2015-06-24 17:40:49,520 individual factor = 12
2015-06-24 17:40:49,520 zero range = 0.01
2015-06-24 17:40:49,520 greedy level = 10
2015-06-24 17:40:49,520 

2015-06-24 17:40:55,730 Starting Training from 2014-12-17 to 2015-01-01
2015-06-24 17:52:46,053 Starting Live from 2015-01-02 to 2015-02-01
2015-06-24 18:22:59,012 Starting Training from 2015-01-17 to 2015-02-01
2015-06-24 18:24:44,328 Starting Live from 2015-02-02 to 2015-03-04
2015-06-24 18:52:37,059 Starting Training from 2015-02-17 to 2015-03-04
2015-06-24 18:54:44,542 Starting Live from 2015-03-05 to 2015-04-04
2015-06-24 19:21:52,819 Starting Training from 2015-03-20 to 2015-04-04
2015-06-24 19:23:00,453 Starting Live from 2015-04-05 to 2015-04-10
2015-06-24 19:30:37,359 Starting Q Learning for : 
2015-06-24 19:30:37,359 alpha = 0.8
2015-06-24 19:30:37,361 gamma = 0.4
2015-06-24 19:30:37,361 individual factor = 12
2015-06-24 19:30:37,361 zero range = 0.01
2015-06-24 19:30:37,361 greedy level = 10
2015-06-24 19:30:37,361 

2015-06-24 19:30:43,727 Starting Training from 2014-12-17 to 2015-01-01
2015-06-24 19:42:58,180 Starting Live from 2015-01-02 to 2015-02-01
2015-06-24 20:13:31,196 Starting Training from 2015-01-17 to 2015-02-01
2015-06-24 20:15:14,265 Starting Live from 2015-02-02 to 2015-03-04
2015-06-24 20:42:05,476 Starting Training from 2015-02-17 to 2015-03-04
2015-06-24 20:43:50,019 Starting Live from 2015-03-05 to 2015-04-04
2015-06-24 21:10:06,905 Starting Training from 2015-03-20 to 2015-04-04
2015-06-24 21:11:21,617 Starting Live from 2015-04-05 to 2015-04-10
