2015-06-25 19:20:26,507 Starting Q Learning for : 
2015-06-25 19:20:26,507 alpha = 0.6
2015-06-25 19:20:26,507 gamma = 0.3
2015-06-25 19:20:26,507 individual factor = 8
2015-06-25 19:20:26,507 zero range = 0.01
2015-06-25 19:20:26,507 greedy level = 5
2015-06-25 19:20:26,507 

2015-06-25 19:20:35,230 Starting Training from 2014-12-17 to 2015-01-01
2015-06-25 19:32:31,650 Starting Live from 2015-01-02 to 2015-02-01
2015-06-25 19:59:03,130 Starting Training from 2015-01-17 to 2015-02-01
2015-06-25 20:00:18,687 Starting Live from 2015-02-02 to 2015-03-04
2015-06-25 20:30:36,154 Starting Training from 2015-02-17 to 2015-03-04
2015-06-25 20:32:57,510 Starting Live from 2015-03-05 to 2015-04-04
2015-06-25 20:59:26,035 Starting Training from 2015-03-20 to 2015-04-04
2015-06-25 21:00:52,377 Starting Live from 2015-04-05 to 2015-04-10
2015-06-25 21:08:28,825 Starting Q Learning for : 
2015-06-25 21:08:28,826 alpha = 0.6
2015-06-25 21:08:28,826 gamma = 0.4
2015-06-25 21:08:28,826 individual factor = 8
2015-06-25 21:08:28,826 zero range = 0.01
2015-06-25 21:08:28,826 greedy level = 5
2015-06-25 21:08:28,826 

2015-06-25 21:08:33,894 Starting Training from 2014-12-17 to 2015-01-01
2015-06-25 21:19:46,845 Starting Live from 2015-01-02 to 2015-02-01
2015-06-25 21:45:34,325 Starting Training from 2015-01-17 to 2015-02-01
2015-06-25 21:46:57,039 Starting Live from 2015-02-02 to 2015-03-04
2015-06-25 22:17:03,150 Starting Training from 2015-02-17 to 2015-03-04
2015-06-25 22:19:03,622 Starting Live from 2015-03-05 to 2015-04-04
2015-06-25 22:48:06,296 Starting Training from 2015-03-20 to 2015-04-04
2015-06-25 22:49:39,944 Starting Live from 2015-04-05 to 2015-04-10
2015-06-25 22:57:43,638 Starting Q Learning for : 
2015-06-25 22:57:43,638 alpha = 0.6
2015-06-25 22:57:43,638 gamma = 0.5
2015-06-25 22:57:43,638 individual factor = 8
2015-06-25 22:57:43,638 zero range = 0.01
2015-06-25 22:57:43,638 greedy level = 5
2015-06-25 22:57:43,640 

2015-06-25 22:57:50,569 Starting Training from 2014-12-17 to 2015-01-01
2015-06-25 23:09:42,601 Starting Live from 2015-01-02 to 2015-02-01
2015-06-25 23:36:51,141 Starting Training from 2015-01-17 to 2015-02-01
2015-06-25 23:38:20,414 Starting Live from 2015-02-02 to 2015-03-04
2015-06-26 00:10:00,890 Starting Training from 2015-02-17 to 2015-03-04
2015-06-26 00:11:52,720 Starting Live from 2015-03-05 to 2015-04-04
2015-06-26 00:39:26,318 Starting Training from 2015-03-20 to 2015-04-04
2015-06-26 00:41:00,265 Starting Live from 2015-04-05 to 2015-04-10
2015-06-26 00:48:04,838 Starting Q Learning for : 
2015-06-26 00:48:04,838 alpha = 0.6
2015-06-26 00:48:04,838 gamma = 0.6
2015-06-26 00:48:04,838 individual factor = 8
2015-06-26 00:48:04,838 zero range = 0.01
2015-06-26 00:48:04,838 greedy level = 5
2015-06-26 00:48:04,838 

2015-06-26 00:48:12,269 Starting Training from 2014-12-17 to 2015-01-01
2015-06-26 00:58:48,604 Starting Live from 2015-01-02 to 2015-02-01
2015-06-26 01:26:13,266 Starting Training from 2015-01-17 to 2015-02-01
2015-06-26 01:27:39,230 Starting Live from 2015-02-02 to 2015-03-04
2015-06-26 01:59:40,040 Starting Training from 2015-02-17 to 2015-03-04
2015-06-26 02:01:35,437 Starting Live from 2015-03-05 to 2015-04-04
2015-06-26 02:31:36,921 Starting Training from 2015-03-20 to 2015-04-04
2015-06-26 02:33:07,358 Starting Live from 2015-04-05 to 2015-04-10
2015-06-26 02:41:30,926 Starting Q Learning for : 
2015-06-26 02:41:30,926 alpha = 0.6
2015-06-26 02:41:30,926 gamma = 0.7
2015-06-26 02:41:30,926 individual factor = 8
2015-06-26 02:41:30,926 zero range = 0.01
2015-06-26 02:41:30,926 greedy level = 5
2015-06-26 02:41:30,926 

2015-06-26 02:41:35,736 Starting Training from 2014-12-17 to 2015-01-01
2015-06-26 02:53:33,549 Starting Live from 2015-01-02 to 2015-02-01
2015-06-26 03:21:21,657 Starting Training from 2015-01-17 to 2015-02-01
2015-06-26 03:22:56,776 Starting Live from 2015-02-02 to 2015-03-04
2015-06-26 03:53:50,026 Starting Training from 2015-02-17 to 2015-03-04
2015-06-26 03:56:06,046 Starting Live from 2015-03-05 to 2015-04-04
2015-06-26 04:21:30,102 Starting Training from 2015-03-20 to 2015-04-04
2015-06-26 04:24:16,663 Starting Live from 2015-04-05 to 2015-04-10
2015-06-26 04:31:45,773 Starting Q Learning for : 
2015-06-26 04:31:45,775 alpha = 0.6
2015-06-26 04:31:45,775 gamma = 0.8
2015-06-26 04:31:45,775 individual factor = 8
2015-06-26 04:31:45,775 zero range = 0.01
2015-06-26 04:31:45,775 greedy level = 5
2015-06-26 04:31:45,775 

2015-06-26 04:31:51,522 Starting Training from 2014-12-17 to 2015-01-01
2015-06-26 04:43:49,529 Starting Live from 2015-01-02 to 2015-02-01
2015-06-26 05:10:43,259 Starting Training from 2015-01-17 to 2015-02-01
2015-06-26 05:12:04,556 Starting Live from 2015-02-02 to 2015-03-04
2015-06-26 05:37:51,852 Starting Training from 2015-02-17 to 2015-03-04
2015-06-26 05:41:02,099 Starting Live from 2015-03-05 to 2015-04-04
2015-06-26 06:00:51,365 Starting Training from 2015-03-20 to 2015-04-04
2015-06-26 06:05:04,898 Starting Live from 2015-04-05 to 2015-04-10
2015-06-26 06:12:52,799 Starting Q Learning for : 
2015-06-26 06:12:52,799 alpha = 0.4
2015-06-26 06:12:52,799 gamma = 0.1
2015-06-26 06:12:52,799 individual factor = 8
2015-06-26 06:12:52,799 zero range = 0.01
2015-06-26 06:12:52,799 greedy level = 5
2015-06-26 06:12:52,799 

2015-06-26 06:12:59,289 Starting Training from 2014-12-17 to 2015-01-01
2015-06-26 06:24:26,805 Starting Live from 2015-01-02 to 2015-02-01
2015-06-26 06:51:53,769 Starting Training from 2015-01-17 to 2015-02-01
2015-06-26 06:53:19,670 Starting Live from 2015-02-02 to 2015-03-04
2015-06-26 07:25:31,509 Starting Training from 2015-02-17 to 2015-03-04
2015-06-26 07:27:24,717 Starting Live from 2015-03-05 to 2015-04-04
2015-06-26 07:55:10,763 Starting Training from 2015-03-20 to 2015-04-04
2015-06-26 07:56:40,296 Starting Live from 2015-04-05 to 2015-04-10
2015-06-26 08:05:27,823 Starting Q Learning for : 
2015-06-26 08:05:27,823 alpha = 0.4
2015-06-26 08:05:27,825 gamma = 0.2
2015-06-26 08:05:27,825 individual factor = 8
2015-06-26 08:05:27,825 zero range = 0.01
2015-06-26 08:05:27,825 greedy level = 5
2015-06-26 08:05:27,825 

2015-06-26 08:05:33,502 Starting Training from 2014-12-17 to 2015-01-01
2015-06-26 08:16:51,835 Starting Live from 2015-01-02 to 2015-02-01
2015-06-26 08:44:03,132 Starting Training from 2015-01-17 to 2015-02-01
2015-06-26 08:45:25,982 Starting Live from 2015-02-02 to 2015-03-04
2015-06-26 09:17:25,604 Starting Training from 2015-02-17 to 2015-03-04
2015-06-26 09:19:21,776 Starting Live from 2015-03-05 to 2015-04-04
2015-06-26 09:47:38,759 Starting Training from 2015-03-20 to 2015-04-04
2015-06-26 09:49:04,845 Starting Live from 2015-04-05 to 2015-04-10
2015-06-26 09:58:21,038 Starting Q Learning for : 
2015-06-26 09:58:21,038 alpha = 0.4
2015-06-26 09:58:21,038 gamma = 0.3
2015-06-26 09:58:21,038 individual factor = 8
2015-06-26 09:58:21,038 zero range = 0.01
2015-06-26 09:58:21,038 greedy level = 5
2015-06-26 09:58:21,039 

2015-06-26 09:58:28,448 Starting Training from 2014-12-17 to 2015-01-01
2015-06-26 10:09:54,270 Starting Live from 2015-01-02 to 2015-02-01
2015-06-26 10:36:49,855 Starting Training from 2015-01-17 to 2015-02-01
2015-06-26 10:38:27,183 Starting Live from 2015-02-02 to 2015-03-04
2015-06-26 11:09:49,736 Starting Training from 2015-02-17 to 2015-03-04
2015-06-26 11:11:44,028 Starting Live from 2015-03-05 to 2015-04-04
2015-06-26 11:39:44,325 Starting Training from 2015-03-20 to 2015-04-04
2015-06-26 11:41:17,029 Starting Live from 2015-04-05 to 2015-04-10
2015-06-26 11:49:55,357 Starting Q Learning for : 
2015-06-26 11:49:55,357 alpha = 0.4
2015-06-26 11:49:55,357 gamma = 0.4
2015-06-26 11:49:55,357 individual factor = 8
2015-06-26 11:49:55,357 zero range = 0.01
2015-06-26 11:49:55,358 greedy level = 5
2015-06-26 11:49:55,358 

2015-06-26 11:50:01,684 Starting Training from 2014-12-17 to 2015-01-01
2015-06-26 12:01:24,204 Starting Live from 2015-01-02 to 2015-02-01
2015-06-26 12:28:13,382 Starting Training from 2015-01-17 to 2015-02-01
2015-06-26 12:29:49,200 Starting Live from 2015-02-02 to 2015-03-04
2015-06-26 13:01:40,141 Starting Training from 2015-02-17 to 2015-03-04
2015-06-26 13:03:38,687 Starting Live from 2015-03-05 to 2015-04-04
2015-06-26 13:31:48,773 Starting Training from 2015-03-20 to 2015-04-04
2015-06-26 13:33:23,667 Starting Live from 2015-04-05 to 2015-04-10
2015-06-26 13:42:23,717 Starting Q Learning for : 
2015-06-26 13:42:23,719 alpha = 0.4
2015-06-26 13:42:23,719 gamma = 0.5
2015-06-26 13:42:23,719 individual factor = 8
2015-06-26 13:42:23,719 zero range = 0.01
2015-06-26 13:42:23,719 greedy level = 5
2015-06-26 13:42:23,719 

2015-06-26 13:42:30,009 Starting Training from 2014-12-17 to 2015-01-01
2015-06-26 13:53:46,299 Starting Live from 2015-01-02 to 2015-02-01
2015-06-26 14:20:45,279 Starting Training from 2015-01-17 to 2015-02-01
2015-06-26 14:22:12,349 Starting Live from 2015-02-02 to 2015-03-04
2015-06-26 14:55:01,318 Starting Training from 2015-02-17 to 2015-03-04
2015-06-26 14:57:02,755 Starting Live from 2015-03-05 to 2015-04-04
2015-06-26 15:26:30,301 Starting Training from 2015-03-20 to 2015-04-04
2015-06-26 15:28:05,049 Starting Live from 2015-04-05 to 2015-04-10
2015-06-26 15:37:12,423 Starting Q Learning for : 
2015-06-26 15:37:12,424 alpha = 0.4
2015-06-26 15:37:12,424 gamma = 0.6
2015-06-26 15:37:12,424 individual factor = 8
2015-06-26 15:37:12,424 zero range = 0.01
2015-06-26 15:37:12,424 greedy level = 5
2015-06-26 15:37:12,424 

2015-06-26 15:37:18,545 Starting Training from 2014-12-17 to 2015-01-01
2015-06-26 15:49:07,786 Starting Live from 2015-01-02 to 2015-02-01
2015-06-26 16:18:04,719 Starting Training from 2015-01-17 to 2015-02-01
2015-06-26 16:19:28,545 Starting Live from 2015-02-02 to 2015-03-04
2015-06-26 16:50:58,117 Starting Training from 2015-02-17 to 2015-03-04
2015-06-26 16:52:48,114 Starting Live from 2015-03-05 to 2015-04-04
2015-06-26 17:21:06,177 Starting Training from 2015-03-20 to 2015-04-04
2015-06-26 17:22:46,176 Starting Live from 2015-04-05 to 2015-04-10
2015-06-26 17:31:19,484 Starting Q Learning for : 
2015-06-26 17:31:19,484 alpha = 0.4
2015-06-26 17:31:19,484 gamma = 0.7
2015-06-26 17:31:19,484 individual factor = 8
2015-06-26 17:31:19,484 zero range = 0.01
2015-06-26 17:31:19,484 greedy level = 5
2015-06-26 17:31:19,484 

2015-06-26 17:31:25,769 Starting Training from 2014-12-17 to 2015-01-01
2015-06-26 17:42:30,029 Starting Live from 2015-01-02 to 2015-02-01
2015-06-26 18:10:30,430 Starting Training from 2015-01-17 to 2015-02-01
2015-06-26 18:12:10,665 Starting Live from 2015-02-02 to 2015-03-04
2015-06-26 18:41:50,288 Starting Training from 2015-02-17 to 2015-03-04
2015-06-26 18:43:49,224 Starting Live from 2015-03-05 to 2015-04-04
2015-06-26 19:07:48,740 Starting Training from 2015-03-20 to 2015-04-04
2015-06-26 19:10:47,076 Starting Live from 2015-04-05 to 2015-04-10
2015-06-26 19:18:49,325 Starting Q Learning for : 
2015-06-26 19:18:49,325 alpha = 0.4
2015-06-26 19:18:49,325 gamma = 0.8
2015-06-26 19:18:49,325 individual factor = 8
2015-06-26 19:18:49,325 zero range = 0.01
2015-06-26 19:18:49,325 greedy level = 5
2015-06-26 19:18:49,325 

2015-06-26 19:18:56,687 Starting Training from 2014-12-17 to 2015-01-01
2015-06-26 19:29:58,586 Starting Live from 2015-01-02 to 2015-02-01
2015-06-26 19:56:04,125 Starting Training from 2015-01-17 to 2015-02-01
2015-06-26 19:57:30,230 Starting Live from 2015-02-02 to 2015-03-04
2015-06-26 20:22:07,726 Starting Training from 2015-02-17 to 2015-03-04
2015-06-26 20:25:52,315 Starting Live from 2015-03-05 to 2015-04-04
2015-06-26 20:44:52,882 Starting Training from 2015-03-20 to 2015-04-04
2015-06-26 20:50:27,301 Starting Live from 2015-04-05 to 2015-04-10
2015-06-26 20:58:08,351 Starting Q Learning for : 
2015-06-26 20:58:08,351 alpha = 0.2
2015-06-26 20:58:08,351 gamma = 0.1
2015-06-26 20:58:08,351 individual factor = 8
2015-06-26 20:58:08,351 zero range = 0.01
2015-06-26 20:58:08,351 greedy level = 5
2015-06-26 20:58:08,351 

2015-06-26 20:58:15,101 Starting Training from 2014-12-17 to 2015-01-01
2015-06-26 21:09:45,270 Starting Live from 2015-01-02 to 2015-02-01
2015-06-26 21:38:21,048 Starting Training from 2015-01-17 to 2015-02-01
2015-06-26 21:39:45,638 Starting Live from 2015-02-02 to 2015-03-04
2015-06-26 22:11:10,951 Starting Training from 2015-02-17 to 2015-03-04
2015-06-26 22:13:02,316 Starting Live from 2015-03-05 to 2015-04-04
2015-06-26 22:42:03,424 Starting Training from 2015-03-20 to 2015-04-04
2015-06-26 22:43:54,411 Starting Live from 2015-04-05 to 2015-04-10
2015-06-26 22:52:14,132 Starting Q Learning for : 
2015-06-26 22:52:14,132 alpha = 0.2
2015-06-26 22:52:14,132 gamma = 0.2
2015-06-26 22:52:14,132 individual factor = 8
2015-06-26 22:52:14,134 zero range = 0.01
2015-06-26 22:52:14,134 greedy level = 5
2015-06-26 22:52:14,134 

2015-06-26 22:52:19,263 Starting Training from 2014-12-17 to 2015-01-01
2015-06-26 23:03:54,960 Starting Live from 2015-01-02 to 2015-02-01
2015-06-26 23:32:00,138 Starting Training from 2015-01-17 to 2015-02-01
2015-06-26 23:33:28,214 Starting Live from 2015-02-02 to 2015-03-04
2015-06-27 00:05:59,546 Starting Training from 2015-02-17 to 2015-03-04
2015-06-27 00:08:00,615 Starting Live from 2015-03-05 to 2015-04-04
2015-06-27 00:37:00,019 Starting Training from 2015-03-20 to 2015-04-04
2015-06-27 00:38:47,286 Starting Live from 2015-04-05 to 2015-04-10
2015-06-27 00:47:14,381 Starting Q Learning for : 
2015-06-27 00:47:14,381 alpha = 0.2
2015-06-27 00:47:14,381 gamma = 0.3
2015-06-27 00:47:14,381 individual factor = 8
2015-06-27 00:47:14,382 zero range = 0.01
2015-06-27 00:47:14,382 greedy level = 5
2015-06-27 00:47:14,382 

2015-06-27 00:47:23,940 Starting Training from 2014-12-17 to 2015-01-01
2015-06-27 00:58:19,509 Starting Live from 2015-01-02 to 2015-02-01
2015-06-27 01:25:43,690 Starting Training from 2015-01-17 to 2015-02-01
2015-06-27 01:27:07,829 Starting Live from 2015-02-02 to 2015-03-04
2015-06-27 01:58:11,660 Starting Training from 2015-02-17 to 2015-03-04
2015-06-27 02:00:09,184 Starting Live from 2015-03-05 to 2015-04-04
2015-06-27 02:28:21,042 Starting Training from 2015-03-20 to 2015-04-04
2015-06-27 02:30:07,848 Starting Live from 2015-04-05 to 2015-04-10
2015-06-27 02:38:56,707 Starting Q Learning for : 
2015-06-27 02:38:56,707 alpha = 0.2
2015-06-27 02:38:56,707 gamma = 0.4
2015-06-27 02:38:56,707 individual factor = 8
2015-06-27 02:38:56,707 zero range = 0.01
2015-06-27 02:38:56,707 greedy level = 5
2015-06-27 02:38:56,707 

2015-06-27 02:39:03,803 Starting Training from 2014-12-17 to 2015-01-01
2015-06-27 02:50:47,164 Starting Live from 2015-01-02 to 2015-02-01
2015-06-27 03:18:50,220 Starting Training from 2015-01-17 to 2015-02-01
2015-06-27 03:20:14,990 Starting Live from 2015-02-02 to 2015-03-04
2015-06-27 03:51:20,706 Starting Training from 2015-02-17 to 2015-03-04
2015-06-27 03:53:15,482 Starting Live from 2015-03-05 to 2015-04-04
2015-06-27 04:20:48,845 Starting Training from 2015-03-20 to 2015-04-04
2015-06-27 04:22:38,453 Starting Live from 2015-04-05 to 2015-04-10
2015-06-27 04:31:26,049 Starting Q Learning for : 
2015-06-27 04:31:26,049 alpha = 0.2
2015-06-27 04:31:26,049 gamma = 0.5
2015-06-27 04:31:26,049 individual factor = 8
2015-06-27 04:31:26,049 zero range = 0.01
2015-06-27 04:31:26,049 greedy level = 5
2015-06-27 04:31:26,049 

2015-06-27 04:31:34,352 Starting Training from 2014-12-17 to 2015-01-01
2015-06-27 04:42:54,059 Starting Live from 2015-01-02 to 2015-02-01
2015-06-27 05:10:24,197 Starting Training from 2015-01-17 to 2015-02-01
2015-06-27 05:12:09,517 Starting Live from 2015-02-02 to 2015-03-04
2015-06-27 05:43:27,115 Starting Training from 2015-02-17 to 2015-03-04
2015-06-27 05:45:20,561 Starting Live from 2015-03-05 to 2015-04-04
2015-06-27 06:13:56,400 Starting Training from 2015-03-20 to 2015-04-04
2015-06-27 06:15:30,507 Starting Live from 2015-04-05 to 2015-04-10
2015-06-27 06:24:05,295 Starting Q Learning for : 
2015-06-27 06:24:05,295 alpha = 0.2
2015-06-27 06:24:05,295 gamma = 0.6
2015-06-27 06:24:05,296 individual factor = 8
2015-06-27 06:24:05,296 zero range = 0.01
2015-06-27 06:24:05,296 greedy level = 5
2015-06-27 06:24:05,296 

2015-06-27 06:24:10,937 Starting Training from 2014-12-17 to 2015-01-01
2015-06-27 06:35:19,969 Starting Live from 2015-01-02 to 2015-02-01
2015-06-27 07:01:40,196 Starting Training from 2015-01-17 to 2015-02-01
2015-06-27 07:03:02,351 Starting Live from 2015-02-02 to 2015-03-04
2015-06-27 07:33:59,538 Starting Training from 2015-02-17 to 2015-03-04
2015-06-27 07:35:54,931 Starting Live from 2015-03-05 to 2015-04-04
2015-06-27 08:03:06,993 Starting Training from 2015-03-20 to 2015-04-04
2015-06-27 08:05:02,115 Starting Live from 2015-04-05 to 2015-04-10
2015-06-27 08:13:31,434 Starting Q Learning for : 
2015-06-27 08:13:31,434 alpha = 0.6
2015-06-27 08:13:31,434 gamma = 0.3
2015-06-27 08:13:31,434 individual factor = 8
2015-06-27 08:13:31,434 zero range = 0.006
2015-06-27 08:13:31,434 greedy level = 5
2015-06-27 08:13:31,434 

2015-06-27 08:13:39,496 Starting Training from 2014-12-17 to 2015-01-01
2015-06-27 08:25:18,180 Starting Live from 2015-01-02 to 2015-02-01
2015-06-27 08:52:41,025 Starting Training from 2015-01-17 to 2015-02-01
2015-06-27 08:54:03,298 Starting Live from 2015-02-02 to 2015-03-04
2015-06-27 09:25:27,736 Starting Training from 2015-02-17 to 2015-03-04
2015-06-27 09:27:16,655 Starting Live from 2015-03-05 to 2015-04-04
2015-06-27 09:55:16,983 Starting Training from 2015-03-20 to 2015-04-04
2015-06-27 09:56:47,476 Starting Live from 2015-04-05 to 2015-04-10
2015-06-27 10:04:55,190 Starting Q Learning for : 
2015-06-27 10:04:55,190 alpha = 0.6
2015-06-27 10:04:55,190 gamma = 0.4
2015-06-27 10:04:55,191 individual factor = 8
2015-06-27 10:04:55,191 zero range = 0.006
2015-06-27 10:04:55,191 greedy level = 5
2015-06-27 10:04:55,191 

2015-06-27 10:05:01,351 Starting Training from 2014-12-17 to 2015-01-01
2015-06-27 10:16:40,513 Starting Live from 2015-01-02 to 2015-02-01
2015-06-27 10:43:58,730 Starting Training from 2015-01-17 to 2015-02-01
2015-06-27 10:45:23,697 Starting Live from 2015-02-02 to 2015-03-04
2015-06-27 11:16:23,012 Starting Training from 2015-02-17 to 2015-03-04
2015-06-27 11:18:46,062 Starting Live from 2015-03-05 to 2015-04-04
2015-06-27 11:46:57,595 Starting Training from 2015-03-20 to 2015-04-04
2015-06-27 11:48:36,838 Starting Live from 2015-04-05 to 2015-04-10
2015-06-27 11:56:27,979 Starting Q Learning for : 
2015-06-27 11:56:27,979 alpha = 0.6
2015-06-27 11:56:27,979 gamma = 0.5
2015-06-27 11:56:27,980 individual factor = 8
2015-06-27 11:56:27,980 zero range = 0.006
2015-06-27 11:56:27,980 greedy level = 5
2015-06-27 11:56:27,980 

2015-06-27 11:56:35,073 Starting Training from 2014-12-17 to 2015-01-01
2015-06-27 12:08:15,391 Starting Live from 2015-01-02 to 2015-02-01
2015-06-27 12:35:02,397 Starting Training from 2015-01-17 to 2015-02-01
2015-06-27 12:36:25,148 Starting Live from 2015-02-02 to 2015-03-04
2015-06-27 13:07:53,947 Starting Training from 2015-02-17 to 2015-03-04
2015-06-27 13:09:53,466 Starting Live from 2015-03-05 to 2015-04-04
2015-06-27 13:38:47,943 Starting Training from 2015-03-20 to 2015-04-04
2015-06-27 13:40:19,888 Starting Live from 2015-04-05 to 2015-04-10
2015-06-27 13:48:14,805 Starting Q Learning for : 
2015-06-27 13:48:14,805 alpha = 0.6
2015-06-27 13:48:14,805 gamma = 0.6
2015-06-27 13:48:14,805 individual factor = 8
2015-06-27 13:48:14,805 zero range = 0.006
2015-06-27 13:48:14,805 greedy level = 5
2015-06-27 13:48:14,805 

2015-06-27 13:48:22,575 Starting Training from 2014-12-17 to 2015-01-01
2015-06-27 14:00:01,540 Starting Live from 2015-01-02 to 2015-02-01
2015-06-27 14:26:07,868 Starting Training from 2015-01-17 to 2015-02-01
2015-06-27 14:27:23,361 Starting Live from 2015-02-02 to 2015-03-04
2015-06-27 14:56:14,789 Starting Training from 2015-02-17 to 2015-03-04
2015-06-27 14:58:05,697 Starting Live from 2015-03-05 to 2015-04-04
2015-06-27 15:28:07,983 Starting Training from 2015-03-20 to 2015-04-04
2015-06-27 15:29:55,857 Starting Live from 2015-04-05 to 2015-04-10
2015-06-27 15:38:43,368 Starting Q Learning for : 
2015-06-27 15:38:43,368 alpha = 0.6
2015-06-27 15:38:43,368 gamma = 0.7
2015-06-27 15:38:43,368 individual factor = 8
2015-06-27 15:38:43,368 zero range = 0.006
2015-06-27 15:38:43,368 greedy level = 5
2015-06-27 15:38:43,368 

2015-06-27 15:38:49,776 Starting Training from 2014-12-17 to 2015-01-01
2015-06-27 15:50:38,305 Starting Live from 2015-01-02 to 2015-02-01
2015-06-27 16:18:39,473 Starting Training from 2015-01-17 to 2015-02-01
2015-06-27 16:20:03,528 Starting Live from 2015-02-02 to 2015-03-04
2015-06-27 16:50:07,733 Starting Training from 2015-02-17 to 2015-03-04
2015-06-27 16:52:01,946 Starting Live from 2015-03-05 to 2015-04-04
2015-06-27 17:15:50,624 Starting Training from 2015-03-20 to 2015-04-04
2015-06-27 17:18:20,536 Starting Live from 2015-04-05 to 2015-04-10
2015-06-27 17:26:14,391 Starting Q Learning for : 
2015-06-27 17:26:14,391 alpha = 0.6
2015-06-27 17:26:14,391 gamma = 0.8
2015-06-27 17:26:14,391 individual factor = 8
2015-06-27 17:26:14,391 zero range = 0.006
2015-06-27 17:26:14,391 greedy level = 5
2015-06-27 17:26:14,391 

2015-06-27 17:26:22,957 Starting Training from 2014-12-17 to 2015-01-01
2015-06-27 17:37:17,519 Starting Live from 2015-01-02 to 2015-02-01
2015-06-27 18:03:01,671 Starting Training from 2015-01-17 to 2015-02-01
2015-06-27 18:04:25,964 Starting Live from 2015-02-02 to 2015-03-04
2015-06-27 18:28:37,960 Starting Training from 2015-02-17 to 2015-03-04
2015-06-27 18:32:29,989 Starting Live from 2015-03-05 to 2015-04-04
2015-06-27 18:52:19,828 Starting Training from 2015-03-20 to 2015-04-04
2015-06-27 18:57:01,065 Starting Live from 2015-04-05 to 2015-04-10
2015-06-27 19:04:28,154 Starting Q Learning for : 
2015-06-27 19:04:28,154 alpha = 0.4
2015-06-27 19:04:28,154 gamma = 0.1
2015-06-27 19:04:28,154 individual factor = 8
2015-06-27 19:04:28,154 zero range = 0.006
2015-06-27 19:04:28,154 greedy level = 5
2015-06-27 19:04:28,154 

2015-06-27 19:04:35,532 Starting Training from 2014-12-17 to 2015-01-01
2015-06-27 19:16:20,762 Starting Live from 2015-01-02 to 2015-02-01
2015-06-27 19:43:50,977 Starting Training from 2015-01-17 to 2015-02-01
2015-06-27 19:45:15,387 Starting Live from 2015-02-02 to 2015-03-04
2015-06-27 20:16:00,532 Starting Training from 2015-02-17 to 2015-03-04
2015-06-27 20:17:53,414 Starting Live from 2015-03-05 to 2015-04-04
2015-06-27 20:46:20,536 Starting Training from 2015-03-20 to 2015-04-04
2015-06-27 20:48:08,091 Starting Live from 2015-04-05 to 2015-04-10
2015-06-27 20:56:23,918 Starting Q Learning for : 
2015-06-27 20:56:23,918 alpha = 0.4
2015-06-27 20:56:23,918 gamma = 0.2
2015-06-27 20:56:23,920 individual factor = 8
2015-06-27 20:56:23,920 zero range = 0.006
2015-06-27 20:56:23,920 greedy level = 5
2015-06-27 20:56:23,920 

2015-06-27 20:56:32,951 Starting Training from 2014-12-17 to 2015-01-01
2015-06-27 21:08:17,664 Starting Live from 2015-01-02 to 2015-02-01
2015-06-27 21:35:23,194 Starting Training from 2015-01-17 to 2015-02-01
2015-06-27 21:36:50,588 Starting Live from 2015-02-02 to 2015-03-04
2015-06-27 22:07:38,674 Starting Training from 2015-02-17 to 2015-03-04
2015-06-27 22:09:29,953 Starting Live from 2015-03-05 to 2015-04-04
2015-06-27 22:37:45,910 Starting Training from 2015-03-20 to 2015-04-04
2015-06-27 22:39:31,533 Starting Live from 2015-04-05 to 2015-04-10
2015-06-27 22:47:24,288 Starting Q Learning for : 
2015-06-27 22:47:24,288 alpha = 0.4
2015-06-27 22:47:24,288 gamma = 0.3
2015-06-27 22:47:24,288 individual factor = 8
2015-06-27 22:47:24,288 zero range = 0.006
2015-06-27 22:47:24,288 greedy level = 5
2015-06-27 22:47:24,288 

2015-06-27 22:47:29,721 Starting Training from 2014-12-17 to 2015-01-01
2015-06-27 22:58:18,506 Starting Live from 2015-01-02 to 2015-02-01
2015-06-27 23:24:42,289 Starting Training from 2015-01-17 to 2015-02-01
2015-06-27 23:26:01,928 Starting Live from 2015-02-02 to 2015-03-04
2015-06-27 23:55:49,871 Starting Training from 2015-02-17 to 2015-03-04
2015-06-27 23:57:40,861 Starting Live from 2015-03-05 to 2015-04-04
2015-06-28 00:24:36,496 Starting Training from 2015-03-20 to 2015-04-04
2015-06-28 00:26:03,502 Starting Live from 2015-04-05 to 2015-04-10
2015-06-28 00:34:17,193 Starting Q Learning for : 
2015-06-28 00:34:17,193 alpha = 0.4
2015-06-28 00:34:17,193 gamma = 0.4
2015-06-28 00:34:17,193 individual factor = 8
2015-06-28 00:34:17,193 zero range = 0.006
2015-06-28 00:34:17,193 greedy level = 5
2015-06-28 00:34:17,193 

2015-06-28 00:34:23,417 Starting Training from 2014-12-17 to 2015-01-01
2015-06-28 00:44:59,002 Starting Live from 2015-01-02 to 2015-02-01
2015-06-28 01:10:33,795 Starting Training from 2015-01-17 to 2015-02-01
2015-06-28 01:11:52,276 Starting Live from 2015-02-02 to 2015-03-04
2015-06-28 01:41:34,516 Starting Training from 2015-02-17 to 2015-03-04
2015-06-28 01:43:23,739 Starting Live from 2015-03-05 to 2015-04-04
2015-06-28 02:09:23,457 Starting Training from 2015-03-20 to 2015-04-04
2015-06-28 02:10:44,589 Starting Live from 2015-04-05 to 2015-04-10
2015-06-28 02:18:02,710 Starting Q Learning for : 
2015-06-28 02:18:02,710 alpha = 0.2
2015-06-28 02:18:02,710 gamma = 0.7
2015-06-28 02:18:02,710 individual factor = 8
2015-06-28 02:18:02,710 zero range = 0.006
2015-06-28 02:18:02,710 greedy level = 5
2015-06-28 02:18:02,710 

2015-06-28 02:18:09,085 Starting Training from 2014-12-17 to 2015-01-01
2015-06-28 02:29:09,062 Starting Live from 2015-01-02 to 2015-02-01
2015-06-28 02:54:04,729 Starting Training from 2015-01-17 to 2015-02-01
2015-06-28 02:55:22,450 Starting Live from 2015-02-02 to 2015-03-04
2015-06-28 03:22:50,144 Starting Training from 2015-02-17 to 2015-03-04
2015-06-28 03:24:37,167 Starting Live from 2015-03-05 to 2015-04-04
2015-06-28 03:46:56,443 Starting Training from 2015-03-20 to 2015-04-04
2015-06-28 03:49:30,213 Starting Live from 2015-04-05 to 2015-04-10
2015-06-28 03:56:59,323 Starting Q Learning for : 
2015-06-28 03:56:59,323 alpha = 0.2
2015-06-28 03:56:59,323 gamma = 0.8
2015-06-28 03:56:59,323 individual factor = 8
2015-06-28 03:56:59,323 zero range = 0.006
2015-06-28 03:56:59,323 greedy level = 5
2015-06-28 03:56:59,323 

2015-06-28 03:57:07,010 Starting Training from 2014-12-17 to 2015-01-01
2015-06-28 04:07:29,778 Starting Live from 2015-01-02 to 2015-02-01
2015-06-28 04:32:03,091 Starting Training from 2015-01-17 to 2015-02-01
2015-06-28 04:33:20,154 Starting Live from 2015-02-02 to 2015-03-04
2015-06-28 04:56:00,119 Starting Training from 2015-02-17 to 2015-03-04
2015-06-28 04:59:32,036 Starting Live from 2015-03-05 to 2015-04-04
2015-06-28 05:16:08,375 Starting Training from 2015-03-20 to 2015-04-04
2015-06-28 05:20:53,976 Starting Live from 2015-04-05 to 2015-04-10
2015-06-28 05:27:22,073 Starting Q Learning for : 
2015-06-28 05:27:22,073 alpha = 0.8
2015-06-28 05:27:22,073 gamma = 0.1
2015-06-28 05:27:22,073 individual factor = 8
2015-06-28 05:27:22,073 zero range = 0.006
2015-06-28 05:27:22,073 greedy level = 5
2015-06-28 05:27:22,075 

2015-06-28 05:27:27,627 Starting Training from 2014-12-17 to 2015-01-01
2015-06-28 05:37:26,028 Starting Live from 2015-01-02 to 2015-02-01
2015-06-28 06:02:21,243 Starting Training from 2015-01-17 to 2015-02-01
2015-06-28 06:04:04,076 Starting Live from 2015-02-02 to 2015-03-04
2015-06-28 06:33:29,301 Starting Training from 2015-02-17 to 2015-03-04
2015-06-28 06:35:12,822 Starting Live from 2015-03-05 to 2015-04-04
2015-06-28 07:01:11,013 Starting Training from 2015-03-20 to 2015-04-04
2015-06-28 07:02:33,723 Starting Live from 2015-04-05 to 2015-04-10
2015-06-28 07:09:47,782 Starting Q Learning for : 
2015-06-28 07:09:47,782 alpha = 0.8
2015-06-28 07:09:47,782 gamma = 0.2
2015-06-28 07:09:47,782 individual factor = 8
2015-06-28 07:09:47,782 zero range = 0.006
2015-06-28 07:09:47,782 greedy level = 5
2015-06-28 07:09:47,782 

2015-06-28 07:09:52,721 Starting Training from 2014-12-17 to 2015-01-01
2015-06-28 07:20:41,417 Starting Live from 2015-01-02 to 2015-02-01
2015-06-28 07:44:56,763 Starting Training from 2015-01-17 to 2015-02-01
2015-06-28 07:46:17,891 Starting Live from 2015-02-02 to 2015-03-04
2015-06-28 08:13:54,783 Starting Training from 2015-02-17 to 2015-03-04
2015-06-28 08:15:36,147 Starting Live from 2015-03-05 to 2015-04-04
2015-06-28 08:40:45,111 Starting Training from 2015-03-20 to 2015-04-04
2015-06-28 08:42:34,815 Starting Live from 2015-04-05 to 2015-04-10
2015-06-28 08:50:14,808 Starting Q Learning for : 
2015-06-28 08:50:14,808 alpha = 0.8
2015-06-28 08:50:14,808 gamma = 0.3
2015-06-28 08:50:14,808 individual factor = 8
2015-06-28 08:50:14,808 zero range = 0.006
2015-06-28 08:50:14,808 greedy level = 5
2015-06-28 08:50:14,808 

2015-06-28 08:50:20,661 Starting Training from 2014-12-17 to 2015-01-01
2015-06-28 09:00:01,355 Starting Live from 2015-01-02 to 2015-02-01
2015-06-28 09:24:42,433 Starting Training from 2015-01-17 to 2015-02-01
2015-06-28 09:26:00,374 Starting Live from 2015-02-02 to 2015-03-04
2015-06-28 09:54:55,023 Starting Training from 2015-02-17 to 2015-03-04
2015-06-28 09:56:38,016 Starting Live from 2015-03-05 to 2015-04-04
2015-06-28 10:21:58,451 Starting Training from 2015-03-20 to 2015-04-04
2015-06-28 10:23:20,433 Starting Live from 2015-04-05 to 2015-04-10
2015-06-28 10:30:20,654 Starting Q Learning for : 
2015-06-28 10:30:20,654 alpha = 0.8
2015-06-28 10:30:20,654 gamma = 0.4
2015-06-28 10:30:20,654 individual factor = 8
2015-06-28 10:30:20,654 zero range = 0.006
2015-06-28 10:30:20,654 greedy level = 5
2015-06-28 10:30:20,654 

2015-06-28 10:30:26,059 Starting Training from 2014-12-17 to 2015-01-01
2015-06-28 10:41:12,618 Starting Live from 2015-01-02 to 2015-02-01
2015-06-28 11:05:39,721 Starting Training from 2015-01-17 to 2015-02-01
2015-06-28 11:06:54,854 Starting Live from 2015-02-02 to 2015-03-04
