2015-06-24 00:46:19,286 Starting Q Learning for : 
2015-06-24 00:46:19,286 alpha = 0.6
2015-06-24 00:46:19,286 gamma = 0.1
2015-06-24 00:46:19,286 individual factor = 12
2015-06-24 00:46:19,286 zero range = 0.01
2015-06-24 00:46:19,286 greedy level = 10
2015-06-24 00:46:19,286 

2015-06-24 00:46:25,526 Starting Training from 2014-12-17 to 2015-01-01
2015-06-24 00:55:20,601 Starting Live from 2015-01-02 to 2015-02-01
2015-06-24 01:16:50,664 Starting Training from 2015-01-17 to 2015-02-01
2015-06-24 01:17:55,240 Starting Live from 2015-02-02 to 2015-03-04
2015-06-24 01:45:46,309 Starting Training from 2015-02-17 to 2015-03-04
2015-06-24 01:47:21,717 Starting Live from 2015-03-05 to 2015-04-04
2015-06-24 02:12:14,532 Starting Training from 2015-03-20 to 2015-04-04
2015-06-24 02:13:33,783 Starting Live from 2015-04-05 to 2015-04-10
2015-06-24 02:20:35,354 Starting Q Learning for : 
2015-06-24 02:20:35,354 alpha = 0.6
2015-06-24 02:20:35,354 gamma = 0.2
2015-06-24 02:20:35,354 individual factor = 12
2015-06-24 02:20:35,354 zero range = 0.01
2015-06-24 02:20:35,354 greedy level = 10
2015-06-24 02:20:35,354 

2015-06-24 02:20:38,443 Starting Training from 2014-12-17 to 2015-01-01
2015-06-24 02:30:37,710 Starting Live from 2015-01-02 to 2015-02-01
2015-06-24 02:53:36,950 Starting Training from 2015-01-17 to 2015-02-01
2015-06-24 02:54:44,323 Starting Live from 2015-02-02 to 2015-03-04
2015-06-24 03:20:36,497 Starting Training from 2015-02-17 to 2015-03-04
2015-06-24 03:22:06,203 Starting Live from 2015-03-05 to 2015-04-04
2015-06-24 03:45:32,907 Starting Training from 2015-03-20 to 2015-04-04
2015-06-24 03:46:48,608 Starting Live from 2015-04-05 to 2015-04-10
2015-06-24 03:54:17,625 Starting Q Learning for : 
2015-06-24 03:54:17,625 alpha = 0.6
2015-06-24 03:54:17,625 gamma = 0.3
2015-06-24 03:54:17,625 individual factor = 12
2015-06-24 03:54:17,625 zero range = 0.01
2015-06-24 03:54:17,625 greedy level = 10
2015-06-24 03:54:17,625 

2015-06-24 03:54:20,994 Starting Training from 2014-12-17 to 2015-01-01
2015-06-24 04:03:34,572 Starting Live from 2015-01-02 to 2015-02-01
2015-06-24 04:26:03,339 Starting Training from 2015-01-17 to 2015-02-01
2015-06-24 04:27:11,835 Starting Live from 2015-02-02 to 2015-03-04
2015-06-24 04:53:17,648 Starting Training from 2015-02-17 to 2015-03-04
2015-06-24 04:55:15,108 Starting Live from 2015-03-05 to 2015-04-04
2015-06-24 05:18:35,414 Starting Training from 2015-03-20 to 2015-04-04
2015-06-24 05:19:50,890 Starting Live from 2015-04-05 to 2015-04-10
2015-06-24 05:26:39,553 Starting Q Learning for : 
2015-06-24 05:26:39,553 alpha = 0.6
2015-06-24 05:26:39,553 gamma = 0.4
2015-06-24 05:26:39,553 individual factor = 12
2015-06-24 05:26:39,553 zero range = 0.01
2015-06-24 05:26:39,555 greedy level = 10
2015-06-24 05:26:39,555 

2015-06-24 05:26:42,345 Starting Training from 2014-12-17 to 2015-01-01
2015-06-24 05:36:05,720 Starting Live from 2015-01-02 to 2015-02-01
2015-06-24 05:59:05,517 Starting Training from 2015-01-17 to 2015-02-01
2015-06-24 06:00:15,680 Starting Live from 2015-02-02 to 2015-03-04
2015-06-24 06:26:35,019 Starting Training from 2015-02-17 to 2015-03-04
2015-06-24 06:28:11,221 Starting Live from 2015-03-05 to 2015-04-04
2015-06-24 06:51:25,013 Starting Training from 2015-03-20 to 2015-04-04
2015-06-24 06:52:38,292 Starting Live from 2015-04-05 to 2015-04-10
2015-06-24 06:59:21,464 Starting Q Learning for : 
2015-06-24 06:59:21,464 alpha = 0.4
2015-06-24 06:59:21,464 gamma = 0.1
2015-06-24 06:59:21,464 individual factor = 12
2015-06-24 06:59:21,464 zero range = 0.01
2015-06-24 06:59:21,464 greedy level = 10
2015-06-24 06:59:21,466 

2015-06-24 06:59:25,085 Starting Training from 2014-12-17 to 2015-01-01
2015-06-24 07:09:11,733 Starting Live from 2015-01-02 to 2015-02-01
2015-06-24 07:31:46,039 Starting Training from 2015-01-17 to 2015-02-01
2015-06-24 07:32:56,438 Starting Live from 2015-02-02 to 2015-03-04
2015-06-24 07:58:41,729 Starting Training from 2015-02-17 to 2015-03-04
2015-06-24 08:00:14,296 Starting Live from 2015-03-05 to 2015-04-04
2015-06-24 08:23:07,665 Starting Training from 2015-03-20 to 2015-04-04
2015-06-24 08:24:22,351 Starting Live from 2015-04-05 to 2015-04-10
2015-06-24 08:31:32,522 Starting Q Learning for : 
2015-06-24 08:31:32,522 alpha = 0.4
2015-06-24 08:31:32,522 gamma = 0.2
2015-06-24 08:31:32,522 individual factor = 12
2015-06-24 08:31:32,522 zero range = 0.01
2015-06-24 08:31:32,522 greedy level = 10
2015-06-24 08:31:32,522 

2015-06-24 08:31:35,714 Starting Training from 2014-12-17 to 2015-01-01
2015-06-24 08:40:35,463 Starting Live from 2015-01-02 to 2015-02-01
2015-06-24 09:02:53,907 Starting Training from 2015-01-17 to 2015-02-01
2015-06-24 09:03:59,148 Starting Live from 2015-02-02 to 2015-03-04
2015-06-24 09:29:59,551 Starting Training from 2015-02-17 to 2015-03-04
2015-06-24 09:31:44,217 Starting Live from 2015-03-05 to 2015-04-04
2015-06-24 09:54:56,490 Starting Training from 2015-03-20 to 2015-04-04
2015-06-24 09:56:10,819 Starting Live from 2015-04-05 to 2015-04-10
2015-06-24 10:02:44,561 Starting Q Learning for : 
2015-06-24 10:02:44,561 alpha = 0.4
2015-06-24 10:02:44,561 gamma = 0.3
2015-06-24 10:02:44,561 individual factor = 12
2015-06-24 10:02:44,562 zero range = 0.01
2015-06-24 10:02:44,562 greedy level = 10
2015-06-24 10:02:44,562 

2015-06-24 10:02:47,147 Starting Training from 2014-12-17 to 2015-01-01
2015-06-24 10:12:20,885 Starting Live from 2015-01-02 to 2015-02-01
2015-06-24 10:34:48,460 Starting Training from 2015-01-17 to 2015-02-01
2015-06-24 10:35:54,115 Starting Live from 2015-02-02 to 2015-03-04
2015-06-24 11:01:19,276 Starting Training from 2015-02-17 to 2015-03-04
2015-06-24 11:02:49,362 Starting Live from 2015-03-05 to 2015-04-04
2015-06-24 11:25:59,769 Starting Training from 2015-03-20 to 2015-04-04
2015-06-24 11:27:12,698 Starting Live from 2015-04-05 to 2015-04-10
2015-06-24 11:33:39,641 Starting Q Learning for : 
2015-06-24 11:33:39,642 alpha = 0.4
2015-06-24 11:33:39,642 gamma = 0.4
2015-06-24 11:33:39,642 individual factor = 12
2015-06-24 11:33:39,642 zero range = 0.01
2015-06-24 11:33:39,642 greedy level = 10
2015-06-24 11:33:39,642 

2015-06-24 11:33:42,292 Starting Training from 2014-12-17 to 2015-01-01
2015-06-24 11:43:24,769 Starting Live from 2015-01-02 to 2015-02-01
2015-06-24 12:06:03,809 Starting Training from 2015-01-17 to 2015-02-01
2015-06-24 12:07:13,645 Starting Live from 2015-02-02 to 2015-03-04
2015-06-24 12:34:13,668 Starting Training from 2015-02-17 to 2015-03-04
2015-06-24 12:35:45,905 Starting Live from 2015-03-05 to 2015-04-04
2015-06-24 13:02:12,676 Starting Training from 2015-03-20 to 2015-04-04
2015-06-24 13:03:41,085 Starting Live from 2015-04-05 to 2015-04-10
2015-06-24 13:11:06,983 Starting Q Learning for : 
2015-06-24 13:11:06,983 alpha = 0.2
2015-06-24 13:11:06,983 gamma = 0.1
2015-06-24 13:11:06,983 individual factor = 12
2015-06-24 13:11:06,983 zero range = 0.01
2015-06-24 13:11:06,983 greedy level = 10
2015-06-24 13:11:06,983 

2015-06-24 13:11:12,651 Starting Training from 2014-12-17 to 2015-01-01
2015-06-24 13:21:21,671 Starting Live from 2015-01-02 to 2015-02-01
2015-06-24 13:47:20,153 Starting Training from 2015-01-17 to 2015-02-01
2015-06-24 13:48:36,500 Starting Live from 2015-02-02 to 2015-03-04
2015-06-24 14:18:15,747 Starting Training from 2015-02-17 to 2015-03-04
2015-06-24 14:19:59,641 Starting Live from 2015-03-05 to 2015-04-04
2015-06-24 14:46:54,957 Starting Training from 2015-03-20 to 2015-04-04
2015-06-24 14:48:20,589 Starting Live from 2015-04-05 to 2015-04-10
2015-06-24 14:56:44,726 Starting Q Learning for : 
2015-06-24 14:56:44,726 alpha = 0.2
2015-06-24 14:56:44,726 gamma = 0.2
2015-06-24 14:56:44,726 individual factor = 12
2015-06-24 14:56:44,726 zero range = 0.01
2015-06-24 14:56:44,726 greedy level = 10
2015-06-24 14:56:44,726 

2015-06-24 14:56:52,072 Starting Training from 2014-12-17 to 2015-01-01
2015-06-24 15:07:41,204 Starting Live from 2015-01-02 to 2015-02-01
2015-06-24 15:33:20,664 Starting Training from 2015-01-17 to 2015-02-01
2015-06-24 15:34:48,395 Starting Live from 2015-02-02 to 2015-03-04
2015-06-24 16:04:25,053 Starting Training from 2015-02-17 to 2015-03-04
2015-06-24 16:06:07,681 Starting Live from 2015-03-05 to 2015-04-04
2015-06-24 16:32:55,388 Starting Training from 2015-03-20 to 2015-04-04
2015-06-24 16:34:19,553 Starting Live from 2015-04-05 to 2015-04-10
2015-06-24 16:42:05,680 Starting Q Learning for : 
2015-06-24 16:42:05,680 alpha = 0.2
2015-06-24 16:42:05,680 gamma = 0.3
2015-06-24 16:42:05,680 individual factor = 12
2015-06-24 16:42:05,680 zero range = 0.01
2015-06-24 16:42:05,680 greedy level = 10
2015-06-24 16:42:05,680 

2015-06-24 16:42:13,641 Starting Training from 2014-12-17 to 2015-01-01
2015-06-24 16:53:00,888 Starting Live from 2015-01-02 to 2015-02-01
2015-06-24 17:18:31,617 Starting Training from 2015-01-17 to 2015-02-01
2015-06-24 17:19:43,747 Starting Live from 2015-02-02 to 2015-03-04
2015-06-24 17:48:58,451 Starting Training from 2015-02-17 to 2015-03-04
2015-06-24 17:50:59,405 Starting Live from 2015-03-05 to 2015-04-04
2015-06-24 18:17:02,111 Starting Training from 2015-03-20 to 2015-04-04
2015-06-24 18:18:27,568 Starting Live from 2015-04-05 to 2015-04-10
2015-06-24 18:25:54,403 Starting Q Learning for : 
2015-06-24 18:25:54,404 alpha = 0.2
2015-06-24 18:25:54,404 gamma = 0.4
2015-06-24 18:25:54,404 individual factor = 12
2015-06-24 18:25:54,404 zero range = 0.01
2015-06-24 18:25:54,404 greedy level = 10
2015-06-24 18:25:54,404 

2015-06-24 18:26:00,256 Starting Training from 2014-12-17 to 2015-01-01
2015-06-24 18:37:03,493 Starting Live from 2015-01-02 to 2015-02-01
2015-06-24 19:02:18,016 Starting Training from 2015-01-17 to 2015-02-01
2015-06-24 19:03:30,894 Starting Live from 2015-02-02 to 2015-03-04
2015-06-24 19:32:56,848 Starting Training from 2015-02-17 to 2015-03-04
2015-06-24 19:34:39,776 Starting Live from 2015-03-05 to 2015-04-04
2015-06-24 20:00:55,950 Starting Training from 2015-03-20 to 2015-04-04
2015-06-24 20:02:37,986 Starting Live from 2015-04-05 to 2015-04-10
2015-06-24 20:10:18,621 Starting Q Learning for : 
2015-06-24 20:10:18,621 alpha = 0.8
2015-06-24 20:10:18,621 gamma = 0.5
2015-06-24 20:10:18,621 individual factor = 12
2015-06-24 20:10:18,621 zero range = 0.01
2015-06-24 20:10:18,621 greedy level = 10
2015-06-24 20:10:18,621 

2015-06-24 20:10:25,618 Starting Training from 2014-12-17 to 2015-01-01
2015-06-24 20:20:25,622 Starting Live from 2015-01-02 to 2015-02-01
2015-06-24 20:45:12,779 Starting Training from 2015-01-17 to 2015-02-01
2015-06-24 20:46:45,980 Starting Live from 2015-02-02 to 2015-03-04
2015-06-24 21:15:59,042 Starting Training from 2015-02-17 to 2015-03-04
2015-06-24 21:17:38,776 Starting Live from 2015-03-05 to 2015-04-04
2015-06-24 21:42:32,710 Starting Training from 2015-03-20 to 2015-04-04
2015-06-24 21:43:52,308 Starting Live from 2015-04-05 to 2015-04-10
2015-06-24 21:51:09,776 Starting Q Learning for : 
2015-06-24 21:51:09,776 alpha = 0.8
2015-06-24 21:51:09,776 gamma = 0.6
2015-06-24 21:51:09,776 individual factor = 12
2015-06-24 21:51:09,776 zero range = 0.01
2015-06-24 21:51:09,776 greedy level = 10
2015-06-24 21:51:09,776 

2015-06-24 21:51:17,316 Starting Training from 2014-12-17 to 2015-01-01
2015-06-24 22:01:18,862 Starting Live from 2015-01-02 to 2015-02-01
2015-06-24 22:25:06,980 Starting Training from 2015-01-17 to 2015-02-01
2015-06-24 22:26:14,561 Starting Live from 2015-02-02 to 2015-03-04
2015-06-24 22:53:52,131 Starting Training from 2015-02-17 to 2015-03-04
2015-06-24 22:55:33,509 Starting Live from 2015-03-05 to 2015-04-04
2015-06-24 23:21:25,161 Starting Training from 2015-03-20 to 2015-04-04
2015-06-24 23:22:46,884 Starting Live from 2015-04-05 to 2015-04-10
2015-06-24 23:29:49,344 Starting Q Learning for : 
2015-06-24 23:29:49,344 alpha = 0.8
2015-06-24 23:29:49,344 gamma = 0.7
2015-06-24 23:29:49,344 individual factor = 12
2015-06-24 23:29:49,344 zero range = 0.01
2015-06-24 23:29:49,345 greedy level = 10
2015-06-24 23:29:49,345 

2015-06-24 23:29:54,625 Starting Training from 2014-12-17 to 2015-01-01
2015-06-24 23:40:08,691 Starting Live from 2015-01-02 to 2015-02-01
2015-06-25 00:04:35,687 Starting Training from 2015-01-17 to 2015-02-01
2015-06-25 00:05:48,229 Starting Live from 2015-02-02 to 2015-03-04
2015-06-25 00:33:11,099 Starting Training from 2015-02-17 to 2015-03-04
2015-06-25 00:34:44,058 Starting Live from 2015-03-05 to 2015-04-04
2015-06-25 00:59:05,769 Starting Training from 2015-03-20 to 2015-04-04
2015-06-25 01:00:18,312 Starting Live from 2015-04-05 to 2015-04-10
2015-06-25 01:07:20,700 Starting Q Learning for : 
2015-06-25 01:07:20,700 alpha = 0.8
2015-06-25 01:07:20,700 gamma = 0.8
2015-06-25 01:07:20,700 individual factor = 12
2015-06-25 01:07:20,700 zero range = 0.01
2015-06-25 01:07:20,700 greedy level = 10
2015-06-25 01:07:20,700 

2015-06-25 01:07:27,690 Starting Training from 2014-12-17 to 2015-01-01
2015-06-25 01:17:01,756 Starting Live from 2015-01-02 to 2015-02-01
2015-06-25 01:40:04,546 Starting Training from 2015-01-17 to 2015-02-01
2015-06-25 01:41:11,944 Starting Live from 2015-02-02 to 2015-03-04
2015-06-25 02:07:43,400 Starting Training from 2015-02-17 to 2015-03-04
2015-06-25 02:09:13,242 Starting Live from 2015-03-05 to 2015-04-04
2015-06-25 02:33:34,895 Starting Training from 2015-03-20 to 2015-04-04
2015-06-25 02:35:08,911 Starting Live from 2015-04-05 to 2015-04-10
