2015-06-22 16:17:51,470 Starting Q Learning for : 
2015-06-22 16:17:51,471 alpha = 0.5
2015-06-22 16:17:51,471 gamma = 0.1
2015-06-22 16:17:51,471 individual factor = 12
2015-06-22 16:17:51,471 zero range = 0.006
2015-06-22 16:17:51,471 greedy level = 10
2015-06-22 16:17:51,471 

2015-06-22 16:17:54,224 Starting Training from 2014-12-17 to 2015-01-01
2015-06-22 16:27:47,661 Starting Live from 2015-01-02 to 2015-02-01
2015-06-22 16:50:57,701 Starting Training from 2015-01-17 to 2015-02-01
2015-06-22 16:52:49,242 Starting Live from 2015-02-02 to 2015-03-04
2015-06-22 17:22:22,520 Starting Training from 2015-02-17 to 2015-03-04
2015-06-22 17:23:56,654 Starting Live from 2015-03-05 to 2015-04-04
2015-06-22 17:46:51,267 Starting Training from 2015-03-20 to 2015-04-04
2015-06-22 17:48:04,178 Starting Live from 2015-04-05 to 2015-04-10
2015-06-22 17:55:58,627 Starting Q Learning for : 
2015-06-22 17:55:58,627 alpha = 0.5
2015-06-22 17:55:58,627 gamma = 0.2
2015-06-22 17:55:58,627 individual factor = 12
2015-06-22 17:55:58,627 zero range = 0.006
2015-06-22 17:55:58,627 greedy level = 10
2015-06-22 17:55:58,627 

2015-06-22 17:56:01,740 Starting Training from 2014-12-17 to 2015-01-01
2015-06-22 18:06:15,953 Starting Live from 2015-01-02 to 2015-02-01
2015-06-22 18:29:39,332 Starting Training from 2015-01-17 to 2015-02-01
2015-06-22 18:30:47,688 Starting Live from 2015-02-02 to 2015-03-04
2015-06-22 18:57:42,065 Starting Training from 2015-02-17 to 2015-03-04
2015-06-22 18:59:37,391 Starting Live from 2015-03-05 to 2015-04-04
2015-06-22 19:23:19,828 Starting Training from 2015-03-20 to 2015-04-04
2015-06-22 19:24:32,891 Starting Live from 2015-04-05 to 2015-04-10
2015-06-22 19:31:01,114 Starting Q Learning for : 
2015-06-22 19:31:01,114 alpha = 0.5
2015-06-22 19:31:01,114 gamma = 0.3
2015-06-22 19:31:01,114 individual factor = 12
2015-06-22 19:31:01,114 zero range = 0.006
2015-06-22 19:31:01,114 greedy level = 10
2015-06-22 19:31:01,114 

2015-06-22 19:31:04,063 Starting Training from 2014-12-17 to 2015-01-01
2015-06-22 19:39:55,823 Starting Live from 2015-01-02 to 2015-02-01
2015-06-22 20:04:15,068 Starting Training from 2015-01-17 to 2015-02-01
2015-06-22 20:05:33,733 Starting Live from 2015-02-02 to 2015-03-04
2015-06-22 20:33:17,844 Starting Training from 2015-02-17 to 2015-03-04
2015-06-22 20:34:53,898 Starting Live from 2015-03-05 to 2015-04-04
2015-06-22 20:58:41,421 Starting Training from 2015-03-20 to 2015-04-04
2015-06-22 20:59:56,275 Starting Live from 2015-04-05 to 2015-04-10
2015-06-22 21:07:24,897 Starting Q Learning for : 
2015-06-22 21:07:24,897 alpha = 0.5
2015-06-22 21:07:24,897 gamma = 0.4
2015-06-22 21:07:24,898 individual factor = 12
2015-06-22 21:07:24,898 zero range = 0.006
2015-06-22 21:07:24,898 greedy level = 10
2015-06-22 21:07:24,898 

2015-06-22 21:07:28,316 Starting Training from 2014-12-17 to 2015-01-01
2015-06-22 21:16:48,588 Starting Live from 2015-01-02 to 2015-02-01
2015-06-22 21:40:32,276 Starting Training from 2015-01-17 to 2015-02-01
2015-06-22 21:41:41,809 Starting Live from 2015-02-02 to 2015-03-04
2015-06-22 22:08:41,223 Starting Training from 2015-02-17 to 2015-03-04
2015-06-22 22:10:32,155 Starting Live from 2015-03-05 to 2015-04-04
2015-06-22 22:36:07,088 Starting Training from 2015-03-20 to 2015-04-04
2015-06-22 22:37:22,747 Starting Live from 2015-04-05 to 2015-04-10
2015-06-22 22:44:04,598 Starting Q Learning for : 
2015-06-22 22:44:04,598 alpha = 0.5
2015-06-22 22:44:04,598 gamma = 0.5
2015-06-22 22:44:04,598 individual factor = 12
2015-06-22 22:44:04,598 zero range = 0.006
2015-06-22 22:44:04,598 greedy level = 10
2015-06-22 22:44:04,598 

2015-06-22 22:44:07,661 Starting Training from 2014-12-17 to 2015-01-01
2015-06-22 22:53:58,773 Starting Live from 2015-01-02 to 2015-02-01
2015-06-22 23:16:52,673 Starting Training from 2015-01-17 to 2015-02-01
2015-06-22 23:18:03,648 Starting Live from 2015-02-02 to 2015-03-04
2015-06-22 23:44:00,986 Starting Training from 2015-02-17 to 2015-03-04
2015-06-22 23:45:33,993 Starting Live from 2015-03-05 to 2015-04-04
2015-06-23 00:09:02,880 Starting Training from 2015-03-20 to 2015-04-04
2015-06-23 00:10:14,657 Starting Live from 2015-04-05 to 2015-04-10
2015-06-23 00:17:40,006 Starting Q Learning for : 
2015-06-23 00:17:40,006 alpha = 0.5
2015-06-23 00:17:40,006 gamma = 0.6
2015-06-23 00:17:40,006 individual factor = 12
2015-06-23 00:17:40,006 zero range = 0.006
2015-06-23 00:17:40,006 greedy level = 10
2015-06-23 00:17:40,006 

2015-06-23 00:17:43,019 Starting Training from 2014-12-17 to 2015-01-01
2015-06-23 00:26:52,128 Starting Live from 2015-01-02 to 2015-02-01
2015-06-23 00:49:43,687 Starting Training from 2015-01-17 to 2015-02-01
2015-06-23 00:50:51,036 Starting Live from 2015-02-02 to 2015-03-04
2015-06-23 01:16:56,799 Starting Training from 2015-02-17 to 2015-03-04
2015-06-23 01:19:00,479 Starting Live from 2015-03-05 to 2015-04-04
2015-06-23 01:43:20,548 Starting Training from 2015-03-20 to 2015-04-04
2015-06-23 01:44:32,555 Starting Live from 2015-04-05 to 2015-04-10
2015-06-23 01:51:23,747 Starting Q Learning for : 
2015-06-23 01:51:23,747 alpha = 0.5
2015-06-23 01:51:23,747 gamma = 0.7
2015-06-23 01:51:23,747 individual factor = 12
2015-06-23 01:51:23,747 zero range = 0.006
2015-06-23 01:51:23,747 greedy level = 10
2015-06-23 01:51:23,747 

2015-06-23 01:51:26,358 Starting Training from 2014-12-17 to 2015-01-01
2015-06-23 02:01:03,130 Starting Live from 2015-01-02 to 2015-02-01
2015-06-23 02:23:59,374 Starting Training from 2015-01-17 to 2015-02-01
2015-06-23 02:25:20,877 Starting Live from 2015-02-02 to 2015-03-04
2015-06-23 02:51:26,276 Starting Training from 2015-02-17 to 2015-03-04
2015-06-23 02:52:55,065 Starting Live from 2015-03-05 to 2015-04-04
2015-06-23 03:16:32,150 Starting Training from 2015-03-20 to 2015-04-04
2015-06-23 03:17:44,431 Starting Live from 2015-04-05 to 2015-04-10
2015-06-23 03:24:40,845 Starting Q Learning for : 
2015-06-23 03:24:40,845 alpha = 0.4
2015-06-23 03:24:40,845 gamma = 0.6
2015-06-23 03:24:40,845 individual factor = 12
2015-06-23 03:24:40,845 zero range = 0.006
2015-06-23 03:24:40,845 greedy level = 10
2015-06-23 03:24:40,845 

2015-06-23 03:24:44,838 Starting Training from 2014-12-17 to 2015-01-01
2015-06-23 03:34:33,535 Starting Live from 2015-01-02 to 2015-02-01
2015-06-23 03:57:13,996 Starting Training from 2015-01-17 to 2015-02-01
2015-06-23 03:58:24,687 Starting Live from 2015-02-02 to 2015-03-04
2015-06-23 04:24:28,226 Starting Training from 2015-02-17 to 2015-03-04
2015-06-23 04:25:58,714 Starting Live from 2015-03-05 to 2015-04-04
2015-06-23 04:49:33,378 Starting Training from 2015-03-20 to 2015-04-04
2015-06-23 04:51:10,209 Starting Live from 2015-04-05 to 2015-04-10
2015-06-23 04:58:20,496 Starting Q Learning for : 
2015-06-23 04:58:20,496 alpha = 0.4
2015-06-23 04:58:20,496 gamma = 0.7
2015-06-23 04:58:20,496 individual factor = 12
2015-06-23 04:58:20,496 zero range = 0.006
2015-06-23 04:58:20,496 greedy level = 10
2015-06-23 04:58:20,496 

2015-06-23 04:58:23,256 Starting Training from 2014-12-17 to 2015-01-01
2015-06-23 05:07:29,134 Starting Live from 2015-01-02 to 2015-02-01
2015-06-23 05:30:17,398 Starting Training from 2015-01-17 to 2015-02-01
2015-06-23 05:31:25,107 Starting Live from 2015-02-02 to 2015-03-04
2015-06-23 05:58:33,562 Starting Training from 2015-02-17 to 2015-03-04
2015-06-23 06:00:04,592 Starting Live from 2015-03-05 to 2015-04-04
2015-06-23 06:23:34,013 Starting Training from 2015-03-20 to 2015-04-04
2015-06-23 06:24:48,898 Starting Live from 2015-04-05 to 2015-04-10
2015-06-23 06:31:29,085 Starting Q Learning for : 
2015-06-23 06:31:29,085 alpha = 0.4
2015-06-23 06:31:29,085 gamma = 0.8
2015-06-23 06:31:29,085 individual factor = 12
2015-06-23 06:31:29,085 zero range = 0.006
2015-06-23 06:31:29,085 greedy level = 10
2015-06-23 06:31:29,085 

2015-06-23 06:31:32,049 Starting Training from 2014-12-17 to 2015-01-01
2015-06-23 06:41:36,289 Starting Live from 2015-01-02 to 2015-02-01
2015-06-23 07:04:13,244 Starting Training from 2015-01-17 to 2015-02-01
2015-06-23 07:05:20,746 Starting Live from 2015-02-02 to 2015-03-04
2015-06-23 07:31:39,609 Starting Training from 2015-02-17 to 2015-03-04
2015-06-23 07:33:11,819 Starting Live from 2015-03-05 to 2015-04-04
2015-06-23 07:56:35,558 Starting Training from 2015-03-20 to 2015-04-04
2015-06-23 07:57:49,612 Starting Live from 2015-04-05 to 2015-04-10
2015-06-23 08:05:10,736 Starting Q Learning for : 
2015-06-23 08:05:10,736 alpha = 0.2
2015-06-23 08:05:10,736 gamma = 0.1
2015-06-23 08:05:10,736 individual factor = 12
2015-06-23 08:05:10,736 zero range = 0.006
2015-06-23 08:05:10,736 greedy level = 10
2015-06-23 08:05:10,736 

2015-06-23 08:05:13,546 Starting Training from 2014-12-17 to 2015-01-01
2015-06-23 08:14:33,164 Starting Live from 2015-01-02 to 2015-02-01
2015-06-23 08:37:08,621 Starting Training from 2015-01-17 to 2015-02-01
2015-06-23 08:38:16,280 Starting Live from 2015-02-02 to 2015-03-04
2015-06-23 09:04:10,017 Starting Training from 2015-02-17 to 2015-03-04
2015-06-23 09:05:52,785 Starting Live from 2015-03-05 to 2015-04-04
2015-06-23 09:29:45,289 Starting Training from 2015-03-20 to 2015-04-04
2015-06-23 09:31:05,821 Starting Live from 2015-04-05 to 2015-04-10
2015-06-23 09:37:50,594 Starting Q Learning for : 
2015-06-23 09:37:50,594 alpha = 0.2
2015-06-23 09:37:50,594 gamma = 0.2
2015-06-23 09:37:50,594 individual factor = 12
2015-06-23 09:37:50,594 zero range = 0.006
2015-06-23 09:37:50,594 greedy level = 10
2015-06-23 09:37:50,594 

2015-06-23 09:37:53,302 Starting Training from 2014-12-17 to 2015-01-01
2015-06-23 09:46:53,230 Starting Live from 2015-01-02 to 2015-02-01
2015-06-23 10:09:22,713 Starting Training from 2015-01-17 to 2015-02-01
2015-06-23 10:10:51,736 Starting Live from 2015-02-02 to 2015-03-04
2015-06-23 10:37:22,338 Starting Training from 2015-02-17 to 2015-03-04
2015-06-23 10:38:57,125 Starting Live from 2015-03-05 to 2015-04-04
2015-06-23 11:02:31,338 Starting Training from 2015-03-20 to 2015-04-04
2015-06-23 11:03:44,584 Starting Live from 2015-04-05 to 2015-04-10
2015-06-23 11:10:31,457 Starting Q Learning for : 
2015-06-23 11:10:31,457 alpha = 0.2
2015-06-23 11:10:31,457 gamma = 0.3
2015-06-23 11:10:31,457 individual factor = 12
2015-06-23 11:10:31,457 zero range = 0.006
2015-06-23 11:10:31,457 greedy level = 10
2015-06-23 11:10:31,457 

2015-06-23 11:10:34,206 Starting Training from 2014-12-17 to 2015-01-01
2015-06-23 11:20:35,256 Starting Live from 2015-01-02 to 2015-02-01
2015-06-23 11:43:22,029 Starting Training from 2015-01-17 to 2015-02-01
2015-06-23 11:44:29,809 Starting Live from 2015-02-02 to 2015-03-04
2015-06-23 12:10:38,296 Starting Training from 2015-02-17 to 2015-03-04
2015-06-23 12:12:19,255 Starting Live from 2015-03-05 to 2015-04-04
2015-06-23 12:38:40,486 Starting Training from 2015-03-20 to 2015-04-04
2015-06-23 12:40:20,632 Starting Live from 2015-04-05 to 2015-04-10
2015-06-23 12:48:11,471 Starting Q Learning for : 
2015-06-23 12:48:11,471 alpha = 0.2
2015-06-23 12:48:11,473 gamma = 0.4
2015-06-23 12:48:11,473 individual factor = 12
2015-06-23 12:48:11,473 zero range = 0.006
2015-06-23 12:48:11,473 greedy level = 10
2015-06-23 12:48:11,473 

2015-06-23 12:48:14,250 Starting Training from 2014-12-17 to 2015-01-01
2015-06-23 12:58:14,887 Starting Live from 2015-01-02 to 2015-02-01
2015-06-23 13:22:54,473 Starting Training from 2015-01-17 to 2015-02-01
2015-06-23 13:24:33,076 Starting Live from 2015-02-02 to 2015-03-04
2015-06-23 13:53:39,525 Starting Training from 2015-02-17 to 2015-03-04
2015-06-23 13:55:16,315 Starting Live from 2015-03-05 to 2015-04-04
2015-06-23 14:21:25,358 Starting Training from 2015-03-20 to 2015-04-04
2015-06-23 14:22:50,789 Starting Live from 2015-04-05 to 2015-04-10
2015-06-23 14:30:57,368 Starting Q Learning for : 
2015-06-23 14:30:57,368 alpha = 0.5
2015-06-23 14:30:57,368 gamma = 0.3
2015-06-23 14:30:57,368 individual factor = 12
2015-06-23 14:30:57,368 zero range = 0.01
2015-06-23 14:30:57,368 greedy level = 10
2015-06-23 14:30:57,368 

2015-06-23 14:31:05,009 Starting Training from 2014-12-17 to 2015-01-01
2015-06-23 14:41:41,441 Starting Live from 2015-01-02 to 2015-02-01
2015-06-23 15:06:34,736 Starting Training from 2015-01-17 to 2015-02-01
2015-06-23 15:07:44,486 Starting Live from 2015-02-02 to 2015-03-04
2015-06-23 15:36:44,996 Starting Training from 2015-02-17 to 2015-03-04
2015-06-23 15:38:49,470 Starting Live from 2015-03-05 to 2015-04-04
2015-06-23 16:05:21,463 Starting Training from 2015-03-20 to 2015-04-04
2015-06-23 16:06:42,719 Starting Live from 2015-04-05 to 2015-04-10
2015-06-23 16:14:06,740 Starting Q Learning for : 
2015-06-23 16:14:06,740 alpha = 0.5
2015-06-23 16:14:06,740 gamma = 0.4
2015-06-23 16:14:06,740 individual factor = 12
2015-06-23 16:14:06,740 zero range = 0.01
2015-06-23 16:14:06,740 greedy level = 10
2015-06-23 16:14:06,740 

2015-06-23 16:14:12,632 Starting Training from 2014-12-17 to 2015-01-01
2015-06-23 16:25:16,256 Starting Live from 2015-01-02 to 2015-02-01
2015-06-23 16:50:04,023 Starting Training from 2015-01-17 to 2015-02-01
2015-06-23 16:51:17,509 Starting Live from 2015-02-02 to 2015-03-04
2015-06-23 17:19:51,795 Starting Training from 2015-02-17 to 2015-03-04
2015-06-23 17:21:30,443 Starting Live from 2015-03-05 to 2015-04-04
2015-06-23 17:47:27,549 Starting Training from 2015-03-20 to 2015-04-04
2015-06-23 17:48:56,660 Starting Live from 2015-04-05 to 2015-04-10
2015-06-23 17:57:09,598 Starting Q Learning for : 
2015-06-23 17:57:09,598 alpha = 0.5
2015-06-23 17:57:09,598 gamma = 0.5
2015-06-23 17:57:09,598 individual factor = 12
2015-06-23 17:57:09,598 zero range = 0.01
2015-06-23 17:57:09,598 greedy level = 10
2015-06-23 17:57:09,598 

2015-06-23 17:57:15,924 Starting Training from 2014-12-17 to 2015-01-01
2015-06-23 18:07:25,993 Starting Live from 2015-01-02 to 2015-02-01
2015-06-23 18:33:09,454 Starting Training from 2015-01-17 to 2015-02-01
2015-06-23 18:34:45,918 Starting Live from 2015-02-02 to 2015-03-04
2015-06-23 19:04:11,549 Starting Training from 2015-02-17 to 2015-03-04
2015-06-23 19:05:52,493 Starting Live from 2015-03-05 to 2015-04-04
2015-06-23 19:31:48,825 Starting Training from 2015-03-20 to 2015-04-04
2015-06-23 19:33:09,098 Starting Live from 2015-04-05 to 2015-04-10
2015-06-23 19:41:06,352 Starting Q Learning for : 
2015-06-23 19:41:06,352 alpha = 0.5
2015-06-23 19:41:06,352 gamma = 0.6
2015-06-23 19:41:06,352 individual factor = 12
2015-06-23 19:41:06,352 zero range = 0.01
2015-06-23 19:41:06,352 greedy level = 10
2015-06-23 19:41:06,354 

2015-06-23 19:41:09,842 Starting Training from 2014-12-17 to 2015-01-01
2015-06-23 19:51:30,112 Starting Live from 2015-01-02 to 2015-02-01
2015-06-23 20:16:18,141 Starting Training from 2015-01-17 to 2015-02-01
2015-06-23 20:17:31,095 Starting Live from 2015-02-02 to 2015-03-04
2015-06-23 20:47:11,921 Starting Training from 2015-02-17 to 2015-03-04
2015-06-23 20:49:10,108 Starting Live from 2015-03-05 to 2015-04-04
2015-06-23 21:16:26,339 Starting Training from 2015-03-20 to 2015-04-04
2015-06-23 21:17:51,457 Starting Live from 2015-04-05 to 2015-04-10
2015-06-23 21:25:29,829 Starting Q Learning for : 
2015-06-23 21:25:29,831 alpha = 0.5
2015-06-23 21:25:29,831 gamma = 0.7
2015-06-23 21:25:29,831 individual factor = 12
2015-06-23 21:25:29,831 zero range = 0.01
2015-06-23 21:25:29,831 greedy level = 10
2015-06-23 21:25:29,831 

2015-06-23 21:25:35,109 Starting Training from 2014-12-17 to 2015-01-01
2015-06-23 21:37:00,394 Starting Live from 2015-01-02 to 2015-02-01
2015-06-23 22:03:19,114 Starting Training from 2015-01-17 to 2015-02-01
2015-06-23 22:04:40,299 Starting Live from 2015-02-02 to 2015-03-04
2015-06-23 22:35:14,265 Starting Training from 2015-02-17 to 2015-03-04
2015-06-23 22:37:31,861 Starting Live from 2015-03-05 to 2015-04-04
2015-06-23 23:04:34,028 Starting Training from 2015-03-20 to 2015-04-04
2015-06-23 23:05:55,482 Starting Live from 2015-04-05 to 2015-04-10
