2015-06-22 16:17:51,470 Starting Q Learning for : 
2015-06-22 16:17:51,471 alpha = 0.6
2015-06-22 16:17:51,471 gamma = 0.7
2015-06-22 16:17:51,471 individual factor = 12
2015-06-22 16:17:51,471 zero range = 0.006
2015-06-22 16:17:51,471 greedy level = 10
2015-06-22 16:17:51,473 

2015-06-22 16:17:54,342 Starting Training from 2014-12-17 to 2015-01-01
2015-06-22 16:27:48,671 Starting Live from 2015-01-02 to 2015-02-01
2015-06-22 16:51:20,911 Starting Training from 2015-01-17 to 2015-02-01
2015-06-22 16:53:10,447 Starting Live from 2015-02-02 to 2015-03-04
2015-06-22 17:22:52,528 Starting Training from 2015-02-17 to 2015-03-04
2015-06-22 17:24:25,536 Starting Live from 2015-03-05 to 2015-04-04
2015-06-22 17:47:38,507 Starting Training from 2015-03-20 to 2015-04-04
2015-06-22 17:48:52,354 Starting Live from 2015-04-05 to 2015-04-10
2015-06-22 17:57:01,836 Starting Q Learning for : 
2015-06-22 17:57:01,836 alpha = 0.6
2015-06-22 17:57:01,836 gamma = 0.8
2015-06-22 17:57:01,836 individual factor = 12
2015-06-22 17:57:01,836 zero range = 0.006
2015-06-22 17:57:01,836 greedy level = 10
2015-06-22 17:57:01,836 

2015-06-22 17:57:05,908 Starting Training from 2014-12-17 to 2015-01-01
2015-06-22 18:07:16,009 Starting Live from 2015-01-02 to 2015-02-01
2015-06-22 18:30:57,437 Starting Training from 2015-01-17 to 2015-02-01
2015-06-22 18:32:08,374 Starting Live from 2015-02-02 to 2015-03-04
2015-06-22 18:59:38,976 Starting Training from 2015-02-17 to 2015-03-04
2015-06-22 19:01:31,497 Starting Live from 2015-03-05 to 2015-04-04
2015-06-22 19:25:14,737 Starting Training from 2015-03-20 to 2015-04-04
2015-06-22 19:26:24,351 Starting Live from 2015-04-05 to 2015-04-10
2015-06-22 19:32:56,612 Starting Q Learning for : 
2015-06-22 19:32:56,612 alpha = 0.4
2015-06-22 19:32:56,612 gamma = 0.1
2015-06-22 19:32:56,612 individual factor = 12
2015-06-22 19:32:56,612 zero range = 0.006
2015-06-22 19:32:56,614 greedy level = 10
2015-06-22 19:32:56,614 

2015-06-22 19:32:59,703 Starting Training from 2014-12-17 to 2015-01-01
2015-06-22 19:42:30,071 Starting Live from 2015-01-02 to 2015-02-01
2015-06-22 20:06:34,825 Starting Training from 2015-01-17 to 2015-02-01
2015-06-22 20:07:43,316 Starting Live from 2015-02-02 to 2015-03-04
2015-06-22 20:35:45,996 Starting Training from 2015-02-17 to 2015-03-04
2015-06-22 20:37:19,288 Starting Live from 2015-03-05 to 2015-04-04
2015-06-22 21:01:27,023 Starting Training from 2015-03-20 to 2015-04-04
2015-06-22 21:02:43,512 Starting Live from 2015-04-05 to 2015-04-10
2015-06-22 21:10:24,900 Starting Q Learning for : 
2015-06-22 21:10:24,901 alpha = 0.4
2015-06-22 21:10:24,901 gamma = 0.2
2015-06-22 21:10:24,901 individual factor = 12
2015-06-22 21:10:24,901 zero range = 0.006
2015-06-22 21:10:24,901 greedy level = 10
2015-06-22 21:10:24,901 

2015-06-22 21:10:28,233 Starting Training from 2014-12-17 to 2015-01-01
2015-06-22 21:19:52,460 Starting Live from 2015-01-02 to 2015-02-01
2015-06-22 21:43:29,401 Starting Training from 2015-01-17 to 2015-02-01
2015-06-22 21:44:37,901 Starting Live from 2015-02-02 to 2015-03-04
2015-06-22 22:11:54,825 Starting Training from 2015-02-17 to 2015-03-04
2015-06-22 22:13:32,605 Starting Live from 2015-03-05 to 2015-04-04
2015-06-22 22:39:13,137 Starting Training from 2015-03-20 to 2015-04-04
2015-06-22 22:40:27,326 Starting Live from 2015-04-05 to 2015-04-10
2015-06-22 22:47:00,385 Starting Q Learning for : 
2015-06-22 22:47:00,385 alpha = 0.4
2015-06-22 22:47:00,385 gamma = 0.3
2015-06-22 22:47:00,387 individual factor = 12
2015-06-22 22:47:00,387 zero range = 0.006
2015-06-22 22:47:00,387 greedy level = 10
2015-06-22 22:47:00,387 

2015-06-22 22:47:03,450 Starting Training from 2014-12-17 to 2015-01-01
2015-06-22 22:57:00,082 Starting Live from 2015-01-02 to 2015-02-01
2015-06-22 23:19:59,451 Starting Training from 2015-01-17 to 2015-02-01
2015-06-22 23:21:07,953 Starting Live from 2015-02-02 to 2015-03-04
2015-06-22 23:47:22,318 Starting Training from 2015-02-17 to 2015-03-04
2015-06-22 23:48:58,894 Starting Live from 2015-03-05 to 2015-04-04
2015-06-23 00:12:39,269 Starting Training from 2015-03-20 to 2015-04-04
2015-06-23 00:14:03,961 Starting Live from 2015-04-05 to 2015-04-10
2015-06-23 00:21:33,174 Starting Q Learning for : 
2015-06-23 00:21:33,174 alpha = 0.4
2015-06-23 00:21:33,174 gamma = 0.4
2015-06-23 00:21:33,174 individual factor = 12
2015-06-23 00:21:33,174 zero range = 0.006
2015-06-23 00:21:33,174 greedy level = 10
2015-06-23 00:21:33,174 

2015-06-23 00:21:36,002 Starting Training from 2014-12-17 to 2015-01-01
2015-06-23 00:30:41,664 Starting Live from 2015-01-02 to 2015-02-01
2015-06-23 00:53:27,983 Starting Training from 2015-01-17 to 2015-02-01
2015-06-23 00:54:35,976 Starting Live from 2015-02-02 to 2015-03-04
2015-06-23 01:21:21,763 Starting Training from 2015-02-17 to 2015-03-04
2015-06-23 01:22:56,596 Starting Live from 2015-03-05 to 2015-04-04
2015-06-23 01:46:42,392 Starting Training from 2015-03-20 to 2015-04-04
2015-06-23 01:47:57,980 Starting Live from 2015-04-05 to 2015-04-10
2015-06-23 01:54:41,039 Starting Q Learning for : 
2015-06-23 01:54:41,039 alpha = 0.4
2015-06-23 01:54:41,039 gamma = 0.5
2015-06-23 01:54:41,039 individual factor = 12
2015-06-23 01:54:41,039 zero range = 0.006
2015-06-23 01:54:41,040 greedy level = 10
2015-06-23 01:54:41,040 

2015-06-23 01:54:43,632 Starting Training from 2014-12-17 to 2015-01-01
2015-06-23 02:04:49,226 Starting Live from 2015-01-02 to 2015-02-01
2015-06-23 02:27:30,907 Starting Training from 2015-01-17 to 2015-02-01
2015-06-23 02:28:42,865 Starting Live from 2015-02-02 to 2015-03-04
2015-06-23 02:54:43,608 Starting Training from 2015-02-17 to 2015-03-04
2015-06-23 02:56:12,832 Starting Live from 2015-03-05 to 2015-04-04
2015-06-23 03:19:51,494 Starting Training from 2015-03-20 to 2015-04-04
2015-06-23 03:21:07,842 Starting Live from 2015-04-05 to 2015-04-10
2015-06-23 03:28:33,740 Starting Q Learning for : 
2015-06-23 03:28:33,742 alpha = 0.2
2015-06-23 03:28:33,742 gamma = 0.5
2015-06-23 03:28:33,742 individual factor = 12
2015-06-23 03:28:33,742 zero range = 0.006
2015-06-23 03:28:33,742 greedy level = 10
2015-06-23 03:28:33,742 

2015-06-23 03:28:36,776 Starting Training from 2014-12-17 to 2015-01-01
2015-06-23 03:37:50,108 Starting Live from 2015-01-02 to 2015-02-01
2015-06-23 04:00:40,759 Starting Training from 2015-01-17 to 2015-02-01
2015-06-23 04:01:46,157 Starting Live from 2015-02-02 to 2015-03-04
2015-06-23 04:27:52,686 Starting Training from 2015-02-17 to 2015-03-04
2015-06-23 04:29:48,243 Starting Live from 2015-03-05 to 2015-04-04
2015-06-23 04:54:19,163 Starting Training from 2015-03-20 to 2015-04-04
2015-06-23 04:55:31,996 Starting Live from 2015-04-05 to 2015-04-10
2015-06-23 05:02:24,484 Starting Q Learning for : 
2015-06-23 05:02:24,484 alpha = 0.2
2015-06-23 05:02:24,484 gamma = 0.6
2015-06-23 05:02:24,484 individual factor = 12
2015-06-23 05:02:24,484 zero range = 0.006
2015-06-23 05:02:24,486 greedy level = 10
2015-06-23 05:02:24,486 

2015-06-23 05:02:27,622 Starting Training from 2014-12-17 to 2015-01-01
2015-06-23 05:11:47,711 Starting Live from 2015-01-02 to 2015-02-01
2015-06-23 05:34:56,464 Starting Training from 2015-01-17 to 2015-02-01
2015-06-23 05:36:14,367 Starting Live from 2015-02-02 to 2015-03-04
2015-06-23 06:02:32,299 Starting Training from 2015-02-17 to 2015-03-04
2015-06-23 06:04:05,986 Starting Live from 2015-03-05 to 2015-04-04
2015-06-23 06:27:20,071 Starting Training from 2015-03-20 to 2015-04-04
2015-06-23 06:28:33,135 Starting Live from 2015-04-05 to 2015-04-10
2015-06-23 06:35:15,628 Starting Q Learning for : 
2015-06-23 06:35:15,628 alpha = 0.2
2015-06-23 06:35:15,628 gamma = 0.7
2015-06-23 06:35:15,628 individual factor = 12
2015-06-23 06:35:15,628 zero range = 0.006
2015-06-23 06:35:15,628 greedy level = 10
2015-06-23 06:35:15,628 

2015-06-23 06:35:19,066 Starting Training from 2014-12-17 to 2015-01-01
2015-06-23 06:45:21,354 Starting Live from 2015-01-02 to 2015-02-01
2015-06-23 07:07:57,913 Starting Training from 2015-01-17 to 2015-02-01
2015-06-23 07:09:03,986 Starting Live from 2015-02-02 to 2015-03-04
2015-06-23 07:35:19,720 Starting Training from 2015-02-17 to 2015-03-04
2015-06-23 07:36:54,411 Starting Live from 2015-03-05 to 2015-04-04
2015-06-23 08:00:31,480 Starting Training from 2015-03-20 to 2015-04-04
2015-06-23 08:01:54,881 Starting Live from 2015-04-05 to 2015-04-10
2015-06-23 08:09:18,210 Starting Q Learning for : 
2015-06-23 08:09:18,210 alpha = 0.2
2015-06-23 08:09:18,210 gamma = 0.8
2015-06-23 08:09:18,210 individual factor = 12
2015-06-23 08:09:18,210 zero range = 0.006
2015-06-23 08:09:18,210 greedy level = 10
2015-06-23 08:09:18,210 

2015-06-23 08:09:21,075 Starting Training from 2014-12-17 to 2015-01-01
2015-06-23 08:18:38,832 Starting Live from 2015-01-02 to 2015-02-01
2015-06-23 08:41:27,096 Starting Training from 2015-01-17 to 2015-02-01
2015-06-23 08:42:32,388 Starting Live from 2015-02-02 to 2015-03-04
2015-06-23 09:09:17,069 Starting Training from 2015-02-17 to 2015-03-04
2015-06-23 09:10:49,532 Starting Live from 2015-03-05 to 2015-04-04
2015-06-23 09:34:34,753 Starting Training from 2015-03-20 to 2015-04-04
2015-06-23 09:35:50,947 Starting Live from 2015-04-05 to 2015-04-10
2015-06-23 09:42:34,368 Starting Q Learning for : 
2015-06-23 09:42:34,369 alpha = 0.8
2015-06-23 09:42:34,369 gamma = 0.1
2015-06-23 09:42:34,369 individual factor = 12
2015-06-23 09:42:34,369 zero range = 0.006
2015-06-23 09:42:34,369 greedy level = 10
2015-06-23 09:42:34,369 

2015-06-23 09:42:37,138 Starting Training from 2014-12-17 to 2015-01-01
2015-06-23 09:52:21,400 Starting Live from 2015-01-02 to 2015-02-01
2015-06-23 10:14:52,565 Starting Training from 2015-01-17 to 2015-02-01
2015-06-23 10:16:01,263 Starting Live from 2015-02-02 to 2015-03-04
2015-06-23 10:42:25,417 Starting Training from 2015-02-17 to 2015-03-04
2015-06-23 10:43:57,355 Starting Live from 2015-03-05 to 2015-04-04
2015-06-23 11:07:44,622 Starting Training from 2015-03-20 to 2015-04-04
2015-06-23 11:08:59,012 Starting Live from 2015-04-05 to 2015-04-10
2015-06-23 11:16:39,426 Starting Q Learning for : 
2015-06-23 11:16:39,426 alpha = 0.8
2015-06-23 11:16:39,426 gamma = 0.2
2015-06-23 11:16:39,426 individual factor = 12
2015-06-23 11:16:39,426 zero range = 0.006
2015-06-23 11:16:39,426 greedy level = 10
2015-06-23 11:16:39,426 

2015-06-23 11:16:42,453 Starting Training from 2014-12-17 to 2015-01-01
2015-06-23 11:25:52,727 Starting Live from 2015-01-02 to 2015-02-01
2015-06-23 11:48:41,884 Starting Training from 2015-01-17 to 2015-02-01
2015-06-23 11:49:51,357 Starting Live from 2015-02-02 to 2015-03-04
2015-06-23 12:16:43,244 Starting Training from 2015-02-17 to 2015-03-04
2015-06-23 12:18:56,726 Starting Live from 2015-03-05 to 2015-04-04
2015-06-23 12:45:44,875 Starting Training from 2015-03-20 to 2015-04-04
2015-06-23 12:47:11,025 Starting Live from 2015-04-05 to 2015-04-10
2015-06-23 12:54:58,917 Starting Q Learning for : 
2015-06-23 12:54:58,917 alpha = 0.8
2015-06-23 12:54:58,917 gamma = 0.3
2015-06-23 12:54:58,917 individual factor = 12
2015-06-23 12:54:58,917 zero range = 0.006
2015-06-23 12:54:58,917 greedy level = 10
2015-06-23 12:54:58,917 

2015-06-23 12:55:02,280 Starting Training from 2014-12-17 to 2015-01-01
2015-06-23 13:05:43,568 Starting Live from 2015-01-02 to 2015-02-01
2015-06-23 13:30:36,236 Starting Training from 2015-01-17 to 2015-02-01
2015-06-23 13:31:52,177 Starting Live from 2015-02-02 to 2015-03-04
2015-06-23 14:00:52,424 Starting Training from 2015-02-17 to 2015-03-04
2015-06-23 14:02:34,153 Starting Live from 2015-03-05 to 2015-04-04
2015-06-23 14:29:31,835 Starting Training from 2015-03-20 to 2015-04-04
2015-06-23 14:31:20,693 Starting Live from 2015-04-05 to 2015-04-10
2015-06-23 14:39:20,058 Starting Q Learning for : 
2015-06-23 14:39:20,058 alpha = 0.6
2015-06-23 14:39:20,058 gamma = 0.2
2015-06-23 14:39:20,059 individual factor = 12
2015-06-23 14:39:20,059 zero range = 0.01
2015-06-23 14:39:20,059 greedy level = 10
2015-06-23 14:39:20,059 

2015-06-23 14:39:25,884 Starting Training from 2014-12-17 to 2015-01-01
2015-06-23 14:49:38,543 Starting Live from 2015-01-02 to 2015-02-01
2015-06-23 15:15:05,279 Starting Training from 2015-01-17 to 2015-02-01
2015-06-23 15:16:36,891 Starting Live from 2015-02-02 to 2015-03-04
2015-06-23 15:45:58,802 Starting Training from 2015-02-17 to 2015-03-04
2015-06-23 15:47:47,802 Starting Live from 2015-03-05 to 2015-04-04
2015-06-23 16:14:28,028 Starting Training from 2015-03-20 to 2015-04-04
2015-06-23 16:15:51,266 Starting Live from 2015-04-05 to 2015-04-10
2015-06-23 16:24:15,051 Starting Q Learning for : 
2015-06-23 16:24:15,052 alpha = 0.6
2015-06-23 16:24:15,052 gamma = 0.3
2015-06-23 16:24:15,052 individual factor = 12
2015-06-23 16:24:15,052 zero range = 0.01
2015-06-23 16:24:15,052 greedy level = 10
2015-06-23 16:24:15,052 

2015-06-23 16:24:20,914 Starting Training from 2014-12-17 to 2015-01-01
2015-06-23 16:34:43,187 Starting Live from 2015-01-02 to 2015-02-01
2015-06-23 16:59:53,713 Starting Training from 2015-01-17 to 2015-02-01
2015-06-23 17:01:10,250 Starting Live from 2015-02-02 to 2015-03-04
2015-06-23 17:31:01,332 Starting Training from 2015-02-17 to 2015-03-04
2015-06-23 17:32:46,053 Starting Live from 2015-03-05 to 2015-04-04
2015-06-23 17:59:43,161 Starting Training from 2015-03-20 to 2015-04-04
2015-06-23 18:01:05,891 Starting Live from 2015-04-05 to 2015-04-10
2015-06-23 18:08:44,838 Starting Q Learning for : 
2015-06-23 18:08:44,838 alpha = 0.6
2015-06-23 18:08:44,838 gamma = 0.4
2015-06-23 18:08:44,838 individual factor = 12
2015-06-23 18:08:44,838 zero range = 0.01
2015-06-23 18:08:44,838 greedy level = 10
2015-06-23 18:08:44,838 

2015-06-23 18:08:51,186 Starting Training from 2014-12-17 to 2015-01-01
2015-06-23 18:20:04,637 Starting Live from 2015-01-02 to 2015-02-01
2015-06-23 18:45:40,835 Starting Training from 2015-01-17 to 2015-02-01
2015-06-23 18:47:01,315 Starting Live from 2015-02-02 to 2015-03-04
2015-06-23 19:16:16,846 Starting Training from 2015-02-17 to 2015-03-04
2015-06-23 19:18:17,569 Starting Live from 2015-03-05 to 2015-04-04
2015-06-23 19:44:56,578 Starting Training from 2015-03-20 to 2015-04-04
2015-06-23 19:46:16,051 Starting Live from 2015-04-05 to 2015-04-10
2015-06-23 19:53:33,628 Starting Q Learning for : 
2015-06-23 19:53:33,628 alpha = 0.6
2015-06-23 19:53:33,628 gamma = 0.5
2015-06-23 19:53:33,628 individual factor = 12
2015-06-23 19:53:33,628 zero range = 0.01
2015-06-23 19:53:33,628 greedy level = 10
2015-06-23 19:53:33,628 

2015-06-23 19:53:39,385 Starting Training from 2014-12-17 to 2015-01-01
2015-06-23 20:04:12,342 Starting Live from 2015-01-02 to 2015-02-01
2015-06-23 20:29:55,802 Starting Training from 2015-01-17 to 2015-02-01
2015-06-23 20:31:16,753 Starting Live from 2015-02-02 to 2015-03-04
2015-06-23 21:01:03,828 Starting Training from 2015-02-17 to 2015-03-04
2015-06-23 21:02:51,197 Starting Live from 2015-03-05 to 2015-04-04
2015-06-23 21:30:56,766 Starting Training from 2015-03-20 to 2015-04-04
2015-06-23 21:32:50,732 Starting Live from 2015-04-05 to 2015-04-10
2015-06-23 21:41:06,742 Starting Q Learning for : 
2015-06-23 21:41:06,742 alpha = 0.6
2015-06-23 21:41:06,742 gamma = 0.6
2015-06-23 21:41:06,742 individual factor = 12
2015-06-23 21:41:06,743 zero range = 0.01
2015-06-23 21:41:06,743 greedy level = 10
2015-06-23 21:41:06,743 

2015-06-23 21:41:13,243 Starting Training from 2014-12-17 to 2015-01-01
2015-06-23 21:51:53,036 Starting Live from 2015-01-02 to 2015-02-01
2015-06-23 22:19:58,997 Starting Training from 2015-01-17 to 2015-02-01
2015-06-23 22:21:13,105 Starting Live from 2015-02-02 to 2015-03-04
2015-06-23 22:51:12,203 Starting Training from 2015-02-17 to 2015-03-04
2015-06-23 22:52:56,325 Starting Live from 2015-03-05 to 2015-04-04
