2015-06-24 00:46:19,286 Starting Q Learning for : 
2015-06-24 00:46:19,286 alpha = 0.5
2015-06-24 00:46:19,286 gamma = 0.5
2015-06-24 00:46:19,286 individual factor = 12
2015-06-24 00:46:19,286 zero range = 0.01
2015-06-24 00:46:19,286 greedy level = 10
2015-06-24 00:46:19,286 

2015-06-24 00:46:24,559 Starting Training from 2014-12-17 to 2015-01-01
2015-06-24 00:55:22,302 Starting Live from 2015-01-02 to 2015-02-01
2015-06-24 01:16:58,096 Starting Training from 2015-01-17 to 2015-02-01
2015-06-24 01:18:04,157 Starting Live from 2015-02-02 to 2015-03-04
2015-06-24 01:45:58,351 Starting Training from 2015-02-17 to 2015-03-04
2015-06-24 01:47:34,368 Starting Live from 2015-03-05 to 2015-04-04
2015-06-24 02:12:03,556 Starting Training from 2015-03-20 to 2015-04-04
2015-06-24 02:13:15,697 Starting Live from 2015-04-05 to 2015-04-10
2015-06-24 02:20:18,835 Starting Q Learning for : 
2015-06-24 02:20:18,835 alpha = 0.5
2015-06-24 02:20:18,835 gamma = 0.6
2015-06-24 02:20:18,835 individual factor = 12
2015-06-24 02:20:18,835 zero range = 0.01
2015-06-24 02:20:18,835 greedy level = 10
2015-06-24 02:20:18,835 

2015-06-24 02:20:21,747 Starting Training from 2014-12-17 to 2015-01-01
2015-06-24 02:30:19,453 Starting Live from 2015-01-02 to 2015-02-01
2015-06-24 02:53:20,200 Starting Training from 2015-01-17 to 2015-02-01
2015-06-24 02:54:26,707 Starting Live from 2015-02-02 to 2015-03-04
2015-06-24 03:20:20,411 Starting Training from 2015-02-17 to 2015-03-04
2015-06-24 03:21:51,852 Starting Live from 2015-03-05 to 2015-04-04
2015-06-24 03:45:14,381 Starting Training from 2015-03-20 to 2015-04-04
2015-06-24 03:46:29,664 Starting Live from 2015-04-05 to 2015-04-10
2015-06-24 03:53:46,548 Starting Q Learning for : 
2015-06-24 03:53:46,548 alpha = 0.5
2015-06-24 03:53:46,548 gamma = 0.7
2015-06-24 03:53:46,548 individual factor = 12
2015-06-24 03:53:46,548 zero range = 0.01
2015-06-24 03:53:46,549 greedy level = 10
2015-06-24 03:53:46,549 

2015-06-24 03:53:50,397 Starting Training from 2014-12-17 to 2015-01-01
2015-06-24 04:03:07,372 Starting Live from 2015-01-02 to 2015-02-01
2015-06-24 04:25:42,910 Starting Training from 2015-01-17 to 2015-02-01
2015-06-24 04:26:51,239 Starting Live from 2015-02-02 to 2015-03-04
2015-06-24 04:53:06,966 Starting Training from 2015-02-17 to 2015-03-04
2015-06-24 04:55:06,134 Starting Live from 2015-03-05 to 2015-04-04
2015-06-24 05:18:49,427 Starting Training from 2015-03-20 to 2015-04-04
2015-06-24 05:20:04,298 Starting Live from 2015-04-05 to 2015-04-10
2015-06-24 05:26:59,494 Starting Q Learning for : 
2015-06-24 05:26:59,494 alpha = 0.5
2015-06-24 05:26:59,494 gamma = 0.8
2015-06-24 05:26:59,494 individual factor = 12
2015-06-24 05:26:59,494 zero range = 0.01
2015-06-24 05:26:59,494 greedy level = 10
2015-06-24 05:26:59,494 

2015-06-24 05:27:04,953 Starting Training from 2014-12-17 to 2015-01-01
2015-06-24 05:36:32,357 Starting Live from 2015-01-02 to 2015-02-01
2015-06-24 05:59:37,970 Starting Training from 2015-01-17 to 2015-02-01
2015-06-24 06:00:50,642 Starting Live from 2015-02-02 to 2015-03-04
2015-06-24 06:27:36,148 Starting Training from 2015-02-17 to 2015-03-04
2015-06-24 06:29:08,036 Starting Live from 2015-03-05 to 2015-04-04
2015-06-24 06:53:24,137 Starting Training from 2015-03-20 to 2015-04-04
2015-06-24 06:54:39,174 Starting Live from 2015-04-05 to 2015-04-10
2015-06-24 07:02:07,292 Starting Q Learning for : 
2015-06-24 07:02:07,292 alpha = 0.4
2015-06-24 07:02:07,292 gamma = 0.5
2015-06-24 07:02:07,292 individual factor = 12
2015-06-24 07:02:07,292 zero range = 0.01
2015-06-24 07:02:07,292 greedy level = 10
2015-06-24 07:02:07,292 

2015-06-24 07:02:10,878 Starting Training from 2014-12-17 to 2015-01-01
2015-06-24 07:11:23,467 Starting Live from 2015-01-02 to 2015-02-01
2015-06-24 07:34:01,461 Starting Training from 2015-01-17 to 2015-02-01
2015-06-24 07:35:07,723 Starting Live from 2015-02-02 to 2015-03-04
2015-06-24 08:01:08,661 Starting Training from 2015-02-17 to 2015-03-04
2015-06-24 08:02:39,069 Starting Live from 2015-03-05 to 2015-04-04
2015-06-24 08:26:14,440 Starting Training from 2015-03-20 to 2015-04-04
2015-06-24 08:27:39,586 Starting Live from 2015-04-05 to 2015-04-10
2015-06-24 08:34:26,515 Starting Q Learning for : 
2015-06-24 08:34:26,515 alpha = 0.4
2015-06-24 08:34:26,516 gamma = 0.6
2015-06-24 08:34:26,516 individual factor = 12
2015-06-24 08:34:26,516 zero range = 0.01
2015-06-24 08:34:26,516 greedy level = 10
2015-06-24 08:34:26,516 

2015-06-24 08:34:31,904 Starting Training from 2014-12-17 to 2015-01-01
2015-06-24 08:43:24,233 Starting Live from 2015-01-02 to 2015-02-01
2015-06-24 09:05:52,154 Starting Training from 2015-01-17 to 2015-02-01
2015-06-24 09:07:11,249 Starting Live from 2015-02-02 to 2015-03-04
2015-06-24 09:33:23,362 Starting Training from 2015-02-17 to 2015-03-04
2015-06-24 09:34:57,417 Starting Live from 2015-03-05 to 2015-04-04
2015-06-24 09:58:04,926 Starting Training from 2015-03-20 to 2015-04-04
2015-06-24 09:59:27,707 Starting Live from 2015-04-05 to 2015-04-10
2015-06-24 10:05:58,637 Starting Q Learning for : 
2015-06-24 10:05:58,637 alpha = 0.4
2015-06-24 10:05:58,637 gamma = 0.7
2015-06-24 10:05:58,637 individual factor = 12
2015-06-24 10:05:58,637 zero range = 0.01
2015-06-24 10:05:58,637 greedy level = 10
2015-06-24 10:05:58,637 

2015-06-24 10:06:06,509 Starting Training from 2014-12-17 to 2015-01-01
2015-06-24 10:15:56,989 Starting Live from 2015-01-02 to 2015-02-01
2015-06-24 10:38:20,362 Starting Training from 2015-01-17 to 2015-02-01
2015-06-24 10:39:27,282 Starting Live from 2015-02-02 to 2015-03-04
2015-06-24 11:04:51,625 Starting Training from 2015-02-17 to 2015-03-04
2015-06-24 11:06:17,150 Starting Live from 2015-03-05 to 2015-04-04
2015-06-24 11:29:34,398 Starting Training from 2015-03-20 to 2015-04-04
2015-06-24 11:30:47,148 Starting Live from 2015-04-05 to 2015-04-10
2015-06-24 11:37:54,951 Starting Q Learning for : 
2015-06-24 11:37:54,951 alpha = 0.4
2015-06-24 11:37:54,953 gamma = 0.8
2015-06-24 11:37:54,953 individual factor = 12
2015-06-24 11:37:54,953 zero range = 0.01
2015-06-24 11:37:54,953 greedy level = 10
2015-06-24 11:37:54,953 

2015-06-24 11:38:01,119 Starting Training from 2014-12-17 to 2015-01-01
2015-06-24 11:47:00,437 Starting Live from 2015-01-02 to 2015-02-01
2015-06-24 12:10:09,365 Starting Training from 2015-01-17 to 2015-02-01
2015-06-24 12:11:21,572 Starting Live from 2015-02-02 to 2015-03-04
2015-06-24 12:38:58,969 Starting Training from 2015-02-17 to 2015-03-04
2015-06-24 12:41:00,710 Starting Live from 2015-03-05 to 2015-04-04
2015-06-24 13:07:20,983 Starting Training from 2015-03-20 to 2015-04-04
2015-06-24 13:08:46,823 Starting Live from 2015-04-05 to 2015-04-10
2015-06-24 13:16:20,660 Starting Q Learning for : 
2015-06-24 13:16:20,660 alpha = 0.8
2015-06-24 13:16:20,660 gamma = 0.1
2015-06-24 13:16:20,660 individual factor = 12
2015-06-24 13:16:20,660 zero range = 0.01
2015-06-24 13:16:20,660 greedy level = 10
2015-06-24 13:16:20,660 

2015-06-24 13:16:27,012 Starting Training from 2014-12-17 to 2015-01-01
2015-06-24 13:27:26,961 Starting Live from 2015-01-02 to 2015-02-01
2015-06-24 13:52:54,325 Starting Training from 2015-01-17 to 2015-02-01
2015-06-24 13:54:11,068 Starting Live from 2015-02-02 to 2015-03-04
2015-06-24 14:23:34,815 Starting Training from 2015-02-17 to 2015-03-04
2015-06-24 14:25:18,618 Starting Live from 2015-03-05 to 2015-04-04
2015-06-24 14:52:32,017 Starting Training from 2015-03-20 to 2015-04-04
2015-06-24 14:54:08,507 Starting Live from 2015-04-05 to 2015-04-10
2015-06-24 15:02:02,184 Starting Q Learning for : 
2015-06-24 15:02:02,184 alpha = 0.8
2015-06-24 15:02:02,184 gamma = 0.2
2015-06-24 15:02:02,184 individual factor = 12
2015-06-24 15:02:02,184 zero range = 0.01
2015-06-24 15:02:02,184 greedy level = 10
2015-06-24 15:02:02,184 

2015-06-24 15:02:08,286 Starting Training from 2014-12-17 to 2015-01-01
2015-06-24 15:12:47,805 Starting Live from 2015-01-02 to 2015-02-01
2015-06-24 15:38:55,045 Starting Training from 2015-01-17 to 2015-02-01
2015-06-24 15:40:06,076 Starting Live from 2015-02-02 to 2015-03-04
2015-06-24 16:09:49,562 Starting Training from 2015-02-17 to 2015-03-04
2015-06-24 16:11:32,530 Starting Live from 2015-03-05 to 2015-04-04
2015-06-24 16:38:10,755 Starting Training from 2015-03-20 to 2015-04-04
2015-06-24 16:39:36,542 Starting Live from 2015-04-05 to 2015-04-10
2015-06-24 16:47:50,484 Starting Q Learning for : 
2015-06-24 16:47:50,484 alpha = 0.8
2015-06-24 16:47:50,484 gamma = 0.3
2015-06-24 16:47:50,484 individual factor = 12
2015-06-24 16:47:50,486 zero range = 0.01
2015-06-24 16:47:50,486 greedy level = 10
2015-06-24 16:47:50,486 

2015-06-24 16:47:59,471 Starting Training from 2014-12-17 to 2015-01-01
2015-06-24 16:58:16,710 Starting Live from 2015-01-02 to 2015-02-01
2015-06-24 17:23:54,496 Starting Training from 2015-01-17 to 2015-02-01
2015-06-24 17:25:12,190 Starting Live from 2015-02-02 to 2015-03-04
2015-06-24 17:55:03,151 Starting Training from 2015-02-17 to 2015-03-04
2015-06-24 17:56:47,805 Starting Live from 2015-03-05 to 2015-04-04
2015-06-24 18:23:38,354 Starting Training from 2015-03-20 to 2015-04-04
2015-06-24 18:25:05,345 Starting Live from 2015-04-05 to 2015-04-10
2015-06-24 18:33:17,414 Starting Q Learning for : 
2015-06-24 18:33:17,415 alpha = 0.8
2015-06-24 18:33:17,415 gamma = 0.4
2015-06-24 18:33:17,415 individual factor = 12
2015-06-24 18:33:17,415 zero range = 0.01
2015-06-24 18:33:17,415 greedy level = 10
2015-06-24 18:33:17,415 

2015-06-24 18:33:24,519 Starting Training from 2014-12-17 to 2015-01-01
2015-06-24 18:44:00,993 Starting Live from 2015-01-02 to 2015-02-01
2015-06-24 19:09:30,292 Starting Training from 2015-01-17 to 2015-02-01
2015-06-24 19:10:41,625 Starting Live from 2015-02-02 to 2015-03-04
2015-06-24 19:40:21,144 Starting Training from 2015-02-17 to 2015-03-04
2015-06-24 19:42:25,290 Starting Live from 2015-03-05 to 2015-04-04
2015-06-24 20:08:31,825 Starting Training from 2015-03-20 to 2015-04-04
2015-06-24 20:09:52,861 Starting Live from 2015-04-05 to 2015-04-10
