2015-06-24 00:46:19,286 Starting Q Learning for : 
2015-06-24 00:46:19,286 alpha = 0.5
2015-06-24 00:46:19,286 gamma = 0.1
2015-06-24 00:46:19,286 individual factor = 12
2015-06-24 00:46:19,286 zero range = 0.01
2015-06-24 00:46:19,286 greedy level = 10
2015-06-24 00:46:19,288 

2015-06-24 00:46:25,082 Starting Training from 2014-12-17 to 2015-01-01
2015-06-24 00:55:21,982 Starting Live from 2015-01-02 to 2015-02-01
2015-06-24 01:16:55,950 Starting Training from 2015-01-17 to 2015-02-01
2015-06-24 01:18:01,125 Starting Live from 2015-02-02 to 2015-03-04
2015-06-24 01:45:58,670 Starting Training from 2015-02-17 to 2015-03-04
2015-06-24 01:47:35,319 Starting Live from 2015-03-05 to 2015-04-04
2015-06-24 02:12:07,242 Starting Training from 2015-03-20 to 2015-04-04
2015-06-24 02:13:22,538 Starting Live from 2015-04-05 to 2015-04-10
2015-06-24 02:20:24,608 Starting Q Learning for : 
2015-06-24 02:20:24,609 alpha = 0.5
2015-06-24 02:20:24,609 gamma = 0.2
2015-06-24 02:20:24,609 individual factor = 12
2015-06-24 02:20:24,609 zero range = 0.01
2015-06-24 02:20:24,609 greedy level = 10
2015-06-24 02:20:24,609 

2015-06-24 02:20:27,697 Starting Training from 2014-12-17 to 2015-01-01
2015-06-24 02:30:23,023 Starting Live from 2015-01-02 to 2015-02-01
2015-06-24 02:53:18,388 Starting Training from 2015-01-17 to 2015-02-01
2015-06-24 02:54:24,983 Starting Live from 2015-02-02 to 2015-03-04
2015-06-24 03:20:20,125 Starting Training from 2015-02-17 to 2015-03-04
2015-06-24 03:21:51,121 Starting Live from 2015-03-05 to 2015-04-04
2015-06-24 03:45:11,940 Starting Training from 2015-03-20 to 2015-04-04
2015-06-24 03:46:27,670 Starting Live from 2015-04-05 to 2015-04-10
2015-06-24 03:53:43,339 Starting Q Learning for : 
2015-06-24 03:53:43,339 alpha = 0.5
2015-06-24 03:53:43,339 gamma = 0.3
2015-06-24 03:53:43,339 individual factor = 12
2015-06-24 03:53:43,341 zero range = 0.01
2015-06-24 03:53:43,341 greedy level = 10
2015-06-24 03:53:43,341 

2015-06-24 03:53:46,213 Starting Training from 2014-12-17 to 2015-01-01
2015-06-24 04:03:03,726 Starting Live from 2015-01-02 to 2015-02-01
2015-06-24 04:25:28,720 Starting Training from 2015-01-17 to 2015-02-01
2015-06-24 04:26:37,779 Starting Live from 2015-02-02 to 2015-03-04
2015-06-24 04:52:43,513 Starting Training from 2015-02-17 to 2015-03-04
2015-06-24 04:54:41,433 Starting Live from 2015-03-05 to 2015-04-04
2015-06-24 05:18:16,980 Starting Training from 2015-03-20 to 2015-04-04
2015-06-24 05:19:31,046 Starting Live from 2015-04-05 to 2015-04-10
2015-06-24 05:26:31,063 Starting Q Learning for : 
2015-06-24 05:26:31,063 alpha = 0.5
2015-06-24 05:26:31,063 gamma = 0.4
2015-06-24 05:26:31,063 individual factor = 12
2015-06-24 05:26:31,063 zero range = 0.01
2015-06-24 05:26:31,063 greedy level = 10
2015-06-24 05:26:31,063 

2015-06-24 05:26:34,029 Starting Training from 2014-12-17 to 2015-01-01
2015-06-24 05:35:58,022 Starting Live from 2015-01-02 to 2015-02-01
2015-06-24 05:58:51,280 Starting Training from 2015-01-17 to 2015-02-01
2015-06-24 06:00:03,552 Starting Live from 2015-02-02 to 2015-03-04
2015-06-24 06:26:17,632 Starting Training from 2015-02-17 to 2015-03-04
2015-06-24 06:27:52,615 Starting Live from 2015-03-05 to 2015-04-04
2015-06-24 06:51:09,884 Starting Training from 2015-03-20 to 2015-04-04
2015-06-24 06:52:23,984 Starting Live from 2015-04-05 to 2015-04-10
2015-06-24 06:59:02,957 Starting Q Learning for : 
2015-06-24 06:59:02,957 alpha = 0.6
2015-06-24 06:59:02,957 gamma = 0.5
2015-06-24 06:59:02,957 individual factor = 12
2015-06-24 06:59:02,957 zero range = 0.01
2015-06-24 06:59:02,957 greedy level = 10
2015-06-24 06:59:02,957 

2015-06-24 06:59:06,471 Starting Training from 2014-12-17 to 2015-01-01
2015-06-24 07:08:57,717 Starting Live from 2015-01-02 to 2015-02-01
2015-06-24 07:31:33,627 Starting Training from 2015-01-17 to 2015-02-01
2015-06-24 07:32:41,628 Starting Live from 2015-02-02 to 2015-03-04
2015-06-24 07:58:30,259 Starting Training from 2015-02-17 to 2015-03-04
2015-06-24 08:00:03,586 Starting Live from 2015-03-05 to 2015-04-04
2015-06-24 08:23:22,828 Starting Training from 2015-03-20 to 2015-04-04
2015-06-24 08:24:43,533 Starting Live from 2015-04-05 to 2015-04-10
2015-06-24 08:31:56,322 Starting Q Learning for : 
2015-06-24 08:31:56,322 alpha = 0.6
2015-06-24 08:31:56,322 gamma = 0.6
2015-06-24 08:31:56,322 individual factor = 12
2015-06-24 08:31:56,322 zero range = 0.01
2015-06-24 08:31:56,322 greedy level = 10
2015-06-24 08:31:56,322 

2015-06-24 08:31:59,381 Starting Training from 2014-12-17 to 2015-01-01
2015-06-24 08:41:03,509 Starting Live from 2015-01-02 to 2015-02-01
2015-06-24 09:03:24,384 Starting Training from 2015-01-17 to 2015-02-01
2015-06-24 09:04:30,897 Starting Live from 2015-02-02 to 2015-03-04
2015-06-24 09:31:03,434 Starting Training from 2015-02-17 to 2015-03-04
2015-06-24 09:32:41,854 Starting Live from 2015-03-05 to 2015-04-04
2015-06-24 09:56:22,950 Starting Training from 2015-03-20 to 2015-04-04
2015-06-24 09:57:36,742 Starting Live from 2015-04-05 to 2015-04-10
2015-06-24 10:04:28,720 Starting Q Learning for : 
2015-06-24 10:04:28,721 alpha = 0.6
2015-06-24 10:04:28,721 gamma = 0.7
2015-06-24 10:04:28,721 individual factor = 12
2015-06-24 10:04:28,721 zero range = 0.01
2015-06-24 10:04:28,721 greedy level = 10
2015-06-24 10:04:28,721 

2015-06-24 10:04:33,602 Starting Training from 2014-12-17 to 2015-01-01
2015-06-24 10:14:20,737 Starting Live from 2015-01-02 to 2015-02-01
2015-06-24 10:36:39,565 Starting Training from 2015-01-17 to 2015-02-01
2015-06-24 10:37:51,676 Starting Live from 2015-02-02 to 2015-03-04
2015-06-24 11:03:17,869 Starting Training from 2015-02-17 to 2015-03-04
2015-06-24 11:04:49,756 Starting Live from 2015-03-05 to 2015-04-04
2015-06-24 11:28:10,621 Starting Training from 2015-03-20 to 2015-04-04
2015-06-24 11:29:21,780 Starting Live from 2015-04-05 to 2015-04-10
2015-06-24 11:36:23,749 Starting Q Learning for : 
2015-06-24 11:36:23,749 alpha = 0.6
2015-06-24 11:36:23,749 gamma = 0.8
2015-06-24 11:36:23,749 individual factor = 12
2015-06-24 11:36:23,749 zero range = 0.01
2015-06-24 11:36:23,749 greedy level = 10
2015-06-24 11:36:23,749 

2015-06-24 11:36:27,073 Starting Training from 2014-12-17 to 2015-01-01
2015-06-24 11:45:33,200 Starting Live from 2015-01-02 to 2015-02-01
2015-06-24 12:08:23,367 Starting Training from 2015-01-17 to 2015-02-01
2015-06-24 12:09:38,279 Starting Live from 2015-02-02 to 2015-03-04
2015-06-24 12:36:58,760 Starting Training from 2015-02-17 to 2015-03-04
2015-06-24 12:38:53,108 Starting Live from 2015-03-05 to 2015-04-04
2015-06-24 13:05:33,605 Starting Training from 2015-03-20 to 2015-04-04
2015-06-24 13:06:56,545 Starting Live from 2015-04-05 to 2015-04-10
2015-06-24 13:14:30,063 Starting Q Learning for : 
2015-06-24 13:14:30,063 alpha = 0.2
2015-06-24 13:14:30,063 gamma = 0.5
2015-06-24 13:14:30,063 individual factor = 12
2015-06-24 13:14:30,063 zero range = 0.01
2015-06-24 13:14:30,063 greedy level = 10
2015-06-24 13:14:30,063 

2015-06-24 13:14:36,668 Starting Training from 2014-12-17 to 2015-01-01
2015-06-24 13:25:25,677 Starting Live from 2015-01-02 to 2015-02-01
2015-06-24 13:50:48,513 Starting Training from 2015-01-17 to 2015-02-01
2015-06-24 13:52:05,796 Starting Live from 2015-02-02 to 2015-03-04
2015-06-24 14:21:35,881 Starting Training from 2015-02-17 to 2015-03-04
2015-06-24 14:23:17,351 Starting Live from 2015-03-05 to 2015-04-04
2015-06-24 14:49:44,479 Starting Training from 2015-03-20 to 2015-04-04
2015-06-24 14:51:26,831 Starting Live from 2015-04-05 to 2015-04-10
2015-06-24 14:59:39,585 Starting Q Learning for : 
2015-06-24 14:59:39,585 alpha = 0.2
2015-06-24 14:59:39,585 gamma = 0.6
2015-06-24 14:59:39,585 individual factor = 12
2015-06-24 14:59:39,585 zero range = 0.01
2015-06-24 14:59:39,585 greedy level = 10
2015-06-24 14:59:39,585 

2015-06-24 14:59:44,796 Starting Training from 2014-12-17 to 2015-01-01
2015-06-24 15:10:17,621 Starting Live from 2015-01-02 to 2015-02-01
2015-06-24 15:36:31,888 Starting Training from 2015-01-17 to 2015-02-01
2015-06-24 15:37:53,085 Starting Live from 2015-02-02 to 2015-03-04
2015-06-24 16:07:27,078 Starting Training from 2015-02-17 to 2015-03-04
2015-06-24 16:09:09,772 Starting Live from 2015-03-05 to 2015-04-04
2015-06-24 16:36:19,213 Starting Training from 2015-03-20 to 2015-04-04
2015-06-24 16:37:42,407 Starting Live from 2015-04-05 to 2015-04-10
2015-06-24 16:46:09,273 Starting Q Learning for : 
2015-06-24 16:46:09,273 alpha = 0.2
2015-06-24 16:46:09,273 gamma = 0.7
2015-06-24 16:46:09,273 individual factor = 12
2015-06-24 16:46:09,273 zero range = 0.01
2015-06-24 16:46:09,273 greedy level = 10
2015-06-24 16:46:09,273 

2015-06-24 16:46:14,832 Starting Training from 2014-12-17 to 2015-01-01
2015-06-24 16:56:35,019 Starting Live from 2015-01-02 to 2015-02-01
2015-06-24 17:22:12,404 Starting Training from 2015-01-17 to 2015-02-01
2015-06-24 17:23:27,239 Starting Live from 2015-02-02 to 2015-03-04
2015-06-24 17:53:04,884 Starting Training from 2015-02-17 to 2015-03-04
2015-06-24 17:54:45,161 Starting Live from 2015-03-05 to 2015-04-04
2015-06-24 18:21:26,290 Starting Training from 2015-03-20 to 2015-04-04
2015-06-24 18:22:48,655 Starting Live from 2015-04-05 to 2015-04-10
2015-06-24 18:30:29,292 Starting Q Learning for : 
2015-06-24 18:30:29,293 alpha = 0.2
2015-06-24 18:30:29,293 gamma = 0.8
2015-06-24 18:30:29,293 individual factor = 12
2015-06-24 18:30:29,293 zero range = 0.01
2015-06-24 18:30:29,293 greedy level = 10
2015-06-24 18:30:29,293 

2015-06-24 18:30:35,605 Starting Training from 2014-12-17 to 2015-01-01
2015-06-24 18:41:35,065 Starting Live from 2015-01-02 to 2015-02-01
2015-06-24 19:07:03,016 Starting Training from 2015-01-17 to 2015-02-01
2015-06-24 19:08:22,828 Starting Live from 2015-02-02 to 2015-03-04
2015-06-24 19:37:40,769 Starting Training from 2015-02-17 to 2015-03-04
2015-06-24 19:39:39,917 Starting Live from 2015-03-05 to 2015-04-04
2015-06-24 20:06:06,132 Starting Training from 2015-03-20 to 2015-04-04
2015-06-24 20:07:31,134 Starting Live from 2015-04-05 to 2015-04-10
