2015-06-20 01:49:27,311 Starting Q Learning for : 
2015-06-20 01:49:27,311 alpha = 0.5
2015-06-20 01:49:27,311 gamma = 0.3
2015-06-20 01:49:27,311 individual factor = 8
2015-06-20 01:49:27,311 zero range = 0.002
2015-06-20 01:49:27,311 greedy level = 5
2015-06-20 01:49:27,311 

2015-06-20 01:54:02,351 Starting Q Learning for : 
2015-06-20 01:54:02,351 alpha = 0.5
2015-06-20 01:54:02,351 gamma = 0.3
2015-06-20 01:54:02,351 individual factor = 8
2015-06-20 01:54:02,351 zero range = 0.002
2015-06-20 01:54:02,352 greedy level = 5
2015-06-20 01:54:02,352 

2015-06-20 01:54:11,125 Starting Training from 2014-12-17 to 2015-01-01
2015-06-20 02:06:32,164 Starting Live from 2015-01-02 to 2015-02-01
2015-06-20 02:33:10,931 Starting Training from 2015-01-17 to 2015-02-01
2015-06-20 02:34:47,299 Starting Live from 2015-02-02 to 2015-03-04
2015-06-20 03:08:07,747 Starting Training from 2015-02-17 to 2015-03-04
2015-06-20 03:10:31,184 Starting Live from 2015-03-05 to 2015-04-04
2015-06-20 04:00:50,016 Starting Training from 2015-03-20 to 2015-04-04
2015-06-20 04:02:08,395 Starting Live from 2015-04-05 to 2015-04-10
2015-06-20 04:14:33,802 Starting Q Learning for : 
2015-06-20 04:14:33,802 alpha = 0.5
2015-06-20 04:14:33,802 gamma = 0.4
2015-06-20 04:14:33,802 individual factor = 8
2015-06-20 04:14:33,803 zero range = 0.002
2015-06-20 04:14:33,803 greedy level = 5
2015-06-20 04:14:33,803 

2015-06-20 04:14:39,321 Starting Training from 2014-12-17 to 2015-01-01
2015-06-20 04:26:13,039 Starting Live from 2015-01-02 to 2015-02-01
2015-06-20 04:52:32,453 Starting Training from 2015-01-17 to 2015-02-01
2015-06-20 04:54:34,803 Starting Live from 2015-02-02 to 2015-03-04
2015-06-20 05:27:57,793 Starting Training from 2015-02-17 to 2015-03-04
2015-06-20 05:30:04,994 Starting Live from 2015-03-05 to 2015-04-04
2015-06-20 06:04:41,747 Starting Training from 2015-03-20 to 2015-04-04
2015-06-20 06:05:57,145 Starting Live from 2015-04-05 to 2015-04-10
2015-06-20 06:14:10,648 Starting Q Learning for : 
2015-06-20 06:14:10,648 alpha = 0.4
2015-06-20 06:14:10,648 gamma = 0.1
2015-06-20 06:14:10,648 individual factor = 8
2015-06-20 06:14:10,648 zero range = 0.002
2015-06-20 06:14:10,648 greedy level = 5
2015-06-20 06:14:10,648 

2015-06-20 06:14:16,430 Starting Training from 2014-12-17 to 2015-01-01
2015-06-20 06:26:31,815 Starting Live from 2015-01-02 to 2015-02-01
2015-06-20 06:53:06,401 Starting Training from 2015-01-17 to 2015-02-01
2015-06-20 06:54:41,635 Starting Live from 2015-02-02 to 2015-03-04
2015-06-20 07:27:37,147 Starting Training from 2015-02-17 to 2015-03-04
2015-06-20 07:29:44,855 Starting Live from 2015-03-05 to 2015-04-04
2015-06-20 08:06:02,424 Starting Training from 2015-03-20 to 2015-04-04
2015-06-20 08:07:49,641 Starting Live from 2015-04-05 to 2015-04-10
2015-06-20 08:16:48,121 Starting Q Learning for : 
2015-06-20 08:16:48,121 alpha = 0.4
2015-06-20 08:16:48,121 gamma = 0.2
2015-06-20 08:16:48,121 individual factor = 8
2015-06-20 08:16:48,121 zero range = 0.002
2015-06-20 08:16:48,121 greedy level = 5
2015-06-20 08:16:48,121 

2015-06-20 08:16:52,920 Starting Training from 2014-12-17 to 2015-01-01
2015-06-20 08:28:47,556 Starting Live from 2015-01-02 to 2015-02-01
2015-06-20 08:53:58,858 Starting Training from 2015-01-17 to 2015-02-01
2015-06-20 08:55:30,061 Starting Live from 2015-02-02 to 2015-03-04
2015-06-20 09:29:54,780 Starting Training from 2015-02-17 to 2015-03-04
2015-06-20 09:32:15,035 Starting Live from 2015-03-05 to 2015-04-04
2015-06-20 11:06:03,332 Starting Training from 2015-03-20 to 2015-04-04
2015-06-20 11:07:22,338 Starting Live from 2015-04-05 to 2015-04-10
2015-06-20 11:34:05,062 Starting Q Learning for : 
2015-06-20 11:34:05,063 alpha = 0.4
2015-06-20 11:34:05,063 gamma = 0.7
2015-06-20 11:34:05,063 individual factor = 8
2015-06-20 11:34:05,063 zero range = 0.002
2015-06-20 11:34:05,063 greedy level = 5
2015-06-20 11:34:05,063 

2015-06-20 11:34:09,673 Starting Training from 2014-12-17 to 2015-01-01
2015-06-20 11:46:58,265 Starting Live from 2015-01-02 to 2015-02-01
2015-06-20 12:14:38,065 Starting Training from 2015-01-17 to 2015-02-01
2015-06-20 12:16:18,095 Starting Live from 2015-02-02 to 2015-03-04
2015-06-20 12:53:05,453 Starting Training from 2015-02-17 to 2015-03-04
2015-06-20 12:55:23,838 Starting Live from 2015-03-05 to 2015-04-04
2015-06-20 13:39:16,532 Starting Training from 2015-03-20 to 2015-04-04
2015-06-20 13:40:46,983 Starting Live from 2015-04-05 to 2015-04-10
2015-06-20 13:56:21,729 Starting Q Learning for : 
2015-06-20 13:56:21,730 alpha = 0.4
2015-06-20 13:56:21,730 gamma = 0.8
2015-06-20 13:56:21,730 individual factor = 8
2015-06-20 13:56:21,730 zero range = 0.002
2015-06-20 13:56:21,730 greedy level = 5
2015-06-20 13:56:21,730 

2015-06-20 13:56:27,640 Starting Training from 2014-12-17 to 2015-01-01
2015-06-20 14:09:08,170 Starting Live from 2015-01-02 to 2015-02-01
2015-06-20 14:37:27,937 Starting Training from 2015-01-17 to 2015-02-01
2015-06-20 14:39:07,552 Starting Live from 2015-02-02 to 2015-03-04
2015-06-20 15:11:30,836 Starting Training from 2015-02-17 to 2015-03-04
2015-06-20 15:14:07,671 Starting Live from 2015-03-05 to 2015-04-04
2015-06-20 15:49:48,638 Starting Training from 2015-03-20 to 2015-04-04
2015-06-20 15:51:01,502 Starting Live from 2015-04-05 to 2015-04-10
2015-06-20 15:59:52,084 Starting Q Learning for : 
2015-06-20 15:59:52,084 alpha = 0.6
2015-06-20 15:59:52,084 gamma = 0.5
2015-06-20 15:59:52,084 individual factor = 8
2015-06-20 15:59:52,084 zero range = 0.002
2015-06-20 15:59:52,084 greedy level = 5
2015-06-20 15:59:52,084 

2015-06-20 15:59:57,311 Starting Training from 2014-12-17 to 2015-01-01
2015-06-20 16:11:09,884 Starting Live from 2015-01-02 to 2015-02-01
2015-06-20 16:36:44,811 Starting Training from 2015-01-17 to 2015-02-01
2015-06-20 16:38:22,963 Starting Live from 2015-02-02 to 2015-03-04
2015-06-20 17:11:01,374 Starting Training from 2015-02-17 to 2015-03-04
2015-06-20 17:13:05,581 Starting Live from 2015-03-05 to 2015-04-04
2015-06-20 17:50:20,061 Starting Training from 2015-03-20 to 2015-04-04
2015-06-20 17:51:39,084 Starting Live from 2015-04-05 to 2015-04-10
2015-06-20 18:00:26,994 Starting Q Learning for : 
2015-06-20 18:00:26,994 alpha = 0.6
2015-06-20 18:00:26,994 gamma = 0.6
2015-06-20 18:00:26,994 individual factor = 8
2015-06-20 18:00:26,994 zero range = 0.002
2015-06-20 18:00:26,994 greedy level = 5
2015-06-20 18:00:26,994 

2015-06-20 18:00:32,494 Starting Training from 2014-12-17 to 2015-01-01
2015-06-20 18:12:17,095 Starting Live from 2015-01-02 to 2015-02-01
2015-06-20 18:37:04,163 Starting Training from 2015-01-17 to 2015-02-01
2015-06-20 18:38:35,296 Starting Live from 2015-02-02 to 2015-03-04
2015-06-20 19:09:23,960 Starting Training from 2015-02-17 to 2015-03-04
2015-06-20 19:11:49,964 Starting Live from 2015-03-05 to 2015-04-04
2015-06-20 19:52:16,153 Starting Training from 2015-03-20 to 2015-04-04
2015-06-20 19:53:35,618 Starting Live from 2015-04-05 to 2015-04-10
