2015-06-30 15:22:24,476 Starting mtm calculation
2015-06-30 15:22:24,476 Calculating mtm for 2014-12-01
2015-06-30 15:22:24,818 Calculating mtm for 2014-12-02
2015-06-30 15:22:25,659 Calculating mtm for 2014-12-03
2015-06-30 15:22:26,178 Calculating mtm for 2014-12-04
2015-06-30 15:22:26,816 Calculating mtm for 2014-12-05
2015-06-30 15:22:27,551 Calculating mtm for 2014-12-06
2015-06-30 15:22:27,563 Calculating mtm for 2014-12-07
2015-06-30 15:22:27,570 Calculating mtm for 2014-12-08
2015-06-30 15:22:27,610 Calculating mtm for 2014-12-09
2015-06-30 15:22:27,908 Calculating mtm for 2014-12-10
2015-06-30 15:22:28,454 Calculating mtm for 2014-12-11
2015-06-30 15:22:29,296 Calculating mtm for 2014-12-12
2015-06-30 15:22:29,605 Calculating mtm for 2014-12-13
2015-06-30 15:22:29,608 Calculating mtm for 2014-12-14
2015-06-30 15:22:29,610 Calculating mtm for 2014-12-15
2015-06-30 15:22:30,575 Calculating mtm for 2014-12-16
2015-06-30 15:22:31,027 Calculating mtm for 2014-12-17
2015-06-30 15:22:31,545 Calculating mtm for 2014-12-18
2015-06-30 15:22:32,516 Calculating mtm for 2014-12-19
2015-06-30 15:22:33,811 Calculating mtm for 2014-12-20
2015-06-30 15:22:33,819 Calculating mtm for 2014-12-21
2015-06-30 15:22:33,821 Calculating mtm for 2014-12-22
2015-06-30 15:22:33,960 Calculating mtm for 2014-12-23
2015-06-30 15:22:34,478 Calculating mtm for 2014-12-24
2015-06-30 15:22:35,416 Calculating mtm for 2014-12-25
2015-06-30 15:22:35,419 Calculating mtm for 2014-12-26
2015-06-30 15:22:35,642 Calculating mtm for 2014-12-27
2015-06-30 15:22:35,644 Calculating mtm for 2014-12-28
2015-06-30 15:22:35,646 Calculating mtm for 2014-12-29
2015-06-30 15:22:36,326 Calculating mtm for 2014-12-30
2015-06-30 15:22:36,727 Calculating mtm for 2014-12-31
2015-06-30 15:22:37,379 Calculating mtm for 2015-01-01
2015-06-30 15:22:38,490 Calculating mtm for 2015-01-02
2015-06-30 15:22:38,682 Calculating mtm for 2015-01-03
2015-06-30 15:22:38,685 Calculating mtm for 2015-01-04
2015-06-30 15:22:38,687 Calculating mtm for 2015-01-05
2015-06-30 15:22:38,902 Calculating mtm for 2015-01-06
2015-06-30 15:22:39,963 Calculating mtm for 2015-01-07
2015-06-30 15:22:40,283 Calculating mtm for 2015-01-08
2015-06-30 15:22:40,497 Calculating mtm for 2015-01-09
2015-06-30 15:22:41,772 Calculating mtm for 2015-01-10
2015-06-30 15:22:41,778 Calculating mtm for 2015-01-11
2015-06-30 15:22:41,782 Calculating mtm for 2015-01-12
2015-06-30 15:22:42,209 Calculating mtm for 2015-01-13
2015-06-30 15:22:42,827 Calculating mtm for 2015-01-14
2015-06-30 15:22:43,671 Calculating mtm for 2015-01-15
2015-06-30 15:22:43,754 Calculating mtm for 2015-01-16
2015-06-30 15:22:44,073 Calculating mtm for 2015-01-17
2015-06-30 15:22:44,076 Calculating mtm for 2015-01-18
2015-06-30 15:22:44,078 Calculating mtm for 2015-01-19
2015-06-30 15:22:44,853 Calculating mtm for 2015-01-20
2015-06-30 15:22:45,234 Calculating mtm for 2015-01-21
2015-06-30 15:22:45,961 Calculating mtm for 2015-01-22
2015-06-30 15:22:46,337 Calculating mtm for 2015-01-23
2015-06-30 15:22:46,637 Calculating mtm for 2015-01-24
2015-06-30 15:22:46,641 Calculating mtm for 2015-01-25
2015-06-30 15:22:46,643 Calculating mtm for 2015-01-26
2015-06-30 15:22:46,645 Calculating mtm for 2015-01-27
2015-06-30 15:22:47,014 Calculating mtm for 2015-01-28
2015-06-30 15:22:47,999 Calculating mtm for 2015-01-29
2015-06-30 15:22:49,002 Calculating mtm for 2015-01-30
2015-06-30 15:22:49,277 Calculating mtm for 2015-01-31
2015-06-30 15:22:49,280 Calculating mtm for 2015-02-01
2015-06-30 15:22:49,283 Calculating mtm for 2015-02-02
2015-06-30 15:22:50,356 Calculating mtm for 2015-02-03
2015-06-30 15:22:51,789 Calculating mtm for 2015-02-04
2015-06-30 15:22:51,999 Calculating mtm for 2015-02-05
2015-06-30 15:22:52,583 Calculating mtm for 2015-02-06
2015-06-30 15:22:52,910 Calculating mtm for 2015-02-07
2015-06-30 15:22:52,913 Calculating mtm for 2015-02-08
2015-06-30 15:22:52,915 Calculating mtm for 2015-02-09
2015-06-30 15:22:53,704 Calculating mtm for 2015-02-10
2015-06-30 15:22:53,878 Updating ranks for walkforward - 1
2015-06-30 15:24:00,592 Starting mtm calculation
2015-06-30 15:24:00,592 Calculating mtm for 2014-12-01
2015-06-30 15:24:00,930 Calculating mtm for 2014-12-02
2015-06-30 15:24:01,787 Calculating mtm for 2014-12-03
2015-06-30 15:24:02,490 Calculating mtm for 2014-12-04
2015-06-30 15:24:03,451 Calculating mtm for 2014-12-05
2015-06-30 15:24:04,365 Calculating mtm for 2014-12-06
2015-06-30 15:24:04,369 Calculating mtm for 2014-12-07
2015-06-30 15:24:04,371 Calculating mtm for 2014-12-08
2015-06-30 15:24:04,409 Calculating mtm for 2014-12-09
2015-06-30 15:24:04,846 Calculating mtm for 2014-12-10
2015-06-30 15:24:05,300 Calculating mtm for 2014-12-11
2015-06-30 15:24:05,675 Calculating mtm for 2014-12-12
2015-06-30 15:24:06,295 Calculating mtm for 2014-12-13
2015-06-30 15:24:06,299 Calculating mtm for 2014-12-14
2015-06-30 15:24:06,311 Calculating mtm for 2014-12-15
2015-06-30 15:24:06,864 Calculating mtm for 2014-12-16
2015-06-30 15:24:07,498 Calculating mtm for 2014-12-17
2015-06-30 15:24:08,293 Calculating mtm for 2014-12-18
2015-06-30 15:24:08,810 Calculating mtm for 2014-12-19
2015-06-30 15:24:10,332 Calculating mtm for 2014-12-20
2015-06-30 15:24:10,335 Calculating mtm for 2014-12-21
2015-06-30 15:24:10,338 Calculating mtm for 2014-12-22
2015-06-30 15:24:10,491 Calculating mtm for 2014-12-23
2015-06-30 15:24:10,733 Calculating mtm for 2014-12-24
2015-06-30 15:24:11,868 Calculating mtm for 2014-12-25
2015-06-30 15:24:11,875 Calculating mtm for 2014-12-26
2015-06-30 15:24:12,447 Calculating mtm for 2014-12-27
2015-06-30 15:24:12,449 Calculating mtm for 2014-12-28
2015-06-30 15:24:12,455 Calculating mtm for 2014-12-29
2015-06-30 15:24:12,850 Calculating mtm for 2014-12-30
2015-06-30 15:24:12,983 Calculating mtm for 2014-12-31
2015-06-30 15:24:13,342 Calculating mtm for 2015-01-01
2015-06-30 15:24:14,270 Calculating mtm for 2015-01-02
2015-06-30 15:24:14,404 Calculating mtm for 2015-01-03
2015-06-30 15:24:14,406 Calculating mtm for 2015-01-04
2015-06-30 15:24:14,408 Calculating mtm for 2015-01-05
2015-06-30 15:24:14,614 Calculating mtm for 2015-01-06
2015-06-30 15:24:15,599 Calculating mtm for 2015-01-07
2015-06-30 15:24:15,945 Calculating mtm for 2015-01-08
2015-06-30 15:24:16,612 Calculating mtm for 2015-01-09
2015-06-30 15:24:17,657 Calculating mtm for 2015-01-10
2015-06-30 15:24:17,659 Calculating mtm for 2015-01-11
2015-06-30 15:24:17,662 Calculating mtm for 2015-01-12
2015-06-30 15:24:18,014 Calculating mtm for 2015-01-13
2015-06-30 15:24:18,369 Calculating mtm for 2015-01-14
2015-06-30 15:24:19,529 Calculating mtm for 2015-01-15
2015-06-30 15:24:19,630 Calculating mtm for 2015-01-16
2015-06-30 15:24:19,965 Calculating mtm for 2015-01-17
2015-06-30 15:24:19,968 Calculating mtm for 2015-01-18
2015-06-30 15:24:19,971 Calculating mtm for 2015-01-19
2015-06-30 15:24:20,726 Calculating mtm for 2015-01-20
2015-06-30 15:24:20,957 Calculating mtm for 2015-01-21
2015-06-30 15:24:21,919 Calculating mtm for 2015-01-22
2015-06-30 15:24:22,331 Calculating mtm for 2015-01-23
2015-06-30 15:24:22,763 Calculating mtm for 2015-01-24
2015-06-30 15:24:22,775 Calculating mtm for 2015-01-25
2015-06-30 15:24:22,777 Calculating mtm for 2015-01-26
2015-06-30 15:24:22,781 Calculating mtm for 2015-01-27
2015-06-30 15:24:23,206 Calculating mtm for 2015-01-28
2015-06-30 15:24:23,525 Calculating mtm for 2015-01-29
2015-06-30 15:24:24,527 Calculating mtm for 2015-01-30
2015-06-30 15:24:25,137 Calculating mtm for 2015-01-31
2015-06-30 15:24:25,141 Calculating mtm for 2015-02-01
2015-06-30 15:24:25,143 Calculating mtm for 2015-02-02
2015-06-30 15:24:25,390 Calculating mtm for 2015-02-03
2015-06-30 15:24:25,864 Calculating mtm for 2015-02-04
2015-06-30 15:24:26,676 Calculating mtm for 2015-02-05
2015-06-30 15:24:27,287 Calculating mtm for 2015-02-06
2015-06-30 15:24:27,844 Calculating mtm for 2015-02-07
2015-06-30 15:24:27,847 Calculating mtm for 2015-02-08
2015-06-30 15:24:27,852 Calculating mtm for 2015-02-09
2015-06-30 15:24:28,674 Calculating mtm for 2015-02-10
2015-06-30 15:24:28,998 Updating ranks for walkforward - 1
2015-06-30 15:24:45,355 Updating ranks for walkforward - 2
2015-06-30 15:25:01,195 Updating ranks for walkforward - 3
2015-06-30 15:25:17,273 Done Ranking. Calling processes now.
2015-06-30 15:25:17,274 Starting Q Learning for : 
2015-06-30 15:25:17,274 Starting Q Learning for : 
2015-06-30 15:25:17,274 Starting Q Learning for : 
2015-06-30 15:25:17,274 alpha = 0.5
2015-06-30 15:25:17,274 gamma = 0.1
2015-06-30 15:25:17,274 alpha = 0.4
2015-06-30 15:25:17,274 individual factor = 10
2015-06-30 15:25:17,274 alpha = 0.2
2015-06-30 15:25:17,274 zero range = 0.002
2015-06-30 15:25:17,274 gamma = 0.5
2015-06-30 15:25:17,274 greedy level = 5
2015-06-30 15:25:17,274 gamma = 0.3
2015-06-30 15:25:17,274 

2015-06-30 15:25:17,274 individual factor = 10
2015-06-30 15:25:17,274 individual factor = 10
2015-06-30 15:25:17,274 zero range = 0.002
2015-06-30 15:25:17,274 zero range = 0.002
2015-06-30 15:25:17,274 greedy level = 5
2015-06-30 15:25:17,274 greedy level = 5
2015-06-30 15:25:17,274 

2015-06-30 15:25:17,274 

2015-06-30 15:25:19,141 Starting Training from 2015-01-01 to 2015-01-31
2015-06-30 15:25:19,141 Starting Training from 2015-01-01 to 2015-01-31
2015-06-30 15:25:19,142 Starting Training from 2015-01-01 to 2015-01-31
2015-06-30 15:37:56,801 Starting Live from 2015-02-01 to 2015-03-03
2015-06-30 15:37:57,435 Starting Live from 2015-02-01 to 2015-03-03
2015-06-30 15:38:00,234 Starting Live from 2015-02-01 to 2015-03-03
2015-06-30 15:54:22,102 Starting Training from 2015-02-01 to 2015-03-03
2015-06-30 15:54:29,722 Starting Training from 2015-02-01 to 2015-03-03
2015-06-30 15:54:42,747 Starting Training from 2015-02-01 to 2015-03-03
2015-06-30 15:55:31,401 Starting Live from 2015-03-04 to 2015-04-03
2015-06-30 15:55:41,656 Starting Live from 2015-03-04 to 2015-04-03
2015-06-30 15:55:52,956 Starting Live from 2015-03-04 to 2015-04-03
2015-06-30 16:15:19,334 Starting Training from 2015-03-04 to 2015-04-03
2015-06-30 16:15:43,869 Starting Training from 2015-03-04 to 2015-04-03
2015-06-30 16:17:13,855 Starting Training from 2015-03-04 to 2015-04-03
2015-06-30 16:17:14,028 Starting Live from 2015-04-04 to 2015-04-10
2015-06-30 16:17:22,817 Starting Live from 2015-04-04 to 2015-04-10
2015-06-30 16:18:52,017 Starting Live from 2015-04-04 to 2015-04-10
2015-06-30 16:22:35,954 Starting Q Learning for : 
2015-06-30 16:22:35,954 alpha = 0.5
2015-06-30 16:22:35,954 gamma = 0.2
2015-06-30 16:22:35,954 individual factor = 10
2015-06-30 16:22:35,954 zero range = 0.002
2015-06-30 16:22:35,954 greedy level = 5
2015-06-30 16:22:35,955 

2015-06-30 16:22:37,938 Starting Training from 2015-01-01 to 2015-01-31
2015-06-30 16:22:45,853 Starting Q Learning for : 
2015-06-30 16:22:45,853 alpha = 0.2
2015-06-30 16:22:45,853 gamma = 0.4
2015-06-30 16:22:45,853 individual factor = 10
2015-06-30 16:22:45,853 zero range = 0.002
2015-06-30 16:22:45,853 greedy level = 5
2015-06-30 16:22:45,853 

2015-06-30 16:22:47,429 Starting Training from 2015-01-01 to 2015-01-31
2015-06-30 16:25:28,230 Starting Q Learning for : 
2015-06-30 16:25:28,230 alpha = 0.4
2015-06-30 16:25:28,230 gamma = 0.6
2015-06-30 16:25:28,230 individual factor = 10
2015-06-30 16:25:28,230 zero range = 0.002
2015-06-30 16:25:28,230 greedy level = 5
2015-06-30 16:25:28,230 

2015-06-30 16:25:30,651 Starting Training from 2015-01-01 to 2015-01-31
2015-06-30 16:36:08,763 Starting Live from 2015-02-01 to 2015-03-03
2015-06-30 16:36:13,680 Starting Live from 2015-02-01 to 2015-03-03
2015-06-30 16:38:10,378 Starting Live from 2015-02-01 to 2015-03-03
2015-06-30 16:52:12,039 Starting Training from 2015-02-01 to 2015-03-03
2015-06-30 16:52:20,605 Starting Training from 2015-02-01 to 2015-03-03
2015-06-30 16:53:17,562 Starting Live from 2015-03-04 to 2015-04-03
2015-06-30 16:53:24,133 Starting Live from 2015-03-04 to 2015-04-03
2015-06-30 16:54:17,446 Starting Training from 2015-02-01 to 2015-03-03
2015-06-30 16:55:20,553 Starting Live from 2015-03-04 to 2015-04-03
2015-06-30 17:12:31,871 Starting Training from 2015-03-04 to 2015-04-03
2015-06-30 17:12:47,818 Starting Training from 2015-03-04 to 2015-04-03
2015-06-30 17:14:52,006 Starting Live from 2015-04-04 to 2015-04-10
2015-06-30 17:14:55,976 Starting Live from 2015-04-04 to 2015-04-10
2015-06-30 17:18:17,210 Starting Training from 2015-03-04 to 2015-04-03
2015-06-30 17:19:36,246 Starting Live from 2015-04-04 to 2015-04-10
2015-06-30 17:21:32,137 Starting Q Learning for : 
2015-06-30 17:21:32,137 alpha = 0.5
2015-06-30 17:21:32,137 gamma = 0.3
2015-06-30 17:21:32,137 individual factor = 10
2015-06-30 17:21:32,137 zero range = 0.002
2015-06-30 17:21:32,137 greedy level = 5
2015-06-30 17:21:32,137 

2015-06-30 17:21:33,915 Starting Training from 2015-01-01 to 2015-01-31
2015-06-30 17:21:35,220 Starting Q Learning for : 
2015-06-30 17:21:35,220 alpha = 0.2
2015-06-30 17:21:35,220 gamma = 0.5
2015-06-30 17:21:35,220 individual factor = 10
2015-06-30 17:21:35,220 zero range = 0.002
2015-06-30 17:21:35,220 greedy level = 5
2015-06-30 17:21:35,220 

2015-06-30 17:21:36,779 Starting Training from 2015-01-01 to 2015-01-31
2015-06-30 17:25:08,554 Starting Q Learning for : 
2015-06-30 17:25:08,554 alpha = 0.4
2015-06-30 17:25:08,554 gamma = 0.7
2015-06-30 17:25:08,554 individual factor = 10
2015-06-30 17:25:08,554 zero range = 0.002
2015-06-30 17:25:08,554 greedy level = 5
2015-06-30 17:25:08,554 

2015-06-30 17:25:09,672 Starting Training from 2015-01-01 to 2015-01-31
2015-06-30 17:34:29,958 Starting Live from 2015-02-01 to 2015-03-03
2015-06-30 17:34:51,738 Starting Live from 2015-02-01 to 2015-03-03
2015-06-30 17:38:19,862 Starting Live from 2015-02-01 to 2015-03-03
2015-06-30 17:49:07,124 Starting Training from 2015-02-01 to 2015-03-03
2015-06-30 17:49:36,619 Starting Training from 2015-02-01 to 2015-03-03
2015-06-30 17:51:58,431 Starting Live from 2015-03-04 to 2015-04-03
2015-06-30 17:52:17,315 Starting Live from 2015-03-04 to 2015-04-03
2015-06-30 17:53:43,943 Starting Training from 2015-02-01 to 2015-03-03
2015-06-30 17:54:45,907 Starting Live from 2015-03-04 to 2015-04-03
2015-06-30 18:04:52,607 Starting Training from 2015-03-04 to 2015-04-03
2015-06-30 18:10:17,031 Starting Training from 2015-03-04 to 2015-04-03
2015-06-30 18:10:18,008 Starting Training from 2015-03-04 to 2015-04-03
2015-06-30 18:10:20,882 Starting Live from 2015-04-04 to 2015-04-10
2015-06-30 18:12:03,353 Starting Live from 2015-04-04 to 2015-04-10
2015-06-30 18:12:25,790 Starting Live from 2015-04-04 to 2015-04-10
2015-06-30 18:13:29,045 Starting Q Learning for : 
2015-06-30 18:13:29,045 alpha = 0.4
2015-06-30 18:13:29,045 gamma = 0.8
2015-06-30 18:13:29,045 individual factor = 10
2015-06-30 18:13:29,045 zero range = 0.002
2015-06-30 18:13:29,045 greedy level = 5
2015-06-30 18:13:29,045 

2015-06-30 18:13:30,147 Starting Training from 2015-01-01 to 2015-01-31
2015-06-30 18:16:43,590 Starting Q Learning for : 
2015-06-30 18:16:43,590 alpha = 0.5
2015-06-30 18:16:43,590 gamma = 0.4
2015-06-30 18:16:43,590 individual factor = 10
2015-06-30 18:16:43,590 zero range = 0.002
2015-06-30 18:16:43,590 greedy level = 5
2015-06-30 18:16:43,590 

2015-06-30 18:16:44,729 Starting Training from 2015-01-01 to 2015-01-31
2015-06-30 18:17:23,582 Starting Q Learning for : 
2015-06-30 18:17:23,582 alpha = 0.2
2015-06-30 18:17:23,582 gamma = 0.6
2015-06-30 18:17:23,582 individual factor = 10
2015-06-30 18:17:23,582 zero range = 0.002
2015-06-30 18:17:23,582 greedy level = 5
2015-06-30 18:17:23,582 

2015-06-30 18:17:24,921 Starting Training from 2015-01-01 to 2015-01-31
2015-06-30 18:26:23,947 Starting Live from 2015-02-01 to 2015-03-03
2015-06-30 18:29:35,173 Starting Live from 2015-02-01 to 2015-03-03
2015-06-30 18:30:25,111 Starting Live from 2015-02-01 to 2015-03-03
2015-06-30 18:37:58,828 Starting Training from 2015-02-01 to 2015-03-03
2015-06-30 18:39:00,056 Starting Live from 2015-03-04 to 2015-04-03
2015-06-30 18:44:55,568 Starting Training from 2015-02-01 to 2015-03-03
2015-06-30 18:45:48,837 Starting Training from 2015-02-01 to 2015-03-03
2015-06-30 18:46:00,956 Starting Live from 2015-03-04 to 2015-04-03
2015-06-30 18:46:57,859 Starting Live from 2015-03-04 to 2015-04-03
2015-06-30 18:48:08,207 Starting Training from 2015-03-04 to 2015-04-03
2015-06-30 18:54:20,859 Starting Live from 2015-04-04 to 2015-04-10
2015-06-30 18:57:12,259 Starting Q Learning for : 
2015-06-30 18:57:12,259 alpha = 0.6
2015-06-30 18:57:12,259 gamma = 0.1
2015-06-30 18:57:12,259 individual factor = 10
2015-06-30 18:57:12,259 zero range = 0.002
2015-06-30 18:57:12,259 greedy level = 5
2015-06-30 18:57:12,259 

2015-06-30 18:57:13,808 Starting Training from 2015-01-01 to 2015-01-31
2015-06-30 19:04:11,381 Starting Training from 2015-03-04 to 2015-04-03
2015-06-30 19:04:55,428 Starting Training from 2015-03-04 to 2015-04-03
2015-06-30 19:05:44,061 Starting Live from 2015-04-04 to 2015-04-10
2015-06-30 19:06:19,338 Starting Live from 2015-04-04 to 2015-04-10
2015-06-30 19:09:54,115 Starting Live from 2015-02-01 to 2015-03-03
2015-06-30 19:10:25,937 Starting Q Learning for : 
2015-06-30 19:10:25,937 alpha = 0.2
2015-06-30 19:10:25,937 gamma = 0.7
2015-06-30 19:10:25,937 individual factor = 10
2015-06-30 19:10:25,937 zero range = 0.002
2015-06-30 19:10:25,937 greedy level = 5
2015-06-30 19:10:25,937 

2015-06-30 19:10:27,385 Starting Training from 2015-01-01 to 2015-01-31
2015-06-30 19:11:25,113 Starting Q Learning for : 
2015-06-30 19:11:25,113 alpha = 0.5
2015-06-30 19:11:25,113 gamma = 0.5
2015-06-30 19:11:25,113 individual factor = 10
2015-06-30 19:11:25,113 zero range = 0.002
2015-06-30 19:11:25,114 greedy level = 5
2015-06-30 19:11:25,114 

2015-06-30 19:11:26,528 Starting Training from 2015-01-01 to 2015-01-31
2015-06-30 19:23:03,828 Starting Live from 2015-02-01 to 2015-03-03
2015-06-30 19:23:58,744 Starting Live from 2015-02-01 to 2015-03-03
2015-06-30 19:25:14,732 Starting Training from 2015-02-01 to 2015-03-03
2015-06-30 19:26:20,606 Starting Live from 2015-03-04 to 2015-04-03
2015-06-30 19:38:04,541 Starting Training from 2015-02-01 to 2015-03-03
2015-06-30 19:38:59,418 Starting Training from 2015-02-01 to 2015-03-03
2015-06-30 19:39:06,835 Starting Live from 2015-03-04 to 2015-04-03
2015-06-30 19:40:02,256 Starting Live from 2015-03-04 to 2015-04-03
2015-06-30 19:47:18,941 Starting Training from 2015-03-04 to 2015-04-03
2015-06-30 19:48:51,310 Starting Live from 2015-04-04 to 2015-04-10
2015-06-30 19:50:59,529 Starting Training from 2015-03-04 to 2015-04-03
2015-06-30 19:54:34,294 Starting Live from 2015-04-04 to 2015-04-10
2015-06-30 19:54:58,856 Starting Q Learning for : 
2015-06-30 19:54:58,856 alpha = 0.6
2015-06-30 19:54:58,856 gamma = 0.2
2015-06-30 19:54:58,856 individual factor = 10
2015-06-30 19:54:58,856 zero range = 0.002
2015-06-30 19:54:58,856 greedy level = 5
2015-06-30 19:54:58,856 

2015-06-30 19:55:00,317 Starting Training from 2015-01-01 to 2015-01-31
2015-06-30 19:57:28,969 Starting Q Learning for : 
2015-06-30 19:57:28,969 alpha = 0.2
2015-06-30 19:57:28,970 gamma = 0.8
2015-06-30 19:57:28,970 individual factor = 10
2015-06-30 19:57:28,970 zero range = 0.002
2015-06-30 19:57:28,970 greedy level = 5
2015-06-30 19:57:28,970 

2015-06-30 19:57:30,845 Starting Training from 2015-01-01 to 2015-01-31
2015-06-30 19:58:11,053 Starting Training from 2015-03-04 to 2015-04-03
2015-06-30 20:00:03,098 Starting Live from 2015-04-04 to 2015-04-10
2015-06-30 20:04:47,055 Starting Q Learning for : 
2015-06-30 20:04:47,055 alpha = 0.5
2015-06-30 20:04:47,055 gamma = 0.6
2015-06-30 20:04:47,055 individual factor = 10
2015-06-30 20:04:47,055 zero range = 0.002
2015-06-30 20:04:47,055 greedy level = 5
2015-06-30 20:04:47,055 

2015-06-30 20:04:48,289 Starting Training from 2015-01-01 to 2015-01-31
2015-06-30 20:05:34,255 Starting Live from 2015-02-01 to 2015-03-03
2015-06-30 20:09:52,703 Starting Live from 2015-02-01 to 2015-03-03
2015-06-30 20:17:19,744 Starting Live from 2015-02-01 to 2015-03-03
2015-06-30 20:20:33,933 Starting Training from 2015-02-01 to 2015-03-03
2015-06-30 20:21:17,690 Starting Training from 2015-02-01 to 2015-03-03
2015-06-30 20:21:37,198 Starting Live from 2015-03-04 to 2015-04-03
2015-06-30 20:22:21,205 Starting Live from 2015-03-04 to 2015-04-03
2015-06-30 20:33:02,391 Starting Training from 2015-03-04 to 2015-04-03
2015-06-30 20:33:17,207 Starting Training from 2015-02-01 to 2015-03-03
2015-06-30 20:34:35,752 Starting Live from 2015-03-04 to 2015-04-03
2015-06-30 20:38:35,990 Starting Live from 2015-04-04 to 2015-04-10
2015-06-30 20:42:59,066 Starting Q Learning for : 
2015-06-30 20:42:59,066 alpha = 0.4
2015-06-30 20:42:59,066 gamma = 0.1
2015-06-30 20:42:59,066 individual factor = 10
2015-06-30 20:42:59,066 zero range = 0.002
2015-06-30 20:42:59,066 greedy level = 5
2015-06-30 20:42:59,066 

2015-06-30 20:43:01,807 Starting Training from 2015-01-01 to 2015-01-31
2015-06-30 20:44:38,265 Starting Training from 2015-03-04 to 2015-04-03
2015-06-30 20:46:18,524 Starting Live from 2015-04-04 to 2015-04-10
2015-06-30 20:51:25,321 Starting Q Learning for : 
2015-06-30 20:51:25,321 alpha = 0.6
2015-06-30 20:51:25,321 gamma = 0.3
2015-06-30 20:51:25,321 individual factor = 10
2015-06-30 20:51:25,321 zero range = 0.002
2015-06-30 20:51:25,321 greedy level = 5
2015-06-30 20:51:25,321 

2015-06-30 20:51:26,924 Starting Training from 2015-01-01 to 2015-01-31
2015-06-30 20:53:56,779 Starting Live from 2015-02-01 to 2015-03-03
2015-06-30 20:55:40,577 Starting Training from 2015-03-04 to 2015-04-03
2015-06-30 20:57:47,764 Starting Live from 2015-04-04 to 2015-04-10
2015-06-30 21:03:56,023 Starting Live from 2015-02-01 to 2015-03-03
2015-06-30 21:04:25,407 Starting Q Learning for : 
2015-06-30 21:04:25,407 alpha = 0.5
2015-06-30 21:04:25,407 gamma = 0.7
2015-06-30 21:04:25,407 individual factor = 10
2015-06-30 21:04:25,407 zero range = 0.002
2015-06-30 21:04:25,407 greedy level = 5
2015-06-30 21:04:25,407 

2015-06-30 21:04:26,796 Starting Training from 2015-01-01 to 2015-01-31
2015-06-30 21:09:11,892 Starting Training from 2015-02-01 to 2015-03-03
2015-06-30 21:10:14,602 Starting Live from 2015-03-04 to 2015-04-03
2015-06-30 21:16:41,628 Starting Live from 2015-02-01 to 2015-03-03
2015-06-30 21:19:25,551 Starting Training from 2015-02-01 to 2015-03-03
2015-06-30 21:20:30,366 Starting Live from 2015-03-04 to 2015-04-03
2015-06-30 21:28:24,945 Starting Training from 2015-03-04 to 2015-04-03
2015-06-30 21:30:02,782 Starting Live from 2015-04-04 to 2015-04-10
2015-06-30 21:30:15,750 Starting Training from 2015-02-01 to 2015-03-03
2015-06-30 21:31:49,455 Starting Live from 2015-03-04 to 2015-04-03
2015-06-30 21:36:41,451 Starting Q Learning for : 
2015-06-30 21:36:41,451 alpha = 0.4
2015-06-30 21:36:41,451 gamma = 0.2
2015-06-30 21:36:41,451 individual factor = 10
2015-06-30 21:36:41,451 zero range = 0.002
2015-06-30 21:36:41,451 greedy level = 5
2015-06-30 21:36:41,451 

2015-06-30 21:36:43,309 Starting Training from 2015-01-01 to 2015-01-31
2015-06-30 21:38:19,949 Starting Training from 2015-03-04 to 2015-04-03
2015-06-30 21:40:15,673 Starting Live from 2015-04-04 to 2015-04-10
2015-06-30 21:44:06,082 Starting Training from 2015-03-04 to 2015-04-03
2015-06-30 21:45:34,598 Starting Q Learning for : 
2015-06-30 21:45:34,598 alpha = 0.6
2015-06-30 21:45:34,598 gamma = 0.4
2015-06-30 21:45:34,598 individual factor = 10
2015-06-30 21:45:34,598 zero range = 0.002
2015-06-30 21:45:34,598 greedy level = 5
2015-06-30 21:45:34,598 

2015-06-30 21:45:36,213 Starting Training from 2015-01-01 to 2015-01-31
2015-06-30 21:46:17,654 Starting Live from 2015-04-04 to 2015-04-10
2015-06-30 21:47:42,473 Starting Live from 2015-02-01 to 2015-03-03
2015-06-30 21:50:07,733 Starting Q Learning for : 
2015-06-30 21:50:07,733 alpha = 0.5
2015-06-30 21:50:07,733 gamma = 0.8
2015-06-30 21:50:07,734 individual factor = 10
2015-06-30 21:50:07,734 zero range = 0.002
2015-06-30 21:50:07,734 greedy level = 5
2015-06-30 21:50:07,734 

2015-06-30 21:50:10,481 Starting Training from 2015-01-01 to 2015-01-31
2015-06-30 21:58:16,512 Starting Live from 2015-02-01 to 2015-03-03
2015-06-30 22:02:24,791 Starting Live from 2015-02-01 to 2015-03-03
2015-06-30 22:03:08,519 Starting Training from 2015-02-01 to 2015-03-03
2015-06-30 22:04:12,453 Starting Live from 2015-03-04 to 2015-04-03
2015-06-30 22:13:59,329 Starting Training from 2015-02-01 to 2015-03-03
2015-06-30 22:15:15,640 Starting Live from 2015-03-04 to 2015-04-03
2015-06-30 22:15:58,105 Starting Training from 2015-02-01 to 2015-03-03
2015-06-30 22:16:59,295 Starting Live from 2015-03-04 to 2015-04-03
2015-06-30 22:21:28,673 Starting Training from 2015-03-04 to 2015-04-03
2015-06-30 22:23:45,391 Starting Live from 2015-04-04 to 2015-04-10
2015-06-30 22:24:12,524 Starting Training from 2015-03-04 to 2015-04-03
2015-06-30 22:29:56,753 Starting Q Learning for : 
2015-06-30 22:29:56,753 alpha = 0.4
2015-06-30 22:29:56,753 gamma = 0.3
2015-06-30 22:29:56,753 individual factor = 10
2015-06-30 22:29:56,753 zero range = 0.002
2015-06-30 22:29:56,753 greedy level = 5
2015-06-30 22:29:56,753 

2015-06-30 22:29:57,864 Starting Training from 2015-01-01 to 2015-01-31
2015-06-30 22:31:31,390 Starting Live from 2015-04-04 to 2015-04-10
2015-06-30 22:34:06,211 Starting Training from 2015-03-04 to 2015-04-03
2015-06-30 22:34:17,089 Starting Q Learning for : 
2015-06-30 22:34:17,089 alpha = 0.2
2015-06-30 22:34:17,090 gamma = 0.1
2015-06-30 22:34:17,090 individual factor = 10
2015-06-30 22:34:17,090 zero range = 0.002
2015-06-30 22:34:17,090 greedy level = 5
2015-06-30 22:34:17,090 

2015-06-30 22:34:18,632 Starting Training from 2015-01-01 to 2015-01-31
2015-06-30 22:35:33,860 Starting Live from 2015-04-04 to 2015-04-10
2015-06-30 22:40:38,894 Starting Live from 2015-02-01 to 2015-03-03
2015-06-30 22:40:47,719 Starting Q Learning for : 
2015-06-30 22:40:47,720 alpha = 0.6
2015-06-30 22:40:47,720 gamma = 0.5
2015-06-30 22:40:47,720 individual factor = 10
2015-06-30 22:40:47,720 zero range = 0.002
2015-06-30 22:40:47,720 greedy level = 5
2015-06-30 22:40:47,720 

2015-06-30 22:40:50,911 Starting Training from 2015-01-01 to 2015-01-31
2015-06-30 22:46:55,849 Starting Live from 2015-02-01 to 2015-03-03
2015-06-30 22:53:32,657 Starting Live from 2015-02-01 to 2015-03-03
2015-06-30 22:56:03,893 Starting Training from 2015-02-01 to 2015-03-03
2015-06-30 22:57:11,565 Starting Live from 2015-03-04 to 2015-04-03
2015-06-30 23:02:54,868 Starting Training from 2015-02-01 to 2015-03-03
2015-06-30 23:04:00,474 Starting Live from 2015-03-04 to 2015-04-03
2015-06-30 23:09:08,279 Starting Training from 2015-02-01 to 2015-03-03
2015-06-30 23:10:14,852 Starting Live from 2015-03-04 to 2015-04-03
2015-06-30 23:16:49,740 Starting Training from 2015-03-04 to 2015-04-03
2015-06-30 23:19:44,672 Starting Live from 2015-04-04 to 2015-04-10
2015-06-30 23:24:44,226 Starting Q Learning for : 
2015-06-30 23:24:44,226 alpha = 0.4
2015-06-30 23:24:44,226 gamma = 0.4
2015-06-30 23:24:44,226 individual factor = 10
2015-06-30 23:24:44,226 zero range = 0.002
2015-06-30 23:24:44,226 greedy level = 5
2015-06-30 23:24:44,226 

2015-06-30 23:24:45,288 Starting Training from 2015-01-01 to 2015-01-31
2015-06-30 23:25:12,436 Starting Training from 2015-03-04 to 2015-04-03
2015-06-30 23:26:55,754 Starting Live from 2015-04-04 to 2015-04-10
2015-06-30 23:27:59,476 Starting Training from 2015-03-04 to 2015-04-03
2015-06-30 23:30:07,565 Starting Live from 2015-04-04 to 2015-04-10
2015-06-30 23:32:11,978 Starting Q Learning for : 
2015-06-30 23:32:11,978 alpha = 0.2
2015-06-30 23:32:11,978 gamma = 0.2
2015-06-30 23:32:11,978 individual factor = 10
2015-06-30 23:32:11,978 zero range = 0.002
2015-06-30 23:32:11,978 greedy level = 5
2015-06-30 23:32:11,978 

2015-06-30 23:32:13,614 Starting Training from 2015-01-01 to 2015-01-31
2015-06-30 23:37:17,262 Starting Q Learning for : 
2015-06-30 23:37:17,263 alpha = 0.6
2015-06-30 23:37:17,263 gamma = 0.6
2015-06-30 23:37:17,263 individual factor = 10
2015-06-30 23:37:17,263 zero range = 0.002
2015-06-30 23:37:17,263 greedy level = 5
2015-06-30 23:37:17,263 

2015-06-30 23:37:18,935 Starting Training from 2015-01-01 to 2015-01-31
2015-06-30 23:37:22,629 Starting Live from 2015-02-01 to 2015-03-03
2015-06-30 23:44:58,223 Starting Live from 2015-02-01 to 2015-03-03
2015-06-30 23:48:20,446 Starting Live from 2015-02-01 to 2015-03-03
2015-06-30 23:52:13,468 Starting Training from 2015-02-01 to 2015-03-03
2015-06-30 23:53:50,402 Starting Live from 2015-03-04 to 2015-04-03
2015-07-01 00:00:27,879 Starting Training from 2015-02-01 to 2015-03-03
2015-07-01 00:01:30,030 Starting Live from 2015-03-04 to 2015-04-03
2015-07-01 00:03:30,869 Starting Training from 2015-02-01 to 2015-03-03
2015-07-01 00:04:34,444 Starting Live from 2015-03-04 to 2015-04-03
2015-07-01 00:11:01,434 Starting Training from 2015-03-04 to 2015-04-03
2015-07-01 00:13:09,328 Starting Live from 2015-04-04 to 2015-04-10
2015-07-01 00:17:54,004 Starting Q Learning for : 
2015-07-01 00:17:54,004 alpha = 0.6
2015-07-01 00:17:54,004 gamma = 0.7
2015-07-01 00:17:54,004 individual factor = 10
2015-07-01 00:17:54,004 zero range = 0.002
2015-07-01 00:17:54,005 greedy level = 5
2015-07-01 00:17:54,005 

2015-07-01 00:17:55,228 Starting Training from 2015-01-01 to 2015-01-31
2015-07-01 00:19:22,787 Starting Training from 2015-03-04 to 2015-04-03
2015-07-01 00:20:55,343 Starting Live from 2015-04-04 to 2015-04-10
2015-07-01 00:22:56,556 Starting Training from 2015-03-04 to 2015-04-03
2015-07-01 00:25:52,826 Starting Live from 2015-04-04 to 2015-04-10
2015-07-01 00:27:35,662 Starting Q Learning for : 
2015-07-01 00:27:35,662 alpha = 0.5
2015-07-01 00:27:35,663 gamma = 0.1
2015-07-01 00:27:35,663 individual factor = 10
2015-07-01 00:27:35,663 zero range = 0.006
2015-07-01 00:27:35,663 greedy level = 5
2015-07-01 00:27:35,663 

2015-07-01 00:27:38,189 Starting Training from 2015-01-01 to 2015-01-31
2015-07-01 00:30:11,791 Starting Live from 2015-02-01 to 2015-03-03
2015-07-01 00:31:31,067 Starting Q Learning for : 
2015-07-01 00:31:31,067 alpha = 0.2
2015-07-01 00:31:31,067 gamma = 0.3
2015-07-01 00:31:31,067 individual factor = 10
2015-07-01 00:31:31,067 zero range = 0.006
2015-07-01 00:31:31,067 greedy level = 5
2015-07-01 00:31:31,067 

2015-07-01 00:31:33,015 Starting Training from 2015-01-01 to 2015-01-31
2015-07-01 00:38:14,108 Starting Live from 2015-02-01 to 2015-03-03
2015-07-01 00:43:20,457 Starting Live from 2015-02-01 to 2015-03-03
2015-07-01 00:45:25,723 Starting Training from 2015-02-01 to 2015-03-03
2015-07-01 00:46:29,466 Starting Live from 2015-03-04 to 2015-04-03
2015-07-01 00:53:45,388 Starting Training from 2015-02-01 to 2015-03-03
2015-07-01 00:54:55,785 Starting Live from 2015-03-04 to 2015-04-03
2015-07-01 00:57:48,767 Starting Training from 2015-02-01 to 2015-03-03
2015-07-01 00:57:56,381 Starting Training from 2015-03-04 to 2015-04-03
2015-07-01 00:59:16,836 Starting Live from 2015-03-04 to 2015-04-03
2015-07-01 01:02:07,853 Starting Live from 2015-04-04 to 2015-04-10
2015-07-01 01:05:21,945 Starting Q Learning for : 
2015-07-01 01:05:21,945 alpha = 0.6
2015-07-01 01:05:21,946 gamma = 0.8
2015-07-01 01:05:21,946 individual factor = 10
2015-07-01 01:05:21,946 zero range = 0.002
2015-07-01 01:05:21,946 greedy level = 5
2015-07-01 01:05:21,946 

2015-07-01 01:05:23,401 Starting Training from 2015-01-01 to 2015-01-31
2015-07-01 01:17:13,567 Starting Live from 2015-02-01 to 2015-03-03
2015-07-01 01:22:15,624 Starting Training from 2015-03-04 to 2015-04-03
2015-07-01 01:22:32,649 Starting Training from 2015-03-04 to 2015-04-03
2015-07-01 01:24:08,386 Starting Live from 2015-04-04 to 2015-04-10
2015-07-01 01:24:17,814 Starting Live from 2015-04-04 to 2015-04-10
2015-07-01 01:29:38,933 Starting Q Learning for : 
2015-07-01 01:29:38,933 alpha = 0.2
2015-07-01 01:29:38,933 gamma = 0.4
2015-07-01 01:29:38,933 individual factor = 10
2015-07-01 01:29:38,933 zero range = 0.006
2015-07-01 01:29:38,933 greedy level = 5
2015-07-01 01:29:38,933 

2015-07-01 01:29:40,655 Starting Training from 2015-01-01 to 2015-01-31
2015-07-01 01:29:41,636 Starting Training from 2015-02-01 to 2015-03-03
2015-07-01 01:30:15,724 Starting Q Learning for : 
2015-07-01 01:30:15,724 alpha = 0.5
2015-07-01 01:30:15,724 gamma = 0.2
2015-07-01 01:30:15,724 individual factor = 10
2015-07-01 01:30:15,724 zero range = 0.006
2015-07-01 01:30:15,724 greedy level = 5
2015-07-01 01:30:15,724 

2015-07-01 01:30:17,192 Starting Training from 2015-01-01 to 2015-01-31
2015-07-01 01:30:44,917 Starting Live from 2015-03-04 to 2015-04-03
2015-07-01 01:40:26,808 Starting Training from 2015-03-04 to 2015-04-03
2015-07-01 01:42:04,469 Starting Live from 2015-02-01 to 2015-03-03
2015-07-01 01:42:32,710 Starting Live from 2015-02-01 to 2015-03-03
2015-07-01 01:45:22,645 Starting Live from 2015-04-04 to 2015-04-10
2015-07-01 01:48:05,897 Starting Q Learning for : 
2015-07-01 01:48:05,898 alpha = 0.8
2015-07-01 01:48:05,898 gamma = 0.1
2015-07-01 01:48:05,898 individual factor = 10
2015-07-01 01:48:05,898 zero range = 0.002
2015-07-01 01:48:05,898 greedy level = 5
2015-07-01 01:48:05,898 

2015-07-01 01:48:08,637 Starting Training from 2015-01-01 to 2015-01-31
2015-07-01 01:57:56,485 Starting Training from 2015-02-01 to 2015-03-03
2015-07-01 01:58:50,233 Starting Training from 2015-02-01 to 2015-03-03
2015-07-01 01:58:59,804 Starting Live from 2015-03-04 to 2015-04-03
2015-07-01 02:00:01,693 Starting Live from 2015-03-04 to 2015-04-03
2015-07-01 02:01:31,983 Starting Live from 2015-02-01 to 2015-03-03
2015-07-01 02:17:13,466 Starting Training from 2015-02-01 to 2015-03-03
2015-07-01 02:17:55,752 Starting Training from 2015-03-04 to 2015-04-03
2015-07-01 02:18:17,199 Starting Live from 2015-03-04 to 2015-04-03
2015-07-01 02:19:35,389 Starting Live from 2015-04-04 to 2015-04-10
2015-07-01 02:21:22,902 Starting Training from 2015-03-04 to 2015-04-03
2015-07-01 02:22:40,011 Starting Live from 2015-04-04 to 2015-04-10
2015-07-01 02:24:23,758 Starting Q Learning for : 
2015-07-01 02:24:23,758 alpha = 0.2
2015-07-01 02:24:23,758 gamma = 0.5
2015-07-01 02:24:23,758 individual factor = 10
2015-07-01 02:24:23,758 zero range = 0.006
2015-07-01 02:24:23,758 greedy level = 5
2015-07-01 02:24:23,758 

2015-07-01 02:24:24,808 Starting Training from 2015-01-01 to 2015-01-31
2015-07-01 02:30:04,757 Starting Q Learning for : 
2015-07-01 02:30:04,757 alpha = 0.5
2015-07-01 02:30:04,757 gamma = 0.3
2015-07-01 02:30:04,758 individual factor = 10
2015-07-01 02:30:04,758 zero range = 0.006
2015-07-01 02:30:04,758 greedy level = 5
2015-07-01 02:30:04,758 

2015-07-01 02:30:05,946 Starting Training from 2015-01-01 to 2015-01-31
2015-07-01 02:36:42,785 Starting Live from 2015-02-01 to 2015-03-03
2015-07-01 02:37:30,383 Starting Training from 2015-03-04 to 2015-04-03
2015-07-01 02:39:06,217 Starting Live from 2015-04-04 to 2015-04-10
2015-07-01 02:40:08,527 Starting Live from 2015-02-01 to 2015-03-03
2015-07-01 02:46:12,071 Starting Q Learning for : 
2015-07-01 02:46:12,071 alpha = 0.8
2015-07-01 02:46:12,071 gamma = 0.2
2015-07-01 02:46:12,071 individual factor = 10
2015-07-01 02:46:12,071 zero range = 0.002
2015-07-01 02:46:12,071 greedy level = 5
2015-07-01 02:46:12,071 

2015-07-01 02:46:13,629 Starting Training from 2015-01-01 to 2015-01-31
2015-07-01 02:52:04,197 Starting Training from 2015-02-01 to 2015-03-03
2015-07-01 02:53:01,672 Starting Live from 2015-03-04 to 2015-04-03
2015-07-01 02:55:21,795 Starting Training from 2015-02-01 to 2015-03-03
2015-07-01 02:56:26,286 Starting Live from 2015-03-04 to 2015-04-03
2015-07-01 02:56:43,967 Starting Live from 2015-02-01 to 2015-03-03
2015-07-01 03:12:26,489 Starting Training from 2015-03-04 to 2015-04-03
2015-07-01 03:13:04,726 Starting Training from 2015-02-01 to 2015-03-03
2015-07-01 03:13:47,780 Starting Live from 2015-04-04 to 2015-04-10
2015-07-01 03:14:02,664 Starting Live from 2015-03-04 to 2015-04-03
2015-07-01 03:16:07,376 Starting Training from 2015-03-04 to 2015-04-03
2015-07-01 03:19:38,521 Starting Live from 2015-04-04 to 2015-04-10
2015-07-01 03:21:03,183 Starting Q Learning for : 
2015-07-01 03:21:03,183 alpha = 0.2
2015-07-01 03:21:03,183 gamma = 0.6
2015-07-01 03:21:03,183 individual factor = 10
2015-07-01 03:21:03,183 zero range = 0.006
2015-07-01 03:21:03,183 greedy level = 5
2015-07-01 03:21:03,183 

2015-07-01 03:21:05,304 Starting Training from 2015-01-01 to 2015-01-31
2015-07-01 03:25:09,082 Starting Q Learning for : 
2015-07-01 03:25:09,082 alpha = 0.5
2015-07-01 03:25:09,082 gamma = 0.4
2015-07-01 03:25:09,082 individual factor = 10
2015-07-01 03:25:09,082 zero range = 0.006
2015-07-01 03:25:09,082 greedy level = 5
2015-07-01 03:25:09,082 

2015-07-01 03:25:10,558 Starting Training from 2015-01-01 to 2015-01-31
2015-07-01 03:31:18,508 Starting Live from 2015-02-01 to 2015-03-03
2015-07-01 03:36:41,031 Starting Live from 2015-02-01 to 2015-03-03
2015-07-01 03:38:10,675 Starting Training from 2015-03-04 to 2015-04-03
2015-07-01 03:39:26,284 Starting Live from 2015-04-04 to 2015-04-10
2015-07-01 03:45:23,682 Starting Q Learning for : 
2015-07-01 03:45:23,682 alpha = 0.8
2015-07-01 03:45:23,682 gamma = 0.3
2015-07-01 03:45:23,682 individual factor = 10
2015-07-01 03:45:23,682 zero range = 0.002
2015-07-01 03:45:23,682 greedy level = 5
2015-07-01 03:45:23,682 

2015-07-01 03:45:25,182 Starting Training from 2015-01-01 to 2015-01-31
2015-07-01 03:46:07,158 Starting Training from 2015-02-01 to 2015-03-03
2015-07-01 03:47:09,905 Starting Live from 2015-03-04 to 2015-04-03
2015-07-01 03:50:30,989 Starting Training from 2015-02-01 to 2015-03-03
2015-07-01 03:51:36,813 Starting Live from 2015-03-04 to 2015-04-03
2015-07-01 03:57:10,197 Starting Live from 2015-02-01 to 2015-03-03
2015-07-01 04:04:28,993 Starting Training from 2015-03-04 to 2015-04-03
2015-07-01 04:05:56,121 Starting Live from 2015-04-04 to 2015-04-10
2015-07-01 04:11:36,630 Starting Training from 2015-02-01 to 2015-03-03
2015-07-01 04:11:46,850 Starting Training from 2015-03-04 to 2015-04-03
2015-07-01 04:12:31,026 Starting Q Learning for : 
2015-07-01 04:12:31,026 alpha = 0.2
2015-07-01 04:12:31,026 gamma = 0.7
2015-07-01 04:12:31,027 individual factor = 10
2015-07-01 04:12:31,027 zero range = 0.006
2015-07-01 04:12:31,027 greedy level = 5
2015-07-01 04:12:31,027 

2015-07-01 04:12:32,584 Starting Training from 2015-01-01 to 2015-01-31
2015-07-01 04:12:43,837 Starting Live from 2015-03-04 to 2015-04-03
2015-07-01 04:13:21,753 Starting Live from 2015-04-04 to 2015-04-10
2015-07-01 04:18:26,071 Starting Q Learning for : 
2015-07-01 04:18:26,071 alpha = 0.5
2015-07-01 04:18:26,071 gamma = 0.5
2015-07-01 04:18:26,071 individual factor = 10
2015-07-01 04:18:26,071 zero range = 0.006
2015-07-01 04:18:26,071 greedy level = 5
2015-07-01 04:18:26,071 

2015-07-01 04:18:27,315 Starting Training from 2015-01-01 to 2015-01-31
2015-07-01 04:23:54,585 Starting Live from 2015-02-01 to 2015-03-03
2015-07-01 04:31:06,499 Starting Training from 2015-03-04 to 2015-04-03
2015-07-01 04:31:33,739 Starting Live from 2015-02-01 to 2015-03-03
2015-07-01 04:32:51,714 Starting Live from 2015-04-04 to 2015-04-10
2015-07-01 04:37:27,923 Starting Q Learning for : 
2015-07-01 04:37:27,923 alpha = 0.8
2015-07-01 04:37:27,923 gamma = 0.4
2015-07-01 04:37:27,924 individual factor = 10
2015-07-01 04:37:27,924 zero range = 0.002
2015-07-01 04:37:27,924 greedy level = 5
2015-07-01 04:37:27,924 

2015-07-01 04:37:29,408 Starting Training from 2015-01-01 to 2015-01-31
2015-07-01 04:38:34,333 Starting Training from 2015-02-01 to 2015-03-03
2015-07-01 04:39:35,482 Starting Live from 2015-03-04 to 2015-04-03
2015-07-01 04:46:20,717 Starting Training from 2015-02-01 to 2015-03-03
2015-07-01 04:47:25,131 Starting Live from 2015-03-04 to 2015-04-03
2015-07-01 04:49:26,852 Starting Live from 2015-02-01 to 2015-03-03
2015-07-01 04:50:42,560 Starting Training from 2015-03-04 to 2015-04-03
2015-07-01 04:54:11,749 Starting Live from 2015-04-04 to 2015-04-10
2015-07-01 04:57:03,803 Starting Q Learning for : 
2015-07-01 04:57:03,803 alpha = 0.2
2015-07-01 04:57:03,803 gamma = 0.8
2015-07-01 04:57:03,804 individual factor = 10
2015-07-01 04:57:03,804 zero range = 0.006
2015-07-01 04:57:03,804 greedy level = 5
2015-07-01 04:57:03,804 

2015-07-01 04:57:04,970 Starting Training from 2015-01-01 to 2015-01-31
2015-07-01 05:04:28,989 Starting Training from 2015-02-01 to 2015-03-03
2015-07-01 05:05:29,495 Starting Live from 2015-03-04 to 2015-04-03
2015-07-01 05:06:01,005 Starting Training from 2015-03-04 to 2015-04-03
2015-07-01 05:07:31,607 Starting Live from 2015-04-04 to 2015-04-10
2015-07-01 05:09:19,871 Starting Live from 2015-02-01 to 2015-03-03
2015-07-01 05:12:13,614 Starting Q Learning for : 
2015-07-01 05:12:13,614 alpha = 0.5
2015-07-01 05:12:13,614 gamma = 0.6
2015-07-01 05:12:13,614 individual factor = 10
2015-07-01 05:12:13,614 zero range = 0.006
2015-07-01 05:12:13,614 greedy level = 5
2015-07-01 05:12:13,614 

2015-07-01 05:12:14,770 Starting Training from 2015-01-01 to 2015-01-31
2015-07-01 05:22:20,378 Starting Training from 2015-02-01 to 2015-03-03
2015-07-01 05:23:21,541 Starting Live from 2015-03-04 to 2015-04-03
2015-07-01 05:24:30,048 Starting Live from 2015-02-01 to 2015-03-03
2015-07-01 05:24:36,739 Starting Training from 2015-03-04 to 2015-04-03
2015-07-01 05:25:53,876 Starting Live from 2015-04-04 to 2015-04-10
2015-07-01 05:30:44,968 Starting Q Learning for : 
2015-07-01 05:30:44,968 alpha = 0.8
2015-07-01 05:30:44,968 gamma = 0.5
2015-07-01 05:30:44,968 individual factor = 10
2015-07-01 05:30:44,969 zero range = 0.002
2015-07-01 05:30:44,969 greedy level = 5
2015-07-01 05:30:44,969 

2015-07-01 05:30:46,421 Starting Training from 2015-01-01 to 2015-01-31
2015-07-01 05:30:46,916 Starting Training from 2015-03-04 to 2015-04-03
2015-07-01 05:36:15,267 Starting Live from 2015-04-04 to 2015-04-10
2015-07-01 05:39:22,534 Starting Training from 2015-02-01 to 2015-03-03
2015-07-01 05:40:03,966 Starting Q Learning for : 
2015-07-01 05:40:03,966 alpha = 0.4
2015-07-01 05:40:03,966 gamma = 0.1
2015-07-01 05:40:03,966 individual factor = 10
2015-07-01 05:40:03,966 zero range = 0.006
2015-07-01 05:40:03,966 greedy level = 5
2015-07-01 05:40:03,966 

2015-07-01 05:40:06,212 Starting Training from 2015-01-01 to 2015-01-31
2015-07-01 05:40:24,976 Starting Live from 2015-03-04 to 2015-04-03
2015-07-01 05:42:41,685 Starting Live from 2015-02-01 to 2015-03-03
2015-07-01 05:50:12,455 Starting Live from 2015-02-01 to 2015-03-03
2015-07-01 05:57:09,519 Starting Training from 2015-03-04 to 2015-04-03
2015-07-01 05:57:15,834 Starting Training from 2015-02-01 to 2015-03-03
2015-07-01 05:58:17,089 Starting Live from 2015-03-04 to 2015-04-03
2015-07-01 05:58:44,070 Starting Live from 2015-04-04 to 2015-04-10
2015-07-01 06:03:17,980 Starting Q Learning for : 
2015-07-01 06:03:17,980 alpha = 0.5
2015-07-01 06:03:17,980 gamma = 0.7
2015-07-01 06:03:17,980 individual factor = 10
2015-07-01 06:03:17,980 zero range = 0.006
2015-07-01 06:03:17,980 greedy level = 5
2015-07-01 06:03:17,980 

2015-07-01 06:03:20,157 Starting Training from 2015-01-01 to 2015-01-31
2015-07-01 06:05:26,176 Starting Training from 2015-02-01 to 2015-03-03
2015-07-01 06:06:33,409 Starting Live from 2015-03-04 to 2015-04-03
2015-07-01 06:16:22,913 Starting Training from 2015-03-04 to 2015-04-03
2015-07-01 06:16:36,226 Starting Live from 2015-02-01 to 2015-03-03
2015-07-01 06:17:54,552 Starting Live from 2015-04-04 to 2015-04-10
2015-07-01 06:22:06,760 Starting Q Learning for : 
2015-07-01 06:22:06,760 alpha = 0.8
2015-07-01 06:22:06,760 gamma = 0.6
2015-07-01 06:22:06,760 individual factor = 10
2015-07-01 06:22:06,760 zero range = 0.002
2015-07-01 06:22:06,760 greedy level = 5
2015-07-01 06:22:06,761 

2015-07-01 06:22:08,198 Starting Training from 2015-01-01 to 2015-01-31
2015-07-01 06:27:59,033 Starting Training from 2015-03-04 to 2015-04-03
2015-07-01 06:30:29,640 Starting Live from 2015-04-04 to 2015-04-10
2015-07-01 06:31:23,595 Starting Training from 2015-02-01 to 2015-03-03
2015-07-01 06:32:39,459 Starting Live from 2015-03-04 to 2015-04-03
2015-07-01 06:34:39,427 Starting Live from 2015-02-01 to 2015-03-03
2015-07-01 06:35:55,171 Starting Q Learning for : 
2015-07-01 06:35:55,171 alpha = 0.4
2015-07-01 06:35:55,171 gamma = 0.2
2015-07-01 06:35:55,171 individual factor = 10
2015-07-01 06:35:55,171 zero range = 0.006
2015-07-01 06:35:55,171 greedy level = 5
2015-07-01 06:35:55,171 

2015-07-01 06:35:56,530 Starting Training from 2015-01-01 to 2015-01-31
2015-07-01 06:42:29,862 Starting Training from 2015-03-04 to 2015-04-03
2015-07-01 06:47:13,597 Starting Live from 2015-04-04 to 2015-04-10
2015-07-01 06:47:48,447 Starting Live from 2015-02-01 to 2015-03-03
2015-07-01 06:49:09,145 Starting Training from 2015-02-01 to 2015-03-03
2015-07-01 06:50:10,687 Starting Q Learning for : 
2015-07-01 06:50:10,687 alpha = 0.5
2015-07-01 06:50:10,688 gamma = 0.8
2015-07-01 06:50:10,688 individual factor = 10
2015-07-01 06:50:10,688 zero range = 0.006
2015-07-01 06:50:10,688 greedy level = 5
2015-07-01 06:50:10,688 

2015-07-01 06:50:11,961 Starting Live from 2015-03-04 to 2015-04-03
2015-07-01 06:50:12,505 Starting Training from 2015-01-01 to 2015-01-31
2015-07-01 07:01:39,252 Starting Live from 2015-02-01 to 2015-03-03
2015-07-01 07:01:40,358 Starting Training from 2015-02-01 to 2015-03-03
2015-07-01 07:03:45,845 Starting Live from 2015-03-04 to 2015-04-03
2015-07-01 07:07:33,405 Starting Training from 2015-03-04 to 2015-04-03
2015-07-01 07:09:20,641 Starting Live from 2015-04-04 to 2015-04-10
2015-07-01 07:13:16,092 Starting Training from 2015-02-01 to 2015-03-03
2015-07-01 07:13:48,089 Starting Q Learning for : 
2015-07-01 07:13:48,089 alpha = 0.8
2015-07-01 07:13:48,089 gamma = 0.7
2015-07-01 07:13:48,089 individual factor = 10
2015-07-01 07:13:48,089 zero range = 0.002
2015-07-01 07:13:48,089 greedy level = 5
2015-07-01 07:13:48,089 

2015-07-01 07:13:49,274 Starting Training from 2015-01-01 to 2015-01-31
2015-07-01 07:14:15,758 Starting Live from 2015-03-04 to 2015-04-03
2015-07-01 07:20:12,605 Starting Training from 2015-03-04 to 2015-04-03
2015-07-01 07:22:56,956 Starting Live from 2015-04-04 to 2015-04-10
2015-07-01 07:23:24,064 Starting Training from 2015-03-04 to 2015-04-03
2015-07-01 07:25:52,993 Starting Live from 2015-02-01 to 2015-03-03
2015-07-01 07:27:43,984 Starting Q Learning for : 
2015-07-01 07:27:43,984 alpha = 0.4
2015-07-01 07:27:43,984 gamma = 0.3
2015-07-01 07:27:43,984 individual factor = 10
2015-07-01 07:27:43,984 zero range = 0.006
2015-07-01 07:27:43,984 greedy level = 5
2015-07-01 07:27:43,984 

2015-07-01 07:27:45,714 Starting Training from 2015-01-01 to 2015-01-31
2015-07-01 07:28:38,746 Starting Live from 2015-04-04 to 2015-04-10
2015-07-01 07:31:52,518 Starting Q Learning for : 
2015-07-01 07:31:52,518 alpha = 0.2
2015-07-01 07:31:52,518 gamma = 0.1
2015-07-01 07:31:52,518 individual factor = 10
2015-07-01 07:31:52,519 zero range = 0.006
2015-07-01 07:31:52,519 greedy level = 5
2015-07-01 07:31:52,519 

2015-07-01 07:31:53,759 Starting Training from 2015-01-01 to 2015-01-31
2015-07-01 07:39:56,755 Starting Live from 2015-02-01 to 2015-03-03
2015-07-01 07:40:06,403 Starting Training from 2015-02-01 to 2015-03-03
2015-07-01 07:41:06,065 Starting Live from 2015-03-04 to 2015-04-03
2015-07-01 07:43:28,408 Starting Live from 2015-02-01 to 2015-03-03
2015-07-01 07:50:50,610 Starting Training from 2015-03-04 to 2015-04-03
2015-07-01 07:54:48,204 Starting Training from 2015-02-01 to 2015-03-03
2015-07-01 07:55:38,829 Starting Live from 2015-04-04 to 2015-04-10
2015-07-01 07:55:50,301 Starting Live from 2015-03-04 to 2015-04-03
2015-07-01 07:58:07,965 Starting Training from 2015-02-01 to 2015-03-03
2015-07-01 07:58:35,997 Starting Q Learning for : 
2015-07-01 07:58:35,997 alpha = 0.8
2015-07-01 07:58:35,998 gamma = 0.8
2015-07-01 07:58:35,998 individual factor = 10
2015-07-01 07:58:35,998 zero range = 0.002
2015-07-01 07:58:35,998 greedy level = 5
2015-07-01 07:58:35,998 

2015-07-01 07:58:37,931 Starting Training from 2015-01-01 to 2015-01-31
2015-07-01 07:59:08,939 Starting Live from 2015-03-04 to 2015-04-03
2015-07-01 08:09:06,662 Starting Live from 2015-02-01 to 2015-03-03
2015-07-01 08:15:20,961 Starting Training from 2015-03-04 to 2015-04-03
2015-07-01 08:16:48,570 Starting Live from 2015-04-04 to 2015-04-10
2015-07-01 08:17:56,046 Starting Training from 2015-03-04 to 2015-04-03
2015-07-01 08:19:49,709 Starting Live from 2015-04-04 to 2015-04-10
2015-07-01 08:21:26,638 Starting Training from 2015-02-01 to 2015-03-03
2015-07-01 08:22:19,879 Starting Q Learning for : 
2015-07-01 08:22:19,879 alpha = 0.4
2015-07-01 08:22:19,880 gamma = 0.4
2015-07-01 08:22:19,880 individual factor = 10
2015-07-01 08:22:19,880 zero range = 0.006
2015-07-01 08:22:19,880 greedy level = 5
2015-07-01 08:22:19,880 

2015-07-01 08:22:21,576 Starting Training from 2015-01-01 to 2015-01-31
2015-07-01 08:22:28,681 Starting Live from 2015-03-04 to 2015-04-03
2015-07-01 08:25:20,541 Starting Q Learning for : 
2015-07-01 08:25:20,542 alpha = 0.2
2015-07-01 08:25:20,542 gamma = 0.2
2015-07-01 08:25:20,542 individual factor = 10
2015-07-01 08:25:20,542 zero range = 0.006
2015-07-01 08:25:20,542 greedy level = 5
2015-07-01 08:25:20,542 

2015-07-01 08:25:22,702 Starting Training from 2015-01-01 to 2015-01-31
2015-07-01 08:31:44,771 Starting Training from 2015-03-04 to 2015-04-03
2015-07-01 08:34:32,659 Starting Live from 2015-02-01 to 2015-03-03
2015-07-01 08:36:56,652 Starting Live from 2015-04-04 to 2015-04-10
2015-07-01 08:37:20,095 Starting Live from 2015-02-01 to 2015-03-03
2015-07-01 08:39:28,581 Starting Q Learning for : 
2015-07-01 08:39:28,581 alpha = 0.4
2015-07-01 08:39:28,581 gamma = 0.5
2015-07-01 08:39:28,581 individual factor = 10
2015-07-01 08:39:28,581 zero range = 0.006
2015-07-01 08:39:28,581 greedy level = 5
2015-07-01 08:39:28,581 

2015-07-01 08:39:29,820 Starting Training from 2015-01-01 to 2015-01-31
2015-07-01 08:49:13,787 Starting Training from 2015-02-01 to 2015-03-03
2015-07-01 08:50:18,681 Starting Live from 2015-03-04 to 2015-04-03
2015-07-01 08:51:27,849 Starting Live from 2015-02-01 to 2015-03-03
2015-07-01 08:51:58,335 Starting Training from 2015-02-01 to 2015-03-03
2015-07-01 08:52:55,964 Starting Live from 2015-03-04 to 2015-04-03
2015-07-01 09:05:48,805 Starting Training from 2015-02-01 to 2015-03-03
2015-07-01 09:06:49,148 Starting Live from 2015-03-04 to 2015-04-03
2015-07-01 09:08:23,729 Starting Training from 2015-03-04 to 2015-04-03
2015-07-01 09:10:10,598 Starting Live from 2015-04-04 to 2015-04-10
2015-07-01 09:10:46,243 Starting Training from 2015-03-04 to 2015-04-03
2015-07-01 09:12:42,774 Starting Live from 2015-04-04 to 2015-04-10
2015-07-01 09:14:46,794 Starting Q Learning for : 
2015-07-01 09:14:46,794 alpha = 0.6
2015-07-01 09:14:46,794 gamma = 0.7
2015-07-01 09:14:46,795 individual factor = 10
2015-07-01 09:14:46,795 zero range = 0.006
2015-07-01 09:14:46,795 greedy level = 5
2015-07-01 09:14:46,795 

2015-07-01 09:14:48,376 Starting Training from 2015-01-01 to 2015-01-31
2015-07-01 09:17:29,484 Starting Q Learning for : 
2015-07-01 09:17:29,484 alpha = 0.5
2015-07-01 09:17:29,484 gamma = 0.1
2015-07-01 09:17:29,484 individual factor = 10
2015-07-01 09:17:29,484 zero range = 0.01
2015-07-01 09:17:29,484 greedy level = 5
2015-07-01 09:17:29,484 

2015-07-01 09:17:30,791 Starting Training from 2015-01-01 to 2015-01-31
2015-07-01 09:22:59,584 Starting Training from 2015-03-04 to 2015-04-03
2015-07-01 09:24:50,418 Starting Live from 2015-04-04 to 2015-04-10
2015-07-01 09:26:46,735 Starting Live from 2015-02-01 to 2015-03-03
2015-07-01 09:29:10,283 Starting Q Learning for : 
2015-07-01 09:29:10,283 alpha = 0.4
2015-07-01 09:29:10,283 gamma = 0.6
2015-07-01 09:29:10,283 individual factor = 10
2015-07-01 09:29:10,283 zero range = 0.006
2015-07-01 09:29:10,283 greedy level = 5
2015-07-01 09:29:10,283 

2015-07-01 09:29:12,639 Starting Training from 2015-01-01 to 2015-01-31
2015-07-01 09:29:35,837 Starting Live from 2015-02-01 to 2015-03-03
2015-07-01 09:40:35,409 Starting Training from 2015-02-01 to 2015-03-03
2015-07-01 09:40:59,606 Starting Live from 2015-02-01 to 2015-03-03
2015-07-01 09:41:34,860 Starting Live from 2015-03-04 to 2015-04-03
2015-07-01 09:44:01,754 Starting Training from 2015-02-01 to 2015-03-03
2015-07-01 09:45:01,936 Starting Live from 2015-03-04 to 2015-04-03
2015-07-01 09:50:57,680 Starting Training from 2015-03-04 to 2015-04-03
2015-07-01 09:54:10,631 Starting Live from 2015-04-04 to 2015-04-10
2015-07-01 09:55:34,978 Starting Training from 2015-02-01 to 2015-03-03
2015-07-01 09:57:11,860 Starting Live from 2015-03-04 to 2015-04-03
2015-07-01 09:58:00,622 Starting Q Learning for : 
2015-07-01 09:58:00,622 alpha = 0.6
2015-07-01 09:58:00,622 gamma = 0.8
2015-07-01 09:58:00,622 individual factor = 10
2015-07-01 09:58:00,622 zero range = 0.006
2015-07-01 09:58:00,622 greedy level = 5
2015-07-01 09:58:00,622 

2015-07-01 09:58:02,498 Starting Training from 2015-01-01 to 2015-01-31
2015-07-01 10:02:49,776 Starting Training from 2015-03-04 to 2015-04-03
2015-07-01 10:04:36,357 Starting Live from 2015-04-04 to 2015-04-10
2015-07-01 10:07:53,646 Starting Live from 2015-02-01 to 2015-03-03
2015-07-01 10:09:06,530 Starting Q Learning for : 
2015-07-01 10:09:06,530 alpha = 0.5
2015-07-01 10:09:06,530 gamma = 0.2
2015-07-01 10:09:06,530 individual factor = 10
2015-07-01 10:09:06,530 zero range = 0.01
2015-07-01 10:09:06,530 greedy level = 5
2015-07-01 10:09:06,530 

2015-07-01 10:09:07,758 Starting Training from 2015-01-01 to 2015-01-31
2015-07-01 10:14:10,157 Starting Training from 2015-03-04 to 2015-04-03
2015-07-01 10:15:45,821 Starting Live from 2015-04-04 to 2015-04-10
2015-07-01 10:20:29,210 Starting Q Learning for : 
2015-07-01 10:20:29,210 alpha = 0.4
2015-07-01 10:20:29,210 gamma = 0.7
2015-07-01 10:20:29,210 individual factor = 10
2015-07-01 10:20:29,210 zero range = 0.006
2015-07-01 10:20:29,210 greedy level = 5
2015-07-01 10:20:29,210 

2015-07-01 10:20:31,730 Starting Training from 2015-01-01 to 2015-01-31
2015-07-01 10:20:52,234 Starting Training from 2015-02-01 to 2015-03-03
2015-07-01 10:21:20,361 Starting Live from 2015-02-01 to 2015-03-03
2015-07-01 10:21:51,882 Starting Live from 2015-03-04 to 2015-04-03
2015-07-01 10:30:33,472 Starting Training from 2015-03-04 to 2015-04-03
2015-07-01 10:32:47,487 Starting Live from 2015-02-01 to 2015-03-03
2015-07-01 10:36:23,464 Starting Training from 2015-02-01 to 2015-03-03
2015-07-01 10:36:43,978 Starting Live from 2015-04-04 to 2015-04-10
2015-07-01 10:37:25,752 Starting Live from 2015-03-04 to 2015-04-03
2015-07-01 10:39:40,538 Starting Q Learning for : 
2015-07-01 10:39:40,538 alpha = 0.8
2015-07-01 10:39:40,538 gamma = 0.1
2015-07-01 10:39:40,539 individual factor = 10
2015-07-01 10:39:40,539 zero range = 0.006
2015-07-01 10:39:40,539 greedy level = 5
2015-07-01 10:39:40,539 

2015-07-01 10:39:41,932 Starting Training from 2015-01-01 to 2015-01-31
2015-07-01 10:45:49,289 Starting Training from 2015-02-01 to 2015-03-03
2015-07-01 10:48:44,099 Starting Live from 2015-03-04 to 2015-04-03
2015-07-01 10:52:02,726 Starting Live from 2015-02-01 to 2015-03-03
2015-07-01 10:54:56,837 Starting Training from 2015-03-04 to 2015-04-03
2015-07-01 10:56:51,204 Starting Live from 2015-04-04 to 2015-04-10
2015-07-01 10:58:49,363 Starting Training from 2015-03-04 to 2015-04-03
2015-07-01 11:01:03,142 Starting Live from 2015-04-04 to 2015-04-10
2015-07-01 11:01:30,220 Starting Q Learning for : 
2015-07-01 11:01:30,220 alpha = 0.5
2015-07-01 11:01:30,221 gamma = 0.3
2015-07-01 11:01:30,221 individual factor = 10
2015-07-01 11:01:30,221 zero range = 0.01
2015-07-01 11:01:30,221 greedy level = 5
2015-07-01 11:01:30,221 

2015-07-01 11:01:31,494 Starting Training from 2015-01-01 to 2015-01-31
2015-07-01 11:05:04,921 Starting Q Learning for : 
2015-07-01 11:05:04,921 alpha = 0.4
2015-07-01 11:05:04,922 gamma = 0.8
2015-07-01 11:05:04,922 individual factor = 10
2015-07-01 11:05:04,922 zero range = 0.006
2015-07-01 11:05:04,922 greedy level = 5
2015-07-01 11:05:04,922 

2015-07-01 11:05:07,486 Starting Training from 2015-01-01 to 2015-01-31
2015-07-01 11:07:06,990 Starting Training from 2015-02-01 to 2015-03-03
2015-07-01 11:08:07,695 Starting Live from 2015-03-04 to 2015-04-03
2015-07-01 11:13:32,204 Starting Live from 2015-02-01 to 2015-03-03
2015-07-01 11:15:56,557 Starting Live from 2015-02-01 to 2015-03-03
2015-07-01 11:28:25,826 Starting Training from 2015-02-01 to 2015-03-03
2015-07-01 11:28:43,951 Starting Training from 2015-02-01 to 2015-03-03
2015-07-01 11:29:26,802 Starting Live from 2015-03-04 to 2015-04-03
2015-07-01 11:29:45,458 Starting Live from 2015-03-04 to 2015-04-03
2015-07-01 11:30:22,841 Starting Training from 2015-03-04 to 2015-04-03
2015-07-01 11:31:50,922 Starting Live from 2015-04-04 to 2015-04-10
2015-07-01 11:37:12,834 Starting Training from 2015-03-04 to 2015-04-03
2015-07-01 11:38:49,934 Starting Q Learning for : 
2015-07-01 11:38:49,934 alpha = 0.8
2015-07-01 11:38:49,934 gamma = 0.2
2015-07-01 11:38:49,934 individual factor = 10
2015-07-01 11:38:49,934 zero range = 0.006
2015-07-01 11:38:49,934 greedy level = 5
2015-07-01 11:38:49,934 

2015-07-01 11:38:53,021 Starting Training from 2015-01-01 to 2015-01-31
2015-07-01 11:44:16,726 Starting Live from 2015-04-04 to 2015-04-10
2015-07-01 11:46:36,736 Starting Q Learning for : 
2015-07-01 11:46:36,736 alpha = 0.6
2015-07-01 11:46:36,736 gamma = 0.1
2015-07-01 11:46:36,736 individual factor = 10
2015-07-01 11:46:36,736 zero range = 0.006
2015-07-01 11:46:36,736 greedy level = 5
2015-07-01 11:46:36,736 

2015-07-01 11:46:38,441 Starting Training from 2015-01-01 to 2015-01-31
2015-07-01 11:49:59,819 Starting Live from 2015-02-01 to 2015-03-03
2015-07-01 11:50:09,569 Starting Training from 2015-03-04 to 2015-04-03
2015-07-01 11:51:53,263 Starting Live from 2015-04-04 to 2015-04-10
2015-07-01 11:58:02,720 Starting Live from 2015-02-01 to 2015-03-03
2015-07-01 11:59:21,680 Starting Q Learning for : 
2015-07-01 11:59:21,680 alpha = 0.5
2015-07-01 11:59:21,680 gamma = 0.4
2015-07-01 11:59:21,680 individual factor = 10
2015-07-01 11:59:21,680 zero range = 0.01
2015-07-01 11:59:21,680 greedy level = 5
2015-07-01 11:59:21,680 

2015-07-01 11:59:23,062 Starting Training from 2015-01-01 to 2015-01-31
2015-07-01 12:04:40,331 Starting Training from 2015-02-01 to 2015-03-03
2015-07-01 12:05:38,810 Starting Live from 2015-03-04 to 2015-04-03
2015-07-01 12:09:07,192 Starting Live from 2015-02-01 to 2015-03-03
2015-07-01 12:10:48,867 Starting Training from 2015-02-01 to 2015-03-03
2015-07-01 12:11:49,695 Starting Live from 2015-03-04 to 2015-04-03
2015-07-01 12:23:25,172 Starting Training from 2015-02-01 to 2015-03-03
2015-07-01 12:24:24,270 Starting Live from 2015-03-04 to 2015-04-03
2015-07-01 12:27:16,369 Starting Training from 2015-03-04 to 2015-04-03
2015-07-01 12:28:55,364 Starting Live from 2015-04-04 to 2015-04-10
2015-07-01 12:30:20,643 Starting Training from 2015-03-04 to 2015-04-03
2015-07-01 12:33:36,334 Starting Live from 2015-04-04 to 2015-04-10
2015-07-01 12:36:38,406 Starting Q Learning for : 
2015-07-01 12:36:38,406 alpha = 0.8
2015-07-01 12:36:38,406 gamma = 0.3
2015-07-01 12:36:38,406 individual factor = 10
2015-07-01 12:36:38,406 zero range = 0.006
2015-07-01 12:36:38,406 greedy level = 5
2015-07-01 12:36:38,406 

2015-07-01 12:36:39,662 Starting Training from 2015-01-01 to 2015-01-31
2015-07-01 12:38:25,389 Starting Q Learning for : 
2015-07-01 12:38:25,389 alpha = 0.6
2015-07-01 12:38:25,389 gamma = 0.2
2015-07-01 12:38:25,389 individual factor = 10
2015-07-01 12:38:25,390 zero range = 0.006
2015-07-01 12:38:25,390 greedy level = 5
2015-07-01 12:38:25,390 

2015-07-01 12:38:27,094 Starting Training from 2015-01-01 to 2015-01-31
2015-07-01 12:41:01,796 Starting Training from 2015-03-04 to 2015-04-03
2015-07-01 12:42:56,780 Starting Live from 2015-04-04 to 2015-04-10
2015-07-01 12:46:40,859 Starting Live from 2015-02-01 to 2015-03-03
2015-07-01 12:47:58,817 Starting Q Learning for : 
2015-07-01 12:47:58,817 alpha = 0.5
2015-07-01 12:47:58,817 gamma = 0.5
2015-07-01 12:47:58,817 individual factor = 10
2015-07-01 12:47:58,817 zero range = 0.01
2015-07-01 12:47:58,817 greedy level = 5
2015-07-01 12:47:58,817 

2015-07-01 12:48:01,394 Starting Training from 2015-01-01 to 2015-01-31
2015-07-01 12:49:41,814 Starting Live from 2015-02-01 to 2015-03-03
2015-07-01 12:59:38,352 Starting Live from 2015-02-01 to 2015-03-03
2015-07-01 13:01:35,699 Starting Training from 2015-02-01 to 2015-03-03
2015-07-01 13:02:37,054 Starting Live from 2015-03-04 to 2015-04-03
2015-07-01 13:03:22,273 Starting Training from 2015-02-01 to 2015-03-03
2015-07-01 13:04:22,587 Starting Live from 2015-03-04 to 2015-04-03
2015-07-01 13:14:08,793 Starting Training from 2015-02-01 to 2015-03-03
2015-07-01 13:15:07,165 Starting Live from 2015-03-04 to 2015-04-03
2015-07-01 13:22:03,231 Starting Training from 2015-03-04 to 2015-04-03
2015-07-01 13:24:48,333 Starting Live from 2015-04-04 to 2015-04-10
2015-07-01 13:31:05,354 Starting Q Learning for : 
2015-07-01 13:31:05,354 alpha = 0.8
2015-07-01 13:31:05,354 gamma = 0.4
2015-07-01 13:31:05,354 individual factor = 10
2015-07-01 13:31:05,354 zero range = 0.006
2015-07-01 13:31:05,354 greedy level = 5
2015-07-01 13:31:05,354 

2015-07-01 13:31:06,526 Starting Training from 2015-01-01 to 2015-01-31
2015-07-01 13:35:33,799 Starting Training from 2015-03-04 to 2015-04-03
2015-07-01 13:37:02,574 Starting Live from 2015-04-04 to 2015-04-10
2015-07-01 13:37:55,848 Starting Training from 2015-03-04 to 2015-04-03
2015-07-01 13:39:37,937 Starting Live from 2015-04-04 to 2015-04-10
2015-07-01 13:41:02,731 Starting Live from 2015-02-01 to 2015-03-03
2015-07-01 13:43:54,200 Starting Q Learning for : 
2015-07-01 13:43:54,200 alpha = 0.5
2015-07-01 13:43:54,200 gamma = 0.6
2015-07-01 13:43:54,200 individual factor = 10
2015-07-01 13:43:54,200 zero range = 0.01
2015-07-01 13:43:54,200 greedy level = 5
2015-07-01 13:43:54,200 

2015-07-01 13:43:56,709 Starting Training from 2015-01-01 to 2015-01-31
2015-07-01 13:48:52,327 Starting Q Learning for : 
2015-07-01 13:48:52,327 alpha = 0.6
2015-07-01 13:48:52,327 gamma = 0.3
2015-07-01 13:48:52,327 individual factor = 10
2015-07-01 13:48:52,327 zero range = 0.006
2015-07-01 13:48:52,327 greedy level = 5
2015-07-01 13:48:52,327 

2015-07-01 13:48:53,461 Starting Training from 2015-01-01 to 2015-01-31
2015-07-01 13:54:08,814 Starting Live from 2015-02-01 to 2015-03-03
2015-07-01 13:55:26,486 Starting Training from 2015-02-01 to 2015-03-03
2015-07-01 13:56:24,016 Starting Live from 2015-03-04 to 2015-04-03
2015-07-01 13:58:39,758 Starting Live from 2015-02-01 to 2015-03-03
2015-07-01 14:08:16,221 Starting Training from 2015-02-01 to 2015-03-03
2015-07-01 14:09:15,521 Starting Live from 2015-03-04 to 2015-04-03
2015-07-01 14:12:56,324 Starting Training from 2015-02-01 to 2015-03-03
2015-07-01 14:13:57,233 Starting Live from 2015-03-04 to 2015-04-03
2015-07-01 14:14:18,389 Starting Training from 2015-03-04 to 2015-04-03
2015-07-01 14:16:03,309 Starting Live from 2015-04-04 to 2015-04-10
2015-07-01 14:23:02,719 Starting Q Learning for : 
2015-07-01 14:23:02,719 alpha = 0.8
2015-07-01 14:23:02,720 gamma = 0.5
2015-07-01 14:23:02,720 individual factor = 10
2015-07-01 14:23:02,720 zero range = 0.006
2015-07-01 14:23:02,720 greedy level = 5
2015-07-01 14:23:02,720 

2015-07-01 14:23:03,997 Starting Training from 2015-01-01 to 2015-01-31
2015-07-01 14:27:05,699 Starting Training from 2015-03-04 to 2015-04-03
2015-07-01 14:28:39,761 Starting Live from 2015-04-04 to 2015-04-10
2015-07-01 14:32:45,410 Starting Training from 2015-03-04 to 2015-04-03
2015-07-01 14:33:04,111 Starting Live from 2015-02-01 to 2015-03-03
2015-07-01 14:33:04,740 Starting Q Learning for : 
2015-07-01 14:33:04,740 alpha = 0.5
2015-07-01 14:33:04,740 gamma = 0.7
2015-07-01 14:33:04,740 individual factor = 10
2015-07-01 14:33:04,740 zero range = 0.01
2015-07-01 14:33:04,740 greedy level = 5
2015-07-01 14:33:04,740 

2015-07-01 14:33:06,207 Starting Training from 2015-01-01 to 2015-01-31
2015-07-01 14:35:05,062 Starting Live from 2015-04-04 to 2015-04-10
2015-07-01 14:41:39,380 Starting Q Learning for : 
2015-07-01 14:41:39,380 alpha = 0.6
2015-07-01 14:41:39,380 gamma = 0.4
2015-07-01 14:41:39,380 individual factor = 10
2015-07-01 14:41:39,380 zero range = 0.006
2015-07-01 14:41:39,381 greedy level = 5
2015-07-01 14:41:39,381 

2015-07-01 14:41:40,796 Starting Training from 2015-01-01 to 2015-01-31
2015-07-01 14:45:16,886 Starting Live from 2015-02-01 to 2015-03-03
2015-07-01 14:47:30,232 Starting Training from 2015-02-01 to 2015-03-03
2015-07-01 14:48:29,547 Starting Live from 2015-03-04 to 2015-04-03
2015-07-01 14:51:44,006 Starting Live from 2015-02-01 to 2015-03-03
2015-07-01 14:58:47,746 Starting Training from 2015-02-01 to 2015-03-03
2015-07-01 14:59:48,280 Starting Live from 2015-03-04 to 2015-04-03
2015-07-01 15:05:05,362 Starting Training from 2015-03-04 to 2015-04-03
2015-07-01 15:05:41,892 Starting Training from 2015-02-01 to 2015-03-03
2015-07-01 15:06:25,192 Starting Live from 2015-04-04 to 2015-04-10
2015-07-01 15:06:50,506 Starting Live from 2015-03-04 to 2015-04-03
2015-07-01 15:12:31,367 Starting Training from 2015-03-04 to 2015-04-03
2015-07-01 15:12:52,311 Starting Q Learning for : 
2015-07-01 15:12:52,311 alpha = 0.8
2015-07-01 15:12:52,311 gamma = 0.6
2015-07-01 15:12:52,311 individual factor = 10
2015-07-01 15:12:52,311 zero range = 0.006
2015-07-01 15:12:52,311 greedy level = 5
2015-07-01 15:12:52,311 

2015-07-01 15:12:53,869 Starting Training from 2015-01-01 to 2015-01-31
2015-07-01 15:14:18,135 Starting Live from 2015-04-04 to 2015-04-10
2015-07-01 15:16:51,754 Starting Q Learning for : 
2015-07-01 15:16:51,754 alpha = 0.5
2015-07-01 15:16:51,755 gamma = 0.8
2015-07-01 15:16:51,755 individual factor = 10
2015-07-01 15:16:51,755 zero range = 0.01
2015-07-01 15:16:51,755 greedy level = 5
2015-07-01 15:16:51,755 

2015-07-01 15:16:53,283 Starting Training from 2015-01-01 to 2015-01-31
2015-07-01 15:23:01,175 Starting Live from 2015-02-01 to 2015-03-03
2015-07-01 15:25:18,426 Starting Training from 2015-03-04 to 2015-04-03
2015-07-01 15:28:12,438 Starting Live from 2015-02-01 to 2015-03-03
2015-07-01 15:28:59,072 Starting Live from 2015-04-04 to 2015-04-10
2015-07-01 15:34:08,612 Starting Q Learning for : 
2015-07-01 15:34:08,612 alpha = 0.6
2015-07-01 15:34:08,612 gamma = 0.5
2015-07-01 15:34:08,612 individual factor = 10
2015-07-01 15:34:08,612 zero range = 0.006
2015-07-01 15:34:08,612 greedy level = 5
2015-07-01 15:34:08,612 

2015-07-01 15:34:09,644 Starting Training from 2015-01-01 to 2015-01-31
2015-07-01 15:37:26,494 Starting Training from 2015-02-01 to 2015-03-03
2015-07-01 15:38:26,168 Starting Live from 2015-03-04 to 2015-04-03
2015-07-01 15:39:36,764 Starting Training from 2015-02-01 to 2015-03-03
2015-07-01 15:40:35,382 Starting Live from 2015-03-04 to 2015-04-03
2015-07-01 15:44:26,510 Starting Live from 2015-02-01 to 2015-03-03
2015-07-01 15:50:06,877 Starting Training from 2015-03-04 to 2015-04-03
2015-07-01 15:54:51,168 Starting Live from 2015-04-04 to 2015-04-10
2015-07-01 15:55:48,885 Starting Training from 2015-03-04 to 2015-04-03
2015-07-01 15:57:17,250 Starting Live from 2015-04-04 to 2015-04-10
2015-07-01 15:57:24,047 Starting Q Learning for : 
2015-07-01 15:57:24,047 alpha = 0.2
2015-07-01 15:57:24,047 gamma = 0.1
2015-07-01 15:57:24,048 individual factor = 10
2015-07-01 15:57:24,048 zero range = 0.01
2015-07-01 15:57:24,048 greedy level = 5
2015-07-01 15:57:24,048 

2015-07-01 15:57:25,351 Starting Training from 2015-01-01 to 2015-01-31
2015-07-01 15:58:36,454 Starting Training from 2015-02-01 to 2015-03-03
2015-07-01 15:59:37,505 Starting Live from 2015-03-04 to 2015-04-03
2015-07-01 16:02:00,676 Starting Q Learning for : 
2015-07-01 16:02:00,676 alpha = 0.8
2015-07-01 16:02:00,676 gamma = 0.7
2015-07-01 16:02:00,676 individual factor = 10
2015-07-01 16:02:00,676 zero range = 0.006
2015-07-01 16:02:00,676 greedy level = 5
2015-07-01 16:02:00,677 

2015-07-01 16:02:02,957 Starting Training from 2015-01-01 to 2015-01-31
2015-07-01 16:09:18,457 Starting Live from 2015-02-01 to 2015-03-03
2015-07-01 16:13:34,965 Starting Live from 2015-02-01 to 2015-03-03
2015-07-01 16:18:19,424 Starting Training from 2015-03-04 to 2015-04-03
2015-07-01 16:21:47,531 Starting Live from 2015-04-04 to 2015-04-10
2015-07-01 16:23:25,891 Starting Training from 2015-02-01 to 2015-03-03
2015-07-01 16:24:25,211 Starting Live from 2015-03-04 to 2015-04-03
2015-07-01 16:26:35,670 Starting Q Learning for : 
2015-07-01 16:26:35,670 alpha = 0.6
2015-07-01 16:26:35,670 gamma = 0.6
2015-07-01 16:26:35,670 individual factor = 10
2015-07-01 16:26:35,671 zero range = 0.006
2015-07-01 16:26:35,671 greedy level = 5
2015-07-01 16:26:35,671 

2015-07-01 16:26:37,771 Starting Training from 2015-01-01 to 2015-01-31
2015-07-01 16:27:53,122 Starting Training from 2015-02-01 to 2015-03-03
2015-07-01 16:28:53,251 Starting Live from 2015-03-04 to 2015-04-03
2015-07-01 16:37:11,684 Starting Live from 2015-02-01 to 2015-03-03
2015-07-01 16:40:56,964 Starting Training from 2015-03-04 to 2015-04-03
2015-07-01 16:43:09,113 Starting Live from 2015-04-04 to 2015-04-10
2015-07-01 16:44:23,861 Starting Training from 2015-03-04 to 2015-04-03
2015-07-01 16:45:49,366 Starting Q Learning for : 
2015-07-01 16:45:49,366 alpha = 0.8
2015-07-01 16:45:49,366 gamma = 0.8
2015-07-01 16:45:49,366 individual factor = 10
2015-07-01 16:45:49,367 zero range = 0.006
2015-07-01 16:45:49,367 greedy level = 5
2015-07-01 16:45:49,367 

2015-07-01 16:45:50,652 Starting Training from 2015-01-01 to 2015-01-31
2015-07-01 16:46:19,845 Starting Live from 2015-04-04 to 2015-04-10
2015-07-01 16:50:55,287 Starting Training from 2015-02-01 to 2015-03-03
2015-07-01 16:51:43,955 Starting Q Learning for : 
2015-07-01 16:51:43,955 alpha = 0.2
2015-07-01 16:51:43,956 gamma = 0.2
2015-07-01 16:51:43,956 individual factor = 10
2015-07-01 16:51:43,956 zero range = 0.01
2015-07-01 16:51:43,956 greedy level = 5
2015-07-01 16:51:43,956 

2015-07-01 16:51:44,998 Starting Training from 2015-01-01 to 2015-01-31
2015-07-01 16:51:55,595 Starting Live from 2015-03-04 to 2015-04-03
2015-07-01 16:57:49,818 Starting Live from 2015-02-01 to 2015-03-03
2015-07-01 17:03:57,048 Starting Live from 2015-02-01 to 2015-03-03
2015-07-01 17:08:40,347 Starting Training from 2015-02-01 to 2015-03-03
2015-07-01 17:09:11,980 Starting Training from 2015-03-04 to 2015-04-03
2015-07-01 17:09:39,962 Starting Live from 2015-03-04 to 2015-04-03
2015-07-01 17:10:58,179 Starting Live from 2015-04-04 to 2015-04-10
2015-07-01 17:17:39,492 Starting Q Learning for : 
2015-07-01 17:17:39,492 alpha = 0.2
2015-07-01 17:17:39,492 gamma = 0.3
2015-07-01 17:17:39,492 individual factor = 10
2015-07-01 17:17:39,492 zero range = 0.01
2015-07-01 17:17:39,492 greedy level = 5
2015-07-01 17:17:39,493 

2015-07-01 17:17:40,984 Starting Training from 2015-01-01 to 2015-01-31
2015-07-01 17:18:38,712 Starting Training from 2015-02-01 to 2015-03-03
2015-07-01 17:19:06,692 Starting Training from 2015-03-04 to 2015-04-03
2015-07-01 17:19:37,876 Starting Live from 2015-03-04 to 2015-04-03
2015-07-01 17:24:14,089 Starting Live from 2015-04-04 to 2015-04-10
2015-07-01 17:26:45,826 Starting Q Learning for : 
2015-07-01 17:26:45,826 alpha = 0.4
2015-07-01 17:26:45,826 gamma = 0.5
2015-07-01 17:26:45,827 individual factor = 10
2015-07-01 17:26:45,827 zero range = 0.01
2015-07-01 17:26:45,827 greedy level = 5
2015-07-01 17:26:45,827 

2015-07-01 17:26:47,706 Starting Training from 2015-01-01 to 2015-01-31
2015-07-01 17:27:16,461 Starting Live from 2015-02-01 to 2015-03-03
2015-07-01 17:38:04,915 Starting Training from 2015-03-04 to 2015-04-03
2015-07-01 17:38:53,304 Starting Live from 2015-02-01 to 2015-03-03
2015-07-01 17:39:27,619 Starting Live from 2015-04-04 to 2015-04-10
2015-07-01 17:41:41,829 Starting Training from 2015-02-01 to 2015-03-03
2015-07-01 17:42:44,105 Starting Live from 2015-03-04 to 2015-04-03
2015-07-01 17:44:09,214 Starting Q Learning for : 
2015-07-01 17:44:09,214 alpha = 0.6
2015-07-01 17:44:09,214 gamma = 0.7
2015-07-01 17:44:09,214 individual factor = 10
2015-07-01 17:44:09,214 zero range = 0.01
2015-07-01 17:44:09,214 greedy level = 5
2015-07-01 17:44:09,214 

2015-07-01 17:44:10,510 Starting Training from 2015-01-01 to 2015-01-31
2015-07-01 17:53:14,802 Starting Training from 2015-02-01 to 2015-03-03
2015-07-01 17:54:13,566 Starting Live from 2015-03-04 to 2015-04-03
2015-07-01 17:56:11,880 Starting Live from 2015-02-01 to 2015-03-03
2015-07-01 17:59:09,753 Starting Training from 2015-03-04 to 2015-04-03
2015-07-01 18:01:10,142 Starting Live from 2015-04-04 to 2015-04-10
2015-07-01 18:07:04,407 Starting Q Learning for : 
2015-07-01 18:07:04,408 alpha = 0.2
2015-07-01 18:07:04,408 gamma = 0.4
2015-07-01 18:07:04,408 individual factor = 10
2015-07-01 18:07:04,408 zero range = 0.01
2015-07-01 18:07:04,408 greedy level = 5
2015-07-01 18:07:04,408 

2015-07-01 18:07:07,407 Starting Training from 2015-01-01 to 2015-01-31
2015-07-01 18:10:08,496 Starting Training from 2015-02-01 to 2015-03-03
2015-07-01 18:11:07,842 Starting Live from 2015-03-04 to 2015-04-03
2015-07-01 18:11:28,878 Starting Training from 2015-03-04 to 2015-04-03
2015-07-01 18:13:40,006 Starting Live from 2015-04-04 to 2015-04-10
2015-07-01 18:18:26,706 Starting Live from 2015-02-01 to 2015-03-03
2015-07-01 18:18:47,342 Starting Q Learning for : 
2015-07-01 18:18:47,342 alpha = 0.4
2015-07-01 18:18:47,342 gamma = 0.6
2015-07-01 18:18:47,342 individual factor = 10
2015-07-01 18:18:47,342 zero range = 0.01
2015-07-01 18:18:47,342 greedy level = 5
2015-07-01 18:18:47,342 

2015-07-01 18:18:49,398 Starting Training from 2015-01-01 to 2015-01-31
2015-07-01 18:21:07,299 Starting Training from 2015-03-04 to 2015-04-03
2015-07-01 18:25:48,806 Starting Live from 2015-04-04 to 2015-04-10
2015-07-01 18:28:39,746 Starting Q Learning for : 
2015-07-01 18:28:39,746 alpha = 0.6
2015-07-01 18:28:39,746 gamma = 0.8
2015-07-01 18:28:39,746 individual factor = 10
2015-07-01 18:28:39,746 zero range = 0.01
2015-07-01 18:28:39,746 greedy level = 5
2015-07-01 18:28:39,746 

2015-07-01 18:28:41,810 Starting Training from 2015-01-01 to 2015-01-31
2015-07-01 18:30:24,468 Starting Live from 2015-02-01 to 2015-03-03
2015-07-01 18:32:37,726 Starting Training from 2015-02-01 to 2015-03-03
2015-07-01 18:33:37,645 Starting Live from 2015-03-04 to 2015-04-03
2015-07-01 18:38:38,384 Starting Live from 2015-02-01 to 2015-03-03
2015-07-01 18:45:31,066 Starting Training from 2015-02-01 to 2015-03-03
2015-07-01 18:46:31,661 Starting Live from 2015-03-04 to 2015-04-03
2015-07-01 18:50:42,278 Starting Training from 2015-03-04 to 2015-04-03
2015-07-01 18:51:29,819 Starting Training from 2015-02-01 to 2015-03-03
2015-07-01 18:52:08,249 Starting Live from 2015-04-04 to 2015-04-10
2015-07-01 18:52:27,983 Starting Live from 2015-03-04 to 2015-04-03
2015-07-01 18:57:03,903 Starting Q Learning for : 
2015-07-01 18:57:03,903 alpha = 0.2
2015-07-01 18:57:03,903 gamma = 0.5
2015-07-01 18:57:03,903 individual factor = 10
2015-07-01 18:57:03,903 zero range = 0.01
2015-07-01 18:57:03,903 greedy level = 5
2015-07-01 18:57:03,903 

2015-07-01 18:57:06,075 Starting Training from 2015-01-01 to 2015-01-31
2015-07-01 19:02:07,321 Starting Training from 2015-03-04 to 2015-04-03
2015-07-01 19:06:38,322 Starting Live from 2015-04-04 to 2015-04-10
2015-07-01 19:08:49,557 Starting Live from 2015-02-01 to 2015-03-03
2015-07-01 19:09:03,876 Starting Q Learning for : 
2015-07-01 19:09:03,876 alpha = 0.8
2015-07-01 19:09:03,876 gamma = 0.1
2015-07-01 19:09:03,876 individual factor = 10
2015-07-01 19:09:03,876 zero range = 0.01
2015-07-01 19:09:03,876 greedy level = 5
2015-07-01 19:09:03,876 

2015-07-01 19:09:06,222 Starting Training from 2015-01-01 to 2015-01-31
2015-07-01 19:13:22,286 Starting Training from 2015-03-04 to 2015-04-03
2015-07-01 19:15:24,910 Starting Live from 2015-04-04 to 2015-04-10
2015-07-01 19:20:52,684 Starting Live from 2015-02-01 to 2015-03-03
2015-07-01 19:23:02,440 Starting Training from 2015-02-01 to 2015-03-03
2015-07-01 19:23:58,690 Starting Live from 2015-03-04 to 2015-04-03
2015-07-01 19:26:14,887 Starting Q Learning for : 
2015-07-01 19:26:14,887 alpha = 0.4
2015-07-01 19:26:14,887 gamma = 0.7
2015-07-01 19:26:14,887 individual factor = 10
2015-07-01 19:26:14,887 zero range = 0.01
2015-07-01 19:26:14,887 greedy level = 5
2015-07-01 19:26:14,887 

2015-07-01 19:26:17,855 Starting Training from 2015-01-01 to 2015-01-31
2015-07-01 19:41:54,352 Starting Training from 2015-02-01 to 2015-03-03
2015-07-01 19:42:54,803 Starting Live from 2015-03-04 to 2015-04-03
2015-07-01 19:45:11,674 Starting Live from 2015-02-01 to 2015-03-03
2015-07-01 19:46:51,859 Starting Training from 2015-03-04 to 2015-04-03
2015-07-01 19:48:33,782 Starting Live from 2015-04-04 to 2015-04-10
2015-07-01 19:54:49,806 Starting Q Learning for : 
2015-07-01 19:54:49,806 alpha = 0.2
2015-07-01 19:54:49,806 gamma = 0.6
2015-07-01 19:54:49,806 individual factor = 10
2015-07-01 19:54:49,806 zero range = 0.01
2015-07-01 19:54:49,806 greedy level = 5
2015-07-01 19:54:49,806 

2015-07-01 19:54:52,450 Starting Training from 2015-01-01 to 2015-01-31
2015-07-01 19:58:55,956 Starting Training from 2015-03-04 to 2015-04-03
2015-07-01 19:59:26,922 Starting Training from 2015-02-01 to 2015-03-03
2015-07-01 20:00:27,677 Starting Live from 2015-03-04 to 2015-04-03
2015-07-01 20:01:12,443 Starting Live from 2015-04-04 to 2015-04-10
2015-07-01 20:04:57,408 Starting Live from 2015-02-01 to 2015-03-03
2015-07-01 20:05:42,353 Starting Q Learning for : 
2015-07-01 20:05:42,353 alpha = 0.8
2015-07-01 20:05:42,353 gamma = 0.2
2015-07-01 20:05:42,353 individual factor = 10
2015-07-01 20:05:42,354 zero range = 0.01
2015-07-01 20:05:42,354 greedy level = 5
2015-07-01 20:05:42,354 

2015-07-01 20:05:44,361 Starting Training from 2015-01-01 to 2015-01-31
2015-07-01 20:11:07,517 Starting Training from 2015-03-04 to 2015-04-03
2015-07-01 20:14:01,852 Starting Live from 2015-04-04 to 2015-04-10
2015-07-01 20:16:35,324 Starting Q Learning for : 
2015-07-01 20:16:35,324 alpha = 0.4
2015-07-01 20:16:35,324 gamma = 0.8
2015-07-01 20:16:35,324 individual factor = 10
2015-07-01 20:16:35,324 zero range = 0.01
2015-07-01 20:16:35,324 greedy level = 5
2015-07-01 20:16:35,324 

2015-07-01 20:16:36,943 Starting Training from 2015-01-01 to 2015-01-31
2015-07-01 20:17:32,461 Starting Live from 2015-02-01 to 2015-03-03
2015-07-01 20:19:11,564 Starting Training from 2015-02-01 to 2015-03-03
2015-07-01 20:20:10,354 Starting Live from 2015-03-04 to 2015-04-03
2015-07-01 20:26:16,435 Starting Live from 2015-02-01 to 2015-03-03
2015-07-01 20:32:37,285 Starting Training from 2015-02-01 to 2015-03-03
2015-07-01 20:33:35,291 Starting Live from 2015-03-04 to 2015-04-03
2015-07-01 20:35:16,213 Starting Training from 2015-03-04 to 2015-04-03
2015-07-01 20:36:58,479 Starting Live from 2015-04-04 to 2015-04-10
2015-07-01 20:38:30,797 Starting Training from 2015-02-01 to 2015-03-03
2015-07-01 20:39:31,850 Starting Live from 2015-03-04 to 2015-04-03
2015-07-01 20:40:58,081 Starting Q Learning for : 
2015-07-01 20:40:58,081 alpha = 0.2
2015-07-01 20:40:58,081 gamma = 0.7
2015-07-01 20:40:58,081 individual factor = 10
2015-07-01 20:40:58,082 zero range = 0.01
2015-07-01 20:40:58,082 greedy level = 5
2015-07-01 20:40:58,082 

2015-07-01 20:40:59,882 Starting Training from 2015-01-01 to 2015-01-31
2015-07-01 20:48:26,577 Starting Training from 2015-03-04 to 2015-04-03
2015-07-01 20:52:53,422 Starting Live from 2015-02-01 to 2015-03-03
2015-07-01 20:53:54,300 Starting Live from 2015-04-04 to 2015-04-10
2015-07-01 20:56:50,941 Starting Q Learning for : 
2015-07-01 20:56:50,941 alpha = 0.6
2015-07-01 20:56:50,941 gamma = 0.1
2015-07-01 20:56:50,941 individual factor = 10
2015-07-01 20:56:50,941 zero range = 0.01
2015-07-01 20:56:50,941 greedy level = 5
2015-07-01 20:56:50,941 

2015-07-01 20:56:52,508 Starting Training from 2015-01-01 to 2015-01-31
2015-07-01 21:06:40,518 Starting Training from 2015-02-01 to 2015-03-03
2015-07-01 21:07:41,714 Starting Live from 2015-03-04 to 2015-04-03
2015-07-01 21:08:41,375 Starting Live from 2015-02-01 to 2015-03-03
2015-07-01 21:13:59,705 Starting Training from 2015-03-04 to 2015-04-03
2015-07-01 21:15:17,575 Starting Live from 2015-04-04 to 2015-04-10
2015-07-01 21:16:31,323 Starting Training from 2015-03-04 to 2015-04-03
2015-07-01 21:20:47,534 Starting Live from 2015-04-04 to 2015-04-10
2015-07-01 21:23:37,888 Starting Training from 2015-02-01 to 2015-03-03
2015-07-01 21:24:32,024 Starting Q Learning for : 
2015-07-01 21:24:32,024 alpha = 0.2
2015-07-01 21:24:32,024 gamma = 0.8
2015-07-01 21:24:32,025 individual factor = 10
2015-07-01 21:24:32,025 zero range = 0.01
2015-07-01 21:24:32,025 greedy level = 5
2015-07-01 21:24:32,025 

2015-07-01 21:24:33,584 Starting Training from 2015-01-01 to 2015-01-31
2015-07-01 21:24:42,524 Starting Live from 2015-03-04 to 2015-04-03
2015-07-01 21:27:04,920 Starting Q Learning for : 
2015-07-01 21:27:04,920 alpha = 0.8
2015-07-01 21:27:04,920 gamma = 0.3
2015-07-01 21:27:04,920 individual factor = 10
2015-07-01 21:27:04,920 zero range = 0.01
2015-07-01 21:27:04,920 greedy level = 5
2015-07-01 21:27:04,920 

2015-07-01 21:27:06,178 Starting Training from 2015-01-01 to 2015-01-31
2015-07-01 21:34:36,707 Starting Live from 2015-02-01 to 2015-03-03
2015-07-01 21:38:04,229 Starting Live from 2015-02-01 to 2015-03-03
2015-07-01 21:45:29,866 Starting Training from 2015-03-04 to 2015-04-03
2015-07-01 21:46:46,015 Starting Live from 2015-04-04 to 2015-04-10
2015-07-01 21:47:32,095 Starting Training from 2015-02-01 to 2015-03-03
2015-07-01 21:48:32,899 Starting Live from 2015-03-04 to 2015-04-03
2015-07-01 21:51:56,849 Starting Training from 2015-02-01 to 2015-03-03
2015-07-01 21:52:22,737 Starting Q Learning for : 
2015-07-01 21:52:22,737 alpha = 0.6
2015-07-01 21:52:22,737 gamma = 0.2
2015-07-01 21:52:22,738 individual factor = 10
2015-07-01 21:52:22,738 zero range = 0.01
2015-07-01 21:52:22,738 greedy level = 5
2015-07-01 21:52:22,738 

2015-07-01 21:52:24,576 Starting Training from 2015-01-01 to 2015-01-31
2015-07-01 21:53:10,386 Starting Live from 2015-03-04 to 2015-04-03
2015-07-01 21:57:42,533 Starting Training from 2015-03-04 to 2015-04-03
2015-07-01 22:02:09,301 Starting Live from 2015-04-04 to 2015-04-10
2015-07-01 22:04:20,628 Starting Live from 2015-02-01 to 2015-03-03
2015-07-01 22:04:53,503 Starting Q Learning for : 
2015-07-01 22:04:53,504 alpha = 0.4
2015-07-01 22:04:53,504 gamma = 0.1
2015-07-01 22:04:53,504 individual factor = 10
2015-07-01 22:04:53,504 zero range = 0.01
2015-07-01 22:04:53,504 greedy level = 5
2015-07-01 22:04:53,504 

2015-07-01 22:04:55,144 Starting Training from 2015-01-01 to 2015-01-31
2015-07-01 22:09:47,461 Starting Training from 2015-03-04 to 2015-04-03
2015-07-01 22:12:34,282 Starting Live from 2015-04-04 to 2015-04-10
2015-07-01 22:16:39,850 Starting Live from 2015-02-01 to 2015-03-03
2015-07-01 22:18:16,653 Starting Q Learning for : 
2015-07-01 22:18:16,653 alpha = 0.8
2015-07-01 22:18:16,653 gamma = 0.4
2015-07-01 22:18:16,653 individual factor = 10
2015-07-01 22:18:16,653 zero range = 0.01
2015-07-01 22:18:16,654 greedy level = 5
2015-07-01 22:18:16,654 

2015-07-01 22:18:18,691 Starting Training from 2015-01-01 to 2015-01-31
2015-07-01 22:18:41,876 Starting Training from 2015-02-01 to 2015-03-03
2015-07-01 22:19:41,444 Starting Live from 2015-03-04 to 2015-04-03
2015-07-01 22:27:55,869 Starting Live from 2015-02-01 to 2015-03-03
2015-07-01 22:29:22,149 Starting Training from 2015-02-01 to 2015-03-03
2015-07-01 22:32:07,125 Starting Live from 2015-03-04 to 2015-04-03
2015-07-01 22:38:20,885 Starting Training from 2015-03-04 to 2015-04-03
2015-07-01 22:39:57,029 Starting Live from 2015-04-04 to 2015-04-10
2015-07-01 22:45:48,313 Starting Training from 2015-02-01 to 2015-03-03
2015-07-01 22:49:35,067 Starting Live from 2015-03-04 to 2015-04-03
2015-07-01 22:52:06,029 Starting Q Learning for : 
2015-07-01 22:52:06,029 alpha = 0.6
2015-07-01 22:52:06,029 gamma = 0.3
2015-07-01 22:52:06,029 individual factor = 10
2015-07-01 22:52:06,029 zero range = 0.01
2015-07-01 22:52:06,029 greedy level = 5
2015-07-01 22:52:06,030 

2015-07-01 22:52:08,587 Starting Training from 2015-01-01 to 2015-01-31
2015-07-01 23:00:41,902 Starting Training from 2015-03-04 to 2015-04-03
2015-07-01 23:02:08,152 Starting Live from 2015-04-04 to 2015-04-10
2015-07-01 23:03:15,231 Starting Live from 2015-02-01 to 2015-03-03
2015-07-01 23:08:23,059 Starting Training from 2015-03-04 to 2015-04-03
2015-07-01 23:09:35,988 Starting Q Learning for : 
2015-07-01 23:09:35,988 alpha = 0.4
2015-07-01 23:09:35,988 gamma = 0.2
2015-07-01 23:09:35,988 individual factor = 10
2015-07-01 23:09:35,989 zero range = 0.01
2015-07-01 23:09:35,989 greedy level = 5
2015-07-01 23:09:35,989 

2015-07-01 23:09:38,140 Starting Training from 2015-01-01 to 2015-01-31
2015-07-01 23:10:23,403 Starting Live from 2015-04-04 to 2015-04-10
2015-07-01 23:15:36,054 Starting Q Learning for : 
2015-07-01 23:15:36,054 alpha = 0.8
2015-07-01 23:15:36,054 gamma = 0.5
2015-07-01 23:15:36,054 individual factor = 10
2015-07-01 23:15:36,054 zero range = 0.01
2015-07-01 23:15:36,055 greedy level = 5
2015-07-01 23:15:36,055 

2015-07-01 23:15:37,744 Starting Training from 2015-01-01 to 2015-01-31
2015-07-01 23:19:20,801 Starting Training from 2015-02-01 to 2015-03-03
2015-07-01 23:20:26,534 Starting Live from 2015-03-04 to 2015-04-03
2015-07-01 23:21:15,151 Starting Live from 2015-02-01 to 2015-03-03
2015-07-01 23:28:44,948 Starting Live from 2015-02-01 to 2015-03-03
2015-07-01 23:37:13,826 Starting Training from 2015-02-01 to 2015-03-03
2015-07-01 23:38:13,842 Starting Live from 2015-03-04 to 2015-04-03
2015-07-01 23:44:31,718 Starting Training from 2015-02-01 to 2015-03-03
2015-07-01 23:44:38,908 Starting Training from 2015-03-04 to 2015-04-03
2015-07-01 23:45:37,426 Starting Live from 2015-03-04 to 2015-04-03
2015-07-01 23:46:04,533 Starting Live from 2015-04-04 to 2015-04-10
2015-07-01 23:51:39,644 Starting Q Learning for : 
2015-07-01 23:51:39,644 alpha = 0.6
2015-07-01 23:51:39,645 gamma = 0.4
2015-07-01 23:51:39,645 individual factor = 10
2015-07-01 23:51:39,645 zero range = 0.01
2015-07-01 23:51:39,645 greedy level = 5
2015-07-01 23:51:39,645 

2015-07-01 23:51:41,021 Starting Training from 2015-01-01 to 2015-01-31
2015-07-02 00:00:18,383 Starting Training from 2015-03-04 to 2015-04-03
2015-07-02 00:02:14,388 Starting Live from 2015-04-04 to 2015-04-10
2015-07-02 00:04:54,481 Starting Live from 2015-02-01 to 2015-03-03
2015-07-02 00:06:03,960 Starting Training from 2015-03-04 to 2015-04-03
2015-07-02 00:07:36,808 Starting Live from 2015-04-04 to 2015-04-10
2015-07-02 00:08:18,862 Starting Q Learning for : 
2015-07-02 00:08:18,862 alpha = 0.4
2015-07-02 00:08:18,863 gamma = 0.3
2015-07-02 00:08:18,863 individual factor = 10
2015-07-02 00:08:18,863 zero range = 0.01
2015-07-02 00:08:18,863 greedy level = 5
2015-07-02 00:08:18,863 

2015-07-02 00:08:20,283 Starting Training from 2015-01-01 to 2015-01-31
2015-07-02 00:12:50,719 Starting Q Learning for : 
2015-07-02 00:12:50,719 alpha = 0.8
2015-07-02 00:12:50,719 gamma = 0.6
2015-07-02 00:12:50,719 individual factor = 10
2015-07-02 00:12:50,719 zero range = 0.01
2015-07-02 00:12:50,719 greedy level = 5
2015-07-02 00:12:50,719 

2015-07-02 00:12:52,288 Starting Training from 2015-01-01 to 2015-01-31
2015-07-02 00:20:41,045 Starting Training from 2015-02-01 to 2015-03-03
2015-07-02 00:21:15,617 Starting Live from 2015-02-01 to 2015-03-03
2015-07-02 00:21:48,361 Starting Live from 2015-03-04 to 2015-04-03
2015-07-02 00:27:01,507 Starting Live from 2015-02-01 to 2015-03-03
2015-07-02 00:38:23,482 Starting Training from 2015-02-01 to 2015-03-03
2015-07-02 00:39:26,707 Starting Live from 2015-03-04 to 2015-04-03
2015-07-02 00:41:51,738 Starting Training from 2015-03-04 to 2015-04-03
2015-07-02 00:43:06,708 Starting Training from 2015-02-01 to 2015-03-03
2015-07-02 00:43:43,889 Starting Live from 2015-04-04 to 2015-04-10
2015-07-02 00:44:18,092 Starting Live from 2015-03-04 to 2015-04-03
2015-07-02 00:49:16,899 Starting Q Learning for : 
2015-07-02 00:49:16,899 alpha = 0.6
2015-07-02 00:49:16,899 gamma = 0.5
2015-07-02 00:49:16,899 individual factor = 10
2015-07-02 00:49:16,899 zero range = 0.01
2015-07-02 00:49:16,899 greedy level = 5
2015-07-02 00:49:16,899 

2015-07-02 00:49:19,225 Starting Training from 2015-01-01 to 2015-01-31
2015-07-02 00:59:23,626 Starting Training from 2015-03-04 to 2015-04-03
2015-07-02 01:00:35,101 Starting Live from 2015-04-04 to 2015-04-10
2015-07-02 01:01:50,673 Starting Live from 2015-02-01 to 2015-03-03
2015-07-02 01:03:26,611 Starting Training from 2015-03-04 to 2015-04-03
2015-07-02 01:04:50,245 Starting Live from 2015-04-04 to 2015-04-10
2015-07-02 01:05:51,918 Starting Q Learning for : 
2015-07-02 01:05:51,918 alpha = 0.4
2015-07-02 01:05:51,918 gamma = 0.4
2015-07-02 01:05:51,918 individual factor = 10
2015-07-02 01:05:51,918 zero range = 0.01
2015-07-02 01:05:51,918 greedy level = 5
2015-07-02 01:05:51,918 

2015-07-02 01:05:53,779 Starting Training from 2015-01-01 to 2015-01-31
2015-07-02 01:11:35,341 Starting Q Learning for : 
2015-07-02 01:11:35,341 alpha = 0.8
2015-07-02 01:11:35,341 gamma = 0.7
2015-07-02 01:11:35,341 individual factor = 10
2015-07-02 01:11:35,341 zero range = 0.01
2015-07-02 01:11:35,341 greedy level = 5
2015-07-02 01:11:35,341 

2015-07-02 01:11:37,060 Starting Training from 2015-01-01 to 2015-01-31
2015-07-02 01:17:37,978 Starting Training from 2015-02-01 to 2015-03-03
2015-07-02 01:18:58,826 Starting Live from 2015-03-04 to 2015-04-03
2015-07-02 01:19:11,767 Starting Live from 2015-02-01 to 2015-03-03
2015-07-02 01:23:01,559 Starting Live from 2015-02-01 to 2015-03-03
2015-07-02 01:35:12,820 Starting Training from 2015-02-01 to 2015-03-03
2015-07-02 01:36:19,940 Starting Live from 2015-03-04 to 2015-04-03
2015-07-02 01:36:21,569 Starting Training from 2015-03-04 to 2015-04-03
2015-07-02 01:38:30,644 Starting Live from 2015-04-04 to 2015-04-10
2015-07-02 01:38:40,411 Starting Training from 2015-02-01 to 2015-03-03
2015-07-02 01:39:50,140 Starting Live from 2015-03-04 to 2015-04-03
2015-07-02 01:45:04,027 Starting Q Learning for : 
2015-07-02 01:45:04,027 alpha = 0.6
2015-07-02 01:45:04,027 gamma = 0.6
2015-07-02 01:45:04,027 individual factor = 10
2015-07-02 01:45:04,027 zero range = 0.01
2015-07-02 01:45:04,027 greedy level = 5
2015-07-02 01:45:04,027 

2015-07-02 01:45:06,098 Starting Training from 2015-01-01 to 2015-01-31
2015-07-02 01:52:22,766 Starting Training from 2015-03-04 to 2015-04-03
2015-07-02 01:55:28,490 Starting Live from 2015-04-04 to 2015-04-10
2015-07-02 01:56:02,581 Starting Live from 2015-02-01 to 2015-03-03
2015-07-02 01:56:08,901 Starting Training from 2015-03-04 to 2015-04-03
2015-07-02 01:57:38,716 Starting Live from 2015-04-04 to 2015-04-10
2015-07-02 01:59:16,987 Starting Q Learning for : 
2015-07-02 01:59:16,987 alpha = 0.8
2015-07-02 01:59:16,987 gamma = 0.8
2015-07-02 01:59:16,987 individual factor = 10
2015-07-02 01:59:16,987 zero range = 0.01
2015-07-02 01:59:16,987 greedy level = 5
2015-07-02 01:59:16,987 

2015-07-02 01:59:19,729 Starting Training from 2015-01-01 to 2015-01-31
2015-07-02 02:11:19,348 Starting Live from 2015-02-01 to 2015-03-03
2015-07-02 02:11:21,438 Starting Training from 2015-02-01 to 2015-03-03
2015-07-02 02:12:25,399 Starting Live from 2015-03-04 to 2015-04-03
2015-07-02 02:24:47,880 Starting Training from 2015-02-01 to 2015-03-03
2015-07-02 02:25:52,407 Starting Live from 2015-03-04 to 2015-04-03
2015-07-02 02:31:12,760 Starting Training from 2015-03-04 to 2015-04-03
2015-07-02 02:32:34,847 Starting Live from 2015-04-04 to 2015-04-10
2015-07-02 02:34:36,800 Starting Training from 2015-03-04 to 2015-04-03
2015-07-02 02:41:13,003 Starting Live from 2015-04-04 to 2015-04-10
