2015-06-20 02:11:42,411 Starting Q Learning for : 
2015-06-20 02:11:42,411 alpha = 0.5
2015-06-20 02:11:42,411 gamma = 0.2
2015-06-20 02:11:42,411 individual factor = 8
2015-06-20 02:11:42,411 zero range = 0.002
2015-06-20 02:11:42,411 greedy level = 5
2015-06-20 02:11:42,411 

2015-06-20 02:11:52,023 Starting Training from 2014-12-17 to 2015-01-01
2015-06-20 02:23:23,875 Starting Live from 2015-01-02 to 2015-02-01
2015-06-20 02:51:17,694 Starting Training from 2015-01-17 to 2015-02-01
2015-06-20 02:52:38,342 Starting Live from 2015-02-02 to 2015-03-04
2015-06-20 03:19:50,447 Starting Training from 2015-02-17 to 2015-03-04
2015-06-20 03:21:46,395 Starting Live from 2015-03-05 to 2015-04-04
2015-06-20 03:55:47,081 Starting Training from 2015-03-20 to 2015-04-04
2015-06-20 03:57:12,911 Starting Live from 2015-04-05 to 2015-04-10
2015-06-20 04:04:37,956 Starting Q Learning for : 
2015-06-20 04:04:37,956 alpha = 0.5
2015-06-20 04:04:37,956 gamma = 0.4
2015-06-20 04:04:37,956 individual factor = 8
2015-06-20 04:04:37,956 zero range = 0.002
2015-06-20 04:04:37,956 greedy level = 5
2015-06-20 04:04:37,956 

2015-06-20 04:04:43,410 Starting Training from 2014-12-17 to 2015-01-01
2015-06-20 04:16:58,992 Starting Live from 2015-01-02 to 2015-02-01
2015-06-20 04:44:43,565 Starting Training from 2015-01-17 to 2015-02-01
2015-06-20 04:46:05,460 Starting Live from 2015-02-02 to 2015-03-04
2015-06-20 05:13:04,707 Starting Training from 2015-02-17 to 2015-03-04
2015-06-20 05:15:35,832 Starting Live from 2015-03-05 to 2015-04-04
2015-06-20 05:49:32,581 Starting Training from 2015-03-20 to 2015-04-04
2015-06-20 05:51:10,552 Starting Live from 2015-04-05 to 2015-04-10
2015-06-20 05:59:22,234 Starting Q Learning for : 
2015-06-20 05:59:22,234 alpha = 0.5
2015-06-20 05:59:22,234 gamma = 0.6
2015-06-20 05:59:22,234 individual factor = 8
2015-06-20 05:59:22,234 zero range = 0.002
2015-06-20 05:59:22,234 greedy level = 5
2015-06-20 05:59:22,234 

2015-06-20 05:59:28,812 Starting Training from 2014-12-17 to 2015-01-01
2015-06-20 06:10:58,572 Starting Live from 2015-01-02 to 2015-02-01
2015-06-20 06:38:44,645 Starting Training from 2015-01-17 to 2015-02-01
2015-06-20 06:40:28,823 Starting Live from 2015-02-02 to 2015-03-04
2015-06-20 07:07:12,463 Starting Training from 2015-02-17 to 2015-03-04
2015-06-20 07:09:20,608 Starting Live from 2015-03-05 to 2015-04-04
2015-06-20 07:41:00,976 Starting Training from 2015-03-20 to 2015-04-04
2015-06-20 07:42:59,644 Starting Live from 2015-04-05 to 2015-04-10
2015-06-20 07:51:27,417 Starting Q Learning for : 
2015-06-20 07:51:27,417 alpha = 0.5
2015-06-20 07:51:27,417 gamma = 0.7
2015-06-20 07:51:27,417 individual factor = 8
2015-06-20 07:51:27,417 zero range = 0.002
2015-06-20 07:51:27,417 greedy level = 5
2015-06-20 07:51:27,417 

2015-06-20 07:51:32,460 Starting Training from 2014-12-17 to 2015-01-01
2015-06-20 08:03:00,114 Starting Live from 2015-01-02 to 2015-02-01
2015-06-20 08:28:19,766 Starting Training from 2015-01-17 to 2015-02-01
2015-06-20 08:29:51,454 Starting Live from 2015-02-02 to 2015-03-04
2015-06-20 08:47:16,157 Starting Training from 2015-02-17 to 2015-03-04
2015-06-20 08:52:04,216 Starting Live from 2015-03-05 to 2015-04-04
2015-06-20 09:14:08,355 Starting Training from 2015-03-20 to 2015-04-04
2015-06-20 09:16:21,038 Starting Live from 2015-04-05 to 2015-04-10
