2015-07-01 22:47:49,435 Starting mtm calculation
2015-07-01 22:47:49,435 Calculating mtm for 2014-12-01
2015-07-01 22:47:50,455 Calculating mtm for 2014-12-02
2015-07-01 22:47:52,437 Calculating mtm for 2014-12-03
2015-07-01 22:47:54,887 Calculating mtm for 2014-12-04
2015-07-01 22:48:00,216 Calculating mtm for 2014-12-05
2015-07-01 22:48:02,910 Calculating mtm for 2014-12-06
2015-07-01 22:48:02,911 Calculating mtm for 2014-12-07
2015-07-01 22:48:02,913 Calculating mtm for 2014-12-08
2015-07-01 22:48:03,498 Calculating mtm for 2014-12-09
2015-07-01 22:48:06,146 Calculating mtm for 2014-12-10
2015-07-01 22:48:07,533 Calculating mtm for 2014-12-11
2015-07-01 22:48:10,242 Calculating mtm for 2014-12-12
2015-07-01 22:48:12,503 Calculating mtm for 2014-12-13
2015-07-01 22:48:12,505 Calculating mtm for 2014-12-14
2015-07-01 22:48:12,508 Calculating mtm for 2014-12-15
2015-07-01 22:48:15,678 Calculating mtm for 2014-12-16
2015-07-01 22:48:18,467 Calculating mtm for 2014-12-17
2015-07-01 22:48:21,991 Calculating mtm for 2014-12-18
2015-07-01 22:48:25,283 Calculating mtm for 2014-12-19
2015-07-01 22:48:32,597 Calculating mtm for 2014-12-20
2015-07-01 22:48:32,601 Calculating mtm for 2014-12-21
2015-07-01 22:48:32,604 Calculating mtm for 2014-12-22
2015-07-01 22:48:34,020 Calculating mtm for 2014-12-23
2015-07-01 22:48:36,282 Calculating mtm for 2014-12-24
2015-07-01 22:48:40,394 Calculating mtm for 2014-12-25
2015-07-01 22:48:40,398 Calculating mtm for 2014-12-26
2015-07-01 22:48:41,344 Calculating mtm for 2014-12-27
2015-07-01 22:48:41,349 Calculating mtm for 2014-12-28
2015-07-01 22:48:41,352 Calculating mtm for 2014-12-29
2015-07-01 22:48:44,056 Calculating mtm for 2014-12-30
2015-07-01 22:48:45,474 Calculating mtm for 2014-12-31
2015-07-01 22:48:47,625 Calculating mtm for 2015-01-01
2015-07-01 22:48:49,136 Calculating mtm for 2015-01-02
2015-07-01 22:48:49,573 Calculating mtm for 2015-01-03
2015-07-01 22:48:49,576 Calculating mtm for 2015-01-04
2015-07-01 22:48:49,578 Calculating mtm for 2015-01-05
2015-07-01 22:48:50,272 Calculating mtm for 2015-01-06
2015-07-01 22:48:52,985 Calculating mtm for 2015-01-07
2015-07-01 22:48:54,278 Calculating mtm for 2015-01-08
2015-07-01 22:48:55,095 Calculating mtm for 2015-01-09
2015-07-01 22:48:57,251 Calculating mtm for 2015-01-10
2015-07-01 22:48:57,254 Calculating mtm for 2015-01-11
2015-07-01 22:48:57,256 Calculating mtm for 2015-01-12
2015-07-01 22:48:58,069 Calculating mtm for 2015-01-13
2015-07-01 22:48:59,377 Calculating mtm for 2015-01-14
2015-07-01 22:49:01,496 Calculating mtm for 2015-01-15
2015-07-01 22:49:01,938 Calculating mtm for 2015-01-16
2015-07-01 22:49:03,550 Calculating mtm for 2015-01-17
2015-07-01 22:49:03,556 Calculating mtm for 2015-01-18
2015-07-01 22:49:03,558 Calculating mtm for 2015-01-19
2015-07-01 22:49:05,584 Calculating mtm for 2015-01-20
2015-07-01 22:49:06,571 Calculating mtm for 2015-01-21
2015-07-01 22:49:09,407 Calculating mtm for 2015-01-22
2015-07-01 22:49:09,990 Calculating mtm for 2015-01-23
2015-07-01 22:49:11,259 Calculating mtm for 2015-01-24
2015-07-01 22:49:11,263 Calculating mtm for 2015-01-25
2015-07-01 22:49:11,267 Calculating mtm for 2015-01-26
2015-07-01 22:49:11,270 Calculating mtm for 2015-01-27
2015-07-01 22:49:13,102 Calculating mtm for 2015-01-28
2015-07-01 22:49:14,456 Calculating mtm for 2015-01-29
2015-07-01 22:49:16,442 Calculating mtm for 2015-01-30
2015-07-01 22:49:17,387 Calculating mtm for 2015-01-31
2015-07-01 22:49:17,389 Calculating mtm for 2015-02-01
2015-07-01 22:49:17,392 Calculating mtm for 2015-02-02
2015-07-01 22:49:18,365 Calculating mtm for 2015-02-03
2015-07-01 22:49:20,339 Calculating mtm for 2015-02-04
2015-07-01 22:49:21,277 Calculating mtm for 2015-02-05
2015-07-01 22:49:23,298 Calculating mtm for 2015-02-06
2015-07-01 22:49:24,768 Calculating mtm for 2015-02-07
2015-07-01 22:49:24,773 Calculating mtm for 2015-02-08
2015-07-01 22:49:24,783 Calculating mtm for 2015-02-09
2015-07-01 22:49:27,209 Calculating mtm for 2015-02-10
2015-07-01 22:49:28,291 Updating ranks for walkforward - 1
2015-07-01 22:49:48,874 Updating ranks for walkforward - 2
2015-07-01 22:50:09,656 Updating ranks for walkforward - 3
2015-07-01 22:50:30,279 Done Ranking. Calling processes now.
2015-07-01 22:50:30,281 Starting Q Learning for : 
2015-07-01 22:50:30,281 alpha = 0.5
2015-07-01 22:50:30,281 gamma = 0.1
2015-07-01 22:50:30,281 Starting Q Learning for : 
2015-07-01 22:50:30,281 individual factor = 10
2015-07-01 22:50:30,281 alpha = 0.5
2015-07-01 22:50:30,281 zero range = 0.002
2015-07-01 22:50:30,281 gamma = 0.7
2015-07-01 22:50:30,281 greedy level = 5
2015-07-01 22:50:30,281 individual factor = 10
2015-07-01 22:50:30,282 

2015-07-01 22:50:30,282 zero range = 0.002
2015-07-01 22:50:30,282 greedy level = 5
2015-07-01 22:50:30,281 Starting Q Learning for : 
2015-07-01 22:50:30,281 Starting Q Learning for : 
2015-07-01 22:50:30,282 

2015-07-01 22:50:30,282 alpha = 0.4
2015-07-01 22:50:30,282 alpha = 0.6
2015-07-01 22:50:30,282 gamma = 0.5
2015-07-01 22:50:30,282 gamma = 0.3
2015-07-01 22:50:30,282 individual factor = 10
2015-07-01 22:50:30,282 individual factor = 10
2015-07-01 22:50:30,282 zero range = 0.002
2015-07-01 22:50:30,282 zero range = 0.002
2015-07-01 22:50:30,283 greedy level = 5
2015-07-01 22:50:30,283 greedy level = 5
2015-07-01 22:50:30,283 

2015-07-01 22:50:30,283 

2015-07-01 22:50:30,290 Starting Q Learning for : 
2015-07-01 22:50:30,290 alpha = 0.2
2015-07-01 22:50:30,290 gamma = 0.1
2015-07-01 22:50:30,290 individual factor = 10
2015-07-01 22:50:30,290 zero range = 0.002
2015-07-01 22:50:30,290 greedy level = 5
2015-07-01 22:50:30,290 

2015-07-01 22:50:35,332 Starting Training from 2015-01-01 to 2015-01-31
2015-07-01 22:50:36,003 Starting Training from 2015-01-01 to 2015-01-31
2015-07-01 22:50:36,782 Starting Training from 2015-01-01 to 2015-01-31
2015-07-01 22:50:36,782 Starting Training from 2015-01-01 to 2015-01-31
2015-07-01 22:50:36,863 Starting Training from 2015-01-01 to 2015-01-31
2015-07-01 23:02:28,596 Starting Live from 2015-02-01 to 2015-03-03
2015-07-01 23:02:30,974 Starting Live from 2015-02-01 to 2015-03-03
2015-07-01 23:02:33,834 Starting Live from 2015-02-01 to 2015-03-03
2015-07-01 23:02:39,900 Starting Live from 2015-02-01 to 2015-03-03
2015-07-01 23:02:41,367 Starting Live from 2015-02-01 to 2015-03-03
2015-07-01 23:18:01,456 Starting Training from 2015-02-01 to 2015-03-03
2015-07-01 23:18:10,910 Starting Training from 2015-02-01 to 2015-03-03
2015-07-01 23:18:13,465 Starting Training from 2015-02-01 to 2015-03-03
2015-07-01 23:18:18,183 Starting Training from 2015-02-01 to 2015-03-03
2015-07-01 23:18:28,120 Starting Training from 2015-02-01 to 2015-03-03
2015-07-01 23:19:05,871 Starting Live from 2015-03-04 to 2015-04-03
2015-07-01 23:19:15,344 Starting Live from 2015-03-04 to 2015-04-03
2015-07-01 23:19:18,387 Starting Live from 2015-03-04 to 2015-04-03
2015-07-01 23:19:22,539 Starting Live from 2015-03-04 to 2015-04-03
2015-07-01 23:19:30,988 Starting Live from 2015-03-04 to 2015-04-03
2015-07-01 23:36:58,451 Starting Training from 2015-03-04 to 2015-04-03
2015-07-01 23:37:43,594 Starting Training from 2015-03-04 to 2015-04-03
2015-07-01 23:38:11,766 Starting Live from 2015-04-04 to 2015-04-10
2015-07-01 23:38:16,410 Starting Training from 2015-03-04 to 2015-04-03
2015-07-01 23:38:20,261 Starting Training from 2015-03-04 to 2015-04-03
2015-07-01 23:38:59,906 Starting Live from 2015-04-04 to 2015-04-10
2015-07-01 23:39:41,037 Starting Training from 2015-03-04 to 2015-04-03
2015-07-01 23:39:54,612 Starting Live from 2015-04-04 to 2015-04-10
2015-07-01 23:40:03,537 Starting Live from 2015-04-04 to 2015-04-10
2015-07-01 23:43:07,191 Starting Live from 2015-04-04 to 2015-04-10
2015-07-01 23:44:45,248 Starting Q Learning for : 
2015-07-01 23:44:45,248 alpha = 0.4
2015-07-01 23:44:45,248 gamma = 0.6
2015-07-01 23:44:45,248 individual factor = 10
2015-07-01 23:44:45,248 zero range = 0.002
2015-07-01 23:44:45,248 greedy level = 5
2015-07-01 23:44:45,249 

2015-07-01 23:44:47,019 Starting Training from 2015-01-01 to 2015-01-31
2015-07-01 23:45:34,781 Starting Q Learning for : 
2015-07-01 23:45:34,782 alpha = 0.5
2015-07-01 23:45:34,782 gamma = 0.8
2015-07-01 23:45:34,782 individual factor = 10
2015-07-01 23:45:34,782 zero range = 0.002
2015-07-01 23:45:34,782 greedy level = 5
2015-07-01 23:45:34,782 

2015-07-01 23:45:36,295 Starting Training from 2015-01-01 to 2015-01-31
2015-07-01 23:46:27,666 Starting Q Learning for : 
2015-07-01 23:46:27,666 alpha = 0.6
2015-07-01 23:46:27,666 gamma = 0.4
2015-07-01 23:46:27,666 individual factor = 10
2015-07-01 23:46:27,666 zero range = 0.002
2015-07-01 23:46:27,666 greedy level = 5
2015-07-01 23:46:27,666 

2015-07-01 23:46:29,214 Starting Training from 2015-01-01 to 2015-01-31
2015-07-01 23:46:29,553 Starting Q Learning for : 
2015-07-01 23:46:29,553 alpha = 0.5
2015-07-01 23:46:29,553 gamma = 0.2
2015-07-01 23:46:29,553 individual factor = 10
2015-07-01 23:46:29,553 zero range = 0.002
2015-07-01 23:46:29,553 greedy level = 5
2015-07-01 23:46:29,553 

2015-07-01 23:46:30,670 Starting Training from 2015-01-01 to 2015-01-31
2015-07-01 23:48:12,796 Starting Q Learning for : 
2015-07-01 23:48:12,796 alpha = 0.2
2015-07-01 23:48:12,797 gamma = 0.2
2015-07-01 23:48:12,797 individual factor = 10
2015-07-01 23:48:12,797 zero range = 0.002
2015-07-01 23:48:12,797 greedy level = 5
2015-07-01 23:48:12,797 

2015-07-01 23:48:14,195 Starting Training from 2015-01-01 to 2015-01-31
2015-07-01 23:55:51,032 Starting Live from 2015-02-01 to 2015-03-03
2015-07-01 23:56:40,617 Starting Live from 2015-02-01 to 2015-03-03
2015-07-01 23:57:38,166 Starting Live from 2015-02-01 to 2015-03-03
2015-07-01 23:57:42,952 Starting Live from 2015-02-01 to 2015-03-03
2015-07-02 00:01:00,803 Starting Live from 2015-02-01 to 2015-03-03
2015-07-02 00:12:04,605 Starting Training from 2015-02-01 to 2015-03-03
2015-07-02 00:12:44,492 Starting Training from 2015-02-01 to 2015-03-03
2015-07-02 00:13:05,971 Starting Live from 2015-03-04 to 2015-04-03
2015-07-02 00:13:31,558 Starting Training from 2015-02-01 to 2015-03-03
2015-07-02 00:13:37,355 Starting Training from 2015-02-01 to 2015-03-03
2015-07-02 00:13:49,409 Starting Live from 2015-03-04 to 2015-04-03
2015-07-02 00:15:00,469 Starting Live from 2015-03-04 to 2015-04-03
2015-07-02 00:15:14,453 Starting Live from 2015-03-04 to 2015-04-03
2015-07-02 00:16:37,543 Starting Training from 2015-02-01 to 2015-03-03
2015-07-02 00:18:36,911 Starting Live from 2015-03-04 to 2015-04-03
2015-07-02 00:34:49,648 Starting Training from 2015-03-04 to 2015-04-03
2015-07-02 00:36:04,801 Starting Training from 2015-03-04 to 2015-04-03
2015-07-02 00:36:10,235 Starting Live from 2015-04-04 to 2015-04-10
2015-07-02 00:36:10,517 Starting Training from 2015-03-04 to 2015-04-03
2015-07-02 00:36:37,509 Starting Training from 2015-03-04 to 2015-04-03
2015-07-02 00:37:30,444 Starting Live from 2015-04-04 to 2015-04-10
2015-07-02 00:37:37,532 Starting Live from 2015-04-04 to 2015-04-10
2015-07-02 00:37:57,561 Starting Live from 2015-04-04 to 2015-04-10
2015-07-02 00:38:08,059 Starting Training from 2015-03-04 to 2015-04-03
2015-07-02 00:39:21,477 Starting Live from 2015-04-04 to 2015-04-10
2015-07-02 00:41:09,815 Starting Q Learning for : 
2015-07-02 00:41:09,815 alpha = 0.4
2015-07-02 00:41:09,815 gamma = 0.1
2015-07-02 00:41:09,815 individual factor = 10
2015-07-02 00:41:09,815 zero range = 0.002
2015-07-02 00:41:09,815 greedy level = 5
2015-07-02 00:41:09,815 

2015-07-02 00:41:11,479 Starting Training from 2015-01-01 to 2015-01-31
2015-07-02 00:42:26,471 Starting Q Learning for : 
2015-07-02 00:42:26,471 alpha = 0.6
2015-07-02 00:42:26,471 gamma = 0.5
2015-07-02 00:42:26,471 individual factor = 10
2015-07-02 00:42:26,471 zero range = 0.002
2015-07-02 00:42:26,471 greedy level = 5
2015-07-02 00:42:26,471 

2015-07-02 00:42:27,772 Starting Training from 2015-01-01 to 2015-01-31
2015-07-02 00:42:35,207 Starting Q Learning for : 
2015-07-02 00:42:35,208 alpha = 0.4
2015-07-02 00:42:35,208 gamma = 0.7
2015-07-02 00:42:35,208 individual factor = 10
2015-07-02 00:42:35,208 zero range = 0.002
2015-07-02 00:42:35,208 greedy level = 5
2015-07-02 00:42:35,208 

2015-07-02 00:42:37,397 Starting Training from 2015-01-01 to 2015-01-31
2015-07-02 00:43:01,952 Starting Q Learning for : 
2015-07-02 00:43:01,952 alpha = 0.5
2015-07-02 00:43:01,952 gamma = 0.3
2015-07-02 00:43:01,953 individual factor = 10
2015-07-02 00:43:01,953 zero range = 0.002
2015-07-02 00:43:01,953 greedy level = 5
2015-07-02 00:43:01,953 

2015-07-02 00:43:04,940 Starting Training from 2015-01-01 to 2015-01-31
2015-07-02 00:44:20,979 Starting Q Learning for : 
2015-07-02 00:44:20,979 alpha = 0.2
2015-07-02 00:44:20,979 gamma = 0.3
2015-07-02 00:44:20,979 individual factor = 10
2015-07-02 00:44:20,979 zero range = 0.002
2015-07-02 00:44:20,979 greedy level = 5
2015-07-02 00:44:20,979 

2015-07-02 00:44:22,445 Starting Training from 2015-01-01 to 2015-01-31
2015-07-02 00:54:35,446 Starting Live from 2015-02-01 to 2015-03-03
2015-07-02 00:55:56,269 Starting Live from 2015-02-01 to 2015-03-03
2015-07-02 00:56:01,784 Starting Live from 2015-02-01 to 2015-03-03
2015-07-02 00:56:12,603 Starting Live from 2015-02-01 to 2015-03-03
2015-07-02 00:57:26,200 Starting Live from 2015-02-01 to 2015-03-03
2015-07-02 01:10:10,868 Starting Training from 2015-02-01 to 2015-03-03
2015-07-02 01:11:18,722 Starting Live from 2015-03-04 to 2015-04-03
2015-07-02 01:11:42,437 Starting Training from 2015-02-01 to 2015-03-03
2015-07-02 01:11:52,691 Starting Training from 2015-02-01 to 2015-03-03
2015-07-02 01:11:54,796 Starting Training from 2015-02-01 to 2015-03-03
2015-07-02 01:12:43,674 Starting Live from 2015-03-04 to 2015-04-03
2015-07-02 01:12:52,912 Starting Live from 2015-03-04 to 2015-04-03
2015-07-02 01:12:56,522 Starting Live from 2015-03-04 to 2015-04-03
2015-07-02 01:13:06,877 Starting Training from 2015-02-01 to 2015-03-03
2015-07-02 01:14:09,482 Starting Live from 2015-03-04 to 2015-04-03
2015-07-02 01:30:04,041 Starting Training from 2015-03-04 to 2015-04-03
2015-07-02 01:31:03,788 Starting Training from 2015-03-04 to 2015-04-03
2015-07-02 01:31:21,960 Starting Live from 2015-04-04 to 2015-04-10
2015-07-02 01:31:29,782 Starting Training from 2015-03-04 to 2015-04-03
2015-07-02 01:32:40,511 Starting Live from 2015-04-04 to 2015-04-10
2015-07-02 01:32:43,845 Starting Training from 2015-03-04 to 2015-04-03
2015-07-02 01:32:56,806 Starting Training from 2015-03-04 to 2015-04-03
2015-07-02 01:33:00,377 Starting Live from 2015-04-04 to 2015-04-10
2015-07-02 01:34:02,459 Starting Live from 2015-04-04 to 2015-04-10
2015-07-02 01:34:14,918 Starting Live from 2015-04-04 to 2015-04-10
2015-07-02 01:36:23,797 Starting Q Learning for : 
2015-07-02 01:36:23,797 alpha = 0.4
2015-07-02 01:36:23,797 gamma = 0.2
2015-07-02 01:36:23,797 individual factor = 10
2015-07-02 01:36:23,797 zero range = 0.002
2015-07-02 01:36:23,797 greedy level = 5
2015-07-02 01:36:23,797 

2015-07-02 01:36:25,739 Starting Training from 2015-01-01 to 2015-01-31
2015-07-02 01:37:37,505 Starting Q Learning for : 
2015-07-02 01:37:37,505 alpha = 0.4
2015-07-02 01:37:37,505 gamma = 0.8
2015-07-02 01:37:37,505 individual factor = 10
2015-07-02 01:37:37,505 zero range = 0.002
2015-07-02 01:37:37,505 greedy level = 5
2015-07-02 01:37:37,505 

2015-07-02 01:37:39,092 Starting Training from 2015-01-01 to 2015-01-31
2015-07-02 01:38:05,044 Starting Q Learning for : 
2015-07-02 01:38:05,044 alpha = 0.6
2015-07-02 01:38:05,044 gamma = 0.6
2015-07-02 01:38:05,045 individual factor = 10
2015-07-02 01:38:05,045 zero range = 0.002
2015-07-02 01:38:05,045 greedy level = 5
2015-07-02 01:38:05,045 

2015-07-02 01:38:07,681 Starting Training from 2015-01-01 to 2015-01-31
2015-07-02 01:39:14,436 Starting Q Learning for : 
2015-07-02 01:39:14,436 alpha = 0.2
2015-07-02 01:39:14,436 gamma = 0.4
2015-07-02 01:39:14,436 individual factor = 10
2015-07-02 01:39:14,436 zero range = 0.002
2015-07-02 01:39:14,436 greedy level = 5
2015-07-02 01:39:14,436 

2015-07-02 01:39:16,606 Starting Training from 2015-01-01 to 2015-01-31
2015-07-02 01:39:18,626 Starting Q Learning for : 
2015-07-02 01:39:18,626 alpha = 0.5
2015-07-02 01:39:18,626 gamma = 0.4
2015-07-02 01:39:18,626 individual factor = 10
2015-07-02 01:39:18,626 zero range = 0.002
2015-07-02 01:39:18,626 greedy level = 5
2015-07-02 01:39:18,626 

2015-07-02 01:39:20,266 Starting Training from 2015-01-01 to 2015-01-31
2015-07-02 01:49:14,349 Starting Live from 2015-02-01 to 2015-03-03
2015-07-02 01:50:37,756 Starting Live from 2015-02-01 to 2015-03-03
2015-07-02 01:51:08,463 Starting Live from 2015-02-01 to 2015-03-03
2015-07-02 01:51:57,673 Starting Live from 2015-02-01 to 2015-03-03
2015-07-02 01:52:05,267 Starting Live from 2015-02-01 to 2015-03-03
2015-07-02 02:04:31,959 Starting Training from 2015-02-01 to 2015-03-03
2015-07-02 02:05:33,594 Starting Live from 2015-03-04 to 2015-04-03
2015-07-02 02:06:01,541 Starting Training from 2015-02-01 to 2015-03-03
2015-07-02 02:06:30,720 Starting Training from 2015-02-01 to 2015-03-03
2015-07-02 02:07:00,599 Starting Live from 2015-03-04 to 2015-04-03
2015-07-02 02:07:17,636 Starting Training from 2015-02-01 to 2015-03-03
2015-07-02 02:07:30,356 Starting Training from 2015-02-01 to 2015-03-03
2015-07-02 02:07:31,545 Starting Live from 2015-03-04 to 2015-04-03
2015-07-02 02:08:19,021 Starting Live from 2015-03-04 to 2015-04-03
2015-07-02 02:08:30,903 Starting Live from 2015-03-04 to 2015-04-03
2015-07-02 02:23:03,764 Starting Training from 2015-03-04 to 2015-04-03
2015-07-02 02:24:17,005 Starting Live from 2015-04-04 to 2015-04-10
2015-07-02 02:24:31,795 Starting Training from 2015-03-04 to 2015-04-03
2015-07-02 02:25:45,779 Starting Live from 2015-04-04 to 2015-04-10
2015-07-02 02:25:59,657 Starting Training from 2015-03-04 to 2015-04-03
2015-07-02 02:26:52,571 Starting Training from 2015-03-04 to 2015-04-03
2015-07-02 02:27:15,658 Starting Live from 2015-04-04 to 2015-04-10
2015-07-02 02:28:08,605 Starting Live from 2015-04-04 to 2015-04-10
2015-07-02 02:28:59,720 Starting Q Learning for : 
2015-07-02 02:28:59,720 alpha = 0.4
2015-07-02 02:28:59,720 gamma = 0.3
2015-07-02 02:28:59,720 individual factor = 10
2015-07-02 02:28:59,720 zero range = 0.002
2015-07-02 02:28:59,721 greedy level = 5
2015-07-02 02:28:59,721 

2015-07-02 02:29:00,966 Starting Training from 2015-01-01 to 2015-01-31
2015-07-02 02:30:29,096 Starting Q Learning for : 
2015-07-02 02:30:29,096 alpha = 0.6
2015-07-02 02:30:29,096 gamma = 0.1
2015-07-02 02:30:29,097 individual factor = 10
2015-07-02 02:30:29,097 zero range = 0.002
2015-07-02 02:30:29,097 greedy level = 5
2015-07-02 02:30:29,097 

2015-07-02 02:30:30,806 Starting Training from 2015-01-01 to 2015-01-31
2015-07-02 02:31:14,559 Starting Training from 2015-03-04 to 2015-04-03
2015-07-02 02:32:07,774 Starting Q Learning for : 
2015-07-02 02:32:07,774 alpha = 0.6
2015-07-02 02:32:07,774 gamma = 0.7
2015-07-02 02:32:07,774 individual factor = 10
2015-07-02 02:32:07,774 zero range = 0.002
2015-07-02 02:32:07,774 greedy level = 5
2015-07-02 02:32:07,774 

2015-07-02 02:32:09,155 Starting Training from 2015-01-01 to 2015-01-31
2015-07-02 02:32:36,710 Starting Live from 2015-04-04 to 2015-04-10
2015-07-02 02:33:06,064 Starting Q Learning for : 
2015-07-02 02:33:06,064 alpha = 0.5
2015-07-02 02:33:06,064 gamma = 0.5
2015-07-02 02:33:06,064 individual factor = 10
2015-07-02 02:33:06,065 zero range = 0.002
2015-07-02 02:33:06,065 greedy level = 5
2015-07-02 02:33:06,065 

2015-07-02 02:33:07,696 Starting Training from 2015-01-01 to 2015-01-31
2015-07-02 02:39:38,815 Starting Q Learning for : 
2015-07-02 02:39:38,816 alpha = 0.2
2015-07-02 02:39:38,816 gamma = 0.5
2015-07-02 02:39:38,816 individual factor = 10
2015-07-02 02:39:38,816 zero range = 0.002
2015-07-02 02:39:38,816 greedy level = 5
2015-07-02 02:39:38,816 

2015-07-02 02:39:40,493 Starting Training from 2015-01-01 to 2015-01-31
2015-07-02 02:41:43,700 Starting Live from 2015-02-01 to 2015-03-03
2015-07-02 02:43:17,195 Starting Live from 2015-02-01 to 2015-03-03
2015-07-02 02:45:00,399 Starting Live from 2015-02-01 to 2015-03-03
2015-07-02 02:45:52,207 Starting Live from 2015-02-01 to 2015-03-03
2015-07-02 02:52:07,232 Starting Live from 2015-02-01 to 2015-03-03
2015-07-02 02:57:32,213 Starting Training from 2015-02-01 to 2015-03-03
2015-07-02 02:58:49,447 Starting Live from 2015-03-04 to 2015-04-03
2015-07-02 02:59:14,949 Starting Training from 2015-02-01 to 2015-03-03
2015-07-02 03:00:29,704 Starting Live from 2015-03-04 to 2015-04-03
2015-07-02 03:01:32,428 Starting Training from 2015-02-01 to 2015-03-03
2015-07-02 03:02:18,045 Starting Training from 2015-02-01 to 2015-03-03
2015-07-02 03:02:46,228 Starting Live from 2015-03-04 to 2015-04-03
2015-07-02 03:03:30,692 Starting Live from 2015-03-04 to 2015-04-03
2015-07-02 03:08:53,678 Starting Training from 2015-02-01 to 2015-03-03
2015-07-02 03:10:09,243 Starting Live from 2015-03-04 to 2015-04-03
2015-07-02 03:18:08,111 Starting Training from 2015-03-04 to 2015-04-03
2015-07-02 03:18:57,989 Starting Training from 2015-03-04 to 2015-04-03
2015-07-02 03:19:26,309 Starting Live from 2015-04-04 to 2015-04-10
2015-07-02 03:20:32,555 Starting Live from 2015-04-04 to 2015-04-10
2015-07-02 03:22:32,243 Starting Training from 2015-03-04 to 2015-04-03
2015-07-02 03:23:18,099 Starting Training from 2015-03-04 to 2015-04-03
2015-07-02 03:25:13,515 Starting Live from 2015-04-04 to 2015-04-10
2015-07-02 03:25:30,312 Starting Live from 2015-04-04 to 2015-04-10
2015-07-02 03:26:02,773 Starting Q Learning for : 
2015-07-02 03:26:02,773 alpha = 0.4
2015-07-02 03:26:02,773 gamma = 0.4
2015-07-02 03:26:02,773 individual factor = 10
2015-07-02 03:26:02,773 zero range = 0.002
2015-07-02 03:26:02,773 greedy level = 5
2015-07-02 03:26:02,773 

2015-07-02 03:26:03,951 Starting Training from 2015-01-01 to 2015-01-31
2015-07-02 03:27:09,954 Starting Q Learning for : 
2015-07-02 03:27:09,954 alpha = 0.6
2015-07-02 03:27:09,954 gamma = 0.2
2015-07-02 03:27:09,954 individual factor = 10
2015-07-02 03:27:09,954 zero range = 0.002
2015-07-02 03:27:09,954 greedy level = 5
2015-07-02 03:27:09,954 

2015-07-02 03:27:11,891 Starting Training from 2015-01-01 to 2015-01-31
2015-07-02 03:28:24,488 Starting Training from 2015-03-04 to 2015-04-03
2015-07-02 03:29:40,760 Starting Live from 2015-04-04 to 2015-04-10
2015-07-02 03:29:44,873 Starting Q Learning for : 
2015-07-02 03:29:44,874 alpha = 0.5
2015-07-02 03:29:44,874 gamma = 0.6
2015-07-02 03:29:44,874 individual factor = 10
2015-07-02 03:29:44,874 zero range = 0.002
2015-07-02 03:29:44,874 greedy level = 5
2015-07-02 03:29:44,874 

2015-07-02 03:29:46,175 Starting Training from 2015-01-01 to 2015-01-31
2015-07-02 03:30:03,070 Starting Q Learning for : 
2015-07-02 03:30:03,070 alpha = 0.6
2015-07-02 03:30:03,070 gamma = 0.8
2015-07-02 03:30:03,070 individual factor = 10
2015-07-02 03:30:03,070 zero range = 0.002
2015-07-02 03:30:03,070 greedy level = 5
2015-07-02 03:30:03,070 

2015-07-02 03:30:04,274 Starting Training from 2015-01-01 to 2015-01-31
2015-07-02 03:34:17,572 Starting Q Learning for : 
2015-07-02 03:34:17,572 alpha = 0.2
2015-07-02 03:34:17,572 gamma = 0.6
2015-07-02 03:34:17,572 individual factor = 10
2015-07-02 03:34:17,572 zero range = 0.002
2015-07-02 03:34:17,572 greedy level = 5
2015-07-02 03:34:17,572 

2015-07-02 03:34:18,601 Starting Training from 2015-01-01 to 2015-01-31
2015-07-02 03:36:26,290 Starting Live from 2015-02-01 to 2015-03-03
2015-07-02 03:37:43,535 Starting Live from 2015-02-01 to 2015-03-03
2015-07-02 03:41:54,865 Starting Live from 2015-02-01 to 2015-03-03
2015-07-02 03:42:32,008 Starting Live from 2015-02-01 to 2015-03-03
2015-07-02 03:46:49,281 Starting Live from 2015-02-01 to 2015-03-03
2015-07-02 03:51:55,888 Starting Training from 2015-02-01 to 2015-03-03
2015-07-02 03:52:54,573 Starting Training from 2015-02-01 to 2015-03-03
2015-07-02 03:52:56,782 Starting Live from 2015-03-04 to 2015-04-03
2015-07-02 03:53:55,819 Starting Live from 2015-03-04 to 2015-04-03
2015-07-02 03:55:22,772 Starting Training from 2015-02-01 to 2015-03-03
2015-07-02 03:56:13,417 Starting Training from 2015-02-01 to 2015-03-03
2015-07-02 03:57:52,787 Starting Live from 2015-03-04 to 2015-04-03
2015-07-02 03:58:59,259 Starting Live from 2015-03-04 to 2015-04-03
2015-07-02 04:01:39,277 Starting Training from 2015-02-01 to 2015-03-03
2015-07-02 04:02:41,379 Starting Live from 2015-03-04 to 2015-04-03
2015-07-02 04:10:46,301 Starting Training from 2015-03-04 to 2015-04-03
2015-07-02 04:11:55,850 Starting Live from 2015-04-04 to 2015-04-10
2015-07-02 04:14:26,067 Starting Training from 2015-03-04 to 2015-04-03
2015-07-02 04:14:32,786 Starting Training from 2015-03-04 to 2015-04-03
2015-07-02 04:15:30,271 Starting Training from 2015-03-04 to 2015-04-03
2015-07-02 04:17:11,447 Starting Live from 2015-04-04 to 2015-04-10
2015-07-02 04:17:13,560 Starting Live from 2015-04-04 to 2015-04-10
2015-07-02 04:17:36,061 Starting Live from 2015-04-04 to 2015-04-10
2015-07-02 04:18:26,096 Starting Q Learning for : 
2015-07-02 04:18:26,096 alpha = 0.2
2015-07-02 04:18:26,097 gamma = 0.7
2015-07-02 04:18:26,097 individual factor = 10
2015-07-02 04:18:26,097 zero range = 0.002
2015-07-02 04:18:26,097 greedy level = 5
2015-07-02 04:18:26,097 

2015-07-02 04:18:27,443 Starting Training from 2015-01-01 to 2015-01-31
2015-07-02 04:20:48,249 Starting Training from 2015-03-04 to 2015-04-03
2015-07-02 04:21:38,705 Starting Q Learning for : 
2015-07-02 04:21:38,705 alpha = 0.8
2015-07-02 04:21:38,705 gamma = 0.5
2015-07-02 04:21:38,706 individual factor = 10
2015-07-02 04:21:38,706 zero range = 0.002
2015-07-02 04:21:38,706 greedy level = 5
2015-07-02 04:21:38,706 

2015-07-02 04:21:39,908 Starting Training from 2015-01-01 to 2015-01-31
2015-07-02 04:22:01,575 Starting Live from 2015-04-04 to 2015-04-10
2015-07-02 04:22:01,675 Starting Q Learning for : 
2015-07-02 04:22:01,676 alpha = 0.5
2015-07-02 04:22:01,676 gamma = 0.3
2015-07-02 04:22:01,676 individual factor = 10
2015-07-02 04:22:01,676 zero range = 0.006
2015-07-02 04:22:01,676 greedy level = 5
2015-07-02 04:22:01,676 

2015-07-02 04:22:02,893 Starting Training from 2015-01-01 to 2015-01-31
2015-07-02 04:22:15,548 Starting Q Learning for : 
2015-07-02 04:22:15,549 alpha = 0.4
2015-07-02 04:22:15,549 gamma = 0.1
2015-07-02 04:22:15,549 individual factor = 10
2015-07-02 04:22:15,549 zero range = 0.006
2015-07-02 04:22:15,549 greedy level = 5
2015-07-02 04:22:15,549 

2015-07-02 04:22:16,953 Starting Training from 2015-01-01 to 2015-01-31
2015-07-02 04:26:39,179 Starting Q Learning for : 
2015-07-02 04:26:39,180 alpha = 0.4
2015-07-02 04:26:39,180 gamma = 0.7
2015-07-02 04:26:39,180 individual factor = 10
2015-07-02 04:26:39,180 zero range = 0.006
2015-07-02 04:26:39,180 greedy level = 5
2015-07-02 04:26:39,180 

2015-07-02 04:26:40,844 Starting Training from 2015-01-01 to 2015-01-31
2015-07-02 04:28:42,642 Starting Live from 2015-02-01 to 2015-03-03
2015-07-02 04:33:11,905 Starting Live from 2015-02-01 to 2015-03-03
2015-07-02 04:33:48,117 Starting Live from 2015-02-01 to 2015-03-03
2015-07-02 04:34:18,435 Starting Live from 2015-02-01 to 2015-03-03
2015-07-02 04:38:34,593 Starting Live from 2015-02-01 to 2015-03-03
2015-07-02 04:43:00,634 Starting Training from 2015-02-01 to 2015-03-03
2015-07-02 04:43:57,162 Starting Live from 2015-03-04 to 2015-04-03
2015-07-02 04:45:40,672 Starting Training from 2015-02-01 to 2015-03-03
2015-07-02 04:45:59,825 Starting Training from 2015-02-01 to 2015-03-03
2015-07-02 04:46:22,575 Starting Training from 2015-02-01 to 2015-03-03
2015-07-02 04:46:39,970 Starting Live from 2015-03-04 to 2015-04-03
2015-07-02 04:46:57,634 Starting Live from 2015-03-04 to 2015-04-03
2015-07-02 04:47:22,591 Starting Live from 2015-03-04 to 2015-04-03
2015-07-02 04:52:39,212 Starting Training from 2015-02-01 to 2015-03-03
2015-07-02 04:53:38,746 Starting Live from 2015-03-04 to 2015-04-03
2015-07-02 05:00:38,217 Starting Training from 2015-03-04 to 2015-04-03
2015-07-02 05:01:57,789 Starting Live from 2015-04-04 to 2015-04-10
2015-07-02 05:02:47,862 Starting Training from 2015-03-04 to 2015-04-03
2015-07-02 05:03:14,948 Starting Training from 2015-03-04 to 2015-04-03
2015-07-02 05:03:46,359 Starting Training from 2015-03-04 to 2015-04-03
2015-07-02 05:03:54,650 Starting Live from 2015-04-04 to 2015-04-10
2015-07-02 05:04:20,637 Starting Live from 2015-04-04 to 2015-04-10
2015-07-02 05:04:50,909 Starting Live from 2015-04-04 to 2015-04-10
2015-07-02 05:06:29,213 Starting Q Learning for : 
2015-07-02 05:06:29,213 alpha = 0.2
2015-07-02 05:06:29,214 gamma = 0.8
2015-07-02 05:06:29,214 individual factor = 10
2015-07-02 05:06:29,214 zero range = 0.002
2015-07-02 05:06:29,214 greedy level = 5
2015-07-02 05:06:29,214 

2015-07-02 05:06:31,445 Starting Training from 2015-01-01 to 2015-01-31
2015-07-02 05:09:09,633 Starting Training from 2015-03-04 to 2015-04-03
2015-07-02 05:10:12,772 Starting Q Learning for : 
2015-07-02 05:10:12,772 alpha = 0.8
2015-07-02 05:10:12,772 gamma = 0.6
2015-07-02 05:10:12,772 individual factor = 10
2015-07-02 05:10:12,772 zero range = 0.002
2015-07-02 05:10:12,772 greedy level = 5
2015-07-02 05:10:12,772 

2015-07-02 05:10:14,917 Starting Training from 2015-01-01 to 2015-01-31
2015-07-02 05:10:42,786 Starting Q Learning for : 
2015-07-02 05:10:42,786 alpha = 0.5
2015-07-02 05:10:42,786 gamma = 0.4
2015-07-02 05:10:42,786 individual factor = 10
2015-07-02 05:10:42,786 zero range = 0.006
2015-07-02 05:10:42,786 greedy level = 5
2015-07-02 05:10:42,786 

2015-07-02 05:10:45,201 Starting Training from 2015-01-01 to 2015-01-31
2015-07-02 05:11:11,236 Starting Live from 2015-04-04 to 2015-04-10
2015-07-02 05:11:21,022 Starting Q Learning for : 
2015-07-02 05:11:21,022 alpha = 0.4
2015-07-02 05:11:21,022 gamma = 0.2
2015-07-02 05:11:21,022 individual factor = 10
2015-07-02 05:11:21,022 zero range = 0.006
2015-07-02 05:11:21,022 greedy level = 5
2015-07-02 05:11:21,022 

2015-07-02 05:11:22,067 Starting Training from 2015-01-01 to 2015-01-31
2015-07-02 05:15:15,898 Starting Q Learning for : 
2015-07-02 05:15:15,898 alpha = 0.4
2015-07-02 05:15:15,898 gamma = 0.8
2015-07-02 05:15:15,898 individual factor = 10
2015-07-02 05:15:15,898 zero range = 0.006
2015-07-02 05:15:15,898 greedy level = 5
2015-07-02 05:15:15,898 

2015-07-02 05:15:17,217 Starting Training from 2015-01-01 to 2015-01-31
2015-07-02 05:18:08,759 Starting Live from 2015-02-01 to 2015-03-03
2015-07-02 05:19:53,417 Starting Live from 2015-02-01 to 2015-03-03
2015-07-02 05:20:19,274 Starting Live from 2015-02-01 to 2015-03-03
2015-07-02 05:20:42,121 Starting Live from 2015-02-01 to 2015-03-03
2015-07-02 05:25:23,581 Starting Live from 2015-02-01 to 2015-03-03
2015-07-02 05:31:21,990 Starting Training from 2015-02-01 to 2015-03-03
2015-07-02 05:32:19,659 Starting Live from 2015-03-04 to 2015-04-03
2015-07-02 05:33:08,962 Starting Training from 2015-02-01 to 2015-03-03
2015-07-02 05:33:20,193 Starting Training from 2015-02-01 to 2015-03-03
2015-07-02 05:33:45,477 Starting Training from 2015-02-01 to 2015-03-03
2015-07-02 05:34:06,629 Starting Live from 2015-03-04 to 2015-04-03
2015-07-02 05:34:18,442 Starting Live from 2015-03-04 to 2015-04-03
2015-07-02 05:34:42,959 Starting Live from 2015-03-04 to 2015-04-03
2015-07-02 05:37:39,258 Starting Training from 2015-02-01 to 2015-03-03
2015-07-02 05:38:34,431 Starting Live from 2015-03-04 to 2015-04-03
2015-07-02 05:48:37,411 Starting Training from 2015-03-04 to 2015-04-03
2015-07-02 05:49:42,514 Starting Live from 2015-04-04 to 2015-04-10
2015-07-02 05:49:53,059 Starting Training from 2015-03-04 to 2015-04-03
2015-07-02 05:50:01,256 Starting Training from 2015-03-04 to 2015-04-03
2015-07-02 05:50:55,852 Starting Live from 2015-04-04 to 2015-04-10
2015-07-02 05:51:04,166 Starting Live from 2015-04-04 to 2015-04-10
2015-07-02 05:52:28,409 Starting Training from 2015-03-04 to 2015-04-03
2015-07-02 05:53:36,955 Starting Q Learning for : 
2015-07-02 05:53:36,955 alpha = 0.8
2015-07-02 05:53:36,955 gamma = 0.1
2015-07-02 05:53:36,955 individual factor = 10
2015-07-02 05:53:36,955 zero range = 0.002
2015-07-02 05:53:36,955 greedy level = 5
2015-07-02 05:53:36,955 

2015-07-02 05:53:37,687 Starting Live from 2015-04-04 to 2015-04-10
2015-07-02 05:53:38,355 Starting Training from 2015-01-01 to 2015-01-31
2015-07-02 05:53:50,347 Starting Training from 2015-03-04 to 2015-04-03
2015-07-02 05:54:47,804 Starting Q Learning for : 
2015-07-02 05:54:47,804 alpha = 0.5
2015-07-02 05:54:47,804 gamma = 0.5
2015-07-02 05:54:47,804 individual factor = 10
2015-07-02 05:54:47,804 zero range = 0.006
2015-07-02 05:54:47,804 greedy level = 5
2015-07-02 05:54:47,804 

2015-07-02 05:54:49,164 Starting Training from 2015-01-01 to 2015-01-31
2015-07-02 05:54:50,619 Starting Q Learning for : 
2015-07-02 05:54:50,620 alpha = 0.4
2015-07-02 05:54:50,620 gamma = 0.3
2015-07-02 05:54:50,620 individual factor = 10
2015-07-02 05:54:50,620 zero range = 0.006
2015-07-02 05:54:50,620 greedy level = 5
2015-07-02 05:54:50,620 

2015-07-02 05:54:52,417 Starting Training from 2015-01-01 to 2015-01-31
2015-07-02 05:54:55,591 Starting Live from 2015-04-04 to 2015-04-10
2015-07-02 05:57:53,606 Starting Q Learning for : 
2015-07-02 05:57:53,606 alpha = 0.8
2015-07-02 05:57:53,606 gamma = 0.7
2015-07-02 05:57:53,606 individual factor = 10
2015-07-02 05:57:53,606 zero range = 0.002
2015-07-02 05:57:53,606 greedy level = 5
2015-07-02 05:57:53,606 

2015-07-02 05:57:55,077 Starting Training from 2015-01-01 to 2015-01-31
2015-07-02 05:59:16,984 Starting Q Learning for : 
2015-07-02 05:59:16,984 alpha = 0.6
2015-07-02 05:59:16,984 gamma = 0.1
2015-07-02 05:59:16,984 individual factor = 10
2015-07-02 05:59:16,984 zero range = 0.006
2015-07-02 05:59:16,984 greedy level = 5
2015-07-02 05:59:16,984 

2015-07-02 05:59:20,411 Starting Training from 2015-01-01 to 2015-01-31
2015-07-02 06:04:48,767 Starting Live from 2015-02-01 to 2015-03-03
2015-07-02 06:06:06,545 Starting Live from 2015-02-01 to 2015-03-03
2015-07-02 06:06:07,792 Starting Live from 2015-02-01 to 2015-03-03
2015-07-02 06:09:09,920 Starting Live from 2015-02-01 to 2015-03-03
2015-07-02 06:09:46,929 Starting Live from 2015-02-01 to 2015-03-03
2015-07-02 06:15:34,034 Starting Training from 2015-02-01 to 2015-03-03
2015-07-02 06:16:29,555 Starting Live from 2015-03-04 to 2015-04-03
2015-07-02 06:16:57,659 Starting Training from 2015-02-01 to 2015-03-03
2015-07-02 06:17:12,599 Starting Training from 2015-02-01 to 2015-03-03
2015-07-02 06:19:34,680 Starting Live from 2015-03-04 to 2015-04-03
2015-07-02 06:19:49,914 Starting Live from 2015-03-04 to 2015-04-03
2015-07-02 06:22:41,794 Starting Training from 2015-02-01 to 2015-03-03
2015-07-02 06:23:11,492 Starting Training from 2015-02-01 to 2015-03-03
2015-07-02 06:23:37,877 Starting Live from 2015-03-04 to 2015-04-03
2015-07-02 06:24:08,731 Starting Live from 2015-03-04 to 2015-04-03
2015-07-02 06:33:10,271 Starting Training from 2015-03-04 to 2015-04-03
2015-07-02 06:33:35,887 Starting Training from 2015-03-04 to 2015-04-03
2015-07-02 06:34:14,326 Starting Live from 2015-04-04 to 2015-04-10
2015-07-02 06:34:43,496 Starting Training from 2015-03-04 to 2015-04-03
2015-07-02 06:34:49,662 Starting Live from 2015-04-04 to 2015-04-10
2015-07-02 06:37:05,934 Starting Live from 2015-04-04 to 2015-04-10
2015-07-02 06:39:44,264 Starting Training from 2015-03-04 to 2015-04-03
2015-07-02 06:40:35,607 Starting Q Learning for : 
2015-07-02 06:40:35,607 alpha = 0.8
2015-07-02 06:40:35,607 gamma = 0.2
2015-07-02 06:40:35,607 individual factor = 10
2015-07-02 06:40:35,607 zero range = 0.002
2015-07-02 06:40:35,608 greedy level = 5
2015-07-02 06:40:35,608 

2015-07-02 06:40:37,776 Starting Training from 2015-01-01 to 2015-01-31
2015-07-02 06:40:43,424 Starting Training from 2015-03-04 to 2015-04-03
2015-07-02 06:40:50,868 Starting Live from 2015-04-04 to 2015-04-10
2015-07-02 06:40:57,739 Starting Q Learning for : 
2015-07-02 06:40:57,739 alpha = 0.4
2015-07-02 06:40:57,739 gamma = 0.4
2015-07-02 06:40:57,739 individual factor = 10
2015-07-02 06:40:57,739 zero range = 0.006
2015-07-02 06:40:57,740 greedy level = 5
2015-07-02 06:40:57,740 

2015-07-02 06:40:59,364 Starting Training from 2015-01-01 to 2015-01-31
2015-07-02 06:41:47,455 Starting Live from 2015-04-04 to 2015-04-10
2015-07-02 06:42:19,912 Starting Q Learning for : 
2015-07-02 06:42:19,912 alpha = 0.5
2015-07-02 06:42:19,912 gamma = 0.6
2015-07-02 06:42:19,913 individual factor = 10
2015-07-02 06:42:19,913 zero range = 0.006
2015-07-02 06:42:19,913 greedy level = 5
2015-07-02 06:42:19,913 

2015-07-02 06:42:21,294 Starting Training from 2015-01-01 to 2015-01-31
2015-07-02 06:44:43,479 Starting Q Learning for : 
2015-07-02 06:44:43,480 alpha = 0.8
2015-07-02 06:44:43,480 gamma = 0.8
2015-07-02 06:44:43,480 individual factor = 10
2015-07-02 06:44:43,480 zero range = 0.002
2015-07-02 06:44:43,480 greedy level = 5
2015-07-02 06:44:43,480 

2015-07-02 06:44:44,639 Starting Training from 2015-01-01 to 2015-01-31
2015-07-02 06:45:41,382 Starting Q Learning for : 
2015-07-02 06:45:41,383 alpha = 0.6
2015-07-02 06:45:41,383 gamma = 0.2
2015-07-02 06:45:41,383 individual factor = 10
2015-07-02 06:45:41,383 zero range = 0.006
2015-07-02 06:45:41,383 greedy level = 5
2015-07-02 06:45:41,383 

2015-07-02 06:45:42,681 Starting Training from 2015-01-01 to 2015-01-31
2015-07-02 06:49:18,293 Starting Live from 2015-02-01 to 2015-03-03
2015-07-02 06:49:41,268 Starting Live from 2015-02-01 to 2015-03-03
2015-07-02 06:51:02,272 Starting Live from 2015-02-01 to 2015-03-03
2015-07-02 06:53:27,517 Starting Live from 2015-02-01 to 2015-03-03
2015-07-02 06:54:45,188 Starting Live from 2015-02-01 to 2015-03-03
2015-07-02 07:02:18,750 Starting Training from 2015-02-01 to 2015-03-03
2015-07-02 07:02:48,390 Starting Training from 2015-02-01 to 2015-03-03
2015-07-02 07:03:25,517 Starting Live from 2015-03-04 to 2015-04-03
2015-07-02 07:03:54,482 Starting Live from 2015-03-04 to 2015-04-03
2015-07-02 07:04:30,434 Starting Training from 2015-02-01 to 2015-03-03
2015-07-02 07:05:29,395 Starting Live from 2015-03-04 to 2015-04-03
2015-07-02 07:06:56,812 Starting Training from 2015-02-01 to 2015-03-03
2015-07-02 07:07:43,995 Starting Training from 2015-02-01 to 2015-03-03
2015-07-02 07:07:49,492 Starting Live from 2015-03-04 to 2015-04-03
2015-07-02 07:08:37,041 Starting Live from 2015-03-04 to 2015-04-03
2015-07-02 07:19:03,525 Starting Training from 2015-03-04 to 2015-04-03
2015-07-02 07:19:26,793 Starting Training from 2015-03-04 to 2015-04-03
2015-07-02 07:20:02,456 Starting Training from 2015-03-04 to 2015-04-03
2015-07-02 07:20:06,659 Starting Live from 2015-04-04 to 2015-04-10
2015-07-02 07:20:28,632 Starting Live from 2015-04-04 to 2015-04-10
2015-07-02 07:21:04,927 Starting Live from 2015-04-04 to 2015-04-10
2015-07-02 07:22:47,425 Starting Training from 2015-03-04 to 2015-04-03
2015-07-02 07:23:43,415 Starting Q Learning for : 
2015-07-02 07:23:43,415 alpha = 0.8
2015-07-02 07:23:43,415 gamma = 0.3
2015-07-02 07:23:43,415 individual factor = 10
2015-07-02 07:23:43,415 zero range = 0.002
2015-07-02 07:23:43,415 greedy level = 5
2015-07-02 07:23:43,415 

2015-07-02 07:23:43,544 Starting Training from 2015-03-04 to 2015-04-03
2015-07-02 07:23:44,601 Starting Training from 2015-01-01 to 2015-01-31
2015-07-02 07:23:50,772 Starting Live from 2015-04-04 to 2015-04-10
2015-07-02 07:24:10,328 Starting Q Learning for : 
2015-07-02 07:24:10,328 alpha = 0.4
2015-07-02 07:24:10,328 gamma = 0.5
2015-07-02 07:24:10,328 individual factor = 10
2015-07-02 07:24:10,328 zero range = 0.006
2015-07-02 07:24:10,328 greedy level = 5
2015-07-02 07:24:10,328 

2015-07-02 07:24:11,544 Starting Training from 2015-01-01 to 2015-01-31
2015-07-02 07:24:35,874 Starting Q Learning for : 
2015-07-02 07:24:35,874 alpha = 0.5
2015-07-02 07:24:35,874 gamma = 0.7
2015-07-02 07:24:35,874 individual factor = 10
2015-07-02 07:24:35,874 zero range = 0.006
2015-07-02 07:24:35,874 greedy level = 5
2015-07-02 07:24:35,874 

2015-07-02 07:24:36,990 Starting Training from 2015-01-01 to 2015-01-31
2015-07-02 07:24:47,765 Starting Live from 2015-04-04 to 2015-04-10
2015-07-02 07:27:25,783 Starting Q Learning for : 
2015-07-02 07:27:25,783 alpha = 0.5
2015-07-02 07:27:25,783 gamma = 0.1
2015-07-02 07:27:25,783 individual factor = 10
2015-07-02 07:27:25,783 zero range = 0.006
2015-07-02 07:27:25,783 greedy level = 5
2015-07-02 07:27:25,783 

2015-07-02 07:27:26,931 Starting Training from 2015-01-01 to 2015-01-31
2015-07-02 07:28:23,877 Starting Q Learning for : 
2015-07-02 07:28:23,877 alpha = 0.6
2015-07-02 07:28:23,878 gamma = 0.3
2015-07-02 07:28:23,878 individual factor = 10
2015-07-02 07:28:23,878 zero range = 0.006
2015-07-02 07:28:23,878 greedy level = 5
2015-07-02 07:28:23,878 

2015-07-02 07:28:25,264 Starting Training from 2015-01-01 to 2015-01-31
2015-07-02 07:32:52,146 Starting Live from 2015-02-01 to 2015-03-03
2015-07-02 07:33:50,956 Starting Live from 2015-02-01 to 2015-03-03
2015-07-02 07:34:50,759 Starting Live from 2015-02-01 to 2015-03-03
2015-07-02 07:38:19,986 Starting Live from 2015-02-01 to 2015-03-03
2015-07-02 07:39:14,355 Starting Live from 2015-02-01 to 2015-03-03
2015-07-02 07:44:45,504 Starting Training from 2015-02-01 to 2015-03-03
2015-07-02 07:45:10,667 Starting Training from 2015-02-01 to 2015-03-03
2015-07-02 07:45:35,582 Starting Training from 2015-02-01 to 2015-03-03
2015-07-02 07:45:35,775 Starting Live from 2015-03-04 to 2015-04-03
2015-07-02 07:46:00,423 Starting Live from 2015-03-04 to 2015-04-03
2015-07-02 07:46:24,144 Starting Live from 2015-03-04 to 2015-04-03
2015-07-02 07:47:59,071 Starting Training from 2015-02-01 to 2015-03-03
2015-07-02 07:48:50,044 Starting Live from 2015-03-04 to 2015-04-03
2015-07-02 07:48:50,798 Starting Training from 2015-02-01 to 2015-03-03
2015-07-02 07:49:40,083 Starting Live from 2015-03-04 to 2015-04-03
2015-07-02 08:00:06,832 Starting Training from 2015-03-04 to 2015-04-03
2015-07-02 08:00:57,561 Starting Training from 2015-03-04 to 2015-04-03
2015-07-02 08:01:01,201 Starting Live from 2015-04-04 to 2015-04-10
2015-07-02 08:01:51,839 Starting Live from 2015-04-04 to 2015-04-10
2015-07-02 08:02:09,748 Starting Training from 2015-03-04 to 2015-04-03
2015-07-02 08:03:06,620 Starting Live from 2015-04-04 to 2015-04-10
2015-07-02 08:03:13,334 Starting Training from 2015-03-04 to 2015-04-03
2015-07-02 08:03:47,205 Starting Training from 2015-03-04 to 2015-04-03
2015-07-02 08:04:09,960 Starting Live from 2015-04-04 to 2015-04-10
2015-07-02 08:04:10,993 Starting Q Learning for : 
2015-07-02 08:04:10,993 alpha = 0.8
2015-07-02 08:04:10,993 gamma = 0.4
2015-07-02 08:04:10,993 individual factor = 10
2015-07-02 08:04:10,993 zero range = 0.002
2015-07-02 08:04:10,993 greedy level = 5
2015-07-02 08:04:10,993 

2015-07-02 08:04:12,163 Starting Training from 2015-01-01 to 2015-01-31
2015-07-02 08:04:44,684 Starting Live from 2015-04-04 to 2015-04-10
2015-07-02 08:05:10,461 Starting Q Learning for : 
2015-07-02 08:05:10,461 alpha = 0.5
2015-07-02 08:05:10,462 gamma = 0.8
2015-07-02 08:05:10,462 individual factor = 10
2015-07-02 08:05:10,462 zero range = 0.006
2015-07-02 08:05:10,462 greedy level = 5
2015-07-02 08:05:10,462 

2015-07-02 08:05:12,072 Starting Training from 2015-01-01 to 2015-01-31
2015-07-02 08:06:33,751 Starting Q Learning for : 
2015-07-02 08:06:33,751 alpha = 0.4
2015-07-02 08:06:33,751 gamma = 0.6
2015-07-02 08:06:33,751 individual factor = 10
2015-07-02 08:06:33,751 zero range = 0.006
2015-07-02 08:06:33,751 greedy level = 5
2015-07-02 08:06:33,751 

2015-07-02 08:06:34,812 Starting Training from 2015-01-01 to 2015-01-31
2015-07-02 08:07:12,748 Starting Q Learning for : 
2015-07-02 08:07:12,748 alpha = 0.6
2015-07-02 08:07:12,748 gamma = 0.4
2015-07-02 08:07:12,748 individual factor = 10
2015-07-02 08:07:12,748 zero range = 0.006
2015-07-02 08:07:12,748 greedy level = 5
2015-07-02 08:07:12,748 

2015-07-02 08:07:14,121 Starting Training from 2015-01-01 to 2015-01-31
2015-07-02 08:08:04,881 Starting Q Learning for : 
2015-07-02 08:08:04,881 alpha = 0.5
2015-07-02 08:08:04,881 gamma = 0.2
2015-07-02 08:08:04,881 individual factor = 10
2015-07-02 08:08:04,881 zero range = 0.006
2015-07-02 08:08:04,881 greedy level = 5
2015-07-02 08:08:04,881 

2015-07-02 08:08:06,930 Starting Training from 2015-01-01 to 2015-01-31
2015-07-02 08:12:04,006 Starting Live from 2015-02-01 to 2015-03-03
2015-07-02 08:14:55,005 Starting Live from 2015-02-01 to 2015-03-03
2015-07-02 08:16:47,558 Starting Live from 2015-02-01 to 2015-03-03
2015-07-02 08:17:23,414 Starting Live from 2015-02-01 to 2015-03-03
2015-07-02 08:18:13,404 Starting Live from 2015-02-01 to 2015-03-03
2015-07-02 08:22:56,801 Starting Training from 2015-02-01 to 2015-03-03
2015-07-02 08:23:43,721 Starting Live from 2015-03-04 to 2015-04-03
2015-07-02 08:24:02,575 Starting Training from 2015-02-01 to 2015-03-03
2015-07-02 08:24:48,476 Starting Live from 2015-03-04 to 2015-04-03
2015-07-02 08:25:09,279 Starting Training from 2015-02-01 to 2015-03-03
2015-07-02 08:25:56,098 Starting Live from 2015-03-04 to 2015-04-03
2015-07-02 08:25:56,275 Starting Training from 2015-02-01 to 2015-03-03
2015-07-02 08:26:44,265 Starting Training from 2015-02-01 to 2015-03-03
2015-07-02 08:26:47,710 Starting Live from 2015-03-04 to 2015-04-03
2015-07-02 08:27:38,228 Starting Live from 2015-03-04 to 2015-04-03
2015-07-02 08:37:01,610 Starting Training from 2015-03-04 to 2015-04-03
2015-07-02 08:38:06,238 Starting Live from 2015-04-04 to 2015-04-10
2015-07-02 08:38:17,138 Starting Training from 2015-03-04 to 2015-04-03
2015-07-02 08:39:16,709 Starting Training from 2015-03-04 to 2015-04-03
2015-07-02 08:39:18,394 Starting Live from 2015-04-04 to 2015-04-10
2015-07-02 08:40:22,625 Starting Live from 2015-04-04 to 2015-04-10
2015-07-02 08:41:17,339 Starting Q Learning for : 
2015-07-02 08:41:17,339 alpha = 0.6
2015-07-02 08:41:17,339 gamma = 0.5
2015-07-02 08:41:17,339 individual factor = 10
2015-07-02 08:41:17,339 zero range = 0.006
2015-07-02 08:41:17,339 greedy level = 5
2015-07-02 08:41:17,339 

2015-07-02 08:41:18,403 Starting Training from 2015-01-01 to 2015-01-31
2015-07-02 08:41:45,388 Starting Training from 2015-03-04 to 2015-04-03
2015-07-02 08:41:50,792 Starting Training from 2015-03-04 to 2015-04-03
2015-07-02 08:42:23,273 Starting Q Learning for : 
2015-07-02 08:42:23,274 alpha = 0.2
2015-07-02 08:42:23,274 gamma = 0.3
2015-07-02 08:42:23,274 individual factor = 10
2015-07-02 08:42:23,274 zero range = 0.006
2015-07-02 08:42:23,274 greedy level = 5
2015-07-02 08:42:23,274 

2015-07-02 08:42:24,231 Starting Training from 2015-01-01 to 2015-01-31
2015-07-02 08:42:41,073 Starting Live from 2015-04-04 to 2015-04-10
2015-07-02 08:42:46,150 Starting Live from 2015-04-04 to 2015-04-10
2015-07-02 08:43:23,166 Starting Q Learning for : 
2015-07-02 08:43:23,166 alpha = 0.8
2015-07-02 08:43:23,166 gamma = 0.1
2015-07-02 08:43:23,166 individual factor = 10
2015-07-02 08:43:23,166 zero range = 0.006
2015-07-02 08:43:23,166 greedy level = 5
2015-07-02 08:43:23,166 

2015-07-02 08:43:24,768 Starting Training from 2015-01-01 to 2015-01-31
2015-07-02 08:45:46,635 Starting Q Learning for : 
2015-07-02 08:45:46,635 alpha = 0.8
2015-07-02 08:45:46,635 gamma = 0.7
2015-07-02 08:45:46,635 individual factor = 10
2015-07-02 08:45:46,635 zero range = 0.006
2015-07-02 08:45:46,635 greedy level = 5
2015-07-02 08:45:46,635 

2015-07-02 08:45:48,440 Starting Training from 2015-01-01 to 2015-01-31
2015-07-02 08:45:51,540 Starting Q Learning for : 
2015-07-02 08:45:51,540 alpha = 0.5
2015-07-02 08:45:51,540 gamma = 0.5
2015-07-02 08:45:51,540 individual factor = 10
2015-07-02 08:45:51,540 zero range = 0.01
2015-07-02 08:45:51,540 greedy level = 5
2015-07-02 08:45:51,540 

2015-07-02 08:45:52,929 Starting Training from 2015-01-01 to 2015-01-31
2015-07-02 08:48:05,000 Starting Live from 2015-02-01 to 2015-03-03
2015-07-02 08:49:04,548 Starting Live from 2015-02-01 to 2015-03-03
2015-07-02 08:50:03,767 Starting Live from 2015-02-01 to 2015-03-03
2015-07-02 08:53:49,038 Starting Live from 2015-02-01 to 2015-03-03
2015-07-02 08:53:50,622 Starting Live from 2015-02-01 to 2015-03-03
2015-07-02 08:59:43,341 Starting Training from 2015-02-01 to 2015-03-03
2015-07-02 09:00:28,321 Starting Live from 2015-03-04 to 2015-04-03
2015-07-02 09:00:30,632 Starting Training from 2015-02-01 to 2015-03-03
2015-07-02 09:01:18,650 Starting Live from 2015-03-04 to 2015-04-03
2015-07-02 09:01:41,401 Starting Training from 2015-02-01 to 2015-03-03
2015-07-02 09:02:25,758 Starting Live from 2015-03-04 to 2015-04-03
2015-07-02 09:03:55,626 Starting Training from 2015-02-01 to 2015-03-03
2015-07-02 09:04:02,794 Starting Training from 2015-02-01 to 2015-03-03
2015-07-02 09:04:42,265 Starting Live from 2015-03-04 to 2015-04-03
2015-07-02 09:04:48,741 Starting Live from 2015-03-04 to 2015-04-03
2015-07-02 09:10:16,901 Starting Training from 2015-03-04 to 2015-04-03
2015-07-02 09:10:30,665 Starting Training from 2015-03-04 to 2015-04-03
2015-07-02 09:11:24,155 Starting Live from 2015-04-04 to 2015-04-10
2015-07-02 09:11:24,530 Starting Live from 2015-04-04 to 2015-04-10
2015-07-02 09:12:58,827 Starting Training from 2015-03-04 to 2015-04-03
2015-07-02 09:15:29,803 Starting Training from 2015-03-04 to 2015-04-03
2015-07-02 09:16:07,102 Starting Live from 2015-04-04 to 2015-04-10
2015-07-02 09:16:34,450 Starting Q Learning for : 
2015-07-02 09:16:34,450 alpha = 0.2
2015-07-02 09:16:34,450 gamma = 0.4
2015-07-02 09:16:34,450 individual factor = 10
2015-07-02 09:16:34,451 zero range = 0.006
2015-07-02 09:16:34,451 greedy level = 5
2015-07-02 09:16:34,451 

2015-07-02 09:16:37,281 Starting Training from 2015-01-01 to 2015-01-31
2015-07-02 09:17:19,710 Starting Q Learning for : 
2015-07-02 09:17:19,710 alpha = 0.6
2015-07-02 09:17:19,710 gamma = 0.6
2015-07-02 09:17:19,710 individual factor = 10
2015-07-02 09:17:19,710 zero range = 0.006
2015-07-02 09:17:19,710 greedy level = 5
2015-07-02 09:17:19,710 

2015-07-02 09:17:23,642 Starting Training from 2015-01-01 to 2015-01-31
2015-07-02 09:18:06,232 Starting Training from 2015-03-04 to 2015-04-03
2015-07-02 09:18:07,693 Starting Live from 2015-04-04 to 2015-04-10
2015-07-02 09:19:01,820 Starting Live from 2015-04-04 to 2015-04-10
2015-07-02 09:20:06,223 Starting Q Learning for : 
2015-07-02 09:20:06,223 alpha = 0.8
2015-07-02 09:20:06,223 gamma = 0.2
2015-07-02 09:20:06,223 individual factor = 10
2015-07-02 09:20:06,223 zero range = 0.006
2015-07-02 09:20:06,223 greedy level = 5
2015-07-02 09:20:06,223 

2015-07-02 09:20:07,875 Starting Training from 2015-01-01 to 2015-01-31
2015-07-02 09:20:59,811 Starting Q Learning for : 
2015-07-02 09:20:59,811 alpha = 0.8
2015-07-02 09:20:59,811 gamma = 0.8
2015-07-02 09:20:59,811 individual factor = 10
2015-07-02 09:20:59,811 zero range = 0.006
2015-07-02 09:20:59,811 greedy level = 5
2015-07-02 09:20:59,811 

2015-07-02 09:21:00,870 Starting Training from 2015-01-01 to 2015-01-31
2015-07-02 09:22:01,554 Starting Q Learning for : 
2015-07-02 09:22:01,554 alpha = 0.5
2015-07-02 09:22:01,554 gamma = 0.6
2015-07-02 09:22:01,554 individual factor = 10
2015-07-02 09:22:01,554 zero range = 0.01
2015-07-02 09:22:01,554 greedy level = 5
2015-07-02 09:22:01,554 

2015-07-02 09:22:03,318 Starting Training from 2015-01-01 to 2015-01-31
2015-07-02 09:23:50,660 Starting Live from 2015-02-01 to 2015-03-03
2015-07-02 09:24:06,557 Starting Live from 2015-02-01 to 2015-03-03
2015-07-02 09:26:41,753 Starting Live from 2015-02-01 to 2015-03-03
2015-07-02 09:27:38,199 Starting Live from 2015-02-01 to 2015-03-03
2015-07-02 09:28:34,738 Starting Live from 2015-02-01 to 2015-03-03
2015-07-02 09:31:47,847 Starting Training from 2015-02-01 to 2015-03-03
2015-07-02 09:31:50,838 Starting Training from 2015-02-01 to 2015-03-03
2015-07-02 09:32:30,885 Starting Live from 2015-03-04 to 2015-04-03
2015-07-02 09:32:34,757 Starting Live from 2015-03-04 to 2015-04-03
2015-07-02 09:37:05,566 Starting Training from 2015-02-01 to 2015-03-03
2015-07-02 09:39:03,560 Starting Training from 2015-02-01 to 2015-03-03
2015-07-02 09:39:03,569 Starting Live from 2015-03-04 to 2015-04-03
2015-07-02 09:39:50,215 Starting Live from 2015-03-04 to 2015-04-03
2015-07-02 09:40:05,445 Starting Training from 2015-02-01 to 2015-03-03
2015-07-02 09:40:53,574 Starting Live from 2015-03-04 to 2015-04-03
2015-07-02 09:45:12,167 Starting Training from 2015-03-04 to 2015-04-03
2015-07-02 09:45:52,491 Starting Training from 2015-03-04 to 2015-04-03
2015-07-02 09:46:19,348 Starting Live from 2015-04-04 to 2015-04-10
2015-07-02 09:46:44,015 Starting Live from 2015-04-04 to 2015-04-10
2015-07-02 09:48:59,870 Starting Q Learning for : 
2015-07-02 09:48:59,870 alpha = 0.6
2015-07-02 09:48:59,870 gamma = 0.7
2015-07-02 09:48:59,870 individual factor = 10
2015-07-02 09:48:59,871 zero range = 0.006
2015-07-02 09:48:59,871 greedy level = 5
2015-07-02 09:48:59,871 

2015-07-02 09:49:00,994 Starting Training from 2015-01-01 to 2015-01-31
2015-07-02 09:49:11,401 Starting Training from 2015-03-04 to 2015-04-03
2015-07-02 09:49:24,630 Starting Training from 2015-03-04 to 2015-04-03
2015-07-02 09:49:28,122 Starting Q Learning for : 
2015-07-02 09:49:28,122 alpha = 0.2
2015-07-02 09:49:28,122 gamma = 0.5
2015-07-02 09:49:28,122 individual factor = 10
2015-07-02 09:49:28,122 zero range = 0.006
2015-07-02 09:49:28,123 greedy level = 5
2015-07-02 09:49:28,123 

2015-07-02 09:49:29,318 Starting Training from 2015-01-01 to 2015-01-31
2015-07-02 09:50:12,566 Starting Live from 2015-04-04 to 2015-04-10
2015-07-02 09:50:18,767 Starting Live from 2015-04-04 to 2015-04-10
2015-07-02 09:50:32,871 Starting Training from 2015-03-04 to 2015-04-03
2015-07-02 09:51:24,748 Starting Live from 2015-04-04 to 2015-04-10
2015-07-02 09:53:00,555 Starting Q Learning for : 
2015-07-02 09:53:00,555 alpha = 0.5
2015-07-02 09:53:00,555 gamma = 0.1
2015-07-02 09:53:00,555 individual factor = 10
2015-07-02 09:53:00,556 zero range = 0.01
2015-07-02 09:53:00,556 greedy level = 5
2015-07-02 09:53:00,556 

2015-07-02 09:53:01,994 Starting Training from 2015-01-01 to 2015-01-31
2015-07-02 09:53:12,259 Starting Q Learning for : 
2015-07-02 09:53:12,259 alpha = 0.8
2015-07-02 09:53:12,259 gamma = 0.3
2015-07-02 09:53:12,259 individual factor = 10
2015-07-02 09:53:12,259 zero range = 0.006
2015-07-02 09:53:12,259 greedy level = 5
2015-07-02 09:53:12,259 

2015-07-02 09:53:13,393 Starting Training from 2015-01-01 to 2015-01-31
2015-07-02 09:54:18,190 Starting Q Learning for : 
2015-07-02 09:54:18,190 alpha = 0.5
2015-07-02 09:54:18,190 gamma = 0.7
2015-07-02 09:54:18,190 individual factor = 10
2015-07-02 09:54:18,190 zero range = 0.01
2015-07-02 09:54:18,190 greedy level = 5
2015-07-02 09:54:18,190 

2015-07-02 09:54:19,284 Starting Training from 2015-01-01 to 2015-01-31
2015-07-02 09:56:55,385 Starting Live from 2015-02-01 to 2015-03-03
2015-07-02 09:58:15,905 Starting Live from 2015-02-01 to 2015-03-03
2015-07-02 10:03:08,969 Starting Live from 2015-02-01 to 2015-03-03
2015-07-02 10:03:19,425 Starting Live from 2015-02-01 to 2015-03-03
2015-07-02 10:04:27,536 Starting Live from 2015-02-01 to 2015-03-03
2015-07-02 10:07:22,493 Starting Training from 2015-02-01 to 2015-03-03
2015-07-02 10:07:35,595 Starting Training from 2015-02-01 to 2015-03-03
2015-07-02 10:08:07,938 Starting Live from 2015-03-04 to 2015-04-03
2015-07-02 10:08:20,532 Starting Live from 2015-03-04 to 2015-04-03
2015-07-02 10:11:05,954 Starting Training from 2015-02-01 to 2015-03-03
2015-07-02 10:11:14,074 Starting Training from 2015-02-01 to 2015-03-03
2015-07-02 10:11:50,957 Starting Live from 2015-03-04 to 2015-04-03
2015-07-02 10:11:59,593 Starting Live from 2015-03-04 to 2015-04-03
2015-07-02 10:12:31,382 Starting Training from 2015-02-01 to 2015-03-03
2015-07-02 10:13:14,972 Starting Live from 2015-03-04 to 2015-04-03
2015-07-02 10:20:10,019 Starting Training from 2015-03-04 to 2015-04-03
2015-07-02 10:21:53,323 Starting Training from 2015-03-04 to 2015-04-03
2015-07-02 10:22:09,067 Starting Live from 2015-04-04 to 2015-04-10
2015-07-02 10:22:46,973 Starting Live from 2015-04-04 to 2015-04-10
2015-07-02 10:24:51,513 Starting Training from 2015-03-04 to 2015-04-03
2015-07-02 10:24:56,458 Starting Q Learning for : 
2015-07-02 10:24:56,458 alpha = 0.2
2015-07-02 10:24:56,458 gamma = 0.6
2015-07-02 10:24:56,458 individual factor = 10
2015-07-02 10:24:56,458 zero range = 0.006
2015-07-02 10:24:56,458 greedy level = 5
2015-07-02 10:24:56,458 

2015-07-02 10:24:57,872 Starting Training from 2015-01-01 to 2015-01-31
2015-07-02 10:25:09,040 Starting Training from 2015-03-04 to 2015-04-03
2015-07-02 10:25:45,198 Starting Live from 2015-04-04 to 2015-04-10
2015-07-02 10:25:45,793 Starting Q Learning for : 
2015-07-02 10:25:45,793 alpha = 0.6
2015-07-02 10:25:45,793 gamma = 0.8
2015-07-02 10:25:45,793 individual factor = 10
2015-07-02 10:25:45,793 zero range = 0.006
2015-07-02 10:25:45,793 greedy level = 5
2015-07-02 10:25:45,793 

2015-07-02 10:25:46,715 Starting Training from 2015-01-01 to 2015-01-31
2015-07-02 10:26:01,596 Starting Live from 2015-04-04 to 2015-04-10
2015-07-02 10:26:26,752 Starting Training from 2015-03-04 to 2015-04-03
2015-07-02 10:27:18,400 Starting Live from 2015-04-04 to 2015-04-10
2015-07-02 10:28:27,686 Starting Q Learning for : 
2015-07-02 10:28:27,686 alpha = 0.8
2015-07-02 10:28:27,686 gamma = 0.4
2015-07-02 10:28:27,686 individual factor = 10
2015-07-02 10:28:27,686 zero range = 0.006
2015-07-02 10:28:27,686 greedy level = 5
2015-07-02 10:28:27,686 

2015-07-02 10:28:28,796 Starting Training from 2015-01-01 to 2015-01-31
2015-07-02 10:28:46,217 Starting Q Learning for : 
2015-07-02 10:28:46,218 alpha = 0.5
2015-07-02 10:28:46,218 gamma = 0.2
2015-07-02 10:28:46,218 individual factor = 10
2015-07-02 10:28:46,218 zero range = 0.01
2015-07-02 10:28:46,218 greedy level = 5
2015-07-02 10:28:46,218 

2015-07-02 10:28:47,661 Starting Training from 2015-01-01 to 2015-01-31
2015-07-02 10:30:01,215 Starting Q Learning for : 
2015-07-02 10:30:01,215 alpha = 0.5
2015-07-02 10:30:01,215 gamma = 0.8
2015-07-02 10:30:01,215 individual factor = 10
2015-07-02 10:30:01,215 zero range = 0.01
2015-07-02 10:30:01,215 greedy level = 5
2015-07-02 10:30:01,215 

2015-07-02 10:30:02,754 Starting Training from 2015-01-01 to 2015-01-31
2015-07-02 10:31:22,101 Starting Live from 2015-02-01 to 2015-03-03
2015-07-02 10:32:14,617 Starting Live from 2015-02-01 to 2015-03-03
2015-07-02 10:34:58,929 Starting Live from 2015-02-01 to 2015-03-03
2015-07-02 10:35:13,717 Starting Live from 2015-02-01 to 2015-03-03
2015-07-02 10:36:34,817 Starting Live from 2015-02-01 to 2015-03-03
2015-07-02 10:43:08,501 Starting Training from 2015-02-01 to 2015-03-03
2015-07-02 10:43:56,372 Starting Live from 2015-03-04 to 2015-04-03
2015-07-02 10:44:01,198 Starting Training from 2015-02-01 to 2015-03-03
2015-07-02 10:44:49,111 Starting Live from 2015-03-04 to 2015-04-03
2015-07-02 10:46:42,889 Starting Training from 2015-02-01 to 2015-03-03
2015-07-02 10:46:55,692 Starting Training from 2015-02-01 to 2015-03-03
2015-07-02 10:47:27,718 Starting Live from 2015-03-04 to 2015-04-03
2015-07-02 10:47:40,946 Starting Live from 2015-03-04 to 2015-04-03
2015-07-02 10:48:23,045 Starting Training from 2015-02-01 to 2015-03-03
2015-07-02 10:49:08,742 Starting Live from 2015-03-04 to 2015-04-03
2015-07-02 10:53:47,735 Starting Training from 2015-03-04 to 2015-04-03
2015-07-02 10:54:10,596 Starting Training from 2015-03-04 to 2015-04-03
2015-07-02 10:54:40,771 Starting Live from 2015-04-04 to 2015-04-10
2015-07-02 10:55:05,862 Starting Live from 2015-04-04 to 2015-04-10
2015-07-02 10:56:53,422 Starting Training from 2015-03-04 to 2015-04-03
2015-07-02 10:57:32,080 Starting Q Learning for : 
2015-07-02 10:57:32,080 alpha = 0.2
2015-07-02 10:57:32,080 gamma = 0.7
2015-07-02 10:57:32,080 individual factor = 10
2015-07-02 10:57:32,080 zero range = 0.006
2015-07-02 10:57:32,080 greedy level = 5
2015-07-02 10:57:32,080 

2015-07-02 10:57:33,934 Starting Training from 2015-01-01 to 2015-01-31
2015-07-02 10:57:47,163 Starting Training from 2015-03-04 to 2015-04-03
2015-07-02 10:57:48,166 Starting Live from 2015-04-04 to 2015-04-10
2015-07-02 10:57:51,187 Starting Q Learning for : 
2015-07-02 10:57:51,187 alpha = 0.2
2015-07-02 10:57:51,187 gamma = 0.1
2015-07-02 10:57:51,187 individual factor = 10
2015-07-02 10:57:51,187 zero range = 0.006
2015-07-02 10:57:51,187 greedy level = 5
2015-07-02 10:57:51,187 

2015-07-02 10:57:52,213 Starting Training from 2015-01-01 to 2015-01-31
2015-07-02 10:58:39,715 Starting Live from 2015-04-04 to 2015-04-10
2015-07-02 10:58:47,744 Starting Training from 2015-03-04 to 2015-04-03
2015-07-02 11:01:16,605 Starting Live from 2015-04-04 to 2015-04-10
2015-07-02 11:03:32,149 Starting Q Learning for : 
2015-07-02 11:03:32,149 alpha = 0.5
2015-07-02 11:03:32,149 gamma = 0.3
2015-07-02 11:03:32,150 individual factor = 10
2015-07-02 11:03:32,150 zero range = 0.01
2015-07-02 11:03:32,150 greedy level = 5
2015-07-02 11:03:32,150 

2015-07-02 11:03:34,609 Starting Training from 2015-01-01 to 2015-01-31
2015-07-02 11:05:21,039 Starting Q Learning for : 
2015-07-02 11:05:21,039 alpha = 0.8
2015-07-02 11:05:21,039 gamma = 0.5
2015-07-02 11:05:21,039 individual factor = 10
2015-07-02 11:05:21,039 zero range = 0.006
2015-07-02 11:05:21,039 greedy level = 5
2015-07-02 11:05:21,039 

2015-07-02 11:05:22,292 Starting Training from 2015-01-01 to 2015-01-31
2015-07-02 11:06:26,746 Starting Q Learning for : 
2015-07-02 11:06:26,746 alpha = 0.4
2015-07-02 11:06:26,746 gamma = 0.1
2015-07-02 11:06:26,746 individual factor = 10
2015-07-02 11:06:26,746 zero range = 0.01
2015-07-02 11:06:26,746 greedy level = 5
2015-07-02 11:06:26,747 

2015-07-02 11:06:28,106 Starting Training from 2015-01-01 to 2015-01-31
2015-07-02 11:07:51,813 Starting Live from 2015-02-01 to 2015-03-03
2015-07-02 11:08:04,899 Starting Live from 2015-02-01 to 2015-03-03
2015-07-02 11:10:50,060 Starting Live from 2015-02-01 to 2015-03-03
2015-07-02 11:11:52,520 Starting Live from 2015-02-01 to 2015-03-03
2015-07-02 11:12:54,901 Starting Live from 2015-02-01 to 2015-03-03
2015-07-02 11:15:52,306 Starting Training from 2015-02-01 to 2015-03-03
2015-07-02 11:16:06,587 Starting Training from 2015-02-01 to 2015-03-03
2015-07-02 11:16:37,179 Starting Live from 2015-03-04 to 2015-04-03
2015-07-02 11:16:52,302 Starting Live from 2015-03-04 to 2015-04-03
2015-07-02 11:18:46,887 Starting Training from 2015-02-01 to 2015-03-03
2015-07-02 11:19:36,998 Starting Live from 2015-03-04 to 2015-04-03
2015-07-02 11:20:00,791 Starting Training from 2015-02-01 to 2015-03-03
2015-07-02 11:22:08,094 Starting Live from 2015-03-04 to 2015-04-03
2015-07-02 11:22:22,936 Starting Training from 2015-02-01 to 2015-03-03
2015-07-02 11:24:59,387 Starting Live from 2015-03-04 to 2015-04-03
2015-07-02 11:30:00,767 Starting Training from 2015-03-04 to 2015-04-03
2015-07-02 11:30:21,271 Starting Training from 2015-03-04 to 2015-04-03
2015-07-02 11:30:55,680 Starting Live from 2015-04-04 to 2015-04-10
2015-07-02 11:31:15,452 Starting Live from 2015-04-04 to 2015-04-10
2015-07-02 11:32:23,359 Starting Training from 2015-03-04 to 2015-04-03
2015-07-02 11:33:19,036 Starting Live from 2015-04-04 to 2015-04-10
2015-07-02 11:33:52,972 Starting Q Learning for : 
2015-07-02 11:33:52,973 alpha = 0.2
2015-07-02 11:33:52,973 gamma = 0.2
2015-07-02 11:33:52,973 individual factor = 10
2015-07-02 11:33:52,973 zero range = 0.006
2015-07-02 11:33:52,973 greedy level = 5
2015-07-02 11:33:52,973 

2015-07-02 11:33:54,318 Starting Training from 2015-01-01 to 2015-01-31
2015-07-02 11:34:02,521 Starting Training from 2015-03-04 to 2015-04-03
2015-07-02 11:34:15,692 Starting Q Learning for : 
2015-07-02 11:34:15,692 alpha = 0.2
2015-07-02 11:34:15,692 gamma = 0.8
2015-07-02 11:34:15,692 individual factor = 10
2015-07-02 11:34:15,692 zero range = 0.006
2015-07-02 11:34:15,692 greedy level = 5
2015-07-02 11:34:15,692 

2015-07-02 11:34:16,793 Starting Training from 2015-01-01 to 2015-01-31
2015-07-02 11:34:55,503 Starting Live from 2015-04-04 to 2015-04-10
2015-07-02 11:34:59,867 Starting Training from 2015-03-04 to 2015-04-03
2015-07-02 11:35:53,286 Starting Live from 2015-04-04 to 2015-04-10
2015-07-02 11:36:06,443 Starting Q Learning for : 
2015-07-02 11:36:06,443 alpha = 0.5
2015-07-02 11:36:06,443 gamma = 0.4
2015-07-02 11:36:06,443 individual factor = 10
2015-07-02 11:36:06,443 zero range = 0.01
2015-07-02 11:36:06,443 greedy level = 5
2015-07-02 11:36:06,443 

2015-07-02 11:36:07,677 Starting Training from 2015-01-01 to 2015-01-31
2015-07-02 11:37:47,372 Starting Q Learning for : 
2015-07-02 11:37:47,372 alpha = 0.8
2015-07-02 11:37:47,372 gamma = 0.6
2015-07-02 11:37:47,372 individual factor = 10
2015-07-02 11:37:47,372 zero range = 0.006
2015-07-02 11:37:47,372 greedy level = 5
2015-07-02 11:37:47,372 

2015-07-02 11:37:48,436 Starting Training from 2015-01-01 to 2015-01-31
2015-07-02 11:38:45,738 Starting Q Learning for : 
2015-07-02 11:38:45,739 alpha = 0.4
2015-07-02 11:38:45,739 gamma = 0.2
2015-07-02 11:38:45,739 individual factor = 10
2015-07-02 11:38:45,739 zero range = 0.01
2015-07-02 11:38:45,739 greedy level = 5
2015-07-02 11:38:45,739 

2015-07-02 11:38:47,005 Starting Training from 2015-01-01 to 2015-01-31
2015-07-02 11:40:26,411 Starting Live from 2015-02-01 to 2015-03-03
2015-07-02 11:40:53,077 Starting Live from 2015-02-01 to 2015-03-03
2015-07-02 11:45:54,334 Starting Live from 2015-02-01 to 2015-03-03
2015-07-02 11:47:59,460 Starting Live from 2015-02-01 to 2015-03-03
2015-07-02 11:48:51,438 Starting Live from 2015-02-01 to 2015-03-03
2015-07-02 11:52:09,458 Starting Training from 2015-02-01 to 2015-03-03
2015-07-02 11:52:41,560 Starting Training from 2015-02-01 to 2015-03-03
2015-07-02 11:52:54,438 Starting Live from 2015-03-04 to 2015-04-03
2015-07-02 11:53:26,155 Starting Live from 2015-03-04 to 2015-04-03
2015-07-02 11:54:15,421 Starting Training from 2015-02-01 to 2015-03-03
2015-07-02 11:54:59,773 Starting Live from 2015-03-04 to 2015-04-03
2015-07-02 11:56:03,310 Starting Training from 2015-02-01 to 2015-03-03
2015-07-02 11:56:47,613 Starting Live from 2015-03-04 to 2015-04-03
2015-07-02 11:56:49,272 Starting Training from 2015-02-01 to 2015-03-03
2015-07-02 11:57:33,363 Starting Live from 2015-03-04 to 2015-04-03
2015-07-02 12:04:07,348 Starting Training from 2015-03-04 to 2015-04-03
2015-07-02 12:04:39,911 Starting Training from 2015-03-04 to 2015-04-03
2015-07-02 12:07:20,617 Starting Live from 2015-04-04 to 2015-04-10
2015-07-02 12:07:50,122 Starting Live from 2015-04-04 to 2015-04-10
2015-07-02 12:09:23,685 Starting Training from 2015-03-04 to 2015-04-03
2015-07-02 12:10:21,741 Starting Live from 2015-04-04 to 2015-04-10
2015-07-02 12:10:47,984 Starting Q Learning for : 
2015-07-02 12:10:48,037 alpha = 0.4
2015-07-02 12:10:48,037 gamma = 0.3
2015-07-02 12:10:48,037 individual factor = 10
2015-07-02 12:10:48,037 zero range = 0.01
2015-07-02 12:10:48,037 greedy level = 5
2015-07-02 12:10:48,037 

2015-07-02 12:10:49,161 Starting Training from 2015-01-01 to 2015-01-31
2015-07-02 12:10:54,171 Starting Q Learning for : 
2015-07-02 12:10:54,171 alpha = 0.6
2015-07-02 12:10:54,171 gamma = 0.1
2015-07-02 12:10:54,171 individual factor = 10
2015-07-02 12:10:54,171 zero range = 0.01
2015-07-02 12:10:54,171 greedy level = 5
2015-07-02 12:10:54,171 

2015-07-02 12:10:55,120 Starting Training from 2015-01-01 to 2015-01-31
2015-07-02 12:11:57,888 Starting Training from 2015-03-04 to 2015-04-03
2015-07-02 12:11:59,473 Starting Training from 2015-03-04 to 2015-04-03
2015-07-02 12:12:50,444 Starting Live from 2015-04-04 to 2015-04-10
2015-07-02 12:12:52,846 Starting Live from 2015-04-04 to 2015-04-10
2015-07-02 12:13:13,416 Starting Q Learning for : 
2015-07-02 12:13:13,416 alpha = 0.6
2015-07-02 12:13:13,416 gamma = 0.7
2015-07-02 12:13:13,416 individual factor = 10
2015-07-02 12:13:13,417 zero range = 0.01
2015-07-02 12:13:13,417 greedy level = 5
2015-07-02 12:13:13,417 

2015-07-02 12:13:14,823 Starting Training from 2015-01-01 to 2015-01-31
2015-07-02 12:15:36,387 Starting Q Learning for : 
2015-07-02 12:15:36,387 alpha = 0.2
2015-07-02 12:15:36,387 gamma = 0.5
2015-07-02 12:15:36,387 individual factor = 10
2015-07-02 12:15:36,388 zero range = 0.01
2015-07-02 12:15:36,388 greedy level = 5
2015-07-02 12:15:36,388 

2015-07-02 12:15:37,547 Starting Training from 2015-01-01 to 2015-01-31
2015-07-02 12:15:59,074 Starting Q Learning for : 
2015-07-02 12:15:59,074 alpha = 0.8
2015-07-02 12:15:59,074 gamma = 0.3
2015-07-02 12:15:59,074 individual factor = 10
2015-07-02 12:15:59,074 zero range = 0.01
2015-07-02 12:15:59,074 greedy level = 5
2015-07-02 12:15:59,074 

2015-07-02 12:16:00,172 Starting Training from 2015-01-01 to 2015-01-31
2015-07-02 12:17:13,264 Starting Live from 2015-02-01 to 2015-03-03
2015-07-02 12:17:16,921 Starting Live from 2015-02-01 to 2015-03-03
2015-07-02 12:19:43,924 Starting Live from 2015-02-01 to 2015-03-03
2015-07-02 12:22:07,523 Starting Live from 2015-02-01 to 2015-03-03
2015-07-02 12:22:23,946 Starting Live from 2015-02-01 to 2015-03-03
2015-07-02 12:27:37,455 Starting Training from 2015-02-01 to 2015-03-03
2015-07-02 12:27:54,588 Starting Training from 2015-02-01 to 2015-03-03
2015-07-02 12:29:45,019 Starting Live from 2015-03-04 to 2015-04-03
2015-07-02 12:29:48,992 Starting Live from 2015-03-04 to 2015-04-03
2015-07-02 12:31:24,705 Starting Training from 2015-02-01 to 2015-03-03
2015-07-02 12:32:12,506 Starting Live from 2015-03-04 to 2015-04-03
2015-07-02 12:33:53,369 Starting Training from 2015-02-01 to 2015-03-03
2015-07-02 12:34:17,064 Starting Training from 2015-02-01 to 2015-03-03
2015-07-02 12:34:43,252 Starting Live from 2015-03-04 to 2015-04-03
2015-07-02 12:35:03,288 Starting Live from 2015-03-04 to 2015-04-03
2015-07-02 12:40:09,423 Starting Training from 2015-03-04 to 2015-04-03
2015-07-02 12:40:55,109 Starting Training from 2015-03-04 to 2015-04-03
2015-07-02 12:41:20,961 Starting Live from 2015-04-04 to 2015-04-10
2015-07-02 12:41:48,828 Starting Live from 2015-04-04 to 2015-04-10
2015-07-02 12:42:28,067 Starting Training from 2015-03-04 to 2015-04-03
2015-07-02 12:43:22,422 Starting Live from 2015-04-04 to 2015-04-10
2015-07-02 12:44:20,146 Starting Q Learning for : 
2015-07-02 12:44:20,146 alpha = 0.4
2015-07-02 12:44:20,146 gamma = 0.4
2015-07-02 12:44:20,146 individual factor = 10
2015-07-02 12:44:20,146 zero range = 0.01
2015-07-02 12:44:20,146 greedy level = 5
2015-07-02 12:44:20,146 

2015-07-02 12:44:21,180 Starting Training from 2015-01-01 to 2015-01-31
2015-07-02 12:44:45,854 Starting Training from 2015-03-04 to 2015-04-03
2015-07-02 12:44:48,475 Starting Q Learning for : 
2015-07-02 12:44:48,475 alpha = 0.6
2015-07-02 12:44:48,475 gamma = 0.2
2015-07-02 12:44:48,475 individual factor = 10
2015-07-02 12:44:48,476 zero range = 0.01
2015-07-02 12:44:48,476 greedy level = 5
2015-07-02 12:44:48,476 

2015-07-02 12:44:49,459 Starting Training from 2015-01-01 to 2015-01-31
2015-07-02 12:46:22,048 Starting Training from 2015-03-04 to 2015-04-03
2015-07-02 12:47:05,103 Starting Live from 2015-04-04 to 2015-04-10
2015-07-02 12:47:51,142 Starting Q Learning for : 
2015-07-02 12:47:51,143 alpha = 0.6
2015-07-02 12:47:51,143 gamma = 0.8
2015-07-02 12:47:51,143 individual factor = 10
2015-07-02 12:47:51,143 zero range = 0.01
2015-07-02 12:47:51,143 greedy level = 5
2015-07-02 12:47:51,143 

2015-07-02 12:47:53,508 Starting Training from 2015-01-01 to 2015-01-31
2015-07-02 12:49:30,644 Starting Live from 2015-04-04 to 2015-04-10
2015-07-02 12:52:32,830 Starting Q Learning for : 
2015-07-02 12:52:32,830 alpha = 0.2
2015-07-02 12:52:32,830 gamma = 0.6
2015-07-02 12:52:32,830 individual factor = 10
2015-07-02 12:52:32,830 zero range = 0.01
2015-07-02 12:52:32,830 greedy level = 5
2015-07-02 12:52:32,830 

2015-07-02 12:52:34,238 Starting Training from 2015-01-01 to 2015-01-31
2015-07-02 12:53:26,874 Starting Q Learning for : 
2015-07-02 12:53:26,874 alpha = 0.8
2015-07-02 12:53:26,874 gamma = 0.4
2015-07-02 12:53:26,874 individual factor = 10
2015-07-02 12:53:26,874 zero range = 0.01
2015-07-02 12:53:26,874 greedy level = 5
2015-07-02 12:53:26,874 

2015-07-02 12:53:28,176 Starting Training from 2015-01-01 to 2015-01-31
2015-07-02 12:54:39,299 Starting Live from 2015-02-01 to 2015-03-03
2015-07-02 12:55:05,122 Starting Live from 2015-02-01 to 2015-03-03
2015-07-02 12:56:37,695 Starting Live from 2015-02-01 to 2015-03-03
2015-07-02 12:59:23,340 Starting Live from 2015-02-01 to 2015-03-03
2015-07-02 13:00:12,810 Starting Live from 2015-02-01 to 2015-03-03
2015-07-02 13:02:55,905 Starting Training from 2015-02-01 to 2015-03-03
2015-07-02 13:03:18,145 Starting Training from 2015-02-01 to 2015-03-03
2015-07-02 13:03:47,654 Starting Live from 2015-03-04 to 2015-04-03
2015-07-02 13:04:28,015 Starting Live from 2015-03-04 to 2015-04-03
2015-07-02 13:07:51,107 Starting Training from 2015-02-01 to 2015-03-03
2015-07-02 13:09:56,580 Starting Live from 2015-03-04 to 2015-04-03
2015-07-02 13:11:36,949 Starting Training from 2015-02-01 to 2015-03-03
2015-07-02 13:12:23,633 Starting Live from 2015-03-04 to 2015-04-03
2015-07-02 13:12:38,654 Starting Training from 2015-02-01 to 2015-03-03
2015-07-02 13:13:31,131 Starting Live from 2015-03-04 to 2015-04-03
2015-07-02 13:19:27,947 Starting Training from 2015-03-04 to 2015-04-03
2015-07-02 13:19:40,252 Starting Training from 2015-03-04 to 2015-04-03
2015-07-02 13:20:20,777 Starting Live from 2015-04-04 to 2015-04-10
2015-07-02 13:20:33,421 Starting Live from 2015-04-04 to 2015-04-10
2015-07-02 13:21:00,214 Starting Training from 2015-03-04 to 2015-04-03
2015-07-02 13:21:59,956 Starting Live from 2015-04-04 to 2015-04-10
2015-07-02 13:23:10,071 Starting Q Learning for : 
2015-07-02 13:23:10,071 alpha = 0.4
2015-07-02 13:23:10,071 gamma = 0.5
2015-07-02 13:23:10,071 individual factor = 10
2015-07-02 13:23:10,071 zero range = 0.01
2015-07-02 13:23:10,071 greedy level = 5
2015-07-02 13:23:10,071 

2015-07-02 13:23:11,091 Starting Training from 2015-01-01 to 2015-01-31
2015-07-02 13:23:20,514 Starting Q Learning for : 
2015-07-02 13:23:20,514 alpha = 0.6
2015-07-02 13:23:20,514 gamma = 0.3
2015-07-02 13:23:20,514 individual factor = 10
2015-07-02 13:23:20,515 zero range = 0.01
2015-07-02 13:23:20,515 greedy level = 5
2015-07-02 13:23:20,515 

2015-07-02 13:23:21,473 Starting Training from 2015-01-01 to 2015-01-31
2015-07-02 13:24:11,661 Starting Training from 2015-03-04 to 2015-04-03
2015-07-02 13:25:05,599 Starting Q Learning for : 
2015-07-02 13:25:05,599 alpha = 0.2
2015-07-02 13:25:05,599 gamma = 0.1
2015-07-02 13:25:05,599 individual factor = 10
2015-07-02 13:25:05,599 zero range = 0.01
2015-07-02 13:25:05,599 greedy level = 5
2015-07-02 13:25:05,599 

2015-07-02 13:25:07,986 Starting Training from 2015-01-01 to 2015-01-31
2015-07-02 13:26:29,975 Starting Live from 2015-04-04 to 2015-04-10
2015-07-02 13:29:15,606 Starting Training from 2015-03-04 to 2015-04-03
2015-07-02 13:30:10,740 Starting Live from 2015-04-04 to 2015-04-10
2015-07-02 13:31:16,577 Starting Q Learning for : 
2015-07-02 13:31:16,577 alpha = 0.2
2015-07-02 13:31:16,577 gamma = 0.7
2015-07-02 13:31:16,577 individual factor = 10
2015-07-02 13:31:16,577 zero range = 0.01
2015-07-02 13:31:16,577 greedy level = 5
2015-07-02 13:31:16,577 

2015-07-02 13:31:18,265 Starting Training from 2015-01-01 to 2015-01-31
2015-07-02 13:33:04,929 Starting Live from 2015-02-01 to 2015-03-03
2015-07-02 13:33:16,196 Starting Live from 2015-02-01 to 2015-03-03
2015-07-02 13:33:34,962 Starting Q Learning for : 
2015-07-02 13:33:34,962 alpha = 0.8
2015-07-02 13:33:34,962 gamma = 0.5
2015-07-02 13:33:34,962 individual factor = 10
2015-07-02 13:33:34,962 zero range = 0.01
2015-07-02 13:33:34,962 greedy level = 5
2015-07-02 13:33:34,962 

2015-07-02 13:33:36,041 Starting Training from 2015-01-01 to 2015-01-31
2015-07-02 13:34:39,327 Starting Live from 2015-02-01 to 2015-03-03
2015-07-02 13:38:03,026 Starting Live from 2015-02-01 to 2015-03-03
2015-07-02 13:40:07,492 Starting Live from 2015-02-01 to 2015-03-03
2015-07-02 13:41:15,782 Starting Training from 2015-02-01 to 2015-03-03
2015-07-02 13:41:23,136 Starting Training from 2015-02-01 to 2015-03-03
2015-07-02 13:42:03,012 Starting Live from 2015-03-04 to 2015-04-03
2015-07-02 13:42:11,007 Starting Live from 2015-03-04 to 2015-04-03
2015-07-02 13:42:46,879 Starting Training from 2015-02-01 to 2015-03-03
2015-07-02 13:43:32,265 Starting Live from 2015-03-04 to 2015-04-03
2015-07-02 13:49:32,303 Starting Training from 2015-02-01 to 2015-03-03
2015-07-02 13:50:40,209 Starting Live from 2015-03-04 to 2015-04-03
2015-07-02 13:51:51,767 Starting Training from 2015-02-01 to 2015-03-03
2015-07-02 13:52:37,736 Starting Live from 2015-03-04 to 2015-04-03
2015-07-02 13:55:38,302 Starting Training from 2015-03-04 to 2015-04-03
2015-07-02 13:56:06,574 Starting Training from 2015-03-04 to 2015-04-03
2015-07-02 13:56:32,381 Starting Live from 2015-04-04 to 2015-04-10
2015-07-02 13:56:59,286 Starting Live from 2015-04-04 to 2015-04-10
2015-07-02 13:57:27,086 Starting Training from 2015-03-04 to 2015-04-03
2015-07-02 13:58:19,582 Starting Live from 2015-04-04 to 2015-04-10
2015-07-02 13:59:23,803 Starting Q Learning for : 
2015-07-02 13:59:23,803 alpha = 0.6
2015-07-02 13:59:23,803 gamma = 0.4
2015-07-02 13:59:23,803 individual factor = 10
2015-07-02 13:59:23,803 zero range = 0.01
2015-07-02 13:59:23,804 greedy level = 5
2015-07-02 13:59:23,804 

2015-07-02 13:59:25,041 Starting Training from 2015-01-01 to 2015-01-31
2015-07-02 14:00:01,747 Starting Q Learning for : 
2015-07-02 14:00:01,747 alpha = 0.4
2015-07-02 14:00:01,747 gamma = 0.6
2015-07-02 14:00:01,747 individual factor = 10
2015-07-02 14:00:01,747 zero range = 0.01
2015-07-02 14:00:01,747 greedy level = 5
2015-07-02 14:00:01,747 

2015-07-02 14:00:02,663 Starting Training from 2015-01-01 to 2015-01-31
2015-07-02 14:01:24,418 Starting Q Learning for : 
2015-07-02 14:01:24,418 alpha = 0.2
2015-07-02 14:01:24,418 gamma = 0.2
2015-07-02 14:01:24,418 individual factor = 10
2015-07-02 14:01:24,418 zero range = 0.01
2015-07-02 14:01:24,419 greedy level = 5
2015-07-02 14:01:24,419 

2015-07-02 14:01:25,846 Starting Training from 2015-01-01 to 2015-01-31
2015-07-02 14:02:50,553 Starting Training from 2015-03-04 to 2015-04-03
2015-07-02 14:02:56,648 Starting Training from 2015-03-04 to 2015-04-03
2015-07-02 14:03:45,555 Starting Live from 2015-04-04 to 2015-04-10
2015-07-02 14:03:53,350 Starting Live from 2015-04-04 to 2015-04-10
2015-07-02 14:06:01,343 Starting Live from 2015-02-01 to 2015-03-03
2015-07-02 14:07:52,294 Starting Live from 2015-02-01 to 2015-03-03
2015-07-02 14:08:01,645 Starting Q Learning for : 
2015-07-02 14:08:01,645 alpha = 0.8
2015-07-02 14:08:01,645 gamma = 0.6
2015-07-02 14:08:01,645 individual factor = 10
2015-07-02 14:08:01,645 zero range = 0.01
2015-07-02 14:08:01,645 greedy level = 5
2015-07-02 14:08:01,645 

2015-07-02 14:08:04,471 Starting Training from 2015-01-01 to 2015-01-31
2015-07-02 14:09:29,902 Starting Q Learning for : 
2015-07-02 14:09:29,902 alpha = 0.2
2015-07-02 14:09:29,902 gamma = 0.8
2015-07-02 14:09:29,902 individual factor = 10
2015-07-02 14:09:29,902 zero range = 0.01
2015-07-02 14:09:29,902 greedy level = 5
2015-07-02 14:09:29,902 

2015-07-02 14:09:32,485 Starting Training from 2015-01-01 to 2015-01-31
2015-07-02 14:11:33,675 Starting Live from 2015-02-01 to 2015-03-03
2015-07-02 14:16:49,519 Starting Live from 2015-02-01 to 2015-03-03
2015-07-02 14:17:24,946 Starting Live from 2015-02-01 to 2015-03-03
2015-07-02 14:17:44,758 Starting Training from 2015-02-01 to 2015-03-03
2015-07-02 14:18:17,398 Starting Training from 2015-02-01 to 2015-03-03
2015-07-02 14:18:31,303 Starting Live from 2015-03-04 to 2015-04-03
2015-07-02 14:19:03,319 Starting Live from 2015-03-04 to 2015-04-03
2015-07-02 14:19:33,826 Starting Training from 2015-02-01 to 2015-03-03
2015-07-02 14:20:20,497 Starting Live from 2015-03-04 to 2015-04-03
2015-07-02 14:24:48,547 Starting Training from 2015-02-01 to 2015-03-03
2015-07-02 14:25:25,860 Starting Training from 2015-02-01 to 2015-03-03
2015-07-02 14:25:33,951 Starting Live from 2015-03-04 to 2015-04-03
2015-07-02 14:26:11,200 Starting Live from 2015-03-04 to 2015-04-03
2015-07-02 14:28:40,914 Starting Training from 2015-03-04 to 2015-04-03
2015-07-02 14:30:49,121 Starting Training from 2015-03-04 to 2015-04-03
2015-07-02 14:31:52,586 Starting Live from 2015-04-04 to 2015-04-10
2015-07-02 14:33:15,217 Starting Live from 2015-04-04 to 2015-04-10
2015-07-02 14:33:24,899 Starting Training from 2015-03-04 to 2015-04-03
2015-07-02 14:34:19,718 Starting Live from 2015-04-04 to 2015-04-10
2015-07-02 14:35:30,972 Starting Q Learning for : 
2015-07-02 14:35:30,972 alpha = 0.6
2015-07-02 14:35:30,972 gamma = 0.5
2015-07-02 14:35:30,972 individual factor = 10
2015-07-02 14:35:30,972 zero range = 0.01
2015-07-02 14:35:30,972 greedy level = 5
2015-07-02 14:35:30,972 

2015-07-02 14:35:33,350 Starting Training from 2015-01-01 to 2015-01-31
2015-07-02 14:36:18,683 Starting Q Learning for : 
2015-07-02 14:36:18,683 alpha = 0.4
2015-07-02 14:36:18,683 gamma = 0.7
2015-07-02 14:36:18,683 individual factor = 10
2015-07-02 14:36:18,683 zero range = 0.01
2015-07-02 14:36:18,683 greedy level = 5
2015-07-02 14:36:18,683 

2015-07-02 14:36:20,201 Starting Training from 2015-01-01 to 2015-01-31
2015-07-02 14:37:19,867 Starting Q Learning for : 
2015-07-02 14:37:19,867 alpha = 0.2
2015-07-02 14:37:19,867 gamma = 0.3
2015-07-02 14:37:19,867 individual factor = 10
2015-07-02 14:37:19,867 zero range = 0.01
2015-07-02 14:37:19,867 greedy level = 5
2015-07-02 14:37:19,867 

2015-07-02 14:37:20,945 Starting Training from 2015-01-01 to 2015-01-31
2015-07-02 14:39:26,883 Starting Training from 2015-03-04 to 2015-04-03
2015-07-02 14:39:59,949 Starting Training from 2015-03-04 to 2015-04-03
2015-07-02 14:40:19,929 Starting Live from 2015-04-04 to 2015-04-10
2015-07-02 14:41:03,752 Starting Live from 2015-04-04 to 2015-04-10
2015-07-02 14:42:15,456 Starting Live from 2015-02-01 to 2015-03-03
2015-07-02 14:42:56,661 Starting Live from 2015-02-01 to 2015-03-03
2015-07-02 14:43:20,598 Starting Q Learning for : 
2015-07-02 14:43:20,598 alpha = 0.8
2015-07-02 14:43:20,598 gamma = 0.7
2015-07-02 14:43:20,598 individual factor = 10
2015-07-02 14:43:20,598 zero range = 0.01
2015-07-02 14:43:20,598 greedy level = 5
2015-07-02 14:43:20,599 

2015-07-02 14:43:21,740 Starting Training from 2015-01-01 to 2015-01-31
2015-07-02 14:43:54,635 Starting Live from 2015-02-01 to 2015-03-03
2015-07-02 14:44:02,910 Starting Q Learning for : 
2015-07-02 14:44:02,911 alpha = 0.8
2015-07-02 14:44:02,911 gamma = 0.1
2015-07-02 14:44:02,911 individual factor = 10
2015-07-02 14:44:02,911 zero range = 0.01
2015-07-02 14:44:02,911 greedy level = 5
2015-07-02 14:44:02,911 

2015-07-02 14:44:03,928 Starting Training from 2015-01-01 to 2015-01-31
2015-07-02 14:52:15,724 Starting Live from 2015-02-01 to 2015-03-03
2015-07-02 14:53:55,072 Starting Training from 2015-02-01 to 2015-03-03
2015-07-02 14:53:57,412 Starting Live from 2015-02-01 to 2015-03-03
2015-07-02 14:54:39,617 Starting Training from 2015-02-01 to 2015-03-03
2015-07-02 14:54:40,927 Starting Live from 2015-03-04 to 2015-04-03
2015-07-02 14:55:29,054 Starting Training from 2015-02-01 to 2015-03-03
2015-07-02 14:55:29,113 Starting Live from 2015-03-04 to 2015-04-03
2015-07-02 14:56:19,519 Starting Live from 2015-03-04 to 2015-04-03
2015-07-02 15:01:34,662 Starting Training from 2015-02-01 to 2015-03-03
2015-07-02 15:02:03,419 Starting Training from 2015-02-01 to 2015-03-03
2015-07-02 15:02:19,972 Starting Live from 2015-03-04 to 2015-04-03
2015-07-02 15:02:47,947 Starting Live from 2015-03-04 to 2015-04-03
2015-07-02 15:04:54,103 Starting Training from 2015-03-04 to 2015-04-03
2015-07-02 15:05:42,719 Starting Training from 2015-03-04 to 2015-04-03
2015-07-02 15:05:44,998 Starting Live from 2015-04-04 to 2015-04-10
2015-07-02 15:06:06,861 Starting Training from 2015-03-04 to 2015-04-03
2015-07-02 15:06:36,399 Starting Live from 2015-04-04 to 2015-04-10
2015-07-02 15:06:58,401 Starting Live from 2015-04-04 to 2015-04-10
2015-07-02 15:08:46,734 Starting Q Learning for : 
2015-07-02 15:08:46,734 alpha = 0.6
2015-07-02 15:08:46,734 gamma = 0.6
2015-07-02 15:08:46,734 individual factor = 10
2015-07-02 15:08:46,734 zero range = 0.01
2015-07-02 15:08:46,734 greedy level = 5
2015-07-02 15:08:46,734 

2015-07-02 15:08:47,788 Starting Training from 2015-01-01 to 2015-01-31
2015-07-02 15:09:29,723 Starting Q Learning for : 
2015-07-02 15:09:29,723 alpha = 0.4
2015-07-02 15:09:29,723 gamma = 0.8
2015-07-02 15:09:29,724 individual factor = 10
2015-07-02 15:09:29,724 zero range = 0.01
2015-07-02 15:09:29,724 greedy level = 5
2015-07-02 15:09:29,724 

2015-07-02 15:09:30,707 Starting Training from 2015-01-01 to 2015-01-31
2015-07-02 15:09:59,801 Starting Q Learning for : 
2015-07-02 15:09:59,801 alpha = 0.2
2015-07-02 15:09:59,801 gamma = 0.4
2015-07-02 15:09:59,802 individual factor = 10
2015-07-02 15:09:59,802 zero range = 0.01
2015-07-02 15:09:59,802 greedy level = 5
2015-07-02 15:09:59,802 

2015-07-02 15:10:01,930 Starting Training from 2015-01-01 to 2015-01-31
2015-07-02 15:16:01,620 Starting Training from 2015-03-04 to 2015-04-03
2015-07-02 15:16:55,387 Starting Live from 2015-04-04 to 2015-04-10
2015-07-02 15:17:36,886 Starting Training from 2015-03-04 to 2015-04-03
2015-07-02 15:18:32,422 Starting Live from 2015-04-04 to 2015-04-10
2015-07-02 15:18:58,787 Starting Live from 2015-02-01 to 2015-03-03
2015-07-02 15:19:47,266 Starting Live from 2015-02-01 to 2015-03-03
2015-07-02 15:19:47,982 Starting Q Learning for : 
2015-07-02 15:19:47,982 alpha = 0.8
2015-07-02 15:19:47,982 gamma = 0.2
2015-07-02 15:19:47,982 individual factor = 10
2015-07-02 15:19:47,983 zero range = 0.01
2015-07-02 15:19:47,983 greedy level = 5
2015-07-02 15:19:47,983 

2015-07-02 15:19:49,216 Starting Training from 2015-01-01 to 2015-01-31
2015-07-02 15:20:04,055 Starting Live from 2015-02-01 to 2015-03-03
2015-07-02 15:21:43,974 Starting Q Learning for : 
2015-07-02 15:21:43,974 alpha = 0.8
2015-07-02 15:21:43,974 gamma = 0.8
2015-07-02 15:21:43,974 individual factor = 10
2015-07-02 15:21:43,974 zero range = 0.01
2015-07-02 15:21:43,974 greedy level = 5
2015-07-02 15:21:43,974 

2015-07-02 15:21:45,069 Starting Training from 2015-01-01 to 2015-01-31
2015-07-02 15:26:17,380 Starting Live from 2015-02-01 to 2015-03-03
2015-07-02 15:26:57,705 Starting Training from 2015-02-01 to 2015-03-03
2015-07-02 15:27:42,176 Starting Live from 2015-03-04 to 2015-04-03
2015-07-02 15:27:50,696 Starting Training from 2015-02-01 to 2015-03-03
2015-07-02 15:27:57,129 Starting Training from 2015-02-01 to 2015-03-03
2015-07-02 15:28:18,638 Starting Live from 2015-02-01 to 2015-03-03
2015-07-02 15:28:36,346 Starting Live from 2015-03-04 to 2015-04-03
2015-07-02 15:28:42,614 Starting Live from 2015-03-04 to 2015-04-03
2015-07-02 15:38:04,181 Starting Training from 2015-02-01 to 2015-03-03
2015-07-02 15:38:47,938 Starting Live from 2015-03-04 to 2015-04-03
2015-07-02 15:39:54,505 Starting Training from 2015-02-01 to 2015-03-03
2015-07-02 15:40:39,540 Starting Training from 2015-03-04 to 2015-04-03
2015-07-02 15:40:40,074 Starting Live from 2015-03-04 to 2015-04-03
2015-07-02 15:41:20,685 Starting Training from 2015-03-04 to 2015-04-03
2015-07-02 15:41:32,761 Starting Live from 2015-04-04 to 2015-04-10
2015-07-02 15:42:28,189 Starting Live from 2015-04-04 to 2015-04-10
2015-07-02 15:42:44,022 Starting Training from 2015-03-04 to 2015-04-03
2015-07-02 15:43:45,481 Starting Live from 2015-04-04 to 2015-04-10
2015-07-02 15:50:04,791 Starting Training from 2015-03-04 to 2015-04-03
2015-07-02 15:51:02,646 Starting Live from 2015-04-04 to 2015-04-10
2015-07-02 15:52:29,551 Starting Training from 2015-03-04 to 2015-04-03
2015-07-02 15:55:06,065 Starting Live from 2015-04-04 to 2015-04-10
