2015-06-20 10:58:38,812 Starting Q Learning for : 
2015-06-20 10:58:38,812 alpha = 0.2
2015-06-20 10:58:38,812 gamma = 0.7
2015-06-20 10:58:38,812 individual factor = 8
2015-06-20 10:58:38,812 zero range = 0.002
2015-06-20 10:58:38,813 greedy level = 5
2015-06-20 10:58:38,813 

2015-06-20 10:58:51,411 Starting Training from 2014-12-17 to 2015-01-01
2015-06-20 11:10:14,655 Starting Live from 2015-01-02 to 2015-02-01
2015-06-20 11:37:40,742 Starting Training from 2015-01-17 to 2015-02-01
2015-06-20 11:39:22,440 Starting Live from 2015-02-02 to 2015-03-04
2015-06-20 11:59:52,423 Starting Training from 2015-02-17 to 2015-03-04
2015-06-20 12:03:47,109 Starting Live from 2015-03-05 to 2015-04-04
2015-06-20 12:23:23,358 Starting Training from 2015-03-20 to 2015-04-04
2015-06-20 12:26:07,559 Starting Live from 2015-04-05 to 2015-04-10
2015-06-20 12:32:19,734 Starting Q Learning for : 
2015-06-20 12:32:19,736 alpha = 0.2
2015-06-20 12:32:19,736 gamma = 0.8
2015-06-20 12:32:19,736 individual factor = 8
2015-06-20 12:32:19,736 zero range = 0.002
2015-06-20 12:32:19,736 greedy level = 5
2015-06-20 12:32:19,736 

2015-06-20 12:32:24,398 Starting Training from 2014-12-17 to 2015-01-01
2015-06-20 12:43:26,861 Starting Live from 2015-01-02 to 2015-02-01
2015-06-20 13:08:35,210 Starting Training from 2015-01-17 to 2015-02-01
2015-06-20 13:10:19,127 Starting Live from 2015-02-02 to 2015-03-04
2015-06-20 13:24:34,913 Starting Training from 2015-02-17 to 2015-03-04
2015-06-20 13:30:39,059 Starting Live from 2015-03-05 to 2015-04-04
2015-06-20 13:46:07,786 Starting Training from 2015-03-20 to 2015-04-04
2015-06-20 13:50:04,355 Starting Live from 2015-04-05 to 2015-04-10
2015-06-20 13:55:19,963 Starting Q Learning for : 
2015-06-20 13:55:19,963 alpha = 0.4
2015-06-20 13:55:19,963 gamma = 0.1
2015-06-20 13:55:19,964 individual factor = 8
2015-06-20 13:55:19,964 zero range = 0.002
2015-06-20 13:55:19,964 greedy level = 5
2015-06-20 13:55:19,964 

2015-06-20 13:55:24,456 Starting Training from 2014-12-17 to 2015-01-01
2015-06-20 14:06:22,884 Starting Live from 2015-01-02 to 2015-02-01
2015-06-20 14:35:28,295 Starting Training from 2015-01-17 to 2015-02-01
2015-06-20 14:37:04,743 Starting Live from 2015-02-02 to 2015-03-04
2015-06-20 15:02:06,053 Starting Training from 2015-02-17 to 2015-03-04
2015-06-20 15:03:48,308 Starting Live from 2015-03-05 to 2015-04-04
2015-06-20 15:27:01,763 Starting Training from 2015-03-20 to 2015-04-04
2015-06-20 15:28:03,154 Starting Live from 2015-04-05 to 2015-04-10
2015-06-20 15:35:05,178 Starting Q Learning for : 
2015-06-20 15:35:05,178 alpha = 0.4
2015-06-20 15:35:05,178 gamma = 0.2
2015-06-20 15:35:05,178 individual factor = 8
2015-06-20 15:35:05,178 zero range = 0.002
2015-06-20 15:35:05,178 greedy level = 5
2015-06-20 15:35:05,178 

2015-06-20 15:35:13,497 Starting Training from 2014-12-17 to 2015-01-01
2015-06-20 15:45:42,954 Starting Live from 2015-01-02 to 2015-02-01
2015-06-20 16:12:06,250 Starting Training from 2015-01-17 to 2015-02-01
2015-06-20 16:13:37,947 Starting Live from 2015-02-02 to 2015-03-04
2015-06-20 16:37:24,529 Starting Training from 2015-02-17 to 2015-03-04
2015-06-20 16:39:23,167 Starting Live from 2015-03-05 to 2015-04-04
2015-06-20 17:03:21,677 Starting Training from 2015-03-20 to 2015-04-04
2015-06-20 17:04:30,342 Starting Live from 2015-04-05 to 2015-04-10
2015-06-20 17:11:01,381 Starting Q Learning for : 
2015-06-20 17:11:01,381 alpha = 0.4
2015-06-20 17:11:01,381 gamma = 0.3
2015-06-20 17:11:01,381 individual factor = 8
2015-06-20 17:11:01,381 zero range = 0.002
2015-06-20 17:11:01,381 greedy level = 5
2015-06-20 17:11:01,382 

2015-06-20 17:11:06,880 Starting Training from 2014-12-17 to 2015-01-01
2015-06-20 17:20:48,354 Starting Live from 2015-01-02 to 2015-02-01
2015-06-20 17:46:51,826 Starting Training from 2015-01-17 to 2015-02-01
2015-06-20 17:48:26,227 Starting Live from 2015-02-02 to 2015-03-04
2015-06-20 18:12:28,904 Starting Training from 2015-02-17 to 2015-03-04
2015-06-20 18:14:05,707 Starting Live from 2015-03-05 to 2015-04-04
2015-06-20 18:36:58,319 Starting Training from 2015-03-20 to 2015-04-04
2015-06-20 18:37:58,572 Starting Live from 2015-04-05 to 2015-04-10
2015-06-20 18:44:19,953 Starting Q Learning for : 
2015-06-20 18:44:19,953 alpha = 0.4
2015-06-20 18:44:19,953 gamma = 0.4
2015-06-20 18:44:19,954 individual factor = 8
2015-06-20 18:44:19,954 zero range = 0.002
2015-06-20 18:44:19,954 greedy level = 5
2015-06-20 18:44:19,954 

2015-06-20 18:44:25,661 Starting Training from 2014-12-17 to 2015-01-01
2015-06-20 18:54:44,736 Starting Live from 2015-01-02 to 2015-02-01
2015-06-20 19:19:40,046 Starting Training from 2015-01-17 to 2015-02-01
2015-06-20 19:21:09,151 Starting Live from 2015-02-02 to 2015-03-04
2015-06-20 19:43:31,483 Starting Training from 2015-02-17 to 2015-03-04
2015-06-20 19:45:06,463 Starting Live from 2015-03-05 to 2015-04-04
2015-06-20 20:06:52,365 Starting Training from 2015-03-20 to 2015-04-04
2015-06-20 20:07:51,197 Starting Live from 2015-04-05 to 2015-04-10
2015-06-20 20:14:08,244 Starting Q Learning for : 
2015-06-20 20:14:08,244 alpha = 0.6
2015-06-20 20:14:08,244 gamma = 0.3
2015-06-20 20:14:08,246 individual factor = 8
2015-06-20 20:14:08,246 zero range = 0.002
2015-06-20 20:14:08,246 greedy level = 5
2015-06-20 20:14:08,246 

2015-06-20 20:14:12,553 Starting Training from 2014-12-17 to 2015-01-01
2015-06-20 20:24:20,278 Starting Live from 2015-01-02 to 2015-02-01
2015-06-20 20:48:58,348 Starting Training from 2015-01-17 to 2015-02-01
2015-06-20 20:50:25,437 Starting Live from 2015-02-02 to 2015-03-04
2015-06-20 21:13:02,368 Starting Training from 2015-02-17 to 2015-03-04
2015-06-20 21:14:36,740 Starting Live from 2015-03-05 to 2015-04-04
2015-06-20 21:36:01,253 Starting Training from 2015-03-20 to 2015-04-04
2015-06-20 21:36:57,923 Starting Live from 2015-04-05 to 2015-04-10
2015-06-20 21:43:32,076 Starting Q Learning for : 
2015-06-20 21:43:32,076 alpha = 0.6
2015-06-20 21:43:32,076 gamma = 0.4
2015-06-20 21:43:32,076 individual factor = 8
2015-06-20 21:43:32,076 zero range = 0.002
2015-06-20 21:43:32,076 greedy level = 5
2015-06-20 21:43:32,076 

2015-06-20 21:43:38,486 Starting Training from 2014-12-17 to 2015-01-01
2015-06-20 21:53:30,085 Starting Live from 2015-01-02 to 2015-02-01
2015-06-20 22:19:23,105 Starting Training from 2015-01-17 to 2015-02-01
2015-06-20 22:20:52,740 Starting Live from 2015-02-02 to 2015-03-04
2015-06-20 22:43:37,339 Starting Training from 2015-02-17 to 2015-03-04
2015-06-20 22:45:15,249 Starting Live from 2015-03-05 to 2015-04-04
2015-06-20 23:07:40,529 Starting Training from 2015-03-20 to 2015-04-04
2015-06-20 23:08:49,322 Starting Live from 2015-04-05 to 2015-04-10
2015-06-20 23:16:08,602 Starting Q Learning for : 
2015-06-20 23:16:08,602 alpha = 0.6
2015-06-20 23:16:08,602 gamma = 0.5
2015-06-20 23:16:08,602 individual factor = 8
2015-06-20 23:16:08,602 zero range = 0.002
2015-06-20 23:16:08,602 greedy level = 5
2015-06-20 23:16:08,604 

2015-06-20 23:16:14,328 Starting Training from 2014-12-17 to 2015-01-01
2015-06-20 23:26:15,569 Starting Live from 2015-01-02 to 2015-02-01
2015-06-20 23:56:18,558 Starting Training from 2015-01-17 to 2015-02-01
2015-06-20 23:58:10,246 Starting Live from 2015-02-02 to 2015-03-04
2015-06-21 00:26:40,164 Starting Training from 2015-02-17 to 2015-03-04
2015-06-21 00:29:21,332 Starting Live from 2015-03-05 to 2015-04-04
2015-06-21 00:58:17,028 Starting Training from 2015-03-20 to 2015-04-04
2015-06-21 00:59:33,151 Starting Live from 2015-04-05 to 2015-04-10
2015-06-21 01:07:20,828 Starting Q Learning for : 
2015-06-21 01:07:20,828 alpha = 0.8
2015-06-21 01:07:20,828 gamma = 0.7
2015-06-21 01:07:20,828 individual factor = 8
2015-06-21 01:07:20,828 zero range = 0.002
2015-06-21 01:07:20,828 greedy level = 5
2015-06-21 01:07:20,828 

2015-06-21 01:07:26,713 Starting Training from 2014-12-17 to 2015-01-01
2015-06-21 01:20:12,358 Starting Live from 2015-01-02 to 2015-02-01
2015-06-21 01:49:04,878 Starting Training from 2015-01-17 to 2015-02-01
2015-06-21 01:50:46,617 Starting Live from 2015-02-02 to 2015-03-04
2015-06-21 02:12:41,447 Starting Training from 2015-02-17 to 2015-03-04
2015-06-21 02:15:47,032 Starting Live from 2015-03-05 to 2015-04-04
2015-06-21 02:34:46,829 Starting Training from 2015-03-20 to 2015-04-04
2015-06-21 02:37:58,479 Starting Live from 2015-04-05 to 2015-04-10
2015-06-21 02:44:39,473 Starting Q Learning for : 
2015-06-21 02:44:39,473 alpha = 0.8
2015-06-21 02:44:39,473 gamma = 0.8
2015-06-21 02:44:39,473 individual factor = 8
2015-06-21 02:44:39,473 zero range = 0.002
2015-06-21 02:44:39,473 greedy level = 5
2015-06-21 02:44:39,473 

2015-06-21 02:44:45,707 Starting Training from 2014-12-17 to 2015-01-01
2015-06-21 02:55:38,834 Starting Live from 2015-01-02 to 2015-02-01
2015-06-21 03:21:11,272 Starting Training from 2015-01-17 to 2015-02-01
2015-06-21 03:23:13,426 Starting Live from 2015-02-02 to 2015-03-04
2015-06-21 03:37:19,756 Starting Training from 2015-02-17 to 2015-03-04
2015-06-21 03:43:23,552 Starting Live from 2015-03-05 to 2015-04-04
2015-06-21 03:58:04,763 Starting Training from 2015-03-20 to 2015-04-04
2015-06-21 04:01:23,678 Starting Live from 2015-04-05 to 2015-04-10
