2015-06-20 10:58:38,812 Starting Q Learning for : 
2015-06-20 10:58:38,812 alpha = 0.2
2015-06-20 10:58:38,812 gamma = 0.4
2015-06-20 10:58:38,812 individual factor = 8
2015-06-20 10:58:38,812 zero range = 0.002
2015-06-20 10:58:38,812 greedy level = 5
2015-06-20 10:58:38,813 

2015-06-20 10:58:51,411 Starting Training from 2014-12-17 to 2015-01-01
2015-06-20 11:10:12,098 Starting Live from 2015-01-02 to 2015-02-01
2015-06-20 11:38:13,421 Starting Training from 2015-01-17 to 2015-02-01
2015-06-20 11:39:59,595 Starting Live from 2015-02-02 to 2015-03-04
2015-06-20 12:06:08,956 Starting Training from 2015-02-17 to 2015-03-04
2015-06-20 12:07:55,940 Starting Live from 2015-03-05 to 2015-04-04
2015-06-20 12:32:05,308 Starting Training from 2015-03-20 to 2015-04-04
2015-06-20 12:33:24,234 Starting Live from 2015-04-05 to 2015-04-10
2015-06-20 12:40:53,562 Starting Q Learning for : 
2015-06-20 12:40:53,562 alpha = 0.2
2015-06-20 12:40:53,562 gamma = 0.5
2015-06-20 12:40:53,562 individual factor = 8
2015-06-20 12:40:53,562 zero range = 0.002
2015-06-20 12:40:53,562 greedy level = 5
2015-06-20 12:40:53,562 

2015-06-20 12:40:54,569 Starting Training from 2014-12-17 to 2015-01-01
2015-06-20 12:52:37,019 Starting Live from 2015-01-02 to 2015-02-01
2015-06-20 13:20:54,559 Starting Training from 2015-01-17 to 2015-02-01
2015-06-20 13:22:40,438 Starting Live from 2015-02-02 to 2015-03-04
2015-06-20 13:48:55,660 Starting Training from 2015-02-17 to 2015-03-04
2015-06-20 13:51:15,516 Starting Live from 2015-03-05 to 2015-04-04
2015-06-20 14:16:23,786 Starting Training from 2015-03-20 to 2015-04-04
2015-06-20 14:17:31,417 Starting Live from 2015-04-05 to 2015-04-10
2015-06-20 14:24:40,118 Starting Q Learning for : 
2015-06-20 14:24:40,118 alpha = 0.2
2015-06-20 14:24:40,118 gamma = 0.6
2015-06-20 14:24:40,118 individual factor = 8
2015-06-20 14:24:40,118 zero range = 0.002
2015-06-20 14:24:40,118 greedy level = 5
2015-06-20 14:24:40,118 

2015-06-20 14:24:46,140 Starting Training from 2014-12-17 to 2015-01-01
2015-06-20 14:36:06,115 Starting Live from 2015-01-02 to 2015-02-01
2015-06-20 15:03:31,368 Starting Training from 2015-01-17 to 2015-02-01
2015-06-20 15:05:02,858 Starting Live from 2015-02-02 to 2015-03-04
2015-06-20 15:29:02,003 Starting Training from 2015-02-17 to 2015-03-04
2015-06-20 15:30:42,367 Starting Live from 2015-03-05 to 2015-04-04
2015-06-20 15:54:31,496 Starting Training from 2015-03-20 to 2015-04-04
2015-06-20 15:55:50,444 Starting Live from 2015-04-05 to 2015-04-10
2015-06-20 16:03:07,207 Starting Q Learning for : 
2015-06-20 16:03:07,207 alpha = 0.4
2015-06-20 16:03:07,207 gamma = 0.5
2015-06-20 16:03:07,207 individual factor = 8
2015-06-20 16:03:07,207 zero range = 0.002
2015-06-20 16:03:07,207 greedy level = 5
2015-06-20 16:03:07,207 

2015-06-20 16:03:11,848 Starting Training from 2014-12-17 to 2015-01-01
2015-06-20 16:13:02,964 Starting Live from 2015-01-02 to 2015-02-01
2015-06-20 16:38:52,464 Starting Training from 2015-01-17 to 2015-02-01
2015-06-20 16:40:49,188 Starting Live from 2015-02-02 to 2015-03-04
2015-06-20 17:04:12,138 Starting Training from 2015-02-17 to 2015-03-04
2015-06-20 17:05:49,769 Starting Live from 2015-03-05 to 2015-04-04
2015-06-20 17:27:50,664 Starting Training from 2015-03-20 to 2015-04-04
2015-06-20 17:28:48,622 Starting Live from 2015-04-05 to 2015-04-10
2015-06-20 17:35:14,319 Starting Q Learning for : 
2015-06-20 17:35:14,319 alpha = 0.4
2015-06-20 17:35:14,319 gamma = 0.6
2015-06-20 17:35:14,319 individual factor = 8
2015-06-20 17:35:14,319 zero range = 0.002
2015-06-20 17:35:14,319 greedy level = 5
2015-06-20 17:35:14,319 

2015-06-20 17:35:19,984 Starting Training from 2014-12-17 to 2015-01-01
2015-06-20 17:45:29,220 Starting Live from 2015-01-02 to 2015-02-01
2015-06-20 18:10:53,177 Starting Training from 2015-01-17 to 2015-02-01
2015-06-20 18:12:23,144 Starting Live from 2015-02-02 to 2015-03-04
2015-06-20 18:35:14,424 Starting Training from 2015-02-17 to 2015-03-04
2015-06-20 18:36:52,674 Starting Live from 2015-03-05 to 2015-04-04
2015-06-20 18:58:45,355 Starting Training from 2015-03-20 to 2015-04-04
2015-06-20 18:59:43,594 Starting Live from 2015-04-05 to 2015-04-10
2015-06-20 19:05:31,398 Starting Q Learning for : 
2015-06-20 19:05:31,398 alpha = 0.4
2015-06-20 19:05:31,400 gamma = 0.7
2015-06-20 19:05:31,400 individual factor = 8
2015-06-20 19:05:31,400 zero range = 0.002
2015-06-20 19:05:31,400 greedy level = 5
2015-06-20 19:05:31,400 

2015-06-20 19:05:36,198 Starting Training from 2014-12-17 to 2015-01-01
2015-06-20 19:15:54,634 Starting Live from 2015-01-02 to 2015-02-01
2015-06-20 19:39:53,825 Starting Training from 2015-01-17 to 2015-02-01
2015-06-20 19:41:22,263 Starting Live from 2015-02-02 to 2015-03-04
2015-06-20 19:59:55,707 Starting Training from 2015-02-17 to 2015-03-04
2015-06-20 20:02:35,769 Starting Live from 2015-03-05 to 2015-04-04
2015-06-20 20:20:06,061 Starting Training from 2015-03-20 to 2015-04-04
2015-06-20 20:22:19,648 Starting Live from 2015-04-05 to 2015-04-10
2015-06-20 20:27:41,934 Starting Q Learning for : 
2015-06-20 20:27:41,934 alpha = 0.8
2015-06-20 20:27:41,934 gamma = 0.1
2015-06-20 20:27:41,934 individual factor = 8
2015-06-20 20:27:41,934 zero range = 0.002
2015-06-20 20:27:41,934 greedy level = 5
2015-06-20 20:27:41,934 

2015-06-20 20:27:46,855 Starting Training from 2014-12-17 to 2015-01-01
2015-06-20 20:37:11,229 Starting Live from 2015-01-02 to 2015-02-01
2015-06-20 21:02:24,594 Starting Training from 2015-01-17 to 2015-02-01
2015-06-20 21:03:55,680 Starting Live from 2015-02-02 to 2015-03-04
2015-06-20 21:26:29,072 Starting Training from 2015-02-17 to 2015-03-04
2015-06-20 21:28:04,931 Starting Live from 2015-03-05 to 2015-04-04
2015-06-20 21:49:54,634 Starting Training from 2015-03-20 to 2015-04-04
2015-06-20 21:50:51,201 Starting Live from 2015-04-05 to 2015-04-10
2015-06-20 21:57:22,724 Starting Q Learning for : 
2015-06-20 21:57:22,724 alpha = 0.8
2015-06-20 21:57:22,724 gamma = 0.2
2015-06-20 21:57:22,724 individual factor = 8
2015-06-20 21:57:22,724 zero range = 0.002
2015-06-20 21:57:22,724 greedy level = 5
2015-06-20 21:57:22,724 

2015-06-20 21:57:28,015 Starting Training from 2014-12-17 to 2015-01-01
2015-06-20 22:08:01,157 Starting Live from 2015-01-02 to 2015-02-01
2015-06-20 22:33:37,000 Starting Training from 2015-01-17 to 2015-02-01
2015-06-20 22:35:03,276 Starting Live from 2015-02-02 to 2015-03-04
2015-06-20 22:57:58,921 Starting Training from 2015-02-17 to 2015-03-04
2015-06-20 22:59:45,019 Starting Live from 2015-03-05 to 2015-04-04
2015-06-20 23:22:44,088 Starting Training from 2015-03-20 to 2015-04-04
2015-06-20 23:23:48,464 Starting Live from 2015-04-05 to 2015-04-10
2015-06-20 23:31:12,723 Starting Q Learning for : 
2015-06-20 23:31:12,723 alpha = 0.8
2015-06-20 23:31:12,723 gamma = 0.3
2015-06-20 23:31:12,723 individual factor = 8
2015-06-20 23:31:12,723 zero range = 0.002
2015-06-20 23:31:12,723 greedy level = 5
2015-06-20 23:31:12,723 

2015-06-20 23:31:19,384 Starting Training from 2014-12-17 to 2015-01-01
2015-06-20 23:43:16,302 Starting Live from 2015-01-02 to 2015-02-01
2015-06-21 00:13:36,181 Starting Training from 2015-01-17 to 2015-02-01
2015-06-21 00:15:45,801 Starting Live from 2015-02-02 to 2015-03-04
2015-06-21 00:46:10,617 Starting Training from 2015-02-17 to 2015-03-04
2015-06-21 00:48:10,352 Starting Live from 2015-03-05 to 2015-04-04
2015-06-21 01:16:21,032 Starting Training from 2015-03-20 to 2015-04-04
2015-06-21 01:17:33,894 Starting Live from 2015-04-05 to 2015-04-10
