2015-06-20 10:56:24,151 Starting Q Learning for : 
2015-06-20 10:56:24,151 alpha = 0.2
2015-06-20 10:56:24,151 gamma = 0.7
2015-06-20 10:56:24,151 individual factor = 8
2015-06-20 10:56:24,151 zero range = 0.002
2015-06-20 10:56:24,151 greedy level = 5
2015-06-20 10:56:24,151 

2015-06-20 10:56:34,049 Starting Training from 2014-12-17 to 2015-01-01
2015-06-20 11:03:19,253 Starting Live from 2015-01-02 to 2015-02-01
2015-06-20 11:14:43,835 Starting Training from 2015-01-17 to 2015-02-01
2015-06-20 11:15:30,184 Starting Live from 2015-02-02 to 2015-03-04
2015-06-20 11:24:05,288 Starting Training from 2015-02-17 to 2015-03-04
2015-06-20 11:25:50,266 Starting Live from 2015-03-05 to 2015-04-04
2015-06-20 11:36:33,216 Starting Training from 2015-03-20 to 2015-04-04
2015-06-20 11:37:53,500 Starting Live from 2015-04-05 to 2015-04-10
2015-06-20 11:40:09,114 Starting Q Learning for : 
2015-06-20 11:40:09,114 alpha = 0.2
2015-06-20 11:40:09,114 gamma = 0.8
2015-06-20 11:40:09,114 individual factor = 8
2015-06-20 11:40:09,114 zero range = 0.002
2015-06-20 11:40:09,114 greedy level = 5
2015-06-20 11:40:09,114 

2015-06-20 11:40:15,954 Starting Training from 2014-12-17 to 2015-01-01
2015-06-20 11:46:07,115 Starting Live from 2015-01-02 to 2015-02-01
2015-06-20 11:56:07,915 Starting Training from 2015-01-17 to 2015-02-01
2015-06-20 11:56:56,703 Starting Live from 2015-02-02 to 2015-03-04
2015-06-20 12:02:51,130 Starting Training from 2015-02-17 to 2015-03-04
2015-06-20 12:05:49,506 Starting Live from 2015-03-05 to 2015-04-04
2015-06-20 12:15:20,158 Starting Training from 2015-03-20 to 2015-04-04
2015-06-20 12:16:50,624 Starting Live from 2015-04-05 to 2015-04-10
2015-06-20 12:18:50,390 Starting Q Learning for : 
2015-06-20 12:18:50,390 alpha = 0.4
2015-06-20 12:18:50,390 gamma = 0.1
2015-06-20 12:18:50,390 individual factor = 8
2015-06-20 12:18:50,390 zero range = 0.002
2015-06-20 12:18:50,391 greedy level = 5
2015-06-20 12:18:50,391 

2015-06-20 12:18:54,628 Starting Training from 2014-12-17 to 2015-01-01
2015-06-20 12:24:39,345 Starting Live from 2015-01-02 to 2015-02-01
2015-06-20 12:37:30,740 Starting Training from 2015-01-17 to 2015-02-01
2015-06-20 12:38:21,605 Starting Live from 2015-02-02 to 2015-03-04
2015-06-20 12:52:00,812 Starting Training from 2015-02-17 to 2015-03-04
2015-06-20 12:52:42,572 Starting Live from 2015-03-05 to 2015-04-04
2015-06-20 13:08:18,779 Starting Training from 2015-03-20 to 2015-04-04
2015-06-20 13:09:11,681 Starting Live from 2015-04-05 to 2015-04-10
2015-06-20 13:12:24,838 Starting Q Learning for : 
2015-06-20 13:12:24,838 alpha = 0.4
2015-06-20 13:12:24,838 gamma = 0.2
2015-06-20 13:12:24,838 individual factor = 8
2015-06-20 13:12:24,838 zero range = 0.002
2015-06-20 13:12:24,838 greedy level = 5
2015-06-20 13:12:24,839 

2015-06-20 13:12:29,996 Starting Training from 2014-12-17 to 2015-01-01
2015-06-20 13:17:51,292 Starting Live from 2015-01-02 to 2015-02-01
2015-06-20 13:31:18,211 Starting Training from 2015-01-17 to 2015-02-01
2015-06-20 13:32:08,911 Starting Live from 2015-02-02 to 2015-03-04
2015-06-20 13:45:18,845 Starting Training from 2015-02-17 to 2015-03-04
2015-06-20 13:46:02,470 Starting Live from 2015-03-05 to 2015-04-04
2015-06-20 13:59:53,822 Starting Training from 2015-03-20 to 2015-04-04
2015-06-20 14:00:51,184 Starting Live from 2015-04-05 to 2015-04-10
2015-06-20 14:03:26,555 Starting Q Learning for : 
2015-06-20 14:03:26,555 alpha = 0.4
2015-06-20 14:03:26,555 gamma = 0.3
2015-06-20 14:03:26,555 individual factor = 8
2015-06-20 14:03:26,555 zero range = 0.002
2015-06-20 14:03:26,555 greedy level = 5
2015-06-20 14:03:26,555 

2015-06-20 14:03:31,305 Starting Training from 2014-12-17 to 2015-01-01
2015-06-20 14:09:16,747 Starting Live from 2015-01-02 to 2015-02-01
2015-06-20 14:22:33,724 Starting Training from 2015-01-17 to 2015-02-01
2015-06-20 14:23:17,023 Starting Live from 2015-02-02 to 2015-03-04
2015-06-20 14:36:20,993 Starting Training from 2015-02-17 to 2015-03-04
2015-06-20 14:37:00,092 Starting Live from 2015-03-05 to 2015-04-04
2015-06-20 14:50:23,229 Starting Training from 2015-03-20 to 2015-04-04
2015-06-20 14:51:34,388 Starting Live from 2015-04-05 to 2015-04-10
2015-06-20 14:55:26,918 Starting Q Learning for : 
2015-06-20 14:55:26,918 alpha = 0.4
2015-06-20 14:55:26,918 gamma = 0.4
2015-06-20 14:55:26,918 individual factor = 8
2015-06-20 14:55:26,918 zero range = 0.002
2015-06-20 14:55:26,918 greedy level = 5
2015-06-20 14:55:26,918 

2015-06-20 14:55:33,058 Starting Training from 2014-12-17 to 2015-01-01
2015-06-20 15:00:34,696 Starting Live from 2015-01-02 to 2015-02-01
2015-06-20 15:12:09,703 Starting Training from 2015-01-17 to 2015-02-01
2015-06-20 15:13:06,496 Starting Live from 2015-02-02 to 2015-03-04
2015-06-20 15:24:49,223 Starting Training from 2015-02-17 to 2015-03-04
2015-06-20 15:25:29,782 Starting Live from 2015-03-05 to 2015-04-04
2015-06-20 15:38:21,365 Starting Training from 2015-03-20 to 2015-04-04
2015-06-20 15:39:19,598 Starting Live from 2015-04-05 to 2015-04-10
2015-06-20 15:42:04,619 Starting Q Learning for : 
2015-06-20 15:42:04,619 alpha = 0.6
2015-06-20 15:42:04,619 gamma = 0.3
2015-06-20 15:42:04,619 individual factor = 8
2015-06-20 15:42:04,619 zero range = 0.002
2015-06-20 15:42:04,619 greedy level = 5
2015-06-20 15:42:04,619 

2015-06-20 15:42:09,076 Starting Training from 2014-12-17 to 2015-01-01
2015-06-20 15:47:02,436 Starting Live from 2015-01-02 to 2015-02-01
2015-06-20 15:59:28,989 Starting Training from 2015-01-17 to 2015-02-01
2015-06-20 16:00:12,720 Starting Live from 2015-02-02 to 2015-03-04
2015-06-20 16:11:09,072 Starting Training from 2015-02-17 to 2015-03-04
2015-06-20 16:11:46,720 Starting Live from 2015-03-05 to 2015-04-04
2015-06-20 16:26:14,298 Starting Training from 2015-03-20 to 2015-04-04
2015-06-20 16:26:53,798 Starting Live from 2015-04-05 to 2015-04-10
2015-06-20 16:29:47,994 Starting Q Learning for : 
2015-06-20 16:29:47,994 alpha = 0.6
2015-06-20 16:29:47,994 gamma = 0.4
2015-06-20 16:29:47,994 individual factor = 8
2015-06-20 16:29:47,994 zero range = 0.002
2015-06-20 16:29:47,994 greedy level = 5
2015-06-20 16:29:47,994 

2015-06-20 16:29:53,538 Starting Training from 2014-12-17 to 2015-01-01
2015-06-20 16:34:42,743 Starting Live from 2015-01-02 to 2015-02-01
2015-06-20 16:46:45,887 Starting Training from 2015-01-17 to 2015-02-01
2015-06-20 16:47:27,903 Starting Live from 2015-02-02 to 2015-03-04
2015-06-20 16:58:12,594 Starting Training from 2015-02-17 to 2015-03-04
2015-06-20 16:58:52,960 Starting Live from 2015-03-05 to 2015-04-04
2015-06-20 17:14:21,584 Starting Training from 2015-03-20 to 2015-04-04
2015-06-20 17:15:01,607 Starting Live from 2015-04-05 to 2015-04-10
2015-06-20 17:17:51,155 Starting Q Learning for : 
2015-06-20 17:17:51,155 alpha = 0.6
2015-06-20 17:17:51,155 gamma = 0.5
2015-06-20 17:17:51,155 individual factor = 8
2015-06-20 17:17:51,155 zero range = 0.002
2015-06-20 17:17:51,155 greedy level = 5
2015-06-20 17:17:51,155 

2015-06-20 17:17:56,266 Starting Training from 2014-12-17 to 2015-01-01
2015-06-20 17:23:11,292 Starting Live from 2015-01-02 to 2015-02-01
2015-06-20 17:34:33,520 Starting Training from 2015-01-17 to 2015-02-01
2015-06-20 17:35:16,210 Starting Live from 2015-02-02 to 2015-03-04
2015-06-20 17:46:59,467 Starting Training from 2015-02-17 to 2015-03-04
2015-06-20 17:47:41,105 Starting Live from 2015-03-05 to 2015-04-04
2015-06-20 18:02:49,730 Starting Training from 2015-03-20 to 2015-04-04
2015-06-20 18:03:38,674 Starting Live from 2015-04-05 to 2015-04-10
2015-06-20 18:07:29,058 Starting Q Learning for : 
2015-06-20 18:07:29,058 alpha = 0.8
2015-06-20 18:07:29,058 gamma = 0.7
2015-06-20 18:07:29,058 individual factor = 8
2015-06-20 18:07:29,058 zero range = 0.002
2015-06-20 18:07:29,059 greedy level = 5
2015-06-20 18:07:29,059 

2015-06-20 18:07:35,700 Starting Training from 2014-12-17 to 2015-01-01
2015-06-20 18:12:36,869 Starting Live from 2015-01-02 to 2015-02-01
2015-06-20 18:22:37,592 Starting Training from 2015-01-17 to 2015-02-01
2015-06-20 18:23:20,855 Starting Live from 2015-02-02 to 2015-03-04
2015-06-20 18:31:19,117 Starting Training from 2015-02-17 to 2015-03-04
2015-06-20 18:33:01,078 Starting Live from 2015-03-05 to 2015-04-04
2015-06-20 18:44:03,293 Starting Training from 2015-03-20 to 2015-04-04
2015-06-20 18:44:56,009 Starting Live from 2015-04-05 to 2015-04-10
2015-06-20 18:46:41,551 Starting Q Learning for : 
2015-06-20 18:46:41,551 alpha = 0.8
2015-06-20 18:46:41,552 gamma = 0.8
2015-06-20 18:46:41,552 individual factor = 8
2015-06-20 18:46:41,552 zero range = 0.002
2015-06-20 18:46:41,552 greedy level = 5
2015-06-20 18:46:41,552 

2015-06-20 18:46:46,250 Starting Training from 2014-12-17 to 2015-01-01
2015-06-20 18:52:12,038 Starting Live from 2015-01-02 to 2015-02-01
2015-06-20 19:01:14,190 Starting Training from 2015-01-17 to 2015-02-01
2015-06-20 19:01:58,305 Starting Live from 2015-02-02 to 2015-03-04
2015-06-20 19:07:11,881 Starting Training from 2015-02-17 to 2015-03-04
2015-06-20 19:09:33,154 Starting Live from 2015-03-05 to 2015-04-04
2015-06-20 19:19:15,398 Starting Training from 2015-03-20 to 2015-04-04
2015-06-20 19:20:27,545 Starting Live from 2015-04-05 to 2015-04-10
