2015-06-28 15:16:42,546 Starting Q Learning for : 
2015-06-28 15:16:42,548 alpha = 0.5
2015-06-28 15:16:42,548 gamma = 0.5
2015-06-28 15:16:42,548 individual factor = 12
2015-06-28 15:16:42,548 zero range = 0.002
2015-06-28 15:16:42,548 greedy level = 10
2015-06-28 15:16:42,548 

2015-06-28 15:16:58,621 Starting Training from 2014-12-17 to 2015-01-01
2015-06-28 15:29:04,387 Starting Live from 2015-01-02 to 2015-02-01
2015-06-28 16:00:37,157 Starting Training from 2015-01-17 to 2015-02-01
2015-06-28 16:02:06,071 Starting Live from 2015-02-02 to 2015-03-04
2015-06-28 16:33:02,700 Starting Training from 2015-02-17 to 2015-03-04
2015-06-28 16:34:55,398 Starting Live from 2015-03-05 to 2015-04-04
2015-06-28 17:06:05,434 Starting Training from 2015-03-20 to 2015-04-04
2015-06-28 17:07:39,263 Starting Live from 2015-04-05 to 2015-04-10
2015-06-28 17:11:35,316 Starting Q Learning for : 
2015-06-28 17:11:35,316 alpha = 0.5
2015-06-28 17:11:35,316 gamma = 0.6
2015-06-28 17:11:35,316 individual factor = 12
2015-06-28 17:11:35,316 zero range = 0.002
2015-06-28 17:11:35,316 greedy level = 10
2015-06-28 17:11:35,316 

2015-06-28 17:11:40,650 Starting Training from 2014-12-17 to 2015-01-01
2015-06-28 17:23:19,631 Starting Live from 2015-01-02 to 2015-02-01
2015-06-28 17:53:23,647 Starting Training from 2015-01-17 to 2015-02-01
2015-06-28 17:54:54,996 Starting Live from 2015-02-02 to 2015-03-04
2015-06-28 18:26:23,996 Starting Training from 2015-02-17 to 2015-03-04
2015-06-28 18:28:10,582 Starting Live from 2015-03-05 to 2015-04-04
2015-06-28 19:00:44,131 Starting Training from 2015-03-20 to 2015-04-04
2015-06-28 19:02:27,147 Starting Live from 2015-04-05 to 2015-04-10
2015-06-28 19:06:18,288 Starting Q Learning for : 
2015-06-28 19:06:18,289 alpha = 0.5
2015-06-28 19:06:18,289 gamma = 0.7
2015-06-28 19:06:18,289 individual factor = 12
2015-06-28 19:06:18,289 zero range = 0.002
2015-06-28 19:06:18,289 greedy level = 10
2015-06-28 19:06:18,289 

2015-06-28 19:06:23,390 Starting Training from 2014-12-17 to 2015-01-01
2015-06-28 19:18:37,982 Starting Live from 2015-01-02 to 2015-02-01
2015-06-28 19:49:17,499 Starting Training from 2015-01-17 to 2015-02-01
2015-06-28 19:50:47,598 Starting Live from 2015-02-02 to 2015-03-04
2015-06-28 20:21:58,263 Starting Training from 2015-02-17 to 2015-03-04
2015-06-28 20:23:42,901 Starting Live from 2015-03-05 to 2015-04-04
2015-06-28 20:53:19,134 Starting Training from 2015-03-20 to 2015-04-04
2015-06-28 20:55:10,914 Starting Live from 2015-04-05 to 2015-04-10
2015-06-28 20:58:46,864 Starting Q Learning for : 
2015-06-28 20:58:46,864 alpha = 0.5
2015-06-28 20:58:46,864 gamma = 0.8
2015-06-28 20:58:46,864 individual factor = 12
2015-06-28 20:58:46,864 zero range = 0.002
2015-06-28 20:58:46,864 greedy level = 10
2015-06-28 20:58:46,864 

2015-06-28 20:58:52,401 Starting Training from 2014-12-17 to 2015-01-01
2015-06-28 21:10:47,236 Starting Live from 2015-01-02 to 2015-02-01
2015-06-28 21:41:27,157 Starting Training from 2015-01-17 to 2015-02-01
2015-06-28 21:43:01,782 Starting Live from 2015-02-02 to 2015-03-04
2015-06-28 22:13:36,448 Starting Training from 2015-02-17 to 2015-03-04
2015-06-28 22:15:17,934 Starting Live from 2015-03-05 to 2015-04-04
