2015-06-20 02:08:51,680 Starting Q Learning for : 
2015-06-20 02:08:51,680 alpha = 0.5
2015-06-20 02:08:51,680 gamma = 0.1
2015-06-20 02:08:51,680 individual factor = 8
2015-06-20 02:08:51,681 zero range = 0.002
2015-06-20 02:08:51,681 greedy level = 5
2015-06-20 02:08:51,681 

2015-06-20 02:09:02,447 Starting Training from 2014-12-17 to 2015-01-01
2015-06-20 02:18:27,509 Starting Live from 2015-01-02 to 2015-02-01
2015-06-20 02:40:16,367 Starting Training from 2015-01-17 to 2015-02-01
2015-06-20 02:41:21,522 Starting Live from 2015-02-02 to 2015-03-04
2015-06-20 03:06:49,483 Starting Training from 2015-02-17 to 2015-03-04
2015-06-20 03:08:49,003 Starting Live from 2015-03-05 to 2015-04-04
2015-06-20 03:32:18,859 Starting Training from 2015-03-20 to 2015-04-04
2015-06-20 03:33:32,701 Starting Live from 2015-04-05 to 2015-04-10
2015-06-20 03:40:13,924 Starting Q Learning for : 
2015-06-20 03:40:13,926 alpha = 0.5
2015-06-20 03:40:13,926 gamma = 0.3
2015-06-20 03:40:13,926 individual factor = 8
2015-06-20 03:40:13,926 zero range = 0.002
2015-06-20 03:40:13,926 greedy level = 5
2015-06-20 03:40:13,926 

2015-06-20 03:40:19,358 Starting Training from 2014-12-17 to 2015-01-01
2015-06-20 03:49:50,769 Starting Live from 2015-01-02 to 2015-02-01
2015-06-20 04:12:48,680 Starting Training from 2015-01-17 to 2015-02-01
2015-06-20 04:14:08,819 Starting Live from 2015-02-02 to 2015-03-04
2015-06-20 04:40:15,750 Starting Training from 2015-02-17 to 2015-03-04
2015-06-20 04:41:49,507 Starting Live from 2015-03-05 to 2015-04-04
2015-06-20 05:05:20,903 Starting Training from 2015-03-20 to 2015-04-04
2015-06-20 05:06:38,128 Starting Live from 2015-04-05 to 2015-04-10
2015-06-20 05:13:33,318 Starting Q Learning for : 
2015-06-20 05:13:33,318 alpha = 0.5
2015-06-20 05:13:33,318 gamma = 0.5
2015-06-20 05:13:33,318 individual factor = 8
2015-06-20 05:13:33,318 zero range = 0.002
2015-06-20 05:13:33,318 greedy level = 5
2015-06-20 05:13:33,318 

2015-06-20 05:13:38,755 Starting Training from 2014-12-17 to 2015-01-01
2015-06-20 05:23:30,226 Starting Live from 2015-01-02 to 2015-02-01
2015-06-20 05:46:03,167 Starting Training from 2015-01-17 to 2015-02-01
2015-06-20 05:47:12,535 Starting Live from 2015-02-02 to 2015-03-04
2015-06-20 06:13:21,438 Starting Training from 2015-02-17 to 2015-03-04
2015-06-20 06:14:59,654 Starting Live from 2015-03-05 to 2015-04-04
2015-06-20 06:38:12,967 Starting Training from 2015-03-20 to 2015-04-04
2015-06-20 06:39:46,029 Starting Live from 2015-04-05 to 2015-04-10
2015-06-20 06:47:09,523 Starting Q Learning for : 
2015-06-20 06:47:09,523 alpha = 0.5
2015-06-20 06:47:09,523 gamma = 0.7
2015-06-20 06:47:09,523 individual factor = 8
2015-06-20 06:47:09,523 zero range = 0.002
2015-06-20 06:47:09,523 greedy level = 5
2015-06-20 06:47:09,523 

2015-06-20 06:47:14,109 Starting Training from 2014-12-17 to 2015-01-01
2015-06-20 06:56:17,822 Starting Live from 2015-01-02 to 2015-02-01
2015-06-20 07:19:04,947 Starting Training from 2015-01-17 to 2015-02-01
2015-06-20 07:20:12,894 Starting Live from 2015-02-02 to 2015-03-04
2015-06-20 07:45:18,461 Starting Training from 2015-02-17 to 2015-03-04
2015-06-20 07:47:03,744 Starting Live from 2015-03-05 to 2015-04-04
2015-06-20 08:06:16,818 Starting Training from 2015-03-20 to 2015-04-04
2015-06-20 08:08:47,588 Starting Live from 2015-04-05 to 2015-04-10
