2015-06-30 15:21:13,648 Starting mtm calculation
2015-06-30 15:21:13,648 Calculating mtm for 2014-12-01
2015-06-30 15:21:15,412 Calculating mtm for 2014-12-02
2015-06-30 15:21:15,771 Calculating mtm for 2014-12-03
2015-06-30 15:21:16,488 Calculating mtm for 2014-12-04
2015-06-30 15:21:18,171 Calculating mtm for 2014-12-05
2015-06-30 15:21:19,136 Calculating mtm for 2014-12-06
2015-06-30 15:21:19,141 Calculating mtm for 2014-12-07
2015-06-30 15:21:19,152 Calculating mtm for 2014-12-08
2015-06-30 15:21:20,274 Calculating mtm for 2014-12-09
2015-06-30 15:21:20,654 Calculating mtm for 2014-12-10
2015-06-30 15:21:21,124 Calculating mtm for 2014-12-11
2015-06-30 15:21:21,593 Calculating mtm for 2014-12-12
2015-06-30 15:21:23,330 Calculating mtm for 2014-12-13
2015-06-30 15:21:23,339 Calculating mtm for 2014-12-14
2015-06-30 15:21:23,342 Calculating mtm for 2014-12-15
2015-06-30 15:21:25,036 Calculating mtm for 2014-12-16
2015-06-30 15:21:25,408 Calculating mtm for 2014-12-17
2015-06-30 15:21:25,938 Calculating mtm for 2014-12-18
2015-06-30 15:21:26,799 Calculating mtm for 2014-12-19
2015-06-30 15:21:27,792 Calculating mtm for 2014-12-20
2015-06-30 15:21:27,795 Calculating mtm for 2014-12-21
2015-06-30 15:21:27,798 Calculating mtm for 2014-12-22
2015-06-30 15:21:28,630 Calculating mtm for 2014-12-23
2015-06-30 15:21:29,414 Calculating mtm for 2014-12-24
2015-06-30 15:21:30,450 Calculating mtm for 2014-12-25
2015-06-30 15:21:30,456 Calculating mtm for 2014-12-26
2015-06-30 15:21:31,128 Calculating mtm for 2014-12-27
2015-06-30 15:21:31,131 Calculating mtm for 2014-12-28
2015-06-30 15:21:31,134 Calculating mtm for 2014-12-29
2015-06-30 15:21:31,495 Calculating mtm for 2014-12-30
2015-06-30 15:21:31,730 Calculating mtm for 2014-12-31
2015-06-30 15:21:32,805 Calculating mtm for 2015-01-01
2015-06-30 15:21:33,282 Calculating mtm for 2015-01-02
2015-06-30 15:21:34,002 Calculating mtm for 2015-01-03
2015-06-30 15:21:34,006 Calculating mtm for 2015-01-04
2015-06-30 15:21:34,009 Calculating mtm for 2015-01-05
2015-06-30 15:21:35,548 Calculating mtm for 2015-01-06
2015-06-30 15:21:36,010 Calculating mtm for 2015-01-07
2015-06-30 15:21:36,875 Calculating mtm for 2015-01-08
2015-06-30 15:21:37,445 Calculating mtm for 2015-01-09
2015-06-30 15:21:39,517 Calculating mtm for 2015-01-10
2015-06-30 15:21:39,522 Calculating mtm for 2015-01-11
2015-06-30 15:21:39,536 Calculating mtm for 2015-01-12
2015-06-30 15:21:40,269 Calculating mtm for 2015-01-13
2015-06-30 15:21:40,656 Calculating mtm for 2015-01-14
2015-06-30 15:21:41,546 Calculating mtm for 2015-01-15
2015-06-30 15:21:41,926 Calculating mtm for 2015-01-16
2015-06-30 15:21:42,871 Calculating mtm for 2015-01-17
2015-06-30 15:21:42,874 Calculating mtm for 2015-01-18
2015-06-30 15:21:42,876 Calculating mtm for 2015-01-19
2015-06-30 15:21:43,945 Calculating mtm for 2015-01-20
2015-06-30 15:21:45,366 Calculating mtm for 2015-01-21
2015-06-30 15:21:46,168 Calculating mtm for 2015-01-22
2015-06-30 15:21:47,048 Calculating mtm for 2015-01-23
2015-06-30 15:21:48,164 Calculating mtm for 2015-01-24
2015-06-30 15:21:48,168 Calculating mtm for 2015-01-25
2015-06-30 15:21:48,171 Calculating mtm for 2015-01-26
2015-06-30 15:21:48,173 Calculating mtm for 2015-01-27
2015-06-30 15:21:49,057 Calculating mtm for 2015-01-28
2015-06-30 15:21:49,572 Calculating mtm for 2015-01-29
2015-06-30 15:21:50,498 Calculating mtm for 2015-01-30
2015-06-30 15:21:50,741 Calculating mtm for 2015-01-31
2015-06-30 15:21:50,746 Calculating mtm for 2015-02-01
2015-06-30 15:21:50,748 Calculating mtm for 2015-02-02
2015-06-30 15:21:51,008 Calculating mtm for 2015-02-03
2015-06-30 15:21:52,661 Calculating mtm for 2015-02-04
2015-06-30 15:21:54,263 Calculating mtm for 2015-02-05
2015-06-30 15:21:54,666 Calculating mtm for 2015-02-06
2015-06-30 15:21:55,251 Calculating mtm for 2015-02-07
2015-06-30 15:21:55,254 Calculating mtm for 2015-02-08
2015-06-30 15:21:55,256 Calculating mtm for 2015-02-09
2015-06-30 15:21:56,202 Calculating mtm for 2015-02-10
2015-06-30 15:21:56,446 Updating ranks for walkforward - 1
2015-06-30 15:22:14,740 Updating ranks for walkforward - 2
2015-06-30 15:22:32,128 Updating ranks for walkforward - 3
2015-06-30 15:22:49,895 Done Ranking. Calling processes now.
2015-06-30 15:22:49,896 Starting Q Learning for : 
2015-06-30 15:22:49,896 Starting Q Learning for : 
2015-06-30 15:22:49,896 Starting Q Learning for : 
2015-06-30 15:22:49,897 alpha = 0.2
2015-06-30 15:22:49,897 gamma = 0.3
2015-06-30 15:22:49,897 alpha = 0.4
2015-06-30 15:22:49,897 alpha = 0.5
2015-06-30 15:22:49,897 individual factor = 10
2015-06-30 15:22:49,897 zero range = 0.002
2015-06-30 15:22:49,897 gamma = 0.1
2015-06-30 15:22:49,897 gamma = 0.5
2015-06-30 15:22:49,897 greedy level = 5
2015-06-30 15:22:49,897 

2015-06-30 15:22:49,897 individual factor = 10
2015-06-30 15:22:49,897 individual factor = 10
2015-06-30 15:22:49,897 zero range = 0.002
2015-06-30 15:22:49,897 zero range = 0.002
2015-06-30 15:22:49,897 greedy level = 5
2015-06-30 15:22:49,897 greedy level = 5
2015-06-30 15:22:49,897 

2015-06-30 15:22:49,897 

2015-06-30 15:22:51,630 Starting Training from 2015-01-01 to 2015-01-31
2015-06-30 15:22:51,630 Starting Training from 2015-01-01 to 2015-01-31
2015-06-30 15:22:51,655 Starting Training from 2015-01-01 to 2015-01-31
2015-06-30 15:40:59,532 Starting Live from 2015-02-01 to 2015-03-03
2015-06-30 15:41:03,001 Starting Live from 2015-02-01 to 2015-03-03
2015-06-30 15:41:06,919 Starting Live from 2015-02-01 to 2015-03-03
2015-06-30 15:58:52,524 Starting Training from 2015-02-01 to 2015-03-03
2015-06-30 15:59:03,697 Starting Training from 2015-02-01 to 2015-03-03
2015-06-30 15:59:28,637 Starting Training from 2015-02-01 to 2015-03-03
2015-06-30 16:00:19,379 Starting Live from 2015-03-04 to 2015-04-03
2015-06-30 16:00:31,591 Starting Live from 2015-03-04 to 2015-04-03
2015-06-30 16:00:56,484 Starting Live from 2015-03-04 to 2015-04-03
2015-06-30 16:22:09,213 Starting Training from 2015-03-04 to 2015-04-03
2015-06-30 16:24:13,978 Starting Training from 2015-03-04 to 2015-04-03
2015-06-30 16:24:31,550 Starting Training from 2015-03-04 to 2015-04-03
2015-06-30 16:26:53,750 Starting Live from 2015-04-04 to 2015-04-10
2015-06-30 16:27:35,627 Starting Live from 2015-04-04 to 2015-04-10
2015-06-30 16:28:06,048 Starting Live from 2015-04-04 to 2015-04-10
2015-06-30 16:31:19,561 Starting Q Learning for : 
2015-06-30 16:31:19,561 alpha = 0.2
2015-06-30 16:31:19,561 gamma = 0.4
2015-06-30 16:31:19,561 individual factor = 10
2015-06-30 16:31:19,561 zero range = 0.002
2015-06-30 16:31:19,561 greedy level = 5
2015-06-30 16:31:19,561 

2015-06-30 16:31:20,879 Starting Training from 2015-01-01 to 2015-01-31
2015-06-30 16:31:52,414 Starting Q Learning for : 
2015-06-30 16:31:52,415 alpha = 0.5
2015-06-30 16:31:52,415 gamma = 0.2
2015-06-30 16:31:52,415 individual factor = 10
2015-06-30 16:31:52,415 zero range = 0.002
2015-06-30 16:31:52,415 greedy level = 5
2015-06-30 16:31:52,415 

2015-06-30 16:31:53,728 Starting Training from 2015-01-01 to 2015-01-31
2015-06-30 16:32:55,895 Starting Q Learning for : 
2015-06-30 16:32:55,895 alpha = 0.4
2015-06-30 16:32:55,895 gamma = 0.6
2015-06-30 16:32:55,895 individual factor = 10
2015-06-30 16:32:55,895 zero range = 0.002
2015-06-30 16:32:55,895 greedy level = 5
2015-06-30 16:32:55,895 

2015-06-30 16:32:57,924 Starting Training from 2015-01-01 to 2015-01-31
2015-06-30 16:50:56,293 Starting Live from 2015-02-01 to 2015-03-03
2015-06-30 16:51:25,954 Starting Live from 2015-02-01 to 2015-03-03
2015-06-30 16:52:31,840 Starting Live from 2015-02-01 to 2015-03-03
2015-06-30 17:07:48,367 Starting Training from 2015-02-01 to 2015-03-03
2015-06-30 17:08:17,941 Starting Training from 2015-02-01 to 2015-03-03
2015-06-30 17:09:08,036 Starting Live from 2015-03-04 to 2015-04-03
2015-06-30 17:09:38,170 Starting Live from 2015-03-04 to 2015-04-03
2015-06-30 17:09:49,406 Starting Training from 2015-02-01 to 2015-03-03
2015-06-30 17:11:11,904 Starting Live from 2015-03-04 to 2015-04-03
2015-06-30 17:29:50,476 Starting Training from 2015-03-04 to 2015-04-03
2015-06-30 17:30:51,831 Starting Training from 2015-03-04 to 2015-04-03
2015-06-30 17:32:58,669 Starting Training from 2015-03-04 to 2015-04-03
2015-06-30 17:34:47,245 Starting Live from 2015-04-04 to 2015-04-10
2015-06-30 17:35:36,657 Starting Live from 2015-04-04 to 2015-04-10
2015-06-30 17:36:00,895 Starting Live from 2015-04-04 to 2015-04-10
2015-06-30 17:39:14,241 Starting Q Learning for : 
2015-06-30 17:39:14,241 alpha = 0.2
2015-06-30 17:39:14,241 gamma = 0.5
2015-06-30 17:39:14,241 individual factor = 10
2015-06-30 17:39:14,241 zero range = 0.002
2015-06-30 17:39:14,241 greedy level = 5
2015-06-30 17:39:14,241 

2015-06-30 17:39:17,560 Starting Training from 2015-01-01 to 2015-01-31
2015-06-30 17:40:12,739 Starting Q Learning for : 
2015-06-30 17:40:12,739 alpha = 0.4
2015-06-30 17:40:12,739 gamma = 0.7
2015-06-30 17:40:12,739 individual factor = 10
2015-06-30 17:40:12,739 zero range = 0.002
2015-06-30 17:40:12,739 greedy level = 5
2015-06-30 17:40:12,739 

2015-06-30 17:40:13,861 Starting Training from 2015-01-01 to 2015-01-31
2015-06-30 17:40:17,702 Starting Q Learning for : 
2015-06-30 17:40:17,702 alpha = 0.5
2015-06-30 17:40:17,702 gamma = 0.3
2015-06-30 17:40:17,702 individual factor = 10
2015-06-30 17:40:17,702 zero range = 0.002
2015-06-30 17:40:17,702 greedy level = 5
2015-06-30 17:40:17,702 

2015-06-30 17:40:19,198 Starting Training from 2015-01-01 to 2015-01-31
2015-06-30 17:58:07,490 Starting Live from 2015-02-01 to 2015-03-03
2015-06-30 17:58:54,890 Starting Live from 2015-02-01 to 2015-03-03
2015-06-30 17:59:03,487 Starting Live from 2015-02-01 to 2015-03-03
2015-06-30 18:14:42,980 Starting Training from 2015-02-01 to 2015-03-03
2015-06-30 18:15:03,445 Starting Training from 2015-02-01 to 2015-03-03
2015-06-30 18:15:55,268 Starting Training from 2015-02-01 to 2015-03-03
2015-06-30 18:16:14,298 Starting Live from 2015-03-04 to 2015-04-03
2015-06-30 18:16:32,452 Starting Live from 2015-03-04 to 2015-04-03
2015-06-30 18:17:21,597 Starting Live from 2015-03-04 to 2015-04-03
2015-06-30 18:28:24,922 Starting Training from 2015-03-04 to 2015-04-03
2015-06-30 18:35:09,036 Starting Live from 2015-04-04 to 2015-04-10
2015-06-30 18:35:58,354 Starting Training from 2015-03-04 to 2015-04-03
2015-06-30 18:37:00,597 Starting Training from 2015-03-04 to 2015-04-03
2015-06-30 18:38:05,359 Starting Q Learning for : 
2015-06-30 18:38:05,359 alpha = 0.4
2015-06-30 18:38:05,359 gamma = 0.8
2015-06-30 18:38:05,359 individual factor = 10
2015-06-30 18:38:05,359 zero range = 0.002
2015-06-30 18:38:05,359 greedy level = 5
2015-06-30 18:38:05,359 

2015-06-30 18:38:06,612 Starting Training from 2015-01-01 to 2015-01-31
2015-06-30 18:38:55,888 Starting Live from 2015-04-04 to 2015-04-10
2015-06-30 18:39:49,736 Starting Live from 2015-04-04 to 2015-04-10
2015-06-30 18:44:39,878 Starting Q Learning for : 
2015-06-30 18:44:39,878 alpha = 0.2
2015-06-30 18:44:39,878 gamma = 0.6
2015-06-30 18:44:39,878 individual factor = 10
2015-06-30 18:44:39,878 zero range = 0.002
2015-06-30 18:44:39,878 greedy level = 5
2015-06-30 18:44:39,878 

2015-06-30 18:44:41,374 Starting Training from 2015-01-01 to 2015-01-31
2015-06-30 18:45:38,711 Starting Q Learning for : 
2015-06-30 18:45:38,712 alpha = 0.5
2015-06-30 18:45:38,712 gamma = 0.4
2015-06-30 18:45:38,712 individual factor = 10
2015-06-30 18:45:38,712 zero range = 0.002
2015-06-30 18:45:38,712 greedy level = 5
2015-06-30 18:45:38,712 

2015-06-30 18:45:40,223 Starting Training from 2015-01-01 to 2015-01-31
2015-06-30 18:56:16,971 Starting Live from 2015-02-01 to 2015-03-03
2015-06-30 19:02:45,918 Starting Live from 2015-02-01 to 2015-03-03
2015-06-30 19:03:37,435 Starting Live from 2015-02-01 to 2015-03-03
2015-06-30 19:10:19,629 Starting Training from 2015-02-01 to 2015-03-03
2015-06-30 19:11:45,352 Starting Live from 2015-03-04 to 2015-04-03
2015-06-30 19:19:14,545 Starting Training from 2015-02-01 to 2015-03-03
2015-06-30 19:19:22,965 Starting Training from 2015-03-04 to 2015-04-03
2015-06-30 19:20:09,694 Starting Training from 2015-02-01 to 2015-03-03
2015-06-30 19:20:41,576 Starting Live from 2015-03-04 to 2015-04-03
2015-06-30 19:21:33,732 Starting Live from 2015-03-04 to 2015-04-03
2015-06-30 19:28:38,935 Starting Live from 2015-04-04 to 2015-04-10
2015-06-30 19:31:06,108 Starting Q Learning for : 
2015-06-30 19:31:06,108 alpha = 0.6
2015-06-30 19:31:06,108 gamma = 0.1
2015-06-30 19:31:06,108 individual factor = 10
2015-06-30 19:31:06,108 zero range = 0.002
2015-06-30 19:31:06,108 greedy level = 5
2015-06-30 19:31:06,108 

2015-06-30 19:31:07,423 Starting Training from 2015-01-01 to 2015-01-31
2015-06-30 19:39:08,356 Starting Training from 2015-03-04 to 2015-04-03
2015-06-30 19:41:37,385 Starting Training from 2015-03-04 to 2015-04-03
2015-06-30 19:41:41,042 Starting Live from 2015-04-04 to 2015-04-10
2015-06-30 19:43:42,899 Starting Live from 2015-04-04 to 2015-04-10
2015-06-30 19:45:34,375 Starting Q Learning for : 
2015-06-30 19:45:34,376 alpha = 0.2
2015-06-30 19:45:34,376 gamma = 0.7
2015-06-30 19:45:34,376 individual factor = 10
2015-06-30 19:45:34,376 zero range = 0.002
2015-06-30 19:45:34,376 greedy level = 5
2015-06-30 19:45:34,376 

2015-06-30 19:45:35,774 Starting Training from 2015-01-01 to 2015-01-31
2015-06-30 19:48:12,839 Starting Q Learning for : 
2015-06-30 19:48:12,839 alpha = 0.5
2015-06-30 19:48:12,839 gamma = 0.5
2015-06-30 19:48:12,839 individual factor = 10
2015-06-30 19:48:12,839 zero range = 0.002
2015-06-30 19:48:12,839 greedy level = 5
2015-06-30 19:48:12,839 

2015-06-30 19:48:14,131 Starting Training from 2015-01-01 to 2015-01-31
2015-06-30 19:49:07,676 Starting Live from 2015-02-01 to 2015-03-03
2015-06-30 20:03:09,051 Starting Live from 2015-02-01 to 2015-03-03
2015-06-30 20:04:43,291 Starting Training from 2015-02-01 to 2015-03-03
2015-06-30 20:05:41,197 Starting Live from 2015-02-01 to 2015-03-03
2015-06-30 20:07:35,576 Starting Live from 2015-03-04 to 2015-04-03
2015-06-30 20:18:49,457 Starting Training from 2015-02-01 to 2015-03-03
2015-06-30 20:20:10,861 Starting Live from 2015-03-04 to 2015-04-03
2015-06-30 20:21:55,523 Starting Training from 2015-02-01 to 2015-03-03
2015-06-30 20:24:44,697 Starting Live from 2015-03-04 to 2015-04-03
2015-06-30 20:28:42,119 Starting Training from 2015-03-04 to 2015-04-03
2015-06-30 20:31:59,485 Starting Live from 2015-04-04 to 2015-04-10
2015-06-30 20:33:39,271 Starting Training from 2015-03-04 to 2015-04-03
2015-06-30 20:37:34,607 Starting Q Learning for : 
2015-06-30 20:37:34,607 alpha = 0.6
2015-06-30 20:37:34,607 gamma = 0.2
2015-06-30 20:37:34,607 individual factor = 10
2015-06-30 20:37:34,608 zero range = 0.002
2015-06-30 20:37:34,608 greedy level = 5
2015-06-30 20:37:34,608 

2015-06-30 20:37:37,102 Starting Training from 2015-01-01 to 2015-01-31
2015-06-30 20:40:00,329 Starting Live from 2015-04-04 to 2015-04-10
2015-06-30 20:44:22,793 Starting Q Learning for : 
2015-06-30 20:44:22,793 alpha = 0.2
2015-06-30 20:44:22,793 gamma = 0.8
2015-06-30 20:44:22,793 individual factor = 10
2015-06-30 20:44:22,793 zero range = 0.002
2015-06-30 20:44:22,793 greedy level = 5
2015-06-30 20:44:22,793 

2015-06-30 20:44:24,666 Starting Training from 2015-01-01 to 2015-01-31
2015-06-30 20:46:44,822 Starting Training from 2015-03-04 to 2015-04-03
2015-06-30 20:49:34,980 Starting Live from 2015-04-04 to 2015-04-10
2015-06-30 20:53:52,729 Starting Q Learning for : 
2015-06-30 20:53:52,729 alpha = 0.5
2015-06-30 20:53:52,729 gamma = 0.6
2015-06-30 20:53:52,729 individual factor = 10
2015-06-30 20:53:52,729 zero range = 0.002
2015-06-30 20:53:52,729 greedy level = 5
2015-06-30 20:53:52,729 

2015-06-30 20:53:54,227 Starting Training from 2015-01-01 to 2015-01-31
2015-06-30 20:55:49,628 Starting Live from 2015-02-01 to 2015-03-03
2015-06-30 21:02:34,405 Starting Live from 2015-02-01 to 2015-03-03
2015-06-30 21:12:01,663 Starting Live from 2015-02-01 to 2015-03-03
2015-06-30 21:12:26,419 Starting Training from 2015-02-01 to 2015-03-03
2015-06-30 21:13:49,593 Starting Live from 2015-03-04 to 2015-04-03
2015-06-30 21:15:31,918 Starting Training from 2015-02-01 to 2015-03-03
2015-06-30 21:18:20,401 Starting Live from 2015-03-04 to 2015-04-03
2015-06-30 21:25:08,651 Starting Training from 2015-03-04 to 2015-04-03
2015-06-30 21:28:50,210 Starting Training from 2015-02-01 to 2015-03-03
2015-06-30 21:30:07,627 Starting Live from 2015-03-04 to 2015-04-03
2015-06-30 21:35:47,246 Starting Live from 2015-04-04 to 2015-04-10
2015-06-30 21:35:51,334 Starting Training from 2015-03-04 to 2015-04-03
2015-06-30 21:38:01,258 Starting Live from 2015-04-04 to 2015-04-10
2015-06-30 21:38:17,757 Starting Q Learning for : 
2015-06-30 21:38:17,757 alpha = 0.4
2015-06-30 21:38:17,757 gamma = 0.1
2015-06-30 21:38:17,757 individual factor = 10
2015-06-30 21:38:17,757 zero range = 0.002
2015-06-30 21:38:17,757 greedy level = 5
2015-06-30 21:38:17,757 

2015-06-30 21:38:19,413 Starting Training from 2015-01-01 to 2015-01-31
2015-06-30 21:42:22,414 Starting Q Learning for : 
2015-06-30 21:42:22,414 alpha = 0.6
2015-06-30 21:42:22,414 gamma = 0.3
2015-06-30 21:42:22,414 individual factor = 10
2015-06-30 21:42:22,414 zero range = 0.002
2015-06-30 21:42:22,414 greedy level = 5
2015-06-30 21:42:22,414 

2015-06-30 21:42:25,979 Starting Training from 2015-01-01 to 2015-01-31
2015-06-30 21:51:08,096 Starting Training from 2015-03-04 to 2015-04-03
2015-06-30 21:53:53,302 Starting Live from 2015-04-04 to 2015-04-10
2015-06-30 21:56:39,702 Starting Live from 2015-02-01 to 2015-03-03
2015-06-30 21:57:59,722 Starting Q Learning for : 
2015-06-30 21:57:59,722 alpha = 0.5
2015-06-30 21:57:59,722 gamma = 0.7
2015-06-30 21:57:59,722 individual factor = 10
2015-06-30 21:57:59,723 zero range = 0.002
2015-06-30 21:57:59,723 greedy level = 5
2015-06-30 21:57:59,723 

2015-06-30 21:58:00,765 Starting Training from 2015-01-01 to 2015-01-31
2015-06-30 22:00:39,186 Starting Live from 2015-02-01 to 2015-03-03
2015-06-30 22:14:10,612 Starting Training from 2015-02-01 to 2015-03-03
2015-06-30 22:15:48,693 Starting Live from 2015-03-04 to 2015-04-03
2015-06-30 22:16:45,829 Starting Live from 2015-02-01 to 2015-03-03
2015-06-30 22:18:05,746 Starting Training from 2015-02-01 to 2015-03-03
2015-06-30 22:19:23,670 Starting Live from 2015-03-04 to 2015-04-03
2015-06-30 22:32:07,885 Starting Training from 2015-02-01 to 2015-03-03
2015-06-30 22:33:29,045 Starting Live from 2015-03-04 to 2015-04-03
2015-06-30 22:36:35,475 Starting Training from 2015-03-04 to 2015-04-03
2015-06-30 22:38:06,055 Starting Live from 2015-04-04 to 2015-04-10
2015-06-30 22:39:53,398 Starting Training from 2015-03-04 to 2015-04-03
2015-06-30 22:43:50,463 Starting Q Learning for : 
2015-06-30 22:43:50,463 alpha = 0.4
2015-06-30 22:43:50,463 gamma = 0.2
2015-06-30 22:43:50,463 individual factor = 10
2015-06-30 22:43:50,463 zero range = 0.002
2015-06-30 22:43:50,463 greedy level = 5
2015-06-30 22:43:50,464 

2015-06-30 22:43:53,545 Starting Training from 2015-01-01 to 2015-01-31
2015-06-30 22:44:18,156 Starting Live from 2015-04-04 to 2015-04-10
2015-06-30 22:46:34,405 Starting Training from 2015-03-04 to 2015-04-03
2015-06-30 22:48:33,540 Starting Q Learning for : 
2015-06-30 22:48:33,540 alpha = 0.6
2015-06-30 22:48:33,540 gamma = 0.4
2015-06-30 22:48:33,540 individual factor = 10
2015-06-30 22:48:33,540 zero range = 0.002
2015-06-30 22:48:33,540 greedy level = 5
2015-06-30 22:48:33,540 

2015-06-30 22:48:35,507 Starting Training from 2015-01-01 to 2015-01-31
2015-06-30 22:52:10,202 Starting Live from 2015-04-04 to 2015-04-10
2015-06-30 22:54:51,442 Starting Q Learning for : 
2015-06-30 22:54:51,442 alpha = 0.5
2015-06-30 22:54:51,442 gamma = 0.8
2015-06-30 22:54:51,442 individual factor = 10
2015-06-30 22:54:51,442 zero range = 0.002
2015-06-30 22:54:51,442 greedy level = 5
2015-06-30 22:54:51,442 

2015-06-30 22:54:53,553 Starting Training from 2015-01-01 to 2015-01-31
2015-06-30 23:02:29,651 Starting Live from 2015-02-01 to 2015-03-03
2015-06-30 23:07:01,049 Starting Live from 2015-02-01 to 2015-03-03
2015-06-30 23:13:33,818 Starting Live from 2015-02-01 to 2015-03-03
2015-06-30 23:19:15,693 Starting Training from 2015-02-01 to 2015-03-03
2015-06-30 23:20:39,843 Starting Live from 2015-03-04 to 2015-04-03
2015-06-30 23:24:03,612 Starting Training from 2015-02-01 to 2015-03-03
2015-06-30 23:25:27,826 Starting Live from 2015-03-04 to 2015-04-03
2015-06-30 23:26:54,614 Starting Training from 2015-02-01 to 2015-03-03
2015-06-30 23:28:16,378 Starting Live from 2015-03-04 to 2015-04-03
2015-06-30 23:36:38,185 Starting Training from 2015-03-04 to 2015-04-03
2015-06-30 23:41:32,394 Starting Training from 2015-03-04 to 2015-04-03
2015-06-30 23:43:59,051 Starting Live from 2015-04-04 to 2015-04-10
2015-06-30 23:46:03,148 Starting Live from 2015-04-04 to 2015-04-10
2015-06-30 23:46:31,125 Starting Training from 2015-03-04 to 2015-04-03
2015-06-30 23:48:39,536 Starting Live from 2015-04-04 to 2015-04-10
2015-06-30 23:48:46,113 Starting Q Learning for : 
2015-06-30 23:48:46,113 alpha = 0.4
2015-06-30 23:48:46,113 gamma = 0.3
2015-06-30 23:48:46,113 individual factor = 10
2015-06-30 23:48:46,113 zero range = 0.002
2015-06-30 23:48:46,113 greedy level = 5
2015-06-30 23:48:46,113 

2015-06-30 23:48:47,417 Starting Training from 2015-01-01 to 2015-01-31
2015-06-30 23:48:58,702 Starting Q Learning for : 
2015-06-30 23:48:58,702 alpha = 0.2
2015-06-30 23:48:58,702 gamma = 0.1
2015-06-30 23:48:58,702 individual factor = 10
2015-06-30 23:48:58,702 zero range = 0.002
2015-06-30 23:48:58,702 greedy level = 5
2015-06-30 23:48:58,702 

2015-06-30 23:49:01,025 Starting Training from 2015-01-01 to 2015-01-31
2015-06-30 23:54:35,627 Starting Q Learning for : 
2015-06-30 23:54:35,627 alpha = 0.6
2015-06-30 23:54:35,627 gamma = 0.5
2015-06-30 23:54:35,627 individual factor = 10
2015-06-30 23:54:35,627 zero range = 0.002
2015-06-30 23:54:35,627 greedy level = 5
2015-06-30 23:54:35,627 

2015-06-30 23:54:37,398 Starting Training from 2015-01-01 to 2015-01-31
2015-07-01 00:06:49,149 Starting Live from 2015-02-01 to 2015-03-03
2015-07-01 00:07:02,874 Starting Live from 2015-02-01 to 2015-03-03
2015-07-01 00:12:45,518 Starting Live from 2015-02-01 to 2015-03-03
2015-07-01 00:23:25,326 Starting Training from 2015-02-01 to 2015-03-03
2015-07-01 00:24:03,125 Starting Training from 2015-02-01 to 2015-03-03
2015-07-01 00:26:52,116 Starting Live from 2015-03-04 to 2015-04-03
2015-07-01 00:27:44,161 Starting Live from 2015-03-04 to 2015-04-03
2015-07-01 00:29:11,201 Starting Training from 2015-02-01 to 2015-03-03
2015-07-01 00:30:33,603 Starting Live from 2015-03-04 to 2015-04-03
2015-07-01 00:48:30,122 Starting Training from 2015-03-04 to 2015-04-03
2015-07-01 00:49:36,615 Starting Training from 2015-03-04 to 2015-04-03
2015-07-01 00:50:27,712 Starting Training from 2015-03-04 to 2015-04-03
2015-07-01 00:50:40,104 Starting Live from 2015-04-04 to 2015-04-10
2015-07-01 00:51:25,162 Starting Live from 2015-04-04 to 2015-04-10
2015-07-01 00:52:40,456 Starting Live from 2015-04-04 to 2015-04-10
2015-07-01 00:55:13,127 Starting Q Learning for : 
2015-07-01 00:55:13,127 alpha = 0.2
2015-07-01 00:55:13,127 gamma = 0.2
2015-07-01 00:55:13,127 individual factor = 10
2015-07-01 00:55:13,127 zero range = 0.002
2015-07-01 00:55:13,127 greedy level = 5
2015-07-01 00:55:13,127 

2015-07-01 00:55:14,670 Starting Training from 2015-01-01 to 2015-01-31
2015-07-01 00:55:58,069 Starting Q Learning for : 
2015-07-01 00:55:58,070 alpha = 0.4
2015-07-01 00:55:58,070 gamma = 0.4
2015-07-01 00:55:58,070 individual factor = 10
2015-07-01 00:55:58,070 zero range = 0.002
2015-07-01 00:55:58,070 greedy level = 5
2015-07-01 00:55:58,070 

2015-07-01 00:55:59,714 Starting Training from 2015-01-01 to 2015-01-31
2015-07-01 00:57:10,779 Starting Q Learning for : 
2015-07-01 00:57:10,780 alpha = 0.6
2015-07-01 00:57:10,780 gamma = 0.6
2015-07-01 00:57:10,780 individual factor = 10
2015-07-01 00:57:10,780 zero range = 0.002
2015-07-01 00:57:10,780 greedy level = 5
2015-07-01 00:57:10,780 

2015-07-01 00:57:12,473 Starting Training from 2015-01-01 to 2015-01-31
2015-07-01 01:13:36,882 Starting Live from 2015-02-01 to 2015-03-03
2015-07-01 01:14:23,788 Starting Live from 2015-02-01 to 2015-03-03
2015-07-01 01:15:29,602 Starting Live from 2015-02-01 to 2015-03-03
2015-07-01 01:30:03,259 Starting Training from 2015-02-01 to 2015-03-03
2015-07-01 01:31:27,505 Starting Live from 2015-03-04 to 2015-04-03
2015-07-01 01:31:30,530 Starting Training from 2015-02-01 to 2015-03-03
2015-07-01 01:31:55,786 Starting Training from 2015-02-01 to 2015-03-03
2015-07-01 01:32:52,464 Starting Live from 2015-03-04 to 2015-04-03
2015-07-01 01:33:33,153 Starting Live from 2015-03-04 to 2015-04-03
2015-07-01 01:53:50,691 Starting Training from 2015-03-04 to 2015-04-03
2015-07-01 01:55:47,507 Starting Training from 2015-03-04 to 2015-04-03
2015-07-01 01:56:05,261 Starting Training from 2015-03-04 to 2015-04-03
2015-07-01 01:57:07,592 Starting Live from 2015-04-04 to 2015-04-10
2015-07-01 01:57:48,196 Starting Live from 2015-04-04 to 2015-04-10
2015-07-01 01:58:52,957 Starting Live from 2015-04-04 to 2015-04-10
2015-07-01 02:01:57,588 Starting Q Learning for : 
2015-07-01 02:01:57,588 alpha = 0.6
2015-07-01 02:01:57,588 gamma = 0.7
2015-07-01 02:01:57,588 individual factor = 10
2015-07-01 02:01:57,588 zero range = 0.002
2015-07-01 02:01:57,588 greedy level = 5
2015-07-01 02:01:57,588 

2015-07-01 02:01:59,703 Starting Training from 2015-01-01 to 2015-01-31
2015-07-01 02:02:02,912 Starting Q Learning for : 
2015-07-01 02:02:02,912 alpha = 0.5
2015-07-01 02:02:02,912 gamma = 0.1
2015-07-01 02:02:02,912 individual factor = 10
2015-07-01 02:02:02,912 zero range = 0.006
2015-07-01 02:02:02,912 greedy level = 5
2015-07-01 02:02:02,913 

2015-07-01 02:02:04,223 Starting Training from 2015-01-01 to 2015-01-31
2015-07-01 02:03:13,431 Starting Q Learning for : 
2015-07-01 02:03:13,431 alpha = 0.2
2015-07-01 02:03:13,431 gamma = 0.3
2015-07-01 02:03:13,431 individual factor = 10
2015-07-01 02:03:13,431 zero range = 0.006
2015-07-01 02:03:13,431 greedy level = 5
2015-07-01 02:03:13,432 

2015-07-01 02:03:14,518 Starting Training from 2015-01-01 to 2015-01-31
2015-07-01 02:20:15,882 Starting Live from 2015-02-01 to 2015-03-03
2015-07-01 02:20:24,426 Starting Live from 2015-02-01 to 2015-03-03
2015-07-01 02:21:25,894 Starting Live from 2015-02-01 to 2015-03-03
2015-07-01 02:35:21,091 Starting Training from 2015-02-01 to 2015-03-03
2015-07-01 02:36:42,674 Starting Live from 2015-03-04 to 2015-04-03
2015-07-01 02:36:53,708 Starting Training from 2015-02-01 to 2015-03-03
2015-07-01 02:37:22,314 Starting Training from 2015-02-01 to 2015-03-03
2015-07-01 02:38:13,295 Starting Live from 2015-03-04 to 2015-04-03
2015-07-01 02:38:47,431 Starting Live from 2015-03-04 to 2015-04-03
2015-07-01 02:50:07,866 Starting Training from 2015-03-04 to 2015-04-03
2015-07-01 02:55:35,123 Starting Live from 2015-04-04 to 2015-04-10
2015-07-01 02:57:56,889 Starting Training from 2015-03-04 to 2015-04-03
2015-07-01 02:57:57,808 Starting Training from 2015-03-04 to 2015-04-03
2015-07-01 02:59:14,028 Starting Q Learning for : 
2015-07-01 02:59:14,028 alpha = 0.6
2015-07-01 02:59:14,028 gamma = 0.8
2015-07-01 02:59:14,028 individual factor = 10
2015-07-01 02:59:14,028 zero range = 0.002
2015-07-01 02:59:14,028 greedy level = 5
2015-07-01 02:59:14,028 

2015-07-01 02:59:15,569 Starting Training from 2015-01-01 to 2015-01-31
2015-07-01 03:00:49,288 Starting Live from 2015-04-04 to 2015-04-10
2015-07-01 03:02:44,106 Starting Live from 2015-04-04 to 2015-04-10
2015-07-01 03:06:03,582 Starting Q Learning for : 
2015-07-01 03:06:03,582 alpha = 0.5
2015-07-01 03:06:03,582 gamma = 0.2
2015-07-01 03:06:03,582 individual factor = 10
2015-07-01 03:06:03,582 zero range = 0.006
2015-07-01 03:06:03,582 greedy level = 5
2015-07-01 03:06:03,582 

2015-07-01 03:06:05,428 Starting Training from 2015-01-01 to 2015-01-31
2015-07-01 03:07:21,904 Starting Q Learning for : 
2015-07-01 03:07:21,904 alpha = 0.2
2015-07-01 03:07:21,904 gamma = 0.4
2015-07-01 03:07:21,904 individual factor = 10
2015-07-01 03:07:21,904 zero range = 0.006
2015-07-01 03:07:21,904 greedy level = 5
2015-07-01 03:07:21,904 

2015-07-01 03:07:23,326 Starting Training from 2015-01-01 to 2015-01-31
2015-07-01 03:19:05,154 Starting Live from 2015-02-01 to 2015-03-03
2015-07-01 03:24:24,650 Starting Live from 2015-02-01 to 2015-03-03
2015-07-01 03:25:31,417 Starting Live from 2015-02-01 to 2015-03-03
2015-07-01 03:30:44,422 Starting Training from 2015-02-01 to 2015-03-03
2015-07-01 03:32:05,527 Starting Live from 2015-03-04 to 2015-04-03
2015-07-01 03:40:01,799 Starting Training from 2015-03-04 to 2015-04-03
2015-07-01 03:40:19,550 Starting Training from 2015-02-01 to 2015-03-03
2015-07-01 03:41:37,168 Starting Live from 2015-03-04 to 2015-04-03
2015-07-01 03:41:53,549 Starting Training from 2015-02-01 to 2015-03-03
2015-07-01 03:43:18,796 Starting Live from 2015-03-04 to 2015-04-03
2015-07-01 03:48:47,879 Starting Live from 2015-04-04 to 2015-04-10
2015-07-01 03:51:15,198 Starting Q Learning for : 
2015-07-01 03:51:15,198 alpha = 0.8
2015-07-01 03:51:15,198 gamma = 0.1
2015-07-01 03:51:15,198 individual factor = 10
2015-07-01 03:51:15,198 zero range = 0.002
2015-07-01 03:51:15,198 greedy level = 5
2015-07-01 03:51:15,198 

2015-07-01 03:51:16,540 Starting Training from 2015-01-01 to 2015-01-31
2015-07-01 04:02:32,248 Starting Training from 2015-03-04 to 2015-04-03
2015-07-01 04:02:34,789 Starting Training from 2015-03-04 to 2015-04-03
2015-07-01 04:04:41,873 Starting Live from 2015-04-04 to 2015-04-10
2015-07-01 04:04:53,037 Starting Live from 2015-04-04 to 2015-04-10
2015-07-01 04:08:03,912 Starting Live from 2015-02-01 to 2015-03-03
2015-07-01 04:09:30,150 Starting Q Learning for : 
2015-07-01 04:09:30,150 alpha = 0.2
2015-07-01 04:09:30,150 gamma = 0.5
2015-07-01 04:09:30,150 individual factor = 10
2015-07-01 04:09:30,150 zero range = 0.006
2015-07-01 04:09:30,150 greedy level = 5
2015-07-01 04:09:30,150 

2015-07-01 04:09:33,706 Starting Training from 2015-01-01 to 2015-01-31
2015-07-01 04:10:10,911 Starting Q Learning for : 
2015-07-01 04:10:10,911 alpha = 0.5
2015-07-01 04:10:10,911 gamma = 0.3
2015-07-01 04:10:10,911 individual factor = 10
2015-07-01 04:10:10,911 zero range = 0.006
2015-07-01 04:10:10,912 greedy level = 5
2015-07-01 04:10:10,912 

2015-07-01 04:10:13,944 Starting Training from 2015-01-01 to 2015-01-31
2015-07-01 04:25:10,379 Starting Training from 2015-02-01 to 2015-03-03
2015-07-01 04:28:47,203 Starting Live from 2015-03-04 to 2015-04-03
2015-07-01 04:29:13,965 Starting Live from 2015-02-01 to 2015-03-03
2015-07-01 04:29:25,650 Starting Live from 2015-02-01 to 2015-03-03
2015-07-01 04:43:45,669 Starting Training from 2015-02-01 to 2015-03-03
2015-07-01 04:44:48,541 Starting Training from 2015-02-01 to 2015-03-03
2015-07-01 04:46:36,805 Starting Live from 2015-03-04 to 2015-04-03
2015-07-01 04:47:00,592 Starting Live from 2015-03-04 to 2015-04-03
2015-07-01 04:47:33,296 Starting Training from 2015-03-04 to 2015-04-03
2015-07-01 04:50:03,522 Starting Live from 2015-04-04 to 2015-04-10
2015-07-01 04:53:50,076 Starting Q Learning for : 
2015-07-01 04:53:50,076 alpha = 0.8
2015-07-01 04:53:50,076 gamma = 0.2
2015-07-01 04:53:50,076 individual factor = 10
2015-07-01 04:53:50,076 zero range = 0.002
2015-07-01 04:53:50,076 greedy level = 5
2015-07-01 04:53:50,076 

2015-07-01 04:53:51,639 Starting Training from 2015-01-01 to 2015-01-31
2015-07-01 05:06:21,395 Starting Training from 2015-03-04 to 2015-04-03
2015-07-01 05:06:52,702 Starting Training from 2015-03-04 to 2015-04-03
2015-07-01 05:08:38,685 Starting Live from 2015-04-04 to 2015-04-10
2015-07-01 05:08:55,714 Starting Live from 2015-04-04 to 2015-04-10
2015-07-01 05:11:07,242 Starting Live from 2015-02-01 to 2015-03-03
2015-07-01 05:12:32,748 Starting Q Learning for : 
2015-07-01 05:12:32,748 alpha = 0.2
2015-07-01 05:12:32,748 gamma = 0.6
2015-07-01 05:12:32,748 individual factor = 10
2015-07-01 05:12:32,748 zero range = 0.006
2015-07-01 05:12:32,748 greedy level = 5
2015-07-01 05:12:32,748 

2015-07-01 05:12:33,993 Starting Training from 2015-01-01 to 2015-01-31
2015-07-01 05:12:57,507 Starting Q Learning for : 
2015-07-01 05:12:57,507 alpha = 0.5
2015-07-01 05:12:57,508 gamma = 0.4
2015-07-01 05:12:57,508 individual factor = 10
2015-07-01 05:12:57,508 zero range = 0.006
2015-07-01 05:12:57,508 greedy level = 5
2015-07-01 05:12:57,508 

2015-07-01 05:12:58,696 Starting Training from 2015-01-01 to 2015-01-31
2015-07-01 05:26:37,616 Starting Training from 2015-02-01 to 2015-03-03
2015-07-01 05:28:04,986 Starting Live from 2015-03-04 to 2015-04-03
2015-07-01 05:30:02,543 Starting Live from 2015-02-01 to 2015-03-03
2015-07-01 05:30:11,061 Starting Live from 2015-02-01 to 2015-03-03
2015-07-01 05:45:27,307 Starting Training from 2015-02-01 to 2015-03-03
2015-07-01 05:45:52,463 Starting Training from 2015-02-01 to 2015-03-03
2015-07-01 05:46:34,962 Starting Training from 2015-03-04 to 2015-04-03
2015-07-01 05:46:47,307 Starting Live from 2015-03-04 to 2015-04-03
2015-07-01 05:47:11,990 Starting Live from 2015-03-04 to 2015-04-03
2015-07-01 05:49:08,567 Starting Live from 2015-04-04 to 2015-04-10
2015-07-01 05:53:48,584 Starting Q Learning for : 
2015-07-01 05:53:48,585 alpha = 0.8
2015-07-01 05:53:48,585 gamma = 0.3
2015-07-01 05:53:48,585 individual factor = 10
2015-07-01 05:53:48,585 zero range = 0.002
2015-07-01 05:53:48,585 greedy level = 5
2015-07-01 05:53:48,585 

2015-07-01 05:53:50,962 Starting Training from 2015-01-01 to 2015-01-31
2015-07-01 06:05:54,714 Starting Training from 2015-03-04 to 2015-04-03
2015-07-01 06:06:31,785 Starting Training from 2015-03-04 to 2015-04-03
2015-07-01 06:09:11,108 Starting Live from 2015-04-04 to 2015-04-10
2015-07-01 06:10:32,174 Starting Live from 2015-04-04 to 2015-04-10
2015-07-01 06:12:33,206 Starting Live from 2015-02-01 to 2015-03-03
2015-07-01 06:15:03,272 Starting Q Learning for : 
2015-07-01 06:15:03,272 alpha = 0.2
2015-07-01 06:15:03,272 gamma = 0.7
2015-07-01 06:15:03,272 individual factor = 10
2015-07-01 06:15:03,272 zero range = 0.006
2015-07-01 06:15:03,272 greedy level = 5
2015-07-01 06:15:03,272 

2015-07-01 06:15:05,710 Starting Training from 2015-01-01 to 2015-01-31
2015-07-01 06:16:11,971 Starting Q Learning for : 
2015-07-01 06:16:11,971 alpha = 0.5
2015-07-01 06:16:11,971 gamma = 0.5
2015-07-01 06:16:11,971 individual factor = 10
2015-07-01 06:16:11,971 zero range = 0.006
2015-07-01 06:16:11,971 greedy level = 5
2015-07-01 06:16:11,971 

2015-07-01 06:16:15,787 Starting Training from 2015-01-01 to 2015-01-31
2015-07-01 06:29:40,338 Starting Training from 2015-02-01 to 2015-03-03
2015-07-01 06:31:02,486 Starting Live from 2015-03-04 to 2015-04-03
2015-07-01 06:33:16,655 Starting Live from 2015-02-01 to 2015-03-03
2015-07-01 06:34:10,962 Starting Live from 2015-02-01 to 2015-03-03
2015-07-01 06:47:09,311 Starting Training from 2015-02-01 to 2015-03-03
2015-07-01 06:48:29,661 Starting Live from 2015-03-04 to 2015-04-03
2015-07-01 06:50:14,910 Starting Training from 2015-02-01 to 2015-03-03
2015-07-01 06:50:32,751 Starting Training from 2015-03-04 to 2015-04-03
2015-07-01 06:51:38,087 Starting Live from 2015-03-04 to 2015-04-03
2015-07-01 06:52:59,310 Starting Live from 2015-04-04 to 2015-04-10
2015-07-01 06:56:59,688 Starting Q Learning for : 
2015-07-01 06:56:59,688 alpha = 0.8
2015-07-01 06:56:59,688 gamma = 0.4
2015-07-01 06:56:59,688 individual factor = 10
2015-07-01 06:56:59,688 zero range = 0.002
2015-07-01 06:56:59,688 greedy level = 5
2015-07-01 06:56:59,688 

2015-07-01 06:57:00,861 Starting Training from 2015-01-01 to 2015-01-31
2015-07-01 06:58:22,452 Starting Training from 2015-03-04 to 2015-04-03
2015-07-01 07:06:47,396 Starting Live from 2015-04-04 to 2015-04-10
2015-07-01 07:09:39,215 Starting Q Learning for : 
2015-07-01 07:09:39,215 alpha = 0.2
2015-07-01 07:09:39,215 gamma = 0.8
2015-07-01 07:09:39,215 individual factor = 10
2015-07-01 07:09:39,215 zero range = 0.006
2015-07-01 07:09:39,215 greedy level = 5
2015-07-01 07:09:39,215 

2015-07-01 07:09:40,478 Starting Training from 2015-01-01 to 2015-01-31
2015-07-01 07:11:37,562 Starting Training from 2015-03-04 to 2015-04-03
2015-07-01 07:13:27,351 Starting Live from 2015-04-04 to 2015-04-10
2015-07-01 07:14:09,008 Starting Live from 2015-02-01 to 2015-03-03
2015-07-01 07:17:30,291 Starting Q Learning for : 
2015-07-01 07:17:30,291 alpha = 0.5
2015-07-01 07:17:30,291 gamma = 0.6
2015-07-01 07:17:30,291 individual factor = 10
2015-07-01 07:17:30,291 zero range = 0.006
2015-07-01 07:17:30,291 greedy level = 5
2015-07-01 07:17:30,291 

2015-07-01 07:17:33,568 Starting Training from 2015-01-01 to 2015-01-31
2015-07-01 07:27:02,378 Starting Live from 2015-02-01 to 2015-03-03
2015-07-01 07:30:10,599 Starting Training from 2015-02-01 to 2015-03-03
2015-07-01 07:31:45,454 Starting Live from 2015-03-04 to 2015-04-03
2015-07-01 07:36:36,728 Starting Live from 2015-02-01 to 2015-03-03
2015-07-01 07:39:48,148 Starting Training from 2015-02-01 to 2015-03-03
2015-07-01 07:41:08,798 Starting Live from 2015-03-04 to 2015-04-03
2015-07-01 07:46:39,581 Starting Training from 2015-03-04 to 2015-04-03
2015-07-01 07:50:15,337 Starting Training from 2015-02-01 to 2015-03-03
2015-07-01 07:53:51,579 Starting Live from 2015-03-04 to 2015-04-03
2015-07-01 07:54:59,807 Starting Training from 2015-03-04 to 2015-04-03
2015-07-01 07:57:30,590 Starting Live from 2015-04-04 to 2015-04-10
2015-07-01 07:57:33,338 Starting Live from 2015-04-04 to 2015-04-10
2015-07-01 08:00:08,072 Starting Q Learning for : 
2015-07-01 08:00:08,072 alpha = 0.4
2015-07-01 08:00:08,072 gamma = 0.1
2015-07-01 08:00:08,072 individual factor = 10
2015-07-01 08:00:08,072 zero range = 0.006
2015-07-01 08:00:08,072 greedy level = 5
2015-07-01 08:00:08,072 

2015-07-01 08:00:09,224 Starting Training from 2015-01-01 to 2015-01-31
2015-07-01 08:02:26,823 Starting Q Learning for : 
2015-07-01 08:02:26,823 alpha = 0.8
2015-07-01 08:02:26,823 gamma = 0.5
2015-07-01 08:02:26,823 individual factor = 10
2015-07-01 08:02:26,823 zero range = 0.002
2015-07-01 08:02:26,823 greedy level = 5
2015-07-01 08:02:26,823 

2015-07-01 08:02:28,526 Starting Training from 2015-01-01 to 2015-01-31
2015-07-01 08:12:57,094 Starting Training from 2015-03-04 to 2015-04-03
2015-07-01 08:15:11,754 Starting Live from 2015-04-04 to 2015-04-10
2015-07-01 08:17:03,795 Starting Live from 2015-02-01 to 2015-03-03
2015-07-01 08:19:14,447 Starting Q Learning for : 
2015-07-01 08:19:14,447 alpha = 0.5
2015-07-01 08:19:14,447 gamma = 0.7
2015-07-01 08:19:14,447 individual factor = 10
2015-07-01 08:19:14,447 zero range = 0.006
2015-07-01 08:19:14,447 greedy level = 5
2015-07-01 08:19:14,447 

2015-07-01 08:19:15,973 Starting Training from 2015-01-01 to 2015-01-31
2015-07-01 08:19:37,864 Starting Live from 2015-02-01 to 2015-03-03
2015-07-01 08:33:47,424 Starting Training from 2015-02-01 to 2015-03-03
2015-07-01 08:35:06,897 Starting Live from 2015-03-04 to 2015-04-03
2015-07-01 08:35:30,435 Starting Training from 2015-02-01 to 2015-03-03
2015-07-01 08:36:43,772 Starting Live from 2015-02-01 to 2015-03-03
2015-07-01 08:36:47,546 Starting Live from 2015-03-04 to 2015-04-03
2015-07-01 08:51:09,114 Starting Training from 2015-02-01 to 2015-03-03
2015-07-01 08:52:27,042 Starting Live from 2015-03-04 to 2015-04-03
2015-07-01 08:55:52,240 Starting Training from 2015-03-04 to 2015-04-03
2015-07-01 08:56:16,200 Starting Training from 2015-03-04 to 2015-04-03
2015-07-01 08:57:41,473 Starting Live from 2015-04-04 to 2015-04-10
2015-07-01 08:57:52,390 Starting Live from 2015-04-04 to 2015-04-10
2015-07-01 09:03:20,476 Starting Q Learning for : 
2015-07-01 09:03:20,476 alpha = 0.8
2015-07-01 09:03:20,476 gamma = 0.6
2015-07-01 09:03:20,476 individual factor = 10
2015-07-01 09:03:20,476 zero range = 0.002
2015-07-01 09:03:20,476 greedy level = 5
2015-07-01 09:03:20,476 

2015-07-01 09:03:23,419 Starting Training from 2015-01-01 to 2015-01-31
2015-07-01 09:04:03,227 Starting Q Learning for : 
2015-07-01 09:04:03,227 alpha = 0.4
2015-07-01 09:04:03,228 gamma = 0.2
2015-07-01 09:04:03,228 individual factor = 10
2015-07-01 09:04:03,228 zero range = 0.006
2015-07-01 09:04:03,228 greedy level = 5
2015-07-01 09:04:03,228 

2015-07-01 09:04:05,608 Starting Training from 2015-01-01 to 2015-01-31
2015-07-01 09:04:52,475 Starting Training from 2015-03-04 to 2015-04-03
2015-07-01 09:10:10,974 Starting Live from 2015-04-04 to 2015-04-10
2015-07-01 09:12:54,696 Starting Q Learning for : 
2015-07-01 09:12:54,696 alpha = 0.5
2015-07-01 09:12:54,696 gamma = 0.8
2015-07-01 09:12:54,696 individual factor = 10
2015-07-01 09:12:54,696 zero range = 0.006
2015-07-01 09:12:54,696 greedy level = 5
2015-07-01 09:12:54,696 

2015-07-01 09:12:56,099 Starting Training from 2015-01-01 to 2015-01-31
2015-07-01 09:19:07,574 Starting Live from 2015-02-01 to 2015-03-03
2015-07-01 09:20:02,677 Starting Live from 2015-02-01 to 2015-03-03
2015-07-01 09:30:01,440 Starting Live from 2015-02-01 to 2015-03-03
2015-07-01 09:34:20,824 Starting Training from 2015-02-01 to 2015-03-03
2015-07-01 09:34:28,146 Starting Training from 2015-02-01 to 2015-03-03
2015-07-01 09:36:47,116 Starting Live from 2015-03-04 to 2015-04-03
2015-07-01 09:37:07,937 Starting Live from 2015-03-04 to 2015-04-03
2015-07-01 09:42:30,276 Starting Training from 2015-02-01 to 2015-03-03
2015-07-01 09:44:09,966 Starting Live from 2015-03-04 to 2015-04-03
2015-07-01 09:50:18,386 Starting Training from 2015-03-04 to 2015-04-03
2015-07-01 09:57:26,385 Starting Training from 2015-03-04 to 2015-04-03
2015-07-01 09:58:24,925 Starting Training from 2015-03-04 to 2015-04-03
2015-07-01 09:59:26,612 Starting Live from 2015-04-04 to 2015-04-10
2015-07-01 10:00:13,398 Starting Live from 2015-04-04 to 2015-04-10
2015-07-01 10:00:54,787 Starting Live from 2015-04-04 to 2015-04-10
2015-07-01 10:03:13,825 Starting Q Learning for : 
2015-07-01 10:03:13,825 alpha = 0.4
2015-07-01 10:03:13,825 gamma = 0.3
2015-07-01 10:03:13,825 individual factor = 10
2015-07-01 10:03:13,825 zero range = 0.006
2015-07-01 10:03:13,825 greedy level = 5
2015-07-01 10:03:13,825 

2015-07-01 10:03:15,546 Starting Training from 2015-01-01 to 2015-01-31
2015-07-01 10:03:19,685 Starting Q Learning for : 
2015-07-01 10:03:19,685 alpha = 0.2
2015-07-01 10:03:19,685 gamma = 0.1
2015-07-01 10:03:19,685 individual factor = 10
2015-07-01 10:03:19,685 zero range = 0.006
2015-07-01 10:03:19,685 greedy level = 5
2015-07-01 10:03:19,686 

2015-07-01 10:03:20,892 Starting Training from 2015-01-01 to 2015-01-31
2015-07-01 10:04:12,579 Starting Q Learning for : 
2015-07-01 10:04:12,579 alpha = 0.8
2015-07-01 10:04:12,579 gamma = 0.7
2015-07-01 10:04:12,579 individual factor = 10
2015-07-01 10:04:12,579 zero range = 0.002
2015-07-01 10:04:12,579 greedy level = 5
2015-07-01 10:04:12,579 

2015-07-01 10:04:13,923 Starting Training from 2015-01-01 to 2015-01-31
2015-07-01 10:20:22,896 Starting Live from 2015-02-01 to 2015-03-03
2015-07-01 10:20:36,157 Starting Live from 2015-02-01 to 2015-03-03
2015-07-01 10:21:33,969 Starting Live from 2015-02-01 to 2015-03-03
2015-07-01 10:36:13,817 Starting Training from 2015-02-01 to 2015-03-03
2015-07-01 10:36:51,783 Starting Training from 2015-02-01 to 2015-03-03
2015-07-01 10:36:59,338 Starting Training from 2015-02-01 to 2015-03-03
2015-07-01 10:37:34,245 Starting Live from 2015-03-04 to 2015-04-03
2015-07-01 10:38:13,244 Starting Live from 2015-03-04 to 2015-04-03
2015-07-01 10:38:21,407 Starting Live from 2015-03-04 to 2015-04-03
2015-07-01 10:50:11,954 Starting Training from 2015-03-04 to 2015-04-03
2015-07-01 10:56:04,694 Starting Live from 2015-04-04 to 2015-04-10
2015-07-01 10:57:23,286 Starting Training from 2015-03-04 to 2015-04-03
2015-07-01 10:58:41,878 Starting Q Learning for : 
2015-07-01 10:58:41,878 alpha = 0.8
2015-07-01 10:58:41,878 gamma = 0.8
2015-07-01 10:58:41,878 individual factor = 10
2015-07-01 10:58:41,878 zero range = 0.002
2015-07-01 10:58:41,878 greedy level = 5
2015-07-01 10:58:41,878 

2015-07-01 10:58:43,458 Starting Training from 2015-01-01 to 2015-01-31
2015-07-01 10:58:56,842 Starting Training from 2015-03-04 to 2015-04-03
2015-07-01 10:59:25,686 Starting Live from 2015-04-04 to 2015-04-10
2015-07-01 11:00:45,667 Starting Live from 2015-04-04 to 2015-04-10
2015-07-01 11:03:58,746 Starting Q Learning for : 
2015-07-01 11:03:58,746 alpha = 0.4
2015-07-01 11:03:58,746 gamma = 0.4
2015-07-01 11:03:58,746 individual factor = 10
2015-07-01 11:03:58,746 zero range = 0.006
2015-07-01 11:03:58,746 greedy level = 5
2015-07-01 11:03:58,746 

2015-07-01 11:04:01,929 Starting Training from 2015-01-01 to 2015-01-31
2015-07-01 11:06:53,733 Starting Q Learning for : 
2015-07-01 11:06:53,733 alpha = 0.2
2015-07-01 11:06:53,733 gamma = 0.2
2015-07-01 11:06:53,733 individual factor = 10
2015-07-01 11:06:53,733 zero range = 0.006
2015-07-01 11:06:53,733 greedy level = 5
2015-07-01 11:06:53,733 

2015-07-01 11:06:55,728 Starting Training from 2015-01-01 to 2015-01-31
2015-07-01 11:15:53,828 Starting Live from 2015-02-01 to 2015-03-03
2015-07-01 11:20:35,684 Starting Live from 2015-02-01 to 2015-03-03
2015-07-01 11:23:57,545 Starting Live from 2015-02-01 to 2015-03-03
2015-07-01 11:28:31,471 Starting Training from 2015-02-01 to 2015-03-03
2015-07-01 11:29:52,519 Starting Live from 2015-03-04 to 2015-04-03
2015-07-01 11:35:46,219 Starting Training from 2015-03-04 to 2015-04-03
2015-07-01 11:36:24,805 Starting Training from 2015-02-01 to 2015-03-03
2015-07-01 11:38:14,824 Starting Training from 2015-02-01 to 2015-03-03
2015-07-01 11:38:31,434 Starting Live from 2015-03-04 to 2015-04-03
2015-07-01 11:41:31,913 Starting Live from 2015-03-04 to 2015-04-03
2015-07-01 11:46:36,654 Starting Live from 2015-04-04 to 2015-04-10
2015-07-01 11:49:06,061 Starting Q Learning for : 
2015-07-01 11:49:06,061 alpha = 0.4
2015-07-01 11:49:06,061 gamma = 0.5
2015-07-01 11:49:06,061 individual factor = 10
2015-07-01 11:49:06,061 zero range = 0.006
2015-07-01 11:49:06,061 greedy level = 5
2015-07-01 11:49:06,061 

2015-07-01 11:49:07,337 Starting Training from 2015-01-01 to 2015-01-31
2015-07-01 11:59:17,286 Starting Training from 2015-03-04 to 2015-04-03
2015-07-01 12:00:58,561 Starting Training from 2015-03-04 to 2015-04-03
2015-07-01 12:01:32,862 Starting Live from 2015-04-04 to 2015-04-10
2015-07-01 12:03:09,961 Starting Live from 2015-04-04 to 2015-04-10
2015-07-01 12:05:22,512 Starting Q Learning for : 
2015-07-01 12:05:22,512 alpha = 0.6
2015-07-01 12:05:22,512 gamma = 0.7
2015-07-01 12:05:22,512 individual factor = 10
2015-07-01 12:05:22,512 zero range = 0.006
2015-07-01 12:05:22,512 greedy level = 5
2015-07-01 12:05:22,512 

2015-07-01 12:05:24,116 Starting Training from 2015-01-01 to 2015-01-31
2015-07-01 12:05:56,158 Starting Live from 2015-02-01 to 2015-03-03
2015-07-01 12:07:01,933 Starting Q Learning for : 
2015-07-01 12:07:01,933 alpha = 0.5
2015-07-01 12:07:01,933 gamma = 0.1
2015-07-01 12:07:01,933 individual factor = 10
2015-07-01 12:07:01,933 zero range = 0.01
2015-07-01 12:07:01,933 greedy level = 5
2015-07-01 12:07:01,933 

2015-07-01 12:07:03,338 Starting Training from 2015-01-01 to 2015-01-31
2015-07-01 12:21:13,924 Starting Training from 2015-02-01 to 2015-03-03
2015-07-01 12:22:16,661 Starting Live from 2015-02-01 to 2015-03-03
2015-07-01 12:22:37,630 Starting Live from 2015-03-04 to 2015-04-03
2015-07-01 12:23:54,396 Starting Live from 2015-02-01 to 2015-03-03
2015-07-01 12:36:46,523 Starting Training from 2015-02-01 to 2015-03-03
2015-07-01 12:38:04,443 Starting Live from 2015-03-04 to 2015-04-03
2015-07-01 12:39:04,533 Starting Training from 2015-02-01 to 2015-03-03
2015-07-01 12:40:23,221 Starting Live from 2015-03-04 to 2015-04-03
2015-07-01 12:40:59,496 Starting Training from 2015-03-04 to 2015-04-03
2015-07-01 12:43:16,426 Starting Live from 2015-04-04 to 2015-04-10
2015-07-01 12:47:05,755 Starting Q Learning for : 
2015-07-01 12:47:05,755 alpha = 0.4
2015-07-01 12:47:05,755 gamma = 0.6
2015-07-01 12:47:05,755 individual factor = 10
2015-07-01 12:47:05,755 zero range = 0.006
2015-07-01 12:47:05,755 greedy level = 5
2015-07-01 12:47:05,756 

2015-07-01 12:47:07,111 Starting Training from 2015-01-01 to 2015-01-31
2015-07-01 12:50:31,978 Starting Training from 2015-03-04 to 2015-04-03
2015-07-01 12:55:57,966 Starting Live from 2015-04-04 to 2015-04-10
2015-07-01 12:58:28,095 Starting Q Learning for : 
2015-07-01 12:58:28,095 alpha = 0.6
2015-07-01 12:58:28,095 gamma = 0.8
2015-07-01 12:58:28,095 individual factor = 10
2015-07-01 12:58:28,095 zero range = 0.006
2015-07-01 12:58:28,095 greedy level = 5
2015-07-01 12:58:28,095 

2015-07-01 12:58:29,931 Starting Training from 2015-01-01 to 2015-01-31
2015-07-01 13:01:57,760 Starting Training from 2015-03-04 to 2015-04-03
2015-07-01 13:04:02,927 Starting Live from 2015-04-04 to 2015-04-10
2015-07-01 13:04:02,932 Starting Live from 2015-02-01 to 2015-03-03
2015-07-01 13:10:25,590 Starting Q Learning for : 
2015-07-01 13:10:25,590 alpha = 0.5
2015-07-01 13:10:25,590 gamma = 0.2
2015-07-01 13:10:25,590 individual factor = 10
2015-07-01 13:10:25,590 zero range = 0.01
2015-07-01 13:10:25,591 greedy level = 5
2015-07-01 13:10:25,591 

2015-07-01 13:10:26,885 Starting Training from 2015-01-01 to 2015-01-31
2015-07-01 13:15:31,523 Starting Live from 2015-02-01 to 2015-03-03
2015-07-01 13:19:30,445 Starting Training from 2015-02-01 to 2015-03-03
2015-07-01 13:20:49,270 Starting Live from 2015-03-04 to 2015-04-03
2015-07-01 13:27:20,451 Starting Live from 2015-02-01 to 2015-03-03
2015-07-01 13:28:17,025 Starting Training from 2015-02-01 to 2015-03-03
2015-07-01 13:29:35,846 Starting Live from 2015-03-04 to 2015-04-03
2015-07-01 13:35:15,397 Starting Training from 2015-03-04 to 2015-04-03
2015-07-01 13:39:04,765 Starting Training from 2015-03-04 to 2015-04-03
2015-07-01 13:41:25,589 Starting Training from 2015-02-01 to 2015-03-03
2015-07-01 13:42:56,933 Starting Live from 2015-04-04 to 2015-04-10
2015-07-01 13:44:52,614 Starting Live from 2015-03-04 to 2015-04-03
2015-07-01 13:45:52,610 Starting Live from 2015-04-04 to 2015-04-10
2015-07-01 13:47:31,880 Starting Q Learning for : 
2015-07-01 13:47:31,880 alpha = 0.4
2015-07-01 13:47:31,880 gamma = 0.7
2015-07-01 13:47:31,880 individual factor = 10
2015-07-01 13:47:31,880 zero range = 0.006
2015-07-01 13:47:31,880 greedy level = 5
2015-07-01 13:47:31,880 

2015-07-01 13:47:33,526 Starting Training from 2015-01-01 to 2015-01-31
2015-07-01 13:48:15,288 Starting Q Learning for : 
2015-07-01 13:48:15,289 alpha = 0.8
2015-07-01 13:48:15,289 gamma = 0.1
2015-07-01 13:48:15,289 individual factor = 10
2015-07-01 13:48:15,289 zero range = 0.006
2015-07-01 13:48:15,289 greedy level = 5
2015-07-01 13:48:15,289 

2015-07-01 13:48:16,942 Starting Training from 2015-01-01 to 2015-01-31
2015-07-01 14:04:10,446 Starting Live from 2015-02-01 to 2015-03-03
2015-07-01 14:04:16,492 Starting Training from 2015-03-04 to 2015-04-03
2015-07-01 14:04:39,003 Starting Live from 2015-02-01 to 2015-03-03
2015-07-01 14:06:14,340 Starting Live from 2015-04-04 to 2015-04-10
2015-07-01 14:10:12,528 Starting Q Learning for : 
2015-07-01 14:10:12,528 alpha = 0.5
2015-07-01 14:10:12,528 gamma = 0.3
2015-07-01 14:10:12,528 individual factor = 10
2015-07-01 14:10:12,528 zero range = 0.01
2015-07-01 14:10:12,528 greedy level = 5
2015-07-01 14:10:12,528 

2015-07-01 14:10:13,753 Starting Training from 2015-01-01 to 2015-01-31
2015-07-01 14:16:06,446 Starting Training from 2015-02-01 to 2015-03-03
2015-07-01 14:19:44,228 Starting Live from 2015-03-04 to 2015-04-03
2015-07-01 14:19:58,687 Starting Training from 2015-02-01 to 2015-03-03
2015-07-01 14:21:32,214 Starting Live from 2015-03-04 to 2015-04-03
2015-07-01 14:27:20,976 Starting Live from 2015-02-01 to 2015-03-03
2015-07-01 14:29:52,675 Starting Training from 2015-03-04 to 2015-04-03
2015-07-01 14:38:23,734 Starting Live from 2015-04-04 to 2015-04-10
2015-07-01 14:41:00,887 Starting Training from 2015-03-04 to 2015-04-03
2015-07-01 14:41:14,531 Starting Q Learning for : 
2015-07-01 14:41:14,532 alpha = 0.4
2015-07-01 14:41:14,532 gamma = 0.8
2015-07-01 14:41:14,532 individual factor = 10
2015-07-01 14:41:14,532 zero range = 0.006
2015-07-01 14:41:14,532 greedy level = 5
2015-07-01 14:41:14,532 

2015-07-01 14:41:16,570 Starting Training from 2015-01-01 to 2015-01-31
2015-07-01 14:43:17,679 Starting Training from 2015-02-01 to 2015-03-03
2015-07-01 14:43:23,297 Starting Live from 2015-04-04 to 2015-04-10
2015-07-01 14:44:37,533 Starting Live from 2015-03-04 to 2015-04-03
2015-07-01 14:47:40,149 Starting Q Learning for : 
2015-07-01 14:47:40,149 alpha = 0.8
2015-07-01 14:47:40,149 gamma = 0.2
2015-07-01 14:47:40,149 individual factor = 10
2015-07-01 14:47:40,149 zero range = 0.006
2015-07-01 14:47:40,149 greedy level = 5
2015-07-01 14:47:40,149 

2015-07-01 14:47:41,340 Starting Training from 2015-01-01 to 2015-01-31
2015-07-01 14:57:47,930 Starting Live from 2015-02-01 to 2015-03-03
2015-07-01 15:03:54,286 Starting Training from 2015-03-04 to 2015-04-03
2015-07-01 15:04:11,479 Starting Live from 2015-02-01 to 2015-03-03
2015-07-01 15:06:22,043 Starting Live from 2015-04-04 to 2015-04-10
2015-07-01 15:09:48,301 Starting Training from 2015-02-01 to 2015-03-03
2015-07-01 15:12:22,558 Starting Live from 2015-03-04 to 2015-04-03
2015-07-01 15:12:51,635 Starting Q Learning for : 
2015-07-01 15:12:51,635 alpha = 0.5
2015-07-01 15:12:51,635 gamma = 0.4
2015-07-01 15:12:51,635 individual factor = 10
2015-07-01 15:12:51,635 zero range = 0.01
2015-07-01 15:12:51,635 greedy level = 5
2015-07-01 15:12:51,635 

2015-07-01 15:12:53,705 Starting Training from 2015-01-01 to 2015-01-31
2015-07-01 15:18:17,813 Starting Training from 2015-03-04 to 2015-04-03
2015-07-01 15:20:27,504 Starting Training from 2015-02-01 to 2015-03-03
2015-07-01 15:21:48,691 Starting Live from 2015-03-04 to 2015-04-03
2015-07-01 15:28:26,594 Starting Live from 2015-04-04 to 2015-04-10
2015-07-01 15:29:54,570 Starting Live from 2015-02-01 to 2015-03-03
2015-07-01 15:31:34,868 Starting Q Learning for : 
2015-07-01 15:31:34,868 alpha = 0.6
2015-07-01 15:31:34,868 gamma = 0.1
2015-07-01 15:31:34,868 individual factor = 10
2015-07-01 15:31:34,868 zero range = 0.006
2015-07-01 15:31:34,868 greedy level = 5
2015-07-01 15:31:34,868 

2015-07-01 15:31:36,953 Starting Training from 2015-01-01 to 2015-01-31
2015-07-01 15:42:27,438 Starting Training from 2015-03-04 to 2015-04-03
2015-07-01 15:43:17,564 Starting Training from 2015-02-01 to 2015-03-03
2015-07-01 15:45:31,387 Starting Live from 2015-04-04 to 2015-04-10
2015-07-01 15:46:38,934 Starting Live from 2015-03-04 to 2015-04-03
2015-07-01 15:48:21,497 Starting Live from 2015-02-01 to 2015-03-03
2015-07-01 15:51:23,737 Starting Q Learning for : 
2015-07-01 15:51:23,737 alpha = 0.8
2015-07-01 15:51:23,737 gamma = 0.3
2015-07-01 15:51:23,737 individual factor = 10
2015-07-01 15:51:23,737 zero range = 0.006
2015-07-01 15:51:23,738 greedy level = 5
2015-07-01 15:51:23,738 

2015-07-01 15:51:24,942 Starting Training from 2015-01-01 to 2015-01-31
2015-07-01 16:03:54,737 Starting Training from 2015-02-01 to 2015-03-03
2015-07-01 16:06:01,323 Starting Live from 2015-03-04 to 2015-04-03
2015-07-01 16:07:35,334 Starting Training from 2015-03-04 to 2015-04-03
2015-07-01 16:08:33,670 Starting Live from 2015-02-01 to 2015-03-03
2015-07-01 16:09:32,738 Starting Live from 2015-04-04 to 2015-04-10
2015-07-01 16:14:06,069 Starting Q Learning for : 
2015-07-01 16:14:06,069 alpha = 0.5
2015-07-01 16:14:06,069 gamma = 0.5
2015-07-01 16:14:06,069 individual factor = 10
2015-07-01 16:14:06,069 zero range = 0.01
2015-07-01 16:14:06,069 greedy level = 5
2015-07-01 16:14:06,069 

2015-07-01 16:14:07,480 Starting Training from 2015-01-01 to 2015-01-31
2015-07-01 16:23:50,722 Starting Training from 2015-02-01 to 2015-03-03
2015-07-01 16:25:10,272 Starting Live from 2015-03-04 to 2015-04-03
2015-07-01 16:26:17,627 Starting Training from 2015-03-04 to 2015-04-03
2015-07-01 16:28:45,353 Starting Live from 2015-04-04 to 2015-04-10
2015-07-01 16:30:43,678 Starting Live from 2015-02-01 to 2015-03-03
2015-07-01 16:33:09,522 Starting Q Learning for : 
2015-07-01 16:33:09,522 alpha = 0.6
2015-07-01 16:33:09,522 gamma = 0.2
2015-07-01 16:33:09,522 individual factor = 10
2015-07-01 16:33:09,522 zero range = 0.006
2015-07-01 16:33:09,522 greedy level = 5
2015-07-01 16:33:09,522 

2015-07-01 16:33:10,727 Starting Training from 2015-01-01 to 2015-01-31
2015-07-01 16:44:18,788 Starting Training from 2015-03-04 to 2015-04-03
2015-07-01 16:46:18,366 Starting Training from 2015-02-01 to 2015-03-03
2015-07-01 16:46:37,475 Starting Live from 2015-04-04 to 2015-04-10
2015-07-01 16:47:37,661 Starting Live from 2015-03-04 to 2015-04-03
2015-07-01 16:50:11,972 Starting Live from 2015-02-01 to 2015-03-03
2015-07-01 16:50:23,790 Starting Q Learning for : 
2015-07-01 16:50:23,790 alpha = 0.8
2015-07-01 16:50:23,790 gamma = 0.4
2015-07-01 16:50:23,790 individual factor = 10
2015-07-01 16:50:23,790 zero range = 0.006
2015-07-01 16:50:23,790 greedy level = 5
2015-07-01 16:50:23,790 

2015-07-01 16:50:25,159 Starting Training from 2015-01-01 to 2015-01-31
2015-07-01 17:05:58,274 Starting Training from 2015-02-01 to 2015-03-03
2015-07-01 17:07:24,856 Starting Live from 2015-03-04 to 2015-04-03
2015-07-01 17:07:39,557 Starting Live from 2015-02-01 to 2015-03-03
2015-07-01 17:08:10,655 Starting Training from 2015-03-04 to 2015-04-03
2015-07-01 17:10:26,367 Starting Live from 2015-04-04 to 2015-04-10
2015-07-01 17:16:49,107 Starting Q Learning for : 
2015-07-01 17:16:49,108 alpha = 0.5
2015-07-01 17:16:49,108 gamma = 0.6
2015-07-01 17:16:49,108 individual factor = 10
2015-07-01 17:16:49,108 zero range = 0.01
2015-07-01 17:16:49,108 greedy level = 5
2015-07-01 17:16:49,108 

2015-07-01 17:16:50,522 Starting Training from 2015-01-01 to 2015-01-31
2015-07-01 17:23:33,981 Starting Training from 2015-02-01 to 2015-03-03
2015-07-01 17:24:52,780 Starting Live from 2015-03-04 to 2015-04-03
2015-07-01 17:26:39,980 Starting Training from 2015-03-04 to 2015-04-03
2015-07-01 17:28:43,011 Starting Live from 2015-04-04 to 2015-04-10
2015-07-01 17:33:37,166 Starting Live from 2015-02-01 to 2015-03-03
2015-07-01 17:34:28,647 Starting Q Learning for : 
2015-07-01 17:34:28,647 alpha = 0.6
2015-07-01 17:34:28,647 gamma = 0.3
2015-07-01 17:34:28,648 individual factor = 10
2015-07-01 17:34:28,648 zero range = 0.006
2015-07-01 17:34:28,648 greedy level = 5
2015-07-01 17:34:28,648 

2015-07-01 17:34:29,903 Starting Training from 2015-01-01 to 2015-01-31
2015-07-01 17:43:58,531 Starting Training from 2015-03-04 to 2015-04-03
2015-07-01 17:45:50,561 Starting Live from 2015-04-04 to 2015-04-10
2015-07-01 17:48:20,364 Starting Training from 2015-02-01 to 2015-03-03
2015-07-01 17:51:10,834 Starting Live from 2015-03-04 to 2015-04-03
2015-07-01 17:51:26,218 Starting Live from 2015-02-01 to 2015-03-03
2015-07-01 17:51:34,890 Starting Q Learning for : 
2015-07-01 17:51:34,890 alpha = 0.8
2015-07-01 17:51:34,890 gamma = 0.5
2015-07-01 17:51:34,890 individual factor = 10
2015-07-01 17:51:34,890 zero range = 0.006
2015-07-01 17:51:34,890 greedy level = 5
2015-07-01 17:51:34,890 

2015-07-01 17:51:36,439 Starting Training from 2015-01-01 to 2015-01-31
2015-07-01 18:05:30,415 Starting Training from 2015-02-01 to 2015-03-03
2015-07-01 18:08:35,934 Starting Live from 2015-02-01 to 2015-03-03
2015-07-01 18:08:41,806 Starting Live from 2015-03-04 to 2015-04-03
2015-07-01 18:10:19,547 Starting Training from 2015-03-04 to 2015-04-03
2015-07-01 18:12:14,209 Starting Live from 2015-04-04 to 2015-04-10
2015-07-01 18:16:30,577 Starting Q Learning for : 
2015-07-01 18:16:30,577 alpha = 0.5
2015-07-01 18:16:30,577 gamma = 0.7
2015-07-01 18:16:30,577 individual factor = 10
2015-07-01 18:16:30,577 zero range = 0.01
2015-07-01 18:16:30,577 greedy level = 5
2015-07-01 18:16:30,578 

2015-07-01 18:16:32,257 Starting Training from 2015-01-01 to 2015-01-31
2015-07-01 18:24:36,851 Starting Training from 2015-02-01 to 2015-03-03
2015-07-01 18:26:19,834 Starting Live from 2015-03-04 to 2015-04-03
2015-07-01 18:28:11,931 Starting Training from 2015-03-04 to 2015-04-03
2015-07-01 18:30:36,396 Starting Live from 2015-04-04 to 2015-04-10
2015-07-01 18:33:21,529 Starting Live from 2015-02-01 to 2015-03-03
2015-07-01 18:34:47,596 Starting Q Learning for : 
2015-07-01 18:34:47,597 alpha = 0.6
2015-07-01 18:34:47,597 gamma = 0.4
2015-07-01 18:34:47,597 individual factor = 10
2015-07-01 18:34:47,597 zero range = 0.006
2015-07-01 18:34:47,597 greedy level = 5
2015-07-01 18:34:47,597 

2015-07-01 18:34:49,328 Starting Training from 2015-01-01 to 2015-01-31
2015-07-01 18:44:36,232 Starting Training from 2015-03-04 to 2015-04-03
2015-07-01 18:47:00,673 Starting Live from 2015-04-04 to 2015-04-10
2015-07-01 18:48:15,778 Starting Training from 2015-02-01 to 2015-03-03
2015-07-01 18:49:45,861 Starting Live from 2015-03-04 to 2015-04-03
2015-07-01 18:50:42,330 Starting Q Learning for : 
2015-07-01 18:50:42,330 alpha = 0.8
2015-07-01 18:50:42,330 gamma = 0.6
2015-07-01 18:50:42,330 individual factor = 10
2015-07-01 18:50:42,330 zero range = 0.006
2015-07-01 18:50:42,330 greedy level = 5
2015-07-01 18:50:42,330 

2015-07-01 18:50:43,615 Starting Training from 2015-01-01 to 2015-01-31
2015-07-01 18:52:00,536 Starting Live from 2015-02-01 to 2015-03-03
2015-07-01 19:02:58,299 Starting Training from 2015-03-04 to 2015-04-03
2015-07-01 19:07:32,886 Starting Live from 2015-04-04 to 2015-04-10
2015-07-01 19:07:54,839 Starting Training from 2015-02-01 to 2015-03-03
2015-07-01 19:08:13,505 Starting Live from 2015-02-01 to 2015-03-03
2015-07-01 19:09:15,792 Starting Live from 2015-03-04 to 2015-04-03
2015-07-01 19:10:17,080 Starting Q Learning for : 
2015-07-01 19:10:17,080 alpha = 0.5
2015-07-01 19:10:17,080 gamma = 0.8
2015-07-01 19:10:17,080 individual factor = 10
2015-07-01 19:10:17,080 zero range = 0.01
2015-07-01 19:10:17,080 greedy level = 5
2015-07-01 19:10:17,080 

2015-07-01 19:10:19,164 Starting Training from 2015-01-01 to 2015-01-31
2015-07-01 19:23:49,866 Starting Training from 2015-02-01 to 2015-03-03
2015-07-01 19:25:11,297 Starting Live from 2015-03-04 to 2015-04-03
2015-07-01 19:27:14,741 Starting Live from 2015-02-01 to 2015-03-03
2015-07-01 19:27:20,036 Starting Training from 2015-03-04 to 2015-04-03
2015-07-01 19:35:29,628 Starting Live from 2015-04-04 to 2015-04-10
2015-07-01 19:43:12,480 Starting Q Learning for : 
2015-07-01 19:43:12,481 alpha = 0.6
2015-07-01 19:43:12,481 gamma = 0.5
2015-07-01 19:43:12,481 individual factor = 10
2015-07-01 19:43:12,481 zero range = 0.006
2015-07-01 19:43:12,481 greedy level = 5
2015-07-01 19:43:12,481 

2015-07-01 19:43:13,852 Starting Training from 2015-01-01 to 2015-01-31
2015-07-01 19:46:55,616 Starting Training from 2015-02-01 to 2015-03-03
2015-07-01 19:48:15,103 Starting Live from 2015-03-04 to 2015-04-03
2015-07-01 19:51:41,074 Starting Training from 2015-03-04 to 2015-04-03
2015-07-01 19:56:12,225 Starting Live from 2015-04-04 to 2015-04-10
2015-07-01 19:56:24,534 Starting Training from 2015-03-04 to 2015-04-03
2015-07-01 20:00:05,966 Starting Q Learning for : 
2015-07-01 20:00:05,966 alpha = 0.8
2015-07-01 20:00:05,966 gamma = 0.7
2015-07-01 20:00:05,966 individual factor = 10
2015-07-01 20:00:05,966 zero range = 0.006
2015-07-01 20:00:05,967 greedy level = 5
2015-07-01 20:00:05,967 

2015-07-01 20:00:07,025 Starting Training from 2015-01-01 to 2015-01-31
2015-07-01 20:00:18,832 Starting Live from 2015-02-01 to 2015-03-03
2015-07-01 20:05:08,451 Starting Live from 2015-04-04 to 2015-04-10
2015-07-01 20:07:31,831 Starting Q Learning for : 
2015-07-01 20:07:31,831 alpha = 0.2
2015-07-01 20:07:31,831 gamma = 0.1
2015-07-01 20:07:31,831 individual factor = 10
2015-07-01 20:07:31,831 zero range = 0.01
2015-07-01 20:07:31,831 greedy level = 5
2015-07-01 20:07:31,831 

2015-07-01 20:07:34,236 Starting Training from 2015-01-01 to 2015-01-31
2015-07-01 20:15:44,557 Starting Training from 2015-02-01 to 2015-03-03
2015-07-01 20:17:03,912 Starting Live from 2015-03-04 to 2015-04-03
2015-07-01 20:17:04,151 Starting Live from 2015-02-01 to 2015-03-03
2015-07-01 20:24:10,953 Starting Live from 2015-02-01 to 2015-03-03
2015-07-01 20:31:47,571 Starting Training from 2015-02-01 to 2015-03-03
2015-07-01 20:33:03,313 Starting Live from 2015-03-04 to 2015-04-03
2015-07-01 20:35:31,232 Starting Training from 2015-03-04 to 2015-04-03
2015-07-01 20:37:31,821 Starting Live from 2015-04-04 to 2015-04-10
2015-07-01 20:39:25,705 Starting Training from 2015-02-01 to 2015-03-03
2015-07-01 20:40:44,354 Starting Live from 2015-03-04 to 2015-04-03
2015-07-01 20:41:09,607 Starting Q Learning for : 
2015-07-01 20:41:09,607 alpha = 0.6
2015-07-01 20:41:09,607 gamma = 0.6
2015-07-01 20:41:09,607 individual factor = 10
2015-07-01 20:41:09,607 zero range = 0.006
2015-07-01 20:41:09,607 greedy level = 5
2015-07-01 20:41:09,607 

2015-07-01 20:41:10,778 Starting Training from 2015-01-01 to 2015-01-31
2015-07-01 20:43:07,379 Starting Training from 2015-03-04 to 2015-04-03
2015-07-01 20:50:19,577 Starting Live from 2015-04-04 to 2015-04-10
2015-07-01 20:53:00,468 Starting Q Learning for : 
2015-07-01 20:53:00,468 alpha = 0.8
2015-07-01 20:53:00,468 gamma = 0.8
2015-07-01 20:53:00,468 individual factor = 10
2015-07-01 20:53:00,468 zero range = 0.006
2015-07-01 20:53:00,468 greedy level = 5
2015-07-01 20:53:00,468 

2015-07-01 20:53:01,773 Starting Training from 2015-01-01 to 2015-01-31
2015-07-01 20:58:04,020 Starting Live from 2015-02-01 to 2015-03-03
2015-07-01 20:59:07,367 Starting Training from 2015-03-04 to 2015-04-03
2015-07-01 21:03:00,760 Starting Live from 2015-04-04 to 2015-04-10
2015-07-01 21:07:36,689 Starting Q Learning for : 
2015-07-01 21:07:36,689 alpha = 0.2
2015-07-01 21:07:36,689 gamma = 0.2
2015-07-01 21:07:36,689 individual factor = 10
2015-07-01 21:07:36,689 zero range = 0.01
2015-07-01 21:07:36,689 greedy level = 5
2015-07-01 21:07:36,689 

2015-07-01 21:07:38,113 Starting Training from 2015-01-01 to 2015-01-31
2015-07-01 21:09:56,644 Starting Live from 2015-02-01 to 2015-03-03
2015-07-01 21:14:06,988 Starting Training from 2015-02-01 to 2015-03-03
2015-07-01 21:15:28,286 Starting Live from 2015-03-04 to 2015-04-03
2015-07-01 21:22:37,422 Starting Training from 2015-02-01 to 2015-03-03
2015-07-01 21:23:56,439 Starting Live from 2015-03-04 to 2015-04-03
2015-07-01 21:24:41,603 Starting Live from 2015-02-01 to 2015-03-03
2015-07-01 21:29:29,771 Starting Training from 2015-03-04 to 2015-04-03
2015-07-01 21:34:55,996 Starting Training from 2015-03-04 to 2015-04-03
2015-07-01 21:37:02,634 Starting Live from 2015-04-04 to 2015-04-10
2015-07-01 21:40:19,388 Starting Live from 2015-04-04 to 2015-04-10
2015-07-01 21:40:19,955 Starting Training from 2015-02-01 to 2015-03-03
2015-07-01 21:41:44,829 Starting Live from 2015-03-04 to 2015-04-03
2015-07-01 21:42:34,862 Starting Q Learning for : 
2015-07-01 21:42:34,862 alpha = 0.2
2015-07-01 21:42:34,862 gamma = 0.3
2015-07-01 21:42:34,862 individual factor = 10
2015-07-01 21:42:34,862 zero range = 0.01
2015-07-01 21:42:34,863 greedy level = 5
2015-07-01 21:42:34,863 

2015-07-01 21:42:37,634 Starting Training from 2015-01-01 to 2015-01-31
2015-07-01 21:43:07,486 Starting Q Learning for : 
2015-07-01 21:43:07,486 alpha = 0.4
2015-07-01 21:43:07,487 gamma = 0.5
2015-07-01 21:43:07,487 individual factor = 10
2015-07-01 21:43:07,487 zero range = 0.01
2015-07-01 21:43:07,487 greedy level = 5
2015-07-01 21:43:07,487 

2015-07-01 21:43:09,507 Starting Training from 2015-01-01 to 2015-01-31
2015-07-01 21:59:47,320 Starting Live from 2015-02-01 to 2015-03-03
2015-07-01 22:00:16,293 Starting Live from 2015-02-01 to 2015-03-03
2015-07-01 22:01:50,890 Starting Training from 2015-03-04 to 2015-04-03
2015-07-01 22:04:09,507 Starting Live from 2015-04-04 to 2015-04-10
2015-07-01 22:08:08,561 Starting Q Learning for : 
2015-07-01 22:08:08,561 alpha = 0.6
2015-07-01 22:08:08,561 gamma = 0.7
2015-07-01 22:08:08,561 individual factor = 10
2015-07-01 22:08:08,561 zero range = 0.01
2015-07-01 22:08:08,561 greedy level = 5
2015-07-01 22:08:08,561 

2015-07-01 22:08:10,406 Starting Training from 2015-01-01 to 2015-01-31
2015-07-01 22:15:11,050 Starting Training from 2015-02-01 to 2015-03-03
2015-07-01 22:15:39,321 Starting Training from 2015-02-01 to 2015-03-03
2015-07-01 22:16:36,734 Starting Live from 2015-03-04 to 2015-04-03
2015-07-01 22:17:03,621 Starting Live from 2015-03-04 to 2015-04-03
2015-07-01 22:24:55,360 Starting Live from 2015-02-01 to 2015-03-03
2015-07-01 22:35:42,848 Starting Training from 2015-03-04 to 2015-04-03
2015-07-01 22:36:02,594 Starting Training from 2015-03-04 to 2015-04-03
2015-07-01 22:38:11,204 Starting Live from 2015-04-04 to 2015-04-10
2015-07-01 22:38:31,763 Starting Live from 2015-04-04 to 2015-04-10
2015-07-01 22:39:48,182 Starting Training from 2015-02-01 to 2015-03-03
2015-07-01 22:41:38,329 Starting Live from 2015-03-04 to 2015-04-03
2015-07-01 22:44:49,659 Starting Q Learning for : 
2015-07-01 22:44:49,660 alpha = 0.2
2015-07-01 22:44:49,660 gamma = 0.4
2015-07-01 22:44:49,660 individual factor = 10
2015-07-01 22:44:49,660 zero range = 0.01
2015-07-01 22:44:49,660 greedy level = 5
2015-07-01 22:44:49,660 

2015-07-01 22:44:54,773 Starting Training from 2015-01-01 to 2015-01-31
2015-07-01 22:46:16,832 Starting Q Learning for : 
2015-07-01 22:46:16,833 alpha = 0.4
2015-07-01 22:46:16,833 gamma = 0.6
2015-07-01 22:46:16,833 individual factor = 10
2015-07-01 22:46:16,833 zero range = 0.01
2015-07-01 22:46:16,833 greedy level = 5
2015-07-01 22:46:16,833 

2015-07-01 22:46:21,338 Starting Training from 2015-01-01 to 2015-01-31
2015-07-01 23:00:15,555 Starting Training from 2015-03-04 to 2015-04-03
2015-07-01 23:05:26,963 Starting Live from 2015-04-04 to 2015-04-10
2015-07-01 23:05:56,322 Starting Live from 2015-02-01 to 2015-03-03
2015-07-01 23:06:48,310 Starting Live from 2015-02-01 to 2015-03-03
2015-07-01 23:09:47,358 Starting Q Learning for : 
2015-07-01 23:09:47,358 alpha = 0.6
2015-07-01 23:09:47,358 gamma = 0.8
2015-07-01 23:09:47,359 individual factor = 10
2015-07-01 23:09:47,359 zero range = 0.01
2015-07-01 23:09:47,359 greedy level = 5
2015-07-01 23:09:47,359 

2015-07-01 23:09:49,068 Starting Training from 2015-01-01 to 2015-01-31
2015-07-01 23:24:15,621 Starting Training from 2015-02-01 to 2015-03-03
2015-07-01 23:24:52,681 Starting Training from 2015-02-01 to 2015-03-03
2015-07-01 23:26:43,331 Starting Live from 2015-03-04 to 2015-04-03
2015-07-01 23:26:56,573 Starting Live from 2015-03-04 to 2015-04-03
2015-07-01 23:28:53,472 Starting Live from 2015-02-01 to 2015-03-03
2015-07-01 23:42:05,298 Starting Training from 2015-02-01 to 2015-03-03
2015-07-01 23:44:15,133 Starting Live from 2015-03-04 to 2015-04-03
2015-07-01 23:46:30,980 Starting Training from 2015-03-04 to 2015-04-03
2015-07-01 23:48:29,170 Starting Training from 2015-03-04 to 2015-04-03
2015-07-01 23:49:18,907 Starting Live from 2015-04-04 to 2015-04-10
2015-07-01 23:50:53,660 Starting Live from 2015-04-04 to 2015-04-10
2015-07-01 23:51:04,221 Starting Training from 2015-03-04 to 2015-04-03
2015-07-01 23:53:35,903 Starting Q Learning for : 
2015-07-01 23:53:35,903 alpha = 0.4
2015-07-01 23:53:35,903 gamma = 0.7
2015-07-01 23:53:35,903 individual factor = 10
2015-07-01 23:53:35,903 zero range = 0.01
2015-07-01 23:53:35,903 greedy level = 5
2015-07-01 23:53:35,903 

2015-07-01 23:53:37,811 Starting Training from 2015-01-01 to 2015-01-31
2015-07-01 23:55:26,080 Starting Q Learning for : 
2015-07-01 23:55:26,080 alpha = 0.2
2015-07-01 23:55:26,080 gamma = 0.5
2015-07-01 23:55:26,080 individual factor = 10
2015-07-01 23:55:26,080 zero range = 0.01
2015-07-01 23:55:26,080 greedy level = 5
2015-07-01 23:55:26,080 

2015-07-01 23:55:27,538 Starting Training from 2015-01-01 to 2015-01-31
2015-07-02 00:02:19,911 Starting Live from 2015-04-04 to 2015-04-10
2015-07-02 00:05:20,716 Starting Q Learning for : 
2015-07-02 00:05:20,716 alpha = 0.8
2015-07-02 00:05:20,716 gamma = 0.1
2015-07-02 00:05:20,716 individual factor = 10
2015-07-02 00:05:20,716 zero range = 0.01
2015-07-02 00:05:20,716 greedy level = 5
2015-07-02 00:05:20,716 

2015-07-02 00:05:22,421 Starting Training from 2015-01-01 to 2015-01-31
2015-07-02 00:12:52,786 Starting Live from 2015-02-01 to 2015-03-03
2015-07-02 00:14:43,188 Starting Live from 2015-02-01 to 2015-03-03
2015-07-02 00:24:56,542 Starting Live from 2015-02-01 to 2015-03-03
2015-07-02 00:29:24,273 Starting Training from 2015-02-01 to 2015-03-03
2015-07-02 00:30:48,851 Starting Live from 2015-03-04 to 2015-04-03
2015-07-02 00:34:55,957 Starting Training from 2015-02-01 to 2015-03-03
2015-07-02 00:36:30,440 Starting Live from 2015-03-04 to 2015-04-03
2015-07-02 00:43:12,993 Starting Training from 2015-02-01 to 2015-03-03
2015-07-02 00:44:06,140 Starting Training from 2015-03-04 to 2015-04-03
2015-07-02 00:44:44,554 Starting Live from 2015-03-04 to 2015-04-03
2015-07-02 00:53:02,806 Starting Live from 2015-04-04 to 2015-04-10
2015-07-02 00:56:23,251 Starting Q Learning for : 
2015-07-02 00:56:23,251 alpha = 0.4
2015-07-02 00:56:23,251 gamma = 0.8
2015-07-02 00:56:23,251 individual factor = 10
2015-07-02 00:56:23,251 zero range = 0.01
2015-07-02 00:56:23,251 greedy level = 5
2015-07-02 00:56:23,251 

2015-07-02 00:56:25,422 Starting Training from 2015-01-01 to 2015-01-31
2015-07-02 00:58:20,544 Starting Training from 2015-03-04 to 2015-04-03
2015-07-02 01:00:11,606 Starting Live from 2015-04-04 to 2015-04-10
2015-07-02 01:04:44,831 Starting Q Learning for : 
2015-07-02 01:04:44,831 alpha = 0.2
2015-07-02 01:04:44,831 gamma = 0.6
2015-07-02 01:04:44,831 individual factor = 10
2015-07-02 01:04:44,831 zero range = 0.01
2015-07-02 01:04:44,831 greedy level = 5
2015-07-02 01:04:44,831 

2015-07-02 01:04:46,383 Starting Training from 2015-01-01 to 2015-01-31
2015-07-02 01:06:19,366 Starting Training from 2015-03-04 to 2015-04-03
2015-07-02 01:10:23,113 Starting Live from 2015-04-04 to 2015-04-10
2015-07-02 01:14:37,965 Starting Q Learning for : 
2015-07-02 01:14:37,966 alpha = 0.8
2015-07-02 01:14:37,966 gamma = 0.2
2015-07-02 01:14:37,966 individual factor = 10
2015-07-02 01:14:37,966 zero range = 0.01
2015-07-02 01:14:37,966 greedy level = 5
2015-07-02 01:14:37,966 

2015-07-02 01:14:39,559 Starting Training from 2015-01-01 to 2015-01-31
2015-07-02 01:15:18,885 Starting Live from 2015-02-01 to 2015-03-03
2015-07-02 01:23:47,588 Starting Live from 2015-02-01 to 2015-03-03
2015-07-02 01:29:30,974 Starting Training from 2015-02-01 to 2015-03-03
2015-07-02 01:31:01,362 Starting Live from 2015-03-04 to 2015-04-03
2015-07-02 01:33:44,243 Starting Live from 2015-02-01 to 2015-03-03
2015-07-02 01:38:46,375 Starting Training from 2015-03-04 to 2015-04-03
2015-07-02 01:41:33,584 Starting Training from 2015-02-01 to 2015-03-03
2015-07-02 01:44:40,599 Starting Live from 2015-03-04 to 2015-04-03
2015-07-02 01:49:30,450 Starting Live from 2015-04-04 to 2015-04-10
2015-07-02 01:50:55,589 Starting Training from 2015-02-01 to 2015-03-03
2015-07-02 01:52:11,651 Starting Q Learning for : 
2015-07-02 01:52:11,651 alpha = 0.6
2015-07-02 01:52:11,651 gamma = 0.1
2015-07-02 01:52:11,651 individual factor = 10
2015-07-02 01:52:11,651 zero range = 0.01
2015-07-02 01:52:11,651 greedy level = 5
2015-07-02 01:52:11,651 

2015-07-02 01:52:13,034 Starting Training from 2015-01-01 to 2015-01-31
2015-07-02 01:52:16,466 Starting Live from 2015-03-04 to 2015-04-03
2015-07-02 02:05:13,454 Starting Training from 2015-03-04 to 2015-04-03
2015-07-02 02:07:29,332 Starting Live from 2015-04-04 to 2015-04-10
2015-07-02 02:10:10,866 Starting Live from 2015-02-01 to 2015-03-03
2015-07-02 02:11:24,705 Starting Q Learning for : 
2015-07-02 02:11:24,705 alpha = 0.2
2015-07-02 02:11:24,705 gamma = 0.7
2015-07-02 02:11:24,705 individual factor = 10
2015-07-02 02:11:24,705 zero range = 0.01
2015-07-02 02:11:24,705 greedy level = 5
2015-07-02 02:11:24,705 

2015-07-02 02:11:26,136 Starting Training from 2015-01-01 to 2015-01-31
2015-07-02 02:12:23,084 Starting Training from 2015-03-04 to 2015-04-03
2015-07-02 02:15:14,659 Starting Live from 2015-04-04 to 2015-04-10
2015-07-02 02:21:45,570 Starting Q Learning for : 
2015-07-02 02:21:45,570 alpha = 0.8
2015-07-02 02:21:45,570 gamma = 0.3
2015-07-02 02:21:45,571 individual factor = 10
2015-07-02 02:21:45,571 zero range = 0.01
2015-07-02 02:21:45,571 greedy level = 5
2015-07-02 02:21:45,571 

2015-07-02 02:21:46,685 Starting Training from 2015-01-01 to 2015-01-31
2015-07-02 02:27:15,639 Starting Training from 2015-02-01 to 2015-03-03
2015-07-02 02:28:36,960 Starting Live from 2015-03-04 to 2015-04-03
2015-07-02 02:29:52,270 Starting Live from 2015-02-01 to 2015-03-03
2015-07-02 02:40:02,780 Starting Live from 2015-02-01 to 2015-03-03
2015-07-02 02:45:25,906 Starting Training from 2015-02-01 to 2015-03-03
2015-07-02 02:46:50,161 Starting Live from 2015-03-04 to 2015-04-03
2015-07-02 02:49:53,129 Starting Training from 2015-03-04 to 2015-04-03
2015-07-02 02:53:24,652 Starting Live from 2015-04-04 to 2015-04-10
2015-07-02 02:57:24,770 Starting Training from 2015-02-01 to 2015-03-03
2015-07-02 02:58:08,972 Starting Q Learning for : 
2015-07-02 02:58:08,972 alpha = 0.6
2015-07-02 02:58:08,972 gamma = 0.2
2015-07-02 02:58:08,972 individual factor = 10
2015-07-02 02:58:08,972 zero range = 0.01
2015-07-02 02:58:08,972 greedy level = 5
2015-07-02 02:58:08,972 

2015-07-02 02:58:12,149 Starting Training from 2015-01-01 to 2015-01-31
2015-07-02 02:59:05,376 Starting Live from 2015-03-04 to 2015-04-03
2015-07-02 03:00:50,809 Starting Training from 2015-03-04 to 2015-04-03
2015-07-02 03:08:43,022 Starting Live from 2015-04-04 to 2015-04-10
2015-07-02 03:11:48,025 Starting Q Learning for : 
2015-07-02 03:11:48,025 alpha = 0.2
2015-07-02 03:11:48,025 gamma = 0.8
2015-07-02 03:11:48,025 individual factor = 10
2015-07-02 03:11:48,025 zero range = 0.01
2015-07-02 03:11:48,025 greedy level = 5
2015-07-02 03:11:48,025 

2015-07-02 03:11:49,953 Starting Training from 2015-01-01 to 2015-01-31
2015-07-02 03:16:49,840 Starting Live from 2015-02-01 to 2015-03-03
2015-07-02 03:20:02,851 Starting Training from 2015-03-04 to 2015-04-03
2015-07-02 03:24:51,298 Starting Live from 2015-04-04 to 2015-04-10
2015-07-02 03:28:52,546 Starting Q Learning for : 
2015-07-02 03:28:52,546 alpha = 0.8
2015-07-02 03:28:52,546 gamma = 0.4
2015-07-02 03:28:52,546 individual factor = 10
2015-07-02 03:28:52,546 zero range = 0.01
2015-07-02 03:28:52,546 greedy level = 5
2015-07-02 03:28:52,546 

2015-07-02 03:28:53,818 Starting Training from 2015-01-01 to 2015-01-31
2015-07-02 03:29:49,916 Starting Live from 2015-02-01 to 2015-03-03
2015-07-02 03:33:45,046 Starting Training from 2015-02-01 to 2015-03-03
2015-07-02 03:35:06,273 Starting Live from 2015-03-04 to 2015-04-03
2015-07-02 03:42:56,373 Starting Training from 2015-02-01 to 2015-03-03
2015-07-02 03:44:23,317 Starting Live from 2015-03-04 to 2015-04-03
2015-07-02 03:46:35,167 Starting Live from 2015-02-01 to 2015-03-03
2015-07-02 03:50:23,437 Starting Training from 2015-03-04 to 2015-04-03
2015-07-02 03:55:55,370 Starting Training from 2015-03-04 to 2015-04-03
2015-07-02 03:59:29,850 Starting Live from 2015-04-04 to 2015-04-10
2015-07-02 04:01:18,808 Starting Live from 2015-04-04 to 2015-04-10
2015-07-02 04:02:32,538 Starting Training from 2015-02-01 to 2015-03-03
2015-07-02 04:03:28,624 Starting Q Learning for : 
2015-07-02 04:03:28,624 alpha = 0.6
2015-07-02 04:03:28,624 gamma = 0.3
2015-07-02 04:03:28,624 individual factor = 10
2015-07-02 04:03:28,624 zero range = 0.01
2015-07-02 04:03:28,624 greedy level = 5
2015-07-02 04:03:28,624 

2015-07-02 04:03:30,438 Starting Training from 2015-01-01 to 2015-01-31
2015-07-02 04:03:45,508 Starting Q Learning for : 
2015-07-02 04:03:45,508 alpha = 0.4
2015-07-02 04:03:45,508 gamma = 0.1
2015-07-02 04:03:45,508 individual factor = 10
2015-07-02 04:03:45,508 zero range = 0.01
2015-07-02 04:03:45,508 greedy level = 5
2015-07-02 04:03:45,508 

2015-07-02 04:03:46,818 Starting Training from 2015-01-01 to 2015-01-31
2015-07-02 04:03:49,301 Starting Live from 2015-03-04 to 2015-04-03
2015-07-02 04:20:40,352 Starting Live from 2015-02-01 to 2015-03-03
2015-07-02 04:20:55,182 Starting Live from 2015-02-01 to 2015-03-03
2015-07-02 04:22:58,081 Starting Training from 2015-03-04 to 2015-04-03
2015-07-02 04:25:28,133 Starting Live from 2015-04-04 to 2015-04-10
2015-07-02 04:29:22,014 Starting Q Learning for : 
2015-07-02 04:29:22,014 alpha = 0.8
2015-07-02 04:29:22,015 gamma = 0.5
2015-07-02 04:29:22,015 individual factor = 10
2015-07-02 04:29:22,015 zero range = 0.01
2015-07-02 04:29:22,015 greedy level = 5
2015-07-02 04:29:22,015 

2015-07-02 04:29:23,395 Starting Training from 2015-01-01 to 2015-01-31
2015-07-02 04:36:23,479 Starting Training from 2015-02-01 to 2015-03-03
2015-07-02 04:36:57,263 Starting Training from 2015-02-01 to 2015-03-03
2015-07-02 04:37:43,719 Starting Live from 2015-03-04 to 2015-04-03
2015-07-02 04:38:19,632 Starting Live from 2015-03-04 to 2015-04-03
2015-07-02 04:45:57,864 Starting Live from 2015-02-01 to 2015-03-03
2015-07-02 04:56:42,692 Starting Training from 2015-03-04 to 2015-04-03
2015-07-02 04:58:16,751 Starting Training from 2015-03-04 to 2015-04-03
2015-07-02 04:58:35,952 Starting Live from 2015-04-04 to 2015-04-10
2015-07-02 04:59:37,068 Starting Live from 2015-04-04 to 2015-04-10
2015-07-02 05:01:35,867 Starting Training from 2015-02-01 to 2015-03-03
2015-07-02 05:02:19,868 Starting Q Learning for : 
2015-07-02 05:02:19,869 alpha = 0.6
2015-07-02 05:02:19,869 gamma = 0.4
2015-07-02 05:02:19,869 individual factor = 10
2015-07-02 05:02:19,869 zero range = 0.01
2015-07-02 05:02:19,869 greedy level = 5
2015-07-02 05:02:19,869 

2015-07-02 05:02:21,323 Starting Training from 2015-01-01 to 2015-01-31
2015-07-02 05:02:50,041 Starting Live from 2015-03-04 to 2015-04-03
2015-07-02 05:03:32,924 Starting Q Learning for : 
2015-07-02 05:03:32,924 alpha = 0.4
2015-07-02 05:03:32,925 gamma = 0.2
2015-07-02 05:03:32,925 individual factor = 10
2015-07-02 05:03:32,925 zero range = 0.01
2015-07-02 05:03:32,925 greedy level = 5
2015-07-02 05:03:32,925 

2015-07-02 05:03:34,258 Starting Training from 2015-01-01 to 2015-01-31
2015-07-02 05:19:00,269 Starting Live from 2015-02-01 to 2015-03-03
2015-07-02 05:20:09,358 Starting Live from 2015-02-01 to 2015-03-03
2015-07-02 05:21:42,422 Starting Training from 2015-03-04 to 2015-04-03
2015-07-02 05:23:14,401 Starting Live from 2015-04-04 to 2015-04-10
2015-07-02 05:28:37,712 Starting Q Learning for : 
2015-07-02 05:28:37,712 alpha = 0.8
2015-07-02 05:28:37,712 gamma = 0.6
2015-07-02 05:28:37,712 individual factor = 10
2015-07-02 05:28:37,712 zero range = 0.01
2015-07-02 05:28:37,713 greedy level = 5
2015-07-02 05:28:37,713 

2015-07-02 05:28:39,194 Starting Training from 2015-01-01 to 2015-01-31
2015-07-02 05:33:17,014 Starting Training from 2015-02-01 to 2015-03-03
2015-07-02 05:34:33,946 Starting Live from 2015-03-04 to 2015-04-03
2015-07-02 05:34:38,949 Starting Training from 2015-02-01 to 2015-03-03
2015-07-02 05:35:50,735 Starting Live from 2015-03-04 to 2015-04-03
2015-07-02 05:43:17,347 Starting Live from 2015-02-01 to 2015-03-03
2015-07-02 05:52:07,779 Starting Training from 2015-03-04 to 2015-04-03
2015-07-02 05:54:06,273 Starting Training from 2015-03-04 to 2015-04-03
2015-07-02 05:54:13,530 Starting Live from 2015-04-04 to 2015-04-10
2015-07-02 05:55:35,385 Starting Live from 2015-04-04 to 2015-04-10
2015-07-02 05:56:28,873 Starting Training from 2015-02-01 to 2015-03-03
2015-07-02 05:57:43,907 Starting Live from 2015-03-04 to 2015-04-03
2015-07-02 05:57:44,788 Starting Q Learning for : 
2015-07-02 05:57:44,788 alpha = 0.6
2015-07-02 05:57:44,788 gamma = 0.5
2015-07-02 05:57:44,788 individual factor = 10
2015-07-02 05:57:44,788 zero range = 0.01
2015-07-02 05:57:44,788 greedy level = 5
2015-07-02 05:57:44,788 

2015-07-02 05:57:45,815 Starting Training from 2015-01-01 to 2015-01-31
2015-07-02 05:59:59,286 Starting Q Learning for : 
2015-07-02 05:59:59,286 alpha = 0.4
2015-07-02 05:59:59,286 gamma = 0.3
2015-07-02 05:59:59,286 individual factor = 10
2015-07-02 05:59:59,286 zero range = 0.01
2015-07-02 05:59:59,286 greedy level = 5
2015-07-02 05:59:59,286 

2015-07-02 06:00:01,691 Starting Training from 2015-01-01 to 2015-01-31
2015-07-02 06:13:25,829 Starting Live from 2015-02-01 to 2015-03-03
2015-07-02 06:14:32,641 Starting Live from 2015-02-01 to 2015-03-03
2015-07-02 06:15:29,445 Starting Training from 2015-03-04 to 2015-04-03
2015-07-02 06:18:52,960 Starting Live from 2015-04-04 to 2015-04-10
2015-07-02 06:23:46,738 Starting Q Learning for : 
2015-07-02 06:23:46,738 alpha = 0.8
2015-07-02 06:23:46,738 gamma = 0.7
2015-07-02 06:23:46,738 individual factor = 10
2015-07-02 06:23:46,738 zero range = 0.01
2015-07-02 06:23:46,738 greedy level = 5
2015-07-02 06:23:46,738 

2015-07-02 06:23:48,221 Starting Training from 2015-01-01 to 2015-01-31
2015-07-02 06:28:21,213 Starting Training from 2015-02-01 to 2015-03-03
2015-07-02 06:29:14,881 Starting Training from 2015-02-01 to 2015-03-03
2015-07-02 06:29:33,412 Starting Live from 2015-03-04 to 2015-04-03
2015-07-02 06:30:33,515 Starting Live from 2015-03-04 to 2015-04-03
2015-07-02 06:39:35,237 Starting Live from 2015-02-01 to 2015-03-03
2015-07-02 06:47:30,822 Starting Training from 2015-03-04 to 2015-04-03
2015-07-02 06:48:10,753 Starting Training from 2015-03-04 to 2015-04-03
2015-07-02 06:49:11,579 Starting Live from 2015-04-04 to 2015-04-10
2015-07-02 06:50:26,135 Starting Live from 2015-04-04 to 2015-04-10
2015-07-02 06:50:29,611 Starting Training from 2015-02-01 to 2015-03-03
2015-07-02 06:51:39,888 Starting Live from 2015-03-04 to 2015-04-03
2015-07-02 06:52:31,705 Starting Q Learning for : 
2015-07-02 06:52:31,705 alpha = 0.6
2015-07-02 06:52:31,706 gamma = 0.6
2015-07-02 06:52:31,706 individual factor = 10
2015-07-02 06:52:31,706 zero range = 0.01
2015-07-02 06:52:31,706 greedy level = 5
2015-07-02 06:52:31,706 

2015-07-02 06:52:33,078 Starting Training from 2015-01-01 to 2015-01-31
2015-07-02 06:53:51,246 Starting Q Learning for : 
2015-07-02 06:53:51,246 alpha = 0.4
2015-07-02 06:53:51,246 gamma = 0.4
2015-07-02 06:53:51,246 individual factor = 10
2015-07-02 06:53:51,246 zero range = 0.01
2015-07-02 06:53:51,246 greedy level = 5
2015-07-02 06:53:51,246 

2015-07-02 06:53:52,334 Starting Training from 2015-01-01 to 2015-01-31
2015-07-02 07:03:31,139 Starting Training from 2015-03-04 to 2015-04-03
2015-07-02 07:08:01,717 Starting Live from 2015-04-04 to 2015-04-10
2015-07-02 07:08:15,490 Starting Live from 2015-02-01 to 2015-03-03
2015-07-02 07:09:31,729 Starting Live from 2015-02-01 to 2015-03-03
2015-07-02 07:10:21,918 Starting Q Learning for : 
2015-07-02 07:10:21,918 alpha = 0.8
2015-07-02 07:10:21,918 gamma = 0.8
2015-07-02 07:10:21,918 individual factor = 10
2015-07-02 07:10:21,918 zero range = 0.01
2015-07-02 07:10:21,918 greedy level = 5
2015-07-02 07:10:21,918 

2015-07-02 07:10:23,301 Starting Training from 2015-01-01 to 2015-01-31
2015-07-02 07:22:26,448 Starting Training from 2015-02-01 to 2015-03-03
2015-07-02 07:23:35,187 Starting Live from 2015-03-04 to 2015-04-03
2015-07-02 07:23:35,639 Starting Training from 2015-02-01 to 2015-03-03
2015-07-02 07:24:47,937 Starting Live from 2015-03-04 to 2015-04-03
2015-07-02 07:25:38,598 Starting Live from 2015-02-01 to 2015-03-03
2015-07-02 07:37:05,997 Starting Training from 2015-02-01 to 2015-03-03
2015-07-02 07:38:19,708 Starting Live from 2015-03-04 to 2015-04-03
2015-07-02 07:39:36,378 Starting Training from 2015-03-04 to 2015-04-03
2015-07-02 07:41:12,295 Starting Training from 2015-03-04 to 2015-04-03
2015-07-02 07:41:23,583 Starting Live from 2015-04-04 to 2015-04-10
2015-07-02 07:42:50,205 Starting Training from 2015-03-04 to 2015-04-03
2015-07-02 07:42:55,407 Starting Live from 2015-04-04 to 2015-04-10
2015-07-02 07:49:42,345 Starting Live from 2015-04-04 to 2015-04-10
