2015-06-25 19:11:47,219 Starting Q Learning for : 
2015-06-25 19:11:47,219 alpha = 0.6
2015-06-25 19:11:47,219 gamma = 0.7
2015-06-25 19:11:47,219 individual factor = 8
2015-06-25 19:11:47,219 zero range = 0.01
2015-06-25 19:11:47,219 greedy level = 5
2015-06-25 19:11:47,219 

2015-06-25 19:11:59,888 Starting Training from 2014-12-17 to 2015-01-01
2015-06-25 19:25:12,201 Starting Live from 2015-01-02 to 2015-02-01
2015-06-25 19:58:55,263 Starting Training from 2015-01-17 to 2015-02-01
2015-06-25 20:00:40,496 Starting Live from 2015-02-02 to 2015-03-04
2015-06-25 20:35:21,005 Starting Training from 2015-02-17 to 2015-03-04
2015-06-25 20:37:22,122 Starting Live from 2015-03-05 to 2015-04-04
2015-06-25 21:09:51,384 Starting Training from 2015-03-20 to 2015-04-04
2015-06-25 21:11:36,825 Starting Live from 2015-04-05 to 2015-04-10
2015-06-25 21:16:05,951 Starting Q Learning for : 
2015-06-25 21:16:05,951 alpha = 0.6
2015-06-25 21:16:05,951 gamma = 0.8
2015-06-25 21:16:05,951 individual factor = 8
2015-06-25 21:16:05,951 zero range = 0.01
2015-06-25 21:16:05,951 greedy level = 5
2015-06-25 21:16:05,951 

2015-06-25 21:16:13,325 Starting Training from 2014-12-17 to 2015-01-01
2015-06-25 21:29:07,249 Starting Live from 2015-01-02 to 2015-02-01
2015-06-25 22:02:37,802 Starting Training from 2015-01-17 to 2015-02-01
2015-06-25 22:04:26,503 Starting Live from 2015-02-02 to 2015-03-04
2015-06-25 22:39:51,733 Starting Training from 2015-02-17 to 2015-03-04
2015-06-25 22:42:00,798 Starting Live from 2015-03-05 to 2015-04-04
2015-06-25 23:17:16,934 Starting Training from 2015-03-20 to 2015-04-04
2015-06-25 23:19:02,496 Starting Live from 2015-04-05 to 2015-04-10
2015-06-25 23:23:22,076 Starting Q Learning for : 
2015-06-25 23:23:22,076 alpha = 0.4
2015-06-25 23:23:22,076 gamma = 0.1
2015-06-25 23:23:22,076 individual factor = 8
2015-06-25 23:23:22,076 zero range = 0.01
2015-06-25 23:23:22,076 greedy level = 5
2015-06-25 23:23:22,078 

2015-06-25 23:23:30,345 Starting Training from 2014-12-17 to 2015-01-01
2015-06-25 23:37:37,865 Starting Live from 2015-01-02 to 2015-02-01
2015-06-26 00:12:35,529 Starting Training from 2015-01-17 to 2015-02-01
2015-06-26 00:14:59,408 Starting Live from 2015-02-02 to 2015-03-04
2015-06-26 00:48:52,003 Starting Training from 2015-02-17 to 2015-03-04
2015-06-26 00:50:48,624 Starting Live from 2015-03-05 to 2015-04-04
2015-06-26 01:24:53,104 Starting Training from 2015-03-20 to 2015-04-04
2015-06-26 01:26:41,569 Starting Live from 2015-04-05 to 2015-04-10
2015-06-26 01:30:48,186 Starting Q Learning for : 
2015-06-26 01:30:48,186 alpha = 0.4
2015-06-26 01:30:48,186 gamma = 0.2
2015-06-26 01:30:48,186 individual factor = 8
2015-06-26 01:30:48,186 zero range = 0.01
2015-06-26 01:30:48,186 greedy level = 5
2015-06-26 01:30:48,186 

2015-06-26 01:30:54,665 Starting Training from 2014-12-17 to 2015-01-01
2015-06-26 01:45:17,621 Starting Live from 2015-01-02 to 2015-02-01
2015-06-26 02:19:55,819 Starting Training from 2015-01-17 to 2015-02-01
2015-06-26 02:22:09,101 Starting Live from 2015-02-02 to 2015-03-04
2015-06-26 02:59:02,726 Starting Training from 2015-02-17 to 2015-03-04
2015-06-26 03:01:16,776 Starting Live from 2015-03-05 to 2015-04-04
2015-06-26 03:38:41,664 Starting Training from 2015-03-20 to 2015-04-04
2015-06-26 03:40:31,586 Starting Live from 2015-04-05 to 2015-04-10
2015-06-26 03:45:13,992 Starting Q Learning for : 
2015-06-26 03:45:13,992 alpha = 0.4
2015-06-26 03:45:13,992 gamma = 0.3
2015-06-26 03:45:13,992 individual factor = 8
2015-06-26 03:45:13,992 zero range = 0.01
2015-06-26 03:45:13,992 greedy level = 5
2015-06-26 03:45:13,993 

2015-06-26 03:45:20,591 Starting Training from 2014-12-17 to 2015-01-01
2015-06-26 03:59:52,085 Starting Live from 2015-01-02 to 2015-02-01
2015-06-26 04:35:23,502 Starting Training from 2015-01-17 to 2015-02-01
2015-06-26 04:37:30,088 Starting Live from 2015-02-02 to 2015-03-04
2015-06-26 05:13:46,424 Starting Training from 2015-02-17 to 2015-03-04
2015-06-26 05:15:57,450 Starting Live from 2015-03-05 to 2015-04-04
2015-06-26 05:51:59,361 Starting Training from 2015-03-20 to 2015-04-04
2015-06-26 05:54:21,974 Starting Live from 2015-04-05 to 2015-04-10
2015-06-26 05:59:14,904 Starting Q Learning for : 
2015-06-26 05:59:14,905 alpha = 0.4
2015-06-26 05:59:14,905 gamma = 0.4
2015-06-26 05:59:14,905 individual factor = 8
2015-06-26 05:59:14,905 zero range = 0.01
2015-06-26 05:59:14,905 greedy level = 5
2015-06-26 05:59:14,905 

2015-06-26 05:59:21,194 Starting Training from 2014-12-17 to 2015-01-01
2015-06-26 06:14:06,255 Starting Live from 2015-01-02 to 2015-02-01
2015-06-26 06:48:42,244 Starting Training from 2015-01-17 to 2015-02-01
2015-06-26 06:50:36,746 Starting Live from 2015-02-02 to 2015-03-04
2015-06-26 07:26:44,316 Starting Training from 2015-02-17 to 2015-03-04
2015-06-26 07:28:49,197 Starting Live from 2015-03-05 to 2015-04-04
2015-06-26 08:04:23,716 Starting Training from 2015-03-20 to 2015-04-04
2015-06-26 08:06:11,328 Starting Live from 2015-04-05 to 2015-04-10
2015-06-26 08:10:54,559 Starting Q Learning for : 
2015-06-26 08:10:54,559 alpha = 0.4
2015-06-26 08:10:54,559 gamma = 0.5
2015-06-26 08:10:54,559 individual factor = 8
2015-06-26 08:10:54,559 zero range = 0.01
2015-06-26 08:10:54,559 greedy level = 5
2015-06-26 08:10:54,559 

2015-06-26 08:10:59,677 Starting Training from 2014-12-17 to 2015-01-01
2015-06-26 08:25:08,891 Starting Live from 2015-01-02 to 2015-02-01
2015-06-26 08:59:16,111 Starting Training from 2015-01-17 to 2015-02-01
2015-06-26 09:01:10,898 Starting Live from 2015-02-02 to 2015-03-04
2015-06-26 09:36:47,326 Starting Training from 2015-02-17 to 2015-03-04
2015-06-26 09:38:54,540 Starting Live from 2015-03-05 to 2015-04-04
2015-06-26 10:13:39,651 Starting Training from 2015-03-20 to 2015-04-04
2015-06-26 10:15:26,540 Starting Live from 2015-04-05 to 2015-04-10
2015-06-26 10:20:17,436 Starting Q Learning for : 
2015-06-26 10:20:17,436 alpha = 0.8
2015-06-26 10:20:17,436 gamma = 0.4
2015-06-26 10:20:17,436 individual factor = 8
2015-06-26 10:20:17,437 zero range = 0.01
2015-06-26 10:20:17,437 greedy level = 5
2015-06-26 10:20:17,437 

2015-06-26 10:20:25,654 Starting Training from 2014-12-17 to 2015-01-01
2015-06-26 10:33:59,226 Starting Live from 2015-01-02 to 2015-02-01
2015-06-26 11:07:51,756 Starting Training from 2015-01-17 to 2015-02-01
2015-06-26 11:09:42,696 Starting Live from 2015-02-02 to 2015-03-04
2015-06-26 11:44:59,471 Starting Training from 2015-02-17 to 2015-03-04
2015-06-26 11:47:33,831 Starting Live from 2015-03-05 to 2015-04-04
2015-06-26 12:22:54,184 Starting Training from 2015-03-20 to 2015-04-04
2015-06-26 12:24:41,493 Starting Live from 2015-04-05 to 2015-04-10
2015-06-26 12:29:02,618 Starting Q Learning for : 
2015-06-26 12:29:02,618 alpha = 0.8
2015-06-26 12:29:02,618 gamma = 0.5
2015-06-26 12:29:02,618 individual factor = 8
2015-06-26 12:29:02,618 zero range = 0.01
2015-06-26 12:29:02,618 greedy level = 5
2015-06-26 12:29:02,618 

2015-06-26 12:29:09,631 Starting Training from 2014-12-17 to 2015-01-01
2015-06-26 12:43:20,707 Starting Live from 2015-01-02 to 2015-02-01
2015-06-26 13:17:53,012 Starting Training from 2015-01-17 to 2015-02-01
2015-06-26 13:19:46,822 Starting Live from 2015-02-02 to 2015-03-04
2015-06-26 13:56:30,844 Starting Training from 2015-02-17 to 2015-03-04
2015-06-26 13:58:37,767 Starting Live from 2015-03-05 to 2015-04-04
2015-06-26 14:34:32,609 Starting Training from 2015-03-20 to 2015-04-04
2015-06-26 14:36:23,786 Starting Live from 2015-04-05 to 2015-04-10
2015-06-26 14:40:48,309 Starting Q Learning for : 
2015-06-26 14:40:48,309 alpha = 0.8
2015-06-26 14:40:48,309 gamma = 0.6
2015-06-26 14:40:48,309 individual factor = 8
2015-06-26 14:40:48,309 zero range = 0.01
2015-06-26 14:40:48,309 greedy level = 5
2015-06-26 14:40:48,309 

2015-06-26 14:40:54,328 Starting Training from 2014-12-17 to 2015-01-01
2015-06-26 14:55:48,920 Starting Live from 2015-01-02 to 2015-02-01
2015-06-26 15:31:08,499 Starting Training from 2015-01-17 to 2015-02-01
2015-06-26 15:33:30,651 Starting Live from 2015-02-02 to 2015-03-04
2015-06-26 16:10:24,835 Starting Training from 2015-02-17 to 2015-03-04
2015-06-26 16:12:34,063 Starting Live from 2015-03-05 to 2015-04-04
2015-06-26 16:48:45,233 Starting Training from 2015-03-20 to 2015-04-04
2015-06-26 16:50:30,640 Starting Live from 2015-04-05 to 2015-04-10
2015-06-26 16:55:29,380 Starting Q Learning for : 
2015-06-26 16:55:29,380 alpha = 0.8
2015-06-26 16:55:29,380 gamma = 0.7
2015-06-26 16:55:29,381 individual factor = 8
2015-06-26 16:55:29,381 zero range = 0.01
2015-06-26 16:55:29,381 greedy level = 5
2015-06-26 16:55:29,381 

2015-06-26 16:55:38,694 Starting Training from 2014-12-17 to 2015-01-01
2015-06-26 17:09:34,717 Starting Live from 2015-01-02 to 2015-02-01
2015-06-26 17:42:55,176 Starting Training from 2015-01-17 to 2015-02-01
2015-06-26 17:44:59,493 Starting Live from 2015-02-02 to 2015-03-04
2015-06-26 18:23:34,950 Starting Training from 2015-02-17 to 2015-03-04
2015-06-26 18:25:44,233 Starting Live from 2015-03-05 to 2015-04-04
2015-06-26 19:03:44,155 Starting Training from 2015-03-20 to 2015-04-04
2015-06-26 19:05:32,832 Starting Live from 2015-04-05 to 2015-04-10
2015-06-26 19:10:12,342 Starting Q Learning for : 
2015-06-26 19:10:12,342 alpha = 0.8
2015-06-26 19:10:12,342 gamma = 0.8
2015-06-26 19:10:12,342 individual factor = 8
2015-06-26 19:10:12,342 zero range = 0.01
2015-06-26 19:10:12,342 greedy level = 5
2015-06-26 19:10:12,342 

2015-06-26 19:10:18,760 Starting Training from 2014-12-17 to 2015-01-01
2015-06-26 19:24:23,273 Starting Live from 2015-01-02 to 2015-02-01
2015-06-26 19:57:31,977 Starting Training from 2015-01-17 to 2015-02-01
2015-06-26 19:59:28,519 Starting Live from 2015-02-02 to 2015-03-04
2015-06-26 20:35:36,092 Starting Training from 2015-02-17 to 2015-03-04
2015-06-26 20:37:50,888 Starting Live from 2015-03-05 to 2015-04-04
2015-06-26 21:13:28,671 Starting Training from 2015-03-20 to 2015-04-04
2015-06-26 21:15:20,852 Starting Live from 2015-04-05 to 2015-04-10
2015-06-26 21:19:40,609 Starting Q Learning for : 
2015-06-26 21:19:40,609 alpha = 0.5
2015-06-26 21:19:40,609 gamma = 0.1
2015-06-26 21:19:40,609 individual factor = 8
2015-06-26 21:19:40,609 zero range = 0.006
2015-06-26 21:19:40,609 greedy level = 5
2015-06-26 21:19:40,609 

2015-06-26 21:19:43,278 Starting Training from 2014-12-17 to 2015-01-01
2015-06-26 21:33:45,335 Starting Live from 2015-01-02 to 2015-02-01
2015-06-26 22:07:41,729 Starting Training from 2015-01-17 to 2015-02-01
2015-06-26 22:09:37,803 Starting Live from 2015-02-02 to 2015-03-04
2015-06-26 22:45:09,530 Starting Training from 2015-02-17 to 2015-03-04
2015-06-26 22:47:17,496 Starting Live from 2015-03-05 to 2015-04-04
2015-06-26 23:21:49,601 Starting Training from 2015-03-20 to 2015-04-04
2015-06-26 23:23:39,694 Starting Live from 2015-04-05 to 2015-04-10
2015-06-26 23:28:15,648 Starting Q Learning for : 
2015-06-26 23:28:15,648 alpha = 0.5
2015-06-26 23:28:15,648 gamma = 0.2
2015-06-26 23:28:15,648 individual factor = 8
2015-06-26 23:28:15,648 zero range = 0.006
2015-06-26 23:28:15,648 greedy level = 5
2015-06-26 23:28:15,648 

2015-06-26 23:28:18,415 Starting Training from 2014-12-17 to 2015-01-01
2015-06-26 23:42:32,259 Starting Live from 2015-01-02 to 2015-02-01
2015-06-27 00:18:08,391 Starting Training from 2015-01-17 to 2015-02-01
2015-06-27 00:20:02,065 Starting Live from 2015-02-02 to 2015-03-04
2015-06-27 00:55:56,043 Starting Training from 2015-02-17 to 2015-03-04
2015-06-27 00:58:07,857 Starting Live from 2015-03-05 to 2015-04-04
2015-06-27 01:33:55,875 Starting Training from 2015-03-20 to 2015-04-04
2015-06-27 01:35:39,532 Starting Live from 2015-04-05 to 2015-04-10
2015-06-27 01:40:14,625 Starting Q Learning for : 
2015-06-27 01:40:14,625 alpha = 0.4
2015-06-27 01:40:14,625 gamma = 0.1
2015-06-27 01:40:14,625 individual factor = 8
2015-06-27 01:40:14,625 zero range = 0.006
2015-06-27 01:40:14,625 greedy level = 5
2015-06-27 01:40:14,625 

2015-06-27 01:40:21,414 Starting Training from 2014-12-17 to 2015-01-01
2015-06-27 01:54:52,282 Starting Live from 2015-01-02 to 2015-02-01
2015-06-27 02:28:52,779 Starting Training from 2015-01-17 to 2015-02-01
2015-06-27 02:31:18,359 Starting Live from 2015-02-02 to 2015-03-04
2015-06-27 03:07:50,944 Starting Training from 2015-02-17 to 2015-03-04
2015-06-27 03:09:57,528 Starting Live from 2015-03-05 to 2015-04-04
2015-06-27 03:46:01,220 Starting Training from 2015-03-20 to 2015-04-04
2015-06-27 03:47:51,259 Starting Live from 2015-04-05 to 2015-04-10
2015-06-27 03:52:18,509 Starting Q Learning for : 
2015-06-27 03:52:18,509 alpha = 0.4
2015-06-27 03:52:18,509 gamma = 0.2
2015-06-27 03:52:18,509 individual factor = 8
2015-06-27 03:52:18,509 zero range = 0.006
2015-06-27 03:52:18,509 greedy level = 5
2015-06-27 03:52:18,509 

2015-06-27 03:52:25,267 Starting Training from 2014-12-17 to 2015-01-01
2015-06-27 04:06:42,049 Starting Live from 2015-01-02 to 2015-02-01
2015-06-27 04:40:01,540 Starting Training from 2015-01-17 to 2015-02-01
2015-06-27 04:41:58,703 Starting Live from 2015-02-02 to 2015-03-04
2015-06-27 05:17:11,341 Starting Training from 2015-02-17 to 2015-03-04
2015-06-27 05:19:19,687 Starting Live from 2015-03-05 to 2015-04-04
2015-06-27 05:53:02,490 Starting Training from 2015-03-20 to 2015-04-04
2015-06-27 05:54:49,028 Starting Live from 2015-04-05 to 2015-04-10
2015-06-27 05:59:43,476 Starting Q Learning for : 
2015-06-27 05:59:43,476 alpha = 0.4
2015-06-27 05:59:43,476 gamma = 0.3
2015-06-27 05:59:43,476 individual factor = 8
2015-06-27 05:59:43,476 zero range = 0.006
2015-06-27 05:59:43,476 greedy level = 5
2015-06-27 05:59:43,476 

2015-06-27 05:59:50,101 Starting Training from 2014-12-17 to 2015-01-01
2015-06-27 06:13:25,155 Starting Live from 2015-01-02 to 2015-02-01
2015-06-27 06:47:35,759 Starting Training from 2015-01-17 to 2015-02-01
2015-06-27 06:49:27,598 Starting Live from 2015-02-02 to 2015-03-04
2015-06-27 07:23:52,328 Starting Training from 2015-02-17 to 2015-03-04
2015-06-27 07:25:58,463 Starting Live from 2015-03-05 to 2015-04-04
2015-06-27 08:01:55,375 Starting Training from 2015-03-20 to 2015-04-04
2015-06-27 08:03:44,753 Starting Live from 2015-04-05 to 2015-04-10
2015-06-27 08:08:18,921 Starting Q Learning for : 
2015-06-27 08:08:18,921 alpha = 0.4
2015-06-27 08:08:18,921 gamma = 0.4
2015-06-27 08:08:18,921 individual factor = 8
2015-06-27 08:08:18,921 zero range = 0.006
2015-06-27 08:08:18,921 greedy level = 5
2015-06-27 08:08:18,921 

2015-06-27 08:08:25,433 Starting Training from 2014-12-17 to 2015-01-01
2015-06-27 08:22:57,022 Starting Live from 2015-01-02 to 2015-02-01
2015-06-27 08:56:57,434 Starting Training from 2015-01-17 to 2015-02-01
2015-06-27 08:58:58,167 Starting Live from 2015-02-02 to 2015-03-04
2015-06-27 09:33:41,460 Starting Training from 2015-02-17 to 2015-03-04
2015-06-27 09:35:42,289 Starting Live from 2015-03-05 to 2015-04-04
2015-06-27 10:10:16,138 Starting Training from 2015-03-20 to 2015-04-04
2015-06-27 10:12:01,131 Starting Live from 2015-04-05 to 2015-04-10
2015-06-27 10:16:27,098 Starting Q Learning for : 
2015-06-27 10:16:27,098 alpha = 0.4
2015-06-27 10:16:27,098 gamma = 0.5
2015-06-27 10:16:27,099 individual factor = 8
2015-06-27 10:16:27,099 zero range = 0.006
2015-06-27 10:16:27,099 greedy level = 5
2015-06-27 10:16:27,099 

2015-06-27 10:16:34,132 Starting Training from 2014-12-17 to 2015-01-01
2015-06-27 10:30:28,815 Starting Live from 2015-01-02 to 2015-02-01
2015-06-27 11:04:23,990 Starting Training from 2015-01-17 to 2015-02-01
2015-06-27 11:06:15,517 Starting Live from 2015-02-02 to 2015-03-04
2015-06-27 11:42:19,969 Starting Training from 2015-02-17 to 2015-03-04
2015-06-27 11:44:31,322 Starting Live from 2015-03-05 to 2015-04-04
2015-06-27 12:19:37,928 Starting Training from 2015-03-20 to 2015-04-04
2015-06-27 12:21:26,438 Starting Live from 2015-04-05 to 2015-04-10
2015-06-27 12:26:34,812 Starting Q Learning for : 
2015-06-27 12:26:34,812 alpha = 0.4
2015-06-27 12:26:34,812 gamma = 0.6
2015-06-27 12:26:34,812 individual factor = 8
2015-06-27 12:26:34,812 zero range = 0.006
2015-06-27 12:26:34,812 greedy level = 5
2015-06-27 12:26:34,812 

2015-06-27 12:26:43,900 Starting Training from 2014-12-17 to 2015-01-01
2015-06-27 12:40:08,427 Starting Live from 2015-01-02 to 2015-02-01
2015-06-27 13:15:44,145 Starting Training from 2015-01-17 to 2015-02-01
2015-06-27 13:17:40,914 Starting Live from 2015-02-02 to 2015-03-04
2015-06-27 13:54:21,653 Starting Training from 2015-02-17 to 2015-03-04
2015-06-27 13:56:38,604 Starting Live from 2015-03-05 to 2015-04-04
2015-06-27 14:31:15,881 Starting Training from 2015-03-20 to 2015-04-04
2015-06-27 14:32:48,793 Starting Live from 2015-04-05 to 2015-04-10
2015-06-27 14:37:00,559 Starting Q Learning for : 
2015-06-27 14:37:00,559 alpha = 0.4
2015-06-27 14:37:00,559 gamma = 0.7
2015-06-27 14:37:00,559 individual factor = 8
2015-06-27 14:37:00,561 zero range = 0.006
2015-06-27 14:37:00,561 greedy level = 5
2015-06-27 14:37:00,561 

2015-06-27 14:37:07,019 Starting Training from 2014-12-17 to 2015-01-01
2015-06-27 14:49:52,713 Starting Live from 2015-01-02 to 2015-02-01
2015-06-27 15:23:55,319 Starting Training from 2015-01-17 to 2015-02-01
2015-06-27 15:26:02,358 Starting Live from 2015-02-02 to 2015-03-04
2015-06-27 16:02:57,013 Starting Training from 2015-02-17 to 2015-03-04
2015-06-27 16:05:10,950 Starting Live from 2015-03-05 to 2015-04-04
2015-06-27 16:40:30,996 Starting Training from 2015-03-20 to 2015-04-04
2015-06-27 16:42:18,230 Starting Live from 2015-04-05 to 2015-04-10
2015-06-27 16:46:38,427 Starting Q Learning for : 
2015-06-27 16:46:38,427 alpha = 0.8
2015-06-27 16:46:38,427 gamma = 0.6
2015-06-27 16:46:38,427 individual factor = 8
2015-06-27 16:46:38,427 zero range = 0.006
2015-06-27 16:46:38,427 greedy level = 5
2015-06-27 16:46:38,427 

2015-06-27 16:46:44,259 Starting Training from 2014-12-17 to 2015-01-01
2015-06-27 17:00:35,917 Starting Live from 2015-01-02 to 2015-02-01
2015-06-27 17:33:47,384 Starting Training from 2015-01-17 to 2015-02-01
2015-06-27 17:35:38,118 Starting Live from 2015-02-02 to 2015-03-04
2015-06-27 18:10:30,963 Starting Training from 2015-02-17 to 2015-03-04
2015-06-27 18:12:37,308 Starting Live from 2015-03-05 to 2015-04-04
2015-06-27 18:48:05,474 Starting Training from 2015-03-20 to 2015-04-04
2015-06-27 18:49:51,976 Starting Live from 2015-04-05 to 2015-04-10
2015-06-27 18:54:54,608 Starting Q Learning for : 
2015-06-27 18:54:54,608 alpha = 0.8
2015-06-27 18:54:54,609 gamma = 0.7
2015-06-27 18:54:54,609 individual factor = 8
2015-06-27 18:54:54,609 zero range = 0.006
2015-06-27 18:54:54,609 greedy level = 5
2015-06-27 18:54:54,609 

2015-06-27 18:55:01,542 Starting Training from 2014-12-17 to 2015-01-01
2015-06-27 19:08:57,180 Starting Live from 2015-01-02 to 2015-02-01
2015-06-27 19:43:56,759 Starting Training from 2015-01-17 to 2015-02-01
2015-06-27 19:45:50,168 Starting Live from 2015-02-02 to 2015-03-04
2015-06-27 20:19:25,664 Starting Training from 2015-02-17 to 2015-03-04
2015-06-27 20:21:58,526 Starting Live from 2015-03-05 to 2015-04-04
2015-06-27 20:56:51,618 Starting Training from 2015-03-20 to 2015-04-04
2015-06-27 20:58:46,535 Starting Live from 2015-04-05 to 2015-04-10
2015-06-27 21:03:01,509 Starting Q Learning for : 
2015-06-27 21:03:01,509 alpha = 0.8
2015-06-27 21:03:01,509 gamma = 0.8
2015-06-27 21:03:01,509 individual factor = 8
2015-06-27 21:03:01,509 zero range = 0.006
2015-06-27 21:03:01,509 greedy level = 5
2015-06-27 21:03:01,509 

2015-06-27 21:03:07,150 Starting Training from 2014-12-17 to 2015-01-01
2015-06-27 21:17:04,957 Starting Live from 2015-01-02 to 2015-02-01
2015-06-27 21:50:31,566 Starting Training from 2015-01-17 to 2015-02-01
2015-06-27 21:52:53,799 Starting Live from 2015-02-02 to 2015-03-04
2015-06-27 22:27:06,213 Starting Training from 2015-02-17 to 2015-03-04
2015-06-27 22:29:08,575 Starting Live from 2015-03-05 to 2015-04-04
2015-06-27 23:02:49,282 Starting Training from 2015-03-20 to 2015-04-04
2015-06-27 23:04:32,825 Starting Live from 2015-04-05 to 2015-04-10
