2015-06-25 19:11:47,211 Starting Q Learning for : 
2015-06-25 19:11:47,211 alpha = 0.5
2015-06-25 19:11:47,211 gamma = 0.1
2015-06-25 19:11:47,211 individual factor = 8
2015-06-25 19:11:47,211 zero range = 0.01
2015-06-25 19:11:47,211 greedy level = 5
2015-06-25 19:11:47,213 

2015-06-25 19:11:59,650 Starting Training from 2014-12-17 to 2015-01-01
2015-06-25 19:24:56,042 Starting Live from 2015-01-02 to 2015-02-01
2015-06-25 19:58:27,871 Starting Training from 2015-01-17 to 2015-02-01
2015-06-25 20:00:11,595 Starting Live from 2015-02-02 to 2015-03-04
2015-06-25 20:34:20,484 Starting Training from 2015-02-17 to 2015-03-04
2015-06-25 20:36:28,423 Starting Live from 2015-03-05 to 2015-04-04
2015-06-25 21:08:33,325 Starting Training from 2015-03-20 to 2015-04-04
2015-06-25 21:10:15,615 Starting Live from 2015-04-05 to 2015-04-10
2015-06-25 21:14:30,349 Starting Q Learning for : 
2015-06-25 21:14:30,349 alpha = 0.5
2015-06-25 21:14:30,349 gamma = 0.2
2015-06-25 21:14:30,349 individual factor = 8
2015-06-25 21:14:30,349 zero range = 0.01
2015-06-25 21:14:30,349 greedy level = 5
2015-06-25 21:14:30,349 

2015-06-25 21:14:37,448 Starting Training from 2014-12-17 to 2015-01-01
2015-06-25 21:27:41,012 Starting Live from 2015-01-02 to 2015-02-01
2015-06-25 22:00:52,075 Starting Training from 2015-01-17 to 2015-02-01
2015-06-25 22:02:46,497 Starting Live from 2015-02-02 to 2015-03-04
2015-06-25 22:37:42,903 Starting Training from 2015-02-17 to 2015-03-04
2015-06-25 22:39:49,348 Starting Live from 2015-03-05 to 2015-04-04
2015-06-25 23:15:10,588 Starting Training from 2015-03-20 to 2015-04-04
2015-06-25 23:17:01,000 Starting Live from 2015-04-05 to 2015-04-10
2015-06-25 23:21:10,654 Starting Q Learning for : 
2015-06-25 23:21:10,654 alpha = 0.5
2015-06-25 23:21:10,654 gamma = 0.3
2015-06-25 23:21:10,654 individual factor = 8
2015-06-25 23:21:10,654 zero range = 0.01
2015-06-25 23:21:10,654 greedy level = 5
2015-06-25 23:21:10,654 

2015-06-25 23:21:16,411 Starting Training from 2014-12-17 to 2015-01-01
2015-06-25 23:35:29,651 Starting Live from 2015-01-02 to 2015-02-01
2015-06-26 00:10:26,490 Starting Training from 2015-01-17 to 2015-02-01
2015-06-26 00:12:17,193 Starting Live from 2015-02-02 to 2015-03-04
2015-06-26 00:47:00,944 Starting Training from 2015-02-17 to 2015-03-04
2015-06-26 00:49:02,025 Starting Live from 2015-03-05 to 2015-04-04
2015-06-26 01:24:20,334 Starting Training from 2015-03-20 to 2015-04-04
2015-06-26 01:26:07,766 Starting Live from 2015-04-05 to 2015-04-10
2015-06-26 01:31:03,601 Starting Q Learning for : 
2015-06-26 01:31:03,601 alpha = 0.5
2015-06-26 01:31:03,601 gamma = 0.4
2015-06-26 01:31:03,601 individual factor = 8
2015-06-26 01:31:03,601 zero range = 0.01
2015-06-26 01:31:03,601 greedy level = 5
2015-06-26 01:31:03,601 

2015-06-26 01:31:10,049 Starting Training from 2014-12-17 to 2015-01-01
2015-06-26 01:45:26,365 Starting Live from 2015-01-02 to 2015-02-01
2015-06-26 02:20:01,101 Starting Training from 2015-01-17 to 2015-02-01
2015-06-26 02:22:11,648 Starting Live from 2015-02-02 to 2015-03-04
2015-06-26 02:58:54,075 Starting Training from 2015-02-17 to 2015-03-04
2015-06-26 03:01:07,298 Starting Live from 2015-03-05 to 2015-04-04
2015-06-26 03:37:57,908 Starting Training from 2015-03-20 to 2015-04-04
2015-06-26 03:39:48,640 Starting Live from 2015-04-05 to 2015-04-10
2015-06-26 03:44:14,214 Starting Q Learning for : 
2015-06-26 03:44:14,216 alpha = 0.5
2015-06-26 03:44:14,216 gamma = 0.5
2015-06-26 03:44:14,216 individual factor = 8
2015-06-26 03:44:14,216 zero range = 0.01
2015-06-26 03:44:14,216 greedy level = 5
2015-06-26 03:44:14,216 

2015-06-26 03:44:19,819 Starting Training from 2014-12-17 to 2015-01-01
2015-06-26 03:58:56,038 Starting Live from 2015-01-02 to 2015-02-01
2015-06-26 04:33:31,658 Starting Training from 2015-01-17 to 2015-02-01
2015-06-26 04:35:28,726 Starting Live from 2015-02-02 to 2015-03-04
2015-06-26 05:11:27,167 Starting Training from 2015-02-17 to 2015-03-04
2015-06-26 05:13:37,497 Starting Live from 2015-03-05 to 2015-04-04
2015-06-26 05:50:08,569 Starting Training from 2015-03-20 to 2015-04-04
2015-06-26 05:52:02,486 Starting Live from 2015-04-05 to 2015-04-10
2015-06-26 05:56:38,707 Starting Q Learning for : 
2015-06-26 05:56:38,707 alpha = 0.5
2015-06-26 05:56:38,707 gamma = 0.6
2015-06-26 05:56:38,707 individual factor = 8
2015-06-26 05:56:38,707 zero range = 0.01
2015-06-26 05:56:38,707 greedy level = 5
2015-06-26 05:56:38,707 

2015-06-26 05:56:45,332 Starting Training from 2014-12-17 to 2015-01-01
2015-06-26 06:11:26,986 Starting Live from 2015-01-02 to 2015-02-01
2015-06-26 06:46:09,165 Starting Training from 2015-01-17 to 2015-02-01
2015-06-26 06:48:02,736 Starting Live from 2015-02-02 to 2015-03-04
2015-06-26 07:23:48,867 Starting Training from 2015-02-17 to 2015-03-04
2015-06-26 07:25:53,604 Starting Live from 2015-03-05 to 2015-04-04
2015-06-26 08:00:20,148 Starting Training from 2015-03-20 to 2015-04-04
2015-06-26 08:02:31,663 Starting Live from 2015-04-05 to 2015-04-10
2015-06-26 08:07:06,193 Starting Q Learning for : 
2015-06-26 08:07:06,194 alpha = 0.5
2015-06-26 08:07:06,194 gamma = 0.7
2015-06-26 08:07:06,194 individual factor = 8
2015-06-26 08:07:06,194 zero range = 0.01
2015-06-26 08:07:06,194 greedy level = 5
2015-06-26 08:07:06,194 

2015-06-26 08:07:12,331 Starting Training from 2014-12-17 to 2015-01-01
2015-06-26 08:20:52,364 Starting Live from 2015-01-02 to 2015-02-01
2015-06-26 08:56:01,358 Starting Training from 2015-01-17 to 2015-02-01
2015-06-26 08:57:55,078 Starting Live from 2015-02-02 to 2015-03-04
2015-06-26 09:34:10,946 Starting Training from 2015-02-17 to 2015-03-04
2015-06-26 09:36:26,036 Starting Live from 2015-03-05 to 2015-04-04
2015-06-26 10:12:19,028 Starting Training from 2015-03-20 to 2015-04-04
2015-06-26 10:14:03,069 Starting Live from 2015-04-05 to 2015-04-10
2015-06-26 10:18:59,635 Starting Q Learning for : 
2015-06-26 10:18:59,637 alpha = 0.2
2015-06-26 10:18:59,637 gamma = 0.5
2015-06-26 10:18:59,637 individual factor = 8
2015-06-26 10:18:59,637 zero range = 0.01
2015-06-26 10:18:59,637 greedy level = 5
2015-06-26 10:18:59,637 

2015-06-26 10:19:05,490 Starting Training from 2014-12-17 to 2015-01-01
2015-06-26 10:32:37,128 Starting Live from 2015-01-02 to 2015-02-01
2015-06-26 11:06:31,634 Starting Training from 2015-01-17 to 2015-02-01
2015-06-26 11:08:23,421 Starting Live from 2015-02-02 to 2015-03-04
2015-06-26 11:42:59,588 Starting Training from 2015-02-17 to 2015-03-04
2015-06-26 11:45:16,842 Starting Live from 2015-03-05 to 2015-04-04
2015-06-26 12:20:20,349 Starting Training from 2015-03-20 to 2015-04-04
2015-06-26 12:22:03,743 Starting Live from 2015-04-05 to 2015-04-10
2015-06-26 12:26:21,453 Starting Q Learning for : 
2015-06-26 12:26:21,453 alpha = 0.2
2015-06-26 12:26:21,453 gamma = 0.6
2015-06-26 12:26:21,453 individual factor = 8
2015-06-26 12:26:21,453 zero range = 0.01
2015-06-26 12:26:21,453 greedy level = 5
2015-06-26 12:26:21,453 

2015-06-26 12:26:27,161 Starting Training from 2014-12-17 to 2015-01-01
2015-06-26 12:40:41,130 Starting Live from 2015-01-02 to 2015-02-01
2015-06-26 13:14:26,700 Starting Training from 2015-01-17 to 2015-02-01
2015-06-26 13:16:48,894 Starting Live from 2015-02-02 to 2015-03-04
2015-06-26 13:52:39,680 Starting Training from 2015-02-17 to 2015-03-04
2015-06-26 13:54:53,769 Starting Live from 2015-03-05 to 2015-04-04
2015-06-26 14:29:50,381 Starting Training from 2015-03-20 to 2015-04-04
2015-06-26 14:31:37,119 Starting Live from 2015-04-05 to 2015-04-10
2015-06-26 14:36:00,572 Starting Q Learning for : 
2015-06-26 14:36:00,572 alpha = 0.2
2015-06-26 14:36:00,572 gamma = 0.7
2015-06-26 14:36:00,573 individual factor = 8
2015-06-26 14:36:00,573 zero range = 0.01
2015-06-26 14:36:00,573 greedy level = 5
2015-06-26 14:36:00,573 

2015-06-26 14:36:05,471 Starting Training from 2014-12-17 to 2015-01-01
2015-06-26 14:50:33,094 Starting Live from 2015-01-02 to 2015-02-01
2015-06-26 15:25:55,351 Starting Training from 2015-01-17 to 2015-02-01
2015-06-26 15:27:51,763 Starting Live from 2015-02-02 to 2015-03-04
2015-06-26 16:04:37,312 Starting Training from 2015-02-17 to 2015-03-04
2015-06-26 16:06:48,148 Starting Live from 2015-03-05 to 2015-04-04
2015-06-26 16:40:59,063 Starting Training from 2015-03-20 to 2015-04-04
2015-06-26 16:43:16,026 Starting Live from 2015-04-05 to 2015-04-10
2015-06-26 16:47:34,227 Starting Q Learning for : 
2015-06-26 16:47:34,227 alpha = 0.2
2015-06-26 16:47:34,227 gamma = 0.8
2015-06-26 16:47:34,227 individual factor = 8
2015-06-26 16:47:34,227 zero range = 0.01
2015-06-26 16:47:34,229 greedy level = 5
2015-06-26 16:47:34,229 

2015-06-26 16:47:40,438 Starting Training from 2014-12-17 to 2015-01-01
2015-06-26 17:01:17,066 Starting Live from 2015-01-02 to 2015-02-01
2015-06-26 17:34:14,690 Starting Training from 2015-01-17 to 2015-02-01
2015-06-26 17:36:08,378 Starting Live from 2015-02-02 to 2015-03-04
2015-06-26 18:12:09,059 Starting Training from 2015-02-17 to 2015-03-04
2015-06-26 18:14:21,453 Starting Live from 2015-03-05 to 2015-04-04
2015-06-26 18:49:14,926 Starting Training from 2015-03-20 to 2015-04-04
2015-06-26 18:51:06,246 Starting Live from 2015-04-05 to 2015-04-10
2015-06-26 18:56:45,696 Starting Q Learning for : 
2015-06-26 18:56:45,696 alpha = 0.8
2015-06-26 18:56:45,696 gamma = 0.1
2015-06-26 18:56:45,696 individual factor = 8
2015-06-26 18:56:45,696 zero range = 0.01
2015-06-26 18:56:45,696 greedy level = 5
2015-06-26 18:56:45,696 

2015-06-26 18:56:52,921 Starting Training from 2014-12-17 to 2015-01-01
2015-06-26 19:10:36,335 Starting Live from 2015-01-02 to 2015-02-01
2015-06-26 19:44:41,891 Starting Training from 2015-01-17 to 2015-02-01
2015-06-26 19:46:41,588 Starting Live from 2015-02-02 to 2015-03-04
2015-06-26 20:21:49,924 Starting Training from 2015-02-17 to 2015-03-04
2015-06-26 20:24:09,907 Starting Live from 2015-03-05 to 2015-04-04
2015-06-26 21:00:51,240 Starting Training from 2015-03-20 to 2015-04-04
2015-06-26 21:02:43,779 Starting Live from 2015-04-05 to 2015-04-10
2015-06-26 21:07:33,691 Starting Q Learning for : 
2015-06-26 21:07:33,691 alpha = 0.8
2015-06-26 21:07:33,693 gamma = 0.2
2015-06-26 21:07:33,693 individual factor = 8
2015-06-26 21:07:33,693 zero range = 0.01
2015-06-26 21:07:33,693 greedy level = 5
2015-06-26 21:07:33,693 

2015-06-26 21:07:40,881 Starting Training from 2014-12-17 to 2015-01-01
2015-06-26 21:22:24,108 Starting Live from 2015-01-02 to 2015-02-01
2015-06-26 21:56:16,338 Starting Training from 2015-01-17 to 2015-02-01
2015-06-26 21:58:37,101 Starting Live from 2015-02-02 to 2015-03-04
2015-06-26 22:33:10,513 Starting Training from 2015-02-17 to 2015-03-04
2015-06-26 22:35:23,579 Starting Live from 2015-03-05 to 2015-04-04
2015-06-26 23:10:24,670 Starting Training from 2015-03-20 to 2015-04-04
2015-06-26 23:12:14,345 Starting Live from 2015-04-05 to 2015-04-10
2015-06-26 23:16:31,492 Starting Q Learning for : 
2015-06-26 23:16:31,493 alpha = 0.8
2015-06-26 23:16:31,493 gamma = 0.3
2015-06-26 23:16:31,493 individual factor = 8
2015-06-26 23:16:31,493 zero range = 0.01
2015-06-26 23:16:31,493 greedy level = 5
2015-06-26 23:16:31,493 

2015-06-26 23:16:38,250 Starting Training from 2014-12-17 to 2015-01-01
2015-06-26 23:31:11,750 Starting Live from 2015-01-02 to 2015-02-01
2015-06-27 00:05:49,776 Starting Training from 2015-01-17 to 2015-02-01
2015-06-27 00:07:47,650 Starting Live from 2015-02-02 to 2015-03-04
2015-06-27 00:44:28,898 Starting Training from 2015-02-17 to 2015-03-04
2015-06-27 00:46:43,357 Starting Live from 2015-03-05 to 2015-04-04
2015-06-27 01:21:43,806 Starting Training from 2015-03-20 to 2015-04-04
2015-06-27 01:23:59,052 Starting Live from 2015-04-05 to 2015-04-10
2015-06-27 01:28:32,119 Starting Q Learning for : 
2015-06-27 01:28:32,119 alpha = 0.5
2015-06-27 01:28:32,119 gamma = 0.3
2015-06-27 01:28:32,119 individual factor = 8
2015-06-27 01:28:32,119 zero range = 0.006
2015-06-27 01:28:32,119 greedy level = 5
2015-06-27 01:28:32,119 

2015-06-27 01:28:34,727 Starting Training from 2014-12-17 to 2015-01-01
2015-06-27 01:41:59,026 Starting Live from 2015-01-02 to 2015-02-01
2015-06-27 02:16:47,562 Starting Training from 2015-01-17 to 2015-02-01
2015-06-27 02:18:46,101 Starting Live from 2015-02-02 to 2015-03-04
2015-06-27 02:55:59,717 Starting Training from 2015-02-17 to 2015-03-04
2015-06-27 02:58:14,882 Starting Live from 2015-03-05 to 2015-04-04
2015-06-27 03:32:39,535 Starting Training from 2015-03-20 to 2015-04-04
2015-06-27 03:34:28,117 Starting Live from 2015-04-05 to 2015-04-10
2015-06-27 03:39:00,908 Starting Q Learning for : 
2015-06-27 03:39:00,908 alpha = 0.5
2015-06-27 03:39:00,908 gamma = 0.4
2015-06-27 03:39:00,908 individual factor = 8
2015-06-27 03:39:00,908 zero range = 0.006
2015-06-27 03:39:00,910 greedy level = 5
2015-06-27 03:39:00,910 

2015-06-27 03:39:03,565 Starting Training from 2014-12-17 to 2015-01-01
2015-06-27 03:53:10,184 Starting Live from 2015-01-02 to 2015-02-01
2015-06-27 04:26:55,450 Starting Training from 2015-01-17 to 2015-02-01
2015-06-27 04:28:49,308 Starting Live from 2015-02-02 to 2015-03-04
2015-06-27 05:04:04,184 Starting Training from 2015-02-17 to 2015-03-04
2015-06-27 05:06:12,585 Starting Live from 2015-03-05 to 2015-04-04
2015-06-27 05:40:29,040 Starting Training from 2015-03-20 to 2015-04-04
2015-06-27 05:42:14,734 Starting Live from 2015-04-05 to 2015-04-10
2015-06-27 05:46:31,289 Starting Q Learning for : 
2015-06-27 05:46:31,289 alpha = 0.5
2015-06-27 05:46:31,290 gamma = 0.5
2015-06-27 05:46:31,290 individual factor = 8
2015-06-27 05:46:31,290 zero range = 0.006
2015-06-27 05:46:31,290 greedy level = 5
2015-06-27 05:46:31,290 

2015-06-27 05:46:35,043 Starting Training from 2014-12-17 to 2015-01-01
2015-06-27 06:01:06,101 Starting Live from 2015-01-02 to 2015-02-01
2015-06-27 06:34:52,967 Starting Training from 2015-01-17 to 2015-02-01
2015-06-27 06:36:49,750 Starting Live from 2015-02-02 to 2015-03-04
2015-06-27 07:11:53,566 Starting Training from 2015-02-17 to 2015-03-04
2015-06-27 07:13:56,434 Starting Live from 2015-03-05 to 2015-04-04
2015-06-27 07:48:30,576 Starting Training from 2015-03-20 to 2015-04-04
2015-06-27 07:50:31,979 Starting Live from 2015-04-05 to 2015-04-10
2015-06-27 07:55:19,186 Starting Q Learning for : 
2015-06-27 07:55:19,186 alpha = 0.5
2015-06-27 07:55:19,186 gamma = 0.6
2015-06-27 07:55:19,186 individual factor = 8
2015-06-27 07:55:19,186 zero range = 0.006
2015-06-27 07:55:19,186 greedy level = 5
2015-06-27 07:55:19,186 

2015-06-27 07:55:20,805 Starting Training from 2014-12-17 to 2015-01-01
2015-06-27 08:09:02,275 Starting Live from 2015-01-02 to 2015-02-01
2015-06-27 08:44:18,375 Starting Training from 2015-01-17 to 2015-02-01
2015-06-27 08:46:16,148 Starting Live from 2015-02-02 to 2015-03-04
2015-06-27 09:21:03,913 Starting Training from 2015-02-17 to 2015-03-04
2015-06-27 09:23:39,631 Starting Live from 2015-03-05 to 2015-04-04
2015-06-27 09:57:59,181 Starting Training from 2015-03-20 to 2015-04-04
2015-06-27 09:59:45,450 Starting Live from 2015-04-05 to 2015-04-10
2015-06-27 10:04:01,749 Starting Q Learning for : 
2015-06-27 10:04:01,749 alpha = 0.5
2015-06-27 10:04:01,749 gamma = 0.7
2015-06-27 10:04:01,750 individual factor = 8
2015-06-27 10:04:01,750 zero range = 0.006
2015-06-27 10:04:01,750 greedy level = 5
2015-06-27 10:04:01,750 

2015-06-27 10:04:08,401 Starting Training from 2014-12-17 to 2015-01-01
2015-06-27 10:18:11,963 Starting Live from 2015-01-02 to 2015-02-01
2015-06-27 10:51:43,688 Starting Training from 2015-01-17 to 2015-02-01
2015-06-27 10:53:59,378 Starting Live from 2015-02-02 to 2015-03-04
2015-06-27 11:28:28,701 Starting Training from 2015-02-17 to 2015-03-04
2015-06-27 11:30:34,726 Starting Live from 2015-03-05 to 2015-04-04
2015-06-27 12:03:52,878 Starting Training from 2015-03-20 to 2015-04-04
2015-06-27 12:06:13,730 Starting Live from 2015-04-05 to 2015-04-10
2015-06-27 12:10:17,141 Starting Q Learning for : 
2015-06-27 12:10:17,141 alpha = 0.5
2015-06-27 12:10:17,141 gamma = 0.8
2015-06-27 12:10:17,141 individual factor = 8
2015-06-27 12:10:17,141 zero range = 0.006
2015-06-27 12:10:17,141 greedy level = 5
2015-06-27 12:10:17,141 

2015-06-27 12:10:23,967 Starting Training from 2014-12-17 to 2015-01-01
2015-06-27 12:23:59,437 Starting Live from 2015-01-02 to 2015-02-01
2015-06-27 12:58:05,660 Starting Training from 2015-01-17 to 2015-02-01
2015-06-27 12:59:59,834 Starting Live from 2015-02-02 to 2015-03-04
2015-06-27 13:35:44,234 Starting Training from 2015-02-17 to 2015-03-04
2015-06-27 13:38:08,293 Starting Live from 2015-03-05 to 2015-04-04
2015-06-27 14:11:40,230 Starting Training from 2015-03-20 to 2015-04-04
2015-06-27 14:13:23,698 Starting Live from 2015-04-05 to 2015-04-10
2015-06-27 14:17:17,990 Starting Q Learning for : 
2015-06-27 14:17:17,990 alpha = 0.6
2015-06-27 14:17:17,990 gamma = 0.1
2015-06-27 14:17:17,990 individual factor = 8
2015-06-27 14:17:17,990 zero range = 0.006
2015-06-27 14:17:17,990 greedy level = 5
2015-06-27 14:17:17,990 

2015-06-27 14:17:25,990 Starting Training from 2014-12-17 to 2015-01-01
2015-06-27 14:30:18,023 Starting Live from 2015-01-02 to 2015-02-01
2015-06-27 15:01:18,578 Starting Training from 2015-01-17 to 2015-02-01
2015-06-27 15:03:12,236 Starting Live from 2015-02-02 to 2015-03-04
2015-06-27 15:41:06,479 Starting Training from 2015-02-17 to 2015-03-04
2015-06-27 15:43:20,401 Starting Live from 2015-03-05 to 2015-04-04
2015-06-27 16:19:41,207 Starting Training from 2015-03-20 to 2015-04-04
2015-06-27 16:21:26,408 Starting Live from 2015-04-05 to 2015-04-10
2015-06-27 16:25:59,252 Starting Q Learning for : 
2015-06-27 16:25:59,252 alpha = 0.4
2015-06-27 16:25:59,252 gamma = 0.8
2015-06-27 16:25:59,252 individual factor = 8
2015-06-27 16:25:59,252 zero range = 0.006
2015-06-27 16:25:59,252 greedy level = 5
2015-06-27 16:25:59,252 

2015-06-27 16:26:05,526 Starting Training from 2014-12-17 to 2015-01-01
2015-06-27 16:40:23,424 Starting Live from 2015-01-02 to 2015-02-01
2015-06-27 17:13:21,302 Starting Training from 2015-01-17 to 2015-02-01
2015-06-27 17:15:11,811 Starting Live from 2015-02-02 to 2015-03-04
2015-06-27 17:50:00,250 Starting Training from 2015-02-17 to 2015-03-04
2015-06-27 17:52:05,384 Starting Live from 2015-03-05 to 2015-04-04
2015-06-27 18:25:37,556 Starting Training from 2015-03-20 to 2015-04-04
2015-06-27 18:27:26,582 Starting Live from 2015-04-05 to 2015-04-10
2015-06-27 18:32:28,273 Starting Q Learning for : 
2015-06-27 18:32:28,273 alpha = 0.2
2015-06-27 18:32:28,273 gamma = 0.1
2015-06-27 18:32:28,273 individual factor = 8
2015-06-27 18:32:28,273 zero range = 0.006
2015-06-27 18:32:28,273 greedy level = 5
2015-06-27 18:32:28,273 

2015-06-27 18:32:36,812 Starting Training from 2014-12-17 to 2015-01-01
2015-06-27 18:46:28,170 Starting Live from 2015-01-02 to 2015-02-01
2015-06-27 19:21:37,177 Starting Training from 2015-01-17 to 2015-02-01
2015-06-27 19:23:31,334 Starting Live from 2015-02-02 to 2015-03-04
2015-06-27 19:58:58,848 Starting Training from 2015-02-17 to 2015-03-04
2015-06-27 20:01:36,305 Starting Live from 2015-03-05 to 2015-04-04
2015-06-27 20:35:54,933 Starting Training from 2015-03-20 to 2015-04-04
2015-06-27 20:37:42,979 Starting Live from 2015-04-05 to 2015-04-10
2015-06-27 20:42:04,581 Starting Q Learning for : 
2015-06-27 20:42:04,581 alpha = 0.2
2015-06-27 20:42:04,581 gamma = 0.2
2015-06-27 20:42:04,581 individual factor = 8
2015-06-27 20:42:04,581 zero range = 0.006
2015-06-27 20:42:04,581 greedy level = 5
2015-06-27 20:42:04,581 

2015-06-27 20:42:09,875 Starting Training from 2014-12-17 to 2015-01-01
2015-06-27 20:56:39,302 Starting Live from 2015-01-02 to 2015-02-01
2015-06-27 21:31:00,500 Starting Training from 2015-01-17 to 2015-02-01
2015-06-27 21:33:10,395 Starting Live from 2015-02-02 to 2015-03-04
2015-06-27 22:07:54,259 Starting Training from 2015-02-17 to 2015-03-04
2015-06-27 22:09:55,506 Starting Live from 2015-03-05 to 2015-04-04
2015-06-27 22:44:20,463 Starting Training from 2015-03-20 to 2015-04-04
2015-06-27 22:46:04,301 Starting Live from 2015-04-05 to 2015-04-10
2015-06-27 22:50:22,605 Starting Q Learning for : 
2015-06-27 22:50:22,607 alpha = 0.2
2015-06-27 22:50:22,607 gamma = 0.3
2015-06-27 22:50:22,607 individual factor = 8
2015-06-27 22:50:22,607 zero range = 0.006
2015-06-27 22:50:22,607 greedy level = 5
2015-06-27 22:50:22,607 

2015-06-27 22:50:28,559 Starting Training from 2014-12-17 to 2015-01-01
2015-06-27 23:04:19,108 Starting Live from 2015-01-02 to 2015-02-01
2015-06-27 23:36:27,765 Starting Training from 2015-01-17 to 2015-02-01
2015-06-27 23:38:18,101 Starting Live from 2015-02-02 to 2015-03-04
2015-06-28 00:12:53,141 Starting Training from 2015-02-17 to 2015-03-04
2015-06-28 00:14:55,403 Starting Live from 2015-03-05 to 2015-04-04
2015-06-28 00:47:47,319 Starting Training from 2015-03-20 to 2015-04-04
2015-06-28 00:49:27,282 Starting Live from 2015-04-05 to 2015-04-10
2015-06-28 00:54:13,851 Starting Q Learning for : 
2015-06-28 00:54:13,851 alpha = 0.2
2015-06-28 00:54:13,851 gamma = 0.4
2015-06-28 00:54:13,851 individual factor = 8
2015-06-28 00:54:13,851 zero range = 0.006
2015-06-28 00:54:13,851 greedy level = 5
2015-06-28 00:54:13,851 

2015-06-28 00:54:19,719 Starting Training from 2014-12-17 to 2015-01-01
2015-06-28 01:07:09,773 Starting Live from 2015-01-02 to 2015-02-01
2015-06-28 01:38:56,634 Starting Training from 2015-01-17 to 2015-02-01
2015-06-28 01:40:48,493 Starting Live from 2015-02-02 to 2015-03-04
2015-06-28 02:12:59,676 Starting Training from 2015-02-17 to 2015-03-04
2015-06-28 02:15:00,036 Starting Live from 2015-03-05 to 2015-04-04
2015-06-28 02:47:06,262 Starting Training from 2015-03-20 to 2015-04-04
2015-06-28 02:48:41,645 Starting Live from 2015-04-05 to 2015-04-10
2015-06-28 02:52:37,898 Starting Q Learning for : 
2015-06-28 02:52:37,898 alpha = 0.2
2015-06-28 02:52:37,898 gamma = 0.5
2015-06-28 02:52:37,898 individual factor = 8
2015-06-28 02:52:37,898 zero range = 0.006
2015-06-28 02:52:37,898 greedy level = 5
2015-06-28 02:52:37,898 

2015-06-28 02:52:44,471 Starting Training from 2014-12-17 to 2015-01-01
2015-06-28 03:05:19,082 Starting Live from 2015-01-02 to 2015-02-01
2015-06-28 03:36:55,015 Starting Training from 2015-01-17 to 2015-02-01
2015-06-28 03:38:39,585 Starting Live from 2015-02-02 to 2015-03-04
2015-06-28 04:11:53,552 Starting Training from 2015-02-17 to 2015-03-04
2015-06-28 04:14:33,069 Starting Live from 2015-03-05 to 2015-04-04
2015-06-28 04:47:10,822 Starting Training from 2015-03-20 to 2015-04-04
2015-06-28 04:48:52,471 Starting Live from 2015-04-05 to 2015-04-10
2015-06-28 04:53:03,572 Starting Q Learning for : 
2015-06-28 04:53:03,572 alpha = 0.2
2015-06-28 04:53:03,572 gamma = 0.6
2015-06-28 04:53:03,572 individual factor = 8
2015-06-28 04:53:03,572 zero range = 0.006
2015-06-28 04:53:03,572 greedy level = 5
2015-06-28 04:53:03,572 

2015-06-28 04:53:09,200 Starting Training from 2014-12-17 to 2015-01-01
2015-06-28 05:06:17,003 Starting Live from 2015-01-02 to 2015-02-01
2015-06-28 05:37:17,592 Starting Training from 2015-01-17 to 2015-02-01
2015-06-28 05:39:09,187 Starting Live from 2015-02-02 to 2015-03-04
2015-06-28 06:13:13,411 Starting Training from 2015-02-17 to 2015-03-04
2015-06-28 06:15:08,608 Starting Live from 2015-03-05 to 2015-04-04
2015-06-28 06:47:25,119 Starting Training from 2015-03-20 to 2015-04-04
2015-06-28 06:49:27,753 Starting Live from 2015-04-05 to 2015-04-10
