2015-06-20 01:58:39,924 Starting Q Learning for : 
2015-06-20 01:58:39,924 alpha = 0.5
2015-06-20 01:58:39,924 gamma = 0.1
2015-06-20 01:58:39,924 individual factor = 8
2015-06-20 01:58:39,924 zero range = 0.002
2015-06-20 01:58:39,924 greedy level = 5
2015-06-20 01:58:39,924 

2015-06-20 01:58:44,088 Starting Training from 2014-12-17 to 2015-01-01
2015-06-20 02:09:51,453 Starting Live from 2015-01-02 to 2015-02-01
2015-06-20 02:35:12,552 Starting Training from 2015-01-17 to 2015-02-01
2015-06-20 02:36:36,532 Starting Live from 2015-02-02 to 2015-03-04
2015-06-20 03:01:30,183 Starting Training from 2015-02-17 to 2015-03-04
2015-06-20 03:02:55,098 Starting Live from 2015-03-05 to 2015-04-04
2015-06-20 03:27:29,759 Starting Training from 2015-03-20 to 2015-04-04
2015-06-20 03:29:04,322 Starting Live from 2015-04-05 to 2015-04-10
2015-06-20 03:36:15,318 Starting Q Learning for : 
2015-06-20 03:36:15,318 alpha = 0.5
2015-06-20 03:36:15,318 gamma = 0.2
2015-06-20 03:36:15,319 individual factor = 8
2015-06-20 03:36:15,319 zero range = 0.002
2015-06-20 03:36:15,319 greedy level = 5
2015-06-20 03:36:15,319 

2015-06-20 03:36:16,812 Starting Training from 2014-12-17 to 2015-01-01
2015-06-20 03:46:32,611 Starting Live from 2015-01-02 to 2015-02-01
2015-06-20 04:12:33,726 Starting Training from 2015-01-17 to 2015-02-01
2015-06-20 04:14:12,203 Starting Live from 2015-02-02 to 2015-03-04
2015-06-20 04:39:42,921 Starting Training from 2015-02-17 to 2015-03-04
2015-06-20 04:41:10,415 Starting Live from 2015-03-05 to 2015-04-04
2015-06-20 05:07:20,783 Starting Training from 2015-03-20 to 2015-04-04
2015-06-20 05:08:32,213 Starting Live from 2015-04-05 to 2015-04-10
2015-06-20 05:16:07,872 Starting Q Learning for : 
2015-06-20 05:16:07,872 alpha = 0.4
2015-06-20 05:16:07,872 gamma = 0.3
2015-06-20 05:16:07,872 individual factor = 8
2015-06-20 05:16:07,874 zero range = 0.002
2015-06-20 05:16:07,874 greedy level = 5
2015-06-20 05:16:07,874 

2015-06-20 05:16:09,822 Starting Training from 2014-12-17 to 2015-01-01
2015-06-20 05:26:27,138 Starting Live from 2015-01-02 to 2015-02-01
2015-06-20 05:51:36,180 Starting Training from 2015-01-17 to 2015-02-01
2015-06-20 05:53:00,785 Starting Live from 2015-02-02 to 2015-03-04
2015-06-20 06:18:24,302 Starting Training from 2015-02-17 to 2015-03-04
2015-06-20 06:20:13,619 Starting Live from 2015-03-05 to 2015-04-04
2015-06-20 06:44:51,092 Starting Training from 2015-03-20 to 2015-04-04
2015-06-20 06:46:05,786 Starting Live from 2015-04-05 to 2015-04-10
2015-06-20 06:52:30,530 Starting Q Learning for : 
2015-06-20 06:52:30,530 alpha = 0.4
2015-06-20 06:52:30,530 gamma = 0.4
2015-06-20 06:52:30,532 individual factor = 8
2015-06-20 06:52:30,532 zero range = 0.002
2015-06-20 06:52:30,532 greedy level = 5
2015-06-20 06:52:30,532 

2015-06-20 06:52:32,177 Starting Training from 2014-12-17 to 2015-01-01
2015-06-20 07:03:32,323 Starting Live from 2015-01-02 to 2015-02-01
2015-06-20 07:28:33,799 Starting Training from 2015-01-17 to 2015-02-01
2015-06-20 07:30:00,684 Starting Live from 2015-02-02 to 2015-03-04
2015-06-20 07:55:27,950 Starting Training from 2015-02-17 to 2015-03-04
2015-06-20 07:56:53,588 Starting Live from 2015-03-05 to 2015-04-04
2015-06-20 08:21:51,408 Starting Training from 2015-03-20 to 2015-04-04
2015-06-20 08:23:05,122 Starting Live from 2015-04-05 to 2015-04-10
2015-06-20 08:30:17,632 Starting Q Learning for : 
2015-06-20 08:30:17,632 alpha = 0.6
2015-06-20 08:30:17,632 gamma = 0.1
2015-06-20 08:30:17,632 individual factor = 8
2015-06-20 08:30:17,632 zero range = 0.002
2015-06-20 08:30:17,632 greedy level = 5
2015-06-20 08:30:17,632 

2015-06-20 08:30:23,315 Starting Training from 2014-12-17 to 2015-01-01
2015-06-20 08:40:03,407 Starting Live from 2015-01-02 to 2015-02-01
2015-06-20 09:03:38,180 Starting Training from 2015-01-17 to 2015-02-01
2015-06-20 09:04:58,186 Starting Live from 2015-02-02 to 2015-03-04
2015-06-20 09:28:24,244 Starting Training from 2015-02-17 to 2015-03-04
2015-06-20 09:29:46,302 Starting Live from 2015-03-05 to 2015-04-04
2015-06-20 09:52:04,625 Starting Training from 2015-03-20 to 2015-04-04
2015-06-20 09:53:31,382 Starting Live from 2015-04-05 to 2015-04-10
2015-06-20 10:00:00,487 Starting Q Learning for : 
2015-06-20 10:00:00,487 alpha = 0.6
2015-06-20 10:00:00,487 gamma = 0.2
2015-06-20 10:00:00,487 individual factor = 8
2015-06-20 10:00:00,487 zero range = 0.002
2015-06-20 10:00:00,487 greedy level = 5
2015-06-20 10:00:00,487 

2015-06-20 10:00:05,536 Starting Training from 2014-12-17 to 2015-01-01
2015-06-20 10:09:26,776 Starting Live from 2015-01-02 to 2015-02-01
2015-06-20 10:33:33,943 Starting Training from 2015-01-17 to 2015-02-01
2015-06-20 10:34:56,306 Starting Live from 2015-02-02 to 2015-03-04
2015-06-20 11:02:11,207 Starting Training from 2015-02-17 to 2015-03-04
2015-06-20 11:03:46,012 Starting Live from 2015-03-05 to 2015-04-04
2015-06-20 11:29:47,861 Starting Training from 2015-03-20 to 2015-04-04
2015-06-20 11:31:03,895 Starting Live from 2015-04-05 to 2015-04-10
2015-06-20 11:38:07,272 Starting Q Learning for : 
2015-06-20 11:38:07,272 alpha = 0.6
2015-06-20 11:38:07,272 gamma = 0.7
2015-06-20 11:38:07,272 individual factor = 8
2015-06-20 11:38:07,273 zero range = 0.002
2015-06-20 11:38:07,273 greedy level = 5
2015-06-20 11:38:07,273 

2015-06-20 11:38:13,200 Starting Training from 2014-12-17 to 2015-01-01
2015-06-20 11:49:38,351 Starting Live from 2015-01-02 to 2015-02-01
2015-06-20 12:15:40,332 Starting Training from 2015-01-17 to 2015-02-01
2015-06-20 12:17:09,381 Starting Live from 2015-02-02 to 2015-03-04
2015-06-20 12:44:19,756 Starting Training from 2015-02-17 to 2015-03-04
2015-06-20 12:46:18,698 Starting Live from 2015-03-05 to 2015-04-04
2015-06-20 13:12:48,288 Starting Training from 2015-03-20 to 2015-04-04
2015-06-20 13:14:05,868 Starting Live from 2015-04-05 to 2015-04-10
2015-06-20 13:21:12,012 Starting Q Learning for : 
2015-06-20 13:21:12,012 alpha = 0.6
2015-06-20 13:21:12,012 gamma = 0.8
2015-06-20 13:21:12,012 individual factor = 8
2015-06-20 13:21:12,012 zero range = 0.002
2015-06-20 13:21:12,012 greedy level = 5
2015-06-20 13:21:12,012 

2015-06-20 13:21:17,782 Starting Training from 2014-12-17 to 2015-01-01
2015-06-20 13:32:46,000 Starting Live from 2015-01-02 to 2015-02-01
2015-06-20 13:59:28,806 Starting Training from 2015-01-17 to 2015-02-01
2015-06-20 14:00:57,905 Starting Live from 2015-02-02 to 2015-03-04
2015-06-20 14:27:38,380 Starting Training from 2015-02-17 to 2015-03-04
2015-06-20 14:29:07,085 Starting Live from 2015-03-05 to 2015-04-04
2015-06-20 14:53:58,497 Starting Training from 2015-03-20 to 2015-04-04
2015-06-20 14:55:19,194 Starting Live from 2015-04-05 to 2015-04-10
