2015-06-20 02:05:56,668 Starting Q Learning for : 
2015-06-20 02:05:56,670 alpha = 0.5
2015-06-20 02:05:56,670 gamma = 0.1
2015-06-20 02:05:56,670 individual factor = 8
2015-06-20 02:05:56,670 zero range = 0.002
2015-06-20 02:05:56,670 greedy level = 5
2015-06-20 02:05:56,670 

2015-06-20 02:06:03,913 Starting Training from 2014-12-17 to 2015-01-01
2015-06-20 02:17:55,546 Starting Live from 2015-01-02 to 2015-02-01
2015-06-20 02:44:22,989 Starting Training from 2015-01-17 to 2015-02-01
2015-06-20 02:46:14,815 Starting Live from 2015-02-02 to 2015-03-04
2015-06-20 03:29:44,296 Starting Training from 2015-02-17 to 2015-03-04
2015-06-20 03:32:19,148 Starting Live from 2015-03-05 to 2015-04-04
2015-06-20 07:10:46,378 Starting Training from 2015-03-20 to 2015-04-04
2015-06-20 07:12:36,398 Starting Live from 2015-04-05 to 2015-04-10
2015-06-20 08:13:27,177 Starting Q Learning for : 
2015-06-20 08:13:27,177 alpha = 0.5
2015-06-20 08:13:27,177 gamma = 0.4
2015-06-20 08:13:27,177 individual factor = 8
2015-06-20 08:13:27,177 zero range = 0.002
2015-06-20 08:13:27,177 greedy level = 5
2015-06-20 08:13:27,177 

2015-06-20 08:13:32,226 Starting Training from 2014-12-17 to 2015-01-01
2015-06-20 08:24:50,273 Starting Live from 2015-01-02 to 2015-02-01
2015-06-20 08:51:08,578 Starting Training from 2015-01-17 to 2015-02-01
2015-06-20 08:52:41,990 Starting Live from 2015-02-02 to 2015-03-04
2015-06-20 09:25:52,604 Starting Training from 2015-02-17 to 2015-03-04
2015-06-20 09:27:57,124 Starting Live from 2015-03-05 to 2015-04-04
2015-06-20 11:42:17,917 Starting Training from 2015-03-20 to 2015-04-04
2015-06-20 11:44:41,263 Starting Live from 2015-04-05 to 2015-04-10
2015-06-20 12:50:20,944 Starting Q Learning for : 
2015-06-20 12:50:20,944 alpha = 0.5
2015-06-20 12:50:20,944 gamma = 0.6
2015-06-20 12:50:20,944 individual factor = 8
2015-06-20 12:50:20,944 zero range = 0.002
2015-06-20 12:50:20,944 greedy level = 5
2015-06-20 12:50:20,944 

2015-06-20 12:50:26,349 Starting Training from 2014-12-17 to 2015-01-01
2015-06-20 13:02:46,539 Starting Live from 2015-01-02 to 2015-02-01
2015-06-20 13:31:45,782 Starting Training from 2015-01-17 to 2015-02-01
2015-06-20 13:33:26,289 Starting Live from 2015-02-02 to 2015-03-04
2015-06-20 14:14:26,394 Starting Training from 2015-02-17 to 2015-03-04
2015-06-20 14:16:53,319 Starting Live from 2015-03-05 to 2015-04-04
2015-06-20 16:44:11,124 Starting Training from 2015-03-20 to 2015-04-04
2015-06-20 16:45:45,631 Starting Live from 2015-04-05 to 2015-04-10
