2015-06-20 01:53:54,582 Starting Q Learning for : 
2015-06-20 01:53:54,582 alpha = 0.5
2015-06-20 01:53:54,582 gamma = 0.3
2015-06-20 01:53:54,582 individual factor = 8
2015-06-20 01:53:54,582 zero range = 0.002
2015-06-20 01:53:54,582 greedy level = 5
2015-06-20 01:53:54,582 

2015-06-20 01:53:58,776 Starting Training from 2014-12-17 to 2015-01-01
2015-06-20 02:04:44,459 Starting Live from 2015-01-02 to 2015-02-01
2015-06-20 02:31:59,645 Starting Training from 2015-01-17 to 2015-02-01
2015-06-20 02:33:35,928 Starting Live from 2015-02-02 to 2015-03-04
2015-06-20 02:57:21,030 Starting Training from 2015-02-17 to 2015-03-04
2015-06-20 02:58:59,247 Starting Live from 2015-03-05 to 2015-04-04
2015-06-20 03:21:28,934 Starting Training from 2015-03-20 to 2015-04-04
2015-06-20 03:22:29,934 Starting Live from 2015-04-05 to 2015-04-10
2015-06-20 03:29:54,526 Starting Q Learning for : 
2015-06-20 03:29:54,528 alpha = 0.5
2015-06-20 03:29:54,528 gamma = 0.4
2015-06-20 03:29:54,528 individual factor = 8
2015-06-20 03:29:54,528 zero range = 0.002
2015-06-20 03:29:54,528 greedy level = 5
2015-06-20 03:29:54,528 

2015-06-20 03:29:56,436 Starting Training from 2014-12-17 to 2015-01-01
2015-06-20 03:40:32,161 Starting Live from 2015-01-02 to 2015-02-01
2015-06-20 04:07:29,605 Starting Training from 2015-01-17 to 2015-02-01
2015-06-20 04:09:08,302 Starting Live from 2015-02-02 to 2015-03-04
2015-06-20 04:33:41,522 Starting Training from 2015-02-17 to 2015-03-04
2015-06-20 04:35:37,575 Starting Live from 2015-03-05 to 2015-04-04
2015-06-20 04:58:39,680 Starting Training from 2015-03-20 to 2015-04-04
2015-06-20 04:59:49,131 Starting Live from 2015-04-05 to 2015-04-10
2015-06-20 05:06:33,256 Starting Q Learning for : 
2015-06-20 05:06:33,256 alpha = 0.5
2015-06-20 05:06:33,256 gamma = 0.7
2015-06-20 05:06:33,256 individual factor = 8
2015-06-20 05:06:33,256 zero range = 0.002
2015-06-20 05:06:33,256 greedy level = 5
2015-06-20 05:06:33,256 

2015-06-20 05:06:38,931 Starting Training from 2014-12-17 to 2015-01-01
2015-06-20 05:17:46,042 Starting Live from 2015-01-02 to 2015-02-01
2015-06-20 05:44:48,334 Starting Training from 2015-01-17 to 2015-02-01
2015-06-20 05:46:24,556 Starting Live from 2015-02-02 to 2015-03-04
2015-06-20 06:10:48,335 Starting Training from 2015-02-17 to 2015-03-04
2015-06-20 06:12:31,812 Starting Live from 2015-03-05 to 2015-04-04
2015-06-20 06:35:27,588 Starting Training from 2015-03-20 to 2015-04-04
2015-06-20 06:36:29,519 Starting Live from 2015-04-05 to 2015-04-10
2015-06-20 06:44:02,881 Starting Q Learning for : 
2015-06-20 06:44:02,881 alpha = 0.5
2015-06-20 06:44:02,881 gamma = 0.8
2015-06-20 06:44:02,881 individual factor = 8
2015-06-20 06:44:02,881 zero range = 0.002
2015-06-20 06:44:02,881 greedy level = 5
2015-06-20 06:44:02,881 

2015-06-20 06:44:07,615 Starting Training from 2014-12-17 to 2015-01-01
2015-06-20 06:54:30,049 Starting Live from 2015-01-02 to 2015-02-01
2015-06-20 07:21:35,971 Starting Training from 2015-01-17 to 2015-02-01
2015-06-20 07:23:43,828 Starting Live from 2015-02-02 to 2015-03-04
2015-06-20 07:48:24,362 Starting Training from 2015-02-17 to 2015-03-04
2015-06-20 07:50:05,418 Starting Live from 2015-03-05 to 2015-04-04
2015-06-20 08:13:38,391 Starting Training from 2015-03-20 to 2015-04-04
2015-06-20 08:14:39,006 Starting Live from 2015-04-05 to 2015-04-10
2015-06-20 08:21:23,936 Starting Q Learning for : 
2015-06-20 08:21:23,936 alpha = 0.4
2015-06-20 08:21:23,936 gamma = 0.7
2015-06-20 08:21:23,936 individual factor = 8
2015-06-20 08:21:23,936 zero range = 0.002
2015-06-20 08:21:23,937 greedy level = 5
2015-06-20 08:21:23,937 

2015-06-20 08:21:29,134 Starting Training from 2014-12-17 to 2015-01-01
2015-06-20 08:32:16,625 Starting Live from 2015-01-02 to 2015-02-01
2015-06-20 08:57:37,076 Starting Training from 2015-01-17 to 2015-02-01
2015-06-20 08:59:06,901 Starting Live from 2015-02-02 to 2015-03-04
2015-06-20 09:21:55,256 Starting Training from 2015-02-17 to 2015-03-04
2015-06-20 09:23:29,448 Starting Live from 2015-03-05 to 2015-04-04
2015-06-20 09:44:57,223 Starting Training from 2015-03-20 to 2015-04-04
2015-06-20 09:45:55,308 Starting Live from 2015-04-05 to 2015-04-10
2015-06-20 09:52:09,082 Starting Q Learning for : 
2015-06-20 09:52:09,082 alpha = 0.4
2015-06-20 09:52:09,082 gamma = 0.8
2015-06-20 09:52:09,082 individual factor = 8
2015-06-20 09:52:09,082 zero range = 0.002
2015-06-20 09:52:09,082 greedy level = 5
2015-06-20 09:52:09,082 

2015-06-20 09:52:13,440 Starting Training from 2014-12-17 to 2015-01-01
2015-06-20 10:02:34,849 Starting Live from 2015-01-02 to 2015-02-01
2015-06-20 10:27:57,319 Starting Training from 2015-01-17 to 2015-02-01
2015-06-20 10:29:31,582 Starting Live from 2015-02-02 to 2015-03-04
2015-06-20 10:53:27,033 Starting Training from 2015-02-17 to 2015-03-04
2015-06-20 10:55:42,548 Starting Live from 2015-03-05 to 2015-04-04
2015-06-20 11:20:50,378 Starting Training from 2015-03-20 to 2015-04-04
2015-06-20 11:22:07,372 Starting Live from 2015-04-05 to 2015-04-10
2015-06-20 11:29:06,551 Starting Q Learning for : 
2015-06-20 11:29:06,551 alpha = 0.6
2015-06-20 11:29:06,551 gamma = 0.3
2015-06-20 11:29:06,551 individual factor = 8
2015-06-20 11:29:06,551 zero range = 0.002
2015-06-20 11:29:06,551 greedy level = 5
2015-06-20 11:29:06,551 

2015-06-20 11:29:12,262 Starting Training from 2014-12-17 to 2015-01-01
2015-06-20 11:39:55,569 Starting Live from 2015-01-02 to 2015-02-01
2015-06-20 12:08:38,226 Starting Training from 2015-01-17 to 2015-02-01
2015-06-20 12:10:14,825 Starting Live from 2015-02-02 to 2015-03-04
2015-06-20 12:35:51,971 Starting Training from 2015-02-17 to 2015-03-04
2015-06-20 12:37:48,315 Starting Live from 2015-03-05 to 2015-04-04
2015-06-20 13:02:43,437 Starting Training from 2015-03-20 to 2015-04-04
2015-06-20 13:03:49,532 Starting Live from 2015-04-05 to 2015-04-10
2015-06-20 13:11:45,325 Starting Q Learning for : 
2015-06-20 13:11:45,326 alpha = 0.6
2015-06-20 13:11:45,326 gamma = 0.4
2015-06-20 13:11:45,326 individual factor = 8
2015-06-20 13:11:45,326 zero range = 0.002
2015-06-20 13:11:45,326 greedy level = 5
2015-06-20 13:11:45,326 

2015-06-20 13:11:50,191 Starting Training from 2014-12-17 to 2015-01-01
2015-06-20 13:22:46,934 Starting Live from 2015-01-02 to 2015-02-01
2015-06-20 13:51:54,775 Starting Training from 2015-01-17 to 2015-02-01
2015-06-20 13:53:37,960 Starting Live from 2015-02-02 to 2015-03-04
2015-06-20 14:19:55,842 Starting Training from 2015-02-17 to 2015-03-04
2015-06-20 14:21:41,513 Starting Live from 2015-03-05 to 2015-04-04
2015-06-20 14:46:07,252 Starting Training from 2015-03-20 to 2015-04-04
2015-06-20 14:47:11,085 Starting Live from 2015-04-05 to 2015-04-10
