2015-06-22 16:26:24,884 Starting Q Learning for : 
2015-06-22 16:26:24,884 alpha = 0.6
2015-06-22 16:26:24,884 gamma = 0.3
2015-06-22 16:26:24,884 individual factor = 12
2015-06-22 16:26:24,884 zero range = 0.006
2015-06-22 16:26:24,884 greedy level = 10
2015-06-22 16:26:24,884 

2015-06-22 16:26:27,387 Starting Training from 2014-12-17 to 2015-01-01
2015-06-22 16:38:18,323 Starting Live from 2015-01-02 to 2015-02-01
2015-06-22 17:07:31,661 Starting Training from 2015-01-17 to 2015-02-01
2015-06-22 17:09:01,229 Starting Live from 2015-02-02 to 2015-03-04
2015-06-22 17:39:37,404 Starting Training from 2015-02-17 to 2015-03-04
2015-06-22 17:42:06,683 Starting Live from 2015-03-05 to 2015-04-04
2015-06-22 18:13:27,315 Starting Training from 2015-03-20 to 2015-04-04
2015-06-22 18:14:54,592 Starting Live from 2015-04-05 to 2015-04-10
2015-06-22 18:19:20,147 Starting Q Learning for : 
2015-06-22 18:19:20,147 alpha = 0.6
2015-06-22 18:19:20,147 gamma = 0.4
2015-06-22 18:19:20,147 individual factor = 12
2015-06-22 18:19:20,147 zero range = 0.006
2015-06-22 18:19:20,148 greedy level = 10
2015-06-22 18:19:20,148 

2015-06-22 18:19:21,404 Starting Training from 2014-12-17 to 2015-01-01
2015-06-22 18:30:48,046 Starting Live from 2015-01-02 to 2015-02-01
2015-06-22 18:58:51,359 Starting Training from 2015-01-17 to 2015-02-01
2015-06-22 19:00:41,157 Starting Live from 2015-02-02 to 2015-03-04
2015-06-22 19:27:50,461 Starting Training from 2015-02-17 to 2015-03-04
2015-06-22 19:30:24,584 Starting Live from 2015-03-05 to 2015-04-04
2015-06-22 19:59:14,677 Starting Training from 2015-03-20 to 2015-04-04
2015-06-22 20:01:32,823 Starting Live from 2015-04-05 to 2015-04-10
2015-06-22 20:05:50,729 Starting Q Learning for : 
2015-06-22 20:05:50,730 alpha = 0.6
2015-06-22 20:05:50,730 gamma = 0.5
2015-06-22 20:05:50,730 individual factor = 12
2015-06-22 20:05:50,730 zero range = 0.006
2015-06-22 20:05:50,730 greedy level = 10
2015-06-22 20:05:50,730 

2015-06-22 20:05:55,825 Starting Training from 2014-12-17 to 2015-01-01
2015-06-22 20:17:13,811 Starting Live from 2015-01-02 to 2015-02-01
2015-06-22 20:46:53,805 Starting Training from 2015-01-17 to 2015-02-01
2015-06-22 20:48:24,213 Starting Live from 2015-02-02 to 2015-03-04
2015-06-22 21:17:30,756 Starting Training from 2015-02-17 to 2015-03-04
2015-06-22 21:20:24,252 Starting Live from 2015-03-05 to 2015-04-04
2015-06-22 21:51:39,864 Starting Training from 2015-03-20 to 2015-04-04
2015-06-22 21:53:09,183 Starting Live from 2015-04-05 to 2015-04-10
2015-06-22 21:57:13,589 Starting Q Learning for : 
2015-06-22 21:57:13,589 alpha = 0.6
2015-06-22 21:57:13,589 gamma = 0.6
2015-06-22 21:57:13,589 individual factor = 12
2015-06-22 21:57:13,589 zero range = 0.006
2015-06-22 21:57:13,591 greedy level = 10
2015-06-22 21:57:13,591 

2015-06-22 21:57:18,561 Starting Training from 2014-12-17 to 2015-01-01
2015-06-22 22:09:01,742 Starting Live from 2015-01-02 to 2015-02-01
2015-06-22 22:39:01,793 Starting Training from 2015-01-17 to 2015-02-01
2015-06-22 22:40:34,200 Starting Live from 2015-02-02 to 2015-03-04
2015-06-22 23:11:03,996 Starting Training from 2015-02-17 to 2015-03-04
2015-06-22 23:13:53,828 Starting Live from 2015-03-05 to 2015-04-04
2015-06-22 23:43:24,782 Starting Training from 2015-03-20 to 2015-04-04
2015-06-22 23:45:04,700 Starting Live from 2015-04-05 to 2015-04-10
2015-06-22 23:48:44,957 Starting Q Learning for : 
2015-06-22 23:48:44,957 alpha = 0.6
2015-06-22 23:48:44,957 gamma = 0.7
2015-06-22 23:48:44,957 individual factor = 12
2015-06-22 23:48:44,957 zero range = 0.006
2015-06-22 23:48:44,957 greedy level = 10
2015-06-22 23:48:44,957 

2015-06-22 23:48:48,045 Starting Training from 2014-12-17 to 2015-01-01
2015-06-23 00:00:35,230 Starting Live from 2015-01-02 to 2015-02-01
2015-06-23 00:18:53,826 Starting Training from 2015-01-17 to 2015-02-01
2015-06-23 00:20:20,760 Starting Live from 2015-02-02 to 2015-03-04
2015-06-23 00:26:12,618 Starting Training from 2015-02-17 to 2015-03-04
2015-06-23 00:35:32,979 Starting Live from 2015-03-05 to 2015-04-04
2015-06-23 00:56:10,358 Starting Training from 2015-03-20 to 2015-04-04
2015-06-23 01:00:03,862 Starting Live from 2015-04-05 to 2015-04-10
2015-06-23 01:02:38,176 Starting Q Learning for : 
2015-06-23 01:02:38,176 alpha = 0.6
2015-06-23 01:02:38,176 gamma = 0.8
2015-06-23 01:02:38,176 individual factor = 12
2015-06-23 01:02:38,176 zero range = 0.006
2015-06-23 01:02:38,176 greedy level = 10
2015-06-23 01:02:38,176 

2015-06-23 01:02:40,802 Starting Training from 2014-12-17 to 2015-01-01
2015-06-23 01:13:40,986 Starting Live from 2015-01-02 to 2015-02-01
2015-06-23 01:29:30,716 Starting Training from 2015-01-17 to 2015-02-01
2015-06-23 01:31:00,993 Starting Live from 2015-02-02 to 2015-03-04
2015-06-23 01:35:14,144 Starting Training from 2015-02-17 to 2015-03-04
2015-06-23 01:46:51,773 Starting Live from 2015-03-05 to 2015-04-04
2015-06-23 02:06:51,642 Starting Training from 2015-03-20 to 2015-04-04
2015-06-23 02:08:58,828 Starting Live from 2015-04-05 to 2015-04-10
2015-06-23 02:10:00,776 Starting Q Learning for : 
2015-06-23 02:10:00,776 alpha = 0.4
2015-06-23 02:10:00,776 gamma = 0.1
2015-06-23 02:10:00,776 individual factor = 12
2015-06-23 02:10:00,776 zero range = 0.006
2015-06-23 02:10:00,776 greedy level = 10
2015-06-23 02:10:00,776 

2015-06-23 02:10:03,664 Starting Training from 2014-12-17 to 2015-01-01
2015-06-23 02:21:15,403 Starting Live from 2015-01-02 to 2015-02-01
2015-06-23 02:48:40,088 Starting Training from 2015-01-17 to 2015-02-01
2015-06-23 02:50:07,835 Starting Live from 2015-02-02 to 2015-03-04
2015-06-23 03:17:13,713 Starting Training from 2015-02-17 to 2015-03-04
2015-06-23 03:19:59,102 Starting Live from 2015-03-05 to 2015-04-04
2015-06-23 03:48:49,450 Starting Training from 2015-03-20 to 2015-04-04
2015-06-23 03:50:35,209 Starting Live from 2015-04-05 to 2015-04-10
2015-06-23 03:54:20,750 Starting Q Learning for : 
2015-06-23 03:54:20,750 alpha = 0.4
2015-06-23 03:54:20,750 gamma = 0.2
2015-06-23 03:54:20,750 individual factor = 12
2015-06-23 03:54:20,750 zero range = 0.006
2015-06-23 03:54:20,750 greedy level = 10
2015-06-23 03:54:20,750 

2015-06-23 03:54:23,595 Starting Training from 2014-12-17 to 2015-01-01
2015-06-23 04:05:23,565 Starting Live from 2015-01-02 to 2015-02-01
2015-06-23 04:32:36,803 Starting Training from 2015-01-17 to 2015-02-01
2015-06-23 04:34:03,305 Starting Live from 2015-02-02 to 2015-03-04
2015-06-23 05:01:04,848 Starting Training from 2015-02-17 to 2015-03-04
2015-06-23 05:04:04,213 Starting Live from 2015-03-05 to 2015-04-04
2015-06-23 05:32:12,921 Starting Training from 2015-03-20 to 2015-04-04
2015-06-23 05:34:55,756 Starting Live from 2015-04-05 to 2015-04-10
2015-06-23 05:38:43,288 Starting Q Learning for : 
2015-06-23 05:38:43,289 alpha = 0.4
2015-06-23 05:38:43,289 gamma = 0.3
2015-06-23 05:38:43,289 individual factor = 12
2015-06-23 05:38:43,289 zero range = 0.006
2015-06-23 05:38:43,289 greedy level = 10
2015-06-23 05:38:43,289 

2015-06-23 05:38:46,476 Starting Training from 2014-12-17 to 2015-01-01
2015-06-23 05:50:03,809 Starting Live from 2015-01-02 to 2015-02-01
2015-06-23 06:17:44,632 Starting Training from 2015-01-17 to 2015-02-01
2015-06-23 06:19:18,871 Starting Live from 2015-02-02 to 2015-03-04
2015-06-23 06:51:28,256 Starting Training from 2015-02-17 to 2015-03-04
2015-06-23 06:53:56,089 Starting Live from 2015-03-05 to 2015-04-04
2015-06-23 07:35:42,410 Starting Training from 2015-03-20 to 2015-04-04
2015-06-23 07:37:37,138 Starting Live from 2015-04-05 to 2015-04-10
2015-06-23 07:55:28,930 Starting Q Learning for : 
2015-06-23 07:55:28,930 alpha = 0.4
2015-06-23 07:55:28,930 gamma = 0.4
2015-06-23 07:55:28,930 individual factor = 12
2015-06-23 07:55:28,930 zero range = 0.006
2015-06-23 07:55:28,930 greedy level = 10
2015-06-23 07:55:28,930 

2015-06-23 07:55:31,990 Starting Training from 2014-12-17 to 2015-01-01
2015-06-23 08:07:33,072 Starting Live from 2015-01-02 to 2015-02-01
2015-06-23 08:34:36,187 Starting Training from 2015-01-17 to 2015-02-01
2015-06-23 08:36:01,131 Starting Live from 2015-02-02 to 2015-03-04
2015-06-23 09:03:57,753 Starting Training from 2015-02-17 to 2015-03-04
2015-06-23 09:06:51,392 Starting Live from 2015-03-05 to 2015-04-04
2015-06-23 09:35:44,239 Starting Training from 2015-03-20 to 2015-04-04
2015-06-23 09:37:41,392 Starting Live from 2015-04-05 to 2015-04-10
2015-06-23 09:41:28,121 Starting Q Learning for : 
2015-06-23 09:41:28,122 alpha = 0.2
2015-06-23 09:41:28,122 gamma = 0.7
2015-06-23 09:41:28,122 individual factor = 12
2015-06-23 09:41:28,122 zero range = 0.006
2015-06-23 09:41:28,122 greedy level = 10
2015-06-23 09:41:28,122 

2015-06-23 09:41:33,585 Starting Training from 2014-12-17 to 2015-01-01
2015-06-23 09:53:18,773 Starting Live from 2015-01-02 to 2015-02-01
2015-06-23 10:11:59,676 Starting Training from 2015-01-17 to 2015-02-01
2015-06-23 10:13:29,756 Starting Live from 2015-02-02 to 2015-03-04
2015-06-23 10:19:41,615 Starting Training from 2015-02-17 to 2015-03-04
2015-06-23 10:28:45,411 Starting Live from 2015-03-05 to 2015-04-04
2015-06-23 10:48:36,221 Starting Training from 2015-03-20 to 2015-04-04
2015-06-23 10:52:06,368 Starting Live from 2015-04-05 to 2015-04-10
2015-06-23 10:54:42,821 Starting Q Learning for : 
2015-06-23 10:54:42,821 alpha = 0.2
2015-06-23 10:54:42,821 gamma = 0.8
2015-06-23 10:54:42,821 individual factor = 12
2015-06-23 10:54:42,821 zero range = 0.006
2015-06-23 10:54:42,821 greedy level = 10
2015-06-23 10:54:42,822 

2015-06-23 10:54:48,283 Starting Training from 2014-12-17 to 2015-01-01
2015-06-23 11:05:54,055 Starting Live from 2015-01-02 to 2015-02-01
2015-06-23 11:21:46,707 Starting Training from 2015-01-17 to 2015-02-01
2015-06-23 11:23:10,599 Starting Live from 2015-02-02 to 2015-03-04
2015-06-23 11:26:38,707 Starting Training from 2015-02-17 to 2015-03-04
2015-06-23 11:38:18,230 Starting Live from 2015-03-05 to 2015-04-04
2015-06-23 11:58:16,891 Starting Training from 2015-03-20 to 2015-04-04
2015-06-23 12:00:27,265 Starting Live from 2015-04-05 to 2015-04-10
2015-06-23 12:01:53,877 Starting Q Learning for : 
2015-06-23 12:01:53,877 alpha = 0.8
2015-06-23 12:01:53,877 gamma = 0.1
2015-06-23 12:01:53,877 individual factor = 12
2015-06-23 12:01:53,877 zero range = 0.006
2015-06-23 12:01:53,877 greedy level = 10
2015-06-23 12:01:53,877 

2015-06-23 12:02:00,094 Starting Training from 2014-12-17 to 2015-01-01
2015-06-23 12:13:24,292 Starting Live from 2015-01-02 to 2015-02-01
2015-06-23 12:45:01,234 Starting Training from 2015-01-17 to 2015-02-01
2015-06-23 12:46:36,584 Starting Live from 2015-02-02 to 2015-03-04
2015-06-23 13:21:57,230 Starting Training from 2015-02-17 to 2015-03-04
2015-06-23 13:24:51,153 Starting Live from 2015-03-05 to 2015-04-04
2015-06-23 14:03:13,904 Starting Training from 2015-03-20 to 2015-04-04
2015-06-23 14:05:31,119 Starting Live from 2015-04-05 to 2015-04-10
2015-06-23 14:14:28,187 Starting Q Learning for : 
2015-06-23 14:14:28,187 alpha = 0.8
2015-06-23 14:14:28,187 gamma = 0.2
2015-06-23 14:14:28,187 individual factor = 12
2015-06-23 14:14:28,187 zero range = 0.006
2015-06-23 14:14:28,187 greedy level = 10
2015-06-23 14:14:28,187 

2015-06-23 14:14:33,642 Starting Training from 2014-12-17 to 2015-01-01
2015-06-23 14:27:25,345 Starting Live from 2015-01-02 to 2015-02-01
2015-06-23 14:57:14,395 Starting Training from 2015-01-17 to 2015-02-01
2015-06-23 14:58:54,674 Starting Live from 2015-02-02 to 2015-03-04
2015-06-23 15:28:40,247 Starting Training from 2015-02-17 to 2015-03-04
2015-06-23 15:31:34,724 Starting Live from 2015-03-05 to 2015-04-04
2015-06-23 16:04:42,710 Starting Training from 2015-03-20 to 2015-04-04
2015-06-23 16:06:54,839 Starting Live from 2015-04-05 to 2015-04-10
2015-06-23 16:11:16,538 Starting Q Learning for : 
2015-06-23 16:11:16,538 alpha = 0.8
2015-06-23 16:11:16,538 gamma = 0.3
2015-06-23 16:11:16,539 individual factor = 12
2015-06-23 16:11:16,539 zero range = 0.006
2015-06-23 16:11:16,539 greedy level = 10
2015-06-23 16:11:16,539 

2015-06-23 16:11:21,743 Starting Training from 2014-12-17 to 2015-01-01
2015-06-23 16:24:39,918 Starting Live from 2015-01-02 to 2015-02-01
2015-06-23 16:54:21,088 Starting Training from 2015-01-17 to 2015-02-01
2015-06-23 16:55:56,006 Starting Live from 2015-02-02 to 2015-03-04
2015-06-23 17:26:30,338 Starting Training from 2015-02-17 to 2015-03-04
2015-06-23 17:30:01,598 Starting Live from 2015-03-05 to 2015-04-04
2015-06-23 18:03:30,463 Starting Training from 2015-03-20 to 2015-04-04
2015-06-23 18:05:05,697 Starting Live from 2015-04-05 to 2015-04-10
2015-06-23 18:09:37,822 Starting Q Learning for : 
2015-06-23 18:09:37,822 alpha = 0.8
2015-06-23 18:09:37,822 gamma = 0.4
2015-06-23 18:09:37,822 individual factor = 12
2015-06-23 18:09:37,822 zero range = 0.006
2015-06-23 18:09:37,823 greedy level = 10
2015-06-23 18:09:37,823 

2015-06-23 18:09:43,137 Starting Training from 2014-12-17 to 2015-01-01
2015-06-23 18:23:07,196 Starting Live from 2015-01-02 to 2015-02-01
2015-06-23 18:52:56,598 Starting Training from 2015-01-17 to 2015-02-01
2015-06-23 18:54:33,230 Starting Live from 2015-02-02 to 2015-03-04
2015-06-23 19:26:59,690 Starting Training from 2015-02-17 to 2015-03-04
2015-06-23 19:29:39,609 Starting Live from 2015-03-05 to 2015-04-04
2015-06-23 20:03:37,960 Starting Training from 2015-03-20 to 2015-04-04
2015-06-23 20:05:29,466 Starting Live from 2015-04-05 to 2015-04-10
2015-06-23 20:09:57,661 Starting Q Learning for : 
2015-06-23 20:09:57,661 alpha = 0.8
2015-06-23 20:09:57,661 gamma = 0.5
2015-06-23 20:09:57,661 individual factor = 12
2015-06-23 20:09:57,661 zero range = 0.006
2015-06-23 20:09:57,661 greedy level = 10
2015-06-23 20:09:57,661 

2015-06-23 20:10:03,174 Starting Training from 2014-12-17 to 2015-01-01
2015-06-23 20:22:33,313 Starting Live from 2015-01-02 to 2015-02-01
2015-06-23 20:53:25,670 Starting Training from 2015-01-17 to 2015-02-01
2015-06-23 20:55:07,326 Starting Live from 2015-02-02 to 2015-03-04
2015-06-23 21:28:49,427 Starting Training from 2015-02-17 to 2015-03-04
2015-06-23 21:32:44,769 Starting Live from 2015-03-05 to 2015-04-04
2015-06-23 22:08:57,230 Starting Training from 2015-03-20 to 2015-04-04
2015-06-23 22:10:41,493 Starting Live from 2015-04-05 to 2015-04-10
2015-06-23 22:15:38,418 Starting Q Learning for : 
2015-06-23 22:15:38,418 alpha = 0.8
2015-06-23 22:15:38,418 gamma = 0.6
2015-06-23 22:15:38,420 individual factor = 12
2015-06-23 22:15:38,420 zero range = 0.006
2015-06-23 22:15:38,420 greedy level = 10
2015-06-23 22:15:38,420 

2015-06-23 22:15:46,062 Starting Training from 2014-12-17 to 2015-01-01
2015-06-23 22:28:39,710 Starting Live from 2015-01-02 to 2015-02-01
2015-06-23 23:00:36,299 Starting Training from 2015-01-17 to 2015-02-01
2015-06-23 23:02:19,134 Starting Live from 2015-02-02 to 2015-03-04
