2015-06-22 16:26:24,884 Starting Q Learning for : 
2015-06-22 16:26:24,884 alpha = 0.5
2015-06-22 16:26:24,884 gamma = 0.1
2015-06-22 16:26:24,884 individual factor = 12
2015-06-22 16:26:24,884 zero range = 0.006
2015-06-22 16:26:24,884 greedy level = 10
2015-06-22 16:26:24,884 

2015-06-22 16:26:27,384 Starting Training from 2014-12-17 to 2015-01-01
2015-06-22 16:38:17,128 Starting Live from 2015-01-02 to 2015-02-01
2015-06-22 17:07:36,717 Starting Training from 2015-01-17 to 2015-02-01
2015-06-22 17:09:06,384 Starting Live from 2015-02-02 to 2015-03-04
2015-06-22 17:39:55,536 Starting Training from 2015-02-17 to 2015-03-04
2015-06-22 17:42:21,765 Starting Live from 2015-03-05 to 2015-04-04
2015-06-22 18:14:53,529 Starting Training from 2015-03-20 to 2015-04-04
2015-06-22 18:16:32,006 Starting Live from 2015-04-05 to 2015-04-10
2015-06-22 18:21:17,602 Starting Q Learning for : 
2015-06-22 18:21:17,604 alpha = 0.5
2015-06-22 18:21:17,604 gamma = 0.2
2015-06-22 18:21:17,604 individual factor = 12
2015-06-22 18:21:17,604 zero range = 0.006
2015-06-22 18:21:17,604 greedy level = 10
2015-06-22 18:21:17,604 

2015-06-22 18:21:23,413 Starting Training from 2014-12-17 to 2015-01-01
2015-06-22 18:32:51,901 Starting Live from 2015-01-02 to 2015-02-01
2015-06-22 19:01:33,859 Starting Training from 2015-01-17 to 2015-02-01
2015-06-22 19:03:05,229 Starting Live from 2015-02-02 to 2015-03-04
2015-06-22 19:30:18,233 Starting Training from 2015-02-17 to 2015-03-04
2015-06-22 19:32:46,243 Starting Live from 2015-03-05 to 2015-04-04
2015-06-22 20:02:37,957 Starting Training from 2015-03-20 to 2015-04-04
2015-06-22 20:05:00,411 Starting Live from 2015-04-05 to 2015-04-10
2015-06-22 20:08:56,349 Starting Q Learning for : 
2015-06-22 20:08:56,349 alpha = 0.5
2015-06-22 20:08:56,349 gamma = 0.3
2015-06-22 20:08:56,349 individual factor = 12
2015-06-22 20:08:56,349 zero range = 0.006
2015-06-22 20:08:56,349 greedy level = 10
2015-06-22 20:08:56,349 

2015-06-22 20:09:01,802 Starting Training from 2014-12-17 to 2015-01-01
2015-06-22 20:20:13,165 Starting Live from 2015-01-02 to 2015-02-01
2015-06-22 20:49:14,301 Starting Training from 2015-01-17 to 2015-02-01
2015-06-22 20:51:03,134 Starting Live from 2015-02-02 to 2015-03-04
2015-06-22 21:20:05,140 Starting Training from 2015-02-17 to 2015-03-04
2015-06-22 21:22:59,782 Starting Live from 2015-03-05 to 2015-04-04
2015-06-22 21:54:17,223 Starting Training from 2015-03-20 to 2015-04-04
2015-06-22 21:56:04,266 Starting Live from 2015-04-05 to 2015-04-10
2015-06-22 22:00:11,753 Starting Q Learning for : 
2015-06-22 22:00:11,753 alpha = 0.5
2015-06-22 22:00:11,753 gamma = 0.4
2015-06-22 22:00:11,753 individual factor = 12
2015-06-22 22:00:11,753 zero range = 0.006
2015-06-22 22:00:11,753 greedy level = 10
2015-06-22 22:00:11,753 

2015-06-22 22:00:17,540 Starting Training from 2014-12-17 to 2015-01-01
2015-06-22 22:12:15,986 Starting Live from 2015-01-02 to 2015-02-01
2015-06-22 22:42:09,318 Starting Training from 2015-01-17 to 2015-02-01
2015-06-22 22:43:37,336 Starting Live from 2015-02-02 to 2015-03-04
2015-06-22 23:14:08,483 Starting Training from 2015-02-17 to 2015-03-04
2015-06-22 23:16:55,618 Starting Live from 2015-03-05 to 2015-04-04
2015-06-22 23:48:30,512 Starting Training from 2015-03-20 to 2015-04-04
2015-06-22 23:50:32,269 Starting Live from 2015-04-05 to 2015-04-10
2015-06-22 23:56:06,509 Starting Q Learning for : 
2015-06-22 23:56:06,509 alpha = 0.5
2015-06-22 23:56:06,509 gamma = 0.5
2015-06-22 23:56:06,509 individual factor = 12
2015-06-22 23:56:06,509 zero range = 0.006
2015-06-22 23:56:06,509 greedy level = 10
2015-06-22 23:56:06,509 

2015-06-22 23:56:12,433 Starting Training from 2014-12-17 to 2015-01-01
2015-06-23 00:07:13,221 Starting Live from 2015-01-02 to 2015-02-01
2015-06-23 00:33:54,688 Starting Training from 2015-01-17 to 2015-02-01
2015-06-23 00:35:34,346 Starting Live from 2015-02-02 to 2015-03-04
2015-06-23 01:06:18,055 Starting Training from 2015-02-17 to 2015-03-04
2015-06-23 01:08:57,513 Starting Live from 2015-03-05 to 2015-04-04
2015-06-23 01:43:19,822 Starting Training from 2015-03-20 to 2015-04-04
2015-06-23 01:44:50,586 Starting Live from 2015-04-05 to 2015-04-10
2015-06-23 01:51:00,780 Starting Q Learning for : 
2015-06-23 01:51:00,780 alpha = 0.5
2015-06-23 01:51:00,780 gamma = 0.6
2015-06-23 01:51:00,780 individual factor = 12
2015-06-23 01:51:00,780 zero range = 0.006
2015-06-23 01:51:00,780 greedy level = 10
2015-06-23 01:51:00,780 

2015-06-23 01:51:05,397 Starting Training from 2014-12-17 to 2015-01-01
2015-06-23 02:03:09,088 Starting Live from 2015-01-02 to 2015-02-01
2015-06-23 02:29:25,289 Starting Training from 2015-01-17 to 2015-02-01
2015-06-23 02:30:54,588 Starting Live from 2015-02-02 to 2015-03-04
2015-06-23 02:58:12,326 Starting Training from 2015-02-17 to 2015-03-04
2015-06-23 03:01:03,733 Starting Live from 2015-03-05 to 2015-04-04
2015-06-23 03:34:23,563 Starting Training from 2015-03-20 to 2015-04-04
2015-06-23 03:36:33,484 Starting Live from 2015-04-05 to 2015-04-10
2015-06-23 03:40:41,467 Starting Q Learning for : 
2015-06-23 03:40:41,467 alpha = 0.5
2015-06-23 03:40:41,467 gamma = 0.7
2015-06-23 03:40:41,467 individual factor = 12
2015-06-23 03:40:41,467 zero range = 0.006
2015-06-23 03:40:41,467 greedy level = 10
2015-06-23 03:40:41,467 

2015-06-23 03:40:46,973 Starting Training from 2014-12-17 to 2015-01-01
2015-06-23 03:52:41,677 Starting Live from 2015-01-02 to 2015-02-01
2015-06-23 04:11:34,894 Starting Training from 2015-01-17 to 2015-02-01
2015-06-23 04:13:05,174 Starting Live from 2015-02-02 to 2015-03-04
2015-06-23 04:20:20,480 Starting Training from 2015-02-17 to 2015-03-04
2015-06-23 04:29:38,558 Starting Live from 2015-03-05 to 2015-04-04
2015-06-23 04:49:56,278 Starting Training from 2015-03-20 to 2015-04-04
2015-06-23 04:53:39,091 Starting Live from 2015-04-05 to 2015-04-10
2015-06-23 04:55:18,104 Starting Q Learning for : 
2015-06-23 04:55:18,104 alpha = 0.5
2015-06-23 04:55:18,104 gamma = 0.8
2015-06-23 04:55:18,104 individual factor = 12
2015-06-23 04:55:18,104 zero range = 0.006
2015-06-23 04:55:18,104 greedy level = 10
2015-06-23 04:55:18,104 

2015-06-23 04:55:20,522 Starting Training from 2014-12-17 to 2015-01-01
2015-06-23 05:06:25,776 Starting Live from 2015-01-02 to 2015-02-01
2015-06-23 05:22:25,447 Starting Training from 2015-01-17 to 2015-02-01
2015-06-23 05:23:51,191 Starting Live from 2015-02-02 to 2015-03-04
2015-06-23 05:27:14,890 Starting Training from 2015-02-17 to 2015-03-04
2015-06-23 05:38:55,118 Starting Live from 2015-03-05 to 2015-04-04
2015-06-23 05:58:47,732 Starting Training from 2015-03-20 to 2015-04-04
2015-06-23 06:00:57,302 Starting Live from 2015-04-05 to 2015-04-10
2015-06-23 06:01:41,842 Starting Q Learning for : 
2015-06-23 06:01:41,842 alpha = 0.6
2015-06-23 06:01:41,842 gamma = 0.1
2015-06-23 06:01:41,842 individual factor = 12
2015-06-23 06:01:41,842 zero range = 0.006
2015-06-23 06:01:41,842 greedy level = 10
2015-06-23 06:01:41,842 

2015-06-23 06:01:44,572 Starting Training from 2014-12-17 to 2015-01-01
2015-06-23 06:12:50,888 Starting Live from 2015-01-02 to 2015-02-01
2015-06-23 06:40:46,394 Starting Training from 2015-01-17 to 2015-02-01
2015-06-23 06:42:15,503 Starting Live from 2015-02-02 to 2015-03-04
2015-06-23 07:10:21,960 Starting Training from 2015-02-17 to 2015-03-04
2015-06-23 07:13:03,470 Starting Live from 2015-03-05 to 2015-04-04
2015-06-23 07:42:19,552 Starting Training from 2015-03-20 to 2015-04-04
2015-06-23 07:44:44,806 Starting Live from 2015-04-05 to 2015-04-10
2015-06-23 07:48:48,678 Starting Q Learning for : 
2015-06-23 07:48:48,680 alpha = 0.6
2015-06-23 07:48:48,680 gamma = 0.2
2015-06-23 07:48:48,680 individual factor = 12
2015-06-23 07:48:48,680 zero range = 0.006
2015-06-23 07:48:48,680 greedy level = 10
2015-06-23 07:48:48,680 

2015-06-23 07:48:52,670 Starting Training from 2014-12-17 to 2015-01-01
2015-06-23 07:59:54,713 Starting Live from 2015-01-02 to 2015-02-01
2015-06-23 08:27:12,171 Starting Training from 2015-01-17 to 2015-02-01
2015-06-23 08:28:37,683 Starting Live from 2015-02-02 to 2015-03-04
2015-06-23 08:56:31,289 Starting Training from 2015-02-17 to 2015-03-04
2015-06-23 08:59:07,094 Starting Live from 2015-03-05 to 2015-04-04
2015-06-23 09:29:25,223 Starting Training from 2015-03-20 to 2015-04-04
2015-06-23 09:31:01,688 Starting Live from 2015-04-05 to 2015-04-10
2015-06-23 09:35:07,016 Starting Q Learning for : 
2015-06-23 09:35:07,016 alpha = 0.4
2015-06-23 09:35:07,016 gamma = 0.5
2015-06-23 09:35:07,016 individual factor = 12
2015-06-23 09:35:07,016 zero range = 0.006
2015-06-23 09:35:07,016 greedy level = 10
2015-06-23 09:35:07,016 

2015-06-23 09:35:10,121 Starting Training from 2014-12-17 to 2015-01-01
2015-06-23 09:46:11,513 Starting Live from 2015-01-02 to 2015-02-01
2015-06-23 10:14:50,855 Starting Training from 2015-01-17 to 2015-02-01
2015-06-23 10:16:21,197 Starting Live from 2015-02-02 to 2015-03-04
2015-06-23 10:47:28,941 Starting Training from 2015-02-17 to 2015-03-04
2015-06-23 10:49:27,720 Starting Live from 2015-03-05 to 2015-04-04
2015-06-23 11:22:51,076 Starting Training from 2015-03-20 to 2015-04-04
2015-06-23 11:24:28,650 Starting Live from 2015-04-05 to 2015-04-10
2015-06-23 11:31:34,099 Starting Q Learning for : 
2015-06-23 11:31:34,099 alpha = 0.4
2015-06-23 11:31:34,099 gamma = 0.6
2015-06-23 11:31:34,099 individual factor = 12
2015-06-23 11:31:34,099 zero range = 0.006
2015-06-23 11:31:34,099 greedy level = 10
2015-06-23 11:31:34,099 

2015-06-23 11:31:39,526 Starting Training from 2014-12-17 to 2015-01-01
2015-06-23 11:43:37,440 Starting Live from 2015-01-02 to 2015-02-01
2015-06-23 12:11:14,250 Starting Training from 2015-01-17 to 2015-02-01
2015-06-23 12:12:51,421 Starting Live from 2015-02-02 to 2015-03-04
2015-06-23 12:45:42,457 Starting Training from 2015-02-17 to 2015-03-04
2015-06-23 12:48:34,697 Starting Live from 2015-03-05 to 2015-04-04
2015-06-23 13:21:53,467 Starting Training from 2015-03-20 to 2015-04-04
2015-06-23 13:24:16,075 Starting Live from 2015-04-05 to 2015-04-10
2015-06-23 13:30:30,460 Starting Q Learning for : 
2015-06-23 13:30:30,460 alpha = 0.4
2015-06-23 13:30:30,460 gamma = 0.7
2015-06-23 13:30:30,460 individual factor = 12
2015-06-23 13:30:30,460 zero range = 0.006
2015-06-23 13:30:30,460 greedy level = 10
2015-06-23 13:30:30,460 

2015-06-23 13:30:36,237 Starting Training from 2014-12-17 to 2015-01-01
2015-06-23 13:42:52,996 Starting Live from 2015-01-02 to 2015-02-01
2015-06-23 14:03:04,683 Starting Training from 2015-01-17 to 2015-02-01
2015-06-23 14:04:40,551 Starting Live from 2015-02-02 to 2015-03-04
2015-06-23 14:12:17,888 Starting Training from 2015-02-17 to 2015-03-04
2015-06-23 14:22:52,994 Starting Live from 2015-03-05 to 2015-04-04
2015-06-23 14:46:31,503 Starting Training from 2015-03-20 to 2015-04-04
2015-06-23 14:49:36,697 Starting Live from 2015-04-05 to 2015-04-10
2015-06-23 14:51:26,244 Starting Q Learning for : 
2015-06-23 14:51:26,244 alpha = 0.4
2015-06-23 14:51:26,244 gamma = 0.8
2015-06-23 14:51:26,244 individual factor = 12
2015-06-23 14:51:26,246 zero range = 0.006
2015-06-23 14:51:26,246 greedy level = 10
2015-06-23 14:51:26,246 

2015-06-23 14:51:33,194 Starting Training from 2014-12-17 to 2015-01-01
2015-06-23 15:04:24,483 Starting Live from 2015-01-02 to 2015-02-01
2015-06-23 15:21:50,375 Starting Training from 2015-01-17 to 2015-02-01
2015-06-23 15:23:25,719 Starting Live from 2015-02-02 to 2015-03-04
2015-06-23 15:28:50,007 Starting Training from 2015-02-17 to 2015-03-04
2015-06-23 15:41:34,283 Starting Live from 2015-03-05 to 2015-04-04
2015-06-23 16:04:12,851 Starting Training from 2015-03-20 to 2015-04-04
2015-06-23 16:06:07,273 Starting Live from 2015-04-05 to 2015-04-10
2015-06-23 16:06:46,653 Starting Q Learning for : 
2015-06-23 16:06:46,654 alpha = 0.2
2015-06-23 16:06:46,654 gamma = 0.1
2015-06-23 16:06:46,654 individual factor = 12
2015-06-23 16:06:46,654 zero range = 0.006
2015-06-23 16:06:46,654 greedy level = 10
2015-06-23 16:06:46,654 

2015-06-23 16:06:52,828 Starting Training from 2014-12-17 to 2015-01-01
2015-06-23 16:19:24,138 Starting Live from 2015-01-02 to 2015-02-01
2015-06-23 16:49:03,345 Starting Training from 2015-01-17 to 2015-02-01
2015-06-23 16:50:38,957 Starting Live from 2015-02-02 to 2015-03-04
2015-06-23 17:20:37,502 Starting Training from 2015-02-17 to 2015-03-04
2015-06-23 17:23:53,357 Starting Live from 2015-03-05 to 2015-04-04
2015-06-23 17:56:06,417 Starting Training from 2015-03-20 to 2015-04-04
2015-06-23 17:58:23,073 Starting Live from 2015-04-05 to 2015-04-10
2015-06-23 18:03:44,634 Starting Q Learning for : 
2015-06-23 18:03:44,634 alpha = 0.2
2015-06-23 18:03:44,634 gamma = 0.2
2015-06-23 18:03:44,634 individual factor = 12
2015-06-23 18:03:44,634 zero range = 0.006
2015-06-23 18:03:44,634 greedy level = 10
2015-06-23 18:03:44,634 

2015-06-23 18:03:50,701 Starting Training from 2014-12-17 to 2015-01-01
2015-06-23 18:17:11,635 Starting Live from 2015-01-02 to 2015-02-01
2015-06-23 18:46:36,191 Starting Training from 2015-01-17 to 2015-02-01
2015-06-23 18:48:13,667 Starting Live from 2015-02-02 to 2015-03-04
2015-06-23 19:19:06,108 Starting Training from 2015-02-17 to 2015-03-04
2015-06-23 19:22:34,835 Starting Live from 2015-03-05 to 2015-04-04
2015-06-23 19:55:18,147 Starting Training from 2015-03-20 to 2015-04-04
2015-06-23 19:56:57,075 Starting Live from 2015-04-05 to 2015-04-10
2015-06-23 20:02:23,724 Starting Q Learning for : 
2015-06-23 20:02:23,724 alpha = 0.2
2015-06-23 20:02:23,724 gamma = 0.3
2015-06-23 20:02:23,724 individual factor = 12
2015-06-23 20:02:23,724 zero range = 0.006
2015-06-23 20:02:23,724 greedy level = 10
2015-06-23 20:02:23,724 

2015-06-23 20:02:30,338 Starting Training from 2014-12-17 to 2015-01-01
2015-06-23 20:15:07,487 Starting Live from 2015-01-02 to 2015-02-01
2015-06-23 20:44:28,266 Starting Training from 2015-01-17 to 2015-02-01
2015-06-23 20:46:14,397 Starting Live from 2015-02-02 to 2015-03-04
2015-06-23 21:20:46,744 Starting Training from 2015-02-17 to 2015-03-04
2015-06-23 21:24:19,361 Starting Live from 2015-03-05 to 2015-04-04
2015-06-23 22:10:01,983 Starting Training from 2015-03-20 to 2015-04-04
2015-06-23 22:11:57,414 Starting Live from 2015-04-05 to 2015-04-10
2015-06-23 22:22:13,378 Starting Q Learning for : 
2015-06-23 22:22:13,378 alpha = 0.2
2015-06-23 22:22:13,378 gamma = 0.4
2015-06-23 22:22:13,378 individual factor = 12
2015-06-23 22:22:13,378 zero range = 0.006
2015-06-23 22:22:13,378 greedy level = 10
2015-06-23 22:22:13,378 

2015-06-23 22:22:18,279 Starting Training from 2014-12-17 to 2015-01-01
2015-06-23 22:34:55,815 Starting Live from 2015-01-02 to 2015-02-01
