2015-06-20 23:39:47,755 Starting Q Learning for : 
2015-06-20 23:39:47,755 alpha = 0.2
2015-06-20 23:39:47,755 gamma = 0.5
2015-06-20 23:39:47,755 individual factor = 8
2015-06-20 23:39:47,756 zero range = 0.002
2015-06-20 23:39:47,756 greedy level = 5
2015-06-20 23:39:47,756 

2015-06-20 23:39:59,000 Starting Training from 2014-12-17 to 2015-01-01
2015-06-20 23:51:44,992 Starting Live from 2015-01-02 to 2015-02-01
2015-06-21 00:20:38,052 Starting Training from 2015-01-17 to 2015-02-01
2015-06-21 00:22:16,851 Starting Live from 2015-02-02 to 2015-03-04
2015-06-21 00:55:12,059 Starting Training from 2015-02-17 to 2015-03-04
2015-06-21 00:57:03,720 Starting Live from 2015-03-05 to 2015-04-04
2015-06-21 01:25:56,423 Starting Training from 2015-03-20 to 2015-04-04
2015-06-21 01:27:16,338 Starting Live from 2015-04-05 to 2015-04-10
2015-06-21 01:35:03,653 Starting Q Learning for : 
2015-06-21 01:35:03,653 alpha = 0.2
2015-06-21 01:35:03,653 gamma = 0.6
2015-06-21 01:35:03,653 individual factor = 8
2015-06-21 01:35:03,653 zero range = 0.002
2015-06-21 01:35:03,653 greedy level = 5
2015-06-21 01:35:03,653 

2015-06-21 01:35:11,467 Starting Training from 2014-12-17 to 2015-01-01
2015-06-21 01:46:41,767 Starting Live from 2015-01-02 to 2015-02-01
2015-06-21 02:14:00,474 Starting Training from 2015-01-17 to 2015-02-01
2015-06-21 02:15:33,457 Starting Live from 2015-02-02 to 2015-03-04
2015-06-21 02:43:56,562 Starting Training from 2015-02-17 to 2015-03-04
2015-06-21 02:45:32,785 Starting Live from 2015-03-05 to 2015-04-04
2015-06-21 03:12:21,035 Starting Training from 2015-03-20 to 2015-04-04
2015-06-21 03:13:40,490 Starting Live from 2015-04-05 to 2015-04-10
2015-06-21 03:21:38,627 Starting Q Learning for : 
2015-06-21 03:21:38,628 alpha = 0.8
2015-06-21 03:21:38,628 gamma = 0.3
2015-06-21 03:21:38,628 individual factor = 8
2015-06-21 03:21:38,628 zero range = 0.002
2015-06-21 03:21:38,628 greedy level = 5
2015-06-21 03:21:38,628 

2015-06-21 03:21:45,104 Starting Training from 2014-12-17 to 2015-01-01
2015-06-21 03:32:49,579 Starting Live from 2015-01-02 to 2015-02-01
2015-06-21 03:59:06,894 Starting Training from 2015-01-17 to 2015-02-01
2015-06-21 04:00:34,471 Starting Live from 2015-02-02 to 2015-03-04
2015-06-21 04:27:36,464 Starting Training from 2015-02-17 to 2015-03-04
2015-06-21 04:29:14,108 Starting Live from 2015-03-05 to 2015-04-04
2015-06-21 04:55:26,226 Starting Training from 2015-03-20 to 2015-04-04
2015-06-21 04:56:41,539 Starting Live from 2015-04-05 to 2015-04-10
2015-06-21 05:03:40,703 Starting Q Learning for : 
2015-06-21 05:03:40,703 alpha = 0.8
2015-06-21 05:03:40,703 gamma = 0.4
2015-06-21 05:03:40,703 individual factor = 8
2015-06-21 05:03:40,703 zero range = 0.002
2015-06-21 05:03:40,703 greedy level = 5
2015-06-21 05:03:40,703 

2015-06-21 05:03:45,895 Starting Training from 2014-12-17 to 2015-01-01
2015-06-21 05:14:54,091 Starting Live from 2015-01-02 to 2015-02-01
2015-06-21 05:40:27,604 Starting Training from 2015-01-17 to 2015-02-01
2015-06-21 05:41:56,723 Starting Live from 2015-02-02 to 2015-03-04
2015-06-21 06:07:29,456 Starting Training from 2015-02-17 to 2015-03-04
2015-06-21 06:08:53,776 Starting Live from 2015-03-05 to 2015-04-04
2015-06-21 06:32:41,233 Starting Training from 2015-03-20 to 2015-04-04
2015-06-21 06:34:11,411 Starting Live from 2015-04-05 to 2015-04-10
