2015-06-20 23:39:47,747 Starting Q Learning for : 
2015-06-20 23:39:47,747 alpha = 0.2
2015-06-20 23:39:47,747 gamma = 0.1
2015-06-20 23:39:47,747 individual factor = 8
2015-06-20 23:39:47,749 zero range = 0.002
2015-06-20 23:39:47,749 greedy level = 5
2015-06-20 23:39:47,749 

2015-06-20 23:39:58,999 Starting Training from 2014-12-17 to 2015-01-01
2015-06-20 23:51:47,325 Starting Live from 2015-01-02 to 2015-02-01
2015-06-21 00:20:47,993 Starting Training from 2015-01-17 to 2015-02-01
2015-06-21 00:22:29,219 Starting Live from 2015-02-02 to 2015-03-04
2015-06-21 00:55:10,884 Starting Training from 2015-02-17 to 2015-03-04
2015-06-21 00:57:01,638 Starting Live from 2015-03-05 to 2015-04-04
2015-06-21 01:26:12,561 Starting Training from 2015-03-20 to 2015-04-04
2015-06-21 01:27:34,214 Starting Live from 2015-04-05 to 2015-04-10
2015-06-21 01:35:35,966 Starting Q Learning for : 
2015-06-21 01:35:35,966 alpha = 0.2
2015-06-21 01:35:35,966 gamma = 0.2
2015-06-21 01:35:35,966 individual factor = 8
2015-06-21 01:35:35,966 zero range = 0.002
2015-06-21 01:35:35,966 greedy level = 5
2015-06-21 01:35:35,966 

2015-06-21 01:35:44,257 Starting Training from 2014-12-17 to 2015-01-01
2015-06-21 01:47:02,543 Starting Live from 2015-01-02 to 2015-02-01
2015-06-21 02:13:58,315 Starting Training from 2015-01-17 to 2015-02-01
2015-06-21 02:15:30,348 Starting Live from 2015-02-02 to 2015-03-04
2015-06-21 02:43:19,263 Starting Training from 2015-02-17 to 2015-03-04
2015-06-21 02:44:54,039 Starting Live from 2015-03-05 to 2015-04-04
2015-06-21 03:11:08,328 Starting Training from 2015-03-20 to 2015-04-04
2015-06-21 03:12:20,651 Starting Live from 2015-04-05 to 2015-04-10
2015-06-21 03:19:33,542 Starting Q Learning for : 
2015-06-21 03:19:33,542 alpha = 0.8
2015-06-21 03:19:33,542 gamma = 0.1
2015-06-21 03:19:33,542 individual factor = 8
2015-06-21 03:19:33,542 zero range = 0.002
2015-06-21 03:19:33,542 greedy level = 5
2015-06-21 03:19:33,542 

2015-06-21 03:19:40,957 Starting Training from 2014-12-17 to 2015-01-01
2015-06-21 03:31:11,549 Starting Live from 2015-01-02 to 2015-02-01
2015-06-21 03:57:33,138 Starting Training from 2015-01-17 to 2015-02-01
2015-06-21 03:59:03,351 Starting Live from 2015-02-02 to 2015-03-04
2015-06-21 04:26:00,979 Starting Training from 2015-02-17 to 2015-03-04
2015-06-21 04:27:47,687 Starting Live from 2015-03-05 to 2015-04-04
2015-06-21 04:53:38,438 Starting Training from 2015-03-20 to 2015-04-04
2015-06-21 04:54:53,920 Starting Live from 2015-04-05 to 2015-04-10
2015-06-21 05:01:45,200 Starting Q Learning for : 
2015-06-21 05:01:45,200 alpha = 0.8
2015-06-21 05:01:45,200 gamma = 0.2
2015-06-21 05:01:45,200 individual factor = 8
2015-06-21 05:01:45,200 zero range = 0.002
2015-06-21 05:01:45,200 greedy level = 5
2015-06-21 05:01:45,200 

2015-06-21 05:01:50,756 Starting Training from 2014-12-17 to 2015-01-01
2015-06-21 05:13:00,644 Starting Live from 2015-01-02 to 2015-02-01
2015-06-21 05:38:33,726 Starting Training from 2015-01-17 to 2015-02-01
2015-06-21 05:39:59,289 Starting Live from 2015-02-02 to 2015-03-04
2015-06-21 06:05:18,783 Starting Training from 2015-02-17 to 2015-03-04
2015-06-21 06:06:44,999 Starting Live from 2015-03-05 to 2015-04-04
2015-06-21 06:31:15,099 Starting Training from 2015-03-20 to 2015-04-04
2015-06-21 06:32:25,026 Starting Live from 2015-04-05 to 2015-04-10
2015-06-21 06:39:31,742 Starting Q Learning for : 
2015-06-21 06:39:31,742 alpha = 0.8
2015-06-21 06:39:31,742 gamma = 0.7
2015-06-21 06:39:31,742 individual factor = 8
2015-06-21 06:39:31,742 zero range = 0.002
2015-06-21 06:39:31,742 greedy level = 5
2015-06-21 06:39:31,742 

2015-06-21 06:39:38,703 Starting Training from 2014-12-17 to 2015-01-01
2015-06-21 06:49:35,292 Starting Live from 2015-01-02 to 2015-02-01
2015-06-21 07:14:08,852 Starting Training from 2015-01-17 to 2015-02-01
2015-06-21 07:15:27,280 Starting Live from 2015-02-02 to 2015-03-04
2015-06-21 07:40:28,098 Starting Training from 2015-02-17 to 2015-03-04
2015-06-21 07:42:11,059 Starting Live from 2015-03-05 to 2015-04-04
2015-06-21 08:07:30,940 Starting Training from 2015-03-20 to 2015-04-04
2015-06-21 08:08:40,520 Starting Live from 2015-04-05 to 2015-04-10
2015-06-21 08:15:20,769 Starting Q Learning for : 
2015-06-21 08:15:20,769 alpha = 0.8
2015-06-21 08:15:20,769 gamma = 0.8
2015-06-21 08:15:20,769 individual factor = 8
2015-06-21 08:15:20,769 zero range = 0.002
2015-06-21 08:15:20,769 greedy level = 5
2015-06-21 08:15:20,769 

2015-06-21 08:15:25,447 Starting Training from 2014-12-17 to 2015-01-01
2015-06-21 08:25:48,209 Starting Live from 2015-01-02 to 2015-02-01
2015-06-21 08:49:50,816 Starting Training from 2015-01-17 to 2015-02-01
2015-06-21 08:51:10,536 Starting Live from 2015-02-02 to 2015-03-04
2015-06-21 09:15:17,315 Starting Training from 2015-02-17 to 2015-03-04
2015-06-21 09:16:38,963 Starting Live from 2015-03-05 to 2015-04-04
2015-06-21 09:38:54,246 Starting Training from 2015-03-20 to 2015-04-04
2015-06-21 09:39:58,766 Starting Live from 2015-04-05 to 2015-04-10
