2015-06-20 10:55:25,723 Starting Q Learning for : 
2015-06-20 10:55:25,723 alpha = 0.2
2015-06-20 10:55:25,723 gamma = 0.4
2015-06-20 10:55:25,723 individual factor = 8
2015-06-20 10:55:25,723 zero range = 0.002
2015-06-20 10:55:25,723 greedy level = 5
2015-06-20 10:55:25,723 

2015-06-20 10:55:37,263 Starting Training from 2014-12-17 to 2015-01-01
2015-06-20 11:07:41,118 Starting Live from 2015-01-02 to 2015-02-01
2015-06-20 11:32:57,174 Starting Training from 2015-01-17 to 2015-02-01
2015-06-20 11:34:27,259 Starting Live from 2015-02-02 to 2015-03-04
2015-06-20 11:58:56,335 Starting Training from 2015-02-17 to 2015-03-04
2015-06-20 12:01:03,653 Starting Live from 2015-03-05 to 2015-04-04
2015-06-20 12:26:35,638 Starting Training from 2015-03-20 to 2015-04-04
2015-06-20 12:28:17,269 Starting Live from 2015-04-05 to 2015-04-10
2015-06-20 12:35:54,496 Starting Q Learning for : 
2015-06-20 12:35:54,496 alpha = 0.2
2015-06-20 12:35:54,496 gamma = 0.5
2015-06-20 12:35:54,496 individual factor = 8
2015-06-20 12:35:54,497 zero range = 0.002
2015-06-20 12:35:54,497 greedy level = 5
2015-06-20 12:35:54,497 

2015-06-20 12:35:59,526 Starting Training from 2014-12-17 to 2015-01-01
2015-06-20 12:47:23,533 Starting Live from 2015-01-02 to 2015-02-01
2015-06-20 13:13:21,061 Starting Training from 2015-01-17 to 2015-02-01
2015-06-20 13:14:55,059 Starting Live from 2015-02-02 to 2015-03-04
2015-06-20 13:39:08,338 Starting Training from 2015-02-17 to 2015-03-04
2015-06-20 13:41:23,381 Starting Live from 2015-03-05 to 2015-04-04
2015-06-20 14:07:08,188 Starting Training from 2015-03-20 to 2015-04-04
2015-06-20 14:09:06,576 Starting Live from 2015-04-05 to 2015-04-10
2015-06-20 14:17:14,026 Starting Q Learning for : 
2015-06-20 14:17:14,026 alpha = 0.2
2015-06-20 14:17:14,026 gamma = 0.6
2015-06-20 14:17:14,028 individual factor = 8
2015-06-20 14:17:14,028 zero range = 0.002
2015-06-20 14:17:14,028 greedy level = 5
2015-06-20 14:17:14,028 

2015-06-20 14:17:19,180 Starting Training from 2014-12-17 to 2015-01-01
2015-06-20 14:27:56,507 Starting Live from 2015-01-02 to 2015-02-01
2015-06-20 14:54:08,098 Starting Training from 2015-01-17 to 2015-02-01
2015-06-20 14:55:43,177 Starting Live from 2015-02-02 to 2015-03-04
2015-06-20 15:18:00,164 Starting Training from 2015-02-17 to 2015-03-04
2015-06-20 15:20:07,325 Starting Live from 2015-03-05 to 2015-04-04
2015-06-20 15:45:04,023 Starting Training from 2015-03-20 to 2015-04-04
2015-06-20 15:46:55,305 Starting Live from 2015-04-05 to 2015-04-10
2015-06-20 15:54:21,137 Starting Q Learning for : 
2015-06-20 15:54:21,137 alpha = 0.4
2015-06-20 15:54:21,137 gamma = 0.5
2015-06-20 15:54:21,137 individual factor = 8
2015-06-20 15:54:21,137 zero range = 0.002
2015-06-20 15:54:21,137 greedy level = 5
2015-06-20 15:54:21,137 

2015-06-20 15:54:25,411 Starting Training from 2014-12-17 to 2015-01-01
2015-06-20 16:05:13,176 Starting Live from 2015-01-02 to 2015-02-01
2015-06-20 16:29:16,707 Starting Training from 2015-01-17 to 2015-02-01
2015-06-20 16:30:40,657 Starting Live from 2015-02-02 to 2015-03-04
2015-06-20 16:53:38,835 Starting Training from 2015-02-17 to 2015-03-04
2015-06-20 16:55:20,131 Starting Live from 2015-03-05 to 2015-04-04
2015-06-20 17:20:13,542 Starting Training from 2015-03-20 to 2015-04-04
2015-06-20 17:21:45,490 Starting Live from 2015-04-05 to 2015-04-10
2015-06-20 17:29:12,990 Starting Q Learning for : 
2015-06-20 17:29:12,990 alpha = 0.4
2015-06-20 17:29:12,990 gamma = 0.6
2015-06-20 17:29:12,990 individual factor = 8
2015-06-20 17:29:12,990 zero range = 0.002
2015-06-20 17:29:12,990 greedy level = 5
2015-06-20 17:29:12,990 

2015-06-20 17:29:18,095 Starting Training from 2014-12-17 to 2015-01-01
2015-06-20 17:38:52,280 Starting Live from 2015-01-02 to 2015-02-01
2015-06-20 18:02:33,084 Starting Training from 2015-01-17 to 2015-02-01
2015-06-20 18:03:52,256 Starting Live from 2015-02-02 to 2015-03-04
2015-06-20 18:26:29,869 Starting Training from 2015-02-17 to 2015-03-04
2015-06-20 18:28:27,864 Starting Live from 2015-03-05 to 2015-04-04
2015-06-20 18:52:54,721 Starting Training from 2015-03-20 to 2015-04-04
2015-06-20 18:54:40,451 Starting Live from 2015-04-05 to 2015-04-10
2015-06-20 19:01:50,144 Starting Q Learning for : 
2015-06-20 19:01:50,144 alpha = 0.4
2015-06-20 19:01:50,144 gamma = 0.7
2015-06-20 19:01:50,144 individual factor = 8
2015-06-20 19:01:50,144 zero range = 0.002
2015-06-20 19:01:50,144 greedy level = 5
2015-06-20 19:01:50,144 

2015-06-20 19:01:55,290 Starting Training from 2014-12-17 to 2015-01-01
2015-06-20 19:11:45,924 Starting Live from 2015-01-02 to 2015-02-01
2015-06-20 19:32:12,306 Starting Training from 2015-01-17 to 2015-02-01
2015-06-20 19:33:53,553 Starting Live from 2015-02-02 to 2015-03-04
2015-06-20 19:47:44,469 Starting Training from 2015-02-17 to 2015-03-04
2015-06-20 19:51:05,900 Starting Live from 2015-03-05 to 2015-04-04
2015-06-20 20:07:14,855 Starting Training from 2015-03-20 to 2015-04-04
2015-06-20 20:09:49,328 Starting Live from 2015-04-05 to 2015-04-10
2015-06-20 20:14:59,147 Starting Q Learning for : 
2015-06-20 20:14:59,147 alpha = 0.8
2015-06-20 20:14:59,147 gamma = 0.1
2015-06-20 20:14:59,147 individual factor = 8
2015-06-20 20:14:59,147 zero range = 0.002
2015-06-20 20:14:59,147 greedy level = 5
2015-06-20 20:14:59,147 

2015-06-20 20:15:04,368 Starting Training from 2014-12-17 to 2015-01-01
2015-06-20 20:25:02,871 Starting Live from 2015-01-02 to 2015-02-01
2015-06-20 20:48:12,141 Starting Training from 2015-01-17 to 2015-02-01
2015-06-20 20:49:30,561 Starting Live from 2015-02-02 to 2015-03-04
2015-06-20 21:13:07,213 Starting Training from 2015-02-17 to 2015-03-04
2015-06-20 21:14:37,707 Starting Live from 2015-03-05 to 2015-04-04
2015-06-20 21:38:35,861 Starting Training from 2015-03-20 to 2015-04-04
2015-06-20 21:39:53,561 Starting Live from 2015-04-05 to 2015-04-10
2015-06-20 21:47:13,006 Starting Q Learning for : 
2015-06-20 21:47:13,007 alpha = 0.8
2015-06-20 21:47:13,007 gamma = 0.2
2015-06-20 21:47:13,007 individual factor = 8
2015-06-20 21:47:13,007 zero range = 0.002
2015-06-20 21:47:13,007 greedy level = 5
2015-06-20 21:47:13,007 

2015-06-20 21:47:21,283 Starting Training from 2014-12-17 to 2015-01-01
2015-06-20 21:56:53,069 Starting Live from 2015-01-02 to 2015-02-01
2015-06-20 22:20:54,760 Starting Training from 2015-01-17 to 2015-02-01
2015-06-20 22:22:17,184 Starting Live from 2015-02-02 to 2015-03-04
2015-06-20 22:45:12,641 Starting Training from 2015-02-17 to 2015-03-04
2015-06-20 22:47:03,252 Starting Live from 2015-03-05 to 2015-04-04
2015-06-20 23:11:45,809 Starting Training from 2015-03-20 to 2015-04-04
2015-06-20 23:13:29,019 Starting Live from 2015-04-05 to 2015-04-10
2015-06-20 23:20:07,368 Starting Q Learning for : 
2015-06-20 23:20:07,368 alpha = 0.8
2015-06-20 23:20:07,368 gamma = 0.3
2015-06-20 23:20:07,368 individual factor = 8
2015-06-20 23:20:07,368 zero range = 0.002
2015-06-20 23:20:07,368 greedy level = 5
2015-06-20 23:20:07,368 

2015-06-20 23:20:13,371 Starting Training from 2014-12-17 to 2015-01-01
2015-06-20 23:30:33,773 Starting Live from 2015-01-02 to 2015-02-01
2015-06-20 23:58:35,605 Starting Training from 2015-01-17 to 2015-02-01
2015-06-21 00:00:11,812 Starting Live from 2015-02-02 to 2015-03-04
2015-06-21 00:28:03,469 Starting Training from 2015-02-17 to 2015-03-04
2015-06-21 00:30:56,158 Starting Live from 2015-03-05 to 2015-04-04
2015-06-21 00:57:57,752 Starting Training from 2015-03-20 to 2015-04-04
2015-06-21 01:00:15,321 Starting Live from 2015-04-05 to 2015-04-10
