2015-06-24 00:53:46,128 Starting Q Learning for : 
2015-06-24 00:53:46,128 alpha = 0.6
2015-06-24 00:53:46,128 gamma = 0.1
2015-06-24 00:53:46,130 individual factor = 12
2015-06-24 00:53:46,130 zero range = 0.01
2015-06-24 00:53:46,130 greedy level = 10
2015-06-24 00:53:46,130 

2015-06-24 00:53:53,821 Starting Training from 2014-12-17 to 2015-01-01
2015-06-24 01:05:32,604 Starting Live from 2015-01-02 to 2015-02-01
2015-06-24 01:30:58,796 Starting Training from 2015-01-17 to 2015-02-01
2015-06-24 01:32:35,141 Starting Live from 2015-02-02 to 2015-03-04
2015-06-24 01:59:13,931 Starting Training from 2015-02-17 to 2015-03-04
2015-06-24 02:00:55,796 Starting Live from 2015-03-05 to 2015-04-04
2015-06-24 02:30:26,229 Starting Training from 2015-03-20 to 2015-04-04
2015-06-24 02:31:42,575 Starting Live from 2015-04-05 to 2015-04-10
2015-06-24 02:39:50,433 Starting Q Learning for : 
2015-06-24 02:39:50,433 alpha = 0.6
2015-06-24 02:39:50,433 gamma = 0.2
2015-06-24 02:39:50,433 individual factor = 12
2015-06-24 02:39:50,433 zero range = 0.01
2015-06-24 02:39:50,433 greedy level = 10
2015-06-24 02:39:50,433 

2015-06-24 02:39:55,005 Starting Training from 2014-12-17 to 2015-01-01
2015-06-24 02:52:20,318 Starting Live from 2015-01-02 to 2015-02-01
2015-06-24 03:18:08,226 Starting Training from 2015-01-17 to 2015-02-01
2015-06-24 03:19:40,358 Starting Live from 2015-02-02 to 2015-03-04
2015-06-24 03:45:14,138 Starting Training from 2015-02-17 to 2015-03-04
2015-06-24 03:46:39,098 Starting Live from 2015-03-05 to 2015-04-04
2015-06-24 04:16:58,851 Starting Training from 2015-03-20 to 2015-04-04
2015-06-24 04:18:09,710 Starting Live from 2015-04-05 to 2015-04-10
2015-06-24 04:26:27,757 Starting Q Learning for : 
2015-06-24 04:26:27,757 alpha = 0.6
2015-06-24 04:26:27,757 gamma = 0.3
2015-06-24 04:26:27,757 individual factor = 12
2015-06-24 04:26:27,757 zero range = 0.01
2015-06-24 04:26:27,757 greedy level = 10
2015-06-24 04:26:27,757 

2015-06-24 04:26:30,553 Starting Training from 2014-12-17 to 2015-01-01
2015-06-24 04:38:48,977 Starting Live from 2015-01-02 to 2015-02-01
2015-06-24 05:04:05,338 Starting Training from 2015-01-17 to 2015-02-01
2015-06-24 05:05:38,438 Starting Live from 2015-02-02 to 2015-03-04
2015-06-24 05:30:30,678 Starting Training from 2015-02-17 to 2015-03-04
2015-06-24 05:32:01,500 Starting Live from 2015-03-05 to 2015-04-04
2015-06-24 05:59:47,213 Starting Training from 2015-03-20 to 2015-04-04
2015-06-24 06:01:05,931 Starting Live from 2015-04-05 to 2015-04-10
2015-06-24 06:08:36,627 Starting Q Learning for : 
2015-06-24 06:08:36,627 alpha = 0.6
2015-06-24 06:08:36,627 gamma = 0.4
2015-06-24 06:08:36,627 individual factor = 12
2015-06-24 06:08:36,627 zero range = 0.01
2015-06-24 06:08:36,627 greedy level = 10
2015-06-24 06:08:36,627 

2015-06-24 06:08:39,311 Starting Training from 2014-12-17 to 2015-01-01
2015-06-24 06:20:57,005 Starting Live from 2015-01-02 to 2015-02-01
2015-06-24 06:47:04,085 Starting Training from 2015-01-17 to 2015-02-01
2015-06-24 06:48:39,789 Starting Live from 2015-02-02 to 2015-03-04
2015-06-24 07:14:04,368 Starting Training from 2015-02-17 to 2015-03-04
2015-06-24 07:15:28,220 Starting Live from 2015-03-05 to 2015-04-04
2015-06-24 07:43:30,232 Starting Training from 2015-03-20 to 2015-04-04
2015-06-24 07:45:02,244 Starting Live from 2015-04-05 to 2015-04-10
2015-06-24 07:52:56,855 Starting Q Learning for : 
2015-06-24 07:52:56,855 alpha = 0.6
2015-06-24 07:52:56,857 gamma = 0.5
2015-06-24 07:52:56,857 individual factor = 12
2015-06-24 07:52:56,857 zero range = 0.01
2015-06-24 07:52:56,857 greedy level = 10
2015-06-24 07:52:56,857 

2015-06-24 07:53:02,028 Starting Training from 2014-12-17 to 2015-01-01
2015-06-24 08:04:39,371 Starting Live from 2015-01-02 to 2015-02-01
2015-06-24 08:30:59,144 Starting Training from 2015-01-17 to 2015-02-01
2015-06-24 08:32:33,934 Starting Live from 2015-02-02 to 2015-03-04
2015-06-24 08:58:08,211 Starting Training from 2015-02-17 to 2015-03-04
2015-06-24 08:59:32,569 Starting Live from 2015-03-05 to 2015-04-04
2015-06-24 09:27:13,266 Starting Training from 2015-03-20 to 2015-04-04
2015-06-24 09:28:38,233 Starting Live from 2015-04-05 to 2015-04-10
2015-06-24 09:37:04,565 Starting Q Learning for : 
2015-06-24 09:37:04,565 alpha = 0.6
2015-06-24 09:37:04,565 gamma = 0.6
2015-06-24 09:37:04,565 individual factor = 12
2015-06-24 09:37:04,565 zero range = 0.01
2015-06-24 09:37:04,565 greedy level = 10
2015-06-24 09:37:04,565 

2015-06-24 09:37:11,015 Starting Training from 2014-12-17 to 2015-01-01
2015-06-24 09:48:34,565 Starting Live from 2015-01-02 to 2015-02-01
2015-06-24 10:15:06,803 Starting Training from 2015-01-17 to 2015-02-01
2015-06-24 10:16:39,127 Starting Live from 2015-02-02 to 2015-03-04
2015-06-24 10:41:58,586 Starting Training from 2015-02-17 to 2015-03-04
2015-06-24 10:43:23,174 Starting Live from 2015-03-05 to 2015-04-04
2015-06-24 11:11:13,023 Starting Training from 2015-03-20 to 2015-04-04
2015-06-24 11:12:25,575 Starting Live from 2015-04-05 to 2015-04-10
2015-06-24 11:21:06,346 Starting Q Learning for : 
2015-06-24 11:21:06,346 alpha = 0.6
2015-06-24 11:21:06,346 gamma = 0.7
2015-06-24 11:21:06,348 individual factor = 12
2015-06-24 11:21:06,348 zero range = 0.01
2015-06-24 11:21:06,348 greedy level = 10
2015-06-24 11:21:06,348 

2015-06-24 11:21:12,724 Starting Training from 2014-12-17 to 2015-01-01
2015-06-24 11:32:39,163 Starting Live from 2015-01-02 to 2015-02-01
2015-06-24 11:59:29,247 Starting Training from 2015-01-17 to 2015-02-01
2015-06-24 12:01:01,443 Starting Live from 2015-02-02 to 2015-03-04
2015-06-24 12:27:37,019 Starting Training from 2015-02-17 to 2015-03-04
2015-06-24 12:29:35,122 Starting Live from 2015-03-05 to 2015-04-04
2015-06-24 13:02:28,901 Starting Training from 2015-03-20 to 2015-04-04
2015-06-24 13:03:58,296 Starting Live from 2015-04-05 to 2015-04-10
2015-06-24 13:13:32,128 Starting Q Learning for : 
2015-06-24 13:13:32,128 alpha = 0.6
2015-06-24 13:13:32,128 gamma = 0.8
2015-06-24 13:13:32,128 individual factor = 12
2015-06-24 13:13:32,128 zero range = 0.01
2015-06-24 13:13:32,128 greedy level = 10
2015-06-24 13:13:32,128 

2015-06-24 13:13:37,377 Starting Training from 2014-12-17 to 2015-01-01
2015-06-24 13:27:15,556 Starting Live from 2015-01-02 to 2015-02-01
2015-06-24 13:56:37,144 Starting Training from 2015-01-17 to 2015-02-01
2015-06-24 13:58:25,622 Starting Live from 2015-02-02 to 2015-03-04
2015-06-24 14:27:03,829 Starting Training from 2015-02-17 to 2015-03-04
2015-06-24 14:28:52,063 Starting Live from 2015-03-05 to 2015-04-04
2015-06-24 15:02:18,407 Starting Training from 2015-03-20 to 2015-04-04
2015-06-24 15:03:49,434 Starting Live from 2015-04-05 to 2015-04-10
2015-06-24 15:13:17,210 Starting Q Learning for : 
2015-06-24 15:13:17,210 alpha = 0.8
2015-06-24 15:13:17,210 gamma = 0.1
2015-06-24 15:13:17,210 individual factor = 12
2015-06-24 15:13:17,210 zero range = 0.01
2015-06-24 15:13:17,210 greedy level = 10
2015-06-24 15:13:17,210 

2015-06-24 15:13:24,928 Starting Training from 2014-12-17 to 2015-01-01
2015-06-24 15:27:06,105 Starting Live from 2015-01-02 to 2015-02-01
2015-06-24 15:55:55,450 Starting Training from 2015-01-17 to 2015-02-01
2015-06-24 15:58:13,032 Starting Live from 2015-02-02 to 2015-03-04
2015-06-24 16:26:44,142 Starting Training from 2015-02-17 to 2015-03-04
2015-06-24 16:28:40,253 Starting Live from 2015-03-05 to 2015-04-04
2015-06-24 16:59:59,415 Starting Training from 2015-03-20 to 2015-04-04
2015-06-24 17:01:26,694 Starting Live from 2015-04-05 to 2015-04-10
2015-06-24 17:11:19,905 Starting Q Learning for : 
2015-06-24 17:11:19,905 alpha = 0.8
2015-06-24 17:11:19,907 gamma = 0.2
2015-06-24 17:11:19,907 individual factor = 12
2015-06-24 17:11:19,907 zero range = 0.01
2015-06-24 17:11:19,907 greedy level = 10
2015-06-24 17:11:19,907 

2015-06-24 17:11:25,651 Starting Training from 2014-12-17 to 2015-01-01
2015-06-24 17:24:20,460 Starting Live from 2015-01-02 to 2015-02-01
2015-06-24 17:53:56,588 Starting Training from 2015-01-17 to 2015-02-01
2015-06-24 17:55:42,954 Starting Live from 2015-02-02 to 2015-03-04
2015-06-24 18:23:40,520 Starting Training from 2015-02-17 to 2015-03-04
2015-06-24 18:25:15,756 Starting Live from 2015-03-05 to 2015-04-04
2015-06-24 18:56:59,596 Starting Training from 2015-03-20 to 2015-04-04
2015-06-24 18:58:30,596 Starting Live from 2015-04-05 to 2015-04-10
2015-06-24 19:07:15,207 Starting Q Learning for : 
2015-06-24 19:07:15,207 alpha = 0.8
2015-06-24 19:07:15,207 gamma = 0.3
2015-06-24 19:07:15,207 individual factor = 12
2015-06-24 19:07:15,207 zero range = 0.01
2015-06-24 19:07:15,209 greedy level = 10
2015-06-24 19:07:15,209 

2015-06-24 19:07:21,358 Starting Training from 2014-12-17 to 2015-01-01
2015-06-24 19:21:05,345 Starting Live from 2015-01-02 to 2015-02-01
2015-06-24 19:50:25,252 Starting Training from 2015-01-17 to 2015-02-01
2015-06-24 19:52:10,908 Starting Live from 2015-02-02 to 2015-03-04
2015-06-24 20:20:31,542 Starting Training from 2015-02-17 to 2015-03-04
2015-06-24 20:22:00,352 Starting Live from 2015-03-05 to 2015-04-04
2015-06-24 20:53:44,861 Starting Training from 2015-03-20 to 2015-04-04
2015-06-24 20:55:03,617 Starting Live from 2015-04-05 to 2015-04-10
2015-06-24 21:03:49,650 Starting Q Learning for : 
2015-06-24 21:03:49,650 alpha = 0.8
2015-06-24 21:03:49,650 gamma = 0.4
2015-06-24 21:03:49,650 individual factor = 12
2015-06-24 21:03:49,650 zero range = 0.01
2015-06-24 21:03:49,650 greedy level = 10
2015-06-24 21:03:49,650 

2015-06-24 21:03:55,417 Starting Training from 2014-12-17 to 2015-01-01
2015-06-24 21:17:54,703 Starting Live from 2015-01-02 to 2015-02-01
2015-06-24 21:45:40,911 Starting Training from 2015-01-17 to 2015-02-01
2015-06-24 21:47:16,013 Starting Live from 2015-02-02 to 2015-03-04
2015-06-24 22:16:05,194 Starting Training from 2015-02-17 to 2015-03-04
2015-06-24 22:17:30,203 Starting Live from 2015-03-05 to 2015-04-04
2015-06-24 22:48:29,319 Starting Training from 2015-03-20 to 2015-04-04
2015-06-24 22:49:50,391 Starting Live from 2015-04-05 to 2015-04-10
