2015-06-22 16:20:27,371 Starting Q Learning for : 
2015-06-22 16:20:27,371 alpha = 0.5
2015-06-22 16:20:27,371 gamma = 0.8
2015-06-22 16:20:27,371 individual factor = 12
2015-06-22 16:20:27,371 zero range = 0.006
2015-06-22 16:20:27,371 greedy level = 10
2015-06-22 16:20:27,371 

2015-06-22 16:20:30,250 Starting Training from 2014-12-17 to 2015-01-01
2015-06-22 16:33:08,523 Starting Live from 2015-01-02 to 2015-02-01
2015-06-22 17:01:05,361 Starting Training from 2015-01-17 to 2015-02-01
2015-06-22 17:02:39,727 Starting Live from 2015-02-02 to 2015-03-04
2015-06-22 17:29:36,924 Starting Training from 2015-02-17 to 2015-03-04
2015-06-22 17:31:24,542 Starting Live from 2015-03-05 to 2015-04-04
2015-06-22 18:01:20,342 Starting Training from 2015-03-20 to 2015-04-04
2015-06-22 18:02:36,832 Starting Live from 2015-04-05 to 2015-04-10
2015-06-22 18:10:58,611 Starting Q Learning for : 
2015-06-22 18:10:58,611 alpha = 0.6
2015-06-22 18:10:58,611 gamma = 0.1
2015-06-22 18:10:58,611 individual factor = 12
2015-06-22 18:10:58,611 zero range = 0.006
2015-06-22 18:10:58,611 greedy level = 10
2015-06-22 18:10:58,611 

2015-06-22 18:11:02,937 Starting Training from 2014-12-17 to 2015-01-01
2015-06-22 18:23:41,664 Starting Live from 2015-01-02 to 2015-02-01
2015-06-22 18:50:24,568 Starting Training from 2015-01-17 to 2015-02-01
2015-06-22 18:52:00,710 Starting Live from 2015-02-02 to 2015-03-04
2015-06-22 19:17:29,637 Starting Training from 2015-02-17 to 2015-03-04
2015-06-22 19:18:51,664 Starting Live from 2015-03-05 to 2015-04-04
2015-06-22 19:47:17,073 Starting Training from 2015-03-20 to 2015-04-04
2015-06-22 19:48:31,385 Starting Live from 2015-04-05 to 2015-04-10
2015-06-22 19:57:01,388 Starting Q Learning for : 
2015-06-22 19:57:01,388 alpha = 0.6
2015-06-22 19:57:01,388 gamma = 0.2
2015-06-22 19:57:01,388 individual factor = 12
2015-06-22 19:57:01,388 zero range = 0.006
2015-06-22 19:57:01,388 greedy level = 10
2015-06-22 19:57:01,388 

2015-06-22 19:57:07,798 Starting Training from 2014-12-17 to 2015-01-01
2015-06-22 20:10:03,187 Starting Live from 2015-01-02 to 2015-02-01
2015-06-22 20:37:52,894 Starting Training from 2015-01-17 to 2015-02-01
2015-06-22 20:39:25,217 Starting Live from 2015-02-02 to 2015-03-04
2015-06-22 21:06:32,572 Starting Training from 2015-02-17 to 2015-03-04
2015-06-22 21:08:11,977 Starting Live from 2015-03-05 to 2015-04-04
2015-06-22 21:36:57,157 Starting Training from 2015-03-20 to 2015-04-04
2015-06-22 21:38:13,934 Starting Live from 2015-04-05 to 2015-04-10
2015-06-22 21:46:20,575 Starting Q Learning for : 
2015-06-22 21:46:20,575 alpha = 0.6
2015-06-22 21:46:20,575 gamma = 0.3
2015-06-22 21:46:20,575 individual factor = 12
2015-06-22 21:46:20,575 zero range = 0.006
2015-06-22 21:46:20,575 greedy level = 10
2015-06-22 21:46:20,575 

2015-06-22 21:46:25,086 Starting Training from 2014-12-17 to 2015-01-01
2015-06-22 21:58:38,760 Starting Live from 2015-01-02 to 2015-02-01
2015-06-22 22:26:40,901 Starting Training from 2015-01-17 to 2015-02-01
2015-06-22 22:28:25,769 Starting Live from 2015-02-02 to 2015-03-04
2015-06-22 22:53:56,390 Starting Training from 2015-02-17 to 2015-03-04
2015-06-22 22:55:21,311 Starting Live from 2015-03-05 to 2015-04-04
2015-06-22 23:22:55,778 Starting Training from 2015-03-20 to 2015-04-04
2015-06-22 23:24:10,170 Starting Live from 2015-04-05 to 2015-04-10
2015-06-22 23:31:52,760 Starting Q Learning for : 
2015-06-22 23:31:52,760 alpha = 0.6
2015-06-22 23:31:52,760 gamma = 0.4
2015-06-22 23:31:52,760 individual factor = 12
2015-06-22 23:31:52,760 zero range = 0.006
2015-06-22 23:31:52,762 greedy level = 10
2015-06-22 23:31:52,762 

2015-06-22 23:31:56,562 Starting Training from 2014-12-17 to 2015-01-01
2015-06-22 23:44:06,234 Starting Live from 2015-01-02 to 2015-02-01
2015-06-23 00:10:04,477 Starting Training from 2015-01-17 to 2015-02-01
2015-06-23 00:11:38,884 Starting Live from 2015-02-02 to 2015-03-04
2015-06-23 00:37:47,217 Starting Training from 2015-02-17 to 2015-03-04
2015-06-23 00:39:16,390 Starting Live from 2015-03-05 to 2015-04-04
2015-06-23 01:07:18,775 Starting Training from 2015-03-20 to 2015-04-04
2015-06-23 01:08:32,457 Starting Live from 2015-04-05 to 2015-04-10
2015-06-23 01:16:25,293 Starting Q Learning for : 
2015-06-23 01:16:25,293 alpha = 0.6
2015-06-23 01:16:25,293 gamma = 0.5
2015-06-23 01:16:25,293 individual factor = 12
2015-06-23 01:16:25,293 zero range = 0.006
2015-06-23 01:16:25,293 greedy level = 10
2015-06-23 01:16:25,293 

2015-06-23 01:16:29,470 Starting Training from 2014-12-17 to 2015-01-01
2015-06-23 01:28:42,042 Starting Live from 2015-01-02 to 2015-02-01
2015-06-23 01:54:53,996 Starting Training from 2015-01-17 to 2015-02-01
2015-06-23 01:56:28,845 Starting Live from 2015-02-02 to 2015-03-04
2015-06-23 02:21:56,865 Starting Training from 2015-02-17 to 2015-03-04
2015-06-23 02:23:41,273 Starting Live from 2015-03-05 to 2015-04-04
2015-06-23 02:51:03,457 Starting Training from 2015-03-20 to 2015-04-04
2015-06-23 02:52:19,805 Starting Live from 2015-04-05 to 2015-04-10
2015-06-23 02:59:56,500 Starting Q Learning for : 
2015-06-23 02:59:56,500 alpha = 0.6
2015-06-23 02:59:56,500 gamma = 0.6
2015-06-23 02:59:56,500 individual factor = 12
2015-06-23 02:59:56,500 zero range = 0.006
2015-06-23 02:59:56,500 greedy level = 10
2015-06-23 02:59:56,500 

2015-06-23 02:59:59,601 Starting Training from 2014-12-17 to 2015-01-01
2015-06-23 03:12:30,332 Starting Live from 2015-01-02 to 2015-02-01
2015-06-23 03:38:46,543 Starting Training from 2015-01-17 to 2015-02-01
2015-06-23 03:40:22,279 Starting Live from 2015-02-02 to 2015-03-04
2015-06-23 04:05:53,418 Starting Training from 2015-02-17 to 2015-03-04
2015-06-23 04:07:23,332 Starting Live from 2015-03-05 to 2015-04-04
2015-06-23 04:35:55,232 Starting Training from 2015-03-20 to 2015-04-04
2015-06-23 04:37:12,724 Starting Live from 2015-04-05 to 2015-04-10
2015-06-23 04:45:14,056 Starting Q Learning for : 
2015-06-23 04:45:14,056 alpha = 0.4
2015-06-23 04:45:14,056 gamma = 0.6
2015-06-23 04:45:14,056 individual factor = 12
2015-06-23 04:45:14,056 zero range = 0.006
2015-06-23 04:45:14,056 greedy level = 10
2015-06-23 04:45:14,056 

2015-06-23 04:45:20,334 Starting Training from 2014-12-17 to 2015-01-01
2015-06-23 04:57:34,858 Starting Live from 2015-01-02 to 2015-02-01
2015-06-23 05:23:48,881 Starting Training from 2015-01-17 to 2015-02-01
2015-06-23 05:25:22,045 Starting Live from 2015-02-02 to 2015-03-04
2015-06-23 05:52:02,707 Starting Training from 2015-02-17 to 2015-03-04
2015-06-23 05:53:26,538 Starting Live from 2015-03-05 to 2015-04-04
2015-06-23 06:24:18,030 Starting Training from 2015-03-20 to 2015-04-04
2015-06-23 06:25:31,342 Starting Live from 2015-04-05 to 2015-04-10
2015-06-23 06:33:41,180 Starting Q Learning for : 
2015-06-23 06:33:41,180 alpha = 0.4
2015-06-23 06:33:41,180 gamma = 0.7
2015-06-23 06:33:41,180 individual factor = 12
2015-06-23 06:33:41,180 zero range = 0.006
2015-06-23 06:33:41,180 greedy level = 10
2015-06-23 06:33:41,180 

2015-06-23 06:33:47,032 Starting Training from 2014-12-17 to 2015-01-01
2015-06-23 06:46:13,476 Starting Live from 2015-01-02 to 2015-02-01
2015-06-23 07:12:22,845 Starting Training from 2015-01-17 to 2015-02-01
2015-06-23 07:13:58,345 Starting Live from 2015-02-02 to 2015-03-04
2015-06-23 07:40:31,088 Starting Training from 2015-02-17 to 2015-03-04
2015-06-23 07:42:24,683 Starting Live from 2015-03-05 to 2015-04-04
2015-06-23 08:12:07,819 Starting Training from 2015-03-20 to 2015-04-04
2015-06-23 08:13:25,089 Starting Live from 2015-04-05 to 2015-04-10
2015-06-23 08:21:28,403 Starting Q Learning for : 
2015-06-23 08:21:28,403 alpha = 0.4
2015-06-23 08:21:28,404 gamma = 0.8
2015-06-23 08:21:28,404 individual factor = 12
2015-06-23 08:21:28,404 zero range = 0.006
2015-06-23 08:21:28,404 greedy level = 10
2015-06-23 08:21:28,404 

2015-06-23 08:21:34,671 Starting Training from 2014-12-17 to 2015-01-01
2015-06-23 08:33:51,565 Starting Live from 2015-01-02 to 2015-02-01
2015-06-23 08:59:32,163 Starting Training from 2015-01-17 to 2015-02-01
2015-06-23 09:01:07,095 Starting Live from 2015-02-02 to 2015-03-04
2015-06-23 09:26:26,766 Starting Training from 2015-02-17 to 2015-03-04
2015-06-23 09:28:39,131 Starting Live from 2015-03-05 to 2015-04-04
2015-06-23 09:58:05,025 Starting Training from 2015-03-20 to 2015-04-04
2015-06-23 09:59:16,927 Starting Live from 2015-04-05 to 2015-04-10
2015-06-23 10:07:31,414 Starting Q Learning for : 
2015-06-23 10:07:31,414 alpha = 0.2
2015-06-23 10:07:31,414 gamma = 0.1
2015-06-23 10:07:31,414 individual factor = 12
2015-06-23 10:07:31,414 zero range = 0.006
2015-06-23 10:07:31,414 greedy level = 10
2015-06-23 10:07:31,414 

2015-06-23 10:07:36,782 Starting Training from 2014-12-17 to 2015-01-01
2015-06-23 10:19:49,118 Starting Live from 2015-01-02 to 2015-02-01
2015-06-23 10:45:32,628 Starting Training from 2015-01-17 to 2015-02-01
2015-06-23 10:47:05,387 Starting Live from 2015-02-02 to 2015-03-04
2015-06-23 11:11:40,201 Starting Training from 2015-02-17 to 2015-03-04
2015-06-23 11:13:14,094 Starting Live from 2015-03-05 to 2015-04-04
2015-06-23 11:41:10,973 Starting Training from 2015-03-20 to 2015-04-04
2015-06-23 11:42:27,433 Starting Live from 2015-04-05 to 2015-04-10
2015-06-23 11:50:02,420 Starting Q Learning for : 
2015-06-23 11:50:02,420 alpha = 0.2
2015-06-23 11:50:02,420 gamma = 0.2
2015-06-23 11:50:02,420 individual factor = 12
2015-06-23 11:50:02,420 zero range = 0.006
2015-06-23 11:50:02,420 greedy level = 10
2015-06-23 11:50:02,420 

2015-06-23 11:50:09,157 Starting Training from 2014-12-17 to 2015-01-01
2015-06-23 12:02:27,566 Starting Live from 2015-01-02 to 2015-02-01
2015-06-23 12:30:26,150 Starting Training from 2015-01-17 to 2015-02-01
2015-06-23 12:32:11,211 Starting Live from 2015-02-02 to 2015-03-04
2015-06-23 12:59:45,269 Starting Training from 2015-02-17 to 2015-03-04
2015-06-23 13:01:26,489 Starting Live from 2015-03-05 to 2015-04-04
2015-06-23 13:32:23,144 Starting Training from 2015-03-20 to 2015-04-04
2015-06-23 13:33:45,917 Starting Live from 2015-04-05 to 2015-04-10
2015-06-23 13:42:12,266 Starting Q Learning for : 
2015-06-23 13:42:12,266 alpha = 0.2
2015-06-23 13:42:12,266 gamma = 0.3
2015-06-23 13:42:12,266 individual factor = 12
2015-06-23 13:42:12,266 zero range = 0.006
2015-06-23 13:42:12,266 greedy level = 10
2015-06-23 13:42:12,266 

2015-06-23 13:42:18,440 Starting Training from 2014-12-17 to 2015-01-01
2015-06-23 13:55:46,917 Starting Live from 2015-01-02 to 2015-02-01
2015-06-23 14:25:11,835 Starting Training from 2015-01-17 to 2015-02-01
2015-06-23 14:27:00,450 Starting Live from 2015-02-02 to 2015-03-04
2015-06-23 14:56:23,654 Starting Training from 2015-02-17 to 2015-03-04
2015-06-23 14:57:52,710 Starting Live from 2015-03-05 to 2015-04-04
2015-06-23 15:28:43,045 Starting Training from 2015-03-20 to 2015-04-04
2015-06-23 15:30:05,010 Starting Live from 2015-04-05 to 2015-04-10
2015-06-23 15:39:54,538 Starting Q Learning for : 
2015-06-23 15:39:54,539 alpha = 0.2
2015-06-23 15:39:54,539 gamma = 0.4
2015-06-23 15:39:54,539 individual factor = 12
2015-06-23 15:39:54,539 zero range = 0.006
2015-06-23 15:39:54,539 greedy level = 10
2015-06-23 15:39:54,539 

2015-06-23 15:40:00,713 Starting Training from 2014-12-17 to 2015-01-01
2015-06-23 15:52:56,802 Starting Live from 2015-01-02 to 2015-02-01
2015-06-23 16:22:22,707 Starting Training from 2015-01-17 to 2015-02-01
2015-06-23 16:24:17,872 Starting Live from 2015-02-02 to 2015-03-04
2015-06-23 16:51:48,440 Starting Training from 2015-02-17 to 2015-03-04
2015-06-23 16:53:38,177 Starting Live from 2015-03-05 to 2015-04-04
2015-06-23 17:24:09,424 Starting Training from 2015-03-20 to 2015-04-04
2015-06-23 17:25:26,563 Starting Live from 2015-04-05 to 2015-04-10
2015-06-23 17:35:06,657 Starting Q Learning for : 
2015-06-23 17:35:06,657 alpha = 0.5
2015-06-23 17:35:06,658 gamma = 0.3
2015-06-23 17:35:06,658 individual factor = 12
2015-06-23 17:35:06,658 zero range = 0.01
2015-06-23 17:35:06,658 greedy level = 10
2015-06-23 17:35:06,658 

2015-06-23 17:35:13,056 Starting Training from 2014-12-17 to 2015-01-01
2015-06-23 17:47:56,447 Starting Live from 2015-01-02 to 2015-02-01
2015-06-23 18:17:46,927 Starting Training from 2015-01-17 to 2015-02-01
2015-06-23 18:19:29,243 Starting Live from 2015-02-02 to 2015-03-04
2015-06-23 18:47:48,931 Starting Training from 2015-02-17 to 2015-03-04
2015-06-23 18:49:22,066 Starting Live from 2015-03-05 to 2015-04-04
2015-06-23 19:21:23,115 Starting Training from 2015-03-20 to 2015-04-04
2015-06-23 19:22:43,680 Starting Live from 2015-04-05 to 2015-04-10
2015-06-23 19:31:09,956 Starting Q Learning for : 
2015-06-23 19:31:09,957 alpha = 0.5
2015-06-23 19:31:09,957 gamma = 0.4
2015-06-23 19:31:09,957 individual factor = 12
2015-06-23 19:31:09,957 zero range = 0.01
2015-06-23 19:31:09,957 greedy level = 10
2015-06-23 19:31:09,957 

2015-06-23 19:31:15,144 Starting Training from 2014-12-17 to 2015-01-01
2015-06-23 19:44:51,424 Starting Live from 2015-01-02 to 2015-02-01
2015-06-23 20:13:05,828 Starting Training from 2015-01-17 to 2015-02-01
2015-06-23 20:14:48,742 Starting Live from 2015-02-02 to 2015-03-04
2015-06-23 20:42:50,638 Starting Training from 2015-02-17 to 2015-03-04
2015-06-23 20:44:22,187 Starting Live from 2015-03-05 to 2015-04-04
2015-06-23 21:17:02,319 Starting Training from 2015-03-20 to 2015-04-04
2015-06-23 21:18:29,242 Starting Live from 2015-04-05 to 2015-04-10
2015-06-23 21:27:27,286 Starting Q Learning for : 
2015-06-23 21:27:27,286 alpha = 0.5
2015-06-23 21:27:27,286 gamma = 0.5
2015-06-23 21:27:27,286 individual factor = 12
2015-06-23 21:27:27,286 zero range = 0.01
2015-06-23 21:27:27,286 greedy level = 10
2015-06-23 21:27:27,286 

2015-06-23 21:27:32,701 Starting Training from 2014-12-17 to 2015-01-01
2015-06-23 21:41:50,530 Starting Live from 2015-01-02 to 2015-02-01
2015-06-23 22:12:42,611 Starting Training from 2015-01-17 to 2015-02-01
2015-06-23 22:15:05,941 Starting Live from 2015-02-02 to 2015-03-04
2015-06-23 22:44:44,437 Starting Training from 2015-02-17 to 2015-03-04
2015-06-23 22:46:15,239 Starting Live from 2015-03-05 to 2015-04-04
