2015-06-22 16:20:27,371 Starting Q Learning for : 
2015-06-22 16:20:27,371 alpha = 0.6
2015-06-22 16:20:27,371 gamma = 0.7
2015-06-22 16:20:27,371 individual factor = 12
2015-06-22 16:20:27,371 zero range = 0.006
2015-06-22 16:20:27,371 greedy level = 10
2015-06-22 16:20:27,371 

2015-06-22 16:20:30,104 Starting Training from 2014-12-17 to 2015-01-01
2015-06-22 16:33:07,497 Starting Live from 2015-01-02 to 2015-02-01
2015-06-22 17:01:36,263 Starting Training from 2015-01-17 to 2015-02-01
2015-06-22 17:03:12,921 Starting Live from 2015-02-02 to 2015-03-04
2015-06-22 17:31:01,480 Starting Training from 2015-02-17 to 2015-03-04
2015-06-22 17:32:24,255 Starting Live from 2015-03-05 to 2015-04-04
2015-06-22 18:02:45,918 Starting Training from 2015-03-20 to 2015-04-04
2015-06-22 18:04:06,960 Starting Live from 2015-04-05 to 2015-04-10
2015-06-22 18:12:27,190 Starting Q Learning for : 
2015-06-22 18:12:27,190 alpha = 0.6
2015-06-22 18:12:27,190 gamma = 0.8
2015-06-22 18:12:27,190 individual factor = 12
2015-06-22 18:12:27,191 zero range = 0.006
2015-06-22 18:12:27,191 greedy level = 10
2015-06-22 18:12:27,191 

2015-06-22 18:12:33,085 Starting Training from 2014-12-17 to 2015-01-01
2015-06-22 18:25:16,040 Starting Live from 2015-01-02 to 2015-02-01
2015-06-22 18:52:22,980 Starting Training from 2015-01-17 to 2015-02-01
2015-06-22 18:54:00,644 Starting Live from 2015-02-02 to 2015-03-04
2015-06-22 19:21:12,719 Starting Training from 2015-02-17 to 2015-03-04
2015-06-22 19:22:53,507 Starting Live from 2015-03-05 to 2015-04-04
2015-06-22 19:52:44,086 Starting Training from 2015-03-20 to 2015-04-04
2015-06-22 19:53:58,094 Starting Live from 2015-04-05 to 2015-04-10
2015-06-22 20:04:51,017 Starting Q Learning for : 
2015-06-22 20:04:51,017 alpha = 0.4
2015-06-22 20:04:51,017 gamma = 0.1
2015-06-22 20:04:51,017 individual factor = 12
2015-06-22 20:04:51,017 zero range = 0.006
2015-06-22 20:04:51,017 greedy level = 10
2015-06-22 20:04:51,017 

2015-06-22 20:04:54,858 Starting Training from 2014-12-17 to 2015-01-01
2015-06-22 20:16:39,723 Starting Live from 2015-01-02 to 2015-02-01
2015-06-22 20:44:55,174 Starting Training from 2015-01-17 to 2015-02-01
2015-06-22 20:46:45,460 Starting Live from 2015-02-02 to 2015-03-04
2015-06-22 21:13:27,361 Starting Training from 2015-02-17 to 2015-03-04
2015-06-22 21:14:52,088 Starting Live from 2015-03-05 to 2015-04-04
2015-06-22 21:44:13,315 Starting Training from 2015-03-20 to 2015-04-04
2015-06-22 21:45:31,253 Starting Live from 2015-04-05 to 2015-04-10
2015-06-22 21:54:25,470 Starting Q Learning for : 
2015-06-22 21:54:25,470 alpha = 0.4
2015-06-22 21:54:25,470 gamma = 0.2
2015-06-22 21:54:25,470 individual factor = 12
2015-06-22 21:54:25,470 zero range = 0.006
2015-06-22 21:54:25,470 greedy level = 10
2015-06-22 21:54:25,470 

2015-06-22 21:54:28,335 Starting Training from 2014-12-17 to 2015-01-01
2015-06-22 22:06:04,042 Starting Live from 2015-01-02 to 2015-02-01
2015-06-22 22:35:16,726 Starting Training from 2015-01-17 to 2015-02-01
2015-06-22 22:36:50,773 Starting Live from 2015-02-02 to 2015-03-04
2015-06-22 23:02:23,858 Starting Training from 2015-02-17 to 2015-03-04
2015-06-22 23:03:52,621 Starting Live from 2015-03-05 to 2015-04-04
2015-06-22 23:32:15,997 Starting Training from 2015-03-20 to 2015-04-04
2015-06-22 23:33:54,121 Starting Live from 2015-04-05 to 2015-04-10
2015-06-22 23:42:00,325 Starting Q Learning for : 
2015-06-22 23:42:00,325 alpha = 0.4
2015-06-22 23:42:00,326 gamma = 0.3
2015-06-22 23:42:00,326 individual factor = 12
2015-06-22 23:42:00,326 zero range = 0.006
2015-06-22 23:42:00,326 greedy level = 10
2015-06-22 23:42:00,326 

2015-06-22 23:42:01,839 Starting Training from 2014-12-17 to 2015-01-01
2015-06-22 23:53:59,401 Starting Live from 2015-01-02 to 2015-02-01
2015-06-23 00:20:32,698 Starting Training from 2015-01-17 to 2015-02-01
2015-06-23 00:22:06,740 Starting Live from 2015-02-02 to 2015-03-04
2015-06-23 00:48:07,066 Starting Training from 2015-02-17 to 2015-03-04
2015-06-23 00:49:30,707 Starting Live from 2015-03-05 to 2015-04-04
2015-06-23 01:18:55,835 Starting Training from 2015-03-20 to 2015-04-04
2015-06-23 01:20:26,733 Starting Live from 2015-04-05 to 2015-04-10
2015-06-23 01:28:37,548 Starting Q Learning for : 
2015-06-23 01:28:37,548 alpha = 0.4
2015-06-23 01:28:37,548 gamma = 0.4
2015-06-23 01:28:37,548 individual factor = 12
2015-06-23 01:28:37,548 zero range = 0.006
2015-06-23 01:28:37,548 greedy level = 10
2015-06-23 01:28:37,548 

2015-06-23 01:28:42,663 Starting Training from 2014-12-17 to 2015-01-01
2015-06-23 01:40:59,653 Starting Live from 2015-01-02 to 2015-02-01
2015-06-23 02:07:27,459 Starting Training from 2015-01-17 to 2015-02-01
2015-06-23 02:09:01,342 Starting Live from 2015-02-02 to 2015-03-04
2015-06-23 02:34:48,588 Starting Training from 2015-02-17 to 2015-03-04
2015-06-23 02:36:10,788 Starting Live from 2015-03-05 to 2015-04-04
2015-06-23 03:04:53,772 Starting Training from 2015-03-20 to 2015-04-04
2015-06-23 03:06:28,282 Starting Live from 2015-04-05 to 2015-04-10
2015-06-23 03:14:55,134 Starting Q Learning for : 
2015-06-23 03:14:55,134 alpha = 0.4
2015-06-23 03:14:55,134 gamma = 0.5
2015-06-23 03:14:55,134 individual factor = 12
2015-06-23 03:14:55,134 zero range = 0.006
2015-06-23 03:14:55,134 greedy level = 10
2015-06-23 03:14:55,134 

2015-06-23 03:15:00,869 Starting Training from 2014-12-17 to 2015-01-01
2015-06-23 03:27:18,819 Starting Live from 2015-01-02 to 2015-02-01
2015-06-23 03:53:56,273 Starting Training from 2015-01-17 to 2015-02-01
2015-06-23 03:55:18,190 Starting Live from 2015-02-02 to 2015-03-04
2015-06-23 04:20:51,588 Starting Training from 2015-02-17 to 2015-03-04
2015-06-23 04:22:14,086 Starting Live from 2015-03-05 to 2015-04-04
2015-06-23 04:50:39,142 Starting Training from 2015-03-20 to 2015-04-04
2015-06-23 04:52:15,549 Starting Live from 2015-04-05 to 2015-04-10
2015-06-23 05:00:29,105 Starting Q Learning for : 
2015-06-23 05:00:29,105 alpha = 0.8
2015-06-23 05:00:29,105 gamma = 0.4
2015-06-23 05:00:29,105 individual factor = 12
2015-06-23 05:00:29,105 zero range = 0.006
2015-06-23 05:00:29,105 greedy level = 10
2015-06-23 05:00:29,105 

2015-06-23 05:00:34,167 Starting Training from 2014-12-17 to 2015-01-01
2015-06-23 05:12:22,861 Starting Live from 2015-01-02 to 2015-02-01
2015-06-23 05:38:59,845 Starting Training from 2015-01-17 to 2015-02-01
2015-06-23 05:40:34,072 Starting Live from 2015-02-02 to 2015-03-04
2015-06-23 06:06:22,713 Starting Training from 2015-02-17 to 2015-03-04
2015-06-23 06:07:44,663 Starting Live from 2015-03-05 to 2015-04-04
2015-06-23 06:36:12,818 Starting Training from 2015-03-20 to 2015-04-04
2015-06-23 06:37:59,703 Starting Live from 2015-04-05 to 2015-04-10
2015-06-23 06:46:18,151 Starting Q Learning for : 
2015-06-23 06:46:18,151 alpha = 0.8
2015-06-23 06:46:18,151 gamma = 0.5
2015-06-23 06:46:18,151 individual factor = 12
2015-06-23 06:46:18,151 zero range = 0.006
2015-06-23 06:46:18,151 greedy level = 10
2015-06-23 06:46:18,151 

2015-06-23 06:46:24,194 Starting Training from 2014-12-17 to 2015-01-01
2015-06-23 06:57:56,020 Starting Live from 2015-01-02 to 2015-02-01
2015-06-23 07:24:46,632 Starting Training from 2015-01-17 to 2015-02-01
2015-06-23 07:26:20,637 Starting Live from 2015-02-02 to 2015-03-04
2015-06-23 07:51:41,946 Starting Training from 2015-02-17 to 2015-03-04
2015-06-23 07:53:04,391 Starting Live from 2015-03-05 to 2015-04-04
2015-06-23 08:21:40,924 Starting Training from 2015-03-20 to 2015-04-04
2015-06-23 08:23:02,849 Starting Live from 2015-04-05 to 2015-04-10
2015-06-23 08:31:30,168 Starting Q Learning for : 
2015-06-23 08:31:30,168 alpha = 0.8
2015-06-23 08:31:30,168 gamma = 0.6
2015-06-23 08:31:30,168 individual factor = 12
2015-06-23 08:31:30,170 zero range = 0.006
2015-06-23 08:31:30,170 greedy level = 10
2015-06-23 08:31:30,170 

2015-06-23 08:31:35,144 Starting Training from 2014-12-17 to 2015-01-01
2015-06-23 08:43:06,453 Starting Live from 2015-01-02 to 2015-02-01
2015-06-23 09:09:57,305 Starting Training from 2015-01-17 to 2015-02-01
2015-06-23 09:11:33,427 Starting Live from 2015-02-02 to 2015-03-04
2015-06-23 09:37:40,618 Starting Training from 2015-02-17 to 2015-03-04
2015-06-23 09:39:00,875 Starting Live from 2015-03-05 to 2015-04-04
2015-06-23 10:07:36,789 Starting Training from 2015-03-20 to 2015-04-04
2015-06-23 10:08:50,987 Starting Live from 2015-04-05 to 2015-04-10
2015-06-23 10:17:48,890 Starting Q Learning for : 
2015-06-23 10:17:48,890 alpha = 0.8
2015-06-23 10:17:48,890 gamma = 0.7
2015-06-23 10:17:48,890 individual factor = 12
2015-06-23 10:17:48,890 zero range = 0.006
2015-06-23 10:17:48,890 greedy level = 10
2015-06-23 10:17:48,890 

2015-06-23 10:17:53,901 Starting Training from 2014-12-17 to 2015-01-01
2015-06-23 10:29:20,319 Starting Live from 2015-01-02 to 2015-02-01
2015-06-23 10:56:19,941 Starting Training from 2015-01-17 to 2015-02-01
2015-06-23 10:57:50,976 Starting Live from 2015-02-02 to 2015-03-04
2015-06-23 11:23:19,003 Starting Training from 2015-02-17 to 2015-03-04
2015-06-23 11:24:42,802 Starting Live from 2015-03-05 to 2015-04-04
2015-06-23 11:52:35,743 Starting Training from 2015-03-20 to 2015-04-04
2015-06-23 11:53:47,683 Starting Live from 2015-04-05 to 2015-04-10
2015-06-23 12:02:22,891 Starting Q Learning for : 
2015-06-23 12:02:22,891 alpha = 0.8
2015-06-23 12:02:22,891 gamma = 0.8
2015-06-23 12:02:22,891 individual factor = 12
2015-06-23 12:02:22,891 zero range = 0.006
2015-06-23 12:02:22,891 greedy level = 10
2015-06-23 12:02:22,891 

2015-06-23 12:02:29,051 Starting Training from 2014-12-17 to 2015-01-01
2015-06-23 12:14:16,480 Starting Live from 2015-01-02 to 2015-02-01
2015-06-23 12:43:45,381 Starting Training from 2015-01-17 to 2015-02-01
2015-06-23 12:45:22,951 Starting Live from 2015-02-02 to 2015-03-04
2015-06-23 13:13:16,553 Starting Training from 2015-02-17 to 2015-03-04
2015-06-23 13:14:50,325 Starting Live from 2015-03-05 to 2015-04-04
2015-06-23 13:47:01,907 Starting Training from 2015-03-20 to 2015-04-04
2015-06-23 13:48:41,292 Starting Live from 2015-04-05 to 2015-04-10
2015-06-23 13:57:33,295 Starting Q Learning for : 
2015-06-23 13:57:33,296 alpha = 0.5
2015-06-23 13:57:33,296 gamma = 0.1
2015-06-23 13:57:33,296 individual factor = 12
2015-06-23 13:57:33,296 zero range = 0.01
2015-06-23 13:57:33,296 greedy level = 10
2015-06-23 13:57:33,296 

2015-06-23 13:57:40,141 Starting Training from 2014-12-17 to 2015-01-01
2015-06-23 14:11:07,092 Starting Live from 2015-01-02 to 2015-02-01
2015-06-23 14:40:46,595 Starting Training from 2015-01-17 to 2015-02-01
2015-06-23 14:42:27,466 Starting Live from 2015-02-02 to 2015-03-04
2015-06-23 15:10:07,542 Starting Training from 2015-02-17 to 2015-03-04
2015-06-23 15:11:46,398 Starting Live from 2015-03-05 to 2015-04-04
2015-06-23 15:42:52,111 Starting Training from 2015-03-20 to 2015-04-04
2015-06-23 15:44:13,101 Starting Live from 2015-04-05 to 2015-04-10
2015-06-23 15:52:59,171 Starting Q Learning for : 
2015-06-23 15:52:59,171 alpha = 0.5
2015-06-23 15:52:59,171 gamma = 0.2
2015-06-23 15:52:59,171 individual factor = 12
2015-06-23 15:52:59,171 zero range = 0.01
2015-06-23 15:52:59,171 greedy level = 10
2015-06-23 15:52:59,173 

2015-06-23 15:53:04,934 Starting Training from 2014-12-17 to 2015-01-01
2015-06-23 16:06:47,526 Starting Live from 2015-01-02 to 2015-02-01
2015-06-23 16:35:55,200 Starting Training from 2015-01-17 to 2015-02-01
2015-06-23 16:37:35,631 Starting Live from 2015-02-02 to 2015-03-04
2015-06-23 17:06:00,417 Starting Training from 2015-02-17 to 2015-03-04
2015-06-23 17:07:52,999 Starting Live from 2015-03-05 to 2015-04-04
2015-06-23 17:38:44,895 Starting Training from 2015-03-20 to 2015-04-04
2015-06-23 17:40:07,500 Starting Live from 2015-04-05 to 2015-04-10
2015-06-23 17:49:31,526 Starting Q Learning for : 
2015-06-23 17:49:31,526 alpha = 0.4
2015-06-23 17:49:31,526 gamma = 0.1
2015-06-23 17:49:31,526 individual factor = 12
2015-06-23 17:49:31,526 zero range = 0.01
2015-06-23 17:49:31,526 greedy level = 10
2015-06-23 17:49:31,526 

2015-06-23 17:49:39,278 Starting Training from 2014-12-17 to 2015-01-01
2015-06-23 18:03:09,273 Starting Live from 2015-01-02 to 2015-02-01
2015-06-23 18:32:38,660 Starting Training from 2015-01-17 to 2015-02-01
2015-06-23 18:34:44,243 Starting Live from 2015-02-02 to 2015-03-04
2015-06-23 19:03:13,986 Starting Training from 2015-02-17 to 2015-03-04
2015-06-23 19:04:45,627 Starting Live from 2015-03-05 to 2015-04-04
2015-06-23 19:36:00,653 Starting Training from 2015-03-20 to 2015-04-04
2015-06-23 19:37:32,417 Starting Live from 2015-04-05 to 2015-04-10
2015-06-23 19:46:51,500 Starting Q Learning for : 
2015-06-23 19:46:51,502 alpha = 0.4
2015-06-23 19:46:51,502 gamma = 0.2
2015-06-23 19:46:51,502 individual factor = 12
2015-06-23 19:46:51,502 zero range = 0.01
2015-06-23 19:46:51,502 greedy level = 10
2015-06-23 19:46:51,502 

2015-06-23 19:46:56,374 Starting Training from 2014-12-17 to 2015-01-01
2015-06-23 19:59:35,114 Starting Live from 2015-01-02 to 2015-02-01
2015-06-23 20:29:22,275 Starting Training from 2015-01-17 to 2015-02-01
2015-06-23 20:31:13,615 Starting Live from 2015-02-02 to 2015-03-04
2015-06-23 20:59:37,312 Starting Training from 2015-02-17 to 2015-03-04
2015-06-23 21:01:11,104 Starting Live from 2015-03-05 to 2015-04-04
2015-06-23 21:34:26,653 Starting Training from 2015-03-20 to 2015-04-04
2015-06-23 21:35:55,482 Starting Live from 2015-04-05 to 2015-04-10
2015-06-23 21:45:13,457 Starting Q Learning for : 
2015-06-23 21:45:13,457 alpha = 0.4
2015-06-23 21:45:13,457 gamma = 0.3
2015-06-23 21:45:13,457 individual factor = 12
2015-06-23 21:45:13,457 zero range = 0.01
2015-06-23 21:45:13,457 greedy level = 10
2015-06-23 21:45:13,457 

2015-06-23 21:45:19,697 Starting Training from 2014-12-17 to 2015-01-01
2015-06-23 21:59:25,910 Starting Live from 2015-01-02 to 2015-02-01
2015-06-23 22:30:14,002 Starting Training from 2015-01-17 to 2015-02-01
2015-06-23 22:31:55,232 Starting Live from 2015-02-02 to 2015-03-04
2015-06-23 23:01:12,385 Starting Training from 2015-02-17 to 2015-03-04
2015-06-23 23:02:48,638 Starting Live from 2015-03-05 to 2015-04-04
