2015-06-24 01:38:17,589 Starting Q Learning for : 
2015-06-24 01:38:17,589 alpha = 0.5
2015-06-24 01:38:17,589 gamma = 0.1
2015-06-24 01:38:17,589 individual factor = 12
2015-06-24 01:38:17,589 zero range = 0.01
2015-06-24 01:38:17,591 greedy level = 10
2015-06-24 01:38:17,591 

2015-06-24 01:38:27,450 Starting Training from 2014-12-17 to 2015-01-01
2015-06-24 01:50:44,323 Starting Live from 2015-01-02 to 2015-02-01
2015-06-24 02:18:40,816 Starting Training from 2015-01-17 to 2015-02-01
2015-06-24 02:20:06,061 Starting Live from 2015-02-02 to 2015-03-04
2015-06-24 02:48:47,680 Starting Training from 2015-02-17 to 2015-03-04
2015-06-24 02:51:45,927 Starting Live from 2015-03-05 to 2015-04-04
2015-06-24 03:19:54,607 Starting Training from 2015-03-20 to 2015-04-04
2015-06-24 03:21:38,145 Starting Live from 2015-04-05 to 2015-04-10
2015-06-24 03:25:11,776 Starting Q Learning for : 
2015-06-24 03:25:11,776 alpha = 0.5
2015-06-24 03:25:11,776 gamma = 0.2
2015-06-24 03:25:11,776 individual factor = 12
2015-06-24 03:25:11,776 zero range = 0.01
2015-06-24 03:25:11,776 greedy level = 10
2015-06-24 03:25:11,776 

2015-06-24 03:25:16,701 Starting Training from 2014-12-17 to 2015-01-01
2015-06-24 03:37:02,808 Starting Live from 2015-01-02 to 2015-02-01
2015-06-24 04:03:03,848 Starting Training from 2015-01-17 to 2015-02-01
2015-06-24 04:04:29,437 Starting Live from 2015-02-02 to 2015-03-04
2015-06-24 04:30:19,207 Starting Training from 2015-02-17 to 2015-03-04
2015-06-24 04:33:59,530 Starting Live from 2015-03-05 to 2015-04-04
2015-06-24 05:02:16,273 Starting Training from 2015-03-20 to 2015-04-04
2015-06-24 05:04:16,953 Starting Live from 2015-04-05 to 2015-04-10
2015-06-24 05:07:45,575 Starting Q Learning for : 
2015-06-24 05:07:45,575 alpha = 0.5
2015-06-24 05:07:45,575 gamma = 0.3
2015-06-24 05:07:45,575 individual factor = 12
2015-06-24 05:07:45,575 zero range = 0.01
2015-06-24 05:07:45,575 greedy level = 10
2015-06-24 05:07:45,575 

2015-06-24 05:07:52,780 Starting Training from 2014-12-17 to 2015-01-01
2015-06-24 05:19:38,246 Starting Live from 2015-01-02 to 2015-02-01
2015-06-24 05:46:38,378 Starting Training from 2015-01-17 to 2015-02-01
2015-06-24 05:48:03,226 Starting Live from 2015-02-02 to 2015-03-04
2015-06-24 06:18:09,190 Starting Training from 2015-02-17 to 2015-03-04
2015-06-24 06:21:38,871 Starting Live from 2015-03-05 to 2015-04-04
2015-06-24 06:52:48,459 Starting Training from 2015-03-20 to 2015-04-04
2015-06-24 06:54:33,776 Starting Live from 2015-04-05 to 2015-04-10
2015-06-24 07:00:16,328 Starting Q Learning for : 
2015-06-24 07:00:16,328 alpha = 0.5
2015-06-24 07:00:16,328 gamma = 0.4
2015-06-24 07:00:16,328 individual factor = 12
2015-06-24 07:00:16,328 zero range = 0.01
2015-06-24 07:00:16,328 greedy level = 10
2015-06-24 07:00:16,328 

2015-06-24 07:00:22,861 Starting Training from 2014-12-17 to 2015-01-01
2015-06-24 07:11:57,132 Starting Live from 2015-01-02 to 2015-02-01
2015-06-24 07:39:25,795 Starting Training from 2015-01-17 to 2015-02-01
2015-06-24 07:40:55,555 Starting Live from 2015-02-02 to 2015-03-04
2015-06-24 08:10:18,805 Starting Training from 2015-02-17 to 2015-03-04
2015-06-24 08:12:23,678 Starting Live from 2015-03-05 to 2015-04-04
2015-06-24 08:43:15,229 Starting Training from 2015-03-20 to 2015-04-04
2015-06-24 08:44:52,444 Starting Live from 2015-04-05 to 2015-04-10
2015-06-24 08:50:36,407 Starting Q Learning for : 
2015-06-24 08:50:36,407 alpha = 0.5
2015-06-24 08:50:36,407 gamma = 0.5
2015-06-24 08:50:36,407 individual factor = 12
2015-06-24 08:50:36,407 zero range = 0.01
2015-06-24 08:50:36,407 greedy level = 10
2015-06-24 08:50:36,407 

2015-06-24 08:50:41,355 Starting Training from 2014-12-17 to 2015-01-01
2015-06-24 09:01:43,180 Starting Live from 2015-01-02 to 2015-02-01
2015-06-24 09:27:49,845 Starting Training from 2015-01-17 to 2015-02-01
2015-06-24 09:29:42,750 Starting Live from 2015-02-02 to 2015-03-04
2015-06-24 09:57:19,934 Starting Training from 2015-02-17 to 2015-03-04
2015-06-24 10:00:08,460 Starting Live from 2015-03-05 to 2015-04-04
2015-06-24 10:29:54,482 Starting Training from 2015-03-20 to 2015-04-04
2015-06-24 10:31:51,559 Starting Live from 2015-04-05 to 2015-04-10
2015-06-24 10:35:55,365 Starting Q Learning for : 
2015-06-24 10:35:55,365 alpha = 0.5
2015-06-24 10:35:55,365 gamma = 0.6
2015-06-24 10:35:55,365 individual factor = 12
2015-06-24 10:35:55,365 zero range = 0.01
2015-06-24 10:35:55,365 greedy level = 10
2015-06-24 10:35:55,365 

2015-06-24 10:36:01,750 Starting Training from 2014-12-17 to 2015-01-01
2015-06-24 10:46:50,947 Starting Live from 2015-01-02 to 2015-02-01
2015-06-24 11:12:47,072 Starting Training from 2015-01-17 to 2015-02-01
2015-06-24 11:14:30,767 Starting Live from 2015-02-02 to 2015-03-04
2015-06-24 11:43:07,312 Starting Training from 2015-02-17 to 2015-03-04
2015-06-24 11:45:50,341 Starting Live from 2015-03-05 to 2015-04-04
2015-06-24 12:16:57,411 Starting Training from 2015-03-20 to 2015-04-04
2015-06-24 12:19:00,053 Starting Live from 2015-04-05 to 2015-04-10
2015-06-24 12:24:39,141 Starting Q Learning for : 
2015-06-24 12:24:39,141 alpha = 0.4
2015-06-24 12:24:39,141 gamma = 0.3
2015-06-24 12:24:39,141 individual factor = 12
2015-06-24 12:24:39,141 zero range = 0.01
2015-06-24 12:24:39,141 greedy level = 10
2015-06-24 12:24:39,141 

2015-06-24 12:24:45,223 Starting Training from 2014-12-17 to 2015-01-01
2015-06-24 12:36:39,240 Starting Live from 2015-01-02 to 2015-02-01
2015-06-24 13:06:12,943 Starting Training from 2015-01-17 to 2015-02-01
2015-06-24 13:07:47,976 Starting Live from 2015-02-02 to 2015-03-04
2015-06-24 13:38:46,713 Starting Training from 2015-02-17 to 2015-03-04
2015-06-24 13:41:55,282 Starting Live from 2015-03-05 to 2015-04-04
2015-06-24 14:14:49,566 Starting Training from 2015-03-20 to 2015-04-04
2015-06-24 14:17:10,769 Starting Live from 2015-04-05 to 2015-04-10
2015-06-24 14:21:10,502 Starting Q Learning for : 
2015-06-24 14:21:10,502 alpha = 0.4
2015-06-24 14:21:10,502 gamma = 0.4
2015-06-24 14:21:10,502 individual factor = 12
2015-06-24 14:21:10,503 zero range = 0.01
2015-06-24 14:21:10,503 greedy level = 10
2015-06-24 14:21:10,503 

2015-06-24 14:21:15,713 Starting Training from 2014-12-17 to 2015-01-01
2015-06-24 14:34:31,457 Starting Live from 2015-01-02 to 2015-02-01
2015-06-24 15:05:04,640 Starting Training from 2015-01-17 to 2015-02-01
2015-06-24 15:06:46,720 Starting Live from 2015-02-02 to 2015-03-04
2015-06-24 15:39:12,178 Starting Training from 2015-02-17 to 2015-03-04
2015-06-24 15:42:20,007 Starting Live from 2015-03-05 to 2015-04-04
2015-06-24 16:17:22,507 Starting Training from 2015-03-20 to 2015-04-04
2015-06-24 16:19:37,960 Starting Live from 2015-04-05 to 2015-04-10
2015-06-24 16:25:50,346 Starting Q Learning for : 
2015-06-24 16:25:50,346 alpha = 0.4
2015-06-24 16:25:50,346 gamma = 0.5
2015-06-24 16:25:50,346 individual factor = 12
2015-06-24 16:25:50,346 zero range = 0.01
2015-06-24 16:25:50,346 greedy level = 10
2015-06-24 16:25:50,346 

2015-06-24 16:25:56,821 Starting Training from 2014-12-17 to 2015-01-01
2015-06-24 16:38:37,046 Starting Live from 2015-01-02 to 2015-02-01
2015-06-24 17:08:54,634 Starting Training from 2015-01-17 to 2015-02-01
2015-06-24 17:10:31,704 Starting Live from 2015-02-02 to 2015-03-04
2015-06-24 17:40:03,191 Starting Training from 2015-02-17 to 2015-03-04
2015-06-24 17:43:28,828 Starting Live from 2015-03-05 to 2015-04-04
2015-06-24 18:15:25,286 Starting Training from 2015-03-20 to 2015-04-04
2015-06-24 18:17:31,755 Starting Live from 2015-04-05 to 2015-04-10
2015-06-24 18:22:15,674 Starting Q Learning for : 
2015-06-24 18:22:15,674 alpha = 0.4
2015-06-24 18:22:15,674 gamma = 0.6
2015-06-24 18:22:15,674 individual factor = 12
2015-06-24 18:22:15,674 zero range = 0.01
2015-06-24 18:22:15,674 greedy level = 10
2015-06-24 18:22:15,674 

2015-06-24 18:22:22,686 Starting Training from 2014-12-17 to 2015-01-01
2015-06-24 18:35:43,010 Starting Live from 2015-01-02 to 2015-02-01
2015-06-24 19:05:34,828 Starting Training from 2015-01-17 to 2015-02-01
2015-06-24 19:07:19,407 Starting Live from 2015-02-02 to 2015-03-04
2015-06-24 19:39:22,292 Starting Training from 2015-02-17 to 2015-03-04
2015-06-24 19:42:45,197 Starting Live from 2015-03-05 to 2015-04-04
2015-06-24 20:16:15,701 Starting Training from 2015-03-20 to 2015-04-04
2015-06-24 20:17:57,354 Starting Live from 2015-04-05 to 2015-04-10
2015-06-24 20:22:03,946 Starting Q Learning for : 
2015-06-24 20:22:03,946 alpha = 0.4
2015-06-24 20:22:03,946 gamma = 0.7
2015-06-24 20:22:03,946 individual factor = 12
2015-06-24 20:22:03,946 zero range = 0.01
2015-06-24 20:22:03,946 greedy level = 10
2015-06-24 20:22:03,947 

2015-06-24 20:22:09,559 Starting Training from 2014-12-17 to 2015-01-01
2015-06-24 20:35:08,579 Starting Live from 2015-01-02 to 2015-02-01
2015-06-24 20:55:11,118 Starting Training from 2015-01-17 to 2015-02-01
2015-06-24 20:56:44,005 Starting Live from 2015-02-02 to 2015-03-04
2015-06-24 21:05:40,470 Starting Training from 2015-02-17 to 2015-03-04
2015-06-24 21:17:03,132 Starting Live from 2015-03-05 to 2015-04-04
2015-06-24 21:40:04,263 Starting Training from 2015-03-20 to 2015-04-04
2015-06-24 21:43:00,680 Starting Live from 2015-04-05 to 2015-04-10
2015-06-24 21:44:35,854 Starting Q Learning for : 
2015-06-24 21:44:35,855 alpha = 0.4
2015-06-24 21:44:35,855 gamma = 0.8
2015-06-24 21:44:35,855 individual factor = 12
2015-06-24 21:44:35,855 zero range = 0.01
2015-06-24 21:44:35,855 greedy level = 10
2015-06-24 21:44:35,855 

2015-06-24 21:44:40,589 Starting Training from 2014-12-17 to 2015-01-01
2015-06-24 21:57:15,434 Starting Live from 2015-01-02 to 2015-02-01
2015-06-24 22:13:36,114 Starting Training from 2015-01-17 to 2015-02-01
2015-06-24 22:15:24,336 Starting Live from 2015-02-02 to 2015-03-04
2015-06-24 22:20:27,937 Starting Training from 2015-02-17 to 2015-03-04
2015-06-24 22:31:49,601 Starting Live from 2015-03-05 to 2015-04-04
2015-06-24 22:53:08,332 Starting Training from 2015-03-20 to 2015-04-04
2015-06-24 22:54:48,588 Starting Live from 2015-04-05 to 2015-04-10
2015-06-24 22:55:26,614 Starting Q Learning for : 
2015-06-24 22:55:26,614 alpha = 0.2
2015-06-24 22:55:26,615 gamma = 0.7
2015-06-24 22:55:26,615 individual factor = 12
2015-06-24 22:55:26,615 zero range = 0.01
2015-06-24 22:55:26,615 greedy level = 10
2015-06-24 22:55:26,615 

2015-06-24 22:55:34,292 Starting Training from 2014-12-17 to 2015-01-01
2015-06-24 23:07:55,164 Starting Live from 2015-01-02 to 2015-02-01
2015-06-24 23:27:00,345 Starting Training from 2015-01-17 to 2015-02-01
2015-06-24 23:28:32,072 Starting Live from 2015-02-02 to 2015-03-04
2015-06-24 23:35:36,736 Starting Training from 2015-02-17 to 2015-03-04
2015-06-24 23:46:23,480 Starting Live from 2015-03-05 to 2015-04-04
2015-06-25 00:08:25,273 Starting Training from 2015-03-20 to 2015-04-04
2015-06-25 00:11:22,773 Starting Live from 2015-04-05 to 2015-04-10
2015-06-25 00:13:11,082 Starting Q Learning for : 
2015-06-25 00:13:11,082 alpha = 0.2
2015-06-25 00:13:11,082 gamma = 0.8
2015-06-25 00:13:11,082 individual factor = 12
2015-06-25 00:13:11,082 zero range = 0.01
2015-06-25 00:13:11,082 greedy level = 10
2015-06-25 00:13:11,082 

2015-06-25 00:13:16,529 Starting Training from 2014-12-17 to 2015-01-01
2015-06-25 00:25:38,253 Starting Live from 2015-01-02 to 2015-02-01
2015-06-25 00:41:06,773 Starting Training from 2015-01-17 to 2015-02-01
2015-06-25 00:42:36,371 Starting Live from 2015-02-02 to 2015-03-04
2015-06-25 00:47:46,822 Starting Training from 2015-02-17 to 2015-03-04
2015-06-25 00:58:50,667 Starting Live from 2015-03-05 to 2015-04-04
2015-06-25 01:19:04,982 Starting Training from 2015-03-20 to 2015-04-04
2015-06-25 01:21:12,821 Starting Live from 2015-04-05 to 2015-04-10
2015-06-25 01:22:40,453 Starting Q Learning for : 
2015-06-25 01:22:40,454 alpha = 0.8
2015-06-25 01:22:40,454 gamma = 0.1
2015-06-25 01:22:40,454 individual factor = 12
2015-06-25 01:22:40,454 zero range = 0.01
2015-06-25 01:22:40,454 greedy level = 10
2015-06-25 01:22:40,454 

2015-06-25 01:22:45,635 Starting Training from 2014-12-17 to 2015-01-01
2015-06-25 01:34:44,382 Starting Live from 2015-01-02 to 2015-02-01
2015-06-25 02:01:26,759 Starting Training from 2015-01-17 to 2015-02-01
2015-06-25 02:02:51,693 Starting Live from 2015-02-02 to 2015-03-04
2015-06-25 02:33:17,075 Starting Training from 2015-02-17 to 2015-03-04
2015-06-25 02:36:55,403 Starting Live from 2015-03-05 to 2015-04-04
2015-06-25 03:10:25,757 Starting Training from 2015-03-20 to 2015-04-04
2015-06-25 03:11:49,186 Starting Live from 2015-04-05 to 2015-04-10
2015-06-25 03:16:36,779 Starting Q Learning for : 
2015-06-25 03:16:36,779 alpha = 0.8
2015-06-25 03:16:36,779 gamma = 0.2
2015-06-25 03:16:36,779 individual factor = 12
2015-06-25 03:16:36,779 zero range = 0.01
2015-06-25 03:16:36,779 greedy level = 10
2015-06-25 03:16:36,779 

2015-06-25 03:16:41,464 Starting Training from 2014-12-17 to 2015-01-01
2015-06-25 03:28:26,604 Starting Live from 2015-01-02 to 2015-02-01
2015-06-25 03:54:32,637 Starting Training from 2015-01-17 to 2015-02-01
2015-06-25 03:55:56,874 Starting Live from 2015-02-02 to 2015-03-04
2015-06-25 04:23:27,273 Starting Training from 2015-02-17 to 2015-03-04
2015-06-25 04:27:01,369 Starting Live from 2015-03-05 to 2015-04-04
2015-06-25 04:56:53,737 Starting Training from 2015-03-20 to 2015-04-04
2015-06-25 04:58:14,414 Starting Live from 2015-04-05 to 2015-04-10
2015-06-25 05:02:08,430 Starting Q Learning for : 
2015-06-25 05:02:08,430 alpha = 0.8
2015-06-25 05:02:08,431 gamma = 0.3
2015-06-25 05:02:08,431 individual factor = 12
2015-06-25 05:02:08,431 zero range = 0.01
2015-06-25 05:02:08,431 greedy level = 10
2015-06-25 05:02:08,431 

2015-06-25 05:02:13,049 Starting Training from 2014-12-17 to 2015-01-01
2015-06-25 05:14:05,401 Starting Live from 2015-01-02 to 2015-02-01
2015-06-25 05:40:13,072 Starting Training from 2015-01-17 to 2015-02-01
2015-06-25 05:41:40,002 Starting Live from 2015-02-02 to 2015-03-04
2015-06-25 06:10:21,417 Starting Training from 2015-02-17 to 2015-03-04
2015-06-25 06:12:43,647 Starting Live from 2015-03-05 to 2015-04-04
2015-06-25 06:47:40,354 Starting Training from 2015-03-20 to 2015-04-04
2015-06-25 06:49:00,460 Starting Live from 2015-04-05 to 2015-04-10
2015-06-25 06:54:31,542 Starting Q Learning for : 
2015-06-25 06:54:31,542 alpha = 0.8
2015-06-25 06:54:31,542 gamma = 0.4
2015-06-25 06:54:31,542 individual factor = 12
2015-06-25 06:54:31,542 zero range = 0.01
2015-06-25 06:54:31,542 greedy level = 10
2015-06-25 06:54:31,542 

2015-06-25 06:54:36,921 Starting Training from 2014-12-17 to 2015-01-01
2015-06-25 07:05:59,943 Starting Live from 2015-01-02 to 2015-02-01
2015-06-25 07:32:37,424 Starting Training from 2015-01-17 to 2015-02-01
2015-06-25 07:33:59,957 Starting Live from 2015-02-02 to 2015-03-04
2015-06-25 08:05:40,552 Starting Training from 2015-02-17 to 2015-03-04
2015-06-25 08:08:09,730 Starting Live from 2015-03-05 to 2015-04-04
2015-06-25 08:42:45,322 Starting Training from 2015-03-20 to 2015-04-04
2015-06-25 08:44:16,180 Starting Live from 2015-04-05 to 2015-04-10
2015-06-25 08:57:51,724 Starting Q Learning for : 
2015-06-25 08:57:51,724 alpha = 0.2
2015-06-25 08:57:51,724 gamma = 0.6
2015-06-25 08:57:51,724 individual factor = 12
2015-06-25 08:57:51,724 zero range = 0.006
2015-06-25 08:57:51,724 greedy level = 10
2015-06-25 08:57:51,724 

2015-06-25 08:57:56,302 Starting Training from 2014-12-17 to 2015-01-01
2015-06-25 09:08:16,845 Starting Live from 2015-01-02 to 2015-02-01
2015-06-25 09:33:54,469 Starting Training from 2015-01-17 to 2015-02-01
2015-06-25 09:35:21,848 Starting Live from 2015-02-02 to 2015-03-04
2015-06-25 10:02:08,420 Starting Training from 2015-02-17 to 2015-03-04
2015-06-25 10:04:31,434 Starting Live from 2015-03-05 to 2015-04-04
2015-06-25 10:35:21,930 Starting Training from 2015-03-20 to 2015-04-04
2015-06-25 10:37:01,743 Starting Live from 2015-04-05 to 2015-04-10
2015-06-25 10:44:24,240 Starting Q Learning for : 
2015-06-25 10:44:24,240 alpha = 0.8
2015-06-25 10:44:24,240 gamma = 0.6
2015-06-25 10:44:24,240 individual factor = 12
2015-06-25 10:44:24,240 zero range = 0.006
2015-06-25 10:44:24,240 greedy level = 10
2015-06-25 10:44:24,240 

2015-06-25 10:44:26,434 Starting Training from 2014-12-17 to 2015-01-01
2015-06-25 10:54:55,253 Starting Live from 2015-01-02 to 2015-02-01
2015-06-25 11:19:31,446 Starting Training from 2015-01-17 to 2015-02-01
2015-06-25 11:20:51,187 Starting Live from 2015-02-02 to 2015-03-04
2015-06-25 11:48:11,904 Starting Training from 2015-02-17 to 2015-03-04
2015-06-25 11:50:30,397 Starting Live from 2015-03-05 to 2015-04-04
2015-06-25 12:17:12,671 Starting Training from 2015-03-20 to 2015-04-04
2015-06-25 12:19:26,848 Starting Live from 2015-04-05 to 2015-04-10
2015-06-25 12:22:58,118 Starting Q Learning for : 
2015-06-25 12:22:58,118 alpha = 0.8
2015-06-25 12:22:58,118 gamma = 0.7
2015-06-25 12:22:58,118 individual factor = 12
2015-06-25 12:22:58,118 zero range = 0.006
2015-06-25 12:22:58,118 greedy level = 10
2015-06-25 12:22:58,118 

2015-06-25 12:23:03,081 Starting Training from 2014-12-17 to 2015-01-01
2015-06-25 12:34:23,970 Starting Live from 2015-01-02 to 2015-02-01
2015-06-25 12:51:07,015 Starting Training from 2015-01-17 to 2015-02-01
2015-06-25 12:52:45,059 Starting Live from 2015-02-02 to 2015-03-04
2015-06-25 12:58:34,684 Starting Training from 2015-02-17 to 2015-03-04
2015-06-25 13:06:52,871 Starting Live from 2015-03-05 to 2015-04-04
2015-06-25 13:25:56,140 Starting Training from 2015-03-20 to 2015-04-04
2015-06-25 13:28:48,767 Starting Live from 2015-04-05 to 2015-04-10
2015-06-25 13:30:23,825 Starting Q Learning for : 
2015-06-25 13:30:23,825 alpha = 0.8
2015-06-25 13:30:23,825 gamma = 0.8
2015-06-25 13:30:23,825 individual factor = 12
2015-06-25 13:30:23,825 zero range = 0.006
2015-06-25 13:30:23,825 greedy level = 10
2015-06-25 13:30:23,825 

2015-06-25 13:30:28,894 Starting Training from 2014-12-17 to 2015-01-01
2015-06-25 13:41:47,888 Starting Live from 2015-01-02 to 2015-02-01
2015-06-25 13:55:54,627 Starting Training from 2015-01-17 to 2015-02-01
2015-06-25 13:57:35,348 Starting Live from 2015-02-02 to 2015-03-04
2015-06-25 14:00:56,296 Starting Training from 2015-02-17 to 2015-03-04
2015-06-25 14:11:05,641 Starting Live from 2015-03-05 to 2015-04-04
2015-06-25 14:29:55,382 Starting Training from 2015-03-20 to 2015-04-04
2015-06-25 14:31:50,115 Starting Live from 2015-04-05 to 2015-04-10
