2015-06-25 18:58:40,634 Starting Q Learning for : 
2015-06-25 18:58:40,634 alpha = 0.5
2015-06-25 18:58:40,634 gamma = 0.8
2015-06-25 18:58:40,634 individual factor = 8
2015-06-25 18:58:40,634 zero range = 0.01
2015-06-25 18:58:40,634 greedy level = 5
2015-06-25 18:58:40,634 

2015-06-25 18:58:52,213 Starting Training from 2014-12-17 to 2015-01-01
2015-06-25 19:09:41,490 Starting Live from 2015-01-02 to 2015-02-01
2015-06-25 19:33:03,934 Starting Training from 2015-01-17 to 2015-02-01
2015-06-25 19:34:20,022 Starting Live from 2015-02-02 to 2015-03-04
2015-06-25 20:01:50,371 Starting Training from 2015-02-17 to 2015-03-04
2015-06-25 20:03:28,973 Starting Live from 2015-03-05 to 2015-04-04
2015-06-25 20:35:32,957 Starting Training from 2015-03-20 to 2015-04-04
2015-06-25 20:36:49,769 Starting Live from 2015-04-05 to 2015-04-10
2015-06-25 20:45:36,963 Starting Q Learning for : 
2015-06-25 20:45:36,963 alpha = 0.6
2015-06-25 20:45:36,963 gamma = 0.1
2015-06-25 20:45:36,963 individual factor = 8
2015-06-25 20:45:36,963 zero range = 0.01
2015-06-25 20:45:36,963 greedy level = 5
2015-06-25 20:45:36,963 

2015-06-25 20:45:42,351 Starting Training from 2014-12-17 to 2015-01-01
2015-06-25 20:57:29,752 Starting Live from 2015-01-02 to 2015-02-01
2015-06-25 21:20:44,917 Starting Training from 2015-01-17 to 2015-02-01
2015-06-25 21:21:52,956 Starting Live from 2015-02-02 to 2015-03-04
2015-06-25 21:49:35,848 Starting Training from 2015-02-17 to 2015-03-04
2015-06-25 21:51:16,040 Starting Live from 2015-03-05 to 2015-04-04
2015-06-25 22:25:21,173 Starting Training from 2015-03-20 to 2015-04-04
2015-06-25 22:26:41,697 Starting Live from 2015-04-05 to 2015-04-10
2015-06-25 22:36:41,598 Starting Q Learning for : 
2015-06-25 22:36:41,598 alpha = 0.6
2015-06-25 22:36:41,598 gamma = 0.2
2015-06-25 22:36:41,598 individual factor = 8
2015-06-25 22:36:41,598 zero range = 0.01
2015-06-25 22:36:41,598 greedy level = 5
2015-06-25 22:36:41,598 

2015-06-25 22:36:47,020 Starting Training from 2014-12-17 to 2015-01-01
2015-06-25 22:49:23,338 Starting Live from 2015-01-02 to 2015-02-01
2015-06-25 23:13:35,405 Starting Training from 2015-01-17 to 2015-02-01
2015-06-25 23:14:50,051 Starting Live from 2015-02-02 to 2015-03-04
2015-06-25 23:43:18,801 Starting Training from 2015-02-17 to 2015-03-04
2015-06-25 23:45:08,055 Starting Live from 2015-03-05 to 2015-04-04
2015-06-26 00:17:40,229 Starting Training from 2015-03-20 to 2015-04-04
2015-06-26 00:18:58,232 Starting Live from 2015-04-05 to 2015-04-10
2015-06-26 00:28:24,184 Starting Q Learning for : 
2015-06-26 00:28:24,184 alpha = 0.6
2015-06-26 00:28:24,184 gamma = 0.3
2015-06-26 00:28:24,184 individual factor = 8
2015-06-26 00:28:24,184 zero range = 0.01
2015-06-26 00:28:24,184 greedy level = 5
2015-06-26 00:28:24,184 

2015-06-26 00:28:30,367 Starting Training from 2014-12-17 to 2015-01-01
2015-06-26 00:40:15,302 Starting Live from 2015-01-02 to 2015-02-01
2015-06-26 01:02:14,680 Starting Training from 2015-01-17 to 2015-02-01
2015-06-26 01:03:27,584 Starting Live from 2015-02-02 to 2015-03-04
2015-06-26 01:32:32,131 Starting Training from 2015-02-17 to 2015-03-04
2015-06-26 01:34:18,104 Starting Live from 2015-03-05 to 2015-04-04
2015-06-26 02:08:16,210 Starting Training from 2015-03-20 to 2015-04-04
2015-06-26 02:09:49,542 Starting Live from 2015-04-05 to 2015-04-10
2015-06-26 02:19:12,913 Starting Q Learning for : 
2015-06-26 02:19:12,913 alpha = 0.6
2015-06-26 02:19:12,913 gamma = 0.4
2015-06-26 02:19:12,914 individual factor = 8
2015-06-26 02:19:12,914 zero range = 0.01
2015-06-26 02:19:12,914 greedy level = 5
2015-06-26 02:19:12,914 

2015-06-26 02:19:20,075 Starting Training from 2014-12-17 to 2015-01-01
2015-06-26 02:32:23,002 Starting Live from 2015-01-02 to 2015-02-01
2015-06-26 02:56:38,440 Starting Training from 2015-01-17 to 2015-02-01
2015-06-26 02:57:51,398 Starting Live from 2015-02-02 to 2015-03-04
2015-06-26 03:27:43,569 Starting Training from 2015-02-17 to 2015-03-04
2015-06-26 03:29:34,352 Starting Live from 2015-03-05 to 2015-04-04
2015-06-26 04:03:02,676 Starting Training from 2015-03-20 to 2015-04-04
2015-06-26 04:04:21,736 Starting Live from 2015-04-05 to 2015-04-10
2015-06-26 04:13:59,125 Starting Q Learning for : 
2015-06-26 04:13:59,127 alpha = 0.6
2015-06-26 04:13:59,127 gamma = 0.5
2015-06-26 04:13:59,127 individual factor = 8
2015-06-26 04:13:59,127 zero range = 0.01
2015-06-26 04:13:59,127 greedy level = 5
2015-06-26 04:13:59,127 

2015-06-26 04:14:05,196 Starting Training from 2014-12-17 to 2015-01-01
2015-06-26 04:27:17,243 Starting Live from 2015-01-02 to 2015-02-01
2015-06-26 04:51:38,381 Starting Training from 2015-01-17 to 2015-02-01
2015-06-26 04:52:48,154 Starting Live from 2015-02-02 to 2015-03-04
2015-06-26 05:21:45,328 Starting Training from 2015-02-17 to 2015-03-04
2015-06-26 05:23:38,176 Starting Live from 2015-03-05 to 2015-04-04
2015-06-26 05:57:00,806 Starting Training from 2015-03-20 to 2015-04-04
2015-06-26 05:58:41,427 Starting Live from 2015-04-05 to 2015-04-10
2015-06-26 06:08:40,957 Starting Q Learning for : 
2015-06-26 06:08:40,957 alpha = 0.6
2015-06-26 06:08:40,957 gamma = 0.6
2015-06-26 06:08:40,959 individual factor = 8
2015-06-26 06:08:40,959 zero range = 0.01
2015-06-26 06:08:40,959 greedy level = 5
2015-06-26 06:08:40,959 

2015-06-26 06:08:48,236 Starting Training from 2014-12-17 to 2015-01-01
2015-06-26 06:21:47,480 Starting Live from 2015-01-02 to 2015-02-01
2015-06-26 06:46:23,635 Starting Training from 2015-01-17 to 2015-02-01
2015-06-26 06:47:36,200 Starting Live from 2015-02-02 to 2015-03-04
2015-06-26 07:16:07,674 Starting Training from 2015-02-17 to 2015-03-04
2015-06-26 07:18:16,151 Starting Live from 2015-03-05 to 2015-04-04
2015-06-26 07:49:17,006 Starting Training from 2015-03-20 to 2015-04-04
2015-06-26 07:50:32,217 Starting Live from 2015-04-05 to 2015-04-10
2015-06-26 07:59:13,934 Starting Q Learning for : 
2015-06-26 07:59:13,934 alpha = 0.8
2015-06-26 07:59:13,934 gamma = 0.4
2015-06-26 07:59:13,936 individual factor = 8
2015-06-26 07:59:13,936 zero range = 0.01
2015-06-26 07:59:13,936 greedy level = 5
2015-06-26 07:59:13,936 

2015-06-26 07:59:20,312 Starting Training from 2014-12-17 to 2015-01-01
2015-06-26 08:11:56,598 Starting Live from 2015-01-02 to 2015-02-01
2015-06-26 08:36:23,513 Starting Training from 2015-01-17 to 2015-02-01
2015-06-26 08:37:40,655 Starting Live from 2015-02-02 to 2015-03-04
2015-06-26 09:06:02,013 Starting Training from 2015-02-17 to 2015-03-04
2015-06-26 09:07:42,523 Starting Live from 2015-03-05 to 2015-04-04
2015-06-26 09:41:44,256 Starting Training from 2015-03-20 to 2015-04-04
2015-06-26 09:43:00,234 Starting Live from 2015-04-05 to 2015-04-10
2015-06-26 09:52:10,638 Starting Q Learning for : 
2015-06-26 09:52:10,638 alpha = 0.8
2015-06-26 09:52:10,638 gamma = 0.5
2015-06-26 09:52:10,638 individual factor = 8
2015-06-26 09:52:10,638 zero range = 0.01
2015-06-26 09:52:10,638 greedy level = 5
2015-06-26 09:52:10,638 

2015-06-26 09:52:16,796 Starting Training from 2014-12-17 to 2015-01-01
2015-06-26 10:05:31,095 Starting Live from 2015-01-02 to 2015-02-01
2015-06-26 10:29:25,674 Starting Training from 2015-01-17 to 2015-02-01
2015-06-26 10:30:34,756 Starting Live from 2015-02-02 to 2015-03-04
2015-06-26 10:58:15,447 Starting Training from 2015-02-17 to 2015-03-04
2015-06-26 11:00:02,881 Starting Live from 2015-03-05 to 2015-04-04
2015-06-26 11:30:55,164 Starting Training from 2015-03-20 to 2015-04-04
2015-06-26 11:32:10,894 Starting Live from 2015-04-05 to 2015-04-10
2015-06-26 11:40:56,507 Starting Q Learning for : 
2015-06-26 11:40:56,507 alpha = 0.8
2015-06-26 11:40:56,507 gamma = 0.6
2015-06-26 11:40:56,507 individual factor = 8
2015-06-26 11:40:56,507 zero range = 0.01
2015-06-26 11:40:56,507 greedy level = 5
2015-06-26 11:40:56,507 

2015-06-26 11:41:03,006 Starting Training from 2014-12-17 to 2015-01-01
2015-06-26 11:53:38,051 Starting Live from 2015-01-02 to 2015-02-01
2015-06-26 12:17:53,242 Starting Training from 2015-01-17 to 2015-02-01
2015-06-26 12:19:05,651 Starting Live from 2015-02-02 to 2015-03-04
2015-06-26 12:46:47,213 Starting Training from 2015-02-17 to 2015-03-04
2015-06-26 12:48:29,335 Starting Live from 2015-03-05 to 2015-04-04
2015-06-26 13:18:57,242 Starting Training from 2015-03-20 to 2015-04-04
2015-06-26 13:20:16,930 Starting Live from 2015-04-05 to 2015-04-10
2015-06-26 13:29:11,374 Starting Q Learning for : 
2015-06-26 13:29:11,374 alpha = 0.8
2015-06-26 13:29:11,374 gamma = 0.7
2015-06-26 13:29:11,374 individual factor = 8
2015-06-26 13:29:11,374 zero range = 0.01
2015-06-26 13:29:11,375 greedy level = 5
2015-06-26 13:29:11,375 

2015-06-26 13:29:18,973 Starting Training from 2014-12-17 to 2015-01-01
2015-06-26 13:42:11,836 Starting Live from 2015-01-02 to 2015-02-01
2015-06-26 14:06:19,191 Starting Training from 2015-01-17 to 2015-02-01
2015-06-26 14:07:35,581 Starting Live from 2015-02-02 to 2015-03-04
2015-06-26 14:36:07,246 Starting Training from 2015-02-17 to 2015-03-04
2015-06-26 14:37:49,187 Starting Live from 2015-03-05 to 2015-04-04
2015-06-26 15:10:17,186 Starting Training from 2015-03-20 to 2015-04-04
2015-06-26 15:11:42,141 Starting Live from 2015-04-05 to 2015-04-10
2015-06-26 15:20:59,694 Starting Q Learning for : 
2015-06-26 15:20:59,694 alpha = 0.8
2015-06-26 15:20:59,694 gamma = 0.8
2015-06-26 15:20:59,694 individual factor = 8
2015-06-26 15:20:59,694 zero range = 0.01
2015-06-26 15:20:59,694 greedy level = 5
2015-06-26 15:20:59,694 

2015-06-26 15:21:05,270 Starting Training from 2014-12-17 to 2015-01-01
2015-06-26 15:33:58,887 Starting Live from 2015-01-02 to 2015-02-01
2015-06-26 15:59:05,608 Starting Training from 2015-01-17 to 2015-02-01
2015-06-26 16:00:20,173 Starting Live from 2015-02-02 to 2015-03-04
2015-06-26 16:28:46,125 Starting Training from 2015-02-17 to 2015-03-04
2015-06-26 16:30:29,911 Starting Live from 2015-03-05 to 2015-04-04
2015-06-26 17:00:15,427 Starting Training from 2015-03-20 to 2015-04-04
2015-06-26 17:01:57,582 Starting Live from 2015-04-05 to 2015-04-10
2015-06-26 17:10:42,698 Starting Q Learning for : 
2015-06-26 17:10:42,700 alpha = 0.5
2015-06-26 17:10:42,700 gamma = 0.1
2015-06-26 17:10:42,700 individual factor = 8
2015-06-26 17:10:42,700 zero range = 0.006
2015-06-26 17:10:42,700 greedy level = 5
2015-06-26 17:10:42,700 

2015-06-26 17:10:48,239 Starting Training from 2014-12-17 to 2015-01-01
2015-06-26 17:22:36,295 Starting Live from 2015-01-02 to 2015-02-01
2015-06-26 17:46:35,769 Starting Training from 2015-01-17 to 2015-02-01
2015-06-26 17:48:04,476 Starting Live from 2015-02-02 to 2015-03-04
2015-06-26 18:17:02,710 Starting Training from 2015-02-17 to 2015-03-04
2015-06-26 18:18:48,059 Starting Live from 2015-03-05 to 2015-04-04
2015-06-26 18:50:12,075 Starting Training from 2015-03-20 to 2015-04-04
2015-06-26 18:51:34,677 Starting Live from 2015-04-05 to 2015-04-10
2015-06-26 19:01:21,785 Starting Q Learning for : 
2015-06-26 19:01:21,785 alpha = 0.5
2015-06-26 19:01:21,785 gamma = 0.2
2015-06-26 19:01:21,785 individual factor = 8
2015-06-26 19:01:21,785 zero range = 0.006
2015-06-26 19:01:21,785 greedy level = 5
2015-06-26 19:01:21,785 

2015-06-26 19:01:27,520 Starting Training from 2014-12-17 to 2015-01-01
2015-06-26 19:13:15,651 Starting Live from 2015-01-02 to 2015-02-01
2015-06-26 19:36:48,703 Starting Training from 2015-01-17 to 2015-02-01
2015-06-26 19:38:07,091 Starting Live from 2015-02-02 to 2015-03-04
2015-06-26 20:07:14,753 Starting Training from 2015-02-17 to 2015-03-04
2015-06-26 20:09:00,197 Starting Live from 2015-03-05 to 2015-04-04
2015-06-26 20:47:45,815 Starting Training from 2015-03-20 to 2015-04-04
2015-06-26 20:49:30,667 Starting Live from 2015-04-05 to 2015-04-10
2015-06-26 21:00:05,323 Starting Q Learning for : 
2015-06-26 21:00:05,325 alpha = 0.4
2015-06-26 21:00:05,325 gamma = 0.1
2015-06-26 21:00:05,325 individual factor = 8
2015-06-26 21:00:05,325 zero range = 0.006
2015-06-26 21:00:05,325 greedy level = 5
2015-06-26 21:00:05,325 

2015-06-26 21:00:12,048 Starting Training from 2014-12-17 to 2015-01-01
2015-06-26 21:13:10,124 Starting Live from 2015-01-02 to 2015-02-01
2015-06-26 21:37:59,903 Starting Training from 2015-01-17 to 2015-02-01
2015-06-26 21:39:13,605 Starting Live from 2015-02-02 to 2015-03-04
2015-06-26 22:07:22,299 Starting Training from 2015-02-17 to 2015-03-04
2015-06-26 22:09:06,762 Starting Live from 2015-03-05 to 2015-04-04
2015-06-26 22:39:05,105 Starting Training from 2015-03-20 to 2015-04-04
2015-06-26 22:40:26,979 Starting Live from 2015-04-05 to 2015-04-10
2015-06-26 22:50:01,457 Starting Q Learning for : 
2015-06-26 22:50:01,457 alpha = 0.4
2015-06-26 22:50:01,457 gamma = 0.2
2015-06-26 22:50:01,457 individual factor = 8
2015-06-26 22:50:01,457 zero range = 0.006
2015-06-26 22:50:01,457 greedy level = 5
2015-06-26 22:50:01,457 

2015-06-26 22:50:08,404 Starting Training from 2014-12-17 to 2015-01-01
2015-06-26 23:02:11,871 Starting Live from 2015-01-02 to 2015-02-01
2015-06-26 23:26:49,407 Starting Training from 2015-01-17 to 2015-02-01
2015-06-26 23:28:24,990 Starting Live from 2015-02-02 to 2015-03-04
2015-06-26 23:57:58,171 Starting Training from 2015-02-17 to 2015-03-04
2015-06-26 23:59:45,088 Starting Live from 2015-03-05 to 2015-04-04
2015-06-27 00:33:08,355 Starting Training from 2015-03-20 to 2015-04-04
2015-06-27 00:34:27,676 Starting Live from 2015-04-05 to 2015-04-10
2015-06-27 00:44:20,776 Starting Q Learning for : 
2015-06-27 00:44:20,776 alpha = 0.4
2015-06-27 00:44:20,776 gamma = 0.3
2015-06-27 00:44:20,776 individual factor = 8
2015-06-27 00:44:20,776 zero range = 0.006
2015-06-27 00:44:20,776 greedy level = 5
2015-06-27 00:44:20,778 

2015-06-27 00:44:27,434 Starting Training from 2014-12-17 to 2015-01-01
2015-06-27 00:56:21,233 Starting Live from 2015-01-02 to 2015-02-01
2015-06-27 01:20:19,063 Starting Training from 2015-01-17 to 2015-02-01
2015-06-27 01:21:44,920 Starting Live from 2015-02-02 to 2015-03-04
2015-06-27 01:50:36,503 Starting Training from 2015-02-17 to 2015-03-04
2015-06-27 01:52:21,410 Starting Live from 2015-03-05 to 2015-04-04
2015-06-27 02:25:24,315 Starting Training from 2015-03-20 to 2015-04-04
2015-06-27 02:26:44,128 Starting Live from 2015-04-05 to 2015-04-10
2015-06-27 02:36:52,539 Starting Q Learning for : 
2015-06-27 02:36:52,539 alpha = 0.4
2015-06-27 02:36:52,539 gamma = 0.4
2015-06-27 02:36:52,539 individual factor = 8
2015-06-27 02:36:52,540 zero range = 0.006
2015-06-27 02:36:52,540 greedy level = 5
2015-06-27 02:36:52,540 

2015-06-27 02:36:59,688 Starting Training from 2014-12-17 to 2015-01-01
2015-06-27 02:49:31,742 Starting Live from 2015-01-02 to 2015-02-01
2015-06-27 03:13:47,970 Starting Training from 2015-01-17 to 2015-02-01
2015-06-27 03:15:02,766 Starting Live from 2015-02-02 to 2015-03-04
2015-06-27 03:44:36,019 Starting Training from 2015-02-17 to 2015-03-04
2015-06-27 03:46:23,013 Starting Live from 2015-03-05 to 2015-04-04
2015-06-27 04:17:58,015 Starting Training from 2015-03-20 to 2015-04-04
2015-06-27 04:19:33,128 Starting Live from 2015-04-05 to 2015-04-10
2015-06-27 04:29:13,795 Starting Q Learning for : 
2015-06-27 04:29:13,796 alpha = 0.4
2015-06-27 04:29:13,796 gamma = 0.5
2015-06-27 04:29:13,796 individual factor = 8
2015-06-27 04:29:13,796 zero range = 0.006
2015-06-27 04:29:13,796 greedy level = 5
2015-06-27 04:29:13,796 

2015-06-27 04:29:21,144 Starting Training from 2014-12-17 to 2015-01-01
2015-06-27 04:41:37,128 Starting Live from 2015-01-02 to 2015-02-01
2015-06-27 05:05:47,457 Starting Training from 2015-01-17 to 2015-02-01
2015-06-27 05:06:59,532 Starting Live from 2015-02-02 to 2015-03-04
2015-06-27 05:35:26,115 Starting Training from 2015-02-17 to 2015-03-04
2015-06-27 05:37:15,467 Starting Live from 2015-03-05 to 2015-04-04
2015-06-27 06:07:52,361 Starting Training from 2015-03-20 to 2015-04-04
2015-06-27 06:09:13,331 Starting Live from 2015-04-05 to 2015-04-10
2015-06-27 06:18:02,828 Starting Q Learning for : 
2015-06-27 06:18:02,828 alpha = 0.4
2015-06-27 06:18:02,828 gamma = 0.6
2015-06-27 06:18:02,828 individual factor = 8
2015-06-27 06:18:02,828 zero range = 0.006
2015-06-27 06:18:02,828 greedy level = 5
2015-06-27 06:18:02,828 

2015-06-27 06:18:08,589 Starting Training from 2014-12-17 to 2015-01-01
2015-06-27 06:30:41,075 Starting Live from 2015-01-02 to 2015-02-01
2015-06-27 06:54:15,388 Starting Training from 2015-01-17 to 2015-02-01
2015-06-27 06:55:26,548 Starting Live from 2015-02-02 to 2015-03-04
2015-06-27 07:23:27,979 Starting Training from 2015-02-17 to 2015-03-04
2015-06-27 07:25:10,931 Starting Live from 2015-03-05 to 2015-04-04
2015-06-27 07:57:54,348 Starting Training from 2015-03-20 to 2015-04-04
2015-06-27 07:59:14,819 Starting Live from 2015-04-05 to 2015-04-10
2015-06-27 08:08:41,058 Starting Q Learning for : 
2015-06-27 08:08:41,058 alpha = 0.4
2015-06-27 08:08:41,058 gamma = 0.7
2015-06-27 08:08:41,058 individual factor = 8
2015-06-27 08:08:41,058 zero range = 0.006
2015-06-27 08:08:41,058 greedy level = 5
2015-06-27 08:08:41,058 

2015-06-27 08:08:47,977 Starting Training from 2014-12-17 to 2015-01-01
2015-06-27 08:21:36,946 Starting Live from 2015-01-02 to 2015-02-01
2015-06-27 08:45:50,170 Starting Training from 2015-01-17 to 2015-02-01
2015-06-27 08:47:01,846 Starting Live from 2015-02-02 to 2015-03-04
2015-06-27 09:14:49,789 Starting Training from 2015-02-17 to 2015-03-04
2015-06-27 09:16:26,305 Starting Live from 2015-03-05 to 2015-04-04
2015-06-27 09:47:46,563 Starting Training from 2015-03-20 to 2015-04-04
2015-06-27 09:49:08,144 Starting Live from 2015-04-05 to 2015-04-10
2015-06-27 09:58:09,743 Starting Q Learning for : 
2015-06-27 09:58:09,743 alpha = 0.8
2015-06-27 09:58:09,743 gamma = 0.6
2015-06-27 09:58:09,743 individual factor = 8
2015-06-27 09:58:09,743 zero range = 0.006
2015-06-27 09:58:09,743 greedy level = 5
2015-06-27 09:58:09,743 

2015-06-27 09:58:15,105 Starting Training from 2014-12-17 to 2015-01-01
2015-06-27 10:10:37,150 Starting Live from 2015-01-02 to 2015-02-01
2015-06-27 10:34:56,322 Starting Training from 2015-01-17 to 2015-02-01
2015-06-27 10:36:09,667 Starting Live from 2015-02-02 to 2015-03-04
2015-06-27 11:03:57,250 Starting Training from 2015-02-17 to 2015-03-04
2015-06-27 11:05:40,326 Starting Live from 2015-03-05 to 2015-04-04
2015-06-27 11:36:24,723 Starting Training from 2015-03-20 to 2015-04-04
2015-06-27 11:37:42,334 Starting Live from 2015-04-05 to 2015-04-10
2015-06-27 11:47:32,329 Starting Q Learning for : 
2015-06-27 11:47:32,329 alpha = 0.8
2015-06-27 11:47:32,329 gamma = 0.7
2015-06-27 11:47:32,329 individual factor = 8
2015-06-27 11:47:32,329 zero range = 0.006
2015-06-27 11:47:32,331 greedy level = 5
2015-06-27 11:47:32,331 

2015-06-27 11:47:41,292 Starting Training from 2014-12-17 to 2015-01-01
2015-06-27 11:59:20,585 Starting Live from 2015-01-02 to 2015-02-01
2015-06-27 12:23:05,076 Starting Training from 2015-01-17 to 2015-02-01
2015-06-27 12:24:32,072 Starting Live from 2015-02-02 to 2015-03-04
2015-06-27 12:53:05,065 Starting Training from 2015-02-17 to 2015-03-04
2015-06-27 12:54:50,571 Starting Live from 2015-03-05 to 2015-04-04
2015-06-27 13:25:47,940 Starting Training from 2015-03-20 to 2015-04-04
2015-06-27 13:27:03,816 Starting Live from 2015-04-05 to 2015-04-10
2015-06-27 13:36:52,697 Starting Q Learning for : 
2015-06-27 13:36:52,697 alpha = 0.8
2015-06-27 13:36:52,697 gamma = 0.8
2015-06-27 13:36:52,697 individual factor = 8
2015-06-27 13:36:52,697 zero range = 0.006
2015-06-27 13:36:52,697 greedy level = 5
2015-06-27 13:36:52,697 

2015-06-27 13:37:00,641 Starting Training from 2014-12-17 to 2015-01-01
2015-06-27 13:48:58,750 Starting Live from 2015-01-02 to 2015-02-01
2015-06-27 14:12:41,081 Starting Training from 2015-01-17 to 2015-02-01
2015-06-27 14:13:55,134 Starting Live from 2015-02-02 to 2015-03-04
2015-06-27 14:39:35,193 Starting Training from 2015-02-17 to 2015-03-04
2015-06-27 14:41:19,645 Starting Live from 2015-03-05 to 2015-04-04
2015-06-27 15:12:28,562 Starting Training from 2015-03-20 to 2015-04-04
2015-06-27 15:13:48,378 Starting Live from 2015-04-05 to 2015-04-10
