2015-06-25 18:58:40,615 Starting Q Learning for : 
2015-06-25 18:58:40,615 alpha = 0.6
2015-06-25 18:58:40,615 gamma = 0.7
2015-06-25 18:58:40,615 individual factor = 8
2015-06-25 18:58:40,615 zero range = 0.01
2015-06-25 18:58:40,615 greedy level = 5
2015-06-25 18:58:40,615 

2015-06-25 18:58:52,213 Starting Training from 2014-12-17 to 2015-01-01
2015-06-25 19:09:37,532 Starting Live from 2015-01-02 to 2015-02-01
2015-06-25 19:32:52,446 Starting Training from 2015-01-17 to 2015-02-01
2015-06-25 19:34:11,812 Starting Live from 2015-02-02 to 2015-03-04
2015-06-25 20:01:48,859 Starting Training from 2015-02-17 to 2015-03-04
2015-06-25 20:03:27,617 Starting Live from 2015-03-05 to 2015-04-04
2015-06-25 20:33:49,085 Starting Training from 2015-03-20 to 2015-04-04
2015-06-25 20:35:10,506 Starting Live from 2015-04-05 to 2015-04-10
2015-06-25 20:43:50,828 Starting Q Learning for : 
2015-06-25 20:43:50,828 alpha = 0.6
2015-06-25 20:43:50,828 gamma = 0.8
2015-06-25 20:43:50,828 individual factor = 8
2015-06-25 20:43:50,828 zero range = 0.01
2015-06-25 20:43:50,828 greedy level = 5
2015-06-25 20:43:50,828 

2015-06-25 20:43:57,135 Starting Training from 2014-12-17 to 2015-01-01
2015-06-25 20:55:47,279 Starting Live from 2015-01-02 to 2015-02-01
2015-06-25 21:18:55,039 Starting Training from 2015-01-17 to 2015-02-01
2015-06-25 21:20:10,578 Starting Live from 2015-02-02 to 2015-03-04
2015-06-25 21:47:14,263 Starting Training from 2015-02-17 to 2015-03-04
2015-06-25 21:48:52,378 Starting Live from 2015-03-05 to 2015-04-04
2015-06-25 22:18:10,671 Starting Training from 2015-03-20 to 2015-04-04
2015-06-25 22:19:41,821 Starting Live from 2015-04-05 to 2015-04-10
2015-06-25 22:29:25,132 Starting Q Learning for : 
2015-06-25 22:29:25,132 alpha = 0.4
2015-06-25 22:29:25,132 gamma = 0.1
2015-06-25 22:29:25,132 individual factor = 8
2015-06-25 22:29:25,132 zero range = 0.01
2015-06-25 22:29:25,132 greedy level = 5
2015-06-25 22:29:25,132 

2015-06-25 22:29:32,964 Starting Training from 2014-12-17 to 2015-01-01
2015-06-25 22:41:39,253 Starting Live from 2015-01-02 to 2015-02-01
2015-06-25 23:06:20,463 Starting Training from 2015-01-17 to 2015-02-01
2015-06-25 23:07:46,967 Starting Live from 2015-02-02 to 2015-03-04
2015-06-25 23:36:28,719 Starting Training from 2015-02-17 to 2015-03-04
2015-06-25 23:38:16,779 Starting Live from 2015-03-05 to 2015-04-04
2015-06-26 00:14:45,299 Starting Training from 2015-03-20 to 2015-04-04
2015-06-26 00:16:19,671 Starting Live from 2015-04-05 to 2015-04-10
2015-06-26 00:26:02,164 Starting Q Learning for : 
2015-06-26 00:26:02,164 alpha = 0.4
2015-06-26 00:26:02,164 gamma = 0.2
2015-06-26 00:26:02,164 individual factor = 8
2015-06-26 00:26:02,164 zero range = 0.01
2015-06-26 00:26:02,164 greedy level = 5
2015-06-26 00:26:02,164 

2015-06-26 00:26:09,273 Starting Training from 2014-12-17 to 2015-01-01
2015-06-26 00:38:04,496 Starting Live from 2015-01-02 to 2015-02-01
2015-06-26 00:59:52,802 Starting Training from 2015-01-17 to 2015-02-01
2015-06-26 01:01:10,967 Starting Live from 2015-02-02 to 2015-03-04
2015-06-26 01:29:27,223 Starting Training from 2015-02-17 to 2015-03-04
2015-06-26 01:31:15,609 Starting Live from 2015-03-05 to 2015-04-04
2015-06-26 02:02:48,436 Starting Training from 2015-03-20 to 2015-04-04
2015-06-26 02:04:26,134 Starting Live from 2015-04-05 to 2015-04-10
2015-06-26 02:14:16,002 Starting Q Learning for : 
2015-06-26 02:14:16,003 alpha = 0.4
2015-06-26 02:14:16,003 gamma = 0.3
2015-06-26 02:14:16,003 individual factor = 8
2015-06-26 02:14:16,003 zero range = 0.01
2015-06-26 02:14:16,003 greedy level = 5
2015-06-26 02:14:16,003 

2015-06-26 02:14:22,953 Starting Training from 2014-12-17 to 2015-01-01
2015-06-26 02:27:19,802 Starting Live from 2015-01-02 to 2015-02-01
2015-06-26 02:51:57,607 Starting Training from 2015-01-17 to 2015-02-01
2015-06-26 02:53:19,673 Starting Live from 2015-02-02 to 2015-03-04
2015-06-26 03:22:50,522 Starting Training from 2015-02-17 to 2015-03-04
2015-06-26 03:24:39,601 Starting Live from 2015-03-05 to 2015-04-04
2015-06-26 03:57:02,105 Starting Training from 2015-03-20 to 2015-04-04
2015-06-26 03:58:40,670 Starting Live from 2015-04-05 to 2015-04-10
2015-06-26 04:07:55,516 Starting Q Learning for : 
2015-06-26 04:07:55,517 alpha = 0.4
2015-06-26 04:07:55,517 gamma = 0.4
2015-06-26 04:07:55,517 individual factor = 8
2015-06-26 04:07:55,517 zero range = 0.01
2015-06-26 04:07:55,517 greedy level = 5
2015-06-26 04:07:55,517 

2015-06-26 04:08:02,144 Starting Training from 2014-12-17 to 2015-01-01
2015-06-26 04:21:23,459 Starting Live from 2015-01-02 to 2015-02-01
2015-06-26 04:45:51,510 Starting Training from 2015-01-17 to 2015-02-01
2015-06-26 04:47:06,641 Starting Live from 2015-02-02 to 2015-03-04
2015-06-26 05:16:12,976 Starting Training from 2015-02-17 to 2015-03-04
2015-06-26 05:18:00,664 Starting Live from 2015-03-05 to 2015-04-04
2015-06-26 05:51:30,799 Starting Training from 2015-03-20 to 2015-04-04
2015-06-26 05:52:53,698 Starting Live from 2015-04-05 to 2015-04-10
2015-06-26 06:02:46,434 Starting Q Learning for : 
2015-06-26 06:02:46,436 alpha = 0.4
2015-06-26 06:02:46,436 gamma = 0.5
2015-06-26 06:02:46,436 individual factor = 8
2015-06-26 06:02:46,436 zero range = 0.01
2015-06-26 06:02:46,436 greedy level = 5
2015-06-26 06:02:46,436 

2015-06-26 06:02:52,470 Starting Training from 2014-12-17 to 2015-01-01
2015-06-26 06:15:55,115 Starting Live from 2015-01-02 to 2015-02-01
2015-06-26 06:40:37,762 Starting Training from 2015-01-17 to 2015-02-01
2015-06-26 06:41:54,979 Starting Live from 2015-02-02 to 2015-03-04
2015-06-26 07:10:10,194 Starting Training from 2015-02-17 to 2015-03-04
2015-06-26 07:11:56,359 Starting Live from 2015-03-05 to 2015-04-04
2015-06-26 07:43:04,556 Starting Training from 2015-03-20 to 2015-04-04
2015-06-26 07:44:20,131 Starting Live from 2015-04-05 to 2015-04-10
2015-06-26 07:53:14,177 Starting Q Learning for : 
2015-06-26 07:53:14,177 alpha = 0.2
2015-06-26 07:53:14,177 gamma = 0.5
2015-06-26 07:53:14,177 individual factor = 8
2015-06-26 07:53:14,177 zero range = 0.01
2015-06-26 07:53:14,177 greedy level = 5
2015-06-26 07:53:14,177 

2015-06-26 07:53:20,976 Starting Training from 2014-12-17 to 2015-01-01
2015-06-26 08:05:51,756 Starting Live from 2015-01-02 to 2015-02-01
2015-06-26 08:30:28,233 Starting Training from 2015-01-17 to 2015-02-01
2015-06-26 08:31:40,207 Starting Live from 2015-02-02 to 2015-03-04
2015-06-26 09:00:33,667 Starting Training from 2015-02-17 to 2015-03-04
2015-06-26 09:02:14,861 Starting Live from 2015-03-05 to 2015-04-04
2015-06-26 09:36:35,051 Starting Training from 2015-03-20 to 2015-04-04
2015-06-26 09:37:50,905 Starting Live from 2015-04-05 to 2015-04-10
2015-06-26 09:47:10,971 Starting Q Learning for : 
2015-06-26 09:47:10,973 alpha = 0.2
2015-06-26 09:47:10,973 gamma = 0.6
2015-06-26 09:47:10,973 individual factor = 8
2015-06-26 09:47:10,973 zero range = 0.01
2015-06-26 09:47:10,973 greedy level = 5
2015-06-26 09:47:10,973 

2015-06-26 09:47:17,108 Starting Training from 2014-12-17 to 2015-01-01
2015-06-26 10:00:18,519 Starting Live from 2015-01-02 to 2015-02-01
2015-06-26 10:24:27,144 Starting Training from 2015-01-17 to 2015-02-01
2015-06-26 10:25:41,114 Starting Live from 2015-02-02 to 2015-03-04
2015-06-26 10:53:40,926 Starting Training from 2015-02-17 to 2015-03-04
2015-06-26 10:55:21,095 Starting Live from 2015-03-05 to 2015-04-04
2015-06-26 11:26:47,632 Starting Training from 2015-03-20 to 2015-04-04
2015-06-26 11:28:07,153 Starting Live from 2015-04-05 to 2015-04-10
2015-06-26 11:37:07,131 Starting Q Learning for : 
2015-06-26 11:37:07,131 alpha = 0.2
2015-06-26 11:37:07,131 gamma = 0.7
2015-06-26 11:37:07,131 individual factor = 8
2015-06-26 11:37:07,131 zero range = 0.01
2015-06-26 11:37:07,131 greedy level = 5
2015-06-26 11:37:07,131 

2015-06-26 11:37:12,869 Starting Training from 2014-12-17 to 2015-01-01
2015-06-26 11:49:39,444 Starting Live from 2015-01-02 to 2015-02-01
2015-06-26 12:13:49,796 Starting Training from 2015-01-17 to 2015-02-01
2015-06-26 12:15:01,065 Starting Live from 2015-02-02 to 2015-03-04
2015-06-26 12:43:17,062 Starting Training from 2015-02-17 to 2015-03-04
2015-06-26 12:44:56,463 Starting Live from 2015-03-05 to 2015-04-04
2015-06-26 13:16:22,413 Starting Training from 2015-03-20 to 2015-04-04
2015-06-26 13:17:52,927 Starting Live from 2015-04-05 to 2015-04-10
2015-06-26 13:27:06,878 Starting Q Learning for : 
2015-06-26 13:27:06,878 alpha = 0.2
2015-06-26 13:27:06,878 gamma = 0.8
2015-06-26 13:27:06,878 individual factor = 8
2015-06-26 13:27:06,878 zero range = 0.01
2015-06-26 13:27:06,878 greedy level = 5
2015-06-26 13:27:06,880 

2015-06-26 13:27:13,701 Starting Training from 2014-12-17 to 2015-01-01
2015-06-26 13:40:18,823 Starting Live from 2015-01-02 to 2015-02-01
2015-06-26 14:04:27,970 Starting Training from 2015-01-17 to 2015-02-01
2015-06-26 14:05:43,499 Starting Live from 2015-02-02 to 2015-03-04
2015-06-26 14:33:49,579 Starting Training from 2015-02-17 to 2015-03-04
2015-06-26 14:35:36,460 Starting Live from 2015-03-05 to 2015-04-04
2015-06-26 15:07:39,196 Starting Training from 2015-03-20 to 2015-04-04
2015-06-26 15:09:20,757 Starting Live from 2015-04-05 to 2015-04-10
2015-06-26 15:18:52,322 Starting Q Learning for : 
2015-06-26 15:18:52,322 alpha = 0.8
2015-06-26 15:18:52,322 gamma = 0.1
2015-06-26 15:18:52,322 individual factor = 8
2015-06-26 15:18:52,322 zero range = 0.01
2015-06-26 15:18:52,322 greedy level = 5
2015-06-26 15:18:52,322 

2015-06-26 15:19:02,640 Starting Training from 2014-12-17 to 2015-01-01
2015-06-26 15:31:42,815 Starting Live from 2015-01-02 to 2015-02-01
2015-06-26 15:56:58,466 Starting Training from 2015-01-17 to 2015-02-01
2015-06-26 15:58:14,328 Starting Live from 2015-02-02 to 2015-03-04
2015-06-26 16:27:11,015 Starting Training from 2015-02-17 to 2015-03-04
2015-06-26 16:28:53,457 Starting Live from 2015-03-05 to 2015-04-04
2015-06-26 17:02:40,664 Starting Training from 2015-03-20 to 2015-04-04
2015-06-26 17:04:01,589 Starting Live from 2015-04-05 to 2015-04-10
2015-06-26 17:13:13,726 Starting Q Learning for : 
2015-06-26 17:13:13,726 alpha = 0.8
2015-06-26 17:13:13,726 gamma = 0.2
2015-06-26 17:13:13,726 individual factor = 8
2015-06-26 17:13:13,726 zero range = 0.01
2015-06-26 17:13:13,726 greedy level = 5
2015-06-26 17:13:13,726 

2015-06-26 17:13:19,558 Starting Training from 2014-12-17 to 2015-01-01
2015-06-26 17:25:42,624 Starting Live from 2015-01-02 to 2015-02-01
2015-06-26 17:49:33,773 Starting Training from 2015-01-17 to 2015-02-01
2015-06-26 17:50:46,529 Starting Live from 2015-02-02 to 2015-03-04
2015-06-26 18:19:24,918 Starting Training from 2015-02-17 to 2015-03-04
2015-06-26 18:21:12,443 Starting Live from 2015-03-05 to 2015-04-04
2015-06-26 18:51:26,213 Starting Training from 2015-03-20 to 2015-04-04
2015-06-26 18:52:43,078 Starting Live from 2015-04-05 to 2015-04-10
2015-06-26 19:02:24,131 Starting Q Learning for : 
2015-06-26 19:02:24,131 alpha = 0.8
2015-06-26 19:02:24,131 gamma = 0.3
2015-06-26 19:02:24,131 individual factor = 8
2015-06-26 19:02:24,131 zero range = 0.01
2015-06-26 19:02:24,132 greedy level = 5
2015-06-26 19:02:24,132 

2015-06-26 19:02:30,438 Starting Training from 2014-12-17 to 2015-01-01
2015-06-26 19:14:20,190 Starting Live from 2015-01-02 to 2015-02-01
2015-06-26 19:38:07,125 Starting Training from 2015-01-17 to 2015-02-01
2015-06-26 19:39:34,336 Starting Live from 2015-02-02 to 2015-03-04
2015-06-26 20:08:18,184 Starting Training from 2015-02-17 to 2015-03-04
2015-06-26 20:10:03,276 Starting Live from 2015-03-05 to 2015-04-04
2015-06-26 20:42:40,661 Starting Training from 2015-03-20 to 2015-04-04
2015-06-26 20:44:04,000 Starting Live from 2015-04-05 to 2015-04-10
2015-06-26 20:54:20,835 Starting Q Learning for : 
2015-06-26 20:54:20,835 alpha = 0.6
2015-06-26 20:54:20,835 gamma = 0.2
2015-06-26 20:54:20,835 individual factor = 8
2015-06-26 20:54:20,835 zero range = 0.006
2015-06-26 20:54:20,835 greedy level = 5
2015-06-26 20:54:20,835 

2015-06-26 20:54:27,720 Starting Training from 2014-12-17 to 2015-01-01
2015-06-26 21:06:49,637 Starting Live from 2015-01-02 to 2015-02-01
2015-06-26 21:31:39,408 Starting Training from 2015-01-17 to 2015-02-01
2015-06-26 21:32:58,989 Starting Live from 2015-02-02 to 2015-03-04
2015-06-26 22:02:10,122 Starting Training from 2015-02-17 to 2015-03-04
2015-06-26 22:03:54,763 Starting Live from 2015-03-05 to 2015-04-04
2015-06-26 22:34:44,565 Starting Training from 2015-03-20 to 2015-04-04
2015-06-26 22:36:10,369 Starting Live from 2015-04-05 to 2015-04-10
2015-06-26 22:46:00,556 Starting Q Learning for : 
2015-06-26 22:46:00,556 alpha = 0.6
2015-06-26 22:46:00,556 gamma = 0.3
2015-06-26 22:46:00,556 individual factor = 8
2015-06-26 22:46:00,556 zero range = 0.006
2015-06-26 22:46:00,556 greedy level = 5
2015-06-26 22:46:00,556 

2015-06-26 22:46:07,825 Starting Training from 2014-12-17 to 2015-01-01
2015-06-26 22:58:02,821 Starting Live from 2015-01-02 to 2015-02-01
2015-06-26 23:22:27,453 Starting Training from 2015-01-17 to 2015-02-01
2015-06-26 23:23:43,640 Starting Live from 2015-02-02 to 2015-03-04
2015-06-26 23:53:24,434 Starting Training from 2015-02-17 to 2015-03-04
2015-06-26 23:55:15,476 Starting Live from 2015-03-05 to 2015-04-04
2015-06-27 00:30:36,476 Starting Training from 2015-03-20 to 2015-04-04
2015-06-27 00:31:54,397 Starting Live from 2015-04-05 to 2015-04-10
2015-06-27 00:42:18,178 Starting Q Learning for : 
2015-06-27 00:42:18,178 alpha = 0.6
2015-06-27 00:42:18,178 gamma = 0.4
2015-06-27 00:42:18,178 individual factor = 8
2015-06-27 00:42:18,178 zero range = 0.006
2015-06-27 00:42:18,180 greedy level = 5
2015-06-27 00:42:18,180 

2015-06-27 00:42:24,309 Starting Training from 2014-12-17 to 2015-01-01
2015-06-27 00:54:14,450 Starting Live from 2015-01-02 to 2015-02-01
2015-06-27 01:17:54,650 Starting Training from 2015-01-17 to 2015-02-01
2015-06-27 01:19:09,174 Starting Live from 2015-02-02 to 2015-03-04
2015-06-27 01:48:01,638 Starting Training from 2015-02-17 to 2015-03-04
2015-06-27 01:49:52,723 Starting Live from 2015-03-05 to 2015-04-04
2015-06-27 02:20:37,006 Starting Training from 2015-03-20 to 2015-04-04
2015-06-27 02:21:56,135 Starting Live from 2015-04-05 to 2015-04-10
2015-06-27 02:31:25,990 Starting Q Learning for : 
2015-06-27 02:31:25,990 alpha = 0.6
2015-06-27 02:31:25,990 gamma = 0.5
2015-06-27 02:31:25,990 individual factor = 8
2015-06-27 02:31:25,990 zero range = 0.006
2015-06-27 02:31:25,990 greedy level = 5
2015-06-27 02:31:25,990 

2015-06-27 02:31:34,881 Starting Training from 2014-12-17 to 2015-01-01
2015-06-27 02:44:00,839 Starting Live from 2015-01-02 to 2015-02-01
2015-06-27 03:08:16,910 Starting Training from 2015-01-17 to 2015-02-01
2015-06-27 03:09:31,381 Starting Live from 2015-02-02 to 2015-03-04
2015-06-27 03:37:44,371 Starting Training from 2015-02-17 to 2015-03-04
2015-06-27 03:39:57,440 Starting Live from 2015-03-05 to 2015-04-04
2015-06-27 04:11:59,805 Starting Training from 2015-03-20 to 2015-04-04
2015-06-27 04:13:21,779 Starting Live from 2015-04-05 to 2015-04-10
2015-06-27 04:22:27,655 Starting Q Learning for : 
2015-06-27 04:22:27,655 alpha = 0.6
2015-06-27 04:22:27,657 gamma = 0.6
2015-06-27 04:22:27,657 individual factor = 8
2015-06-27 04:22:27,657 zero range = 0.006
2015-06-27 04:22:27,657 greedy level = 5
2015-06-27 04:22:27,657 

2015-06-27 04:22:35,158 Starting Training from 2014-12-17 to 2015-01-01
2015-06-27 04:35:16,431 Starting Live from 2015-01-02 to 2015-02-01
2015-06-27 04:59:33,815 Starting Training from 2015-01-17 to 2015-02-01
2015-06-27 05:00:43,059 Starting Live from 2015-02-02 to 2015-03-04
2015-06-27 05:29:08,515 Starting Training from 2015-02-17 to 2015-03-04
2015-06-27 05:30:49,069 Starting Live from 2015-03-05 to 2015-04-04
2015-06-27 06:05:03,177 Starting Training from 2015-03-20 to 2015-04-04
2015-06-27 06:06:26,884 Starting Live from 2015-04-05 to 2015-04-10
2015-06-27 06:15:58,256 Starting Q Learning for : 
2015-06-27 06:15:58,256 alpha = 0.6
2015-06-27 06:15:58,256 gamma = 0.7
2015-06-27 06:15:58,256 individual factor = 8
2015-06-27 06:15:58,256 zero range = 0.006
2015-06-27 06:15:58,256 greedy level = 5
2015-06-27 06:15:58,256 

2015-06-27 06:16:05,628 Starting Training from 2014-12-17 to 2015-01-01
2015-06-27 06:28:33,463 Starting Live from 2015-01-02 to 2015-02-01
2015-06-27 06:52:07,296 Starting Training from 2015-01-17 to 2015-02-01
2015-06-27 06:53:15,480 Starting Live from 2015-02-02 to 2015-03-04
2015-06-27 07:20:48,369 Starting Training from 2015-02-17 to 2015-03-04
2015-06-27 07:22:29,516 Starting Live from 2015-03-05 to 2015-04-04
2015-06-27 07:54:41,970 Starting Training from 2015-03-20 to 2015-04-04
2015-06-27 07:56:03,243 Starting Live from 2015-04-05 to 2015-04-10
2015-06-27 08:05:09,658 Starting Q Learning for : 
2015-06-27 08:05:09,658 alpha = 0.6
2015-06-27 08:05:09,658 gamma = 0.8
2015-06-27 08:05:09,658 individual factor = 8
2015-06-27 08:05:09,658 zero range = 0.006
2015-06-27 08:05:09,658 greedy level = 5
2015-06-27 08:05:09,660 

2015-06-27 08:05:15,888 Starting Training from 2014-12-17 to 2015-01-01
2015-06-27 08:18:20,086 Starting Live from 2015-01-02 to 2015-02-01
2015-06-27 08:42:32,572 Starting Training from 2015-01-17 to 2015-02-01
2015-06-27 08:43:49,164 Starting Live from 2015-02-02 to 2015-03-04
2015-06-27 09:11:22,778 Starting Training from 2015-02-17 to 2015-03-04
2015-06-27 09:13:04,193 Starting Live from 2015-03-05 to 2015-04-04
2015-06-27 09:41:40,361 Starting Training from 2015-03-20 to 2015-04-04
2015-06-27 09:42:53,992 Starting Live from 2015-04-05 to 2015-04-10
2015-06-27 09:52:12,380 Starting Q Learning for : 
2015-06-27 09:52:12,380 alpha = 0.2
2015-06-27 09:52:12,380 gamma = 0.7
2015-06-27 09:52:12,380 individual factor = 8
2015-06-27 09:52:12,380 zero range = 0.006
2015-06-27 09:52:12,380 greedy level = 5
2015-06-27 09:52:12,380 

2015-06-27 09:52:20,359 Starting Training from 2014-12-17 to 2015-01-01
2015-06-27 10:04:05,937 Starting Live from 2015-01-02 to 2015-02-01
2015-06-27 10:28:06,960 Starting Training from 2015-01-17 to 2015-02-01
2015-06-27 10:29:25,792 Starting Live from 2015-02-02 to 2015-03-04
2015-06-27 10:57:49,561 Starting Training from 2015-02-17 to 2015-03-04
2015-06-27 10:59:31,108 Starting Live from 2015-03-05 to 2015-04-04
2015-06-27 11:29:25,391 Starting Training from 2015-03-20 to 2015-04-04
2015-06-27 11:30:43,595 Starting Live from 2015-04-05 to 2015-04-10
2015-06-27 11:40:08,141 Starting Q Learning for : 
2015-06-27 11:40:08,141 alpha = 0.2
2015-06-27 11:40:08,141 gamma = 0.8
2015-06-27 11:40:08,141 individual factor = 8
2015-06-27 11:40:08,141 zero range = 0.006
2015-06-27 11:40:08,141 greedy level = 5
2015-06-27 11:40:08,141 

2015-06-27 11:40:16,230 Starting Training from 2014-12-17 to 2015-01-01
2015-06-27 11:52:18,295 Starting Live from 2015-01-02 to 2015-02-01
2015-06-27 12:15:56,821 Starting Training from 2015-01-17 to 2015-02-01
2015-06-27 12:17:09,029 Starting Live from 2015-02-02 to 2015-03-04
2015-06-27 12:45:00,973 Starting Training from 2015-02-17 to 2015-03-04
2015-06-27 12:46:50,229 Starting Live from 2015-03-05 to 2015-04-04
2015-06-27 13:18:22,454 Starting Training from 2015-03-20 to 2015-04-04
2015-06-27 13:19:41,374 Starting Live from 2015-04-05 to 2015-04-10
2015-06-27 13:28:45,858 Starting Q Learning for : 
2015-06-27 13:28:45,858 alpha = 0.8
2015-06-27 13:28:45,858 gamma = 0.1
2015-06-27 13:28:45,858 individual factor = 8
2015-06-27 13:28:45,858 zero range = 0.006
2015-06-27 13:28:45,858 greedy level = 5
2015-06-27 13:28:45,858 

2015-06-27 13:28:52,012 Starting Training from 2014-12-17 to 2015-01-01
2015-06-27 13:41:29,598 Starting Live from 2015-01-02 to 2015-02-01
2015-06-27 14:05:17,039 Starting Training from 2015-01-17 to 2015-02-01
2015-06-27 14:06:28,898 Starting Live from 2015-02-02 to 2015-03-04
2015-06-27 14:33:16,240 Starting Training from 2015-02-17 to 2015-03-04
2015-06-27 14:34:47,657 Starting Live from 2015-03-05 to 2015-04-04
2015-06-27 15:18:32,322 Starting Training from 2015-03-20 to 2015-04-04
2015-06-27 15:20:02,622 Starting Live from 2015-04-05 to 2015-04-10
2015-06-27 15:32:36,859 Starting Q Learning for : 
2015-06-27 15:32:36,859 alpha = 0.8
2015-06-27 15:32:36,859 gamma = 0.2
2015-06-27 15:32:36,859 individual factor = 8
2015-06-27 15:32:36,859 zero range = 0.006
2015-06-27 15:32:36,859 greedy level = 5
2015-06-27 15:32:36,859 

2015-06-27 15:32:42,714 Starting Training from 2014-12-17 to 2015-01-01
2015-06-27 15:45:17,131 Starting Live from 2015-01-02 to 2015-02-01
2015-06-27 16:09:26,404 Starting Training from 2015-01-17 to 2015-02-01
2015-06-27 16:10:41,750 Starting Live from 2015-02-02 to 2015-03-04
2015-06-27 16:39:39,605 Starting Training from 2015-02-17 to 2015-03-04
2015-06-27 16:41:21,878 Starting Live from 2015-03-05 to 2015-04-04
2015-06-27 17:12:08,980 Starting Training from 2015-03-20 to 2015-04-04
2015-06-27 17:13:24,121 Starting Live from 2015-04-05 to 2015-04-10
2015-06-27 17:22:48,960 Starting Q Learning for : 
2015-06-27 17:22:48,960 alpha = 0.8
2015-06-27 17:22:48,960 gamma = 0.3
2015-06-27 17:22:48,960 individual factor = 8
2015-06-27 17:22:48,960 zero range = 0.006
2015-06-27 17:22:48,960 greedy level = 5
2015-06-27 17:22:48,960 

2015-06-27 17:22:57,101 Starting Training from 2014-12-17 to 2015-01-01
2015-06-27 17:34:42,453 Starting Live from 2015-01-02 to 2015-02-01
2015-06-27 17:57:46,644 Starting Training from 2015-01-17 to 2015-02-01
2015-06-27 17:58:56,119 Starting Live from 2015-02-02 to 2015-03-04
2015-06-27 18:26:55,687 Starting Training from 2015-02-17 to 2015-03-04
2015-06-27 18:29:03,641 Starting Live from 2015-03-05 to 2015-04-04
2015-06-27 19:02:43,496 Starting Training from 2015-03-20 to 2015-04-04
2015-06-27 19:04:05,516 Starting Live from 2015-04-05 to 2015-04-10
2015-06-27 19:13:22,253 Starting Q Learning for : 
2015-06-27 19:13:22,253 alpha = 0.8
2015-06-27 19:13:22,253 gamma = 0.4
2015-06-27 19:13:22,253 individual factor = 8
2015-06-27 19:13:22,253 zero range = 0.006
2015-06-27 19:13:22,253 greedy level = 5
2015-06-27 19:13:22,253 

2015-06-27 19:13:30,039 Starting Training from 2014-12-17 to 2015-01-01
2015-06-27 19:26:13,183 Starting Live from 2015-01-02 to 2015-02-01
2015-06-27 19:50:28,016 Starting Training from 2015-01-17 to 2015-02-01
2015-06-27 19:51:43,046 Starting Live from 2015-02-02 to 2015-03-04
2015-06-27 20:18:57,759 Starting Training from 2015-02-17 to 2015-03-04
2015-06-27 20:20:37,334 Starting Live from 2015-03-05 to 2015-04-04
2015-06-27 20:51:33,677 Starting Training from 2015-03-20 to 2015-04-04
2015-06-27 20:52:51,812 Starting Live from 2015-04-05 to 2015-04-10
2015-06-27 21:01:53,625 Starting Q Learning for : 
2015-06-27 21:01:53,625 alpha = 0.8
2015-06-27 21:01:53,625 gamma = 0.5
2015-06-27 21:01:53,625 individual factor = 8
2015-06-27 21:01:53,625 zero range = 0.006
2015-06-27 21:01:53,625 greedy level = 5
2015-06-27 21:01:53,625 

2015-06-27 21:02:00,085 Starting Training from 2014-12-17 to 2015-01-01
2015-06-27 21:14:20,319 Starting Live from 2015-01-02 to 2015-02-01
2015-06-27 21:38:12,464 Starting Training from 2015-01-17 to 2015-02-01
2015-06-27 21:39:21,559 Starting Live from 2015-02-02 to 2015-03-04
2015-06-27 22:06:57,654 Starting Training from 2015-02-17 to 2015-03-04
2015-06-27 22:08:37,102 Starting Live from 2015-03-05 to 2015-04-04
2015-06-27 22:41:06,029 Starting Training from 2015-03-20 to 2015-04-04
2015-06-27 22:42:17,279 Starting Live from 2015-04-05 to 2015-04-10
