2015-06-30 14:36:31,601 Starting mtm calculation
2015-06-30 14:36:31,601 Calculating mtm for 2014-12-01
2015-06-30 14:36:34,702 Calculating mtm for 2014-12-02
2015-06-30 14:36:37,977 Calculating mtm for 2014-12-03
2015-06-30 14:36:41,558 Calculating mtm for 2014-12-04
2015-06-30 14:36:46,244 Calculating mtm for 2014-12-05
2015-06-30 14:36:47,823 Calculating mtm for 2014-12-06
2015-06-30 14:36:47,827 Calculating mtm for 2014-12-07
2015-06-30 14:36:47,831 Calculating mtm for 2014-12-08
2015-06-30 14:36:50,337 Calculating mtm for 2014-12-09
2015-06-30 14:36:55,235 Calculating mtm for 2014-12-10
2015-06-30 14:36:55,836 Calculating mtm for 2014-12-11
2015-06-30 14:36:57,726 Calculating mtm for 2014-12-12
2015-06-30 14:37:02,281 Calculating mtm for 2014-12-13
2015-06-30 14:37:02,285 Calculating mtm for 2014-12-14
2015-06-30 14:37:02,288 Calculating mtm for 2014-12-15
2015-06-30 14:37:03,297 Calculating mtm for 2014-12-16
2015-06-30 14:37:07,963 Calculating mtm for 2014-12-17
2015-06-30 14:37:10,516 Calculating mtm for 2014-12-18
2015-06-30 14:37:11,209 Calculating mtm for 2014-12-19
2015-06-30 14:37:11,340 Calculating mtm for 2014-12-20
2015-06-30 14:37:11,342 Calculating mtm for 2014-12-21
2015-06-30 14:37:11,344 Calculating mtm for 2014-12-22
2015-06-30 14:37:12,447 Calculating mtm for 2014-12-23
2015-06-30 14:37:12,827 Calculating mtm for 2014-12-24
2015-06-30 14:37:13,210 Calculating mtm for 2014-12-25
2015-06-30 14:37:13,212 Calculating mtm for 2014-12-26
2015-06-30 14:37:13,461 Calculating mtm for 2014-12-27
2015-06-30 14:37:13,464 Calculating mtm for 2014-12-28
2015-06-30 14:37:13,467 Calculating mtm for 2014-12-29
2015-06-30 14:37:14,119 Calculating mtm for 2014-12-30
2015-06-30 14:37:14,337 Calculating mtm for 2014-12-31
2015-06-30 14:37:14,487 Calculating mtm for 2015-01-01
2015-06-30 14:37:15,071 Calculating mtm for 2015-01-02
2015-06-30 14:37:15,421 Calculating mtm for 2015-01-03
2015-06-30 14:37:15,424 Calculating mtm for 2015-01-04
2015-06-30 14:37:15,433 Calculating mtm for 2015-01-05
2015-06-30 14:37:15,955 Calculating mtm for 2015-01-06
2015-06-30 14:37:16,239 Calculating mtm for 2015-01-07
2015-06-30 14:37:16,572 Calculating mtm for 2015-01-08
2015-06-30 14:37:16,806 Calculating mtm for 2015-01-09
2015-06-30 14:37:17,482 Calculating mtm for 2015-01-10
2015-06-30 14:37:17,485 Calculating mtm for 2015-01-11
2015-06-30 14:37:17,488 Calculating mtm for 2015-01-12
2015-06-30 14:37:18,157 Calculating mtm for 2015-01-13
2015-06-30 14:37:19,216 Calculating mtm for 2015-01-14
2015-06-30 14:37:20,476 Calculating mtm for 2015-01-15
2015-06-30 14:37:21,227 Calculating mtm for 2015-01-16
2015-06-30 14:37:21,972 Calculating mtm for 2015-01-17
2015-06-30 14:37:21,974 Calculating mtm for 2015-01-18
2015-06-30 14:37:21,978 Calculating mtm for 2015-01-19
2015-06-30 14:37:22,411 Calculating mtm for 2015-01-20
2015-06-30 14:37:22,661 Calculating mtm for 2015-01-21
2015-06-30 14:37:23,520 Calculating mtm for 2015-01-22
2015-06-30 14:37:24,279 Calculating mtm for 2015-01-23
2015-06-30 14:37:24,963 Calculating mtm for 2015-01-24
2015-06-30 14:37:24,967 Calculating mtm for 2015-01-25
2015-06-30 14:37:24,971 Calculating mtm for 2015-01-26
2015-06-30 14:37:24,974 Calculating mtm for 2015-01-27
2015-06-30 14:37:25,539 Calculating mtm for 2015-01-28
2015-06-30 14:37:25,872 Calculating mtm for 2015-01-29
2015-06-30 14:37:26,373 Calculating mtm for 2015-01-30
2015-06-30 14:37:27,157 Calculating mtm for 2015-01-31
2015-06-30 14:37:27,161 Calculating mtm for 2015-02-01
2015-06-30 14:37:27,164 Calculating mtm for 2015-02-02
2015-06-30 14:37:27,758 Calculating mtm for 2015-02-03
2015-06-30 14:37:28,074 Calculating mtm for 2015-02-04
2015-06-30 14:37:28,917 Calculating mtm for 2015-02-05
2015-06-30 14:37:29,819 Calculating mtm for 2015-02-06
2015-06-30 14:37:30,276 Calculating mtm for 2015-02-07
2015-06-30 14:37:30,282 Calculating mtm for 2015-02-08
2015-06-30 14:37:30,287 Calculating mtm for 2015-02-09
2015-06-30 14:37:31,945 Calculating mtm for 2015-02-10
2015-06-30 14:37:37,108 Updating ranks for walkforward - 1
2015-06-30 14:38:02,029 Updating ranks for walkforward - 2
2015-06-30 14:38:27,650 Updating ranks for walkforward - 3
2015-06-30 14:38:53,120 Done Ranking. Calling processes now.
2015-06-30 14:38:53,121 Starting Q Learning for : 
2015-06-30 14:38:53,121 alpha = 0.5
2015-06-30 14:38:53,122 gamma = 0.1
2015-06-30 14:38:53,122 individual factor = 10
2015-06-30 14:38:53,122 zero range = 0.002
2015-06-30 14:38:53,122 greedy level = 5
2015-06-30 14:38:53,122 

2015-06-30 14:38:53,122 Starting Q Learning for : 
2015-06-30 14:38:53,122 Starting Q Learning for : 
2015-06-30 14:38:53,122 alpha = 0.4
2015-06-30 14:38:53,122 alpha = 0.6
2015-06-30 14:38:53,122 gamma = 0.3
2015-06-30 14:38:53,122 gamma = 0.5
2015-06-30 14:38:53,122 individual factor = 10
2015-06-30 14:38:53,122 individual factor = 10
2015-06-30 14:38:53,122 zero range = 0.002
2015-06-30 14:38:53,122 zero range = 0.002
2015-06-30 14:38:53,122 greedy level = 5
2015-06-30 14:38:53,122 greedy level = 5
2015-06-30 14:38:53,123 

2015-06-30 14:38:53,123 

2015-06-30 14:38:55,042 Starting Training from 2015-01-01 to 2015-01-31
2015-06-30 14:38:55,043 Starting Training from 2015-01-01 to 2015-01-31
2015-06-30 14:38:55,311 Starting Training from 2015-01-01 to 2015-01-31
2015-06-30 14:56:53,522 Starting Live from 2015-02-01 to 2015-03-03
2015-06-30 14:56:57,319 Starting Live from 2015-02-01 to 2015-03-03
2015-06-30 14:56:57,589 Starting Live from 2015-02-01 to 2015-03-03
2015-06-30 15:23:30,856 Starting Training from 2015-02-01 to 2015-03-03
2015-06-30 15:23:32,811 Starting Training from 2015-02-01 to 2015-03-03
2015-06-30 15:23:40,307 Starting Training from 2015-02-01 to 2015-03-03
2015-06-30 15:24:59,367 Starting Live from 2015-03-04 to 2015-04-03
2015-06-30 15:25:01,177 Starting Live from 2015-03-04 to 2015-04-03
2015-06-30 15:25:08,933 Starting Live from 2015-03-04 to 2015-04-03
2015-06-30 15:44:57,724 Starting Training from 2015-03-04 to 2015-04-03
2015-06-30 15:45:24,757 Starting Training from 2015-03-04 to 2015-04-03
2015-06-30 15:45:36,014 Starting Training from 2015-03-04 to 2015-04-03
2015-06-30 15:46:32,199 Starting Live from 2015-04-04 to 2015-04-10
2015-06-30 15:46:55,869 Starting Live from 2015-04-04 to 2015-04-10
2015-06-30 15:47:06,637 Starting Live from 2015-04-04 to 2015-04-10
2015-06-30 15:48:48,877 Starting Q Learning for : 
2015-06-30 15:48:48,877 alpha = 0.4
2015-06-30 15:48:48,877 gamma = 0.4
2015-06-30 15:48:48,877 individual factor = 10
2015-06-30 15:48:48,877 zero range = 0.002
2015-06-30 15:48:48,877 greedy level = 5
2015-06-30 15:48:48,877 

2015-06-30 15:48:49,402 Starting Training from 2015-01-01 to 2015-01-31
2015-06-30 15:49:17,101 Starting Q Learning for : 
2015-06-30 15:49:17,101 alpha = 0.5
2015-06-30 15:49:17,101 gamma = 0.2
2015-06-30 15:49:17,101 individual factor = 10
2015-06-30 15:49:17,101 zero range = 0.002
2015-06-30 15:49:17,101 greedy level = 5
2015-06-30 15:49:17,101 

2015-06-30 15:49:18,145 Starting Training from 2015-01-01 to 2015-01-31
2015-06-30 15:49:30,031 Starting Q Learning for : 
2015-06-30 15:49:30,031 alpha = 0.6
2015-06-30 15:49:30,031 gamma = 0.6
2015-06-30 15:49:30,031 individual factor = 10
2015-06-30 15:49:30,031 zero range = 0.002
2015-06-30 15:49:30,031 greedy level = 5
2015-06-30 15:49:30,031 

2015-06-30 15:49:30,653 Starting Training from 2015-01-01 to 2015-01-31
2015-06-30 16:07:22,683 Starting Live from 2015-02-01 to 2015-03-03
2015-06-30 16:08:27,673 Starting Live from 2015-02-01 to 2015-03-03
2015-06-30 16:08:39,940 Starting Live from 2015-02-01 to 2015-03-03
2015-06-30 16:29:08,401 Starting Training from 2015-02-01 to 2015-03-03
2015-06-30 16:29:48,044 Starting Training from 2015-02-01 to 2015-03-03
2015-06-30 16:29:54,027 Starting Training from 2015-02-01 to 2015-03-03
2015-06-30 16:30:41,438 Starting Live from 2015-03-04 to 2015-04-03
2015-06-30 16:31:22,671 Starting Live from 2015-03-04 to 2015-04-03
2015-06-30 16:31:27,778 Starting Live from 2015-03-04 to 2015-04-03
2015-06-30 16:51:40,946 Starting Training from 2015-03-04 to 2015-04-03
2015-06-30 16:51:51,365 Starting Training from 2015-03-04 to 2015-04-03
2015-06-30 16:52:15,442 Starting Training from 2015-03-04 to 2015-04-03
2015-06-30 16:53:07,994 Starting Live from 2015-04-04 to 2015-04-10
2015-06-30 16:53:17,980 Starting Live from 2015-04-04 to 2015-04-10
2015-06-30 16:53:41,903 Starting Live from 2015-04-04 to 2015-04-10
2015-06-30 16:55:25,770 Starting Q Learning for : 
2015-06-30 16:55:25,770 alpha = 0.4
2015-06-30 16:55:25,770 gamma = 0.5
2015-06-30 16:55:25,770 individual factor = 10
2015-06-30 16:55:25,770 zero range = 0.002
2015-06-30 16:55:25,770 greedy level = 5
2015-06-30 16:55:25,770 

2015-06-30 16:55:26,807 Starting Training from 2015-01-01 to 2015-01-31
2015-06-30 16:55:29,527 Starting Q Learning for : 
2015-06-30 16:55:29,527 alpha = 0.5
2015-06-30 16:55:29,527 gamma = 0.3
2015-06-30 16:55:29,527 individual factor = 10
2015-06-30 16:55:29,527 zero range = 0.002
2015-06-30 16:55:29,527 greedy level = 5
2015-06-30 16:55:29,527 

2015-06-30 16:55:30,444 Starting Training from 2015-01-01 to 2015-01-31
2015-06-30 16:56:05,912 Starting Q Learning for : 
2015-06-30 16:56:05,912 alpha = 0.6
2015-06-30 16:56:05,912 gamma = 0.7
2015-06-30 16:56:05,912 individual factor = 10
2015-06-30 16:56:05,912 zero range = 0.002
2015-06-30 16:56:05,912 greedy level = 5
2015-06-30 16:56:05,912 

2015-06-30 16:56:06,571 Starting Training from 2015-01-01 to 2015-01-31
2015-06-30 17:14:03,827 Starting Live from 2015-02-01 to 2015-03-03
2015-06-30 17:14:10,853 Starting Live from 2015-02-01 to 2015-03-03
2015-06-30 17:15:18,967 Starting Live from 2015-02-01 to 2015-03-03
2015-06-30 17:35:46,025 Starting Training from 2015-02-01 to 2015-03-03
2015-06-30 17:35:50,882 Starting Training from 2015-02-01 to 2015-03-03
2015-06-30 17:36:25,655 Starting Training from 2015-02-01 to 2015-03-03
2015-06-30 17:37:20,745 Starting Live from 2015-03-04 to 2015-04-03
2015-06-30 17:37:27,289 Starting Live from 2015-03-04 to 2015-04-03
2015-06-30 17:38:01,490 Starting Live from 2015-03-04 to 2015-04-03
2015-06-30 17:57:25,610 Starting Training from 2015-03-04 to 2015-04-03
2015-06-30 17:57:29,317 Starting Training from 2015-03-04 to 2015-04-03
2015-06-30 17:58:03,797 Starting Training from 2015-03-04 to 2015-04-03
2015-06-30 17:58:55,731 Starting Live from 2015-04-04 to 2015-04-10
2015-06-30 17:58:56,870 Starting Live from 2015-04-04 to 2015-04-10
2015-06-30 17:59:30,102 Starting Live from 2015-04-04 to 2015-04-10
2015-06-30 18:01:11,879 Starting Q Learning for : 
2015-06-30 18:01:11,879 alpha = 0.5
2015-06-30 18:01:11,879 gamma = 0.4
2015-06-30 18:01:11,879 individual factor = 10
2015-06-30 18:01:11,879 zero range = 0.002
2015-06-30 18:01:11,879 greedy level = 5
2015-06-30 18:01:11,879 

2015-06-30 18:01:14,166 Starting Training from 2015-01-01 to 2015-01-31
2015-06-30 18:01:20,902 Starting Q Learning for : 
2015-06-30 18:01:20,902 alpha = 0.4
2015-06-30 18:01:20,902 gamma = 0.6
2015-06-30 18:01:20,902 individual factor = 10
2015-06-30 18:01:20,902 zero range = 0.002
2015-06-30 18:01:20,902 greedy level = 5
2015-06-30 18:01:20,903 

2015-06-30 18:01:21,457 Starting Training from 2015-01-01 to 2015-01-31
2015-06-30 18:01:56,301 Starting Q Learning for : 
2015-06-30 18:01:56,301 alpha = 0.6
2015-06-30 18:01:56,301 gamma = 0.8
2015-06-30 18:01:56,301 individual factor = 10
2015-06-30 18:01:56,301 zero range = 0.002
2015-06-30 18:01:56,301 greedy level = 5
2015-06-30 18:01:56,301 

2015-06-30 18:01:57,061 Starting Training from 2015-01-01 to 2015-01-31
2015-06-30 18:19:53,364 Starting Live from 2015-02-01 to 2015-03-03
2015-06-30 18:19:58,279 Starting Live from 2015-02-01 to 2015-03-03
2015-06-30 18:20:41,472 Starting Live from 2015-02-01 to 2015-03-03
2015-06-30 18:39:07,779 Starting Training from 2015-02-01 to 2015-03-03
2015-06-30 18:39:09,375 Starting Training from 2015-02-01 to 2015-03-03
2015-06-30 18:39:56,765 Starting Training from 2015-02-01 to 2015-03-03
2015-06-30 18:40:59,885 Starting Live from 2015-03-04 to 2015-04-03
2015-06-30 18:41:01,388 Starting Live from 2015-03-04 to 2015-04-03
2015-06-30 18:43:13,432 Starting Live from 2015-03-04 to 2015-04-03
2015-06-30 19:01:47,887 Starting Training from 2015-03-04 to 2015-04-03
2015-06-30 19:01:59,783 Starting Training from 2015-03-04 to 2015-04-03
2015-06-30 19:03:01,415 Starting Training from 2015-03-04 to 2015-04-03
2015-06-30 19:03:19,501 Starting Live from 2015-04-04 to 2015-04-10
2015-06-30 19:03:32,449 Starting Live from 2015-04-04 to 2015-04-10
2015-06-30 19:04:25,440 Starting Live from 2015-04-04 to 2015-04-10
2015-06-30 19:05:34,020 Starting Q Learning for : 
2015-06-30 19:05:34,020 alpha = 0.4
2015-06-30 19:05:34,020 gamma = 0.7
2015-06-30 19:05:34,020 individual factor = 10
2015-06-30 19:05:34,020 zero range = 0.002
2015-06-30 19:05:34,020 greedy level = 5
2015-06-30 19:05:34,020 

2015-06-30 19:05:34,979 Starting Training from 2015-01-01 to 2015-01-31
2015-06-30 19:05:47,671 Starting Q Learning for : 
2015-06-30 19:05:47,671 alpha = 0.5
2015-06-30 19:05:47,671 gamma = 0.5
2015-06-30 19:05:47,671 individual factor = 10
2015-06-30 19:05:47,671 zero range = 0.002
2015-06-30 19:05:47,671 greedy level = 5
2015-06-30 19:05:47,671 

2015-06-30 19:05:49,537 Starting Training from 2015-01-01 to 2015-01-31
2015-06-30 19:06:36,637 Starting Q Learning for : 
2015-06-30 19:06:36,637 alpha = 0.2
2015-06-30 19:06:36,637 gamma = 0.1
2015-06-30 19:06:36,637 individual factor = 10
2015-06-30 19:06:36,637 zero range = 0.002
2015-06-30 19:06:36,637 greedy level = 5
2015-06-30 19:06:36,637 

2015-06-30 19:06:37,562 Starting Training from 2015-01-01 to 2015-01-31
2015-06-30 19:23:35,656 Starting Live from 2015-02-01 to 2015-03-03
2015-06-30 19:23:42,903 Starting Live from 2015-02-01 to 2015-03-03
2015-06-30 19:24:21,229 Starting Live from 2015-02-01 to 2015-03-03
2015-06-30 19:42:15,406 Starting Training from 2015-02-01 to 2015-03-03
2015-06-30 19:42:21,677 Starting Training from 2015-02-01 to 2015-03-03
2015-06-30 19:42:50,706 Starting Training from 2015-02-01 to 2015-03-03
2015-06-30 19:43:45,698 Starting Live from 2015-03-04 to 2015-04-03
2015-06-30 19:43:51,806 Starting Live from 2015-03-04 to 2015-04-03
2015-06-30 19:44:20,325 Starting Live from 2015-03-04 to 2015-04-03
2015-06-30 20:02:36,366 Starting Training from 2015-03-04 to 2015-04-03
2015-06-30 20:02:49,450 Starting Training from 2015-03-04 to 2015-04-03
2015-06-30 20:03:13,166 Starting Training from 2015-03-04 to 2015-04-03
2015-06-30 20:04:02,370 Starting Live from 2015-04-04 to 2015-04-10
2015-06-30 20:04:14,802 Starting Live from 2015-04-04 to 2015-04-10
2015-06-30 20:04:40,157 Starting Live from 2015-04-04 to 2015-04-10
2015-06-30 20:07:00,709 Starting Q Learning for : 
2015-06-30 20:07:00,709 alpha = 0.4
2015-06-30 20:07:00,709 gamma = 0.8
2015-06-30 20:07:00,709 individual factor = 10
2015-06-30 20:07:00,709 zero range = 0.002
2015-06-30 20:07:00,709 greedy level = 5
2015-06-30 20:07:00,709 

2015-06-30 20:07:03,028 Starting Training from 2015-01-01 to 2015-01-31
2015-06-30 20:07:29,788 Starting Q Learning for : 
2015-06-30 20:07:29,788 alpha = 0.5
2015-06-30 20:07:29,789 gamma = 0.6
2015-06-30 20:07:29,789 individual factor = 10
2015-06-30 20:07:29,789 zero range = 0.002
2015-06-30 20:07:29,789 greedy level = 5
2015-06-30 20:07:29,789 

2015-06-30 20:07:31,385 Starting Training from 2015-01-01 to 2015-01-31
2015-06-30 20:08:31,740 Starting Q Learning for : 
2015-06-30 20:08:31,741 alpha = 0.2
2015-06-30 20:08:31,741 gamma = 0.2
2015-06-30 20:08:31,741 individual factor = 10
2015-06-30 20:08:31,741 zero range = 0.002
2015-06-30 20:08:31,741 greedy level = 5
2015-06-30 20:08:31,741 

2015-06-30 20:08:35,266 Starting Training from 2015-01-01 to 2015-01-31
2015-06-30 20:25:53,942 Starting Live from 2015-02-01 to 2015-03-03
2015-06-30 20:26:00,554 Starting Live from 2015-02-01 to 2015-03-03
2015-06-30 20:26:31,391 Starting Live from 2015-02-01 to 2015-03-03
2015-06-30 20:46:27,465 Starting Training from 2015-02-01 to 2015-03-03
2015-06-30 20:46:37,436 Starting Training from 2015-02-01 to 2015-03-03
2015-06-30 20:46:50,422 Starting Training from 2015-02-01 to 2015-03-03
2015-06-30 20:47:58,464 Starting Live from 2015-03-04 to 2015-04-03
2015-06-30 20:48:10,058 Starting Live from 2015-03-04 to 2015-04-03
2015-06-30 20:48:28,647 Starting Live from 2015-03-04 to 2015-04-03
2015-06-30 21:07:04,482 Starting Training from 2015-03-04 to 2015-04-03
2015-06-30 21:07:29,679 Starting Training from 2015-03-04 to 2015-04-03
2015-06-30 21:07:37,821 Starting Training from 2015-03-04 to 2015-04-03
2015-06-30 21:08:36,405 Starting Live from 2015-04-04 to 2015-04-10
2015-06-30 21:08:58,164 Starting Live from 2015-04-04 to 2015-04-10
2015-06-30 21:09:07,089 Starting Live from 2015-04-04 to 2015-04-10
2015-06-30 21:10:43,764 Starting Q Learning for : 
2015-06-30 21:10:43,764 alpha = 0.5
2015-06-30 21:10:43,764 gamma = 0.7
2015-06-30 21:10:43,764 individual factor = 10
2015-06-30 21:10:43,764 zero range = 0.002
2015-06-30 21:10:43,764 greedy level = 5
2015-06-30 21:10:43,765 

2015-06-30 21:10:44,412 Starting Training from 2015-01-01 to 2015-01-31
2015-06-30 21:11:09,029 Starting Q Learning for : 
2015-06-30 21:11:09,029 alpha = 0.2
2015-06-30 21:11:09,029 gamma = 0.3
2015-06-30 21:11:09,029 individual factor = 10
2015-06-30 21:11:09,029 zero range = 0.002
2015-06-30 21:11:09,029 greedy level = 5
2015-06-30 21:11:09,029 

2015-06-30 21:11:09,645 Starting Training from 2015-01-01 to 2015-01-31
2015-06-30 21:11:21,998 Starting Q Learning for : 
2015-06-30 21:11:21,998 alpha = 0.6
2015-06-30 21:11:21,998 gamma = 0.1
2015-06-30 21:11:21,998 individual factor = 10
2015-06-30 21:11:21,998 zero range = 0.002
2015-06-30 21:11:21,998 greedy level = 5
2015-06-30 21:11:21,998 

2015-06-30 21:11:22,571 Starting Training from 2015-01-01 to 2015-01-31
2015-06-30 21:28:27,766 Starting Live from 2015-02-01 to 2015-03-03
2015-06-30 21:28:50,945 Starting Live from 2015-02-01 to 2015-03-03
2015-06-30 21:29:02,551 Starting Live from 2015-02-01 to 2015-03-03
2015-06-30 21:47:53,121 Starting Training from 2015-02-01 to 2015-03-03
2015-06-30 21:47:54,982 Starting Training from 2015-02-01 to 2015-03-03
2015-06-30 21:48:17,842 Starting Training from 2015-02-01 to 2015-03-03
2015-06-30 21:51:08,198 Starting Live from 2015-03-04 to 2015-04-03
2015-06-30 21:51:10,599 Starting Live from 2015-03-04 to 2015-04-03
2015-06-30 21:52:07,354 Starting Live from 2015-03-04 to 2015-04-03
2015-06-30 22:10:22,826 Starting Training from 2015-03-04 to 2015-04-03
2015-06-30 22:11:29,483 Starting Training from 2015-03-04 to 2015-04-03
2015-06-30 22:11:34,284 Starting Training from 2015-03-04 to 2015-04-03
2015-06-30 22:12:23,960 Starting Live from 2015-04-04 to 2015-04-10
2015-06-30 22:12:53,705 Starting Live from 2015-04-04 to 2015-04-10
2015-06-30 22:12:57,961 Starting Live from 2015-04-04 to 2015-04-10
2015-06-30 22:14:41,526 Starting Q Learning for : 
2015-06-30 22:14:41,526 alpha = 0.2
2015-06-30 22:14:41,526 gamma = 0.4
2015-06-30 22:14:41,527 individual factor = 10
2015-06-30 22:14:41,527 zero range = 0.002
2015-06-30 22:14:41,527 greedy level = 5
2015-06-30 22:14:41,527 

2015-06-30 22:14:41,849 Starting Training from 2015-01-01 to 2015-01-31
2015-06-30 22:15:22,032 Starting Q Learning for : 
2015-06-30 22:15:22,033 alpha = 0.6
2015-06-30 22:15:22,033 gamma = 0.2
2015-06-30 22:15:22,033 individual factor = 10
2015-06-30 22:15:22,033 zero range = 0.002
2015-06-30 22:15:22,033 greedy level = 5
2015-06-30 22:15:22,033 

2015-06-30 22:15:22,833 Starting Training from 2015-01-01 to 2015-01-31
2015-06-30 22:15:23,948 Starting Q Learning for : 
2015-06-30 22:15:23,949 alpha = 0.5
2015-06-30 22:15:23,949 gamma = 0.8
2015-06-30 22:15:23,949 individual factor = 10
2015-06-30 22:15:23,949 zero range = 0.002
2015-06-30 22:15:23,949 greedy level = 5
2015-06-30 22:15:23,949 

2015-06-30 22:15:24,462 Starting Training from 2015-01-01 to 2015-01-31
2015-06-30 22:32:13,048 Starting Live from 2015-02-01 to 2015-03-03
2015-06-30 22:32:52,479 Starting Live from 2015-02-01 to 2015-03-03
2015-06-30 22:33:05,812 Starting Live from 2015-02-01 to 2015-03-03
2015-06-30 22:51:22,455 Starting Training from 2015-02-01 to 2015-03-03
2015-06-30 22:51:46,396 Starting Training from 2015-02-01 to 2015-03-03
2015-06-30 22:52:27,009 Starting Training from 2015-02-01 to 2015-03-03
2015-06-30 22:52:55,723 Starting Live from 2015-03-04 to 2015-04-03
2015-06-30 22:53:19,104 Starting Live from 2015-03-04 to 2015-04-03
2015-06-30 22:53:58,267 Starting Live from 2015-03-04 to 2015-04-03
2015-06-30 23:12:56,899 Starting Training from 2015-03-04 to 2015-04-03
2015-06-30 23:13:02,503 Starting Training from 2015-03-04 to 2015-04-03
2015-06-30 23:13:55,197 Starting Training from 2015-03-04 to 2015-04-03
2015-06-30 23:14:19,884 Starting Live from 2015-04-04 to 2015-04-10
2015-06-30 23:14:26,944 Starting Live from 2015-04-04 to 2015-04-10
2015-06-30 23:16:01,910 Starting Live from 2015-04-04 to 2015-04-10
2015-06-30 23:17:56,039 Starting Q Learning for : 
2015-06-30 23:17:56,039 alpha = 0.2
2015-06-30 23:17:56,039 gamma = 0.5
2015-06-30 23:17:56,039 individual factor = 10
2015-06-30 23:17:56,039 zero range = 0.002
2015-06-30 23:17:56,039 greedy level = 5
2015-06-30 23:17:56,039 

2015-06-30 23:17:57,780 Starting Training from 2015-01-01 to 2015-01-31
2015-06-30 23:18:16,920 Starting Q Learning for : 
2015-06-30 23:18:16,920 alpha = 0.6
2015-06-30 23:18:16,920 gamma = 0.3
2015-06-30 23:18:16,920 individual factor = 10
2015-06-30 23:18:16,920 zero range = 0.002
2015-06-30 23:18:16,920 greedy level = 5
2015-06-30 23:18:16,920 

2015-06-30 23:18:18,443 Starting Training from 2015-01-01 to 2015-01-31
2015-06-30 23:19:33,440 Starting Q Learning for : 
2015-06-30 23:19:33,440 alpha = 0.4
2015-06-30 23:19:33,440 gamma = 0.1
2015-06-30 23:19:33,440 individual factor = 10
2015-06-30 23:19:33,440 zero range = 0.002
2015-06-30 23:19:33,440 greedy level = 5
2015-06-30 23:19:33,440 

2015-06-30 23:19:33,746 Starting Training from 2015-01-01 to 2015-01-31
2015-06-30 23:35:46,124 Starting Live from 2015-02-01 to 2015-03-03
2015-06-30 23:36:05,124 Starting Live from 2015-02-01 to 2015-03-03
2015-06-30 23:37:23,886 Starting Live from 2015-02-01 to 2015-03-03
2015-06-30 23:55:15,799 Starting Training from 2015-02-01 to 2015-03-03
2015-06-30 23:55:32,954 Starting Training from 2015-02-01 to 2015-03-03
2015-06-30 23:56:23,187 Starting Training from 2015-02-01 to 2015-03-03
2015-06-30 23:56:52,483 Starting Live from 2015-03-04 to 2015-04-03
2015-06-30 23:57:11,860 Starting Live from 2015-03-04 to 2015-04-03
2015-06-30 23:57:55,414 Starting Live from 2015-03-04 to 2015-04-03
2015-07-01 00:16:15,359 Starting Training from 2015-03-04 to 2015-04-03
2015-07-01 00:16:24,386 Starting Training from 2015-03-04 to 2015-04-03
2015-07-01 00:17:10,926 Starting Training from 2015-03-04 to 2015-04-03
2015-07-01 00:17:43,879 Starting Live from 2015-04-04 to 2015-04-10
2015-07-01 00:18:10,432 Starting Live from 2015-04-04 to 2015-04-10
2015-07-01 00:18:40,451 Starting Live from 2015-04-04 to 2015-04-10
2015-07-01 00:19:56,099 Starting Q Learning for : 
2015-07-01 00:19:56,099 alpha = 0.2
2015-07-01 00:19:56,099 gamma = 0.6
2015-07-01 00:19:56,099 individual factor = 10
2015-07-01 00:19:56,099 zero range = 0.002
2015-07-01 00:19:56,099 greedy level = 5
2015-07-01 00:19:56,099 

2015-07-01 00:19:57,340 Starting Training from 2015-01-01 to 2015-01-31
2015-07-01 00:20:26,997 Starting Q Learning for : 
2015-07-01 00:20:26,997 alpha = 0.6
2015-07-01 00:20:26,997 gamma = 0.4
2015-07-01 00:20:26,997 individual factor = 10
2015-07-01 00:20:26,997 zero range = 0.002
2015-07-01 00:20:26,997 greedy level = 5
2015-07-01 00:20:26,997 

2015-07-01 00:20:27,549 Starting Training from 2015-01-01 to 2015-01-31
2015-07-01 00:20:51,171 Starting Q Learning for : 
2015-07-01 00:20:51,171 alpha = 0.4
2015-07-01 00:20:51,172 gamma = 0.2
2015-07-01 00:20:51,172 individual factor = 10
2015-07-01 00:20:51,172 zero range = 0.002
2015-07-01 00:20:51,172 greedy level = 5
2015-07-01 00:20:51,172 

2015-07-01 00:20:51,877 Starting Training from 2015-01-01 to 2015-01-31
2015-07-01 00:37:30,130 Starting Live from 2015-02-01 to 2015-03-03
2015-07-01 00:38:03,532 Starting Live from 2015-02-01 to 2015-03-03
2015-07-01 00:38:25,651 Starting Live from 2015-02-01 to 2015-03-03
2015-07-01 00:56:26,911 Starting Training from 2015-02-01 to 2015-03-03
2015-07-01 00:56:58,508 Starting Training from 2015-02-01 to 2015-03-03
2015-07-01 00:57:22,618 Starting Training from 2015-02-01 to 2015-03-03
2015-07-01 00:57:59,797 Starting Live from 2015-03-04 to 2015-04-03
2015-07-01 00:58:31,692 Starting Live from 2015-03-04 to 2015-04-03
2015-07-01 00:59:24,924 Starting Live from 2015-03-04 to 2015-04-03
2015-07-01 01:19:01,333 Starting Training from 2015-03-04 to 2015-04-03
2015-07-01 01:19:41,784 Starting Training from 2015-03-04 to 2015-04-03
2015-07-01 01:20:25,794 Starting Training from 2015-03-04 to 2015-04-03
2015-07-01 01:20:57,546 Starting Live from 2015-04-04 to 2015-04-10
2015-07-01 01:21:12,513 Starting Live from 2015-04-04 to 2015-04-10
2015-07-01 01:21:55,038 Starting Live from 2015-04-04 to 2015-04-10
2015-07-01 01:23:15,001 Starting Q Learning for : 
2015-07-01 01:23:15,001 alpha = 0.2
2015-07-01 01:23:15,001 gamma = 0.7
2015-07-01 01:23:15,001 individual factor = 10
2015-07-01 01:23:15,001 zero range = 0.002
2015-07-01 01:23:15,001 greedy level = 5
2015-07-01 01:23:15,001 

2015-07-01 01:23:16,052 Starting Training from 2015-01-01 to 2015-01-31
2015-07-01 01:23:23,467 Starting Q Learning for : 
2015-07-01 01:23:23,467 alpha = 0.5
2015-07-01 01:23:23,467 gamma = 0.1
2015-07-01 01:23:23,468 individual factor = 10
2015-07-01 01:23:23,468 zero range = 0.006
2015-07-01 01:23:23,468 greedy level = 5
2015-07-01 01:23:23,468 

2015-07-01 01:23:24,495 Starting Training from 2015-01-01 to 2015-01-31
2015-07-01 01:24:10,830 Starting Q Learning for : 
2015-07-01 01:24:10,830 alpha = 0.4
2015-07-01 01:24:10,830 gamma = 0.3
2015-07-01 01:24:10,830 individual factor = 10
2015-07-01 01:24:10,830 zero range = 0.006
2015-07-01 01:24:10,830 greedy level = 5
2015-07-01 01:24:10,830 

2015-07-01 01:24:11,578 Starting Training from 2015-01-01 to 2015-01-31
2015-07-01 01:40:53,983 Starting Live from 2015-02-01 to 2015-03-03
2015-07-01 01:40:55,115 Starting Live from 2015-02-01 to 2015-03-03
2015-07-01 01:41:43,807 Starting Live from 2015-02-01 to 2015-03-03
2015-07-01 02:00:35,275 Starting Training from 2015-02-01 to 2015-03-03
2015-07-01 02:00:36,972 Starting Training from 2015-02-01 to 2015-03-03
2015-07-01 02:01:33,661 Starting Training from 2015-02-01 to 2015-03-03
2015-07-01 02:02:09,257 Starting Live from 2015-03-04 to 2015-04-03
2015-07-01 02:02:12,254 Starting Live from 2015-03-04 to 2015-04-03
2015-07-01 02:03:01,825 Starting Live from 2015-03-04 to 2015-04-03
2015-07-01 02:21:17,961 Starting Training from 2015-03-04 to 2015-04-03
2015-07-01 02:21:32,294 Starting Training from 2015-03-04 to 2015-04-03
2015-07-01 02:22:27,672 Starting Training from 2015-03-04 to 2015-04-03
2015-07-01 02:22:42,627 Starting Live from 2015-04-04 to 2015-04-10
2015-07-01 02:22:56,162 Starting Live from 2015-04-04 to 2015-04-10
2015-07-01 02:23:50,331 Starting Live from 2015-04-04 to 2015-04-10
2015-07-01 02:24:45,334 Starting Q Learning for : 
2015-07-01 02:24:45,334 alpha = 0.5
2015-07-01 02:24:45,334 gamma = 0.2
2015-07-01 02:24:45,334 individual factor = 10
2015-07-01 02:24:45,334 zero range = 0.006
2015-07-01 02:24:45,334 greedy level = 5
2015-07-01 02:24:45,334 

2015-07-01 02:24:45,982 Starting Training from 2015-01-01 to 2015-01-31
2015-07-01 02:25:20,343 Starting Q Learning for : 
2015-07-01 02:25:20,343 alpha = 0.2
2015-07-01 02:25:20,343 gamma = 0.8
2015-07-01 02:25:20,343 individual factor = 10
2015-07-01 02:25:20,343 zero range = 0.002
2015-07-01 02:25:20,343 greedy level = 5
2015-07-01 02:25:20,343 

2015-07-01 02:25:22,539 Starting Training from 2015-01-01 to 2015-01-31
2015-07-01 02:26:58,111 Starting Q Learning for : 
2015-07-01 02:26:58,111 alpha = 0.4
2015-07-01 02:26:58,111 gamma = 0.4
2015-07-01 02:26:58,112 individual factor = 10
2015-07-01 02:26:58,112 zero range = 0.006
2015-07-01 02:26:58,112 greedy level = 5
2015-07-01 02:26:58,112 

2015-07-01 02:26:59,193 Starting Training from 2015-01-01 to 2015-01-31
2015-07-01 02:42:15,425 Starting Live from 2015-02-01 to 2015-03-03
2015-07-01 02:43:11,639 Starting Live from 2015-02-01 to 2015-03-03
2015-07-01 02:44:27,336 Starting Live from 2015-02-01 to 2015-03-03
2015-07-01 03:01:46,093 Starting Training from 2015-02-01 to 2015-03-03
2015-07-01 03:03:07,506 Starting Training from 2015-02-01 to 2015-03-03
2015-07-01 03:03:37,558 Starting Training from 2015-02-01 to 2015-03-03
2015-07-01 03:04:23,563 Starting Live from 2015-03-04 to 2015-04-03
2015-07-01 03:04:55,407 Starting Live from 2015-03-04 to 2015-04-03
2015-07-01 03:05:11,798 Starting Live from 2015-03-04 to 2015-04-03
2015-07-01 03:23:41,246 Starting Training from 2015-03-04 to 2015-04-03
2015-07-01 03:24:32,750 Starting Training from 2015-03-04 to 2015-04-03
2015-07-01 03:24:34,924 Starting Training from 2015-03-04 to 2015-04-03
2015-07-01 03:25:07,855 Starting Live from 2015-04-04 to 2015-04-10
2015-07-01 03:25:54,125 Starting Live from 2015-04-04 to 2015-04-10
2015-07-01 03:25:55,463 Starting Live from 2015-04-04 to 2015-04-10
2015-07-01 03:27:11,072 Starting Q Learning for : 
2015-07-01 03:27:11,072 alpha = 0.5
2015-07-01 03:27:11,072 gamma = 0.3
2015-07-01 03:27:11,072 individual factor = 10
2015-07-01 03:27:11,072 zero range = 0.006
2015-07-01 03:27:11,072 greedy level = 5
2015-07-01 03:27:11,073 

2015-07-01 03:27:11,670 Starting Training from 2015-01-01 to 2015-01-31
2015-07-01 03:27:56,026 Starting Q Learning for : 
2015-07-01 03:27:56,026 alpha = 0.4
2015-07-01 03:27:56,026 gamma = 0.5
2015-07-01 03:27:56,026 individual factor = 10
2015-07-01 03:27:56,026 zero range = 0.006
2015-07-01 03:27:56,026 greedy level = 5
2015-07-01 03:27:56,026 

2015-07-01 03:27:56,550 Starting Training from 2015-01-01 to 2015-01-31
2015-07-01 03:28:02,838 Starting Q Learning for : 
2015-07-01 03:28:02,838 alpha = 0.8
2015-07-01 03:28:02,838 gamma = 0.1
2015-07-01 03:28:02,838 individual factor = 10
2015-07-01 03:28:02,838 zero range = 0.002
2015-07-01 03:28:02,838 greedy level = 5
2015-07-01 03:28:02,838 

2015-07-01 03:28:03,559 Starting Training from 2015-01-01 to 2015-01-31
2015-07-01 03:44:21,901 Starting Live from 2015-02-01 to 2015-03-03
2015-07-01 03:45:07,804 Starting Live from 2015-02-01 to 2015-03-03
2015-07-01 03:45:12,458 Starting Live from 2015-02-01 to 2015-03-03
2015-07-01 04:02:00,583 Starting Training from 2015-02-01 to 2015-03-03
2015-07-01 04:02:53,055 Starting Training from 2015-02-01 to 2015-03-03
2015-07-01 04:03:00,813 Starting Training from 2015-02-01 to 2015-03-03
2015-07-01 04:03:33,970 Starting Live from 2015-03-04 to 2015-04-03
2015-07-01 04:04:24,708 Starting Live from 2015-03-04 to 2015-04-03
2015-07-01 04:04:32,985 Starting Live from 2015-03-04 to 2015-04-03
2015-07-01 04:22:45,491 Starting Training from 2015-03-04 to 2015-04-03
2015-07-01 04:24:00,560 Starting Training from 2015-03-04 to 2015-04-03
2015-07-01 04:24:25,782 Starting Training from 2015-03-04 to 2015-04-03
2015-07-01 04:24:30,398 Starting Live from 2015-04-04 to 2015-04-10
2015-07-01 04:26:43,060 Starting Live from 2015-04-04 to 2015-04-10
2015-07-01 04:27:35,363 Starting Live from 2015-04-04 to 2015-04-10
2015-07-01 04:28:23,430 Starting Q Learning for : 
2015-07-01 04:28:23,430 alpha = 0.5
2015-07-01 04:28:23,430 gamma = 0.4
2015-07-01 04:28:23,430 individual factor = 10
2015-07-01 04:28:23,430 zero range = 0.006
2015-07-01 04:28:23,430 greedy level = 5
2015-07-01 04:28:23,430 

2015-07-01 04:28:25,438 Starting Training from 2015-01-01 to 2015-01-31
2015-07-01 04:29:58,872 Starting Q Learning for : 
2015-07-01 04:29:58,872 alpha = 0.8
2015-07-01 04:29:58,872 gamma = 0.2
2015-07-01 04:29:58,872 individual factor = 10
2015-07-01 04:29:58,872 zero range = 0.002
2015-07-01 04:29:58,872 greedy level = 5
2015-07-01 04:29:58,872 

2015-07-01 04:29:59,942 Starting Training from 2015-01-01 to 2015-01-31
2015-07-01 04:30:19,949 Starting Q Learning for : 
2015-07-01 04:30:19,950 alpha = 0.4
2015-07-01 04:30:19,950 gamma = 0.6
2015-07-01 04:30:19,950 individual factor = 10
2015-07-01 04:30:19,950 zero range = 0.006
2015-07-01 04:30:19,950 greedy level = 5
2015-07-01 04:30:19,950 

2015-07-01 04:30:20,486 Starting Training from 2015-01-01 to 2015-01-31
2015-07-01 04:45:31,300 Starting Live from 2015-02-01 to 2015-03-03
2015-07-01 04:47:07,625 Starting Live from 2015-02-01 to 2015-03-03
2015-07-01 04:47:24,993 Starting Live from 2015-02-01 to 2015-03-03
2015-07-01 05:03:53,409 Starting Training from 2015-02-01 to 2015-03-03
2015-07-01 05:05:03,625 Starting Training from 2015-02-01 to 2015-03-03
2015-07-01 05:05:22,268 Starting Live from 2015-03-04 to 2015-04-03
2015-07-01 05:05:24,062 Starting Training from 2015-02-01 to 2015-03-03
2015-07-01 05:06:35,444 Starting Live from 2015-03-04 to 2015-04-03
2015-07-01 05:06:57,033 Starting Live from 2015-03-04 to 2015-04-03
2015-07-01 05:24:03,885 Starting Training from 2015-03-04 to 2015-04-03
2015-07-01 05:24:52,626 Starting Training from 2015-03-04 to 2015-04-03
2015-07-01 05:25:16,650 Starting Training from 2015-03-04 to 2015-04-03
2015-07-01 05:25:22,672 Starting Live from 2015-04-04 to 2015-04-10
2015-07-01 05:26:14,404 Starting Live from 2015-04-04 to 2015-04-10
2015-07-01 05:26:34,962 Starting Live from 2015-04-04 to 2015-04-10
2015-07-01 05:27:33,058 Starting Q Learning for : 
2015-07-01 05:27:33,058 alpha = 0.5
2015-07-01 05:27:33,058 gamma = 0.5
2015-07-01 05:27:33,058 individual factor = 10
2015-07-01 05:27:33,058 zero range = 0.006
2015-07-01 05:27:33,058 greedy level = 5
2015-07-01 05:27:33,058 

2015-07-01 05:27:34,009 Starting Training from 2015-01-01 to 2015-01-31
2015-07-01 05:28:20,375 Starting Q Learning for : 
2015-07-01 05:28:20,375 alpha = 0.8
2015-07-01 05:28:20,375 gamma = 0.3
2015-07-01 05:28:20,376 individual factor = 10
2015-07-01 05:28:20,376 zero range = 0.002
2015-07-01 05:28:20,376 greedy level = 5
2015-07-01 05:28:20,376 

2015-07-01 05:28:21,143 Starting Training from 2015-01-01 to 2015-01-31
2015-07-01 05:28:42,498 Starting Q Learning for : 
2015-07-01 05:28:42,498 alpha = 0.4
2015-07-01 05:28:42,498 gamma = 0.7
2015-07-01 05:28:42,498 individual factor = 10
2015-07-01 05:28:42,498 zero range = 0.006
2015-07-01 05:28:42,498 greedy level = 5
2015-07-01 05:28:42,498 

2015-07-01 05:28:43,998 Starting Training from 2015-01-01 to 2015-01-31
2015-07-01 05:44:30,466 Starting Live from 2015-02-01 to 2015-03-03
2015-07-01 05:45:13,996 Starting Live from 2015-02-01 to 2015-03-03
2015-07-01 05:45:39,840 Starting Live from 2015-02-01 to 2015-03-03
2015-07-01 06:02:22,582 Starting Training from 2015-02-01 to 2015-03-03
2015-07-01 06:03:03,653 Starting Training from 2015-02-01 to 2015-03-03
2015-07-01 06:03:31,331 Starting Training from 2015-02-01 to 2015-03-03
2015-07-01 06:03:52,222 Starting Live from 2015-03-04 to 2015-04-03
2015-07-01 06:04:51,399 Starting Live from 2015-03-04 to 2015-04-03
2015-07-01 06:05:27,230 Starting Live from 2015-03-04 to 2015-04-03
2015-07-01 06:23:36,344 Starting Training from 2015-03-04 to 2015-04-03
2015-07-01 06:24:14,044 Starting Training from 2015-03-04 to 2015-04-03
2015-07-01 06:24:56,798 Starting Live from 2015-04-04 to 2015-04-10
2015-07-01 06:25:00,899 Starting Training from 2015-03-04 to 2015-04-03
2015-07-01 06:25:50,821 Starting Live from 2015-04-04 to 2015-04-10
2015-07-01 06:27:53,781 Starting Live from 2015-04-04 to 2015-04-10
2015-07-01 06:28:26,831 Starting Q Learning for : 
2015-07-01 06:28:26,831 alpha = 0.5
2015-07-01 06:28:26,831 gamma = 0.6
2015-07-01 06:28:26,831 individual factor = 10
2015-07-01 06:28:26,831 zero range = 0.006
2015-07-01 06:28:26,831 greedy level = 5
2015-07-01 06:28:26,831 

2015-07-01 06:28:28,736 Starting Training from 2015-01-01 to 2015-01-31
2015-07-01 06:29:44,126 Starting Q Learning for : 
2015-07-01 06:29:44,126 alpha = 0.8
2015-07-01 06:29:44,126 gamma = 0.4
2015-07-01 06:29:44,126 individual factor = 10
2015-07-01 06:29:44,126 zero range = 0.002
2015-07-01 06:29:44,126 greedy level = 5
2015-07-01 06:29:44,126 

2015-07-01 06:29:44,624 Starting Training from 2015-01-01 to 2015-01-31
2015-07-01 06:30:53,838 Starting Q Learning for : 
2015-07-01 06:30:53,838 alpha = 0.4
2015-07-01 06:30:53,838 gamma = 0.8
2015-07-01 06:30:53,838 individual factor = 10
2015-07-01 06:30:53,838 zero range = 0.006
2015-07-01 06:30:53,838 greedy level = 5
2015-07-01 06:30:53,838 

2015-07-01 06:30:55,454 Starting Training from 2015-01-01 to 2015-01-31
2015-07-01 06:46:06,966 Starting Live from 2015-02-01 to 2015-03-03
2015-07-01 06:46:44,723 Starting Live from 2015-02-01 to 2015-03-03
2015-07-01 06:48:10,231 Starting Live from 2015-02-01 to 2015-03-03
2015-07-01 07:04:34,218 Starting Training from 2015-02-01 to 2015-03-03
2015-07-01 07:05:02,920 Starting Training from 2015-02-01 to 2015-03-03
2015-07-01 07:06:02,222 Starting Live from 2015-03-04 to 2015-04-03
2015-07-01 07:06:31,421 Starting Live from 2015-03-04 to 2015-04-03
2015-07-01 07:06:41,196 Starting Training from 2015-02-01 to 2015-03-03
2015-07-01 07:08:10,438 Starting Live from 2015-03-04 to 2015-04-03
2015-07-01 07:24:08,370 Starting Training from 2015-03-04 to 2015-04-03
2015-07-01 07:24:31,857 Starting Training from 2015-03-04 to 2015-04-03
2015-07-01 07:25:29,898 Starting Live from 2015-04-04 to 2015-04-10
2015-07-01 07:25:54,891 Starting Live from 2015-04-04 to 2015-04-10
2015-07-01 07:26:14,899 Starting Training from 2015-03-04 to 2015-04-03
2015-07-01 07:27:30,992 Starting Q Learning for : 
2015-07-01 07:27:30,992 alpha = 0.5
2015-07-01 07:27:30,992 gamma = 0.7
2015-07-01 07:27:30,992 individual factor = 10
2015-07-01 07:27:30,993 zero range = 0.006
2015-07-01 07:27:30,993 greedy level = 5
2015-07-01 07:27:30,993 

2015-07-01 07:27:31,338 Starting Training from 2015-01-01 to 2015-01-31
2015-07-01 07:27:38,859 Starting Live from 2015-04-04 to 2015-04-10
2015-07-01 07:27:59,105 Starting Q Learning for : 
2015-07-01 07:27:59,105 alpha = 0.8
2015-07-01 07:27:59,105 gamma = 0.5
2015-07-01 07:27:59,105 individual factor = 10
2015-07-01 07:27:59,105 zero range = 0.002
2015-07-01 07:27:59,105 greedy level = 5
2015-07-01 07:27:59,105 

2015-07-01 07:27:59,793 Starting Training from 2015-01-01 to 2015-01-31
2015-07-01 07:29:54,359 Starting Q Learning for : 
2015-07-01 07:29:54,359 alpha = 0.6
2015-07-01 07:29:54,359 gamma = 0.1
2015-07-01 07:29:54,360 individual factor = 10
2015-07-01 07:29:54,360 zero range = 0.006
2015-07-01 07:29:54,360 greedy level = 5
2015-07-01 07:29:54,360 

2015-07-01 07:29:55,681 Starting Training from 2015-01-01 to 2015-01-31
2015-07-01 07:44:36,655 Starting Live from 2015-02-01 to 2015-03-03
2015-07-01 07:44:52,875 Starting Live from 2015-02-01 to 2015-03-03
2015-07-01 07:46:34,456 Starting Live from 2015-02-01 to 2015-03-03
2015-07-01 08:02:33,851 Starting Training from 2015-02-01 to 2015-03-03
2015-07-01 08:02:49,315 Starting Training from 2015-02-01 to 2015-03-03
2015-07-01 08:04:05,502 Starting Live from 2015-03-04 to 2015-04-03
2015-07-01 08:04:20,930 Starting Live from 2015-03-04 to 2015-04-03
2015-07-01 08:04:32,444 Starting Training from 2015-02-01 to 2015-03-03
2015-07-01 08:06:00,201 Starting Live from 2015-03-04 to 2015-04-03
2015-07-01 08:22:20,267 Starting Training from 2015-03-04 to 2015-04-03
2015-07-01 08:22:35,691 Starting Training from 2015-03-04 to 2015-04-03
2015-07-01 08:23:39,854 Starting Live from 2015-04-04 to 2015-04-10
2015-07-01 08:23:53,619 Starting Training from 2015-03-04 to 2015-04-03
2015-07-01 08:23:55,227 Starting Live from 2015-04-04 to 2015-04-10
2015-07-01 08:25:31,135 Starting Live from 2015-04-04 to 2015-04-10
2015-07-01 08:26:20,611 Starting Q Learning for : 
2015-07-01 08:26:20,611 alpha = 0.5
2015-07-01 08:26:20,611 gamma = 0.8
2015-07-01 08:26:20,611 individual factor = 10
2015-07-01 08:26:20,611 zero range = 0.006
2015-07-01 08:26:20,611 greedy level = 5
2015-07-01 08:26:20,612 

2015-07-01 08:26:22,153 Starting Training from 2015-01-01 to 2015-01-31
2015-07-01 08:26:51,703 Starting Q Learning for : 
2015-07-01 08:26:51,703 alpha = 0.8
2015-07-01 08:26:51,703 gamma = 0.6
2015-07-01 08:26:51,703 individual factor = 10
2015-07-01 08:26:51,703 zero range = 0.002
2015-07-01 08:26:51,703 greedy level = 5
2015-07-01 08:26:51,703 

2015-07-01 08:26:53,783 Starting Training from 2015-01-01 to 2015-01-31
2015-07-01 08:29:06,603 Starting Q Learning for : 
2015-07-01 08:29:06,603 alpha = 0.6
2015-07-01 08:29:06,603 gamma = 0.2
2015-07-01 08:29:06,603 individual factor = 10
2015-07-01 08:29:06,603 zero range = 0.006
2015-07-01 08:29:06,603 greedy level = 5
2015-07-01 08:29:06,603 

2015-07-01 08:29:07,806 Starting Training from 2015-01-01 to 2015-01-31
2015-07-01 08:43:39,728 Starting Live from 2015-02-01 to 2015-03-03
2015-07-01 08:43:53,918 Starting Live from 2015-02-01 to 2015-03-03
2015-07-01 08:46:04,659 Starting Live from 2015-02-01 to 2015-03-03
2015-07-01 09:02:03,732 Starting Training from 2015-02-01 to 2015-03-03
2015-07-01 09:02:20,223 Starting Training from 2015-02-01 to 2015-03-03
2015-07-01 09:04:08,205 Starting Training from 2015-02-01 to 2015-03-03
2015-07-01 09:04:50,316 Starting Live from 2015-03-04 to 2015-04-03
2015-07-01 09:04:58,223 Starting Live from 2015-03-04 to 2015-04-03
2015-07-01 09:05:38,694 Starting Live from 2015-03-04 to 2015-04-03
2015-07-01 09:22:25,619 Starting Training from 2015-03-04 to 2015-04-03
2015-07-01 09:22:30,802 Starting Training from 2015-03-04 to 2015-04-03
2015-07-01 09:23:09,922 Starting Training from 2015-03-04 to 2015-04-03
2015-07-01 09:23:49,575 Starting Live from 2015-04-04 to 2015-04-10
2015-07-01 09:23:54,990 Starting Live from 2015-04-04 to 2015-04-10
2015-07-01 09:24:32,704 Starting Live from 2015-04-04 to 2015-04-10
2015-07-01 09:25:48,671 Starting Q Learning for : 
2015-07-01 09:25:48,671 alpha = 0.4
2015-07-01 09:25:48,671 gamma = 0.1
2015-07-01 09:25:48,671 individual factor = 10
2015-07-01 09:25:48,671 zero range = 0.006
2015-07-01 09:25:48,671 greedy level = 5
2015-07-01 09:25:48,671 

2015-07-01 09:25:50,840 Starting Training from 2015-01-01 to 2015-01-31
2015-07-01 09:25:56,062 Starting Q Learning for : 
2015-07-01 09:25:56,062 alpha = 0.8
2015-07-01 09:25:56,062 gamma = 0.7
2015-07-01 09:25:56,062 individual factor = 10
2015-07-01 09:25:56,062 zero range = 0.002
2015-07-01 09:25:56,062 greedy level = 5
2015-07-01 09:25:56,062 

2015-07-01 09:25:56,525 Starting Training from 2015-01-01 to 2015-01-31
2015-07-01 09:26:32,471 Starting Q Learning for : 
2015-07-01 09:26:32,471 alpha = 0.6
2015-07-01 09:26:32,472 gamma = 0.3
2015-07-01 09:26:32,472 individual factor = 10
2015-07-01 09:26:32,472 zero range = 0.006
2015-07-01 09:26:32,472 greedy level = 5
2015-07-01 09:26:32,472 

2015-07-01 09:26:33,365 Starting Training from 2015-01-01 to 2015-01-31
2015-07-01 09:42:28,683 Starting Live from 2015-02-01 to 2015-03-03
2015-07-01 09:42:42,877 Starting Live from 2015-02-01 to 2015-03-03
2015-07-01 09:43:23,661 Starting Live from 2015-02-01 to 2015-03-03
2015-07-01 10:00:44,312 Starting Training from 2015-02-01 to 2015-03-03
2015-07-01 10:00:53,582 Starting Training from 2015-02-01 to 2015-03-03
2015-07-01 10:01:16,871 Starting Training from 2015-02-01 to 2015-03-03
2015-07-01 10:02:08,326 Starting Live from 2015-03-04 to 2015-04-03
2015-07-01 10:02:18,769 Starting Live from 2015-03-04 to 2015-04-03
2015-07-01 10:02:42,288 Starting Live from 2015-03-04 to 2015-04-03
2015-07-01 10:20:27,676 Starting Training from 2015-03-04 to 2015-04-03
2015-07-01 10:20:32,920 Starting Training from 2015-03-04 to 2015-04-03
2015-07-01 10:21:30,890 Starting Training from 2015-03-04 to 2015-04-03
2015-07-01 10:21:51,857 Starting Live from 2015-04-04 to 2015-04-10
2015-07-01 10:21:54,531 Starting Live from 2015-04-04 to 2015-04-10
2015-07-01 10:22:51,831 Starting Live from 2015-04-04 to 2015-04-10
2015-07-01 10:23:57,118 Starting Q Learning for : 
2015-07-01 10:23:57,118 alpha = 0.8
2015-07-01 10:23:57,118 gamma = 0.8
2015-07-01 10:23:57,118 individual factor = 10
2015-07-01 10:23:57,118 zero range = 0.002
2015-07-01 10:23:57,118 greedy level = 5
2015-07-01 10:23:57,118 

2015-07-01 10:23:57,617 Starting Training from 2015-01-01 to 2015-01-31
2015-07-01 10:24:04,960 Starting Q Learning for : 
2015-07-01 10:24:04,960 alpha = 0.4
2015-07-01 10:24:04,960 gamma = 0.2
2015-07-01 10:24:04,960 individual factor = 10
2015-07-01 10:24:04,960 zero range = 0.006
2015-07-01 10:24:04,960 greedy level = 5
2015-07-01 10:24:04,960 

2015-07-01 10:24:05,627 Starting Training from 2015-01-01 to 2015-01-31
2015-07-01 10:24:57,599 Starting Q Learning for : 
2015-07-01 10:24:57,599 alpha = 0.6
2015-07-01 10:24:57,599 gamma = 0.4
2015-07-01 10:24:57,599 individual factor = 10
2015-07-01 10:24:57,599 zero range = 0.006
2015-07-01 10:24:57,599 greedy level = 5
2015-07-01 10:24:57,599 

2015-07-01 10:24:58,282 Starting Training from 2015-01-01 to 2015-01-31
2015-07-01 10:41:39,651 Starting Live from 2015-02-01 to 2015-03-03
2015-07-01 10:41:43,800 Starting Live from 2015-02-01 to 2015-03-03
2015-07-01 10:42:25,877 Starting Live from 2015-02-01 to 2015-03-03
2015-07-01 10:59:35,742 Starting Training from 2015-02-01 to 2015-03-03
2015-07-01 10:59:55,863 Starting Training from 2015-02-01 to 2015-03-03
2015-07-01 11:00:21,502 Starting Training from 2015-02-01 to 2015-03-03
2015-07-01 11:01:03,073 Starting Live from 2015-03-04 to 2015-04-03
2015-07-01 11:01:23,583 Starting Live from 2015-03-04 to 2015-04-03
2015-07-01 11:01:48,911 Starting Live from 2015-03-04 to 2015-04-03
2015-07-01 11:19:19,536 Starting Training from 2015-03-04 to 2015-04-03
2015-07-01 11:19:28,597 Starting Training from 2015-03-04 to 2015-04-03
2015-07-01 11:19:56,154 Starting Training from 2015-03-04 to 2015-04-03
2015-07-01 11:21:56,258 Starting Live from 2015-04-04 to 2015-04-10
2015-07-01 11:22:24,606 Starting Live from 2015-04-04 to 2015-04-10
2015-07-01 11:23:37,377 Starting Live from 2015-04-04 to 2015-04-10
2015-07-01 11:25:00,035 Starting Q Learning for : 
2015-07-01 11:25:00,036 alpha = 0.6
2015-07-01 11:25:00,036 gamma = 0.5
2015-07-01 11:25:00,036 individual factor = 10
2015-07-01 11:25:00,036 zero range = 0.006
2015-07-01 11:25:00,036 greedy level = 5
2015-07-01 11:25:00,036 

2015-07-01 11:25:00,744 Starting Training from 2015-01-01 to 2015-01-31
2015-07-01 11:25:14,187 Starting Q Learning for : 
2015-07-01 11:25:14,187 alpha = 0.2
2015-07-01 11:25:14,187 gamma = 0.7
2015-07-01 11:25:14,187 individual factor = 10
2015-07-01 11:25:14,188 zero range = 0.006
2015-07-01 11:25:14,188 greedy level = 5
2015-07-01 11:25:14,188 

2015-07-01 11:25:14,468 Starting Training from 2015-01-01 to 2015-01-31
2015-07-01 11:25:51,036 Starting Q Learning for : 
2015-07-01 11:25:51,037 alpha = 0.5
2015-07-01 11:25:51,037 gamma = 0.1
2015-07-01 11:25:51,037 individual factor = 10
2015-07-01 11:25:51,037 zero range = 0.01
2015-07-01 11:25:51,037 greedy level = 5
2015-07-01 11:25:51,037 

2015-07-01 11:25:51,799 Starting Training from 2015-01-01 to 2015-01-31
2015-07-01 11:42:00,117 Starting Live from 2015-02-01 to 2015-03-03
2015-07-01 11:42:19,209 Starting Live from 2015-02-01 to 2015-03-03
2015-07-01 11:42:41,373 Starting Live from 2015-02-01 to 2015-03-03
2015-07-01 11:59:39,345 Starting Training from 2015-02-01 to 2015-03-03
2015-07-01 12:00:07,018 Starting Training from 2015-02-01 to 2015-03-03
2015-07-01 12:00:15,361 Starting Training from 2015-02-01 to 2015-03-03
2015-07-01 12:01:08,550 Starting Live from 2015-03-04 to 2015-04-03
2015-07-01 12:01:35,554 Starting Live from 2015-03-04 to 2015-04-03
2015-07-01 12:01:44,763 Starting Live from 2015-03-04 to 2015-04-03
2015-07-01 12:18:45,761 Starting Training from 2015-03-04 to 2015-04-03
2015-07-01 12:19:28,613 Starting Training from 2015-03-04 to 2015-04-03
2015-07-01 12:19:30,506 Starting Training from 2015-03-04 to 2015-04-03
2015-07-01 12:20:05,365 Starting Live from 2015-04-04 to 2015-04-10
2015-07-01 12:20:48,476 Starting Live from 2015-04-04 to 2015-04-10
2015-07-01 12:20:51,366 Starting Live from 2015-04-04 to 2015-04-10
2015-07-01 12:21:59,713 Starting Q Learning for : 
2015-07-01 12:21:59,713 alpha = 0.6
2015-07-01 12:21:59,713 gamma = 0.6
2015-07-01 12:21:59,713 individual factor = 10
2015-07-01 12:21:59,713 zero range = 0.006
2015-07-01 12:21:59,713 greedy level = 5
2015-07-01 12:21:59,713 

2015-07-01 12:22:00,511 Starting Training from 2015-01-01 to 2015-01-31
2015-07-01 12:22:46,582 Starting Q Learning for : 
2015-07-01 12:22:46,582 alpha = 0.2
2015-07-01 12:22:46,582 gamma = 0.8
2015-07-01 12:22:46,582 individual factor = 10
2015-07-01 12:22:46,582 zero range = 0.006
2015-07-01 12:22:46,582 greedy level = 5
2015-07-01 12:22:46,582 

2015-07-01 12:22:47,083 Starting Training from 2015-01-01 to 2015-01-31
2015-07-01 12:22:56,730 Starting Q Learning for : 
2015-07-01 12:22:56,730 alpha = 0.5
2015-07-01 12:22:56,730 gamma = 0.2
2015-07-01 12:22:56,730 individual factor = 10
2015-07-01 12:22:56,730 zero range = 0.01
2015-07-01 12:22:56,730 greedy level = 5
2015-07-01 12:22:56,730 

2015-07-01 12:22:57,918 Starting Training from 2015-01-01 to 2015-01-31
2015-07-01 12:38:28,127 Starting Live from 2015-02-01 to 2015-03-03
2015-07-01 12:39:18,441 Starting Live from 2015-02-01 to 2015-03-03
2015-07-01 12:39:22,567 Starting Live from 2015-02-01 to 2015-03-03
2015-07-01 12:56:29,370 Starting Training from 2015-02-01 to 2015-03-03
2015-07-01 12:57:23,112 Starting Training from 2015-02-01 to 2015-03-03
2015-07-01 12:57:23,562 Starting Training from 2015-02-01 to 2015-03-03
2015-07-01 12:57:53,909 Starting Live from 2015-03-04 to 2015-04-03
2015-07-01 12:58:46,787 Starting Live from 2015-03-04 to 2015-04-03
2015-07-01 12:58:48,500 Starting Live from 2015-03-04 to 2015-04-03
2015-07-01 13:15:41,461 Starting Training from 2015-03-04 to 2015-04-03
2015-07-01 13:16:29,650 Starting Training from 2015-03-04 to 2015-04-03
2015-07-01 13:16:40,595 Starting Training from 2015-03-04 to 2015-04-03
2015-07-01 13:17:03,297 Starting Live from 2015-04-04 to 2015-04-10
2015-07-01 13:17:54,369 Starting Live from 2015-04-04 to 2015-04-10
2015-07-01 13:18:04,790 Starting Live from 2015-04-04 to 2015-04-10
2015-07-01 13:19:03,393 Starting Q Learning for : 
2015-07-01 13:19:03,393 alpha = 0.6
2015-07-01 13:19:03,393 gamma = 0.7
2015-07-01 13:19:03,393 individual factor = 10
2015-07-01 13:19:03,393 zero range = 0.006
2015-07-01 13:19:03,393 greedy level = 5
2015-07-01 13:19:03,393 

2015-07-01 13:19:04,487 Starting Training from 2015-01-01 to 2015-01-31
2015-07-01 13:19:52,567 Starting Q Learning for : 
2015-07-01 13:19:52,567 alpha = 0.5
2015-07-01 13:19:52,567 gamma = 0.3
2015-07-01 13:19:52,567 individual factor = 10
2015-07-01 13:19:52,567 zero range = 0.01
2015-07-01 13:19:52,567 greedy level = 5
2015-07-01 13:19:52,567 

2015-07-01 13:19:52,905 Starting Training from 2015-01-01 to 2015-01-31
2015-07-01 13:20:05,779 Starting Q Learning for : 
2015-07-01 13:20:05,779 alpha = 0.8
2015-07-01 13:20:05,779 gamma = 0.1
2015-07-01 13:20:05,779 individual factor = 10
2015-07-01 13:20:05,779 zero range = 0.006
2015-07-01 13:20:05,779 greedy level = 5
2015-07-01 13:20:05,779 

2015-07-01 13:20:06,693 Starting Training from 2015-01-01 to 2015-01-31
2015-07-01 13:35:47,521 Starting Live from 2015-02-01 to 2015-03-03
2015-07-01 13:36:25,835 Starting Live from 2015-02-01 to 2015-03-03
2015-07-01 13:36:33,076 Starting Live from 2015-02-01 to 2015-03-03
2015-07-01 13:53:26,271 Starting Training from 2015-02-01 to 2015-03-03
2015-07-01 13:54:03,572 Starting Training from 2015-02-01 to 2015-03-03
2015-07-01 13:54:04,555 Starting Training from 2015-02-01 to 2015-03-03
2015-07-01 13:54:54,199 Starting Live from 2015-03-04 to 2015-04-03
2015-07-01 13:55:30,808 Starting Live from 2015-03-04 to 2015-04-03
2015-07-01 13:55:31,852 Starting Live from 2015-03-04 to 2015-04-03
2015-07-01 14:12:39,393 Starting Training from 2015-03-04 to 2015-04-03
2015-07-01 14:12:54,694 Starting Training from 2015-03-04 to 2015-04-03
2015-07-01 14:13:04,917 Starting Training from 2015-03-04 to 2015-04-03
2015-07-01 14:14:01,543 Starting Live from 2015-04-04 to 2015-04-10
2015-07-01 14:14:15,889 Starting Live from 2015-04-04 to 2015-04-10
2015-07-01 14:14:27,300 Starting Live from 2015-04-04 to 2015-04-10
2015-07-01 14:15:48,038 Starting Q Learning for : 
2015-07-01 14:15:48,038 alpha = 0.6
2015-07-01 14:15:48,038 gamma = 0.8
2015-07-01 14:15:48,038 individual factor = 10
2015-07-01 14:15:48,038 zero range = 0.006
2015-07-01 14:15:48,038 greedy level = 5
2015-07-01 14:15:48,038 

2015-07-01 14:15:48,873 Starting Training from 2015-01-01 to 2015-01-31
2015-07-01 14:16:34,878 Starting Q Learning for : 
2015-07-01 14:16:34,878 alpha = 0.5
2015-07-01 14:16:34,878 gamma = 0.4
2015-07-01 14:16:34,878 individual factor = 10
2015-07-01 14:16:34,878 zero range = 0.01
2015-07-01 14:16:34,878 greedy level = 5
2015-07-01 14:16:34,878 

2015-07-01 14:16:38,144 Starting Training from 2015-01-01 to 2015-01-31
2015-07-01 14:17:05,177 Starting Q Learning for : 
2015-07-01 14:17:05,177 alpha = 0.8
2015-07-01 14:17:05,177 gamma = 0.2
2015-07-01 14:17:05,178 individual factor = 10
2015-07-01 14:17:05,178 zero range = 0.006
2015-07-01 14:17:05,178 greedy level = 5
2015-07-01 14:17:05,178 

2015-07-01 14:17:07,575 Starting Training from 2015-01-01 to 2015-01-31
2015-07-01 14:33:01,264 Starting Live from 2015-02-01 to 2015-03-03
2015-07-01 14:33:12,249 Starting Live from 2015-02-01 to 2015-03-03
2015-07-01 14:33:26,552 Starting Live from 2015-02-01 to 2015-03-03
2015-07-01 14:51:01,754 Starting Training from 2015-02-01 to 2015-03-03
2015-07-01 14:51:09,359 Starting Training from 2015-02-01 to 2015-03-03
2015-07-01 14:51:18,974 Starting Training from 2015-02-01 to 2015-03-03
2015-07-01 14:54:20,156 Starting Live from 2015-03-04 to 2015-04-03
2015-07-01 14:54:29,189 Starting Live from 2015-03-04 to 2015-04-03
2015-07-01 14:54:38,408 Starting Live from 2015-03-04 to 2015-04-03
2015-07-01 15:12:17,645 Starting Training from 2015-03-04 to 2015-04-03
2015-07-01 15:12:40,614 Starting Training from 2015-03-04 to 2015-04-03
2015-07-01 15:12:41,724 Starting Training from 2015-03-04 to 2015-04-03
2015-07-01 15:13:42,648 Starting Live from 2015-04-04 to 2015-04-10
2015-07-01 15:14:05,841 Starting Live from 2015-04-04 to 2015-04-10
2015-07-01 15:14:07,171 Starting Live from 2015-04-04 to 2015-04-10
2015-07-01 15:15:42,075 Starting Q Learning for : 
2015-07-01 15:15:42,075 alpha = 0.5
2015-07-01 15:15:42,075 gamma = 0.5
2015-07-01 15:15:42,075 individual factor = 10
2015-07-01 15:15:42,075 zero range = 0.01
2015-07-01 15:15:42,075 greedy level = 5
2015-07-01 15:15:42,075 

2015-07-01 15:15:42,769 Starting Training from 2015-01-01 to 2015-01-31
2015-07-01 15:16:05,855 Starting Q Learning for : 
2015-07-01 15:16:05,855 alpha = 0.8
2015-07-01 15:16:05,855 gamma = 0.3
2015-07-01 15:16:05,855 individual factor = 10
2015-07-01 15:16:05,855 zero range = 0.006
2015-07-01 15:16:05,856 greedy level = 5
2015-07-01 15:16:05,856 

2015-07-01 15:16:06,313 Starting Training from 2015-01-01 to 2015-01-31
2015-07-01 15:16:07,901 Starting Q Learning for : 
2015-07-01 15:16:07,901 alpha = 0.2
2015-07-01 15:16:07,902 gamma = 0.1
2015-07-01 15:16:07,902 individual factor = 10
2015-07-01 15:16:07,902 zero range = 0.006
2015-07-01 15:16:07,902 greedy level = 5
2015-07-01 15:16:07,902 

2015-07-01 15:16:08,508 Starting Training from 2015-01-01 to 2015-01-31
2015-07-01 15:32:31,635 Starting Live from 2015-02-01 to 2015-03-03
2015-07-01 15:32:45,459 Starting Live from 2015-02-01 to 2015-03-03
2015-07-01 15:32:51,637 Starting Live from 2015-02-01 to 2015-03-03
2015-07-01 15:50:18,783 Starting Training from 2015-02-01 to 2015-03-03
2015-07-01 15:50:29,492 Starting Training from 2015-02-01 to 2015-03-03
2015-07-01 15:50:48,957 Starting Training from 2015-02-01 to 2015-03-03
2015-07-01 15:51:49,805 Starting Live from 2015-03-04 to 2015-04-03
2015-07-01 15:51:59,525 Starting Live from 2015-03-04 to 2015-04-03
2015-07-01 15:52:16,765 Starting Live from 2015-03-04 to 2015-04-03
2015-07-01 16:09:55,790 Starting Training from 2015-03-04 to 2015-04-03
2015-07-01 16:10:01,465 Starting Training from 2015-03-04 to 2015-04-03
2015-07-01 16:10:26,569 Starting Training from 2015-03-04 to 2015-04-03
2015-07-01 16:11:15,639 Starting Live from 2015-04-04 to 2015-04-10
2015-07-01 16:11:23,215 Starting Live from 2015-04-04 to 2015-04-10
2015-07-01 16:11:48,255 Starting Live from 2015-04-04 to 2015-04-10
2015-07-01 16:13:15,572 Starting Q Learning for : 
2015-07-01 16:13:15,573 alpha = 0.5
2015-07-01 16:13:15,573 gamma = 0.6
2015-07-01 16:13:15,573 individual factor = 10
2015-07-01 16:13:15,573 zero range = 0.01
2015-07-01 16:13:15,573 greedy level = 5
2015-07-01 16:13:15,573 

2015-07-01 16:13:17,295 Starting Training from 2015-01-01 to 2015-01-31
2015-07-01 16:13:22,158 Starting Q Learning for : 
2015-07-01 16:13:22,159 alpha = 0.2
2015-07-01 16:13:22,159 gamma = 0.2
2015-07-01 16:13:22,159 individual factor = 10
2015-07-01 16:13:22,159 zero range = 0.006
2015-07-01 16:13:22,159 greedy level = 5
2015-07-01 16:13:22,159 

2015-07-01 16:13:22,498 Starting Training from 2015-01-01 to 2015-01-31
2015-07-01 16:13:51,736 Starting Q Learning for : 
2015-07-01 16:13:51,736 alpha = 0.8
2015-07-01 16:13:51,736 gamma = 0.4
2015-07-01 16:13:51,736 individual factor = 10
2015-07-01 16:13:51,736 zero range = 0.006
2015-07-01 16:13:51,736 greedy level = 5
2015-07-01 16:13:51,736 

2015-07-01 16:13:52,367 Starting Training from 2015-01-01 to 2015-01-31
2015-07-01 16:29:46,897 Starting Live from 2015-02-01 to 2015-03-03
2015-07-01 16:29:48,537 Starting Live from 2015-02-01 to 2015-03-03
2015-07-01 16:30:19,374 Starting Live from 2015-02-01 to 2015-03-03
2015-07-01 16:47:29,515 Starting Training from 2015-02-01 to 2015-03-03
2015-07-01 16:47:36,233 Starting Training from 2015-02-01 to 2015-03-03
2015-07-01 16:48:06,583 Starting Training from 2015-02-01 to 2015-03-03
2015-07-01 16:48:58,459 Starting Live from 2015-03-04 to 2015-04-03
2015-07-01 16:49:04,988 Starting Live from 2015-03-04 to 2015-04-03
2015-07-01 16:49:34,641 Starting Live from 2015-03-04 to 2015-04-03
2015-07-01 17:07:14,669 Starting Training from 2015-03-04 to 2015-04-03
2015-07-01 17:07:30,381 Starting Training from 2015-03-04 to 2015-04-03
2015-07-01 17:07:41,744 Starting Training from 2015-03-04 to 2015-04-03
2015-07-01 17:08:34,911 Starting Live from 2015-04-04 to 2015-04-10
2015-07-01 17:08:50,250 Starting Live from 2015-04-04 to 2015-04-10
2015-07-01 17:09:02,087 Starting Live from 2015-04-04 to 2015-04-10
2015-07-01 17:10:42,106 Starting Q Learning for : 
2015-07-01 17:10:42,107 alpha = 0.2
2015-07-01 17:10:42,107 gamma = 0.3
2015-07-01 17:10:42,107 individual factor = 10
2015-07-01 17:10:42,107 zero range = 0.006
2015-07-01 17:10:42,107 greedy level = 5
2015-07-01 17:10:42,107 

2015-07-01 17:10:42,925 Starting Training from 2015-01-01 to 2015-01-31
2015-07-01 17:10:51,641 Starting Q Learning for : 
2015-07-01 17:10:51,641 alpha = 0.5
2015-07-01 17:10:51,641 gamma = 0.7
2015-07-01 17:10:51,642 individual factor = 10
2015-07-01 17:10:51,642 zero range = 0.01
2015-07-01 17:10:51,642 greedy level = 5
2015-07-01 17:10:51,642 

2015-07-01 17:10:51,954 Starting Training from 2015-01-01 to 2015-01-31
2015-07-01 17:11:16,216 Starting Q Learning for : 
2015-07-01 17:11:16,216 alpha = 0.8
2015-07-01 17:11:16,216 gamma = 0.5
2015-07-01 17:11:16,216 individual factor = 10
2015-07-01 17:11:16,216 zero range = 0.006
2015-07-01 17:11:16,216 greedy level = 5
2015-07-01 17:11:16,216 

2015-07-01 17:11:18,062 Starting Training from 2015-01-01 to 2015-01-31
2015-07-01 17:27:34,935 Starting Live from 2015-02-01 to 2015-03-03
2015-07-01 17:27:45,889 Starting Live from 2015-02-01 to 2015-03-03
2015-07-01 17:27:51,626 Starting Live from 2015-02-01 to 2015-03-03
2015-07-01 17:45:24,568 Starting Training from 2015-02-01 to 2015-03-03
2015-07-01 17:45:38,824 Starting Training from 2015-02-01 to 2015-03-03
2015-07-01 17:45:47,832 Starting Training from 2015-02-01 to 2015-03-03
2015-07-01 17:47:09,511 Starting Live from 2015-03-04 to 2015-04-03
2015-07-01 17:47:45,424 Starting Live from 2015-03-04 to 2015-04-03
2015-07-01 17:48:11,511 Starting Live from 2015-03-04 to 2015-04-03
2015-07-01 18:05:14,370 Starting Training from 2015-03-04 to 2015-04-03
2015-07-01 18:06:33,532 Starting Training from 2015-03-04 to 2015-04-03
2015-07-01 18:06:57,612 Starting Training from 2015-03-04 to 2015-04-03
2015-07-01 18:08:36,594 Starting Live from 2015-04-04 to 2015-04-10
2015-07-01 18:09:08,736 Starting Live from 2015-04-04 to 2015-04-10
2015-07-01 18:09:17,934 Starting Live from 2015-04-04 to 2015-04-10
2015-07-01 18:10:36,404 Starting Q Learning for : 
2015-07-01 18:10:36,404 alpha = 0.2
2015-07-01 18:10:36,405 gamma = 0.4
2015-07-01 18:10:36,405 individual factor = 10
2015-07-01 18:10:36,405 zero range = 0.006
2015-07-01 18:10:36,405 greedy level = 5
2015-07-01 18:10:36,405 

2015-07-01 18:10:36,667 Starting Training from 2015-01-01 to 2015-01-31
2015-07-01 18:11:13,954 Starting Q Learning for : 
2015-07-01 18:11:13,954 alpha = 0.5
2015-07-01 18:11:13,954 gamma = 0.8
2015-07-01 18:11:13,954 individual factor = 10
2015-07-01 18:11:13,954 zero range = 0.01
2015-07-01 18:11:13,954 greedy level = 5
2015-07-01 18:11:13,954 

2015-07-01 18:11:14,379 Starting Training from 2015-01-01 to 2015-01-31
2015-07-01 18:11:29,098 Starting Q Learning for : 
2015-07-01 18:11:29,098 alpha = 0.8
2015-07-01 18:11:29,098 gamma = 0.6
2015-07-01 18:11:29,098 individual factor = 10
2015-07-01 18:11:29,098 zero range = 0.006
2015-07-01 18:11:29,098 greedy level = 5
2015-07-01 18:11:29,098 

2015-07-01 18:11:29,627 Starting Training from 2015-01-01 to 2015-01-31
2015-07-01 18:27:49,683 Starting Live from 2015-02-01 to 2015-03-03
2015-07-01 18:28:39,483 Starting Live from 2015-02-01 to 2015-03-03
2015-07-01 18:28:45,601 Starting Live from 2015-02-01 to 2015-03-03
2015-07-01 18:45:28,945 Starting Training from 2015-02-01 to 2015-03-03
2015-07-01 18:46:28,241 Starting Training from 2015-02-01 to 2015-03-03
2015-07-01 18:46:40,524 Starting Training from 2015-02-01 to 2015-03-03
2015-07-01 18:46:59,213 Starting Live from 2015-03-04 to 2015-04-03
2015-07-01 18:47:58,445 Starting Live from 2015-03-04 to 2015-04-03
2015-07-01 18:48:10,252 Starting Live from 2015-03-04 to 2015-04-03
2015-07-01 19:05:35,160 Starting Training from 2015-03-04 to 2015-04-03
2015-07-01 19:06:33,701 Starting Training from 2015-03-04 to 2015-04-03
2015-07-01 19:07:01,812 Starting Live from 2015-04-04 to 2015-04-10
2015-07-01 19:07:01,865 Starting Training from 2015-03-04 to 2015-04-03
2015-07-01 19:07:54,079 Starting Live from 2015-04-04 to 2015-04-10
2015-07-01 19:08:21,101 Starting Live from 2015-04-04 to 2015-04-10
2015-07-01 19:09:08,530 Starting Q Learning for : 
2015-07-01 19:09:08,530 alpha = 0.2
2015-07-01 19:09:08,530 gamma = 0.5
2015-07-01 19:09:08,530 individual factor = 10
2015-07-01 19:09:08,530 zero range = 0.006
2015-07-01 19:09:08,531 greedy level = 5
2015-07-01 19:09:08,531 

2015-07-01 19:09:08,834 Starting Training from 2015-01-01 to 2015-01-31
2015-07-01 19:10:00,100 Starting Q Learning for : 
2015-07-01 19:10:00,100 alpha = 0.4
2015-07-01 19:10:00,100 gamma = 0.1
2015-07-01 19:10:00,100 individual factor = 10
2015-07-01 19:10:00,100 zero range = 0.01
2015-07-01 19:10:00,100 greedy level = 5
2015-07-01 19:10:00,100 

2015-07-01 19:10:01,421 Starting Training from 2015-01-01 to 2015-01-31
2015-07-01 19:10:41,690 Starting Q Learning for : 
2015-07-01 19:10:41,690 alpha = 0.8
2015-07-01 19:10:41,690 gamma = 0.7
2015-07-01 19:10:41,690 individual factor = 10
2015-07-01 19:10:41,690 zero range = 0.006
2015-07-01 19:10:41,690 greedy level = 5
2015-07-01 19:10:41,690 

2015-07-01 19:10:42,859 Starting Training from 2015-01-01 to 2015-01-31
2015-07-01 19:25:50,267 Starting Live from 2015-02-01 to 2015-03-03
2015-07-01 19:26:28,781 Starting Live from 2015-02-01 to 2015-03-03
2015-07-01 19:27:17,354 Starting Live from 2015-02-01 to 2015-03-03
2015-07-01 19:50:41,028 Starting Training from 2015-02-01 to 2015-03-03
2015-07-01 19:51:11,543 Starting Training from 2015-02-01 to 2015-03-03
2015-07-01 19:52:51,704 Starting Training from 2015-02-01 to 2015-03-03
2015-07-01 19:53:58,972 Starting Live from 2015-03-04 to 2015-04-03
2015-07-01 19:55:10,794 Starting Live from 2015-03-04 to 2015-04-03
2015-07-01 19:55:49,198 Starting Live from 2015-03-04 to 2015-04-03
2015-07-01 20:12:24,488 Starting Training from 2015-03-04 to 2015-04-03
2015-07-01 20:13:07,763 Starting Training from 2015-03-04 to 2015-04-03
2015-07-01 20:13:44,452 Starting Training from 2015-03-04 to 2015-04-03
2015-07-01 20:13:54,247 Starting Live from 2015-04-04 to 2015-04-10
2015-07-01 20:14:29,709 Starting Live from 2015-04-04 to 2015-04-10
2015-07-01 20:15:04,150 Starting Live from 2015-04-04 to 2015-04-10
2015-07-01 20:15:52,021 Starting Q Learning for : 
2015-07-01 20:15:52,021 alpha = 0.2
2015-07-01 20:15:52,021 gamma = 0.6
2015-07-01 20:15:52,022 individual factor = 10
2015-07-01 20:15:52,022 zero range = 0.006
2015-07-01 20:15:52,022 greedy level = 5
2015-07-01 20:15:52,022 

2015-07-01 20:15:53,419 Starting Training from 2015-01-01 to 2015-01-31
2015-07-01 20:16:23,844 Starting Q Learning for : 
2015-07-01 20:16:23,845 alpha = 0.4
2015-07-01 20:16:23,845 gamma = 0.2
2015-07-01 20:16:23,845 individual factor = 10
2015-07-01 20:16:23,845 zero range = 0.01
2015-07-01 20:16:23,845 greedy level = 5
2015-07-01 20:16:23,845 

2015-07-01 20:16:24,200 Starting Training from 2015-01-01 to 2015-01-31
2015-07-01 20:16:58,520 Starting Q Learning for : 
2015-07-01 20:16:58,520 alpha = 0.8
2015-07-01 20:16:58,520 gamma = 0.8
2015-07-01 20:16:58,520 individual factor = 10
2015-07-01 20:16:58,520 zero range = 0.006
2015-07-01 20:16:58,520 greedy level = 5
2015-07-01 20:16:58,520 

2015-07-01 20:16:59,122 Starting Training from 2015-01-01 to 2015-01-31
2015-07-01 20:32:28,267 Starting Live from 2015-02-01 to 2015-03-03
2015-07-01 20:32:55,907 Starting Live from 2015-02-01 to 2015-03-03
2015-07-01 20:33:41,972 Starting Live from 2015-02-01 to 2015-03-03
2015-07-01 20:49:56,017 Starting Training from 2015-02-01 to 2015-03-03
2015-07-01 20:50:19,185 Starting Training from 2015-02-01 to 2015-03-03
2015-07-01 20:51:21,819 Starting Training from 2015-02-01 to 2015-03-03
2015-07-01 20:51:28,422 Starting Live from 2015-03-04 to 2015-04-03
2015-07-01 20:51:49,301 Starting Live from 2015-03-04 to 2015-04-03
2015-07-01 20:52:48,555 Starting Live from 2015-03-04 to 2015-04-03
2015-07-01 21:09:13,907 Starting Training from 2015-03-04 to 2015-04-03
2015-07-01 21:09:34,928 Starting Training from 2015-03-04 to 2015-04-03
2015-07-01 21:10:25,469 Starting Training from 2015-03-04 to 2015-04-03
2015-07-01 21:10:33,918 Starting Live from 2015-04-04 to 2015-04-10
2015-07-01 21:10:54,818 Starting Live from 2015-04-04 to 2015-04-10
2015-07-01 21:11:47,057 Starting Live from 2015-04-04 to 2015-04-10
2015-07-01 21:12:31,831 Starting Q Learning for : 
2015-07-01 21:12:31,831 alpha = 0.4
2015-07-01 21:12:31,831 gamma = 0.3
2015-07-01 21:12:31,832 individual factor = 10
2015-07-01 21:12:31,832 zero range = 0.01
2015-07-01 21:12:31,832 greedy level = 5
2015-07-01 21:12:31,832 

2015-07-01 21:12:32,656 Starting Training from 2015-01-01 to 2015-01-31
2015-07-01 21:12:57,457 Starting Q Learning for : 
2015-07-01 21:12:57,457 alpha = 0.6
2015-07-01 21:12:57,457 gamma = 0.5
2015-07-01 21:12:57,457 individual factor = 10
2015-07-01 21:12:57,457 zero range = 0.01
2015-07-01 21:12:57,458 greedy level = 5
2015-07-01 21:12:57,458 

2015-07-01 21:12:58,209 Starting Training from 2015-01-01 to 2015-01-31
2015-07-01 21:13:45,995 Starting Q Learning for : 
2015-07-01 21:13:45,995 alpha = 0.2
2015-07-01 21:13:45,995 gamma = 0.7
2015-07-01 21:13:45,995 individual factor = 10
2015-07-01 21:13:45,995 zero range = 0.01
2015-07-01 21:13:45,995 greedy level = 5
2015-07-01 21:13:45,995 

2015-07-01 21:13:48,000 Starting Training from 2015-01-01 to 2015-01-31
2015-07-01 21:29:13,987 Starting Live from 2015-02-01 to 2015-03-03
2015-07-01 21:29:38,512 Starting Live from 2015-02-01 to 2015-03-03
2015-07-01 21:30:33,681 Starting Live from 2015-02-01 to 2015-03-03
2015-07-01 21:47:31,958 Starting Training from 2015-02-01 to 2015-03-03
2015-07-01 21:48:11,045 Starting Training from 2015-02-01 to 2015-03-03
2015-07-01 21:49:00,425 Starting Live from 2015-03-04 to 2015-04-03
2015-07-01 21:49:05,961 Starting Training from 2015-02-01 to 2015-03-03
2015-07-01 21:49:39,674 Starting Live from 2015-03-04 to 2015-04-03
2015-07-01 21:50:32,886 Starting Live from 2015-03-04 to 2015-04-03
2015-07-01 22:07:05,825 Starting Training from 2015-03-04 to 2015-04-03
2015-07-01 22:07:46,791 Starting Training from 2015-03-04 to 2015-04-03
2015-07-01 22:08:25,902 Starting Live from 2015-04-04 to 2015-04-10
2015-07-01 22:08:41,772 Starting Training from 2015-03-04 to 2015-04-03
2015-07-01 22:09:08,135 Starting Live from 2015-04-04 to 2015-04-10
2015-07-01 22:10:02,706 Starting Live from 2015-04-04 to 2015-04-10
2015-07-01 22:10:26,983 Starting Q Learning for : 
2015-07-01 22:10:26,983 alpha = 0.4
2015-07-01 22:10:26,983 gamma = 0.4
2015-07-01 22:10:26,983 individual factor = 10
2015-07-01 22:10:26,983 zero range = 0.01
2015-07-01 22:10:26,983 greedy level = 5
2015-07-01 22:10:26,983 

2015-07-01 22:10:27,437 Starting Training from 2015-01-01 to 2015-01-31
2015-07-01 22:11:32,442 Starting Q Learning for : 
2015-07-01 22:11:32,443 alpha = 0.6
2015-07-01 22:11:32,443 gamma = 0.6
2015-07-01 22:11:32,443 individual factor = 10
2015-07-01 22:11:32,443 zero range = 0.01
2015-07-01 22:11:32,443 greedy level = 5
2015-07-01 22:11:32,443 

2015-07-01 22:11:35,672 Starting Training from 2015-01-01 to 2015-01-31
2015-07-01 22:13:02,888 Starting Q Learning for : 
2015-07-01 22:13:02,888 alpha = 0.2
2015-07-01 22:13:02,888 gamma = 0.8
2015-07-01 22:13:02,888 individual factor = 10
2015-07-01 22:13:02,888 zero range = 0.01
2015-07-01 22:13:02,888 greedy level = 5
2015-07-01 22:13:02,888 

2015-07-01 22:13:04,592 Starting Training from 2015-01-01 to 2015-01-31
2015-07-01 22:26:55,570 Starting Live from 2015-02-01 to 2015-03-03
2015-07-01 22:27:47,209 Starting Live from 2015-02-01 to 2015-03-03
2015-07-01 22:28:51,051 Starting Live from 2015-02-01 to 2015-03-03
2015-07-01 22:51:34,078 Starting Training from 2015-02-01 to 2015-03-03
2015-07-01 22:52:59,537 Starting Training from 2015-02-01 to 2015-03-03
2015-07-01 22:53:33,105 Starting Live from 2015-03-04 to 2015-04-03
2015-07-01 22:53:55,871 Starting Training from 2015-02-01 to 2015-03-03
2015-07-01 22:54:30,783 Starting Live from 2015-03-04 to 2015-04-03
2015-07-01 22:55:27,186 Starting Live from 2015-03-04 to 2015-04-03
2015-07-01 23:13:04,470 Starting Training from 2015-03-04 to 2015-04-03
2015-07-01 23:14:10,484 Starting Training from 2015-03-04 to 2015-04-03
2015-07-01 23:14:31,598 Starting Live from 2015-04-04 to 2015-04-10
2015-07-01 23:15:04,943 Starting Training from 2015-03-04 to 2015-04-03
2015-07-01 23:15:38,639 Starting Live from 2015-04-04 to 2015-04-10
2015-07-01 23:16:31,440 Starting Live from 2015-04-04 to 2015-04-10
2015-07-01 23:16:52,115 Starting Q Learning for : 
2015-07-01 23:16:52,115 alpha = 0.4
2015-07-01 23:16:52,115 gamma = 0.5
2015-07-01 23:16:52,115 individual factor = 10
2015-07-01 23:16:52,116 zero range = 0.01
2015-07-01 23:16:52,116 greedy level = 5
2015-07-01 23:16:52,116 

2015-07-01 23:16:54,308 Starting Training from 2015-01-01 to 2015-01-31
2015-07-01 23:17:55,644 Starting Q Learning for : 
2015-07-01 23:17:55,644 alpha = 0.6
2015-07-01 23:17:55,644 gamma = 0.7
2015-07-01 23:17:55,644 individual factor = 10
2015-07-01 23:17:55,644 zero range = 0.01
2015-07-01 23:17:55,644 greedy level = 5
2015-07-01 23:17:55,644 

2015-07-01 23:17:58,681 Starting Training from 2015-01-01 to 2015-01-31
2015-07-01 23:18:51,825 Starting Q Learning for : 
2015-07-01 23:18:51,825 alpha = 0.8
2015-07-01 23:18:51,825 gamma = 0.1
2015-07-01 23:18:51,825 individual factor = 10
2015-07-01 23:18:51,825 zero range = 0.01
2015-07-01 23:18:51,825 greedy level = 5
2015-07-01 23:18:51,825 

2015-07-01 23:18:52,773 Starting Training from 2015-01-01 to 2015-01-31
2015-07-01 23:35:22,582 Starting Live from 2015-02-01 to 2015-03-03
2015-07-01 23:36:18,570 Starting Live from 2015-02-01 to 2015-03-03
2015-07-01 23:37:14,290 Starting Live from 2015-02-01 to 2015-03-03
2015-07-01 23:54:47,041 Starting Training from 2015-02-01 to 2015-03-03
2015-07-01 23:55:44,796 Starting Training from 2015-02-01 to 2015-03-03
2015-07-01 23:56:17,660 Starting Live from 2015-03-04 to 2015-04-03
2015-07-01 23:56:19,674 Starting Training from 2015-02-01 to 2015-03-03
2015-07-01 23:57:21,812 Starting Live from 2015-03-04 to 2015-04-03
2015-07-01 23:58:59,642 Starting Live from 2015-03-04 to 2015-04-03
2015-07-02 00:18:04,719 Starting Training from 2015-03-04 to 2015-04-03
2015-07-02 00:19:17,686 Starting Training from 2015-03-04 to 2015-04-03
2015-07-02 00:19:29,549 Starting Live from 2015-04-04 to 2015-04-10
2015-07-02 00:19:43,045 Starting Training from 2015-03-04 to 2015-04-03
2015-07-02 00:20:46,641 Starting Live from 2015-04-04 to 2015-04-10
2015-07-02 00:21:10,756 Starting Live from 2015-04-04 to 2015-04-10
2015-07-02 00:21:48,235 Starting Q Learning for : 
2015-07-02 00:21:48,235 alpha = 0.4
2015-07-02 00:21:48,235 gamma = 0.6
2015-07-02 00:21:48,235 individual factor = 10
2015-07-02 00:21:48,235 zero range = 0.01
2015-07-02 00:21:48,236 greedy level = 5
2015-07-02 00:21:48,236 

2015-07-02 00:21:48,952 Starting Training from 2015-01-01 to 2015-01-31
2015-07-02 00:23:25,331 Starting Q Learning for : 
2015-07-02 00:23:25,331 alpha = 0.6
2015-07-02 00:23:25,331 gamma = 0.8
2015-07-02 00:23:25,332 individual factor = 10
2015-07-02 00:23:25,332 zero range = 0.01
2015-07-02 00:23:25,332 greedy level = 5
2015-07-02 00:23:25,332 

2015-07-02 00:23:27,729 Starting Training from 2015-01-01 to 2015-01-31
2015-07-02 00:24:00,991 Starting Q Learning for : 
2015-07-02 00:24:00,991 alpha = 0.8
2015-07-02 00:24:00,991 gamma = 0.2
2015-07-02 00:24:00,991 individual factor = 10
2015-07-02 00:24:00,991 zero range = 0.01
2015-07-02 00:24:00,991 greedy level = 5
2015-07-02 00:24:00,991 

2015-07-02 00:24:03,486 Starting Training from 2015-01-01 to 2015-01-31
2015-07-02 00:41:29,341 Starting Live from 2015-02-01 to 2015-03-03
2015-07-02 00:43:01,482 Starting Live from 2015-02-01 to 2015-03-03
2015-07-02 00:43:22,365 Starting Live from 2015-02-01 to 2015-03-03
2015-07-02 01:01:23,298 Starting Training from 2015-02-01 to 2015-03-03
2015-07-02 01:02:51,034 Starting Live from 2015-03-04 to 2015-04-03
2015-07-02 01:02:55,164 Starting Training from 2015-02-01 to 2015-03-03
2015-07-02 01:02:55,171 Starting Training from 2015-02-01 to 2015-03-03
2015-07-02 01:04:41,035 Starting Live from 2015-03-04 to 2015-04-03
2015-07-02 01:04:41,689 Starting Live from 2015-03-04 to 2015-04-03
2015-07-02 01:22:50,526 Starting Training from 2015-03-04 to 2015-04-03
2015-07-02 01:25:22,835 Starting Live from 2015-04-04 to 2015-04-10
2015-07-02 01:25:34,814 Starting Training from 2015-03-04 to 2015-04-03
2015-07-02 01:25:40,768 Starting Training from 2015-03-04 to 2015-04-03
2015-07-02 01:28:03,997 Starting Live from 2015-04-04 to 2015-04-10
2015-07-02 01:28:05,588 Starting Live from 2015-04-04 to 2015-04-10
2015-07-02 01:28:29,904 Starting Q Learning for : 
2015-07-02 01:28:29,905 alpha = 0.4
2015-07-02 01:28:29,905 gamma = 0.7
2015-07-02 01:28:29,905 individual factor = 10
2015-07-02 01:28:29,905 zero range = 0.01
2015-07-02 01:28:29,905 greedy level = 5
2015-07-02 01:28:29,905 

2015-07-02 01:28:30,429 Starting Training from 2015-01-01 to 2015-01-31
2015-07-02 01:30:25,669 Starting Q Learning for : 
2015-07-02 01:30:25,669 alpha = 0.8
2015-07-02 01:30:25,669 gamma = 0.3
2015-07-02 01:30:25,669 individual factor = 10
2015-07-02 01:30:25,669 zero range = 0.01
2015-07-02 01:30:25,669 greedy level = 5
2015-07-02 01:30:25,669 

2015-07-02 01:30:26,875 Starting Training from 2015-01-01 to 2015-01-31
2015-07-02 01:30:29,910 Starting Q Learning for : 
2015-07-02 01:30:29,910 alpha = 0.2
2015-07-02 01:30:29,910 gamma = 0.1
2015-07-02 01:30:29,910 individual factor = 10
2015-07-02 01:30:29,910 zero range = 0.01
2015-07-02 01:30:29,910 greedy level = 5
2015-07-02 01:30:29,910 

2015-07-02 01:30:30,661 Starting Training from 2015-01-01 to 2015-01-31
2015-07-02 01:47:13,232 Starting Live from 2015-02-01 to 2015-03-03
2015-07-02 01:48:54,713 Starting Live from 2015-02-01 to 2015-03-03
2015-07-02 01:49:01,384 Starting Live from 2015-02-01 to 2015-03-03
2015-07-02 02:06:29,106 Starting Training from 2015-02-01 to 2015-03-03
2015-07-02 02:07:53,802 Starting Training from 2015-02-01 to 2015-03-03
2015-07-02 02:07:56,284 Starting Training from 2015-02-01 to 2015-03-03
2015-07-02 02:07:58,366 Starting Live from 2015-03-04 to 2015-04-03
2015-07-02 02:09:24,831 Starting Live from 2015-03-04 to 2015-04-03
2015-07-02 02:09:25,974 Starting Live from 2015-03-04 to 2015-04-03
2015-07-02 02:27:18,549 Starting Training from 2015-03-04 to 2015-04-03
2015-07-02 02:28:36,771 Starting Training from 2015-03-04 to 2015-04-03
2015-07-02 02:28:41,475 Starting Live from 2015-04-04 to 2015-04-10
2015-07-02 02:28:50,096 Starting Training from 2015-03-04 to 2015-04-03
2015-07-02 02:30:04,980 Starting Live from 2015-04-04 to 2015-04-10
2015-07-02 02:30:17,741 Starting Live from 2015-04-04 to 2015-04-10
2015-07-02 02:31:01,763 Starting Q Learning for : 
2015-07-02 02:31:01,763 alpha = 0.4
2015-07-02 02:31:01,763 gamma = 0.8
2015-07-02 02:31:01,763 individual factor = 10
2015-07-02 02:31:01,764 zero range = 0.01
2015-07-02 02:31:01,764 greedy level = 5
2015-07-02 02:31:01,764 

2015-07-02 02:31:02,782 Starting Training from 2015-01-01 to 2015-01-31
2015-07-02 02:32:28,060 Starting Q Learning for : 
2015-07-02 02:32:28,060 alpha = 0.2
2015-07-02 02:32:28,060 gamma = 0.2
2015-07-02 02:32:28,061 individual factor = 10
2015-07-02 02:32:28,061 zero range = 0.01
2015-07-02 02:32:28,061 greedy level = 5
2015-07-02 02:32:28,061 

2015-07-02 02:32:28,574 Starting Training from 2015-01-01 to 2015-01-31
2015-07-02 02:32:35,180 Starting Q Learning for : 
2015-07-02 02:32:35,180 alpha = 0.8
2015-07-02 02:32:35,181 gamma = 0.4
2015-07-02 02:32:35,181 individual factor = 10
2015-07-02 02:32:35,181 zero range = 0.01
2015-07-02 02:32:35,181 greedy level = 5
2015-07-02 02:32:35,181 

2015-07-02 02:32:35,655 Starting Training from 2015-01-01 to 2015-01-31
2015-07-02 02:49:26,008 Starting Live from 2015-02-01 to 2015-03-03
2015-07-02 02:51:37,247 Starting Live from 2015-02-01 to 2015-03-03
2015-07-02 02:51:53,404 Starting Live from 2015-02-01 to 2015-03-03
2015-07-02 03:11:27,508 Starting Training from 2015-02-01 to 2015-03-03
2015-07-02 03:12:31,761 Starting Training from 2015-02-01 to 2015-03-03
2015-07-02 03:12:45,599 Starting Training from 2015-02-01 to 2015-03-03
2015-07-02 03:13:01,729 Starting Live from 2015-03-04 to 2015-04-03
2015-07-02 03:13:57,696 Starting Live from 2015-03-04 to 2015-04-03
2015-07-02 03:14:10,502 Starting Live from 2015-03-04 to 2015-04-03
2015-07-02 03:32:04,869 Starting Training from 2015-03-04 to 2015-04-03
2015-07-02 03:32:57,762 Starting Training from 2015-03-04 to 2015-04-03
2015-07-02 03:33:12,698 Starting Training from 2015-03-04 to 2015-04-03
2015-07-02 03:33:27,466 Starting Live from 2015-04-04 to 2015-04-10
2015-07-02 03:34:21,103 Starting Live from 2015-04-04 to 2015-04-10
2015-07-02 03:34:36,169 Starting Live from 2015-04-04 to 2015-04-10
2015-07-02 03:35:30,813 Starting Q Learning for : 
2015-07-02 03:35:30,814 alpha = 0.6
2015-07-02 03:35:30,814 gamma = 0.1
2015-07-02 03:35:30,814 individual factor = 10
2015-07-02 03:35:30,814 zero range = 0.01
2015-07-02 03:35:30,814 greedy level = 5
2015-07-02 03:35:30,814 

2015-07-02 03:35:31,398 Starting Training from 2015-01-01 to 2015-01-31
2015-07-02 03:36:29,012 Starting Q Learning for : 
2015-07-02 03:36:29,012 alpha = 0.2
2015-07-02 03:36:29,012 gamma = 0.3
2015-07-02 03:36:29,012 individual factor = 10
2015-07-02 03:36:29,012 zero range = 0.01
2015-07-02 03:36:29,012 greedy level = 5
2015-07-02 03:36:29,012 

2015-07-02 03:36:29,624 Starting Training from 2015-01-01 to 2015-01-31
2015-07-02 03:36:47,536 Starting Q Learning for : 
2015-07-02 03:36:47,536 alpha = 0.8
2015-07-02 03:36:47,536 gamma = 0.5
2015-07-02 03:36:47,536 individual factor = 10
2015-07-02 03:36:47,536 zero range = 0.01
2015-07-02 03:36:47,536 greedy level = 5
2015-07-02 03:36:47,537 

2015-07-02 03:36:48,640 Starting Training from 2015-01-01 to 2015-01-31
2015-07-02 03:53:05,716 Starting Live from 2015-02-01 to 2015-03-03
2015-07-02 03:54:14,785 Starting Live from 2015-02-01 to 2015-03-03
2015-07-02 03:54:23,519 Starting Live from 2015-02-01 to 2015-03-03
2015-07-02 04:10:58,504 Starting Training from 2015-02-01 to 2015-03-03
2015-07-02 04:12:06,958 Starting Training from 2015-02-01 to 2015-03-03
2015-07-02 04:12:19,754 Starting Training from 2015-02-01 to 2015-03-03
2015-07-02 04:12:25,400 Starting Live from 2015-03-04 to 2015-04-03
2015-07-02 04:15:07,307 Starting Live from 2015-03-04 to 2015-04-03
2015-07-02 04:15:40,850 Starting Live from 2015-03-04 to 2015-04-03
2015-07-02 04:31:12,099 Starting Training from 2015-03-04 to 2015-04-03
2015-07-02 04:34:03,197 Starting Training from 2015-03-04 to 2015-04-03
2015-07-02 04:34:27,298 Starting Training from 2015-03-04 to 2015-04-03
2015-07-02 04:34:27,753 Starting Live from 2015-04-04 to 2015-04-10
2015-07-02 04:35:32,880 Starting Live from 2015-04-04 to 2015-04-10
2015-07-02 04:35:51,949 Starting Live from 2015-04-04 to 2015-04-10
2015-07-02 04:36:32,046 Starting Q Learning for : 
2015-07-02 04:36:32,046 alpha = 0.6
2015-07-02 04:36:32,046 gamma = 0.2
2015-07-02 04:36:32,046 individual factor = 10
2015-07-02 04:36:32,046 zero range = 0.01
2015-07-02 04:36:32,046 greedy level = 5
2015-07-02 04:36:32,046 

2015-07-02 04:36:32,644 Starting Training from 2015-01-01 to 2015-01-31
2015-07-02 04:37:30,545 Starting Q Learning for : 
2015-07-02 04:37:30,545 alpha = 0.2
2015-07-02 04:37:30,545 gamma = 0.4
2015-07-02 04:37:30,545 individual factor = 10
2015-07-02 04:37:30,546 zero range = 0.01
2015-07-02 04:37:30,546 greedy level = 5
2015-07-02 04:37:30,546 

2015-07-02 04:37:31,408 Starting Training from 2015-01-01 to 2015-01-31
2015-07-02 04:37:45,555 Starting Q Learning for : 
2015-07-02 04:37:45,555 alpha = 0.8
2015-07-02 04:37:45,555 gamma = 0.6
2015-07-02 04:37:45,556 individual factor = 10
2015-07-02 04:37:45,556 zero range = 0.01
2015-07-02 04:37:45,556 greedy level = 5
2015-07-02 04:37:45,556 

2015-07-02 04:37:46,474 Starting Training from 2015-01-01 to 2015-01-31
2015-07-02 04:52:54,690 Starting Live from 2015-02-01 to 2015-03-03
2015-07-02 04:53:51,300 Starting Live from 2015-02-01 to 2015-03-03
2015-07-02 04:54:01,939 Starting Live from 2015-02-01 to 2015-03-03
2015-07-02 05:09:36,998 Starting Training from 2015-02-01 to 2015-03-03
2015-07-02 05:10:58,376 Starting Training from 2015-02-01 to 2015-03-03
2015-07-02 05:11:23,190 Starting Training from 2015-02-01 to 2015-03-03
2015-07-02 05:11:39,949 Starting Live from 2015-03-04 to 2015-04-03
2015-07-02 05:12:32,580 Starting Live from 2015-03-04 to 2015-04-03
2015-07-02 05:12:52,124 Starting Live from 2015-03-04 to 2015-04-03
2015-07-02 05:28:02,462 Starting Training from 2015-03-04 to 2015-04-03
2015-07-02 05:29:09,543 Starting Training from 2015-03-04 to 2015-04-03
2015-07-02 05:29:23,160 Starting Live from 2015-04-04 to 2015-04-10
2015-07-02 05:29:50,837 Starting Training from 2015-03-04 to 2015-04-03
2015-07-02 05:30:29,016 Starting Live from 2015-04-04 to 2015-04-10
2015-07-02 05:31:06,302 Starting Live from 2015-04-04 to 2015-04-10
2015-07-02 05:31:13,681 Starting Q Learning for : 
2015-07-02 05:31:13,681 alpha = 0.6
2015-07-02 05:31:13,681 gamma = 0.3
2015-07-02 05:31:13,681 individual factor = 10
2015-07-02 05:31:13,681 zero range = 0.01
2015-07-02 05:31:13,682 greedy level = 5
2015-07-02 05:31:13,682 

2015-07-02 05:31:14,783 Starting Training from 2015-01-01 to 2015-01-31
2015-07-02 05:32:23,652 Starting Q Learning for : 
2015-07-02 05:32:23,652 alpha = 0.2
2015-07-02 05:32:23,652 gamma = 0.5
2015-07-02 05:32:23,652 individual factor = 10
2015-07-02 05:32:23,653 zero range = 0.01
2015-07-02 05:32:23,653 greedy level = 5
2015-07-02 05:32:23,653 

2015-07-02 05:32:24,542 Starting Training from 2015-01-01 to 2015-01-31
2015-07-02 05:32:59,849 Starting Q Learning for : 
2015-07-02 05:32:59,849 alpha = 0.8
2015-07-02 05:32:59,849 gamma = 0.7
2015-07-02 05:32:59,849 individual factor = 10
2015-07-02 05:32:59,850 zero range = 0.01
2015-07-02 05:32:59,850 greedy level = 5
2015-07-02 05:32:59,850 

2015-07-02 05:33:00,421 Starting Training from 2015-01-01 to 2015-01-31
2015-07-02 05:46:32,666 Starting Live from 2015-02-01 to 2015-03-03
2015-07-02 05:47:53,403 Starting Live from 2015-02-01 to 2015-03-03
2015-07-02 05:48:35,815 Starting Live from 2015-02-01 to 2015-03-03
2015-07-02 06:03:02,669 Starting Training from 2015-02-01 to 2015-03-03
2015-07-02 06:04:13,880 Starting Training from 2015-02-01 to 2015-03-03
2015-07-02 06:04:20,428 Starting Live from 2015-03-04 to 2015-04-03
2015-07-02 06:04:56,676 Starting Training from 2015-02-01 to 2015-03-03
2015-07-02 06:05:40,528 Starting Live from 2015-03-04 to 2015-04-03
2015-07-02 06:06:21,366 Starting Live from 2015-03-04 to 2015-04-03
2015-07-02 06:19:52,967 Starting Training from 2015-03-04 to 2015-04-03
2015-07-02 06:22:11,452 Starting Live from 2015-04-04 to 2015-04-10
2015-07-02 06:22:15,564 Starting Training from 2015-03-04 to 2015-04-03
2015-07-02 06:22:41,175 Starting Training from 2015-03-04 to 2015-04-03
2015-07-02 06:23:29,274 Starting Live from 2015-04-04 to 2015-04-10
2015-07-02 06:23:55,404 Starting Q Learning for : 
2015-07-02 06:23:55,404 alpha = 0.6
2015-07-02 06:23:55,404 gamma = 0.4
2015-07-02 06:23:55,404 individual factor = 10
2015-07-02 06:23:55,404 zero range = 0.01
2015-07-02 06:23:55,404 greedy level = 5
2015-07-02 06:23:55,404 

2015-07-02 06:23:56,955 Starting Training from 2015-01-01 to 2015-01-31
2015-07-02 06:23:57,406 Starting Live from 2015-04-04 to 2015-04-10
2015-07-02 06:25:20,583 Starting Q Learning for : 
2015-07-02 06:25:20,584 alpha = 0.2
2015-07-02 06:25:20,584 gamma = 0.6
2015-07-02 06:25:20,584 individual factor = 10
2015-07-02 06:25:20,584 zero range = 0.01
2015-07-02 06:25:20,584 greedy level = 5
2015-07-02 06:25:20,584 

2015-07-02 06:25:21,603 Starting Training from 2015-01-01 to 2015-01-31
2015-07-02 06:25:45,472 Starting Q Learning for : 
2015-07-02 06:25:45,472 alpha = 0.8
2015-07-02 06:25:45,472 gamma = 0.8
2015-07-02 06:25:45,472 individual factor = 10
2015-07-02 06:25:45,472 zero range = 0.01
2015-07-02 06:25:45,472 greedy level = 5
2015-07-02 06:25:45,472 

2015-07-02 06:25:46,003 Starting Training from 2015-01-01 to 2015-01-31
2015-07-02 06:39:16,920 Starting Live from 2015-02-01 to 2015-03-03
2015-07-02 06:41:00,208 Starting Live from 2015-02-01 to 2015-03-03
2015-07-02 06:41:31,661 Starting Live from 2015-02-01 to 2015-03-03
2015-07-02 06:53:02,795 Starting Training from 2015-02-01 to 2015-03-03
2015-07-02 06:55:10,965 Starting Live from 2015-03-04 to 2015-04-03
2015-07-02 06:55:21,385 Starting Training from 2015-02-01 to 2015-03-03
2015-07-02 06:56:48,870 Starting Training from 2015-02-01 to 2015-03-03
2015-07-02 06:58:49,934 Starting Live from 2015-03-04 to 2015-04-03
2015-07-02 06:59:20,211 Starting Live from 2015-03-04 to 2015-04-03
2015-07-02 07:11:00,832 Starting Training from 2015-03-04 to 2015-04-03
2015-07-02 07:12:22,861 Starting Live from 2015-04-04 to 2015-04-10
2015-07-02 07:13:10,044 Starting Training from 2015-03-04 to 2015-04-03
2015-07-02 07:14:29,757 Starting Training from 2015-03-04 to 2015-04-03
2015-07-02 07:16:36,834 Starting Live from 2015-04-04 to 2015-04-10
2015-07-02 07:17:28,504 Starting Live from 2015-04-04 to 2015-04-10
