2015-06-29 01:39:47,464 Starting Q Learning for : 
2015-06-29 01:39:47,464 alpha = 0.5
2015-06-29 01:39:47,464 gamma = 0.1
2015-06-29 01:39:47,464 individual factor = 10
2015-06-29 01:39:47,464 zero range = 0.002
2015-06-29 01:39:47,464 greedy level = 5
2015-06-29 01:39:47,464 

2015-06-29 01:40:01,615 Starting Training from 2014-12-17 to 2015-01-01
2015-06-29 01:55:24,825 Starting Live from 2015-01-02 to 2015-02-01
2015-06-29 02:27:23,904 Starting Training from 2015-01-17 to 2015-02-01
2015-06-29 02:28:53,880 Starting Live from 2015-02-02 to 2015-03-04
2015-06-29 03:01:35,085 Starting Training from 2015-02-17 to 2015-03-04
2015-06-29 03:04:10,540 Starting Live from 2015-03-05 to 2015-04-04
2015-06-29 03:41:41,318 Starting Training from 2015-03-20 to 2015-04-04
2015-06-29 03:44:28,354 Starting Live from 2015-04-05 to 2015-04-10
2015-06-29 03:53:07,581 Starting Q Learning for : 
2015-06-29 03:53:07,582 alpha = 0.5
2015-06-29 03:53:07,582 gamma = 0.2
2015-06-29 03:53:07,582 individual factor = 10
2015-06-29 03:53:07,582 zero range = 0.002
2015-06-29 03:53:07,582 greedy level = 5
2015-06-29 03:53:07,582 

2015-06-29 03:53:13,992 Starting Training from 2014-12-17 to 2015-01-01
2015-06-29 04:08:17,767 Starting Live from 2015-01-02 to 2015-02-01
2015-06-29 04:43:07,941 Starting Training from 2015-01-17 to 2015-02-01
2015-06-29 04:44:44,933 Starting Live from 2015-02-02 to 2015-03-04
2015-06-29 05:18:15,795 Starting Training from 2015-02-17 to 2015-03-04
2015-06-29 05:20:47,651 Starting Live from 2015-03-05 to 2015-04-04
2015-06-29 06:00:02,502 Starting Training from 2015-03-20 to 2015-04-04
2015-06-29 06:02:23,236 Starting Live from 2015-04-05 to 2015-04-10
2015-06-29 06:11:19,005 Starting Q Learning for : 
2015-06-29 06:11:19,006 alpha = 0.5
2015-06-29 06:11:19,006 gamma = 0.3
2015-06-29 06:11:19,006 individual factor = 10
2015-06-29 06:11:19,006 zero range = 0.002
2015-06-29 06:11:19,006 greedy level = 5
2015-06-29 06:11:19,006 

2015-06-29 06:11:25,076 Starting Training from 2014-12-17 to 2015-01-01
2015-06-29 06:26:42,309 Starting Live from 2015-01-02 to 2015-02-01
2015-06-29 07:02:42,588 Starting Training from 2015-01-17 to 2015-02-01
2015-06-29 07:04:43,348 Starting Live from 2015-02-02 to 2015-03-04
2015-06-29 07:39:39,739 Starting Training from 2015-02-17 to 2015-03-04
2015-06-29 07:42:18,555 Starting Live from 2015-03-05 to 2015-04-04
2015-06-29 08:23:42,651 Starting Training from 2015-03-20 to 2015-04-04
2015-06-29 08:26:10,618 Starting Live from 2015-04-05 to 2015-04-10
2015-06-29 08:36:16,549 Starting Q Learning for : 
2015-06-29 08:36:16,549 alpha = 0.5
2015-06-29 08:36:16,549 gamma = 0.4
2015-06-29 08:36:16,549 individual factor = 10
2015-06-29 08:36:16,549 zero range = 0.002
2015-06-29 08:36:16,549 greedy level = 5
2015-06-29 08:36:16,549 

2015-06-29 08:36:24,974 Starting Training from 2014-12-17 to 2015-01-01
2015-06-29 08:51:20,943 Starting Live from 2015-01-02 to 2015-02-01
2015-06-29 09:27:59,467 Starting Training from 2015-01-17 to 2015-02-01
2015-06-29 09:29:41,880 Starting Live from 2015-02-02 to 2015-03-04
2015-06-29 10:03:05,653 Starting Training from 2015-02-17 to 2015-03-04
2015-06-29 10:05:39,746 Starting Live from 2015-03-05 to 2015-04-04
2015-06-29 10:43:36,937 Starting Training from 2015-03-20 to 2015-04-04
2015-06-29 10:45:57,244 Starting Live from 2015-04-05 to 2015-04-10
2015-06-29 10:55:30,888 Starting Q Learning for : 
2015-06-29 10:55:30,890 alpha = 0.5
2015-06-29 10:55:30,890 gamma = 0.5
2015-06-29 10:55:30,890 individual factor = 10
2015-06-29 10:55:30,890 zero range = 0.002
2015-06-29 10:55:30,890 greedy level = 5
2015-06-29 10:55:30,890 

2015-06-29 10:55:38,236 Starting Training from 2014-12-17 to 2015-01-01
2015-06-29 11:09:58,232 Starting Live from 2015-01-02 to 2015-02-01
2015-06-29 11:46:16,746 Starting Training from 2015-01-17 to 2015-02-01
2015-06-29 11:47:59,568 Starting Live from 2015-02-02 to 2015-03-04
2015-06-29 12:20:24,473 Starting Training from 2015-02-17 to 2015-03-04
2015-06-29 12:22:51,562 Starting Live from 2015-03-05 to 2015-04-04
2015-06-29 12:58:43,121 Starting Training from 2015-03-20 to 2015-04-04
2015-06-29 13:01:54,201 Starting Live from 2015-04-05 to 2015-04-10
2015-06-29 13:11:11,265 Starting Q Learning for : 
2015-06-29 13:11:11,265 alpha = 0.5
2015-06-29 13:11:11,265 gamma = 0.6
2015-06-29 13:11:11,265 individual factor = 10
2015-06-29 13:11:11,265 zero range = 0.002
2015-06-29 13:11:11,265 greedy level = 5
2015-06-29 13:11:11,266 

2015-06-29 13:11:19,871 Starting Training from 2014-12-17 to 2015-01-01
2015-06-29 13:26:02,484 Starting Live from 2015-01-02 to 2015-02-01
2015-06-29 14:02:10,107 Starting Training from 2015-01-17 to 2015-02-01
2015-06-29 14:03:58,142 Starting Live from 2015-02-02 to 2015-03-04
2015-06-29 14:36:31,687 Starting Training from 2015-02-17 to 2015-03-04
2015-06-29 14:39:27,346 Starting Live from 2015-03-05 to 2015-04-04
2015-06-29 15:19:48,105 Starting Training from 2015-03-20 to 2015-04-04
2015-06-29 15:22:27,605 Starting Live from 2015-04-05 to 2015-04-10
2015-06-29 15:32:28,249 Starting Q Learning for : 
2015-06-29 15:32:28,249 alpha = 0.5
2015-06-29 15:32:28,249 gamma = 0.7
2015-06-29 15:32:28,249 individual factor = 10
2015-06-29 15:32:28,249 zero range = 0.002
2015-06-29 15:32:28,249 greedy level = 5
2015-06-29 15:32:28,249 

2015-06-29 15:32:34,186 Starting Training from 2014-12-17 to 2015-01-01
2015-06-29 15:47:19,671 Starting Live from 2015-01-02 to 2015-02-01
2015-06-29 16:16:17,773 Starting Training from 2015-01-17 to 2015-02-01
2015-06-29 16:18:05,221 Starting Live from 2015-02-02 to 2015-03-04
2015-06-29 16:35:04,140 Starting Training from 2015-02-17 to 2015-03-04
2015-06-29 16:43:53,776 Starting Live from 2015-03-05 to 2015-04-04
2015-06-29 17:10:07,368 Starting Training from 2015-03-20 to 2015-04-04
2015-06-29 17:13:17,492 Starting Live from 2015-04-05 to 2015-04-10
2015-06-29 17:18:55,361 Starting Q Learning for : 
2015-06-29 17:18:55,361 alpha = 0.5
2015-06-29 17:18:55,361 gamma = 0.8
2015-06-29 17:18:55,361 individual factor = 10
2015-06-29 17:18:55,361 zero range = 0.002
2015-06-29 17:18:55,362 greedy level = 5
2015-06-29 17:18:55,362 

2015-06-29 17:19:01,721 Starting Training from 2014-12-17 to 2015-01-01
2015-06-29 17:34:36,148 Starting Live from 2015-01-02 to 2015-02-01
2015-06-29 17:58:50,506 Starting Training from 2015-01-17 to 2015-02-01
2015-06-29 18:00:37,821 Starting Live from 2015-02-02 to 2015-03-04
2015-06-29 18:10:57,987 Starting Training from 2015-02-17 to 2015-03-04
2015-06-29 18:21:52,259 Starting Live from 2015-03-05 to 2015-04-04
2015-06-29 18:44:45,036 Starting Training from 2015-03-20 to 2015-04-04
2015-06-29 18:47:45,365 Starting Live from 2015-04-05 to 2015-04-10
2015-06-29 18:52:04,477 Starting Q Learning for : 
2015-06-29 18:52:04,477 alpha = 0.5
2015-06-29 18:52:04,477 gamma = 0.1
2015-06-29 18:52:04,477 individual factor = 10
2015-06-29 18:52:04,477 zero range = 0.006
2015-06-29 18:52:04,477 greedy level = 5
2015-06-29 18:52:04,477 

2015-06-29 18:52:10,440 Starting Training from 2014-12-17 to 2015-01-01
2015-06-29 19:06:49,645 Starting Live from 2015-01-02 to 2015-02-01
2015-06-29 19:42:07,556 Starting Training from 2015-01-17 to 2015-02-01
2015-06-29 19:44:03,516 Starting Live from 2015-02-02 to 2015-03-04
2015-06-29 20:16:05,618 Starting Training from 2015-02-17 to 2015-03-04
2015-06-29 20:18:32,924 Starting Live from 2015-03-05 to 2015-04-04
2015-06-29 20:57:01,444 Starting Training from 2015-03-20 to 2015-04-04
2015-06-29 20:59:44,262 Starting Live from 2015-04-05 to 2015-04-10
2015-06-29 21:08:33,331 Starting Q Learning for : 
2015-06-29 21:08:33,331 alpha = 0.5
2015-06-29 21:08:33,331 gamma = 0.2
2015-06-29 21:08:33,331 individual factor = 10
2015-06-29 21:08:33,331 zero range = 0.006
2015-06-29 21:08:33,332 greedy level = 5
2015-06-29 21:08:33,332 

2015-06-29 21:08:38,799 Starting Training from 2014-12-17 to 2015-01-01
2015-06-29 21:23:47,657 Starting Live from 2015-01-02 to 2015-02-01
2015-06-29 21:59:50,687 Starting Training from 2015-01-17 to 2015-02-01
2015-06-29 22:01:52,743 Starting Live from 2015-02-02 to 2015-03-04
2015-06-29 22:35:28,157 Starting Training from 2015-02-17 to 2015-03-04
2015-06-29 22:37:49,825 Starting Live from 2015-03-05 to 2015-04-04
2015-06-29 23:16:20,359 Starting Training from 2015-03-20 to 2015-04-04
2015-06-29 23:19:39,888 Starting Live from 2015-04-05 to 2015-04-10
2015-06-29 23:28:51,204 Starting Q Learning for : 
2015-06-29 23:28:51,204 alpha = 0.5
2015-06-29 23:28:51,204 gamma = 0.3
2015-06-29 23:28:51,204 individual factor = 10
2015-06-29 23:28:51,204 zero range = 0.006
2015-06-29 23:28:51,206 greedy level = 5
2015-06-29 23:28:51,206 

2015-06-29 23:28:57,914 Starting Training from 2014-12-17 to 2015-01-01
2015-06-29 23:44:45,681 Starting Live from 2015-01-02 to 2015-02-01
2015-06-30 00:21:21,088 Starting Training from 2015-01-17 to 2015-02-01
2015-06-30 00:23:03,872 Starting Live from 2015-02-02 to 2015-03-04
2015-06-30 00:56:33,372 Starting Training from 2015-02-17 to 2015-03-04
2015-06-30 00:59:05,638 Starting Live from 2015-03-05 to 2015-04-04
2015-06-30 01:38:32,546 Starting Training from 2015-03-20 to 2015-04-04
2015-06-30 01:41:06,460 Starting Live from 2015-04-05 to 2015-04-10
2015-06-30 01:49:49,608 Starting Q Learning for : 
2015-06-30 01:49:49,608 alpha = 0.5
2015-06-30 01:49:49,608 gamma = 0.4
2015-06-30 01:49:49,608 individual factor = 10
2015-06-30 01:49:49,608 zero range = 0.006
2015-06-30 01:49:49,608 greedy level = 5
2015-06-30 01:49:49,608 

2015-06-30 01:49:57,670 Starting Training from 2014-12-17 to 2015-01-01
2015-06-30 02:05:09,632 Starting Live from 2015-01-02 to 2015-02-01
2015-06-30 02:40:54,562 Starting Training from 2015-01-17 to 2015-02-01
2015-06-30 02:42:32,448 Starting Live from 2015-02-02 to 2015-03-04
2015-06-30 03:16:09,520 Starting Training from 2015-02-17 to 2015-03-04
2015-06-30 03:18:39,816 Starting Live from 2015-03-05 to 2015-04-04
2015-06-30 04:01:28,963 Starting Training from 2015-03-20 to 2015-04-04
2015-06-30 04:03:36,233 Starting Live from 2015-04-05 to 2015-04-10
2015-06-30 04:13:56,154 Starting Q Learning for : 
2015-06-30 04:13:56,154 alpha = 0.5
2015-06-30 04:13:56,154 gamma = 0.5
2015-06-30 04:13:56,155 individual factor = 10
2015-06-30 04:13:56,155 zero range = 0.006
2015-06-30 04:13:56,155 greedy level = 5
2015-06-30 04:13:56,155 

2015-06-30 04:14:03,497 Starting Training from 2014-12-17 to 2015-01-01
2015-06-30 04:28:16,355 Starting Live from 2015-01-02 to 2015-02-01
2015-06-30 05:02:58,802 Starting Training from 2015-01-17 to 2015-02-01
2015-06-30 05:04:39,525 Starting Live from 2015-02-02 to 2015-03-04
2015-06-30 05:35:57,545 Starting Training from 2015-02-17 to 2015-03-04
2015-06-30 05:39:10,914 Starting Live from 2015-03-05 to 2015-04-04
2015-06-30 06:17:01,621 Starting Training from 2015-03-20 to 2015-04-04
2015-06-30 06:19:12,642 Starting Live from 2015-04-05 to 2015-04-10
2015-06-30 06:28:28,211 Starting Q Learning for : 
2015-06-30 06:28:28,211 alpha = 0.5
2015-06-30 06:28:28,211 gamma = 0.6
2015-06-30 06:28:28,213 individual factor = 10
2015-06-30 06:28:28,213 zero range = 0.006
2015-06-30 06:28:28,213 greedy level = 5
2015-06-30 06:28:28,213 

2015-06-30 06:28:35,595 Starting Training from 2014-12-17 to 2015-01-01
2015-06-30 06:43:27,959 Starting Live from 2015-01-02 to 2015-02-01
2015-06-30 07:18:41,283 Starting Training from 2015-01-17 to 2015-02-01
2015-06-30 07:20:21,065 Starting Live from 2015-02-02 to 2015-03-04
2015-06-30 07:52:37,494 Starting Training from 2015-02-17 to 2015-03-04
2015-06-30 07:55:41,549 Starting Live from 2015-03-05 to 2015-04-04
2015-06-30 08:32:23,414 Starting Training from 2015-03-20 to 2015-04-04
2015-06-30 08:34:53,224 Starting Live from 2015-04-05 to 2015-04-10
2015-06-30 08:43:11,920 Starting Q Learning for : 
2015-06-30 08:43:11,920 alpha = 0.5
2015-06-30 08:43:11,920 gamma = 0.7
2015-06-30 08:43:11,920 individual factor = 10
2015-06-30 08:43:11,920 zero range = 0.006
2015-06-30 08:43:11,920 greedy level = 5
2015-06-30 08:43:11,920 

2015-06-30 08:43:17,888 Starting Training from 2014-12-17 to 2015-01-01
2015-06-30 08:58:21,282 Starting Live from 2015-01-02 to 2015-02-01
2015-06-30 09:26:16,691 Starting Training from 2015-01-17 to 2015-02-01
2015-06-30 09:27:55,637 Starting Live from 2015-02-02 to 2015-03-04
2015-06-30 09:45:13,413 Starting Training from 2015-02-17 to 2015-03-04
2015-06-30 09:52:36,197 Starting Live from 2015-03-05 to 2015-04-04
2015-06-30 10:17:03,286 Starting Training from 2015-03-20 to 2015-04-04
2015-06-30 10:20:22,121 Starting Live from 2015-04-05 to 2015-04-10
2015-06-30 10:26:31,767 Starting Q Learning for : 
2015-06-30 10:26:31,767 alpha = 0.5
2015-06-30 10:26:31,769 gamma = 0.8
2015-06-30 10:26:31,769 individual factor = 10
2015-06-30 10:26:31,769 zero range = 0.006
2015-06-30 10:26:31,769 greedy level = 5
2015-06-30 10:26:31,769 

2015-06-30 10:26:38,717 Starting Training from 2014-12-17 to 2015-01-01
2015-06-30 10:40:24,003 Starting Live from 2015-01-02 to 2015-02-01
2015-06-30 11:02:38,934 Starting Training from 2015-01-17 to 2015-02-01
2015-06-30 11:04:14,890 Starting Live from 2015-02-02 to 2015-03-04
2015-06-30 11:14:05,335 Starting Training from 2015-02-17 to 2015-03-04
2015-06-30 11:23:36,545 Starting Live from 2015-03-05 to 2015-04-04
2015-06-30 11:44:35,209 Starting Training from 2015-03-20 to 2015-04-04
2015-06-30 11:47:43,670 Starting Live from 2015-04-05 to 2015-04-10
2015-06-30 11:51:26,618 Starting Q Learning for : 
2015-06-30 11:51:26,618 alpha = 0.2
2015-06-30 11:51:26,618 gamma = 0.1
2015-06-30 11:51:26,618 individual factor = 10
2015-06-30 11:51:26,618 zero range = 0.006
2015-06-30 11:51:26,618 greedy level = 5
2015-06-30 11:51:26,618 

2015-06-30 11:51:32,688 Starting Training from 2014-12-17 to 2015-01-01
2015-06-30 12:05:33,729 Starting Live from 2015-01-02 to 2015-02-01
2015-06-30 12:38:27,483 Starting Training from 2015-01-17 to 2015-02-01
2015-06-30 12:40:26,164 Starting Live from 2015-02-02 to 2015-03-04
2015-06-30 13:11:10,825 Starting Training from 2015-02-17 to 2015-03-04
2015-06-30 13:13:27,335 Starting Live from 2015-03-05 to 2015-04-04
2015-06-30 13:48:53,676 Starting Training from 2015-03-20 to 2015-04-04
2015-06-30 13:50:55,746 Starting Live from 2015-04-05 to 2015-04-10
2015-06-30 13:59:55,490 Starting Q Learning for : 
2015-06-30 13:59:55,490 alpha = 0.2
2015-06-30 13:59:55,490 gamma = 0.2
2015-06-30 13:59:55,490 individual factor = 10
2015-06-30 13:59:55,490 zero range = 0.006
2015-06-30 13:59:55,490 greedy level = 5
2015-06-30 13:59:55,490 

2015-06-30 14:00:00,655 Starting Training from 2014-12-17 to 2015-01-01
2015-06-30 14:14:15,476 Starting Live from 2015-01-02 to 2015-02-01
2015-06-30 14:47:17,611 Starting Training from 2015-01-17 to 2015-02-01
2015-06-30 14:48:51,267 Starting Live from 2015-02-02 to 2015-03-04
2015-06-30 15:20:21,644 Starting Training from 2015-02-17 to 2015-03-04
2015-06-30 15:22:48,105 Starting Live from 2015-03-05 to 2015-04-04
2015-06-30 15:58:31,594 Starting Training from 2015-03-20 to 2015-04-04
2015-06-30 16:00:37,391 Starting Live from 2015-04-05 to 2015-04-10
2015-06-30 16:10:07,111 Starting Q Learning for : 
2015-06-30 16:10:07,111 alpha = 0.2
2015-06-30 16:10:07,111 gamma = 0.3
2015-06-30 16:10:07,111 individual factor = 10
2015-06-30 16:10:07,111 zero range = 0.006
2015-06-30 16:10:07,111 greedy level = 5
2015-06-30 16:10:07,111 

2015-06-30 16:10:12,970 Starting Training from 2014-12-17 to 2015-01-01
2015-06-30 16:23:32,730 Starting Live from 2015-01-02 to 2015-02-01
2015-06-30 16:57:11,354 Starting Training from 2015-01-17 to 2015-02-01
2015-06-30 16:58:41,490 Starting Live from 2015-02-02 to 2015-03-04
2015-06-30 17:30:49,051 Starting Training from 2015-02-17 to 2015-03-04
2015-06-30 17:33:10,839 Starting Live from 2015-03-05 to 2015-04-04
2015-06-30 18:12:05,592 Starting Training from 2015-03-20 to 2015-04-04
2015-06-30 18:13:47,785 Starting Live from 2015-04-05 to 2015-04-10
2015-06-30 18:22:51,377 Starting Q Learning for : 
2015-06-30 18:22:51,377 alpha = 0.2
2015-06-30 18:22:51,377 gamma = 0.4
2015-06-30 18:22:51,377 individual factor = 10
2015-06-30 18:22:51,377 zero range = 0.006
2015-06-30 18:22:51,377 greedy level = 5
2015-06-30 18:22:51,378 

2015-06-30 18:22:57,734 Starting Training from 2014-12-17 to 2015-01-01
2015-06-30 18:36:55,387 Starting Live from 2015-01-02 to 2015-02-01
2015-06-30 19:07:46,190 Starting Training from 2015-01-17 to 2015-02-01
2015-06-30 19:09:21,433 Starting Live from 2015-02-02 to 2015-03-04
2015-06-30 19:41:01,578 Starting Training from 2015-02-17 to 2015-03-04
2015-06-30 19:43:25,151 Starting Live from 2015-03-05 to 2015-04-04
2015-06-30 20:21:08,181 Starting Training from 2015-03-20 to 2015-04-04
2015-06-30 20:23:19,855 Starting Live from 2015-04-05 to 2015-04-10
2015-06-30 20:32:12,710 Starting Q Learning for : 
2015-06-30 20:32:12,711 alpha = 0.2
2015-06-30 20:32:12,711 gamma = 0.5
2015-06-30 20:32:12,711 individual factor = 10
2015-06-30 20:32:12,711 zero range = 0.006
2015-06-30 20:32:12,711 greedy level = 5
2015-06-30 20:32:12,711 

2015-06-30 20:32:17,946 Starting Training from 2014-12-17 to 2015-01-01
2015-06-30 20:46:39,194 Starting Live from 2015-01-02 to 2015-02-01
2015-06-30 21:18:44,651 Starting Training from 2015-01-17 to 2015-02-01
2015-06-30 21:20:35,665 Starting Live from 2015-02-02 to 2015-03-04
2015-06-30 21:52:28,835 Starting Training from 2015-02-17 to 2015-03-04
2015-06-30 21:54:59,641 Starting Live from 2015-03-05 to 2015-04-04
2015-06-30 22:31:36,818 Starting Training from 2015-03-20 to 2015-04-04
2015-06-30 22:33:16,256 Starting Live from 2015-04-05 to 2015-04-10
2015-06-30 22:41:14,586 Starting Q Learning for : 
2015-06-30 22:41:14,586 alpha = 0.2
2015-06-30 22:41:14,586 gamma = 0.6
2015-06-30 22:41:14,586 individual factor = 10
2015-06-30 22:41:14,586 zero range = 0.006
2015-06-30 22:41:14,586 greedy level = 5
2015-06-30 22:41:14,586 

2015-06-30 22:41:22,990 Starting Training from 2014-12-17 to 2015-01-01
2015-06-30 22:55:15,039 Starting Live from 2015-01-02 to 2015-02-01
2015-06-30 23:29:04,059 Starting Training from 2015-01-17 to 2015-02-01
2015-06-30 23:30:51,313 Starting Live from 2015-02-02 to 2015-03-04
2015-07-01 00:01:57,522 Starting Training from 2015-02-17 to 2015-03-04
2015-07-01 00:04:15,756 Starting Live from 2015-03-05 to 2015-04-04
2015-07-01 00:35:21,871 Starting Training from 2015-03-20 to 2015-04-04
2015-07-01 00:37:54,763 Starting Live from 2015-04-05 to 2015-04-10
2015-07-01 00:45:35,454 Starting Q Learning for : 
2015-07-01 00:45:35,454 alpha = 0.2
2015-07-01 00:45:35,454 gamma = 0.7
2015-07-01 00:45:35,454 individual factor = 10
2015-07-01 00:45:35,454 zero range = 0.006
2015-07-01 00:45:35,454 greedy level = 5
2015-07-01 00:45:35,454 

2015-07-01 00:45:42,326 Starting Training from 2014-12-17 to 2015-01-01
2015-07-01 00:58:50,599 Starting Live from 2015-01-02 to 2015-02-01
2015-07-01 01:22:38,138 Starting Training from 2015-01-17 to 2015-02-01
2015-07-01 01:24:07,043 Starting Live from 2015-02-02 to 2015-03-04
2015-07-01 01:39:55,703 Starting Training from 2015-02-17 to 2015-03-04
2015-07-01 01:46:54,079 Starting Live from 2015-03-05 to 2015-04-04
2015-07-01 02:12:18,148 Starting Training from 2015-03-20 to 2015-04-04
2015-07-01 02:14:18,802 Starting Live from 2015-04-05 to 2015-04-10
2015-07-01 02:20:07,306 Starting Q Learning for : 
2015-07-01 02:20:07,306 alpha = 0.2
2015-07-01 02:20:07,306 gamma = 0.8
2015-07-01 02:20:07,306 individual factor = 10
2015-07-01 02:20:07,306 zero range = 0.006
2015-07-01 02:20:07,306 greedy level = 5
2015-07-01 02:20:07,306 

2015-07-01 02:20:12,871 Starting Training from 2014-12-17 to 2015-01-01
2015-07-01 02:32:41,546 Starting Live from 2015-01-02 to 2015-02-01
2015-07-01 02:53:20,186 Starting Training from 2015-01-17 to 2015-02-01
2015-07-01 02:54:48,967 Starting Live from 2015-02-02 to 2015-03-04
2015-07-01 03:04:09,411 Starting Training from 2015-02-17 to 2015-03-04
2015-07-01 03:13:12,207 Starting Live from 2015-03-05 to 2015-04-04
2015-07-01 03:33:41,621 Starting Training from 2015-03-20 to 2015-04-04
2015-07-01 03:36:22,105 Starting Live from 2015-04-05 to 2015-04-10
2015-07-01 03:40:06,302 Starting Q Learning for : 
2015-07-01 03:40:06,302 alpha = 0.6
2015-07-01 03:40:06,303 gamma = 0.1
2015-07-01 03:40:06,303 individual factor = 10
2015-07-01 03:40:06,303 zero range = 0.01
2015-07-01 03:40:06,303 greedy level = 5
2015-07-01 03:40:06,303 

2015-07-01 03:40:11,144 Starting Training from 2014-12-17 to 2015-01-01
2015-07-01 03:53:19,382 Starting Live from 2015-01-02 to 2015-02-01
2015-07-01 04:23:35,676 Starting Training from 2015-01-17 to 2015-02-01
2015-07-01 04:24:59,750 Starting Live from 2015-02-02 to 2015-03-04
2015-07-01 04:53:30,286 Starting Training from 2015-02-17 to 2015-03-04
2015-07-01 04:56:15,746 Starting Live from 2015-03-05 to 2015-04-04
2015-07-01 05:28:04,621 Starting Training from 2015-03-20 to 2015-04-04
2015-07-01 05:30:03,828 Starting Live from 2015-04-05 to 2015-04-10
2015-07-01 05:37:37,089 Starting Q Learning for : 
2015-07-01 05:37:37,089 alpha = 0.6
2015-07-01 05:37:37,089 gamma = 0.2
2015-07-01 05:37:37,091 individual factor = 10
2015-07-01 05:37:37,091 zero range = 0.01
2015-07-01 05:37:37,091 greedy level = 5
2015-07-01 05:37:37,091 

2015-07-01 05:37:42,707 Starting Training from 2014-12-17 to 2015-01-01
2015-07-01 05:50:45,441 Starting Live from 2015-01-02 to 2015-02-01
2015-07-01 06:20:50,286 Starting Training from 2015-01-17 to 2015-02-01
2015-07-01 06:22:12,217 Starting Live from 2015-02-02 to 2015-03-04
2015-07-01 06:51:22,403 Starting Training from 2015-02-17 to 2015-03-04
2015-07-01 06:53:38,594 Starting Live from 2015-03-05 to 2015-04-04
2015-07-01 07:26:02,447 Starting Training from 2015-03-20 to 2015-04-04
2015-07-01 07:28:09,098 Starting Live from 2015-04-05 to 2015-04-10
2015-07-01 07:36:01,338 Starting Q Learning for : 
2015-07-01 07:36:01,338 alpha = 0.6
2015-07-01 07:36:01,338 gamma = 0.3
2015-07-01 07:36:01,338 individual factor = 10
2015-07-01 07:36:01,338 zero range = 0.01
2015-07-01 07:36:01,338 greedy level = 5
2015-07-01 07:36:01,338 

2015-07-01 07:36:08,177 Starting Training from 2014-12-17 to 2015-01-01
2015-07-01 07:48:26,023 Starting Live from 2015-01-02 to 2015-02-01
2015-07-01 08:18:21,657 Starting Training from 2015-01-17 to 2015-02-01
2015-07-01 08:20:08,173 Starting Live from 2015-02-02 to 2015-03-04
2015-07-01 08:49:31,584 Starting Training from 2015-02-17 to 2015-03-04
2015-07-01 08:51:35,413 Starting Live from 2015-03-05 to 2015-04-04
2015-07-01 09:24:36,611 Starting Training from 2015-03-20 to 2015-04-04
2015-07-01 09:26:51,763 Starting Live from 2015-04-05 to 2015-04-10
2015-07-01 09:35:24,362 Starting Q Learning for : 
2015-07-01 09:35:24,362 alpha = 0.6
2015-07-01 09:35:24,362 gamma = 0.4
2015-07-01 09:35:24,362 individual factor = 10
2015-07-01 09:35:24,362 zero range = 0.01
2015-07-01 09:35:24,362 greedy level = 5
2015-07-01 09:35:24,364 

2015-07-01 09:35:29,530 Starting Training from 2014-12-17 to 2015-01-01
2015-07-01 09:47:36,911 Starting Live from 2015-01-02 to 2015-02-01
2015-07-01 10:18:19,069 Starting Training from 2015-01-17 to 2015-02-01
2015-07-01 10:19:44,569 Starting Live from 2015-02-02 to 2015-03-04
2015-07-01 10:47:28,890 Starting Training from 2015-02-17 to 2015-03-04
2015-07-01 10:49:28,403 Starting Live from 2015-03-05 to 2015-04-04
2015-07-01 11:21:43,964 Starting Training from 2015-03-20 to 2015-04-04
2015-07-01 11:23:59,898 Starting Live from 2015-04-05 to 2015-04-10
2015-07-01 11:31:35,446 Starting Q Learning for : 
2015-07-01 11:31:35,447 alpha = 0.6
2015-07-01 11:31:35,447 gamma = 0.5
2015-07-01 11:31:35,447 individual factor = 10
2015-07-01 11:31:35,447 zero range = 0.01
2015-07-01 11:31:35,447 greedy level = 5
2015-07-01 11:31:35,447 

2015-07-01 11:31:40,614 Starting Training from 2014-12-17 to 2015-01-01
2015-07-01 11:43:21,328 Starting Live from 2015-01-02 to 2015-02-01
2015-07-01 12:12:47,720 Starting Training from 2015-01-17 to 2015-02-01
2015-07-01 12:14:05,562 Starting Live from 2015-02-02 to 2015-03-04
2015-07-01 12:39:39,887 Starting Training from 2015-02-17 to 2015-03-04
2015-07-01 12:41:50,484 Starting Live from 2015-03-05 to 2015-04-04
2015-07-01 13:11:34,030 Starting Training from 2015-03-20 to 2015-04-04
2015-07-01 13:13:07,736 Starting Live from 2015-04-05 to 2015-04-10
2015-07-01 13:20:40,540 Starting Q Learning for : 
2015-07-01 13:20:40,540 alpha = 0.6
2015-07-01 13:20:40,540 gamma = 0.6
2015-07-01 13:20:40,540 individual factor = 10
2015-07-01 13:20:40,540 zero range = 0.01
2015-07-01 13:20:40,540 greedy level = 5
2015-07-01 13:20:40,540 

2015-07-01 13:20:46,566 Starting Training from 2014-12-17 to 2015-01-01
2015-07-01 13:31:36,542 Starting Live from 2015-01-02 to 2015-02-01
2015-07-01 13:58:27,926 Starting Training from 2015-01-17 to 2015-02-01
2015-07-01 14:00:00,690 Starting Live from 2015-02-02 to 2015-03-04
2015-07-01 14:24:57,970 Starting Training from 2015-02-17 to 2015-03-04
2015-07-01 14:27:05,059 Starting Live from 2015-03-05 to 2015-04-04
2015-07-01 14:55:14,959 Starting Training from 2015-03-20 to 2015-04-04
2015-07-01 14:57:14,197 Starting Live from 2015-04-05 to 2015-04-10
2015-07-01 15:03:32,331 Starting Q Learning for : 
2015-07-01 15:03:32,332 alpha = 0.6
2015-07-01 15:03:32,332 gamma = 0.7
2015-07-01 15:03:32,332 individual factor = 10
2015-07-01 15:03:32,332 zero range = 0.01
2015-07-01 15:03:32,332 greedy level = 5
2015-07-01 15:03:32,332 

2015-07-01 15:03:37,490 Starting Training from 2014-12-17 to 2015-01-01
2015-07-01 15:15:02,959 Starting Live from 2015-01-02 to 2015-02-01
2015-07-01 15:35:55,835 Starting Training from 2015-01-17 to 2015-02-01
2015-07-01 15:37:08,311 Starting Live from 2015-02-02 to 2015-03-04
2015-07-01 15:49:32,737 Starting Training from 2015-02-17 to 2015-03-04
2015-07-01 15:55:57,188 Starting Live from 2015-03-05 to 2015-04-04
2015-07-01 16:14:52,838 Starting Training from 2015-03-20 to 2015-04-04
2015-07-01 16:17:40,811 Starting Live from 2015-04-05 to 2015-04-10
2015-07-01 16:22:11,059 Starting Q Learning for : 
2015-07-01 16:22:11,059 alpha = 0.6
2015-07-01 16:22:11,059 gamma = 0.8
2015-07-01 16:22:11,059 individual factor = 10
2015-07-01 16:22:11,059 zero range = 0.01
2015-07-01 16:22:11,059 greedy level = 5
2015-07-01 16:22:11,059 

2015-07-01 16:22:16,894 Starting Training from 2014-12-17 to 2015-01-01
2015-07-01 16:32:56,621 Starting Live from 2015-01-02 to 2015-02-01
2015-07-01 16:50:01,612 Starting Training from 2015-01-17 to 2015-02-01
2015-07-01 16:51:12,526 Starting Live from 2015-02-02 to 2015-03-04
2015-07-01 16:57:58,924 Starting Training from 2015-02-17 to 2015-03-04
2015-07-01 17:06:52,602 Starting Live from 2015-03-05 to 2015-04-04
2015-07-01 17:24:37,742 Starting Training from 2015-03-20 to 2015-04-04
2015-07-01 17:26:41,437 Starting Live from 2015-04-05 to 2015-04-10
