2015-06-29 01:39:47,466 Starting Q Learning for : 
2015-06-29 01:39:47,466 alpha = 0.4
2015-06-29 01:39:47,466 gamma = 0.1
2015-06-29 01:39:47,466 individual factor = 10
2015-06-29 01:39:47,466 zero range = 0.002
2015-06-29 01:39:47,466 greedy level = 5
2015-06-29 01:39:47,466 

2015-06-29 01:40:02,107 Starting Training from 2014-12-17 to 2015-01-01
2015-06-29 01:55:28,016 Starting Live from 2015-01-02 to 2015-02-01
2015-06-29 02:27:25,246 Starting Training from 2015-01-17 to 2015-02-01
2015-06-29 02:28:54,108 Starting Live from 2015-02-02 to 2015-03-04
2015-06-29 03:03:30,117 Starting Training from 2015-02-17 to 2015-03-04
2015-06-29 03:05:58,358 Starting Live from 2015-03-05 to 2015-04-04
2015-06-29 03:49:33,240 Starting Training from 2015-03-20 to 2015-04-04
2015-06-29 03:51:50,302 Starting Live from 2015-04-05 to 2015-04-10
2015-06-29 04:01:58,963 Starting Q Learning for : 
2015-06-29 04:01:58,963 alpha = 0.4
2015-06-29 04:01:58,964 gamma = 0.2
2015-06-29 04:01:58,964 individual factor = 10
2015-06-29 04:01:58,964 zero range = 0.002
2015-06-29 04:01:58,964 greedy level = 5
2015-06-29 04:01:58,964 

2015-06-29 04:02:06,520 Starting Training from 2014-12-17 to 2015-01-01
2015-06-29 04:16:38,213 Starting Live from 2015-01-02 to 2015-02-01
2015-06-29 04:52:17,523 Starting Training from 2015-01-17 to 2015-02-01
2015-06-29 04:53:54,641 Starting Live from 2015-02-02 to 2015-03-04
2015-06-29 05:28:03,667 Starting Training from 2015-02-17 to 2015-03-04
2015-06-29 05:30:45,522 Starting Live from 2015-03-05 to 2015-04-04
2015-06-29 06:10:57,559 Starting Training from 2015-03-20 to 2015-04-04
2015-06-29 06:13:05,476 Starting Live from 2015-04-05 to 2015-04-10
2015-06-29 06:22:48,357 Starting Q Learning for : 
2015-06-29 06:22:48,357 alpha = 0.4
2015-06-29 06:22:48,357 gamma = 0.3
2015-06-29 06:22:48,358 individual factor = 10
2015-06-29 06:22:48,358 zero range = 0.002
2015-06-29 06:22:48,358 greedy level = 5
2015-06-29 06:22:48,358 

2015-06-29 06:22:49,851 Starting Training from 2014-12-17 to 2015-01-01
2015-06-29 06:37:19,698 Starting Live from 2015-01-02 to 2015-02-01
2015-06-29 07:13:52,272 Starting Training from 2015-01-17 to 2015-02-01
2015-06-29 07:15:36,128 Starting Live from 2015-02-02 to 2015-03-04
2015-06-29 07:50:52,466 Starting Training from 2015-02-17 to 2015-03-04
2015-06-29 07:53:41,220 Starting Live from 2015-03-05 to 2015-04-04
2015-06-29 08:30:38,378 Starting Training from 2015-03-20 to 2015-04-04
2015-06-29 08:33:39,308 Starting Live from 2015-04-05 to 2015-04-10
2015-06-29 08:43:32,940 Starting Q Learning for : 
2015-06-29 08:43:32,940 alpha = 0.4
2015-06-29 08:43:32,940 gamma = 0.4
2015-06-29 08:43:32,940 individual factor = 10
2015-06-29 08:43:32,940 zero range = 0.002
2015-06-29 08:43:32,940 greedy level = 5
2015-06-29 08:43:32,940 

2015-06-29 08:43:38,625 Starting Training from 2014-12-17 to 2015-01-01
2015-06-29 08:58:21,624 Starting Live from 2015-01-02 to 2015-02-01
2015-06-29 09:34:27,982 Starting Training from 2015-01-17 to 2015-02-01
2015-06-29 09:36:05,298 Starting Live from 2015-02-02 to 2015-03-04
2015-06-29 10:10:52,226 Starting Training from 2015-02-17 to 2015-03-04
2015-06-29 10:13:17,595 Starting Live from 2015-03-05 to 2015-04-04
2015-06-29 10:49:18,490 Starting Training from 2015-03-20 to 2015-04-04
2015-06-29 10:52:10,016 Starting Live from 2015-04-05 to 2015-04-10
2015-06-29 11:01:17,194 Starting Q Learning for : 
2015-06-29 11:01:17,196 alpha = 0.4
2015-06-29 11:01:17,196 gamma = 0.5
2015-06-29 11:01:17,196 individual factor = 10
2015-06-29 11:01:17,196 zero range = 0.002
2015-06-29 11:01:17,196 greedy level = 5
2015-06-29 11:01:17,196 

2015-06-29 11:01:23,367 Starting Training from 2014-12-17 to 2015-01-01
2015-06-29 11:16:09,799 Starting Live from 2015-01-02 to 2015-02-01
2015-06-29 11:52:04,707 Starting Training from 2015-01-17 to 2015-02-01
2015-06-29 11:53:46,710 Starting Live from 2015-02-02 to 2015-03-04
2015-06-29 12:28:06,417 Starting Training from 2015-02-17 to 2015-03-04
2015-06-29 12:30:31,914 Starting Live from 2015-03-05 to 2015-04-04
2015-06-29 13:05:26,211 Starting Training from 2015-03-20 to 2015-04-04
2015-06-29 13:08:08,099 Starting Live from 2015-04-05 to 2015-04-10
2015-06-29 13:17:11,766 Starting Q Learning for : 
2015-06-29 13:17:11,766 alpha = 0.4
2015-06-29 13:17:11,766 gamma = 0.6
2015-06-29 13:17:11,766 individual factor = 10
2015-06-29 13:17:11,766 zero range = 0.002
2015-06-29 13:17:11,766 greedy level = 5
2015-06-29 13:17:11,766 

2015-06-29 13:17:18,020 Starting Training from 2014-12-17 to 2015-01-01
2015-06-29 13:32:04,036 Starting Live from 2015-01-02 to 2015-02-01
2015-06-29 14:07:44,049 Starting Training from 2015-01-17 to 2015-02-01
2015-06-29 14:09:24,388 Starting Live from 2015-02-02 to 2015-03-04
2015-06-29 14:42:21,868 Starting Training from 2015-02-17 to 2015-03-04
2015-06-29 14:45:30,400 Starting Live from 2015-03-05 to 2015-04-04
2015-06-29 15:23:19,323 Starting Training from 2015-03-20 to 2015-04-04
2015-06-29 15:25:56,380 Starting Live from 2015-04-05 to 2015-04-10
2015-06-29 15:35:22,062 Starting Q Learning for : 
2015-06-29 15:35:22,062 alpha = 0.4
2015-06-29 15:35:22,062 gamma = 0.7
2015-06-29 15:35:22,062 individual factor = 10
2015-06-29 15:35:22,062 zero range = 0.002
2015-06-29 15:35:22,063 greedy level = 5
2015-06-29 15:35:22,063 

2015-06-29 15:35:28,391 Starting Training from 2014-12-17 to 2015-01-01
2015-06-29 15:50:42,141 Starting Live from 2015-01-02 to 2015-02-01
2015-06-29 16:20:04,098 Starting Training from 2015-01-17 to 2015-02-01
2015-06-29 16:21:45,302 Starting Live from 2015-02-02 to 2015-03-04
2015-06-29 16:41:13,596 Starting Training from 2015-02-17 to 2015-03-04
2015-06-29 16:48:49,904 Starting Live from 2015-03-05 to 2015-04-04
2015-06-29 17:18:18,558 Starting Training from 2015-03-20 to 2015-04-04
2015-06-29 17:20:55,473 Starting Live from 2015-04-05 to 2015-04-10
2015-06-29 17:27:42,305 Starting Q Learning for : 
2015-06-29 17:27:42,305 alpha = 0.4
2015-06-29 17:27:42,305 gamma = 0.8
2015-06-29 17:27:42,305 individual factor = 10
2015-06-29 17:27:42,305 zero range = 0.002
2015-06-29 17:27:42,305 greedy level = 5
2015-06-29 17:27:42,305 

2015-06-29 17:27:47,691 Starting Training from 2014-12-17 to 2015-01-01
2015-06-29 17:42:38,483 Starting Live from 2015-01-02 to 2015-02-01
2015-06-29 18:06:33,259 Starting Training from 2015-01-17 to 2015-02-01
2015-06-29 18:08:23,441 Starting Live from 2015-02-02 to 2015-03-04
2015-06-29 18:19:02,032 Starting Training from 2015-02-17 to 2015-03-04
2015-06-29 18:29:28,137 Starting Live from 2015-03-05 to 2015-04-04
2015-06-29 18:50:37,243 Starting Training from 2015-03-20 to 2015-04-04
2015-06-29 18:53:52,813 Starting Live from 2015-04-05 to 2015-04-10
2015-06-29 18:58:21,812 Starting Q Learning for : 
2015-06-29 18:58:21,812 alpha = 0.4
2015-06-29 18:58:21,812 gamma = 0.1
2015-06-29 18:58:21,812 individual factor = 10
2015-06-29 18:58:21,812 zero range = 0.006
2015-06-29 18:58:21,812 greedy level = 5
2015-06-29 18:58:21,812 

2015-06-29 18:58:29,996 Starting Training from 2014-12-17 to 2015-01-01
2015-06-29 19:12:38,180 Starting Live from 2015-01-02 to 2015-02-01
2015-06-29 19:48:35,036 Starting Training from 2015-01-17 to 2015-02-01
2015-06-29 19:50:14,262 Starting Live from 2015-02-02 to 2015-03-04
2015-06-29 20:22:16,002 Starting Training from 2015-02-17 to 2015-03-04
2015-06-29 20:24:40,641 Starting Live from 2015-03-05 to 2015-04-04
2015-06-29 21:01:35,140 Starting Training from 2015-03-20 to 2015-04-04
2015-06-29 21:04:03,538 Starting Live from 2015-04-05 to 2015-04-10
2015-06-29 21:12:47,766 Starting Q Learning for : 
2015-06-29 21:12:47,766 alpha = 0.4
2015-06-29 21:12:47,766 gamma = 0.2
2015-06-29 21:12:47,766 individual factor = 10
2015-06-29 21:12:47,766 zero range = 0.006
2015-06-29 21:12:47,766 greedy level = 5
2015-06-29 21:12:47,766 

2015-06-29 21:12:55,642 Starting Training from 2014-12-17 to 2015-01-01
2015-06-29 21:27:55,348 Starting Live from 2015-01-02 to 2015-02-01
2015-06-29 22:04:32,144 Starting Training from 2015-01-17 to 2015-02-01
2015-06-29 22:06:11,846 Starting Live from 2015-02-02 to 2015-03-04
2015-06-29 22:39:47,979 Starting Training from 2015-02-17 to 2015-03-04
2015-06-29 22:42:16,776 Starting Live from 2015-03-05 to 2015-04-04
2015-06-29 23:21:40,188 Starting Training from 2015-03-20 to 2015-04-04
2015-06-29 23:24:09,115 Starting Live from 2015-04-05 to 2015-04-10
2015-06-29 23:33:35,823 Starting Q Learning for : 
2015-06-29 23:33:35,823 alpha = 0.4
2015-06-29 23:33:35,823 gamma = 0.3
2015-06-29 23:33:35,823 individual factor = 10
2015-06-29 23:33:35,823 zero range = 0.006
2015-06-29 23:33:35,823 greedy level = 5
2015-06-29 23:33:35,823 

2015-06-29 23:33:43,742 Starting Training from 2014-12-17 to 2015-01-01
2015-06-29 23:48:44,400 Starting Live from 2015-01-02 to 2015-02-01
2015-06-30 00:25:31,977 Starting Training from 2015-01-17 to 2015-02-01
2015-06-30 00:27:15,565 Starting Live from 2015-02-02 to 2015-03-04
2015-06-30 01:02:41,805 Starting Training from 2015-02-17 to 2015-03-04
2015-06-30 01:05:59,788 Starting Live from 2015-03-05 to 2015-04-04
2015-06-30 01:46:29,815 Starting Training from 2015-03-20 to 2015-04-04
2015-06-30 01:49:06,970 Starting Live from 2015-04-05 to 2015-04-10
2015-06-30 01:59:05,211 Starting Q Learning for : 
2015-06-30 01:59:05,213 alpha = 0.4
2015-06-30 01:59:05,213 gamma = 0.4
2015-06-30 01:59:05,213 individual factor = 10
2015-06-30 01:59:05,213 zero range = 0.006
2015-06-30 01:59:05,213 greedy level = 5
2015-06-30 01:59:05,213 

2015-06-30 01:59:10,622 Starting Training from 2014-12-17 to 2015-01-01
2015-06-30 02:13:55,302 Starting Live from 2015-01-02 to 2015-02-01
2015-06-30 02:49:16,158 Starting Training from 2015-01-17 to 2015-02-01
2015-06-30 02:50:53,671 Starting Live from 2015-02-02 to 2015-03-04
2015-06-30 03:24:02,851 Starting Training from 2015-02-17 to 2015-03-04
2015-06-30 03:27:09,456 Starting Live from 2015-03-05 to 2015-04-04
2015-06-30 04:10:39,767 Starting Training from 2015-03-20 to 2015-04-04
2015-06-30 04:13:24,717 Starting Live from 2015-04-05 to 2015-04-10
2015-06-30 04:24:20,867 Starting Q Learning for : 
2015-06-30 04:24:20,868 alpha = 0.4
2015-06-30 04:24:20,868 gamma = 0.5
2015-06-30 04:24:20,868 individual factor = 10
2015-06-30 04:24:20,868 zero range = 0.006
2015-06-30 04:24:20,868 greedy level = 5
2015-06-30 04:24:20,868 

2015-06-30 04:24:28,957 Starting Training from 2014-12-17 to 2015-01-01
2015-06-30 04:39:49,671 Starting Live from 2015-01-02 to 2015-02-01
2015-06-30 05:14:39,036 Starting Training from 2015-01-17 to 2015-02-01
2015-06-30 05:16:19,809 Starting Live from 2015-02-02 to 2015-03-04
2015-06-30 05:50:02,963 Starting Training from 2015-02-17 to 2015-03-04
2015-06-30 05:52:27,157 Starting Live from 2015-03-05 to 2015-04-04
2015-06-30 06:32:30,163 Starting Training from 2015-03-20 to 2015-04-04
2015-06-30 06:35:04,266 Starting Live from 2015-04-05 to 2015-04-10
2015-06-30 06:44:54,203 Starting Q Learning for : 
2015-06-30 06:44:54,203 alpha = 0.4
2015-06-30 06:44:54,203 gamma = 0.6
2015-06-30 06:44:54,203 individual factor = 10
2015-06-30 06:44:54,203 zero range = 0.006
2015-06-30 06:44:54,203 greedy level = 5
2015-06-30 06:44:54,203 

2015-06-30 06:45:00,035 Starting Training from 2014-12-17 to 2015-01-01
2015-06-30 07:00:16,891 Starting Live from 2015-01-02 to 2015-02-01
2015-06-30 07:35:04,737 Starting Training from 2015-01-17 to 2015-02-01
2015-06-30 07:36:43,486 Starting Live from 2015-02-02 to 2015-03-04
2015-06-30 08:09:48,128 Starting Training from 2015-02-17 to 2015-03-04
2015-06-30 08:12:44,996 Starting Live from 2015-03-05 to 2015-04-04
2015-06-30 08:50:56,782 Starting Training from 2015-03-20 to 2015-04-04
2015-06-30 08:53:27,328 Starting Live from 2015-04-05 to 2015-04-10
2015-06-30 09:02:17,430 Starting Q Learning for : 
2015-06-30 09:02:17,430 alpha = 0.4
2015-06-30 09:02:17,430 gamma = 0.7
2015-06-30 09:02:17,430 individual factor = 10
2015-06-30 09:02:17,430 zero range = 0.006
2015-06-30 09:02:17,430 greedy level = 5
2015-06-30 09:02:17,430 

2015-06-30 09:02:23,052 Starting Training from 2014-12-17 to 2015-01-01
2015-06-30 09:17:27,467 Starting Live from 2015-01-02 to 2015-02-01
2015-06-30 09:45:13,818 Starting Training from 2015-01-17 to 2015-02-01
2015-06-30 09:46:55,686 Starting Live from 2015-02-02 to 2015-03-04
2015-06-30 10:05:53,482 Starting Training from 2015-02-17 to 2015-03-04
2015-06-30 10:13:11,496 Starting Live from 2015-03-05 to 2015-04-04
2015-06-30 10:40:32,250 Starting Training from 2015-03-20 to 2015-04-04
2015-06-30 10:43:12,411 Starting Live from 2015-04-05 to 2015-04-10
2015-06-30 10:49:43,397 Starting Q Learning for : 
2015-06-30 10:49:43,397 alpha = 0.4
2015-06-30 10:49:43,397 gamma = 0.8
2015-06-30 10:49:43,397 individual factor = 10
2015-06-30 10:49:43,397 zero range = 0.006
2015-06-30 10:49:43,397 greedy level = 5
2015-06-30 10:49:43,397 

2015-06-30 10:49:49,061 Starting Training from 2014-12-17 to 2015-01-01
2015-06-30 11:03:30,898 Starting Live from 2015-01-02 to 2015-02-01
2015-06-30 11:25:30,444 Starting Training from 2015-01-17 to 2015-02-01
2015-06-30 11:27:02,607 Starting Live from 2015-02-02 to 2015-03-04
2015-06-30 11:37:49,660 Starting Training from 2015-02-17 to 2015-03-04
2015-06-30 11:47:20,400 Starting Live from 2015-03-05 to 2015-04-04
2015-06-30 12:09:08,826 Starting Training from 2015-03-20 to 2015-04-04
2015-06-30 12:11:52,559 Starting Live from 2015-04-05 to 2015-04-10
2015-06-30 12:16:02,565 Starting Q Learning for : 
2015-06-30 12:16:02,565 alpha = 0.5
2015-06-30 12:16:02,565 gamma = 0.1
2015-06-30 12:16:02,565 individual factor = 10
2015-06-30 12:16:02,565 zero range = 0.01
2015-06-30 12:16:02,565 greedy level = 5
2015-06-30 12:16:02,565 

2015-06-30 12:16:09,625 Starting Training from 2014-12-17 to 2015-01-01
2015-06-30 12:29:58,305 Starting Live from 2015-01-02 to 2015-02-01
2015-06-30 13:03:54,132 Starting Training from 2015-01-17 to 2015-02-01
2015-06-30 13:05:33,671 Starting Live from 2015-02-02 to 2015-03-04
2015-06-30 13:35:45,246 Starting Training from 2015-02-17 to 2015-03-04
2015-06-30 13:38:01,535 Starting Live from 2015-03-05 to 2015-04-04
2015-06-30 14:14:50,029 Starting Training from 2015-03-20 to 2015-04-04
2015-06-30 14:17:12,944 Starting Live from 2015-04-05 to 2015-04-10
2015-06-30 14:25:38,391 Starting Q Learning for : 
2015-06-30 14:25:38,391 alpha = 0.5
2015-06-30 14:25:38,391 gamma = 0.2
2015-06-30 14:25:38,391 individual factor = 10
2015-06-30 14:25:38,391 zero range = 0.01
2015-06-30 14:25:38,391 greedy level = 5
2015-06-30 14:25:38,391 

2015-06-30 14:25:44,796 Starting Training from 2014-12-17 to 2015-01-01
2015-06-30 14:40:09,713 Starting Live from 2015-01-02 to 2015-02-01
2015-06-30 15:13:09,398 Starting Training from 2015-01-17 to 2015-02-01
2015-06-30 15:14:43,720 Starting Live from 2015-02-02 to 2015-03-04
2015-06-30 15:46:55,604 Starting Training from 2015-02-17 to 2015-03-04
2015-06-30 15:49:11,142 Starting Live from 2015-03-05 to 2015-04-04
2015-06-30 16:34:10,934 Starting Training from 2015-03-20 to 2015-04-04
2015-06-30 16:36:04,020 Starting Live from 2015-04-05 to 2015-04-10
2015-06-30 16:46:48,532 Starting Q Learning for : 
2015-06-30 16:46:48,532 alpha = 0.5
2015-06-30 16:46:48,532 gamma = 0.3
2015-06-30 16:46:48,532 individual factor = 10
2015-06-30 16:46:48,532 zero range = 0.01
2015-06-30 16:46:48,532 greedy level = 5
2015-06-30 16:46:48,532 

2015-06-30 16:46:54,486 Starting Training from 2014-12-17 to 2015-01-01
2015-06-30 17:01:02,503 Starting Live from 2015-01-02 to 2015-02-01
2015-06-30 17:34:05,058 Starting Training from 2015-01-17 to 2015-02-01
2015-06-30 17:36:11,260 Starting Live from 2015-02-02 to 2015-03-04
2015-06-30 18:07:51,986 Starting Training from 2015-02-17 to 2015-03-04
2015-06-30 18:10:10,969 Starting Live from 2015-03-05 to 2015-04-04
2015-06-30 18:45:25,196 Starting Training from 2015-03-20 to 2015-04-04
2015-06-30 18:47:47,716 Starting Live from 2015-04-05 to 2015-04-10
2015-06-30 18:54:46,364 Starting Q Learning for : 
2015-06-30 18:54:46,364 alpha = 0.5
2015-06-30 18:54:46,364 gamma = 0.4
2015-06-30 18:54:46,364 individual factor = 10
2015-06-30 18:54:46,364 zero range = 0.01
2015-06-30 18:54:46,364 greedy level = 5
2015-06-30 18:54:46,364 

2015-06-30 18:54:51,529 Starting Training from 2014-12-17 to 2015-01-01
2015-06-30 19:09:11,670 Starting Live from 2015-01-02 to 2015-02-01
2015-06-30 19:42:53,200 Starting Training from 2015-01-17 to 2015-02-01
2015-06-30 19:44:31,259 Starting Live from 2015-02-02 to 2015-03-04
2015-06-30 20:18:32,196 Starting Training from 2015-02-17 to 2015-03-04
2015-06-30 20:20:54,421 Starting Live from 2015-03-05 to 2015-04-04
2015-06-30 20:59:19,108 Starting Training from 2015-03-20 to 2015-04-04
2015-06-30 21:01:26,796 Starting Live from 2015-04-05 to 2015-04-10
2015-06-30 21:09:35,170 Starting Q Learning for : 
2015-06-30 21:09:35,170 alpha = 0.5
2015-06-30 21:09:35,170 gamma = 0.5
2015-06-30 21:09:35,170 individual factor = 10
2015-06-30 21:09:35,170 zero range = 0.01
2015-06-30 21:09:35,170 greedy level = 5
2015-06-30 21:09:35,170 

2015-06-30 21:09:41,249 Starting Training from 2014-12-17 to 2015-01-01
2015-06-30 21:23:40,275 Starting Live from 2015-01-02 to 2015-02-01
2015-06-30 21:55:52,339 Starting Training from 2015-01-17 to 2015-02-01
2015-06-30 21:57:22,766 Starting Live from 2015-02-02 to 2015-03-04
2015-06-30 22:25:52,404 Starting Training from 2015-02-17 to 2015-03-04
2015-06-30 22:28:41,365 Starting Live from 2015-03-05 to 2015-04-04
2015-06-30 23:04:20,907 Starting Training from 2015-03-20 to 2015-04-04
2015-06-30 23:06:28,805 Starting Live from 2015-04-05 to 2015-04-10
2015-06-30 23:15:49,250 Starting Q Learning for : 
2015-06-30 23:15:49,250 alpha = 0.5
2015-06-30 23:15:49,250 gamma = 0.6
2015-06-30 23:15:49,250 individual factor = 10
2015-06-30 23:15:49,250 zero range = 0.01
2015-06-30 23:15:49,250 greedy level = 5
2015-06-30 23:15:49,250 

2015-06-30 23:15:57,783 Starting Training from 2014-12-17 to 2015-01-01
2015-06-30 23:30:34,471 Starting Live from 2015-01-02 to 2015-02-01
2015-07-01 00:04:11,732 Starting Training from 2015-01-17 to 2015-02-01
2015-07-01 00:05:42,436 Starting Live from 2015-02-02 to 2015-03-04
2015-07-01 00:34:14,170 Starting Training from 2015-02-17 to 2015-03-04
2015-07-01 00:36:43,424 Starting Live from 2015-03-05 to 2015-04-04
2015-07-01 01:10:46,168 Starting Training from 2015-03-20 to 2015-04-04
2015-07-01 01:12:50,470 Starting Live from 2015-04-05 to 2015-04-10
2015-07-01 01:20:00,055 Starting Q Learning for : 
2015-07-01 01:20:00,055 alpha = 0.5
2015-07-01 01:20:00,055 gamma = 0.7
2015-07-01 01:20:00,055 individual factor = 10
2015-07-01 01:20:00,055 zero range = 0.01
2015-07-01 01:20:00,055 greedy level = 5
2015-07-01 01:20:00,055 

2015-07-01 01:20:06,694 Starting Training from 2014-12-17 to 2015-01-01
2015-07-01 01:33:25,000 Starting Live from 2015-01-02 to 2015-02-01
2015-07-01 01:57:17,819 Starting Training from 2015-01-17 to 2015-02-01
2015-07-01 01:58:41,015 Starting Live from 2015-02-02 to 2015-03-04
2015-07-01 02:13:17,259 Starting Training from 2015-02-17 to 2015-03-04
2015-07-01 02:21:22,450 Starting Live from 2015-03-05 to 2015-04-04
2015-07-01 02:47:24,687 Starting Training from 2015-03-20 to 2015-04-04
2015-07-01 02:49:40,538 Starting Live from 2015-04-05 to 2015-04-10
2015-07-01 02:54:39,263 Starting Q Learning for : 
2015-07-01 02:54:39,263 alpha = 0.5
2015-07-01 02:54:39,263 gamma = 0.8
2015-07-01 02:54:39,263 individual factor = 10
2015-07-01 02:54:39,263 zero range = 0.01
2015-07-01 02:54:39,263 greedy level = 5
2015-07-01 02:54:39,263 

2015-07-01 02:54:45,092 Starting Training from 2014-12-17 to 2015-01-01
2015-07-01 03:08:18,867 Starting Live from 2015-01-02 to 2015-02-01
2015-07-01 03:28:50,914 Starting Training from 2015-01-17 to 2015-02-01
2015-07-01 03:30:18,864 Starting Live from 2015-02-02 to 2015-03-04
2015-07-01 03:38:45,648 Starting Training from 2015-02-17 to 2015-03-04
2015-07-01 03:49:00,078 Starting Live from 2015-03-05 to 2015-04-04
2015-07-01 04:10:44,157 Starting Training from 2015-03-20 to 2015-04-04
2015-07-01 04:13:15,174 Starting Live from 2015-04-05 to 2015-04-10
2015-07-01 04:17:05,792 Starting Q Learning for : 
2015-07-01 04:17:05,792 alpha = 0.8
2015-07-01 04:17:05,792 gamma = 0.1
2015-07-01 04:17:05,792 individual factor = 10
2015-07-01 04:17:05,792 zero range = 0.01
2015-07-01 04:17:05,792 greedy level = 5
2015-07-01 04:17:05,792 

2015-07-01 04:17:11,138 Starting Training from 2014-12-17 to 2015-01-01
2015-07-01 04:29:35,148 Starting Live from 2015-01-02 to 2015-02-01
2015-07-01 05:00:55,783 Starting Training from 2015-01-17 to 2015-02-01
2015-07-01 05:02:18,160 Starting Live from 2015-02-02 to 2015-03-04
2015-07-01 05:31:53,983 Starting Training from 2015-02-17 to 2015-03-04
2015-07-01 05:33:53,227 Starting Live from 2015-03-05 to 2015-04-04
2015-07-01 06:05:25,763 Starting Training from 2015-03-20 to 2015-04-04
2015-07-01 06:07:27,612 Starting Live from 2015-04-05 to 2015-04-10
2015-07-01 06:14:16,331 Starting Q Learning for : 
2015-07-01 06:14:16,332 alpha = 0.8
2015-07-01 06:14:16,332 gamma = 0.2
2015-07-01 06:14:16,332 individual factor = 10
2015-07-01 06:14:16,332 zero range = 0.01
2015-07-01 06:14:16,332 greedy level = 5
2015-07-01 06:14:16,332 

2015-07-01 06:14:21,259 Starting Training from 2014-12-17 to 2015-01-01
2015-07-01 06:27:32,480 Starting Live from 2015-01-02 to 2015-02-01
2015-07-01 06:58:50,224 Starting Training from 2015-01-17 to 2015-02-01
2015-07-01 07:00:12,967 Starting Live from 2015-02-02 to 2015-03-04
2015-07-01 07:30:23,661 Starting Training from 2015-02-17 to 2015-03-04
2015-07-01 07:32:23,102 Starting Live from 2015-03-05 to 2015-04-04
2015-07-01 08:12:04,223 Starting Training from 2015-03-20 to 2015-04-04
2015-07-01 08:13:42,778 Starting Live from 2015-04-05 to 2015-04-10
2015-07-01 08:22:29,082 Starting Q Learning for : 
2015-07-01 08:22:29,082 alpha = 0.8
2015-07-01 08:22:29,082 gamma = 0.3
2015-07-01 08:22:29,082 individual factor = 10
2015-07-01 08:22:29,082 zero range = 0.01
2015-07-01 08:22:29,082 greedy level = 5
2015-07-01 08:22:29,082 

2015-07-01 08:22:36,898 Starting Training from 2014-12-17 to 2015-01-01
2015-07-01 08:35:11,256 Starting Live from 2015-01-02 to 2015-02-01
2015-07-01 09:06:07,380 Starting Training from 2015-01-17 to 2015-02-01
2015-07-01 09:07:45,365 Starting Live from 2015-02-02 to 2015-03-04
2015-07-01 09:36:04,071 Starting Training from 2015-02-17 to 2015-03-04
2015-07-01 09:38:16,851 Starting Live from 2015-03-05 to 2015-04-04
2015-07-01 10:11:19,177 Starting Training from 2015-03-20 to 2015-04-04
2015-07-01 10:13:45,667 Starting Live from 2015-04-05 to 2015-04-10
2015-07-01 10:22:03,953 Starting Q Learning for : 
2015-07-01 10:22:03,953 alpha = 0.8
2015-07-01 10:22:03,953 gamma = 0.4
2015-07-01 10:22:03,953 individual factor = 10
2015-07-01 10:22:03,953 zero range = 0.01
2015-07-01 10:22:03,953 greedy level = 5
2015-07-01 10:22:03,953 

2015-07-01 10:22:09,424 Starting Training from 2014-12-17 to 2015-01-01
2015-07-01 10:34:06,782 Starting Live from 2015-01-02 to 2015-02-01
2015-07-01 11:04:41,657 Starting Training from 2015-01-17 to 2015-02-01
2015-07-01 11:06:03,144 Starting Live from 2015-02-02 to 2015-03-04
2015-07-01 11:34:14,976 Starting Training from 2015-02-17 to 2015-03-04
2015-07-01 11:36:14,700 Starting Live from 2015-03-05 to 2015-04-04
2015-07-01 12:09:43,532 Starting Training from 2015-03-20 to 2015-04-04
2015-07-01 12:11:41,367 Starting Live from 2015-04-05 to 2015-04-10
2015-07-01 12:18:52,701 Starting Q Learning for : 
2015-07-01 12:18:52,701 alpha = 0.8
2015-07-01 12:18:52,701 gamma = 0.5
2015-07-01 12:18:52,701 individual factor = 10
2015-07-01 12:18:52,701 zero range = 0.01
2015-07-01 12:18:52,703 greedy level = 5
2015-07-01 12:18:52,703 

2015-07-01 12:18:58,407 Starting Training from 2014-12-17 to 2015-01-01
2015-07-01 12:31:03,822 Starting Live from 2015-01-02 to 2015-02-01
2015-07-01 12:58:29,818 Starting Training from 2015-01-17 to 2015-02-01
2015-07-01 12:59:43,532 Starting Live from 2015-02-02 to 2015-03-04
2015-07-01 13:25:35,996 Starting Training from 2015-02-17 to 2015-03-04
2015-07-01 13:27:26,440 Starting Live from 2015-03-05 to 2015-04-04
2015-07-01 13:56:09,891 Starting Training from 2015-03-20 to 2015-04-04
2015-07-01 13:57:52,736 Starting Live from 2015-04-05 to 2015-04-10
2015-07-01 14:05:24,548 Starting Q Learning for : 
2015-07-01 14:05:24,548 alpha = 0.8
2015-07-01 14:05:24,548 gamma = 0.6
2015-07-01 14:05:24,548 individual factor = 10
2015-07-01 14:05:24,548 zero range = 0.01
2015-07-01 14:05:24,548 greedy level = 5
2015-07-01 14:05:24,548 

2015-07-01 14:05:29,749 Starting Training from 2014-12-17 to 2015-01-01
2015-07-01 14:16:20,707 Starting Live from 2015-01-02 to 2015-02-01
2015-07-01 14:42:32,525 Starting Training from 2015-01-17 to 2015-02-01
2015-07-01 14:43:45,176 Starting Live from 2015-02-02 to 2015-03-04
2015-07-01 15:09:02,453 Starting Training from 2015-02-17 to 2015-03-04
2015-07-01 15:11:29,427 Starting Live from 2015-03-05 to 2015-04-04
2015-07-01 15:39:46,907 Starting Training from 2015-03-20 to 2015-04-04
2015-07-01 15:41:08,316 Starting Live from 2015-04-05 to 2015-04-10
2015-07-01 15:47:29,101 Starting Q Learning for : 
2015-07-01 15:47:29,101 alpha = 0.8
2015-07-01 15:47:29,101 gamma = 0.7
2015-07-01 15:47:29,101 individual factor = 10
2015-07-01 15:47:29,101 zero range = 0.01
2015-07-01 15:47:29,101 greedy level = 5
2015-07-01 15:47:29,101 

2015-07-01 15:47:34,421 Starting Training from 2014-12-17 to 2015-01-01
2015-07-01 15:59:05,868 Starting Live from 2015-01-02 to 2015-02-01
2015-07-01 16:19:44,236 Starting Training from 2015-01-17 to 2015-02-01
2015-07-01 16:20:55,032 Starting Live from 2015-02-02 to 2015-03-04
2015-07-01 16:34:21,726 Starting Training from 2015-02-17 to 2015-03-04
2015-07-01 16:40:30,667 Starting Live from 2015-03-05 to 2015-04-04
2015-07-01 17:00:19,723 Starting Training from 2015-03-20 to 2015-04-04
2015-07-01 17:02:35,193 Starting Live from 2015-04-05 to 2015-04-10
2015-07-01 17:06:10,959 Starting Q Learning for : 
2015-07-01 17:06:10,960 alpha = 0.8
2015-07-01 17:06:10,960 gamma = 0.8
2015-07-01 17:06:10,960 individual factor = 10
2015-07-01 17:06:10,960 zero range = 0.01
2015-07-01 17:06:10,960 greedy level = 5
2015-07-01 17:06:10,960 

2015-07-01 17:06:15,503 Starting Training from 2014-12-17 to 2015-01-01
2015-07-01 17:16:42,538 Starting Live from 2015-01-02 to 2015-02-01
2015-07-01 17:34:01,970 Starting Training from 2015-01-17 to 2015-02-01
2015-07-01 17:35:16,288 Starting Live from 2015-02-02 to 2015-03-04
2015-07-01 17:42:31,213 Starting Training from 2015-02-17 to 2015-03-04
2015-07-01 17:50:48,497 Starting Live from 2015-03-05 to 2015-04-04
2015-07-01 18:07:17,767 Starting Training from 2015-03-20 to 2015-04-04
2015-07-01 18:10:12,586 Starting Live from 2015-04-05 to 2015-04-10
