2015-06-30 15:03:34,832 Starting mtm calculation
2015-06-30 15:03:34,832 Calculating mtm for 2014-12-01
2015-06-30 15:03:38,760 Calculating mtm for 2014-12-02
2015-06-30 15:03:42,167 Calculating mtm for 2014-12-03
2015-06-30 15:03:46,189 Calculating mtm for 2014-12-04
2015-06-30 15:03:50,396 Calculating mtm for 2014-12-05
2015-06-30 15:03:52,791 Calculating mtm for 2014-12-06
2015-06-30 15:03:52,793 Calculating mtm for 2014-12-07
2015-06-30 15:03:52,797 Calculating mtm for 2014-12-08
2015-06-30 15:03:56,440 Calculating mtm for 2014-12-09
2015-06-30 15:04:01,328 Calculating mtm for 2014-12-10
2015-06-30 15:04:01,939 Calculating mtm for 2014-12-11
2015-06-30 15:04:04,052 Calculating mtm for 2014-12-12
2015-06-30 15:04:09,480 Calculating mtm for 2014-12-13
2015-06-30 15:04:09,485 Calculating mtm for 2014-12-14
2015-06-30 15:04:09,489 Calculating mtm for 2014-12-15
2015-06-30 15:04:11,084 Calculating mtm for 2014-12-16
2015-06-30 15:04:16,892 Calculating mtm for 2014-12-17
2015-06-30 15:04:20,487 Calculating mtm for 2014-12-18
2015-06-30 15:04:25,965 Calculating mtm for 2014-12-19
2015-06-30 15:04:27,124 Calculating mtm for 2014-12-20
2015-06-30 15:04:27,128 Calculating mtm for 2014-12-21
2015-06-30 15:04:27,132 Calculating mtm for 2014-12-22
2015-06-30 15:04:29,968 Calculating mtm for 2014-12-23
2015-06-30 15:04:32,404 Calculating mtm for 2014-12-24
2015-06-30 15:04:35,783 Calculating mtm for 2014-12-25
2015-06-30 15:04:35,785 Calculating mtm for 2014-12-26
2015-06-30 15:04:38,116 Calculating mtm for 2014-12-27
2015-06-30 15:04:38,119 Calculating mtm for 2014-12-28
2015-06-30 15:04:38,123 Calculating mtm for 2014-12-29
2015-06-30 15:04:41,268 Calculating mtm for 2014-12-30
2015-06-30 15:04:41,488 Calculating mtm for 2014-12-31
2015-06-30 15:04:41,653 Calculating mtm for 2015-01-01
2015-06-30 15:04:43,612 Calculating mtm for 2015-01-02
2015-06-30 15:04:44,274 Calculating mtm for 2015-01-03
2015-06-30 15:04:44,278 Calculating mtm for 2015-01-04
2015-06-30 15:04:44,280 Calculating mtm for 2015-01-05
2015-06-30 15:04:45,215 Calculating mtm for 2015-01-06
2015-06-30 15:04:45,694 Calculating mtm for 2015-01-07
2015-06-30 15:04:46,270 Calculating mtm for 2015-01-08
2015-06-30 15:04:46,529 Calculating mtm for 2015-01-09
2015-06-30 15:04:47,315 Calculating mtm for 2015-01-10
2015-06-30 15:04:47,319 Calculating mtm for 2015-01-11
2015-06-30 15:04:47,321 Calculating mtm for 2015-01-12
2015-06-30 15:04:47,871 Calculating mtm for 2015-01-13
2015-06-30 15:04:48,692 Calculating mtm for 2015-01-14
2015-06-30 15:04:49,977 Calculating mtm for 2015-01-15
2015-06-30 15:04:50,642 Calculating mtm for 2015-01-16
2015-06-30 15:04:52,119 Calculating mtm for 2015-01-17
2015-06-30 15:04:52,123 Calculating mtm for 2015-01-18
2015-06-30 15:04:52,127 Calculating mtm for 2015-01-19
2015-06-30 15:04:56,163 Calculating mtm for 2015-01-20
2015-06-30 15:04:58,377 Calculating mtm for 2015-01-21
2015-06-30 15:05:03,148 Calculating mtm for 2015-01-22
2015-06-30 15:05:08,170 Calculating mtm for 2015-01-23
2015-06-30 15:05:13,986 Calculating mtm for 2015-01-24
2015-06-30 15:05:13,991 Calculating mtm for 2015-01-25
2015-06-30 15:05:13,994 Calculating mtm for 2015-01-26
2015-06-30 15:05:13,997 Calculating mtm for 2015-01-27
2015-06-30 15:05:17,049 Calculating mtm for 2015-01-28
2015-06-30 15:05:19,554 Calculating mtm for 2015-01-29
2015-06-30 15:05:21,656 Calculating mtm for 2015-01-30
2015-06-30 15:05:28,186 Calculating mtm for 2015-01-31
2015-06-30 15:05:28,189 Calculating mtm for 2015-02-01
2015-06-30 15:05:28,191 Calculating mtm for 2015-02-02
2015-06-30 15:05:32,013 Calculating mtm for 2015-02-03
2015-06-30 15:05:34,090 Calculating mtm for 2015-02-04
2015-06-30 15:05:39,476 Calculating mtm for 2015-02-05
2015-06-30 15:05:44,382 Calculating mtm for 2015-02-06
2015-06-30 15:05:45,694 Calculating mtm for 2015-02-07
2015-06-30 15:05:45,701 Calculating mtm for 2015-02-08
2015-06-30 15:05:45,794 Calculating mtm for 2015-02-09
2015-06-30 15:05:47,858 Calculating mtm for 2015-02-10
2015-06-30 15:05:51,602 Updating ranks for walkforward - 1
2015-06-30 15:06:17,742 Updating ranks for walkforward - 2
2015-06-30 15:06:47,217 Updating ranks for walkforward - 3
2015-06-30 15:07:15,442 Done Ranking. Calling processes now.
2015-06-30 15:07:15,444 Starting Q Learning for : 
2015-06-30 15:07:15,444 alpha = 0.4
2015-06-30 15:07:15,444 gamma = 0.5
2015-06-30 15:07:15,445 individual factor = 10
2015-06-30 15:07:15,444 Starting Q Learning for : 
2015-06-30 15:07:15,444 Starting Q Learning for : 
2015-06-30 15:07:15,445 zero range = 0.002
2015-06-30 15:07:15,445 greedy level = 5
2015-06-30 15:07:15,445 

2015-06-30 15:07:15,445 alpha = 0.2
2015-06-30 15:07:15,445 gamma = 0.3
2015-06-30 15:07:15,445 alpha = 0.5
2015-06-30 15:07:15,445 individual factor = 10
2015-06-30 15:07:15,445 zero range = 0.002
2015-06-30 15:07:15,445 gamma = 0.1
2015-06-30 15:07:15,445 greedy level = 5
2015-06-30 15:07:15,445 individual factor = 10
2015-06-30 15:07:15,445 

2015-06-30 15:07:15,445 zero range = 0.002
2015-06-30 15:07:15,445 greedy level = 5
2015-06-30 15:07:15,446 

2015-06-30 15:07:20,197 Starting Training from 2015-01-01 to 2015-01-31
2015-06-30 15:07:20,865 Starting Training from 2015-01-01 to 2015-01-31
2015-06-30 15:07:20,907 Starting Training from 2015-01-01 to 2015-01-31
2015-06-30 15:28:55,346 Starting Live from 2015-02-01 to 2015-03-03
2015-06-30 15:28:56,490 Starting Live from 2015-02-01 to 2015-03-03
2015-06-30 15:28:57,635 Starting Live from 2015-02-01 to 2015-03-03
2015-06-30 15:49:20,261 Starting Training from 2015-02-01 to 2015-03-03
2015-06-30 15:49:23,311 Starting Training from 2015-02-01 to 2015-03-03
2015-06-30 15:49:26,568 Starting Training from 2015-02-01 to 2015-03-03
2015-06-30 15:50:59,968 Starting Live from 2015-03-04 to 2015-04-03
2015-06-30 15:51:11,234 Starting Live from 2015-03-04 to 2015-04-03
2015-06-30 15:51:19,494 Starting Live from 2015-03-04 to 2015-04-03
2015-06-30 16:13:01,946 Starting Training from 2015-03-04 to 2015-04-03
2015-06-30 16:13:27,565 Starting Training from 2015-03-04 to 2015-04-03
2015-06-30 16:13:27,771 Starting Training from 2015-03-04 to 2015-04-03
2015-06-30 16:14:48,337 Starting Live from 2015-04-04 to 2015-04-10
2015-06-30 16:15:12,263 Starting Live from 2015-04-04 to 2015-04-10
2015-06-30 16:15:12,757 Starting Live from 2015-04-04 to 2015-04-10
2015-06-30 16:17:11,048 Starting Q Learning for : 
2015-06-30 16:17:11,048 alpha = 0.2
2015-06-30 16:17:11,048 gamma = 0.4
2015-06-30 16:17:11,048 individual factor = 10
2015-06-30 16:17:11,048 zero range = 0.002
2015-06-30 16:17:11,048 greedy level = 5
2015-06-30 16:17:11,048 

2015-06-30 16:17:11,932 Starting Training from 2015-01-01 to 2015-01-31
2015-06-30 16:17:42,559 Starting Q Learning for : 
2015-06-30 16:17:42,559 alpha = 0.5
2015-06-30 16:17:42,559 gamma = 0.2
2015-06-30 16:17:42,559 individual factor = 10
2015-06-30 16:17:42,559 zero range = 0.002
2015-06-30 16:17:42,559 greedy level = 5
2015-06-30 16:17:42,559 

2015-06-30 16:17:43,312 Starting Training from 2015-01-01 to 2015-01-31
2015-06-30 16:17:45,010 Starting Q Learning for : 
2015-06-30 16:17:45,010 alpha = 0.4
2015-06-30 16:17:45,010 gamma = 0.6
2015-06-30 16:17:45,010 individual factor = 10
2015-06-30 16:17:45,010 zero range = 0.002
2015-06-30 16:17:45,010 greedy level = 5
2015-06-30 16:17:45,010 

2015-06-30 16:17:47,278 Starting Training from 2015-01-01 to 2015-01-31
2015-06-30 16:36:25,534 Starting Live from 2015-02-01 to 2015-03-03
2015-06-30 16:37:09,317 Starting Live from 2015-02-01 to 2015-03-03
2015-06-30 16:37:13,695 Starting Live from 2015-02-01 to 2015-03-03
2015-06-30 16:56:18,254 Starting Training from 2015-02-01 to 2015-03-03
2015-06-30 16:57:08,260 Starting Training from 2015-02-01 to 2015-03-03
2015-06-30 16:57:11,152 Starting Training from 2015-02-01 to 2015-03-03
2015-06-30 17:00:09,387 Starting Live from 2015-03-04 to 2015-04-03
2015-06-30 17:00:43,715 Starting Live from 2015-03-04 to 2015-04-03
2015-06-30 17:00:45,596 Starting Live from 2015-03-04 to 2015-04-03
2015-06-30 17:20:07,572 Starting Training from 2015-03-04 to 2015-04-03
2015-06-30 17:20:39,247 Starting Training from 2015-03-04 to 2015-04-03
2015-06-30 17:20:39,662 Starting Training from 2015-03-04 to 2015-04-03
2015-06-30 17:22:18,526 Starting Live from 2015-04-04 to 2015-04-10
2015-06-30 17:22:23,763 Starting Live from 2015-04-04 to 2015-04-10
2015-06-30 17:22:24,653 Starting Live from 2015-04-04 to 2015-04-10
2015-06-30 17:24:35,904 Starting Q Learning for : 
2015-06-30 17:24:35,904 alpha = 0.4
2015-06-30 17:24:35,904 gamma = 0.7
2015-06-30 17:24:35,904 individual factor = 10
2015-06-30 17:24:35,904 zero range = 0.002
2015-06-30 17:24:35,904 greedy level = 5
2015-06-30 17:24:35,904 

2015-06-30 17:24:36,346 Starting Training from 2015-01-01 to 2015-01-31
2015-06-30 17:24:42,633 Starting Q Learning for : 
2015-06-30 17:24:42,633 alpha = 0.5
2015-06-30 17:24:42,633 gamma = 0.3
2015-06-30 17:24:42,633 individual factor = 10
2015-06-30 17:24:42,633 zero range = 0.002
2015-06-30 17:24:42,633 greedy level = 5
2015-06-30 17:24:42,633 

2015-06-30 17:24:43,851 Starting Training from 2015-01-01 to 2015-01-31
2015-06-30 17:24:56,102 Starting Q Learning for : 
2015-06-30 17:24:56,102 alpha = 0.2
2015-06-30 17:24:56,102 gamma = 0.5
2015-06-30 17:24:56,102 individual factor = 10
2015-06-30 17:24:56,102 zero range = 0.002
2015-06-30 17:24:56,102 greedy level = 5
2015-06-30 17:24:56,102 

2015-06-30 17:24:58,425 Starting Training from 2015-01-01 to 2015-01-31
2015-06-30 17:43:18,799 Starting Live from 2015-02-01 to 2015-03-03
2015-06-30 17:43:25,257 Starting Live from 2015-02-01 to 2015-03-03
2015-06-30 17:43:36,875 Starting Live from 2015-02-01 to 2015-03-03
2015-06-30 17:57:57,749 Starting Training from 2015-02-01 to 2015-03-03
2015-06-30 17:59:29,667 Starting Live from 2015-03-04 to 2015-04-03
2015-06-30 18:03:22,763 Starting Training from 2015-02-01 to 2015-03-03
2015-06-30 18:03:56,389 Starting Training from 2015-02-01 to 2015-03-03
2015-06-30 18:04:50,152 Starting Live from 2015-03-04 to 2015-04-03
2015-06-30 18:05:25,213 Starting Live from 2015-03-04 to 2015-04-03
2015-06-30 18:11:09,442 Starting Training from 2015-03-04 to 2015-04-03
2015-06-30 18:18:44,360 Starting Live from 2015-04-04 to 2015-04-10
2015-06-30 18:20:32,887 Starting Q Learning for : 
2015-06-30 18:20:32,888 alpha = 0.4
2015-06-30 18:20:32,888 gamma = 0.8
2015-06-30 18:20:32,888 individual factor = 10
2015-06-30 18:20:32,888 zero range = 0.002
2015-06-30 18:20:32,888 greedy level = 5
2015-06-30 18:20:32,888 

2015-06-30 18:20:33,420 Starting Training from 2015-01-01 to 2015-01-31
2015-06-30 18:26:10,724 Starting Training from 2015-03-04 to 2015-04-03
2015-06-30 18:27:02,098 Starting Training from 2015-03-04 to 2015-04-03
2015-06-30 18:28:29,404 Starting Live from 2015-04-04 to 2015-04-10
2015-06-30 18:28:49,303 Starting Live from 2015-04-04 to 2015-04-10
2015-06-30 18:30:57,108 Starting Q Learning for : 
2015-06-30 18:30:57,108 alpha = 0.5
2015-06-30 18:30:57,108 gamma = 0.4
2015-06-30 18:30:57,108 individual factor = 10
2015-06-30 18:30:57,108 zero range = 0.002
2015-06-30 18:30:57,108 greedy level = 5
2015-06-30 18:30:57,108 

2015-06-30 18:30:58,275 Starting Training from 2015-01-01 to 2015-01-31
2015-06-30 18:31:08,030 Starting Q Learning for : 
2015-06-30 18:31:08,030 alpha = 0.2
2015-06-30 18:31:08,030 gamma = 0.6
2015-06-30 18:31:08,030 individual factor = 10
2015-06-30 18:31:08,030 zero range = 0.002
2015-06-30 18:31:08,031 greedy level = 5
2015-06-30 18:31:08,031 

2015-06-30 18:31:08,591 Starting Training from 2015-01-01 to 2015-01-31
2015-06-30 18:38:46,869 Starting Live from 2015-02-01 to 2015-03-03
2015-06-30 18:49:01,422 Starting Live from 2015-02-01 to 2015-03-03
2015-06-30 18:49:04,829 Starting Live from 2015-02-01 to 2015-03-03
2015-06-30 18:50:19,896 Starting Training from 2015-02-01 to 2015-03-03
2015-06-30 18:51:49,562 Starting Live from 2015-03-04 to 2015-04-03
2015-06-30 18:57:47,237 Starting Training from 2015-03-04 to 2015-04-03
2015-06-30 19:08:07,144 Starting Training from 2015-02-01 to 2015-03-03
2015-06-30 19:08:08,369 Starting Training from 2015-02-01 to 2015-03-03
2015-06-30 19:09:49,797 Starting Live from 2015-03-04 to 2015-04-03
2015-06-30 19:09:51,589 Starting Live from 2015-03-04 to 2015-04-03
2015-06-30 19:09:53,396 Starting Live from 2015-04-04 to 2015-04-10
2015-06-30 19:11:50,036 Starting Q Learning for : 
2015-06-30 19:11:50,036 alpha = 0.6
2015-06-30 19:11:50,036 gamma = 0.1
2015-06-30 19:11:50,036 individual factor = 10
2015-06-30 19:11:50,036 zero range = 0.002
2015-06-30 19:11:50,036 greedy level = 5
2015-06-30 19:11:50,036 

2015-06-30 19:11:51,033 Starting Training from 2015-01-01 to 2015-01-31
2015-06-30 19:29:04,205 Starting Training from 2015-03-04 to 2015-04-03
2015-06-30 19:29:07,178 Starting Training from 2015-03-04 to 2015-04-03
2015-06-30 19:29:29,435 Starting Live from 2015-02-01 to 2015-03-03
2015-06-30 19:30:45,560 Starting Live from 2015-04-04 to 2015-04-10
2015-06-30 19:30:47,334 Starting Live from 2015-04-04 to 2015-04-10
2015-06-30 19:33:55,903 Starting Q Learning for : 
2015-06-30 19:33:55,903 alpha = 0.2
2015-06-30 19:33:55,903 gamma = 0.7
2015-06-30 19:33:55,903 individual factor = 10
2015-06-30 19:33:55,903 zero range = 0.002
2015-06-30 19:33:55,903 greedy level = 5
2015-06-30 19:33:55,903 

2015-06-30 19:33:58,567 Starting Training from 2015-01-01 to 2015-01-31
2015-06-30 19:34:41,482 Starting Q Learning for : 
2015-06-30 19:34:41,482 alpha = 0.5
2015-06-30 19:34:41,483 gamma = 0.5
2015-06-30 19:34:41,483 individual factor = 10
2015-06-30 19:34:41,483 zero range = 0.002
2015-06-30 19:34:41,483 greedy level = 5
2015-06-30 19:34:41,483 

2015-06-30 19:34:43,109 Starting Training from 2015-01-01 to 2015-01-31
2015-06-30 19:48:41,142 Starting Training from 2015-02-01 to 2015-03-03
2015-06-30 19:51:56,096 Starting Live from 2015-03-04 to 2015-04-03
2015-06-30 19:52:21,341 Starting Live from 2015-02-01 to 2015-03-03
2015-06-30 19:52:35,635 Starting Live from 2015-02-01 to 2015-03-03
2015-06-30 20:04:34,801 Starting Training from 2015-02-01 to 2015-03-03
2015-06-30 20:07:34,515 Starting Live from 2015-03-04 to 2015-04-03
2015-06-30 20:11:36,498 Starting Training from 2015-02-01 to 2015-03-03
2015-06-30 20:11:37,836 Starting Training from 2015-03-04 to 2015-04-03
2015-06-30 20:13:08,207 Starting Live from 2015-03-04 to 2015-04-03
2015-06-30 20:13:08,806 Starting Live from 2015-04-04 to 2015-04-10
2015-06-30 20:15:21,082 Starting Q Learning for : 
2015-06-30 20:15:21,082 alpha = 0.6
2015-06-30 20:15:21,082 gamma = 0.2
2015-06-30 20:15:21,082 individual factor = 10
2015-06-30 20:15:21,082 zero range = 0.002
2015-06-30 20:15:21,083 greedy level = 5
2015-06-30 20:15:21,083 

2015-06-30 20:15:21,640 Starting Training from 2015-01-01 to 2015-01-31
2015-06-30 20:17:47,202 Starting Training from 2015-03-04 to 2015-04-03
2015-06-30 20:26:48,748 Starting Live from 2015-04-04 to 2015-04-10
2015-06-30 20:28:17,873 Starting Q Learning for : 
2015-06-30 20:28:17,873 alpha = 0.2
2015-06-30 20:28:17,873 gamma = 0.8
2015-06-30 20:28:17,873 individual factor = 10
2015-06-30 20:28:17,873 zero range = 0.002
2015-06-30 20:28:17,873 greedy level = 5
2015-06-30 20:28:17,873 

2015-06-30 20:28:18,277 Starting Training from 2015-01-01 to 2015-01-31
2015-06-30 20:33:41,692 Starting Training from 2015-03-04 to 2015-04-03
2015-06-30 20:33:51,137 Starting Live from 2015-02-01 to 2015-03-03
2015-06-30 20:35:28,004 Starting Live from 2015-04-04 to 2015-04-10
2015-06-30 20:38:03,182 Starting Q Learning for : 
2015-06-30 20:38:03,182 alpha = 0.5
2015-06-30 20:38:03,182 gamma = 0.6
2015-06-30 20:38:03,182 individual factor = 10
2015-06-30 20:38:03,182 zero range = 0.002
2015-06-30 20:38:03,182 greedy level = 5
2015-06-30 20:38:03,182 

2015-06-30 20:38:03,768 Starting Training from 2015-01-01 to 2015-01-31
2015-06-30 20:47:33,595 Starting Live from 2015-02-01 to 2015-03-03
2015-06-30 20:53:59,435 Starting Training from 2015-02-01 to 2015-03-03
2015-06-30 20:55:27,803 Starting Live from 2015-03-04 to 2015-04-03
2015-06-30 20:56:09,934 Starting Live from 2015-02-01 to 2015-03-03
2015-06-30 20:59:28,807 Starting Training from 2015-02-01 to 2015-03-03
2015-06-30 21:01:37,052 Starting Live from 2015-03-04 to 2015-04-03
2015-06-30 21:08:09,073 Starting Training from 2015-03-04 to 2015-04-03
2015-06-30 21:16:26,837 Starting Training from 2015-02-01 to 2015-03-03
2015-06-30 21:17:31,559 Starting Training from 2015-03-04 to 2015-04-03
2015-06-30 21:18:50,441 Starting Live from 2015-03-04 to 2015-04-03
2015-06-30 21:19:14,405 Starting Live from 2015-04-04 to 2015-04-10
2015-06-30 21:19:33,087 Starting Live from 2015-04-04 to 2015-04-10
2015-06-30 21:20:58,599 Starting Q Learning for : 
2015-06-30 21:20:58,599 alpha = 0.4
2015-06-30 21:20:58,600 gamma = 0.1
2015-06-30 21:20:58,600 individual factor = 10
2015-06-30 21:20:58,600 zero range = 0.002
2015-06-30 21:20:58,600 greedy level = 5
2015-06-30 21:20:58,600 

2015-06-30 21:21:00,350 Starting Training from 2015-01-01 to 2015-01-31
2015-06-30 21:21:48,098 Starting Q Learning for : 
2015-06-30 21:21:48,098 alpha = 0.6
2015-06-30 21:21:48,098 gamma = 0.3
2015-06-30 21:21:48,098 individual factor = 10
2015-06-30 21:21:48,098 zero range = 0.002
2015-06-30 21:21:48,098 greedy level = 5
2015-06-30 21:21:48,098 

2015-06-30 21:21:49,378 Starting Training from 2015-01-01 to 2015-01-31
2015-06-30 21:37:14,841 Starting Training from 2015-03-04 to 2015-04-03
2015-06-30 21:38:28,359 Starting Live from 2015-02-01 to 2015-03-03
2015-06-30 21:39:20,635 Starting Live from 2015-04-04 to 2015-04-10
2015-06-30 21:39:20,688 Starting Live from 2015-02-01 to 2015-03-03
2015-06-30 21:41:40,028 Starting Q Learning for : 
2015-06-30 21:41:40,028 alpha = 0.5
2015-06-30 21:41:40,028 gamma = 0.7
2015-06-30 21:41:40,028 individual factor = 10
2015-06-30 21:41:40,028 zero range = 0.002
2015-06-30 21:41:40,028 greedy level = 5
2015-06-30 21:41:40,028 

2015-06-30 21:41:40,655 Starting Training from 2015-01-01 to 2015-01-31
2015-06-30 21:58:10,936 Starting Training from 2015-02-01 to 2015-03-03
2015-06-30 21:58:33,175 Starting Training from 2015-02-01 to 2015-03-03
2015-06-30 21:59:47,765 Starting Live from 2015-03-04 to 2015-04-03
2015-06-30 22:00:02,339 Starting Live from 2015-02-01 to 2015-03-03
2015-06-30 22:00:08,558 Starting Live from 2015-03-04 to 2015-04-03
2015-06-30 22:14:30,487 Starting Training from 2015-02-01 to 2015-03-03
2015-06-30 22:16:11,936 Starting Live from 2015-03-04 to 2015-04-03
2015-06-30 22:19:42,986 Starting Training from 2015-03-04 to 2015-04-03
2015-06-30 22:20:02,865 Starting Training from 2015-03-04 to 2015-04-03
2015-06-30 22:21:06,464 Starting Live from 2015-04-04 to 2015-04-10
2015-06-30 22:21:32,665 Starting Live from 2015-04-04 to 2015-04-10
2015-06-30 22:23:34,541 Starting Q Learning for : 
2015-06-30 22:23:34,541 alpha = 0.6
2015-06-30 22:23:34,541 gamma = 0.4
2015-06-30 22:23:34,541 individual factor = 10
2015-06-30 22:23:34,541 zero range = 0.002
2015-06-30 22:23:34,541 greedy level = 5
2015-06-30 22:23:34,541 

2015-06-30 22:23:37,365 Starting Training from 2015-01-01 to 2015-01-31
2015-06-30 22:24:54,913 Starting Q Learning for : 
2015-06-30 22:24:54,913 alpha = 0.4
2015-06-30 22:24:54,913 gamma = 0.2
2015-06-30 22:24:54,913 individual factor = 10
2015-06-30 22:24:54,913 zero range = 0.002
2015-06-30 22:24:54,913 greedy level = 5
2015-06-30 22:24:54,913 

2015-06-30 22:24:57,306 Starting Training from 2015-01-01 to 2015-01-31
2015-06-30 22:27:04,253 Starting Training from 2015-03-04 to 2015-04-03
2015-06-30 22:34:25,837 Starting Live from 2015-04-04 to 2015-04-10
2015-06-30 22:35:50,091 Starting Q Learning for : 
2015-06-30 22:35:50,091 alpha = 0.5
2015-06-30 22:35:50,091 gamma = 0.8
2015-06-30 22:35:50,091 individual factor = 10
2015-06-30 22:35:50,092 zero range = 0.002
2015-06-30 22:35:50,092 greedy level = 5
2015-06-30 22:35:50,092 

2015-06-30 22:35:50,702 Starting Training from 2015-01-01 to 2015-01-31
2015-06-30 22:41:11,940 Starting Live from 2015-02-01 to 2015-03-03
2015-06-30 22:42:36,791 Starting Live from 2015-02-01 to 2015-03-03
2015-06-30 22:54:07,923 Starting Live from 2015-02-01 to 2015-03-03
2015-06-30 23:02:06,539 Starting Training from 2015-02-01 to 2015-03-03
2015-06-30 23:03:35,124 Starting Training from 2015-02-01 to 2015-03-03
2015-06-30 23:03:39,865 Starting Live from 2015-03-04 to 2015-04-03
2015-06-30 23:05:13,489 Starting Live from 2015-03-04 to 2015-04-03
2015-06-30 23:06:42,397 Starting Training from 2015-02-01 to 2015-03-03
2015-06-30 23:08:15,288 Starting Live from 2015-03-04 to 2015-04-03
2015-06-30 23:14:32,756 Starting Training from 2015-03-04 to 2015-04-03
2015-06-30 23:23:14,701 Starting Training from 2015-03-04 to 2015-04-03
2015-06-30 23:24:47,896 Starting Live from 2015-04-04 to 2015-04-10
2015-06-30 23:26:06,753 Starting Live from 2015-04-04 to 2015-04-10
2015-06-30 23:26:16,011 Starting Training from 2015-03-04 to 2015-04-03
2015-06-30 23:27:14,006 Starting Q Learning for : 
2015-06-30 23:27:14,006 alpha = 0.6
2015-06-30 23:27:14,006 gamma = 0.5
2015-06-30 23:27:14,006 individual factor = 10
2015-06-30 23:27:14,006 zero range = 0.002
2015-06-30 23:27:14,006 greedy level = 5
2015-06-30 23:27:14,006 

2015-06-30 23:27:15,432 Starting Training from 2015-01-01 to 2015-01-31
2015-06-30 23:27:25,923 Starting Q Learning for : 
2015-06-30 23:27:25,923 alpha = 0.2
2015-06-30 23:27:25,923 gamma = 0.1
2015-06-30 23:27:25,923 individual factor = 10
2015-06-30 23:27:25,923 zero range = 0.002
2015-06-30 23:27:25,923 greedy level = 5
2015-06-30 23:27:25,923 

2015-06-30 23:27:26,556 Starting Training from 2015-01-01 to 2015-01-31
2015-06-30 23:27:41,205 Starting Live from 2015-04-04 to 2015-04-10
2015-06-30 23:30:07,865 Starting Q Learning for : 
2015-06-30 23:30:07,865 alpha = 0.4
2015-06-30 23:30:07,865 gamma = 0.3
2015-06-30 23:30:07,865 individual factor = 10
2015-06-30 23:30:07,865 zero range = 0.002
2015-06-30 23:30:07,865 greedy level = 5
2015-06-30 23:30:07,865 

2015-06-30 23:30:09,427 Starting Training from 2015-01-01 to 2015-01-31
2015-06-30 23:45:15,144 Starting Live from 2015-02-01 to 2015-03-03
2015-06-30 23:45:25,092 Starting Live from 2015-02-01 to 2015-03-03
2015-06-30 23:48:31,785 Starting Live from 2015-02-01 to 2015-03-03
2015-07-01 00:04:35,428 Starting Training from 2015-02-01 to 2015-03-03
2015-07-01 00:04:44,394 Starting Training from 2015-02-01 to 2015-03-03
2015-07-01 00:06:08,023 Starting Live from 2015-03-04 to 2015-04-03
2015-07-01 00:06:15,526 Starting Live from 2015-03-04 to 2015-04-03
2015-07-01 00:08:13,368 Starting Training from 2015-02-01 to 2015-03-03
2015-07-01 00:11:08,712 Starting Live from 2015-03-04 to 2015-04-03
2015-07-01 00:27:18,016 Starting Training from 2015-03-04 to 2015-04-03
2015-07-01 00:27:43,620 Starting Training from 2015-03-04 to 2015-04-03
2015-07-01 00:29:07,294 Starting Live from 2015-04-04 to 2015-04-10
2015-07-01 00:29:16,940 Starting Live from 2015-04-04 to 2015-04-10
2015-07-01 00:30:28,776 Starting Training from 2015-03-04 to 2015-04-03
2015-07-01 00:31:21,555 Starting Q Learning for : 
2015-07-01 00:31:21,555 alpha = 0.2
2015-07-01 00:31:21,555 gamma = 0.2
2015-07-01 00:31:21,555 individual factor = 10
2015-07-01 00:31:21,555 zero range = 0.002
2015-07-01 00:31:21,555 greedy level = 5
2015-07-01 00:31:21,555 

2015-07-01 00:31:22,640 Starting Training from 2015-01-01 to 2015-01-31
2015-07-01 00:31:24,601 Starting Q Learning for : 
2015-07-01 00:31:24,601 alpha = 0.6
2015-07-01 00:31:24,602 gamma = 0.6
2015-07-01 00:31:24,602 individual factor = 10
2015-07-01 00:31:24,602 zero range = 0.002
2015-07-01 00:31:24,602 greedy level = 5
2015-07-01 00:31:24,602 

2015-07-01 00:31:24,920 Starting Training from 2015-01-01 to 2015-01-31
2015-07-01 00:32:05,377 Starting Live from 2015-04-04 to 2015-04-10
2015-07-01 00:34:21,829 Starting Q Learning for : 
2015-07-01 00:34:21,830 alpha = 0.4
2015-07-01 00:34:21,830 gamma = 0.4
2015-07-01 00:34:21,830 individual factor = 10
2015-07-01 00:34:21,830 zero range = 0.002
2015-07-01 00:34:21,830 greedy level = 5
2015-07-01 00:34:21,830 

2015-07-01 00:34:22,538 Starting Training from 2015-01-01 to 2015-01-31
2015-07-01 00:49:09,588 Starting Live from 2015-02-01 to 2015-03-03
2015-07-01 00:49:11,368 Starting Live from 2015-02-01 to 2015-03-03
2015-07-01 00:52:05,777 Starting Live from 2015-02-01 to 2015-03-03
2015-07-01 01:08:10,525 Starting Training from 2015-02-01 to 2015-03-03
2015-07-01 01:08:17,437 Starting Training from 2015-02-01 to 2015-03-03
2015-07-01 01:09:45,735 Starting Live from 2015-03-04 to 2015-04-03
2015-07-01 01:09:51,080 Starting Live from 2015-03-04 to 2015-04-03
2015-07-01 01:11:21,840 Starting Training from 2015-02-01 to 2015-03-03
2015-07-01 01:12:59,683 Starting Live from 2015-03-04 to 2015-04-03
2015-07-01 01:29:01,478 Starting Training from 2015-03-04 to 2015-04-03
2015-07-01 01:29:27,917 Starting Training from 2015-03-04 to 2015-04-03
2015-07-01 01:30:42,782 Starting Live from 2015-04-04 to 2015-04-10
2015-07-01 01:31:01,208 Starting Live from 2015-04-04 to 2015-04-10
2015-07-01 01:31:53,580 Starting Training from 2015-03-04 to 2015-04-03
2015-07-01 01:32:39,821 Starting Q Learning for : 
2015-07-01 01:32:39,821 alpha = 0.6
2015-07-01 01:32:39,821 gamma = 0.7
2015-07-01 01:32:39,821 individual factor = 10
2015-07-01 01:32:39,821 zero range = 0.002
2015-07-01 01:32:39,821 greedy level = 5
2015-07-01 01:32:39,821 

2015-07-01 01:32:40,657 Starting Training from 2015-01-01 to 2015-01-31
2015-07-01 01:33:09,683 Starting Q Learning for : 
2015-07-01 01:33:09,683 alpha = 0.5
2015-07-01 01:33:09,683 gamma = 0.1
2015-07-01 01:33:09,683 individual factor = 10
2015-07-01 01:33:09,683 zero range = 0.006
2015-07-01 01:33:09,683 greedy level = 5
2015-07-01 01:33:09,683 

2015-07-01 01:33:12,181 Starting Training from 2015-01-01 to 2015-01-31
2015-07-01 01:34:27,025 Starting Live from 2015-04-04 to 2015-04-10
2015-07-01 01:38:07,880 Starting Q Learning for : 
2015-07-01 01:38:07,880 alpha = 0.2
2015-07-01 01:38:07,880 gamma = 0.3
2015-07-01 01:38:07,880 individual factor = 10
2015-07-01 01:38:07,880 zero range = 0.006
2015-07-01 01:38:07,880 greedy level = 5
2015-07-01 01:38:07,880 

2015-07-01 01:38:08,701 Starting Training from 2015-01-01 to 2015-01-31
2015-07-01 01:51:30,556 Starting Live from 2015-02-01 to 2015-03-03
2015-07-01 01:52:06,316 Starting Live from 2015-02-01 to 2015-03-03
2015-07-01 01:56:14,800 Starting Live from 2015-02-01 to 2015-03-03
2015-07-01 02:05:48,265 Starting Training from 2015-02-01 to 2015-03-03
2015-07-01 02:07:30,413 Starting Live from 2015-03-04 to 2015-04-03
2015-07-01 02:13:09,941 Starting Training from 2015-02-01 to 2015-03-03
2015-07-01 02:14:41,264 Starting Live from 2015-03-04 to 2015-04-03
2015-07-01 02:16:05,338 Starting Training from 2015-02-01 to 2015-03-03
2015-07-01 02:17:36,382 Starting Live from 2015-03-04 to 2015-04-03
2015-07-01 02:18:50,450 Starting Training from 2015-03-04 to 2015-04-03
2015-07-01 02:26:49,413 Starting Live from 2015-04-04 to 2015-04-10
2015-07-01 02:29:17,622 Starting Q Learning for : 
2015-07-01 02:29:17,622 alpha = 0.6
2015-07-01 02:29:17,622 gamma = 0.8
2015-07-01 02:29:17,622 individual factor = 10
2015-07-01 02:29:17,622 zero range = 0.002
2015-07-01 02:29:17,622 greedy level = 5
2015-07-01 02:29:17,622 

2015-07-01 02:29:17,892 Starting Training from 2015-01-01 to 2015-01-31
2015-07-01 02:34:02,005 Starting Training from 2015-03-04 to 2015-04-03
2015-07-01 02:35:21,259 Starting Live from 2015-04-04 to 2015-04-10
2015-07-01 02:36:12,326 Starting Training from 2015-03-04 to 2015-04-03
2015-07-01 02:37:39,234 Starting Q Learning for : 
2015-07-01 02:37:39,234 alpha = 0.5
2015-07-01 02:37:39,234 gamma = 0.2
2015-07-01 02:37:39,234 individual factor = 10
2015-07-01 02:37:39,234 zero range = 0.006
2015-07-01 02:37:39,234 greedy level = 5
2015-07-01 02:37:39,234 

2015-07-01 02:37:39,615 Starting Training from 2015-01-01 to 2015-01-31
2015-07-01 02:37:52,541 Starting Live from 2015-04-04 to 2015-04-10
2015-07-01 02:40:08,607 Starting Q Learning for : 
2015-07-01 02:40:08,607 alpha = 0.2
2015-07-01 02:40:08,607 gamma = 0.4
2015-07-01 02:40:08,607 individual factor = 10
2015-07-01 02:40:08,607 zero range = 0.006
2015-07-01 02:40:08,607 greedy level = 5
2015-07-01 02:40:08,607 

2015-07-01 02:40:09,843 Starting Training from 2015-01-01 to 2015-01-31
2015-07-01 02:46:44,040 Starting Live from 2015-02-01 to 2015-03-03
2015-07-01 02:54:59,700 Starting Live from 2015-02-01 to 2015-03-03
2015-07-01 02:57:15,579 Starting Training from 2015-02-01 to 2015-03-03
2015-07-01 02:57:39,108 Starting Live from 2015-02-01 to 2015-03-03
2015-07-01 02:58:47,637 Starting Live from 2015-03-04 to 2015-04-03
2015-07-01 03:07:43,613 Starting Training from 2015-03-04 to 2015-04-03
2015-07-01 03:14:32,223 Starting Training from 2015-02-01 to 2015-03-03
2015-07-01 03:16:07,161 Starting Live from 2015-03-04 to 2015-04-03
2015-07-01 03:17:32,852 Starting Training from 2015-02-01 to 2015-03-03
2015-07-01 03:17:42,638 Starting Live from 2015-04-04 to 2015-04-10
2015-07-01 03:20:14,547 Starting Q Learning for : 
2015-07-01 03:20:14,547 alpha = 0.8
2015-07-01 03:20:14,547 gamma = 0.1
2015-07-01 03:20:14,547 individual factor = 10
2015-07-01 03:20:14,547 zero range = 0.002
2015-07-01 03:20:14,547 greedy level = 5
2015-07-01 03:20:14,547 

2015-07-01 03:20:15,419 Starting Training from 2015-01-01 to 2015-01-31
2015-07-01 03:20:45,977 Starting Live from 2015-03-04 to 2015-04-03
2015-07-01 03:36:03,150 Starting Training from 2015-03-04 to 2015-04-03
2015-07-01 03:36:43,842 Starting Live from 2015-02-01 to 2015-03-03
2015-07-01 03:38:46,511 Starting Live from 2015-04-04 to 2015-04-10
2015-07-01 03:39:23,249 Starting Training from 2015-03-04 to 2015-04-03
2015-07-01 03:40:46,457 Starting Live from 2015-04-04 to 2015-04-10
2015-07-01 03:40:53,616 Starting Q Learning for : 
2015-07-01 03:40:53,617 alpha = 0.5
2015-07-01 03:40:53,617 gamma = 0.3
2015-07-01 03:40:53,617 individual factor = 10
2015-07-01 03:40:53,617 zero range = 0.006
2015-07-01 03:40:53,617 greedy level = 5
2015-07-01 03:40:53,617 

2015-07-01 03:40:54,973 Starting Training from 2015-01-01 to 2015-01-31
2015-07-01 03:42:53,574 Starting Q Learning for : 
2015-07-01 03:42:53,574 alpha = 0.2
2015-07-01 03:42:53,574 gamma = 0.5
2015-07-01 03:42:53,574 individual factor = 10
2015-07-01 03:42:53,574 zero range = 0.006
2015-07-01 03:42:53,575 greedy level = 5
2015-07-01 03:42:53,575 

2015-07-01 03:42:54,693 Starting Training from 2015-01-01 to 2015-01-31
2015-07-01 03:55:22,450 Starting Training from 2015-02-01 to 2015-03-03
2015-07-01 03:56:48,936 Starting Live from 2015-03-04 to 2015-04-03
2015-07-01 03:57:34,722 Starting Live from 2015-02-01 to 2015-03-03
2015-07-01 03:59:40,607 Starting Live from 2015-02-01 to 2015-03-03
2015-07-01 04:15:27,456 Starting Training from 2015-03-04 to 2015-04-03
2015-07-01 04:15:49,355 Starting Training from 2015-02-01 to 2015-03-03
2015-07-01 04:16:49,514 Starting Live from 2015-04-04 to 2015-04-10
2015-07-01 04:17:20,866 Starting Live from 2015-03-04 to 2015-04-03
2015-07-01 04:18:10,550 Starting Training from 2015-02-01 to 2015-03-03
2015-07-01 04:19:22,382 Starting Q Learning for : 
2015-07-01 04:19:22,382 alpha = 0.8
2015-07-01 04:19:22,382 gamma = 0.2
2015-07-01 04:19:22,383 individual factor = 10
2015-07-01 04:19:22,383 zero range = 0.002
2015-07-01 04:19:22,383 greedy level = 5
2015-07-01 04:19:22,383 

2015-07-01 04:19:22,736 Starting Training from 2015-01-01 to 2015-01-31
2015-07-01 04:19:57,103 Starting Live from 2015-03-04 to 2015-04-03
2015-07-01 04:37:17,405 Starting Training from 2015-03-04 to 2015-04-03
2015-07-01 04:37:23,626 Starting Live from 2015-02-01 to 2015-03-03
2015-07-01 04:38:59,023 Starting Live from 2015-04-04 to 2015-04-10
2015-07-01 04:39:34,412 Starting Training from 2015-03-04 to 2015-04-03
2015-07-01 04:40:53,821 Starting Live from 2015-04-04 to 2015-04-10
2015-07-01 04:41:05,127 Starting Q Learning for : 
2015-07-01 04:41:05,128 alpha = 0.5
2015-07-01 04:41:05,128 gamma = 0.4
2015-07-01 04:41:05,128 individual factor = 10
2015-07-01 04:41:05,128 zero range = 0.006
2015-07-01 04:41:05,128 greedy level = 5
2015-07-01 04:41:05,128 

2015-07-01 04:41:05,511 Starting Training from 2015-01-01 to 2015-01-31
2015-07-01 04:42:42,380 Starting Q Learning for : 
2015-07-01 04:42:42,380 alpha = 0.2
2015-07-01 04:42:42,380 gamma = 0.6
2015-07-01 04:42:42,380 individual factor = 10
2015-07-01 04:42:42,381 zero range = 0.006
2015-07-01 04:42:42,381 greedy level = 5
2015-07-01 04:42:42,381 

2015-07-01 04:42:45,077 Starting Training from 2015-01-01 to 2015-01-31
2015-07-01 04:55:29,365 Starting Training from 2015-02-01 to 2015-03-03
2015-07-01 04:56:57,001 Starting Live from 2015-03-04 to 2015-04-03
2015-07-01 04:57:56,586 Starting Live from 2015-02-01 to 2015-03-03
2015-07-01 04:59:27,514 Starting Live from 2015-02-01 to 2015-03-03
2015-07-01 05:15:49,695 Starting Training from 2015-03-04 to 2015-04-03
2015-07-01 05:15:59,770 Starting Training from 2015-02-01 to 2015-03-03
2015-07-01 05:17:40,905 Starting Live from 2015-04-04 to 2015-04-10
2015-07-01 05:18:09,573 Starting Training from 2015-02-01 to 2015-03-03
2015-07-01 05:18:16,777 Starting Live from 2015-03-04 to 2015-04-03
2015-07-01 05:21:33,469 Starting Live from 2015-03-04 to 2015-04-03
2015-07-01 05:21:37,198 Starting Q Learning for : 
2015-07-01 05:21:37,198 alpha = 0.8
2015-07-01 05:21:37,198 gamma = 0.3
2015-07-01 05:21:37,198 individual factor = 10
2015-07-01 05:21:37,198 zero range = 0.002
2015-07-01 05:21:37,198 greedy level = 5
2015-07-01 05:21:37,198 

2015-07-01 05:21:39,124 Starting Training from 2015-01-01 to 2015-01-31
2015-07-01 05:36:33,276 Starting Training from 2015-03-04 to 2015-04-03
2015-07-01 05:38:06,442 Starting Live from 2015-02-01 to 2015-03-03
2015-07-01 05:39:46,943 Starting Live from 2015-04-04 to 2015-04-10
2015-07-01 05:39:55,551 Starting Training from 2015-03-04 to 2015-04-03
2015-07-01 05:41:49,915 Starting Q Learning for : 
2015-07-01 05:41:49,915 alpha = 0.5
2015-07-01 05:41:49,915 gamma = 0.5
2015-07-01 05:41:49,915 individual factor = 10
2015-07-01 05:41:49,915 zero range = 0.006
2015-07-01 05:41:49,915 greedy level = 5
2015-07-01 05:41:49,915 

2015-07-01 05:41:50,937 Starting Training from 2015-01-01 to 2015-01-31
2015-07-01 05:41:56,284 Starting Live from 2015-04-04 to 2015-04-10
2015-07-01 05:44:59,258 Starting Q Learning for : 
2015-07-01 05:44:59,258 alpha = 0.2
2015-07-01 05:44:59,258 gamma = 0.7
2015-07-01 05:44:59,258 individual factor = 10
2015-07-01 05:44:59,258 zero range = 0.006
2015-07-01 05:44:59,258 greedy level = 5
2015-07-01 05:44:59,258 

2015-07-01 05:45:00,613 Starting Training from 2015-01-01 to 2015-01-31
2015-07-01 05:56:30,012 Starting Training from 2015-02-01 to 2015-03-03
2015-07-01 05:58:01,165 Starting Live from 2015-03-04 to 2015-04-03
2015-07-01 05:58:42,732 Starting Live from 2015-02-01 to 2015-03-03
2015-07-01 06:01:57,502 Starting Live from 2015-02-01 to 2015-03-03
2015-07-01 06:16:16,631 Starting Training from 2015-02-01 to 2015-03-03
2015-07-01 06:17:31,132 Starting Training from 2015-03-04 to 2015-04-03
2015-07-01 06:18:07,855 Starting Live from 2015-03-04 to 2015-04-03
2015-07-01 06:18:22,711 Starting Training from 2015-02-01 to 2015-03-03
2015-07-01 06:19:10,385 Starting Live from 2015-04-04 to 2015-04-10
2015-07-01 06:19:54,501 Starting Live from 2015-03-04 to 2015-04-03
2015-07-01 06:21:21,820 Starting Q Learning for : 
2015-07-01 06:21:21,820 alpha = 0.8
2015-07-01 06:21:21,820 gamma = 0.4
2015-07-01 06:21:21,820 individual factor = 10
2015-07-01 06:21:21,820 zero range = 0.002
2015-07-01 06:21:21,820 greedy level = 5
2015-07-01 06:21:21,820 

2015-07-01 06:21:23,512 Starting Training from 2015-01-01 to 2015-01-31
2015-07-01 06:29:22,465 Starting Training from 2015-03-04 to 2015-04-03
2015-07-01 06:36:39,720 Starting Live from 2015-04-04 to 2015-04-10
2015-07-01 06:38:30,064 Starting Q Learning for : 
2015-07-01 06:38:30,064 alpha = 0.2
2015-07-01 06:38:30,064 gamma = 0.8
2015-07-01 06:38:30,064 individual factor = 10
2015-07-01 06:38:30,065 zero range = 0.006
2015-07-01 06:38:30,065 greedy level = 5
2015-07-01 06:38:30,065 

2015-07-01 06:38:30,385 Starting Training from 2015-01-01 to 2015-01-31
2015-07-01 06:38:50,507 Starting Live from 2015-02-01 to 2015-03-03
2015-07-01 06:39:17,580 Starting Training from 2015-03-04 to 2015-04-03
2015-07-01 06:40:47,725 Starting Live from 2015-04-04 to 2015-04-10
2015-07-01 06:42:48,070 Starting Q Learning for : 
2015-07-01 06:42:48,070 alpha = 0.5
2015-07-01 06:42:48,070 gamma = 0.6
2015-07-01 06:42:48,070 individual factor = 10
2015-07-01 06:42:48,070 zero range = 0.006
2015-07-01 06:42:48,070 greedy level = 5
2015-07-01 06:42:48,070 

2015-07-01 06:42:48,833 Starting Training from 2015-01-01 to 2015-01-31
2015-07-01 06:55:32,991 Starting Live from 2015-02-01 to 2015-03-03
2015-07-01 06:57:01,577 Starting Training from 2015-02-01 to 2015-03-03
2015-07-01 06:58:32,152 Starting Live from 2015-03-04 to 2015-04-03
2015-07-01 07:00:08,291 Starting Live from 2015-02-01 to 2015-03-03
2015-07-01 07:07:29,163 Starting Training from 2015-02-01 to 2015-03-03
2015-07-01 07:08:58,715 Starting Live from 2015-03-04 to 2015-04-03
2015-07-01 07:14:55,443 Starting Training from 2015-03-04 to 2015-04-03
2015-07-01 07:16:59,439 Starting Training from 2015-03-04 to 2015-04-03
2015-07-01 07:17:55,767 Starting Training from 2015-02-01 to 2015-03-03
2015-07-01 07:20:22,923 Starting Live from 2015-04-04 to 2015-04-10
2015-07-01 07:21:32,133 Starting Live from 2015-03-04 to 2015-04-03
2015-07-01 07:23:07,314 Starting Q Learning for : 
2015-07-01 07:23:07,314 alpha = 0.8
2015-07-01 07:23:07,314 gamma = 0.5
2015-07-01 07:23:07,314 individual factor = 10
2015-07-01 07:23:07,314 zero range = 0.002
2015-07-01 07:23:07,314 greedy level = 5
2015-07-01 07:23:07,314 

2015-07-01 07:23:07,853 Starting Training from 2015-01-01 to 2015-01-31
2015-07-01 07:25:54,420 Starting Live from 2015-04-04 to 2015-04-10
2015-07-01 07:27:07,843 Starting Q Learning for : 
2015-07-01 07:27:07,843 alpha = 0.4
2015-07-01 07:27:07,843 gamma = 0.1
2015-07-01 07:27:07,843 individual factor = 10
2015-07-01 07:27:07,843 zero range = 0.006
2015-07-01 07:27:07,843 greedy level = 5
2015-07-01 07:27:07,843 

2015-07-01 07:27:08,950 Starting Training from 2015-01-01 to 2015-01-31
2015-07-01 07:39:53,586 Starting Training from 2015-03-04 to 2015-04-03
2015-07-01 07:40:00,995 Starting Live from 2015-02-01 to 2015-03-03
2015-07-01 07:41:37,885 Starting Live from 2015-04-04 to 2015-04-10
2015-07-01 07:43:48,891 Starting Q Learning for : 
2015-07-01 07:43:48,891 alpha = 0.5
2015-07-01 07:43:48,891 gamma = 0.7
2015-07-01 07:43:48,891 individual factor = 10
2015-07-01 07:43:48,891 zero range = 0.006
2015-07-01 07:43:48,891 greedy level = 5
2015-07-01 07:43:48,891 

2015-07-01 07:43:49,346 Starting Training from 2015-01-01 to 2015-01-31
2015-07-01 07:44:10,496 Starting Live from 2015-02-01 to 2015-03-03
2015-07-01 07:58:02,646 Starting Training from 2015-02-01 to 2015-03-03
2015-07-01 07:59:30,509 Starting Live from 2015-03-04 to 2015-04-03
2015-07-01 08:00:53,259 Starting Live from 2015-02-01 to 2015-03-03
2015-07-01 08:02:16,481 Starting Training from 2015-02-01 to 2015-03-03
2015-07-01 08:03:47,708 Starting Live from 2015-03-04 to 2015-04-03
2015-07-01 08:15:06,417 Starting Training from 2015-02-01 to 2015-03-03
2015-07-01 08:16:30,389 Starting Live from 2015-03-04 to 2015-04-03
2015-07-01 08:17:31,408 Starting Training from 2015-03-04 to 2015-04-03
2015-07-01 08:19:07,195 Starting Live from 2015-04-04 to 2015-04-10
2015-07-01 08:21:09,562 Starting Q Learning for : 
2015-07-01 08:21:09,562 alpha = 0.8
2015-07-01 08:21:09,562 gamma = 0.6
2015-07-01 08:21:09,562 individual factor = 10
2015-07-01 08:21:09,562 zero range = 0.002
2015-07-01 08:21:09,562 greedy level = 5
2015-07-01 08:21:09,562 

2015-07-01 08:21:10,022 Starting Training from 2015-01-01 to 2015-01-31
2015-07-01 08:21:44,121 Starting Training from 2015-03-04 to 2015-04-03
2015-07-01 08:23:23,771 Starting Live from 2015-04-04 to 2015-04-10
2015-07-01 08:25:43,737 Starting Q Learning for : 
2015-07-01 08:25:43,737 alpha = 0.4
2015-07-01 08:25:43,737 gamma = 0.2
2015-07-01 08:25:43,737 individual factor = 10
2015-07-01 08:25:43,737 zero range = 0.006
2015-07-01 08:25:43,737 greedy level = 5
2015-07-01 08:25:43,737 

2015-07-01 08:25:44,693 Starting Training from 2015-01-01 to 2015-01-31
2015-07-01 08:27:56,713 Starting Training from 2015-03-04 to 2015-04-03
2015-07-01 08:34:35,550 Starting Live from 2015-04-04 to 2015-04-10
2015-07-01 08:35:51,383 Starting Q Learning for : 
2015-07-01 08:35:51,384 alpha = 0.5
2015-07-01 08:35:51,384 gamma = 0.8
2015-07-01 08:35:51,384 individual factor = 10
2015-07-01 08:35:51,384 zero range = 0.006
2015-07-01 08:35:51,384 greedy level = 5
2015-07-01 08:35:51,384 

2015-07-01 08:35:52,585 Starting Training from 2015-01-01 to 2015-01-31
2015-07-01 08:38:19,886 Starting Live from 2015-02-01 to 2015-03-03
2015-07-01 08:42:30,634 Starting Live from 2015-02-01 to 2015-03-03
2015-07-01 08:52:46,234 Starting Live from 2015-02-01 to 2015-03-03
2015-07-01 08:56:32,786 Starting Training from 2015-02-01 to 2015-03-03
2015-07-01 08:57:59,214 Starting Live from 2015-03-04 to 2015-04-03
2015-07-01 09:00:46,450 Starting Training from 2015-02-01 to 2015-03-03
2015-07-01 09:03:56,252 Starting Training from 2015-02-01 to 2015-03-03
2015-07-01 09:04:24,101 Starting Live from 2015-03-04 to 2015-04-03
2015-07-01 09:05:30,534 Starting Live from 2015-03-04 to 2015-04-03
2015-07-01 09:11:10,951 Starting Training from 2015-03-04 to 2015-04-03
2015-07-01 09:16:00,923 Starting Training from 2015-03-04 to 2015-04-03
2015-07-01 09:18:02,246 Starting Live from 2015-04-04 to 2015-04-10
2015-07-01 09:21:43,800 Starting Q Learning for : 
2015-07-01 09:21:43,800 alpha = 0.8
2015-07-01 09:21:43,800 gamma = 0.7
2015-07-01 09:21:43,800 individual factor = 10
2015-07-01 09:21:43,800 zero range = 0.002
2015-07-01 09:21:43,800 greedy level = 5
2015-07-01 09:21:43,800 

2015-07-01 09:21:44,085 Starting Training from 2015-01-01 to 2015-01-31
2015-07-01 09:22:06,731 Starting Live from 2015-04-04 to 2015-04-10
2015-07-01 09:22:15,002 Starting Training from 2015-03-04 to 2015-04-03
2015-07-01 09:23:46,744 Starting Live from 2015-04-04 to 2015-04-10
2015-07-01 09:23:52,714 Starting Q Learning for : 
2015-07-01 09:23:52,714 alpha = 0.2
2015-07-01 09:23:52,714 gamma = 0.1
2015-07-01 09:23:52,714 individual factor = 10
2015-07-01 09:23:52,714 zero range = 0.006
2015-07-01 09:23:52,714 greedy level = 5
2015-07-01 09:23:52,714 

2015-07-01 09:23:53,989 Starting Training from 2015-01-01 to 2015-01-31
2015-07-01 09:25:56,511 Starting Q Learning for : 
2015-07-01 09:25:56,511 alpha = 0.4
2015-07-01 09:25:56,512 gamma = 0.3
2015-07-01 09:25:56,512 individual factor = 10
2015-07-01 09:25:56,512 zero range = 0.006
2015-07-01 09:25:56,512 greedy level = 5
2015-07-01 09:25:56,512 

2015-07-01 09:25:58,481 Starting Training from 2015-01-01 to 2015-01-31
2015-07-01 09:38:16,452 Starting Live from 2015-02-01 to 2015-03-03
2015-07-01 09:40:29,289 Starting Live from 2015-02-01 to 2015-03-03
2015-07-01 09:42:32,512 Starting Live from 2015-02-01 to 2015-03-03
2015-07-01 09:50:09,107 Starting Training from 2015-02-01 to 2015-03-03
2015-07-01 09:51:42,584 Starting Live from 2015-03-04 to 2015-04-03
2015-07-01 09:58:58,631 Starting Training from 2015-02-01 to 2015-03-03
2015-07-01 10:00:27,465 Starting Live from 2015-03-04 to 2015-04-03
2015-07-01 10:00:52,261 Starting Training from 2015-02-01 to 2015-03-03
2015-07-01 10:02:17,476 Starting Live from 2015-03-04 to 2015-04-03
2015-07-01 10:03:19,899 Starting Training from 2015-03-04 to 2015-04-03
2015-07-01 10:10:01,342 Starting Live from 2015-04-04 to 2015-04-10
2015-07-01 10:13:01,848 Starting Q Learning for : 
2015-07-01 10:13:01,848 alpha = 0.8
2015-07-01 10:13:01,848 gamma = 0.8
2015-07-01 10:13:01,848 individual factor = 10
2015-07-01 10:13:01,849 zero range = 0.002
2015-07-01 10:13:01,849 greedy level = 5
2015-07-01 10:13:01,849 

2015-07-01 10:13:03,217 Starting Training from 2015-01-01 to 2015-01-31
2015-07-01 10:18:34,661 Starting Training from 2015-03-04 to 2015-04-03
2015-07-01 10:20:07,628 Starting Live from 2015-04-04 to 2015-04-10
2015-07-01 10:21:12,001 Starting Training from 2015-03-04 to 2015-04-03
2015-07-01 10:22:17,714 Starting Q Learning for : 
2015-07-01 10:22:17,714 alpha = 0.2
2015-07-01 10:22:17,714 gamma = 0.2
2015-07-01 10:22:17,714 individual factor = 10
2015-07-01 10:22:17,714 zero range = 0.006
2015-07-01 10:22:17,715 greedy level = 5
2015-07-01 10:22:17,715 

2015-07-01 10:22:18,714 Starting Training from 2015-01-01 to 2015-01-31
2015-07-01 10:22:39,480 Starting Live from 2015-04-04 to 2015-04-10
2015-07-01 10:25:01,028 Starting Q Learning for : 
2015-07-01 10:25:01,028 alpha = 0.4
2015-07-01 10:25:01,028 gamma = 0.4
2015-07-01 10:25:01,028 individual factor = 10
2015-07-01 10:25:01,028 zero range = 0.006
2015-07-01 10:25:01,029 greedy level = 5
2015-07-01 10:25:01,029 

2015-07-01 10:25:01,811 Starting Training from 2015-01-01 to 2015-01-31
2015-07-01 10:30:07,981 Starting Live from 2015-02-01 to 2015-03-03
2015-07-01 10:39:47,852 Starting Live from 2015-02-01 to 2015-03-03
2015-07-01 10:41:27,321 Starting Training from 2015-02-01 to 2015-03-03
2015-07-01 10:42:19,952 Starting Live from 2015-02-01 to 2015-03-03
2015-07-01 10:42:52,951 Starting Live from 2015-03-04 to 2015-04-03
2015-07-01 10:50:47,821 Starting Training from 2015-03-04 to 2015-04-03
2015-07-01 10:57:56,853 Starting Training from 2015-02-01 to 2015-03-03
2015-07-01 10:59:24,029 Starting Live from 2015-03-04 to 2015-04-03
2015-07-01 10:59:44,808 Starting Live from 2015-04-04 to 2015-04-10
2015-07-01 11:00:13,911 Starting Training from 2015-02-01 to 2015-03-03
2015-07-01 11:00:57,678 Starting Q Learning for : 
2015-07-01 11:00:57,678 alpha = 0.4
2015-07-01 11:00:57,678 gamma = 0.5
2015-07-01 11:00:57,678 individual factor = 10
2015-07-01 11:00:57,678 zero range = 0.006
2015-07-01 11:00:57,678 greedy level = 5
2015-07-01 11:00:57,678 

2015-07-01 11:00:59,010 Starting Training from 2015-01-01 to 2015-01-31
2015-07-01 11:01:42,268 Starting Live from 2015-03-04 to 2015-04-03
2015-07-01 11:17:34,272 Starting Training from 2015-03-04 to 2015-04-03
2015-07-01 11:17:53,684 Starting Live from 2015-02-01 to 2015-03-03
2015-07-01 11:19:11,448 Starting Live from 2015-04-04 to 2015-04-10
2015-07-01 11:19:56,188 Starting Training from 2015-03-04 to 2015-04-03
2015-07-01 11:22:38,081 Starting Q Learning for : 
2015-07-01 11:22:38,081 alpha = 0.6
2015-07-01 11:22:38,081 gamma = 0.7
2015-07-01 11:22:38,081 individual factor = 10
2015-07-01 11:22:38,082 zero range = 0.006
2015-07-01 11:22:38,082 greedy level = 5
2015-07-01 11:22:38,082 

2015-07-01 11:22:39,542 Starting Training from 2015-01-01 to 2015-01-31
2015-07-01 11:23:47,749 Starting Live from 2015-04-04 to 2015-04-10
2015-07-01 11:26:03,637 Starting Q Learning for : 
2015-07-01 11:26:03,637 alpha = 0.5
2015-07-01 11:26:03,637 gamma = 0.1
2015-07-01 11:26:03,637 individual factor = 10
2015-07-01 11:26:03,637 zero range = 0.01
2015-07-01 11:26:03,637 greedy level = 5
2015-07-01 11:26:03,637 

2015-07-01 11:26:04,279 Starting Training from 2015-01-01 to 2015-01-31
2015-07-01 11:36:16,495 Starting Training from 2015-02-01 to 2015-03-03
2015-07-01 11:38:31,092 Starting Live from 2015-03-04 to 2015-04-03
2015-07-01 11:39:37,449 Starting Live from 2015-02-01 to 2015-03-03
2015-07-01 11:43:01,749 Starting Live from 2015-02-01 to 2015-03-03
2015-07-01 11:52:12,801 Starting Training from 2015-02-01 to 2015-03-03
2015-07-01 11:53:41,393 Starting Live from 2015-03-04 to 2015-04-03
2015-07-01 11:57:26,295 Starting Training from 2015-03-04 to 2015-04-03
2015-07-01 12:00:09,457 Starting Live from 2015-04-04 to 2015-04-10
2015-07-01 12:00:50,678 Starting Training from 2015-02-01 to 2015-03-03
2015-07-01 12:02:16,920 Starting Live from 2015-03-04 to 2015-04-03
2015-07-01 12:02:20,570 Starting Q Learning for : 
2015-07-01 12:02:20,570 alpha = 0.4
2015-07-01 12:02:20,571 gamma = 0.6
2015-07-01 12:02:20,571 individual factor = 10
2015-07-01 12:02:20,571 zero range = 0.006
2015-07-01 12:02:20,571 greedy level = 5
2015-07-01 12:02:20,571 

2015-07-01 12:02:21,234 Starting Training from 2015-01-01 to 2015-01-31
2015-07-01 12:05:09,842 Starting Training from 2015-03-04 to 2015-04-03
2015-07-01 12:11:25,083 Starting Live from 2015-04-04 to 2015-04-10
2015-07-01 12:13:09,146 Starting Q Learning for : 
2015-07-01 12:13:09,146 alpha = 0.6
2015-07-01 12:13:09,146 gamma = 0.8
2015-07-01 12:13:09,146 individual factor = 10
2015-07-01 12:13:09,146 zero range = 0.006
2015-07-01 12:13:09,146 greedy level = 5
2015-07-01 12:13:09,147 

2015-07-01 12:13:10,327 Starting Training from 2015-01-01 to 2015-01-31
2015-07-01 12:18:52,680 Starting Live from 2015-02-01 to 2015-03-03
2015-07-01 12:20:28,210 Starting Training from 2015-03-04 to 2015-04-03
2015-07-01 12:21:49,443 Starting Live from 2015-04-04 to 2015-04-10
2015-07-01 12:23:51,988 Starting Q Learning for : 
2015-07-01 12:23:51,989 alpha = 0.5
2015-07-01 12:23:51,989 gamma = 0.2
2015-07-01 12:23:51,989 individual factor = 10
2015-07-01 12:23:51,989 zero range = 0.01
2015-07-01 12:23:51,989 greedy level = 5
2015-07-01 12:23:51,989 

2015-07-01 12:23:52,608 Starting Training from 2015-01-01 to 2015-01-31
2015-07-01 12:29:55,408 Starting Live from 2015-02-01 to 2015-03-03
2015-07-01 12:36:24,999 Starting Training from 2015-02-01 to 2015-03-03
2015-07-01 12:37:52,169 Starting Live from 2015-03-04 to 2015-04-03
2015-07-01 12:40:20,343 Starting Live from 2015-02-01 to 2015-03-03
2015-07-01 12:41:29,839 Starting Training from 2015-02-01 to 2015-03-03
2015-07-01 12:42:55,651 Starting Live from 2015-03-04 to 2015-04-03
2015-07-01 12:51:15,422 Starting Training from 2015-03-04 to 2015-04-03
2015-07-01 12:55:46,960 Starting Training from 2015-03-04 to 2015-04-03
2015-07-01 12:57:29,358 Starting Live from 2015-04-04 to 2015-04-10
2015-07-01 12:58:13,500 Starting Training from 2015-02-01 to 2015-03-03
2015-07-01 12:59:10,755 Starting Q Learning for : 
2015-07-01 12:59:10,755 alpha = 0.4
2015-07-01 12:59:10,755 gamma = 0.7
2015-07-01 12:59:10,755 individual factor = 10
2015-07-01 12:59:10,755 zero range = 0.006
2015-07-01 12:59:10,755 greedy level = 5
2015-07-01 12:59:10,755 

2015-07-01 12:59:11,596 Starting Training from 2015-01-01 to 2015-01-31
2015-07-01 12:59:41,840 Starting Live from 2015-03-04 to 2015-04-03
2015-07-01 12:59:47,626 Starting Live from 2015-04-04 to 2015-04-10
2015-07-01 13:00:58,819 Starting Q Learning for : 
2015-07-01 13:00:58,819 alpha = 0.8
2015-07-01 13:00:58,819 gamma = 0.1
2015-07-01 13:00:58,819 individual factor = 10
2015-07-01 13:00:58,819 zero range = 0.006
2015-07-01 13:00:58,819 greedy level = 5
2015-07-01 13:00:58,819 

2015-07-01 13:00:59,462 Starting Training from 2015-01-01 to 2015-01-31
2015-07-01 13:15:59,936 Starting Live from 2015-02-01 to 2015-03-03
2015-07-01 13:17:39,222 Starting Live from 2015-02-01 to 2015-03-03
2015-07-01 13:18:03,851 Starting Training from 2015-03-04 to 2015-04-03
2015-07-01 13:19:25,896 Starting Live from 2015-04-04 to 2015-04-10
2015-07-01 13:21:32,102 Starting Q Learning for : 
2015-07-01 13:21:32,102 alpha = 0.5
2015-07-01 13:21:32,102 gamma = 0.3
2015-07-01 13:21:32,102 individual factor = 10
2015-07-01 13:21:32,102 zero range = 0.01
2015-07-01 13:21:32,102 greedy level = 5
2015-07-01 13:21:32,102 

2015-07-01 13:21:32,912 Starting Training from 2015-01-01 to 2015-01-31
2015-07-01 13:29:29,228 Starting Training from 2015-02-01 to 2015-03-03
2015-07-01 13:30:53,945 Starting Live from 2015-03-04 to 2015-04-03
2015-07-01 13:35:15,032 Starting Training from 2015-02-01 to 2015-03-03
2015-07-01 13:36:41,154 Starting Live from 2015-03-04 to 2015-04-03
2015-07-01 13:38:06,249 Starting Live from 2015-02-01 to 2015-03-03
2015-07-01 13:39:59,627 Starting Training from 2015-03-04 to 2015-04-03
2015-07-01 13:48:48,147 Starting Live from 2015-04-04 to 2015-04-10
2015-07-01 13:50:15,969 Starting Q Learning for : 
2015-07-01 13:50:15,969 alpha = 0.4
2015-07-01 13:50:15,969 gamma = 0.8
2015-07-01 13:50:15,969 individual factor = 10
2015-07-01 13:50:15,969 zero range = 0.006
2015-07-01 13:50:15,970 greedy level = 5
2015-07-01 13:50:15,970 

2015-07-01 13:50:18,203 Starting Training from 2015-01-01 to 2015-01-31
2015-07-01 13:54:05,580 Starting Training from 2015-03-04 to 2015-04-03
2015-07-01 13:55:41,360 Starting Training from 2015-02-01 to 2015-03-03
2015-07-01 13:56:10,448 Starting Live from 2015-04-04 to 2015-04-10
2015-07-01 13:57:07,780 Starting Live from 2015-03-04 to 2015-04-03
2015-07-01 13:58:13,144 Starting Q Learning for : 
2015-07-01 13:58:13,144 alpha = 0.8
2015-07-01 13:58:13,145 gamma = 0.2
2015-07-01 13:58:13,145 individual factor = 10
2015-07-01 13:58:13,145 zero range = 0.006
2015-07-01 13:58:13,145 greedy level = 5
2015-07-01 13:58:13,145 

2015-07-01 13:58:14,917 Starting Training from 2015-01-01 to 2015-01-31
2015-07-01 14:06:43,885 Starting Live from 2015-02-01 to 2015-03-03
2015-07-01 14:14:26,684 Starting Live from 2015-02-01 to 2015-03-03
2015-07-01 14:14:47,935 Starting Training from 2015-03-04 to 2015-04-03
2015-07-01 14:15:59,734 Starting Training from 2015-02-01 to 2015-03-03
2015-07-01 14:16:55,296 Starting Live from 2015-04-04 to 2015-04-10
2015-07-01 14:19:54,654 Starting Live from 2015-03-04 to 2015-04-03
2015-07-01 14:20:28,092 Starting Q Learning for : 
2015-07-01 14:20:28,092 alpha = 0.5
2015-07-01 14:20:28,092 gamma = 0.4
2015-07-01 14:20:28,093 individual factor = 10
2015-07-01 14:20:28,093 zero range = 0.01
2015-07-01 14:20:28,093 greedy level = 5
2015-07-01 14:20:28,093 

2015-07-01 14:20:28,855 Starting Training from 2015-01-01 to 2015-01-31
2015-07-01 14:25:34,609 Starting Training from 2015-03-04 to 2015-04-03
2015-07-01 14:32:45,395 Starting Training from 2015-02-01 to 2015-03-03
2015-07-01 14:35:21,169 Starting Live from 2015-03-04 to 2015-04-03
2015-07-01 14:36:45,285 Starting Live from 2015-04-04 to 2015-04-10
2015-07-01 14:37:24,284 Starting Live from 2015-02-01 to 2015-03-03
2015-07-01 14:39:02,933 Starting Q Learning for : 
2015-07-01 14:39:02,933 alpha = 0.6
2015-07-01 14:39:02,933 gamma = 0.1
2015-07-01 14:39:02,933 individual factor = 10
2015-07-01 14:39:02,933 zero range = 0.006
2015-07-01 14:39:02,933 greedy level = 5
2015-07-01 14:39:02,933 

2015-07-01 14:39:03,596 Starting Training from 2015-01-01 to 2015-01-31
2015-07-01 14:54:38,692 Starting Training from 2015-03-04 to 2015-04-03
2015-07-01 14:54:53,830 Starting Training from 2015-02-01 to 2015-03-03
2015-07-01 14:55:18,718 Starting Live from 2015-02-01 to 2015-03-03
2015-07-01 14:56:08,788 Starting Live from 2015-04-04 to 2015-04-10
2015-07-01 14:56:23,959 Starting Live from 2015-03-04 to 2015-04-03
2015-07-01 14:58:18,106 Starting Q Learning for : 
2015-07-01 14:58:18,106 alpha = 0.8
2015-07-01 14:58:18,106 gamma = 0.3
2015-07-01 14:58:18,107 individual factor = 10
2015-07-01 14:58:18,107 zero range = 0.006
2015-07-01 14:58:18,107 greedy level = 5
2015-07-01 14:58:18,107 

2015-07-01 14:58:20,041 Starting Training from 2015-01-01 to 2015-01-31
2015-07-01 15:13:26,032 Starting Training from 2015-02-01 to 2015-03-03
2015-07-01 15:14:45,895 Starting Training from 2015-03-04 to 2015-04-03
2015-07-01 15:14:52,426 Starting Live from 2015-03-04 to 2015-04-03
2015-07-01 15:15:17,595 Starting Live from 2015-02-01 to 2015-03-03
2015-07-01 15:16:27,714 Starting Live from 2015-04-04 to 2015-04-10
2015-07-01 15:18:29,252 Starting Q Learning for : 
2015-07-01 15:18:29,252 alpha = 0.5
2015-07-01 15:18:29,252 gamma = 0.5
2015-07-01 15:18:29,252 individual factor = 10
2015-07-01 15:18:29,252 zero range = 0.01
2015-07-01 15:18:29,252 greedy level = 5
2015-07-01 15:18:29,252 

2015-07-01 15:18:29,774 Starting Training from 2015-01-01 to 2015-01-31
2015-07-01 15:32:14,818 Starting Training from 2015-03-04 to 2015-04-03
2015-07-01 15:33:26,307 Starting Training from 2015-02-01 to 2015-03-03
2015-07-01 15:34:22,353 Starting Live from 2015-04-04 to 2015-04-10
2015-07-01 15:34:52,125 Starting Live from 2015-03-04 to 2015-04-03
2015-07-01 15:35:12,479 Starting Live from 2015-02-01 to 2015-03-03
2015-07-01 15:36:27,789 Starting Q Learning for : 
2015-07-01 15:36:27,789 alpha = 0.6
2015-07-01 15:36:27,790 gamma = 0.2
2015-07-01 15:36:27,790 individual factor = 10
2015-07-01 15:36:27,790 zero range = 0.006
2015-07-01 15:36:27,790 greedy level = 5
2015-07-01 15:36:27,790 

2015-07-01 15:36:29,082 Starting Training from 2015-01-01 to 2015-01-31
2015-07-01 15:53:09,824 Starting Live from 2015-02-01 to 2015-03-03
2015-07-01 15:53:11,730 Starting Training from 2015-03-04 to 2015-04-03
2015-07-01 15:53:20,199 Starting Training from 2015-02-01 to 2015-03-03
2015-07-01 15:54:49,501 Starting Live from 2015-03-04 to 2015-04-03
2015-07-01 15:55:06,418 Starting Live from 2015-04-04 to 2015-04-10
2015-07-01 15:57:18,467 Starting Q Learning for : 
2015-07-01 15:57:18,467 alpha = 0.8
2015-07-01 15:57:18,467 gamma = 0.4
2015-07-01 15:57:18,468 individual factor = 10
2015-07-01 15:57:18,468 zero range = 0.006
2015-07-01 15:57:18,468 greedy level = 5
2015-07-01 15:57:18,468 

2015-07-01 15:57:18,900 Starting Training from 2015-01-01 to 2015-01-31
2015-07-01 16:11:07,404 Starting Training from 2015-02-01 to 2015-03-03
2015-07-01 16:12:32,927 Starting Live from 2015-03-04 to 2015-04-03
2015-07-01 16:13:44,753 Starting Training from 2015-03-04 to 2015-04-03
2015-07-01 16:14:01,781 Starting Live from 2015-02-01 to 2015-03-03
2015-07-01 16:15:03,462 Starting Live from 2015-04-04 to 2015-04-10
2015-07-01 16:17:03,313 Starting Q Learning for : 
2015-07-01 16:17:03,313 alpha = 0.5
2015-07-01 16:17:03,313 gamma = 0.6
2015-07-01 16:17:03,313 individual factor = 10
2015-07-01 16:17:03,313 zero range = 0.01
2015-07-01 16:17:03,313 greedy level = 5
2015-07-01 16:17:03,313 

2015-07-01 16:17:03,633 Starting Training from 2015-01-01 to 2015-01-31
2015-07-01 16:30:42,828 Starting Training from 2015-03-04 to 2015-04-03
2015-07-01 16:31:40,619 Starting Training from 2015-02-01 to 2015-03-03
2015-07-01 16:32:07,427 Starting Live from 2015-04-04 to 2015-04-10
2015-07-01 16:33:07,897 Starting Live from 2015-03-04 to 2015-04-03
2015-07-01 16:33:33,543 Starting Live from 2015-02-01 to 2015-03-03
2015-07-01 16:34:06,928 Starting Q Learning for : 
2015-07-01 16:34:06,928 alpha = 0.6
2015-07-01 16:34:06,928 gamma = 0.3
2015-07-01 16:34:06,928 individual factor = 10
2015-07-01 16:34:06,928 zero range = 0.006
2015-07-01 16:34:06,929 greedy level = 5
2015-07-01 16:34:06,929 

2015-07-01 16:34:07,536 Starting Training from 2015-01-01 to 2015-01-31
2015-07-01 16:50:57,419 Starting Live from 2015-02-01 to 2015-03-03
2015-07-01 16:51:02,701 Starting Training from 2015-03-04 to 2015-04-03
2015-07-01 16:51:36,132 Starting Training from 2015-02-01 to 2015-03-03
2015-07-01 16:52:26,400 Starting Live from 2015-04-04 to 2015-04-10
2015-07-01 16:53:05,722 Starting Live from 2015-03-04 to 2015-04-03
2015-07-01 16:54:57,298 Starting Q Learning for : 
2015-07-01 16:54:57,298 alpha = 0.8
2015-07-01 16:54:57,298 gamma = 0.5
2015-07-01 16:54:57,298 individual factor = 10
2015-07-01 16:54:57,299 zero range = 0.006
2015-07-01 16:54:57,299 greedy level = 5
2015-07-01 16:54:57,299 

2015-07-01 16:54:59,801 Starting Training from 2015-01-01 to 2015-01-31
2015-07-01 17:09:05,755 Starting Training from 2015-02-01 to 2015-03-03
2015-07-01 17:10:32,938 Starting Live from 2015-03-04 to 2015-04-03
2015-07-01 17:11:21,951 Starting Training from 2015-03-04 to 2015-04-03
2015-07-01 17:11:51,556 Starting Live from 2015-02-01 to 2015-03-03
2015-07-01 17:15:29,963 Starting Live from 2015-04-04 to 2015-04-10
2015-07-01 17:17:54,949 Starting Q Learning for : 
2015-07-01 17:17:54,949 alpha = 0.5
2015-07-01 17:17:54,949 gamma = 0.7
2015-07-01 17:17:54,949 individual factor = 10
2015-07-01 17:17:54,950 zero range = 0.01
2015-07-01 17:17:54,950 greedy level = 5
2015-07-01 17:17:54,950 

2015-07-01 17:17:55,499 Starting Training from 2015-01-01 to 2015-01-31
2015-07-01 17:28:28,813 Starting Training from 2015-03-04 to 2015-04-03
2015-07-01 17:29:45,018 Starting Training from 2015-02-01 to 2015-03-03
2015-07-01 17:31:48,583 Starting Live from 2015-04-04 to 2015-04-10
2015-07-01 17:33:23,178 Starting Live from 2015-03-04 to 2015-04-03
2015-07-01 17:34:26,972 Starting Live from 2015-02-01 to 2015-03-03
2015-07-01 17:34:45,901 Starting Q Learning for : 
2015-07-01 17:34:45,902 alpha = 0.6
2015-07-01 17:34:45,902 gamma = 0.4
2015-07-01 17:34:45,902 individual factor = 10
2015-07-01 17:34:45,902 zero range = 0.006
2015-07-01 17:34:45,902 greedy level = 5
2015-07-01 17:34:45,902 

2015-07-01 17:34:46,778 Starting Training from 2015-01-01 to 2015-01-31
2015-07-01 17:45:41,651 Starting Training from 2015-02-01 to 2015-03-03
2015-07-01 17:47:53,293 Starting Live from 2015-03-04 to 2015-04-03
2015-07-01 17:51:40,836 Starting Live from 2015-02-01 to 2015-03-03
2015-07-01 17:51:42,291 Starting Training from 2015-03-04 to 2015-04-03
2015-07-01 17:53:12,695 Starting Live from 2015-04-04 to 2015-04-10
2015-07-01 17:55:07,623 Starting Q Learning for : 
2015-07-01 17:55:07,623 alpha = 0.8
2015-07-01 17:55:07,623 gamma = 0.6
2015-07-01 17:55:07,623 individual factor = 10
2015-07-01 17:55:07,623 zero range = 0.006
2015-07-01 17:55:07,623 greedy level = 5
2015-07-01 17:55:07,623 

2015-07-01 17:55:09,025 Starting Training from 2015-01-01 to 2015-01-31
2015-07-01 17:57:52,619 Starting Training from 2015-03-04 to 2015-04-03
2015-07-01 18:05:44,594 Starting Live from 2015-04-04 to 2015-04-10
2015-07-01 18:08:49,009 Starting Q Learning for : 
2015-07-01 18:08:49,009 alpha = 0.5
2015-07-01 18:08:49,009 gamma = 0.8
2015-07-01 18:08:49,009 individual factor = 10
2015-07-01 18:08:49,009 zero range = 0.01
2015-07-01 18:08:49,009 greedy level = 5
2015-07-01 18:08:49,009 

2015-07-01 18:08:49,753 Starting Training from 2015-01-01 to 2015-01-31
2015-07-01 18:09:56,607 Starting Training from 2015-02-01 to 2015-03-03
2015-07-01 18:11:25,149 Starting Live from 2015-03-04 to 2015-04-03
2015-07-01 18:11:51,437 Starting Live from 2015-02-01 to 2015-03-03
2015-07-01 18:26:18,627 Starting Live from 2015-02-01 to 2015-03-03
2015-07-01 18:30:36,807 Starting Training from 2015-02-01 to 2015-03-03
2015-07-01 18:30:55,630 Starting Training from 2015-03-04 to 2015-04-03
2015-07-01 18:32:03,905 Starting Live from 2015-03-04 to 2015-04-03
2015-07-01 18:32:17,368 Starting Live from 2015-04-04 to 2015-04-10
2015-07-01 18:34:31,025 Starting Q Learning for : 
2015-07-01 18:34:31,025 alpha = 0.6
2015-07-01 18:34:31,025 gamma = 0.5
2015-07-01 18:34:31,025 individual factor = 10
2015-07-01 18:34:31,025 zero range = 0.006
2015-07-01 18:34:31,025 greedy level = 5
2015-07-01 18:34:31,026 

2015-07-01 18:34:31,873 Starting Training from 2015-01-01 to 2015-01-31
2015-07-01 18:35:34,695 Starting Training from 2015-02-01 to 2015-03-03
2015-07-01 18:37:01,249 Starting Live from 2015-03-04 to 2015-04-03
2015-07-01 18:44:43,818 Starting Training from 2015-03-04 to 2015-04-03
2015-07-01 18:50:54,629 Starting Training from 2015-03-04 to 2015-04-03
2015-07-01 18:51:31,803 Starting Live from 2015-02-01 to 2015-03-03
2015-07-01 18:52:16,466 Starting Live from 2015-04-04 to 2015-04-10
2015-07-01 18:53:58,040 Starting Live from 2015-04-04 to 2015-04-10
2015-07-01 18:54:38,519 Starting Q Learning for : 
2015-07-01 18:54:38,519 alpha = 0.8
2015-07-01 18:54:38,519 gamma = 0.7
2015-07-01 18:54:38,519 individual factor = 10
2015-07-01 18:54:38,519 zero range = 0.006
2015-07-01 18:54:38,519 greedy level = 5
2015-07-01 18:54:38,520 

2015-07-01 18:54:38,784 Starting Training from 2015-01-01 to 2015-01-31
2015-07-01 18:55:29,975 Starting Q Learning for : 
2015-07-01 18:55:29,975 alpha = 0.2
2015-07-01 18:55:29,976 gamma = 0.1
2015-07-01 18:55:29,976 individual factor = 10
2015-07-01 18:55:29,976 zero range = 0.01
2015-07-01 18:55:29,976 greedy level = 5
2015-07-01 18:55:29,976 

2015-07-01 18:55:30,288 Starting Training from 2015-01-01 to 2015-01-31
2015-07-01 19:09:52,944 Starting Training from 2015-02-01 to 2015-03-03
2015-07-01 19:11:20,042 Starting Live from 2015-03-04 to 2015-04-03
2015-07-01 19:11:53,949 Starting Live from 2015-02-01 to 2015-03-03
2015-07-01 19:12:23,769 Starting Live from 2015-02-01 to 2015-03-03
2015-07-01 19:24:59,843 Starting Training from 2015-02-01 to 2015-03-03
2015-07-01 19:26:33,958 Starting Live from 2015-03-04 to 2015-04-03
2015-07-01 19:30:43,845 Starting Training from 2015-03-04 to 2015-04-03
2015-07-01 19:34:05,113 Starting Training from 2015-02-01 to 2015-03-03
2015-07-01 19:37:32,791 Starting Live from 2015-04-04 to 2015-04-10
2015-07-01 19:40:26,868 Starting Live from 2015-03-04 to 2015-04-03
2015-07-01 19:42:11,875 Starting Q Learning for : 
2015-07-01 19:42:11,875 alpha = 0.6
2015-07-01 19:42:11,875 gamma = 0.6
2015-07-01 19:42:11,876 individual factor = 10
2015-07-01 19:42:11,876 zero range = 0.006
2015-07-01 19:42:11,876 greedy level = 5
2015-07-01 19:42:11,876 

2015-07-01 19:42:13,986 Starting Training from 2015-01-01 to 2015-01-31
2015-07-01 19:44:34,474 Starting Training from 2015-03-04 to 2015-04-03
2015-07-01 19:51:57,747 Starting Live from 2015-04-04 to 2015-04-10
2015-07-01 19:55:15,727 Starting Q Learning for : 
2015-07-01 19:55:15,727 alpha = 0.8
2015-07-01 19:55:15,728 gamma = 0.8
2015-07-01 19:55:15,728 individual factor = 10
2015-07-01 19:55:15,728 zero range = 0.006
2015-07-01 19:55:15,728 greedy level = 5
2015-07-01 19:55:15,728 

2015-07-01 19:55:16,101 Starting Training from 2015-01-01 to 2015-01-31
2015-07-01 19:58:58,040 Starting Live from 2015-02-01 to 2015-03-03
2015-07-01 19:59:43,785 Starting Training from 2015-03-04 to 2015-04-03
2015-07-01 20:01:09,713 Starting Live from 2015-04-04 to 2015-04-10
2015-07-01 20:03:31,909 Starting Q Learning for : 
2015-07-01 20:03:31,909 alpha = 0.2
2015-07-01 20:03:31,909 gamma = 0.2
2015-07-01 20:03:31,909 individual factor = 10
2015-07-01 20:03:31,909 zero range = 0.01
2015-07-01 20:03:31,909 greedy level = 5
2015-07-01 20:03:31,909 

2015-07-01 20:03:32,909 Starting Training from 2015-01-01 to 2015-01-31
2015-07-01 20:11:50,370 Starting Live from 2015-02-01 to 2015-03-03
2015-07-01 20:16:50,585 Starting Training from 2015-02-01 to 2015-03-03
2015-07-01 20:18:17,175 Starting Live from 2015-03-04 to 2015-04-03
2015-07-01 20:20:04,865 Starting Live from 2015-02-01 to 2015-03-03
2015-07-01 20:21:36,924 Starting Training from 2015-02-01 to 2015-03-03
2015-07-01 20:23:03,287 Starting Live from 2015-03-04 to 2015-04-03
2015-07-01 20:31:04,721 Starting Training from 2015-03-04 to 2015-04-03
2015-07-01 20:35:52,848 Starting Training from 2015-03-04 to 2015-04-03
2015-07-01 20:37:16,467 Starting Live from 2015-04-04 to 2015-04-10
2015-07-01 20:37:59,777 Starting Training from 2015-02-01 to 2015-03-03
2015-07-01 20:39:09,658 Starting Q Learning for : 
2015-07-01 20:39:09,658 alpha = 0.2
2015-07-01 20:39:09,659 gamma = 0.3
2015-07-01 20:39:09,659 individual factor = 10
2015-07-01 20:39:09,659 zero range = 0.01
2015-07-01 20:39:09,659 greedy level = 5
2015-07-01 20:39:09,659 

2015-07-01 20:39:10,702 Starting Training from 2015-01-01 to 2015-01-31
2015-07-01 20:39:27,131 Starting Live from 2015-04-04 to 2015-04-10
2015-07-01 20:39:27,566 Starting Live from 2015-03-04 to 2015-04-03
2015-07-01 20:40:47,367 Starting Q Learning for : 
2015-07-01 20:40:47,367 alpha = 0.4
2015-07-01 20:40:47,367 gamma = 0.5
2015-07-01 20:40:47,367 individual factor = 10
2015-07-01 20:40:47,367 zero range = 0.01
2015-07-01 20:40:47,367 greedy level = 5
2015-07-01 20:40:47,367 

2015-07-01 20:40:49,188 Starting Training from 2015-01-01 to 2015-01-31
2015-07-01 20:55:56,444 Starting Live from 2015-02-01 to 2015-03-03
2015-07-01 20:57:29,882 Starting Live from 2015-02-01 to 2015-03-03
2015-07-01 20:57:54,336 Starting Training from 2015-03-04 to 2015-04-03
2015-07-01 20:59:15,983 Starting Live from 2015-04-04 to 2015-04-10
2015-07-01 21:02:07,702 Starting Q Learning for : 
2015-07-01 21:02:07,702 alpha = 0.6
2015-07-01 21:02:07,703 gamma = 0.7
2015-07-01 21:02:07,703 individual factor = 10
2015-07-01 21:02:07,703 zero range = 0.01
2015-07-01 21:02:07,703 greedy level = 5
2015-07-01 21:02:07,703 

2015-07-01 21:02:08,986 Starting Training from 2015-01-01 to 2015-01-31
2015-07-01 21:13:59,760 Starting Training from 2015-02-01 to 2015-03-03
2015-07-01 21:15:19,980 Starting Training from 2015-02-01 to 2015-03-03
2015-07-01 21:15:28,964 Starting Live from 2015-03-04 to 2015-04-03
2015-07-01 21:16:46,949 Starting Live from 2015-03-04 to 2015-04-03
2015-07-01 21:18:15,331 Starting Live from 2015-02-01 to 2015-03-03
2015-07-01 21:31:39,059 Starting Training from 2015-02-01 to 2015-03-03
2015-07-01 21:33:07,853 Starting Live from 2015-03-04 to 2015-04-03
2015-07-01 21:33:34,276 Starting Training from 2015-03-04 to 2015-04-03
2015-07-01 21:34:32,482 Starting Training from 2015-03-04 to 2015-04-03
2015-07-01 21:35:20,287 Starting Live from 2015-04-04 to 2015-04-10
2015-07-01 21:36:54,337 Starting Live from 2015-04-04 to 2015-04-10
2015-07-01 21:39:10,650 Starting Q Learning for : 
2015-07-01 21:39:10,651 alpha = 0.2
2015-07-01 21:39:10,651 gamma = 0.4
2015-07-01 21:39:10,651 individual factor = 10
2015-07-01 21:39:10,651 zero range = 0.01
2015-07-01 21:39:10,651 greedy level = 5
2015-07-01 21:39:10,651 

2015-07-01 21:39:11,756 Starting Training from 2015-01-01 to 2015-01-31
2015-07-01 21:40:40,526 Starting Q Learning for : 
2015-07-01 21:40:40,526 alpha = 0.4
2015-07-01 21:40:40,526 gamma = 0.6
2015-07-01 21:40:40,526 individual factor = 10
2015-07-01 21:40:40,527 zero range = 0.01
2015-07-01 21:40:40,527 greedy level = 5
2015-07-01 21:40:40,527 

2015-07-01 21:40:40,913 Starting Training from 2015-01-01 to 2015-01-31
2015-07-01 21:45:07,316 Starting Training from 2015-03-04 to 2015-04-03
2015-07-01 21:51:31,366 Starting Live from 2015-04-04 to 2015-04-10
2015-07-01 21:53:22,610 Starting Q Learning for : 
2015-07-01 21:53:22,610 alpha = 0.6
2015-07-01 21:53:22,610 gamma = 0.8
2015-07-01 21:53:22,610 individual factor = 10
2015-07-01 21:53:22,610 zero range = 0.01
2015-07-01 21:53:22,610 greedy level = 5
2015-07-01 21:53:22,611 

2015-07-01 21:53:23,354 Starting Training from 2015-01-01 to 2015-01-31
2015-07-01 21:56:20,116 Starting Live from 2015-02-01 to 2015-03-03
2015-07-01 21:58:02,701 Starting Live from 2015-02-01 to 2015-03-03
2015-07-01 22:10:10,517 Starting Live from 2015-02-01 to 2015-03-03
2015-07-01 22:14:30,271 Starting Training from 2015-02-01 to 2015-03-03
2015-07-01 22:15:43,566 Starting Training from 2015-02-01 to 2015-03-03
2015-07-01 22:16:17,616 Starting Live from 2015-03-04 to 2015-04-03
2015-07-01 22:17:16,282 Starting Live from 2015-03-04 to 2015-04-03
2015-07-01 22:20:50,961 Starting Training from 2015-02-01 to 2015-03-03
2015-07-01 22:22:17,395 Starting Live from 2015-03-04 to 2015-04-03
2015-07-01 22:27:29,406 Starting Training from 2015-03-04 to 2015-04-03
2015-07-01 22:34:28,332 Starting Training from 2015-03-04 to 2015-04-03
2015-07-01 22:34:45,096 Starting Training from 2015-03-04 to 2015-04-03
2015-07-01 22:36:00,002 Starting Live from 2015-04-04 to 2015-04-10
2015-07-01 22:36:19,475 Starting Live from 2015-04-04 to 2015-04-10
2015-07-01 22:37:54,823 Starting Q Learning for : 
2015-07-01 22:37:54,823 alpha = 0.2
2015-07-01 22:37:54,823 gamma = 0.5
2015-07-01 22:37:54,823 individual factor = 10
2015-07-01 22:37:54,823 zero range = 0.01
2015-07-01 22:37:54,823 greedy level = 5
2015-07-01 22:37:54,823 

2015-07-01 22:37:57,033 Starting Training from 2015-01-01 to 2015-01-31
2015-07-01 22:38:01,836 Starting Q Learning for : 
2015-07-01 22:38:01,837 alpha = 0.4
2015-07-01 22:38:01,837 gamma = 0.7
2015-07-01 22:38:01,837 individual factor = 10
2015-07-01 22:38:01,837 zero range = 0.01
2015-07-01 22:38:01,837 greedy level = 5
2015-07-01 22:38:01,837 

2015-07-01 22:38:02,616 Starting Training from 2015-01-01 to 2015-01-31
2015-07-01 22:39:22,246 Starting Live from 2015-04-04 to 2015-04-10
2015-07-01 22:40:51,871 Starting Q Learning for : 
2015-07-01 22:40:51,871 alpha = 0.8
2015-07-01 22:40:51,871 gamma = 0.1
2015-07-01 22:40:51,871 individual factor = 10
2015-07-01 22:40:51,871 zero range = 0.01
2015-07-01 22:40:51,871 greedy level = 5
2015-07-01 22:40:51,871 

2015-07-01 22:40:52,570 Starting Training from 2015-01-01 to 2015-01-31
2015-07-01 23:00:59,803 Starting Live from 2015-02-01 to 2015-03-03
2015-07-01 23:01:05,981 Starting Live from 2015-02-01 to 2015-03-03
2015-07-01 23:04:06,918 Starting Live from 2015-02-01 to 2015-03-03
2015-07-01 23:15:29,427 Starting Training from 2015-02-01 to 2015-03-03
2015-07-01 23:17:03,489 Starting Live from 2015-03-04 to 2015-04-03
2015-07-01 23:20:44,445 Starting Training from 2015-02-01 to 2015-03-03
2015-07-01 23:22:51,786 Starting Live from 2015-03-04 to 2015-04-03
2015-07-01 23:24:49,992 Starting Training from 2015-02-01 to 2015-03-03
2015-07-01 23:27:06,475 Starting Live from 2015-03-04 to 2015-04-03
2015-07-01 23:29:04,645 Starting Training from 2015-03-04 to 2015-04-03
2015-07-01 23:36:44,022 Starting Live from 2015-04-04 to 2015-04-10
2015-07-01 23:38:36,071 Starting Q Learning for : 
2015-07-01 23:38:36,071 alpha = 0.4
2015-07-01 23:38:36,071 gamma = 0.8
2015-07-01 23:38:36,071 individual factor = 10
2015-07-01 23:38:36,071 zero range = 0.01
2015-07-01 23:38:36,071 greedy level = 5
2015-07-01 23:38:36,071 

2015-07-01 23:38:36,845 Starting Training from 2015-01-01 to 2015-01-31
2015-07-01 23:43:46,644 Starting Training from 2015-03-04 to 2015-04-03
2015-07-01 23:45:20,607 Starting Live from 2015-04-04 to 2015-04-10
2015-07-01 23:46:03,664 Starting Training from 2015-03-04 to 2015-04-03
2015-07-01 23:47:27,734 Starting Q Learning for : 
2015-07-01 23:47:27,734 alpha = 0.2
2015-07-01 23:47:27,734 gamma = 0.6
2015-07-01 23:47:27,734 individual factor = 10
2015-07-01 23:47:27,734 zero range = 0.01
2015-07-01 23:47:27,734 greedy level = 5
2015-07-01 23:47:27,734 

2015-07-01 23:47:28,296 Starting Training from 2015-01-01 to 2015-01-31
2015-07-01 23:48:01,328 Starting Live from 2015-04-04 to 2015-04-10
2015-07-01 23:50:16,270 Starting Q Learning for : 
2015-07-01 23:50:16,270 alpha = 0.8
2015-07-01 23:50:16,270 gamma = 0.2
2015-07-01 23:50:16,270 individual factor = 10
2015-07-01 23:50:16,270 zero range = 0.01
2015-07-01 23:50:16,270 greedy level = 5
2015-07-01 23:50:16,270 

2015-07-01 23:50:16,777 Starting Training from 2015-01-01 to 2015-01-31
2015-07-01 23:57:05,242 Starting Live from 2015-02-01 to 2015-03-03
2015-07-02 00:06:06,379 Starting Live from 2015-02-01 to 2015-03-03
2015-07-02 00:08:57,237 Starting Live from 2015-02-01 to 2015-03-03
2015-07-02 00:09:11,470 Starting Training from 2015-02-01 to 2015-03-03
2015-07-02 00:10:45,817 Starting Live from 2015-03-04 to 2015-04-03
2015-07-02 00:18:48,145 Starting Training from 2015-03-04 to 2015-04-03
2015-07-02 00:26:33,798 Starting Training from 2015-02-01 to 2015-03-03
2015-07-02 00:28:10,858 Starting Live from 2015-03-04 to 2015-04-03
2015-07-02 00:29:47,640 Starting Training from 2015-02-01 to 2015-03-03
2015-07-02 00:30:35,999 Starting Live from 2015-04-04 to 2015-04-10
2015-07-02 00:31:41,633 Starting Live from 2015-03-04 to 2015-04-03
2015-07-02 00:33:05,206 Starting Q Learning for : 
2015-07-02 00:33:05,206 alpha = 0.6
2015-07-02 00:33:05,206 gamma = 0.1
2015-07-02 00:33:05,206 individual factor = 10
2015-07-02 00:33:05,207 zero range = 0.01
2015-07-02 00:33:05,207 greedy level = 5
2015-07-02 00:33:05,207 

2015-07-02 00:33:08,261 Starting Training from 2015-01-01 to 2015-01-31
2015-07-02 00:48:18,396 Starting Training from 2015-03-04 to 2015-04-03
2015-07-02 00:52:34,991 Starting Live from 2015-04-04 to 2015-04-10
2015-07-02 00:52:56,449 Starting Live from 2015-02-01 to 2015-03-03
2015-07-02 00:53:51,097 Starting Training from 2015-03-04 to 2015-04-03
2015-07-02 00:54:57,560 Starting Q Learning for : 
2015-07-02 00:54:57,560 alpha = 0.2
2015-07-02 00:54:57,560 gamma = 0.7
2015-07-02 00:54:57,560 individual factor = 10
2015-07-02 00:54:57,560 zero range = 0.01
2015-07-02 00:54:57,560 greedy level = 5
2015-07-02 00:54:57,560 

2015-07-02 00:54:58,458 Starting Training from 2015-01-01 to 2015-01-31
2015-07-02 00:55:18,652 Starting Live from 2015-04-04 to 2015-04-10
2015-07-02 00:57:39,861 Starting Q Learning for : 
2015-07-02 00:57:39,861 alpha = 0.8
2015-07-02 00:57:39,861 gamma = 0.3
2015-07-02 00:57:39,861 individual factor = 10
2015-07-02 00:57:39,861 zero range = 0.01
2015-07-02 00:57:39,861 greedy level = 5
2015-07-02 00:57:39,861 

2015-07-02 00:57:40,815 Starting Training from 2015-01-01 to 2015-01-31
2015-07-02 01:12:53,814 Starting Training from 2015-02-01 to 2015-03-03
2015-07-02 01:13:30,813 Starting Live from 2015-02-01 to 2015-03-03
2015-07-02 01:14:26,006 Starting Live from 2015-03-04 to 2015-04-03
2015-07-02 01:16:17,221 Starting Live from 2015-02-01 to 2015-03-03
2015-07-02 01:29:15,758 Starting Training from 2015-02-01 to 2015-03-03
2015-07-02 01:30:55,946 Starting Live from 2015-03-04 to 2015-04-03
2015-07-02 01:35:12,527 Starting Training from 2015-03-04 to 2015-04-03
2015-07-02 01:36:12,805 Starting Training from 2015-02-01 to 2015-03-03
2015-07-02 01:36:44,032 Starting Live from 2015-04-04 to 2015-04-10
2015-07-02 01:37:52,592 Starting Live from 2015-03-04 to 2015-04-03
2015-07-02 01:39:07,824 Starting Q Learning for : 
2015-07-02 01:39:07,824 alpha = 0.6
2015-07-02 01:39:07,824 gamma = 0.2
2015-07-02 01:39:07,824 individual factor = 10
2015-07-02 01:39:07,824 zero range = 0.01
2015-07-02 01:39:07,824 greedy level = 5
2015-07-02 01:39:07,824 

2015-07-02 01:39:08,909 Starting Training from 2015-01-01 to 2015-01-31
2015-07-02 01:43:09,545 Starting Training from 2015-03-04 to 2015-04-03
2015-07-02 01:49:47,932 Starting Live from 2015-04-04 to 2015-04-10
2015-07-02 01:51:03,102 Starting Q Learning for : 
2015-07-02 01:51:03,102 alpha = 0.2
2015-07-02 01:51:03,102 gamma = 0.8
2015-07-02 01:51:03,102 individual factor = 10
2015-07-02 01:51:03,102 zero range = 0.01
2015-07-02 01:51:03,102 greedy level = 5
2015-07-02 01:51:03,102 

2015-07-02 01:51:03,422 Starting Training from 2015-01-01 to 2015-01-31
2015-07-02 01:57:13,707 Starting Live from 2015-02-01 to 2015-03-03
2015-07-02 01:57:57,372 Starting Training from 2015-03-04 to 2015-04-03
2015-07-02 02:02:03,081 Starting Live from 2015-04-04 to 2015-04-10
2015-07-02 02:04:36,394 Starting Q Learning for : 
2015-07-02 02:04:36,394 alpha = 0.8
2015-07-02 02:04:36,394 gamma = 0.4
2015-07-02 02:04:36,394 individual factor = 10
2015-07-02 02:04:36,394 zero range = 0.01
2015-07-02 02:04:36,394 greedy level = 5
2015-07-02 02:04:36,394 

2015-07-02 02:04:36,817 Starting Training from 2015-01-01 to 2015-01-31
2015-07-02 02:09:06,001 Starting Live from 2015-02-01 to 2015-03-03
2015-07-02 02:16:22,629 Starting Training from 2015-02-01 to 2015-03-03
2015-07-02 02:19:58,487 Starting Live from 2015-03-04 to 2015-04-03
2015-07-02 02:20:55,743 Starting Training from 2015-02-01 to 2015-03-03
2015-07-02 02:22:30,171 Starting Live from 2015-02-01 to 2015-03-03
2015-07-02 02:22:33,572 Starting Live from 2015-03-04 to 2015-04-03
2015-07-02 02:28:25,915 Starting Training from 2015-03-04 to 2015-04-03
2015-07-02 02:39:03,356 Starting Training from 2015-03-04 to 2015-04-03
2015-07-02 02:40:23,310 Starting Live from 2015-04-04 to 2015-04-10
2015-07-02 02:40:37,827 Starting Live from 2015-04-04 to 2015-04-10
2015-07-02 02:41:46,420 Starting Training from 2015-02-01 to 2015-03-03
2015-07-02 02:41:46,850 Starting Q Learning for : 
2015-07-02 02:41:46,850 alpha = 0.4
2015-07-02 02:41:46,850 gamma = 0.1
2015-07-02 02:41:46,850 individual factor = 10
2015-07-02 02:41:46,851 zero range = 0.01
2015-07-02 02:41:46,851 greedy level = 5
2015-07-02 02:41:46,851 

2015-07-02 02:41:47,498 Starting Training from 2015-01-01 to 2015-01-31
2015-07-02 02:42:58,583 Starting Q Learning for : 
2015-07-02 02:42:58,583 alpha = 0.6
2015-07-02 02:42:58,583 gamma = 0.3
2015-07-02 02:42:58,583 individual factor = 10
2015-07-02 02:42:58,583 zero range = 0.01
2015-07-02 02:42:58,583 greedy level = 5
2015-07-02 02:42:58,583 

2015-07-02 02:42:59,341 Starting Training from 2015-01-01 to 2015-01-31
2015-07-02 02:43:20,905 Starting Live from 2015-03-04 to 2015-04-03
2015-07-02 03:00:36,695 Starting Live from 2015-02-01 to 2015-03-03
2015-07-02 03:02:00,295 Starting Live from 2015-02-01 to 2015-03-03
2015-07-02 03:04:06,558 Starting Training from 2015-03-04 to 2015-04-03
2015-07-02 03:07:04,741 Starting Live from 2015-04-04 to 2015-04-10
2015-07-02 03:09:57,289 Starting Q Learning for : 
2015-07-02 03:09:57,289 alpha = 0.8
2015-07-02 03:09:57,289 gamma = 0.5
2015-07-02 03:09:57,289 individual factor = 10
2015-07-02 03:09:57,289 zero range = 0.01
2015-07-02 03:09:57,289 greedy level = 5
2015-07-02 03:09:57,289 

2015-07-02 03:09:57,816 Starting Training from 2015-01-01 to 2015-01-31
2015-07-02 03:20:18,417 Starting Training from 2015-02-01 to 2015-03-03
2015-07-02 03:22:14,992 Starting Training from 2015-02-01 to 2015-03-03
2015-07-02 03:23:33,951 Starting Live from 2015-03-04 to 2015-04-03
2015-07-02 03:25:24,332 Starting Live from 2015-03-04 to 2015-04-03
2015-07-02 03:27:53,599 Starting Live from 2015-02-01 to 2015-03-03
2015-07-02 03:42:51,201 Starting Training from 2015-03-04 to 2015-04-03
2015-07-02 03:44:25,583 Starting Live from 2015-04-04 to 2015-04-10
2015-07-02 03:44:45,740 Starting Training from 2015-03-04 to 2015-04-03
2015-07-02 03:46:10,725 Starting Live from 2015-04-04 to 2015-04-10
2015-07-02 03:46:19,442 Starting Training from 2015-02-01 to 2015-03-03
2015-07-02 03:46:33,351 Starting Q Learning for : 
2015-07-02 03:46:33,351 alpha = 0.4
2015-07-02 03:46:33,351 gamma = 0.2
2015-07-02 03:46:33,351 individual factor = 10
2015-07-02 03:46:33,351 zero range = 0.01
2015-07-02 03:46:33,351 greedy level = 5
2015-07-02 03:46:33,351 

2015-07-02 03:46:34,365 Starting Training from 2015-01-01 to 2015-01-31
2015-07-02 03:47:50,661 Starting Live from 2015-03-04 to 2015-04-03
2015-07-02 03:48:13,822 Starting Q Learning for : 
2015-07-02 03:48:13,822 alpha = 0.6
2015-07-02 03:48:13,822 gamma = 0.4
2015-07-02 03:48:13,822 individual factor = 10
2015-07-02 03:48:13,822 zero range = 0.01
2015-07-02 03:48:13,822 greedy level = 5
2015-07-02 03:48:13,822 

2015-07-02 03:48:14,705 Starting Training from 2015-01-01 to 2015-01-31
2015-07-02 04:03:40,479 Starting Live from 2015-02-01 to 2015-03-03
2015-07-02 04:05:24,475 Starting Live from 2015-02-01 to 2015-03-03
2015-07-02 04:05:28,861 Starting Training from 2015-03-04 to 2015-04-03
2015-07-02 04:07:46,967 Starting Live from 2015-04-04 to 2015-04-10
2015-07-02 04:10:11,798 Starting Q Learning for : 
2015-07-02 04:10:11,798 alpha = 0.8
2015-07-02 04:10:11,798 gamma = 0.6
2015-07-02 04:10:11,798 individual factor = 10
2015-07-02 04:10:11,798 zero range = 0.01
2015-07-02 04:10:11,798 greedy level = 5
2015-07-02 04:10:11,798 

2015-07-02 04:10:12,491 Starting Training from 2015-01-01 to 2015-01-31
2015-07-02 04:22:03,239 Starting Training from 2015-02-01 to 2015-03-03
2015-07-02 04:23:19,605 Starting Training from 2015-02-01 to 2015-03-03
2015-07-02 04:23:30,345 Starting Live from 2015-03-04 to 2015-04-03
2015-07-02 04:24:48,321 Starting Live from 2015-03-04 to 2015-04-03
2015-07-02 04:27:10,385 Starting Live from 2015-02-01 to 2015-03-03
2015-07-02 04:42:03,019 Starting Training from 2015-03-04 to 2015-04-03
2015-07-02 04:42:56,451 Starting Training from 2015-03-04 to 2015-04-03
2015-07-02 04:43:21,682 Starting Live from 2015-04-04 to 2015-04-10
2015-07-02 04:44:17,629 Starting Live from 2015-04-04 to 2015-04-10
2015-07-02 04:44:47,847 Starting Training from 2015-02-01 to 2015-03-03
2015-07-02 04:45:33,836 Starting Q Learning for : 
2015-07-02 04:45:33,836 alpha = 0.4
2015-07-02 04:45:33,836 gamma = 0.3
2015-07-02 04:45:33,836 individual factor = 10
2015-07-02 04:45:33,836 zero range = 0.01
2015-07-02 04:45:33,836 greedy level = 5
2015-07-02 04:45:33,836 

2015-07-02 04:45:34,832 Starting Training from 2015-01-01 to 2015-01-31
2015-07-02 04:46:15,474 Starting Live from 2015-03-04 to 2015-04-03
2015-07-02 04:46:26,138 Starting Q Learning for : 
2015-07-02 04:46:26,138 alpha = 0.6
2015-07-02 04:46:26,139 gamma = 0.5
2015-07-02 04:46:26,139 individual factor = 10
2015-07-02 04:46:26,139 zero range = 0.01
2015-07-02 04:46:26,139 greedy level = 5
2015-07-02 04:46:26,139 

2015-07-02 04:46:26,843 Starting Training from 2015-01-01 to 2015-01-31
2015-07-02 05:01:41,770 Starting Live from 2015-02-01 to 2015-03-03
2015-07-02 05:02:43,291 Starting Live from 2015-02-01 to 2015-03-03
2015-07-02 05:04:06,007 Starting Training from 2015-03-04 to 2015-04-03
2015-07-02 05:05:38,318 Starting Live from 2015-04-04 to 2015-04-10
2015-07-02 05:09:32,696 Starting Q Learning for : 
2015-07-02 05:09:32,696 alpha = 0.8
2015-07-02 05:09:32,696 gamma = 0.7
2015-07-02 05:09:32,696 individual factor = 10
2015-07-02 05:09:32,696 zero range = 0.01
2015-07-02 05:09:32,696 greedy level = 5
2015-07-02 05:09:32,696 

2015-07-02 05:09:34,082 Starting Training from 2015-01-01 to 2015-01-31
2015-07-02 05:19:08,063 Starting Training from 2015-02-01 to 2015-03-03
2015-07-02 05:20:12,654 Starting Training from 2015-02-01 to 2015-03-03
2015-07-02 05:20:30,621 Starting Live from 2015-03-04 to 2015-04-03
2015-07-02 05:21:33,377 Starting Live from 2015-03-04 to 2015-04-03
2015-07-02 05:24:06,584 Starting Live from 2015-02-01 to 2015-03-03
2015-07-02 05:36:23,377 Starting Training from 2015-02-01 to 2015-03-03
2015-07-02 05:36:50,408 Starting Training from 2015-03-04 to 2015-04-03
2015-07-02 05:37:00,527 Starting Training from 2015-03-04 to 2015-04-03
2015-07-02 05:37:41,790 Starting Live from 2015-03-04 to 2015-04-03
2015-07-02 05:38:03,902 Starting Live from 2015-04-04 to 2015-04-10
2015-07-02 05:38:46,271 Starting Live from 2015-04-04 to 2015-04-10
2015-07-02 05:39:49,949 Starting Q Learning for : 
2015-07-02 05:39:49,949 alpha = 0.4
2015-07-02 05:39:49,949 gamma = 0.4
2015-07-02 05:39:49,949 individual factor = 10
2015-07-02 05:39:49,949 zero range = 0.01
2015-07-02 05:39:49,949 greedy level = 5
2015-07-02 05:39:49,949 

2015-07-02 05:39:50,737 Starting Training from 2015-01-01 to 2015-01-31
2015-07-02 05:40:31,612 Starting Q Learning for : 
2015-07-02 05:40:31,612 alpha = 0.6
2015-07-02 05:40:31,612 gamma = 0.6
2015-07-02 05:40:31,612 individual factor = 10
2015-07-02 05:40:31,612 zero range = 0.01
2015-07-02 05:40:31,612 greedy level = 5
2015-07-02 05:40:31,613 

2015-07-02 05:40:32,338 Starting Training from 2015-01-01 to 2015-01-31
2015-07-02 05:48:02,845 Starting Training from 2015-03-04 to 2015-04-03
2015-07-02 05:53:44,488 Starting Live from 2015-04-04 to 2015-04-10
2015-07-02 05:54:54,912 Starting Q Learning for : 
2015-07-02 05:54:54,913 alpha = 0.8
2015-07-02 05:54:54,913 gamma = 0.8
2015-07-02 05:54:54,913 individual factor = 10
2015-07-02 05:54:54,913 zero range = 0.01
2015-07-02 05:54:54,913 greedy level = 5
2015-07-02 05:54:54,913 

2015-07-02 05:54:55,446 Starting Training from 2015-01-01 to 2015-01-31
2015-07-02 05:55:16,919 Starting Live from 2015-02-01 to 2015-03-03
2015-07-02 05:56:06,829 Starting Live from 2015-02-01 to 2015-03-03
2015-07-02 06:10:22,904 Starting Live from 2015-02-01 to 2015-03-03
2015-07-02 06:11:44,897 Starting Training from 2015-02-01 to 2015-03-03
2015-07-02 06:12:14,400 Starting Training from 2015-02-01 to 2015-03-03
2015-07-02 06:13:05,601 Starting Live from 2015-03-04 to 2015-04-03
2015-07-02 06:13:34,900 Starting Live from 2015-03-04 to 2015-04-03
2015-07-02 06:20:57,565 Starting Training from 2015-02-01 to 2015-03-03
2015-07-02 06:22:38,610 Starting Live from 2015-03-04 to 2015-04-03
2015-07-02 06:27:42,017 Starting Training from 2015-03-04 to 2015-04-03
2015-07-02 06:29:03,618 Starting Training from 2015-03-04 to 2015-04-03
2015-07-02 06:29:19,248 Starting Training from 2015-03-04 to 2015-04-03
2015-07-02 06:31:20,747 Starting Live from 2015-04-04 to 2015-04-10
2015-07-02 06:31:38,819 Starting Live from 2015-04-04 to 2015-04-10
2015-07-02 06:36:32,902 Starting Live from 2015-04-04 to 2015-04-10
