2015-06-24 01:32:54,299 Starting Q Learning for : 
2015-06-24 01:32:54,299 alpha = 0.5
2015-06-24 01:32:54,299 gamma = 0.1
2015-06-24 01:32:54,299 individual factor = 12
2015-06-24 01:32:54,299 zero range = 0.01
2015-06-24 01:32:54,299 greedy level = 10
2015-06-24 01:32:54,299 

2015-06-24 01:33:02,210 Starting Training from 2014-12-17 to 2015-01-01
2015-06-24 01:44:05,635 Starting Live from 2015-01-02 to 2015-02-01
2015-06-24 02:10:54,934 Starting Training from 2015-01-17 to 2015-02-01
2015-06-24 02:12:18,582 Starting Live from 2015-02-02 to 2015-03-04
2015-06-24 02:37:22,372 Starting Training from 2015-02-17 to 2015-03-04
2015-06-24 02:38:59,444 Starting Live from 2015-03-05 to 2015-04-04
2015-06-24 03:03:35,724 Starting Training from 2015-03-20 to 2015-04-04
2015-06-24 03:05:17,470 Starting Live from 2015-04-05 to 2015-04-10
2015-06-24 03:13:03,966 Starting Q Learning for : 
2015-06-24 03:13:03,966 alpha = 0.5
2015-06-24 03:13:03,966 gamma = 0.2
2015-06-24 03:13:03,966 individual factor = 12
2015-06-24 03:13:03,966 zero range = 0.01
2015-06-24 03:13:03,966 greedy level = 10
2015-06-24 03:13:03,966 

2015-06-24 03:13:09,167 Starting Training from 2014-12-17 to 2015-01-01
2015-06-24 03:23:13,352 Starting Live from 2015-01-02 to 2015-02-01
2015-06-24 03:47:25,232 Starting Training from 2015-01-17 to 2015-02-01
2015-06-24 03:48:46,569 Starting Live from 2015-02-02 to 2015-03-04
2015-06-24 04:13:00,803 Starting Training from 2015-02-17 to 2015-03-04
2015-06-24 04:14:58,986 Starting Live from 2015-03-05 to 2015-04-04
2015-06-24 04:38:44,362 Starting Training from 2015-03-20 to 2015-04-04
2015-06-24 04:40:15,644 Starting Live from 2015-04-05 to 2015-04-10
2015-06-24 04:47:00,082 Starting Q Learning for : 
2015-06-24 04:47:00,082 alpha = 0.5
2015-06-24 04:47:00,082 gamma = 0.3
2015-06-24 04:47:00,082 individual factor = 12
2015-06-24 04:47:00,082 zero range = 0.01
2015-06-24 04:47:00,082 greedy level = 10
2015-06-24 04:47:00,082 

2015-06-24 04:47:05,046 Starting Training from 2014-12-17 to 2015-01-01
2015-06-24 04:57:41,664 Starting Live from 2015-01-02 to 2015-02-01
2015-06-24 05:22:27,424 Starting Training from 2015-01-17 to 2015-02-01
2015-06-24 05:24:01,700 Starting Live from 2015-02-02 to 2015-03-04
2015-06-24 05:47:55,619 Starting Training from 2015-02-17 to 2015-03-04
2015-06-24 05:49:35,611 Starting Live from 2015-03-05 to 2015-04-04
2015-06-24 06:12:15,575 Starting Training from 2015-03-20 to 2015-04-04
2015-06-24 06:13:57,253 Starting Live from 2015-04-05 to 2015-04-10
2015-06-24 06:21:08,332 Starting Q Learning for : 
2015-06-24 06:21:08,332 alpha = 0.5
2015-06-24 06:21:08,332 gamma = 0.4
2015-06-24 06:21:08,332 individual factor = 12
2015-06-24 06:21:08,332 zero range = 0.01
2015-06-24 06:21:08,332 greedy level = 10
2015-06-24 06:21:08,332 

2015-06-24 06:21:13,338 Starting Training from 2014-12-17 to 2015-01-01
2015-06-24 06:31:26,385 Starting Live from 2015-01-02 to 2015-02-01
2015-06-24 06:57:11,953 Starting Training from 2015-01-17 to 2015-02-01
2015-06-24 06:58:34,775 Starting Live from 2015-02-02 to 2015-03-04
2015-06-24 07:23:25,637 Starting Training from 2015-02-17 to 2015-03-04
2015-06-24 07:25:12,642 Starting Live from 2015-03-05 to 2015-04-04
2015-06-24 07:48:15,193 Starting Training from 2015-03-20 to 2015-04-04
2015-06-24 07:50:07,005 Starting Live from 2015-04-05 to 2015-04-10
2015-06-24 07:57:46,095 Starting Q Learning for : 
2015-06-24 07:57:46,095 alpha = 0.5
2015-06-24 07:57:46,095 gamma = 0.5
2015-06-24 07:57:46,095 individual factor = 12
2015-06-24 07:57:46,095 zero range = 0.01
2015-06-24 07:57:46,095 greedy level = 10
2015-06-24 07:57:46,095 

2015-06-24 07:57:53,171 Starting Training from 2014-12-17 to 2015-01-01
2015-06-24 08:08:33,546 Starting Live from 2015-01-02 to 2015-02-01
2015-06-24 08:32:40,845 Starting Training from 2015-01-17 to 2015-02-01
2015-06-24 08:34:06,628 Starting Live from 2015-02-02 to 2015-03-04
2015-06-24 08:56:39,532 Starting Training from 2015-02-17 to 2015-03-04
2015-06-24 08:58:47,937 Starting Live from 2015-03-05 to 2015-04-04
2015-06-24 09:22:49,545 Starting Training from 2015-03-20 to 2015-04-04
2015-06-24 09:24:25,269 Starting Live from 2015-04-05 to 2015-04-10
2015-06-24 09:32:30,578 Starting Q Learning for : 
2015-06-24 09:32:30,578 alpha = 0.6
2015-06-24 09:32:30,578 gamma = 0.8
2015-06-24 09:32:30,578 individual factor = 12
2015-06-24 09:32:30,578 zero range = 0.01
2015-06-24 09:32:30,578 greedy level = 10
2015-06-24 09:32:30,578 

2015-06-24 09:32:35,598 Starting Training from 2014-12-17 to 2015-01-01
2015-06-24 09:42:40,529 Starting Live from 2015-01-02 to 2015-02-01
2015-06-24 09:57:43,693 Starting Training from 2015-01-17 to 2015-02-01
2015-06-24 09:59:15,457 Starting Live from 2015-02-02 to 2015-03-04
2015-06-24 10:03:19,680 Starting Training from 2015-02-17 to 2015-03-04
2015-06-24 10:11:09,835 Starting Live from 2015-03-05 to 2015-04-04
2015-06-24 10:23:12,273 Starting Training from 2015-03-20 to 2015-04-04
2015-06-24 10:26:05,628 Starting Live from 2015-04-05 to 2015-04-10
2015-06-24 10:27:57,342 Starting Q Learning for : 
2015-06-24 10:27:57,342 alpha = 0.4
2015-06-24 10:27:57,342 gamma = 0.1
2015-06-24 10:27:57,342 individual factor = 12
2015-06-24 10:27:57,342 zero range = 0.01
2015-06-24 10:27:57,342 greedy level = 10
2015-06-24 10:27:57,342 

2015-06-24 10:28:02,924 Starting Training from 2014-12-17 to 2015-01-01
2015-06-24 10:38:39,697 Starting Live from 2015-01-02 to 2015-02-01
2015-06-24 11:03:01,446 Starting Training from 2015-01-17 to 2015-02-01
2015-06-24 11:04:20,105 Starting Live from 2015-02-02 to 2015-03-04
2015-06-24 11:26:36,342 Starting Training from 2015-02-17 to 2015-03-04
2015-06-24 11:28:39,354 Starting Live from 2015-03-05 to 2015-04-04
2015-06-24 11:50:47,658 Starting Training from 2015-03-20 to 2015-04-04
2015-06-24 11:52:32,614 Starting Live from 2015-04-05 to 2015-04-10
2015-06-24 11:59:49,627 Starting Q Learning for : 
2015-06-24 11:59:49,627 alpha = 0.4
2015-06-24 11:59:49,627 gamma = 0.2
2015-06-24 11:59:49,627 individual factor = 12
2015-06-24 11:59:49,627 zero range = 0.01
2015-06-24 11:59:49,627 greedy level = 10
2015-06-24 11:59:49,627 

2015-06-24 11:59:55,743 Starting Training from 2014-12-17 to 2015-01-01
2015-06-24 12:10:10,767 Starting Live from 2015-01-02 to 2015-02-01
2015-06-24 12:36:31,122 Starting Training from 2015-01-17 to 2015-02-01
2015-06-24 12:38:03,232 Starting Live from 2015-02-02 to 2015-03-04
2015-06-24 13:06:09,522 Starting Training from 2015-02-17 to 2015-03-04
2015-06-24 13:07:50,980 Starting Live from 2015-03-05 to 2015-04-04
2015-06-24 13:35:09,206 Starting Training from 2015-03-20 to 2015-04-04
2015-06-24 13:37:18,923 Starting Live from 2015-04-05 to 2015-04-10
2015-06-24 13:46:47,246 Starting Q Learning for : 
2015-06-24 13:46:47,246 alpha = 0.4
2015-06-24 13:46:47,246 gamma = 0.3
2015-06-24 13:46:47,246 individual factor = 12
2015-06-24 13:46:47,246 zero range = 0.01
2015-06-24 13:46:47,246 greedy level = 10
2015-06-24 13:46:47,246 

2015-06-24 13:46:54,618 Starting Training from 2014-12-17 to 2015-01-01
2015-06-24 13:58:26,733 Starting Live from 2015-01-02 to 2015-02-01
2015-06-24 14:26:18,430 Starting Training from 2015-01-17 to 2015-02-01
2015-06-24 14:27:51,713 Starting Live from 2015-02-02 to 2015-03-04
2015-06-24 14:54:54,331 Starting Training from 2015-02-17 to 2015-03-04
2015-06-24 14:57:13,523 Starting Live from 2015-03-05 to 2015-04-04
2015-06-24 15:24:22,609 Starting Training from 2015-03-20 to 2015-04-04
2015-06-24 15:26:19,282 Starting Live from 2015-04-05 to 2015-04-10
2015-06-24 15:33:51,013 Starting Q Learning for : 
2015-06-24 15:33:51,013 alpha = 0.4
2015-06-24 15:33:51,013 gamma = 0.4
2015-06-24 15:33:51,013 individual factor = 12
2015-06-24 15:33:51,013 zero range = 0.01
2015-06-24 15:33:51,013 greedy level = 10
2015-06-24 15:33:51,013 

2015-06-24 15:33:57,678 Starting Training from 2014-12-17 to 2015-01-01
2015-06-24 15:45:46,926 Starting Live from 2015-01-02 to 2015-02-01
2015-06-24 16:14:13,210 Starting Training from 2015-01-17 to 2015-02-01
2015-06-24 16:15:49,108 Starting Live from 2015-02-02 to 2015-03-04
2015-06-24 16:44:43,016 Starting Training from 2015-02-17 to 2015-03-04
2015-06-24 16:46:52,869 Starting Live from 2015-03-05 to 2015-04-04
2015-06-24 17:14:13,309 Starting Training from 2015-03-20 to 2015-04-04
2015-06-24 17:15:53,204 Starting Live from 2015-04-05 to 2015-04-10
2015-06-24 17:23:56,750 Starting Q Learning for : 
2015-06-24 17:23:56,750 alpha = 0.2
2015-06-24 17:23:56,750 gamma = 0.2
2015-06-24 17:23:56,750 individual factor = 12
2015-06-24 17:23:56,750 zero range = 0.01
2015-06-24 17:23:56,750 greedy level = 10
2015-06-24 17:23:56,750 

2015-06-24 17:24:01,411 Starting Training from 2014-12-17 to 2015-01-01
2015-06-24 17:36:09,298 Starting Live from 2015-01-02 to 2015-02-01
2015-06-24 18:03:59,769 Starting Training from 2015-01-17 to 2015-02-01
2015-06-24 18:05:33,657 Starting Live from 2015-02-02 to 2015-03-04
2015-06-24 18:32:43,964 Starting Training from 2015-02-17 to 2015-03-04
2015-06-24 18:35:18,839 Starting Live from 2015-03-05 to 2015-04-04
2015-06-24 19:01:42,404 Starting Training from 2015-03-20 to 2015-04-04
2015-06-24 19:03:17,115 Starting Live from 2015-04-05 to 2015-04-10
2015-06-24 19:11:31,019 Starting Q Learning for : 
2015-06-24 19:11:31,019 alpha = 0.2
2015-06-24 19:11:31,019 gamma = 0.3
2015-06-24 19:11:31,019 individual factor = 12
2015-06-24 19:11:31,019 zero range = 0.01
2015-06-24 19:11:31,019 greedy level = 10
2015-06-24 19:11:31,019 

2015-06-24 19:11:37,279 Starting Training from 2014-12-17 to 2015-01-01
2015-06-24 19:23:40,736 Starting Live from 2015-01-02 to 2015-02-01
2015-06-24 19:51:29,280 Starting Training from 2015-01-17 to 2015-02-01
2015-06-24 19:52:56,608 Starting Live from 2015-02-02 to 2015-03-04
2015-06-24 20:19:01,473 Starting Training from 2015-02-17 to 2015-03-04
2015-06-24 20:21:12,607 Starting Live from 2015-03-05 to 2015-04-04
2015-06-24 20:46:54,496 Starting Training from 2015-03-20 to 2015-04-04
2015-06-24 20:49:07,762 Starting Live from 2015-04-05 to 2015-04-10
2015-06-24 20:56:58,483 Starting Q Learning for : 
2015-06-24 20:56:58,483 alpha = 0.2
2015-06-24 20:56:58,483 gamma = 0.4
2015-06-24 20:56:58,484 individual factor = 12
2015-06-24 20:56:58,484 zero range = 0.01
2015-06-24 20:56:58,484 greedy level = 10
2015-06-24 20:56:58,484 

2015-06-24 20:57:04,253 Starting Training from 2014-12-17 to 2015-01-01
2015-06-24 21:09:04,706 Starting Live from 2015-01-02 to 2015-02-01
2015-06-24 21:36:56,561 Starting Training from 2015-01-17 to 2015-02-01
2015-06-24 21:38:21,470 Starting Live from 2015-02-02 to 2015-03-04
2015-06-24 22:04:23,687 Starting Training from 2015-02-17 to 2015-03-04
2015-06-24 22:06:17,707 Starting Live from 2015-03-05 to 2015-04-04
2015-06-24 22:34:17,230 Starting Training from 2015-03-20 to 2015-04-04
2015-06-24 22:36:47,948 Starting Live from 2015-04-05 to 2015-04-10
2015-06-24 22:45:27,661 Starting Q Learning for : 
2015-06-24 22:45:27,661 alpha = 0.2
2015-06-24 22:45:27,661 gamma = 0.5
2015-06-24 22:45:27,663 individual factor = 12
2015-06-24 22:45:27,663 zero range = 0.01
2015-06-24 22:45:27,663 greedy level = 10
2015-06-24 22:45:27,663 

2015-06-24 22:45:33,125 Starting Training from 2014-12-17 to 2015-01-01
2015-06-24 22:56:32,381 Starting Live from 2015-01-02 to 2015-02-01
2015-06-24 23:22:45,609 Starting Training from 2015-01-17 to 2015-02-01
2015-06-24 23:24:10,532 Starting Live from 2015-02-02 to 2015-03-04
2015-06-24 23:48:20,368 Starting Training from 2015-02-17 to 2015-03-04
2015-06-24 23:50:40,359 Starting Live from 2015-03-05 to 2015-04-04
2015-06-25 00:15:16,848 Starting Training from 2015-03-20 to 2015-04-04
2015-06-25 00:17:03,559 Starting Live from 2015-04-05 to 2015-04-10
2015-06-25 00:24:39,891 Starting Q Learning for : 
2015-06-25 00:24:39,891 alpha = 0.2
2015-06-25 00:24:39,891 gamma = 0.6
2015-06-25 00:24:39,891 individual factor = 12
2015-06-25 00:24:39,891 zero range = 0.01
2015-06-25 00:24:39,891 greedy level = 10
2015-06-25 00:24:39,891 

2015-06-25 00:24:47,398 Starting Training from 2014-12-17 to 2015-01-01
2015-06-25 00:35:34,615 Starting Live from 2015-01-02 to 2015-02-01
2015-06-25 01:00:21,519 Starting Training from 2015-01-17 to 2015-02-01
2015-06-25 01:01:43,319 Starting Live from 2015-02-02 to 2015-03-04
2015-06-25 01:23:13,144 Starting Training from 2015-02-17 to 2015-03-04
2015-06-25 01:25:36,688 Starting Live from 2015-03-05 to 2015-04-04
2015-06-25 01:58:45,204 Starting Training from 2015-03-20 to 2015-04-04
2015-06-25 02:00:30,371 Starting Live from 2015-04-05 to 2015-04-10
2015-06-25 02:20:11,460 Starting Q Learning for : 
2015-06-25 02:20:11,460 alpha = 0.8
2015-06-25 02:20:11,460 gamma = 0.4
2015-06-25 02:20:11,460 individual factor = 12
2015-06-25 02:20:11,460 zero range = 0.01
2015-06-25 02:20:11,460 greedy level = 10
2015-06-25 02:20:11,460 

2015-06-25 02:20:17,553 Starting Training from 2014-12-17 to 2015-01-01
2015-06-25 02:30:36,200 Starting Live from 2015-01-02 to 2015-02-01
2015-06-25 02:55:16,663 Starting Training from 2015-01-17 to 2015-02-01
2015-06-25 02:57:00,444 Starting Live from 2015-02-02 to 2015-03-04
2015-06-25 03:21:32,848 Starting Training from 2015-02-17 to 2015-03-04
2015-06-25 03:23:29,253 Starting Live from 2015-03-05 to 2015-04-04
2015-06-25 03:47:48,082 Starting Training from 2015-03-20 to 2015-04-04
2015-06-25 03:49:05,887 Starting Live from 2015-04-05 to 2015-04-10
2015-06-25 03:56:31,901 Starting Q Learning for : 
2015-06-25 03:56:31,901 alpha = 0.8
2015-06-25 03:56:31,901 gamma = 0.5
2015-06-25 03:56:31,901 individual factor = 12
2015-06-25 03:56:31,901 zero range = 0.01
2015-06-25 03:56:31,901 greedy level = 10
2015-06-25 03:56:31,901 

2015-06-25 03:56:37,348 Starting Training from 2014-12-17 to 2015-01-01
2015-06-25 04:07:23,006 Starting Live from 2015-01-02 to 2015-02-01
2015-06-25 04:32:14,704 Starting Training from 2015-01-17 to 2015-02-01
2015-06-25 04:33:31,217 Starting Live from 2015-02-02 to 2015-03-04
2015-06-25 04:57:12,214 Starting Training from 2015-02-17 to 2015-03-04
2015-06-25 04:58:55,828 Starting Live from 2015-03-05 to 2015-04-04
2015-06-25 05:22:57,681 Starting Training from 2015-03-20 to 2015-04-04
2015-06-25 05:24:27,267 Starting Live from 2015-04-05 to 2015-04-10
2015-06-25 05:32:36,928 Starting Q Learning for : 
2015-06-25 05:32:36,928 alpha = 0.8
2015-06-25 05:32:36,928 gamma = 0.6
2015-06-25 05:32:36,928 individual factor = 12
2015-06-25 05:32:36,928 zero range = 0.01
2015-06-25 05:32:36,930 greedy level = 10
2015-06-25 05:32:36,930 

2015-06-25 05:32:42,782 Starting Training from 2014-12-17 to 2015-01-01
2015-06-25 05:42:47,374 Starting Live from 2015-01-02 to 2015-02-01
2015-06-25 06:07:01,657 Starting Training from 2015-01-17 to 2015-02-01
2015-06-25 06:08:21,312 Starting Live from 2015-02-02 to 2015-03-04
2015-06-25 06:31:13,901 Starting Training from 2015-02-17 to 2015-03-04
2015-06-25 06:32:56,298 Starting Live from 2015-03-05 to 2015-04-04
2015-06-25 06:55:33,516 Starting Training from 2015-03-20 to 2015-04-04
2015-06-25 06:57:13,490 Starting Live from 2015-04-05 to 2015-04-10
2015-06-25 07:04:28,257 Starting Q Learning for : 
2015-06-25 07:04:28,257 alpha = 0.8
2015-06-25 07:04:28,257 gamma = 0.7
2015-06-25 07:04:28,257 individual factor = 12
2015-06-25 07:04:28,257 zero range = 0.01
2015-06-25 07:04:28,259 greedy level = 10
2015-06-25 07:04:28,259 

2015-06-25 07:04:34,380 Starting Training from 2014-12-17 to 2015-01-01
2015-06-25 07:14:27,059 Starting Live from 2015-01-02 to 2015-02-01
2015-06-25 07:31:20,737 Starting Training from 2015-01-17 to 2015-02-01
2015-06-25 07:32:37,911 Starting Live from 2015-02-02 to 2015-03-04
2015-06-25 07:39:21,059 Starting Training from 2015-02-17 to 2015-03-04
2015-06-25 07:45:55,612 Starting Live from 2015-03-05 to 2015-04-04
2015-06-25 07:58:43,137 Starting Training from 2015-03-20 to 2015-04-04
2015-06-25 08:01:45,459 Starting Live from 2015-04-05 to 2015-04-10
2015-06-25 08:05:32,309 Starting Q Learning for : 
2015-06-25 08:05:32,309 alpha = 0.8
2015-06-25 08:05:32,309 gamma = 0.8
2015-06-25 08:05:32,309 individual factor = 12
2015-06-25 08:05:32,309 zero range = 0.01
2015-06-25 08:05:32,309 greedy level = 10
2015-06-25 08:05:32,309 

2015-06-25 08:05:38,584 Starting Training from 2014-12-17 to 2015-01-01
2015-06-25 08:15:27,545 Starting Live from 2015-01-02 to 2015-02-01
2015-06-25 08:29:11,953 Starting Training from 2015-01-17 to 2015-02-01
2015-06-25 08:30:31,378 Starting Live from 2015-02-02 to 2015-03-04
2015-06-25 08:34:14,900 Starting Training from 2015-02-17 to 2015-03-04
2015-06-25 08:41:28,197 Starting Live from 2015-03-05 to 2015-04-04
2015-06-25 08:51:40,594 Starting Training from 2015-03-20 to 2015-04-04
2015-06-25 08:54:14,821 Starting Live from 2015-04-05 to 2015-04-10
