2015-06-22 16:25:43,158 Starting Q Learning for : 
2015-06-22 16:25:43,158 alpha = 0.5
2015-06-22 16:25:43,158 gamma = 0.1
2015-06-22 16:25:43,158 individual factor = 12
2015-06-22 16:25:43,158 zero range = 0.006
2015-06-22 16:25:43,158 greedy level = 10
2015-06-22 16:25:43,158 

2015-06-22 16:25:45,298 Starting Training from 2014-12-17 to 2015-01-01
2015-06-22 16:36:32,752 Starting Live from 2015-01-02 to 2015-02-01
2015-06-22 17:03:31,298 Starting Training from 2015-01-17 to 2015-02-01
2015-06-22 17:04:50,578 Starting Live from 2015-02-02 to 2015-03-04
2015-06-22 17:30:37,112 Starting Training from 2015-02-17 to 2015-03-04
2015-06-22 17:32:45,698 Starting Live from 2015-03-05 to 2015-04-04
2015-06-22 18:00:48,338 Starting Training from 2015-03-20 to 2015-04-04
2015-06-22 18:02:15,523 Starting Live from 2015-04-05 to 2015-04-10
2015-06-22 18:10:32,836 Starting Q Learning for : 
2015-06-22 18:10:32,836 alpha = 0.5
2015-06-22 18:10:32,836 gamma = 0.2
2015-06-22 18:10:32,836 individual factor = 12
2015-06-22 18:10:32,838 zero range = 0.006
2015-06-22 18:10:32,838 greedy level = 10
2015-06-22 18:10:32,838 

2015-06-22 18:10:36,770 Starting Training from 2014-12-17 to 2015-01-01
2015-06-22 18:21:53,694 Starting Live from 2015-01-02 to 2015-02-01
2015-06-22 18:46:56,444 Starting Training from 2015-01-17 to 2015-02-01
2015-06-22 18:48:22,618 Starting Live from 2015-02-02 to 2015-03-04
2015-06-22 19:10:55,411 Starting Training from 2015-02-17 to 2015-03-04
2015-06-22 19:13:19,157 Starting Live from 2015-03-05 to 2015-04-04
2015-06-22 19:36:46,479 Starting Training from 2015-03-20 to 2015-04-04
2015-06-22 19:38:36,290 Starting Live from 2015-04-05 to 2015-04-10
2015-06-22 19:46:31,085 Starting Q Learning for : 
2015-06-22 19:46:31,085 alpha = 0.5
2015-06-22 19:46:31,085 gamma = 0.3
2015-06-22 19:46:31,085 individual factor = 12
2015-06-22 19:46:31,085 zero range = 0.006
2015-06-22 19:46:31,085 greedy level = 10
2015-06-22 19:46:31,085 

2015-06-22 19:46:34,154 Starting Training from 2014-12-17 to 2015-01-01
2015-06-22 19:57:29,279 Starting Live from 2015-01-02 to 2015-02-01
2015-06-22 20:23:00,697 Starting Training from 2015-01-17 to 2015-02-01
2015-06-22 20:25:48,792 Starting Live from 2015-02-02 to 2015-03-04
2015-06-22 20:51:00,367 Starting Training from 2015-02-17 to 2015-03-04
2015-06-22 20:53:05,851 Starting Live from 2015-03-05 to 2015-04-04
2015-06-22 21:18:51,030 Starting Training from 2015-03-20 to 2015-04-04
2015-06-22 21:20:15,779 Starting Live from 2015-04-05 to 2015-04-10
2015-06-22 21:28:13,170 Starting Q Learning for : 
2015-06-22 21:28:13,171 alpha = 0.5
2015-06-22 21:28:13,171 gamma = 0.4
2015-06-22 21:28:13,171 individual factor = 12
2015-06-22 21:28:13,171 zero range = 0.006
2015-06-22 21:28:13,171 greedy level = 10
2015-06-22 21:28:13,171 

2015-06-22 21:28:16,720 Starting Training from 2014-12-17 to 2015-01-01
2015-06-22 21:38:44,563 Starting Live from 2015-01-02 to 2015-02-01
2015-06-22 22:03:23,529 Starting Training from 2015-01-17 to 2015-02-01
2015-06-22 22:04:43,664 Starting Live from 2015-02-02 to 2015-03-04
2015-06-22 22:29:34,226 Starting Training from 2015-02-17 to 2015-03-04
2015-06-22 22:32:19,209 Starting Live from 2015-03-05 to 2015-04-04
2015-06-22 22:55:19,091 Starting Training from 2015-03-20 to 2015-04-04
2015-06-22 22:56:55,069 Starting Live from 2015-04-05 to 2015-04-10
2015-06-22 23:03:22,203 Starting Q Learning for : 
2015-06-22 23:03:22,203 alpha = 0.5
2015-06-22 23:03:22,203 gamma = 0.5
2015-06-22 23:03:22,203 individual factor = 12
2015-06-22 23:03:22,203 zero range = 0.006
2015-06-22 23:03:22,203 greedy level = 10
2015-06-22 23:03:22,203 

2015-06-22 23:03:25,473 Starting Training from 2014-12-17 to 2015-01-01
2015-06-22 23:14:35,483 Starting Live from 2015-01-02 to 2015-02-01
2015-06-22 23:39:31,900 Starting Training from 2015-01-17 to 2015-02-01
2015-06-22 23:40:52,387 Starting Live from 2015-02-02 to 2015-03-04
2015-06-23 00:03:51,872 Starting Training from 2015-02-17 to 2015-03-04
2015-06-23 00:05:51,187 Starting Live from 2015-03-05 to 2015-04-04
2015-06-23 00:30:53,882 Starting Training from 2015-03-20 to 2015-04-04
2015-06-23 00:32:41,809 Starting Live from 2015-04-05 to 2015-04-10
2015-06-23 00:41:06,048 Starting Q Learning for : 
2015-06-23 00:41:06,048 alpha = 0.5
2015-06-23 00:41:06,048 gamma = 0.6
2015-06-23 00:41:06,049 individual factor = 12
2015-06-23 00:41:06,049 zero range = 0.006
2015-06-23 00:41:06,049 greedy level = 10
2015-06-23 00:41:06,049 

2015-06-23 00:41:09,273 Starting Training from 2014-12-17 to 2015-01-01
2015-06-23 00:51:21,473 Starting Live from 2015-01-02 to 2015-02-01
2015-06-23 01:15:52,384 Starting Training from 2015-01-17 to 2015-02-01
2015-06-23 01:17:19,438 Starting Live from 2015-02-02 to 2015-03-04
2015-06-23 01:41:27,507 Starting Training from 2015-02-17 to 2015-03-04
2015-06-23 01:43:39,096 Starting Live from 2015-03-05 to 2015-04-04
2015-06-23 02:07:46,716 Starting Training from 2015-03-20 to 2015-04-04
2015-06-23 02:09:19,716 Starting Live from 2015-04-05 to 2015-04-10
2015-06-23 02:16:11,688 Starting Q Learning for : 
2015-06-23 02:16:11,688 alpha = 0.5
2015-06-23 02:16:11,690 gamma = 0.7
2015-06-23 02:16:11,690 individual factor = 12
2015-06-23 02:16:11,690 zero range = 0.006
2015-06-23 02:16:11,690 greedy level = 10
2015-06-23 02:16:11,690 

2015-06-23 02:16:14,045 Starting Training from 2014-12-17 to 2015-01-01
2015-06-23 02:27:15,263 Starting Live from 2015-01-02 to 2015-02-01
2015-06-23 02:44:30,334 Starting Training from 2015-01-17 to 2015-02-01
2015-06-23 02:46:01,683 Starting Live from 2015-02-02 to 2015-03-04
2015-06-23 02:52:48,999 Starting Training from 2015-02-17 to 2015-03-04
2015-06-23 02:58:59,203 Starting Live from 2015-03-05 to 2015-04-04
2015-06-23 03:10:54,842 Starting Training from 2015-03-20 to 2015-04-04
2015-06-23 03:14:22,898 Starting Live from 2015-04-05 to 2015-04-10
2015-06-23 03:17:31,391 Starting Q Learning for : 
2015-06-23 03:17:31,391 alpha = 0.5
2015-06-23 03:17:31,391 gamma = 0.8
2015-06-23 03:17:31,391 individual factor = 12
2015-06-23 03:17:31,391 zero range = 0.006
2015-06-23 03:17:31,391 greedy level = 10
2015-06-23 03:17:31,391 

2015-06-23 03:17:33,556 Starting Training from 2014-12-17 to 2015-01-01
2015-06-23 03:28:30,165 Starting Live from 2015-01-02 to 2015-02-01
2015-06-23 03:42:44,493 Starting Training from 2015-01-17 to 2015-02-01
2015-06-23 03:44:08,987 Starting Live from 2015-02-02 to 2015-03-04
2015-06-23 03:49:06,944 Starting Training from 2015-02-17 to 2015-03-04
2015-06-23 03:56:48,444 Starting Live from 2015-03-05 to 2015-04-04
2015-06-23 04:06:48,740 Starting Training from 2015-03-20 to 2015-04-04
2015-06-23 04:10:28,622 Starting Live from 2015-04-05 to 2015-04-10
2015-06-23 04:12:26,663 Starting Q Learning for : 
2015-06-23 04:12:26,663 alpha = 0.6
2015-06-23 04:12:26,664 gamma = 0.1
2015-06-23 04:12:26,664 individual factor = 12
2015-06-23 04:12:26,664 zero range = 0.006
2015-06-23 04:12:26,664 greedy level = 10
2015-06-23 04:12:26,664 

2015-06-23 04:12:32,315 Starting Training from 2014-12-17 to 2015-01-01
2015-06-23 04:22:31,456 Starting Live from 2015-01-02 to 2015-02-01
2015-06-23 04:47:29,733 Starting Training from 2015-01-17 to 2015-02-01
2015-06-23 04:48:49,782 Starting Live from 2015-02-02 to 2015-03-04
2015-06-23 05:13:04,894 Starting Training from 2015-02-17 to 2015-03-04
2015-06-23 05:15:30,711 Starting Live from 2015-03-05 to 2015-04-04
2015-06-23 05:38:57,976 Starting Training from 2015-03-20 to 2015-04-04
2015-06-23 05:40:19,210 Starting Live from 2015-04-05 to 2015-04-10
2015-06-23 05:47:21,476 Starting Q Learning for : 
2015-06-23 05:47:21,476 alpha = 0.6
2015-06-23 05:47:21,476 gamma = 0.2
2015-06-23 05:47:21,476 individual factor = 12
2015-06-23 05:47:21,476 zero range = 0.006
2015-06-23 05:47:21,476 greedy level = 10
2015-06-23 05:47:21,476 

2015-06-23 05:47:26,661 Starting Training from 2014-12-17 to 2015-01-01
2015-06-23 05:58:16,446 Starting Live from 2015-01-02 to 2015-02-01
2015-06-23 06:22:55,625 Starting Training from 2015-01-17 to 2015-02-01
2015-06-23 06:24:20,565 Starting Live from 2015-02-02 to 2015-03-04
2015-06-23 06:47:08,607 Starting Training from 2015-02-17 to 2015-03-04
2015-06-23 06:49:13,414 Starting Live from 2015-03-05 to 2015-04-04
2015-06-23 07:10:53,256 Starting Training from 2015-03-20 to 2015-04-04
2015-06-23 07:12:45,683 Starting Live from 2015-04-05 to 2015-04-10
2015-06-23 07:19:45,165 Starting Q Learning for : 
2015-06-23 07:19:45,165 alpha = 0.2
2015-06-23 07:19:45,165 gamma = 0.7
2015-06-23 07:19:45,167 individual factor = 12
2015-06-23 07:19:45,167 zero range = 0.006
2015-06-23 07:19:45,167 greedy level = 10
2015-06-23 07:19:45,167 

2015-06-23 07:19:52,168 Starting Training from 2014-12-17 to 2015-01-01
2015-06-23 07:30:31,085 Starting Live from 2015-01-02 to 2015-02-01
2015-06-23 07:48:03,407 Starting Training from 2015-01-17 to 2015-02-01
2015-06-23 07:49:25,427 Starting Live from 2015-02-02 to 2015-03-04
2015-06-23 07:56:19,660 Starting Training from 2015-02-17 to 2015-03-04
2015-06-23 08:02:52,651 Starting Live from 2015-03-05 to 2015-04-04
2015-06-23 08:16:31,562 Starting Training from 2015-03-20 to 2015-04-04
2015-06-23 08:19:55,246 Starting Live from 2015-04-05 to 2015-04-10
2015-06-23 08:23:35,551 Starting Q Learning for : 
2015-06-23 08:23:35,551 alpha = 0.2
2015-06-23 08:23:35,551 gamma = 0.8
2015-06-23 08:23:35,551 individual factor = 12
2015-06-23 08:23:35,551 zero range = 0.006
2015-06-23 08:23:35,551 greedy level = 10
2015-06-23 08:23:35,551 

2015-06-23 08:23:43,154 Starting Training from 2014-12-17 to 2015-01-01
2015-06-23 08:34:20,867 Starting Live from 2015-01-02 to 2015-02-01
2015-06-23 08:48:44,571 Starting Training from 2015-01-17 to 2015-02-01
2015-06-23 08:50:10,661 Starting Live from 2015-02-02 to 2015-03-04
2015-06-23 08:54:16,845 Starting Training from 2015-02-17 to 2015-03-04
2015-06-23 09:01:48,502 Starting Live from 2015-03-05 to 2015-04-04
2015-06-23 09:12:24,388 Starting Training from 2015-03-20 to 2015-04-04
2015-06-23 09:15:11,915 Starting Live from 2015-04-05 to 2015-04-10
2015-06-23 09:16:54,236 Starting Q Learning for : 
2015-06-23 09:16:54,236 alpha = 0.8
2015-06-23 09:16:54,236 gamma = 0.1
2015-06-23 09:16:54,237 individual factor = 12
2015-06-23 09:16:54,237 zero range = 0.006
2015-06-23 09:16:54,237 greedy level = 10
2015-06-23 09:16:54,237 

2015-06-23 09:17:00,374 Starting Training from 2014-12-17 to 2015-01-01
2015-06-23 09:27:01,378 Starting Live from 2015-01-02 to 2015-02-01
2015-06-23 09:52:17,184 Starting Training from 2015-01-17 to 2015-02-01
2015-06-23 09:53:42,078 Starting Live from 2015-02-02 to 2015-03-04
2015-06-23 10:16:23,538 Starting Training from 2015-02-17 to 2015-03-04
2015-06-23 10:18:39,448 Starting Live from 2015-03-05 to 2015-04-04
2015-06-23 10:43:18,713 Starting Training from 2015-03-20 to 2015-04-04
2015-06-23 10:44:57,799 Starting Live from 2015-04-05 to 2015-04-10
2015-06-23 10:52:23,844 Starting Q Learning for : 
2015-06-23 10:52:23,844 alpha = 0.8
2015-06-23 10:52:23,845 gamma = 0.2
2015-06-23 10:52:23,845 individual factor = 12
2015-06-23 10:52:23,845 zero range = 0.006
2015-06-23 10:52:23,845 greedy level = 10
2015-06-23 10:52:23,845 

2015-06-23 10:52:30,757 Starting Training from 2014-12-17 to 2015-01-01
2015-06-23 11:02:58,242 Starting Live from 2015-01-02 to 2015-02-01
2015-06-23 11:27:21,249 Starting Training from 2015-01-17 to 2015-02-01
2015-06-23 11:28:42,717 Starting Live from 2015-02-02 to 2015-03-04
2015-06-23 11:52:16,604 Starting Training from 2015-02-17 to 2015-03-04
2015-06-23 11:54:12,138 Starting Live from 2015-03-05 to 2015-04-04
2015-06-23 12:21:15,257 Starting Training from 2015-03-20 to 2015-04-04
2015-06-23 12:23:06,927 Starting Live from 2015-04-05 to 2015-04-10
2015-06-23 12:31:28,265 Starting Q Learning for : 
2015-06-23 12:31:28,265 alpha = 0.8
2015-06-23 12:31:28,265 gamma = 0.3
2015-06-23 12:31:28,266 individual factor = 12
2015-06-23 12:31:28,266 zero range = 0.006
2015-06-23 12:31:28,266 greedy level = 10
2015-06-23 12:31:28,266 

2015-06-23 12:31:33,328 Starting Training from 2014-12-17 to 2015-01-01
2015-06-23 12:43:19,953 Starting Live from 2015-01-02 to 2015-02-01
2015-06-23 13:10:30,500 Starting Training from 2015-01-17 to 2015-02-01
2015-06-23 13:12:01,638 Starting Live from 2015-02-02 to 2015-03-04
2015-06-23 13:37:55,313 Starting Training from 2015-02-17 to 2015-03-04
2015-06-23 13:40:02,579 Starting Live from 2015-03-05 to 2015-04-04
2015-06-23 14:05:01,473 Starting Training from 2015-03-20 to 2015-04-04
2015-06-23 14:06:35,391 Starting Live from 2015-04-05 to 2015-04-10
2015-06-23 14:14:56,365 Starting Q Learning for : 
2015-06-23 14:14:56,365 alpha = 0.8
2015-06-23 14:14:56,365 gamma = 0.4
2015-06-23 14:14:56,365 individual factor = 12
2015-06-23 14:14:56,365 zero range = 0.006
2015-06-23 14:14:56,365 greedy level = 10
2015-06-23 14:14:56,365 

2015-06-23 14:15:01,976 Starting Training from 2014-12-17 to 2015-01-01
2015-06-23 14:26:41,335 Starting Live from 2015-01-02 to 2015-02-01
2015-06-23 14:54:54,734 Starting Training from 2015-01-17 to 2015-02-01
2015-06-23 14:56:25,890 Starting Live from 2015-02-02 to 2015-03-04
2015-06-23 15:21:37,309 Starting Training from 2015-02-17 to 2015-03-04
2015-06-23 15:24:06,700 Starting Live from 2015-03-05 to 2015-04-04
2015-06-23 15:50:31,779 Starting Training from 2015-03-20 to 2015-04-04
2015-06-23 15:52:08,217 Starting Live from 2015-04-05 to 2015-04-10
2015-06-23 16:00:29,973 Starting Q Learning for : 
2015-06-23 16:00:29,973 alpha = 0.8
2015-06-23 16:00:29,973 gamma = 0.5
2015-06-23 16:00:29,974 individual factor = 12
2015-06-23 16:00:29,974 zero range = 0.006
2015-06-23 16:00:29,974 greedy level = 10
2015-06-23 16:00:29,974 

2015-06-23 16:00:35,888 Starting Training from 2014-12-17 to 2015-01-01
2015-06-23 16:12:04,040 Starting Live from 2015-01-02 to 2015-02-01
2015-06-23 16:39:59,026 Starting Training from 2015-01-17 to 2015-02-01
2015-06-23 16:41:28,930 Starting Live from 2015-02-02 to 2015-03-04
2015-06-23 17:08:20,236 Starting Training from 2015-02-17 to 2015-03-04
2015-06-23 17:10:03,161 Starting Live from 2015-03-05 to 2015-04-04
2015-06-23 17:34:27,709 Starting Training from 2015-03-20 to 2015-04-04
2015-06-23 17:36:43,496 Starting Live from 2015-04-05 to 2015-04-10
2015-06-23 17:45:22,239 Starting Q Learning for : 
2015-06-23 17:45:22,239 alpha = 0.8
2015-06-23 17:45:22,239 gamma = 0.6
2015-06-23 17:45:22,239 individual factor = 12
2015-06-23 17:45:22,239 zero range = 0.006
2015-06-23 17:45:22,240 greedy level = 10
2015-06-23 17:45:22,240 

2015-06-23 17:45:27,990 Starting Training from 2014-12-17 to 2015-01-01
2015-06-23 17:57:37,487 Starting Live from 2015-01-02 to 2015-02-01
2015-06-23 18:25:30,233 Starting Training from 2015-01-17 to 2015-02-01
2015-06-23 18:27:06,471 Starting Live from 2015-02-02 to 2015-03-04
2015-06-23 18:53:17,549 Starting Training from 2015-02-17 to 2015-03-04
2015-06-23 18:55:45,913 Starting Live from 2015-03-05 to 2015-04-04
2015-06-23 19:23:21,092 Starting Training from 2015-03-20 to 2015-04-04
2015-06-23 19:25:08,216 Starting Live from 2015-04-05 to 2015-04-10
2015-06-23 19:33:46,029 Starting Q Learning for : 
2015-06-23 19:33:46,029 alpha = 0.8
2015-06-23 19:33:46,029 gamma = 0.7
2015-06-23 19:33:46,029 individual factor = 12
2015-06-23 19:33:46,029 zero range = 0.006
2015-06-23 19:33:46,029 greedy level = 10
2015-06-23 19:33:46,029 

2015-06-23 19:33:51,355 Starting Training from 2014-12-17 to 2015-01-01
2015-06-23 19:45:48,720 Starting Live from 2015-01-02 to 2015-02-01
2015-06-23 20:04:44,573 Starting Training from 2015-01-17 to 2015-02-01
2015-06-23 20:06:16,732 Starting Live from 2015-02-02 to 2015-03-04
2015-06-23 20:14:37,779 Starting Training from 2015-02-17 to 2015-03-04
2015-06-23 20:21:15,469 Starting Live from 2015-03-05 to 2015-04-04
2015-06-23 20:34:41,993 Starting Training from 2015-03-20 to 2015-04-04
2015-06-23 20:38:22,351 Starting Live from 2015-04-05 to 2015-04-10
2015-06-23 20:41:33,687 Starting Q Learning for : 
2015-06-23 20:41:33,687 alpha = 0.8
2015-06-23 20:41:33,687 gamma = 0.8
2015-06-23 20:41:33,687 individual factor = 12
2015-06-23 20:41:33,687 zero range = 0.006
2015-06-23 20:41:33,687 greedy level = 10
2015-06-23 20:41:33,687 

2015-06-23 20:41:41,213 Starting Training from 2014-12-17 to 2015-01-01
2015-06-23 20:53:37,209 Starting Live from 2015-01-02 to 2015-02-01
2015-06-23 21:10:47,183 Starting Training from 2015-01-17 to 2015-02-01
2015-06-23 21:12:30,513 Starting Live from 2015-02-02 to 2015-03-04
2015-06-23 21:17:18,339 Starting Training from 2015-02-17 to 2015-03-04
2015-06-23 21:26:07,617 Starting Live from 2015-03-05 to 2015-04-04
2015-06-23 21:38:28,125 Starting Training from 2015-03-20 to 2015-04-04
2015-06-23 21:41:53,815 Starting Live from 2015-04-05 to 2015-04-10
2015-06-23 21:44:09,487 Starting Q Learning for : 
2015-06-23 21:44:09,487 alpha = 0.5
2015-06-23 21:44:09,487 gamma = 0.1
2015-06-23 21:44:09,489 individual factor = 12
2015-06-23 21:44:09,489 zero range = 0.01
2015-06-23 21:44:09,489 greedy level = 10
2015-06-23 21:44:09,489 

2015-06-23 21:44:14,976 Starting Training from 2014-12-17 to 2015-01-01
2015-06-23 21:56:21,091 Starting Live from 2015-01-02 to 2015-02-01
2015-06-23 22:25:44,700 Starting Training from 2015-01-17 to 2015-02-01
2015-06-23 22:27:16,013 Starting Live from 2015-02-02 to 2015-03-04
2015-06-23 22:53:42,770 Starting Training from 2015-02-17 to 2015-03-04
2015-06-23 22:55:58,769 Starting Live from 2015-03-05 to 2015-04-04
