2015-06-24 01:32:54,299 Starting Q Learning for : 
2015-06-24 01:32:54,299 alpha = 0.5
2015-06-24 01:32:54,299 gamma = 0.6
2015-06-24 01:32:54,299 individual factor = 12
2015-06-24 01:32:54,299 zero range = 0.01
2015-06-24 01:32:54,299 greedy level = 10
2015-06-24 01:32:54,299 

2015-06-24 01:33:03,944 Starting Training from 2014-12-17 to 2015-01-01
2015-06-24 01:44:12,694 Starting Live from 2015-01-02 to 2015-02-01
2015-06-24 02:10:42,918 Starting Training from 2015-01-17 to 2015-02-01
2015-06-24 02:12:04,819 Starting Live from 2015-02-02 to 2015-03-04
2015-06-24 02:36:59,783 Starting Training from 2015-02-17 to 2015-03-04
2015-06-24 02:38:51,512 Starting Live from 2015-03-05 to 2015-04-04
2015-06-24 03:03:13,611 Starting Training from 2015-03-20 to 2015-04-04
2015-06-24 03:04:42,671 Starting Live from 2015-04-05 to 2015-04-10
2015-06-24 03:12:34,862 Starting Q Learning for : 
2015-06-24 03:12:34,862 alpha = 0.5
2015-06-24 03:12:34,862 gamma = 0.7
2015-06-24 03:12:34,862 individual factor = 12
2015-06-24 03:12:34,862 zero range = 0.01
2015-06-24 03:12:34,862 greedy level = 10
2015-06-24 03:12:34,862 

2015-06-24 03:12:40,641 Starting Training from 2014-12-17 to 2015-01-01
2015-06-24 03:22:48,528 Starting Live from 2015-01-02 to 2015-02-01
2015-06-24 03:40:22,217 Starting Training from 2015-01-17 to 2015-02-01
2015-06-24 03:41:44,490 Starting Live from 2015-02-02 to 2015-03-04
2015-06-24 03:49:12,273 Starting Training from 2015-02-17 to 2015-03-04
2015-06-24 03:56:01,520 Starting Live from 2015-03-05 to 2015-04-04
2015-06-24 04:07:01,752 Starting Training from 2015-03-20 to 2015-04-04
2015-06-24 04:10:24,746 Starting Live from 2015-04-05 to 2015-04-10
2015-06-24 04:14:01,757 Starting Q Learning for : 
2015-06-24 04:14:01,757 alpha = 0.5
2015-06-24 04:14:01,759 gamma = 0.8
2015-06-24 04:14:01,759 individual factor = 12
2015-06-24 04:14:01,759 zero range = 0.01
2015-06-24 04:14:01,759 greedy level = 10
2015-06-24 04:14:01,759 

2015-06-24 04:14:06,907 Starting Training from 2014-12-17 to 2015-01-01
2015-06-24 04:24:00,147 Starting Live from 2015-01-02 to 2015-02-01
2015-06-24 04:39:03,436 Starting Training from 2015-01-17 to 2015-02-01
2015-06-24 04:40:24,290 Starting Live from 2015-02-02 to 2015-03-04
2015-06-24 04:44:37,000 Starting Training from 2015-02-17 to 2015-03-04
2015-06-24 04:52:08,673 Starting Live from 2015-03-05 to 2015-04-04
2015-06-24 05:02:31,611 Starting Training from 2015-03-20 to 2015-04-04
2015-06-24 05:05:30,851 Starting Live from 2015-04-05 to 2015-04-10
2015-06-24 05:07:19,252 Starting Q Learning for : 
2015-06-24 05:07:19,252 alpha = 0.6
2015-06-24 05:07:19,252 gamma = 0.1
2015-06-24 05:07:19,252 individual factor = 12
2015-06-24 05:07:19,252 zero range = 0.01
2015-06-24 05:07:19,252 greedy level = 10
2015-06-24 05:07:19,252 

2015-06-24 05:07:24,382 Starting Training from 2014-12-17 to 2015-01-01
2015-06-24 05:18:13,523 Starting Live from 2015-01-02 to 2015-02-01
2015-06-24 05:43:02,959 Starting Training from 2015-01-17 to 2015-02-01
2015-06-24 05:44:24,410 Starting Live from 2015-02-02 to 2015-03-04
2015-06-24 06:06:28,082 Starting Training from 2015-02-17 to 2015-03-04
2015-06-24 06:08:54,415 Starting Live from 2015-03-05 to 2015-04-04
2015-06-24 06:32:14,111 Starting Training from 2015-03-20 to 2015-04-04
2015-06-24 06:33:59,362 Starting Live from 2015-04-05 to 2015-04-10
2015-06-24 06:41:39,500 Starting Q Learning for : 
2015-06-24 06:41:39,500 alpha = 0.6
2015-06-24 06:41:39,500 gamma = 0.2
2015-06-24 06:41:39,500 individual factor = 12
2015-06-24 06:41:39,500 zero range = 0.01
2015-06-24 06:41:39,500 greedy level = 10
2015-06-24 06:41:39,500 

2015-06-24 06:41:45,395 Starting Training from 2014-12-17 to 2015-01-01
2015-06-24 06:52:03,630 Starting Live from 2015-01-02 to 2015-02-01
2015-06-24 07:17:20,479 Starting Training from 2015-01-17 to 2015-02-01
2015-06-24 07:18:44,434 Starting Live from 2015-02-02 to 2015-03-04
2015-06-24 07:43:53,275 Starting Training from 2015-02-17 to 2015-03-04
2015-06-24 07:45:50,437 Starting Live from 2015-03-05 to 2015-04-04
2015-06-24 08:09:45,999 Starting Training from 2015-03-20 to 2015-04-04
2015-06-24 08:11:01,591 Starting Live from 2015-04-05 to 2015-04-10
2015-06-24 08:17:47,234 Starting Q Learning for : 
2015-06-24 08:17:47,234 alpha = 0.6
2015-06-24 08:17:47,234 gamma = 0.3
2015-06-24 08:17:47,234 individual factor = 12
2015-06-24 08:17:47,234 zero range = 0.01
2015-06-24 08:17:47,234 greedy level = 10
2015-06-24 08:17:47,234 

2015-06-24 08:17:49,263 Starting Training from 2014-12-17 to 2015-01-01
2015-06-24 08:28:21,762 Starting Live from 2015-01-02 to 2015-02-01
2015-06-24 08:53:06,164 Starting Training from 2015-01-17 to 2015-02-01
2015-06-24 08:54:30,293 Starting Live from 2015-02-02 to 2015-03-04
2015-06-24 09:18:25,096 Starting Training from 2015-02-17 to 2015-03-04
2015-06-24 09:20:20,198 Starting Live from 2015-03-05 to 2015-04-04
2015-06-24 09:44:29,716 Starting Training from 2015-03-20 to 2015-04-04
2015-06-24 09:46:01,359 Starting Live from 2015-04-05 to 2015-04-10
2015-06-24 09:53:38,809 Starting Q Learning for : 
2015-06-24 09:53:38,809 alpha = 0.6
2015-06-24 09:53:38,809 gamma = 0.4
2015-06-24 09:53:38,809 individual factor = 12
2015-06-24 09:53:38,809 zero range = 0.01
2015-06-24 09:53:38,809 greedy level = 10
2015-06-24 09:53:38,809 

2015-06-24 09:53:43,755 Starting Training from 2014-12-17 to 2015-01-01
2015-06-24 10:03:40,660 Starting Live from 2015-01-02 to 2015-02-01
2015-06-24 10:27:34,417 Starting Training from 2015-01-17 to 2015-02-01
2015-06-24 10:28:56,150 Starting Live from 2015-02-02 to 2015-03-04
2015-06-24 10:50:34,812 Starting Training from 2015-02-17 to 2015-03-04
2015-06-24 10:53:24,249 Starting Live from 2015-03-05 to 2015-04-04
2015-06-24 11:16:21,976 Starting Training from 2015-03-20 to 2015-04-04
2015-06-24 11:18:08,151 Starting Live from 2015-04-05 to 2015-04-10
2015-06-24 11:25:35,737 Starting Q Learning for : 
2015-06-24 11:25:35,737 alpha = 0.6
2015-06-24 11:25:35,737 gamma = 0.5
2015-06-24 11:25:35,737 individual factor = 12
2015-06-24 11:25:35,739 zero range = 0.01
2015-06-24 11:25:35,739 greedy level = 10
2015-06-24 11:25:35,739 

2015-06-24 11:25:40,680 Starting Training from 2014-12-17 to 2015-01-01
2015-06-24 11:35:44,079 Starting Live from 2015-01-02 to 2015-02-01
2015-06-24 12:00:54,368 Starting Training from 2015-01-17 to 2015-02-01
2015-06-24 12:02:19,433 Starting Live from 2015-02-02 to 2015-03-04
2015-06-24 12:26:35,568 Starting Training from 2015-02-17 to 2015-03-04
2015-06-24 12:29:11,625 Starting Live from 2015-03-05 to 2015-04-04
2015-06-24 12:57:00,115 Starting Training from 2015-03-20 to 2015-04-04
2015-06-24 12:58:32,230 Starting Live from 2015-04-05 to 2015-04-10
2015-06-24 13:08:10,717 Starting Q Learning for : 
2015-06-24 13:08:10,717 alpha = 0.6
2015-06-24 13:08:10,717 gamma = 0.6
2015-06-24 13:08:10,717 individual factor = 12
2015-06-24 13:08:10,717 zero range = 0.01
2015-06-24 13:08:10,717 greedy level = 10
2015-06-24 13:08:10,717 

2015-06-24 13:08:17,121 Starting Training from 2014-12-17 to 2015-01-01
2015-06-24 13:19:35,003 Starting Live from 2015-01-02 to 2015-02-01
2015-06-24 13:47:46,848 Starting Training from 2015-01-17 to 2015-02-01
2015-06-24 13:49:16,681 Starting Live from 2015-02-02 to 2015-03-04
2015-06-24 14:14:46,894 Starting Training from 2015-02-17 to 2015-03-04
2015-06-24 14:17:35,457 Starting Live from 2015-03-05 to 2015-04-04
2015-06-24 14:44:57,436 Starting Training from 2015-03-20 to 2015-04-04
2015-06-24 14:46:43,401 Starting Live from 2015-04-05 to 2015-04-10
2015-06-24 14:55:12,293 Starting Q Learning for : 
2015-06-24 14:55:12,293 alpha = 0.6
2015-06-24 14:55:12,293 gamma = 0.7
2015-06-24 14:55:12,293 individual factor = 12
2015-06-24 14:55:12,293 zero range = 0.01
2015-06-24 14:55:12,293 greedy level = 10
2015-06-24 14:55:12,293 

2015-06-24 14:55:17,687 Starting Training from 2014-12-17 to 2015-01-01
2015-06-24 15:07:26,752 Starting Live from 2015-01-02 to 2015-02-01
2015-06-24 15:27:49,145 Starting Training from 2015-01-17 to 2015-02-01
2015-06-24 15:29:27,219 Starting Live from 2015-02-02 to 2015-03-04
2015-06-24 15:38:06,464 Starting Training from 2015-02-17 to 2015-03-04
2015-06-24 15:44:56,512 Starting Live from 2015-03-05 to 2015-04-04
2015-06-24 15:58:23,470 Starting Training from 2015-03-20 to 2015-04-04
2015-06-24 16:02:34,700 Starting Live from 2015-04-05 to 2015-04-10
2015-06-24 16:06:19,857 Starting Q Learning for : 
2015-06-24 16:06:19,858 alpha = 0.4
2015-06-24 16:06:19,858 gamma = 0.5
2015-06-24 16:06:19,858 individual factor = 12
2015-06-24 16:06:19,858 zero range = 0.01
2015-06-24 16:06:19,858 greedy level = 10
2015-06-24 16:06:19,858 

2015-06-24 16:06:25,375 Starting Training from 2014-12-17 to 2015-01-01
2015-06-24 16:17:56,040 Starting Live from 2015-01-02 to 2015-02-01
2015-06-24 16:46:46,490 Starting Training from 2015-01-17 to 2015-02-01
2015-06-24 16:48:22,900 Starting Live from 2015-02-02 to 2015-03-04
2015-06-24 17:15:06,234 Starting Training from 2015-02-17 to 2015-03-04
2015-06-24 17:17:13,806 Starting Live from 2015-03-05 to 2015-04-04
2015-06-24 17:44:48,618 Starting Training from 2015-03-20 to 2015-04-04
2015-06-24 17:46:24,732 Starting Live from 2015-04-05 to 2015-04-10
2015-06-24 17:55:07,690 Starting Q Learning for : 
2015-06-24 17:55:07,690 alpha = 0.4
2015-06-24 17:55:07,690 gamma = 0.6
2015-06-24 17:55:07,690 individual factor = 12
2015-06-24 17:55:07,690 zero range = 0.01
2015-06-24 17:55:07,690 greedy level = 10
2015-06-24 17:55:07,690 

2015-06-24 17:55:12,684 Starting Training from 2014-12-17 to 2015-01-01
2015-06-24 18:06:32,703 Starting Live from 2015-01-02 to 2015-02-01
2015-06-24 18:34:14,519 Starting Training from 2015-01-17 to 2015-02-01
2015-06-24 18:35:54,798 Starting Live from 2015-02-02 to 2015-03-04
2015-06-24 19:00:59,785 Starting Training from 2015-02-17 to 2015-03-04
2015-06-24 19:03:35,701 Starting Live from 2015-03-05 to 2015-04-04
2015-06-24 19:30:09,374 Starting Training from 2015-03-20 to 2015-04-04
2015-06-24 19:31:55,674 Starting Live from 2015-04-05 to 2015-04-10
2015-06-24 19:40:09,529 Starting Q Learning for : 
2015-06-24 19:40:09,529 alpha = 0.4
2015-06-24 19:40:09,529 gamma = 0.7
2015-06-24 19:40:09,529 individual factor = 12
2015-06-24 19:40:09,529 zero range = 0.01
2015-06-24 19:40:09,529 greedy level = 10
2015-06-24 19:40:09,529 

2015-06-24 19:40:15,936 Starting Training from 2014-12-17 to 2015-01-01
2015-06-24 19:52:00,086 Starting Live from 2015-01-02 to 2015-02-01
2015-06-24 20:11:46,404 Starting Training from 2015-01-17 to 2015-02-01
2015-06-24 20:13:19,017 Starting Live from 2015-02-02 to 2015-03-04
2015-06-24 20:20:51,323 Starting Training from 2015-02-17 to 2015-03-04
2015-06-24 20:28:09,335 Starting Live from 2015-03-05 to 2015-04-04
2015-06-24 20:40:30,615 Starting Training from 2015-03-20 to 2015-04-04
2015-06-24 20:44:08,555 Starting Live from 2015-04-05 to 2015-04-10
2015-06-24 20:48:06,789 Starting Q Learning for : 
2015-06-24 20:48:06,789 alpha = 0.4
2015-06-24 20:48:06,789 gamma = 0.8
2015-06-24 20:48:06,789 individual factor = 12
2015-06-24 20:48:06,789 zero range = 0.01
2015-06-24 20:48:06,789 greedy level = 10
2015-06-24 20:48:06,789 

2015-06-24 20:48:13,470 Starting Training from 2014-12-17 to 2015-01-01
2015-06-24 20:59:13,170 Starting Live from 2015-01-02 to 2015-02-01
2015-06-24 21:16:34,227 Starting Training from 2015-01-17 to 2015-02-01
2015-06-24 21:18:03,523 Starting Live from 2015-02-02 to 2015-03-04
2015-06-24 21:22:46,165 Starting Training from 2015-02-17 to 2015-03-04
2015-06-24 21:31:34,151 Starting Live from 2015-03-05 to 2015-04-04
2015-06-24 21:42:25,911 Starting Training from 2015-03-20 to 2015-04-04
2015-06-24 21:45:25,688 Starting Live from 2015-04-05 to 2015-04-10
2015-06-24 21:47:13,632 Starting Q Learning for : 
2015-06-24 21:47:13,632 alpha = 0.2
2015-06-24 21:47:13,632 gamma = 0.1
2015-06-24 21:47:13,632 individual factor = 12
2015-06-24 21:47:13,632 zero range = 0.01
2015-06-24 21:47:13,632 greedy level = 10
2015-06-24 21:47:13,632 

2015-06-24 21:47:18,861 Starting Training from 2014-12-17 to 2015-01-01
2015-06-24 21:58:43,239 Starting Live from 2015-01-02 to 2015-02-01
2015-06-24 22:24:33,713 Starting Training from 2015-01-17 to 2015-02-01
2015-06-24 22:25:56,260 Starting Live from 2015-02-02 to 2015-03-04
2015-06-24 22:49:27,812 Starting Training from 2015-02-17 to 2015-03-04
2015-06-24 22:51:52,430 Starting Live from 2015-03-05 to 2015-04-04
2015-06-24 23:14:38,888 Starting Training from 2015-03-20 to 2015-04-04
2015-06-24 23:16:18,423 Starting Live from 2015-04-05 to 2015-04-10
2015-06-24 23:24:06,221 Starting Q Learning for : 
2015-06-24 23:24:06,223 alpha = 0.2
2015-06-24 23:24:06,223 gamma = 0.7
2015-06-24 23:24:06,223 individual factor = 12
2015-06-24 23:24:06,223 zero range = 0.01
2015-06-24 23:24:06,223 greedy level = 10
2015-06-24 23:24:06,223 

2015-06-24 23:24:11,275 Starting Training from 2014-12-17 to 2015-01-01
2015-06-24 23:35:08,502 Starting Live from 2015-01-02 to 2015-02-01
2015-06-24 23:53:48,844 Starting Training from 2015-01-17 to 2015-02-01
2015-06-24 23:55:16,082 Starting Live from 2015-02-02 to 2015-03-04
2015-06-25 00:02:59,888 Starting Training from 2015-02-17 to 2015-03-04
2015-06-25 00:09:35,246 Starting Live from 2015-03-05 to 2015-04-04
2015-06-25 00:23:11,463 Starting Training from 2015-03-20 to 2015-04-04
2015-06-25 00:27:24,355 Starting Live from 2015-04-05 to 2015-04-10
2015-06-25 00:31:04,732 Starting Q Learning for : 
2015-06-25 00:31:04,732 alpha = 0.2
2015-06-25 00:31:04,732 gamma = 0.8
2015-06-25 00:31:04,732 individual factor = 12
2015-06-25 00:31:04,732 zero range = 0.01
2015-06-25 00:31:04,732 greedy level = 10
2015-06-25 00:31:04,732 

2015-06-25 00:31:09,556 Starting Training from 2014-12-17 to 2015-01-01
2015-06-25 00:41:40,135 Starting Live from 2015-01-02 to 2015-02-01
2015-06-25 00:56:45,025 Starting Training from 2015-01-17 to 2015-02-01
2015-06-25 00:58:05,428 Starting Live from 2015-02-02 to 2015-03-04
2015-06-25 01:02:18,990 Starting Training from 2015-02-17 to 2015-03-04
2015-06-25 01:10:49,711 Starting Live from 2015-03-05 to 2015-04-04
2015-06-25 01:20:43,188 Starting Training from 2015-03-20 to 2015-04-04
2015-06-25 01:23:33,392 Starting Live from 2015-04-05 to 2015-04-10
2015-06-25 01:25:18,460 Starting Q Learning for : 
2015-06-25 01:25:18,460 alpha = 0.8
2015-06-25 01:25:18,461 gamma = 0.1
2015-06-25 01:25:18,461 individual factor = 12
2015-06-25 01:25:18,461 zero range = 0.01
2015-06-25 01:25:18,461 greedy level = 10
2015-06-25 01:25:18,461 

2015-06-25 01:25:24,414 Starting Training from 2014-12-17 to 2015-01-01
2015-06-25 01:36:26,719 Starting Live from 2015-01-02 to 2015-02-01
2015-06-25 02:01:16,157 Starting Training from 2015-01-17 to 2015-02-01
2015-06-25 02:02:34,911 Starting Live from 2015-02-02 to 2015-03-04
2015-06-25 02:25:53,204 Starting Training from 2015-02-17 to 2015-03-04
2015-06-25 02:27:54,487 Starting Live from 2015-03-05 to 2015-04-04
2015-06-25 02:48:43,433 Starting Training from 2015-03-20 to 2015-04-04
2015-06-25 02:50:36,153 Starting Live from 2015-04-05 to 2015-04-10
2015-06-25 02:56:50,747 Starting Q Learning for : 
2015-06-25 02:56:50,747 alpha = 0.8
2015-06-25 02:56:50,747 gamma = 0.2
2015-06-25 02:56:50,747 individual factor = 12
2015-06-25 02:56:50,747 zero range = 0.01
2015-06-25 02:56:50,747 greedy level = 10
2015-06-25 02:56:50,747 

2015-06-25 02:56:56,901 Starting Training from 2014-12-17 to 2015-01-01
2015-06-25 03:07:22,924 Starting Live from 2015-01-02 to 2015-02-01
2015-06-25 03:32:17,355 Starting Training from 2015-01-17 to 2015-02-01
2015-06-25 03:33:36,818 Starting Live from 2015-02-02 to 2015-03-04
2015-06-25 03:56:59,033 Starting Training from 2015-02-17 to 2015-03-04
2015-06-25 03:58:48,661 Starting Live from 2015-03-05 to 2015-04-04
2015-06-25 04:22:03,456 Starting Training from 2015-03-20 to 2015-04-04
2015-06-25 04:23:59,263 Starting Live from 2015-04-05 to 2015-04-10
2015-06-25 04:31:43,244 Starting Q Learning for : 
2015-06-25 04:31:43,244 alpha = 0.8
2015-06-25 04:31:43,244 gamma = 0.3
2015-06-25 04:31:43,244 individual factor = 12
2015-06-25 04:31:43,244 zero range = 0.01
2015-06-25 04:31:43,244 greedy level = 10
2015-06-25 04:31:43,244 

2015-06-25 04:31:48,434 Starting Training from 2014-12-17 to 2015-01-01
2015-06-25 04:41:46,490 Starting Live from 2015-01-02 to 2015-02-01
2015-06-25 05:06:34,815 Starting Training from 2015-01-17 to 2015-02-01
2015-06-25 05:08:09,026 Starting Live from 2015-02-02 to 2015-03-04
2015-06-25 05:31:25,065 Starting Training from 2015-02-17 to 2015-03-04
2015-06-25 05:33:43,499 Starting Live from 2015-03-05 to 2015-04-04
2015-06-25 05:59:41,302 Starting Training from 2015-03-20 to 2015-04-04
2015-06-25 06:01:09,769 Starting Live from 2015-04-05 to 2015-04-10
