2015-06-20 01:57:12,730 Starting Q Learning for : 
2015-06-20 01:57:12,730 alpha = 0.5
2015-06-20 01:57:12,730 gamma = 0.1
2015-06-20 01:57:12,732 individual factor = 8
2015-06-20 01:57:12,732 zero range = 0.002
2015-06-20 01:57:12,732 greedy level = 5
2015-06-20 01:57:12,732 

2015-06-20 01:57:19,134 Starting Training from 2014-12-17 to 2015-01-01
2015-06-20 02:07:58,157 Starting Live from 2015-01-02 to 2015-02-01
2015-06-20 02:28:05,193 Starting Training from 2015-01-17 to 2015-02-01
2015-06-20 02:29:02,637 Starting Live from 2015-02-02 to 2015-03-04
2015-06-20 02:52:53,454 Starting Training from 2015-02-17 to 2015-03-04
2015-06-20 02:54:17,456 Starting Live from 2015-03-05 to 2015-04-04
2015-06-20 03:43:04,332 Starting Training from 2015-03-20 to 2015-04-04
2015-06-20 03:44:10,703 Starting Live from 2015-04-05 to 2015-04-10
2015-06-20 03:56:08,634 Starting Q Learning for : 
2015-06-20 03:56:08,634 alpha = 0.5
2015-06-20 03:56:08,634 gamma = 0.2
2015-06-20 03:56:08,634 individual factor = 8
2015-06-20 03:56:08,634 zero range = 0.002
2015-06-20 03:56:08,634 greedy level = 5
2015-06-20 03:56:08,634 

2015-06-20 03:56:10,138 Starting Training from 2014-12-17 to 2015-01-01
2015-06-20 04:05:56,601 Starting Live from 2015-01-02 to 2015-02-01
2015-06-20 04:25:46,303 Starting Training from 2015-01-17 to 2015-02-01
2015-06-20 04:26:45,178 Starting Live from 2015-02-02 to 2015-03-04
2015-06-20 04:49:59,634 Starting Training from 2015-02-17 to 2015-03-04
2015-06-20 04:51:23,517 Starting Live from 2015-03-05 to 2015-04-04
2015-06-20 05:17:20,697 Starting Training from 2015-03-20 to 2015-04-04
2015-06-20 05:18:30,851 Starting Live from 2015-04-05 to 2015-04-10
2015-06-20 05:25:54,822 Starting Q Learning for : 
2015-06-20 05:25:54,822 alpha = 0.4
2015-06-20 05:25:54,822 gamma = 0.3
2015-06-20 05:25:54,822 individual factor = 8
2015-06-20 05:25:54,822 zero range = 0.002
2015-06-20 05:25:54,822 greedy level = 5
2015-06-20 05:25:54,822 

2015-06-20 05:25:56,414 Starting Training from 2014-12-17 to 2015-01-01
2015-06-20 05:36:06,493 Starting Live from 2015-01-02 to 2015-02-01
2015-06-20 05:55:54,266 Starting Training from 2015-01-17 to 2015-02-01
2015-06-20 05:57:09,749 Starting Live from 2015-02-02 to 2015-03-04
2015-06-20 06:21:12,229 Starting Training from 2015-02-17 to 2015-03-04
2015-06-20 06:22:38,049 Starting Live from 2015-03-05 to 2015-04-04
2015-06-20 06:48:02,595 Starting Training from 2015-03-20 to 2015-04-04
2015-06-20 06:49:03,809 Starting Live from 2015-04-05 to 2015-04-10
2015-06-20 06:56:35,006 Starting Q Learning for : 
2015-06-20 06:56:35,006 alpha = 0.4
2015-06-20 06:56:35,006 gamma = 0.4
2015-06-20 06:56:35,006 individual factor = 8
2015-06-20 06:56:35,006 zero range = 0.002
2015-06-20 06:56:35,006 greedy level = 5
2015-06-20 06:56:35,006 

2015-06-20 06:56:36,598 Starting Training from 2014-12-17 to 2015-01-01
2015-06-20 07:07:16,832 Starting Live from 2015-01-02 to 2015-02-01
2015-06-20 07:27:06,505 Starting Training from 2015-01-17 to 2015-02-01
2015-06-20 07:28:05,871 Starting Live from 2015-02-02 to 2015-03-04
2015-06-20 07:51:24,747 Starting Training from 2015-02-17 to 2015-03-04
2015-06-20 07:52:50,884 Starting Live from 2015-03-05 to 2015-04-04
2015-06-20 08:17:34,592 Starting Training from 2015-03-20 to 2015-04-04
2015-06-20 08:18:38,364 Starting Live from 2015-04-05 to 2015-04-10
2015-06-20 08:25:48,380 Starting Q Learning for : 
2015-06-20 08:25:48,380 alpha = 0.6
2015-06-20 08:25:48,380 gamma = 0.1
2015-06-20 08:25:48,380 individual factor = 8
2015-06-20 08:25:48,380 zero range = 0.002
2015-06-20 08:25:48,380 greedy level = 5
2015-06-20 08:25:48,380 

2015-06-20 08:25:54,509 Starting Training from 2014-12-17 to 2015-01-01
2015-06-20 08:36:11,421 Starting Live from 2015-01-02 to 2015-02-01
2015-06-20 08:55:01,217 Starting Training from 2015-01-17 to 2015-02-01
2015-06-20 08:55:58,825 Starting Live from 2015-02-02 to 2015-03-04
2015-06-20 09:17:58,211 Starting Training from 2015-02-17 to 2015-03-04
2015-06-20 09:19:17,153 Starting Live from 2015-03-05 to 2015-04-04
2015-06-20 09:43:12,941 Starting Training from 2015-03-20 to 2015-04-04
2015-06-20 09:44:13,776 Starting Live from 2015-04-05 to 2015-04-10
2015-06-20 09:50:59,388 Starting Q Learning for : 
2015-06-20 09:50:59,388 alpha = 0.6
2015-06-20 09:50:59,388 gamma = 0.2
2015-06-20 09:50:59,388 individual factor = 8
2015-06-20 09:50:59,388 zero range = 0.002
2015-06-20 09:50:59,388 greedy level = 5
2015-06-20 09:50:59,388 

2015-06-20 09:51:04,158 Starting Training from 2014-12-17 to 2015-01-01
2015-06-20 10:01:04,351 Starting Live from 2015-01-02 to 2015-02-01
2015-06-20 10:19:27,085 Starting Training from 2015-01-17 to 2015-02-01
2015-06-20 10:20:24,572 Starting Live from 2015-02-02 to 2015-03-04
2015-06-20 10:43:19,882 Starting Training from 2015-02-17 to 2015-03-04
2015-06-20 10:44:39,786 Starting Live from 2015-03-05 to 2015-04-04
2015-06-20 11:15:15,766 Starting Training from 2015-03-20 to 2015-04-04
2015-06-20 11:16:23,098 Starting Live from 2015-04-05 to 2015-04-10
2015-06-20 11:25:27,848 Starting Q Learning for : 
2015-06-20 11:25:27,848 alpha = 0.6
2015-06-20 11:25:27,848 gamma = 0.7
2015-06-20 11:25:27,848 individual factor = 8
2015-06-20 11:25:27,848 zero range = 0.002
2015-06-20 11:25:27,848 greedy level = 5
2015-06-20 11:25:27,848 

2015-06-20 11:25:33,529 Starting Training from 2014-12-17 to 2015-01-01
2015-06-20 11:35:40,871 Starting Live from 2015-01-02 to 2015-02-01
2015-06-20 11:56:35,671 Starting Training from 2015-01-17 to 2015-02-01
2015-06-20 11:57:40,326 Starting Live from 2015-02-02 to 2015-03-04
2015-06-20 12:21:53,454 Starting Training from 2015-02-17 to 2015-03-04
2015-06-20 12:23:47,709 Starting Live from 2015-03-05 to 2015-04-04
2015-06-20 12:51:04,920 Starting Training from 2015-03-20 to 2015-04-04
2015-06-20 12:52:15,098 Starting Live from 2015-04-05 to 2015-04-10
2015-06-20 13:00:06,875 Starting Q Learning for : 
2015-06-20 13:00:06,875 alpha = 0.6
2015-06-20 13:00:06,875 gamma = 0.8
2015-06-20 13:00:06,875 individual factor = 8
2015-06-20 13:00:06,875 zero range = 0.002
2015-06-20 13:00:06,875 greedy level = 5
2015-06-20 13:00:06,875 

2015-06-20 13:00:11,877 Starting Training from 2014-12-17 to 2015-01-01
2015-06-20 13:11:19,121 Starting Live from 2015-01-02 to 2015-02-01
2015-06-20 13:32:26,661 Starting Training from 2015-01-17 to 2015-02-01
2015-06-20 13:33:26,460 Starting Live from 2015-02-02 to 2015-03-04
2015-06-20 13:58:23,913 Starting Training from 2015-02-17 to 2015-03-04
2015-06-20 13:59:53,221 Starting Live from 2015-03-05 to 2015-04-04
2015-06-20 14:26:28,385 Starting Training from 2015-03-20 to 2015-04-04
2015-06-20 14:27:32,690 Starting Live from 2015-04-05 to 2015-04-10
