2015-06-20 01:57:12,730 Starting Q Learning for : 
2015-06-20 01:57:12,732 alpha = 0.5
2015-06-20 01:57:12,732 gamma = 0.5
2015-06-20 01:57:12,732 individual factor = 8
2015-06-20 01:57:12,732 zero range = 0.002
2015-06-20 01:57:12,732 greedy level = 5
2015-06-20 01:57:12,732 

2015-06-20 01:57:20,838 Starting Training from 2014-12-17 to 2015-01-01
2015-06-20 02:07:57,806 Starting Live from 2015-01-02 to 2015-02-01
2015-06-20 02:28:13,098 Starting Training from 2015-01-17 to 2015-02-01
2015-06-20 02:29:10,417 Starting Live from 2015-02-02 to 2015-03-04
2015-06-20 02:52:31,052 Starting Training from 2015-02-17 to 2015-03-04
2015-06-20 02:53:51,680 Starting Live from 2015-03-05 to 2015-04-04
2015-06-20 03:21:45,269 Starting Training from 2015-03-20 to 2015-04-04
2015-06-20 03:22:48,063 Starting Live from 2015-04-05 to 2015-04-10
2015-06-20 03:31:40,589 Starting Q Learning for : 
2015-06-20 03:31:40,589 alpha = 0.5
2015-06-20 03:31:40,589 gamma = 0.6
2015-06-20 03:31:40,589 individual factor = 8
2015-06-20 03:31:40,589 zero range = 0.002
2015-06-20 03:31:40,589 greedy level = 5
2015-06-20 03:31:40,589 

2015-06-20 03:31:46,551 Starting Training from 2014-12-17 to 2015-01-01
2015-06-20 03:41:38,989 Starting Live from 2015-01-02 to 2015-02-01
2015-06-20 04:01:47,809 Starting Training from 2015-01-17 to 2015-02-01
2015-06-20 04:02:48,289 Starting Live from 2015-02-02 to 2015-03-04
2015-06-20 04:26:18,025 Starting Training from 2015-02-17 to 2015-03-04
2015-06-20 04:27:43,318 Starting Live from 2015-03-05 to 2015-04-04
2015-06-20 04:54:00,555 Starting Training from 2015-03-20 to 2015-04-04
2015-06-20 04:55:20,526 Starting Live from 2015-04-05 to 2015-04-10
2015-06-20 05:03:14,803 Starting Q Learning for : 
2015-06-20 05:03:14,803 alpha = 0.5
2015-06-20 05:03:14,803 gamma = 0.7
2015-06-20 05:03:14,803 individual factor = 8
2015-06-20 05:03:14,803 zero range = 0.002
2015-06-20 05:03:14,805 greedy level = 5
2015-06-20 05:03:14,805 

2015-06-20 05:03:20,039 Starting Training from 2014-12-17 to 2015-01-01
2015-06-20 05:13:13,187 Starting Live from 2015-01-02 to 2015-02-01
2015-06-20 05:33:14,796 Starting Training from 2015-01-17 to 2015-02-01
2015-06-20 05:34:14,996 Starting Live from 2015-02-02 to 2015-03-04
2015-06-20 05:58:48,242 Starting Training from 2015-02-17 to 2015-03-04
2015-06-20 06:00:22,676 Starting Live from 2015-03-05 to 2015-04-04
2015-06-20 06:27:21,555 Starting Training from 2015-03-20 to 2015-04-04
2015-06-20 06:28:24,858 Starting Live from 2015-04-05 to 2015-04-10
2015-06-20 06:36:24,362 Starting Q Learning for : 
2015-06-20 06:36:24,364 alpha = 0.5
2015-06-20 06:36:24,364 gamma = 0.8
2015-06-20 06:36:24,364 individual factor = 8
2015-06-20 06:36:24,364 zero range = 0.002
2015-06-20 06:36:24,364 greedy level = 5
2015-06-20 06:36:24,364 

2015-06-20 06:36:29,634 Starting Training from 2014-12-17 to 2015-01-01
2015-06-20 06:47:22,710 Starting Live from 2015-01-02 to 2015-02-01
2015-06-20 07:07:31,661 Starting Training from 2015-01-17 to 2015-02-01
2015-06-20 07:08:32,469 Starting Live from 2015-02-02 to 2015-03-04
2015-06-20 07:32:27,471 Starting Training from 2015-02-17 to 2015-03-04
2015-06-20 07:33:53,732 Starting Live from 2015-03-05 to 2015-04-04
2015-06-20 07:59:48,154 Starting Training from 2015-03-20 to 2015-04-04
2015-06-20 08:00:50,936 Starting Live from 2015-04-05 to 2015-04-10
2015-06-20 08:09:10,009 Starting Q Learning for : 
2015-06-20 08:09:10,009 alpha = 0.4
2015-06-20 08:09:10,009 gamma = 0.5
2015-06-20 08:09:10,009 individual factor = 8
2015-06-20 08:09:10,009 zero range = 0.002
2015-06-20 08:09:10,009 greedy level = 5
2015-06-20 08:09:10,009 

2015-06-20 08:09:15,658 Starting Training from 2014-12-17 to 2015-01-01
2015-06-20 08:18:55,443 Starting Live from 2015-01-02 to 2015-02-01
2015-06-20 08:38:16,316 Starting Training from 2015-01-17 to 2015-02-01
2015-06-20 08:39:12,714 Starting Live from 2015-02-02 to 2015-03-04
2015-06-20 09:01:28,671 Starting Training from 2015-02-17 to 2015-03-04
2015-06-20 09:02:44,819 Starting Live from 2015-03-05 to 2015-04-04
2015-06-20 09:28:16,651 Starting Training from 2015-03-20 to 2015-04-04
2015-06-20 09:29:16,094 Starting Live from 2015-04-05 to 2015-04-10
2015-06-20 09:37:07,940 Starting Q Learning for : 
2015-06-20 09:37:07,941 alpha = 0.4
2015-06-20 09:37:07,941 gamma = 0.6
2015-06-20 09:37:07,941 individual factor = 8
2015-06-20 09:37:07,941 zero range = 0.002
2015-06-20 09:37:07,941 greedy level = 5
2015-06-20 09:37:07,941 

2015-06-20 09:37:12,334 Starting Training from 2014-12-17 to 2015-01-01
2015-06-20 09:46:13,894 Starting Live from 2015-01-02 to 2015-02-01
2015-06-20 10:04:50,562 Starting Training from 2015-01-17 to 2015-02-01
2015-06-20 10:05:47,756 Starting Live from 2015-02-02 to 2015-03-04
2015-06-20 10:28:01,068 Starting Training from 2015-02-17 to 2015-03-04
2015-06-20 10:29:23,957 Starting Live from 2015-03-05 to 2015-04-04
2015-06-20 10:55:04,088 Starting Training from 2015-03-20 to 2015-04-04
2015-06-20 10:56:27,739 Starting Live from 2015-04-05 to 2015-04-10
2015-06-20 11:05:45,477 Starting Q Learning for : 
2015-06-20 11:05:45,477 alpha = 0.6
2015-06-20 11:05:45,477 gamma = 0.3
2015-06-20 11:05:45,477 individual factor = 8
2015-06-20 11:05:45,477 zero range = 0.002
2015-06-20 11:05:45,477 greedy level = 5
2015-06-20 11:05:45,477 

2015-06-20 11:05:51,257 Starting Training from 2014-12-17 to 2015-01-01
2015-06-20 11:16:08,099 Starting Live from 2015-01-02 to 2015-02-01
2015-06-20 11:36:51,242 Starting Training from 2015-01-17 to 2015-02-01
2015-06-20 11:37:50,259 Starting Live from 2015-02-02 to 2015-03-04
2015-06-20 12:03:04,464 Starting Training from 2015-02-17 to 2015-03-04
2015-06-20 12:04:46,960 Starting Live from 2015-03-05 to 2015-04-04
2015-06-20 12:32:37,611 Starting Training from 2015-03-20 to 2015-04-04
2015-06-20 12:33:46,822 Starting Live from 2015-04-05 to 2015-04-10
2015-06-20 12:42:02,246 Starting Q Learning for : 
2015-06-20 12:42:02,246 alpha = 0.6
2015-06-20 12:42:02,246 gamma = 0.4
2015-06-20 12:42:02,246 individual factor = 8
2015-06-20 12:42:02,246 zero range = 0.002
2015-06-20 12:42:02,246 greedy level = 5
2015-06-20 12:42:02,246 

2015-06-20 12:42:10,542 Starting Training from 2014-12-17 to 2015-01-01
2015-06-20 12:53:15,029 Starting Live from 2015-01-02 to 2015-02-01
2015-06-20 13:14:12,875 Starting Training from 2015-01-17 to 2015-02-01
2015-06-20 13:15:20,710 Starting Live from 2015-02-02 to 2015-03-04
2015-06-20 13:40:02,171 Starting Training from 2015-02-17 to 2015-03-04
2015-06-20 13:41:31,165 Starting Live from 2015-03-05 to 2015-04-04
2015-06-20 14:08:16,767 Starting Training from 2015-03-20 to 2015-04-04
2015-06-20 14:09:49,917 Starting Live from 2015-04-05 to 2015-04-10
