2015-06-20 01:57:12,730 Starting Q Learning for : 
2015-06-20 01:57:12,732 alpha = 0.5
2015-06-20 01:57:12,732 gamma = 0.3
2015-06-20 01:57:12,732 individual factor = 8
2015-06-20 01:57:12,732 zero range = 0.002
2015-06-20 01:57:12,732 greedy level = 5
2015-06-20 01:57:12,732 

2015-06-20 01:57:20,838 Starting Training from 2014-12-17 to 2015-01-01
2015-06-20 02:07:59,456 Starting Live from 2015-01-02 to 2015-02-01
2015-06-20 02:28:03,456 Starting Training from 2015-01-17 to 2015-02-01
2015-06-20 02:29:01,019 Starting Live from 2015-02-02 to 2015-03-04
2015-06-20 02:52:53,582 Starting Training from 2015-02-17 to 2015-03-04
2015-06-20 02:54:17,456 Starting Live from 2015-03-05 to 2015-04-04
2015-06-20 03:29:41,309 Starting Training from 2015-03-20 to 2015-04-04
2015-06-20 03:31:01,994 Starting Live from 2015-04-05 to 2015-04-10
2015-06-20 03:40:06,217 Starting Q Learning for : 
2015-06-20 03:40:06,217 alpha = 0.5
2015-06-20 03:40:06,217 gamma = 0.4
2015-06-20 03:40:06,217 individual factor = 8
2015-06-20 03:40:06,217 zero range = 0.002
2015-06-20 03:40:06,217 greedy level = 5
2015-06-20 03:40:06,217 

2015-06-20 03:40:11,651 Starting Training from 2014-12-17 to 2015-01-01
2015-06-20 03:50:34,380 Starting Live from 2015-01-02 to 2015-02-01
2015-06-20 04:10:14,812 Starting Training from 2015-01-17 to 2015-02-01
2015-06-20 04:11:35,423 Starting Live from 2015-02-02 to 2015-03-04
2015-06-20 04:35:47,528 Starting Training from 2015-02-17 to 2015-03-04
2015-06-20 04:37:12,638 Starting Live from 2015-03-05 to 2015-04-04
2015-06-20 05:03:50,907 Starting Training from 2015-03-20 to 2015-04-04
2015-06-20 05:04:53,796 Starting Live from 2015-04-05 to 2015-04-10
2015-06-20 05:12:43,878 Starting Q Learning for : 
2015-06-20 05:12:43,878 alpha = 0.4
2015-06-20 05:12:43,878 gamma = 0.1
2015-06-20 05:12:43,878 individual factor = 8
2015-06-20 05:12:43,878 zero range = 0.002
2015-06-20 05:12:43,878 greedy level = 5
2015-06-20 05:12:43,878 

2015-06-20 05:12:48,434 Starting Training from 2014-12-17 to 2015-01-01
2015-06-20 05:23:21,112 Starting Live from 2015-01-02 to 2015-02-01
2015-06-20 05:43:20,091 Starting Training from 2015-01-17 to 2015-02-01
2015-06-20 05:44:20,217 Starting Live from 2015-02-02 to 2015-03-04
2015-06-20 06:08:01,956 Starting Training from 2015-02-17 to 2015-03-04
2015-06-20 06:09:25,809 Starting Live from 2015-03-05 to 2015-04-04
2015-06-20 06:34:49,710 Starting Training from 2015-03-20 to 2015-04-04
2015-06-20 06:35:53,211 Starting Live from 2015-04-05 to 2015-04-10
2015-06-20 06:44:14,479 Starting Q Learning for : 
2015-06-20 06:44:14,479 alpha = 0.4
2015-06-20 06:44:14,479 gamma = 0.2
2015-06-20 06:44:14,479 individual factor = 8
2015-06-20 06:44:14,479 zero range = 0.002
2015-06-20 06:44:14,479 greedy level = 5
2015-06-20 06:44:14,479 

2015-06-20 06:44:19,375 Starting Training from 2014-12-17 to 2015-01-01
2015-06-20 06:54:12,486 Starting Live from 2015-01-02 to 2015-02-01
2015-06-20 07:14:11,625 Starting Training from 2015-01-17 to 2015-02-01
2015-06-20 07:15:10,299 Starting Live from 2015-02-02 to 2015-03-04
2015-06-20 07:39:09,686 Starting Training from 2015-02-17 to 2015-03-04
2015-06-20 07:40:31,233 Starting Live from 2015-03-05 to 2015-04-04
2015-06-20 08:08:41,707 Starting Training from 2015-03-20 to 2015-04-04
2015-06-20 08:09:50,490 Starting Live from 2015-04-05 to 2015-04-10
2015-06-20 08:17:26,496 Starting Q Learning for : 
2015-06-20 08:17:26,496 alpha = 0.4
2015-06-20 08:17:26,496 gamma = 0.7
2015-06-20 08:17:26,496 individual factor = 8
2015-06-20 08:17:26,496 zero range = 0.002
2015-06-20 08:17:26,496 greedy level = 5
2015-06-20 08:17:26,496 

2015-06-20 08:17:31,706 Starting Training from 2014-12-17 to 2015-01-01
2015-06-20 08:27:29,815 Starting Live from 2015-01-02 to 2015-02-01
2015-06-20 08:46:06,071 Starting Training from 2015-01-17 to 2015-02-01
2015-06-20 08:47:03,974 Starting Live from 2015-02-02 to 2015-03-04
2015-06-20 09:09:24,634 Starting Training from 2015-02-17 to 2015-03-04
2015-06-20 09:11:06,128 Starting Live from 2015-03-05 to 2015-04-04
2015-06-20 09:35:13,109 Starting Training from 2015-03-20 to 2015-04-04
2015-06-20 09:36:15,219 Starting Live from 2015-04-05 to 2015-04-10
2015-06-20 09:43:18,821 Starting Q Learning for : 
2015-06-20 09:43:18,821 alpha = 0.4
2015-06-20 09:43:18,822 gamma = 0.8
2015-06-20 09:43:18,822 individual factor = 8
2015-06-20 09:43:18,822 zero range = 0.002
2015-06-20 09:43:18,822 greedy level = 5
2015-06-20 09:43:18,822 

2015-06-20 09:43:23,358 Starting Training from 2014-12-17 to 2015-01-01
2015-06-20 09:52:30,227 Starting Live from 2015-01-02 to 2015-02-01
2015-06-20 10:11:06,010 Starting Training from 2015-01-17 to 2015-02-01
2015-06-20 10:12:02,276 Starting Live from 2015-02-02 to 2015-03-04
2015-06-20 10:34:22,059 Starting Training from 2015-02-17 to 2015-03-04
2015-06-20 10:35:42,661 Starting Live from 2015-03-05 to 2015-04-04
2015-06-20 11:02:05,536 Starting Training from 2015-03-20 to 2015-04-04
2015-06-20 11:03:14,285 Starting Live from 2015-04-05 to 2015-04-10
2015-06-20 11:10:57,671 Starting Q Learning for : 
2015-06-20 11:10:57,671 alpha = 0.6
2015-06-20 11:10:57,671 gamma = 0.5
2015-06-20 11:10:57,671 individual factor = 8
2015-06-20 11:10:57,671 zero range = 0.002
2015-06-20 11:10:57,671 greedy level = 5
2015-06-20 11:10:57,671 

2015-06-20 11:10:59,736 Starting Training from 2014-12-17 to 2015-01-01
2015-06-20 11:21:58,770 Starting Live from 2015-01-02 to 2015-02-01
2015-06-20 11:42:30,259 Starting Training from 2015-01-17 to 2015-02-01
2015-06-20 11:43:42,615 Starting Live from 2015-02-02 to 2015-03-04
2015-06-20 12:08:08,812 Starting Training from 2015-02-17 to 2015-03-04
2015-06-20 12:09:36,608 Starting Live from 2015-03-05 to 2015-04-04
2015-06-20 12:36:52,318 Starting Training from 2015-03-20 to 2015-04-04
2015-06-20 12:38:11,372 Starting Live from 2015-04-05 to 2015-04-10
2015-06-20 12:46:58,339 Starting Q Learning for : 
2015-06-20 12:46:58,339 alpha = 0.6
2015-06-20 12:46:58,339 gamma = 0.6
2015-06-20 12:46:58,341 individual factor = 8
2015-06-20 12:46:58,341 zero range = 0.002
2015-06-20 12:46:58,341 greedy level = 5
2015-06-20 12:46:58,341 

2015-06-20 12:47:00,088 Starting Training from 2014-12-17 to 2015-01-01
2015-06-20 12:57:33,976 Starting Live from 2015-01-02 to 2015-02-01
2015-06-20 13:18:30,345 Starting Training from 2015-01-17 to 2015-02-01
2015-06-20 13:19:32,410 Starting Live from 2015-02-02 to 2015-03-04
2015-06-20 13:44:26,207 Starting Training from 2015-02-17 to 2015-03-04
2015-06-20 13:45:57,459 Starting Live from 2015-03-05 to 2015-04-04
2015-06-20 14:15:21,789 Starting Training from 2015-03-20 to 2015-04-04
2015-06-20 14:16:29,515 Starting Live from 2015-04-05 to 2015-04-10
