2015-06-25 19:24:13,346 Starting Q Learning for : 
2015-06-25 19:24:13,348 alpha = 0.5
2015-06-25 19:24:13,348 gamma = 0.1
2015-06-25 19:24:13,348 individual factor = 8
2015-06-25 19:24:13,348 zero range = 0.01
2015-06-25 19:24:13,348 greedy level = 5
2015-06-25 19:24:13,348 

2015-06-25 19:24:25,746 Starting Training from 2014-12-17 to 2015-01-01
2015-06-25 19:39:05,124 Starting Live from 2015-01-02 to 2015-02-01
2015-06-25 20:12:21,477 Starting Training from 2015-01-17 to 2015-02-01
2015-06-25 20:14:00,403 Starting Live from 2015-02-02 to 2015-03-04
2015-06-25 20:44:50,361 Starting Training from 2015-02-17 to 2015-03-04
2015-06-25 20:47:03,154 Starting Live from 2015-03-05 to 2015-04-04
2015-06-25 21:23:10,362 Starting Training from 2015-03-20 to 2015-04-04
2015-06-25 21:25:03,480 Starting Live from 2015-04-05 to 2015-04-10
2015-06-25 21:33:02,713 Starting Q Learning for : 
2015-06-25 21:33:02,714 alpha = 0.5
2015-06-25 21:33:02,714 gamma = 0.2
2015-06-25 21:33:02,714 individual factor = 8
2015-06-25 21:33:02,714 zero range = 0.01
2015-06-25 21:33:02,714 greedy level = 5
2015-06-25 21:33:02,714 

2015-06-25 21:33:09,068 Starting Training from 2014-12-17 to 2015-01-01
2015-06-25 21:47:30,546 Starting Live from 2015-01-02 to 2015-02-01
2015-06-25 22:20:09,447 Starting Training from 2015-01-17 to 2015-02-01
2015-06-25 22:22:13,457 Starting Live from 2015-02-02 to 2015-03-04
2015-06-25 22:56:46,884 Starting Training from 2015-02-17 to 2015-03-04
2015-06-25 22:59:17,770 Starting Live from 2015-03-05 to 2015-04-04
2015-06-25 23:40:06,010 Starting Training from 2015-03-20 to 2015-04-04
2015-06-25 23:41:59,951 Starting Live from 2015-04-05 to 2015-04-10
2015-06-25 23:51:43,480 Starting Q Learning for : 
2015-06-25 23:51:43,482 alpha = 0.5
2015-06-25 23:51:43,482 gamma = 0.3
2015-06-25 23:51:43,482 individual factor = 8
2015-06-25 23:51:43,482 zero range = 0.01
2015-06-25 23:51:43,482 greedy level = 5
2015-06-25 23:51:43,482 

2015-06-25 23:51:52,197 Starting Training from 2014-12-17 to 2015-01-01
2015-06-26 00:06:24,493 Starting Live from 2015-01-02 to 2015-02-01
2015-06-26 00:40:13,611 Starting Training from 2015-01-17 to 2015-02-01
2015-06-26 00:41:45,542 Starting Live from 2015-02-02 to 2015-03-04
2015-06-26 01:11:58,584 Starting Training from 2015-02-17 to 2015-03-04
2015-06-26 01:14:23,503 Starting Live from 2015-03-05 to 2015-04-04
2015-06-26 01:58:06,102 Starting Training from 2015-03-20 to 2015-04-04
2015-06-26 02:00:05,052 Starting Live from 2015-04-05 to 2015-04-10
2015-06-26 02:10:21,085 Starting Q Learning for : 
2015-06-26 02:10:21,085 alpha = 0.5
2015-06-26 02:10:21,085 gamma = 0.4
2015-06-26 02:10:21,085 individual factor = 8
2015-06-26 02:10:21,085 zero range = 0.01
2015-06-26 02:10:21,085 greedy level = 5
2015-06-26 02:10:21,085 

2015-06-26 02:10:26,839 Starting Training from 2014-12-17 to 2015-01-01
2015-06-26 02:25:01,831 Starting Live from 2015-01-02 to 2015-02-01
2015-06-26 03:00:06,625 Starting Training from 2015-01-17 to 2015-02-01
2015-06-26 03:01:52,160 Starting Live from 2015-02-02 to 2015-03-04
2015-06-26 03:37:31,655 Starting Training from 2015-02-17 to 2015-03-04
2015-06-26 03:40:01,924 Starting Live from 2015-03-05 to 2015-04-04
2015-06-26 04:21:37,638 Starting Training from 2015-03-20 to 2015-04-04
2015-06-26 04:23:50,940 Starting Live from 2015-04-05 to 2015-04-10
2015-06-26 04:32:48,032 Starting Q Learning for : 
2015-06-26 04:32:48,032 alpha = 0.5
2015-06-26 04:32:48,032 gamma = 0.5
2015-06-26 04:32:48,032 individual factor = 8
2015-06-26 04:32:48,032 zero range = 0.01
2015-06-26 04:32:48,032 greedy level = 5
2015-06-26 04:32:48,032 

2015-06-26 04:32:54,085 Starting Training from 2014-12-17 to 2015-01-01
2015-06-26 04:47:49,486 Starting Live from 2015-01-02 to 2015-02-01
2015-06-26 05:21:55,375 Starting Training from 2015-01-17 to 2015-02-01
2015-06-26 05:23:49,328 Starting Live from 2015-02-02 to 2015-03-04
2015-06-26 05:57:14,517 Starting Training from 2015-02-17 to 2015-03-04
2015-06-26 05:59:51,736 Starting Live from 2015-03-05 to 2015-04-04
2015-06-26 06:38:07,016 Starting Training from 2015-03-20 to 2015-04-04
2015-06-26 06:40:24,691 Starting Live from 2015-04-05 to 2015-04-10
2015-06-26 06:49:15,184 Starting Q Learning for : 
2015-06-26 06:49:15,184 alpha = 0.5
2015-06-26 06:49:15,184 gamma = 0.6
2015-06-26 06:49:15,184 individual factor = 8
2015-06-26 06:49:15,184 zero range = 0.01
2015-06-26 06:49:15,184 greedy level = 5
2015-06-26 06:49:15,184 

2015-06-26 06:49:21,114 Starting Training from 2014-12-17 to 2015-01-01
2015-06-26 07:04:07,351 Starting Live from 2015-01-02 to 2015-02-01
2015-06-26 07:37:38,701 Starting Training from 2015-01-17 to 2015-02-01
2015-06-26 07:39:31,127 Starting Live from 2015-02-02 to 2015-03-04
2015-06-26 08:12:56,605 Starting Training from 2015-02-17 to 2015-03-04
2015-06-26 08:15:24,447 Starting Live from 2015-03-05 to 2015-04-04
2015-06-26 08:53:12,318 Starting Training from 2015-03-20 to 2015-04-04
2015-06-26 08:55:01,190 Starting Live from 2015-04-05 to 2015-04-10
2015-06-26 09:02:43,568 Starting Q Learning for : 
2015-06-26 09:02:43,568 alpha = 0.5
2015-06-26 09:02:43,568 gamma = 0.7
2015-06-26 09:02:43,568 individual factor = 8
2015-06-26 09:02:43,568 zero range = 0.01
2015-06-26 09:02:43,568 greedy level = 5
2015-06-26 09:02:43,568 

2015-06-26 09:02:49,381 Starting Training from 2014-12-17 to 2015-01-01
2015-06-26 09:17:20,927 Starting Live from 2015-01-02 to 2015-02-01
2015-06-26 09:47:02,875 Starting Training from 2015-01-17 to 2015-02-01
2015-06-26 09:48:39,276 Starting Live from 2015-02-02 to 2015-03-04
2015-06-26 10:11:15,003 Starting Training from 2015-02-17 to 2015-03-04
2015-06-26 10:16:36,663 Starting Live from 2015-03-05 to 2015-04-04
2015-06-26 10:44:18,161 Starting Training from 2015-03-20 to 2015-04-04
2015-06-26 10:47:31,506 Starting Live from 2015-04-05 to 2015-04-10
2015-06-26 10:53:16,226 Starting Q Learning for : 
2015-06-26 10:53:16,226 alpha = 0.5
2015-06-26 10:53:16,226 gamma = 0.8
2015-06-26 10:53:16,226 individual factor = 8
2015-06-26 10:53:16,226 zero range = 0.01
2015-06-26 10:53:16,226 greedy level = 5
2015-06-26 10:53:16,226 

2015-06-26 10:53:21,492 Starting Training from 2014-12-17 to 2015-01-01
2015-06-26 11:07:53,992 Starting Live from 2015-01-02 to 2015-02-01
2015-06-26 11:34:00,476 Starting Training from 2015-01-17 to 2015-02-01
2015-06-26 11:35:40,105 Starting Live from 2015-02-02 to 2015-03-04
2015-06-26 11:48:55,785 Starting Training from 2015-02-17 to 2015-03-04
2015-06-26 11:57:55,562 Starting Live from 2015-03-05 to 2015-04-04
2015-06-26 12:21:55,967 Starting Training from 2015-03-20 to 2015-04-04
2015-06-26 12:25:12,009 Starting Live from 2015-04-05 to 2015-04-10
2015-06-26 12:31:10,388 Starting Q Learning for : 
2015-06-26 12:31:10,388 alpha = 0.6
2015-06-26 12:31:10,388 gamma = 0.1
2015-06-26 12:31:10,388 individual factor = 8
2015-06-26 12:31:10,388 zero range = 0.01
2015-06-26 12:31:10,388 greedy level = 5
2015-06-26 12:31:10,388 

2015-06-26 12:31:18,903 Starting Training from 2014-12-17 to 2015-01-01
2015-06-26 12:45:24,328 Starting Live from 2015-01-02 to 2015-02-01
2015-06-26 13:19:49,459 Starting Training from 2015-01-17 to 2015-02-01
2015-06-26 13:21:32,322 Starting Live from 2015-02-02 to 2015-03-04
2015-06-26 13:54:43,967 Starting Training from 2015-02-17 to 2015-03-04
2015-06-26 13:57:12,266 Starting Live from 2015-03-05 to 2015-04-04
2015-06-26 14:37:31,289 Starting Training from 2015-03-20 to 2015-04-04
2015-06-26 14:39:55,859 Starting Live from 2015-04-05 to 2015-04-10
2015-06-26 14:50:47,535 Starting Q Learning for : 
2015-06-26 14:50:47,535 alpha = 0.6
2015-06-26 14:50:47,535 gamma = 0.2
2015-06-26 14:50:47,535 individual factor = 8
2015-06-26 14:50:47,535 zero range = 0.01
2015-06-26 14:50:47,535 greedy level = 5
2015-06-26 14:50:47,535 

2015-06-26 14:50:54,269 Starting Training from 2014-12-17 to 2015-01-01
2015-06-26 15:05:27,931 Starting Live from 2015-01-02 to 2015-02-01
2015-06-26 15:41:13,621 Starting Training from 2015-01-17 to 2015-02-01
2015-06-26 15:42:57,825 Starting Live from 2015-02-02 to 2015-03-04
2015-06-26 16:17:11,559 Starting Training from 2015-02-17 to 2015-03-04
2015-06-26 16:19:47,464 Starting Live from 2015-03-05 to 2015-04-04
2015-06-26 16:57:24,345 Starting Training from 2015-03-20 to 2015-04-04
2015-06-26 16:59:23,638 Starting Live from 2015-04-05 to 2015-04-10
2015-06-26 17:08:08,959 Starting Q Learning for : 
2015-06-26 17:08:08,959 alpha = 0.4
2015-06-26 17:08:08,960 gamma = 0.5
2015-06-26 17:08:08,960 individual factor = 8
2015-06-26 17:08:08,960 zero range = 0.01
2015-06-26 17:08:08,960 greedy level = 5
2015-06-26 17:08:08,960 

2015-06-26 17:08:15,059 Starting Training from 2014-12-17 to 2015-01-01
2015-06-26 17:21:58,209 Starting Live from 2015-01-02 to 2015-02-01
2015-06-26 17:56:21,513 Starting Training from 2015-01-17 to 2015-02-01
2015-06-26 17:58:01,010 Starting Live from 2015-02-02 to 2015-03-04
2015-06-26 18:31:03,448 Starting Training from 2015-02-17 to 2015-03-04
2015-06-26 18:34:05,548 Starting Live from 2015-03-05 to 2015-04-04
2015-06-26 19:16:10,078 Starting Training from 2015-03-20 to 2015-04-04
2015-06-26 19:18:55,382 Starting Live from 2015-04-05 to 2015-04-10
2015-06-26 19:28:38,586 Starting Q Learning for : 
2015-06-26 19:28:38,586 alpha = 0.4
2015-06-26 19:28:38,586 gamma = 0.6
2015-06-26 19:28:38,586 individual factor = 8
2015-06-26 19:28:38,588 zero range = 0.01
2015-06-26 19:28:38,588 greedy level = 5
2015-06-26 19:28:38,588 

2015-06-26 19:28:46,049 Starting Training from 2014-12-17 to 2015-01-01
2015-06-26 19:43:13,757 Starting Live from 2015-01-02 to 2015-02-01
2015-06-26 20:16:45,305 Starting Training from 2015-01-17 to 2015-02-01
2015-06-26 20:18:29,828 Starting Live from 2015-02-02 to 2015-03-04
2015-06-26 20:52:58,545 Starting Training from 2015-02-17 to 2015-03-04
2015-06-26 20:55:48,134 Starting Live from 2015-03-05 to 2015-04-04
2015-06-26 21:35:21,148 Starting Training from 2015-03-20 to 2015-04-04
2015-06-26 21:37:26,403 Starting Live from 2015-04-05 to 2015-04-10
2015-06-26 21:45:47,812 Starting Q Learning for : 
2015-06-26 21:45:47,812 alpha = 0.4
2015-06-26 21:45:47,812 gamma = 0.7
2015-06-26 21:45:47,812 individual factor = 8
2015-06-26 21:45:47,812 zero range = 0.01
2015-06-26 21:45:47,812 greedy level = 5
2015-06-26 21:45:47,812 

2015-06-26 21:45:54,098 Starting Training from 2014-12-17 to 2015-01-01
2015-06-26 22:00:33,068 Starting Live from 2015-01-02 to 2015-02-01
2015-06-26 22:30:27,762 Starting Training from 2015-01-17 to 2015-02-01
2015-06-26 22:32:10,694 Starting Live from 2015-02-02 to 2015-03-04
2015-06-26 22:53:06,055 Starting Training from 2015-02-17 to 2015-03-04
2015-06-26 22:58:52,743 Starting Live from 2015-03-05 to 2015-04-04
2015-06-26 23:26:50,548 Starting Training from 2015-03-20 to 2015-04-04
2015-06-26 23:30:57,135 Starting Live from 2015-04-05 to 2015-04-10
2015-06-26 23:37:35,880 Starting Q Learning for : 
2015-06-26 23:37:35,880 alpha = 0.4
2015-06-26 23:37:35,881 gamma = 0.8
2015-06-26 23:37:35,881 individual factor = 8
2015-06-26 23:37:35,881 zero range = 0.01
2015-06-26 23:37:35,881 greedy level = 5
2015-06-26 23:37:35,881 

2015-06-26 23:37:41,122 Starting Training from 2014-12-17 to 2015-01-01
2015-06-26 23:52:32,312 Starting Live from 2015-01-02 to 2015-02-01
2015-06-27 00:19:36,674 Starting Training from 2015-01-17 to 2015-02-01
2015-06-27 00:21:17,796 Starting Live from 2015-02-02 to 2015-03-04
2015-06-27 00:36:32,674 Starting Training from 2015-02-17 to 2015-03-04
2015-06-27 00:45:34,680 Starting Live from 2015-03-05 to 2015-04-04
2015-06-27 01:11:18,450 Starting Training from 2015-03-20 to 2015-04-04
2015-06-27 01:14:00,571 Starting Live from 2015-04-05 to 2015-04-10
2015-06-27 01:19:16,775 Starting Q Learning for : 
2015-06-27 01:19:16,775 alpha = 0.2
2015-06-27 01:19:16,775 gamma = 0.1
2015-06-27 01:19:16,775 individual factor = 8
2015-06-27 01:19:16,776 zero range = 0.01
2015-06-27 01:19:16,776 greedy level = 5
2015-06-27 01:19:16,776 

2015-06-27 01:19:23,187 Starting Training from 2014-12-17 to 2015-01-01
2015-06-27 01:33:58,993 Starting Live from 2015-01-02 to 2015-02-01
2015-06-27 02:08:23,395 Starting Training from 2015-01-17 to 2015-02-01
2015-06-27 02:10:17,655 Starting Live from 2015-02-02 to 2015-03-04
2015-06-27 02:44:20,344 Starting Training from 2015-02-17 to 2015-03-04
2015-06-27 02:46:53,206 Starting Live from 2015-03-05 to 2015-04-04
2015-06-27 03:28:08,365 Starting Training from 2015-03-20 to 2015-04-04
2015-06-27 03:30:21,614 Starting Live from 2015-04-05 to 2015-04-10
2015-06-27 03:39:38,355 Starting Q Learning for : 
2015-06-27 03:39:38,355 alpha = 0.2
2015-06-27 03:39:38,355 gamma = 0.2
2015-06-27 03:39:38,355 individual factor = 8
2015-06-27 03:39:38,357 zero range = 0.01
2015-06-27 03:39:38,357 greedy level = 5
2015-06-27 03:39:38,357 

2015-06-27 03:39:47,551 Starting Training from 2014-12-17 to 2015-01-01
2015-06-27 03:54:13,641 Starting Live from 2015-01-02 to 2015-02-01
2015-06-27 04:28:26,667 Starting Training from 2015-01-17 to 2015-02-01
2015-06-27 04:30:11,865 Starting Live from 2015-02-02 to 2015-03-04
2015-06-27 05:03:47,714 Starting Training from 2015-02-17 to 2015-03-04
2015-06-27 05:06:12,082 Starting Live from 2015-03-05 to 2015-04-04
2015-06-27 05:45:42,076 Starting Training from 2015-03-20 to 2015-04-04
2015-06-27 05:48:02,417 Starting Live from 2015-04-05 to 2015-04-10
2015-06-27 05:57:40,325 Starting Q Learning for : 
2015-06-27 05:57:40,325 alpha = 0.2
2015-06-27 05:57:40,325 gamma = 0.3
2015-06-27 05:57:40,325 individual factor = 8
2015-06-27 05:57:40,325 zero range = 0.01
2015-06-27 05:57:40,325 greedy level = 5
2015-06-27 05:57:40,325 

2015-06-27 05:57:48,436 Starting Training from 2014-12-17 to 2015-01-01
2015-06-27 06:12:16,648 Starting Live from 2015-01-02 to 2015-02-01
2015-06-27 06:46:24,269 Starting Training from 2015-01-17 to 2015-02-01
2015-06-27 06:48:06,642 Starting Live from 2015-02-02 to 2015-03-04
2015-06-27 07:19:31,877 Starting Training from 2015-02-17 to 2015-03-04
2015-06-27 07:21:55,713 Starting Live from 2015-03-05 to 2015-04-04
2015-06-27 08:05:47,578 Starting Training from 2015-03-20 to 2015-04-04
2015-06-27 08:07:45,869 Starting Live from 2015-04-05 to 2015-04-10
2015-06-27 08:17:57,348 Starting Q Learning for : 
2015-06-27 08:17:57,349 alpha = 0.2
2015-06-27 08:17:57,349 gamma = 0.4
2015-06-27 08:17:57,349 individual factor = 8
2015-06-27 08:17:57,349 zero range = 0.01
2015-06-27 08:17:57,349 greedy level = 5
2015-06-27 08:17:57,349 

2015-06-27 08:18:03,821 Starting Training from 2014-12-17 to 2015-01-01
2015-06-27 08:32:05,196 Starting Live from 2015-01-02 to 2015-02-01
2015-06-27 09:06:29,460 Starting Training from 2015-01-17 to 2015-02-01
2015-06-27 09:08:05,892 Starting Live from 2015-02-02 to 2015-03-04
2015-06-27 09:40:22,523 Starting Training from 2015-02-17 to 2015-03-04
2015-06-27 09:42:46,066 Starting Live from 2015-03-05 to 2015-04-04
2015-06-27 10:29:05,665 Starting Training from 2015-03-20 to 2015-04-04
2015-06-27 10:31:27,746 Starting Live from 2015-04-05 to 2015-04-10
2015-06-27 10:42:21,903 Starting Q Learning for : 
2015-06-27 10:42:21,903 alpha = 0.2
2015-06-27 10:42:21,903 gamma = 0.5
2015-06-27 10:42:21,903 individual factor = 8
2015-06-27 10:42:21,903 zero range = 0.01
2015-06-27 10:42:21,904 greedy level = 5
2015-06-27 10:42:21,904 

2015-06-27 10:42:27,835 Starting Training from 2014-12-17 to 2015-01-01
2015-06-27 10:56:53,677 Starting Live from 2015-01-02 to 2015-02-01
2015-06-27 11:30:00,150 Starting Training from 2015-01-17 to 2015-02-01
2015-06-27 11:31:44,762 Starting Live from 2015-02-02 to 2015-03-04
2015-06-27 12:03:07,979 Starting Training from 2015-02-17 to 2015-03-04
2015-06-27 12:05:47,079 Starting Live from 2015-03-05 to 2015-04-04
2015-06-27 12:41:48,000 Starting Training from 2015-03-20 to 2015-04-04
2015-06-27 12:44:08,262 Starting Live from 2015-04-05 to 2015-04-10
2015-06-27 12:53:32,526 Starting Q Learning for : 
2015-06-27 12:53:32,526 alpha = 0.2
2015-06-27 12:53:32,526 gamma = 0.6
2015-06-27 12:53:32,526 individual factor = 8
2015-06-27 12:53:32,526 zero range = 0.01
2015-06-27 12:53:32,526 greedy level = 5
2015-06-27 12:53:32,526 

2015-06-27 12:53:37,966 Starting Training from 2014-12-17 to 2015-01-01
2015-06-27 13:07:43,634 Starting Live from 2015-01-02 to 2015-02-01
2015-06-27 13:42:04,676 Starting Training from 2015-01-17 to 2015-02-01
2015-06-27 13:43:49,727 Starting Live from 2015-02-02 to 2015-03-04
2015-06-27 14:17:35,335 Starting Training from 2015-02-17 to 2015-03-04
2015-06-27 14:20:37,980 Starting Live from 2015-03-05 to 2015-04-04
2015-06-27 14:54:35,947 Starting Training from 2015-03-20 to 2015-04-04
2015-06-27 14:56:20,729 Starting Live from 2015-04-05 to 2015-04-10
2015-06-27 15:05:22,674 Starting Q Learning for : 
2015-06-27 15:05:22,674 alpha = 0.6
2015-06-27 15:05:22,674 gamma = 0.3
2015-06-27 15:05:22,674 individual factor = 8
2015-06-27 15:05:22,674 zero range = 0.006
2015-06-27 15:05:22,674 greedy level = 5
2015-06-27 15:05:22,676 

2015-06-27 15:05:31,233 Starting Training from 2014-12-17 to 2015-01-01
2015-06-27 15:20:21,805 Starting Live from 2015-01-02 to 2015-02-01
2015-06-27 15:56:08,872 Starting Training from 2015-01-17 to 2015-02-01
2015-06-27 15:57:52,509 Starting Live from 2015-02-02 to 2015-03-04
2015-06-27 16:31:26,813 Starting Training from 2015-02-17 to 2015-03-04
2015-06-27 16:33:54,460 Starting Live from 2015-03-05 to 2015-04-04
2015-06-27 17:14:17,342 Starting Training from 2015-03-20 to 2015-04-04
2015-06-27 17:16:15,168 Starting Live from 2015-04-05 to 2015-04-10
2015-06-27 17:26:29,598 Starting Q Learning for : 
2015-06-27 17:26:29,598 alpha = 0.6
2015-06-27 17:26:29,598 gamma = 0.4
2015-06-27 17:26:29,598 individual factor = 8
2015-06-27 17:26:29,598 zero range = 0.006
2015-06-27 17:26:29,598 greedy level = 5
2015-06-27 17:26:29,598 

2015-06-27 17:26:35,686 Starting Training from 2014-12-17 to 2015-01-01
2015-06-27 17:40:10,596 Starting Live from 2015-01-02 to 2015-02-01
2015-06-27 18:13:44,316 Starting Training from 2015-01-17 to 2015-02-01
2015-06-27 18:15:23,819 Starting Live from 2015-02-02 to 2015-03-04
2015-06-27 18:49:06,308 Starting Training from 2015-02-17 to 2015-03-04
2015-06-27 18:51:50,217 Starting Live from 2015-03-05 to 2015-04-04
2015-06-27 19:38:53,325 Starting Training from 2015-03-20 to 2015-04-04
2015-06-27 19:41:13,733 Starting Live from 2015-04-05 to 2015-04-10
2015-06-27 19:50:31,020 Starting Q Learning for : 
2015-06-27 19:50:31,020 alpha = 0.6
2015-06-27 19:50:31,022 gamma = 0.5
2015-06-27 19:50:31,022 individual factor = 8
2015-06-27 19:50:31,022 zero range = 0.006
2015-06-27 19:50:31,022 greedy level = 5
2015-06-27 19:50:31,022 

2015-06-27 19:50:37,207 Starting Training from 2014-12-17 to 2015-01-01
2015-06-27 20:04:52,421 Starting Live from 2015-01-02 to 2015-02-01
2015-06-27 20:37:44,242 Starting Training from 2015-01-17 to 2015-02-01
2015-06-27 20:39:26,292 Starting Live from 2015-02-02 to 2015-03-04
2015-06-27 21:12:10,528 Starting Training from 2015-02-17 to 2015-03-04
2015-06-27 21:14:39,444 Starting Live from 2015-03-05 to 2015-04-04
2015-06-27 21:50:38,038 Starting Training from 2015-03-20 to 2015-04-04
2015-06-27 21:53:41,071 Starting Live from 2015-04-05 to 2015-04-10
2015-06-27 22:02:15,903 Starting Q Learning for : 
2015-06-27 22:02:15,903 alpha = 0.6
2015-06-27 22:02:15,903 gamma = 0.6
2015-06-27 22:02:15,903 individual factor = 8
2015-06-27 22:02:15,903 zero range = 0.006
2015-06-27 22:02:15,903 greedy level = 5
2015-06-27 22:02:15,903 

2015-06-27 22:02:22,829 Starting Training from 2014-12-17 to 2015-01-01
2015-06-27 22:16:33,477 Starting Live from 2015-01-02 to 2015-02-01
2015-06-27 22:49:02,361 Starting Training from 2015-01-17 to 2015-02-01
2015-06-27 22:50:39,344 Starting Live from 2015-02-02 to 2015-03-04
2015-06-27 23:19:57,117 Starting Training from 2015-02-17 to 2015-03-04
2015-06-27 23:23:04,584 Starting Live from 2015-03-05 to 2015-04-04
2015-06-27 23:57:35,345 Starting Training from 2015-03-20 to 2015-04-04
2015-06-28 00:00:04,983 Starting Live from 2015-04-05 to 2015-04-10
2015-06-28 00:09:01,729 Starting Q Learning for : 
2015-06-28 00:09:01,729 alpha = 0.6
2015-06-28 00:09:01,729 gamma = 0.7
2015-06-28 00:09:01,729 individual factor = 8
2015-06-28 00:09:01,729 zero range = 0.006
2015-06-28 00:09:01,730 greedy level = 5
2015-06-28 00:09:01,730 

2015-06-28 00:09:08,881 Starting Training from 2014-12-17 to 2015-01-01
2015-06-28 00:22:30,269 Starting Live from 2015-01-02 to 2015-02-01
2015-06-28 00:51:25,414 Starting Training from 2015-01-17 to 2015-02-01
2015-06-28 00:53:27,490 Starting Live from 2015-02-02 to 2015-03-04
2015-06-28 01:15:45,424 Starting Training from 2015-02-17 to 2015-03-04
2015-06-28 01:20:31,375 Starting Live from 2015-03-05 to 2015-04-04
2015-06-28 01:48:08,203 Starting Training from 2015-03-20 to 2015-04-04
2015-06-28 01:50:38,713 Starting Live from 2015-04-05 to 2015-04-10
2015-06-28 01:56:36,226 Starting Q Learning for : 
2015-06-28 01:56:36,226 alpha = 0.6
2015-06-28 01:56:36,226 gamma = 0.8
2015-06-28 01:56:36,226 individual factor = 8
2015-06-28 01:56:36,226 zero range = 0.006
2015-06-28 01:56:36,226 greedy level = 5
2015-06-28 01:56:36,226 

2015-06-28 01:56:44,059 Starting Training from 2014-12-17 to 2015-01-01
2015-06-28 02:10:20,197 Starting Live from 2015-01-02 to 2015-02-01
2015-06-28 02:34:42,588 Starting Training from 2015-01-17 to 2015-02-01
2015-06-28 02:36:12,142 Starting Live from 2015-02-02 to 2015-03-04
2015-06-28 02:48:31,463 Starting Training from 2015-02-17 to 2015-03-04
2015-06-28 02:57:02,578 Starting Live from 2015-03-05 to 2015-04-04
2015-06-28 03:20:13,380 Starting Training from 2015-03-20 to 2015-04-04
2015-06-28 03:22:46,042 Starting Live from 2015-04-05 to 2015-04-10
2015-06-28 03:27:08,076 Starting Q Learning for : 
2015-06-28 03:27:08,076 alpha = 0.4
2015-06-28 03:27:08,076 gamma = 0.1
2015-06-28 03:27:08,076 individual factor = 8
2015-06-28 03:27:08,078 zero range = 0.006
2015-06-28 03:27:08,078 greedy level = 5
2015-06-28 03:27:08,078 

2015-06-28 03:27:15,073 Starting Training from 2014-12-17 to 2015-01-01
2015-06-28 03:40:53,678 Starting Live from 2015-01-02 to 2015-02-01
2015-06-28 04:12:48,842 Starting Training from 2015-01-17 to 2015-02-01
2015-06-28 04:14:48,953 Starting Live from 2015-02-02 to 2015-03-04
2015-06-28 04:46:02,921 Starting Training from 2015-02-17 to 2015-03-04
2015-06-28 04:48:15,365 Starting Live from 2015-03-05 to 2015-04-04
2015-06-28 05:22:31,380 Starting Training from 2015-03-20 to 2015-04-04
2015-06-28 05:24:21,477 Starting Live from 2015-04-05 to 2015-04-10
2015-06-28 05:31:45,466 Starting Q Learning for : 
2015-06-28 05:31:45,466 alpha = 0.4
2015-06-28 05:31:45,466 gamma = 0.2
2015-06-28 05:31:45,467 individual factor = 8
2015-06-28 05:31:45,467 zero range = 0.006
2015-06-28 05:31:45,467 greedy level = 5
2015-06-28 05:31:45,467 

2015-06-28 05:31:50,667 Starting Training from 2014-12-17 to 2015-01-01
2015-06-28 05:45:29,279 Starting Live from 2015-01-02 to 2015-02-01
2015-06-28 06:16:25,704 Starting Training from 2015-01-17 to 2015-02-01
2015-06-28 06:17:54,506 Starting Live from 2015-02-02 to 2015-03-04
2015-06-28 06:48:17,559 Starting Training from 2015-02-17 to 2015-03-04
2015-06-28 06:51:09,607 Starting Live from 2015-03-05 to 2015-04-04
2015-06-28 07:26:57,321 Starting Training from 2015-03-20 to 2015-04-04
2015-06-28 07:28:44,191 Starting Live from 2015-04-05 to 2015-04-10
2015-06-28 07:37:11,647 Starting Q Learning for : 
2015-06-28 07:37:11,647 alpha = 0.4
2015-06-28 07:37:11,647 gamma = 0.3
2015-06-28 07:37:11,647 individual factor = 8
2015-06-28 07:37:11,647 zero range = 0.006
2015-06-28 07:37:11,647 greedy level = 5
2015-06-28 07:37:11,647 

2015-06-28 07:37:17,121 Starting Training from 2014-12-17 to 2015-01-01
2015-06-28 07:49:44,871 Starting Live from 2015-01-02 to 2015-02-01
2015-06-28 08:20:00,976 Starting Training from 2015-01-17 to 2015-02-01
2015-06-28 08:21:49,638 Starting Live from 2015-02-02 to 2015-03-04
2015-06-28 08:51:12,753 Starting Training from 2015-02-17 to 2015-03-04
2015-06-28 08:53:20,279 Starting Live from 2015-03-05 to 2015-04-04
2015-06-28 09:26:03,931 Starting Training from 2015-03-20 to 2015-04-04
2015-06-28 09:28:27,434 Starting Live from 2015-04-05 to 2015-04-10
2015-06-28 09:36:14,684 Starting Q Learning for : 
2015-06-28 09:36:14,684 alpha = 0.4
2015-06-28 09:36:14,684 gamma = 0.4
2015-06-28 09:36:14,684 individual factor = 8
2015-06-28 09:36:14,684 zero range = 0.006
2015-06-28 09:36:14,684 greedy level = 5
2015-06-28 09:36:14,684 

2015-06-28 09:36:22,065 Starting Training from 2014-12-17 to 2015-01-01
2015-06-28 09:48:44,259 Starting Live from 2015-01-02 to 2015-02-01
2015-06-28 10:19:31,719 Starting Training from 2015-01-17 to 2015-02-01
2015-06-28 10:21:01,990 Starting Live from 2015-02-02 to 2015-03-04
2015-06-28 10:50:36,039 Starting Training from 2015-02-17 to 2015-03-04
2015-06-28 10:52:49,072 Starting Live from 2015-03-05 to 2015-04-04
