2015-06-27 15:18:39,904 Starting Q Learning for : 
2015-06-27 15:18:39,904 alpha = 0.5
2015-06-27 15:18:39,904 gamma = 0.1
2015-06-27 15:18:39,904 individual factor = 12
2015-06-27 15:18:39,904 zero range = 0.006
2015-06-27 15:18:39,904 greedy level = 5
2015-06-27 15:18:39,904 

2015-06-27 15:18:53,970 Starting Training from 2014-12-17 to 2015-01-01
2015-06-27 15:34:00,104 Starting Live from 2015-01-02 to 2015-02-01
2015-06-27 16:07:10,430 Starting Training from 2015-01-17 to 2015-02-01
2015-06-27 16:09:02,917 Starting Live from 2015-02-02 to 2015-03-04
2015-06-27 16:52:12,904 Starting Training from 2015-02-17 to 2015-03-04
2015-06-27 16:54:37,400 Starting Live from 2015-03-05 to 2015-04-04
2015-06-27 17:52:32,561 Starting Training from 2015-03-20 to 2015-04-04
2015-06-27 17:54:05,427 Starting Live from 2015-04-05 to 2015-04-10
2015-06-27 18:04:10,066 Starting Q Learning for : 
2015-06-27 18:04:10,066 alpha = 0.5
2015-06-27 18:04:10,066 gamma = 0.2
2015-06-27 18:04:10,066 individual factor = 12
2015-06-27 18:04:10,066 zero range = 0.006
2015-06-27 18:04:10,066 greedy level = 5
2015-06-27 18:04:10,066 

2015-06-27 18:04:17,368 Starting Training from 2014-12-17 to 2015-01-01
2015-06-27 18:18:34,438 Starting Live from 2015-01-02 to 2015-02-01
2015-06-27 18:51:44,289 Starting Training from 2015-01-17 to 2015-02-01
2015-06-27 18:54:01,135 Starting Live from 2015-02-02 to 2015-03-04
2015-06-27 19:41:01,634 Starting Training from 2015-02-17 to 2015-03-04
2015-06-27 19:43:28,388 Starting Live from 2015-03-05 to 2015-04-04
2015-06-27 22:11:51,362 Starting Training from 2015-03-20 to 2015-04-04
2015-06-27 22:13:31,615 Starting Live from 2015-04-05 to 2015-04-10
2015-06-27 22:55:59,469 Starting Q Learning for : 
2015-06-27 22:55:59,469 alpha = 0.5
2015-06-27 22:55:59,469 gamma = 0.3
2015-06-27 22:55:59,469 individual factor = 12
2015-06-27 22:55:59,469 zero range = 0.006
2015-06-27 22:55:59,469 greedy level = 5
2015-06-27 22:55:59,469 

2015-06-27 22:56:06,111 Starting Training from 2014-12-17 to 2015-01-01
2015-06-27 23:10:07,802 Starting Live from 2015-01-02 to 2015-02-01
2015-06-27 23:40:44,602 Starting Training from 2015-01-17 to 2015-02-01
2015-06-27 23:42:27,262 Starting Live from 2015-02-02 to 2015-03-04
2015-06-28 00:38:35,328 Starting Training from 2015-02-17 to 2015-03-04
2015-06-28 00:40:49,838 Starting Live from 2015-03-05 to 2015-04-04
2015-06-28 03:43:02,523 Starting Training from 2015-03-20 to 2015-04-04
2015-06-28 03:44:59,907 Starting Live from 2015-04-05 to 2015-04-10
2015-06-28 04:35:40,944 Starting Q Learning for : 
2015-06-28 04:35:40,944 alpha = 0.5
2015-06-28 04:35:40,944 gamma = 0.4
2015-06-28 04:35:40,946 individual factor = 12
2015-06-28 04:35:40,946 zero range = 0.006
2015-06-28 04:35:40,946 greedy level = 5
2015-06-28 04:35:40,946 

2015-06-28 04:35:48,869 Starting Training from 2014-12-17 to 2015-01-01
2015-06-28 04:48:49,295 Starting Live from 2015-01-02 to 2015-02-01
2015-06-28 05:18:30,502 Starting Training from 2015-01-17 to 2015-02-01
2015-06-28 05:20:47,019 Starting Live from 2015-02-02 to 2015-03-04
2015-06-28 06:03:52,865 Starting Training from 2015-02-17 to 2015-03-04
2015-06-28 06:06:37,971 Starting Live from 2015-03-05 to 2015-04-04
2015-06-28 07:19:51,575 Starting Training from 2015-03-20 to 2015-04-04
2015-06-28 07:21:23,628 Starting Live from 2015-04-05 to 2015-04-10
2015-06-28 07:42:42,127 Starting Q Learning for : 
2015-06-28 07:42:42,127 alpha = 0.5
2015-06-28 07:42:42,127 gamma = 0.5
2015-06-28 07:42:42,127 individual factor = 12
2015-06-28 07:42:42,127 zero range = 0.006
2015-06-28 07:42:42,127 greedy level = 5
2015-06-28 07:42:42,127 

2015-06-28 07:42:49,007 Starting Training from 2014-12-17 to 2015-01-01
2015-06-28 07:54:51,667 Starting Live from 2015-01-02 to 2015-02-01
2015-06-28 08:24:15,479 Starting Training from 2015-01-17 to 2015-02-01
2015-06-28 08:25:54,474 Starting Live from 2015-02-02 to 2015-03-04
2015-06-28 09:06:09,101 Starting Training from 2015-02-17 to 2015-03-04
2015-06-28 09:08:30,803 Starting Live from 2015-03-05 to 2015-04-04
2015-06-28 11:03:07,737 Starting Training from 2015-03-20 to 2015-04-04
2015-06-28 11:04:28,145 Starting Live from 2015-04-05 to 2015-04-10
2015-06-28 11:13:22,221 Starting Q Learning for : 
2015-06-28 11:13:22,221 alpha = 0.5
2015-06-28 11:13:22,221 gamma = 0.6
2015-06-28 11:13:22,221 individual factor = 12
2015-06-28 11:13:22,221 zero range = 0.006
2015-06-28 11:13:22,221 greedy level = 5
2015-06-28 11:13:22,221 

2015-06-28 11:13:22,332 Starting Q Learning for : 
2015-06-28 11:13:22,332 alpha = 0.6
2015-06-28 11:13:22,332 gamma = 0.5
2015-06-28 11:13:22,332 individual factor = 12
2015-06-28 11:13:22,332 zero range = 0.01
2015-06-28 11:13:22,332 greedy level = 5
2015-06-28 11:13:22,332 

2015-06-28 11:13:22,529 Starting Q Learning for : 
2015-06-28 11:13:22,529 alpha = 0.5
2015-06-28 11:13:22,529 gamma = 0.1
2015-06-28 11:13:22,529 individual factor = 8
2015-06-28 11:13:22,529 zero range = 0.006
2015-06-28 11:13:22,529 greedy level = 10
2015-06-28 11:13:22,529 

2015-06-28 11:13:22,617 Starting Q Learning for : 
2015-06-28 11:13:22,617 alpha = 0.6
2015-06-28 11:13:22,617 gamma = 0.5
2015-06-28 11:13:22,618 individual factor = 8
2015-06-28 11:13:22,618 zero range = 0.006
2015-06-28 11:13:22,618 greedy level = 10
2015-06-28 11:13:22,618 

2015-06-28 11:13:22,664 Starting Q Learning for : 
2015-06-28 11:13:22,664 alpha = 0.5
2015-06-28 11:13:22,664 gamma = 0.1
2015-06-28 11:13:22,664 individual factor = 8
2015-06-28 11:13:22,665 zero range = 0.01
2015-06-28 11:13:22,665 greedy level = 10
2015-06-28 11:13:22,665 

2015-06-28 11:13:22,773 Starting Q Learning for : 
2015-06-28 11:13:22,773 alpha = 0.6
2015-06-28 11:13:22,773 gamma = 0.5
2015-06-28 11:13:22,773 individual factor = 8
2015-06-28 11:13:22,775 zero range = 0.01
2015-06-28 11:13:22,775 greedy level = 10
2015-06-28 11:13:22,775 

2015-06-28 11:13:22,857 Starting Q Learning for : 
2015-06-28 11:13:22,857 alpha = 0.5
2015-06-28 11:13:22,857 gamma = 0.1
2015-06-28 11:13:22,857 individual factor = 12
2015-06-28 11:13:22,857 zero range = 0.006
2015-06-28 11:13:22,857 greedy level = 10
2015-06-28 11:13:22,857 

2015-06-28 11:13:22,924 Starting Q Learning for : 
2015-06-28 11:13:22,924 alpha = 0.6
2015-06-28 11:13:22,924 gamma = 0.5
2015-06-28 11:13:22,924 individual factor = 12
2015-06-28 11:13:22,924 zero range = 0.006
2015-06-28 11:13:22,924 greedy level = 10
2015-06-28 11:13:22,924 

2015-06-28 11:13:23,013 Starting Q Learning for : 
2015-06-28 11:13:23,013 alpha = 0.5
2015-06-28 11:13:23,013 gamma = 0.1
2015-06-28 11:13:23,013 individual factor = 12
2015-06-28 11:13:23,013 zero range = 0.01
2015-06-28 11:13:23,013 greedy level = 10
2015-06-28 11:13:23,013 

2015-06-28 11:13:23,072 Starting Q Learning for : 
2015-06-28 11:13:23,072 alpha = 0.6
2015-06-28 11:13:23,072 gamma = 0.5
2015-06-28 11:13:23,072 individual factor = 12
2015-06-28 11:13:23,072 zero range = 0.01
2015-06-28 11:13:23,072 greedy level = 10
2015-06-28 11:13:23,072 

