2015-06-27 15:18:39,903 Starting Q Learning for : 
2015-06-27 15:18:39,903 alpha = 0.6
2015-06-27 15:18:39,904 gamma = 0.5
2015-06-27 15:18:39,904 individual factor = 12
2015-06-27 15:18:39,904 zero range = 0.006
2015-06-27 15:18:39,904 greedy level = 5
2015-06-27 15:18:39,904 

2015-06-27 15:18:53,983 Starting Training from 2014-12-17 to 2015-01-01
2015-06-27 15:34:07,609 Starting Live from 2015-01-02 to 2015-02-01
2015-06-27 16:08:02,680 Starting Training from 2015-01-17 to 2015-02-01
2015-06-27 16:09:55,309 Starting Live from 2015-02-02 to 2015-03-04
2015-06-27 17:08:52,349 Starting Training from 2015-02-17 to 2015-03-04
2015-06-27 17:11:07,153 Starting Live from 2015-03-05 to 2015-04-04
2015-06-27 22:28:53,792 Starting Training from 2015-03-20 to 2015-04-04
2015-06-27 22:30:23,461 Starting Live from 2015-04-05 to 2015-04-10
2015-06-27 23:50:31,345 Starting Q Learning for : 
2015-06-27 23:50:31,345 alpha = 0.6
2015-06-27 23:50:31,345 gamma = 0.6
2015-06-27 23:50:31,345 individual factor = 12
2015-06-27 23:50:31,345 zero range = 0.006
2015-06-27 23:50:31,345 greedy level = 5
2015-06-27 23:50:31,345 

2015-06-27 23:50:37,691 Starting Training from 2014-12-17 to 2015-01-01
2015-06-28 00:03:57,253 Starting Live from 2015-01-02 to 2015-02-01
2015-06-28 00:35:51,773 Starting Training from 2015-01-17 to 2015-02-01
2015-06-28 00:37:45,535 Starting Live from 2015-02-02 to 2015-03-04
2015-06-28 01:17:21,279 Starting Training from 2015-02-17 to 2015-03-04
2015-06-28 01:19:34,786 Starting Live from 2015-03-05 to 2015-04-04
2015-06-28 02:13:46,687 Starting Training from 2015-03-20 to 2015-04-04
2015-06-28 02:15:29,496 Starting Live from 2015-04-05 to 2015-04-10
2015-06-28 02:29:41,947 Starting Q Learning for : 
2015-06-28 02:29:41,947 alpha = 0.6
2015-06-28 02:29:41,947 gamma = 0.7
2015-06-28 02:29:41,947 individual factor = 12
2015-06-28 02:29:41,948 zero range = 0.006
2015-06-28 02:29:41,948 greedy level = 5
2015-06-28 02:29:41,948 

2015-06-28 02:29:47,401 Starting Training from 2014-12-17 to 2015-01-01
2015-06-28 02:42:39,535 Starting Live from 2015-01-02 to 2015-02-01
2015-06-28 03:13:02,411 Starting Training from 2015-01-17 to 2015-02-01
2015-06-28 03:14:44,171 Starting Live from 2015-02-02 to 2015-03-04
2015-06-28 03:56:06,372 Starting Training from 2015-02-17 to 2015-03-04
2015-06-28 03:58:24,779 Starting Live from 2015-03-05 to 2015-04-04
2015-06-28 05:03:27,867 Starting Training from 2015-03-20 to 2015-04-04
2015-06-28 05:05:07,174 Starting Live from 2015-04-05 to 2015-04-10
2015-06-28 05:20:32,630 Starting Q Learning for : 
2015-06-28 05:20:32,630 alpha = 0.6
2015-06-28 05:20:32,630 gamma = 0.8
2015-06-28 05:20:32,630 individual factor = 12
2015-06-28 05:20:32,630 zero range = 0.006
2015-06-28 05:20:32,630 greedy level = 5
2015-06-28 05:20:32,631 

2015-06-28 05:20:40,569 Starting Training from 2014-12-17 to 2015-01-01
2015-06-28 05:33:27,289 Starting Live from 2015-01-02 to 2015-02-01
2015-06-28 06:03:30,309 Starting Training from 2015-01-17 to 2015-02-01
2015-06-28 06:05:46,979 Starting Live from 2015-02-02 to 2015-03-04
2015-06-28 06:41:24,651 Starting Training from 2015-02-17 to 2015-03-04
2015-06-28 06:43:33,329 Starting Live from 2015-03-05 to 2015-04-04
2015-06-28 07:22:29,494 Starting Training from 2015-03-20 to 2015-04-04
2015-06-28 07:24:13,013 Starting Live from 2015-04-05 to 2015-04-10
2015-06-28 07:35:35,888 Starting Q Learning for : 
2015-06-28 07:35:35,888 alpha = 0.2
2015-06-28 07:35:35,888 gamma = 0.1
2015-06-28 07:35:35,888 individual factor = 12
2015-06-28 07:35:35,888 zero range = 0.006
2015-06-28 07:35:35,888 greedy level = 5
2015-06-28 07:35:35,888 

2015-06-28 07:35:42,687 Starting Training from 2014-12-17 to 2015-01-01
2015-06-28 07:48:20,852 Starting Live from 2015-01-02 to 2015-02-01
2015-06-28 08:16:47,836 Starting Training from 2015-01-17 to 2015-02-01
2015-06-28 08:18:38,632 Starting Live from 2015-02-02 to 2015-03-04
2015-06-28 08:55:22,503 Starting Training from 2015-02-17 to 2015-03-04
2015-06-28 08:57:25,510 Starting Live from 2015-03-05 to 2015-04-04
2015-06-28 09:36:54,563 Starting Training from 2015-03-20 to 2015-04-04
2015-06-28 09:38:38,121 Starting Live from 2015-04-05 to 2015-04-10
2015-06-28 09:49:27,846 Starting Q Learning for : 
2015-06-28 09:49:27,846 alpha = 0.2
2015-06-28 09:49:27,846 gamma = 0.2
2015-06-28 09:49:27,846 individual factor = 12
2015-06-28 09:49:27,848 zero range = 0.006
2015-06-28 09:49:27,848 greedy level = 5
2015-06-28 09:49:27,848 

2015-06-28 09:49:34,891 Starting Training from 2014-12-17 to 2015-01-01
2015-06-28 10:02:21,710 Starting Live from 2015-01-02 to 2015-02-01
2015-06-28 10:31:02,355 Starting Training from 2015-01-17 to 2015-02-01
2015-06-28 10:32:41,947 Starting Live from 2015-02-02 to 2015-03-04
2015-06-28 11:15:17,891 Starting Training from 2015-02-17 to 2015-03-04
2015-06-28 11:17:17,789 Starting Live from 2015-03-05 to 2015-04-04
