2015-06-22 17:59:11,546 Starting Q Learning for : 
2015-06-22 17:59:11,546 alpha = 0.5
2015-06-22 17:59:11,546 gamma = 0.1
2015-06-22 17:59:11,546 individual factor = 8
2015-06-22 17:59:11,548 zero range = 0.006
2015-06-22 17:59:11,548 greedy level = 5
2015-06-22 17:59:11,548 

2015-06-22 17:59:26,622 Starting Training from 2014-12-17 to 2015-01-01
2015-06-22 18:11:12,628 Starting Live from 2015-01-02 to 2015-02-01
2015-06-22 18:40:32,463 Starting Training from 2015-01-17 to 2015-02-01
2015-06-22 18:42:05,786 Starting Live from 2015-02-02 to 2015-03-04
2015-06-22 19:10:14,276 Starting Training from 2015-02-17 to 2015-03-04
2015-06-22 19:11:57,088 Starting Live from 2015-03-05 to 2015-04-04
2015-06-22 20:13:21,414 Starting Training from 2015-03-20 to 2015-04-04
2015-06-22 20:15:30,528 Starting Live from 2015-04-05 to 2015-04-10
2015-06-22 20:50:37,517 Starting Q Learning for : 
2015-06-22 20:50:37,517 alpha = 0.5
2015-06-22 20:50:37,517 gamma = 0.2
2015-06-22 20:50:37,517 individual factor = 8
2015-06-22 20:50:37,517 zero range = 0.006
2015-06-22 20:50:37,517 greedy level = 5
2015-06-22 20:50:37,517 

2015-06-22 20:50:43,441 Starting Training from 2014-12-17 to 2015-01-01
2015-06-22 21:02:16,799 Starting Live from 2015-01-02 to 2015-02-01
2015-06-22 21:34:46,756 Starting Training from 2015-01-17 to 2015-02-01
2015-06-22 21:36:16,243 Starting Live from 2015-02-02 to 2015-03-04
2015-06-22 22:18:46,012 Starting Training from 2015-02-17 to 2015-03-04
2015-06-22 22:20:30,930 Starting Live from 2015-03-05 to 2015-04-04
2015-06-23 00:02:07,523 Starting Training from 2015-03-20 to 2015-04-04
2015-06-23 00:05:01,052 Starting Live from 2015-04-05 to 2015-04-10
2015-06-23 02:50:46,559 Starting Q Learning for : 
2015-06-23 02:50:46,559 alpha = 0.5
2015-06-23 02:50:46,559 gamma = 0.3
2015-06-23 02:50:46,559 individual factor = 8
2015-06-23 02:50:46,559 zero range = 0.006
2015-06-23 02:50:46,559 greedy level = 5
2015-06-23 02:50:46,559 

2015-06-23 02:50:50,766 Starting Training from 2014-12-17 to 2015-01-01
2015-06-23 03:02:02,677 Starting Live from 2015-01-02 to 2015-02-01
2015-06-23 03:30:16,061 Starting Training from 2015-01-17 to 2015-02-01
2015-06-23 03:31:43,395 Starting Live from 2015-02-02 to 2015-03-04
2015-06-23 04:04:13,640 Starting Training from 2015-02-17 to 2015-03-04
2015-06-23 04:05:49,943 Starting Live from 2015-03-05 to 2015-04-04
2015-06-23 07:59:30,151 Starting Training from 2015-03-20 to 2015-04-04
2015-06-23 08:01:31,400 Starting Live from 2015-04-05 to 2015-04-10
2015-06-23 10:17:33,331 Starting Q Learning for : 
2015-06-23 10:17:33,331 alpha = 0.5
2015-06-23 10:17:33,331 gamma = 0.4
2015-06-23 10:17:33,331 individual factor = 8
2015-06-23 10:17:33,332 zero range = 0.006
2015-06-23 10:17:33,332 greedy level = 5
2015-06-23 10:17:33,332 

2015-06-23 10:17:38,131 Starting Training from 2014-12-17 to 2015-01-01
2015-06-23 10:28:52,075 Starting Live from 2015-01-02 to 2015-02-01
2015-06-23 10:56:49,499 Starting Training from 2015-01-17 to 2015-02-01
2015-06-23 10:58:16,382 Starting Live from 2015-02-02 to 2015-03-04
2015-06-23 11:27:46,653 Starting Training from 2015-02-17 to 2015-03-04
2015-06-23 11:29:11,242 Starting Live from 2015-03-05 to 2015-04-04
2015-06-23 12:16:53,371 Starting Training from 2015-03-20 to 2015-04-04
2015-06-23 12:20:02,357 Starting Live from 2015-04-05 to 2015-04-10
2015-06-23 13:22:34,490 Starting Q Learning for : 
2015-06-23 13:22:34,490 alpha = 0.5
2015-06-23 13:22:34,490 gamma = 0.5
2015-06-23 13:22:34,490 individual factor = 8
2015-06-23 13:22:34,490 zero range = 0.006
2015-06-23 13:22:34,490 greedy level = 5
2015-06-23 13:22:34,490 

2015-06-23 13:22:39,950 Starting Training from 2014-12-17 to 2015-01-01
2015-06-23 13:35:48,680 Starting Live from 2015-01-02 to 2015-02-01
2015-06-23 14:08:42,808 Starting Training from 2015-01-17 to 2015-02-01
2015-06-23 14:10:38,598 Starting Live from 2015-02-02 to 2015-03-04
2015-06-23 14:41:53,848 Starting Training from 2015-02-17 to 2015-03-04
2015-06-23 14:43:55,042 Starting Live from 2015-03-05 to 2015-04-04
2015-06-23 16:08:40,713 Starting Training from 2015-03-20 to 2015-04-04
2015-06-23 16:11:19,325 Starting Live from 2015-04-05 to 2015-04-10
2015-06-23 16:24:54,128 Starting Q Learning for : 
2015-06-23 16:24:54,128 alpha = 0.5
2015-06-23 16:24:54,128 gamma = 0.6
2015-06-23 16:24:54,128 individual factor = 8
2015-06-23 16:24:54,128 zero range = 0.006
2015-06-23 16:24:54,128 greedy level = 5
2015-06-23 16:24:54,128 

2015-06-23 16:25:00,367 Starting Training from 2014-12-17 to 2015-01-01
2015-06-23 16:37:27,667 Starting Live from 2015-01-02 to 2015-02-01
2015-06-23 17:09:17,023 Starting Training from 2015-01-17 to 2015-02-01
2015-06-23 17:10:49,165 Starting Live from 2015-02-02 to 2015-03-04
2015-06-23 17:37:11,737 Starting Training from 2015-02-17 to 2015-03-04
2015-06-23 17:39:31,368 Starting Live from 2015-03-05 to 2015-04-04
2015-06-23 18:19:10,000 Starting Training from 2015-03-20 to 2015-04-04
2015-06-23 18:21:35,447 Starting Live from 2015-04-05 to 2015-04-10
2015-06-23 18:38:43,808 Starting Q Learning for : 
2015-06-23 18:38:43,808 alpha = 0.5
2015-06-23 18:38:43,808 gamma = 0.7
2015-06-23 18:38:43,808 individual factor = 8
2015-06-23 18:38:43,808 zero range = 0.006
2015-06-23 18:38:43,808 greedy level = 5
2015-06-23 18:38:43,808 

2015-06-23 18:38:50,423 Starting Training from 2014-12-17 to 2015-01-01
2015-06-23 18:51:23,861 Starting Live from 2015-01-02 to 2015-02-01
2015-06-23 19:20:49,641 Starting Training from 2015-01-17 to 2015-02-01
2015-06-23 19:22:26,404 Starting Live from 2015-02-02 to 2015-03-04
2015-06-23 19:34:29,854 Starting Training from 2015-02-17 to 2015-03-04
2015-06-23 19:39:18,068 Starting Live from 2015-03-05 to 2015-04-04
2015-06-23 19:59:16,009 Starting Training from 2015-03-20 to 2015-04-04
2015-06-23 20:01:45,546 Starting Live from 2015-04-05 to 2015-04-10
2015-06-23 20:11:34,283 Starting Q Learning for : 
2015-06-23 20:11:34,283 alpha = 0.5
2015-06-23 20:11:34,283 gamma = 0.8
2015-06-23 20:11:34,283 individual factor = 8
2015-06-23 20:11:34,283 zero range = 0.006
2015-06-23 20:11:34,283 greedy level = 5
2015-06-23 20:11:34,283 

2015-06-23 20:11:41,069 Starting Training from 2014-12-17 to 2015-01-01
2015-06-23 20:24:35,648 Starting Live from 2015-01-02 to 2015-02-01
2015-06-23 20:51:50,394 Starting Training from 2015-01-17 to 2015-02-01
2015-06-23 20:53:23,098 Starting Live from 2015-02-02 to 2015-03-04
2015-06-23 21:04:47,358 Starting Training from 2015-02-17 to 2015-03-04
2015-06-23 21:10:27,342 Starting Live from 2015-03-05 to 2015-04-04
2015-06-23 21:25:19,826 Starting Training from 2015-03-20 to 2015-04-04
2015-06-23 21:28:16,813 Starting Live from 2015-04-05 to 2015-04-10
2015-06-23 21:32:55,142 Starting Q Learning for : 
2015-06-23 21:32:55,144 alpha = 0.6
2015-06-23 21:32:55,144 gamma = 0.1
2015-06-23 21:32:55,144 individual factor = 8
2015-06-23 21:32:55,144 zero range = 0.006
2015-06-23 21:32:55,144 greedy level = 5
2015-06-23 21:32:55,144 

2015-06-23 21:33:01,178 Starting Training from 2014-12-17 to 2015-01-01
2015-06-23 21:46:18,134 Starting Live from 2015-01-02 to 2015-02-01
2015-06-23 22:23:42,194 Starting Training from 2015-01-17 to 2015-02-01
2015-06-23 22:25:19,832 Starting Live from 2015-02-02 to 2015-03-04
