2015-06-22 17:59:11,551 Starting Q Learning for : 
2015-06-22 17:59:11,551 alpha = 0.5
2015-06-22 17:59:11,551 gamma = 0.1
2015-06-22 17:59:11,551 individual factor = 8
2015-06-22 17:59:11,551 zero range = 0.01
2015-06-22 17:59:11,552 greedy level = 5
2015-06-22 17:59:11,552 

2015-06-22 17:59:26,289 Starting Training from 2014-12-17 to 2015-01-01
2015-06-22 18:11:08,086 Starting Live from 2015-01-02 to 2015-02-01
2015-06-22 18:39:19,898 Starting Training from 2015-01-17 to 2015-02-01
2015-06-22 18:41:07,743 Starting Live from 2015-02-02 to 2015-03-04
2015-06-22 19:15:33,489 Starting Training from 2015-02-17 to 2015-03-04
2015-06-22 19:17:09,207 Starting Live from 2015-03-05 to 2015-04-04
2015-06-22 21:46:41,579 Starting Training from 2015-03-20 to 2015-04-04
2015-06-22 21:49:39,329 Starting Live from 2015-04-05 to 2015-04-10
2015-06-22 22:33:39,022 Starting Q Learning for : 
2015-06-22 22:33:39,023 alpha = 0.5
2015-06-22 22:33:39,023 gamma = 0.2
2015-06-22 22:33:39,023 individual factor = 8
2015-06-22 22:33:39,023 zero range = 0.01
2015-06-22 22:33:39,023 greedy level = 5
2015-06-22 22:33:39,023 

2015-06-22 22:33:44,137 Starting Training from 2014-12-17 to 2015-01-01
2015-06-22 22:45:02,132 Starting Live from 2015-01-02 to 2015-02-01
2015-06-22 23:15:49,382 Starting Training from 2015-01-17 to 2015-02-01
2015-06-22 23:17:14,293 Starting Live from 2015-02-02 to 2015-03-04
2015-06-22 23:51:03,236 Starting Training from 2015-02-17 to 2015-03-04
2015-06-22 23:52:38,489 Starting Live from 2015-03-05 to 2015-04-04
2015-06-23 01:47:02,312 Starting Training from 2015-03-20 to 2015-04-04
2015-06-23 01:49:38,503 Starting Live from 2015-04-05 to 2015-04-10
2015-06-23 02:31:57,503 Starting Q Learning for : 
2015-06-23 02:31:57,505 alpha = 0.5
2015-06-23 02:31:57,505 gamma = 0.3
2015-06-23 02:31:57,505 individual factor = 8
2015-06-23 02:31:57,505 zero range = 0.01
2015-06-23 02:31:57,505 greedy level = 5
2015-06-23 02:31:57,505 

2015-06-23 02:32:02,552 Starting Training from 2014-12-17 to 2015-01-01
2015-06-23 02:43:35,148 Starting Live from 2015-01-02 to 2015-02-01
2015-06-23 03:13:14,887 Starting Training from 2015-01-17 to 2015-02-01
2015-06-23 03:14:38,369 Starting Live from 2015-02-02 to 2015-03-04
2015-06-23 04:01:13,346 Starting Training from 2015-02-17 to 2015-03-04
2015-06-23 04:02:56,203 Starting Live from 2015-03-05 to 2015-04-04
2015-06-23 17:36:23,846 Starting Training from 2015-03-20 to 2015-04-04
2015-06-23 17:38:27,584 Starting Live from 2015-04-05 to 2015-04-10
