2015-06-29 01:38:31,375 Starting Q Learning for : 
2015-06-29 01:38:31,375 alpha = 0.5
2015-06-29 01:38:31,375 gamma = 0.1
2015-06-29 01:38:31,375 individual factor = 10
2015-06-29 01:38:31,377 zero range = 0.002
2015-06-29 01:38:31,377 greedy level = 5
2015-06-29 01:38:31,377 

2015-06-29 01:38:46,155 Starting Training from 2014-12-17 to 2015-01-01
2015-06-29 01:53:16,461 Starting Live from 2015-01-02 to 2015-02-01
2015-06-29 02:24:07,645 Starting Training from 2015-01-17 to 2015-02-01
2015-06-29 02:25:48,648 Starting Live from 2015-02-02 to 2015-03-04
2015-06-29 02:56:28,223 Starting Training from 2015-02-17 to 2015-03-04
2015-06-29 02:58:52,755 Starting Live from 2015-03-05 to 2015-04-04
2015-06-29 03:29:23,578 Starting Training from 2015-03-20 to 2015-04-04
2015-06-29 03:30:46,200 Starting Live from 2015-04-05 to 2015-04-10
2015-06-29 03:40:28,042 Starting Q Learning for : 
2015-06-29 03:40:28,042 alpha = 0.5
2015-06-29 03:40:28,042 gamma = 0.2
2015-06-29 03:40:28,042 individual factor = 10
2015-06-29 03:40:28,042 zero range = 0.002
2015-06-29 03:40:28,042 greedy level = 5
2015-06-29 03:40:28,042 

2015-06-29 03:40:34,815 Starting Training from 2014-12-17 to 2015-01-01
2015-06-29 03:53:38,117 Starting Live from 2015-01-02 to 2015-02-01
2015-06-29 04:27:56,542 Starting Training from 2015-01-17 to 2015-02-01
2015-06-29 04:29:52,973 Starting Live from 2015-02-02 to 2015-03-04
2015-06-29 05:00:07,688 Starting Training from 2015-02-17 to 2015-03-04
2015-06-29 05:02:29,257 Starting Live from 2015-03-05 to 2015-04-04
2015-06-29 05:32:33,197 Starting Training from 2015-03-20 to 2015-04-04
2015-06-29 05:34:16,483 Starting Live from 2015-04-05 to 2015-04-10
2015-06-29 05:43:16,575 Starting Q Learning for : 
2015-06-29 05:43:16,575 alpha = 0.5
2015-06-29 05:43:16,575 gamma = 0.3
2015-06-29 05:43:16,575 individual factor = 10
2015-06-29 05:43:16,575 zero range = 0.002
2015-06-29 05:43:16,576 greedy level = 5
2015-06-29 05:43:16,576 

2015-06-29 05:43:23,365 Starting Training from 2014-12-17 to 2015-01-01
2015-06-29 05:56:36,661 Starting Live from 2015-01-02 to 2015-02-01
2015-06-29 06:31:24,246 Starting Training from 2015-01-17 to 2015-02-01
2015-06-29 06:33:22,368 Starting Live from 2015-02-02 to 2015-03-04
2015-06-29 07:05:09,551 Starting Training from 2015-02-17 to 2015-03-04
2015-06-29 07:07:32,306 Starting Live from 2015-03-05 to 2015-04-04
2015-06-29 07:37:59,644 Starting Training from 2015-03-20 to 2015-04-04
2015-06-29 07:39:22,063 Starting Live from 2015-04-05 to 2015-04-10
2015-06-29 07:48:20,668 Starting Q Learning for : 
2015-06-29 07:48:20,668 alpha = 0.5
2015-06-29 07:48:20,668 gamma = 0.4
2015-06-29 07:48:20,668 individual factor = 10
2015-06-29 07:48:20,670 zero range = 0.002
2015-06-29 07:48:20,670 greedy level = 5
2015-06-29 07:48:20,670 

2015-06-29 07:48:27,993 Starting Training from 2014-12-17 to 2015-01-01
2015-06-29 08:02:05,217 Starting Live from 2015-01-02 to 2015-02-01
2015-06-29 08:37:01,562 Starting Training from 2015-01-17 to 2015-02-01
2015-06-29 08:39:08,418 Starting Live from 2015-02-02 to 2015-03-04
2015-06-29 09:10:46,763 Starting Training from 2015-02-17 to 2015-03-04
2015-06-29 09:13:01,591 Starting Live from 2015-03-05 to 2015-04-04
2015-06-29 09:42:57,401 Starting Training from 2015-03-20 to 2015-04-04
2015-06-29 09:44:40,615 Starting Live from 2015-04-05 to 2015-04-10
2015-06-29 09:53:50,880 Starting Q Learning for : 
2015-06-29 09:53:50,880 alpha = 0.5
2015-06-29 09:53:50,881 gamma = 0.5
2015-06-29 09:53:50,881 individual factor = 10
2015-06-29 09:53:50,881 zero range = 0.002
2015-06-29 09:53:50,881 greedy level = 5
2015-06-29 09:53:50,881 

2015-06-29 09:53:58,311 Starting Training from 2014-12-17 to 2015-01-01
2015-06-29 10:07:15,509 Starting Live from 2015-01-02 to 2015-02-01
2015-06-29 10:41:20,292 Starting Training from 2015-01-17 to 2015-02-01
2015-06-29 10:43:15,506 Starting Live from 2015-02-02 to 2015-03-04
2015-06-29 11:14:16,671 Starting Training from 2015-02-17 to 2015-03-04
2015-06-29 11:17:14,831 Starting Live from 2015-03-05 to 2015-04-04
2015-06-29 11:48:08,260 Starting Training from 2015-03-20 to 2015-04-04
2015-06-29 11:49:28,474 Starting Live from 2015-04-05 to 2015-04-10
2015-06-29 11:58:14,576 Starting Q Learning for : 
2015-06-29 11:58:14,576 alpha = 0.5
2015-06-29 11:58:14,576 gamma = 0.6
2015-06-29 11:58:14,576 individual factor = 10
2015-06-29 11:58:14,576 zero range = 0.002
2015-06-29 11:58:14,576 greedy level = 5
2015-06-29 11:58:14,576 

2015-06-29 11:58:21,427 Starting Training from 2014-12-17 to 2015-01-01
2015-06-29 12:11:55,170 Starting Live from 2015-01-02 to 2015-02-01
2015-06-29 12:46:22,219 Starting Training from 2015-01-17 to 2015-02-01
2015-06-29 12:48:48,183 Starting Live from 2015-02-02 to 2015-03-04
2015-06-29 13:20:06,865 Starting Training from 2015-02-17 to 2015-03-04
2015-06-29 13:22:20,196 Starting Live from 2015-03-05 to 2015-04-04
2015-06-29 13:52:20,134 Starting Training from 2015-03-20 to 2015-04-04
2015-06-29 13:53:46,187 Starting Live from 2015-04-05 to 2015-04-10
2015-06-29 14:03:04,742 Starting Q Learning for : 
2015-06-29 14:03:04,742 alpha = 0.5
2015-06-29 14:03:04,742 gamma = 0.7
2015-06-29 14:03:04,742 individual factor = 10
2015-06-29 14:03:04,742 zero range = 0.002
2015-06-29 14:03:04,742 greedy level = 5
2015-06-29 14:03:04,742 

2015-06-29 14:03:11,269 Starting Training from 2014-12-17 to 2015-01-01
2015-06-29 14:16:12,744 Starting Live from 2015-01-02 to 2015-02-01
2015-06-29 14:47:43,888 Starting Training from 2015-01-17 to 2015-02-01
2015-06-29 14:49:40,500 Starting Live from 2015-02-02 to 2015-03-04
2015-06-29 15:11:04,279 Starting Training from 2015-02-17 to 2015-03-04
2015-06-29 15:16:43,775 Starting Live from 2015-03-05 to 2015-04-04
2015-06-29 15:38:33,427 Starting Training from 2015-03-20 to 2015-04-04
2015-06-29 15:41:55,105 Starting Live from 2015-04-05 to 2015-04-10
2015-06-29 15:49:24,007 Starting Q Learning for : 
2015-06-29 15:49:24,007 alpha = 0.5
2015-06-29 15:49:24,009 gamma = 0.8
2015-06-29 15:49:24,009 individual factor = 10
2015-06-29 15:49:24,009 zero range = 0.002
2015-06-29 15:49:24,009 greedy level = 5
2015-06-29 15:49:24,009 

2015-06-29 15:49:33,358 Starting Training from 2014-12-17 to 2015-01-01
2015-06-29 16:03:41,325 Starting Live from 2015-01-02 to 2015-02-01
2015-06-29 16:29:18,023 Starting Training from 2015-01-17 to 2015-02-01
2015-06-29 16:31:12,125 Starting Live from 2015-02-02 to 2015-03-04
2015-06-29 16:41:39,121 Starting Training from 2015-02-17 to 2015-03-04
2015-06-29 16:51:55,171 Starting Live from 2015-03-05 to 2015-04-04
2015-06-29 17:13:30,329 Starting Training from 2015-03-20 to 2015-04-04
2015-06-29 17:15:57,061 Starting Live from 2015-04-05 to 2015-04-10
2015-06-29 17:20:29,770 Starting Q Learning for : 
2015-06-29 17:20:29,770 alpha = 0.4
2015-06-29 17:20:29,770 gamma = 0.1
2015-06-29 17:20:29,770 individual factor = 10
2015-06-29 17:20:29,770 zero range = 0.006
2015-06-29 17:20:29,770 greedy level = 5
2015-06-29 17:20:29,772 

2015-06-29 17:20:36,276 Starting Training from 2014-12-17 to 2015-01-01
2015-06-29 17:34:32,005 Starting Live from 2015-01-02 to 2015-02-01
2015-06-29 18:08:41,881 Starting Training from 2015-01-17 to 2015-02-01
2015-06-29 18:11:16,115 Starting Live from 2015-02-02 to 2015-03-04
2015-06-29 18:41:48,772 Starting Training from 2015-02-17 to 2015-03-04
2015-06-29 18:44:10,453 Starting Live from 2015-03-05 to 2015-04-04
2015-06-29 19:13:07,836 Starting Training from 2015-03-20 to 2015-04-04
2015-06-29 19:14:30,634 Starting Live from 2015-04-05 to 2015-04-10
2015-06-29 19:23:48,542 Starting Q Learning for : 
2015-06-29 19:23:48,542 alpha = 0.4
2015-06-29 19:23:48,542 gamma = 0.2
2015-06-29 19:23:48,542 individual factor = 10
2015-06-29 19:23:48,542 zero range = 0.006
2015-06-29 19:23:48,543 greedy level = 5
2015-06-29 19:23:48,543 

2015-06-29 19:23:57,065 Starting Training from 2014-12-17 to 2015-01-01
2015-06-29 19:36:41,342 Starting Live from 2015-01-02 to 2015-02-01
2015-06-29 20:10:02,528 Starting Training from 2015-01-17 to 2015-02-01
2015-06-29 20:11:55,647 Starting Live from 2015-02-02 to 2015-03-04
2015-06-29 20:42:28,283 Starting Training from 2015-02-17 to 2015-03-04
2015-06-29 20:44:58,403 Starting Live from 2015-03-05 to 2015-04-04
2015-06-29 21:20:19,737 Starting Training from 2015-03-20 to 2015-04-04
2015-06-29 21:21:40,894 Starting Live from 2015-04-05 to 2015-04-10
2015-06-29 21:30:49,367 Starting Q Learning for : 
2015-06-29 21:30:49,368 alpha = 0.4
2015-06-29 21:30:49,368 gamma = 0.3
2015-06-29 21:30:49,368 individual factor = 10
2015-06-29 21:30:49,368 zero range = 0.006
2015-06-29 21:30:49,368 greedy level = 5
2015-06-29 21:30:49,368 

2015-06-29 21:30:55,996 Starting Training from 2014-12-17 to 2015-01-01
2015-06-29 21:44:25,551 Starting Live from 2015-01-02 to 2015-02-01
2015-06-29 22:18:18,549 Starting Training from 2015-01-17 to 2015-02-01
2015-06-29 22:20:18,086 Starting Live from 2015-02-02 to 2015-03-04
2015-06-29 22:52:01,875 Starting Training from 2015-02-17 to 2015-03-04
2015-06-29 22:54:37,063 Starting Live from 2015-03-05 to 2015-04-04
2015-06-29 23:24:58,710 Starting Training from 2015-03-20 to 2015-04-04
2015-06-29 23:26:19,703 Starting Live from 2015-04-05 to 2015-04-10
2015-06-29 23:36:06,424 Starting Q Learning for : 
2015-06-29 23:36:06,424 alpha = 0.4
2015-06-29 23:36:06,426 gamma = 0.4
2015-06-29 23:36:06,426 individual factor = 10
2015-06-29 23:36:06,426 zero range = 0.006
2015-06-29 23:36:06,426 greedy level = 5
2015-06-29 23:36:06,426 

2015-06-29 23:36:12,674 Starting Training from 2014-12-17 to 2015-01-01
2015-06-29 23:49:27,029 Starting Live from 2015-01-02 to 2015-02-01
2015-06-30 00:24:37,838 Starting Training from 2015-01-17 to 2015-02-01
2015-06-30 00:26:35,989 Starting Live from 2015-02-02 to 2015-03-04
2015-06-30 00:59:02,779 Starting Training from 2015-02-17 to 2015-03-04
2015-06-30 01:01:24,493 Starting Live from 2015-03-05 to 2015-04-04
2015-06-30 01:33:17,013 Starting Training from 2015-03-20 to 2015-04-04
2015-06-30 01:34:50,588 Starting Live from 2015-04-05 to 2015-04-10
2015-06-30 01:43:57,334 Starting Q Learning for : 
2015-06-30 01:43:57,334 alpha = 0.4
2015-06-30 01:43:57,334 gamma = 0.5
2015-06-30 01:43:57,334 individual factor = 10
2015-06-30 01:43:57,335 zero range = 0.006
2015-06-30 01:43:57,335 greedy level = 5
2015-06-30 01:43:57,335 

2015-06-30 01:44:03,438 Starting Training from 2014-12-17 to 2015-01-01
2015-06-30 01:57:48,516 Starting Live from 2015-01-02 to 2015-02-01
2015-06-30 02:31:13,252 Starting Training from 2015-01-17 to 2015-02-01
2015-06-30 02:33:07,533 Starting Live from 2015-02-02 to 2015-03-04
2015-06-30 03:03:41,118 Starting Training from 2015-02-17 to 2015-03-04
2015-06-30 03:06:08,125 Starting Live from 2015-03-05 to 2015-04-04
2015-06-30 03:35:01,632 Starting Training from 2015-03-20 to 2015-04-04
2015-06-30 03:36:21,887 Starting Live from 2015-04-05 to 2015-04-10
2015-06-30 03:44:59,280 Starting Q Learning for : 
2015-06-30 03:44:59,280 alpha = 0.4
2015-06-30 03:44:59,280 gamma = 0.6
2015-06-30 03:44:59,280 individual factor = 10
2015-06-30 03:44:59,280 zero range = 0.006
2015-06-30 03:44:59,280 greedy level = 5
2015-06-30 03:44:59,280 

2015-06-30 03:45:05,996 Starting Training from 2014-12-17 to 2015-01-01
2015-06-30 03:58:44,036 Starting Live from 2015-01-02 to 2015-02-01
2015-06-30 04:32:21,688 Starting Training from 2015-01-17 to 2015-02-01
2015-06-30 04:34:50,599 Starting Live from 2015-02-02 to 2015-03-04
2015-06-30 05:04:59,811 Starting Training from 2015-02-17 to 2015-03-04
2015-06-30 05:07:23,980 Starting Live from 2015-03-05 to 2015-04-04
2015-06-30 05:35:29,918 Starting Training from 2015-03-20 to 2015-04-04
2015-06-30 05:37:10,622 Starting Live from 2015-04-05 to 2015-04-10
2015-06-30 05:46:21,697 Starting Q Learning for : 
2015-06-30 05:46:21,698 alpha = 0.4
2015-06-30 05:46:21,698 gamma = 0.7
2015-06-30 05:46:21,698 individual factor = 10
2015-06-30 05:46:21,698 zero range = 0.006
2015-06-30 05:46:21,698 greedy level = 5
2015-06-30 05:46:21,698 

2015-06-30 05:46:27,351 Starting Training from 2014-12-17 to 2015-01-01
2015-06-30 05:59:10,644 Starting Live from 2015-01-02 to 2015-02-01
2015-06-30 06:29:24,727 Starting Training from 2015-01-17 to 2015-02-01
2015-06-30 06:31:42,734 Starting Live from 2015-02-02 to 2015-03-04
2015-06-30 06:51:01,053 Starting Training from 2015-02-17 to 2015-03-04
2015-06-30 06:57:48,848 Starting Live from 2015-03-05 to 2015-04-04
2015-06-30 07:18:54,575 Starting Training from 2015-03-20 to 2015-04-04
2015-06-30 07:22:06,196 Starting Live from 2015-04-05 to 2015-04-10
2015-06-30 07:29:06,523 Starting Q Learning for : 
2015-06-30 07:29:06,523 alpha = 0.4
2015-06-30 07:29:06,523 gamma = 0.8
2015-06-30 07:29:06,523 individual factor = 10
2015-06-30 07:29:06,523 zero range = 0.006
2015-06-30 07:29:06,523 greedy level = 5
2015-06-30 07:29:06,523 

2015-06-30 07:29:13,404 Starting Training from 2014-12-17 to 2015-01-01
2015-06-30 07:42:48,036 Starting Live from 2015-01-02 to 2015-02-01
2015-06-30 08:07:13,594 Starting Training from 2015-01-17 to 2015-02-01
2015-06-30 08:09:07,331 Starting Live from 2015-02-02 to 2015-03-04
2015-06-30 08:18:04,526 Starting Training from 2015-02-17 to 2015-03-04
2015-06-30 08:28:44,801 Starting Live from 2015-03-05 to 2015-04-04
2015-06-30 08:49:52,157 Starting Training from 2015-03-20 to 2015-04-04
2015-06-30 08:52:34,066 Starting Live from 2015-04-05 to 2015-04-10
2015-06-30 08:57:14,469 Starting Q Learning for : 
2015-06-30 08:57:14,470 alpha = 0.5
2015-06-30 08:57:14,470 gamma = 0.1
2015-06-30 08:57:14,470 individual factor = 10
2015-06-30 08:57:14,470 zero range = 0.01
2015-06-30 08:57:14,470 greedy level = 5
2015-06-30 08:57:14,470 

2015-06-30 08:57:20,174 Starting Training from 2014-12-17 to 2015-01-01
2015-06-30 09:10:05,588 Starting Live from 2015-01-02 to 2015-02-01
2015-06-30 09:44:14,907 Starting Training from 2015-01-17 to 2015-02-01
2015-06-30 09:46:10,371 Starting Live from 2015-02-02 to 2015-03-04
2015-06-30 10:16:20,286 Starting Training from 2015-02-17 to 2015-03-04
2015-06-30 10:18:32,992 Starting Live from 2015-03-05 to 2015-04-04
2015-06-30 10:48:02,963 Starting Training from 2015-03-20 to 2015-04-04
2015-06-30 10:49:17,628 Starting Live from 2015-04-05 to 2015-04-10
2015-06-30 10:57:35,950 Starting Q Learning for : 
2015-06-30 10:57:35,950 alpha = 0.5
2015-06-30 10:57:35,950 gamma = 0.2
2015-06-30 10:57:35,950 individual factor = 10
2015-06-30 10:57:35,950 zero range = 0.01
2015-06-30 10:57:35,950 greedy level = 5
2015-06-30 10:57:35,950 

2015-06-30 10:57:40,779 Starting Training from 2014-12-17 to 2015-01-01
2015-06-30 11:10:34,042 Starting Live from 2015-01-02 to 2015-02-01
2015-06-30 11:41:48,792 Starting Training from 2015-01-17 to 2015-02-01
2015-06-30 11:43:37,903 Starting Live from 2015-02-02 to 2015-03-04
2015-06-30 12:12:01,144 Starting Training from 2015-02-17 to 2015-03-04
2015-06-30 12:14:13,380 Starting Live from 2015-03-05 to 2015-04-04
2015-06-30 12:42:37,394 Starting Training from 2015-03-20 to 2015-04-04
2015-06-30 12:43:48,404 Starting Live from 2015-04-05 to 2015-04-10
2015-06-30 12:52:05,944 Starting Q Learning for : 
2015-06-30 12:52:05,944 alpha = 0.5
2015-06-30 12:52:05,944 gamma = 0.3
2015-06-30 12:52:05,944 individual factor = 10
2015-06-30 12:52:05,946 zero range = 0.01
2015-06-30 12:52:05,946 greedy level = 5
2015-06-30 12:52:05,946 

2015-06-30 12:52:12,255 Starting Training from 2014-12-17 to 2015-01-01
2015-06-30 13:04:50,719 Starting Live from 2015-01-02 to 2015-02-01
2015-06-30 13:35:29,775 Starting Training from 2015-01-17 to 2015-02-01
2015-06-30 13:37:12,913 Starting Live from 2015-02-02 to 2015-03-04
2015-06-30 14:05:20,211 Starting Training from 2015-02-17 to 2015-03-04
2015-06-30 14:07:35,887 Starting Live from 2015-03-05 to 2015-04-04
2015-06-30 14:36:16,325 Starting Training from 2015-03-20 to 2015-04-04
2015-06-30 14:37:29,542 Starting Live from 2015-04-05 to 2015-04-10
2015-06-30 14:45:40,438 Starting Q Learning for : 
2015-06-30 14:45:40,440 alpha = 0.5
2015-06-30 14:45:40,440 gamma = 0.4
2015-06-30 14:45:40,440 individual factor = 10
2015-06-30 14:45:40,440 zero range = 0.01
2015-06-30 14:45:40,440 greedy level = 5
2015-06-30 14:45:40,440 

2015-06-30 14:45:45,803 Starting Training from 2014-12-17 to 2015-01-01
2015-06-30 14:58:27,250 Starting Live from 2015-01-02 to 2015-02-01
2015-06-30 15:30:04,911 Starting Training from 2015-01-17 to 2015-02-01
2015-06-30 15:31:49,194 Starting Live from 2015-02-02 to 2015-03-04
2015-06-30 16:00:33,930 Starting Training from 2015-02-17 to 2015-03-04
2015-06-30 16:02:36,355 Starting Live from 2015-03-05 to 2015-04-04
2015-06-30 16:31:45,201 Starting Training from 2015-03-20 to 2015-04-04
2015-06-30 16:33:02,226 Starting Live from 2015-04-05 to 2015-04-10
2015-06-30 16:41:05,184 Starting Q Learning for : 
2015-06-30 16:41:05,184 alpha = 0.5
2015-06-30 16:41:05,184 gamma = 0.5
2015-06-30 16:41:05,184 individual factor = 10
2015-06-30 16:41:05,184 zero range = 0.01
2015-06-30 16:41:05,184 greedy level = 5
2015-06-30 16:41:05,184 

2015-06-30 16:41:11,812 Starting Training from 2014-12-17 to 2015-01-01
2015-06-30 16:54:01,539 Starting Live from 2015-01-02 to 2015-02-01
2015-06-30 17:24:54,122 Starting Training from 2015-01-17 to 2015-02-01
2015-06-30 17:26:46,686 Starting Live from 2015-02-02 to 2015-03-04
2015-06-30 17:56:48,621 Starting Training from 2015-02-17 to 2015-03-04
2015-06-30 17:59:35,250 Starting Live from 2015-03-05 to 2015-04-04
2015-06-30 18:28:52,525 Starting Training from 2015-03-20 to 2015-04-04
2015-06-30 18:30:11,421 Starting Live from 2015-04-05 to 2015-04-10
2015-06-30 18:38:18,621 Starting Q Learning for : 
2015-06-30 18:38:18,621 alpha = 0.5
2015-06-30 18:38:18,621 gamma = 0.6
2015-06-30 18:38:18,621 individual factor = 10
2015-06-30 18:38:18,621 zero range = 0.01
2015-06-30 18:38:18,621 greedy level = 5
2015-06-30 18:38:18,621 

2015-06-30 18:38:23,773 Starting Training from 2014-12-17 to 2015-01-01
2015-06-30 18:49:32,529 Starting Live from 2015-01-02 to 2015-02-01
2015-06-30 19:19:32,642 Starting Training from 2015-01-17 to 2015-02-01
2015-06-30 19:21:18,351 Starting Live from 2015-02-02 to 2015-03-04
2015-06-30 19:50:34,796 Starting Training from 2015-02-17 to 2015-03-04
2015-06-30 19:53:31,045 Starting Live from 2015-03-05 to 2015-04-04
2015-06-30 20:20:48,759 Starting Training from 2015-03-20 to 2015-04-04
2015-06-30 20:22:00,951 Starting Live from 2015-04-05 to 2015-04-10
2015-06-30 20:29:57,782 Starting Q Learning for : 
2015-06-30 20:29:57,782 alpha = 0.5
2015-06-30 20:29:57,782 gamma = 0.7
2015-06-30 20:29:57,782 individual factor = 10
2015-06-30 20:29:57,782 zero range = 0.01
2015-06-30 20:29:57,782 greedy level = 5
2015-06-30 20:29:57,782 

2015-06-30 20:30:03,408 Starting Training from 2014-12-17 to 2015-01-01
2015-06-30 20:42:52,403 Starting Live from 2015-01-02 to 2015-02-01
2015-06-30 21:10:16,400 Starting Training from 2015-01-17 to 2015-02-01
2015-06-30 21:12:00,598 Starting Live from 2015-02-02 to 2015-03-04
2015-06-30 21:29:35,786 Starting Training from 2015-02-17 to 2015-03-04
2015-06-30 21:35:41,243 Starting Live from 2015-03-05 to 2015-04-04
2015-06-30 21:55:40,555 Starting Training from 2015-03-20 to 2015-04-04
2015-06-30 21:58:13,621 Starting Live from 2015-04-05 to 2015-04-10
2015-06-30 22:04:15,910 Starting Q Learning for : 
2015-06-30 22:04:15,910 alpha = 0.5
2015-06-30 22:04:15,910 gamma = 0.8
2015-06-30 22:04:15,910 individual factor = 10
2015-06-30 22:04:15,910 zero range = 0.01
2015-06-30 22:04:15,910 greedy level = 5
2015-06-30 22:04:15,911 

2015-06-30 22:04:21,691 Starting Training from 2014-12-17 to 2015-01-01
2015-06-30 22:16:57,648 Starting Live from 2015-01-02 to 2015-02-01
2015-06-30 22:39:54,811 Starting Training from 2015-01-17 to 2015-02-01
2015-06-30 22:41:40,335 Starting Live from 2015-02-02 to 2015-03-04
2015-06-30 22:50:32,502 Starting Training from 2015-02-17 to 2015-03-04
2015-06-30 23:00:24,928 Starting Live from 2015-03-05 to 2015-04-04
2015-06-30 23:21:13,618 Starting Training from 2015-03-20 to 2015-04-04
2015-06-30 23:23:25,002 Starting Live from 2015-04-05 to 2015-04-10
2015-06-30 23:27:45,115 Starting Q Learning for : 
2015-06-30 23:27:45,115 alpha = 0.2
2015-06-30 23:27:45,115 gamma = 0.1
2015-06-30 23:27:45,115 individual factor = 10
2015-06-30 23:27:45,115 zero range = 0.01
2015-06-30 23:27:45,115 greedy level = 5
2015-06-30 23:27:45,115 

2015-06-30 23:27:52,121 Starting Training from 2014-12-17 to 2015-01-01
2015-06-30 23:41:00,792 Starting Live from 2015-01-02 to 2015-02-01
2015-07-01 00:12:46,101 Starting Training from 2015-01-17 to 2015-02-01
2015-07-01 00:14:30,920 Starting Live from 2015-02-02 to 2015-03-04
2015-07-01 00:42:12,043 Starting Training from 2015-02-17 to 2015-03-04
2015-07-01 00:44:07,147 Starting Live from 2015-03-05 to 2015-04-04
2015-07-01 01:10:47,433 Starting Training from 2015-03-20 to 2015-04-04
2015-07-01 01:12:00,089 Starting Live from 2015-04-05 to 2015-04-10
2015-07-01 01:19:28,823 Starting Q Learning for : 
2015-07-01 01:19:28,823 alpha = 0.2
2015-07-01 01:19:28,823 gamma = 0.2
2015-07-01 01:19:28,823 individual factor = 10
2015-07-01 01:19:28,823 zero range = 0.01
2015-07-01 01:19:28,823 greedy level = 5
2015-07-01 01:19:28,823 

2015-07-01 01:19:35,029 Starting Training from 2014-12-17 to 2015-01-01
2015-07-01 01:31:19,592 Starting Live from 2015-01-02 to 2015-02-01
2015-07-01 02:00:57,124 Starting Training from 2015-01-17 to 2015-02-01
2015-07-01 02:02:31,921 Starting Live from 2015-02-02 to 2015-03-04
2015-07-01 02:29:16,826 Starting Training from 2015-02-17 to 2015-03-04
2015-07-01 02:31:18,437 Starting Live from 2015-03-05 to 2015-04-04
2015-07-01 02:57:33,759 Starting Training from 2015-03-20 to 2015-04-04
2015-07-01 02:58:45,736 Starting Live from 2015-04-05 to 2015-04-10
2015-07-01 03:07:06,526 Starting Q Learning for : 
2015-07-01 03:07:06,526 alpha = 0.2
2015-07-01 03:07:06,526 gamma = 0.3
2015-07-01 03:07:06,526 individual factor = 10
2015-07-01 03:07:06,526 zero range = 0.01
2015-07-01 03:07:06,528 greedy level = 5
2015-07-01 03:07:06,528 

2015-07-01 03:07:13,042 Starting Training from 2014-12-17 to 2015-01-01
2015-07-01 03:18:22,891 Starting Live from 2015-01-02 to 2015-02-01
2015-07-01 03:48:51,010 Starting Training from 2015-01-17 to 2015-02-01
2015-07-01 03:50:37,704 Starting Live from 2015-02-02 to 2015-03-04
2015-07-01 04:17:15,072 Starting Training from 2015-02-17 to 2015-03-04
2015-07-01 04:19:03,624 Starting Live from 2015-03-05 to 2015-04-04
2015-07-01 04:45:13,098 Starting Training from 2015-03-20 to 2015-04-04
2015-07-01 04:46:19,595 Starting Live from 2015-04-05 to 2015-04-10
2015-07-01 04:54:03,542 Starting Q Learning for : 
2015-07-01 04:54:03,542 alpha = 0.2
2015-07-01 04:54:03,542 gamma = 0.4
2015-07-01 04:54:03,542 individual factor = 10
2015-07-01 04:54:03,542 zero range = 0.01
2015-07-01 04:54:03,542 greedy level = 5
2015-07-01 04:54:03,542 

2015-07-01 04:54:10,727 Starting Training from 2014-12-17 to 2015-01-01
2015-07-01 05:05:51,726 Starting Live from 2015-01-02 to 2015-02-01
2015-07-01 05:34:48,930 Starting Training from 2015-01-17 to 2015-02-01
2015-07-01 05:36:28,125 Starting Live from 2015-02-02 to 2015-03-04
2015-07-01 06:03:08,884 Starting Training from 2015-02-17 to 2015-03-04
2015-07-01 06:05:35,713 Starting Live from 2015-03-05 to 2015-04-04
2015-07-01 06:33:06,148 Starting Training from 2015-03-20 to 2015-04-04
2015-07-01 06:34:13,907 Starting Live from 2015-04-05 to 2015-04-10
2015-07-01 06:42:00,436 Starting Q Learning for : 
2015-07-01 06:42:00,436 alpha = 0.2
2015-07-01 06:42:00,436 gamma = 0.5
2015-07-01 06:42:00,436 individual factor = 10
2015-07-01 06:42:00,437 zero range = 0.01
2015-07-01 06:42:00,437 greedy level = 5
2015-07-01 06:42:00,437 

2015-07-01 06:42:05,918 Starting Training from 2014-12-17 to 2015-01-01
2015-07-01 06:53:58,388 Starting Live from 2015-01-02 to 2015-02-01
2015-07-01 07:22:41,697 Starting Training from 2015-01-17 to 2015-02-01
2015-07-01 07:24:23,072 Starting Live from 2015-02-02 to 2015-03-04
2015-07-01 07:50:31,190 Starting Training from 2015-02-17 to 2015-03-04
2015-07-01 07:52:23,256 Starting Live from 2015-03-05 to 2015-04-04
2015-07-01 08:17:25,684 Starting Training from 2015-03-20 to 2015-04-04
2015-07-01 08:18:31,641 Starting Live from 2015-04-05 to 2015-04-10
2015-07-01 08:27:06,926 Starting Q Learning for : 
2015-07-01 08:27:06,926 alpha = 0.2
2015-07-01 08:27:06,926 gamma = 0.6
2015-07-01 08:27:06,926 individual factor = 10
2015-07-01 08:27:06,926 zero range = 0.01
2015-07-01 08:27:06,927 greedy level = 5
2015-07-01 08:27:06,927 

2015-07-01 08:27:13,002 Starting Training from 2014-12-17 to 2015-01-01
2015-07-01 08:38:15,992 Starting Live from 2015-01-02 to 2015-02-01
2015-07-01 09:08:14,125 Starting Training from 2015-01-17 to 2015-02-01
2015-07-01 09:09:55,724 Starting Live from 2015-02-02 to 2015-03-04
2015-07-01 09:36:24,430 Starting Training from 2015-02-17 to 2015-03-04
2015-07-01 09:38:17,426 Starting Live from 2015-03-05 to 2015-04-04
2015-07-01 10:03:26,903 Starting Training from 2015-03-20 to 2015-04-04
2015-07-01 10:04:46,259 Starting Live from 2015-04-05 to 2015-04-10
2015-07-01 10:12:03,802 Starting Q Learning for : 
2015-07-01 10:12:03,802 alpha = 0.2
2015-07-01 10:12:03,802 gamma = 0.7
2015-07-01 10:12:03,802 individual factor = 10
2015-07-01 10:12:03,802 zero range = 0.01
2015-07-01 10:12:03,802 greedy level = 5
2015-07-01 10:12:03,802 

2015-07-01 10:12:08,898 Starting Training from 2014-12-17 to 2015-01-01
2015-07-01 10:23:47,763 Starting Live from 2015-01-02 to 2015-02-01
2015-07-01 10:49:20,125 Starting Training from 2015-01-17 to 2015-02-01
2015-07-01 10:50:52,499 Starting Live from 2015-02-02 to 2015-03-04
2015-07-01 11:07:38,428 Starting Training from 2015-02-17 to 2015-03-04
2015-07-01 11:12:32,210 Starting Live from 2015-03-05 to 2015-04-04
2015-07-01 11:29:58,048 Starting Training from 2015-03-20 to 2015-04-04
2015-07-01 11:32:35,826 Starting Live from 2015-04-05 to 2015-04-10
2015-07-01 11:37:55,822 Starting Q Learning for : 
2015-07-01 11:37:55,822 alpha = 0.2
2015-07-01 11:37:55,822 gamma = 0.8
2015-07-01 11:37:55,822 individual factor = 10
2015-07-01 11:37:55,822 zero range = 0.01
2015-07-01 11:37:55,822 greedy level = 5
2015-07-01 11:37:55,822 

2015-07-01 11:38:00,884 Starting Training from 2014-12-17 to 2015-01-01
2015-07-01 11:49:24,214 Starting Live from 2015-01-02 to 2015-02-01
2015-07-01 12:09:57,150 Starting Training from 2015-01-17 to 2015-02-01
2015-07-01 12:11:33,904 Starting Live from 2015-02-02 to 2015-03-04
2015-07-01 12:19:21,543 Starting Training from 2015-02-17 to 2015-03-04
2015-07-01 12:27:09,477 Starting Live from 2015-03-05 to 2015-04-04
2015-07-01 12:43:02,298 Starting Training from 2015-03-20 to 2015-04-04
2015-07-01 12:45:00,453 Starting Live from 2015-04-05 to 2015-04-10
