2015-06-29 01:38:31,375 Starting Q Learning for : 
2015-06-29 01:38:31,377 alpha = 0.2
2015-06-29 01:38:31,377 gamma = 0.1
2015-06-29 01:38:31,377 individual factor = 10
2015-06-29 01:38:31,377 zero range = 0.002
2015-06-29 01:38:31,377 greedy level = 5
2015-06-29 01:38:31,377 

2015-06-29 01:38:53,049 Starting Training from 2014-12-17 to 2015-01-01
2015-06-29 01:53:20,061 Starting Live from 2015-01-02 to 2015-02-01
2015-06-29 02:24:37,617 Starting Training from 2015-01-17 to 2015-02-01
2015-06-29 02:26:19,197 Starting Live from 2015-02-02 to 2015-03-04
2015-06-29 02:57:37,608 Starting Training from 2015-02-17 to 2015-03-04
2015-06-29 02:59:52,022 Starting Live from 2015-03-05 to 2015-04-04
2015-06-29 03:29:40,095 Starting Training from 2015-03-20 to 2015-04-04
2015-06-29 03:31:05,510 Starting Live from 2015-04-05 to 2015-04-10
2015-06-29 03:41:02,907 Starting Q Learning for : 
2015-06-29 03:41:02,908 alpha = 0.2
2015-06-29 03:41:02,908 gamma = 0.2
2015-06-29 03:41:02,908 individual factor = 10
2015-06-29 03:41:02,908 zero range = 0.002
2015-06-29 03:41:02,908 greedy level = 5
2015-06-29 03:41:02,908 

2015-06-29 03:41:14,536 Starting Training from 2014-12-17 to 2015-01-01
2015-06-29 03:54:10,785 Starting Live from 2015-01-02 to 2015-02-01
2015-06-29 04:28:27,805 Starting Training from 2015-01-17 to 2015-02-01
2015-06-29 04:30:25,584 Starting Live from 2015-02-02 to 2015-03-04
2015-06-29 05:01:26,164 Starting Training from 2015-02-17 to 2015-03-04
2015-06-29 05:03:42,500 Starting Live from 2015-03-05 to 2015-04-04
2015-06-29 05:34:40,200 Starting Training from 2015-03-20 to 2015-04-04
2015-06-29 05:36:11,496 Starting Live from 2015-04-05 to 2015-04-10
2015-06-29 05:45:08,530 Starting Q Learning for : 
2015-06-29 05:45:08,530 alpha = 0.2
2015-06-29 05:45:08,530 gamma = 0.3
2015-06-29 05:45:08,530 individual factor = 10
2015-06-29 05:45:08,530 zero range = 0.002
2015-06-29 05:45:08,530 greedy level = 5
2015-06-29 05:45:08,532 

2015-06-29 05:45:14,908 Starting Training from 2014-12-17 to 2015-01-01
2015-06-29 05:58:36,026 Starting Live from 2015-01-02 to 2015-02-01
2015-06-29 06:33:05,582 Starting Training from 2015-01-17 to 2015-02-01
2015-06-29 06:35:03,747 Starting Live from 2015-02-02 to 2015-03-04
2015-06-29 07:06:57,783 Starting Training from 2015-02-17 to 2015-03-04
2015-06-29 07:09:09,703 Starting Live from 2015-03-05 to 2015-04-04
2015-06-29 07:39:32,927 Starting Training from 2015-03-20 to 2015-04-04
2015-06-29 07:40:53,711 Starting Live from 2015-04-05 to 2015-04-10
2015-06-29 07:50:02,023 Starting Q Learning for : 
2015-06-29 07:50:02,023 alpha = 0.2
2015-06-29 07:50:02,023 gamma = 0.4
2015-06-29 07:50:02,023 individual factor = 10
2015-06-29 07:50:02,025 zero range = 0.002
2015-06-29 07:50:02,025 greedy level = 5
2015-06-29 07:50:02,025 

2015-06-29 07:50:11,473 Starting Training from 2014-12-17 to 2015-01-01
2015-06-29 08:03:28,516 Starting Live from 2015-01-02 to 2015-02-01
2015-06-29 08:38:37,313 Starting Training from 2015-01-17 to 2015-02-01
2015-06-29 08:40:38,288 Starting Live from 2015-02-02 to 2015-03-04
2015-06-29 09:12:14,207 Starting Training from 2015-02-17 to 2015-03-04
2015-06-29 09:14:25,867 Starting Live from 2015-03-05 to 2015-04-04
2015-06-29 09:47:29,230 Starting Training from 2015-03-20 to 2015-04-04
2015-06-29 09:48:54,023 Starting Live from 2015-04-05 to 2015-04-10
2015-06-29 09:58:05,164 Starting Q Learning for : 
2015-06-29 09:58:05,164 alpha = 0.2
2015-06-29 09:58:05,164 gamma = 0.5
2015-06-29 09:58:05,164 individual factor = 10
2015-06-29 09:58:05,164 zero range = 0.002
2015-06-29 09:58:05,164 greedy level = 5
2015-06-29 09:58:05,164 

2015-06-29 09:58:11,401 Starting Training from 2014-12-17 to 2015-01-01
2015-06-29 10:11:50,394 Starting Live from 2015-01-02 to 2015-02-01
2015-06-29 10:45:18,107 Starting Training from 2015-01-17 to 2015-02-01
2015-06-29 10:47:17,674 Starting Live from 2015-02-02 to 2015-03-04
2015-06-29 11:19:01,894 Starting Training from 2015-02-17 to 2015-03-04
2015-06-29 11:21:32,040 Starting Live from 2015-03-05 to 2015-04-04
2015-06-29 11:51:24,654 Starting Training from 2015-03-20 to 2015-04-04
2015-06-29 11:52:41,569 Starting Live from 2015-04-05 to 2015-04-10
2015-06-29 12:01:55,607 Starting Q Learning for : 
2015-06-29 12:01:55,607 alpha = 0.2
2015-06-29 12:01:55,607 gamma = 0.6
2015-06-29 12:01:55,607 individual factor = 10
2015-06-29 12:01:55,607 zero range = 0.002
2015-06-29 12:01:55,607 greedy level = 5
2015-06-29 12:01:55,607 

2015-06-29 12:02:04,688 Starting Training from 2014-12-17 to 2015-01-01
2015-06-29 12:15:09,625 Starting Live from 2015-01-02 to 2015-02-01
2015-06-29 12:49:42,030 Starting Training from 2015-01-17 to 2015-02-01
2015-06-29 12:51:39,858 Starting Live from 2015-02-02 to 2015-03-04
2015-06-29 13:21:54,153 Starting Training from 2015-02-17 to 2015-03-04
2015-06-29 13:24:40,184 Starting Live from 2015-03-05 to 2015-04-04
2015-06-29 13:55:13,312 Starting Training from 2015-03-20 to 2015-04-04
2015-06-29 13:56:55,859 Starting Live from 2015-04-05 to 2015-04-10
2015-06-29 14:05:54,657 Starting Q Learning for : 
2015-06-29 14:05:54,658 alpha = 0.2
2015-06-29 14:05:54,658 gamma = 0.7
2015-06-29 14:05:54,658 individual factor = 10
2015-06-29 14:05:54,658 zero range = 0.002
2015-06-29 14:05:54,658 greedy level = 5
2015-06-29 14:05:54,658 

2015-06-29 14:06:00,937 Starting Training from 2014-12-17 to 2015-01-01
2015-06-29 14:19:19,855 Starting Live from 2015-01-02 to 2015-02-01
2015-06-29 14:50:09,823 Starting Training from 2015-01-17 to 2015-02-01
2015-06-29 14:52:09,022 Starting Live from 2015-02-02 to 2015-03-04
2015-06-29 15:13:06,414 Starting Training from 2015-02-17 to 2015-03-04
2015-06-29 15:18:51,315 Starting Live from 2015-03-05 to 2015-04-04
2015-06-29 15:40:27,078 Starting Training from 2015-03-20 to 2015-04-04
2015-06-29 15:43:49,457 Starting Live from 2015-04-05 to 2015-04-10
2015-06-29 15:51:03,082 Starting Q Learning for : 
2015-06-29 15:51:03,082 alpha = 0.2
2015-06-29 15:51:03,082 gamma = 0.8
2015-06-29 15:51:03,082 individual factor = 10
2015-06-29 15:51:03,082 zero range = 0.002
2015-06-29 15:51:03,082 greedy level = 5
2015-06-29 15:51:03,082 

2015-06-29 15:51:11,799 Starting Training from 2014-12-17 to 2015-01-01
2015-06-29 16:05:05,595 Starting Live from 2015-01-02 to 2015-02-01
2015-06-29 16:30:59,403 Starting Training from 2015-01-17 to 2015-02-01
2015-06-29 16:32:57,944 Starting Live from 2015-02-02 to 2015-03-04
2015-06-29 16:43:20,052 Starting Training from 2015-02-17 to 2015-03-04
2015-06-29 16:53:44,543 Starting Live from 2015-03-05 to 2015-04-04
2015-06-29 17:15:41,394 Starting Training from 2015-03-20 to 2015-04-04
2015-06-29 17:18:02,684 Starting Live from 2015-04-05 to 2015-04-10
2015-06-29 17:22:50,194 Starting Q Learning for : 
2015-06-29 17:22:50,194 alpha = 0.6
2015-06-29 17:22:50,194 gamma = 0.1
2015-06-29 17:22:50,194 individual factor = 10
2015-06-29 17:22:50,194 zero range = 0.006
2015-06-29 17:22:50,194 greedy level = 5
2015-06-29 17:22:50,194 

2015-06-29 17:22:58,700 Starting Training from 2014-12-17 to 2015-01-01
2015-06-29 17:36:28,341 Starting Live from 2015-01-02 to 2015-02-01
2015-06-29 18:12:04,016 Starting Training from 2015-01-17 to 2015-02-01
2015-06-29 18:14:05,058 Starting Live from 2015-02-02 to 2015-03-04
2015-06-29 18:44:42,401 Starting Training from 2015-02-17 to 2015-03-04
2015-06-29 18:46:54,516 Starting Live from 2015-03-05 to 2015-04-04
2015-06-29 19:16:07,523 Starting Training from 2015-03-20 to 2015-04-04
2015-06-29 19:17:32,359 Starting Live from 2015-04-05 to 2015-04-10
2015-06-29 19:26:51,996 Starting Q Learning for : 
2015-06-29 19:26:51,996 alpha = 0.6
2015-06-29 19:26:51,996 gamma = 0.2
2015-06-29 19:26:51,996 individual factor = 10
2015-06-29 19:26:51,996 zero range = 0.006
2015-06-29 19:26:51,996 greedy level = 5
2015-06-29 19:26:51,996 

2015-06-29 19:26:58,164 Starting Training from 2014-12-17 to 2015-01-01
2015-06-29 19:39:30,555 Starting Live from 2015-01-02 to 2015-02-01
2015-06-29 20:12:52,533 Starting Training from 2015-01-17 to 2015-02-01
2015-06-29 20:14:47,191 Starting Live from 2015-02-02 to 2015-03-04
2015-06-29 20:44:27,315 Starting Training from 2015-02-17 to 2015-03-04
2015-06-29 20:47:01,664 Starting Live from 2015-03-05 to 2015-04-04
2015-06-29 21:16:18,154 Starting Training from 2015-03-20 to 2015-04-04
2015-06-29 21:17:39,634 Starting Live from 2015-04-05 to 2015-04-10
2015-06-29 21:26:19,783 Starting Q Learning for : 
2015-06-29 21:26:19,783 alpha = 0.6
2015-06-29 21:26:19,783 gamma = 0.3
2015-06-29 21:26:19,783 individual factor = 10
2015-06-29 21:26:19,783 zero range = 0.006
2015-06-29 21:26:19,783 greedy level = 5
2015-06-29 21:26:19,783 

2015-06-29 21:26:25,766 Starting Training from 2014-12-17 to 2015-01-01
2015-06-29 21:39:57,984 Starting Live from 2015-01-02 to 2015-02-01
2015-06-29 22:14:16,630 Starting Training from 2015-01-17 to 2015-02-01
2015-06-29 22:16:20,094 Starting Live from 2015-02-02 to 2015-03-04
2015-06-29 22:48:17,746 Starting Training from 2015-02-17 to 2015-03-04
2015-06-29 22:50:48,802 Starting Live from 2015-03-05 to 2015-04-04
2015-06-29 23:21:15,375 Starting Training from 2015-03-20 to 2015-04-04
2015-06-29 23:22:39,967 Starting Live from 2015-04-05 to 2015-04-10
2015-06-29 23:31:44,282 Starting Q Learning for : 
2015-06-29 23:31:44,282 alpha = 0.6
2015-06-29 23:31:44,282 gamma = 0.4
2015-06-29 23:31:44,282 individual factor = 10
2015-06-29 23:31:44,282 zero range = 0.006
2015-06-29 23:31:44,282 greedy level = 5
2015-06-29 23:31:44,282 

2015-06-29 23:31:52,707 Starting Training from 2014-12-17 to 2015-01-01
2015-06-29 23:45:43,977 Starting Live from 2015-01-02 to 2015-02-01
2015-06-30 00:20:16,612 Starting Training from 2015-01-17 to 2015-02-01
2015-06-30 00:22:28,667 Starting Live from 2015-02-02 to 2015-03-04
2015-06-30 00:54:24,680 Starting Training from 2015-02-17 to 2015-03-04
2015-06-30 00:56:48,155 Starting Live from 2015-03-05 to 2015-04-04
2015-06-30 01:28:50,130 Starting Training from 2015-03-20 to 2015-04-04
2015-06-30 01:30:27,155 Starting Live from 2015-04-05 to 2015-04-10
2015-06-30 01:39:26,239 Starting Q Learning for : 
2015-06-30 01:39:26,239 alpha = 0.6
2015-06-30 01:39:26,239 gamma = 0.5
2015-06-30 01:39:26,239 individual factor = 10
2015-06-30 01:39:26,239 zero range = 0.006
2015-06-30 01:39:26,239 greedy level = 5
2015-06-30 01:39:26,240 

2015-06-30 01:39:32,213 Starting Training from 2014-12-17 to 2015-01-01
2015-06-30 01:53:08,062 Starting Live from 2015-01-02 to 2015-02-01
2015-06-30 02:26:36,408 Starting Training from 2015-01-17 to 2015-02-01
2015-06-30 02:28:30,181 Starting Live from 2015-02-02 to 2015-03-04
2015-06-30 02:58:48,865 Starting Training from 2015-02-17 to 2015-03-04
2015-06-30 03:01:49,206 Starting Live from 2015-03-05 to 2015-04-04
2015-06-30 03:31:42,815 Starting Training from 2015-03-20 to 2015-04-04
2015-06-30 03:33:19,411 Starting Live from 2015-04-05 to 2015-04-10
2015-06-30 03:42:09,506 Starting Q Learning for : 
2015-06-30 03:42:09,506 alpha = 0.6
2015-06-30 03:42:09,506 gamma = 0.6
2015-06-30 03:42:09,506 individual factor = 10
2015-06-30 03:42:09,506 zero range = 0.006
2015-06-30 03:42:09,506 greedy level = 5
2015-06-30 03:42:09,506 

2015-06-30 03:42:14,891 Starting Training from 2014-12-17 to 2015-01-01
2015-06-30 03:55:50,253 Starting Live from 2015-01-02 to 2015-02-01
2015-06-30 04:29:44,818 Starting Training from 2015-01-17 to 2015-02-01
2015-06-30 04:31:48,989 Starting Live from 2015-02-02 to 2015-03-04
2015-06-30 05:03:30,007 Starting Training from 2015-02-17 to 2015-03-04
2015-06-30 05:05:49,730 Starting Live from 2015-03-05 to 2015-04-04
2015-06-30 05:35:26,933 Starting Training from 2015-03-20 to 2015-04-04
2015-06-30 05:36:44,540 Starting Live from 2015-04-05 to 2015-04-10
2015-06-30 05:46:03,108 Starting Q Learning for : 
2015-06-30 05:46:03,108 alpha = 0.6
2015-06-30 05:46:03,108 gamma = 0.7
2015-06-30 05:46:03,108 individual factor = 10
2015-06-30 05:46:03,108 zero range = 0.006
2015-06-30 05:46:03,108 greedy level = 5
2015-06-30 05:46:03,108 

2015-06-30 05:46:10,384 Starting Training from 2014-12-17 to 2015-01-01
2015-06-30 05:58:54,749 Starting Live from 2015-01-02 to 2015-02-01
2015-06-30 06:29:20,019 Starting Training from 2015-01-17 to 2015-02-01
2015-06-30 06:31:36,349 Starting Live from 2015-02-02 to 2015-03-04
2015-06-30 06:50:25,006 Starting Training from 2015-02-17 to 2015-03-04
2015-06-30 06:57:09,513 Starting Live from 2015-03-05 to 2015-04-04
2015-06-30 07:17:34,566 Starting Training from 2015-03-20 to 2015-04-04
2015-06-30 07:20:50,240 Starting Live from 2015-04-05 to 2015-04-10
2015-06-30 07:27:40,275 Starting Q Learning for : 
2015-06-30 07:27:40,275 alpha = 0.6
2015-06-30 07:27:40,275 gamma = 0.8
2015-06-30 07:27:40,275 individual factor = 10
2015-06-30 07:27:40,276 zero range = 0.006
2015-06-30 07:27:40,276 greedy level = 5
2015-06-30 07:27:40,276 

2015-06-30 07:27:45,361 Starting Training from 2014-12-17 to 2015-01-01
2015-06-30 07:41:18,721 Starting Live from 2015-01-02 to 2015-02-01
2015-06-30 08:06:36,125 Starting Training from 2015-01-17 to 2015-02-01
2015-06-30 08:08:28,548 Starting Live from 2015-02-02 to 2015-03-04
2015-06-30 08:17:43,701 Starting Training from 2015-02-17 to 2015-03-04
2015-06-30 08:28:24,642 Starting Live from 2015-03-05 to 2015-04-04
2015-06-30 08:49:39,440 Starting Training from 2015-03-20 to 2015-04-04
2015-06-30 08:52:08,946 Starting Live from 2015-04-05 to 2015-04-10
2015-06-30 08:56:30,861 Starting Q Learning for : 
2015-06-30 08:56:30,861 alpha = 0.8
2015-06-30 08:56:30,861 gamma = 0.1
2015-06-30 08:56:30,861 individual factor = 10
2015-06-30 08:56:30,861 zero range = 0.006
2015-06-30 08:56:30,861 greedy level = 5
2015-06-30 08:56:30,861 

2015-06-30 08:56:36,374 Starting Training from 2014-12-17 to 2015-01-01
2015-06-30 09:09:21,177 Starting Live from 2015-01-02 to 2015-02-01
2015-06-30 09:44:06,993 Starting Training from 2015-01-17 to 2015-02-01
2015-06-30 09:46:05,686 Starting Live from 2015-02-02 to 2015-03-04
2015-06-30 10:16:44,888 Starting Training from 2015-02-17 to 2015-03-04
2015-06-30 10:18:48,095 Starting Live from 2015-03-05 to 2015-04-04
2015-06-30 10:48:32,072 Starting Training from 2015-03-20 to 2015-04-04
2015-06-30 10:49:50,637 Starting Live from 2015-04-05 to 2015-04-10
2015-06-30 10:58:17,476 Starting Q Learning for : 
2015-06-30 10:58:17,476 alpha = 0.8
2015-06-30 10:58:17,477 gamma = 0.2
2015-06-30 10:58:17,477 individual factor = 10
2015-06-30 10:58:17,477 zero range = 0.006
2015-06-30 10:58:17,477 greedy level = 5
2015-06-30 10:58:17,477 

2015-06-30 10:58:23,780 Starting Training from 2014-12-17 to 2015-01-01
2015-06-30 11:11:21,460 Starting Live from 2015-01-02 to 2015-02-01
2015-06-30 11:42:02,799 Starting Training from 2015-01-17 to 2015-02-01
2015-06-30 11:43:51,700 Starting Live from 2015-02-02 to 2015-03-04
2015-06-30 12:12:41,096 Starting Training from 2015-02-17 to 2015-03-04
2015-06-30 12:15:04,154 Starting Live from 2015-03-05 to 2015-04-04
2015-06-30 12:46:12,506 Starting Training from 2015-03-20 to 2015-04-04
2015-06-30 12:47:26,128 Starting Live from 2015-04-05 to 2015-04-10
2015-06-30 12:55:43,515 Starting Q Learning for : 
2015-06-30 12:55:43,515 alpha = 0.8
2015-06-30 12:55:43,515 gamma = 0.3
2015-06-30 12:55:43,515 individual factor = 10
2015-06-30 12:55:43,515 zero range = 0.006
2015-06-30 12:55:43,515 greedy level = 5
2015-06-30 12:55:43,516 

2015-06-30 12:55:50,334 Starting Training from 2014-12-17 to 2015-01-01
2015-06-30 13:08:39,196 Starting Live from 2015-01-02 to 2015-02-01
2015-06-30 13:39:10,042 Starting Training from 2015-01-17 to 2015-02-01
2015-06-30 13:40:55,042 Starting Live from 2015-02-02 to 2015-03-04
2015-06-30 14:09:09,746 Starting Training from 2015-02-17 to 2015-03-04
2015-06-30 14:11:55,371 Starting Live from 2015-03-05 to 2015-04-04
2015-06-30 14:39:51,108 Starting Training from 2015-03-20 to 2015-04-04
2015-06-30 14:41:06,345 Starting Live from 2015-04-05 to 2015-04-10
2015-06-30 14:49:19,622 Starting Q Learning for : 
2015-06-30 14:49:19,624 alpha = 0.8
2015-06-30 14:49:19,624 gamma = 0.4
2015-06-30 14:49:19,624 individual factor = 10
2015-06-30 14:49:19,624 zero range = 0.006
2015-06-30 14:49:19,624 greedy level = 5
2015-06-30 14:49:19,624 

2015-06-30 14:49:27,243 Starting Training from 2014-12-17 to 2015-01-01
2015-06-30 15:02:13,645 Starting Live from 2015-01-02 to 2015-02-01
2015-06-30 15:33:42,582 Starting Training from 2015-01-17 to 2015-02-01
2015-06-30 15:35:27,772 Starting Live from 2015-02-02 to 2015-03-04
2015-06-30 16:04:20,769 Starting Training from 2015-02-17 to 2015-03-04
2015-06-30 16:06:48,252 Starting Live from 2015-03-05 to 2015-04-04
2015-06-30 16:35:08,451 Starting Training from 2015-03-20 to 2015-04-04
2015-06-30 16:36:22,342 Starting Live from 2015-04-05 to 2015-04-10
2015-06-30 16:44:22,444 Starting Q Learning for : 
2015-06-30 16:44:22,444 alpha = 0.8
2015-06-30 16:44:22,444 gamma = 0.5
2015-06-30 16:44:22,444 individual factor = 10
2015-06-30 16:44:22,444 zero range = 0.006
2015-06-30 16:44:22,444 greedy level = 5
2015-06-30 16:44:22,444 

2015-06-30 16:44:28,650 Starting Training from 2014-12-17 to 2015-01-01
2015-06-30 16:57:12,727 Starting Live from 2015-01-02 to 2015-02-01
2015-06-30 17:29:01,552 Starting Training from 2015-01-17 to 2015-02-01
2015-06-30 17:30:47,812 Starting Live from 2015-02-02 to 2015-03-04
2015-06-30 18:01:03,605 Starting Training from 2015-02-17 to 2015-03-04
2015-06-30 18:03:11,065 Starting Live from 2015-03-05 to 2015-04-04
2015-06-30 18:31:03,651 Starting Training from 2015-03-20 to 2015-04-04
2015-06-30 18:32:26,976 Starting Live from 2015-04-05 to 2015-04-10
2015-06-30 18:40:11,163 Starting Q Learning for : 
2015-06-30 18:40:11,163 alpha = 0.8
2015-06-30 18:40:11,163 gamma = 0.6
2015-06-30 18:40:11,163 individual factor = 10
2015-06-30 18:40:11,164 zero range = 0.006
2015-06-30 18:40:11,164 greedy level = 5
2015-06-30 18:40:11,164 

2015-06-30 18:40:17,829 Starting Training from 2014-12-17 to 2015-01-01
2015-06-30 18:51:19,520 Starting Live from 2015-01-02 to 2015-02-01
2015-06-30 19:22:24,084 Starting Training from 2015-01-17 to 2015-02-01
2015-06-30 19:24:10,694 Starting Live from 2015-02-02 to 2015-03-04
2015-06-30 19:54:21,555 Starting Training from 2015-02-17 to 2015-03-04
2015-06-30 19:56:24,786 Starting Live from 2015-03-05 to 2015-04-04
2015-06-30 20:23:36,799 Starting Training from 2015-03-20 to 2015-04-04
2015-06-30 20:25:11,269 Starting Live from 2015-04-05 to 2015-04-10
2015-06-30 20:33:19,769 Starting Q Learning for : 
2015-06-30 20:33:19,769 alpha = 0.8
2015-06-30 20:33:19,769 gamma = 0.7
2015-06-30 20:33:19,769 individual factor = 10
2015-06-30 20:33:19,769 zero range = 0.006
2015-06-30 20:33:19,769 greedy level = 5
2015-06-30 20:33:19,769 

2015-06-30 20:33:26,026 Starting Training from 2014-12-17 to 2015-01-01
2015-06-30 20:46:13,959 Starting Live from 2015-01-02 to 2015-02-01
2015-06-30 21:13:41,742 Starting Training from 2015-01-17 to 2015-02-01
2015-06-30 21:15:28,016 Starting Live from 2015-02-02 to 2015-03-04
2015-06-30 21:34:00,293 Starting Training from 2015-02-17 to 2015-03-04
2015-06-30 21:39:25,447 Starting Live from 2015-03-05 to 2015-04-04
2015-06-30 21:58:54,296 Starting Training from 2015-03-20 to 2015-04-04
2015-06-30 22:01:54,127 Starting Live from 2015-04-05 to 2015-04-10
2015-06-30 22:09:06,913 Starting Q Learning for : 
2015-06-30 22:09:06,914 alpha = 0.8
2015-06-30 22:09:06,914 gamma = 0.8
2015-06-30 22:09:06,914 individual factor = 10
2015-06-30 22:09:06,914 zero range = 0.006
2015-06-30 22:09:06,914 greedy level = 5
2015-06-30 22:09:06,914 

2015-06-30 22:09:12,035 Starting Training from 2014-12-17 to 2015-01-01
2015-06-30 22:20:54,012 Starting Live from 2015-01-02 to 2015-02-01
2015-06-30 22:43:39,260 Starting Training from 2015-01-17 to 2015-02-01
2015-06-30 22:45:25,434 Starting Live from 2015-02-02 to 2015-03-04
2015-06-30 22:54:50,433 Starting Training from 2015-02-17 to 2015-03-04
2015-06-30 23:04:18,779 Starting Live from 2015-03-05 to 2015-04-04
2015-06-30 23:25:51,822 Starting Training from 2015-03-20 to 2015-04-04
2015-06-30 23:28:07,259 Starting Live from 2015-04-05 to 2015-04-10
2015-06-30 23:32:22,165 Starting Q Learning for : 
2015-06-30 23:32:22,165 alpha = 0.8
2015-06-30 23:32:22,165 gamma = 0.1
2015-06-30 23:32:22,165 individual factor = 10
2015-06-30 23:32:22,165 zero range = 0.01
2015-06-30 23:32:22,165 greedy level = 5
2015-06-30 23:32:22,167 

2015-06-30 23:32:29,638 Starting Training from 2014-12-17 to 2015-01-01
2015-06-30 23:45:28,910 Starting Live from 2015-01-02 to 2015-02-01
2015-07-01 00:16:37,523 Starting Training from 2015-01-17 to 2015-02-01
2015-07-01 00:18:23,436 Starting Live from 2015-02-02 to 2015-03-04
2015-07-01 00:47:11,171 Starting Training from 2015-02-17 to 2015-03-04
2015-07-01 00:49:27,299 Starting Live from 2015-03-05 to 2015-04-04
2015-07-01 01:17:39,720 Starting Training from 2015-03-20 to 2015-04-04
2015-07-01 01:18:48,153 Starting Live from 2015-04-05 to 2015-04-10
2015-07-01 01:26:35,852 Starting Q Learning for : 
2015-07-01 01:26:35,852 alpha = 0.8
2015-07-01 01:26:35,852 gamma = 0.2
2015-07-01 01:26:35,852 individual factor = 10
2015-07-01 01:26:35,852 zero range = 0.01
2015-07-01 01:26:35,852 greedy level = 5
2015-07-01 01:26:35,852 

2015-07-01 01:26:43,308 Starting Training from 2014-12-17 to 2015-01-01
2015-07-01 01:38:32,480 Starting Live from 2015-01-02 to 2015-02-01
2015-07-01 02:08:01,990 Starting Training from 2015-01-17 to 2015-02-01
2015-07-01 02:09:41,151 Starting Live from 2015-02-02 to 2015-03-04
2015-07-01 02:37:47,523 Starting Training from 2015-02-17 to 2015-03-04
2015-07-01 02:40:14,575 Starting Live from 2015-03-05 to 2015-04-04
2015-07-01 03:07:55,948 Starting Training from 2015-03-20 to 2015-04-04
2015-07-01 03:09:03,417 Starting Live from 2015-04-05 to 2015-04-10
2015-07-01 03:16:56,571 Starting Q Learning for : 
2015-07-01 03:16:56,571 alpha = 0.8
2015-07-01 03:16:56,571 gamma = 0.3
2015-07-01 03:16:56,571 individual factor = 10
2015-07-01 03:16:56,571 zero range = 0.01
2015-07-01 03:16:56,571 greedy level = 5
2015-07-01 03:16:56,571 

2015-07-01 03:17:02,575 Starting Training from 2014-12-17 to 2015-01-01
2015-07-01 03:29:00,292 Starting Live from 2015-01-02 to 2015-02-01
2015-07-01 03:58:18,867 Starting Training from 2015-01-17 to 2015-02-01
2015-07-01 03:59:56,542 Starting Live from 2015-02-02 to 2015-03-04
2015-07-01 04:26:54,131 Starting Training from 2015-02-17 to 2015-03-04
2015-07-01 04:28:54,348 Starting Live from 2015-03-05 to 2015-04-04
2015-07-01 04:57:07,020 Starting Training from 2015-03-20 to 2015-04-04
2015-07-01 04:58:18,569 Starting Live from 2015-04-05 to 2015-04-10
2015-07-01 05:05:59,141 Starting Q Learning for : 
2015-07-01 05:05:59,141 alpha = 0.8
2015-07-01 05:05:59,141 gamma = 0.4
2015-07-01 05:05:59,142 individual factor = 10
2015-07-01 05:05:59,142 zero range = 0.01
2015-07-01 05:05:59,142 greedy level = 5
2015-07-01 05:05:59,142 

2015-07-01 05:06:04,602 Starting Training from 2014-12-17 to 2015-01-01
2015-07-01 05:17:02,388 Starting Live from 2015-01-02 to 2015-02-01
2015-07-01 05:47:03,052 Starting Training from 2015-01-17 to 2015-02-01
2015-07-01 05:48:39,802 Starting Live from 2015-02-02 to 2015-03-04
2015-07-01 06:15:20,384 Starting Training from 2015-02-17 to 2015-03-04
2015-07-01 06:17:17,447 Starting Live from 2015-03-05 to 2015-04-04
2015-07-01 06:43:44,573 Starting Training from 2015-03-20 to 2015-04-04
2015-07-01 06:44:52,760 Starting Live from 2015-04-05 to 2015-04-10
2015-07-01 06:53:22,118 Starting Q Learning for : 
2015-07-01 06:53:22,118 alpha = 0.8
2015-07-01 06:53:22,118 gamma = 0.5
2015-07-01 06:53:22,118 individual factor = 10
2015-07-01 06:53:22,118 zero range = 0.01
2015-07-01 06:53:22,118 greedy level = 5
2015-07-01 06:53:22,118 

2015-07-01 06:53:28,880 Starting Training from 2014-12-17 to 2015-01-01
2015-07-01 07:04:21,716 Starting Live from 2015-01-02 to 2015-02-01
2015-07-01 07:33:00,625 Starting Training from 2015-01-17 to 2015-02-01
2015-07-01 07:35:07,230 Starting Live from 2015-02-02 to 2015-03-04
2015-07-01 08:02:11,838 Starting Training from 2015-02-17 to 2015-03-04
2015-07-01 08:04:10,042 Starting Live from 2015-03-05 to 2015-04-04
2015-07-01 08:29:13,045 Starting Training from 2015-03-20 to 2015-04-04
2015-07-01 08:30:19,361 Starting Live from 2015-04-05 to 2015-04-10
2015-07-01 08:37:27,440 Starting Q Learning for : 
2015-07-01 08:37:27,440 alpha = 0.8
2015-07-01 08:37:27,440 gamma = 0.6
2015-07-01 08:37:27,440 individual factor = 10
2015-07-01 08:37:27,440 zero range = 0.01
2015-07-01 08:37:27,440 greedy level = 5
2015-07-01 08:37:27,440 

2015-07-01 08:37:32,723 Starting Training from 2014-12-17 to 2015-01-01
2015-07-01 08:49:16,565 Starting Live from 2015-01-02 to 2015-02-01
2015-07-01 09:17:54,578 Starting Training from 2015-01-17 to 2015-02-01
2015-07-01 09:19:32,035 Starting Live from 2015-02-02 to 2015-03-04
2015-07-01 09:45:27,296 Starting Training from 2015-02-17 to 2015-03-04
2015-07-01 09:47:22,756 Starting Live from 2015-03-05 to 2015-04-04
2015-07-01 10:11:45,572 Starting Training from 2015-03-20 to 2015-04-04
2015-07-01 10:13:09,243 Starting Live from 2015-04-05 to 2015-04-10
2015-07-01 10:21:03,645 Starting Q Learning for : 
2015-07-01 10:21:03,645 alpha = 0.8
2015-07-01 10:21:03,645 gamma = 0.7
2015-07-01 10:21:03,647 individual factor = 10
2015-07-01 10:21:03,647 zero range = 0.01
2015-07-01 10:21:03,647 greedy level = 5
2015-07-01 10:21:03,647 

2015-07-01 10:21:09,483 Starting Training from 2014-12-17 to 2015-01-01
2015-07-01 10:31:45,056 Starting Live from 2015-01-02 to 2015-02-01
2015-07-01 10:56:23,403 Starting Training from 2015-01-17 to 2015-02-01
2015-07-01 10:57:58,272 Starting Live from 2015-02-02 to 2015-03-04
2015-07-01 11:14:49,154 Starting Training from 2015-02-17 to 2015-03-04
2015-07-01 11:19:36,901 Starting Live from 2015-03-05 to 2015-04-04
2015-07-01 11:37:06,990 Starting Training from 2015-03-20 to 2015-04-04
2015-07-01 11:39:31,742 Starting Live from 2015-04-05 to 2015-04-10
2015-07-01 11:45:36,446 Starting Q Learning for : 
2015-07-01 11:45:36,446 alpha = 0.8
2015-07-01 11:45:36,447 gamma = 0.8
2015-07-01 11:45:36,447 individual factor = 10
2015-07-01 11:45:36,447 zero range = 0.01
2015-07-01 11:45:36,447 greedy level = 5
2015-07-01 11:45:36,447 

2015-07-01 11:45:44,151 Starting Training from 2014-12-17 to 2015-01-01
2015-07-01 11:56:22,322 Starting Live from 2015-01-02 to 2015-02-01
2015-07-01 12:16:36,630 Starting Training from 2015-01-17 to 2015-02-01
2015-07-01 12:18:03,526 Starting Live from 2015-02-02 to 2015-03-04
2015-07-01 12:25:41,823 Starting Training from 2015-02-17 to 2015-03-04
2015-07-01 12:34:17,595 Starting Live from 2015-03-05 to 2015-04-04
2015-07-01 12:50:29,394 Starting Training from 2015-03-20 to 2015-04-04
2015-07-01 12:52:27,644 Starting Live from 2015-04-05 to 2015-04-10
