2015-06-29 01:38:31,377 Starting Q Learning for : 
2015-06-29 01:38:31,377 alpha = 0.6
2015-06-29 01:38:31,377 gamma = 0.1
2015-06-29 01:38:31,377 individual factor = 10
2015-06-29 01:38:31,377 zero range = 0.002
2015-06-29 01:38:31,377 greedy level = 5
2015-06-29 01:38:31,377 

2015-06-29 01:38:53,256 Starting Training from 2014-12-17 to 2015-01-01
2015-06-29 01:53:19,232 Starting Live from 2015-01-02 to 2015-02-01
2015-06-29 02:24:43,201 Starting Training from 2015-01-17 to 2015-02-01
2015-06-29 02:26:25,316 Starting Live from 2015-02-02 to 2015-03-04
2015-06-29 02:57:26,575 Starting Training from 2015-02-17 to 2015-03-04
2015-06-29 02:59:42,309 Starting Live from 2015-03-05 to 2015-04-04
2015-06-29 03:29:54,710 Starting Training from 2015-03-20 to 2015-04-04
2015-06-29 03:31:22,289 Starting Live from 2015-04-05 to 2015-04-10
2015-06-29 03:41:06,559 Starting Q Learning for : 
2015-06-29 03:41:06,559 alpha = 0.6
2015-06-29 03:41:06,559 gamma = 0.2
2015-06-29 03:41:06,559 individual factor = 10
2015-06-29 03:41:06,559 zero range = 0.002
2015-06-29 03:41:06,559 greedy level = 5
2015-06-29 03:41:06,559 

2015-06-29 03:41:16,437 Starting Training from 2014-12-17 to 2015-01-01
2015-06-29 03:54:05,032 Starting Live from 2015-01-02 to 2015-02-01
2015-06-29 04:29:05,802 Starting Training from 2015-01-17 to 2015-02-01
2015-06-29 04:31:01,677 Starting Live from 2015-02-02 to 2015-03-04
2015-06-29 05:01:46,417 Starting Training from 2015-02-17 to 2015-03-04
2015-06-29 05:03:52,023 Starting Live from 2015-03-05 to 2015-04-04
2015-06-29 05:34:32,802 Starting Training from 2015-03-20 to 2015-04-04
2015-06-29 05:36:06,503 Starting Live from 2015-04-05 to 2015-04-10
2015-06-29 05:44:57,122 Starting Q Learning for : 
2015-06-29 05:44:57,122 alpha = 0.6
2015-06-29 05:44:57,122 gamma = 0.3
2015-06-29 05:44:57,122 individual factor = 10
2015-06-29 05:44:57,122 zero range = 0.002
2015-06-29 05:44:57,122 greedy level = 5
2015-06-29 05:44:57,122 

2015-06-29 05:45:02,963 Starting Training from 2014-12-17 to 2015-01-01
2015-06-29 05:58:26,821 Starting Live from 2015-01-02 to 2015-02-01
2015-06-29 06:32:20,855 Starting Training from 2015-01-17 to 2015-02-01
2015-06-29 06:34:16,928 Starting Live from 2015-02-02 to 2015-03-04
2015-06-29 07:06:07,408 Starting Training from 2015-02-17 to 2015-03-04
2015-06-29 07:08:35,642 Starting Live from 2015-03-05 to 2015-04-04
2015-06-29 07:39:40,713 Starting Training from 2015-03-20 to 2015-04-04
2015-06-29 07:41:05,536 Starting Live from 2015-04-05 to 2015-04-10
2015-06-29 07:50:33,596 Starting Q Learning for : 
2015-06-29 07:50:33,596 alpha = 0.6
2015-06-29 07:50:33,596 gamma = 0.4
2015-06-29 07:50:33,596 individual factor = 10
2015-06-29 07:50:33,598 zero range = 0.002
2015-06-29 07:50:33,598 greedy level = 5
2015-06-29 07:50:33,598 

2015-06-29 07:50:41,273 Starting Training from 2014-12-17 to 2015-01-01
2015-06-29 08:03:52,989 Starting Live from 2015-01-02 to 2015-02-01
2015-06-29 08:38:31,480 Starting Training from 2015-01-17 to 2015-02-01
2015-06-29 08:40:31,263 Starting Live from 2015-02-02 to 2015-03-04
2015-06-29 09:11:35,950 Starting Training from 2015-02-17 to 2015-03-04
2015-06-29 09:13:57,855 Starting Live from 2015-03-05 to 2015-04-04
2015-06-29 09:44:45,908 Starting Training from 2015-03-20 to 2015-04-04
2015-06-29 09:46:28,700 Starting Live from 2015-04-05 to 2015-04-10
2015-06-29 09:55:28,170 Starting Q Learning for : 
2015-06-29 09:55:28,170 alpha = 0.6
2015-06-29 09:55:28,170 gamma = 0.5
2015-06-29 09:55:28,170 individual factor = 10
2015-06-29 09:55:28,170 zero range = 0.002
2015-06-29 09:55:28,170 greedy level = 5
2015-06-29 09:55:28,170 

2015-06-29 09:55:29,563 Starting Training from 2014-12-17 to 2015-01-01
2015-06-29 10:09:00,005 Starting Live from 2015-01-02 to 2015-02-01
2015-06-29 10:42:29,536 Starting Training from 2015-01-17 to 2015-02-01
2015-06-29 10:44:21,710 Starting Live from 2015-02-02 to 2015-03-04
2015-06-29 11:15:02,441 Starting Training from 2015-02-17 to 2015-03-04
2015-06-29 11:18:09,888 Starting Live from 2015-03-05 to 2015-04-04
2015-06-29 11:46:30,348 Starting Training from 2015-03-20 to 2015-04-04
2015-06-29 11:48:28,256 Starting Live from 2015-04-05 to 2015-04-10
2015-06-29 11:57:07,918 Starting Q Learning for : 
2015-06-29 11:57:07,918 alpha = 0.6
2015-06-29 11:57:07,918 gamma = 0.6
2015-06-29 11:57:07,920 individual factor = 10
2015-06-29 11:57:07,920 zero range = 0.002
2015-06-29 11:57:07,920 greedy level = 5
2015-06-29 11:57:07,920 

2015-06-29 11:57:15,193 Starting Training from 2014-12-17 to 2015-01-01
2015-06-29 12:10:50,463 Starting Live from 2015-01-02 to 2015-02-01
2015-06-29 12:44:56,355 Starting Training from 2015-01-17 to 2015-02-01
2015-06-29 12:47:16,964 Starting Live from 2015-02-02 to 2015-03-04
2015-06-29 13:18:58,750 Starting Training from 2015-02-17 to 2015-03-04
2015-06-29 13:21:09,921 Starting Live from 2015-03-05 to 2015-04-04
2015-06-29 13:51:48,132 Starting Training from 2015-03-20 to 2015-04-04
2015-06-29 13:53:17,793 Starting Live from 2015-04-05 to 2015-04-10
2015-06-29 14:02:50,582 Starting Q Learning for : 
2015-06-29 14:02:50,582 alpha = 0.6
2015-06-29 14:02:50,582 gamma = 0.7
2015-06-29 14:02:50,582 individual factor = 10
2015-06-29 14:02:50,582 zero range = 0.002
2015-06-29 14:02:50,582 greedy level = 5
2015-06-29 14:02:50,582 

2015-06-29 14:02:56,648 Starting Training from 2014-12-17 to 2015-01-01
2015-06-29 14:15:49,839 Starting Live from 2015-01-02 to 2015-02-01
2015-06-29 14:47:28,555 Starting Training from 2015-01-17 to 2015-02-01
2015-06-29 14:49:24,091 Starting Live from 2015-02-02 to 2015-03-04
2015-06-29 15:10:43,625 Starting Training from 2015-02-17 to 2015-03-04
2015-06-29 15:16:22,338 Starting Live from 2015-03-05 to 2015-04-04
2015-06-29 15:37:08,842 Starting Training from 2015-03-20 to 2015-04-04
2015-06-29 15:40:52,628 Starting Live from 2015-04-05 to 2015-04-10
2015-06-29 15:47:41,782 Starting Q Learning for : 
2015-06-29 15:47:41,782 alpha = 0.6
2015-06-29 15:47:41,783 gamma = 0.8
2015-06-29 15:47:41,783 individual factor = 10
2015-06-29 15:47:41,783 zero range = 0.002
2015-06-29 15:47:41,783 greedy level = 5
2015-06-29 15:47:41,783 

2015-06-29 15:47:48,670 Starting Training from 2014-12-17 to 2015-01-01
2015-06-29 16:02:01,069 Starting Live from 2015-01-02 to 2015-02-01
2015-06-29 16:27:50,161 Starting Training from 2015-01-17 to 2015-02-01
2015-06-29 16:29:45,332 Starting Live from 2015-02-02 to 2015-03-04
2015-06-29 16:41:55,111 Starting Training from 2015-02-17 to 2015-03-04
2015-06-29 16:51:20,361 Starting Live from 2015-03-05 to 2015-04-04
2015-06-29 17:12:00,653 Starting Training from 2015-03-20 to 2015-04-04
2015-06-29 17:14:59,072 Starting Live from 2015-04-05 to 2015-04-10
2015-06-29 17:20:02,533 Starting Q Learning for : 
2015-06-29 17:20:02,533 alpha = 0.5
2015-06-29 17:20:02,533 gamma = 0.1
2015-06-29 17:20:02,533 individual factor = 10
2015-06-29 17:20:02,533 zero range = 0.006
2015-06-29 17:20:02,535 greedy level = 5
2015-06-29 17:20:02,535 

2015-06-29 17:20:08,483 Starting Training from 2014-12-17 to 2015-01-01
2015-06-29 17:34:04,661 Starting Live from 2015-01-02 to 2015-02-01
2015-06-29 18:08:02,484 Starting Training from 2015-01-17 to 2015-02-01
2015-06-29 18:10:31,898 Starting Live from 2015-02-02 to 2015-03-04
2015-06-29 18:41:13,957 Starting Training from 2015-02-17 to 2015-03-04
2015-06-29 18:43:36,003 Starting Live from 2015-03-05 to 2015-04-04
2015-06-29 19:13:08,272 Starting Training from 2015-03-20 to 2015-04-04
2015-06-29 19:14:29,658 Starting Live from 2015-04-05 to 2015-04-10
2015-06-29 19:23:48,040 Starting Q Learning for : 
2015-06-29 19:23:48,040 alpha = 0.5
2015-06-29 19:23:48,040 gamma = 0.2
2015-06-29 19:23:48,040 individual factor = 10
2015-06-29 19:23:48,040 zero range = 0.006
2015-06-29 19:23:48,040 greedy level = 5
2015-06-29 19:23:48,040 

2015-06-29 19:23:56,625 Starting Training from 2014-12-17 to 2015-01-01
2015-06-29 19:36:32,884 Starting Live from 2015-01-02 to 2015-02-01
2015-06-29 20:10:19,250 Starting Training from 2015-01-17 to 2015-02-01
2015-06-29 20:12:15,470 Starting Live from 2015-02-02 to 2015-03-04
2015-06-29 20:42:44,234 Starting Training from 2015-02-17 to 2015-03-04
2015-06-29 20:45:00,605 Starting Live from 2015-03-05 to 2015-04-04
2015-06-29 21:18:28,082 Starting Training from 2015-03-20 to 2015-04-04
2015-06-29 21:19:50,522 Starting Live from 2015-04-05 to 2015-04-10
2015-06-29 21:28:56,237 Starting Q Learning for : 
2015-06-29 21:28:56,237 alpha = 0.5
2015-06-29 21:28:56,237 gamma = 0.3
2015-06-29 21:28:56,237 individual factor = 10
2015-06-29 21:28:56,237 zero range = 0.006
2015-06-29 21:28:56,239 greedy level = 5
2015-06-29 21:28:56,239 

2015-06-29 21:29:02,038 Starting Training from 2014-12-17 to 2015-01-01
2015-06-29 21:42:47,404 Starting Live from 2015-01-02 to 2015-02-01
2015-06-29 22:17:39,594 Starting Training from 2015-01-17 to 2015-02-01
2015-06-29 22:19:42,923 Starting Live from 2015-02-02 to 2015-03-04
2015-06-29 22:51:36,505 Starting Training from 2015-02-17 to 2015-03-04
2015-06-29 22:54:00,292 Starting Live from 2015-03-05 to 2015-04-04
2015-06-29 23:26:03,335 Starting Training from 2015-03-20 to 2015-04-04
2015-06-29 23:27:24,987 Starting Live from 2015-04-05 to 2015-04-10
2015-06-29 23:37:32,848 Starting Q Learning for : 
2015-06-29 23:37:32,848 alpha = 0.5
2015-06-29 23:37:32,848 gamma = 0.4
2015-06-29 23:37:32,848 individual factor = 10
2015-06-29 23:37:32,848 zero range = 0.006
2015-06-29 23:37:32,848 greedy level = 5
2015-06-29 23:37:32,849 

2015-06-29 23:37:38,611 Starting Training from 2014-12-17 to 2015-01-01
2015-06-29 23:50:50,144 Starting Live from 2015-01-02 to 2015-02-01
2015-06-30 00:26:04,703 Starting Training from 2015-01-17 to 2015-02-01
2015-06-30 00:27:59,658 Starting Live from 2015-02-02 to 2015-03-04
2015-06-30 00:59:38,075 Starting Training from 2015-02-17 to 2015-03-04
2015-06-30 01:02:03,713 Starting Live from 2015-03-05 to 2015-04-04
2015-06-30 01:33:13,361 Starting Training from 2015-03-20 to 2015-04-04
2015-06-30 01:34:31,697 Starting Live from 2015-04-05 to 2015-04-10
2015-06-30 01:43:21,806 Starting Q Learning for : 
2015-06-30 01:43:21,808 alpha = 0.5
2015-06-30 01:43:21,808 gamma = 0.5
2015-06-30 01:43:21,808 individual factor = 10
2015-06-30 01:43:21,808 zero range = 0.006
2015-06-30 01:43:21,808 greedy level = 5
2015-06-30 01:43:21,808 

2015-06-30 01:43:27,428 Starting Training from 2014-12-17 to 2015-01-01
2015-06-30 01:57:13,565 Starting Live from 2015-01-02 to 2015-02-01
2015-06-30 02:30:34,459 Starting Training from 2015-01-17 to 2015-02-01
2015-06-30 02:32:32,688 Starting Live from 2015-02-02 to 2015-03-04
2015-06-30 03:03:41,119 Starting Training from 2015-02-17 to 2015-03-04
2015-06-30 03:06:05,229 Starting Live from 2015-03-05 to 2015-04-04
2015-06-30 03:36:19,066 Starting Training from 2015-03-20 to 2015-04-04
2015-06-30 03:37:37,184 Starting Live from 2015-04-05 to 2015-04-10
2015-06-30 03:46:38,839 Starting Q Learning for : 
2015-06-30 03:46:38,839 alpha = 0.5
2015-06-30 03:46:38,841 gamma = 0.6
2015-06-30 03:46:38,841 individual factor = 10
2015-06-30 03:46:38,841 zero range = 0.006
2015-06-30 03:46:38,841 greedy level = 5
2015-06-30 03:46:38,841 

2015-06-30 03:46:46,467 Starting Training from 2014-12-17 to 2015-01-01
2015-06-30 04:00:00,822 Starting Live from 2015-01-02 to 2015-02-01
2015-06-30 04:34:50,470 Starting Training from 2015-01-17 to 2015-02-01
2015-06-30 04:36:52,536 Starting Live from 2015-02-02 to 2015-03-04
2015-06-30 05:07:39,157 Starting Training from 2015-02-17 to 2015-03-04
2015-06-30 05:09:47,520 Starting Live from 2015-03-05 to 2015-04-04
2015-06-30 05:39:35,418 Starting Training from 2015-03-20 to 2015-04-04
2015-06-30 05:40:53,747 Starting Live from 2015-04-05 to 2015-04-10
2015-06-30 05:50:00,826 Starting Q Learning for : 
2015-06-30 05:50:00,828 alpha = 0.5
2015-06-30 05:50:00,828 gamma = 0.7
2015-06-30 05:50:00,828 individual factor = 10
2015-06-30 05:50:00,828 zero range = 0.006
2015-06-30 05:50:00,828 greedy level = 5
2015-06-30 05:50:00,828 

2015-06-30 05:50:07,477 Starting Training from 2014-12-17 to 2015-01-01
2015-06-30 06:02:46,509 Starting Live from 2015-01-02 to 2015-02-01
2015-06-30 06:34:32,930 Starting Training from 2015-01-17 to 2015-02-01
2015-06-30 06:36:29,651 Starting Live from 2015-02-02 to 2015-03-04
2015-06-30 06:56:53,427 Starting Training from 2015-02-17 to 2015-03-04
2015-06-30 07:02:24,072 Starting Live from 2015-03-05 to 2015-04-04
2015-06-30 07:23:01,276 Starting Training from 2015-03-20 to 2015-04-04
2015-06-30 07:26:30,013 Starting Live from 2015-04-05 to 2015-04-10
2015-06-30 07:32:56,812 Starting Q Learning for : 
2015-06-30 07:32:56,812 alpha = 0.5
2015-06-30 07:32:56,812 gamma = 0.8
2015-06-30 07:32:56,812 individual factor = 10
2015-06-30 07:32:56,812 zero range = 0.006
2015-06-30 07:32:56,812 greedy level = 5
2015-06-30 07:32:56,812 

2015-06-30 07:33:03,489 Starting Training from 2014-12-17 to 2015-01-01
2015-06-30 07:46:31,799 Starting Live from 2015-01-02 to 2015-02-01
2015-06-30 08:10:54,561 Starting Training from 2015-01-17 to 2015-02-01
2015-06-30 08:12:52,747 Starting Live from 2015-02-02 to 2015-03-04
2015-06-30 08:22:06,788 Starting Training from 2015-02-17 to 2015-03-04
2015-06-30 08:32:50,861 Starting Live from 2015-03-05 to 2015-04-04
2015-06-30 08:54:15,512 Starting Training from 2015-03-20 to 2015-04-04
2015-06-30 08:56:27,013 Starting Live from 2015-04-05 to 2015-04-10
2015-06-30 09:00:50,937 Starting Q Learning for : 
2015-06-30 09:00:50,937 alpha = 0.4
2015-06-30 09:00:50,937 gamma = 0.1
2015-06-30 09:00:50,937 individual factor = 10
2015-06-30 09:00:50,937 zero range = 0.01
2015-06-30 09:00:50,937 greedy level = 5
2015-06-30 09:00:50,937 

2015-06-30 09:00:58,355 Starting Training from 2014-12-17 to 2015-01-01
2015-06-30 09:14:30,743 Starting Live from 2015-01-02 to 2015-02-01
2015-06-30 09:48:25,109 Starting Training from 2015-01-17 to 2015-02-01
2015-06-30 09:50:17,742 Starting Live from 2015-02-02 to 2015-03-04
2015-06-30 10:21:02,723 Starting Training from 2015-02-17 to 2015-03-04
2015-06-30 10:23:49,434 Starting Live from 2015-03-05 to 2015-04-04
2015-06-30 10:54:25,769 Starting Training from 2015-03-20 to 2015-04-04
2015-06-30 10:55:44,484 Starting Live from 2015-04-05 to 2015-04-10
2015-06-30 11:04:20,371 Starting Q Learning for : 
2015-06-30 11:04:20,371 alpha = 0.4
2015-06-30 11:04:20,371 gamma = 0.2
2015-06-30 11:04:20,371 individual factor = 10
2015-06-30 11:04:20,371 zero range = 0.01
2015-06-30 11:04:20,371 greedy level = 5
2015-06-30 11:04:20,371 

2015-06-30 11:04:25,961 Starting Training from 2014-12-17 to 2015-01-01
2015-06-30 11:17:10,601 Starting Live from 2015-01-02 to 2015-02-01
2015-06-30 11:49:10,579 Starting Training from 2015-01-17 to 2015-02-01
2015-06-30 11:50:55,812 Starting Live from 2015-02-02 to 2015-03-04
2015-06-30 12:20:34,328 Starting Training from 2015-02-17 to 2015-03-04
2015-06-30 12:22:33,398 Starting Live from 2015-03-05 to 2015-04-04
2015-06-30 12:49:40,509 Starting Training from 2015-03-20 to 2015-04-04
2015-06-30 12:50:55,232 Starting Live from 2015-04-05 to 2015-04-10
2015-06-30 12:58:49,698 Starting Q Learning for : 
2015-06-30 12:58:49,698 alpha = 0.4
2015-06-30 12:58:49,698 gamma = 0.3
2015-06-30 12:58:49,698 individual factor = 10
2015-06-30 12:58:49,698 zero range = 0.01
2015-06-30 12:58:49,698 greedy level = 5
2015-06-30 12:58:49,698 

2015-06-30 12:58:55,253 Starting Training from 2014-12-17 to 2015-01-01
2015-06-30 13:11:33,698 Starting Live from 2015-01-02 to 2015-02-01
2015-06-30 13:42:41,831 Starting Training from 2015-01-17 to 2015-02-01
2015-06-30 13:44:28,575 Starting Live from 2015-02-02 to 2015-03-04
2015-06-30 14:13:52,865 Starting Training from 2015-02-17 to 2015-03-04
2015-06-30 14:16:04,969 Starting Live from 2015-03-05 to 2015-04-04
2015-06-30 14:44:17,845 Starting Training from 2015-03-20 to 2015-04-04
2015-06-30 14:45:34,519 Starting Live from 2015-04-05 to 2015-04-10
2015-06-30 14:53:56,085 Starting Q Learning for : 
2015-06-30 14:53:56,085 alpha = 0.4
2015-06-30 14:53:56,085 gamma = 0.4
2015-06-30 14:53:56,085 individual factor = 10
2015-06-30 14:53:56,085 zero range = 0.01
2015-06-30 14:53:56,085 greedy level = 5
2015-06-30 14:53:56,085 

2015-06-30 14:54:02,790 Starting Training from 2014-12-17 to 2015-01-01
2015-06-30 15:06:52,023 Starting Live from 2015-01-02 to 2015-02-01
2015-06-30 15:37:58,301 Starting Training from 2015-01-17 to 2015-02-01
2015-06-30 15:39:45,898 Starting Live from 2015-02-02 to 2015-03-04
2015-06-30 16:08:41,124 Starting Training from 2015-02-17 to 2015-03-04
2015-06-30 16:11:00,536 Starting Live from 2015-03-05 to 2015-04-04
2015-06-30 16:37:15,638 Starting Training from 2015-03-20 to 2015-04-04
2015-06-30 16:38:54,747 Starting Live from 2015-04-05 to 2015-04-10
2015-06-30 16:47:01,921 Starting Q Learning for : 
2015-06-30 16:47:01,921 alpha = 0.4
2015-06-30 16:47:01,921 gamma = 0.5
2015-06-30 16:47:01,921 individual factor = 10
2015-06-30 16:47:01,921 zero range = 0.01
2015-06-30 16:47:01,921 greedy level = 5
2015-06-30 16:47:01,921 

2015-06-30 16:47:07,703 Starting Training from 2014-12-17 to 2015-01-01
2015-06-30 16:59:46,994 Starting Live from 2015-01-02 to 2015-02-01
2015-06-30 17:32:08,661 Starting Training from 2015-01-17 to 2015-02-01
2015-06-30 17:34:01,319 Starting Live from 2015-02-02 to 2015-03-04
2015-06-30 18:04:41,223 Starting Training from 2015-02-17 to 2015-03-04
2015-06-30 18:06:43,486 Starting Live from 2015-03-05 to 2015-04-04
2015-06-30 18:35:15,535 Starting Training from 2015-03-20 to 2015-04-04
2015-06-30 18:36:30,532 Starting Live from 2015-04-05 to 2015-04-10
2015-06-30 18:43:48,081 Starting Q Learning for : 
2015-06-30 18:43:48,081 alpha = 0.4
2015-06-30 18:43:48,081 gamma = 0.6
2015-06-30 18:43:48,081 individual factor = 10
2015-06-30 18:43:48,082 zero range = 0.01
2015-06-30 18:43:48,082 greedy level = 5
2015-06-30 18:43:48,082 

2015-06-30 18:43:54,572 Starting Training from 2014-12-17 to 2015-01-01
2015-06-30 18:54:47,029 Starting Live from 2015-01-02 to 2015-02-01
2015-06-30 19:26:07,684 Starting Training from 2015-01-17 to 2015-02-01
2015-06-30 19:28:23,713 Starting Live from 2015-02-02 to 2015-03-04
2015-06-30 19:57:46,559 Starting Training from 2015-02-17 to 2015-03-04
2015-06-30 20:00:04,795 Starting Live from 2015-03-05 to 2015-04-04
2015-06-30 20:26:47,322 Starting Training from 2015-03-20 to 2015-04-04
2015-06-30 20:28:00,957 Starting Live from 2015-04-05 to 2015-04-10
2015-06-30 20:36:41,848 Starting Q Learning for : 
2015-06-30 20:36:41,848 alpha = 0.4
2015-06-30 20:36:41,848 gamma = 0.7
2015-06-30 20:36:41,848 individual factor = 10
2015-06-30 20:36:41,849 zero range = 0.01
2015-06-30 20:36:41,849 greedy level = 5
2015-06-30 20:36:41,849 

2015-06-30 20:36:49,569 Starting Training from 2014-12-17 to 2015-01-01
2015-06-30 20:48:55,273 Starting Live from 2015-01-02 to 2015-02-01
2015-06-30 21:17:09,726 Starting Training from 2015-01-17 to 2015-02-01
2015-06-30 21:18:55,354 Starting Live from 2015-02-02 to 2015-03-04
2015-06-30 21:38:14,461 Starting Training from 2015-02-17 to 2015-03-04
2015-06-30 21:43:33,789 Starting Live from 2015-03-05 to 2015-04-04
2015-06-30 22:01:48,345 Starting Training from 2015-03-20 to 2015-04-04
2015-06-30 22:05:16,204 Starting Live from 2015-04-05 to 2015-04-10
2015-06-30 22:12:13,936 Starting Q Learning for : 
2015-06-30 22:12:13,936 alpha = 0.4
2015-06-30 22:12:13,936 gamma = 0.8
2015-06-30 22:12:13,937 individual factor = 10
2015-06-30 22:12:13,937 zero range = 0.01
2015-06-30 22:12:13,937 greedy level = 5
2015-06-30 22:12:13,937 

2015-06-30 22:12:18,885 Starting Training from 2014-12-17 to 2015-01-01
2015-06-30 22:23:55,493 Starting Live from 2015-01-02 to 2015-02-01
2015-06-30 22:46:52,141 Starting Training from 2015-01-17 to 2015-02-01
2015-06-30 22:48:39,604 Starting Live from 2015-02-02 to 2015-03-04
2015-06-30 22:58:10,226 Starting Training from 2015-02-17 to 2015-03-04
2015-06-30 23:07:28,953 Starting Live from 2015-03-05 to 2015-04-04
2015-06-30 23:28:28,752 Starting Training from 2015-03-20 to 2015-04-04
2015-06-30 23:30:43,164 Starting Live from 2015-04-05 to 2015-04-10
