2015-06-20 23:40:14,148 Starting Q Learning for : 
2015-06-20 23:40:14,148 alpha = 0.2
2015-06-20 23:40:14,148 gamma = 0.5
2015-06-20 23:40:14,148 individual factor = 8
2015-06-20 23:40:14,148 zero range = 0.002
2015-06-20 23:40:14,150 greedy level = 5
2015-06-20 23:40:14,150 

2015-06-20 23:40:29,269 Starting Training from 2014-12-17 to 2015-01-01
2015-06-20 23:54:03,743 Starting Live from 2015-01-02 to 2015-02-01
2015-06-21 00:23:48,427 Starting Training from 2015-01-17 to 2015-02-01
2015-06-21 00:26:15,815 Starting Live from 2015-02-02 to 2015-03-04
2015-06-21 00:58:05,065 Starting Training from 2015-02-17 to 2015-03-04
2015-06-21 00:59:45,352 Starting Live from 2015-03-05 to 2015-04-04
2015-06-21 01:31:55,674 Starting Training from 2015-03-20 to 2015-04-04
2015-06-21 01:33:21,948 Starting Live from 2015-04-05 to 2015-04-10
2015-06-21 01:42:33,161 Starting Q Learning for : 
2015-06-21 01:42:33,161 alpha = 0.2
2015-06-21 01:42:33,161 gamma = 0.6
2015-06-21 01:42:33,161 individual factor = 8
2015-06-21 01:42:33,161 zero range = 0.002
2015-06-21 01:42:33,161 greedy level = 5
2015-06-21 01:42:33,161 

2015-06-21 01:42:39,053 Starting Training from 2014-12-17 to 2015-01-01
2015-06-21 01:55:27,882 Starting Live from 2015-01-02 to 2015-02-01
2015-06-21 02:23:25,809 Starting Training from 2015-01-17 to 2015-02-01
2015-06-21 02:25:08,421 Starting Live from 2015-02-02 to 2015-03-04
2015-06-21 02:51:45,098 Starting Training from 2015-02-17 to 2015-03-04
2015-06-21 02:53:15,655 Starting Live from 2015-03-05 to 2015-04-04
2015-06-21 03:23:19,022 Starting Training from 2015-03-20 to 2015-04-04
2015-06-21 03:24:41,582 Starting Live from 2015-04-05 to 2015-04-10
2015-06-21 03:33:08,186 Starting Q Learning for : 
2015-06-21 03:33:08,186 alpha = 0.8
2015-06-21 03:33:08,186 gamma = 0.3
2015-06-21 03:33:08,186 individual factor = 8
2015-06-21 03:33:08,186 zero range = 0.002
2015-06-21 03:33:08,186 greedy level = 5
2015-06-21 03:33:08,186 

2015-06-21 03:33:13,532 Starting Training from 2014-12-17 to 2015-01-01
2015-06-21 03:46:00,160 Starting Live from 2015-01-02 to 2015-02-01
2015-06-21 04:13:02,914 Starting Training from 2015-01-17 to 2015-02-01
2015-06-21 04:14:42,632 Starting Live from 2015-02-02 to 2015-03-04
2015-06-21 04:41:37,017 Starting Training from 2015-02-17 to 2015-03-04
2015-06-21 04:43:08,864 Starting Live from 2015-03-05 to 2015-04-04
2015-06-21 05:13:19,167 Starting Training from 2015-03-20 to 2015-04-04
2015-06-21 05:14:39,098 Starting Live from 2015-04-05 to 2015-04-10
2015-06-21 05:22:35,736 Starting Q Learning for : 
2015-06-21 05:22:35,736 alpha = 0.8
2015-06-21 05:22:35,736 gamma = 0.4
2015-06-21 05:22:35,736 individual factor = 8
2015-06-21 05:22:35,736 zero range = 0.002
2015-06-21 05:22:35,736 greedy level = 5
2015-06-21 05:22:35,736 

2015-06-21 05:22:40,967 Starting Training from 2014-12-17 to 2015-01-01
2015-06-21 05:35:18,219 Starting Live from 2015-01-02 to 2015-02-01
2015-06-21 06:01:14,586 Starting Training from 2015-01-17 to 2015-02-01
2015-06-21 06:02:50,457 Starting Live from 2015-02-02 to 2015-03-04
2015-06-21 06:27:42,839 Starting Training from 2015-02-17 to 2015-03-04
2015-06-21 06:29:05,963 Starting Live from 2015-03-05 to 2015-04-04
2015-06-21 06:56:10,660 Starting Training from 2015-03-20 to 2015-04-04
2015-06-21 06:57:46,459 Starting Live from 2015-04-05 to 2015-04-10
2015-06-21 07:05:20,648 Starting Q Learning for : 
2015-06-21 07:05:20,650 alpha = 0.8
2015-06-21 07:05:20,650 gamma = 0.7
2015-06-21 07:05:20,650 individual factor = 8
2015-06-21 07:05:20,650 zero range = 0.002
2015-06-21 07:05:20,650 greedy level = 5
2015-06-21 07:05:20,650 

2015-06-21 07:05:25,341 Starting Training from 2014-12-17 to 2015-01-01
2015-06-21 07:16:36,322 Starting Live from 2015-01-02 to 2015-02-01
2015-06-21 07:42:07,096 Starting Training from 2015-01-17 to 2015-02-01
2015-06-21 07:43:38,854 Starting Live from 2015-02-02 to 2015-03-04
2015-06-21 08:07:23,315 Starting Training from 2015-02-17 to 2015-03-04
2015-06-21 08:08:44,901 Starting Live from 2015-03-05 to 2015-04-04
2015-06-21 08:34:47,280 Starting Training from 2015-03-20 to 2015-04-04
2015-06-21 08:35:56,253 Starting Live from 2015-04-05 to 2015-04-10
2015-06-21 08:42:55,312 Starting Q Learning for : 
2015-06-21 08:42:55,312 alpha = 0.8
2015-06-21 08:42:55,312 gamma = 0.8
2015-06-21 08:42:55,312 individual factor = 8
2015-06-21 08:42:55,312 zero range = 0.002
2015-06-21 08:42:55,312 greedy level = 5
2015-06-21 08:42:55,312 

2015-06-21 08:43:01,221 Starting Training from 2014-12-17 to 2015-01-01
2015-06-21 08:54:44,525 Starting Live from 2015-01-02 to 2015-02-01
2015-06-21 09:19:05,250 Starting Training from 2015-01-17 to 2015-02-01
2015-06-21 09:20:33,232 Starting Live from 2015-02-02 to 2015-03-04
2015-06-21 09:43:39,871 Starting Training from 2015-02-17 to 2015-03-04
2015-06-21 09:44:58,918 Starting Live from 2015-03-05 to 2015-04-04
2015-06-21 10:09:33,148 Starting Training from 2015-03-20 to 2015-04-04
2015-06-21 10:10:40,651 Starting Live from 2015-04-05 to 2015-04-10
