2015-06-20 02:01:30,878 Starting Q Learning for : 
2015-06-20 02:01:30,878 alpha = 0.5
2015-06-20 02:01:30,878 gamma = 0.5
2015-06-20 02:01:30,878 individual factor = 8
2015-06-20 02:01:30,878 zero range = 0.002
2015-06-20 02:01:30,878 greedy level = 5
2015-06-20 02:01:30,878 

2015-06-20 02:01:42,855 Starting Training from 2014-12-17 to 2015-01-01
2015-06-20 02:13:52,437 Starting Live from 2015-01-02 to 2015-02-01
2015-06-20 02:41:32,596 Starting Training from 2015-01-17 to 2015-02-01
2015-06-20 02:43:05,411 Starting Live from 2015-02-02 to 2015-03-04
2015-06-20 03:12:16,200 Starting Training from 2015-02-17 to 2015-03-04
2015-06-20 03:13:57,306 Starting Live from 2015-03-05 to 2015-04-04
2015-06-20 03:42:41,688 Starting Training from 2015-03-20 to 2015-04-04
2015-06-20 03:44:12,032 Starting Live from 2015-04-05 to 2015-04-10
2015-06-20 03:47:50,119 Starting Q Learning for : 
2015-06-20 03:47:50,119 alpha = 0.5
2015-06-20 03:47:50,119 gamma = 0.6
2015-06-20 03:47:50,119 individual factor = 8
2015-06-20 03:47:50,119 zero range = 0.002
2015-06-20 03:47:50,119 greedy level = 5
2015-06-20 03:47:50,119 

2015-06-20 03:47:55,884 Starting Training from 2014-12-17 to 2015-01-01
2015-06-20 03:59:52,801 Starting Live from 2015-01-02 to 2015-02-01
2015-06-20 04:28:00,007 Starting Training from 2015-01-17 to 2015-02-01
2015-06-20 04:29:31,369 Starting Live from 2015-02-02 to 2015-03-04
2015-06-20 04:59:34,092 Starting Training from 2015-02-17 to 2015-03-04
2015-06-20 05:01:19,897 Starting Live from 2015-03-05 to 2015-04-04
2015-06-20 05:30:28,757 Starting Training from 2015-03-20 to 2015-04-04
2015-06-20 05:31:54,165 Starting Live from 2015-04-05 to 2015-04-10
2015-06-20 05:35:44,073 Starting Q Learning for : 
2015-06-20 05:35:44,073 alpha = 0.4
2015-06-20 05:35:44,073 gamma = 0.1
2015-06-20 05:35:44,073 individual factor = 8
2015-06-20 05:35:44,073 zero range = 0.002
2015-06-20 05:35:44,073 greedy level = 5
2015-06-20 05:35:44,073 

2015-06-20 05:35:50,785 Starting Training from 2014-12-17 to 2015-01-01
2015-06-20 05:47:29,838 Starting Live from 2015-01-02 to 2015-02-01
2015-06-20 06:15:25,898 Starting Training from 2015-01-17 to 2015-02-01
2015-06-20 06:17:00,194 Starting Live from 2015-02-02 to 2015-03-04
2015-06-20 06:46:53,657 Starting Training from 2015-02-17 to 2015-03-04
2015-06-20 06:48:38,963 Starting Live from 2015-03-05 to 2015-04-04
2015-06-20 07:16:51,553 Starting Training from 2015-03-20 to 2015-04-04
2015-06-20 07:18:17,683 Starting Live from 2015-04-05 to 2015-04-10
2015-06-20 07:21:48,690 Starting Q Learning for : 
2015-06-20 07:21:48,691 alpha = 0.4
2015-06-20 07:21:48,691 gamma = 0.2
2015-06-20 07:21:48,691 individual factor = 8
2015-06-20 07:21:48,691 zero range = 0.002
2015-06-20 07:21:48,691 greedy level = 5
2015-06-20 07:21:48,691 

2015-06-20 07:21:55,924 Starting Training from 2014-12-17 to 2015-01-01
2015-06-20 07:33:49,288 Starting Live from 2015-01-02 to 2015-02-01
2015-06-20 08:01:42,125 Starting Training from 2015-01-17 to 2015-02-01
2015-06-20 08:03:13,989 Starting Live from 2015-02-02 to 2015-03-04
2015-06-20 08:32:40,477 Starting Training from 2015-02-17 to 2015-03-04
2015-06-20 08:34:24,638 Starting Live from 2015-03-05 to 2015-04-04
2015-06-20 09:01:32,686 Starting Training from 2015-03-20 to 2015-04-04
2015-06-20 09:02:53,095 Starting Live from 2015-04-05 to 2015-04-10
2015-06-20 09:06:11,907 Starting Q Learning for : 
2015-06-20 09:06:11,907 alpha = 0.4
2015-06-20 09:06:11,907 gamma = 0.7
2015-06-20 09:06:11,907 individual factor = 8
2015-06-20 09:06:11,907 zero range = 0.002
2015-06-20 09:06:11,907 greedy level = 5
2015-06-20 09:06:11,907 

2015-06-20 09:06:17,844 Starting Training from 2014-12-17 to 2015-01-01
2015-06-20 09:17:28,188 Starting Live from 2015-01-02 to 2015-02-01
2015-06-20 09:43:17,088 Starting Training from 2015-01-17 to 2015-02-01
2015-06-20 09:44:45,812 Starting Live from 2015-02-02 to 2015-03-04
2015-06-20 10:11:45,048 Starting Training from 2015-02-17 to 2015-03-04
2015-06-20 10:13:23,207 Starting Live from 2015-03-05 to 2015-04-04
2015-06-20 10:41:17,125 Starting Training from 2015-03-20 to 2015-04-04
2015-06-20 10:42:40,709 Starting Live from 2015-04-05 to 2015-04-10
2015-06-20 10:45:55,595 Starting Q Learning for : 
2015-06-20 10:45:55,595 alpha = 0.4
2015-06-20 10:45:55,595 gamma = 0.8
2015-06-20 10:45:55,595 individual factor = 8
2015-06-20 10:45:55,595 zero range = 0.002
2015-06-20 10:45:55,595 greedy level = 5
2015-06-20 10:45:55,595 

2015-06-20 10:46:00,963 Starting Training from 2014-12-17 to 2015-01-01
2015-06-20 10:58:04,604 Starting Live from 2015-01-02 to 2015-02-01
2015-06-20 11:27:57,822 Starting Training from 2015-01-17 to 2015-02-01
2015-06-20 11:29:36,253 Starting Live from 2015-02-02 to 2015-03-04
2015-06-20 11:59:46,440 Starting Training from 2015-02-17 to 2015-03-04
2015-06-20 12:01:48,746 Starting Live from 2015-03-05 to 2015-04-04
2015-06-20 12:31:47,246 Starting Training from 2015-03-20 to 2015-04-04
2015-06-20 12:33:18,823 Starting Live from 2015-04-05 to 2015-04-10
2015-06-20 12:36:58,992 Starting Q Learning for : 
2015-06-20 12:36:58,993 alpha = 0.6
2015-06-20 12:36:58,993 gamma = 0.3
2015-06-20 12:36:58,993 individual factor = 8
2015-06-20 12:36:58,993 zero range = 0.002
2015-06-20 12:36:58,993 greedy level = 5
2015-06-20 12:36:58,993 

2015-06-20 12:37:07,476 Starting Training from 2014-12-17 to 2015-01-01
2015-06-20 12:49:51,016 Starting Live from 2015-01-02 to 2015-02-01
2015-06-20 13:19:27,358 Starting Training from 2015-01-17 to 2015-02-01
2015-06-20 13:21:04,805 Starting Live from 2015-02-02 to 2015-03-04
2015-06-20 13:52:49,901 Starting Training from 2015-02-17 to 2015-03-04
2015-06-20 13:54:40,315 Starting Live from 2015-03-05 to 2015-04-04
2015-06-20 14:25:02,029 Starting Training from 2015-03-20 to 2015-04-04
2015-06-20 14:26:36,482 Starting Live from 2015-04-05 to 2015-04-10
2015-06-20 14:30:27,038 Starting Q Learning for : 
2015-06-20 14:30:27,038 alpha = 0.6
2015-06-20 14:30:27,038 gamma = 0.4
2015-06-20 14:30:27,038 individual factor = 8
2015-06-20 14:30:27,038 zero range = 0.002
2015-06-20 14:30:27,038 greedy level = 5
2015-06-20 14:30:27,038 

2015-06-20 14:30:33,368 Starting Training from 2014-12-17 to 2015-01-01
2015-06-20 14:42:31,854 Starting Live from 2015-01-02 to 2015-02-01
2015-06-20 15:10:41,197 Starting Training from 2015-01-17 to 2015-02-01
2015-06-20 15:12:24,321 Starting Live from 2015-02-02 to 2015-03-04
2015-06-20 15:42:15,206 Starting Training from 2015-02-17 to 2015-03-04
2015-06-20 15:43:56,848 Starting Live from 2015-03-05 to 2015-04-04
2015-06-20 16:12:28,688 Starting Training from 2015-03-20 to 2015-04-04
2015-06-20 16:13:52,471 Starting Live from 2015-04-05 to 2015-04-10
