2015-06-20 02:01:30,871 Starting Q Learning for : 
2015-06-20 02:01:30,871 alpha = 0.5
2015-06-20 02:01:30,871 gamma = 0.1
2015-06-20 02:01:30,871 individual factor = 8
2015-06-20 02:01:30,871 zero range = 0.002
2015-06-20 02:01:30,871 greedy level = 5
2015-06-20 02:01:30,871 

2015-06-20 02:01:43,131 Starting Training from 2014-12-17 to 2015-01-01
2015-06-20 02:13:52,436 Starting Live from 2015-01-02 to 2015-02-01
2015-06-20 02:41:27,474 Starting Training from 2015-01-17 to 2015-02-01
2015-06-20 02:42:59,877 Starting Live from 2015-02-02 to 2015-03-04
2015-06-20 03:12:40,561 Starting Training from 2015-02-17 to 2015-03-04
2015-06-20 03:14:22,338 Starting Live from 2015-03-05 to 2015-04-04
2015-06-20 03:43:57,729 Starting Training from 2015-03-20 to 2015-04-04
2015-06-20 03:45:30,085 Starting Live from 2015-04-05 to 2015-04-10
2015-06-20 03:49:55,599 Starting Q Learning for : 
2015-06-20 03:49:55,599 alpha = 0.5
2015-06-20 03:49:55,599 gamma = 0.2
2015-06-20 03:49:55,599 individual factor = 8
2015-06-20 03:49:55,599 zero range = 0.002
2015-06-20 03:49:55,599 greedy level = 5
2015-06-20 03:49:55,599 

2015-06-20 03:50:02,424 Starting Training from 2014-12-17 to 2015-01-01
2015-06-20 04:01:51,279 Starting Live from 2015-01-02 to 2015-02-01
2015-06-20 04:30:13,869 Starting Training from 2015-01-17 to 2015-02-01
2015-06-20 04:31:58,424 Starting Live from 2015-02-02 to 2015-03-04
2015-06-20 05:02:34,684 Starting Training from 2015-02-17 to 2015-03-04
2015-06-20 05:04:19,665 Starting Live from 2015-03-05 to 2015-04-04
2015-06-20 05:33:58,085 Starting Training from 2015-03-20 to 2015-04-04
2015-06-20 05:35:43,588 Starting Live from 2015-04-05 to 2015-04-10
2015-06-20 05:40:17,007 Starting Q Learning for : 
2015-06-20 05:40:17,007 alpha = 0.4
2015-06-20 05:40:17,007 gamma = 0.3
2015-06-20 05:40:17,007 individual factor = 8
2015-06-20 05:40:17,007 zero range = 0.002
2015-06-20 05:40:17,007 greedy level = 5
2015-06-20 05:40:17,007 

2015-06-20 05:40:21,698 Starting Training from 2014-12-17 to 2015-01-01
2015-06-20 05:51:32,470 Starting Live from 2015-01-02 to 2015-02-01
2015-06-20 06:20:18,444 Starting Training from 2015-01-17 to 2015-02-01
2015-06-20 06:22:04,842 Starting Live from 2015-02-02 to 2015-03-04
2015-06-20 06:51:39,803 Starting Training from 2015-02-17 to 2015-03-04
2015-06-20 06:53:24,617 Starting Live from 2015-03-05 to 2015-04-04
2015-06-20 07:22:36,760 Starting Training from 2015-03-20 to 2015-04-04
2015-06-20 07:24:30,084 Starting Live from 2015-04-05 to 2015-04-10
2015-06-20 07:28:09,448 Starting Q Learning for : 
2015-06-20 07:28:09,450 alpha = 0.4
2015-06-20 07:28:09,450 gamma = 0.4
2015-06-20 07:28:09,450 individual factor = 8
2015-06-20 07:28:09,450 zero range = 0.002
2015-06-20 07:28:09,450 greedy level = 5
2015-06-20 07:28:09,450 

2015-06-20 07:28:14,526 Starting Training from 2014-12-17 to 2015-01-01
2015-06-20 07:39:29,243 Starting Live from 2015-01-02 to 2015-02-01
2015-06-20 08:08:09,878 Starting Training from 2015-01-17 to 2015-02-01
2015-06-20 08:09:49,789 Starting Live from 2015-02-02 to 2015-03-04
2015-06-20 08:38:13,183 Starting Training from 2015-02-17 to 2015-03-04
2015-06-20 08:39:51,658 Starting Live from 2015-03-05 to 2015-04-04
2015-06-20 09:06:35,489 Starting Training from 2015-03-20 to 2015-04-04
2015-06-20 09:07:57,329 Starting Live from 2015-04-05 to 2015-04-10
2015-06-20 09:11:55,480 Starting Q Learning for : 
2015-06-20 09:11:55,480 alpha = 0.6
2015-06-20 09:11:55,480 gamma = 0.1
2015-06-20 09:11:55,480 individual factor = 8
2015-06-20 09:11:55,480 zero range = 0.002
2015-06-20 09:11:55,480 greedy level = 5
2015-06-20 09:11:55,480 

2015-06-20 09:12:01,220 Starting Training from 2014-12-17 to 2015-01-01
2015-06-20 09:22:30,427 Starting Live from 2015-01-02 to 2015-02-01
2015-06-20 09:48:39,174 Starting Training from 2015-01-17 to 2015-02-01
2015-06-20 09:50:06,497 Starting Live from 2015-02-02 to 2015-03-04
2015-06-20 10:17:56,292 Starting Training from 2015-02-17 to 2015-03-04
2015-06-20 10:19:39,614 Starting Live from 2015-03-05 to 2015-04-04
2015-06-20 10:47:46,884 Starting Training from 2015-03-20 to 2015-04-04
2015-06-20 10:49:18,091 Starting Live from 2015-04-05 to 2015-04-10
2015-06-20 10:53:04,796 Starting Q Learning for : 
2015-06-20 10:53:04,796 alpha = 0.6
2015-06-20 10:53:04,796 gamma = 0.2
2015-06-20 10:53:04,798 individual factor = 8
2015-06-20 10:53:04,798 zero range = 0.002
2015-06-20 10:53:04,798 greedy level = 5
2015-06-20 10:53:04,798 

2015-06-20 10:53:10,234 Starting Training from 2014-12-17 to 2015-01-01
2015-06-20 11:06:30,671 Starting Live from 2015-01-02 to 2015-02-01
2015-06-20 11:35:43,851 Starting Training from 2015-01-17 to 2015-02-01
2015-06-20 11:37:18,516 Starting Live from 2015-02-02 to 2015-03-04
2015-06-20 12:08:23,236 Starting Training from 2015-02-17 to 2015-03-04
2015-06-20 12:10:09,490 Starting Live from 2015-03-05 to 2015-04-04
2015-06-20 12:39:49,828 Starting Training from 2015-03-20 to 2015-04-04
2015-06-20 12:41:26,095 Starting Live from 2015-04-05 to 2015-04-10
2015-06-20 12:45:37,618 Starting Q Learning for : 
2015-06-20 12:45:37,618 alpha = 0.6
2015-06-20 12:45:37,618 gamma = 0.7
2015-06-20 12:45:37,618 individual factor = 8
2015-06-20 12:45:37,618 zero range = 0.002
2015-06-20 12:45:37,618 greedy level = 5
2015-06-20 12:45:37,618 

2015-06-20 12:45:44,342 Starting Training from 2014-12-17 to 2015-01-01
2015-06-20 12:57:56,941 Starting Live from 2015-01-02 to 2015-02-01
2015-06-20 13:27:47,846 Starting Training from 2015-01-17 to 2015-02-01
2015-06-20 13:29:42,221 Starting Live from 2015-02-02 to 2015-03-04
2015-06-20 14:01:02,473 Starting Training from 2015-02-17 to 2015-03-04
2015-06-20 14:02:52,822 Starting Live from 2015-03-05 to 2015-04-04
2015-06-20 14:33:54,798 Starting Training from 2015-03-20 to 2015-04-04
2015-06-20 14:35:26,460 Starting Live from 2015-04-05 to 2015-04-10
2015-06-20 14:39:06,315 Starting Q Learning for : 
2015-06-20 14:39:06,315 alpha = 0.6
2015-06-20 14:39:06,315 gamma = 0.8
2015-06-20 14:39:06,315 individual factor = 8
2015-06-20 14:39:06,315 zero range = 0.002
2015-06-20 14:39:06,315 greedy level = 5
2015-06-20 14:39:06,315 

2015-06-20 14:39:12,068 Starting Training from 2014-12-17 to 2015-01-01
2015-06-20 14:50:45,884 Starting Live from 2015-01-02 to 2015-02-01
2015-06-20 15:19:12,019 Starting Training from 2015-01-17 to 2015-02-01
2015-06-20 15:20:44,423 Starting Live from 2015-02-02 to 2015-03-04
2015-06-20 15:49:22,131 Starting Training from 2015-02-17 to 2015-03-04
2015-06-20 15:51:07,698 Starting Live from 2015-03-05 to 2015-04-04
2015-06-20 16:19:35,782 Starting Training from 2015-03-20 to 2015-04-04
2015-06-20 16:21:06,786 Starting Live from 2015-04-05 to 2015-04-10
