2015-06-25 18:52:49,986 Starting Q Learning for : 
2015-06-25 18:52:49,986 alpha = 0.5
2015-06-25 18:52:49,986 gamma = 0.8
2015-06-25 18:52:49,986 individual factor = 8
2015-06-25 18:52:49,986 zero range = 0.01
2015-06-25 18:52:49,986 greedy level = 5
2015-06-25 18:52:49,986 

2015-06-25 18:53:02,763 Starting Training from 2014-12-17 to 2015-01-01
2015-06-25 19:02:40,144 Starting Live from 2015-01-02 to 2015-02-01
2015-06-25 19:28:44,266 Starting Training from 2015-01-17 to 2015-02-01
2015-06-25 19:30:12,237 Starting Live from 2015-02-02 to 2015-03-04
2015-06-25 20:01:00,585 Starting Training from 2015-02-17 to 2015-03-04
2015-06-25 20:02:51,612 Starting Live from 2015-03-05 to 2015-04-04
2015-06-25 20:30:04,460 Starting Training from 2015-03-20 to 2015-04-04
2015-06-25 20:32:04,338 Starting Live from 2015-04-05 to 2015-04-10
2015-06-25 20:40:06,756 Starting Q Learning for : 
2015-06-25 20:40:06,756 alpha = 0.6
2015-06-25 20:40:06,757 gamma = 0.1
2015-06-25 20:40:06,757 individual factor = 8
2015-06-25 20:40:06,757 zero range = 0.01
2015-06-25 20:40:06,757 greedy level = 5
2015-06-25 20:40:06,757 

2015-06-25 20:40:11,815 Starting Training from 2014-12-17 to 2015-01-01
2015-06-25 20:50:38,614 Starting Live from 2015-01-02 to 2015-02-01
2015-06-25 21:16:51,191 Starting Training from 2015-01-17 to 2015-02-01
2015-06-25 21:18:15,042 Starting Live from 2015-02-02 to 2015-03-04
2015-06-25 21:47:55,288 Starting Training from 2015-02-17 to 2015-03-04
2015-06-25 21:49:44,999 Starting Live from 2015-03-05 to 2015-04-04
2015-06-25 22:16:59,585 Starting Training from 2015-03-20 to 2015-04-04
2015-06-25 22:18:30,523 Starting Live from 2015-04-05 to 2015-04-10
2015-06-25 22:27:29,262 Starting Q Learning for : 
2015-06-25 22:27:29,263 alpha = 0.6
2015-06-25 22:27:29,263 gamma = 0.2
2015-06-25 22:27:29,263 individual factor = 8
2015-06-25 22:27:29,263 zero range = 0.01
2015-06-25 22:27:29,263 greedy level = 5
2015-06-25 22:27:29,263 

2015-06-25 22:27:39,174 Starting Training from 2014-12-17 to 2015-01-01
2015-06-25 22:39:06,937 Starting Live from 2015-01-02 to 2015-02-01
2015-06-25 23:06:44,753 Starting Training from 2015-01-17 to 2015-02-01
2015-06-25 23:08:22,851 Starting Live from 2015-02-02 to 2015-03-04
2015-06-25 23:39:38,318 Starting Training from 2015-02-17 to 2015-03-04
2015-06-25 23:41:38,217 Starting Live from 2015-03-05 to 2015-04-04
2015-06-26 00:10:20,591 Starting Training from 2015-03-20 to 2015-04-04
2015-06-26 00:11:47,668 Starting Live from 2015-04-05 to 2015-04-10
2015-06-26 00:20:38,299 Starting Q Learning for : 
2015-06-26 00:20:38,299 alpha = 0.6
2015-06-26 00:20:38,299 gamma = 0.3
2015-06-26 00:20:38,299 individual factor = 8
2015-06-26 00:20:38,299 zero range = 0.01
2015-06-26 00:20:38,299 greedy level = 5
2015-06-26 00:20:38,299 

2015-06-26 00:20:45,150 Starting Training from 2014-12-17 to 2015-01-01
2015-06-26 00:31:53,384 Starting Live from 2015-01-02 to 2015-02-01
2015-06-26 00:56:33,221 Starting Training from 2015-01-17 to 2015-02-01
2015-06-26 00:58:14,328 Starting Live from 2015-02-02 to 2015-03-04
2015-06-26 01:29:46,253 Starting Training from 2015-02-17 to 2015-03-04
2015-06-26 01:31:44,822 Starting Live from 2015-03-05 to 2015-04-04
2015-06-26 01:59:45,720 Starting Training from 2015-03-20 to 2015-04-04
2015-06-26 02:01:17,532 Starting Live from 2015-04-05 to 2015-04-10
2015-06-26 02:10:07,148 Starting Q Learning for : 
2015-06-26 02:10:07,148 alpha = 0.6
2015-06-26 02:10:07,148 gamma = 0.4
2015-06-26 02:10:07,148 individual factor = 8
2015-06-26 02:10:07,148 zero range = 0.01
2015-06-26 02:10:07,148 greedy level = 5
2015-06-26 02:10:07,148 

2015-06-26 02:10:16,799 Starting Training from 2014-12-17 to 2015-01-01
2015-06-26 02:21:55,993 Starting Live from 2015-01-02 to 2015-02-01
2015-06-26 02:49:47,009 Starting Training from 2015-01-17 to 2015-02-01
2015-06-26 02:51:25,753 Starting Live from 2015-02-02 to 2015-03-04
2015-06-26 03:23:47,430 Starting Training from 2015-02-17 to 2015-03-04
2015-06-26 03:25:49,381 Starting Live from 2015-03-05 to 2015-04-04
2015-06-26 03:54:59,430 Starting Training from 2015-03-20 to 2015-04-04
2015-06-26 03:57:03,358 Starting Live from 2015-04-05 to 2015-04-10
2015-06-26 04:05:33,138 Starting Q Learning for : 
2015-06-26 04:05:33,138 alpha = 0.6
2015-06-26 04:05:33,138 gamma = 0.5
2015-06-26 04:05:33,138 individual factor = 8
2015-06-26 04:05:33,138 zero range = 0.01
2015-06-26 04:05:33,138 greedy level = 5
2015-06-26 04:05:33,138 

2015-06-26 04:05:39,512 Starting Training from 2014-12-17 to 2015-01-01
2015-06-26 04:17:20,969 Starting Live from 2015-01-02 to 2015-02-01
2015-06-26 04:45:44,279 Starting Training from 2015-01-17 to 2015-02-01
2015-06-26 04:47:10,667 Starting Live from 2015-02-02 to 2015-03-04
2015-06-26 05:18:38,388 Starting Training from 2015-02-17 to 2015-03-04
2015-06-26 05:20:43,411 Starting Live from 2015-03-05 to 2015-04-04
2015-06-26 05:49:26,115 Starting Training from 2015-03-20 to 2015-04-04
2015-06-26 05:51:09,822 Starting Live from 2015-04-05 to 2015-04-10
2015-06-26 05:59:25,174 Starting Q Learning for : 
2015-06-26 05:59:25,174 alpha = 0.6
2015-06-26 05:59:25,174 gamma = 0.6
2015-06-26 05:59:25,174 individual factor = 8
2015-06-26 05:59:25,174 zero range = 0.01
2015-06-26 05:59:25,174 greedy level = 5
2015-06-26 05:59:25,174 

2015-06-26 05:59:30,799 Starting Training from 2014-12-17 to 2015-01-01
2015-06-26 06:11:33,753 Starting Live from 2015-01-02 to 2015-02-01
2015-06-26 06:39:27,515 Starting Training from 2015-01-17 to 2015-02-01
2015-06-26 06:40:51,400 Starting Live from 2015-02-02 to 2015-03-04
2015-06-26 07:11:57,359 Starting Training from 2015-02-17 to 2015-03-04
2015-06-26 07:13:52,355 Starting Live from 2015-03-05 to 2015-04-04
2015-06-26 07:42:27,496 Starting Training from 2015-03-20 to 2015-04-04
2015-06-26 07:43:59,336 Starting Live from 2015-04-05 to 2015-04-10
2015-06-26 07:51:53,206 Starting Q Learning for : 
2015-06-26 07:51:53,206 alpha = 0.4
2015-06-26 07:51:53,207 gamma = 0.6
2015-06-26 07:51:53,207 individual factor = 8
2015-06-26 07:51:53,207 zero range = 0.01
2015-06-26 07:51:53,207 greedy level = 5
2015-06-26 07:51:53,207 

2015-06-26 07:51:58,737 Starting Training from 2014-12-17 to 2015-01-01
2015-06-26 08:03:27,608 Starting Live from 2015-01-02 to 2015-02-01
2015-06-26 08:31:06,312 Starting Training from 2015-01-17 to 2015-02-01
2015-06-26 08:32:30,434 Starting Live from 2015-02-02 to 2015-03-04
2015-06-26 09:03:40,217 Starting Training from 2015-02-17 to 2015-03-04
2015-06-26 09:05:36,434 Starting Live from 2015-03-05 to 2015-04-04
2015-06-26 09:33:40,766 Starting Training from 2015-03-20 to 2015-04-04
2015-06-26 09:35:22,763 Starting Live from 2015-04-05 to 2015-04-10
2015-06-26 09:43:08,907 Starting Q Learning for : 
2015-06-26 09:43:08,907 alpha = 0.4
2015-06-26 09:43:08,907 gamma = 0.7
2015-06-26 09:43:08,907 individual factor = 8
2015-06-26 09:43:08,907 zero range = 0.01
2015-06-26 09:43:08,907 greedy level = 5
2015-06-26 09:43:08,907 

2015-06-26 09:43:14,711 Starting Training from 2014-12-17 to 2015-01-01
2015-06-26 09:54:28,499 Starting Live from 2015-01-02 to 2015-02-01
2015-06-26 10:22:44,263 Starting Training from 2015-01-17 to 2015-02-01
2015-06-26 10:24:07,943 Starting Live from 2015-02-02 to 2015-03-04
2015-06-26 10:54:57,187 Starting Training from 2015-02-17 to 2015-03-04
2015-06-26 10:56:51,934 Starting Live from 2015-03-05 to 2015-04-04
2015-06-26 11:25:12,963 Starting Training from 2015-03-20 to 2015-04-04
2015-06-26 11:26:54,818 Starting Live from 2015-04-05 to 2015-04-10
2015-06-26 11:34:46,944 Starting Q Learning for : 
2015-06-26 11:34:46,944 alpha = 0.4
2015-06-26 11:34:46,944 gamma = 0.8
2015-06-26 11:34:46,944 individual factor = 8
2015-06-26 11:34:46,944 zero range = 0.01
2015-06-26 11:34:46,944 greedy level = 5
2015-06-26 11:34:46,944 

2015-06-26 11:34:53,598 Starting Training from 2014-12-17 to 2015-01-01
2015-06-26 11:46:14,262 Starting Live from 2015-01-02 to 2015-02-01
2015-06-26 12:13:30,766 Starting Training from 2015-01-17 to 2015-02-01
2015-06-26 12:14:53,341 Starting Live from 2015-02-02 to 2015-03-04
2015-06-26 12:45:46,733 Starting Training from 2015-02-17 to 2015-03-04
2015-06-26 12:47:42,660 Starting Live from 2015-03-05 to 2015-04-04
2015-06-26 13:15:59,884 Starting Training from 2015-03-20 to 2015-04-04
2015-06-26 13:17:47,384 Starting Live from 2015-04-05 to 2015-04-10
2015-06-26 13:25:43,426 Starting Q Learning for : 
2015-06-26 13:25:43,426 alpha = 0.2
2015-06-26 13:25:43,426 gamma = 0.1
2015-06-26 13:25:43,426 individual factor = 8
2015-06-26 13:25:43,426 zero range = 0.01
2015-06-26 13:25:43,426 greedy level = 5
2015-06-26 13:25:43,426 

2015-06-26 13:25:50,934 Starting Training from 2014-12-17 to 2015-01-01
2015-06-26 13:37:37,084 Starting Live from 2015-01-02 to 2015-02-01
2015-06-26 14:05:18,019 Starting Training from 2015-01-17 to 2015-02-01
2015-06-26 14:06:42,568 Starting Live from 2015-02-02 to 2015-03-04
2015-06-26 14:37:34,111 Starting Training from 2015-02-17 to 2015-03-04
2015-06-26 14:39:31,348 Starting Live from 2015-03-05 to 2015-04-04
2015-06-26 15:08:38,349 Starting Training from 2015-03-20 to 2015-04-04
2015-06-26 15:10:26,437 Starting Live from 2015-04-05 to 2015-04-10
2015-06-26 15:18:51,628 Starting Q Learning for : 
2015-06-26 15:18:51,628 alpha = 0.2
2015-06-26 15:18:51,628 gamma = 0.2
2015-06-26 15:18:51,628 individual factor = 8
2015-06-26 15:18:51,628 zero range = 0.01
2015-06-26 15:18:51,628 greedy level = 5
2015-06-26 15:18:51,628 

2015-06-26 15:19:02,391 Starting Training from 2014-12-17 to 2015-01-01
2015-06-26 15:30:38,983 Starting Live from 2015-01-02 to 2015-02-01
2015-06-26 15:59:08,084 Starting Training from 2015-01-17 to 2015-02-01
2015-06-26 16:00:33,223 Starting Live from 2015-02-02 to 2015-03-04
2015-06-26 16:32:04,793 Starting Training from 2015-02-17 to 2015-03-04
2015-06-26 16:33:57,861 Starting Live from 2015-03-05 to 2015-04-04
2015-06-26 17:02:03,572 Starting Training from 2015-03-20 to 2015-04-04
2015-06-26 17:03:43,690 Starting Live from 2015-04-05 to 2015-04-10
2015-06-26 17:11:35,838 Starting Q Learning for : 
2015-06-26 17:11:35,838 alpha = 0.2
2015-06-26 17:11:35,838 gamma = 0.3
2015-06-26 17:11:35,838 individual factor = 8
2015-06-26 17:11:35,838 zero range = 0.01
2015-06-26 17:11:35,838 greedy level = 5
2015-06-26 17:11:35,839 

2015-06-26 17:11:42,345 Starting Training from 2014-12-17 to 2015-01-01
2015-06-26 17:22:51,049 Starting Live from 2015-01-02 to 2015-02-01
2015-06-26 17:50:26,608 Starting Training from 2015-01-17 to 2015-02-01
2015-06-26 17:51:54,253 Starting Live from 2015-02-02 to 2015-03-04
2015-06-26 18:23:43,269 Starting Training from 2015-02-17 to 2015-03-04
2015-06-26 18:25:40,311 Starting Live from 2015-03-05 to 2015-04-04
2015-06-26 18:54:32,657 Starting Training from 2015-03-20 to 2015-04-04
2015-06-26 18:56:25,897 Starting Live from 2015-04-05 to 2015-04-10
2015-06-26 19:04:48,283 Starting Q Learning for : 
2015-06-26 19:04:48,283 alpha = 0.2
2015-06-26 19:04:48,283 gamma = 0.4
2015-06-26 19:04:48,283 individual factor = 8
2015-06-26 19:04:48,283 zero range = 0.01
2015-06-26 19:04:48,283 greedy level = 5
2015-06-26 19:04:48,283 

2015-06-26 19:04:53,759 Starting Training from 2014-12-17 to 2015-01-01
2015-06-26 19:15:56,523 Starting Live from 2015-01-02 to 2015-02-01
2015-06-26 19:43:23,467 Starting Training from 2015-01-17 to 2015-02-01
2015-06-26 19:44:47,355 Starting Live from 2015-02-02 to 2015-03-04
2015-06-26 20:16:10,937 Starting Training from 2015-02-17 to 2015-03-04
2015-06-26 20:18:06,680 Starting Live from 2015-03-05 to 2015-04-04
2015-06-26 20:47:08,015 Starting Training from 2015-03-20 to 2015-04-04
2015-06-26 20:49:16,075 Starting Live from 2015-04-05 to 2015-04-10
2015-06-26 20:57:57,730 Starting Q Learning for : 
2015-06-26 20:57:57,730 alpha = 0.5
2015-06-26 20:57:57,730 gamma = 0.3
2015-06-26 20:57:57,730 individual factor = 8
2015-06-26 20:57:57,730 zero range = 0.006
2015-06-26 20:57:57,730 greedy level = 5
2015-06-26 20:57:57,730 

2015-06-26 20:58:00,523 Starting Training from 2014-12-17 to 2015-01-01
2015-06-26 21:09:39,167 Starting Live from 2015-01-02 to 2015-02-01
2015-06-26 21:38:18,065 Starting Training from 2015-01-17 to 2015-02-01
2015-06-26 21:39:42,996 Starting Live from 2015-02-02 to 2015-03-04
2015-06-26 22:11:05,017 Starting Training from 2015-02-17 to 2015-03-04
2015-06-26 22:12:57,098 Starting Live from 2015-03-05 to 2015-04-04
2015-06-26 22:41:19,497 Starting Training from 2015-03-20 to 2015-04-04
2015-06-26 22:43:13,766 Starting Live from 2015-04-05 to 2015-04-10
2015-06-26 22:51:32,464 Starting Q Learning for : 
2015-06-26 22:51:32,464 alpha = 0.5
2015-06-26 22:51:32,464 gamma = 0.4
2015-06-26 22:51:32,464 individual factor = 8
2015-06-26 22:51:32,466 zero range = 0.006
2015-06-26 22:51:32,466 greedy level = 5
2015-06-26 22:51:32,466 

2015-06-26 22:51:34,920 Starting Training from 2014-12-17 to 2015-01-01
2015-06-26 23:03:00,617 Starting Live from 2015-01-02 to 2015-02-01
2015-06-26 23:31:11,526 Starting Training from 2015-01-17 to 2015-02-01
2015-06-26 23:32:38,263 Starting Live from 2015-02-02 to 2015-03-04
2015-06-27 00:04:40,055 Starting Training from 2015-02-17 to 2015-03-04
2015-06-27 00:06:42,299 Starting Live from 2015-03-05 to 2015-04-04
2015-06-27 00:35:16,032 Starting Training from 2015-03-20 to 2015-04-04
2015-06-27 00:37:13,703 Starting Live from 2015-04-05 to 2015-04-10
2015-06-27 00:45:53,753 Starting Q Learning for : 
2015-06-27 00:45:53,753 alpha = 0.5
2015-06-27 00:45:53,753 gamma = 0.5
2015-06-27 00:45:53,753 individual factor = 8
2015-06-27 00:45:53,753 zero range = 0.006
2015-06-27 00:45:53,753 greedy level = 5
2015-06-27 00:45:53,753 

2015-06-27 00:45:56,529 Starting Training from 2014-12-17 to 2015-01-01
2015-06-27 00:56:57,655 Starting Live from 2015-01-02 to 2015-02-01
2015-06-27 01:24:30,398 Starting Training from 2015-01-17 to 2015-02-01
2015-06-27 01:25:57,471 Starting Live from 2015-02-02 to 2015-03-04
2015-06-27 01:57:19,086 Starting Training from 2015-02-17 to 2015-03-04
2015-06-27 01:59:17,354 Starting Live from 2015-03-05 to 2015-04-04
2015-06-27 02:27:38,595 Starting Training from 2015-03-20 to 2015-04-04
2015-06-27 02:29:12,839 Starting Live from 2015-04-05 to 2015-04-10
2015-06-27 02:38:01,187 Starting Q Learning for : 
2015-06-27 02:38:01,187 alpha = 0.5
2015-06-27 02:38:01,187 gamma = 0.6
2015-06-27 02:38:01,187 individual factor = 8
2015-06-27 02:38:01,187 zero range = 0.006
2015-06-27 02:38:01,187 greedy level = 5
2015-06-27 02:38:01,187 

2015-06-27 02:38:03,431 Starting Training from 2014-12-17 to 2015-01-01
2015-06-27 02:49:49,201 Starting Live from 2015-01-02 to 2015-02-01
2015-06-27 03:17:25,285 Starting Training from 2015-01-17 to 2015-02-01
2015-06-27 03:19:09,071 Starting Live from 2015-02-02 to 2015-03-04
2015-06-27 03:50:28,063 Starting Training from 2015-02-17 to 2015-03-04
2015-06-27 03:52:21,884 Starting Live from 2015-03-05 to 2015-04-04
2015-06-27 04:20:50,714 Starting Training from 2015-03-20 to 2015-04-04
2015-06-27 04:22:23,200 Starting Live from 2015-04-05 to 2015-04-10
2015-06-27 04:31:23,052 Starting Q Learning for : 
2015-06-27 04:31:23,052 alpha = 0.5
2015-06-27 04:31:23,052 gamma = 0.7
2015-06-27 04:31:23,052 individual factor = 8
2015-06-27 04:31:23,052 zero range = 0.006
2015-06-27 04:31:23,052 greedy level = 5
2015-06-27 04:31:23,052 

2015-06-27 04:31:32,210 Starting Training from 2014-12-17 to 2015-01-01
2015-06-27 04:42:52,016 Starting Live from 2015-01-02 to 2015-02-01
2015-06-27 05:10:16,279 Starting Training from 2015-01-17 to 2015-02-01
2015-06-27 05:12:04,089 Starting Live from 2015-02-02 to 2015-03-04
2015-06-27 05:42:46,493 Starting Training from 2015-02-17 to 2015-03-04
2015-06-27 05:44:43,647 Starting Live from 2015-03-05 to 2015-04-04
2015-06-27 06:12:39,588 Starting Training from 2015-03-20 to 2015-04-04
2015-06-27 06:14:13,602 Starting Live from 2015-04-05 to 2015-04-10
2015-06-27 06:22:41,289 Starting Q Learning for : 
2015-06-27 06:22:41,289 alpha = 0.5
2015-06-27 06:22:41,289 gamma = 0.8
2015-06-27 06:22:41,289 individual factor = 8
2015-06-27 06:22:41,289 zero range = 0.006
2015-06-27 06:22:41,289 greedy level = 5
2015-06-27 06:22:41,289 

2015-06-27 06:22:48,483 Starting Training from 2014-12-17 to 2015-01-01
2015-06-27 06:33:54,927 Starting Live from 2015-01-02 to 2015-02-01
2015-06-27 07:00:16,499 Starting Training from 2015-01-17 to 2015-02-01
2015-06-27 07:01:39,762 Starting Live from 2015-02-02 to 2015-03-04
2015-06-27 07:33:08,648 Starting Training from 2015-02-17 to 2015-03-04
2015-06-27 07:35:03,619 Starting Live from 2015-03-05 to 2015-04-04
2015-06-27 08:03:23,049 Starting Training from 2015-03-20 to 2015-04-04
2015-06-27 08:04:52,805 Starting Live from 2015-04-05 to 2015-04-10
2015-06-27 08:13:02,917 Starting Q Learning for : 
2015-06-27 08:13:02,917 alpha = 0.6
2015-06-27 08:13:02,917 gamma = 0.1
2015-06-27 08:13:02,917 individual factor = 8
2015-06-27 08:13:02,917 zero range = 0.006
2015-06-27 08:13:02,917 greedy level = 5
2015-06-27 08:13:02,917 

2015-06-27 08:13:11,326 Starting Training from 2014-12-17 to 2015-01-01
2015-06-27 08:25:02,645 Starting Live from 2015-01-02 to 2015-02-01
2015-06-27 08:52:12,345 Starting Training from 2015-01-17 to 2015-02-01
2015-06-27 08:53:35,973 Starting Live from 2015-02-02 to 2015-03-04
2015-06-27 09:24:30,663 Starting Training from 2015-02-17 to 2015-03-04
2015-06-27 09:26:26,497 Starting Live from 2015-03-05 to 2015-04-04
2015-06-27 09:53:59,246 Starting Training from 2015-03-20 to 2015-04-04
2015-06-27 09:55:27,957 Starting Live from 2015-04-05 to 2015-04-10
2015-06-27 10:03:21,812 Starting Q Learning for : 
2015-06-27 10:03:21,812 alpha = 0.4
2015-06-27 10:03:21,812 gamma = 0.8
2015-06-27 10:03:21,812 individual factor = 8
2015-06-27 10:03:21,812 zero range = 0.006
2015-06-27 10:03:21,812 greedy level = 5
2015-06-27 10:03:21,812 

2015-06-27 10:03:27,914 Starting Training from 2014-12-17 to 2015-01-01
2015-06-27 10:15:16,668 Starting Live from 2015-01-02 to 2015-02-01
2015-06-27 10:42:36,150 Starting Training from 2015-01-17 to 2015-02-01
2015-06-27 10:44:04,073 Starting Live from 2015-02-02 to 2015-03-04
2015-06-27 11:14:21,387 Starting Training from 2015-02-17 to 2015-03-04
2015-06-27 11:16:36,081 Starting Live from 2015-03-05 to 2015-04-04
2015-06-27 11:44:51,289 Starting Training from 2015-03-20 to 2015-04-04
2015-06-27 11:46:19,842 Starting Live from 2015-04-05 to 2015-04-10
2015-06-27 11:54:22,362 Starting Q Learning for : 
2015-06-27 11:54:22,362 alpha = 0.2
2015-06-27 11:54:22,362 gamma = 0.1
2015-06-27 11:54:22,362 individual factor = 8
2015-06-27 11:54:22,362 zero range = 0.006
2015-06-27 11:54:22,362 greedy level = 5
2015-06-27 11:54:22,362 

2015-06-27 11:54:29,164 Starting Training from 2014-12-17 to 2015-01-01
2015-06-27 12:06:07,763 Starting Live from 2015-01-02 to 2015-02-01
2015-06-27 12:33:01,655 Starting Training from 2015-01-17 to 2015-02-01
2015-06-27 12:34:20,775 Starting Live from 2015-02-02 to 2015-03-04
2015-06-27 13:05:38,269 Starting Training from 2015-02-17 to 2015-03-04
2015-06-27 13:07:34,957 Starting Live from 2015-03-05 to 2015-04-04
2015-06-27 13:36:54,967 Starting Training from 2015-03-20 to 2015-04-04
2015-06-27 13:38:29,013 Starting Live from 2015-04-05 to 2015-04-10
2015-06-27 13:46:43,859 Starting Q Learning for : 
2015-06-27 13:46:43,859 alpha = 0.2
2015-06-27 13:46:43,861 gamma = 0.2
2015-06-27 13:46:43,861 individual factor = 8
2015-06-27 13:46:43,861 zero range = 0.006
2015-06-27 13:46:43,861 greedy level = 5
2015-06-27 13:46:43,861 

2015-06-27 13:46:50,694 Starting Training from 2014-12-17 to 2015-01-01
2015-06-27 13:58:19,017 Starting Live from 2015-01-02 to 2015-02-01
2015-06-27 14:24:29,746 Starting Training from 2015-01-17 to 2015-02-01
2015-06-27 14:25:45,572 Starting Live from 2015-02-02 to 2015-03-04
2015-06-27 14:53:47,207 Starting Training from 2015-02-17 to 2015-03-04
2015-06-27 14:55:42,249 Starting Live from 2015-03-05 to 2015-04-04
2015-06-27 15:25:04,681 Starting Training from 2015-03-20 to 2015-04-04
2015-06-27 15:26:59,345 Starting Live from 2015-04-05 to 2015-04-10
2015-06-27 15:36:17,118 Starting Q Learning for : 
2015-06-27 15:36:17,118 alpha = 0.2
2015-06-27 15:36:17,118 gamma = 0.3
2015-06-27 15:36:17,118 individual factor = 8
2015-06-27 15:36:17,119 zero range = 0.006
2015-06-27 15:36:17,119 greedy level = 5
2015-06-27 15:36:17,119 

2015-06-27 15:36:23,301 Starting Training from 2014-12-17 to 2015-01-01
2015-06-27 15:47:58,986 Starting Live from 2015-01-02 to 2015-02-01
2015-06-27 16:16:11,816 Starting Training from 2015-01-17 to 2015-02-01
2015-06-27 16:17:39,043 Starting Live from 2015-02-02 to 2015-03-04
2015-06-27 16:48:51,736 Starting Training from 2015-02-17 to 2015-03-04
2015-06-27 16:50:44,871 Starting Live from 2015-03-05 to 2015-04-04
2015-06-27 17:17:50,332 Starting Training from 2015-03-20 to 2015-04-04
2015-06-27 17:19:18,996 Starting Live from 2015-04-05 to 2015-04-10
2015-06-27 17:28:01,930 Starting Q Learning for : 
2015-06-27 17:28:01,930 alpha = 0.2
2015-06-27 17:28:01,930 gamma = 0.4
2015-06-27 17:28:01,930 individual factor = 8
2015-06-27 17:28:01,930 zero range = 0.006
2015-06-27 17:28:01,930 greedy level = 5
2015-06-27 17:28:01,930 

2015-06-27 17:28:07,825 Starting Training from 2014-12-17 to 2015-01-01
2015-06-27 17:38:51,484 Starting Live from 2015-01-02 to 2015-02-01
2015-06-27 18:05:29,676 Starting Training from 2015-01-17 to 2015-02-01
2015-06-27 18:07:14,592 Starting Live from 2015-02-02 to 2015-03-04
2015-06-27 18:39:20,063 Starting Training from 2015-02-17 to 2015-03-04
2015-06-27 18:41:18,434 Starting Live from 2015-03-05 to 2015-04-04
2015-06-27 19:09:51,994 Starting Training from 2015-03-20 to 2015-04-04
2015-06-27 19:11:24,502 Starting Live from 2015-04-05 to 2015-04-10
2015-06-27 19:20:21,395 Starting Q Learning for : 
2015-06-27 19:20:21,395 alpha = 0.2
2015-06-27 19:20:21,395 gamma = 0.5
2015-06-27 19:20:21,395 individual factor = 8
2015-06-27 19:20:21,395 zero range = 0.006
2015-06-27 19:20:21,395 greedy level = 5
2015-06-27 19:20:21,395 

2015-06-27 19:20:27,438 Starting Training from 2014-12-17 to 2015-01-01
2015-06-27 19:31:40,976 Starting Live from 2015-01-02 to 2015-02-01
2015-06-27 19:58:38,492 Starting Training from 2015-01-17 to 2015-02-01
2015-06-27 20:00:24,364 Starting Live from 2015-02-02 to 2015-03-04
2015-06-27 20:31:11,140 Starting Training from 2015-02-17 to 2015-03-04
2015-06-27 20:33:10,253 Starting Live from 2015-03-05 to 2015-04-04
2015-06-27 21:01:31,720 Starting Training from 2015-03-20 to 2015-04-04
2015-06-27 21:03:08,875 Starting Live from 2015-04-05 to 2015-04-10
2015-06-27 21:11:47,750 Starting Q Learning for : 
2015-06-27 21:11:47,750 alpha = 0.2
2015-06-27 21:11:47,750 gamma = 0.6
2015-06-27 21:11:47,750 individual factor = 8
2015-06-27 21:11:47,750 zero range = 0.006
2015-06-27 21:11:47,750 greedy level = 5
2015-06-27 21:11:47,750 

2015-06-27 21:11:54,398 Starting Training from 2014-12-17 to 2015-01-01
2015-06-27 21:22:55,559 Starting Live from 2015-01-02 to 2015-02-01
2015-06-27 21:49:53,345 Starting Training from 2015-01-17 to 2015-02-01
2015-06-27 21:51:22,339 Starting Live from 2015-02-02 to 2015-03-04
2015-06-27 22:22:43,466 Starting Training from 2015-02-17 to 2015-03-04
2015-06-27 22:24:33,206 Starting Live from 2015-03-05 to 2015-04-04
2015-06-27 22:52:02,868 Starting Training from 2015-03-20 to 2015-04-04
2015-06-27 22:53:28,576 Starting Live from 2015-04-05 to 2015-04-10
