2015-06-25 18:52:50,000 Starting Q Learning for : 
2015-06-25 18:52:50,000 alpha = 0.6
2015-06-25 18:52:50,000 gamma = 0.7
2015-06-25 18:52:50,000 individual factor = 8
2015-06-25 18:52:50,000 zero range = 0.01
2015-06-25 18:52:50,000 greedy level = 5
2015-06-25 18:52:50,000 

2015-06-25 18:53:02,763 Starting Training from 2014-12-17 to 2015-01-01
2015-06-25 19:02:39,068 Starting Live from 2015-01-02 to 2015-02-01
2015-06-25 19:28:54,230 Starting Training from 2015-01-17 to 2015-02-01
2015-06-25 19:30:20,783 Starting Live from 2015-02-02 to 2015-03-04
2015-06-25 20:01:12,357 Starting Training from 2015-02-17 to 2015-03-04
2015-06-25 20:03:01,203 Starting Live from 2015-03-05 to 2015-04-04
2015-06-25 20:30:22,788 Starting Training from 2015-03-20 to 2015-04-04
2015-06-25 20:32:19,073 Starting Live from 2015-04-05 to 2015-04-10
2015-06-25 20:40:15,262 Starting Q Learning for : 
2015-06-25 20:40:15,262 alpha = 0.6
2015-06-25 20:40:15,262 gamma = 0.8
2015-06-25 20:40:15,262 individual factor = 8
2015-06-25 20:40:15,262 zero range = 0.01
2015-06-25 20:40:15,263 greedy level = 5
2015-06-25 20:40:15,263 

2015-06-25 20:40:21,026 Starting Training from 2014-12-17 to 2015-01-01
2015-06-25 20:50:49,079 Starting Live from 2015-01-02 to 2015-02-01
2015-06-25 21:17:29,372 Starting Training from 2015-01-17 to 2015-02-01
2015-06-25 21:18:52,941 Starting Live from 2015-02-02 to 2015-03-04
2015-06-25 21:48:52,420 Starting Training from 2015-02-17 to 2015-03-04
2015-06-25 21:50:42,684 Starting Live from 2015-03-05 to 2015-04-04
2015-06-25 22:18:00,746 Starting Training from 2015-03-20 to 2015-04-04
2015-06-25 22:19:48,282 Starting Live from 2015-04-05 to 2015-04-10
2015-06-25 22:28:41,174 Starting Q Learning for : 
2015-06-25 22:28:41,174 alpha = 0.4
2015-06-25 22:28:41,174 gamma = 0.1
2015-06-25 22:28:41,174 individual factor = 8
2015-06-25 22:28:41,174 zero range = 0.01
2015-06-25 22:28:41,174 greedy level = 5
2015-06-25 22:28:41,174 

2015-06-25 22:28:46,700 Starting Training from 2014-12-17 to 2015-01-01
2015-06-25 22:40:08,861 Starting Live from 2015-01-02 to 2015-02-01
2015-06-25 23:08:01,957 Starting Training from 2015-01-17 to 2015-02-01
2015-06-25 23:09:32,911 Starting Live from 2015-02-02 to 2015-03-04
2015-06-25 23:41:04,030 Starting Training from 2015-02-17 to 2015-03-04
2015-06-25 23:43:03,085 Starting Live from 2015-03-05 to 2015-04-04
2015-06-26 00:11:44,614 Starting Training from 2015-03-20 to 2015-04-04
2015-06-26 00:13:30,648 Starting Live from 2015-04-05 to 2015-04-10
2015-06-26 00:22:10,176 Starting Q Learning for : 
2015-06-26 00:22:10,176 alpha = 0.4
2015-06-26 00:22:10,176 gamma = 0.2
2015-06-26 00:22:10,176 individual factor = 8
2015-06-26 00:22:10,177 zero range = 0.01
2015-06-26 00:22:10,177 greedy level = 5
2015-06-26 00:22:10,177 

2015-06-26 00:22:15,486 Starting Training from 2014-12-17 to 2015-01-01
2015-06-26 00:33:20,625 Starting Live from 2015-01-02 to 2015-02-01
2015-06-26 00:58:20,661 Starting Training from 2015-01-17 to 2015-02-01
2015-06-26 00:59:55,447 Starting Live from 2015-02-02 to 2015-03-04
2015-06-26 01:31:31,684 Starting Training from 2015-02-17 to 2015-03-04
2015-06-26 01:33:31,519 Starting Live from 2015-03-05 to 2015-04-04
2015-06-26 02:01:36,917 Starting Training from 2015-03-20 to 2015-04-04
2015-06-26 02:03:12,082 Starting Live from 2015-04-05 to 2015-04-10
2015-06-26 02:12:12,371 Starting Q Learning for : 
2015-06-26 02:12:12,371 alpha = 0.4
2015-06-26 02:12:12,371 gamma = 0.3
2015-06-26 02:12:12,371 individual factor = 8
2015-06-26 02:12:12,371 zero range = 0.01
2015-06-26 02:12:12,371 greedy level = 5
2015-06-26 02:12:12,371 

2015-06-26 02:12:19,448 Starting Training from 2014-12-17 to 2015-01-01
2015-06-26 02:23:57,250 Starting Live from 2015-01-02 to 2015-02-01
2015-06-26 02:52:12,267 Starting Training from 2015-01-17 to 2015-02-01
2015-06-26 02:53:43,217 Starting Live from 2015-02-02 to 2015-03-04
2015-06-26 03:25:52,453 Starting Training from 2015-02-17 to 2015-03-04
2015-06-26 03:27:59,292 Starting Live from 2015-03-05 to 2015-04-04
2015-06-26 03:57:30,937 Starting Training from 2015-03-20 to 2015-04-04
2015-06-26 03:59:16,914 Starting Live from 2015-04-05 to 2015-04-10
2015-06-26 04:07:37,701 Starting Q Learning for : 
2015-06-26 04:07:37,703 alpha = 0.4
2015-06-26 04:07:37,703 gamma = 0.4
2015-06-26 04:07:37,703 individual factor = 8
2015-06-26 04:07:37,703 zero range = 0.01
2015-06-26 04:07:37,703 greedy level = 5
2015-06-26 04:07:37,703 

2015-06-26 04:07:44,098 Starting Training from 2014-12-17 to 2015-01-01
2015-06-26 04:20:12,632 Starting Live from 2015-01-02 to 2015-02-01
2015-06-26 04:48:02,900 Starting Training from 2015-01-17 to 2015-02-01
2015-06-26 04:49:29,707 Starting Live from 2015-02-02 to 2015-03-04
2015-06-26 05:21:32,351 Starting Training from 2015-02-17 to 2015-03-04
2015-06-26 05:23:41,336 Starting Live from 2015-03-05 to 2015-04-04
2015-06-26 05:53:38,177 Starting Training from 2015-03-20 to 2015-04-04
2015-06-26 05:55:15,967 Starting Live from 2015-04-05 to 2015-04-10
2015-06-26 06:03:56,375 Starting Q Learning for : 
2015-06-26 06:03:56,375 alpha = 0.4
2015-06-26 06:03:56,375 gamma = 0.5
2015-06-26 06:03:56,375 individual factor = 8
2015-06-26 06:03:56,375 zero range = 0.01
2015-06-26 06:03:56,375 greedy level = 5
2015-06-26 06:03:56,377 

2015-06-26 06:04:01,959 Starting Training from 2014-12-17 to 2015-01-01
2015-06-26 06:16:19,148 Starting Live from 2015-01-02 to 2015-02-01
2015-06-26 06:44:12,188 Starting Training from 2015-01-17 to 2015-02-01
2015-06-26 06:45:40,453 Starting Live from 2015-02-02 to 2015-03-04
2015-06-26 07:17:33,052 Starting Training from 2015-02-17 to 2015-03-04
2015-06-26 07:19:59,428 Starting Live from 2015-03-05 to 2015-04-04
2015-06-26 07:48:29,000 Starting Training from 2015-03-20 to 2015-04-04
2015-06-26 07:49:58,698 Starting Live from 2015-04-05 to 2015-04-10
2015-06-26 07:57:59,453 Starting Q Learning for : 
2015-06-26 07:57:59,453 alpha = 0.2
2015-06-26 07:57:59,453 gamma = 0.5
2015-06-26 07:57:59,453 individual factor = 8
2015-06-26 07:57:59,453 zero range = 0.01
2015-06-26 07:57:59,453 greedy level = 5
2015-06-26 07:57:59,453 

2015-06-26 07:58:05,260 Starting Training from 2014-12-17 to 2015-01-01
2015-06-26 08:10:03,752 Starting Live from 2015-01-02 to 2015-02-01
2015-06-26 08:37:32,134 Starting Training from 2015-01-17 to 2015-02-01
2015-06-26 08:38:56,515 Starting Live from 2015-02-02 to 2015-03-04
2015-06-26 09:10:36,647 Starting Training from 2015-02-17 to 2015-03-04
2015-06-26 09:12:48,124 Starting Live from 2015-03-05 to 2015-04-04
2015-06-26 09:40:45,849 Starting Training from 2015-03-20 to 2015-04-04
2015-06-26 09:42:14,680 Starting Live from 2015-04-05 to 2015-04-10
2015-06-26 09:50:12,653 Starting Q Learning for : 
2015-06-26 09:50:12,653 alpha = 0.2
2015-06-26 09:50:12,653 gamma = 0.6
2015-06-26 09:50:12,653 individual factor = 8
2015-06-26 09:50:12,653 zero range = 0.01
2015-06-26 09:50:12,654 greedy level = 5
2015-06-26 09:50:12,654 

2015-06-26 09:50:19,296 Starting Training from 2014-12-17 to 2015-01-01
2015-06-26 10:02:38,589 Starting Live from 2015-01-02 to 2015-02-01
2015-06-26 10:29:43,072 Starting Training from 2015-01-17 to 2015-02-01
2015-06-26 10:31:05,566 Starting Live from 2015-02-02 to 2015-03-04
2015-06-26 11:02:36,358 Starting Training from 2015-02-17 to 2015-03-04
2015-06-26 11:04:42,349 Starting Live from 2015-03-05 to 2015-04-04
2015-06-26 11:32:34,759 Starting Training from 2015-03-20 to 2015-04-04
2015-06-26 11:34:04,155 Starting Live from 2015-04-05 to 2015-04-10
2015-06-26 11:42:04,556 Starting Q Learning for : 
2015-06-26 11:42:04,558 alpha = 0.2
2015-06-26 11:42:04,558 gamma = 0.7
2015-06-26 11:42:04,558 individual factor = 8
2015-06-26 11:42:04,558 zero range = 0.01
2015-06-26 11:42:04,558 greedy level = 5
2015-06-26 11:42:04,558 

2015-06-26 11:42:11,813 Starting Training from 2014-12-17 to 2015-01-01
2015-06-26 11:54:07,845 Starting Live from 2015-01-02 to 2015-02-01
2015-06-26 12:21:13,858 Starting Training from 2015-01-17 to 2015-02-01
2015-06-26 12:22:34,565 Starting Live from 2015-02-02 to 2015-03-04
2015-06-26 12:54:19,342 Starting Training from 2015-02-17 to 2015-03-04
2015-06-26 12:56:24,549 Starting Live from 2015-03-05 to 2015-04-04
2015-06-26 13:24:42,062 Starting Training from 2015-03-20 to 2015-04-04
2015-06-26 13:26:21,302 Starting Live from 2015-04-05 to 2015-04-10
2015-06-26 13:34:41,137 Starting Q Learning for : 
2015-06-26 13:34:41,137 alpha = 0.2
2015-06-26 13:34:41,137 gamma = 0.8
2015-06-26 13:34:41,138 individual factor = 8
2015-06-26 13:34:41,138 zero range = 0.01
2015-06-26 13:34:41,138 greedy level = 5
2015-06-26 13:34:41,138 

2015-06-26 13:34:49,174 Starting Training from 2014-12-17 to 2015-01-01
2015-06-26 13:47:00,948 Starting Live from 2015-01-02 to 2015-02-01
2015-06-26 14:14:30,802 Starting Training from 2015-01-17 to 2015-02-01
2015-06-26 14:15:56,826 Starting Live from 2015-02-02 to 2015-03-04
2015-06-26 14:48:18,686 Starting Training from 2015-02-17 to 2015-03-04
2015-06-26 14:50:14,959 Starting Live from 2015-03-05 to 2015-04-04
2015-06-26 15:19:37,257 Starting Training from 2015-03-20 to 2015-04-04
2015-06-26 15:21:14,209 Starting Live from 2015-04-05 to 2015-04-10
2015-06-26 15:29:41,862 Starting Q Learning for : 
2015-06-26 15:29:41,864 alpha = 0.8
2015-06-26 15:29:41,864 gamma = 0.1
2015-06-26 15:29:41,864 individual factor = 8
2015-06-26 15:29:41,864 zero range = 0.01
2015-06-26 15:29:41,864 greedy level = 5
2015-06-26 15:29:41,864 

2015-06-26 15:29:49,961 Starting Training from 2014-12-17 to 2015-01-01
2015-06-26 15:42:16,661 Starting Live from 2015-01-02 to 2015-02-01
2015-06-26 16:10:08,869 Starting Training from 2015-01-17 to 2015-02-01
2015-06-26 16:11:37,240 Starting Live from 2015-02-02 to 2015-03-04
2015-06-26 16:43:47,551 Starting Training from 2015-02-17 to 2015-03-04
2015-06-26 16:45:47,130 Starting Live from 2015-03-05 to 2015-04-04
2015-06-26 17:13:17,651 Starting Training from 2015-03-20 to 2015-04-04
2015-06-26 17:14:49,381 Starting Live from 2015-04-05 to 2015-04-10
2015-06-26 17:22:55,898 Starting Q Learning for : 
2015-06-26 17:22:55,898 alpha = 0.8
2015-06-26 17:22:55,898 gamma = 0.2
2015-06-26 17:22:55,900 individual factor = 8
2015-06-26 17:22:55,900 zero range = 0.01
2015-06-26 17:22:55,900 greedy level = 5
2015-06-26 17:22:55,900 

2015-06-26 17:23:03,966 Starting Training from 2014-12-17 to 2015-01-01
2015-06-26 17:34:30,733 Starting Live from 2015-01-02 to 2015-02-01
2015-06-26 18:01:42,187 Starting Training from 2015-01-17 to 2015-02-01
2015-06-26 18:03:13,167 Starting Live from 2015-02-02 to 2015-03-04
2015-06-26 18:35:51,661 Starting Training from 2015-02-17 to 2015-03-04
2015-06-26 18:37:49,640 Starting Live from 2015-03-05 to 2015-04-04
2015-06-26 19:06:07,440 Starting Training from 2015-03-20 to 2015-04-04
2015-06-26 19:07:38,746 Starting Live from 2015-04-05 to 2015-04-10
2015-06-26 19:15:36,203 Starting Q Learning for : 
2015-06-26 19:15:36,204 alpha = 0.8
2015-06-26 19:15:36,204 gamma = 0.3
2015-06-26 19:15:36,204 individual factor = 8
2015-06-26 19:15:36,204 zero range = 0.01
2015-06-26 19:15:36,204 greedy level = 5
2015-06-26 19:15:36,204 

2015-06-26 19:15:41,664 Starting Training from 2014-12-17 to 2015-01-01
2015-06-26 19:27:23,157 Starting Live from 2015-01-02 to 2015-02-01
2015-06-26 19:54:09,273 Starting Training from 2015-01-17 to 2015-02-01
2015-06-26 19:55:30,940 Starting Live from 2015-02-02 to 2015-03-04
2015-06-26 20:28:03,717 Starting Training from 2015-02-17 to 2015-03-04
2015-06-26 20:30:05,190 Starting Live from 2015-03-05 to 2015-04-04
2015-06-26 20:59:46,426 Starting Training from 2015-03-20 to 2015-04-04
2015-06-26 21:01:25,908 Starting Live from 2015-04-05 to 2015-04-10
2015-06-26 21:10:17,905 Starting Q Learning for : 
2015-06-26 21:10:17,905 alpha = 0.6
2015-06-26 21:10:17,905 gamma = 0.2
2015-06-26 21:10:17,905 individual factor = 8
2015-06-26 21:10:17,907 zero range = 0.006
2015-06-26 21:10:17,907 greedy level = 5
2015-06-26 21:10:17,907 

2015-06-26 21:10:26,318 Starting Training from 2014-12-17 to 2015-01-01
2015-06-26 21:22:31,457 Starting Live from 2015-01-02 to 2015-02-01
2015-06-26 21:49:56,253 Starting Training from 2015-01-17 to 2015-02-01
2015-06-26 21:51:27,230 Starting Live from 2015-02-02 to 2015-03-04
2015-06-26 22:22:57,805 Starting Training from 2015-02-17 to 2015-03-04
2015-06-26 22:24:55,138 Starting Live from 2015-03-05 to 2015-04-04
2015-06-26 22:53:02,124 Starting Training from 2015-03-20 to 2015-04-04
2015-06-26 22:54:39,492 Starting Live from 2015-04-05 to 2015-04-10
2015-06-26 23:02:53,549 Starting Q Learning for : 
2015-06-26 23:02:53,549 alpha = 0.6
2015-06-26 23:02:53,549 gamma = 0.3
2015-06-26 23:02:53,549 individual factor = 8
2015-06-26 23:02:53,549 zero range = 0.006
2015-06-26 23:02:53,549 greedy level = 5
2015-06-26 23:02:53,549 

2015-06-26 23:03:00,361 Starting Training from 2014-12-17 to 2015-01-01
2015-06-26 23:15:00,951 Starting Live from 2015-01-02 to 2015-02-01
2015-06-26 23:42:51,594 Starting Training from 2015-01-17 to 2015-02-01
2015-06-26 23:44:19,079 Starting Live from 2015-02-02 to 2015-03-04
2015-06-27 00:17:06,592 Starting Training from 2015-02-17 to 2015-03-04
2015-06-27 00:19:03,401 Starting Live from 2015-03-05 to 2015-04-04
2015-06-27 00:47:33,720 Starting Training from 2015-03-20 to 2015-04-04
2015-06-27 00:49:06,380 Starting Live from 2015-04-05 to 2015-04-10
2015-06-27 00:57:11,630 Starting Q Learning for : 
2015-06-27 00:57:11,630 alpha = 0.6
2015-06-27 00:57:11,630 gamma = 0.4
2015-06-27 00:57:11,630 individual factor = 8
2015-06-27 00:57:11,630 zero range = 0.006
2015-06-27 00:57:11,630 greedy level = 5
2015-06-27 00:57:11,630 

2015-06-27 00:57:18,867 Starting Training from 2014-12-17 to 2015-01-01
2015-06-27 01:09:05,114 Starting Live from 2015-01-02 to 2015-02-01
2015-06-27 01:35:52,269 Starting Training from 2015-01-17 to 2015-02-01
2015-06-27 01:37:15,108 Starting Live from 2015-02-02 to 2015-03-04
2015-06-27 02:09:28,148 Starting Training from 2015-02-17 to 2015-03-04
2015-06-27 02:11:27,839 Starting Live from 2015-03-05 to 2015-04-04
2015-06-27 02:40:10,285 Starting Training from 2015-03-20 to 2015-04-04
2015-06-27 02:41:51,496 Starting Live from 2015-04-05 to 2015-04-10
2015-06-27 02:50:11,989 Starting Q Learning for : 
2015-06-27 02:50:11,989 alpha = 0.6
2015-06-27 02:50:11,989 gamma = 0.5
2015-06-27 02:50:11,989 individual factor = 8
2015-06-27 02:50:11,989 zero range = 0.006
2015-06-27 02:50:11,989 greedy level = 5
2015-06-27 02:50:11,989 

2015-06-27 02:50:17,503 Starting Training from 2014-12-17 to 2015-01-01
2015-06-27 03:02:27,430 Starting Live from 2015-01-02 to 2015-02-01
2015-06-27 03:29:32,081 Starting Training from 2015-01-17 to 2015-02-01
2015-06-27 03:30:56,542 Starting Live from 2015-02-02 to 2015-03-04
2015-06-27 04:03:27,805 Starting Training from 2015-02-17 to 2015-03-04
2015-06-27 04:05:32,892 Starting Live from 2015-03-05 to 2015-04-04
2015-06-27 04:33:52,124 Starting Training from 2015-03-20 to 2015-04-04
2015-06-27 04:35:26,627 Starting Live from 2015-04-05 to 2015-04-10
2015-06-27 04:43:48,802 Starting Q Learning for : 
2015-06-27 04:43:48,803 alpha = 0.6
2015-06-27 04:43:48,803 gamma = 0.6
2015-06-27 04:43:48,803 individual factor = 8
2015-06-27 04:43:48,803 zero range = 0.006
2015-06-27 04:43:48,803 greedy level = 5
2015-06-27 04:43:48,803 

2015-06-27 04:43:54,835 Starting Training from 2014-12-17 to 2015-01-01
2015-06-27 04:55:53,645 Starting Live from 2015-01-02 to 2015-02-01
2015-06-27 05:22:43,535 Starting Training from 2015-01-17 to 2015-02-01
2015-06-27 05:24:08,869 Starting Live from 2015-02-02 to 2015-03-04
2015-06-27 05:55:40,474 Starting Training from 2015-02-17 to 2015-03-04
2015-06-27 05:58:06,338 Starting Live from 2015-03-05 to 2015-04-04
2015-06-27 06:26:44,313 Starting Training from 2015-03-20 to 2015-04-04
2015-06-27 06:28:12,257 Starting Live from 2015-04-05 to 2015-04-10
2015-06-27 06:36:10,556 Starting Q Learning for : 
2015-06-27 06:36:10,556 alpha = 0.6
2015-06-27 06:36:10,556 gamma = 0.7
2015-06-27 06:36:10,558 individual factor = 8
2015-06-27 06:36:10,558 zero range = 0.006
2015-06-27 06:36:10,558 greedy level = 5
2015-06-27 06:36:10,558 

2015-06-27 06:36:16,184 Starting Training from 2014-12-17 to 2015-01-01
2015-06-27 06:48:02,940 Starting Live from 2015-01-02 to 2015-02-01
2015-06-27 07:14:16,131 Starting Training from 2015-01-17 to 2015-02-01
2015-06-27 07:15:40,608 Starting Live from 2015-02-02 to 2015-03-04
2015-06-27 07:47:02,793 Starting Training from 2015-02-17 to 2015-03-04
2015-06-27 07:48:59,898 Starting Live from 2015-03-05 to 2015-04-04
2015-06-27 08:18:39,233 Starting Training from 2015-03-20 to 2015-04-04
2015-06-27 08:20:10,723 Starting Live from 2015-04-05 to 2015-04-10
2015-06-27 08:28:15,792 Starting Q Learning for : 
2015-06-27 08:28:15,792 alpha = 0.6
2015-06-27 08:28:15,792 gamma = 0.8
2015-06-27 08:28:15,792 individual factor = 8
2015-06-27 08:28:15,792 zero range = 0.006
2015-06-27 08:28:15,792 greedy level = 5
2015-06-27 08:28:15,792 

2015-06-27 08:28:22,325 Starting Training from 2014-12-17 to 2015-01-01
2015-06-27 08:40:21,707 Starting Live from 2015-01-02 to 2015-02-01
2015-06-27 09:07:26,710 Starting Training from 2015-01-17 to 2015-02-01
2015-06-27 09:08:51,108 Starting Live from 2015-02-02 to 2015-03-04
2015-06-27 09:39:22,687 Starting Training from 2015-02-17 to 2015-03-04
2015-06-27 09:41:17,819 Starting Live from 2015-03-05 to 2015-04-04
2015-06-27 10:09:24,301 Starting Training from 2015-03-20 to 2015-04-04
2015-06-27 10:11:04,243 Starting Live from 2015-04-05 to 2015-04-10
2015-06-27 10:19:03,674 Starting Q Learning for : 
2015-06-27 10:19:03,674 alpha = 0.2
2015-06-27 10:19:03,674 gamma = 0.7
2015-06-27 10:19:03,674 individual factor = 8
2015-06-27 10:19:03,674 zero range = 0.006
2015-06-27 10:19:03,674 greedy level = 5
2015-06-27 10:19:03,674 

2015-06-27 10:19:10,174 Starting Training from 2014-12-17 to 2015-01-01
2015-06-27 10:30:50,510 Starting Live from 2015-01-02 to 2015-02-01
2015-06-27 10:58:07,931 Starting Training from 2015-01-17 to 2015-02-01
2015-06-27 10:59:27,947 Starting Live from 2015-02-02 to 2015-03-04
2015-06-27 11:30:28,727 Starting Training from 2015-02-17 to 2015-03-04
2015-06-27 11:32:26,476 Starting Live from 2015-03-05 to 2015-04-04
2015-06-27 12:01:00,506 Starting Training from 2015-03-20 to 2015-04-04
2015-06-27 12:02:53,607 Starting Live from 2015-04-05 to 2015-04-10
2015-06-27 12:11:22,194 Starting Q Learning for : 
2015-06-27 12:11:22,196 alpha = 0.2
2015-06-27 12:11:22,196 gamma = 0.8
2015-06-27 12:11:22,196 individual factor = 8
2015-06-27 12:11:22,196 zero range = 0.006
2015-06-27 12:11:22,196 greedy level = 5
2015-06-27 12:11:22,196 

2015-06-27 12:11:28,592 Starting Training from 2014-12-17 to 2015-01-01
2015-06-27 12:22:34,154 Starting Live from 2015-01-02 to 2015-02-01
2015-06-27 12:50:03,403 Starting Training from 2015-01-17 to 2015-02-01
2015-06-27 12:51:32,335 Starting Live from 2015-02-02 to 2015-03-04
2015-06-27 13:23:09,368 Starting Training from 2015-02-17 to 2015-03-04
2015-06-27 13:25:05,141 Starting Live from 2015-03-05 to 2015-04-04
2015-06-27 13:53:25,516 Starting Training from 2015-03-20 to 2015-04-04
2015-06-27 13:54:53,530 Starting Live from 2015-04-05 to 2015-04-10
2015-06-27 14:03:30,698 Starting Q Learning for : 
2015-06-27 14:03:30,698 alpha = 0.8
2015-06-27 14:03:30,698 gamma = 0.1
2015-06-27 14:03:30,698 individual factor = 8
2015-06-27 14:03:30,700 zero range = 0.006
2015-06-27 14:03:30,700 greedy level = 5
2015-06-27 14:03:30,700 

2015-06-27 14:03:37,963 Starting Training from 2014-12-17 to 2015-01-01
2015-06-27 14:14:31,155 Starting Live from 2015-01-02 to 2015-02-01
2015-06-27 14:39:00,664 Starting Training from 2015-01-17 to 2015-02-01
2015-06-27 14:40:16,796 Starting Live from 2015-02-02 to 2015-03-04
2015-06-27 15:10:49,878 Starting Training from 2015-02-17 to 2015-03-04
2015-06-27 15:12:49,621 Starting Live from 2015-03-05 to 2015-04-04
2015-06-27 15:42:15,467 Starting Training from 2015-03-20 to 2015-04-04
2015-06-27 15:43:54,482 Starting Live from 2015-04-05 to 2015-04-10
2015-06-27 15:52:51,454 Starting Q Learning for : 
2015-06-27 15:52:51,454 alpha = 0.8
2015-06-27 15:52:51,456 gamma = 0.2
2015-06-27 15:52:51,456 individual factor = 8
2015-06-27 15:52:51,456 zero range = 0.006
2015-06-27 15:52:51,456 greedy level = 5
2015-06-27 15:52:51,456 

2015-06-27 15:52:57,371 Starting Training from 2014-12-17 to 2015-01-01
2015-06-27 16:04:13,526 Starting Live from 2015-01-02 to 2015-02-01
2015-06-27 16:31:14,608 Starting Training from 2015-01-17 to 2015-02-01
2015-06-27 16:32:38,500 Starting Live from 2015-02-02 to 2015-03-04
2015-06-27 17:04:25,086 Starting Training from 2015-02-17 to 2015-03-04
2015-06-27 17:06:21,789 Starting Live from 2015-03-05 to 2015-04-04
2015-06-27 17:33:32,994 Starting Training from 2015-03-20 to 2015-04-04
2015-06-27 17:35:02,209 Starting Live from 2015-04-05 to 2015-04-10
2015-06-27 17:42:47,855 Starting Q Learning for : 
2015-06-27 17:42:47,855 alpha = 0.8
2015-06-27 17:42:47,855 gamma = 0.3
2015-06-27 17:42:47,855 individual factor = 8
2015-06-27 17:42:47,855 zero range = 0.006
2015-06-27 17:42:47,855 greedy level = 5
2015-06-27 17:42:47,855 

2015-06-27 17:42:55,591 Starting Training from 2014-12-17 to 2015-01-01
2015-06-27 17:54:24,704 Starting Live from 2015-01-02 to 2015-02-01
2015-06-27 18:20:48,058 Starting Training from 2015-01-17 to 2015-02-01
2015-06-27 18:22:11,028 Starting Live from 2015-02-02 to 2015-03-04
2015-06-27 18:54:29,194 Starting Training from 2015-02-17 to 2015-03-04
2015-06-27 18:56:37,414 Starting Live from 2015-03-05 to 2015-04-04
2015-06-27 19:24:50,188 Starting Training from 2015-03-20 to 2015-04-04
2015-06-27 19:26:22,369 Starting Live from 2015-04-05 to 2015-04-10
2015-06-27 19:34:35,394 Starting Q Learning for : 
2015-06-27 19:34:35,394 alpha = 0.8
2015-06-27 19:34:35,394 gamma = 0.4
2015-06-27 19:34:35,394 individual factor = 8
2015-06-27 19:34:35,394 zero range = 0.006
2015-06-27 19:34:35,395 greedy level = 5
2015-06-27 19:34:35,395 

2015-06-27 19:34:41,448 Starting Training from 2014-12-17 to 2015-01-01
2015-06-27 19:46:31,433 Starting Live from 2015-01-02 to 2015-02-01
2015-06-27 20:12:50,540 Starting Training from 2015-01-17 to 2015-02-01
2015-06-27 20:14:13,239 Starting Live from 2015-02-02 to 2015-03-04
2015-06-27 20:45:23,026 Starting Training from 2015-02-17 to 2015-03-04
2015-06-27 20:47:47,424 Starting Live from 2015-03-05 to 2015-04-04
2015-06-27 21:15:50,959 Starting Training from 2015-03-20 to 2015-04-04
2015-06-27 21:17:20,927 Starting Live from 2015-04-05 to 2015-04-10
2015-06-27 21:25:23,532 Starting Q Learning for : 
2015-06-27 21:25:23,532 alpha = 0.8
2015-06-27 21:25:23,532 gamma = 0.5
2015-06-27 21:25:23,532 individual factor = 8
2015-06-27 21:25:23,532 zero range = 0.006
2015-06-27 21:25:23,532 greedy level = 5
2015-06-27 21:25:23,532 

2015-06-27 21:25:28,877 Starting Training from 2014-12-17 to 2015-01-01
2015-06-27 21:37:24,684 Starting Live from 2015-01-02 to 2015-02-01
2015-06-27 22:03:43,280 Starting Training from 2015-01-17 to 2015-02-01
2015-06-27 22:05:04,036 Starting Live from 2015-02-02 to 2015-03-04
2015-06-27 22:34:54,115 Starting Training from 2015-02-17 to 2015-03-04
2015-06-27 22:37:03,359 Starting Live from 2015-03-05 to 2015-04-04
2015-06-27 23:04:49,698 Starting Training from 2015-03-20 to 2015-04-04
2015-06-27 23:06:19,355 Starting Live from 2015-04-05 to 2015-04-10
