2015-06-25 18:52:49,986 Starting Q Learning for : 
2015-06-25 18:52:49,986 alpha = 0.5
2015-06-25 18:52:49,986 gamma = 0.1
2015-06-25 18:52:49,986 individual factor = 8
2015-06-25 18:52:49,986 zero range = 0.01
2015-06-25 18:52:49,986 greedy level = 5
2015-06-25 18:52:49,986 

2015-06-25 18:53:02,763 Starting Training from 2014-12-17 to 2015-01-01
2015-06-25 19:02:35,701 Starting Live from 2015-01-02 to 2015-02-01
2015-06-25 19:28:31,457 Starting Training from 2015-01-17 to 2015-02-01
2015-06-25 19:29:53,066 Starting Live from 2015-02-02 to 2015-03-04
2015-06-25 20:00:38,598 Starting Training from 2015-02-17 to 2015-03-04
2015-06-25 20:02:31,727 Starting Live from 2015-03-05 to 2015-04-04
2015-06-25 20:29:31,790 Starting Training from 2015-03-20 to 2015-04-04
2015-06-25 20:31:26,776 Starting Live from 2015-04-05 to 2015-04-10
2015-06-25 20:39:26,533 Starting Q Learning for : 
2015-06-25 20:39:26,533 alpha = 0.5
2015-06-25 20:39:26,533 gamma = 0.2
2015-06-25 20:39:26,533 individual factor = 8
2015-06-25 20:39:26,533 zero range = 0.01
2015-06-25 20:39:26,533 greedy level = 5
2015-06-25 20:39:26,533 

2015-06-25 20:39:32,094 Starting Training from 2014-12-17 to 2015-01-01
2015-06-25 20:49:58,971 Starting Live from 2015-01-02 to 2015-02-01
2015-06-25 21:16:31,319 Starting Training from 2015-01-17 to 2015-02-01
2015-06-25 21:17:59,338 Starting Live from 2015-02-02 to 2015-03-04
2015-06-25 21:48:13,128 Starting Training from 2015-02-17 to 2015-03-04
2015-06-25 21:50:05,500 Starting Live from 2015-03-05 to 2015-04-04
2015-06-25 22:17:32,042 Starting Training from 2015-03-20 to 2015-04-04
2015-06-25 22:19:10,148 Starting Live from 2015-04-05 to 2015-04-10
2015-06-25 22:28:01,693 Starting Q Learning for : 
2015-06-25 22:28:01,693 alpha = 0.5
2015-06-25 22:28:01,693 gamma = 0.3
2015-06-25 22:28:01,693 individual factor = 8
2015-06-25 22:28:01,693 zero range = 0.01
2015-06-25 22:28:01,693 greedy level = 5
2015-06-25 22:28:01,694 

2015-06-25 22:28:08,230 Starting Training from 2014-12-17 to 2015-01-01
2015-06-25 22:39:45,063 Starting Live from 2015-01-02 to 2015-02-01
2015-06-25 23:07:50,734 Starting Training from 2015-01-17 to 2015-02-01
2015-06-25 23:09:24,289 Starting Live from 2015-02-02 to 2015-03-04
2015-06-25 23:41:16,566 Starting Training from 2015-02-17 to 2015-03-04
2015-06-25 23:43:15,848 Starting Live from 2015-03-05 to 2015-04-04
2015-06-26 00:12:47,815 Starting Training from 2015-03-20 to 2015-04-04
2015-06-26 00:14:42,441 Starting Live from 2015-04-05 to 2015-04-10
2015-06-26 00:23:21,127 Starting Q Learning for : 
2015-06-26 00:23:21,128 alpha = 0.5
2015-06-26 00:23:21,128 gamma = 0.4
2015-06-26 00:23:21,128 individual factor = 8
2015-06-26 00:23:21,128 zero range = 0.01
2015-06-26 00:23:21,128 greedy level = 5
2015-06-26 00:23:21,128 

2015-06-26 00:23:27,214 Starting Training from 2014-12-17 to 2015-01-01
2015-06-26 00:34:21,483 Starting Live from 2015-01-02 to 2015-02-01
2015-06-26 00:59:37,915 Starting Training from 2015-01-17 to 2015-02-01
2015-06-26 01:01:11,131 Starting Live from 2015-02-02 to 2015-03-04
2015-06-26 01:32:59,483 Starting Training from 2015-02-17 to 2015-03-04
2015-06-26 01:34:58,302 Starting Live from 2015-03-05 to 2015-04-04
2015-06-26 02:04:03,760 Starting Training from 2015-03-20 to 2015-04-04
2015-06-26 02:06:03,296 Starting Live from 2015-04-05 to 2015-04-10
2015-06-26 02:14:48,434 Starting Q Learning for : 
2015-06-26 02:14:48,434 alpha = 0.5
2015-06-26 02:14:48,434 gamma = 0.5
2015-06-26 02:14:48,434 individual factor = 8
2015-06-26 02:14:48,434 zero range = 0.01
2015-06-26 02:14:48,434 greedy level = 5
2015-06-26 02:14:48,434 

2015-06-26 02:14:54,545 Starting Training from 2014-12-17 to 2015-01-01
2015-06-26 02:27:05,226 Starting Live from 2015-01-02 to 2015-02-01
2015-06-26 02:55:11,582 Starting Training from 2015-01-17 to 2015-02-01
2015-06-26 02:56:39,088 Starting Live from 2015-02-02 to 2015-03-04
2015-06-26 03:29:18,178 Starting Training from 2015-02-17 to 2015-03-04
2015-06-26 03:31:24,878 Starting Live from 2015-03-05 to 2015-04-04
2015-06-26 04:01:18,063 Starting Training from 2015-03-20 to 2015-04-04
2015-06-26 04:02:50,974 Starting Live from 2015-04-05 to 2015-04-10
2015-06-26 04:11:11,098 Starting Q Learning for : 
2015-06-26 04:11:11,098 alpha = 0.5
2015-06-26 04:11:11,098 gamma = 0.6
2015-06-26 04:11:11,098 individual factor = 8
2015-06-26 04:11:11,098 zero range = 0.01
2015-06-26 04:11:11,098 greedy level = 5
2015-06-26 04:11:11,098 

2015-06-26 04:11:19,184 Starting Training from 2014-12-17 to 2015-01-01
2015-06-26 04:23:54,095 Starting Live from 2015-01-02 to 2015-02-01
2015-06-26 04:51:42,703 Starting Training from 2015-01-17 to 2015-02-01
2015-06-26 04:53:05,500 Starting Live from 2015-02-02 to 2015-03-04
2015-06-26 05:25:43,387 Starting Training from 2015-02-17 to 2015-03-04
2015-06-26 05:28:08,213 Starting Live from 2015-03-05 to 2015-04-04
2015-06-26 05:57:01,387 Starting Training from 2015-03-20 to 2015-04-04
2015-06-26 05:58:39,901 Starting Live from 2015-04-05 to 2015-04-10
2015-06-26 06:07:07,467 Starting Q Learning for : 
2015-06-26 06:07:07,467 alpha = 0.5
2015-06-26 06:07:07,467 gamma = 0.7
2015-06-26 06:07:07,467 individual factor = 8
2015-06-26 06:07:07,467 zero range = 0.01
2015-06-26 06:07:07,467 greedy level = 5
2015-06-26 06:07:07,467 

2015-06-26 06:07:14,229 Starting Training from 2014-12-17 to 2015-01-01
2015-06-26 06:19:36,658 Starting Live from 2015-01-02 to 2015-02-01
2015-06-26 06:47:38,976 Starting Training from 2015-01-17 to 2015-02-01
2015-06-26 06:49:06,644 Starting Live from 2015-02-02 to 2015-03-04
2015-06-26 07:21:23,884 Starting Training from 2015-02-17 to 2015-03-04
2015-06-26 07:23:24,404 Starting Live from 2015-03-05 to 2015-04-04
2015-06-26 07:51:39,354 Starting Training from 2015-03-20 to 2015-04-04
2015-06-26 07:53:08,892 Starting Live from 2015-04-05 to 2015-04-10
2015-06-26 08:01:21,778 Starting Q Learning for : 
2015-06-26 08:01:21,778 alpha = 0.8
2015-06-26 08:01:21,778 gamma = 0.4
2015-06-26 08:01:21,778 individual factor = 8
2015-06-26 08:01:21,778 zero range = 0.01
2015-06-26 08:01:21,778 greedy level = 5
2015-06-26 08:01:21,789 

2015-06-26 08:01:29,799 Starting Training from 2014-12-17 to 2015-01-01
2015-06-26 08:13:34,595 Starting Live from 2015-01-02 to 2015-02-01
2015-06-26 08:41:21,155 Starting Training from 2015-01-17 to 2015-02-01
2015-06-26 08:42:44,819 Starting Live from 2015-02-02 to 2015-03-04
2015-06-26 09:14:59,957 Starting Training from 2015-02-17 to 2015-03-04
2015-06-26 09:16:57,095 Starting Live from 2015-03-05 to 2015-04-04
2015-06-26 09:45:06,035 Starting Training from 2015-03-20 to 2015-04-04
2015-06-26 09:46:39,969 Starting Live from 2015-04-05 to 2015-04-10
2015-06-26 09:55:04,808 Starting Q Learning for : 
2015-06-26 09:55:04,808 alpha = 0.8
2015-06-26 09:55:04,808 gamma = 0.5
2015-06-26 09:55:04,808 individual factor = 8
2015-06-26 09:55:04,809 zero range = 0.01
2015-06-26 09:55:04,809 greedy level = 5
2015-06-26 09:55:04,809 

2015-06-26 09:55:17,305 Starting Training from 2014-12-17 to 2015-01-01
2015-06-26 10:07:25,967 Starting Live from 2015-01-02 to 2015-02-01
2015-06-26 10:34:30,315 Starting Training from 2015-01-17 to 2015-02-01
2015-06-26 10:35:53,963 Starting Live from 2015-02-02 to 2015-03-04
2015-06-26 11:07:31,513 Starting Training from 2015-02-17 to 2015-03-04
2015-06-26 11:09:24,721 Starting Live from 2015-03-05 to 2015-04-04
2015-06-26 11:37:01,378 Starting Training from 2015-03-20 to 2015-04-04
2015-06-26 11:38:31,078 Starting Live from 2015-04-05 to 2015-04-10
2015-06-26 11:47:05,273 Starting Q Learning for : 
2015-06-26 11:47:05,273 alpha = 0.8
2015-06-26 11:47:05,273 gamma = 0.6
2015-06-26 11:47:05,273 individual factor = 8
2015-06-26 11:47:05,273 zero range = 0.01
2015-06-26 11:47:05,273 greedy level = 5
2015-06-26 11:47:05,273 

2015-06-26 11:47:11,872 Starting Training from 2014-12-17 to 2015-01-01
2015-06-26 11:58:50,161 Starting Live from 2015-01-02 to 2015-02-01
2015-06-26 12:25:58,687 Starting Training from 2015-01-17 to 2015-02-01
2015-06-26 12:27:20,634 Starting Live from 2015-02-02 to 2015-03-04
2015-06-26 12:59:14,811 Starting Training from 2015-02-17 to 2015-03-04
2015-06-26 13:01:14,095 Starting Live from 2015-03-05 to 2015-04-04
2015-06-26 13:29:08,980 Starting Training from 2015-03-20 to 2015-04-04
2015-06-26 13:30:45,730 Starting Live from 2015-04-05 to 2015-04-10
2015-06-26 13:39:34,260 Starting Q Learning for : 
2015-06-26 13:39:34,260 alpha = 0.8
2015-06-26 13:39:34,260 gamma = 0.7
2015-06-26 13:39:34,260 individual factor = 8
2015-06-26 13:39:34,260 zero range = 0.01
2015-06-26 13:39:34,262 greedy level = 5
2015-06-26 13:39:34,262 

2015-06-26 13:39:42,243 Starting Training from 2014-12-17 to 2015-01-01
2015-06-26 13:51:18,874 Starting Live from 2015-01-02 to 2015-02-01
2015-06-26 14:18:38,180 Starting Training from 2015-01-17 to 2015-02-01
2015-06-26 14:20:01,279 Starting Live from 2015-02-02 to 2015-03-04
2015-06-26 14:52:40,476 Starting Training from 2015-02-17 to 2015-03-04
2015-06-26 14:54:51,288 Starting Live from 2015-03-05 to 2015-04-04
2015-06-26 15:24:15,101 Starting Training from 2015-03-20 to 2015-04-04
2015-06-26 15:25:55,351 Starting Live from 2015-04-05 to 2015-04-10
2015-06-26 15:34:51,726 Starting Q Learning for : 
2015-06-26 15:34:51,726 alpha = 0.8
2015-06-26 15:34:51,726 gamma = 0.8
2015-06-26 15:34:51,726 individual factor = 8
2015-06-26 15:34:51,726 zero range = 0.01
2015-06-26 15:34:51,726 greedy level = 5
2015-06-26 15:34:51,726 

2015-06-26 15:34:58,263 Starting Training from 2014-12-17 to 2015-01-01
2015-06-26 15:47:00,563 Starting Live from 2015-01-02 to 2015-02-01
2015-06-26 16:15:31,017 Starting Training from 2015-01-17 to 2015-02-01
2015-06-26 16:17:34,473 Starting Live from 2015-02-02 to 2015-03-04
2015-06-26 16:49:11,457 Starting Training from 2015-02-17 to 2015-03-04
2015-06-26 16:51:05,881 Starting Live from 2015-03-05 to 2015-04-04
2015-06-26 17:18:37,049 Starting Training from 2015-03-20 to 2015-04-04
2015-06-26 17:20:05,760 Starting Live from 2015-04-05 to 2015-04-10
2015-06-26 17:28:41,996 Starting Q Learning for : 
2015-06-26 17:28:41,996 alpha = 0.5
2015-06-26 17:28:41,996 gamma = 0.1
2015-06-26 17:28:41,996 individual factor = 8
2015-06-26 17:28:41,996 zero range = 0.006
2015-06-26 17:28:41,996 greedy level = 5
2015-06-26 17:28:41,996 

2015-06-26 17:28:44,898 Starting Training from 2014-12-17 to 2015-01-01
2015-06-26 17:39:52,959 Starting Live from 2015-01-02 to 2015-02-01
2015-06-26 18:07:30,640 Starting Training from 2015-01-17 to 2015-02-01
2015-06-26 18:09:25,177 Starting Live from 2015-02-02 to 2015-03-04
2015-06-26 18:41:45,707 Starting Training from 2015-02-17 to 2015-03-04
2015-06-26 18:43:44,736 Starting Live from 2015-03-05 to 2015-04-04
2015-06-26 19:12:01,292 Starting Training from 2015-03-20 to 2015-04-04
2015-06-26 19:13:30,660 Starting Live from 2015-04-05 to 2015-04-10
2015-06-26 19:22:13,033 Starting Q Learning for : 
2015-06-26 19:22:13,035 alpha = 0.5
2015-06-26 19:22:13,035 gamma = 0.2
2015-06-26 19:22:13,035 individual factor = 8
2015-06-26 19:22:13,035 zero range = 0.006
2015-06-26 19:22:13,035 greedy level = 5
2015-06-26 19:22:13,035 

2015-06-26 19:22:15,394 Starting Training from 2014-12-17 to 2015-01-01
2015-06-26 19:33:16,780 Starting Live from 2015-01-02 to 2015-02-01
2015-06-26 20:00:22,132 Starting Training from 2015-01-17 to 2015-02-01
2015-06-26 20:02:04,127 Starting Live from 2015-02-02 to 2015-03-04
2015-06-26 20:34:51,403 Starting Training from 2015-02-17 to 2015-03-04
2015-06-26 20:36:56,221 Starting Live from 2015-03-05 to 2015-04-04
2015-06-26 21:06:35,177 Starting Training from 2015-03-20 to 2015-04-04
2015-06-26 21:08:11,954 Starting Live from 2015-04-05 to 2015-04-10
2015-06-26 21:17:22,464 Starting Q Learning for : 
2015-06-26 21:17:22,464 alpha = 0.4
2015-06-26 21:17:22,464 gamma = 0.1
2015-06-26 21:17:22,464 individual factor = 8
2015-06-26 21:17:22,464 zero range = 0.006
2015-06-26 21:17:22,466 greedy level = 5
2015-06-26 21:17:22,466 

2015-06-26 21:17:28,384 Starting Training from 2014-12-17 to 2015-01-01
2015-06-26 21:29:00,448 Starting Live from 2015-01-02 to 2015-02-01
2015-06-26 21:56:52,951 Starting Training from 2015-01-17 to 2015-02-01
2015-06-26 21:58:37,233 Starting Live from 2015-02-02 to 2015-03-04
2015-06-26 22:30:01,154 Starting Training from 2015-02-17 to 2015-03-04
2015-06-26 22:32:02,345 Starting Live from 2015-03-05 to 2015-04-04
2015-06-26 23:00:21,674 Starting Training from 2015-03-20 to 2015-04-04
2015-06-26 23:01:56,697 Starting Live from 2015-04-05 to 2015-04-10
2015-06-26 23:10:57,622 Starting Q Learning for : 
2015-06-26 23:10:57,622 alpha = 0.4
2015-06-26 23:10:57,622 gamma = 0.2
2015-06-26 23:10:57,624 individual factor = 8
2015-06-26 23:10:57,624 zero range = 0.006
2015-06-26 23:10:57,624 greedy level = 5
2015-06-26 23:10:57,624 

2015-06-26 23:11:04,059 Starting Training from 2014-12-17 to 2015-01-01
2015-06-26 23:22:29,479 Starting Live from 2015-01-02 to 2015-02-01
2015-06-26 23:50:25,944 Starting Training from 2015-01-17 to 2015-02-01
2015-06-26 23:52:19,542 Starting Live from 2015-02-02 to 2015-03-04
2015-06-27 00:24:25,476 Starting Training from 2015-02-17 to 2015-03-04
2015-06-27 00:26:21,542 Starting Live from 2015-03-05 to 2015-04-04
2015-06-27 00:54:42,644 Starting Training from 2015-03-20 to 2015-04-04
2015-06-27 00:56:16,308 Starting Live from 2015-04-05 to 2015-04-10
2015-06-27 01:04:57,864 Starting Q Learning for : 
2015-06-27 01:04:57,864 alpha = 0.4
2015-06-27 01:04:57,864 gamma = 0.3
2015-06-27 01:04:57,864 individual factor = 8
2015-06-27 01:04:57,864 zero range = 0.006
2015-06-27 01:04:57,864 greedy level = 5
2015-06-27 01:04:57,864 

2015-06-27 01:05:04,331 Starting Training from 2014-12-17 to 2015-01-01
2015-06-27 01:16:13,351 Starting Live from 2015-01-02 to 2015-02-01
2015-06-27 01:43:34,244 Starting Training from 2015-01-17 to 2015-02-01
2015-06-27 01:45:27,849 Starting Live from 2015-02-02 to 2015-03-04
2015-06-27 02:17:23,528 Starting Training from 2015-02-17 to 2015-03-04
2015-06-27 02:19:24,792 Starting Live from 2015-03-05 to 2015-04-04
2015-06-27 02:48:14,164 Starting Training from 2015-03-20 to 2015-04-04
2015-06-27 02:49:52,545 Starting Live from 2015-04-05 to 2015-04-10
2015-06-27 02:58:52,423 Starting Q Learning for : 
2015-06-27 02:58:52,423 alpha = 0.4
2015-06-27 02:58:52,423 gamma = 0.4
2015-06-27 02:58:52,424 individual factor = 8
2015-06-27 02:58:52,424 zero range = 0.006
2015-06-27 02:58:52,424 greedy level = 5
2015-06-27 02:58:52,424 

2015-06-27 02:58:57,914 Starting Training from 2014-12-17 to 2015-01-01
2015-06-27 03:10:17,576 Starting Live from 2015-01-02 to 2015-02-01
2015-06-27 03:37:41,713 Starting Training from 2015-01-17 to 2015-02-01
2015-06-27 03:39:30,565 Starting Live from 2015-02-02 to 2015-03-04
2015-06-27 04:11:32,276 Starting Training from 2015-02-17 to 2015-03-04
2015-06-27 04:13:30,151 Starting Live from 2015-03-05 to 2015-04-04
2015-06-27 04:41:39,401 Starting Training from 2015-03-20 to 2015-04-04
2015-06-27 04:43:15,108 Starting Live from 2015-04-05 to 2015-04-10
2015-06-27 04:52:01,035 Starting Q Learning for : 
2015-06-27 04:52:01,035 alpha = 0.4
2015-06-27 04:52:01,036 gamma = 0.5
2015-06-27 04:52:01,036 individual factor = 8
2015-06-27 04:52:01,036 zero range = 0.006
2015-06-27 04:52:01,036 greedy level = 5
2015-06-27 04:52:01,036 

2015-06-27 04:52:08,312 Starting Training from 2014-12-17 to 2015-01-01
2015-06-27 05:03:24,645 Starting Live from 2015-01-02 to 2015-02-01
2015-06-27 05:30:17,298 Starting Training from 2015-01-17 to 2015-02-01
2015-06-27 05:31:42,138 Starting Live from 2015-02-02 to 2015-03-04
2015-06-27 06:04:22,102 Starting Training from 2015-02-17 to 2015-03-04
2015-06-27 06:06:24,259 Starting Live from 2015-03-05 to 2015-04-04
2015-06-27 06:34:31,038 Starting Training from 2015-03-20 to 2015-04-04
2015-06-27 06:36:00,980 Starting Live from 2015-04-05 to 2015-04-10
2015-06-27 06:44:39,750 Starting Q Learning for : 
2015-06-27 06:44:39,750 alpha = 0.4
2015-06-27 06:44:39,750 gamma = 0.6
2015-06-27 06:44:39,750 individual factor = 8
2015-06-27 06:44:39,752 zero range = 0.006
2015-06-27 06:44:39,752 greedy level = 5
2015-06-27 06:44:39,752 

2015-06-27 06:44:45,246 Starting Training from 2014-12-17 to 2015-01-01
2015-06-27 06:55:43,186 Starting Live from 2015-01-02 to 2015-02-01
2015-06-27 07:22:18,022 Starting Training from 2015-01-17 to 2015-02-01
2015-06-27 07:23:41,105 Starting Live from 2015-02-02 to 2015-03-04
2015-06-27 07:56:05,069 Starting Training from 2015-02-17 to 2015-03-04
2015-06-27 07:58:03,066 Starting Live from 2015-03-05 to 2015-04-04
2015-06-27 08:27:03,775 Starting Training from 2015-03-20 to 2015-04-04
2015-06-27 08:28:40,161 Starting Live from 2015-04-05 to 2015-04-10
2015-06-27 08:37:13,303 Starting Q Learning for : 
2015-06-27 08:37:13,303 alpha = 0.4
2015-06-27 08:37:13,305 gamma = 0.7
2015-06-27 08:37:13,305 individual factor = 8
2015-06-27 08:37:13,305 zero range = 0.006
2015-06-27 08:37:13,305 greedy level = 5
2015-06-27 08:37:13,305 

2015-06-27 08:37:21,622 Starting Training from 2014-12-17 to 2015-01-01
2015-06-27 08:49:09,503 Starting Live from 2015-01-02 to 2015-02-01
2015-06-27 09:16:06,128 Starting Training from 2015-01-17 to 2015-02-01
2015-06-27 09:17:27,744 Starting Live from 2015-02-02 to 2015-03-04
2015-06-27 09:48:56,115 Starting Training from 2015-02-17 to 2015-03-04
2015-06-27 09:50:48,628 Starting Live from 2015-03-05 to 2015-04-04
2015-06-27 10:18:48,131 Starting Training from 2015-03-20 to 2015-04-04
2015-06-27 10:20:23,142 Starting Live from 2015-04-05 to 2015-04-10
2015-06-27 10:28:37,033 Starting Q Learning for : 
2015-06-27 10:28:37,033 alpha = 0.8
2015-06-27 10:28:37,033 gamma = 0.6
2015-06-27 10:28:37,033 individual factor = 8
2015-06-27 10:28:37,033 zero range = 0.006
2015-06-27 10:28:37,033 greedy level = 5
2015-06-27 10:28:37,033 

2015-06-27 10:28:43,174 Starting Training from 2014-12-17 to 2015-01-01
2015-06-27 10:40:42,957 Starting Live from 2015-01-02 to 2015-02-01
2015-06-27 11:07:25,645 Starting Training from 2015-01-17 to 2015-02-01
2015-06-27 11:08:46,911 Starting Live from 2015-02-02 to 2015-03-04
2015-06-27 11:40:46,926 Starting Training from 2015-02-17 to 2015-03-04
2015-06-27 11:42:48,467 Starting Live from 2015-03-05 to 2015-04-04
2015-06-27 12:11:06,085 Starting Training from 2015-03-20 to 2015-04-04
2015-06-27 12:12:38,428 Starting Live from 2015-04-05 to 2015-04-10
2015-06-27 12:20:42,663 Starting Q Learning for : 
2015-06-27 12:20:42,663 alpha = 0.8
2015-06-27 12:20:42,663 gamma = 0.7
2015-06-27 12:20:42,663 individual factor = 8
2015-06-27 12:20:42,663 zero range = 0.006
2015-06-27 12:20:42,663 greedy level = 5
2015-06-27 12:20:42,663 

2015-06-27 12:20:48,082 Starting Training from 2014-12-17 to 2015-01-01
2015-06-27 12:32:50,441 Starting Live from 2015-01-02 to 2015-02-01
2015-06-27 13:00:03,598 Starting Training from 2015-01-17 to 2015-02-01
2015-06-27 13:01:29,359 Starting Live from 2015-02-02 to 2015-03-04
2015-06-27 13:33:15,523 Starting Training from 2015-02-17 to 2015-03-04
2015-06-27 13:35:43,716 Starting Live from 2015-03-05 to 2015-04-04
2015-06-27 14:03:57,494 Starting Training from 2015-03-20 to 2015-04-04
2015-06-27 14:05:29,756 Starting Live from 2015-04-05 to 2015-04-10
2015-06-27 14:13:28,622 Starting Q Learning for : 
2015-06-27 14:13:28,622 alpha = 0.8
2015-06-27 14:13:28,622 gamma = 0.8
2015-06-27 14:13:28,622 individual factor = 8
2015-06-27 14:13:28,622 zero range = 0.006
2015-06-27 14:13:28,622 greedy level = 5
2015-06-27 14:13:28,622 

2015-06-27 14:13:36,657 Starting Training from 2014-12-17 to 2015-01-01
2015-06-27 14:24:51,839 Starting Live from 2015-01-02 to 2015-02-01
2015-06-27 14:49:03,121 Starting Training from 2015-01-17 to 2015-02-01
2015-06-27 14:50:22,005 Starting Live from 2015-02-02 to 2015-03-04
2015-06-27 15:22:13,276 Starting Training from 2015-02-17 to 2015-03-04
2015-06-27 15:24:16,427 Starting Live from 2015-03-05 to 2015-04-04
2015-06-27 15:54:23,147 Starting Training from 2015-03-20 to 2015-04-04
2015-06-27 15:55:57,290 Starting Live from 2015-04-05 to 2015-04-10
