2015-06-22 16:16:18,394 Starting Q Learning for : 
2015-06-22 16:16:18,395 alpha = 0.5
2015-06-22 16:16:18,395 gamma = 0.1
2015-06-22 16:16:18,395 individual factor = 8
2015-06-22 16:16:18,395 zero range = 0.01
2015-06-22 16:16:18,395 greedy level = 5
2015-06-22 16:16:18,395 

2015-06-22 16:16:22,079 Starting Training from 2014-12-17 to 2015-01-01
2015-06-22 16:22:11,480 Starting Live from 2015-01-02 to 2015-01-17
2015-06-22 16:28:58,519 Starting Training from 2015-01-02 to 2015-01-17
2015-06-22 16:29:55,188 Starting Live from 2015-01-18 to 2015-02-02
2015-06-22 16:36:27,996 Starting Training from 2015-01-18 to 2015-02-02
2015-06-22 16:37:17,006 Starting Live from 2015-02-03 to 2015-02-18
2015-06-22 16:43:27,220 Starting Training from 2015-02-03 to 2015-02-18
2015-06-22 16:44:13,595 Starting Live from 2015-02-19 to 2015-03-06
2015-06-22 16:51:07,507 Starting Training from 2015-02-19 to 2015-03-06
2015-06-22 16:52:22,492 Starting Live from 2015-03-07 to 2015-03-22
2015-06-22 17:03:00,680 Starting Training from 2015-03-07 to 2015-03-22
2015-06-22 17:03:55,552 Starting Live from 2015-03-23 to 2015-04-07
2015-06-22 17:11:41,036 Starting Training from 2015-03-23 to 2015-04-07
2015-06-22 17:12:44,539 Starting Live from 2015-04-08 to 2015-04-10
2015-06-22 17:15:11,611 Starting Q Learning for : 
2015-06-22 17:15:11,611 alpha = 0.5
2015-06-22 17:15:11,611 gamma = 0.2
2015-06-22 17:15:11,611 individual factor = 8
2015-06-22 17:15:11,611 zero range = 0.01
2015-06-22 17:15:11,611 greedy level = 5
2015-06-22 17:15:11,611 

2015-06-22 17:15:19,177 Starting Training from 2014-12-17 to 2015-01-01
2015-06-22 17:21:01,230 Starting Live from 2015-01-02 to 2015-01-17
2015-06-22 17:27:37,153 Starting Training from 2015-01-02 to 2015-01-17
2015-06-22 17:28:23,967 Starting Live from 2015-01-18 to 2015-02-02
2015-06-22 17:34:20,276 Starting Training from 2015-01-18 to 2015-02-02
2015-06-22 17:35:26,809 Starting Live from 2015-02-03 to 2015-02-18
2015-06-22 17:41:31,963 Starting Training from 2015-02-03 to 2015-02-18
2015-06-22 17:42:22,763 Starting Live from 2015-02-19 to 2015-03-06
2015-06-22 17:48:40,579 Starting Training from 2015-02-19 to 2015-03-06
2015-06-22 17:49:18,871 Starting Live from 2015-03-07 to 2015-03-22
2015-06-22 17:59:43,589 Starting Training from 2015-03-07 to 2015-03-22
2015-06-22 18:00:49,319 Starting Live from 2015-03-23 to 2015-04-07
2015-06-22 18:06:09,559 Starting Training from 2015-03-23 to 2015-04-07
2015-06-22 18:06:50,141 Starting Live from 2015-04-08 to 2015-04-10
2015-06-22 18:08:31,493 Starting Q Learning for : 
2015-06-22 18:08:31,493 alpha = 0.5
2015-06-22 18:08:31,493 gamma = 0.3
2015-06-22 18:08:31,493 individual factor = 8
2015-06-22 18:08:31,493 zero range = 0.01
2015-06-22 18:08:31,493 greedy level = 5
2015-06-22 18:08:31,493 

2015-06-22 18:08:37,950 Starting Training from 2014-12-17 to 2015-01-01
2015-06-22 18:14:04,191 Starting Live from 2015-01-02 to 2015-01-17
2015-06-22 18:21:42,805 Starting Training from 2015-01-02 to 2015-01-17
2015-06-22 18:22:28,167 Starting Live from 2015-01-18 to 2015-02-02
2015-06-22 18:28:40,233 Starting Training from 2015-01-18 to 2015-02-02
2015-06-22 18:29:29,305 Starting Live from 2015-02-03 to 2015-02-18
2015-06-22 18:35:32,186 Starting Training from 2015-02-03 to 2015-02-18
2015-06-22 18:36:15,864 Starting Live from 2015-02-19 to 2015-03-06
2015-06-22 18:43:18,825 Starting Training from 2015-02-19 to 2015-03-06
2015-06-22 18:44:00,101 Starting Live from 2015-03-07 to 2015-03-22
2015-06-22 18:53:13,992 Starting Training from 2015-03-07 to 2015-03-22
2015-06-22 18:54:12,664 Starting Live from 2015-03-23 to 2015-04-07
2015-06-22 18:59:42,750 Starting Training from 2015-03-23 to 2015-04-07
2015-06-22 19:00:44,973 Starting Live from 2015-04-08 to 2015-04-10
2015-06-22 19:02:45,309 Starting Q Learning for : 
2015-06-22 19:02:45,309 alpha = 0.5
2015-06-22 19:02:45,309 gamma = 0.4
2015-06-22 19:02:45,309 individual factor = 8
2015-06-22 19:02:45,309 zero range = 0.01
2015-06-22 19:02:45,309 greedy level = 5
2015-06-22 19:02:45,309 

2015-06-22 19:02:50,253 Starting Training from 2014-12-17 to 2015-01-01
2015-06-22 19:07:56,214 Starting Live from 2015-01-02 to 2015-01-17
2015-06-22 19:14:36,094 Starting Training from 2015-01-02 to 2015-01-17
2015-06-22 19:15:22,721 Starting Live from 2015-01-18 to 2015-02-02
2015-06-22 19:21:34,676 Starting Training from 2015-01-18 to 2015-02-02
2015-06-22 19:22:35,812 Starting Live from 2015-02-03 to 2015-02-18
2015-06-22 19:28:00,762 Starting Training from 2015-02-03 to 2015-02-18
2015-06-22 19:28:51,473 Starting Live from 2015-02-19 to 2015-03-06
2015-06-22 19:34:55,901 Starting Training from 2015-02-19 to 2015-03-06
2015-06-22 19:35:34,476 Starting Live from 2015-03-07 to 2015-03-22
2015-06-22 19:43:55,799 Starting Training from 2015-03-07 to 2015-03-22
2015-06-22 19:45:00,299 Starting Live from 2015-03-23 to 2015-04-07
2015-06-22 19:50:12,788 Starting Training from 2015-03-23 to 2015-04-07
2015-06-22 19:50:50,474 Starting Live from 2015-04-08 to 2015-04-10
2015-06-22 19:52:26,335 Starting Q Learning for : 
2015-06-22 19:52:26,335 alpha = 0.5
2015-06-22 19:52:26,335 gamma = 0.5
2015-06-22 19:52:26,335 individual factor = 8
2015-06-22 19:52:26,335 zero range = 0.01
2015-06-22 19:52:26,335 greedy level = 5
2015-06-22 19:52:26,335 

2015-06-22 19:52:31,266 Starting Training from 2014-12-17 to 2015-01-01
2015-06-22 19:58:37,088 Starting Live from 2015-01-02 to 2015-01-17
2015-06-22 20:06:26,707 Starting Training from 2015-01-02 to 2015-01-17
2015-06-22 20:07:14,016 Starting Live from 2015-01-18 to 2015-02-02
2015-06-22 20:13:22,459 Starting Training from 2015-01-18 to 2015-02-02
2015-06-22 20:14:11,648 Starting Live from 2015-02-03 to 2015-02-18
2015-06-22 20:20:06,413 Starting Training from 2015-02-03 to 2015-02-18
2015-06-22 20:20:52,734 Starting Live from 2015-02-19 to 2015-03-06
2015-06-22 20:29:53,375 Starting Training from 2015-02-19 to 2015-03-06
2015-06-22 20:30:30,677 Starting Live from 2015-03-07 to 2015-03-22
2015-06-22 20:40:53,346 Starting Training from 2015-03-07 to 2015-03-22
2015-06-22 20:41:47,973 Starting Live from 2015-03-23 to 2015-04-07
2015-06-22 20:48:35,459 Starting Training from 2015-03-23 to 2015-04-07
2015-06-22 20:49:25,417 Starting Live from 2015-04-08 to 2015-04-10
2015-06-22 20:52:26,404 Starting Q Learning for : 
2015-06-22 20:52:26,404 alpha = 0.5
2015-06-22 20:52:26,404 gamma = 0.6
2015-06-22 20:52:26,404 individual factor = 8
2015-06-22 20:52:26,404 zero range = 0.01
2015-06-22 20:52:26,404 greedy level = 5
2015-06-22 20:52:26,404 

2015-06-22 20:52:32,430 Starting Training from 2014-12-17 to 2015-01-01
2015-06-22 20:57:46,506 Starting Live from 2015-01-02 to 2015-01-17
2015-06-22 21:04:59,983 Starting Training from 2015-01-02 to 2015-01-17
2015-06-22 21:06:02,987 Starting Live from 2015-01-18 to 2015-02-02
2015-06-22 21:12:23,086 Starting Training from 2015-01-18 to 2015-02-02
2015-06-22 21:13:15,266 Starting Live from 2015-02-03 to 2015-02-18
2015-06-22 21:19:06,338 Starting Training from 2015-02-03 to 2015-02-18
2015-06-22 21:19:53,306 Starting Live from 2015-02-19 to 2015-03-06
2015-06-22 21:27:04,329 Starting Training from 2015-02-19 to 2015-03-06
2015-06-22 21:27:51,622 Starting Live from 2015-03-07 to 2015-03-22
2015-06-22 21:36:47,247 Starting Training from 2015-03-07 to 2015-03-22
2015-06-22 21:37:45,901 Starting Live from 2015-03-23 to 2015-04-07
2015-06-22 21:42:51,898 Starting Training from 2015-03-23 to 2015-04-07
2015-06-22 21:43:39,904 Starting Live from 2015-04-08 to 2015-04-10
2015-06-22 21:45:54,226 Starting Q Learning for : 
2015-06-22 21:45:54,226 alpha = 0.5
2015-06-22 21:45:54,226 gamma = 0.7
2015-06-22 21:45:54,226 individual factor = 8
2015-06-22 21:45:54,226 zero range = 0.01
2015-06-22 21:45:54,226 greedy level = 5
2015-06-22 21:45:54,226 

2015-06-22 21:46:01,927 Starting Training from 2014-12-17 to 2015-01-01
2015-06-22 21:51:53,145 Starting Live from 2015-01-02 to 2015-01-17
2015-06-22 21:58:41,625 Starting Training from 2015-01-02 to 2015-01-17
2015-06-22 21:59:29,538 Starting Live from 2015-01-18 to 2015-02-02
2015-06-22 22:05:15,888 Starting Training from 2015-01-18 to 2015-02-02
2015-06-22 22:06:06,638 Starting Live from 2015-02-03 to 2015-02-18
2015-06-22 22:12:31,427 Starting Training from 2015-02-03 to 2015-02-18
2015-06-22 22:13:25,039 Starting Live from 2015-02-19 to 2015-03-06
2015-06-22 22:19:30,947 Starting Training from 2015-02-19 to 2015-03-06
2015-06-22 22:20:09,681 Starting Live from 2015-03-07 to 2015-03-22
2015-06-22 22:31:02,145 Starting Training from 2015-03-07 to 2015-03-22
2015-06-22 22:32:06,295 Starting Live from 2015-03-23 to 2015-04-07
2015-06-22 22:37:23,979 Starting Training from 2015-03-23 to 2015-04-07
2015-06-22 22:38:02,819 Starting Live from 2015-04-08 to 2015-04-10
2015-06-22 22:39:49,683 Starting Q Learning for : 
2015-06-22 22:39:49,683 alpha = 0.5
2015-06-22 22:39:49,683 gamma = 0.8
2015-06-22 22:39:49,683 individual factor = 8
2015-06-22 22:39:49,683 zero range = 0.01
2015-06-22 22:39:49,683 greedy level = 5
2015-06-22 22:39:49,684 

2015-06-22 22:39:54,259 Starting Training from 2014-12-17 to 2015-01-01
2015-06-22 22:44:59,927 Starting Live from 2015-01-02 to 2015-01-17
2015-06-22 22:52:17,194 Starting Training from 2015-01-02 to 2015-01-17
2015-06-22 22:53:08,349 Starting Live from 2015-01-18 to 2015-02-02
2015-06-22 22:59:13,542 Starting Training from 2015-01-18 to 2015-02-02
2015-06-22 23:00:05,003 Starting Live from 2015-02-03 to 2015-02-18
2015-06-22 23:06:02,602 Starting Training from 2015-02-03 to 2015-02-18
2015-06-22 23:06:52,035 Starting Live from 2015-02-19 to 2015-03-06
2015-06-22 23:14:11,647 Starting Training from 2015-02-19 to 2015-03-06
2015-06-22 23:14:51,588 Starting Live from 2015-03-07 to 2015-03-22
2015-06-22 23:23:15,539 Starting Training from 2015-03-07 to 2015-03-22
2015-06-22 23:24:10,411 Starting Live from 2015-03-23 to 2015-04-07
2015-06-22 23:29:04,111 Starting Training from 2015-03-23 to 2015-04-07
2015-06-22 23:29:44,716 Starting Live from 2015-04-08 to 2015-04-10
2015-06-22 23:31:34,848 Starting Q Learning for : 
2015-06-22 23:31:34,848 alpha = 0.6
2015-06-22 23:31:34,848 gamma = 0.1
2015-06-22 23:31:34,848 individual factor = 8
2015-06-22 23:31:34,848 zero range = 0.01
2015-06-22 23:31:34,848 greedy level = 5
2015-06-22 23:31:34,848 

2015-06-22 23:31:42,605 Starting Training from 2014-12-17 to 2015-01-01
2015-06-22 23:37:35,381 Starting Live from 2015-01-02 to 2015-01-17
2015-06-22 23:44:11,351 Starting Training from 2015-01-02 to 2015-01-17
2015-06-22 23:44:58,282 Starting Live from 2015-01-18 to 2015-02-02
2015-06-22 23:51:05,384 Starting Training from 2015-01-18 to 2015-02-02
2015-06-22 23:51:54,364 Starting Live from 2015-02-03 to 2015-02-18
2015-06-22 23:58:30,270 Starting Training from 2015-02-03 to 2015-02-18
2015-06-22 23:59:17,322 Starting Live from 2015-02-19 to 2015-03-06
2015-06-23 00:05:29,615 Starting Training from 2015-02-19 to 2015-03-06
2015-06-23 00:06:08,561 Starting Live from 2015-03-07 to 2015-03-22
2015-06-23 00:14:47,278 Starting Training from 2015-03-07 to 2015-03-22
2015-06-23 00:15:57,196 Starting Live from 2015-03-23 to 2015-04-07
2015-06-23 00:21:46,088 Starting Training from 2015-03-23 to 2015-04-07
2015-06-23 00:22:24,224 Starting Live from 2015-04-08 to 2015-04-10
2015-06-23 00:24:06,473 Starting Q Learning for : 
2015-06-23 00:24:06,473 alpha = 0.6
2015-06-23 00:24:06,473 gamma = 0.2
2015-06-23 00:24:06,473 individual factor = 8
2015-06-23 00:24:06,473 zero range = 0.01
2015-06-23 00:24:06,473 greedy level = 5
2015-06-23 00:24:06,473 

2015-06-23 00:24:12,094 Starting Training from 2014-12-17 to 2015-01-01
2015-06-23 00:29:18,653 Starting Live from 2015-01-02 to 2015-01-17
2015-06-23 00:36:14,582 Starting Training from 2015-01-02 to 2015-01-17
2015-06-23 00:37:17,289 Starting Live from 2015-01-18 to 2015-02-02
2015-06-23 00:43:39,009 Starting Training from 2015-01-18 to 2015-02-02
2015-06-23 00:44:31,776 Starting Live from 2015-02-03 to 2015-02-18
2015-06-23 00:50:25,581 Starting Training from 2015-02-03 to 2015-02-18
2015-06-23 00:51:10,720 Starting Live from 2015-02-19 to 2015-03-06
2015-06-23 00:57:34,256 Starting Training from 2015-02-19 to 2015-03-06
2015-06-23 00:58:22,579 Starting Live from 2015-03-07 to 2015-03-22
2015-06-23 01:06:44,072 Starting Training from 2015-03-07 to 2015-03-22
2015-06-23 01:07:55,530 Starting Live from 2015-03-23 to 2015-04-07
2015-06-23 01:13:15,246 Starting Training from 2015-03-23 to 2015-04-07
2015-06-23 01:13:54,648 Starting Live from 2015-04-08 to 2015-04-10
2015-06-23 01:15:51,111 Starting Q Learning for : 
2015-06-23 01:15:51,111 alpha = 0.6
2015-06-23 01:15:51,111 gamma = 0.3
2015-06-23 01:15:51,112 individual factor = 8
2015-06-23 01:15:51,112 zero range = 0.01
2015-06-23 01:15:51,112 greedy level = 5
2015-06-23 01:15:51,112 

2015-06-23 01:15:54,255 Starting Training from 2014-12-17 to 2015-01-01
2015-06-23 01:21:46,565 Starting Live from 2015-01-02 to 2015-01-17
2015-06-23 01:28:26,957 Starting Training from 2015-01-02 to 2015-01-17
2015-06-23 01:29:15,536 Starting Live from 2015-01-18 to 2015-02-02
2015-06-23 01:35:17,907 Starting Training from 2015-01-18 to 2015-02-02
2015-06-23 01:36:10,141 Starting Live from 2015-02-03 to 2015-02-18
2015-06-23 01:42:42,440 Starting Training from 2015-02-03 to 2015-02-18
2015-06-23 01:43:27,407 Starting Live from 2015-02-19 to 2015-03-06
2015-06-23 01:49:35,578 Starting Training from 2015-02-19 to 2015-03-06
2015-06-23 01:50:12,713 Starting Live from 2015-03-07 to 2015-03-22
2015-06-23 01:58:52,138 Starting Training from 2015-03-07 to 2015-03-22
2015-06-23 02:00:02,496 Starting Live from 2015-03-23 to 2015-04-07
2015-06-23 02:06:23,479 Starting Training from 2015-03-23 to 2015-04-07
2015-06-23 02:07:03,068 Starting Live from 2015-04-08 to 2015-04-10
2015-06-23 02:08:57,665 Starting Q Learning for : 
2015-06-23 02:08:57,665 alpha = 0.6
2015-06-23 02:08:57,665 gamma = 0.4
2015-06-23 02:08:57,665 individual factor = 8
2015-06-23 02:08:57,665 zero range = 0.01
2015-06-23 02:08:57,665 greedy level = 5
2015-06-23 02:08:57,665 

2015-06-23 02:09:00,069 Starting Training from 2014-12-17 to 2015-01-01
2015-06-23 02:14:04,365 Starting Live from 2015-01-02 to 2015-01-17
2015-06-23 02:20:42,022 Starting Training from 2015-01-02 to 2015-01-17
2015-06-23 02:21:42,997 Starting Live from 2015-01-18 to 2015-02-02
2015-06-23 02:28:19,298 Starting Training from 2015-01-18 to 2015-02-02
2015-06-23 02:29:10,931 Starting Live from 2015-02-03 to 2015-02-18
2015-06-23 02:34:55,983 Starting Training from 2015-02-03 to 2015-02-18
2015-06-23 02:35:41,298 Starting Live from 2015-02-19 to 2015-03-06
2015-06-23 02:41:43,437 Starting Training from 2015-02-19 to 2015-03-06
2015-06-23 02:42:25,687 Starting Live from 2015-03-07 to 2015-03-22
2015-06-23 02:51:29,355 Starting Training from 2015-03-07 to 2015-03-22
2015-06-23 02:52:22,976 Starting Live from 2015-03-23 to 2015-04-07
2015-06-23 02:57:28,168 Starting Training from 2015-03-23 to 2015-04-07
2015-06-23 02:58:09,757 Starting Live from 2015-04-08 to 2015-04-10
2015-06-23 03:00:02,529 Starting Q Learning for : 
2015-06-23 03:00:02,529 alpha = 0.6
2015-06-23 03:00:02,529 gamma = 0.5
2015-06-23 03:00:02,529 individual factor = 8
2015-06-23 03:00:02,529 zero range = 0.01
2015-06-23 03:00:02,529 greedy level = 5
2015-06-23 03:00:02,530 

2015-06-23 03:00:05,460 Starting Training from 2014-12-17 to 2015-01-01
2015-06-23 03:05:50,497 Starting Live from 2015-01-02 to 2015-01-17
2015-06-23 03:12:49,736 Starting Training from 2015-01-02 to 2015-01-17
2015-06-23 03:13:39,713 Starting Live from 2015-01-18 to 2015-02-02
2015-06-23 03:19:23,138 Starting Training from 2015-01-18 to 2015-02-02
2015-06-23 03:20:13,094 Starting Live from 2015-02-03 to 2015-02-18
2015-06-23 03:26:12,999 Starting Training from 2015-02-03 to 2015-02-18
2015-06-23 03:27:19,674 Starting Live from 2015-02-19 to 2015-03-06
2015-06-23 03:33:34,351 Starting Training from 2015-02-19 to 2015-03-06
2015-06-23 03:34:12,078 Starting Live from 2015-03-07 to 2015-03-22
2015-06-23 03:42:24,742 Starting Training from 2015-03-07 to 2015-03-22
2015-06-23 03:43:19,190 Starting Live from 2015-03-23 to 2015-04-07
2015-06-23 03:49:29,523 Starting Training from 2015-03-23 to 2015-04-07
2015-06-23 03:50:12,947 Starting Live from 2015-04-08 to 2015-04-10
2015-06-23 03:52:06,450 Starting Q Learning for : 
2015-06-23 03:52:06,450 alpha = 0.6
2015-06-23 03:52:06,450 gamma = 0.6
2015-06-23 03:52:06,450 individual factor = 8
2015-06-23 03:52:06,450 zero range = 0.01
2015-06-23 03:52:06,450 greedy level = 5
2015-06-23 03:52:06,450 

2015-06-23 03:52:09,447 Starting Training from 2014-12-17 to 2015-01-01
2015-06-23 03:57:15,947 Starting Live from 2015-01-02 to 2015-01-17
2015-06-23 04:03:55,191 Starting Training from 2015-01-02 to 2015-01-17
2015-06-23 04:04:44,052 Starting Live from 2015-01-18 to 2015-02-02
2015-06-23 04:11:14,704 Starting Training from 2015-01-18 to 2015-02-02
2015-06-23 04:12:04,571 Starting Live from 2015-02-03 to 2015-02-18
2015-06-23 04:17:30,625 Starting Training from 2015-02-03 to 2015-02-18
2015-06-23 04:18:24,144 Starting Live from 2015-02-19 to 2015-03-06
2015-06-23 04:24:23,747 Starting Training from 2015-02-19 to 2015-03-06
2015-06-23 04:25:00,065 Starting Live from 2015-03-07 to 2015-03-22
2015-06-23 04:33:37,052 Starting Training from 2015-03-07 to 2015-03-22
2015-06-23 04:34:38,608 Starting Live from 2015-03-23 to 2015-04-07
2015-06-23 04:39:43,096 Starting Training from 2015-03-23 to 2015-04-07
2015-06-23 04:40:21,397 Starting Live from 2015-04-08 to 2015-04-10
2015-06-23 04:41:58,744 Starting Q Learning for : 
2015-06-23 04:41:58,744 alpha = 0.6
2015-06-23 04:41:58,744 gamma = 0.7
2015-06-23 04:41:58,744 individual factor = 8
2015-06-23 04:41:58,744 zero range = 0.01
2015-06-23 04:41:58,744 greedy level = 5
2015-06-23 04:41:58,744 

2015-06-23 04:42:01,716 Starting Training from 2014-12-17 to 2015-01-01
2015-06-23 04:47:04,483 Starting Live from 2015-01-02 to 2015-01-17
2015-06-23 04:54:35,161 Starting Training from 2015-01-02 to 2015-01-17
2015-06-23 04:55:21,270 Starting Live from 2015-01-18 to 2015-02-02
2015-06-23 05:01:21,371 Starting Training from 2015-01-18 to 2015-02-02
2015-06-23 05:02:12,299 Starting Live from 2015-02-03 to 2015-02-18
2015-06-23 05:07:52,405 Starting Training from 2015-02-03 to 2015-02-18
2015-06-23 05:08:38,357 Starting Live from 2015-02-19 to 2015-03-06
2015-06-23 05:15:55,542 Starting Training from 2015-02-19 to 2015-03-06
2015-06-23 05:16:34,190 Starting Live from 2015-03-07 to 2015-03-22
2015-06-23 05:25:12,017 Starting Training from 2015-03-07 to 2015-03-22
2015-06-23 05:26:06,111 Starting Live from 2015-03-23 to 2015-04-07
2015-06-23 05:31:12,957 Starting Training from 2015-03-23 to 2015-04-07
2015-06-23 05:32:01,671 Starting Live from 2015-04-08 to 2015-04-10
2015-06-23 05:34:34,914 Starting Q Learning for : 
2015-06-23 05:34:34,914 alpha = 0.6
2015-06-23 05:34:34,914 gamma = 0.8
2015-06-23 05:34:34,914 individual factor = 8
2015-06-23 05:34:34,914 zero range = 0.01
2015-06-23 05:34:34,914 greedy level = 5
2015-06-23 05:34:34,914 

2015-06-23 05:34:38,354 Starting Training from 2014-12-17 to 2015-01-01
2015-06-23 05:40:02,851 Starting Live from 2015-01-02 to 2015-01-17
2015-06-23 05:46:50,598 Starting Training from 2015-01-02 to 2015-01-17
2015-06-23 05:47:39,611 Starting Live from 2015-01-18 to 2015-02-02
2015-06-23 05:53:28,961 Starting Training from 2015-01-18 to 2015-02-02
2015-06-23 05:54:35,615 Starting Live from 2015-02-03 to 2015-02-18
2015-06-23 06:00:38,315 Starting Training from 2015-02-03 to 2015-02-18
2015-06-23 06:01:25,253 Starting Live from 2015-02-19 to 2015-03-06
2015-06-23 06:07:38,647 Starting Training from 2015-02-19 to 2015-03-06
2015-06-23 06:08:15,196 Starting Live from 2015-03-07 to 2015-03-22
2015-06-23 06:17:33,173 Starting Training from 2015-03-07 to 2015-03-22
2015-06-23 06:18:35,805 Starting Live from 2015-03-23 to 2015-04-07
2015-06-23 06:24:48,177 Starting Training from 2015-03-23 to 2015-04-07
2015-06-23 06:25:26,051 Starting Live from 2015-04-08 to 2015-04-10
2015-06-23 06:27:07,500 Starting Q Learning for : 
2015-06-23 06:27:07,500 alpha = 0.4
2015-06-23 06:27:07,500 gamma = 0.1
2015-06-23 06:27:07,500 individual factor = 8
2015-06-23 06:27:07,500 zero range = 0.01
2015-06-23 06:27:07,500 greedy level = 5
2015-06-23 06:27:07,500 

2015-06-23 06:27:10,348 Starting Training from 2014-12-17 to 2015-01-01
2015-06-23 06:32:18,862 Starting Live from 2015-01-02 to 2015-01-17
2015-06-23 06:39:51,137 Starting Training from 2015-01-02 to 2015-01-17
2015-06-23 06:40:42,792 Starting Live from 2015-01-18 to 2015-02-02
2015-06-23 06:46:26,279 Starting Training from 2015-01-18 to 2015-02-02
2015-06-23 06:47:15,049 Starting Live from 2015-02-03 to 2015-02-18
2015-06-23 06:52:38,436 Starting Training from 2015-02-03 to 2015-02-18
2015-06-23 06:53:28,924 Starting Live from 2015-02-19 to 2015-03-06
2015-06-23 07:00:04,138 Starting Training from 2015-02-19 to 2015-03-06
2015-06-23 07:00:48,898 Starting Live from 2015-03-07 to 2015-03-22
2015-06-23 07:08:47,766 Starting Training from 2015-03-07 to 2015-03-22
2015-06-23 07:09:40,119 Starting Live from 2015-03-23 to 2015-04-07
2015-06-23 07:14:56,065 Starting Training from 2015-03-23 to 2015-04-07
2015-06-23 07:15:33,293 Starting Live from 2015-04-08 to 2015-04-10
2015-06-23 07:17:29,267 Starting Q Learning for : 
2015-06-23 07:17:29,267 alpha = 0.4
2015-06-23 07:17:29,267 gamma = 0.2
2015-06-23 07:17:29,267 individual factor = 8
2015-06-23 07:17:29,267 zero range = 0.01
2015-06-23 07:17:29,267 greedy level = 5
2015-06-23 07:17:29,267 

2015-06-23 07:17:31,595 Starting Training from 2014-12-17 to 2015-01-01
2015-06-23 07:23:35,937 Starting Live from 2015-01-02 to 2015-01-17
2015-06-23 07:30:10,553 Starting Training from 2015-01-02 to 2015-01-17
2015-06-23 07:30:57,164 Starting Live from 2015-01-18 to 2015-02-02
2015-06-23 07:36:58,664 Starting Training from 2015-01-18 to 2015-02-02
2015-06-23 07:37:48,196 Starting Live from 2015-02-03 to 2015-02-18
2015-06-23 07:44:27,641 Starting Training from 2015-02-03 to 2015-02-18
2015-06-23 07:45:14,335 Starting Live from 2015-02-19 to 2015-03-06
2015-06-23 07:51:31,352 Starting Training from 2015-02-19 to 2015-03-06
2015-06-23 07:52:09,907 Starting Live from 2015-03-07 to 2015-03-22
2015-06-23 08:00:37,295 Starting Training from 2015-03-07 to 2015-03-22
2015-06-23 08:01:36,076 Starting Live from 2015-03-23 to 2015-04-07
2015-06-23 08:07:41,859 Starting Training from 2015-03-23 to 2015-04-07
2015-06-23 08:08:21,831 Starting Live from 2015-04-08 to 2015-04-10
2015-06-23 08:10:10,253 Starting Q Learning for : 
2015-06-23 08:10:10,253 alpha = 0.4
2015-06-23 08:10:10,253 gamma = 0.3
2015-06-23 08:10:10,253 individual factor = 8
2015-06-23 08:10:10,253 zero range = 0.01
2015-06-23 08:10:10,253 greedy level = 5
2015-06-23 08:10:10,253 

2015-06-23 08:10:12,394 Starting Training from 2014-12-17 to 2015-01-01
2015-06-23 08:15:23,717 Starting Live from 2015-01-02 to 2015-01-17
2015-06-23 08:22:02,811 Starting Training from 2015-01-02 to 2015-01-17
2015-06-23 08:22:55,380 Starting Live from 2015-01-18 to 2015-02-02
2015-06-23 08:29:21,323 Starting Training from 2015-01-18 to 2015-02-02
2015-06-23 08:30:12,647 Starting Live from 2015-02-03 to 2015-02-18
2015-06-23 08:35:42,586 Starting Training from 2015-02-03 to 2015-02-18
2015-06-23 08:36:35,325 Starting Live from 2015-02-19 to 2015-03-06
2015-06-23 08:42:49,267 Starting Training from 2015-02-19 to 2015-03-06
2015-06-23 08:43:25,267 Starting Live from 2015-03-07 to 2015-03-22
2015-06-23 08:52:23,526 Starting Training from 2015-03-07 to 2015-03-22
2015-06-23 08:53:29,700 Starting Live from 2015-03-23 to 2015-04-07
2015-06-23 08:59:39,437 Starting Training from 2015-03-23 to 2015-04-07
2015-06-23 09:00:21,290 Starting Live from 2015-04-08 to 2015-04-10
2015-06-23 09:02:06,641 Starting Q Learning for : 
2015-06-23 09:02:06,641 alpha = 0.4
2015-06-23 09:02:06,641 gamma = 0.4
2015-06-23 09:02:06,641 individual factor = 8
2015-06-23 09:02:06,641 zero range = 0.01
2015-06-23 09:02:06,641 greedy level = 5
2015-06-23 09:02:06,641 

2015-06-23 09:02:09,151 Starting Training from 2014-12-17 to 2015-01-01
2015-06-23 09:07:45,845 Starting Live from 2015-01-02 to 2015-01-17
2015-06-23 09:14:31,171 Starting Training from 2015-01-02 to 2015-01-17
2015-06-23 09:15:18,401 Starting Live from 2015-01-18 to 2015-02-02
2015-06-23 09:20:54,799 Starting Training from 2015-01-18 to 2015-02-02
2015-06-23 09:21:44,243 Starting Live from 2015-02-03 to 2015-02-18
2015-06-23 09:27:14,980 Starting Training from 2015-02-03 to 2015-02-18
2015-06-23 09:28:25,493 Starting Live from 2015-02-19 to 2015-03-06
2015-06-23 09:34:46,875 Starting Training from 2015-02-19 to 2015-03-06
2015-06-23 09:35:25,969 Starting Live from 2015-03-07 to 2015-03-22
2015-06-23 09:43:33,552 Starting Training from 2015-03-07 to 2015-03-22
2015-06-23 09:44:27,592 Starting Live from 2015-03-23 to 2015-04-07
2015-06-23 09:50:29,108 Starting Training from 2015-03-23 to 2015-04-07
2015-06-23 09:51:12,921 Starting Live from 2015-04-08 to 2015-04-10
2015-06-23 09:52:43,255 Starting Q Learning for : 
2015-06-23 09:52:43,255 alpha = 0.4
2015-06-23 09:52:43,255 gamma = 0.5
2015-06-23 09:52:43,255 individual factor = 8
2015-06-23 09:52:43,255 zero range = 0.01
2015-06-23 09:52:43,256 greedy level = 5
2015-06-23 09:52:43,256 

2015-06-23 09:52:45,345 Starting Training from 2014-12-17 to 2015-01-01
2015-06-23 09:57:47,756 Starting Live from 2015-01-02 to 2015-01-17
2015-06-23 10:04:16,494 Starting Training from 2015-01-02 to 2015-01-17
2015-06-23 10:05:05,326 Starting Live from 2015-01-18 to 2015-02-02
2015-06-23 10:11:57,969 Starting Training from 2015-01-18 to 2015-02-02
2015-06-23 10:12:50,299 Starting Live from 2015-02-03 to 2015-02-18
2015-06-23 10:18:51,301 Starting Training from 2015-02-03 to 2015-02-18
2015-06-23 10:19:36,071 Starting Live from 2015-02-19 to 2015-03-06
2015-06-23 10:25:35,470 Starting Training from 2015-02-19 to 2015-03-06
2015-06-23 10:26:13,220 Starting Live from 2015-03-07 to 2015-03-22
2015-06-23 10:35:28,232 Starting Training from 2015-03-07 to 2015-03-22
2015-06-23 10:36:25,029 Starting Live from 2015-03-23 to 2015-04-07
2015-06-23 10:41:48,398 Starting Training from 2015-03-23 to 2015-04-07
2015-06-23 10:42:27,273 Starting Live from 2015-04-08 to 2015-04-10
2015-06-23 10:44:18,552 Starting Q Learning for : 
2015-06-23 10:44:18,552 alpha = 0.4
2015-06-23 10:44:18,552 gamma = 0.6
2015-06-23 10:44:18,552 individual factor = 8
2015-06-23 10:44:18,552 zero range = 0.01
2015-06-23 10:44:18,552 greedy level = 5
2015-06-23 10:44:18,552 

2015-06-23 10:44:21,010 Starting Training from 2014-12-17 to 2015-01-01
2015-06-23 10:49:25,707 Starting Live from 2015-01-02 to 2015-01-17
2015-06-23 10:56:49,194 Starting Training from 2015-01-02 to 2015-01-17
2015-06-23 10:57:35,364 Starting Live from 2015-01-18 to 2015-02-02
2015-06-23 11:03:25,269 Starting Training from 2015-01-18 to 2015-02-02
2015-06-23 11:04:16,101 Starting Live from 2015-02-03 to 2015-02-18
2015-06-23 11:09:56,855 Starting Training from 2015-02-03 to 2015-02-18
2015-06-23 11:10:41,479 Starting Live from 2015-02-19 to 2015-03-06
2015-06-23 11:17:31,108 Starting Training from 2015-02-19 to 2015-03-06
2015-06-23 11:18:09,733 Starting Live from 2015-03-07 to 2015-03-22
2015-06-23 11:26:30,006 Starting Training from 2015-03-07 to 2015-03-22
2015-06-23 11:27:24,803 Starting Live from 2015-03-23 to 2015-04-07
2015-06-23 11:32:20,444 Starting Training from 2015-03-23 to 2015-04-07
2015-06-23 11:33:06,354 Starting Live from 2015-04-08 to 2015-04-10
2015-06-23 11:35:10,489 Starting Q Learning for : 
2015-06-23 11:35:10,490 alpha = 0.4
2015-06-23 11:35:10,490 gamma = 0.7
2015-06-23 11:35:10,490 individual factor = 8
2015-06-23 11:35:10,490 zero range = 0.01
2015-06-23 11:35:10,490 greedy level = 5
2015-06-23 11:35:10,490 

2015-06-23 11:35:13,483 Starting Training from 2014-12-17 to 2015-01-01
2015-06-23 11:40:53,325 Starting Live from 2015-01-02 to 2015-01-17
2015-06-23 11:47:26,931 Starting Training from 2015-01-02 to 2015-01-17
2015-06-23 11:48:14,892 Starting Live from 2015-01-18 to 2015-02-02
2015-06-23 11:54:14,078 Starting Training from 2015-01-18 to 2015-02-02
2015-06-23 11:55:04,720 Starting Live from 2015-02-03 to 2015-02-18
2015-06-23 12:01:29,677 Starting Training from 2015-02-03 to 2015-02-18
2015-06-23 12:02:16,516 Starting Live from 2015-02-19 to 2015-03-06
2015-06-23 12:08:30,766 Starting Training from 2015-02-19 to 2015-03-06
2015-06-23 12:09:08,948 Starting Live from 2015-03-07 to 2015-03-22
2015-06-23 12:19:20,582 Starting Training from 2015-03-07 to 2015-03-22
2015-06-23 12:20:31,290 Starting Live from 2015-03-23 to 2015-04-07
2015-06-23 12:26:04,749 Starting Training from 2015-03-23 to 2015-04-07
2015-06-23 12:27:07,890 Starting Live from 2015-04-08 to 2015-04-10
2015-06-23 12:29:10,775 Starting Q Learning for : 
2015-06-23 12:29:10,775 alpha = 0.4
2015-06-23 12:29:10,775 gamma = 0.8
2015-06-23 12:29:10,775 individual factor = 8
2015-06-23 12:29:10,775 zero range = 0.01
2015-06-23 12:29:10,775 greedy level = 5
2015-06-23 12:29:10,775 

2015-06-23 12:29:13,473 Starting Training from 2014-12-17 to 2015-01-01
2015-06-23 12:34:56,052 Starting Live from 2015-01-02 to 2015-01-17
2015-06-23 12:42:53,404 Starting Training from 2015-01-02 to 2015-01-17
2015-06-23 12:43:41,500 Starting Live from 2015-01-18 to 2015-02-02
2015-06-23 12:50:30,638 Starting Training from 2015-01-18 to 2015-02-02
2015-06-23 12:51:25,970 Starting Live from 2015-02-03 to 2015-02-18
2015-06-23 12:57:33,359 Starting Training from 2015-02-03 to 2015-02-18
2015-06-23 12:58:20,779 Starting Live from 2015-02-19 to 2015-03-06
2015-06-23 13:05:49,516 Starting Training from 2015-02-19 to 2015-03-06
2015-06-23 13:06:32,013 Starting Live from 2015-03-07 to 2015-03-22
2015-06-23 13:15:48,426 Starting Training from 2015-03-07 to 2015-03-22
2015-06-23 13:16:57,683 Starting Live from 2015-03-23 to 2015-04-07
2015-06-23 13:22:09,043 Starting Training from 2015-03-23 to 2015-04-07
2015-06-23 13:23:12,792 Starting Live from 2015-04-08 to 2015-04-10
2015-06-23 13:25:28,586 Starting Q Learning for : 
2015-06-23 13:25:28,586 alpha = 0.2
2015-06-23 13:25:28,586 gamma = 0.1
2015-06-23 13:25:28,586 individual factor = 8
2015-06-23 13:25:28,586 zero range = 0.01
2015-06-23 13:25:28,586 greedy level = 5
2015-06-23 13:25:28,588 

2015-06-23 13:25:31,115 Starting Training from 2014-12-17 to 2015-01-01
2015-06-23 13:31:15,135 Starting Live from 2015-01-02 to 2015-01-17
2015-06-23 13:38:28,315 Starting Training from 2015-01-02 to 2015-01-17
2015-06-23 13:39:19,440 Starting Live from 2015-01-18 to 2015-02-02
2015-06-23 13:46:00,471 Starting Training from 2015-01-18 to 2015-02-02
2015-06-23 13:47:10,444 Starting Live from 2015-02-03 to 2015-02-18
2015-06-23 13:53:32,226 Starting Training from 2015-02-03 to 2015-02-18
2015-06-23 13:54:26,769 Starting Live from 2015-02-19 to 2015-03-06
2015-06-23 14:01:09,141 Starting Training from 2015-02-19 to 2015-03-06
2015-06-23 14:01:48,953 Starting Live from 2015-03-07 to 2015-03-22
2015-06-23 14:11:13,930 Starting Training from 2015-03-07 to 2015-03-22
2015-06-23 14:12:39,263 Starting Live from 2015-03-23 to 2015-04-07
2015-06-23 14:18:29,628 Starting Training from 2015-03-23 to 2015-04-07
2015-06-23 14:19:13,010 Starting Live from 2015-04-08 to 2015-04-10
2015-06-23 14:21:09,759 Starting Q Learning for : 
2015-06-23 14:21:09,759 alpha = 0.2
2015-06-23 14:21:09,759 gamma = 0.2
2015-06-23 14:21:09,759 individual factor = 8
2015-06-23 14:21:09,759 zero range = 0.01
2015-06-23 14:21:09,759 greedy level = 5
2015-06-23 14:21:09,759 

2015-06-23 14:21:12,203 Starting Training from 2014-12-17 to 2015-01-01
2015-06-23 14:27:12,650 Starting Live from 2015-01-02 to 2015-01-17
2015-06-23 14:35:38,055 Starting Training from 2015-01-02 to 2015-01-17
2015-06-23 14:36:31,084 Starting Live from 2015-01-18 to 2015-02-02
2015-06-23 14:43:04,282 Starting Training from 2015-01-18 to 2015-02-02
2015-06-23 14:43:57,667 Starting Live from 2015-02-03 to 2015-02-18
2015-06-23 14:50:10,670 Starting Training from 2015-02-03 to 2015-02-18
2015-06-23 14:51:02,259 Starting Live from 2015-02-19 to 2015-03-06
2015-06-23 14:58:15,036 Starting Training from 2015-02-19 to 2015-03-06
2015-06-23 14:58:59,243 Starting Live from 2015-03-07 to 2015-03-22
2015-06-23 15:08:06,971 Starting Training from 2015-03-07 to 2015-03-22
2015-06-23 15:09:03,668 Starting Live from 2015-03-23 to 2015-04-07
2015-06-23 15:16:12,214 Starting Training from 2015-03-23 to 2015-04-07
2015-06-23 15:17:01,010 Starting Live from 2015-04-08 to 2015-04-10
2015-06-23 15:18:54,446 Starting Q Learning for : 
2015-06-23 15:18:54,446 alpha = 0.2
2015-06-23 15:18:54,446 gamma = 0.3
2015-06-23 15:18:54,446 individual factor = 8
2015-06-23 15:18:54,447 zero range = 0.01
2015-06-23 15:18:54,447 greedy level = 5
2015-06-23 15:18:54,447 

2015-06-23 15:18:58,053 Starting Training from 2014-12-17 to 2015-01-01
2015-06-23 15:24:36,237 Starting Live from 2015-01-02 to 2015-01-17
2015-06-23 15:31:49,618 Starting Training from 2015-01-02 to 2015-01-17
2015-06-23 15:32:39,283 Starting Live from 2015-01-18 to 2015-02-02
2015-06-23 15:40:04,638 Starting Training from 2015-01-18 to 2015-02-02
2015-06-23 15:40:59,444 Starting Live from 2015-02-03 to 2015-02-18
2015-06-23 15:47:24,144 Starting Training from 2015-02-03 to 2015-02-18
2015-06-23 15:48:19,005 Starting Live from 2015-02-19 to 2015-03-06
2015-06-23 15:55:12,023 Starting Training from 2015-02-19 to 2015-03-06
2015-06-23 15:55:53,872 Starting Live from 2015-03-07 to 2015-03-22
2015-06-23 16:06:05,651 Starting Training from 2015-03-07 to 2015-03-22
2015-06-23 16:07:04,737 Starting Live from 2015-03-23 to 2015-04-07
2015-06-23 16:13:40,519 Starting Training from 2015-03-23 to 2015-04-07
2015-06-23 16:14:26,010 Starting Live from 2015-04-08 to 2015-04-10
2015-06-23 16:16:25,703 Starting Q Learning for : 
2015-06-23 16:16:25,703 alpha = 0.2
2015-06-23 16:16:25,703 gamma = 0.4
2015-06-23 16:16:25,703 individual factor = 8
2015-06-23 16:16:25,703 zero range = 0.01
2015-06-23 16:16:25,703 greedy level = 5
2015-06-23 16:16:25,703 

2015-06-23 16:16:27,834 Starting Training from 2014-12-17 to 2015-01-01
2015-06-23 16:22:47,674 Starting Live from 2015-01-02 to 2015-01-17
2015-06-23 16:30:24,066 Starting Training from 2015-01-02 to 2015-01-17
2015-06-23 16:31:14,417 Starting Live from 2015-01-18 to 2015-02-02
2015-06-23 16:37:44,798 Starting Training from 2015-01-18 to 2015-02-02
2015-06-23 16:38:37,941 Starting Live from 2015-02-03 to 2015-02-18
2015-06-23 16:45:43,904 Starting Training from 2015-02-03 to 2015-02-18
2015-06-23 16:46:37,663 Starting Live from 2015-02-19 to 2015-03-06
2015-06-23 16:53:58,490 Starting Training from 2015-02-19 to 2015-03-06
2015-06-23 16:54:39,207 Starting Live from 2015-03-07 to 2015-03-22
2015-06-23 17:05:37,684 Starting Training from 2015-03-07 to 2015-03-22
2015-06-23 17:06:51,849 Starting Live from 2015-03-23 to 2015-04-07
2015-06-23 17:13:33,805 Starting Training from 2015-03-23 to 2015-04-07
2015-06-23 17:14:15,338 Starting Live from 2015-04-08 to 2015-04-10
2015-06-23 17:16:08,302 Starting Q Learning for : 
2015-06-23 17:16:08,302 alpha = 0.2
2015-06-23 17:16:08,302 gamma = 0.5
2015-06-23 17:16:08,302 individual factor = 8
2015-06-23 17:16:08,302 zero range = 0.01
2015-06-23 17:16:08,302 greedy level = 5
2015-06-23 17:16:08,302 

2015-06-23 17:16:11,022 Starting Training from 2014-12-17 to 2015-01-01
2015-06-23 17:21:45,165 Starting Live from 2015-01-02 to 2015-01-17
2015-06-23 17:29:39,953 Starting Training from 2015-01-02 to 2015-01-17
2015-06-23 17:30:43,358 Starting Live from 2015-01-18 to 2015-02-02
2015-06-23 17:37:06,624 Starting Training from 2015-01-18 to 2015-02-02
2015-06-23 17:38:03,903 Starting Live from 2015-02-03 to 2015-02-18
2015-06-23 17:44:17,158 Starting Training from 2015-02-03 to 2015-02-18
2015-06-23 17:45:14,595 Starting Live from 2015-02-19 to 2015-03-06
2015-06-23 17:53:14,325 Starting Training from 2015-02-19 to 2015-03-06
2015-06-23 17:53:56,973 Starting Live from 2015-03-07 to 2015-03-22
2015-06-23 18:04:09,255 Starting Training from 2015-03-07 to 2015-03-22
2015-06-23 18:05:09,263 Starting Live from 2015-03-23 to 2015-04-07
2015-06-23 18:11:26,145 Starting Training from 2015-03-23 to 2015-04-07
2015-06-23 18:12:41,575 Starting Live from 2015-04-08 to 2015-04-10
2015-06-23 18:14:53,440 Starting Q Learning for : 
2015-06-23 18:14:53,440 alpha = 0.2
2015-06-23 18:14:53,440 gamma = 0.6
2015-06-23 18:14:53,440 individual factor = 8
2015-06-23 18:14:53,440 zero range = 0.01
2015-06-23 18:14:53,440 greedy level = 5
2015-06-23 18:14:53,440 

2015-06-23 18:14:55,217 Starting Training from 2014-12-17 to 2015-01-01
2015-06-23 18:20:41,283 Starting Live from 2015-01-02 to 2015-01-17
2015-06-23 18:28:11,703 Starting Training from 2015-01-02 to 2015-01-17
2015-06-23 18:29:05,463 Starting Live from 2015-01-18 to 2015-02-02
2015-06-23 18:36:33,884 Starting Training from 2015-01-18 to 2015-02-02
2015-06-23 18:37:34,032 Starting Live from 2015-02-03 to 2015-02-18
2015-06-23 18:44:01,553 Starting Training from 2015-02-03 to 2015-02-18
2015-06-23 18:44:52,954 Starting Live from 2015-02-19 to 2015-03-06
2015-06-23 18:51:39,283 Starting Training from 2015-02-19 to 2015-03-06
2015-06-23 18:52:22,601 Starting Live from 2015-03-07 to 2015-03-22
2015-06-23 19:02:16,657 Starting Training from 2015-03-07 to 2015-03-22
2015-06-23 19:03:14,240 Starting Live from 2015-03-23 to 2015-04-07
2015-06-23 19:09:27,625 Starting Training from 2015-03-23 to 2015-04-07
2015-06-23 19:10:09,921 Starting Live from 2015-04-08 to 2015-04-10
2015-06-23 19:11:59,854 Starting Q Learning for : 
2015-06-23 19:11:59,854 alpha = 0.2
2015-06-23 19:11:59,854 gamma = 0.7
2015-06-23 19:11:59,854 individual factor = 8
2015-06-23 19:11:59,854 zero range = 0.01
2015-06-23 19:11:59,854 greedy level = 5
2015-06-23 19:11:59,855 

2015-06-23 19:12:05,082 Starting Training from 2014-12-17 to 2015-01-01
2015-06-23 19:17:54,326 Starting Live from 2015-01-02 to 2015-01-17
2015-06-23 19:25:48,404 Starting Training from 2015-01-02 to 2015-01-17
2015-06-23 19:26:38,607 Starting Live from 2015-01-18 to 2015-02-02
2015-06-23 19:33:12,522 Starting Training from 2015-01-18 to 2015-02-02
2015-06-23 19:34:09,336 Starting Live from 2015-02-03 to 2015-02-18
2015-06-23 19:41:03,200 Starting Training from 2015-02-03 to 2015-02-18
2015-06-23 19:42:07,591 Starting Live from 2015-02-19 to 2015-03-06
2015-06-23 19:49:20,331 Starting Training from 2015-02-19 to 2015-03-06
2015-06-23 19:50:01,197 Starting Live from 2015-03-07 to 2015-03-22
2015-06-23 20:00:14,309 Starting Training from 2015-03-07 to 2015-03-22
2015-06-23 20:01:16,233 Starting Live from 2015-03-23 to 2015-04-07
2015-06-23 20:08:03,463 Starting Training from 2015-03-23 to 2015-04-07
2015-06-23 20:08:44,096 Starting Live from 2015-04-08 to 2015-04-10
2015-06-23 20:10:27,993 Starting Q Learning for : 
2015-06-23 20:10:27,993 alpha = 0.2
2015-06-23 20:10:27,993 gamma = 0.8
2015-06-23 20:10:27,993 individual factor = 8
2015-06-23 20:10:27,993 zero range = 0.01
2015-06-23 20:10:27,993 greedy level = 5
2015-06-23 20:10:27,993 

2015-06-23 20:10:33,644 Starting Training from 2014-12-17 to 2015-01-01
2015-06-23 20:16:16,000 Starting Live from 2015-01-02 to 2015-01-17
2015-06-23 20:23:57,635 Starting Training from 2015-01-02 to 2015-01-17
2015-06-23 20:25:05,213 Starting Live from 2015-01-18 to 2015-02-02
2015-06-23 20:32:20,252 Starting Training from 2015-01-18 to 2015-02-02
2015-06-23 20:33:15,134 Starting Live from 2015-02-03 to 2015-02-18
2015-06-23 20:39:35,747 Starting Training from 2015-02-03 to 2015-02-18
2015-06-23 20:40:25,522 Starting Live from 2015-02-19 to 2015-03-06
2015-06-23 20:47:27,471 Starting Training from 2015-02-19 to 2015-03-06
2015-06-23 20:48:20,177 Starting Live from 2015-03-07 to 2015-03-22
2015-06-23 20:57:51,894 Starting Training from 2015-03-07 to 2015-03-22
2015-06-23 20:58:54,236 Starting Live from 2015-03-23 to 2015-04-07
2015-06-23 21:05:19,571 Starting Training from 2015-03-23 to 2015-04-07
2015-06-23 21:06:04,690 Starting Live from 2015-04-08 to 2015-04-10
2015-06-23 21:08:54,217 Starting Q Learning for : 
2015-06-23 21:08:54,217 alpha = 0.8
2015-06-23 21:08:54,217 gamma = 0.1
2015-06-23 21:08:54,217 individual factor = 8
2015-06-23 21:08:54,217 zero range = 0.01
2015-06-23 21:08:54,217 greedy level = 5
2015-06-23 21:08:54,217 

2015-06-23 21:09:01,677 Starting Training from 2014-12-17 to 2015-01-01
2015-06-23 21:15:12,805 Starting Live from 2015-01-02 to 2015-01-17
2015-06-23 21:22:53,964 Starting Training from 2015-01-02 to 2015-01-17
2015-06-23 21:23:44,181 Starting Live from 2015-01-18 to 2015-02-02
2015-06-23 21:30:56,589 Starting Training from 2015-01-18 to 2015-02-02
2015-06-23 21:32:15,532 Starting Live from 2015-02-03 to 2015-02-18
2015-06-23 21:39:21,979 Starting Training from 2015-02-03 to 2015-02-18
2015-06-23 21:40:14,293 Starting Live from 2015-02-19 to 2015-03-06
2015-06-23 21:47:50,039 Starting Training from 2015-02-19 to 2015-03-06
2015-06-23 21:48:32,660 Starting Live from 2015-03-07 to 2015-03-22
2015-06-23 22:00:10,023 Starting Training from 2015-03-07 to 2015-03-22
2015-06-23 22:01:12,380 Starting Live from 2015-03-23 to 2015-04-07
2015-06-23 22:08:42,177 Starting Training from 2015-03-23 to 2015-04-07
2015-06-23 22:09:26,875 Starting Live from 2015-04-08 to 2015-04-10
2015-06-23 22:11:40,937 Starting Q Learning for : 
2015-06-23 22:11:40,937 alpha = 0.8
2015-06-23 22:11:40,937 gamma = 0.2
2015-06-23 22:11:40,937 individual factor = 8
2015-06-23 22:11:40,937 zero range = 0.01
2015-06-23 22:11:40,937 greedy level = 5
2015-06-23 22:11:40,937 

2015-06-23 22:11:48,588 Starting Training from 2014-12-17 to 2015-01-01
2015-06-23 22:18:36,793 Starting Live from 2015-01-02 to 2015-01-17
2015-06-23 22:26:04,367 Starting Training from 2015-01-02 to 2015-01-17
2015-06-23 22:26:55,946 Starting Live from 2015-01-18 to 2015-02-02
2015-06-23 22:33:44,802 Starting Training from 2015-01-18 to 2015-02-02
2015-06-23 22:34:37,456 Starting Live from 2015-02-03 to 2015-02-18
2015-06-23 22:41:51,868 Starting Training from 2015-02-03 to 2015-02-18
2015-06-23 22:42:42,209 Starting Live from 2015-02-19 to 2015-03-06
2015-06-23 22:50:01,792 Starting Training from 2015-02-19 to 2015-03-06
2015-06-23 22:50:49,292 Starting Live from 2015-03-07 to 2015-03-22
2015-06-23 23:02:09,960 Starting Training from 2015-03-07 to 2015-03-22
2015-06-23 23:03:10,627 Starting Live from 2015-03-23 to 2015-04-07
