2015-06-22 16:16:18,394 Starting Q Learning for : 
2015-06-22 16:16:18,395 alpha = 0.5
2015-06-22 16:16:18,395 gamma = 0.1
2015-06-22 16:16:18,395 individual factor = 8
2015-06-22 16:16:18,395 zero range = 0.006
2015-06-22 16:16:18,395 greedy level = 5
2015-06-22 16:16:18,397 

2015-06-22 16:16:21,944 Starting Training from 2014-12-17 to 2015-01-01
2015-06-22 16:22:12,357 Starting Live from 2015-01-02 to 2015-01-17
2015-06-22 16:29:00,348 Starting Training from 2015-01-02 to 2015-01-17
2015-06-22 16:29:57,012 Starting Live from 2015-01-18 to 2015-02-02
2015-06-22 16:36:25,003 Starting Training from 2015-01-18 to 2015-02-02
2015-06-22 16:37:14,664 Starting Live from 2015-02-03 to 2015-02-18
2015-06-22 16:43:16,460 Starting Training from 2015-02-03 to 2015-02-18
2015-06-22 16:44:04,585 Starting Live from 2015-02-19 to 2015-03-06
2015-06-22 16:50:50,119 Starting Training from 2015-02-19 to 2015-03-06
2015-06-22 16:51:59,621 Starting Live from 2015-03-07 to 2015-03-22
2015-06-22 17:03:17,302 Starting Training from 2015-03-07 to 2015-03-22
2015-06-22 17:04:10,378 Starting Live from 2015-03-23 to 2015-04-07
2015-06-22 17:12:04,743 Starting Training from 2015-03-23 to 2015-04-07
2015-06-22 17:13:13,546 Starting Live from 2015-04-08 to 2015-04-10
2015-06-22 17:16:04,645 Starting Q Learning for : 
2015-06-22 17:16:04,645 alpha = 0.5
2015-06-22 17:16:04,647 gamma = 0.2
2015-06-22 17:16:04,647 individual factor = 8
2015-06-22 17:16:04,647 zero range = 0.006
2015-06-22 17:16:04,647 greedy level = 5
2015-06-22 17:16:04,647 

2015-06-22 17:16:08,473 Starting Training from 2014-12-17 to 2015-01-01
2015-06-22 17:21:40,224 Starting Live from 2015-01-02 to 2015-01-17
2015-06-22 17:28:16,000 Starting Training from 2015-01-02 to 2015-01-17
2015-06-22 17:29:00,387 Starting Live from 2015-01-18 to 2015-02-02
2015-06-22 17:35:08,716 Starting Training from 2015-01-18 to 2015-02-02
2015-06-22 17:36:15,457 Starting Live from 2015-02-03 to 2015-02-18
2015-06-22 17:42:13,697 Starting Training from 2015-02-03 to 2015-02-18
2015-06-22 17:42:57,329 Starting Live from 2015-02-19 to 2015-03-06
2015-06-22 17:48:52,322 Starting Training from 2015-02-19 to 2015-03-06
2015-06-22 17:49:31,226 Starting Live from 2015-03-07 to 2015-03-22
2015-06-22 18:00:29,484 Starting Training from 2015-03-07 to 2015-03-22
2015-06-22 18:01:23,634 Starting Live from 2015-03-23 to 2015-04-07
2015-06-22 18:07:20,858 Starting Training from 2015-03-23 to 2015-04-07
2015-06-22 18:08:03,424 Starting Live from 2015-04-08 to 2015-04-10
2015-06-22 18:10:04,345 Starting Q Learning for : 
2015-06-22 18:10:04,345 alpha = 0.5
2015-06-22 18:10:04,345 gamma = 0.3
2015-06-22 18:10:04,345 individual factor = 8
2015-06-22 18:10:04,345 zero range = 0.006
2015-06-22 18:10:04,345 greedy level = 5
2015-06-22 18:10:04,345 

2015-06-22 18:10:08,023 Starting Training from 2014-12-17 to 2015-01-01
2015-06-22 18:15:37,250 Starting Live from 2015-01-02 to 2015-01-17
2015-06-22 18:23:12,670 Starting Training from 2015-01-02 to 2015-01-17
2015-06-22 18:24:06,369 Starting Live from 2015-01-18 to 2015-02-02
2015-06-22 18:30:06,108 Starting Training from 2015-01-18 to 2015-02-02
2015-06-22 18:30:58,799 Starting Live from 2015-02-03 to 2015-02-18
2015-06-22 18:36:58,823 Starting Training from 2015-02-03 to 2015-02-18
2015-06-22 18:37:53,515 Starting Live from 2015-02-19 to 2015-03-06
2015-06-22 18:45:29,753 Starting Training from 2015-02-19 to 2015-03-06
2015-06-22 18:46:14,717 Starting Live from 2015-03-07 to 2015-03-22
2015-06-22 18:55:05,861 Starting Training from 2015-03-07 to 2015-03-22
2015-06-22 18:56:16,573 Starting Live from 2015-03-23 to 2015-04-07
2015-06-22 19:01:47,381 Starting Training from 2015-03-23 to 2015-04-07
2015-06-22 19:02:39,430 Starting Live from 2015-04-08 to 2015-04-10
2015-06-22 19:04:19,408 Starting Q Learning for : 
2015-06-22 19:04:19,408 alpha = 0.5
2015-06-22 19:04:19,410 gamma = 0.4
2015-06-22 19:04:19,410 individual factor = 8
2015-06-22 19:04:19,410 zero range = 0.006
2015-06-22 19:04:19,410 greedy level = 5
2015-06-22 19:04:19,410 

2015-06-22 19:04:22,229 Starting Training from 2014-12-17 to 2015-01-01
2015-06-22 19:09:24,114 Starting Live from 2015-01-02 to 2015-01-17
2015-06-22 19:16:02,451 Starting Training from 2015-01-02 to 2015-01-17
2015-06-22 19:16:49,773 Starting Live from 2015-01-18 to 2015-02-02
2015-06-22 19:23:17,727 Starting Training from 2015-01-18 to 2015-02-02
2015-06-22 19:24:06,272 Starting Live from 2015-02-03 to 2015-02-18
2015-06-22 19:29:37,354 Starting Training from 2015-02-03 to 2015-02-18
2015-06-22 19:30:22,026 Starting Live from 2015-02-19 to 2015-03-06
2015-06-22 19:36:15,796 Starting Training from 2015-02-19 to 2015-03-06
2015-06-22 19:36:52,644 Starting Live from 2015-03-07 to 2015-03-22
2015-06-22 19:46:05,111 Starting Training from 2015-03-07 to 2015-03-22
2015-06-22 19:47:05,009 Starting Live from 2015-03-23 to 2015-04-07
2015-06-22 19:53:13,792 Starting Training from 2015-03-23 to 2015-04-07
2015-06-22 19:53:50,799 Starting Live from 2015-04-08 to 2015-04-10
2015-06-22 19:56:17,842 Starting Q Learning for : 
2015-06-22 19:56:17,842 alpha = 0.5
2015-06-22 19:56:17,842 gamma = 0.5
2015-06-22 19:56:17,842 individual factor = 8
2015-06-22 19:56:17,842 zero range = 0.006
2015-06-22 19:56:17,842 greedy level = 5
2015-06-22 19:56:17,842 

2015-06-22 19:56:22,290 Starting Training from 2014-12-17 to 2015-01-01
2015-06-22 20:02:46,390 Starting Live from 2015-01-02 to 2015-01-17
2015-06-22 20:10:05,128 Starting Training from 2015-01-02 to 2015-01-17
2015-06-22 20:10:53,210 Starting Live from 2015-01-18 to 2015-02-02
2015-06-22 20:16:39,869 Starting Training from 2015-01-18 to 2015-02-02
2015-06-22 20:17:29,990 Starting Live from 2015-02-03 to 2015-02-18
2015-06-22 20:23:18,316 Starting Training from 2015-02-03 to 2015-02-18
2015-06-22 20:24:47,648 Starting Live from 2015-02-19 to 2015-03-06
2015-06-22 20:32:20,795 Starting Training from 2015-02-19 to 2015-03-06
2015-06-22 20:32:58,025 Starting Live from 2015-03-07 to 2015-03-22
2015-06-22 20:40:57,188 Starting Training from 2015-03-07 to 2015-03-22
2015-06-22 20:42:10,578 Starting Live from 2015-03-23 to 2015-04-07
2015-06-22 20:48:13,019 Starting Training from 2015-03-23 to 2015-04-07
2015-06-22 20:48:51,878 Starting Live from 2015-04-08 to 2015-04-10
2015-06-22 20:50:50,842 Starting Q Learning for : 
2015-06-22 20:50:50,842 alpha = 0.5
2015-06-22 20:50:50,842 gamma = 0.6
2015-06-22 20:50:50,842 individual factor = 8
2015-06-22 20:50:50,842 zero range = 0.006
2015-06-22 20:50:50,842 greedy level = 5
2015-06-22 20:50:50,842 

2015-06-22 20:50:53,890 Starting Training from 2014-12-17 to 2015-01-01
2015-06-22 20:56:16,589 Starting Live from 2015-01-02 to 2015-01-17
2015-06-22 21:03:02,322 Starting Training from 2015-01-02 to 2015-01-17
2015-06-22 21:04:08,417 Starting Live from 2015-01-18 to 2015-02-02
2015-06-22 21:10:43,576 Starting Training from 2015-01-18 to 2015-02-02
2015-06-22 21:11:39,568 Starting Live from 2015-02-03 to 2015-02-18
2015-06-22 21:17:18,539 Starting Training from 2015-02-03 to 2015-02-18
2015-06-22 21:18:10,272 Starting Live from 2015-02-19 to 2015-03-06
2015-06-22 21:24:35,062 Starting Training from 2015-02-19 to 2015-03-06
2015-06-22 21:25:27,885 Starting Live from 2015-03-07 to 2015-03-22
2015-06-22 21:33:54,503 Starting Training from 2015-03-07 to 2015-03-22
2015-06-22 21:35:01,611 Starting Live from 2015-03-23 to 2015-04-07
2015-06-22 21:40:24,177 Starting Training from 2015-03-23 to 2015-04-07
2015-06-22 21:41:06,516 Starting Live from 2015-04-08 to 2015-04-10
2015-06-22 21:42:40,042 Starting Q Learning for : 
2015-06-22 21:42:40,042 alpha = 0.5
2015-06-22 21:42:40,042 gamma = 0.7
2015-06-22 21:42:40,042 individual factor = 8
2015-06-22 21:42:40,042 zero range = 0.006
2015-06-22 21:42:40,042 greedy level = 5
2015-06-22 21:42:40,042 

2015-06-22 21:42:43,788 Starting Training from 2014-12-17 to 2015-01-01
2015-06-22 21:48:34,744 Starting Live from 2015-01-02 to 2015-01-17
2015-06-22 21:55:28,239 Starting Training from 2015-01-02 to 2015-01-17
2015-06-22 21:56:21,637 Starting Live from 2015-01-18 to 2015-02-02
2015-06-22 22:02:09,328 Starting Training from 2015-01-18 to 2015-02-02
2015-06-22 22:02:59,740 Starting Live from 2015-02-03 to 2015-02-18
2015-06-22 22:09:14,602 Starting Training from 2015-02-03 to 2015-02-18
2015-06-22 22:10:06,348 Starting Live from 2015-02-19 to 2015-03-06
2015-06-22 22:16:19,588 Starting Training from 2015-02-19 to 2015-03-06
2015-06-22 22:16:58,967 Starting Live from 2015-03-07 to 2015-03-22
2015-06-22 22:27:10,283 Starting Training from 2015-03-07 to 2015-03-22
2015-06-22 22:28:06,799 Starting Live from 2015-03-23 to 2015-04-07
2015-06-22 22:34:24,721 Starting Training from 2015-03-23 to 2015-04-07
2015-06-22 22:35:03,717 Starting Live from 2015-04-08 to 2015-04-10
2015-06-22 22:36:47,846 Starting Q Learning for : 
2015-06-22 22:36:47,846 alpha = 0.5
2015-06-22 22:36:47,846 gamma = 0.8
2015-06-22 22:36:47,846 individual factor = 8
2015-06-22 22:36:47,846 zero range = 0.006
2015-06-22 22:36:47,846 greedy level = 5
2015-06-22 22:36:47,846 

2015-06-22 22:36:50,701 Starting Training from 2014-12-17 to 2015-01-01
2015-06-22 22:42:02,812 Starting Live from 2015-01-02 to 2015-01-17
2015-06-22 22:48:40,289 Starting Training from 2015-01-02 to 2015-01-17
2015-06-22 22:49:32,625 Starting Live from 2015-01-18 to 2015-02-02
2015-06-22 22:56:05,911 Starting Training from 2015-01-18 to 2015-02-02
2015-06-22 22:56:55,667 Starting Live from 2015-02-03 to 2015-02-18
2015-06-22 23:02:31,750 Starting Training from 2015-02-03 to 2015-02-18
2015-06-22 23:03:25,865 Starting Live from 2015-02-19 to 2015-03-06
2015-06-22 23:09:50,727 Starting Training from 2015-02-19 to 2015-03-06
2015-06-22 23:10:36,645 Starting Live from 2015-03-07 to 2015-03-22
2015-06-22 23:20:21,628 Starting Training from 2015-03-07 to 2015-03-22
2015-06-22 23:21:15,976 Starting Live from 2015-03-23 to 2015-04-07
2015-06-22 23:26:13,788 Starting Training from 2015-03-23 to 2015-04-07
2015-06-22 23:26:49,250 Starting Live from 2015-04-08 to 2015-04-10
2015-06-22 23:28:33,805 Starting Q Learning for : 
2015-06-22 23:28:33,805 alpha = 0.6
2015-06-22 23:28:33,805 gamma = 0.1
2015-06-22 23:28:33,805 individual factor = 8
2015-06-22 23:28:33,805 zero range = 0.006
2015-06-22 23:28:33,805 greedy level = 5
2015-06-22 23:28:33,805 

2015-06-22 23:28:36,243 Starting Training from 2014-12-17 to 2015-01-01
2015-06-22 23:34:24,944 Starting Live from 2015-01-02 to 2015-01-17
2015-06-22 23:41:08,260 Starting Training from 2015-01-02 to 2015-01-17
2015-06-22 23:41:53,756 Starting Live from 2015-01-18 to 2015-02-02
2015-06-22 23:47:50,816 Starting Training from 2015-01-18 to 2015-02-02
2015-06-22 23:48:41,686 Starting Live from 2015-02-03 to 2015-02-18
2015-06-22 23:54:47,795 Starting Training from 2015-02-03 to 2015-02-18
2015-06-22 23:55:44,730 Starting Live from 2015-02-19 to 2015-03-06
2015-06-23 00:01:41,013 Starting Training from 2015-02-19 to 2015-03-06
2015-06-23 00:02:19,322 Starting Live from 2015-03-07 to 2015-03-22
2015-06-23 00:10:12,091 Starting Training from 2015-03-07 to 2015-03-22
2015-06-23 00:11:17,591 Starting Live from 2015-03-23 to 2015-04-07
2015-06-23 00:17:04,621 Starting Training from 2015-03-23 to 2015-04-07
2015-06-23 00:17:47,453 Starting Live from 2015-04-08 to 2015-04-10
2015-06-23 00:19:34,641 Starting Q Learning for : 
2015-06-23 00:19:34,641 alpha = 0.6
2015-06-23 00:19:34,641 gamma = 0.2
2015-06-23 00:19:34,641 individual factor = 8
2015-06-23 00:19:34,641 zero range = 0.006
2015-06-23 00:19:34,641 greedy level = 5
2015-06-23 00:19:34,641 

2015-06-23 00:19:40,605 Starting Training from 2014-12-17 to 2015-01-01
2015-06-23 00:24:44,190 Starting Live from 2015-01-02 to 2015-01-17
2015-06-23 00:31:16,628 Starting Training from 2015-01-02 to 2015-01-17
2015-06-23 00:32:06,349 Starting Live from 2015-01-18 to 2015-02-02
2015-06-23 00:38:38,466 Starting Training from 2015-01-18 to 2015-02-02
2015-06-23 00:39:29,789 Starting Live from 2015-02-03 to 2015-02-18
2015-06-23 00:45:03,930 Starting Training from 2015-02-03 to 2015-02-18
2015-06-23 00:45:53,230 Starting Live from 2015-02-19 to 2015-03-06
2015-06-23 00:51:58,628 Starting Training from 2015-02-19 to 2015-03-06
2015-06-23 00:52:35,654 Starting Live from 2015-03-07 to 2015-03-22
2015-06-23 01:01:33,302 Starting Training from 2015-03-07 to 2015-03-22
2015-06-23 01:02:27,197 Starting Live from 2015-03-23 to 2015-04-07
2015-06-23 01:08:22,576 Starting Training from 2015-03-23 to 2015-04-07
2015-06-23 01:08:59,555 Starting Live from 2015-04-08 to 2015-04-10
2015-06-23 01:10:38,115 Starting Q Learning for : 
2015-06-23 01:10:38,115 alpha = 0.6
2015-06-23 01:10:38,115 gamma = 0.3
2015-06-23 01:10:38,115 individual factor = 8
2015-06-23 01:10:38,115 zero range = 0.006
2015-06-23 01:10:38,115 greedy level = 5
2015-06-23 01:10:38,115 

2015-06-23 01:10:43,076 Starting Training from 2014-12-17 to 2015-01-01
2015-06-23 01:15:47,236 Starting Live from 2015-01-02 to 2015-01-17
2015-06-23 01:23:15,372 Starting Training from 2015-01-02 to 2015-01-17
2015-06-23 01:24:02,809 Starting Live from 2015-01-18 to 2015-02-02
2015-06-23 01:29:56,203 Starting Training from 2015-01-18 to 2015-02-02
2015-06-23 01:30:51,292 Starting Live from 2015-02-03 to 2015-02-18
2015-06-23 01:36:40,035 Starting Training from 2015-02-03 to 2015-02-18
2015-06-23 01:37:28,898 Starting Live from 2015-02-19 to 2015-03-06
2015-06-23 01:44:05,813 Starting Training from 2015-02-19 to 2015-03-06
2015-06-23 01:44:44,486 Starting Live from 2015-03-07 to 2015-03-22
2015-06-23 01:52:40,707 Starting Training from 2015-03-07 to 2015-03-22
2015-06-23 01:53:41,723 Starting Live from 2015-03-23 to 2015-04-07
2015-06-23 01:58:56,592 Starting Training from 2015-03-23 to 2015-04-07
2015-06-23 01:59:38,178 Starting Live from 2015-04-08 to 2015-04-10
2015-06-23 02:02:14,321 Starting Q Learning for : 
2015-06-23 02:02:14,321 alpha = 0.6
2015-06-23 02:02:14,321 gamma = 0.4
2015-06-23 02:02:14,321 individual factor = 8
2015-06-23 02:02:14,322 zero range = 0.006
2015-06-23 02:02:14,322 greedy level = 5
2015-06-23 02:02:14,322 

2015-06-23 02:02:21,121 Starting Training from 2014-12-17 to 2015-01-01
2015-06-23 02:07:35,078 Starting Live from 2015-01-02 to 2015-01-17
2015-06-23 02:14:12,779 Starting Training from 2015-01-02 to 2015-01-17
2015-06-23 02:14:58,813 Starting Live from 2015-01-18 to 2015-02-02
2015-06-23 02:20:51,842 Starting Training from 2015-01-18 to 2015-02-02
2015-06-23 02:21:56,701 Starting Live from 2015-02-03 to 2015-02-18
2015-06-23 02:28:13,276 Starting Training from 2015-02-03 to 2015-02-18
2015-06-23 02:28:59,260 Starting Live from 2015-02-19 to 2015-03-06
2015-06-23 02:34:59,515 Starting Training from 2015-02-19 to 2015-03-06
2015-06-23 02:35:37,232 Starting Live from 2015-03-07 to 2015-03-22
2015-06-23 02:44:17,141 Starting Training from 2015-03-07 to 2015-03-22
2015-06-23 02:45:21,441 Starting Live from 2015-03-23 to 2015-04-07
2015-06-23 02:50:35,555 Starting Training from 2015-03-23 to 2015-04-07
2015-06-23 02:51:15,331 Starting Live from 2015-04-08 to 2015-04-10
2015-06-23 02:52:57,118 Starting Q Learning for : 
2015-06-23 02:52:57,118 alpha = 0.6
2015-06-23 02:52:57,118 gamma = 0.5
2015-06-23 02:52:57,118 individual factor = 8
2015-06-23 02:52:57,118 zero range = 0.006
2015-06-23 02:52:57,118 greedy level = 5
2015-06-23 02:52:57,118 

2015-06-23 02:53:02,345 Starting Training from 2014-12-17 to 2015-01-01
2015-06-23 02:58:01,045 Starting Live from 2015-01-02 to 2015-01-17
2015-06-23 03:05:10,746 Starting Training from 2015-01-02 to 2015-01-17
2015-06-23 03:06:12,259 Starting Live from 2015-01-18 to 2015-02-02
2015-06-23 03:12:15,789 Starting Training from 2015-01-18 to 2015-02-02
2015-06-23 03:13:06,325 Starting Live from 2015-02-03 to 2015-02-18
2015-06-23 03:18:34,174 Starting Training from 2015-02-03 to 2015-02-18
2015-06-23 03:19:26,887 Starting Live from 2015-02-19 to 2015-03-06
2015-06-23 03:26:02,559 Starting Training from 2015-02-19 to 2015-03-06
2015-06-23 03:26:51,078 Starting Live from 2015-03-07 to 2015-03-22
2015-06-23 03:35:30,635 Starting Training from 2015-03-07 to 2015-03-22
2015-06-23 03:36:23,069 Starting Live from 2015-03-23 to 2015-04-07
2015-06-23 03:41:40,614 Starting Training from 2015-03-23 to 2015-04-07
2015-06-23 03:42:19,160 Starting Live from 2015-04-08 to 2015-04-10
2015-06-23 03:43:52,944 Starting Q Learning for : 
2015-06-23 03:43:52,946 alpha = 0.6
2015-06-23 03:43:52,946 gamma = 0.6
2015-06-23 03:43:52,946 individual factor = 8
2015-06-23 03:43:52,946 zero range = 0.006
2015-06-23 03:43:52,946 greedy level = 5
2015-06-23 03:43:52,946 

2015-06-23 03:43:57,851 Starting Training from 2014-12-17 to 2015-01-01
2015-06-23 03:49:46,805 Starting Live from 2015-01-02 to 2015-01-17
2015-06-23 03:56:22,931 Starting Training from 2015-01-02 to 2015-01-17
2015-06-23 03:57:12,769 Starting Live from 2015-01-18 to 2015-02-02
2015-06-23 04:03:25,313 Starting Training from 2015-01-18 to 2015-02-02
2015-06-23 04:04:16,400 Starting Live from 2015-02-03 to 2015-02-18
2015-06-23 04:11:02,579 Starting Training from 2015-02-03 to 2015-02-18
2015-06-23 04:11:50,375 Starting Live from 2015-02-19 to 2015-03-06
2015-06-23 04:18:21,167 Starting Training from 2015-02-19 to 2015-03-06
2015-06-23 04:18:56,928 Starting Live from 2015-03-07 to 2015-03-22
2015-06-23 04:27:07,631 Starting Training from 2015-03-07 to 2015-03-22
2015-06-23 04:28:14,046 Starting Live from 2015-03-23 to 2015-04-07
2015-06-23 04:34:18,434 Starting Training from 2015-03-23 to 2015-04-07
2015-06-23 04:34:56,318 Starting Live from 2015-04-08 to 2015-04-10
2015-06-23 04:36:46,990 Starting Q Learning for : 
2015-06-23 04:36:46,992 alpha = 0.6
2015-06-23 04:36:46,992 gamma = 0.7
2015-06-23 04:36:46,992 individual factor = 8
2015-06-23 04:36:46,992 zero range = 0.006
2015-06-23 04:36:46,992 greedy level = 5
2015-06-23 04:36:46,992 

2015-06-23 04:36:51,592 Starting Training from 2014-12-17 to 2015-01-01
2015-06-23 04:42:03,427 Starting Live from 2015-01-02 to 2015-01-17
2015-06-23 04:48:35,911 Starting Training from 2015-01-02 to 2015-01-17
2015-06-23 04:49:23,357 Starting Live from 2015-01-18 to 2015-02-02
2015-06-23 04:56:21,096 Starting Training from 2015-01-18 to 2015-02-02
2015-06-23 04:57:11,078 Starting Live from 2015-02-03 to 2015-02-18
2015-06-23 05:03:05,756 Starting Training from 2015-02-03 to 2015-02-18
2015-06-23 05:03:51,584 Starting Live from 2015-02-19 to 2015-03-06
2015-06-23 05:10:27,569 Starting Training from 2015-02-19 to 2015-03-06
2015-06-23 05:11:09,700 Starting Live from 2015-03-07 to 2015-03-22
2015-06-23 05:20:05,862 Starting Training from 2015-03-07 to 2015-03-22
2015-06-23 05:21:12,153 Starting Live from 2015-03-23 to 2015-04-07
2015-06-23 05:26:26,594 Starting Training from 2015-03-23 to 2015-04-07
2015-06-23 05:27:04,529 Starting Live from 2015-04-08 to 2015-04-10
2015-06-23 05:28:49,723 Starting Q Learning for : 
2015-06-23 05:28:49,723 alpha = 0.6
2015-06-23 05:28:49,723 gamma = 0.8
2015-06-23 05:28:49,723 individual factor = 8
2015-06-23 05:28:49,723 zero range = 0.006
2015-06-23 05:28:49,723 greedy level = 5
2015-06-23 05:28:49,723 

2015-06-23 05:28:56,023 Starting Training from 2014-12-17 to 2015-01-01
2015-06-23 05:34:36,960 Starting Live from 2015-01-02 to 2015-01-17
2015-06-23 05:41:35,053 Starting Training from 2015-01-02 to 2015-01-17
2015-06-23 05:42:26,161 Starting Live from 2015-01-18 to 2015-02-02
2015-06-23 05:48:15,575 Starting Training from 2015-01-18 to 2015-02-02
2015-06-23 05:49:05,082 Starting Live from 2015-02-03 to 2015-02-18
2015-06-23 05:54:51,280 Starting Training from 2015-02-03 to 2015-02-18
2015-06-23 05:55:55,298 Starting Live from 2015-02-19 to 2015-03-06
2015-06-23 06:02:09,572 Starting Training from 2015-02-19 to 2015-03-06
2015-06-23 06:02:47,904 Starting Live from 2015-03-07 to 2015-03-22
2015-06-23 06:10:58,796 Starting Training from 2015-03-07 to 2015-03-22
2015-06-23 06:11:52,263 Starting Live from 2015-03-23 to 2015-04-07
2015-06-23 06:17:11,868 Starting Training from 2015-03-23 to 2015-04-07
2015-06-23 06:18:08,062 Starting Live from 2015-04-08 to 2015-04-10
2015-06-23 06:19:39,884 Starting Q Learning for : 
2015-06-23 06:19:39,884 alpha = 0.4
2015-06-23 06:19:39,884 gamma = 0.1
2015-06-23 06:19:39,884 individual factor = 8
2015-06-23 06:19:39,884 zero range = 0.006
2015-06-23 06:19:39,884 greedy level = 5
2015-06-23 06:19:39,884 

2015-06-23 06:19:42,996 Starting Training from 2014-12-17 to 2015-01-01
2015-06-23 06:24:49,177 Starting Live from 2015-01-02 to 2015-01-17
2015-06-23 06:31:22,607 Starting Training from 2015-01-02 to 2015-01-17
2015-06-23 06:32:10,588 Starting Live from 2015-01-18 to 2015-02-02
2015-06-23 06:38:45,055 Starting Training from 2015-01-18 to 2015-02-02
2015-06-23 06:39:46,661 Starting Live from 2015-02-03 to 2015-02-18
2015-06-23 06:45:32,165 Starting Training from 2015-02-03 to 2015-02-18
2015-06-23 06:46:17,335 Starting Live from 2015-02-19 to 2015-03-06
2015-06-23 06:52:18,539 Starting Training from 2015-02-19 to 2015-03-06
2015-06-23 06:52:54,990 Starting Live from 2015-03-07 to 2015-03-22
2015-06-23 07:02:06,286 Starting Training from 2015-03-07 to 2015-03-22
2015-06-23 07:02:59,660 Starting Live from 2015-03-23 to 2015-04-07
2015-06-23 07:08:42,861 Starting Training from 2015-03-23 to 2015-04-07
2015-06-23 07:09:20,549 Starting Live from 2015-04-08 to 2015-04-10
2015-06-23 07:11:12,196 Starting Q Learning for : 
2015-06-23 07:11:12,196 alpha = 0.4
2015-06-23 07:11:12,196 gamma = 0.2
2015-06-23 07:11:12,196 individual factor = 8
2015-06-23 07:11:12,196 zero range = 0.006
2015-06-23 07:11:12,196 greedy level = 5
2015-06-23 07:11:12,196 

2015-06-23 07:11:18,252 Starting Training from 2014-12-17 to 2015-01-01
2015-06-23 07:16:24,555 Starting Live from 2015-01-02 to 2015-01-17
2015-06-23 07:24:00,309 Starting Training from 2015-01-02 to 2015-01-17
2015-06-23 07:24:47,269 Starting Live from 2015-01-18 to 2015-02-02
2015-06-23 07:30:36,944 Starting Training from 2015-01-18 to 2015-02-02
2015-06-23 07:31:24,507 Starting Live from 2015-02-03 to 2015-02-18
2015-06-23 07:37:03,954 Starting Training from 2015-02-03 to 2015-02-18
2015-06-23 07:37:56,099 Starting Live from 2015-02-19 to 2015-03-06
2015-06-23 07:45:19,391 Starting Training from 2015-02-19 to 2015-03-06
2015-06-23 07:45:57,743 Starting Live from 2015-03-07 to 2015-03-22
2015-06-23 07:53:55,894 Starting Training from 2015-03-07 to 2015-03-22
2015-06-23 07:55:05,786 Starting Live from 2015-03-23 to 2015-04-07
2015-06-23 08:00:26,553 Starting Training from 2015-03-23 to 2015-04-07
2015-06-23 08:01:06,431 Starting Live from 2015-04-08 to 2015-04-10
2015-06-23 08:03:40,388 Starting Q Learning for : 
2015-06-23 08:03:40,390 alpha = 0.4
2015-06-23 08:03:40,390 gamma = 0.3
2015-06-23 08:03:40,390 individual factor = 8
2015-06-23 08:03:40,390 zero range = 0.006
2015-06-23 08:03:40,390 greedy level = 5
2015-06-23 08:03:40,390 

2015-06-23 08:03:43,141 Starting Training from 2014-12-17 to 2015-01-01
2015-06-23 08:09:07,098 Starting Live from 2015-01-02 to 2015-01-17
2015-06-23 08:15:53,430 Starting Training from 2015-01-02 to 2015-01-17
2015-06-23 08:16:40,334 Starting Live from 2015-01-18 to 2015-02-02
2015-06-23 08:22:37,309 Starting Training from 2015-01-18 to 2015-02-02
2015-06-23 08:23:49,428 Starting Live from 2015-02-03 to 2015-02-18
2015-06-23 08:29:53,746 Starting Training from 2015-02-03 to 2015-02-18
2015-06-23 08:30:38,803 Starting Live from 2015-02-19 to 2015-03-06
2015-06-23 08:36:45,852 Starting Training from 2015-02-19 to 2015-03-06
2015-06-23 08:37:23,209 Starting Live from 2015-03-07 to 2015-03-22
2015-06-23 08:46:24,325 Starting Training from 2015-03-07 to 2015-03-22
2015-06-23 08:47:28,028 Starting Live from 2015-03-23 to 2015-04-07
2015-06-23 08:52:25,288 Starting Training from 2015-03-23 to 2015-04-07
2015-06-23 08:53:13,403 Starting Live from 2015-04-08 to 2015-04-10
2015-06-23 08:54:46,137 Starting Q Learning for : 
2015-06-23 08:54:46,137 alpha = 0.4
2015-06-23 08:54:46,137 gamma = 0.4
2015-06-23 08:54:46,137 individual factor = 8
2015-06-23 08:54:46,137 zero range = 0.006
2015-06-23 08:54:46,137 greedy level = 5
2015-06-23 08:54:46,137 

2015-06-23 08:54:51,134 Starting Training from 2014-12-17 to 2015-01-01
2015-06-23 08:59:50,269 Starting Live from 2015-01-02 to 2015-01-17
2015-06-23 09:06:52,339 Starting Training from 2015-01-02 to 2015-01-17
2015-06-23 09:07:52,671 Starting Live from 2015-01-18 to 2015-02-02
2015-06-23 09:13:55,601 Starting Training from 2015-01-18 to 2015-02-02
2015-06-23 09:14:46,213 Starting Live from 2015-02-03 to 2015-02-18
2015-06-23 09:20:21,782 Starting Training from 2015-02-03 to 2015-02-18
2015-06-23 09:21:08,717 Starting Live from 2015-02-19 to 2015-03-06
2015-06-23 09:27:36,009 Starting Training from 2015-02-19 to 2015-03-06
2015-06-23 09:28:29,617 Starting Live from 2015-03-07 to 2015-03-22
2015-06-23 09:38:12,740 Starting Training from 2015-03-07 to 2015-03-22
2015-06-23 09:39:12,607 Starting Live from 2015-03-23 to 2015-04-07
2015-06-23 09:45:14,864 Starting Training from 2015-03-23 to 2015-04-07
2015-06-23 09:45:51,499 Starting Live from 2015-04-08 to 2015-04-10
2015-06-23 09:47:36,490 Starting Q Learning for : 
2015-06-23 09:47:36,490 alpha = 0.4
2015-06-23 09:47:36,490 gamma = 0.5
2015-06-23 09:47:36,490 individual factor = 8
2015-06-23 09:47:36,490 zero range = 0.006
2015-06-23 09:47:36,490 greedy level = 5
2015-06-23 09:47:36,490 

2015-06-23 09:47:39,617 Starting Training from 2014-12-17 to 2015-01-01
2015-06-23 09:53:23,201 Starting Live from 2015-01-02 to 2015-01-17
2015-06-23 09:59:51,532 Starting Training from 2015-01-02 to 2015-01-17
2015-06-23 10:00:39,500 Starting Live from 2015-01-18 to 2015-02-02
2015-06-23 10:06:42,611 Starting Training from 2015-01-18 to 2015-02-02
2015-06-23 10:07:32,756 Starting Live from 2015-02-03 to 2015-02-18
2015-06-23 10:14:04,673 Starting Training from 2015-02-03 to 2015-02-18
2015-06-23 10:14:57,736 Starting Live from 2015-02-19 to 2015-03-06
2015-06-23 10:22:09,329 Starting Training from 2015-02-19 to 2015-03-06
2015-06-23 10:22:48,217 Starting Live from 2015-03-07 to 2015-03-22
2015-06-23 10:34:40,573 Starting Training from 2015-03-07 to 2015-03-22
2015-06-23 10:35:36,155 Starting Live from 2015-03-23 to 2015-04-07
2015-06-23 10:42:38,983 Starting Training from 2015-03-23 to 2015-04-07
2015-06-23 10:43:15,352 Starting Live from 2015-04-08 to 2015-04-10
2015-06-23 10:45:56,664 Starting Q Learning for : 
2015-06-23 10:45:56,664 alpha = 0.4
2015-06-23 10:45:56,664 gamma = 0.6
2015-06-23 10:45:56,664 individual factor = 8
2015-06-23 10:45:56,665 zero range = 0.006
2015-06-23 10:45:56,665 greedy level = 5
2015-06-23 10:45:56,665 

2015-06-23 10:46:00,381 Starting Training from 2014-12-17 to 2015-01-01
2015-06-23 10:51:01,934 Starting Live from 2015-01-02 to 2015-01-17
2015-06-23 10:58:25,407 Starting Training from 2015-01-02 to 2015-01-17
2015-06-23 10:59:10,529 Starting Live from 2015-01-18 to 2015-02-02
2015-06-23 11:05:00,490 Starting Training from 2015-01-18 to 2015-02-02
2015-06-23 11:05:51,861 Starting Live from 2015-02-03 to 2015-02-18
2015-06-23 11:11:31,684 Starting Training from 2015-02-03 to 2015-02-18
2015-06-23 11:12:16,283 Starting Live from 2015-02-19 to 2015-03-06
2015-06-23 11:19:17,477 Starting Training from 2015-02-19 to 2015-03-06
2015-06-23 11:19:55,138 Starting Live from 2015-03-07 to 2015-03-22
2015-06-23 11:28:13,107 Starting Training from 2015-03-07 to 2015-03-22
2015-06-23 11:29:06,822 Starting Live from 2015-03-23 to 2015-04-07
2015-06-23 11:35:38,447 Starting Training from 2015-03-23 to 2015-04-07
2015-06-23 11:36:27,848 Starting Live from 2015-04-08 to 2015-04-10
2015-06-23 11:38:56,232 Starting Q Learning for : 
2015-06-23 11:38:56,232 alpha = 0.4
2015-06-23 11:38:56,233 gamma = 0.7
2015-06-23 11:38:56,233 individual factor = 8
2015-06-23 11:38:56,233 zero range = 0.006
2015-06-23 11:38:56,233 greedy level = 5
2015-06-23 11:38:56,233 

2015-06-23 11:38:58,430 Starting Training from 2014-12-17 to 2015-01-01
2015-06-23 11:44:07,184 Starting Live from 2015-01-02 to 2015-01-17
2015-06-23 11:50:48,109 Starting Training from 2015-01-02 to 2015-01-17
2015-06-23 11:51:34,111 Starting Live from 2015-01-18 to 2015-02-02
2015-06-23 11:58:08,572 Starting Training from 2015-01-18 to 2015-02-02
2015-06-23 11:59:03,905 Starting Live from 2015-02-03 to 2015-02-18
2015-06-23 12:04:56,388 Starting Training from 2015-02-03 to 2015-02-18
2015-06-23 12:05:40,967 Starting Live from 2015-02-19 to 2015-03-06
2015-06-23 12:11:38,391 Starting Training from 2015-02-19 to 2015-03-06
2015-06-23 12:12:21,351 Starting Live from 2015-03-07 to 2015-03-22
2015-06-23 12:21:25,417 Starting Training from 2015-03-07 to 2015-03-22
2015-06-23 12:22:46,515 Starting Live from 2015-03-23 to 2015-04-07
2015-06-23 12:28:16,321 Starting Training from 2015-03-23 to 2015-04-07
2015-06-23 12:28:57,493 Starting Live from 2015-04-08 to 2015-04-10
2015-06-23 12:30:45,894 Starting Q Learning for : 
2015-06-23 12:30:45,894 alpha = 0.4
2015-06-23 12:30:45,894 gamma = 0.8
2015-06-23 12:30:45,894 individual factor = 8
2015-06-23 12:30:45,894 zero range = 0.006
2015-06-23 12:30:45,894 greedy level = 5
2015-06-23 12:30:45,894 

2015-06-23 12:30:48,594 Starting Training from 2014-12-17 to 2015-01-01
2015-06-23 12:36:33,266 Starting Live from 2015-01-02 to 2015-01-17
2015-06-23 12:44:27,744 Starting Training from 2015-01-02 to 2015-01-17
2015-06-23 12:45:17,740 Starting Live from 2015-01-18 to 2015-02-02
2015-06-23 12:52:05,641 Starting Training from 2015-01-18 to 2015-02-02
2015-06-23 12:53:00,698 Starting Live from 2015-02-03 to 2015-02-18
2015-06-23 12:58:44,496 Starting Training from 2015-02-03 to 2015-02-18
2015-06-23 12:59:39,306 Starting Live from 2015-02-19 to 2015-03-06
2015-06-23 13:06:43,703 Starting Training from 2015-02-19 to 2015-03-06
2015-06-23 13:07:24,788 Starting Live from 2015-03-07 to 2015-03-22
2015-06-23 13:15:44,415 Starting Training from 2015-03-07 to 2015-03-22
2015-06-23 13:16:42,160 Starting Live from 2015-03-23 to 2015-04-07
2015-06-23 13:22:02,986 Starting Training from 2015-03-23 to 2015-04-07
2015-06-23 13:22:48,013 Starting Live from 2015-04-08 to 2015-04-10
2015-06-23 13:25:11,553 Starting Q Learning for : 
2015-06-23 13:25:11,553 alpha = 0.2
2015-06-23 13:25:11,553 gamma = 0.1
2015-06-23 13:25:11,553 individual factor = 8
2015-06-23 13:25:11,553 zero range = 0.006
2015-06-23 13:25:11,553 greedy level = 5
2015-06-23 13:25:11,553 

2015-06-23 13:25:14,299 Starting Training from 2014-12-17 to 2015-01-01
2015-06-23 13:30:59,390 Starting Live from 2015-01-02 to 2015-01-17
2015-06-23 13:38:11,859 Starting Training from 2015-01-02 to 2015-01-17
2015-06-23 13:39:03,607 Starting Live from 2015-01-18 to 2015-02-02
2015-06-23 13:45:59,473 Starting Training from 2015-01-18 to 2015-02-02
2015-06-23 13:47:10,026 Starting Live from 2015-02-03 to 2015-02-18
2015-06-23 13:53:55,769 Starting Training from 2015-02-03 to 2015-02-18
2015-06-23 13:54:42,612 Starting Live from 2015-02-19 to 2015-03-06
2015-06-23 14:01:23,461 Starting Training from 2015-02-19 to 2015-03-06
2015-06-23 14:02:01,542 Starting Live from 2015-03-07 to 2015-03-22
2015-06-23 14:12:35,589 Starting Training from 2015-03-07 to 2015-03-22
2015-06-23 14:13:39,819 Starting Live from 2015-03-23 to 2015-04-07
2015-06-23 14:19:21,559 Starting Training from 2015-03-23 to 2015-04-07
2015-06-23 14:20:18,448 Starting Live from 2015-04-08 to 2015-04-10
2015-06-23 14:22:26,842 Starting Q Learning for : 
2015-06-23 14:22:26,842 alpha = 0.2
2015-06-23 14:22:26,842 gamma = 0.2
2015-06-23 14:22:26,842 individual factor = 8
2015-06-23 14:22:26,842 zero range = 0.006
2015-06-23 14:22:26,842 greedy level = 5
2015-06-23 14:22:26,842 

2015-06-23 14:22:29,568 Starting Training from 2014-12-17 to 2015-01-01
2015-06-23 14:28:22,266 Starting Live from 2015-01-02 to 2015-01-17
2015-06-23 14:36:47,242 Starting Training from 2015-01-02 to 2015-01-17
2015-06-23 14:37:41,187 Starting Live from 2015-01-18 to 2015-02-02
2015-06-23 14:44:28,298 Starting Training from 2015-01-18 to 2015-02-02
2015-06-23 14:45:22,411 Starting Live from 2015-02-03 to 2015-02-18
2015-06-23 14:52:11,628 Starting Training from 2015-02-03 to 2015-02-18
2015-06-23 14:53:12,589 Starting Live from 2015-02-19 to 2015-03-06
2015-06-23 15:00:20,967 Starting Training from 2015-02-19 to 2015-03-06
2015-06-23 15:01:01,872 Starting Live from 2015-03-07 to 2015-03-22
2015-06-23 15:10:55,681 Starting Training from 2015-03-07 to 2015-03-22
2015-06-23 15:12:04,138 Starting Live from 2015-03-23 to 2015-04-07
2015-06-23 15:18:29,848 Starting Training from 2015-03-23 to 2015-04-07
2015-06-23 15:19:15,736 Starting Live from 2015-04-08 to 2015-04-10
2015-06-23 15:21:17,125 Starting Q Learning for : 
2015-06-23 15:21:17,125 alpha = 0.2
2015-06-23 15:21:17,125 gamma = 0.3
2015-06-23 15:21:17,125 individual factor = 8
2015-06-23 15:21:17,127 zero range = 0.006
2015-06-23 15:21:17,127 greedy level = 5
2015-06-23 15:21:17,127 

2015-06-23 15:21:19,325 Starting Training from 2014-12-17 to 2015-01-01
2015-06-23 15:26:51,131 Starting Live from 2015-01-02 to 2015-01-17
2015-06-23 15:34:05,698 Starting Training from 2015-01-02 to 2015-01-17
2015-06-23 15:34:55,667 Starting Live from 2015-01-18 to 2015-02-02
2015-06-23 15:42:24,124 Starting Training from 2015-01-18 to 2015-02-02
2015-06-23 15:43:16,779 Starting Live from 2015-02-03 to 2015-02-18
2015-06-23 15:49:48,286 Starting Training from 2015-02-03 to 2015-02-18
2015-06-23 15:50:38,354 Starting Live from 2015-02-19 to 2015-03-06
2015-06-23 15:57:38,345 Starting Training from 2015-02-19 to 2015-03-06
2015-06-23 15:58:33,930 Starting Live from 2015-03-07 to 2015-03-22
2015-06-23 16:08:06,546 Starting Training from 2015-03-07 to 2015-03-22
2015-06-23 16:09:14,976 Starting Live from 2015-03-23 to 2015-04-07
2015-06-23 16:14:53,888 Starting Training from 2015-03-23 to 2015-04-07
2015-06-23 16:15:34,351 Starting Live from 2015-04-08 to 2015-04-10
2015-06-23 16:17:32,339 Starting Q Learning for : 
2015-06-23 16:17:32,339 alpha = 0.2
2015-06-23 16:17:32,339 gamma = 0.4
2015-06-23 16:17:32,339 individual factor = 8
2015-06-23 16:17:32,339 zero range = 0.006
2015-06-23 16:17:32,341 greedy level = 5
2015-06-23 16:17:32,341 

2015-06-23 16:17:35,532 Starting Training from 2014-12-17 to 2015-01-01
2015-06-23 16:24:00,684 Starting Live from 2015-01-02 to 2015-01-17
2015-06-23 16:31:32,249 Starting Training from 2015-01-02 to 2015-01-17
2015-06-23 16:32:25,707 Starting Live from 2015-01-18 to 2015-02-02
2015-06-23 16:38:51,877 Starting Training from 2015-01-18 to 2015-02-02
2015-06-23 16:39:48,316 Starting Live from 2015-02-03 to 2015-02-18
2015-06-23 16:46:53,994 Starting Training from 2015-02-03 to 2015-02-18
2015-06-23 16:47:46,193 Starting Live from 2015-02-19 to 2015-03-06
2015-06-23 16:54:43,670 Starting Training from 2015-02-19 to 2015-03-06
2015-06-23 16:55:27,819 Starting Live from 2015-03-07 to 2015-03-22
2015-06-23 17:05:07,832 Starting Training from 2015-03-07 to 2015-03-22
2015-06-23 17:06:20,994 Starting Live from 2015-03-23 to 2015-04-07
2015-06-23 17:12:16,549 Starting Training from 2015-03-23 to 2015-04-07
2015-06-23 17:12:58,558 Starting Live from 2015-04-08 to 2015-04-10
2015-06-23 17:14:49,765 Starting Q Learning for : 
2015-06-23 17:14:49,765 alpha = 0.2
2015-06-23 17:14:49,765 gamma = 0.5
2015-06-23 17:14:49,765 individual factor = 8
2015-06-23 17:14:49,765 zero range = 0.006
2015-06-23 17:14:49,765 greedy level = 5
2015-06-23 17:14:49,765 

2015-06-23 17:14:52,453 Starting Training from 2014-12-17 to 2015-01-01
2015-06-23 17:20:27,842 Starting Live from 2015-01-02 to 2015-01-17
2015-06-23 17:28:06,549 Starting Training from 2015-01-02 to 2015-01-17
2015-06-23 17:29:12,457 Starting Live from 2015-01-18 to 2015-02-02
2015-06-23 17:36:12,270 Starting Training from 2015-01-18 to 2015-02-02
2015-06-23 17:37:04,536 Starting Live from 2015-02-03 to 2015-02-18
2015-06-23 17:43:46,918 Starting Training from 2015-02-03 to 2015-02-18
2015-06-23 17:44:39,009 Starting Live from 2015-02-19 to 2015-03-06
2015-06-23 17:52:22,933 Starting Training from 2015-02-19 to 2015-03-06
2015-06-23 17:53:08,176 Starting Live from 2015-03-07 to 2015-03-22
2015-06-23 18:03:32,568 Starting Training from 2015-03-07 to 2015-03-22
2015-06-23 18:04:32,063 Starting Live from 2015-03-23 to 2015-04-07
2015-06-23 18:11:26,950 Starting Training from 2015-03-23 to 2015-04-07
2015-06-23 18:12:24,388 Starting Live from 2015-04-08 to 2015-04-10
2015-06-23 18:14:47,585 Starting Q Learning for : 
2015-06-23 18:14:47,585 alpha = 0.2
2015-06-23 18:14:47,585 gamma = 0.6
2015-06-23 18:14:47,585 individual factor = 8
2015-06-23 18:14:47,585 zero range = 0.006
2015-06-23 18:14:47,585 greedy level = 5
2015-06-23 18:14:47,585 

2015-06-23 18:14:50,124 Starting Training from 2014-12-17 to 2015-01-01
2015-06-23 18:20:38,357 Starting Live from 2015-01-02 to 2015-01-17
2015-06-23 18:28:10,862 Starting Training from 2015-01-02 to 2015-01-17
2015-06-23 18:29:03,046 Starting Live from 2015-01-18 to 2015-02-02
2015-06-23 18:36:14,092 Starting Training from 2015-01-18 to 2015-02-02
2015-06-23 18:37:14,374 Starting Live from 2015-02-03 to 2015-02-18
2015-06-23 18:43:25,961 Starting Training from 2015-02-03 to 2015-02-18
2015-06-23 18:44:19,062 Starting Live from 2015-02-19 to 2015-03-06
2015-06-23 18:51:04,561 Starting Training from 2015-02-19 to 2015-03-06
2015-06-23 18:51:47,471 Starting Live from 2015-03-07 to 2015-03-22
2015-06-23 19:01:24,661 Starting Training from 2015-03-07 to 2015-03-22
2015-06-23 19:02:27,490 Starting Live from 2015-03-23 to 2015-04-07
2015-06-23 19:08:33,861 Starting Training from 2015-03-23 to 2015-04-07
2015-06-23 19:09:15,545 Starting Live from 2015-04-08 to 2015-04-10
2015-06-23 19:11:21,618 Starting Q Learning for : 
2015-06-23 19:11:21,618 alpha = 0.2
2015-06-23 19:11:21,618 gamma = 0.7
2015-06-23 19:11:21,618 individual factor = 8
2015-06-23 19:11:21,618 zero range = 0.006
2015-06-23 19:11:21,618 greedy level = 5
2015-06-23 19:11:21,618 

2015-06-23 19:11:24,055 Starting Training from 2014-12-17 to 2015-01-01
2015-06-23 19:17:06,611 Starting Live from 2015-01-02 to 2015-01-17
2015-06-23 19:25:14,842 Starting Training from 2015-01-02 to 2015-01-17
2015-06-23 19:26:05,766 Starting Live from 2015-01-18 to 2015-02-02
2015-06-23 19:32:34,506 Starting Training from 2015-01-18 to 2015-02-02
2015-06-23 19:33:29,447 Starting Live from 2015-02-03 to 2015-02-18
2015-06-23 19:40:03,295 Starting Training from 2015-02-03 to 2015-02-18
2015-06-23 19:41:06,759 Starting Live from 2015-02-19 to 2015-03-06
2015-06-23 19:48:13,576 Starting Training from 2015-02-19 to 2015-03-06
2015-06-23 19:48:55,707 Starting Live from 2015-03-07 to 2015-03-22
2015-06-23 19:58:03,250 Starting Training from 2015-03-07 to 2015-03-22
2015-06-23 19:59:01,944 Starting Live from 2015-03-23 to 2015-04-07
2015-06-23 20:08:11,578 Starting Training from 2015-03-23 to 2015-04-07
2015-06-23 20:08:52,744 Starting Live from 2015-04-08 to 2015-04-10
2015-06-23 20:10:44,311 Starting Q Learning for : 
2015-06-23 20:10:44,311 alpha = 0.2
2015-06-23 20:10:44,311 gamma = 0.8
2015-06-23 20:10:44,311 individual factor = 8
2015-06-23 20:10:44,312 zero range = 0.006
2015-06-23 20:10:44,312 greedy level = 5
2015-06-23 20:10:44,312 

2015-06-23 20:10:46,971 Starting Training from 2014-12-17 to 2015-01-01
2015-06-23 20:16:30,676 Starting Live from 2015-01-02 to 2015-01-17
2015-06-23 20:24:11,279 Starting Training from 2015-01-02 to 2015-01-17
2015-06-23 20:25:20,089 Starting Live from 2015-01-18 to 2015-02-02
2015-06-23 20:33:04,573 Starting Training from 2015-01-18 to 2015-02-02
2015-06-23 20:34:02,296 Starting Live from 2015-02-03 to 2015-02-18
2015-06-23 20:40:53,651 Starting Training from 2015-02-03 to 2015-02-18
2015-06-23 20:41:45,694 Starting Live from 2015-02-19 to 2015-03-06
2015-06-23 20:49:17,059 Starting Training from 2015-02-19 to 2015-03-06
2015-06-23 20:50:04,154 Starting Live from 2015-03-07 to 2015-03-22
2015-06-23 21:01:08,032 Starting Training from 2015-03-07 to 2015-03-22
2015-06-23 21:02:10,707 Starting Live from 2015-03-23 to 2015-04-07
2015-06-23 21:08:55,677 Starting Training from 2015-03-23 to 2015-04-07
2015-06-23 21:09:56,701 Starting Live from 2015-04-08 to 2015-04-10
2015-06-23 21:12:10,170 Starting Q Learning for : 
2015-06-23 21:12:10,171 alpha = 0.8
2015-06-23 21:12:10,171 gamma = 0.1
2015-06-23 21:12:10,171 individual factor = 8
2015-06-23 21:12:10,171 zero range = 0.006
2015-06-23 21:12:10,171 greedy level = 5
2015-06-23 21:12:10,171 

2015-06-23 21:12:13,690 Starting Training from 2014-12-17 to 2015-01-01
2015-06-23 21:17:59,918 Starting Live from 2015-01-02 to 2015-01-17
2015-06-23 21:25:37,503 Starting Training from 2015-01-02 to 2015-01-17
2015-06-23 21:26:30,167 Starting Live from 2015-01-18 to 2015-02-02
2015-06-23 21:34:13,325 Starting Training from 2015-01-18 to 2015-02-02
2015-06-23 21:35:16,743 Starting Live from 2015-02-03 to 2015-02-18
2015-06-23 21:41:50,700 Starting Training from 2015-02-03 to 2015-02-18
2015-06-23 21:42:47,874 Starting Live from 2015-02-19 to 2015-03-06
2015-06-23 21:50:02,490 Starting Training from 2015-02-19 to 2015-03-06
2015-06-23 21:50:49,562 Starting Live from 2015-03-07 to 2015-03-22
2015-06-23 22:02:25,924 Starting Training from 2015-03-07 to 2015-03-22
2015-06-23 22:03:33,055 Starting Live from 2015-03-23 to 2015-04-07
2015-06-23 22:10:22,631 Starting Training from 2015-03-23 to 2015-04-07
2015-06-23 22:11:09,404 Starting Live from 2015-04-08 to 2015-04-10
2015-06-23 22:13:12,931 Starting Q Learning for : 
2015-06-23 22:13:12,931 alpha = 0.8
2015-06-23 22:13:12,931 gamma = 0.2
2015-06-23 22:13:12,931 individual factor = 8
2015-06-23 22:13:12,931 zero range = 0.006
2015-06-23 22:13:12,931 greedy level = 5
2015-06-23 22:13:12,931 

2015-06-23 22:13:16,223 Starting Training from 2014-12-17 to 2015-01-01
2015-06-23 22:19:52,667 Starting Live from 2015-01-02 to 2015-01-17
2015-06-23 22:27:22,191 Starting Training from 2015-01-02 to 2015-01-17
2015-06-23 22:28:21,155 Starting Live from 2015-01-18 to 2015-02-02
2015-06-23 22:35:07,122 Starting Training from 2015-01-18 to 2015-02-02
2015-06-23 22:36:20,618 Starting Live from 2015-02-03 to 2015-02-18
2015-06-23 22:43:26,615 Starting Training from 2015-02-03 to 2015-02-18
2015-06-23 22:44:16,434 Starting Live from 2015-02-19 to 2015-03-06
2015-06-23 22:52:07,967 Starting Training from 2015-02-19 to 2015-03-06
2015-06-23 22:52:52,193 Starting Live from 2015-03-07 to 2015-03-22
2015-06-23 23:06:06,247 Starting Training from 2015-03-07 to 2015-03-22
