2015-06-28 15:04:50,059 Starting Q Learning for : 
2015-06-28 15:04:50,061 alpha = 0.5
2015-06-28 15:04:50,061 gamma = 0.5
2015-06-28 15:04:50,061 individual factor = 12
2015-06-28 15:04:50,061 zero range = 0.002
2015-06-28 15:04:50,061 greedy level = 10
2015-06-28 15:04:50,061 

2015-06-28 15:05:01,529 Starting Training from 2014-12-17 to 2015-01-01
2015-06-28 15:17:41,661 Starting Live from 2015-01-02 to 2015-02-01
2015-06-28 15:47:16,654 Starting Training from 2015-01-17 to 2015-02-01
2015-06-28 15:48:50,257 Starting Live from 2015-02-02 to 2015-03-04
2015-06-28 16:15:23,144 Starting Training from 2015-02-17 to 2015-03-04
2015-06-28 16:17:37,757 Starting Live from 2015-03-05 to 2015-04-04
2015-06-28 16:41:59,338 Starting Training from 2015-03-20 to 2015-04-04
2015-06-28 16:43:04,482 Starting Live from 2015-04-05 to 2015-04-10
2015-06-28 16:50:22,526 Starting Q Learning for : 
2015-06-28 16:50:22,526 alpha = 0.5
2015-06-28 16:50:22,526 gamma = 0.6
2015-06-28 16:50:22,526 individual factor = 12
2015-06-28 16:50:22,526 zero range = 0.002
2015-06-28 16:50:22,526 greedy level = 10
2015-06-28 16:50:22,526 

2015-06-28 16:50:27,674 Starting Training from 2014-12-17 to 2015-01-01
2015-06-28 17:01:27,862 Starting Live from 2015-01-02 to 2015-02-01
2015-06-28 17:30:34,220 Starting Training from 2015-01-17 to 2015-02-01
2015-06-28 17:32:08,592 Starting Live from 2015-02-02 to 2015-03-04
2015-06-28 17:58:10,842 Starting Training from 2015-02-17 to 2015-03-04
2015-06-28 17:59:55,130 Starting Live from 2015-03-05 to 2015-04-04
2015-06-28 18:24:39,744 Starting Training from 2015-03-20 to 2015-04-04
2015-06-28 18:25:50,704 Starting Live from 2015-04-05 to 2015-04-10
2015-06-28 18:33:48,561 Starting Q Learning for : 
2015-06-28 18:33:48,561 alpha = 0.5
2015-06-28 18:33:48,561 gamma = 0.7
2015-06-28 18:33:48,561 individual factor = 12
2015-06-28 18:33:48,561 zero range = 0.002
2015-06-28 18:33:48,561 greedy level = 10
2015-06-28 18:33:48,561 

2015-06-28 18:33:56,266 Starting Training from 2014-12-17 to 2015-01-01
2015-06-28 18:45:20,255 Starting Live from 2015-01-02 to 2015-02-01
2015-06-28 19:14:53,551 Starting Training from 2015-01-17 to 2015-02-01
2015-06-28 19:16:27,059 Starting Live from 2015-02-02 to 2015-03-04
2015-06-28 19:43:22,071 Starting Training from 2015-02-17 to 2015-03-04
2015-06-28 19:45:08,105 Starting Live from 2015-03-05 to 2015-04-04
2015-06-28 20:10:05,460 Starting Training from 2015-03-20 to 2015-04-04
2015-06-28 20:11:14,339 Starting Live from 2015-04-05 to 2015-04-10
2015-06-28 20:18:40,753 Starting Q Learning for : 
2015-06-28 20:18:40,753 alpha = 0.5
2015-06-28 20:18:40,753 gamma = 0.8
2015-06-28 20:18:40,753 individual factor = 12
2015-06-28 20:18:40,753 zero range = 0.002
2015-06-28 20:18:40,753 greedy level = 10
2015-06-28 20:18:40,753 

2015-06-28 20:18:46,186 Starting Training from 2014-12-17 to 2015-01-01
2015-06-28 20:30:30,269 Starting Live from 2015-01-02 to 2015-02-01
2015-06-28 20:59:08,674 Starting Training from 2015-01-17 to 2015-02-01
2015-06-28 21:00:42,821 Starting Live from 2015-02-02 to 2015-03-04
2015-06-28 21:27:15,470 Starting Training from 2015-02-17 to 2015-03-04
2015-06-28 21:28:57,931 Starting Live from 2015-03-05 to 2015-04-04
2015-06-28 21:54:11,687 Starting Training from 2015-03-20 to 2015-04-04
2015-06-28 21:55:15,622 Starting Live from 2015-04-05 to 2015-04-10
2015-06-28 22:03:08,648 Starting Q Learning for : 
2015-06-28 22:03:08,648 alpha = 0.4
2015-06-28 22:03:08,648 gamma = 0.5
2015-06-28 22:03:08,650 individual factor = 12
2015-06-28 22:03:08,650 zero range = 0.002
2015-06-28 22:03:08,650 greedy level = 10
2015-06-28 22:03:08,650 

2015-06-28 22:03:13,917 Starting Training from 2014-12-17 to 2015-01-01
2015-06-28 22:13:45,338 Starting Live from 2015-01-02 to 2015-02-01
