2015-06-24 00:48:29,282 Starting Q Learning for : 
2015-06-24 00:48:29,282 alpha = 0.5
2015-06-24 00:48:29,282 gamma = 0.1
2015-06-24 00:48:29,282 individual factor = 12
2015-06-24 00:48:29,282 zero range = 0.01
2015-06-24 00:48:29,282 greedy level = 10
2015-06-24 00:48:29,282 

2015-06-24 00:48:37,119 Starting Training from 2014-12-17 to 2015-01-01
2015-06-24 00:59:54,779 Starting Live from 2015-01-02 to 2015-02-01
2015-06-24 01:27:51,444 Starting Training from 2015-01-17 to 2015-02-01
2015-06-24 01:29:16,259 Starting Live from 2015-02-02 to 2015-03-04
2015-06-24 01:57:51,407 Starting Training from 2015-02-17 to 2015-03-04
2015-06-24 01:59:47,114 Starting Live from 2015-03-05 to 2015-04-04
2015-06-24 02:32:14,528 Starting Training from 2015-03-20 to 2015-04-04
2015-06-24 02:33:40,747 Starting Live from 2015-04-05 to 2015-04-10
2015-06-24 02:40:32,549 Starting Q Learning for : 
2015-06-24 02:40:32,549 alpha = 0.5
2015-06-24 02:40:32,549 gamma = 0.2
2015-06-24 02:40:32,549 individual factor = 12
2015-06-24 02:40:32,549 zero range = 0.01
2015-06-24 02:40:32,549 greedy level = 10
2015-06-24 02:40:32,549 

2015-06-24 02:40:36,209 Starting Training from 2014-12-17 to 2015-01-01
2015-06-24 02:52:58,941 Starting Live from 2015-01-02 to 2015-02-01
2015-06-24 03:20:52,805 Starting Training from 2015-01-17 to 2015-02-01
2015-06-24 03:22:11,180 Starting Live from 2015-02-02 to 2015-03-04
2015-06-24 03:49:07,463 Starting Training from 2015-02-17 to 2015-03-04
2015-06-24 03:51:36,141 Starting Live from 2015-03-05 to 2015-04-04
2015-06-24 04:22:28,676 Starting Training from 2015-03-20 to 2015-04-04
2015-06-24 04:23:50,357 Starting Live from 2015-04-05 to 2015-04-10
2015-06-24 04:30:24,479 Starting Q Learning for : 
2015-06-24 04:30:24,479 alpha = 0.5
2015-06-24 04:30:24,479 gamma = 0.3
2015-06-24 04:30:24,479 individual factor = 12
2015-06-24 04:30:24,479 zero range = 0.01
2015-06-24 04:30:24,479 greedy level = 10
2015-06-24 04:30:24,479 

2015-06-24 04:30:27,740 Starting Training from 2014-12-17 to 2015-01-01
2015-06-24 04:42:34,420 Starting Live from 2015-01-02 to 2015-02-01
2015-06-24 05:10:19,108 Starting Training from 2015-01-17 to 2015-02-01
2015-06-24 05:11:38,928 Starting Live from 2015-02-02 to 2015-03-04
2015-06-24 05:39:30,746 Starting Training from 2015-02-17 to 2015-03-04
2015-06-24 05:41:33,094 Starting Live from 2015-03-05 to 2015-04-04
2015-06-24 06:12:40,405 Starting Training from 2015-03-20 to 2015-04-04
2015-06-24 06:14:06,638 Starting Live from 2015-04-05 to 2015-04-10
2015-06-24 06:22:16,437 Starting Q Learning for : 
2015-06-24 06:22:16,438 alpha = 0.5
2015-06-24 06:22:16,438 gamma = 0.4
2015-06-24 06:22:16,438 individual factor = 12
2015-06-24 06:22:16,438 zero range = 0.01
2015-06-24 06:22:16,438 greedy level = 10
2015-06-24 06:22:16,438 

2015-06-24 06:22:19,174 Starting Training from 2014-12-17 to 2015-01-01
2015-06-24 06:33:46,490 Starting Live from 2015-01-02 to 2015-02-01
2015-06-24 07:02:53,174 Starting Training from 2015-01-17 to 2015-02-01
2015-06-24 07:04:16,125 Starting Live from 2015-02-02 to 2015-03-04
2015-06-24 07:30:55,658 Starting Training from 2015-02-17 to 2015-03-04
2015-06-24 07:32:52,581 Starting Live from 2015-03-05 to 2015-04-04
2015-06-24 08:02:20,318 Starting Training from 2015-03-20 to 2015-04-04
2015-06-24 08:03:55,911 Starting Live from 2015-04-05 to 2015-04-10
2015-06-24 08:11:13,516 Starting Q Learning for : 
2015-06-24 08:11:13,516 alpha = 0.6
2015-06-24 08:11:13,516 gamma = 0.5
2015-06-24 08:11:13,516 individual factor = 12
2015-06-24 08:11:13,516 zero range = 0.01
2015-06-24 08:11:13,517 greedy level = 10
2015-06-24 08:11:13,517 

2015-06-24 08:11:18,904 Starting Training from 2014-12-17 to 2015-01-01
2015-06-24 08:22:34,750 Starting Live from 2015-01-02 to 2015-02-01
2015-06-24 08:50:57,566 Starting Training from 2015-01-17 to 2015-02-01
2015-06-24 08:52:18,674 Starting Live from 2015-02-02 to 2015-03-04
2015-06-24 09:18:58,184 Starting Training from 2015-02-17 to 2015-03-04
2015-06-24 09:20:51,793 Starting Live from 2015-03-05 to 2015-04-04
2015-06-24 09:51:27,201 Starting Training from 2015-03-20 to 2015-04-04
2015-06-24 09:52:56,690 Starting Live from 2015-04-05 to 2015-04-10
2015-06-24 09:59:40,477 Starting Q Learning for : 
2015-06-24 09:59:40,477 alpha = 0.6
2015-06-24 09:59:40,477 gamma = 0.6
2015-06-24 09:59:40,479 individual factor = 12
2015-06-24 09:59:40,479 zero range = 0.01
2015-06-24 09:59:40,479 greedy level = 10
2015-06-24 09:59:40,479 

2015-06-24 09:59:45,388 Starting Training from 2014-12-17 to 2015-01-01
2015-06-24 10:11:20,473 Starting Live from 2015-01-02 to 2015-02-01
2015-06-24 10:39:31,170 Starting Training from 2015-01-17 to 2015-02-01
2015-06-24 10:40:47,203 Starting Live from 2015-02-02 to 2015-03-04
2015-06-24 11:07:15,042 Starting Training from 2015-02-17 to 2015-03-04
2015-06-24 11:09:06,512 Starting Live from 2015-03-05 to 2015-04-04
2015-06-24 11:41:28,134 Starting Training from 2015-03-20 to 2015-04-04
2015-06-24 11:42:52,924 Starting Live from 2015-04-05 to 2015-04-10
2015-06-24 11:49:56,148 Starting Q Learning for : 
2015-06-24 11:49:56,148 alpha = 0.6
2015-06-24 11:49:56,148 gamma = 0.7
2015-06-24 11:49:56,148 individual factor = 12
2015-06-24 11:49:56,148 zero range = 0.01
2015-06-24 11:49:56,148 greedy level = 10
2015-06-24 11:49:56,148 

2015-06-24 11:50:00,539 Starting Training from 2014-12-17 to 2015-01-01
2015-06-24 12:02:13,049 Starting Live from 2015-01-02 to 2015-02-01
2015-06-24 12:31:26,190 Starting Training from 2015-01-17 to 2015-02-01
2015-06-24 12:32:45,878 Starting Live from 2015-02-02 to 2015-03-04
2015-06-24 13:03:10,663 Starting Training from 2015-02-17 to 2015-03-04
2015-06-24 13:05:21,036 Starting Live from 2015-03-05 to 2015-04-04
2015-06-24 13:42:48,956 Starting Training from 2015-03-20 to 2015-04-04
2015-06-24 13:44:36,743 Starting Live from 2015-04-05 to 2015-04-10
2015-06-24 13:54:01,467 Starting Q Learning for : 
2015-06-24 13:54:01,467 alpha = 0.6
2015-06-24 13:54:01,467 gamma = 0.8
2015-06-24 13:54:01,467 individual factor = 12
2015-06-24 13:54:01,467 zero range = 0.01
2015-06-24 13:54:01,467 greedy level = 10
2015-06-24 13:54:01,467 

2015-06-24 13:54:07,303 Starting Training from 2014-12-17 to 2015-01-01
2015-06-24 14:07:44,463 Starting Live from 2015-01-02 to 2015-02-01
2015-06-24 14:40:00,171 Starting Training from 2015-01-17 to 2015-02-01
2015-06-24 14:41:32,993 Starting Live from 2015-02-02 to 2015-03-04
2015-06-24 15:13:56,398 Starting Training from 2015-02-17 to 2015-03-04
2015-06-24 15:16:26,664 Starting Live from 2015-03-05 to 2015-04-04
2015-06-24 15:52:33,088 Starting Training from 2015-03-20 to 2015-04-04
2015-06-24 15:54:07,710 Starting Live from 2015-04-05 to 2015-04-10
2015-06-24 16:03:13,971 Starting Q Learning for : 
2015-06-24 16:03:13,971 alpha = 0.2
2015-06-24 16:03:13,973 gamma = 0.5
2015-06-24 16:03:13,973 individual factor = 12
2015-06-24 16:03:13,973 zero range = 0.01
2015-06-24 16:03:13,973 greedy level = 10
2015-06-24 16:03:13,973 

2015-06-24 16:03:19,033 Starting Training from 2014-12-17 to 2015-01-01
2015-06-24 16:16:22,562 Starting Live from 2015-01-02 to 2015-02-01
2015-06-24 16:49:10,503 Starting Training from 2015-01-17 to 2015-02-01
2015-06-24 16:50:39,720 Starting Live from 2015-02-02 to 2015-03-04
2015-06-24 17:21:09,101 Starting Training from 2015-02-17 to 2015-03-04
2015-06-24 17:23:19,792 Starting Live from 2015-03-05 to 2015-04-04
2015-06-24 18:00:53,167 Starting Training from 2015-03-20 to 2015-04-04
2015-06-24 18:02:27,076 Starting Live from 2015-04-05 to 2015-04-10
2015-06-24 18:11:16,483 Starting Q Learning for : 
2015-06-24 18:11:16,483 alpha = 0.2
2015-06-24 18:11:16,483 gamma = 0.6
2015-06-24 18:11:16,483 individual factor = 12
2015-06-24 18:11:16,483 zero range = 0.01
2015-06-24 18:11:16,483 greedy level = 10
2015-06-24 18:11:16,483 

2015-06-24 18:11:23,177 Starting Training from 2014-12-17 to 2015-01-01
2015-06-24 18:24:36,516 Starting Live from 2015-01-02 to 2015-02-01
2015-06-24 18:56:45,687 Starting Training from 2015-01-17 to 2015-02-01
2015-06-24 18:58:24,280 Starting Live from 2015-02-02 to 2015-03-04
2015-06-24 19:28:39,158 Starting Training from 2015-02-17 to 2015-03-04
2015-06-24 19:30:55,427 Starting Live from 2015-03-05 to 2015-04-04
2015-06-24 20:06:07,128 Starting Training from 2015-03-20 to 2015-04-04
2015-06-24 20:07:45,328 Starting Live from 2015-04-05 to 2015-04-10
2015-06-24 20:15:36,644 Starting Q Learning for : 
2015-06-24 20:15:36,644 alpha = 0.2
2015-06-24 20:15:36,644 gamma = 0.7
2015-06-24 20:15:36,644 individual factor = 12
2015-06-24 20:15:36,644 zero range = 0.01
2015-06-24 20:15:36,644 greedy level = 10
2015-06-24 20:15:36,644 

2015-06-24 20:15:41,926 Starting Training from 2014-12-17 to 2015-01-01
2015-06-24 20:29:03,296 Starting Live from 2015-01-02 to 2015-02-01
2015-06-24 20:59:21,473 Starting Training from 2015-01-17 to 2015-02-01
2015-06-24 21:00:50,562 Starting Live from 2015-02-02 to 2015-03-04
2015-06-24 21:31:55,002 Starting Training from 2015-02-17 to 2015-03-04
2015-06-24 21:34:01,779 Starting Live from 2015-03-05 to 2015-04-04
2015-06-24 22:07:46,339 Starting Training from 2015-03-20 to 2015-04-04
2015-06-24 22:09:13,664 Starting Live from 2015-04-05 to 2015-04-10
2015-06-24 22:17:31,453 Starting Q Learning for : 
2015-06-24 22:17:31,453 alpha = 0.2
2015-06-24 22:17:31,453 gamma = 0.8
2015-06-24 22:17:31,453 individual factor = 12
2015-06-24 22:17:31,453 zero range = 0.01
2015-06-24 22:17:31,453 greedy level = 10
2015-06-24 22:17:31,453 

2015-06-24 22:17:37,484 Starting Training from 2014-12-17 to 2015-01-01
2015-06-24 22:29:36,365 Starting Live from 2015-01-02 to 2015-02-01
2015-06-24 23:00:06,900 Starting Training from 2015-01-17 to 2015-02-01
2015-06-24 23:01:32,183 Starting Live from 2015-02-02 to 2015-03-04
2015-06-24 23:29:43,617 Starting Training from 2015-02-17 to 2015-03-04
2015-06-24 23:31:49,122 Starting Live from 2015-03-05 to 2015-04-04
2015-06-25 00:04:50,345 Starting Training from 2015-03-20 to 2015-04-04
2015-06-25 00:06:19,197 Starting Live from 2015-04-05 to 2015-04-10
