2015-06-22 16:18:44,414 Starting Q Learning for : 
2015-06-22 16:18:44,414 alpha = 0.5
2015-06-22 16:18:44,414 gamma = 0.1
2015-06-22 16:18:44,414 individual factor = 12
2015-06-22 16:18:44,414 zero range = 0.006
2015-06-22 16:18:44,414 greedy level = 10
2015-06-22 16:18:44,414 

2015-06-22 16:18:48,210 Starting Training from 2014-12-17 to 2015-01-01
2015-06-22 16:31:31,753 Starting Live from 2015-01-02 to 2015-02-01
2015-06-22 17:01:45,573 Starting Training from 2015-01-17 to 2015-02-01
2015-06-22 17:03:09,703 Starting Live from 2015-02-02 to 2015-03-04
2015-06-22 17:32:06,227 Starting Training from 2015-02-17 to 2015-03-04
2015-06-22 17:33:57,559 Starting Live from 2015-03-05 to 2015-04-04
2015-06-22 18:11:51,051 Starting Training from 2015-03-20 to 2015-04-04
2015-06-22 18:13:27,563 Starting Live from 2015-04-05 to 2015-04-10
2015-06-22 18:23:50,059 Starting Q Learning for : 
2015-06-22 18:23:50,059 alpha = 0.5
2015-06-22 18:23:50,059 gamma = 0.2
2015-06-22 18:23:50,059 individual factor = 12
2015-06-22 18:23:50,059 zero range = 0.006
2015-06-22 18:23:50,059 greedy level = 10
2015-06-22 18:23:50,059 

2015-06-22 18:23:56,710 Starting Training from 2014-12-17 to 2015-01-01
2015-06-22 18:35:36,499 Starting Live from 2015-01-02 to 2015-02-01
2015-06-22 19:05:11,099 Starting Training from 2015-01-17 to 2015-02-01
2015-06-22 19:06:27,907 Starting Live from 2015-02-02 to 2015-03-04
2015-06-22 19:33:22,742 Starting Training from 2015-02-17 to 2015-03-04
2015-06-22 19:35:16,640 Starting Live from 2015-03-05 to 2015-04-04
2015-06-22 20:08:58,121 Starting Training from 2015-03-20 to 2015-04-04
2015-06-22 20:10:27,759 Starting Live from 2015-04-05 to 2015-04-10
2015-06-22 20:17:44,444 Starting Q Learning for : 
2015-06-22 20:17:44,444 alpha = 0.5
2015-06-22 20:17:44,444 gamma = 0.3
2015-06-22 20:17:44,444 individual factor = 12
2015-06-22 20:17:44,444 zero range = 0.006
2015-06-22 20:17:44,444 greedy level = 10
2015-06-22 20:17:44,444 

2015-06-22 20:17:49,924 Starting Training from 2014-12-17 to 2015-01-01
2015-06-22 20:31:39,415 Starting Live from 2015-01-02 to 2015-02-01
2015-06-22 21:00:32,365 Starting Training from 2015-01-17 to 2015-02-01
2015-06-22 21:01:53,950 Starting Live from 2015-02-02 to 2015-03-04
2015-06-22 21:30:54,798 Starting Training from 2015-02-17 to 2015-03-04
2015-06-22 21:32:53,839 Starting Live from 2015-03-05 to 2015-04-04
2015-06-22 22:05:11,563 Starting Training from 2015-03-20 to 2015-04-04
2015-06-22 22:06:44,703 Starting Live from 2015-04-05 to 2015-04-10
2015-06-22 22:14:47,611 Starting Q Learning for : 
2015-06-22 22:14:47,611 alpha = 0.5
2015-06-22 22:14:47,611 gamma = 0.4
2015-06-22 22:14:47,611 individual factor = 12
2015-06-22 22:14:47,611 zero range = 0.006
2015-06-22 22:14:47,611 greedy level = 10
2015-06-22 22:14:47,611 

2015-06-22 22:14:53,539 Starting Training from 2014-12-17 to 2015-01-01
2015-06-22 22:28:47,668 Starting Live from 2015-01-02 to 2015-02-01
2015-06-22 22:57:34,224 Starting Training from 2015-01-17 to 2015-02-01
2015-06-22 22:58:54,094 Starting Live from 2015-02-02 to 2015-03-04
2015-06-22 23:26:14,391 Starting Training from 2015-02-17 to 2015-03-04
2015-06-22 23:28:07,802 Starting Live from 2015-03-05 to 2015-04-04
2015-06-23 00:01:38,492 Starting Training from 2015-03-20 to 2015-04-04
2015-06-23 00:03:03,348 Starting Live from 2015-04-05 to 2015-04-10
2015-06-23 00:10:33,013 Starting Q Learning for : 
2015-06-23 00:10:33,013 alpha = 0.5
2015-06-23 00:10:33,013 gamma = 0.5
2015-06-23 00:10:33,013 individual factor = 12
2015-06-23 00:10:33,013 zero range = 0.006
2015-06-23 00:10:33,013 greedy level = 10
2015-06-23 00:10:33,013 

2015-06-23 00:10:39,269 Starting Training from 2014-12-17 to 2015-01-01
2015-06-23 00:22:58,723 Starting Live from 2015-01-02 to 2015-02-01
2015-06-23 00:51:09,670 Starting Training from 2015-01-17 to 2015-02-01
2015-06-23 00:52:26,999 Starting Live from 2015-02-02 to 2015-03-04
2015-06-23 01:19:55,736 Starting Training from 2015-02-17 to 2015-03-04
2015-06-23 01:21:57,914 Starting Live from 2015-03-05 to 2015-04-04
2015-06-23 01:52:17,617 Starting Training from 2015-03-20 to 2015-04-04
2015-06-23 01:53:42,506 Starting Live from 2015-04-05 to 2015-04-10
2015-06-23 02:00:42,181 Starting Q Learning for : 
2015-06-23 02:00:42,181 alpha = 0.5
2015-06-23 02:00:42,181 gamma = 0.6
2015-06-23 02:00:42,181 individual factor = 12
2015-06-23 02:00:42,181 zero range = 0.006
2015-06-23 02:00:42,181 greedy level = 10
2015-06-23 02:00:42,181 

2015-06-23 02:00:46,471 Starting Training from 2014-12-17 to 2015-01-01
2015-06-23 02:12:47,164 Starting Live from 2015-01-02 to 2015-02-01
2015-06-23 02:41:04,608 Starting Training from 2015-01-17 to 2015-02-01
2015-06-23 02:42:28,463 Starting Live from 2015-02-02 to 2015-03-04
2015-06-23 03:10:18,913 Starting Training from 2015-02-17 to 2015-03-04
2015-06-23 03:12:23,023 Starting Live from 2015-03-05 to 2015-04-04
2015-06-23 03:43:13,137 Starting Training from 2015-03-20 to 2015-04-04
2015-06-23 03:44:39,440 Starting Live from 2015-04-05 to 2015-04-10
2015-06-23 03:52:19,266 Starting Q Learning for : 
2015-06-23 03:52:19,266 alpha = 0.5
2015-06-23 03:52:19,266 gamma = 0.7
2015-06-23 03:52:19,266 individual factor = 12
2015-06-23 03:52:19,266 zero range = 0.006
2015-06-23 03:52:19,266 greedy level = 10
2015-06-23 03:52:19,266 

2015-06-23 03:52:24,201 Starting Training from 2014-12-17 to 2015-01-01
2015-06-23 04:03:54,737 Starting Live from 2015-01-02 to 2015-02-01
2015-06-23 04:32:40,737 Starting Training from 2015-01-17 to 2015-02-01
2015-06-23 04:34:00,892 Starting Live from 2015-02-02 to 2015-03-04
2015-06-23 05:01:30,486 Starting Training from 2015-02-17 to 2015-03-04
2015-06-23 05:03:27,249 Starting Live from 2015-03-05 to 2015-04-04
2015-06-23 05:37:45,309 Starting Training from 2015-03-20 to 2015-04-04
2015-06-23 05:39:14,282 Starting Live from 2015-04-05 to 2015-04-10
2015-06-23 05:46:45,132 Starting Q Learning for : 
2015-06-23 05:46:45,132 alpha = 0.8
2015-06-23 05:46:45,132 gamma = 0.4
2015-06-23 05:46:45,132 individual factor = 12
2015-06-23 05:46:45,132 zero range = 0.006
2015-06-23 05:46:45,132 greedy level = 10
2015-06-23 05:46:45,132 

2015-06-23 05:46:51,068 Starting Training from 2014-12-17 to 2015-01-01
2015-06-23 05:58:57,203 Starting Live from 2015-01-02 to 2015-02-01
2015-06-23 06:27:01,015 Starting Training from 2015-01-17 to 2015-02-01
2015-06-23 06:28:17,223 Starting Live from 2015-02-02 to 2015-03-04
2015-06-23 06:55:33,822 Starting Training from 2015-02-17 to 2015-03-04
2015-06-23 06:57:33,595 Starting Live from 2015-03-05 to 2015-04-04
2015-06-23 07:29:40,736 Starting Training from 2015-03-20 to 2015-04-04
2015-06-23 07:31:05,423 Starting Live from 2015-04-05 to 2015-04-10
2015-06-23 07:37:36,178 Starting Q Learning for : 
2015-06-23 07:37:36,178 alpha = 0.8
2015-06-23 07:37:36,178 gamma = 0.5
2015-06-23 07:37:36,178 individual factor = 12
2015-06-23 07:37:36,178 zero range = 0.006
2015-06-23 07:37:36,178 greedy level = 10
2015-06-23 07:37:36,178 

2015-06-23 07:37:41,325 Starting Training from 2014-12-17 to 2015-01-01
2015-06-23 07:50:00,503 Starting Live from 2015-01-02 to 2015-02-01
2015-06-23 08:18:21,197 Starting Training from 2015-01-17 to 2015-02-01
2015-06-23 08:19:41,818 Starting Live from 2015-02-02 to 2015-03-04
2015-06-23 08:47:22,502 Starting Training from 2015-02-17 to 2015-03-04
2015-06-23 08:49:21,290 Starting Live from 2015-03-05 to 2015-04-04
2015-06-23 09:21:26,230 Starting Training from 2015-03-20 to 2015-04-04
2015-06-23 09:22:51,335 Starting Live from 2015-04-05 to 2015-04-10
2015-06-23 09:30:40,691 Starting Q Learning for : 
2015-06-23 09:30:40,691 alpha = 0.8
2015-06-23 09:30:40,691 gamma = 0.6
2015-06-23 09:30:40,691 individual factor = 12
2015-06-23 09:30:40,693 zero range = 0.006
2015-06-23 09:30:40,693 greedy level = 10
2015-06-23 09:30:40,693 

2015-06-23 09:30:46,338 Starting Training from 2014-12-17 to 2015-01-01
2015-06-23 09:42:11,413 Starting Live from 2015-01-02 to 2015-02-01
2015-06-23 10:10:33,848 Starting Training from 2015-01-17 to 2015-02-01
2015-06-23 10:12:14,819 Starting Live from 2015-02-02 to 2015-03-04
2015-06-23 10:39:58,540 Starting Training from 2015-02-17 to 2015-03-04
2015-06-23 10:41:50,680 Starting Live from 2015-03-05 to 2015-04-04
2015-06-23 11:16:42,993 Starting Training from 2015-03-20 to 2015-04-04
2015-06-23 11:18:10,459 Starting Live from 2015-04-05 to 2015-04-10
2015-06-23 11:25:58,490 Starting Q Learning for : 
2015-06-23 11:25:58,490 alpha = 0.8
2015-06-23 11:25:58,490 gamma = 0.7
2015-06-23 11:25:58,490 individual factor = 12
2015-06-23 11:25:58,492 zero range = 0.006
2015-06-23 11:25:58,492 greedy level = 10
2015-06-23 11:25:58,492 

2015-06-23 11:26:04,364 Starting Training from 2014-12-17 to 2015-01-01
2015-06-23 11:38:24,976 Starting Live from 2015-01-02 to 2015-02-01
2015-06-23 12:06:43,286 Starting Training from 2015-01-17 to 2015-02-01
2015-06-23 12:07:58,609 Starting Live from 2015-02-02 to 2015-03-04
2015-06-23 12:37:47,520 Starting Training from 2015-02-17 to 2015-03-04
2015-06-23 12:40:17,778 Starting Live from 2015-03-05 to 2015-04-04
2015-06-23 13:13:42,450 Starting Training from 2015-03-20 to 2015-04-04
2015-06-23 13:15:11,423 Starting Live from 2015-04-05 to 2015-04-10
2015-06-23 13:22:50,720 Starting Q Learning for : 
2015-06-23 13:22:50,720 alpha = 0.8
2015-06-23 13:22:50,720 gamma = 0.8
2015-06-23 13:22:50,720 individual factor = 12
2015-06-23 13:22:50,720 zero range = 0.006
2015-06-23 13:22:50,720 greedy level = 10
2015-06-23 13:22:50,720 

2015-06-23 13:22:58,663 Starting Training from 2014-12-17 to 2015-01-01
2015-06-23 13:36:18,466 Starting Live from 2015-01-02 to 2015-02-01
2015-06-23 14:07:41,788 Starting Training from 2015-01-17 to 2015-02-01
2015-06-23 14:09:46,710 Starting Live from 2015-02-02 to 2015-03-04
2015-06-23 14:41:15,282 Starting Training from 2015-02-17 to 2015-03-04
2015-06-23 14:43:22,762 Starting Live from 2015-03-05 to 2015-04-04
2015-06-23 15:18:46,387 Starting Training from 2015-03-20 to 2015-04-04
2015-06-23 15:20:19,717 Starting Live from 2015-04-05 to 2015-04-10
2015-06-23 15:27:41,703 Starting Q Learning for : 
2015-06-23 15:27:41,703 alpha = 0.5
2015-06-23 15:27:41,703 gamma = 0.1
2015-06-23 15:27:41,703 individual factor = 12
2015-06-23 15:27:41,703 zero range = 0.01
2015-06-23 15:27:41,703 greedy level = 10
2015-06-23 15:27:41,703 

2015-06-23 15:27:47,142 Starting Training from 2014-12-17 to 2015-01-01
2015-06-23 15:41:15,308 Starting Live from 2015-01-02 to 2015-02-01
2015-06-23 16:12:55,622 Starting Training from 2015-01-17 to 2015-02-01
2015-06-23 16:14:27,055 Starting Live from 2015-02-02 to 2015-03-04
2015-06-23 16:45:03,323 Starting Training from 2015-02-17 to 2015-03-04
2015-06-23 16:47:18,750 Starting Live from 2015-03-05 to 2015-04-04
2015-06-23 17:20:41,275 Starting Training from 2015-03-20 to 2015-04-04
2015-06-23 17:22:10,292 Starting Live from 2015-04-05 to 2015-04-10
2015-06-23 17:30:04,247 Starting Q Learning for : 
2015-06-23 17:30:04,247 alpha = 0.5
2015-06-23 17:30:04,247 gamma = 0.2
2015-06-23 17:30:04,247 individual factor = 12
2015-06-23 17:30:04,247 zero range = 0.01
2015-06-23 17:30:04,247 greedy level = 10
2015-06-23 17:30:04,249 

2015-06-23 17:30:14,286 Starting Training from 2014-12-17 to 2015-01-01
2015-06-23 17:42:58,187 Starting Live from 2015-01-02 to 2015-02-01
2015-06-23 18:15:14,931 Starting Training from 2015-01-17 to 2015-02-01
2015-06-23 18:16:48,513 Starting Live from 2015-02-02 to 2015-03-04
2015-06-23 18:47:10,732 Starting Training from 2015-02-17 to 2015-03-04
2015-06-23 18:49:21,142 Starting Live from 2015-03-05 to 2015-04-04
2015-06-23 19:23:57,907 Starting Training from 2015-03-20 to 2015-04-04
2015-06-23 19:25:27,875 Starting Live from 2015-04-05 to 2015-04-10
2015-06-23 19:32:56,457 Starting Q Learning for : 
2015-06-23 19:32:56,457 alpha = 0.4
2015-06-23 19:32:56,457 gamma = 0.1
2015-06-23 19:32:56,457 individual factor = 12
2015-06-23 19:32:56,457 zero range = 0.01
2015-06-23 19:32:56,457 greedy level = 10
2015-06-23 19:32:56,457 

2015-06-23 19:33:01,374 Starting Training from 2014-12-17 to 2015-01-01
2015-06-23 19:46:40,960 Starting Live from 2015-01-02 to 2015-02-01
2015-06-23 20:17:22,009 Starting Training from 2015-01-17 to 2015-02-01
2015-06-23 20:18:47,842 Starting Live from 2015-02-02 to 2015-03-04
2015-06-23 20:50:03,973 Starting Training from 2015-02-17 to 2015-03-04
2015-06-23 20:52:14,029 Starting Live from 2015-03-05 to 2015-04-04
2015-06-23 21:29:25,214 Starting Training from 2015-03-20 to 2015-04-04
2015-06-23 21:31:28,947 Starting Live from 2015-04-05 to 2015-04-10
2015-06-23 21:40:12,085 Starting Q Learning for : 
2015-06-23 21:40:12,085 alpha = 0.4
2015-06-23 21:40:12,085 gamma = 0.2
2015-06-23 21:40:12,085 individual factor = 12
2015-06-23 21:40:12,085 zero range = 0.01
2015-06-23 21:40:12,085 greedy level = 10
2015-06-23 21:40:12,085 

2015-06-23 21:40:18,539 Starting Training from 2014-12-17 to 2015-01-01
2015-06-23 21:54:01,608 Starting Live from 2015-01-02 to 2015-02-01
2015-06-23 22:27:42,391 Starting Training from 2015-01-17 to 2015-02-01
2015-06-23 22:29:19,601 Starting Live from 2015-02-02 to 2015-03-04
2015-06-23 23:00:18,055 Starting Training from 2015-02-17 to 2015-03-04
2015-06-23 23:02:34,247 Starting Live from 2015-03-05 to 2015-04-04
