2015-06-24 00:48:29,282 Starting Q Learning for : 
2015-06-24 00:48:29,282 alpha = 0.5
2015-06-24 00:48:29,283 gamma = 0.5
2015-06-24 00:48:29,283 individual factor = 12
2015-06-24 00:48:29,283 zero range = 0.01
2015-06-24 00:48:29,283 greedy level = 10
2015-06-24 00:48:29,283 

2015-06-24 00:48:38,938 Starting Training from 2014-12-17 to 2015-01-01
2015-06-24 00:59:53,344 Starting Live from 2015-01-02 to 2015-02-01
2015-06-24 01:27:53,079 Starting Training from 2015-01-17 to 2015-02-01
2015-06-24 01:29:17,838 Starting Live from 2015-02-02 to 2015-03-04
2015-06-24 01:58:13,186 Starting Training from 2015-02-17 to 2015-03-04
2015-06-24 02:00:07,691 Starting Live from 2015-03-05 to 2015-04-04
2015-06-24 02:31:03,499 Starting Training from 2015-03-20 to 2015-04-04
2015-06-24 02:32:30,954 Starting Live from 2015-04-05 to 2015-04-10
2015-06-24 02:39:08,693 Starting Q Learning for : 
2015-06-24 02:39:08,693 alpha = 0.5
2015-06-24 02:39:08,693 gamma = 0.6
2015-06-24 02:39:08,693 individual factor = 12
2015-06-24 02:39:08,693 zero range = 0.01
2015-06-24 02:39:08,693 greedy level = 10
2015-06-24 02:39:08,693 

2015-06-24 02:39:13,680 Starting Training from 2014-12-17 to 2015-01-01
2015-06-24 02:51:39,102 Starting Live from 2015-01-02 to 2015-02-01
2015-06-24 03:19:32,426 Starting Training from 2015-01-17 to 2015-02-01
2015-06-24 03:20:51,401 Starting Live from 2015-02-02 to 2015-03-04
2015-06-24 03:48:09,608 Starting Training from 2015-02-17 to 2015-03-04
2015-06-24 03:50:22,891 Starting Live from 2015-03-05 to 2015-04-04
2015-06-24 04:24:39,364 Starting Training from 2015-03-20 to 2015-04-04
2015-06-24 04:26:02,165 Starting Live from 2015-04-05 to 2015-04-10
2015-06-24 04:35:07,153 Starting Q Learning for : 
2015-06-24 04:35:07,153 alpha = 0.5
2015-06-24 04:35:07,153 gamma = 0.7
2015-06-24 04:35:07,153 individual factor = 12
2015-06-24 04:35:07,153 zero range = 0.01
2015-06-24 04:35:07,153 greedy level = 10
2015-06-24 04:35:07,153 

2015-06-24 04:35:13,197 Starting Training from 2014-12-17 to 2015-01-01
2015-06-24 04:46:30,127 Starting Live from 2015-01-02 to 2015-02-01
2015-06-24 05:14:39,700 Starting Training from 2015-01-17 to 2015-02-01
2015-06-24 05:16:20,973 Starting Live from 2015-02-02 to 2015-03-04
2015-06-24 05:43:51,888 Starting Training from 2015-02-17 to 2015-03-04
2015-06-24 05:45:44,924 Starting Live from 2015-03-05 to 2015-04-04
2015-06-24 06:16:18,973 Starting Training from 2015-03-20 to 2015-04-04
2015-06-24 06:17:54,065 Starting Live from 2015-04-05 to 2015-04-10
2015-06-24 06:25:31,611 Starting Q Learning for : 
2015-06-24 06:25:31,611 alpha = 0.5
2015-06-24 06:25:31,611 gamma = 0.8
2015-06-24 06:25:31,611 individual factor = 12
2015-06-24 06:25:31,611 zero range = 0.01
2015-06-24 06:25:31,611 greedy level = 10
2015-06-24 06:25:31,611 

2015-06-24 06:25:36,710 Starting Training from 2014-12-17 to 2015-01-01
2015-06-24 06:37:04,391 Starting Live from 2015-01-02 to 2015-02-01
2015-06-24 07:06:08,299 Starting Training from 2015-01-17 to 2015-02-01
2015-06-24 07:07:31,545 Starting Live from 2015-02-02 to 2015-03-04
2015-06-24 07:34:39,006 Starting Training from 2015-02-17 to 2015-03-04
2015-06-24 07:36:31,815 Starting Live from 2015-03-05 to 2015-04-04
2015-06-24 08:08:33,125 Starting Training from 2015-03-20 to 2015-04-04
2015-06-24 08:09:55,265 Starting Live from 2015-04-05 to 2015-04-10
2015-06-24 08:16:54,846 Starting Q Learning for : 
2015-06-24 08:16:54,846 alpha = 0.4
2015-06-24 08:16:54,846 gamma = 0.5
2015-06-24 08:16:54,846 individual factor = 12
2015-06-24 08:16:54,846 zero range = 0.01
2015-06-24 08:16:54,846 greedy level = 10
2015-06-24 08:16:54,846 

2015-06-24 08:17:00,513 Starting Training from 2014-12-17 to 2015-01-01
2015-06-24 08:28:50,644 Starting Live from 2015-01-02 to 2015-02-01
2015-06-24 08:56:41,392 Starting Training from 2015-01-17 to 2015-02-01
2015-06-24 08:57:59,990 Starting Live from 2015-02-02 to 2015-03-04
2015-06-24 09:24:19,003 Starting Training from 2015-02-17 to 2015-03-04
2015-06-24 09:26:12,364 Starting Live from 2015-03-05 to 2015-04-04
2015-06-24 09:57:31,171 Starting Training from 2015-03-20 to 2015-04-04
2015-06-24 09:59:04,482 Starting Live from 2015-04-05 to 2015-04-10
2015-06-24 10:05:56,552 Starting Q Learning for : 
2015-06-24 10:05:56,552 alpha = 0.4
2015-06-24 10:05:56,552 gamma = 0.6
2015-06-24 10:05:56,552 individual factor = 12
2015-06-24 10:05:56,552 zero range = 0.01
2015-06-24 10:05:56,552 greedy level = 10
2015-06-24 10:05:56,552 

2015-06-24 10:06:04,756 Starting Training from 2014-12-17 to 2015-01-01
2015-06-24 10:18:12,703 Starting Live from 2015-01-02 to 2015-02-01
2015-06-24 10:45:45,211 Starting Training from 2015-01-17 to 2015-02-01
2015-06-24 10:47:02,000 Starting Live from 2015-02-02 to 2015-03-04
2015-06-24 11:13:16,052 Starting Training from 2015-02-17 to 2015-03-04
2015-06-24 11:15:40,891 Starting Live from 2015-03-05 to 2015-04-04
2015-06-24 11:47:08,015 Starting Training from 2015-03-20 to 2015-04-04
2015-06-24 11:48:32,299 Starting Live from 2015-04-05 to 2015-04-10
2015-06-24 11:56:21,368 Starting Q Learning for : 
2015-06-24 11:56:21,368 alpha = 0.4
2015-06-24 11:56:21,368 gamma = 0.7
2015-06-24 11:56:21,368 individual factor = 12
2015-06-24 11:56:21,368 zero range = 0.01
2015-06-24 11:56:21,368 greedy level = 10
2015-06-24 11:56:21,368 

2015-06-24 11:56:29,608 Starting Training from 2014-12-17 to 2015-01-01
2015-06-24 12:08:39,549 Starting Live from 2015-01-02 to 2015-02-01
2015-06-24 12:38:04,901 Starting Training from 2015-01-17 to 2015-02-01
2015-06-24 12:39:58,203 Starting Live from 2015-02-02 to 2015-03-04
2015-06-24 13:10:17,178 Starting Training from 2015-02-17 to 2015-03-04
2015-06-24 13:12:26,660 Starting Live from 2015-03-05 to 2015-04-04
2015-06-24 13:47:42,306 Starting Training from 2015-03-20 to 2015-04-04
2015-06-24 13:49:15,319 Starting Live from 2015-04-05 to 2015-04-10
2015-06-24 13:57:06,137 Starting Q Learning for : 
2015-06-24 13:57:06,137 alpha = 0.4
2015-06-24 13:57:06,137 gamma = 0.8
2015-06-24 13:57:06,137 individual factor = 12
2015-06-24 13:57:06,137 zero range = 0.01
2015-06-24 13:57:06,137 greedy level = 10
2015-06-24 13:57:06,137 

2015-06-24 13:57:12,069 Starting Training from 2014-12-17 to 2015-01-01
2015-06-24 14:11:00,654 Starting Live from 2015-01-02 to 2015-02-01
2015-06-24 14:42:54,852 Starting Training from 2015-01-17 to 2015-02-01
2015-06-24 14:44:22,536 Starting Live from 2015-02-02 to 2015-03-04
2015-06-24 15:16:22,585 Starting Training from 2015-02-17 to 2015-03-04
2015-06-24 15:18:46,818 Starting Live from 2015-03-05 to 2015-04-04
2015-06-24 15:56:35,803 Starting Training from 2015-03-20 to 2015-04-04
2015-06-24 15:58:40,617 Starting Live from 2015-04-05 to 2015-04-10
2015-06-24 16:06:45,661 Starting Q Learning for : 
2015-06-24 16:06:45,661 alpha = 0.8
2015-06-24 16:06:45,661 gamma = 0.1
2015-06-24 16:06:45,661 individual factor = 12
2015-06-24 16:06:45,661 zero range = 0.01
2015-06-24 16:06:45,661 greedy level = 10
2015-06-24 16:06:45,661 

2015-06-24 16:06:53,392 Starting Training from 2014-12-17 to 2015-01-01
2015-06-24 16:20:15,098 Starting Live from 2015-01-02 to 2015-02-01
2015-06-24 16:52:32,183 Starting Training from 2015-01-17 to 2015-02-01
2015-06-24 16:53:59,897 Starting Live from 2015-02-02 to 2015-03-04
2015-06-24 17:24:10,275 Starting Training from 2015-02-17 to 2015-03-04
2015-06-24 17:26:35,522 Starting Live from 2015-03-05 to 2015-04-04
2015-06-24 18:01:09,551 Starting Training from 2015-03-20 to 2015-04-04
2015-06-24 18:02:46,279 Starting Live from 2015-04-05 to 2015-04-10
2015-06-24 18:10:45,255 Starting Q Learning for : 
2015-06-24 18:10:45,255 alpha = 0.8
2015-06-24 18:10:45,255 gamma = 0.2
2015-06-24 18:10:45,255 individual factor = 12
2015-06-24 18:10:45,255 zero range = 0.01
2015-06-24 18:10:45,255 greedy level = 10
2015-06-24 18:10:45,255 

2015-06-24 18:10:52,828 Starting Training from 2014-12-17 to 2015-01-01
2015-06-24 18:24:08,349 Starting Live from 2015-01-02 to 2015-02-01
2015-06-24 18:55:59,391 Starting Training from 2015-01-17 to 2015-02-01
2015-06-24 18:57:43,948 Starting Live from 2015-02-02 to 2015-03-04
2015-06-24 19:28:01,476 Starting Training from 2015-02-17 to 2015-03-04
2015-06-24 19:30:11,842 Starting Live from 2015-03-05 to 2015-04-04
2015-06-24 20:05:00,141 Starting Training from 2015-03-20 to 2015-04-04
2015-06-24 20:06:32,601 Starting Live from 2015-04-05 to 2015-04-10
2015-06-24 20:14:07,532 Starting Q Learning for : 
2015-06-24 20:14:07,532 alpha = 0.8
2015-06-24 20:14:07,532 gamma = 0.3
2015-06-24 20:14:07,532 individual factor = 12
2015-06-24 20:14:07,532 zero range = 0.01
2015-06-24 20:14:07,532 greedy level = 10
2015-06-24 20:14:07,532 

2015-06-24 20:14:13,200 Starting Training from 2014-12-17 to 2015-01-01
2015-06-24 20:27:31,913 Starting Live from 2015-01-02 to 2015-02-01
2015-06-24 20:57:40,390 Starting Training from 2015-01-17 to 2015-02-01
2015-06-24 20:59:03,996 Starting Live from 2015-02-02 to 2015-03-04
2015-06-24 21:29:26,492 Starting Training from 2015-02-17 to 2015-03-04
2015-06-24 21:31:53,013 Starting Live from 2015-03-05 to 2015-04-04
2015-06-24 22:04:21,351 Starting Training from 2015-03-20 to 2015-04-04
2015-06-24 22:05:49,683 Starting Live from 2015-04-05 to 2015-04-10
2015-06-24 22:13:06,279 Starting Q Learning for : 
2015-06-24 22:13:06,279 alpha = 0.8
2015-06-24 22:13:06,279 gamma = 0.4
2015-06-24 22:13:06,279 individual factor = 12
2015-06-24 22:13:06,280 zero range = 0.01
2015-06-24 22:13:06,280 greedy level = 10
2015-06-24 22:13:06,280 

2015-06-24 22:13:12,838 Starting Training from 2014-12-17 to 2015-01-01
2015-06-24 22:25:41,585 Starting Live from 2015-01-02 to 2015-02-01
2015-06-24 22:55:15,046 Starting Training from 2015-01-17 to 2015-02-01
2015-06-24 22:57:04,453 Starting Live from 2015-02-02 to 2015-03-04
2015-06-24 23:25:14,680 Starting Training from 2015-02-17 to 2015-03-04
2015-06-24 23:27:16,285 Starting Live from 2015-03-05 to 2015-04-04
2015-06-25 00:02:40,615 Starting Training from 2015-03-20 to 2015-04-04
2015-06-25 00:04:23,586 Starting Live from 2015-04-05 to 2015-04-10
2015-06-25 00:11:43,303 Starting Q Learning for : 
2015-06-25 00:11:43,303 alpha = 0.8
2015-06-25 00:11:43,303 gamma = 0.5
2015-06-25 00:11:43,303 individual factor = 12
2015-06-25 00:11:43,303 zero range = 0.01
2015-06-25 00:11:43,303 greedy level = 10
2015-06-25 00:11:43,305 

2015-06-25 00:11:50,094 Starting Training from 2014-12-17 to 2015-01-01
2015-06-25 00:24:10,993 Starting Live from 2015-01-02 to 2015-02-01
2015-06-25 00:53:29,013 Starting Training from 2015-01-17 to 2015-02-01
2015-06-25 00:54:49,545 Starting Live from 2015-02-02 to 2015-03-04
2015-06-25 01:22:08,562 Starting Training from 2015-02-17 to 2015-03-04
2015-06-25 01:24:05,292 Starting Live from 2015-03-05 to 2015-04-04
2015-06-25 01:55:17,658 Starting Training from 2015-03-20 to 2015-04-04
2015-06-25 01:56:40,493 Starting Live from 2015-04-05 to 2015-04-10
2015-06-25 02:02:58,326 Starting Q Learning for : 
2015-06-25 02:02:58,326 alpha = 0.8
2015-06-25 02:02:58,326 gamma = 0.6
2015-06-25 02:02:58,326 individual factor = 12
2015-06-25 02:02:58,328 zero range = 0.01
2015-06-25 02:02:58,328 greedy level = 10
2015-06-25 02:02:58,328 

2015-06-25 02:03:03,642 Starting Training from 2014-12-17 to 2015-01-01
2015-06-25 02:15:12,558 Starting Live from 2015-01-02 to 2015-02-01
2015-06-25 02:43:48,430 Starting Training from 2015-01-17 to 2015-02-01
2015-06-25 02:45:05,819 Starting Live from 2015-02-02 to 2015-03-04
2015-06-25 03:12:06,997 Starting Training from 2015-02-17 to 2015-03-04
2015-06-25 03:13:57,344 Starting Live from 2015-03-05 to 2015-04-04
2015-06-25 03:45:35,744 Starting Training from 2015-03-20 to 2015-04-04
2015-06-25 03:46:57,426 Starting Live from 2015-04-05 to 2015-04-10
2015-06-25 03:53:21,585 Starting Q Learning for : 
2015-06-25 03:53:21,586 alpha = 0.8
2015-06-25 03:53:21,586 gamma = 0.7
2015-06-25 03:53:21,586 individual factor = 12
2015-06-25 03:53:21,586 zero range = 0.01
2015-06-25 03:53:21,586 greedy level = 10
2015-06-25 03:53:21,586 

2015-06-25 03:53:27,177 Starting Training from 2014-12-17 to 2015-01-01
2015-06-25 04:05:36,608 Starting Live from 2015-01-02 to 2015-02-01
2015-06-25 04:33:13,789 Starting Training from 2015-01-17 to 2015-02-01
2015-06-25 04:34:31,122 Starting Live from 2015-02-02 to 2015-03-04
2015-06-25 05:01:05,063 Starting Training from 2015-02-17 to 2015-03-04
2015-06-25 05:02:56,094 Starting Live from 2015-03-05 to 2015-04-04
2015-06-25 05:33:16,582 Starting Training from 2015-03-20 to 2015-04-04
2015-06-25 05:34:40,066 Starting Live from 2015-04-05 to 2015-04-10
2015-06-25 05:41:03,632 Starting Q Learning for : 
2015-06-25 05:41:03,632 alpha = 0.8
2015-06-25 05:41:03,632 gamma = 0.8
2015-06-25 05:41:03,632 individual factor = 12
2015-06-25 05:41:03,632 zero range = 0.01
2015-06-25 05:41:03,632 greedy level = 10
2015-06-25 05:41:03,632 

2015-06-25 05:41:08,339 Starting Training from 2014-12-17 to 2015-01-01
2015-06-25 05:52:38,026 Starting Live from 2015-01-02 to 2015-02-01
2015-06-25 06:20:30,674 Starting Training from 2015-01-17 to 2015-02-01
2015-06-25 06:21:44,359 Starting Live from 2015-02-02 to 2015-03-04
2015-06-25 06:48:14,944 Starting Training from 2015-02-17 to 2015-03-04
2015-06-25 06:50:04,022 Starting Live from 2015-03-05 to 2015-04-04
2015-06-25 07:19:43,290 Starting Training from 2015-03-20 to 2015-04-04
2015-06-25 07:21:28,542 Starting Live from 2015-04-05 to 2015-04-10
