2015-06-24 00:48:29,282 Starting Q Learning for : 
2015-06-24 00:48:29,283 alpha = 0.6
2015-06-24 00:48:29,283 gamma = 0.1
2015-06-24 00:48:29,283 individual factor = 12
2015-06-24 00:48:29,283 zero range = 0.01
2015-06-24 00:48:29,283 greedy level = 10
2015-06-24 00:48:29,283 

2015-06-24 00:48:38,940 Starting Training from 2014-12-17 to 2015-01-01
2015-06-24 00:59:55,894 Starting Live from 2015-01-02 to 2015-02-01
2015-06-24 01:27:53,414 Starting Training from 2015-01-17 to 2015-02-01
2015-06-24 01:29:18,262 Starting Live from 2015-02-02 to 2015-03-04
2015-06-24 01:58:12,015 Starting Training from 2015-02-17 to 2015-03-04
2015-06-24 02:00:06,933 Starting Live from 2015-03-05 to 2015-04-04
2015-06-24 02:32:11,576 Starting Training from 2015-03-20 to 2015-04-04
2015-06-24 02:33:38,494 Starting Live from 2015-04-05 to 2015-04-10
2015-06-24 02:40:31,408 Starting Q Learning for : 
2015-06-24 02:40:31,410 alpha = 0.6
2015-06-24 02:40:31,410 gamma = 0.2
2015-06-24 02:40:31,410 individual factor = 12
2015-06-24 02:40:31,410 zero range = 0.01
2015-06-24 02:40:31,410 greedy level = 10
2015-06-24 02:40:31,410 

2015-06-24 02:40:35,750 Starting Training from 2014-12-17 to 2015-01-01
2015-06-24 02:52:58,295 Starting Live from 2015-01-02 to 2015-02-01
2015-06-24 03:20:54,943 Starting Training from 2015-01-17 to 2015-02-01
2015-06-24 03:22:13,247 Starting Live from 2015-02-02 to 2015-03-04
2015-06-24 03:48:54,713 Starting Training from 2015-02-17 to 2015-03-04
2015-06-24 03:51:20,733 Starting Live from 2015-03-05 to 2015-04-04
2015-06-24 04:24:57,953 Starting Training from 2015-03-20 to 2015-04-04
2015-06-24 04:26:23,316 Starting Live from 2015-04-05 to 2015-04-10
2015-06-24 04:34:10,460 Starting Q Learning for : 
2015-06-24 04:34:10,460 alpha = 0.6
2015-06-24 04:34:10,460 gamma = 0.3
2015-06-24 04:34:10,460 individual factor = 12
2015-06-24 04:34:10,460 zero range = 0.01
2015-06-24 04:34:10,460 greedy level = 10
2015-06-24 04:34:10,460 

2015-06-24 04:34:14,236 Starting Training from 2014-12-17 to 2015-01-01
2015-06-24 04:45:42,730 Starting Live from 2015-01-02 to 2015-02-01
2015-06-24 05:13:45,421 Starting Training from 2015-01-17 to 2015-02-01
2015-06-24 05:15:26,926 Starting Live from 2015-02-02 to 2015-03-04
2015-06-24 05:43:16,322 Starting Training from 2015-02-17 to 2015-03-04
2015-06-24 05:45:10,546 Starting Live from 2015-03-05 to 2015-04-04
2015-06-24 06:15:48,101 Starting Training from 2015-03-20 to 2015-04-04
2015-06-24 06:17:13,161 Starting Live from 2015-04-05 to 2015-04-10
2015-06-24 06:24:51,941 Starting Q Learning for : 
2015-06-24 06:24:51,941 alpha = 0.6
2015-06-24 06:24:51,941 gamma = 0.4
2015-06-24 06:24:51,941 individual factor = 12
2015-06-24 06:24:51,941 zero range = 0.01
2015-06-24 06:24:51,941 greedy level = 10
2015-06-24 06:24:51,941 

2015-06-24 06:24:56,984 Starting Training from 2014-12-17 to 2015-01-01
2015-06-24 06:36:22,714 Starting Live from 2015-01-02 to 2015-02-01
2015-06-24 07:05:29,569 Starting Training from 2015-01-17 to 2015-02-01
2015-06-24 07:06:52,075 Starting Live from 2015-02-02 to 2015-03-04
2015-06-24 07:33:43,765 Starting Training from 2015-02-17 to 2015-03-04
2015-06-24 07:35:39,776 Starting Live from 2015-03-05 to 2015-04-04
2015-06-24 08:04:57,924 Starting Training from 2015-03-20 to 2015-04-04
2015-06-24 08:06:40,480 Starting Live from 2015-04-05 to 2015-04-10
2015-06-24 08:12:59,871 Starting Q Learning for : 
2015-06-24 08:12:59,871 alpha = 0.4
2015-06-24 08:12:59,871 gamma = 0.1
2015-06-24 08:12:59,871 individual factor = 12
2015-06-24 08:12:59,871 zero range = 0.01
2015-06-24 08:12:59,871 greedy level = 10
2015-06-24 08:12:59,871 

2015-06-24 08:13:02,980 Starting Training from 2014-12-17 to 2015-01-01
2015-06-24 08:24:19,072 Starting Live from 2015-01-02 to 2015-02-01
2015-06-24 08:52:46,532 Starting Training from 2015-01-17 to 2015-02-01
2015-06-24 08:54:07,121 Starting Live from 2015-02-02 to 2015-03-04
2015-06-24 09:20:34,697 Starting Training from 2015-02-17 to 2015-03-04
2015-06-24 09:22:26,602 Starting Live from 2015-03-05 to 2015-04-04
2015-06-24 09:52:34,328 Starting Training from 2015-03-20 to 2015-04-04
2015-06-24 09:54:07,312 Starting Live from 2015-04-05 to 2015-04-10
2015-06-24 10:00:46,039 Starting Q Learning for : 
2015-06-24 10:00:46,039 alpha = 0.4
2015-06-24 10:00:46,039 gamma = 0.2
2015-06-24 10:00:46,039 individual factor = 12
2015-06-24 10:00:46,039 zero range = 0.01
2015-06-24 10:00:46,039 greedy level = 10
2015-06-24 10:00:46,039 

2015-06-24 10:00:48,588 Starting Training from 2014-12-17 to 2015-01-01
2015-06-24 10:12:48,596 Starting Live from 2015-01-02 to 2015-02-01
2015-06-24 10:40:37,071 Starting Training from 2015-01-17 to 2015-02-01
2015-06-24 10:41:53,492 Starting Live from 2015-02-02 to 2015-03-04
2015-06-24 11:08:10,184 Starting Training from 2015-02-17 to 2015-03-04
2015-06-24 11:10:00,733 Starting Live from 2015-03-05 to 2015-04-04
2015-06-24 11:42:13,417 Starting Training from 2015-03-20 to 2015-04-04
2015-06-24 11:43:37,578 Starting Live from 2015-04-05 to 2015-04-10
2015-06-24 11:51:19,923 Starting Q Learning for : 
2015-06-24 11:51:19,923 alpha = 0.4
2015-06-24 11:51:19,923 gamma = 0.3
2015-06-24 11:51:19,923 individual factor = 12
2015-06-24 11:51:19,923 zero range = 0.01
2015-06-24 11:51:19,923 greedy level = 10
2015-06-24 11:51:19,923 

2015-06-24 11:51:25,151 Starting Training from 2014-12-17 to 2015-01-01
2015-06-24 12:03:47,140 Starting Live from 2015-01-02 to 2015-02-01
2015-06-24 12:32:59,513 Starting Training from 2015-01-17 to 2015-02-01
2015-06-24 12:34:17,737 Starting Live from 2015-02-02 to 2015-03-04
2015-06-24 13:04:24,325 Starting Training from 2015-02-17 to 2015-03-04
2015-06-24 13:06:36,043 Starting Live from 2015-03-05 to 2015-04-04
2015-06-24 13:44:58,227 Starting Training from 2015-03-20 to 2015-04-04
2015-06-24 13:46:53,578 Starting Live from 2015-04-05 to 2015-04-10
2015-06-24 13:56:11,884 Starting Q Learning for : 
2015-06-24 13:56:11,885 alpha = 0.4
2015-06-24 13:56:11,885 gamma = 0.4
2015-06-24 13:56:11,885 individual factor = 12
2015-06-24 13:56:11,885 zero range = 0.01
2015-06-24 13:56:11,885 greedy level = 10
2015-06-24 13:56:11,885 

2015-06-24 13:56:19,095 Starting Training from 2014-12-17 to 2015-01-01
2015-06-24 14:10:10,486 Starting Live from 2015-01-02 to 2015-02-01
2015-06-24 14:42:01,382 Starting Training from 2015-01-17 to 2015-02-01
2015-06-24 14:43:30,621 Starting Live from 2015-02-02 to 2015-03-04
2015-06-24 15:15:00,490 Starting Training from 2015-02-17 to 2015-03-04
2015-06-24 15:17:23,653 Starting Live from 2015-03-05 to 2015-04-04
2015-06-24 15:51:13,351 Starting Training from 2015-03-20 to 2015-04-04
2015-06-24 15:52:47,786 Starting Live from 2015-04-05 to 2015-04-10
2015-06-24 16:01:00,131 Starting Q Learning for : 
2015-06-24 16:01:00,131 alpha = 0.2
2015-06-24 16:01:00,131 gamma = 0.1
2015-06-24 16:01:00,131 individual factor = 12
2015-06-24 16:01:00,131 zero range = 0.01
2015-06-24 16:01:00,131 greedy level = 10
2015-06-24 16:01:00,131 

2015-06-24 16:01:06,414 Starting Training from 2014-12-17 to 2015-01-01
2015-06-24 16:14:12,000 Starting Live from 2015-01-02 to 2015-02-01
2015-06-24 16:47:03,957 Starting Training from 2015-01-17 to 2015-02-01
2015-06-24 16:48:38,750 Starting Live from 2015-02-02 to 2015-03-04
2015-06-24 17:19:29,453 Starting Training from 2015-02-17 to 2015-03-04
2015-06-24 17:21:35,223 Starting Live from 2015-03-05 to 2015-04-04
2015-06-24 18:00:15,306 Starting Training from 2015-03-20 to 2015-04-04
2015-06-24 18:01:50,709 Starting Live from 2015-04-05 to 2015-04-10
2015-06-24 18:11:03,934 Starting Q Learning for : 
2015-06-24 18:11:03,934 alpha = 0.2
2015-06-24 18:11:03,934 gamma = 0.2
2015-06-24 18:11:03,934 individual factor = 12
2015-06-24 18:11:03,934 zero range = 0.01
2015-06-24 18:11:03,934 greedy level = 10
2015-06-24 18:11:03,934 

2015-06-24 18:11:10,711 Starting Training from 2014-12-17 to 2015-01-01
2015-06-24 18:24:28,671 Starting Live from 2015-01-02 to 2015-02-01
2015-06-24 18:56:35,329 Starting Training from 2015-01-17 to 2015-02-01
2015-06-24 18:58:18,637 Starting Live from 2015-02-02 to 2015-03-04
2015-06-24 19:28:44,259 Starting Training from 2015-02-17 to 2015-03-04
2015-06-24 19:30:57,637 Starting Live from 2015-03-05 to 2015-04-04
2015-06-24 20:07:31,858 Starting Training from 2015-03-20 to 2015-04-04
2015-06-24 20:09:04,440 Starting Live from 2015-04-05 to 2015-04-10
2015-06-24 20:17:01,536 Starting Q Learning for : 
2015-06-24 20:17:01,536 alpha = 0.2
2015-06-24 20:17:01,536 gamma = 0.3
2015-06-24 20:17:01,536 individual factor = 12
2015-06-24 20:17:01,536 zero range = 0.01
2015-06-24 20:17:01,536 greedy level = 10
2015-06-24 20:17:01,536 

2015-06-24 20:17:06,502 Starting Training from 2014-12-17 to 2015-01-01
2015-06-24 20:30:24,115 Starting Live from 2015-01-02 to 2015-02-01
2015-06-24 21:00:46,711 Starting Training from 2015-01-17 to 2015-02-01
2015-06-24 21:02:12,529 Starting Live from 2015-02-02 to 2015-03-04
2015-06-24 21:32:45,747 Starting Training from 2015-02-17 to 2015-03-04
2015-06-24 21:34:50,177 Starting Live from 2015-03-05 to 2015-04-04
2015-06-24 22:09:24,619 Starting Training from 2015-03-20 to 2015-04-04
2015-06-24 22:10:52,743 Starting Live from 2015-04-05 to 2015-04-10
2015-06-24 22:19:30,151 Starting Q Learning for : 
2015-06-24 22:19:30,151 alpha = 0.2
2015-06-24 22:19:30,151 gamma = 0.4
2015-06-24 22:19:30,151 individual factor = 12
2015-06-24 22:19:30,153 zero range = 0.01
2015-06-24 22:19:30,153 greedy level = 10
2015-06-24 22:19:30,153 

2015-06-24 22:19:35,197 Starting Training from 2014-12-17 to 2015-01-01
2015-06-24 22:31:31,811 Starting Live from 2015-01-02 to 2015-02-01
2015-06-24 23:02:06,165 Starting Training from 2015-01-17 to 2015-02-01
2015-06-24 23:03:26,194 Starting Live from 2015-02-02 to 2015-03-04
2015-06-24 23:31:44,931 Starting Training from 2015-02-17 to 2015-03-04
2015-06-24 23:33:55,010 Starting Live from 2015-03-05 to 2015-04-04
2015-06-25 00:06:12,151 Starting Training from 2015-03-20 to 2015-04-04
2015-06-25 00:07:38,665 Starting Live from 2015-04-05 to 2015-04-10
