2015-06-30 14:42:35,004 Starting mtm calculation
2015-06-30 14:42:35,004 Calculating mtm for 2014-12-01
2015-06-30 14:42:36,407 Calculating mtm for 2014-12-02
2015-06-30 14:42:36,883 Calculating mtm for 2014-12-03
2015-06-30 14:42:37,333 Calculating mtm for 2014-12-04
2015-06-30 14:42:37,984 Calculating mtm for 2014-12-05
2015-06-30 14:42:38,760 Calculating mtm for 2014-12-06
2015-06-30 14:42:38,762 Calculating mtm for 2014-12-07
2015-06-30 14:42:38,766 Calculating mtm for 2014-12-08
2015-06-30 14:42:39,318 Calculating mtm for 2014-12-09
2015-06-30 14:42:40,178 Calculating mtm for 2014-12-10
2015-06-30 14:42:40,419 Calculating mtm for 2014-12-11
2015-06-30 14:42:40,954 Calculating mtm for 2014-12-12
2015-06-30 14:42:41,921 Calculating mtm for 2014-12-13
2015-06-30 14:42:41,926 Calculating mtm for 2014-12-14
2015-06-30 14:42:41,929 Calculating mtm for 2014-12-15
2015-06-30 14:42:42,407 Calculating mtm for 2014-12-16
2015-06-30 14:42:42,858 Calculating mtm for 2014-12-17
2015-06-30 14:42:43,358 Calculating mtm for 2014-12-18
2015-06-30 14:42:43,792 Calculating mtm for 2014-12-19
2015-06-30 14:42:44,920 Calculating mtm for 2014-12-20
2015-06-30 14:42:44,922 Calculating mtm for 2014-12-21
2015-06-30 14:42:44,924 Calculating mtm for 2014-12-22
2015-06-30 14:42:45,387 Calculating mtm for 2014-12-23
2015-06-30 14:42:46,221 Calculating mtm for 2014-12-24
2015-06-30 14:42:46,706 Calculating mtm for 2014-12-25
2015-06-30 14:42:46,710 Calculating mtm for 2014-12-26
2015-06-30 14:42:47,281 Calculating mtm for 2014-12-27
2015-06-30 14:42:47,286 Calculating mtm for 2014-12-28
2015-06-30 14:42:47,291 Calculating mtm for 2014-12-29
2015-06-30 14:42:47,773 Calculating mtm for 2014-12-30
2015-06-30 14:42:47,890 Calculating mtm for 2014-12-31
2015-06-30 14:42:48,527 Calculating mtm for 2015-01-01
2015-06-30 14:42:48,960 Calculating mtm for 2015-01-02
2015-06-30 14:42:49,595 Calculating mtm for 2015-01-03
2015-06-30 14:42:49,597 Calculating mtm for 2015-01-04
2015-06-30 14:42:49,600 Calculating mtm for 2015-01-05
2015-06-30 14:42:49,928 Calculating mtm for 2015-01-06
2015-06-30 14:42:50,764 Calculating mtm for 2015-01-07
2015-06-30 14:42:51,723 Calculating mtm for 2015-01-08
2015-06-30 14:42:52,373 Calculating mtm for 2015-01-09
2015-06-30 14:42:53,800 Calculating mtm for 2015-01-10
2015-06-30 14:42:53,804 Calculating mtm for 2015-01-11
2015-06-30 14:42:53,808 Calculating mtm for 2015-01-12
2015-06-30 14:42:54,335 Calculating mtm for 2015-01-13
2015-06-30 14:42:56,074 Calculating mtm for 2015-01-14
2015-06-30 14:42:56,570 Calculating mtm for 2015-01-15
2015-06-30 14:42:57,080 Calculating mtm for 2015-01-16
2015-06-30 14:42:57,647 Calculating mtm for 2015-01-17
2015-06-30 14:42:57,650 Calculating mtm for 2015-01-18
2015-06-30 14:42:57,652 Calculating mtm for 2015-01-19
2015-06-30 14:42:58,149 Calculating mtm for 2015-01-20
2015-06-30 14:42:59,182 Calculating mtm for 2015-01-21
2015-06-30 14:43:00,608 Calculating mtm for 2015-01-22
2015-06-30 14:43:01,026 Calculating mtm for 2015-01-23
2015-06-30 14:43:01,794 Calculating mtm for 2015-01-24
2015-06-30 14:43:01,798 Calculating mtm for 2015-01-25
2015-06-30 14:43:01,802 Calculating mtm for 2015-01-26
2015-06-30 14:43:01,804 Calculating mtm for 2015-01-27
2015-06-30 14:43:02,269 Calculating mtm for 2015-01-28
2015-06-30 14:43:02,856 Calculating mtm for 2015-01-29
2015-06-30 14:43:03,404 Calculating mtm for 2015-01-30
2015-06-30 14:43:04,312 Calculating mtm for 2015-01-31
2015-06-30 14:43:04,316 Calculating mtm for 2015-02-01
2015-06-30 14:43:04,320 Calculating mtm for 2015-02-02
2015-06-30 14:43:04,805 Calculating mtm for 2015-02-03
2015-06-30 14:43:05,322 Calculating mtm for 2015-02-04
2015-06-30 14:43:05,574 Calculating mtm for 2015-02-05
2015-06-30 14:43:06,616 Calculating mtm for 2015-02-06
2015-06-30 14:43:06,867 Calculating mtm for 2015-02-07
2015-06-30 14:43:06,872 Calculating mtm for 2015-02-08
2015-06-30 14:43:06,878 Calculating mtm for 2015-02-09
2015-06-30 14:43:07,784 Calculating mtm for 2015-02-10
2015-06-30 14:43:08,218 Updating ranks for walkforward - 1
2015-06-30 14:43:18,932 Updating ranks for walkforward - 2
2015-06-30 14:43:30,235 Updating ranks for walkforward - 3
2015-06-30 14:43:57,203 Done Ranking. Calling processes now.
2015-06-30 14:43:57,204 Starting Q Learning for : 
2015-06-30 14:43:57,205 alpha = 0.5
2015-06-30 14:43:57,205 gamma = 0.1
2015-06-30 14:43:57,205 individual factor = 10
2015-06-30 14:43:57,205 zero range = 0.002
2015-06-30 14:43:57,205 greedy level = 5
2015-06-30 14:43:57,205 

2015-06-30 14:43:57,208 Starting Q Learning for : 
2015-06-30 14:43:57,208 alpha = 0.2
2015-06-30 14:43:57,208 gamma = 0.3
2015-06-30 14:43:57,208 individual factor = 10
2015-06-30 14:43:57,208 zero range = 0.002
2015-06-30 14:43:57,208 greedy level = 5
2015-06-30 14:43:57,209 

2015-06-30 14:43:57,208 Starting Q Learning for : 
2015-06-30 14:43:57,209 alpha = 0.4
2015-06-30 14:43:57,209 gamma = 0.5
2015-06-30 14:43:57,209 individual factor = 10
2015-06-30 14:43:57,209 zero range = 0.002
2015-06-30 14:43:57,209 greedy level = 5
2015-06-30 14:43:57,209 

2015-06-30 14:43:58,855 Starting Training from 2015-01-01 to 2015-01-31
2015-06-30 14:43:58,887 Starting Training from 2015-01-01 to 2015-01-31
2015-06-30 14:43:58,887 Starting Training from 2015-01-01 to 2015-01-31
2015-06-30 15:05:42,750 Starting Live from 2015-02-01 to 2015-03-03
2015-06-30 15:05:43,883 Starting Live from 2015-02-01 to 2015-03-03
2015-06-30 15:05:45,794 Starting Live from 2015-02-01 to 2015-03-03
2015-06-30 15:29:29,388 Starting Training from 2015-02-01 to 2015-03-03
2015-06-30 15:29:29,900 Starting Training from 2015-02-01 to 2015-03-03
2015-06-30 15:29:30,734 Starting Training from 2015-02-01 to 2015-03-03
2015-06-30 15:31:00,582 Starting Live from 2015-03-04 to 2015-04-03
2015-06-30 15:31:00,635 Starting Live from 2015-03-04 to 2015-04-03
2015-06-30 15:31:01,630 Starting Live from 2015-03-04 to 2015-04-03
2015-06-30 15:49:41,448 Starting Training from 2015-03-04 to 2015-04-03
2015-06-30 15:49:45,814 Starting Training from 2015-03-04 to 2015-04-03
2015-06-30 15:49:49,944 Starting Training from 2015-03-04 to 2015-04-03
2015-06-30 15:51:45,218 Starting Live from 2015-04-04 to 2015-04-10
2015-06-30 15:51:56,798 Starting Live from 2015-04-04 to 2015-04-10
2015-06-30 15:52:12,295 Starting Live from 2015-04-04 to 2015-04-10
2015-06-30 15:57:26,655 Starting Q Learning for : 
2015-06-30 15:57:26,656 alpha = 0.4
2015-06-30 15:57:26,656 gamma = 0.6
2015-06-30 15:57:26,656 individual factor = 10
2015-06-30 15:57:26,656 zero range = 0.002
2015-06-30 15:57:26,656 greedy level = 5
2015-06-30 15:57:26,656 

2015-06-30 15:57:28,489 Starting Training from 2015-01-01 to 2015-01-31
2015-06-30 15:57:35,572 Starting Q Learning for : 
2015-06-30 15:57:35,572 alpha = 0.5
2015-06-30 15:57:35,572 gamma = 0.2
2015-06-30 15:57:35,572 individual factor = 10
2015-06-30 15:57:35,572 zero range = 0.002
2015-06-30 15:57:35,572 greedy level = 5
2015-06-30 15:57:35,572 

2015-06-30 15:57:37,075 Starting Training from 2015-01-01 to 2015-01-31
2015-06-30 15:57:45,080 Starting Q Learning for : 
2015-06-30 15:57:45,080 alpha = 0.2
2015-06-30 15:57:45,080 gamma = 0.4
2015-06-30 15:57:45,080 individual factor = 10
2015-06-30 15:57:45,080 zero range = 0.002
2015-06-30 15:57:45,081 greedy level = 5
2015-06-30 15:57:45,081 

2015-06-30 15:57:45,780 Starting Training from 2015-01-01 to 2015-01-31
2015-06-30 16:17:53,359 Starting Live from 2015-02-01 to 2015-03-03
2015-06-30 16:17:55,870 Starting Live from 2015-02-01 to 2015-03-03
2015-06-30 16:17:59,864 Starting Live from 2015-02-01 to 2015-03-03
2015-06-30 16:38:29,451 Starting Training from 2015-02-01 to 2015-03-03
2015-06-30 16:38:30,861 Starting Training from 2015-02-01 to 2015-03-03
2015-06-30 16:38:33,578 Starting Training from 2015-02-01 to 2015-03-03
2015-06-30 16:41:12,711 Starting Live from 2015-03-04 to 2015-04-03
2015-06-30 16:41:15,005 Starting Live from 2015-03-04 to 2015-04-03
2015-06-30 16:41:22,667 Starting Live from 2015-03-04 to 2015-04-03
2015-06-30 16:59:20,717 Starting Training from 2015-03-04 to 2015-04-03
2015-06-30 16:59:21,673 Starting Training from 2015-03-04 to 2015-04-03
2015-06-30 16:59:30,458 Starting Training from 2015-03-04 to 2015-04-03
2015-06-30 17:01:35,103 Starting Live from 2015-04-04 to 2015-04-10
2015-06-30 17:01:35,669 Starting Live from 2015-04-04 to 2015-04-10
2015-06-30 17:01:38,312 Starting Live from 2015-04-04 to 2015-04-10
2015-06-30 17:06:10,832 Starting Q Learning for : 
2015-06-30 17:06:10,832 alpha = 0.5
2015-06-30 17:06:10,833 gamma = 0.3
2015-06-30 17:06:10,833 individual factor = 10
2015-06-30 17:06:10,833 zero range = 0.002
2015-06-30 17:06:10,833 greedy level = 5
2015-06-30 17:06:10,833 

2015-06-30 17:06:11,619 Starting Q Learning for : 
2015-06-30 17:06:11,619 alpha = 0.2
2015-06-30 17:06:11,619 gamma = 0.5
2015-06-30 17:06:11,619 individual factor = 10
2015-06-30 17:06:11,619 zero range = 0.002
2015-06-30 17:06:11,619 greedy level = 5
2015-06-30 17:06:11,619 

2015-06-30 17:06:11,715 Starting Training from 2015-01-01 to 2015-01-31
2015-06-30 17:06:13,162 Starting Q Learning for : 
2015-06-30 17:06:13,162 alpha = 0.4
2015-06-30 17:06:13,162 gamma = 0.7
2015-06-30 17:06:13,162 individual factor = 10
2015-06-30 17:06:13,162 zero range = 0.002
2015-06-30 17:06:13,162 greedy level = 5
2015-06-30 17:06:13,162 

2015-06-30 17:06:13,649 Starting Training from 2015-01-01 to 2015-01-31
2015-06-30 17:06:14,645 Starting Training from 2015-01-01 to 2015-01-31
2015-06-30 17:25:54,315 Starting Live from 2015-02-01 to 2015-03-03
2015-06-30 17:25:56,286 Starting Live from 2015-02-01 to 2015-03-03
2015-06-30 17:25:59,355 Starting Live from 2015-02-01 to 2015-03-03
2015-06-30 17:45:28,225 Starting Training from 2015-02-01 to 2015-03-03
2015-06-30 17:45:30,401 Starting Training from 2015-02-01 to 2015-03-03
2015-06-30 17:45:38,557 Starting Training from 2015-02-01 to 2015-03-03
2015-06-30 17:47:08,446 Starting Live from 2015-03-04 to 2015-04-03
2015-06-30 17:47:10,776 Starting Live from 2015-03-04 to 2015-04-03
2015-06-30 17:47:18,739 Starting Live from 2015-03-04 to 2015-04-03
2015-06-30 18:05:15,971 Starting Training from 2015-03-04 to 2015-04-03
2015-06-30 18:05:18,358 Starting Training from 2015-03-04 to 2015-04-03
2015-06-30 18:05:21,736 Starting Training from 2015-03-04 to 2015-04-03
2015-06-30 18:08:33,729 Starting Live from 2015-04-04 to 2015-04-10
2015-06-30 18:08:39,084 Starting Live from 2015-04-04 to 2015-04-10
2015-06-30 18:08:49,661 Starting Live from 2015-04-04 to 2015-04-10
2015-06-30 18:13:32,967 Starting Q Learning for : 
2015-06-30 18:13:32,967 alpha = 0.5
2015-06-30 18:13:32,968 gamma = 0.4
2015-06-30 18:13:32,968 individual factor = 10
2015-06-30 18:13:32,968 zero range = 0.002
2015-06-30 18:13:32,968 greedy level = 5
2015-06-30 18:13:32,968 

2015-06-30 18:13:33,411 Starting Training from 2015-01-01 to 2015-01-31
2015-06-30 18:13:39,036 Starting Q Learning for : 
2015-06-30 18:13:39,036 alpha = 0.2
2015-06-30 18:13:39,036 gamma = 0.6
2015-06-30 18:13:39,036 individual factor = 10
2015-06-30 18:13:39,036 zero range = 0.002
2015-06-30 18:13:39,036 greedy level = 5
2015-06-30 18:13:39,036 

2015-06-30 18:13:39,443 Starting Training from 2015-01-01 to 2015-01-31
2015-06-30 18:13:42,899 Starting Q Learning for : 
2015-06-30 18:13:42,899 alpha = 0.4
2015-06-30 18:13:42,900 gamma = 0.8
2015-06-30 18:13:42,900 individual factor = 10
2015-06-30 18:13:42,900 zero range = 0.002
2015-06-30 18:13:42,900 greedy level = 5
2015-06-30 18:13:42,900 

2015-06-30 18:13:43,589 Starting Training from 2015-01-01 to 2015-01-31
2015-06-30 18:33:02,685 Starting Live from 2015-02-01 to 2015-03-03
2015-06-30 18:33:02,946 Starting Live from 2015-02-01 to 2015-03-03
2015-06-30 18:33:16,216 Starting Live from 2015-02-01 to 2015-03-03
2015-06-30 18:51:55,825 Starting Training from 2015-02-01 to 2015-03-03
2015-06-30 18:52:07,743 Starting Training from 2015-02-01 to 2015-03-03
2015-06-30 18:52:16,134 Starting Training from 2015-02-01 to 2015-03-03
2015-06-30 18:53:27,780 Starting Live from 2015-03-04 to 2015-04-03
2015-06-30 18:53:37,880 Starting Live from 2015-03-04 to 2015-04-03
2015-06-30 18:53:46,730 Starting Live from 2015-03-04 to 2015-04-03
2015-06-30 19:10:49,755 Starting Training from 2015-03-04 to 2015-04-03
2015-06-30 19:11:04,759 Starting Training from 2015-03-04 to 2015-04-03
2015-06-30 19:11:13,172 Starting Training from 2015-03-04 to 2015-04-03
2015-06-30 19:12:19,892 Starting Live from 2015-04-04 to 2015-04-10
2015-06-30 19:12:32,533 Starting Live from 2015-04-04 to 2015-04-10
2015-06-30 19:12:38,405 Starting Live from 2015-04-04 to 2015-04-10
2015-06-30 19:18:16,602 Starting Q Learning for : 
2015-06-30 19:18:16,602 alpha = 0.5
2015-06-30 19:18:16,602 gamma = 0.5
2015-06-30 19:18:16,602 individual factor = 10
2015-06-30 19:18:16,602 zero range = 0.002
2015-06-30 19:18:16,602 greedy level = 5
2015-06-30 19:18:16,602 

2015-06-30 19:18:18,074 Starting Training from 2015-01-01 to 2015-01-31
2015-06-30 19:18:38,842 Starting Q Learning for : 
2015-06-30 19:18:38,842 alpha = 0.2
2015-06-30 19:18:38,842 gamma = 0.7
2015-06-30 19:18:38,842 individual factor = 10
2015-06-30 19:18:38,842 zero range = 0.002
2015-06-30 19:18:38,842 greedy level = 5
2015-06-30 19:18:38,842 

2015-06-30 19:18:39,491 Starting Training from 2015-01-01 to 2015-01-31
2015-06-30 19:18:46,114 Starting Q Learning for : 
2015-06-30 19:18:46,114 alpha = 0.6
2015-06-30 19:18:46,115 gamma = 0.1
2015-06-30 19:18:46,115 individual factor = 10
2015-06-30 19:18:46,115 zero range = 0.002
2015-06-30 19:18:46,115 greedy level = 5
2015-06-30 19:18:46,115 

2015-06-30 19:18:46,714 Starting Training from 2015-01-01 to 2015-01-31
2015-06-30 19:37:14,873 Starting Live from 2015-02-01 to 2015-03-03
2015-06-30 19:37:25,398 Starting Live from 2015-02-01 to 2015-03-03
2015-06-30 19:37:27,138 Starting Live from 2015-02-01 to 2015-03-03
2015-06-30 19:55:24,782 Starting Training from 2015-02-01 to 2015-03-03
2015-06-30 19:55:38,747 Starting Training from 2015-02-01 to 2015-03-03
2015-06-30 19:55:52,784 Starting Training from 2015-02-01 to 2015-03-03
2015-06-30 19:56:52,587 Starting Live from 2015-03-04 to 2015-04-03
2015-06-30 19:57:06,503 Starting Live from 2015-03-04 to 2015-04-03
2015-06-30 19:57:22,741 Starting Live from 2015-03-04 to 2015-04-03
2015-06-30 20:13:59,936 Starting Training from 2015-03-04 to 2015-04-03
2015-06-30 20:14:14,375 Starting Training from 2015-03-04 to 2015-04-03
2015-06-30 20:14:45,857 Starting Training from 2015-03-04 to 2015-04-03
2015-06-30 20:15:28,512 Starting Live from 2015-04-04 to 2015-04-10
2015-06-30 20:15:45,187 Starting Live from 2015-04-04 to 2015-04-10
2015-06-30 20:16:15,683 Starting Live from 2015-04-04 to 2015-04-10
2015-06-30 20:19:53,861 Starting Q Learning for : 
2015-06-30 20:19:53,861 alpha = 0.5
2015-06-30 20:19:53,861 gamma = 0.6
2015-06-30 20:19:53,861 individual factor = 10
2015-06-30 20:19:53,861 zero range = 0.002
2015-06-30 20:19:53,861 greedy level = 5
2015-06-30 20:19:53,861 

2015-06-30 20:19:54,564 Starting Training from 2015-01-01 to 2015-01-31
2015-06-30 20:20:02,879 Starting Q Learning for : 
2015-06-30 20:20:02,879 alpha = 0.6
2015-06-30 20:20:02,879 gamma = 0.2
2015-06-30 20:20:02,879 individual factor = 10
2015-06-30 20:20:02,879 zero range = 0.002
2015-06-30 20:20:02,879 greedy level = 5
2015-06-30 20:20:02,879 

2015-06-30 20:20:03,646 Starting Training from 2015-01-01 to 2015-01-31
2015-06-30 20:20:36,758 Starting Q Learning for : 
2015-06-30 20:20:36,758 alpha = 0.2
2015-06-30 20:20:36,758 gamma = 0.8
2015-06-30 20:20:36,758 individual factor = 10
2015-06-30 20:20:36,758 zero range = 0.002
2015-06-30 20:20:36,758 greedy level = 5
2015-06-30 20:20:36,758 

2015-06-30 20:20:37,749 Starting Training from 2015-01-01 to 2015-01-31
2015-06-30 20:40:54,401 Starting Live from 2015-02-01 to 2015-03-03
2015-06-30 20:41:11,614 Starting Live from 2015-02-01 to 2015-03-03
2015-06-30 20:42:39,725 Starting Live from 2015-02-01 to 2015-03-03
2015-06-30 21:00:49,920 Starting Training from 2015-02-01 to 2015-03-03
2015-06-30 21:00:51,959 Starting Training from 2015-02-01 to 2015-03-03
2015-06-30 21:01:56,925 Starting Training from 2015-02-01 to 2015-03-03
2015-06-30 21:02:22,812 Starting Live from 2015-03-04 to 2015-04-03
2015-06-30 21:02:25,415 Starting Live from 2015-03-04 to 2015-04-03
2015-06-30 21:03:27,442 Starting Live from 2015-03-04 to 2015-04-03
2015-06-30 21:19:40,096 Starting Training from 2015-03-04 to 2015-04-03
2015-06-30 21:19:45,880 Starting Training from 2015-03-04 to 2015-04-03
2015-06-30 21:21:05,802 Starting Training from 2015-03-04 to 2015-04-03
2015-06-30 21:21:10,994 Starting Live from 2015-04-04 to 2015-04-10
2015-06-30 21:21:16,708 Starting Live from 2015-04-04 to 2015-04-10
2015-06-30 21:22:35,509 Starting Live from 2015-04-04 to 2015-04-10
2015-06-30 21:25:34,440 Starting Q Learning for : 
2015-06-30 21:25:34,440 alpha = 0.5
2015-06-30 21:25:34,440 gamma = 0.7
2015-06-30 21:25:34,440 individual factor = 10
2015-06-30 21:25:34,440 zero range = 0.002
2015-06-30 21:25:34,440 greedy level = 5
2015-06-30 21:25:34,440 

2015-06-30 21:25:35,464 Starting Training from 2015-01-01 to 2015-01-31
2015-06-30 21:25:36,960 Starting Q Learning for : 
2015-06-30 21:25:36,960 alpha = 0.6
2015-06-30 21:25:36,961 gamma = 0.3
2015-06-30 21:25:36,961 individual factor = 10
2015-06-30 21:25:36,961 zero range = 0.002
2015-06-30 21:25:36,961 greedy level = 5
2015-06-30 21:25:36,961 

2015-06-30 21:25:37,562 Starting Training from 2015-01-01 to 2015-01-31
2015-06-30 21:26:59,842 Starting Q Learning for : 
2015-06-30 21:26:59,842 alpha = 0.4
2015-06-30 21:26:59,842 gamma = 0.1
2015-06-30 21:26:59,842 individual factor = 10
2015-06-30 21:26:59,842 zero range = 0.002
2015-06-30 21:26:59,842 greedy level = 5
2015-06-30 21:26:59,842 

2015-06-30 21:27:01,223 Starting Training from 2015-01-01 to 2015-01-31
2015-06-30 21:44:37,428 Starting Live from 2015-02-01 to 2015-03-03
2015-06-30 21:44:40,895 Starting Live from 2015-02-01 to 2015-03-03
2015-06-30 21:46:04,245 Starting Live from 2015-02-01 to 2015-03-03
2015-06-30 22:03:48,919 Starting Training from 2015-02-01 to 2015-03-03
2015-06-30 22:03:48,935 Starting Training from 2015-02-01 to 2015-03-03
2015-06-30 22:05:07,385 Starting Training from 2015-02-01 to 2015-03-03
2015-06-30 22:05:20,288 Starting Live from 2015-03-04 to 2015-04-03
2015-06-30 22:05:20,630 Starting Live from 2015-03-04 to 2015-04-03
2015-06-30 22:08:47,815 Starting Live from 2015-03-04 to 2015-04-03
2015-06-30 22:22:35,638 Starting Training from 2015-03-04 to 2015-04-03
2015-06-30 22:22:43,420 Starting Training from 2015-03-04 to 2015-04-03
2015-06-30 22:25:34,744 Starting Training from 2015-03-04 to 2015-04-03
2015-06-30 22:25:59,378 Starting Live from 2015-04-04 to 2015-04-10
2015-06-30 22:26:15,112 Starting Live from 2015-04-04 to 2015-04-10
2015-06-30 22:27:47,500 Starting Live from 2015-04-04 to 2015-04-10
2015-06-30 22:30:44,102 Starting Q Learning for : 
2015-06-30 22:30:44,102 alpha = 0.6
2015-06-30 22:30:44,102 gamma = 0.4
2015-06-30 22:30:44,102 individual factor = 10
2015-06-30 22:30:44,102 zero range = 0.002
2015-06-30 22:30:44,102 greedy level = 5
2015-06-30 22:30:44,102 

2015-06-30 22:30:44,791 Starting Training from 2015-01-01 to 2015-01-31
2015-06-30 22:30:56,886 Starting Q Learning for : 
2015-06-30 22:30:56,886 alpha = 0.5
2015-06-30 22:30:56,887 gamma = 0.8
2015-06-30 22:30:56,887 individual factor = 10
2015-06-30 22:30:56,887 zero range = 0.002
2015-06-30 22:30:56,887 greedy level = 5
2015-06-30 22:30:56,887 

2015-06-30 22:30:57,894 Starting Training from 2015-01-01 to 2015-01-31
2015-06-30 22:32:09,960 Starting Q Learning for : 
2015-06-30 22:32:09,960 alpha = 0.4
2015-06-30 22:32:09,960 gamma = 0.2
2015-06-30 22:32:09,960 individual factor = 10
2015-06-30 22:32:09,960 zero range = 0.002
2015-06-30 22:32:09,960 greedy level = 5
2015-06-30 22:32:09,960 

2015-06-30 22:32:10,580 Starting Training from 2015-01-01 to 2015-01-31
2015-06-30 22:49:40,554 Starting Live from 2015-02-01 to 2015-03-03
2015-06-30 22:50:01,029 Starting Live from 2015-02-01 to 2015-03-03
2015-06-30 22:51:05,388 Starting Live from 2015-02-01 to 2015-03-03
2015-06-30 23:08:49,197 Starting Training from 2015-02-01 to 2015-03-03
2015-06-30 23:09:12,556 Starting Training from 2015-02-01 to 2015-03-03
2015-06-30 23:10:15,261 Starting Training from 2015-02-01 to 2015-03-03
2015-06-30 23:10:24,073 Starting Live from 2015-03-04 to 2015-04-03
2015-06-30 23:10:51,771 Starting Live from 2015-03-04 to 2015-04-03
2015-06-30 23:11:50,993 Starting Live from 2015-03-04 to 2015-04-03
2015-06-30 23:27:39,919 Starting Training from 2015-03-04 to 2015-04-03
2015-06-30 23:28:10,506 Starting Training from 2015-03-04 to 2015-04-03
2015-06-30 23:29:01,850 Starting Training from 2015-03-04 to 2015-04-03
2015-06-30 23:29:04,850 Starting Live from 2015-04-04 to 2015-04-10
2015-06-30 23:29:37,547 Starting Live from 2015-04-04 to 2015-04-10
2015-06-30 23:30:30,733 Starting Live from 2015-04-04 to 2015-04-10
2015-06-30 23:34:23,274 Starting Q Learning for : 
2015-06-30 23:34:23,274 alpha = 0.6
2015-06-30 23:34:23,274 gamma = 0.5
2015-06-30 23:34:23,275 individual factor = 10
2015-06-30 23:34:23,275 zero range = 0.002
2015-06-30 23:34:23,275 greedy level = 5
2015-06-30 23:34:23,275 

2015-06-30 23:34:24,631 Starting Training from 2015-01-01 to 2015-01-31
2015-06-30 23:35:25,307 Starting Q Learning for : 
2015-06-30 23:35:25,307 alpha = 0.2
2015-06-30 23:35:25,307 gamma = 0.1
2015-06-30 23:35:25,307 individual factor = 10
2015-06-30 23:35:25,307 zero range = 0.002
2015-06-30 23:35:25,307 greedy level = 5
2015-06-30 23:35:25,307 

2015-06-30 23:35:28,209 Starting Training from 2015-01-01 to 2015-01-31
2015-06-30 23:36:51,823 Starting Q Learning for : 
2015-06-30 23:36:51,823 alpha = 0.4
2015-06-30 23:36:51,823 gamma = 0.3
2015-06-30 23:36:51,823 individual factor = 10
2015-06-30 23:36:51,823 zero range = 0.002
2015-06-30 23:36:51,823 greedy level = 5
2015-06-30 23:36:51,823 

2015-06-30 23:36:52,543 Starting Training from 2015-01-01 to 2015-01-31
2015-06-30 23:54:37,363 Starting Live from 2015-02-01 to 2015-03-03
2015-06-30 23:55:03,407 Starting Live from 2015-02-01 to 2015-03-03
2015-06-30 23:55:56,900 Starting Live from 2015-02-01 to 2015-03-03
2015-07-01 00:13:20,519 Starting Training from 2015-02-01 to 2015-03-03
2015-07-01 00:13:53,673 Starting Training from 2015-02-01 to 2015-03-03
2015-07-01 00:14:49,670 Starting Training from 2015-02-01 to 2015-03-03
2015-07-01 00:14:57,685 Starting Live from 2015-03-04 to 2015-04-03
2015-07-01 00:15:27,989 Starting Live from 2015-03-04 to 2015-04-03
2015-07-01 00:16:20,365 Starting Live from 2015-03-04 to 2015-04-03
2015-07-01 00:32:07,771 Starting Training from 2015-03-04 to 2015-04-03
2015-07-01 00:32:44,429 Starting Training from 2015-03-04 to 2015-04-03
2015-07-01 00:33:36,351 Starting Training from 2015-03-04 to 2015-04-03
2015-07-01 00:33:38,502 Starting Live from 2015-04-04 to 2015-04-10
2015-07-01 00:34:11,652 Starting Live from 2015-04-04 to 2015-04-10
2015-07-01 00:35:04,492 Starting Live from 2015-04-04 to 2015-04-10
2015-07-01 00:37:55,785 Starting Q Learning for : 
2015-07-01 00:37:55,785 alpha = 0.6
2015-07-01 00:37:55,785 gamma = 0.6
2015-07-01 00:37:55,785 individual factor = 10
2015-07-01 00:37:55,785 zero range = 0.002
2015-07-01 00:37:55,785 greedy level = 5
2015-07-01 00:37:55,786 

2015-07-01 00:37:56,677 Starting Training from 2015-01-01 to 2015-01-31
2015-07-01 00:38:38,413 Starting Q Learning for : 
2015-07-01 00:38:38,413 alpha = 0.2
2015-07-01 00:38:38,413 gamma = 0.2
2015-07-01 00:38:38,413 individual factor = 10
2015-07-01 00:38:38,413 zero range = 0.002
2015-07-01 00:38:38,413 greedy level = 5
2015-07-01 00:38:38,413 

2015-07-01 00:38:39,410 Starting Training from 2015-01-01 to 2015-01-31
2015-07-01 00:39:26,403 Starting Q Learning for : 
2015-07-01 00:39:26,404 alpha = 0.4
2015-07-01 00:39:26,404 gamma = 0.4
2015-07-01 00:39:26,404 individual factor = 10
2015-07-01 00:39:26,404 zero range = 0.002
2015-07-01 00:39:26,404 greedy level = 5
2015-07-01 00:39:26,404 

2015-07-01 00:39:27,964 Starting Training from 2015-01-01 to 2015-01-31
2015-07-01 00:56:53,388 Starting Live from 2015-02-01 to 2015-03-03
2015-07-01 00:57:33,531 Starting Live from 2015-02-01 to 2015-03-03
2015-07-01 00:58:30,062 Starting Live from 2015-02-01 to 2015-03-03
2015-07-01 01:16:17,708 Starting Training from 2015-02-01 to 2015-03-03
2015-07-01 01:17:17,403 Starting Training from 2015-02-01 to 2015-03-03
2015-07-01 01:19:28,911 Starting Training from 2015-02-01 to 2015-03-03
2015-07-01 01:19:55,198 Starting Live from 2015-03-04 to 2015-04-03
2015-07-01 01:20:19,160 Starting Live from 2015-03-04 to 2015-04-03
2015-07-01 01:21:12,002 Starting Live from 2015-03-04 to 2015-04-03
2015-07-01 01:37:15,046 Starting Training from 2015-03-04 to 2015-04-03
2015-07-01 01:37:20,702 Starting Training from 2015-03-04 to 2015-04-03
2015-07-01 01:38:23,902 Starting Training from 2015-03-04 to 2015-04-03
2015-07-01 01:38:46,859 Starting Live from 2015-04-04 to 2015-04-10
2015-07-01 01:38:52,590 Starting Live from 2015-04-04 to 2015-04-10
2015-07-01 01:39:49,468 Starting Live from 2015-04-04 to 2015-04-10
2015-07-01 01:43:04,673 Starting Q Learning for : 
2015-07-01 01:43:04,673 alpha = 0.6
2015-07-01 01:43:04,673 gamma = 0.7
2015-07-01 01:43:04,673 individual factor = 10
2015-07-01 01:43:04,673 zero range = 0.002
2015-07-01 01:43:04,673 greedy level = 5
2015-07-01 01:43:04,674 

2015-07-01 01:43:05,418 Starting Training from 2015-01-01 to 2015-01-31
2015-07-01 01:43:05,702 Starting Q Learning for : 
2015-07-01 01:43:05,702 alpha = 0.5
2015-07-01 01:43:05,702 gamma = 0.1
2015-07-01 01:43:05,702 individual factor = 10
2015-07-01 01:43:05,703 zero range = 0.006
2015-07-01 01:43:05,703 greedy level = 5
2015-07-01 01:43:05,703 

2015-07-01 01:43:09,788 Starting Training from 2015-01-01 to 2015-01-31
2015-07-01 01:44:09,165 Starting Q Learning for : 
2015-07-01 01:44:09,165 alpha = 0.2
2015-07-01 01:44:09,165 gamma = 0.3
2015-07-01 01:44:09,165 individual factor = 10
2015-07-01 01:44:09,166 zero range = 0.006
2015-07-01 01:44:09,166 greedy level = 5
2015-07-01 01:44:09,166 

2015-07-01 01:44:10,713 Starting Training from 2015-01-01 to 2015-01-31
2015-07-01 02:02:59,474 Starting Live from 2015-02-01 to 2015-03-03
2015-07-01 02:03:02,728 Starting Live from 2015-02-01 to 2015-03-03
2015-07-01 02:04:07,868 Starting Live from 2015-02-01 to 2015-03-03
2015-07-01 02:22:05,239 Starting Training from 2015-02-01 to 2015-03-03
2015-07-01 02:22:10,844 Starting Training from 2015-02-01 to 2015-03-03
2015-07-01 02:23:06,810 Starting Training from 2015-02-01 to 2015-03-03
2015-07-01 02:23:31,883 Starting Live from 2015-03-04 to 2015-04-03
2015-07-01 02:23:39,130 Starting Live from 2015-03-04 to 2015-04-03
2015-07-01 02:24:32,765 Starting Live from 2015-03-04 to 2015-04-03
2015-07-01 02:40:26,403 Starting Training from 2015-03-04 to 2015-04-03
2015-07-01 02:40:38,436 Starting Training from 2015-03-04 to 2015-04-03
2015-07-01 02:41:24,876 Starting Training from 2015-03-04 to 2015-04-03
2015-07-01 02:41:51,182 Starting Live from 2015-04-04 to 2015-04-10
2015-07-01 02:42:20,960 Starting Live from 2015-04-04 to 2015-04-10
2015-07-01 02:44:21,350 Starting Live from 2015-04-04 to 2015-04-10
2015-07-01 02:48:04,795 Starting Q Learning for : 
2015-07-01 02:48:04,795 alpha = 0.5
2015-07-01 02:48:04,795 gamma = 0.2
2015-07-01 02:48:04,795 individual factor = 10
2015-07-01 02:48:04,795 zero range = 0.006
2015-07-01 02:48:04,795 greedy level = 5
2015-07-01 02:48:04,795 

2015-07-01 02:48:05,213 Starting Training from 2015-01-01 to 2015-01-31
2015-07-01 02:48:25,908 Starting Q Learning for : 
2015-07-01 02:48:25,908 alpha = 0.6
2015-07-01 02:48:25,908 gamma = 0.8
2015-07-01 02:48:25,908 individual factor = 10
2015-07-01 02:48:25,908 zero range = 0.002
2015-07-01 02:48:25,908 greedy level = 5
2015-07-01 02:48:25,908 

2015-07-01 02:48:27,711 Starting Training from 2015-01-01 to 2015-01-31
2015-07-01 02:49:26,064 Starting Q Learning for : 
2015-07-01 02:49:26,064 alpha = 0.2
2015-07-01 02:49:26,065 gamma = 0.4
2015-07-01 02:49:26,065 individual factor = 10
2015-07-01 02:49:26,065 zero range = 0.006
2015-07-01 02:49:26,065 greedy level = 5
2015-07-01 02:49:26,065 

2015-07-01 02:49:26,600 Starting Training from 2015-01-01 to 2015-01-31
2015-07-01 03:06:36,886 Starting Live from 2015-02-01 to 2015-03-03
2015-07-01 03:07:14,926 Starting Live from 2015-02-01 to 2015-03-03
2015-07-01 03:08:10,554 Starting Live from 2015-02-01 to 2015-03-03
2015-07-01 03:25:31,414 Starting Training from 2015-02-01 to 2015-03-03
2015-07-01 03:26:17,025 Starting Training from 2015-02-01 to 2015-03-03
2015-07-01 03:27:00,744 Starting Training from 2015-02-01 to 2015-03-03
2015-07-01 03:27:01,103 Starting Live from 2015-03-04 to 2015-04-03
2015-07-01 03:27:47,125 Starting Live from 2015-03-04 to 2015-04-03
2015-07-01 03:28:28,458 Starting Live from 2015-03-04 to 2015-04-03
2015-07-01 03:43:41,269 Starting Training from 2015-03-04 to 2015-04-03
2015-07-01 03:44:43,474 Starting Training from 2015-03-04 to 2015-04-03
2015-07-01 03:45:09,899 Starting Live from 2015-04-04 to 2015-04-10
2015-07-01 03:45:17,776 Starting Training from 2015-03-04 to 2015-04-03
2015-07-01 03:46:08,521 Starting Live from 2015-04-04 to 2015-04-10
2015-07-01 03:46:39,949 Starting Live from 2015-04-04 to 2015-04-10
2015-07-01 03:49:20,883 Starting Q Learning for : 
2015-07-01 03:49:20,884 alpha = 0.5
2015-07-01 03:49:20,884 gamma = 0.3
2015-07-01 03:49:20,884 individual factor = 10
2015-07-01 03:49:20,884 zero range = 0.006
2015-07-01 03:49:20,884 greedy level = 5
2015-07-01 03:49:20,884 

2015-07-01 03:49:21,535 Starting Training from 2015-01-01 to 2015-01-31
2015-07-01 03:50:22,957 Starting Q Learning for : 
2015-07-01 03:50:22,957 alpha = 0.8
2015-07-01 03:50:22,957 gamma = 0.1
2015-07-01 03:50:22,957 individual factor = 10
2015-07-01 03:50:22,957 zero range = 0.002
2015-07-01 03:50:22,957 greedy level = 5
2015-07-01 03:50:22,957 

2015-07-01 03:50:23,540 Starting Training from 2015-01-01 to 2015-01-31
2015-07-01 03:50:55,997 Starting Q Learning for : 
2015-07-01 03:50:55,997 alpha = 0.2
2015-07-01 03:50:55,997 gamma = 0.5
2015-07-01 03:50:55,997 individual factor = 10
2015-07-01 03:50:55,997 zero range = 0.006
2015-07-01 03:50:55,997 greedy level = 5
2015-07-01 03:50:55,997 

2015-07-01 03:50:56,713 Starting Training from 2015-01-01 to 2015-01-31
2015-07-01 04:07:02,774 Starting Live from 2015-02-01 to 2015-03-03
2015-07-01 04:08:06,043 Starting Live from 2015-02-01 to 2015-03-03
2015-07-01 04:09:20,846 Starting Live from 2015-02-01 to 2015-03-03
2015-07-01 04:28:07,871 Starting Training from 2015-02-01 to 2015-03-03
2015-07-01 04:29:15,126 Starting Training from 2015-02-01 to 2015-03-03
2015-07-01 04:29:58,919 Starting Training from 2015-02-01 to 2015-03-03
2015-07-01 04:30:03,789 Starting Live from 2015-03-04 to 2015-04-03
2015-07-01 04:30:43,429 Starting Live from 2015-03-04 to 2015-04-03
2015-07-01 04:31:24,790 Starting Live from 2015-03-04 to 2015-04-03
2015-07-01 04:46:39,736 Starting Training from 2015-03-04 to 2015-04-03
2015-07-01 04:47:16,493 Starting Training from 2015-03-04 to 2015-04-03
2015-07-01 04:48:03,984 Starting Training from 2015-03-04 to 2015-04-03
2015-07-01 04:48:09,353 Starting Live from 2015-04-04 to 2015-04-10
2015-07-01 04:48:42,758 Starting Live from 2015-04-04 to 2015-04-10
2015-07-01 04:49:28,657 Starting Live from 2015-04-04 to 2015-04-10
2015-07-01 04:52:14,873 Starting Q Learning for : 
2015-07-01 04:52:14,873 alpha = 0.5
2015-07-01 04:52:14,873 gamma = 0.4
2015-07-01 04:52:14,873 individual factor = 10
2015-07-01 04:52:14,873 zero range = 0.006
2015-07-01 04:52:14,873 greedy level = 5
2015-07-01 04:52:14,873 

2015-07-01 04:52:15,803 Starting Training from 2015-01-01 to 2015-01-31
2015-07-01 04:52:49,931 Starting Q Learning for : 
2015-07-01 04:52:49,931 alpha = 0.8
2015-07-01 04:52:49,931 gamma = 0.2
2015-07-01 04:52:49,931 individual factor = 10
2015-07-01 04:52:49,931 zero range = 0.002
2015-07-01 04:52:49,932 greedy level = 5
2015-07-01 04:52:49,932 

2015-07-01 04:52:50,507 Starting Training from 2015-01-01 to 2015-01-31
2015-07-01 04:53:40,154 Starting Q Learning for : 
2015-07-01 04:53:40,154 alpha = 0.2
2015-07-01 04:53:40,154 gamma = 0.6
2015-07-01 04:53:40,154 individual factor = 10
2015-07-01 04:53:40,155 zero range = 0.006
2015-07-01 04:53:40,155 greedy level = 5
2015-07-01 04:53:40,155 

2015-07-01 04:53:40,799 Starting Training from 2015-01-01 to 2015-01-31
2015-07-01 05:10:19,020 Starting Live from 2015-02-01 to 2015-03-03
2015-07-01 05:10:50,777 Starting Live from 2015-02-01 to 2015-03-03
2015-07-01 05:11:45,860 Starting Live from 2015-02-01 to 2015-03-03
2015-07-01 05:28:36,470 Starting Training from 2015-02-01 to 2015-03-03
2015-07-01 05:28:59,815 Starting Training from 2015-02-01 to 2015-03-03
2015-07-01 05:29:59,918 Starting Training from 2015-02-01 to 2015-03-03
2015-07-01 05:30:02,708 Starting Live from 2015-03-04 to 2015-04-03
2015-07-01 05:30:22,411 Starting Live from 2015-03-04 to 2015-04-03
2015-07-01 05:31:25,345 Starting Live from 2015-03-04 to 2015-04-03
2015-07-01 05:46:30,864 Starting Training from 2015-03-04 to 2015-04-03
2015-07-01 05:46:46,530 Starting Training from 2015-03-04 to 2015-04-03
2015-07-01 05:47:53,651 Starting Live from 2015-04-04 to 2015-04-10
2015-07-01 05:47:54,562 Starting Training from 2015-03-04 to 2015-04-03
2015-07-01 05:48:09,191 Starting Live from 2015-04-04 to 2015-04-10
2015-07-01 05:49:21,337 Starting Live from 2015-04-04 to 2015-04-10
2015-07-01 05:52:07,009 Starting Q Learning for : 
2015-07-01 05:52:07,009 alpha = 0.5
2015-07-01 05:52:07,009 gamma = 0.5
2015-07-01 05:52:07,009 individual factor = 10
2015-07-01 05:52:07,009 zero range = 0.006
2015-07-01 05:52:07,009 greedy level = 5
2015-07-01 05:52:07,009 

2015-07-01 05:52:07,578 Starting Training from 2015-01-01 to 2015-01-31
2015-07-01 05:52:23,790 Starting Q Learning for : 
2015-07-01 05:52:23,790 alpha = 0.8
2015-07-01 05:52:23,790 gamma = 0.3
2015-07-01 05:52:23,791 individual factor = 10
2015-07-01 05:52:23,791 zero range = 0.002
2015-07-01 05:52:23,791 greedy level = 5
2015-07-01 05:52:23,791 

2015-07-01 05:52:24,353 Starting Training from 2015-01-01 to 2015-01-31
2015-07-01 05:54:42,543 Starting Q Learning for : 
2015-07-01 05:54:42,543 alpha = 0.2
2015-07-01 05:54:42,543 gamma = 0.7
2015-07-01 05:54:42,543 individual factor = 10
2015-07-01 05:54:42,543 zero range = 0.006
2015-07-01 05:54:42,543 greedy level = 5
2015-07-01 05:54:42,543 

2015-07-01 05:54:43,558 Starting Training from 2015-01-01 to 2015-01-31
2015-07-01 06:12:27,720 Starting Live from 2015-02-01 to 2015-03-03
2015-07-01 06:12:46,153 Starting Live from 2015-02-01 to 2015-03-03
2015-07-01 06:14:18,585 Starting Live from 2015-02-01 to 2015-03-03
2015-07-01 06:31:31,760 Starting Training from 2015-02-01 to 2015-03-03
2015-07-01 06:31:46,597 Starting Training from 2015-02-01 to 2015-03-03
2015-07-01 06:33:09,658 Starting Live from 2015-03-04 to 2015-04-03
2015-07-01 06:33:20,928 Starting Training from 2015-02-01 to 2015-03-03
2015-07-01 06:33:21,412 Starting Live from 2015-03-04 to 2015-04-03
2015-07-01 06:34:49,224 Starting Live from 2015-03-04 to 2015-04-03
2015-07-01 06:49:40,945 Starting Training from 2015-03-04 to 2015-04-03
2015-07-01 06:49:53,314 Starting Training from 2015-03-04 to 2015-04-03
2015-07-01 06:51:04,779 Starting Live from 2015-04-04 to 2015-04-10
2015-07-01 06:51:20,495 Starting Live from 2015-04-04 to 2015-04-10
2015-07-01 06:51:21,816 Starting Training from 2015-03-04 to 2015-04-03
2015-07-01 06:52:44,766 Starting Live from 2015-04-04 to 2015-04-10
2015-07-01 06:55:20,391 Starting Q Learning for : 
2015-07-01 06:55:20,391 alpha = 0.5
2015-07-01 06:55:20,391 gamma = 0.6
2015-07-01 06:55:20,391 individual factor = 10
2015-07-01 06:55:20,391 zero range = 0.006
2015-07-01 06:55:20,391 greedy level = 5
2015-07-01 06:55:20,391 

2015-07-01 06:55:21,629 Starting Training from 2015-01-01 to 2015-01-31
2015-07-01 06:55:25,752 Starting Q Learning for : 
2015-07-01 06:55:25,752 alpha = 0.8
2015-07-01 06:55:25,752 gamma = 0.4
2015-07-01 06:55:25,752 individual factor = 10
2015-07-01 06:55:25,752 zero range = 0.002
2015-07-01 06:55:25,752 greedy level = 5
2015-07-01 06:55:25,752 

2015-07-01 06:55:26,509 Starting Training from 2015-01-01 to 2015-01-31
2015-07-01 06:56:53,568 Starting Q Learning for : 
2015-07-01 06:56:53,568 alpha = 0.2
2015-07-01 06:56:53,568 gamma = 0.8
2015-07-01 06:56:53,568 individual factor = 10
2015-07-01 06:56:53,568 zero range = 0.006
2015-07-01 06:56:53,568 greedy level = 5
2015-07-01 06:56:53,568 

2015-07-01 06:56:54,821 Starting Training from 2015-01-01 to 2015-01-31
2015-07-01 07:13:20,893 Starting Live from 2015-02-01 to 2015-03-03
2015-07-01 07:13:21,143 Starting Live from 2015-02-01 to 2015-03-03
2015-07-01 07:15:05,334 Starting Live from 2015-02-01 to 2015-03-03
2015-07-01 07:31:39,361 Starting Training from 2015-02-01 to 2015-03-03
2015-07-01 07:31:42,086 Starting Training from 2015-02-01 to 2015-03-03
2015-07-01 07:33:02,796 Starting Live from 2015-03-04 to 2015-04-03
2015-07-01 07:33:05,367 Starting Live from 2015-03-04 to 2015-04-03
2015-07-01 07:33:36,868 Starting Training from 2015-02-01 to 2015-03-03
2015-07-01 07:36:39,658 Starting Live from 2015-03-04 to 2015-04-03
2015-07-01 07:49:00,774 Starting Training from 2015-03-04 to 2015-04-03
2015-07-01 07:49:02,360 Starting Training from 2015-03-04 to 2015-04-03
2015-07-01 07:50:38,336 Starting Live from 2015-04-04 to 2015-04-10
2015-07-01 07:50:41,744 Starting Live from 2015-04-04 to 2015-04-10
2015-07-01 07:52:13,156 Starting Training from 2015-03-04 to 2015-04-03
2015-07-01 07:54:59,574 Starting Live from 2015-04-04 to 2015-04-10
2015-07-01 07:56:36,431 Starting Q Learning for : 
2015-07-01 07:56:36,431 alpha = 0.5
2015-07-01 07:56:36,431 gamma = 0.7
2015-07-01 07:56:36,431 individual factor = 10
2015-07-01 07:56:36,431 zero range = 0.006
2015-07-01 07:56:36,431 greedy level = 5
2015-07-01 07:56:36,432 

2015-07-01 07:56:36,533 Starting Q Learning for : 
2015-07-01 07:56:36,533 alpha = 0.8
2015-07-01 07:56:36,533 gamma = 0.5
2015-07-01 07:56:36,533 individual factor = 10
2015-07-01 07:56:36,533 zero range = 0.002
2015-07-01 07:56:36,533 greedy level = 5
2015-07-01 07:56:36,533 

2015-07-01 07:56:39,425 Starting Training from 2015-01-01 to 2015-01-31
2015-07-01 07:56:40,410 Starting Training from 2015-01-01 to 2015-01-31
2015-07-01 07:59:09,440 Starting Q Learning for : 
2015-07-01 07:59:09,440 alpha = 0.4
2015-07-01 07:59:09,440 gamma = 0.1
2015-07-01 07:59:09,440 individual factor = 10
2015-07-01 07:59:09,440 zero range = 0.006
2015-07-01 07:59:09,440 greedy level = 5
2015-07-01 07:59:09,440 

2015-07-01 07:59:09,780 Starting Training from 2015-01-01 to 2015-01-31
2015-07-01 08:14:26,858 Starting Live from 2015-02-01 to 2015-03-03
2015-07-01 08:14:28,447 Starting Live from 2015-02-01 to 2015-03-03
2015-07-01 08:16:50,535 Starting Live from 2015-02-01 to 2015-03-03
2015-07-01 08:32:38,889 Starting Training from 2015-02-01 to 2015-03-03
2015-07-01 08:32:44,663 Starting Training from 2015-02-01 to 2015-03-03
2015-07-01 08:34:03,745 Starting Live from 2015-03-04 to 2015-04-03
2015-07-01 08:34:09,763 Starting Live from 2015-03-04 to 2015-04-03
2015-07-01 08:35:06,803 Starting Training from 2015-02-01 to 2015-03-03
2015-07-01 08:36:30,537 Starting Live from 2015-03-04 to 2015-04-03
2015-07-01 08:50:21,715 Starting Training from 2015-03-04 to 2015-04-03
2015-07-01 08:50:41,323 Starting Training from 2015-03-04 to 2015-04-03
2015-07-01 08:51:43,746 Starting Live from 2015-04-04 to 2015-04-10
2015-07-01 08:52:03,111 Starting Live from 2015-04-04 to 2015-04-10
2015-07-01 08:52:47,591 Starting Training from 2015-03-04 to 2015-04-03
2015-07-01 08:54:20,345 Starting Live from 2015-04-04 to 2015-04-10
2015-07-01 08:56:04,619 Starting Q Learning for : 
2015-07-01 08:56:04,619 alpha = 0.8
2015-07-01 08:56:04,619 gamma = 0.6
2015-07-01 08:56:04,619 individual factor = 10
2015-07-01 08:56:04,619 zero range = 0.002
2015-07-01 08:56:04,619 greedy level = 5
2015-07-01 08:56:04,619 

2015-07-01 08:56:04,905 Starting Training from 2015-01-01 to 2015-01-31
2015-07-01 08:56:25,457 Starting Q Learning for : 
2015-07-01 08:56:25,458 alpha = 0.5
2015-07-01 08:56:25,458 gamma = 0.8
2015-07-01 08:56:25,458 individual factor = 10
2015-07-01 08:56:25,458 zero range = 0.006
2015-07-01 08:56:25,458 greedy level = 5
2015-07-01 08:56:25,458 

2015-07-01 08:56:26,500 Starting Training from 2015-01-01 to 2015-01-31
2015-07-01 08:58:25,471 Starting Q Learning for : 
2015-07-01 08:58:25,471 alpha = 0.4
2015-07-01 08:58:25,471 gamma = 0.2
2015-07-01 08:58:25,471 individual factor = 10
2015-07-01 08:58:25,471 zero range = 0.006
2015-07-01 08:58:25,471 greedy level = 5
2015-07-01 08:58:25,471 

2015-07-01 08:58:26,539 Starting Training from 2015-01-01 to 2015-01-31
2015-07-01 09:13:33,369 Starting Live from 2015-02-01 to 2015-03-03
2015-07-01 09:14:01,793 Starting Live from 2015-02-01 to 2015-03-03
2015-07-01 09:15:59,214 Starting Live from 2015-02-01 to 2015-03-03
2015-07-01 09:31:12,746 Starting Training from 2015-02-01 to 2015-03-03
2015-07-01 09:31:53,899 Starting Training from 2015-02-01 to 2015-03-03
2015-07-01 09:32:39,588 Starting Live from 2015-03-04 to 2015-04-03
2015-07-01 09:33:17,844 Starting Live from 2015-03-04 to 2015-04-03
2015-07-01 09:33:45,405 Starting Training from 2015-02-01 to 2015-03-03
2015-07-01 09:35:23,002 Starting Live from 2015-03-04 to 2015-04-03
2015-07-01 09:49:22,476 Starting Training from 2015-03-04 to 2015-04-03
2015-07-01 09:50:01,766 Starting Training from 2015-03-04 to 2015-04-03
2015-07-01 09:50:45,004 Starting Live from 2015-04-04 to 2015-04-10
2015-07-01 09:51:30,735 Starting Live from 2015-04-04 to 2015-04-10
2015-07-01 09:51:47,614 Starting Training from 2015-03-04 to 2015-04-03
2015-07-01 09:54:38,178 Starting Live from 2015-04-04 to 2015-04-10
2015-07-01 09:56:57,803 Starting Q Learning for : 
2015-07-01 09:56:57,803 alpha = 0.8
2015-07-01 09:56:57,803 gamma = 0.7
2015-07-01 09:56:57,803 individual factor = 10
2015-07-01 09:56:57,803 zero range = 0.002
2015-07-01 09:56:57,803 greedy level = 5
2015-07-01 09:56:57,803 

2015-07-01 09:56:58,633 Starting Training from 2015-01-01 to 2015-01-31
2015-07-01 09:57:44,054 Starting Q Learning for : 
2015-07-01 09:57:44,054 alpha = 0.2
2015-07-01 09:57:44,054 gamma = 0.1
2015-07-01 09:57:44,054 individual factor = 10
2015-07-01 09:57:44,054 zero range = 0.006
2015-07-01 09:57:44,054 greedy level = 5
2015-07-01 09:57:44,054 

2015-07-01 09:57:44,530 Starting Training from 2015-01-01 to 2015-01-31
2015-07-01 09:59:40,119 Starting Q Learning for : 
2015-07-01 09:59:40,119 alpha = 0.4
2015-07-01 09:59:40,120 gamma = 0.3
2015-07-01 09:59:40,120 individual factor = 10
2015-07-01 09:59:40,120 zero range = 0.006
2015-07-01 09:59:40,120 greedy level = 5
2015-07-01 09:59:40,120 

2015-07-01 09:59:40,744 Starting Training from 2015-01-01 to 2015-01-31
2015-07-01 10:14:28,005 Starting Live from 2015-02-01 to 2015-03-03
2015-07-01 10:15:12,888 Starting Live from 2015-02-01 to 2015-03-03
2015-07-01 10:17:21,852 Starting Live from 2015-02-01 to 2015-03-03
2015-07-01 10:32:45,410 Starting Training from 2015-02-01 to 2015-03-03
2015-07-01 10:33:23,011 Starting Training from 2015-02-01 to 2015-03-03
2015-07-01 10:34:09,743 Starting Live from 2015-03-04 to 2015-04-03
2015-07-01 10:34:51,197 Starting Live from 2015-03-04 to 2015-04-03
2015-07-01 10:35:47,431 Starting Training from 2015-02-01 to 2015-03-03
2015-07-01 10:37:13,285 Starting Live from 2015-03-04 to 2015-04-03
2015-07-01 10:51:20,100 Starting Training from 2015-03-04 to 2015-04-03
2015-07-01 10:52:02,254 Starting Training from 2015-03-04 to 2015-04-03
2015-07-01 10:52:48,933 Starting Live from 2015-04-04 to 2015-04-10
2015-07-01 10:53:24,709 Starting Live from 2015-04-04 to 2015-04-10
2015-07-01 10:54:09,572 Starting Training from 2015-03-04 to 2015-04-03
2015-07-01 10:55:28,649 Starting Live from 2015-04-04 to 2015-04-10
2015-07-01 10:56:46,527 Starting Q Learning for : 
2015-07-01 10:56:46,527 alpha = 0.8
2015-07-01 10:56:46,527 gamma = 0.8
2015-07-01 10:56:46,527 individual factor = 10
2015-07-01 10:56:46,527 zero range = 0.002
2015-07-01 10:56:46,527 greedy level = 5
2015-07-01 10:56:46,527 

2015-07-01 10:56:47,893 Starting Training from 2015-01-01 to 2015-01-31
2015-07-01 10:57:20,872 Starting Q Learning for : 
2015-07-01 10:57:20,872 alpha = 0.2
2015-07-01 10:57:20,872 gamma = 0.2
2015-07-01 10:57:20,872 individual factor = 10
2015-07-01 10:57:20,872 zero range = 0.006
2015-07-01 10:57:20,872 greedy level = 5
2015-07-01 10:57:20,872 

2015-07-01 10:57:21,346 Starting Training from 2015-01-01 to 2015-01-31
2015-07-01 10:59:30,985 Starting Q Learning for : 
2015-07-01 10:59:30,985 alpha = 0.4
2015-07-01 10:59:30,986 gamma = 0.4
2015-07-01 10:59:30,986 individual factor = 10
2015-07-01 10:59:30,986 zero range = 0.006
2015-07-01 10:59:30,986 greedy level = 5
2015-07-01 10:59:30,986 

2015-07-01 10:59:31,488 Starting Training from 2015-01-01 to 2015-01-31
2015-07-01 11:14:50,088 Starting Live from 2015-02-01 to 2015-03-03
2015-07-01 11:15:02,344 Starting Live from 2015-02-01 to 2015-03-03
2015-07-01 11:17:25,354 Starting Live from 2015-02-01 to 2015-03-03
2015-07-01 11:32:47,834 Starting Training from 2015-02-01 to 2015-03-03
2015-07-01 11:32:51,866 Starting Training from 2015-02-01 to 2015-03-03
2015-07-01 11:34:14,752 Starting Live from 2015-03-04 to 2015-04-03
2015-07-01 11:34:20,130 Starting Live from 2015-03-04 to 2015-04-03
2015-07-01 11:35:19,610 Starting Training from 2015-02-01 to 2015-03-03
2015-07-01 11:36:45,481 Starting Live from 2015-03-04 to 2015-04-03
2015-07-01 11:50:28,427 Starting Training from 2015-03-04 to 2015-04-03
2015-07-01 11:50:36,170 Starting Training from 2015-03-04 to 2015-04-03
2015-07-01 11:51:53,196 Starting Live from 2015-04-04 to 2015-04-10
2015-07-01 11:52:03,316 Starting Live from 2015-04-04 to 2015-04-10
2015-07-01 11:52:58,018 Starting Training from 2015-03-04 to 2015-04-03
2015-07-01 11:54:23,841 Starting Live from 2015-04-04 to 2015-04-10
2015-07-01 11:56:51,655 Starting Q Learning for : 
2015-07-01 11:56:51,655 alpha = 0.4
2015-07-01 11:56:51,655 gamma = 0.5
2015-07-01 11:56:51,655 individual factor = 10
2015-07-01 11:56:51,655 zero range = 0.006
2015-07-01 11:56:51,655 greedy level = 5
2015-07-01 11:56:51,655 

2015-07-01 11:56:54,108 Starting Training from 2015-01-01 to 2015-01-31
2015-07-01 11:57:12,513 Starting Q Learning for : 
2015-07-01 11:57:12,513 alpha = 0.6
2015-07-01 11:57:12,513 gamma = 0.7
2015-07-01 11:57:12,513 individual factor = 10
2015-07-01 11:57:12,513 zero range = 0.006
2015-07-01 11:57:12,513 greedy level = 5
2015-07-01 11:57:12,513 

2015-07-01 11:57:13,963 Starting Training from 2015-01-01 to 2015-01-31
2015-07-01 12:00:28,588 Starting Q Learning for : 
2015-07-01 12:00:28,588 alpha = 0.5
2015-07-01 12:00:28,588 gamma = 0.1
2015-07-01 12:00:28,588 individual factor = 10
2015-07-01 12:00:28,589 zero range = 0.01
2015-07-01 12:00:28,589 greedy level = 5
2015-07-01 12:00:28,589 

2015-07-01 12:00:29,148 Starting Training from 2015-01-01 to 2015-01-31
2015-07-01 12:13:59,043 Starting Live from 2015-02-01 to 2015-03-03
2015-07-01 12:14:32,096 Starting Live from 2015-02-01 to 2015-03-03
2015-07-01 12:17:54,896 Starting Live from 2015-02-01 to 2015-03-03
2015-07-01 12:32:00,795 Starting Training from 2015-02-01 to 2015-03-03
2015-07-01 12:32:31,604 Starting Training from 2015-02-01 to 2015-03-03
2015-07-01 12:34:22,762 Starting Live from 2015-03-04 to 2015-04-03
2015-07-01 12:34:33,564 Starting Live from 2015-03-04 to 2015-04-03
2015-07-01 12:35:10,615 Starting Training from 2015-02-01 to 2015-03-03
2015-07-01 12:36:39,545 Starting Live from 2015-03-04 to 2015-04-03
2015-07-01 12:50:17,531 Starting Training from 2015-03-04 to 2015-04-03
2015-07-01 12:51:05,693 Starting Training from 2015-03-04 to 2015-04-03
2015-07-01 12:52:25,586 Starting Live from 2015-04-04 to 2015-04-10
2015-07-01 12:52:42,805 Starting Live from 2015-04-04 to 2015-04-10
2015-07-01 12:53:08,340 Starting Training from 2015-03-04 to 2015-04-03
2015-07-01 12:54:35,501 Starting Live from 2015-04-04 to 2015-04-10
2015-07-01 12:56:34,791 Starting Q Learning for : 
2015-07-01 12:56:34,791 alpha = 0.4
2015-07-01 12:56:34,791 gamma = 0.6
2015-07-01 12:56:34,791 individual factor = 10
2015-07-01 12:56:34,791 zero range = 0.006
2015-07-01 12:56:34,791 greedy level = 5
2015-07-01 12:56:34,791 

2015-07-01 12:56:35,602 Starting Training from 2015-01-01 to 2015-01-31
2015-07-01 12:56:50,883 Starting Q Learning for : 
2015-07-01 12:56:50,883 alpha = 0.6
2015-07-01 12:56:50,883 gamma = 0.8
2015-07-01 12:56:50,883 individual factor = 10
2015-07-01 12:56:50,883 zero range = 0.006
2015-07-01 12:56:50,883 greedy level = 5
2015-07-01 12:56:50,883 

2015-07-01 12:56:51,647 Starting Training from 2015-01-01 to 2015-01-31
2015-07-01 12:58:32,507 Starting Q Learning for : 
2015-07-01 12:58:32,507 alpha = 0.5
2015-07-01 12:58:32,507 gamma = 0.2
2015-07-01 12:58:32,507 individual factor = 10
2015-07-01 12:58:32,507 zero range = 0.01
2015-07-01 12:58:32,507 greedy level = 5
2015-07-01 12:58:32,507 

2015-07-01 12:58:32,868 Starting Training from 2015-01-01 to 2015-01-31
2015-07-01 13:14:18,294 Starting Live from 2015-02-01 to 2015-03-03
2015-07-01 13:14:41,801 Starting Live from 2015-02-01 to 2015-03-03
2015-07-01 13:16:05,514 Starting Live from 2015-02-01 to 2015-03-03
2015-07-01 13:31:54,939 Starting Training from 2015-02-01 to 2015-03-03
2015-07-01 13:32:29,577 Starting Training from 2015-02-01 to 2015-03-03
2015-07-01 13:33:17,997 Starting Live from 2015-03-04 to 2015-04-03
2015-07-01 13:33:42,291 Starting Training from 2015-02-01 to 2015-03-03
2015-07-01 13:33:55,142 Starting Live from 2015-03-04 to 2015-04-03
2015-07-01 13:35:07,500 Starting Live from 2015-03-04 to 2015-04-03
2015-07-01 13:49:27,587 Starting Training from 2015-03-04 to 2015-04-03
2015-07-01 13:50:12,494 Starting Training from 2015-03-04 to 2015-04-03
2015-07-01 13:50:52,796 Starting Live from 2015-04-04 to 2015-04-10
2015-07-01 13:51:15,584 Starting Training from 2015-03-04 to 2015-04-03
2015-07-01 13:51:36,658 Starting Live from 2015-04-04 to 2015-04-10
2015-07-01 13:52:37,363 Starting Live from 2015-04-04 to 2015-04-10
2015-07-01 13:54:47,787 Starting Q Learning for : 
2015-07-01 13:54:47,787 alpha = 0.4
2015-07-01 13:54:47,787 gamma = 0.7
2015-07-01 13:54:47,787 individual factor = 10
2015-07-01 13:54:47,787 zero range = 0.006
2015-07-01 13:54:47,787 greedy level = 5
2015-07-01 13:54:47,788 

2015-07-01 13:54:48,478 Starting Training from 2015-01-01 to 2015-01-31
2015-07-01 13:55:34,939 Starting Q Learning for : 
2015-07-01 13:55:34,939 alpha = 0.8
2015-07-01 13:55:34,939 gamma = 0.1
2015-07-01 13:55:34,939 individual factor = 10
2015-07-01 13:55:34,939 zero range = 0.006
2015-07-01 13:55:34,940 greedy level = 5
2015-07-01 13:55:34,940 

2015-07-01 13:55:36,410 Starting Training from 2015-01-01 to 2015-01-31
2015-07-01 13:56:35,580 Starting Q Learning for : 
2015-07-01 13:56:35,580 alpha = 0.5
2015-07-01 13:56:35,580 gamma = 0.3
2015-07-01 13:56:35,580 individual factor = 10
2015-07-01 13:56:35,580 zero range = 0.01
2015-07-01 13:56:35,580 greedy level = 5
2015-07-01 13:56:35,580 

2015-07-01 13:56:36,858 Starting Training from 2015-01-01 to 2015-01-31
2015-07-01 14:12:09,828 Starting Live from 2015-02-01 to 2015-03-03
2015-07-01 14:13:00,390 Starting Live from 2015-02-01 to 2015-03-03
2015-07-01 14:14:03,704 Starting Live from 2015-02-01 to 2015-03-03
2015-07-01 14:30:03,417 Starting Training from 2015-02-01 to 2015-03-03
2015-07-01 14:30:51,971 Starting Training from 2015-02-01 to 2015-03-03
2015-07-01 14:31:28,631 Starting Live from 2015-03-04 to 2015-04-03
2015-07-01 14:31:59,361 Starting Training from 2015-02-01 to 2015-03-03
2015-07-01 14:32:16,604 Starting Live from 2015-03-04 to 2015-04-03
2015-07-01 14:33:25,381 Starting Live from 2015-03-04 to 2015-04-03
2015-07-01 14:47:55,541 Starting Training from 2015-03-04 to 2015-04-03
2015-07-01 14:48:36,564 Starting Training from 2015-03-04 to 2015-04-03
2015-07-01 14:49:16,174 Starting Live from 2015-04-04 to 2015-04-10
2015-07-01 14:49:54,936 Starting Training from 2015-03-04 to 2015-04-03
2015-07-01 14:49:59,749 Starting Live from 2015-04-04 to 2015-04-10
2015-07-01 14:51:15,929 Starting Live from 2015-04-04 to 2015-04-10
2015-07-01 14:54:53,537 Starting Q Learning for : 
2015-07-01 14:54:53,537 alpha = 0.4
2015-07-01 14:54:53,537 gamma = 0.8
2015-07-01 14:54:53,537 individual factor = 10
2015-07-01 14:54:53,537 zero range = 0.006
2015-07-01 14:54:53,537 greedy level = 5
2015-07-01 14:54:53,537 

2015-07-01 14:54:53,863 Starting Training from 2015-01-01 to 2015-01-31
2015-07-01 14:55:34,974 Starting Q Learning for : 
2015-07-01 14:55:34,974 alpha = 0.8
2015-07-01 14:55:34,974 gamma = 0.2
2015-07-01 14:55:34,974 individual factor = 10
2015-07-01 14:55:34,974 zero range = 0.006
2015-07-01 14:55:34,974 greedy level = 5
2015-07-01 14:55:34,974 

2015-07-01 14:55:35,493 Starting Training from 2015-01-01 to 2015-01-31
2015-07-01 14:56:49,743 Starting Q Learning for : 
2015-07-01 14:56:49,743 alpha = 0.5
2015-07-01 14:56:49,743 gamma = 0.4
2015-07-01 14:56:49,743 individual factor = 10
2015-07-01 14:56:49,743 zero range = 0.01
2015-07-01 14:56:49,743 greedy level = 5
2015-07-01 14:56:49,743 

2015-07-01 14:56:50,384 Starting Training from 2015-01-01 to 2015-01-31
2015-07-01 15:13:08,735 Starting Live from 2015-02-01 to 2015-03-03
2015-07-01 15:13:38,533 Starting Live from 2015-02-01 to 2015-03-03
2015-07-01 15:14:49,095 Starting Live from 2015-02-01 to 2015-03-03
2015-07-01 15:31:05,529 Starting Training from 2015-02-01 to 2015-03-03
2015-07-01 15:31:13,716 Starting Training from 2015-02-01 to 2015-03-03
2015-07-01 15:32:31,581 Starting Live from 2015-03-04 to 2015-04-03
2015-07-01 15:32:33,445 Starting Training from 2015-02-01 to 2015-03-03
2015-07-01 15:32:38,720 Starting Live from 2015-03-04 to 2015-04-03
2015-07-01 15:33:54,292 Starting Live from 2015-03-04 to 2015-04-03
2015-07-01 15:48:55,929 Starting Training from 2015-03-04 to 2015-04-03
2015-07-01 15:48:56,132 Starting Training from 2015-03-04 to 2015-04-03
2015-07-01 15:50:12,761 Starting Training from 2015-03-04 to 2015-04-03
2015-07-01 15:50:19,503 Starting Live from 2015-04-04 to 2015-04-10
2015-07-01 15:50:19,752 Starting Live from 2015-04-04 to 2015-04-10
2015-07-01 15:51:35,751 Starting Live from 2015-04-04 to 2015-04-10
2015-07-01 15:54:22,759 Starting Q Learning for : 
2015-07-01 15:54:22,759 alpha = 0.8
2015-07-01 15:54:22,759 gamma = 0.3
2015-07-01 15:54:22,759 individual factor = 10
2015-07-01 15:54:22,759 zero range = 0.006
2015-07-01 15:54:22,759 greedy level = 5
2015-07-01 15:54:22,759 

2015-07-01 15:54:22,982 Starting Q Learning for : 
2015-07-01 15:54:22,982 alpha = 0.6
2015-07-01 15:54:22,982 gamma = 0.1
2015-07-01 15:54:22,982 individual factor = 10
2015-07-01 15:54:22,983 zero range = 0.006
2015-07-01 15:54:22,983 greedy level = 5
2015-07-01 15:54:22,983 

2015-07-01 15:54:23,859 Starting Training from 2015-01-01 to 2015-01-31
2015-07-01 15:54:24,135 Starting Training from 2015-01-01 to 2015-01-31
2015-07-01 15:55:37,892 Starting Q Learning for : 
2015-07-01 15:55:37,892 alpha = 0.5
2015-07-01 15:55:37,892 gamma = 0.5
2015-07-01 15:55:37,892 individual factor = 10
2015-07-01 15:55:37,892 zero range = 0.01
2015-07-01 15:55:37,892 greedy level = 5
2015-07-01 15:55:37,892 

2015-07-01 15:55:38,534 Starting Training from 2015-01-01 to 2015-01-31
2015-07-01 16:12:12,305 Starting Live from 2015-02-01 to 2015-03-03
2015-07-01 16:12:12,973 Starting Live from 2015-02-01 to 2015-03-03
2015-07-01 16:13:30,316 Starting Live from 2015-02-01 to 2015-03-03
2015-07-01 16:29:31,641 Starting Training from 2015-02-01 to 2015-03-03
2015-07-01 16:29:33,546 Starting Training from 2015-02-01 to 2015-03-03
2015-07-01 16:30:55,731 Starting Live from 2015-03-04 to 2015-04-03
2015-07-01 16:30:56,181 Starting Training from 2015-02-01 to 2015-03-03
2015-07-01 16:30:58,684 Starting Live from 2015-03-04 to 2015-04-03
2015-07-01 16:32:20,650 Starting Live from 2015-03-04 to 2015-04-03
2015-07-01 16:47:08,631 Starting Training from 2015-03-04 to 2015-04-03
2015-07-01 16:47:20,696 Starting Training from 2015-03-04 to 2015-04-03
2015-07-01 16:48:32,445 Starting Live from 2015-04-04 to 2015-04-10
2015-07-01 16:48:45,020 Starting Live from 2015-04-04 to 2015-04-10
2015-07-01 16:48:47,433 Starting Training from 2015-03-04 to 2015-04-03
2015-07-01 16:50:11,769 Starting Live from 2015-04-04 to 2015-04-10
2015-07-01 16:52:35,471 Starting Q Learning for : 
2015-07-01 16:52:35,471 alpha = 0.8
2015-07-01 16:52:35,471 gamma = 0.4
2015-07-01 16:52:35,471 individual factor = 10
2015-07-01 16:52:35,471 zero range = 0.006
2015-07-01 16:52:35,471 greedy level = 5
2015-07-01 16:52:35,471 

2015-07-01 16:52:36,993 Starting Training from 2015-01-01 to 2015-01-31
2015-07-01 16:52:47,404 Starting Q Learning for : 
2015-07-01 16:52:47,404 alpha = 0.6
2015-07-01 16:52:47,404 gamma = 0.2
2015-07-01 16:52:47,404 individual factor = 10
2015-07-01 16:52:47,404 zero range = 0.006
2015-07-01 16:52:47,404 greedy level = 5
2015-07-01 16:52:47,404 

2015-07-01 16:52:47,740 Starting Training from 2015-01-01 to 2015-01-31
2015-07-01 16:54:52,098 Starting Q Learning for : 
2015-07-01 16:54:52,098 alpha = 0.5
2015-07-01 16:54:52,098 gamma = 0.6
2015-07-01 16:54:52,098 individual factor = 10
2015-07-01 16:54:52,098 zero range = 0.01
2015-07-01 16:54:52,098 greedy level = 5
2015-07-01 16:54:52,098 

2015-07-01 16:54:53,136 Starting Training from 2015-01-01 to 2015-01-31
2015-07-01 17:10:39,106 Starting Live from 2015-02-01 to 2015-03-03
2015-07-01 17:10:55,520 Starting Live from 2015-02-01 to 2015-03-03
2015-07-01 17:13:35,245 Starting Live from 2015-02-01 to 2015-03-03
2015-07-01 17:28:21,442 Starting Training from 2015-02-01 to 2015-03-03
2015-07-01 17:28:39,848 Starting Training from 2015-02-01 to 2015-03-03
2015-07-01 17:30:49,764 Starting Live from 2015-03-04 to 2015-04-03
2015-07-01 17:31:07,072 Starting Training from 2015-02-01 to 2015-03-03
2015-07-01 17:31:44,751 Starting Live from 2015-03-04 to 2015-04-03
2015-07-01 17:33:52,266 Starting Live from 2015-03-04 to 2015-04-03
2015-07-01 17:46:27,369 Starting Training from 2015-03-04 to 2015-04-03
2015-07-01 17:46:58,565 Starting Training from 2015-03-04 to 2015-04-03
2015-07-01 17:49:43,068 Starting Live from 2015-04-04 to 2015-04-10
2015-07-01 17:49:52,481 Starting Training from 2015-03-04 to 2015-04-03
2015-07-01 17:50:42,650 Starting Live from 2015-04-04 to 2015-04-10
2015-07-01 17:51:51,142 Starting Live from 2015-04-04 to 2015-04-10
2015-07-01 17:54:20,526 Starting Q Learning for : 
2015-07-01 17:54:20,526 alpha = 0.8
2015-07-01 17:54:20,526 gamma = 0.5
2015-07-01 17:54:20,526 individual factor = 10
2015-07-01 17:54:20,526 zero range = 0.006
2015-07-01 17:54:20,526 greedy level = 5
2015-07-01 17:54:20,526 

2015-07-01 17:54:21,657 Starting Training from 2015-01-01 to 2015-01-31
2015-07-01 17:54:49,875 Starting Q Learning for : 
2015-07-01 17:54:49,875 alpha = 0.6
2015-07-01 17:54:49,875 gamma = 0.3
2015-07-01 17:54:49,875 individual factor = 10
2015-07-01 17:54:49,875 zero range = 0.006
2015-07-01 17:54:49,875 greedy level = 5
2015-07-01 17:54:49,875 

2015-07-01 17:54:51,272 Starting Training from 2015-01-01 to 2015-01-31
2015-07-01 17:55:56,985 Starting Q Learning for : 
2015-07-01 17:55:56,985 alpha = 0.5
2015-07-01 17:55:56,985 gamma = 0.7
2015-07-01 17:55:56,985 individual factor = 10
2015-07-01 17:55:56,986 zero range = 0.01
2015-07-01 17:55:56,986 greedy level = 5
2015-07-01 17:55:56,986 

2015-07-01 17:55:58,002 Starting Training from 2015-01-01 to 2015-01-31
2015-07-01 18:12:08,390 Starting Live from 2015-02-01 to 2015-03-03
2015-07-01 18:12:42,723 Starting Live from 2015-02-01 to 2015-03-03
2015-07-01 18:14:01,733 Starting Live from 2015-02-01 to 2015-03-03
2015-07-01 18:30:10,242 Starting Training from 2015-02-01 to 2015-03-03
2015-07-01 18:30:43,704 Starting Training from 2015-02-01 to 2015-03-03
2015-07-01 18:31:33,013 Starting Live from 2015-03-04 to 2015-04-03
2015-07-01 18:31:52,797 Starting Training from 2015-02-01 to 2015-03-03
2015-07-01 18:32:09,406 Starting Live from 2015-03-04 to 2015-04-03
2015-07-01 18:33:23,579 Starting Live from 2015-03-04 to 2015-04-03
2015-07-01 18:47:55,833 Starting Training from 2015-03-04 to 2015-04-03
2015-07-01 18:48:28,753 Starting Training from 2015-03-04 to 2015-04-03
2015-07-01 18:49:31,804 Starting Live from 2015-04-04 to 2015-04-10
2015-07-01 18:49:55,603 Starting Training from 2015-03-04 to 2015-04-03
2015-07-01 18:50:03,512 Starting Live from 2015-04-04 to 2015-04-10
2015-07-01 18:51:19,775 Starting Live from 2015-04-04 to 2015-04-10
2015-07-01 18:53:33,989 Starting Q Learning for : 
2015-07-01 18:53:33,989 alpha = 0.8
2015-07-01 18:53:33,989 gamma = 0.6
2015-07-01 18:53:33,989 individual factor = 10
2015-07-01 18:53:33,989 zero range = 0.006
2015-07-01 18:53:33,989 greedy level = 5
2015-07-01 18:53:33,989 

2015-07-01 18:53:34,488 Starting Training from 2015-01-01 to 2015-01-31
2015-07-01 18:54:14,561 Starting Q Learning for : 
2015-07-01 18:54:14,561 alpha = 0.6
2015-07-01 18:54:14,561 gamma = 0.4
2015-07-01 18:54:14,561 individual factor = 10
2015-07-01 18:54:14,561 zero range = 0.006
2015-07-01 18:54:14,561 greedy level = 5
2015-07-01 18:54:14,561 

2015-07-01 18:54:14,846 Starting Training from 2015-01-01 to 2015-01-31
2015-07-01 18:55:40,822 Starting Q Learning for : 
2015-07-01 18:55:40,822 alpha = 0.5
2015-07-01 18:55:40,822 gamma = 0.8
2015-07-01 18:55:40,822 individual factor = 10
2015-07-01 18:55:40,822 zero range = 0.01
2015-07-01 18:55:40,822 greedy level = 5
2015-07-01 18:55:40,822 

2015-07-01 18:55:41,310 Starting Training from 2015-01-01 to 2015-01-31
2015-07-01 19:11:48,643 Starting Live from 2015-02-01 to 2015-03-03
2015-07-01 19:12:25,993 Starting Live from 2015-02-01 to 2015-03-03
2015-07-01 19:13:46,587 Starting Live from 2015-02-01 to 2015-03-03
2015-07-01 19:31:49,093 Starting Training from 2015-02-01 to 2015-03-03
2015-07-01 19:33:45,416 Starting Training from 2015-02-01 to 2015-03-03
2015-07-01 19:38:02,994 Starting Live from 2015-03-04 to 2015-04-03
2015-07-01 19:38:22,667 Starting Training from 2015-02-01 to 2015-03-03
2015-07-01 19:39:56,930 Starting Live from 2015-03-04 to 2015-04-03
2015-07-01 19:42:08,377 Starting Live from 2015-03-04 to 2015-04-03
2015-07-01 19:56:37,909 Starting Training from 2015-03-04 to 2015-04-03
2015-07-01 19:57:20,912 Starting Training from 2015-03-04 to 2015-04-03
2015-07-01 19:58:01,501 Starting Live from 2015-04-04 to 2015-04-10
2015-07-01 19:58:42,914 Starting Live from 2015-04-04 to 2015-04-10
2015-07-01 19:58:44,937 Starting Training from 2015-03-04 to 2015-04-03
2015-07-01 20:00:07,399 Starting Live from 2015-04-04 to 2015-04-10
2015-07-01 20:02:03,066 Starting Q Learning for : 
2015-07-01 20:02:03,066 alpha = 0.8
2015-07-01 20:02:03,066 gamma = 0.7
2015-07-01 20:02:03,066 individual factor = 10
2015-07-01 20:02:03,066 zero range = 0.006
2015-07-01 20:02:03,066 greedy level = 5
2015-07-01 20:02:03,066 

2015-07-01 20:02:04,702 Starting Training from 2015-01-01 to 2015-01-31
2015-07-01 20:02:39,250 Starting Q Learning for : 
2015-07-01 20:02:39,250 alpha = 0.6
2015-07-01 20:02:39,250 gamma = 0.5
2015-07-01 20:02:39,250 individual factor = 10
2015-07-01 20:02:39,250 zero range = 0.006
2015-07-01 20:02:39,251 greedy level = 5
2015-07-01 20:02:39,251 

2015-07-01 20:02:39,757 Starting Training from 2015-01-01 to 2015-01-31
2015-07-01 20:04:11,969 Starting Q Learning for : 
2015-07-01 20:04:11,969 alpha = 0.2
2015-07-01 20:04:11,969 gamma = 0.1
2015-07-01 20:04:11,969 individual factor = 10
2015-07-01 20:04:11,969 zero range = 0.01
2015-07-01 20:04:11,970 greedy level = 5
2015-07-01 20:04:11,970 

2015-07-01 20:04:12,795 Starting Training from 2015-01-01 to 2015-01-31
2015-07-01 20:19:39,521 Starting Live from 2015-02-01 to 2015-03-03
2015-07-01 20:20:08,429 Starting Live from 2015-02-01 to 2015-03-03
2015-07-01 20:21:44,211 Starting Live from 2015-02-01 to 2015-03-03
2015-07-01 20:37:05,002 Starting Training from 2015-02-01 to 2015-03-03
2015-07-01 20:37:38,750 Starting Training from 2015-02-01 to 2015-03-03
2015-07-01 20:38:27,755 Starting Live from 2015-03-04 to 2015-04-03
2015-07-01 20:39:01,574 Starting Live from 2015-03-04 to 2015-04-03
2015-07-01 20:39:07,789 Starting Training from 2015-02-01 to 2015-03-03
2015-07-01 20:40:37,160 Starting Live from 2015-03-04 to 2015-04-03
2015-07-01 20:54:53,166 Starting Training from 2015-03-04 to 2015-04-03
2015-07-01 20:55:15,301 Starting Training from 2015-03-04 to 2015-04-03
2015-07-01 20:56:17,945 Starting Live from 2015-04-04 to 2015-04-10
2015-07-01 20:56:37,218 Starting Live from 2015-04-04 to 2015-04-10
2015-07-01 20:56:43,987 Starting Training from 2015-03-04 to 2015-04-03
2015-07-01 20:58:05,913 Starting Live from 2015-04-04 to 2015-04-10
2015-07-01 21:00:25,437 Starting Q Learning for : 
2015-07-01 21:00:25,437 alpha = 0.8
2015-07-01 21:00:25,437 gamma = 0.8
2015-07-01 21:00:25,437 individual factor = 10
2015-07-01 21:00:25,437 zero range = 0.006
2015-07-01 21:00:25,437 greedy level = 5
2015-07-01 21:00:25,437 

2015-07-01 21:00:26,455 Starting Training from 2015-01-01 to 2015-01-31
2015-07-01 21:00:42,555 Starting Q Learning for : 
2015-07-01 21:00:42,555 alpha = 0.6
2015-07-01 21:00:42,555 gamma = 0.6
2015-07-01 21:00:42,555 individual factor = 10
2015-07-01 21:00:42,555 zero range = 0.006
2015-07-01 21:00:42,555 greedy level = 5
2015-07-01 21:00:42,555 

2015-07-01 21:00:43,339 Starting Training from 2015-01-01 to 2015-01-31
2015-07-01 21:03:20,625 Starting Q Learning for : 
2015-07-01 21:03:20,625 alpha = 0.2
2015-07-01 21:03:20,626 gamma = 0.2
2015-07-01 21:03:20,626 individual factor = 10
2015-07-01 21:03:20,626 zero range = 0.01
2015-07-01 21:03:20,626 greedy level = 5
2015-07-01 21:03:20,626 

2015-07-01 21:03:23,189 Starting Training from 2015-01-01 to 2015-01-31
2015-07-01 21:18:11,815 Starting Live from 2015-02-01 to 2015-03-03
2015-07-01 21:18:36,736 Starting Live from 2015-02-01 to 2015-03-03
2015-07-01 21:21:15,752 Starting Live from 2015-02-01 to 2015-03-03
2015-07-01 21:36:06,287 Starting Training from 2015-02-01 to 2015-03-03
2015-07-01 21:36:19,045 Starting Training from 2015-02-01 to 2015-03-03
2015-07-01 21:39:02,223 Starting Training from 2015-02-01 to 2015-03-03
2015-07-01 21:39:56,345 Starting Live from 2015-03-04 to 2015-04-03
2015-07-01 21:40:13,221 Starting Live from 2015-03-04 to 2015-04-03
2015-07-01 21:41:16,679 Starting Live from 2015-03-04 to 2015-04-03
2015-07-01 21:56:25,083 Starting Training from 2015-03-04 to 2015-04-03
2015-07-01 21:56:33,225 Starting Training from 2015-03-04 to 2015-04-03
2015-07-01 21:57:55,161 Starting Training from 2015-03-04 to 2015-04-03
2015-07-01 21:58:36,380 Starting Live from 2015-04-04 to 2015-04-10
2015-07-01 21:58:40,322 Starting Live from 2015-04-04 to 2015-04-10
2015-07-01 21:59:20,773 Starting Live from 2015-04-04 to 2015-04-10
2015-07-01 22:02:35,125 Starting Q Learning for : 
2015-07-01 22:02:35,125 alpha = 0.2
2015-07-01 22:02:35,125 gamma = 0.3
2015-07-01 22:02:35,125 individual factor = 10
2015-07-01 22:02:35,125 zero range = 0.01
2015-07-01 22:02:35,125 greedy level = 5
2015-07-01 22:02:35,125 

2015-07-01 22:02:35,737 Starting Training from 2015-01-01 to 2015-01-31
2015-07-01 22:02:41,536 Starting Q Learning for : 
2015-07-01 22:02:41,536 alpha = 0.4
2015-07-01 22:02:41,536 gamma = 0.5
2015-07-01 22:02:41,536 individual factor = 10
2015-07-01 22:02:41,536 zero range = 0.01
2015-07-01 22:02:41,536 greedy level = 5
2015-07-01 22:02:41,537 

2015-07-01 22:02:42,037 Starting Training from 2015-01-01 to 2015-01-31
2015-07-01 22:03:21,385 Starting Q Learning for : 
2015-07-01 22:03:21,385 alpha = 0.6
2015-07-01 22:03:21,385 gamma = 0.7
2015-07-01 22:03:21,385 individual factor = 10
2015-07-01 22:03:21,385 zero range = 0.01
2015-07-01 22:03:21,385 greedy level = 5
2015-07-01 22:03:21,385 

2015-07-01 22:03:22,154 Starting Training from 2015-01-01 to 2015-01-31
2015-07-01 22:20:05,198 Starting Live from 2015-02-01 to 2015-03-03
2015-07-01 22:20:23,328 Starting Live from 2015-02-01 to 2015-03-03
2015-07-01 22:21:01,550 Starting Live from 2015-02-01 to 2015-03-03
2015-07-01 22:37:33,425 Starting Training from 2015-02-01 to 2015-03-03
2015-07-01 22:37:58,285 Starting Training from 2015-02-01 to 2015-03-03
2015-07-01 22:38:43,530 Starting Training from 2015-02-01 to 2015-03-03
2015-07-01 22:39:10,780 Starting Live from 2015-03-04 to 2015-04-03
2015-07-01 22:39:25,814 Starting Live from 2015-03-04 to 2015-04-03
2015-07-01 22:40:06,301 Starting Live from 2015-03-04 to 2015-04-03
2015-07-01 23:01:39,209 Starting Training from 2015-03-04 to 2015-04-03
2015-07-01 23:02:04,322 Starting Training from 2015-03-04 to 2015-04-03
2015-07-01 23:02:42,613 Starting Training from 2015-03-04 to 2015-04-03
2015-07-01 23:03:09,559 Starting Live from 2015-04-04 to 2015-04-10
2015-07-01 23:03:32,897 Starting Live from 2015-04-04 to 2015-04-10
2015-07-01 23:04:14,395 Starting Live from 2015-04-04 to 2015-04-10
2015-07-01 23:09:02,904 Starting Q Learning for : 
2015-07-01 23:09:02,904 alpha = 0.2
2015-07-01 23:09:02,904 gamma = 0.4
2015-07-01 23:09:02,904 individual factor = 10
2015-07-01 23:09:02,904 zero range = 0.01
2015-07-01 23:09:02,904 greedy level = 5
2015-07-01 23:09:02,904 

2015-07-01 23:09:04,940 Starting Training from 2015-01-01 to 2015-01-31
2015-07-01 23:09:29,932 Starting Q Learning for : 
2015-07-01 23:09:29,932 alpha = 0.4
2015-07-01 23:09:29,932 gamma = 0.6
2015-07-01 23:09:29,932 individual factor = 10
2015-07-01 23:09:29,932 zero range = 0.01
2015-07-01 23:09:29,932 greedy level = 5
2015-07-01 23:09:29,932 

2015-07-01 23:09:31,284 Starting Training from 2015-01-01 to 2015-01-31
2015-07-01 23:10:21,122 Starting Q Learning for : 
2015-07-01 23:10:21,122 alpha = 0.6
2015-07-01 23:10:21,122 gamma = 0.8
2015-07-01 23:10:21,122 individual factor = 10
2015-07-01 23:10:21,122 zero range = 0.01
2015-07-01 23:10:21,122 greedy level = 5
2015-07-01 23:10:21,122 

2015-07-01 23:10:21,464 Starting Training from 2015-01-01 to 2015-01-31
2015-07-01 23:29:11,098 Starting Live from 2015-02-01 to 2015-03-03
2015-07-01 23:29:30,584 Starting Live from 2015-02-01 to 2015-03-03
2015-07-01 23:30:24,770 Starting Live from 2015-02-01 to 2015-03-03
2015-07-01 23:48:20,743 Starting Training from 2015-02-01 to 2015-03-03
2015-07-01 23:48:43,123 Starting Training from 2015-02-01 to 2015-03-03
2015-07-01 23:49:51,920 Starting Training from 2015-02-01 to 2015-03-03
2015-07-01 23:49:54,870 Starting Live from 2015-03-04 to 2015-04-03
2015-07-01 23:50:18,039 Starting Live from 2015-03-04 to 2015-04-03
2015-07-01 23:51:22,135 Starting Live from 2015-03-04 to 2015-04-03
2015-07-02 00:08:06,364 Starting Training from 2015-03-04 to 2015-04-03
2015-07-02 00:08:43,735 Starting Training from 2015-03-04 to 2015-04-03
2015-07-02 00:09:36,609 Starting Live from 2015-04-04 to 2015-04-10
2015-07-02 00:09:45,766 Starting Training from 2015-03-04 to 2015-04-03
2015-07-02 00:10:13,605 Starting Live from 2015-04-04 to 2015-04-10
2015-07-02 00:11:16,999 Starting Live from 2015-04-04 to 2015-04-10
2015-07-02 00:14:13,765 Starting Q Learning for : 
2015-07-02 00:14:13,765 alpha = 0.2
2015-07-02 00:14:13,765 gamma = 0.5
2015-07-02 00:14:13,765 individual factor = 10
2015-07-02 00:14:13,765 zero range = 0.01
2015-07-02 00:14:13,765 greedy level = 5
2015-07-02 00:14:13,765 

2015-07-02 00:14:14,894 Starting Training from 2015-01-01 to 2015-01-31
2015-07-02 00:15:19,720 Starting Q Learning for : 
2015-07-02 00:15:19,721 alpha = 0.4
2015-07-02 00:15:19,721 gamma = 0.7
2015-07-02 00:15:19,721 individual factor = 10
2015-07-02 00:15:19,721 zero range = 0.01
2015-07-02 00:15:19,721 greedy level = 5
2015-07-02 00:15:19,721 

2015-07-02 00:15:22,414 Starting Training from 2015-01-01 to 2015-01-31
2015-07-02 00:17:26,366 Starting Q Learning for : 
2015-07-02 00:17:26,366 alpha = 0.8
2015-07-02 00:17:26,366 gamma = 0.1
2015-07-02 00:17:26,366 individual factor = 10
2015-07-02 00:17:26,366 zero range = 0.01
2015-07-02 00:17:26,366 greedy level = 5
2015-07-02 00:17:26,366 

2015-07-02 00:17:28,632 Starting Training from 2015-01-01 to 2015-01-31
2015-07-02 00:36:47,744 Starting Live from 2015-02-01 to 2015-03-03
2015-07-02 00:37:33,274 Starting Live from 2015-02-01 to 2015-03-03
2015-07-02 00:38:30,911 Starting Live from 2015-02-01 to 2015-03-03
2015-07-02 00:56:47,490 Starting Training from 2015-02-01 to 2015-03-03
2015-07-02 00:57:35,842 Starting Training from 2015-02-01 to 2015-03-03
2015-07-02 00:58:05,568 Starting Training from 2015-02-01 to 2015-03-03
2015-07-02 00:58:17,743 Starting Live from 2015-03-04 to 2015-04-03
2015-07-02 00:59:05,505 Starting Live from 2015-03-04 to 2015-04-03
2015-07-02 00:59:33,294 Starting Live from 2015-03-04 to 2015-04-03
2015-07-02 01:16:16,722 Starting Training from 2015-03-04 to 2015-04-03
2015-07-02 01:17:09,184 Starting Training from 2015-03-04 to 2015-04-03
2015-07-02 01:17:41,547 Starting Training from 2015-03-04 to 2015-04-03
2015-07-02 01:17:53,239 Starting Live from 2015-04-04 to 2015-04-10
2015-07-02 01:19:01,707 Starting Live from 2015-04-04 to 2015-04-10
2015-07-02 01:19:26,404 Starting Live from 2015-04-04 to 2015-04-10
2015-07-02 01:22:35,809 Starting Q Learning for : 
2015-07-02 01:22:35,809 alpha = 0.2
2015-07-02 01:22:35,810 gamma = 0.6
2015-07-02 01:22:35,810 individual factor = 10
2015-07-02 01:22:35,810 zero range = 0.01
2015-07-02 01:22:35,810 greedy level = 5
2015-07-02 01:22:35,810 

2015-07-02 01:22:36,299 Starting Training from 2015-01-01 to 2015-01-31
2015-07-02 01:23:33,158 Starting Q Learning for : 
2015-07-02 01:23:33,158 alpha = 0.4
2015-07-02 01:23:33,158 gamma = 0.8
2015-07-02 01:23:33,158 individual factor = 10
2015-07-02 01:23:33,158 zero range = 0.01
2015-07-02 01:23:33,158 greedy level = 5
2015-07-02 01:23:33,158 

2015-07-02 01:23:33,868 Starting Training from 2015-01-01 to 2015-01-31
2015-07-02 01:24:20,341 Starting Q Learning for : 
2015-07-02 01:24:20,341 alpha = 0.8
2015-07-02 01:24:20,341 gamma = 0.2
2015-07-02 01:24:20,341 individual factor = 10
2015-07-02 01:24:20,341 zero range = 0.01
2015-07-02 01:24:20,341 greedy level = 5
2015-07-02 01:24:20,341 

2015-07-02 01:24:21,847 Starting Training from 2015-01-01 to 2015-01-31
2015-07-02 01:44:02,356 Starting Live from 2015-02-01 to 2015-03-03
2015-07-02 01:45:17,781 Starting Live from 2015-02-01 to 2015-03-03
2015-07-02 01:45:23,583 Starting Live from 2015-02-01 to 2015-03-03
2015-07-02 02:03:13,592 Starting Training from 2015-02-01 to 2015-03-03
2015-07-02 02:04:25,292 Starting Training from 2015-02-01 to 2015-03-03
2015-07-02 02:04:33,856 Starting Training from 2015-02-01 to 2015-03-03
2015-07-02 02:04:40,542 Starting Live from 2015-03-04 to 2015-04-03
2015-07-02 02:05:51,780 Starting Live from 2015-03-04 to 2015-04-03
2015-07-02 02:06:04,716 Starting Live from 2015-03-04 to 2015-04-03
2015-07-02 02:22:00,028 Starting Training from 2015-03-04 to 2015-04-03
2015-07-02 02:23:21,153 Starting Training from 2015-03-04 to 2015-04-03
2015-07-02 02:23:30,568 Starting Training from 2015-03-04 to 2015-04-03
2015-07-02 02:23:33,049 Starting Live from 2015-04-04 to 2015-04-10
2015-07-02 02:24:48,562 Starting Live from 2015-04-04 to 2015-04-10
2015-07-02 02:24:58,140 Starting Live from 2015-04-04 to 2015-04-10
2015-07-02 02:27:58,703 Starting Q Learning for : 
2015-07-02 02:27:58,703 alpha = 0.2
2015-07-02 02:27:58,703 gamma = 0.7
2015-07-02 02:27:58,703 individual factor = 10
2015-07-02 02:27:58,703 zero range = 0.01
2015-07-02 02:27:58,703 greedy level = 5
2015-07-02 02:27:58,703 

2015-07-02 02:27:59,534 Starting Training from 2015-01-01 to 2015-01-31
2015-07-02 02:29:16,101 Starting Q Learning for : 
2015-07-02 02:29:16,101 alpha = 0.8
2015-07-02 02:29:16,101 gamma = 0.3
2015-07-02 02:29:16,101 individual factor = 10
2015-07-02 02:29:16,101 zero range = 0.01
2015-07-02 02:29:16,101 greedy level = 5
2015-07-02 02:29:16,101 

2015-07-02 02:29:16,788 Starting Training from 2015-01-01 to 2015-01-31
2015-07-02 02:29:29,231 Starting Q Learning for : 
2015-07-02 02:29:29,231 alpha = 0.6
2015-07-02 02:29:29,231 gamma = 0.1
2015-07-02 02:29:29,231 individual factor = 10
2015-07-02 02:29:29,232 zero range = 0.01
2015-07-02 02:29:29,232 greedy level = 5
2015-07-02 02:29:29,232 

2015-07-02 02:29:29,856 Starting Training from 2015-01-01 to 2015-01-31
2015-07-02 02:47:13,446 Starting Live from 2015-02-01 to 2015-03-03
2015-07-02 02:48:21,657 Starting Live from 2015-02-01 to 2015-03-03
2015-07-02 02:48:37,768 Starting Live from 2015-02-01 to 2015-03-03
2015-07-02 03:09:09,466 Starting Training from 2015-02-01 to 2015-03-03
2015-07-02 03:10:28,658 Starting Training from 2015-02-01 to 2015-03-03
2015-07-02 03:10:39,880 Starting Training from 2015-02-01 to 2015-03-03
2015-07-02 03:10:53,228 Starting Live from 2015-03-04 to 2015-04-03
2015-07-02 03:12:08,932 Starting Live from 2015-03-04 to 2015-04-03
2015-07-02 03:12:17,352 Starting Live from 2015-03-04 to 2015-04-03
2015-07-02 03:28:19,283 Starting Training from 2015-03-04 to 2015-04-03
2015-07-02 03:29:16,184 Starting Training from 2015-03-04 to 2015-04-03
2015-07-02 03:29:29,574 Starting Training from 2015-03-04 to 2015-04-03
2015-07-02 03:29:48,576 Starting Live from 2015-04-04 to 2015-04-10
2015-07-02 03:30:44,419 Starting Live from 2015-04-04 to 2015-04-10
2015-07-02 03:30:57,434 Starting Live from 2015-04-04 to 2015-04-10
2015-07-02 03:34:08,435 Starting Q Learning for : 
2015-07-02 03:34:08,435 alpha = 0.2
2015-07-02 03:34:08,435 gamma = 0.8
2015-07-02 03:34:08,435 individual factor = 10
2015-07-02 03:34:08,435 zero range = 0.01
2015-07-02 03:34:08,435 greedy level = 5
2015-07-02 03:34:08,435 

2015-07-02 03:34:09,029 Starting Training from 2015-01-01 to 2015-01-31
2015-07-02 03:35:03,544 Starting Q Learning for : 
2015-07-02 03:35:03,544 alpha = 0.8
2015-07-02 03:35:03,544 gamma = 0.4
2015-07-02 03:35:03,545 individual factor = 10
2015-07-02 03:35:03,545 zero range = 0.01
2015-07-02 03:35:03,545 greedy level = 5
2015-07-02 03:35:03,545 

2015-07-02 03:35:04,188 Starting Training from 2015-01-01 to 2015-01-31
2015-07-02 03:35:15,568 Starting Q Learning for : 
2015-07-02 03:35:15,568 alpha = 0.6
2015-07-02 03:35:15,568 gamma = 0.2
2015-07-02 03:35:15,568 individual factor = 10
2015-07-02 03:35:15,568 zero range = 0.01
2015-07-02 03:35:15,568 greedy level = 5
2015-07-02 03:35:15,568 

2015-07-02 03:35:15,829 Starting Training from 2015-01-01 to 2015-01-31
2015-07-02 03:53:00,962 Starting Live from 2015-02-01 to 2015-03-03
2015-07-02 03:53:53,211 Starting Live from 2015-02-01 to 2015-03-03
2015-07-02 03:53:58,011 Starting Live from 2015-02-01 to 2015-03-03
2015-07-02 04:10:55,062 Starting Training from 2015-02-01 to 2015-03-03
2015-07-02 04:11:35,845 Starting Training from 2015-02-01 to 2015-03-03
2015-07-02 04:11:36,030 Starting Training from 2015-02-01 to 2015-03-03
2015-07-02 04:12:20,464 Starting Live from 2015-03-04 to 2015-04-03
2015-07-02 04:13:35,766 Starting Live from 2015-03-04 to 2015-04-03
2015-07-02 04:13:36,666 Starting Live from 2015-03-04 to 2015-04-03
2015-07-02 04:28:59,099 Starting Training from 2015-03-04 to 2015-04-03
2015-07-02 04:29:47,873 Starting Training from 2015-03-04 to 2015-04-03
2015-07-02 04:29:52,629 Starting Training from 2015-03-04 to 2015-04-03
2015-07-02 04:30:22,527 Starting Live from 2015-04-04 to 2015-04-10
2015-07-02 04:32:35,116 Starting Live from 2015-04-04 to 2015-04-10
2015-07-02 04:32:47,138 Starting Live from 2015-04-04 to 2015-04-10
2015-07-02 04:36:20,926 Starting Q Learning for : 
2015-07-02 04:36:20,926 alpha = 0.4
2015-07-02 04:36:20,926 gamma = 0.1
2015-07-02 04:36:20,926 individual factor = 10
2015-07-02 04:36:20,926 zero range = 0.01
2015-07-02 04:36:20,926 greedy level = 5
2015-07-02 04:36:20,926 

2015-07-02 04:36:21,236 Starting Training from 2015-01-01 to 2015-01-31
2015-07-02 04:37:25,493 Starting Q Learning for : 
2015-07-02 04:37:25,493 alpha = 0.6
2015-07-02 04:37:25,493 gamma = 0.3
2015-07-02 04:37:25,493 individual factor = 10
2015-07-02 04:37:25,493 zero range = 0.01
2015-07-02 04:37:25,493 greedy level = 5
2015-07-02 04:37:25,493 

2015-07-02 04:37:26,626 Starting Training from 2015-01-01 to 2015-01-31
2015-07-02 04:37:28,073 Starting Q Learning for : 
2015-07-02 04:37:28,073 alpha = 0.8
2015-07-02 04:37:28,073 gamma = 0.5
2015-07-02 04:37:28,074 individual factor = 10
2015-07-02 04:37:28,074 zero range = 0.01
2015-07-02 04:37:28,074 greedy level = 5
2015-07-02 04:37:28,074 

2015-07-02 04:37:28,852 Starting Training from 2015-01-01 to 2015-01-31
2015-07-02 04:53:46,860 Starting Live from 2015-02-01 to 2015-03-03
2015-07-02 04:54:50,459 Starting Live from 2015-02-01 to 2015-03-03
2015-07-02 04:54:52,357 Starting Live from 2015-02-01 to 2015-03-03
2015-07-02 05:10:52,390 Starting Training from 2015-02-01 to 2015-03-03
2015-07-02 05:12:00,379 Starting Training from 2015-02-01 to 2015-03-03
2015-07-02 05:12:02,272 Starting Training from 2015-02-01 to 2015-03-03
2015-07-02 05:12:25,674 Starting Live from 2015-03-04 to 2015-04-03
2015-07-02 05:13:24,771 Starting Live from 2015-03-04 to 2015-04-03
2015-07-02 05:13:25,861 Starting Live from 2015-03-04 to 2015-04-03
2015-07-02 05:27:24,564 Starting Training from 2015-03-04 to 2015-04-03
2015-07-02 05:28:27,647 Starting Training from 2015-03-04 to 2015-04-03
2015-07-02 05:28:30,968 Starting Training from 2015-03-04 to 2015-04-03
2015-07-02 05:28:45,664 Starting Live from 2015-04-04 to 2015-04-10
2015-07-02 05:29:52,458 Starting Live from 2015-04-04 to 2015-04-10
2015-07-02 05:29:55,921 Starting Live from 2015-04-04 to 2015-04-10
2015-07-02 05:32:30,931 Starting Q Learning for : 
2015-07-02 05:32:30,931 alpha = 0.4
2015-07-02 05:32:30,931 gamma = 0.2
2015-07-02 05:32:30,931 individual factor = 10
2015-07-02 05:32:30,931 zero range = 0.01
2015-07-02 05:32:30,931 greedy level = 5
2015-07-02 05:32:30,931 

2015-07-02 05:32:31,511 Starting Training from 2015-01-01 to 2015-01-31
2015-07-02 05:33:35,069 Starting Q Learning for : 
2015-07-02 05:33:35,069 alpha = 0.6
2015-07-02 05:33:35,069 gamma = 0.4
2015-07-02 05:33:35,070 individual factor = 10
2015-07-02 05:33:35,070 zero range = 0.01
2015-07-02 05:33:35,070 greedy level = 5
2015-07-02 05:33:35,070 

2015-07-02 05:33:35,718 Starting Training from 2015-01-01 to 2015-01-31
2015-07-02 05:33:42,119 Starting Q Learning for : 
2015-07-02 05:33:42,119 alpha = 0.8
2015-07-02 05:33:42,120 gamma = 0.6
2015-07-02 05:33:42,120 individual factor = 10
2015-07-02 05:33:42,120 zero range = 0.01
2015-07-02 05:33:42,120 greedy level = 5
2015-07-02 05:33:42,120 

2015-07-02 05:33:42,419 Starting Training from 2015-01-01 to 2015-01-31
2015-07-02 05:48:56,843 Starting Live from 2015-02-01 to 2015-03-03
2015-07-02 05:49:54,357 Starting Live from 2015-02-01 to 2015-03-03
2015-07-02 05:50:10,322 Starting Live from 2015-02-01 to 2015-03-03
2015-07-02 06:05:11,867 Starting Training from 2015-02-01 to 2015-03-03
2015-07-02 06:06:10,727 Starting Training from 2015-02-01 to 2015-03-03
2015-07-02 06:06:28,955 Starting Training from 2015-02-01 to 2015-03-03
2015-07-02 06:06:31,607 Starting Live from 2015-03-04 to 2015-04-03
2015-07-02 06:07:26,794 Starting Live from 2015-03-04 to 2015-04-03
2015-07-02 06:07:44,631 Starting Live from 2015-03-04 to 2015-04-03
2015-07-02 06:21:20,490 Starting Training from 2015-03-04 to 2015-04-03
2015-07-02 06:22:27,704 Starting Training from 2015-03-04 to 2015-04-03
2015-07-02 06:22:42,769 Starting Live from 2015-04-04 to 2015-04-10
2015-07-02 06:22:50,396 Starting Training from 2015-03-04 to 2015-04-03
2015-07-02 06:23:43,427 Starting Live from 2015-04-04 to 2015-04-10
2015-07-02 06:24:06,757 Starting Live from 2015-04-04 to 2015-04-10
2015-07-02 06:26:17,167 Starting Q Learning for : 
2015-07-02 06:26:17,167 alpha = 0.4
2015-07-02 06:26:17,167 gamma = 0.3
2015-07-02 06:26:17,167 individual factor = 10
2015-07-02 06:26:17,167 zero range = 0.01
2015-07-02 06:26:17,167 greedy level = 5
2015-07-02 06:26:17,167 

2015-07-02 06:26:17,998 Starting Training from 2015-01-01 to 2015-01-31
2015-07-02 06:27:21,965 Starting Q Learning for : 
2015-07-02 06:27:21,965 alpha = 0.6
2015-07-02 06:27:21,965 gamma = 0.5
2015-07-02 06:27:21,965 individual factor = 10
2015-07-02 06:27:21,965 zero range = 0.01
2015-07-02 06:27:21,965 greedy level = 5
2015-07-02 06:27:21,965 

2015-07-02 06:27:22,429 Starting Training from 2015-01-01 to 2015-01-31
2015-07-02 06:27:43,974 Starting Q Learning for : 
2015-07-02 06:27:43,974 alpha = 0.8
2015-07-02 06:27:43,974 gamma = 0.7
2015-07-02 06:27:43,974 individual factor = 10
2015-07-02 06:27:43,974 zero range = 0.01
2015-07-02 06:27:43,974 greedy level = 5
2015-07-02 06:27:43,974 

2015-07-02 06:27:45,734 Starting Training from 2015-01-01 to 2015-01-31
2015-07-02 06:42:41,323 Starting Live from 2015-02-01 to 2015-03-03
2015-07-02 06:43:49,967 Starting Live from 2015-02-01 to 2015-03-03
2015-07-02 06:44:10,887 Starting Live from 2015-02-01 to 2015-03-03
2015-07-02 06:58:42,686 Starting Training from 2015-02-01 to 2015-03-03
2015-07-02 06:59:53,400 Starting Training from 2015-02-01 to 2015-03-03
2015-07-02 06:59:58,481 Starting Live from 2015-03-04 to 2015-04-03
2015-07-02 07:00:18,971 Starting Training from 2015-02-01 to 2015-03-03
2015-07-02 07:01:08,687 Starting Live from 2015-03-04 to 2015-04-03
2015-07-02 07:01:35,008 Starting Live from 2015-03-04 to 2015-04-03
2015-07-02 07:12:43,233 Starting Training from 2015-03-04 to 2015-04-03
2015-07-02 07:15:06,428 Starting Training from 2015-03-04 to 2015-04-03
2015-07-02 07:16:01,816 Starting Live from 2015-04-04 to 2015-04-10
2015-07-02 07:16:07,919 Starting Training from 2015-03-04 to 2015-04-03
2015-07-02 07:17:42,856 Starting Live from 2015-04-04 to 2015-04-10
2015-07-02 07:18:05,841 Starting Live from 2015-04-04 to 2015-04-10
2015-07-02 07:20:10,188 Starting Q Learning for : 
2015-07-02 07:20:10,188 alpha = 0.4
2015-07-02 07:20:10,188 gamma = 0.4
2015-07-02 07:20:10,188 individual factor = 10
2015-07-02 07:20:10,189 zero range = 0.01
2015-07-02 07:20:10,189 greedy level = 5
2015-07-02 07:20:10,189 

2015-07-02 07:20:11,484 Starting Training from 2015-01-01 to 2015-01-31
2015-07-02 07:21:07,811 Starting Q Learning for : 
2015-07-02 07:21:07,811 alpha = 0.6
2015-07-02 07:21:07,812 gamma = 0.6
2015-07-02 07:21:07,812 individual factor = 10
2015-07-02 07:21:07,812 zero range = 0.01
2015-07-02 07:21:07,812 greedy level = 5
2015-07-02 07:21:07,812 

2015-07-02 07:21:08,617 Starting Training from 2015-01-01 to 2015-01-31
2015-07-02 07:21:32,267 Starting Q Learning for : 
2015-07-02 07:21:32,267 alpha = 0.8
2015-07-02 07:21:32,267 gamma = 0.8
2015-07-02 07:21:32,267 individual factor = 10
2015-07-02 07:21:32,267 zero range = 0.01
2015-07-02 07:21:32,267 greedy level = 5
2015-07-02 07:21:32,267 

2015-07-02 07:21:33,192 Starting Training from 2015-01-01 to 2015-01-31
2015-07-02 07:35:30,906 Starting Live from 2015-02-01 to 2015-03-03
2015-07-02 07:36:51,703 Starting Live from 2015-02-01 to 2015-03-03
2015-07-02 07:37:23,377 Starting Live from 2015-02-01 to 2015-03-03
2015-07-02 07:48:18,721 Starting Training from 2015-02-01 to 2015-03-03
2015-07-02 07:49:13,277 Starting Training from 2015-02-01 to 2015-03-03
2015-07-02 07:49:29,479 Starting Live from 2015-03-04 to 2015-04-03
2015-07-02 07:49:48,410 Starting Training from 2015-02-01 to 2015-03-03
2015-07-02 07:50:22,829 Starting Live from 2015-03-04 to 2015-04-03
2015-07-02 07:50:59,869 Starting Live from 2015-03-04 to 2015-04-03
2015-07-02 08:02:48,584 Starting Training from 2015-03-04 to 2015-04-03
2015-07-02 08:03:40,356 Starting Training from 2015-03-04 to 2015-04-03
2015-07-02 08:03:53,869 Starting Live from 2015-04-04 to 2015-04-10
2015-07-02 08:04:22,220 Starting Training from 2015-03-04 to 2015-04-03
2015-07-02 08:04:47,434 Starting Live from 2015-04-04 to 2015-04-10
2015-07-02 08:05:29,099 Starting Live from 2015-04-04 to 2015-04-10
