2015-06-20 10:55:07,786 Starting Q Learning for : 
2015-06-20 10:55:07,786 alpha = 0.2
2015-06-20 10:55:07,786 gamma = 0.1
2015-06-20 10:55:07,788 individual factor = 8
2015-06-20 10:55:07,788 zero range = 0.002
2015-06-20 10:55:07,788 greedy level = 5
2015-06-20 10:55:07,788 

2015-06-20 10:55:19,415 Starting Training from 2014-12-17 to 2015-01-01
2015-06-20 11:07:21,184 Starting Live from 2015-01-02 to 2015-02-01
2015-06-20 11:28:08,665 Starting Training from 2015-01-17 to 2015-02-01
2015-06-20 11:29:09,767 Starting Live from 2015-02-02 to 2015-03-04
2015-06-20 11:54:16,441 Starting Training from 2015-02-17 to 2015-03-04
2015-06-20 11:55:41,812 Starting Live from 2015-03-05 to 2015-04-04
2015-06-20 12:25:57,717 Starting Training from 2015-03-20 to 2015-04-04
2015-06-20 12:27:03,947 Starting Live from 2015-04-05 to 2015-04-10
2015-06-20 12:35:31,482 Starting Q Learning for : 
2015-06-20 12:35:31,482 alpha = 0.2
2015-06-20 12:35:31,482 gamma = 0.2
2015-06-20 12:35:31,482 individual factor = 8
2015-06-20 12:35:31,482 zero range = 0.002
2015-06-20 12:35:31,482 greedy level = 5
2015-06-20 12:35:31,482 

2015-06-20 12:35:36,657 Starting Training from 2014-12-17 to 2015-01-01
2015-06-20 12:46:48,273 Starting Live from 2015-01-02 to 2015-02-01
2015-06-20 13:07:51,286 Starting Training from 2015-01-17 to 2015-02-01
2015-06-20 13:08:59,496 Starting Live from 2015-02-02 to 2015-03-04
2015-06-20 13:34:00,062 Starting Training from 2015-02-17 to 2015-03-04
2015-06-20 13:35:32,585 Starting Live from 2015-03-05 to 2015-04-04
2015-06-20 14:04:09,005 Starting Training from 2015-03-20 to 2015-04-04
2015-06-20 14:05:34,644 Starting Live from 2015-04-05 to 2015-04-10
2015-06-20 14:14:53,680 Starting Q Learning for : 
2015-06-20 14:14:53,680 alpha = 0.2
2015-06-20 14:14:53,680 gamma = 0.3
2015-06-20 14:14:53,681 individual factor = 8
2015-06-20 14:14:53,681 zero range = 0.002
2015-06-20 14:14:53,681 greedy level = 5
2015-06-20 14:14:53,681 

2015-06-20 14:14:59,967 Starting Training from 2014-12-17 to 2015-01-01
2015-06-20 14:25:13,865 Starting Live from 2015-01-02 to 2015-02-01
2015-06-20 14:45:46,996 Starting Training from 2015-01-17 to 2015-02-01
2015-06-20 14:46:48,766 Starting Live from 2015-02-02 to 2015-03-04
2015-06-20 15:11:03,098 Starting Training from 2015-02-17 to 2015-03-04
2015-06-20 15:12:39,296 Starting Live from 2015-03-05 to 2015-04-04
2015-06-20 15:44:31,190 Starting Training from 2015-03-20 to 2015-04-04
2015-06-20 15:45:57,901 Starting Live from 2015-04-05 to 2015-04-10
2015-06-20 15:54:50,073 Starting Q Learning for : 
2015-06-20 15:54:50,075 alpha = 0.4
2015-06-20 15:54:50,075 gamma = 0.8
2015-06-20 15:54:50,075 individual factor = 8
2015-06-20 15:54:50,075 zero range = 0.002
2015-06-20 15:54:50,075 greedy level = 5
2015-06-20 15:54:50,075 

2015-06-20 15:54:55,342 Starting Training from 2014-12-17 to 2015-01-01
2015-06-20 16:05:16,424 Starting Live from 2015-01-02 to 2015-02-01
2015-06-20 16:21:52,568 Starting Training from 2015-01-17 to 2015-02-01
2015-06-20 16:22:48,177 Starting Live from 2015-02-02 to 2015-03-04
2015-06-20 16:35:00,740 Starting Training from 2015-02-17 to 2015-03-04
2015-06-20 16:39:24,569 Starting Live from 2015-03-05 to 2015-04-04
2015-06-20 16:54:48,733 Starting Training from 2015-03-20 to 2015-04-04
2015-06-20 16:56:51,871 Starting Live from 2015-04-05 to 2015-04-10
2015-06-20 17:02:12,526 Starting Q Learning for : 
2015-06-20 17:02:12,526 alpha = 0.6
2015-06-20 17:02:12,526 gamma = 0.1
2015-06-20 17:02:12,526 individual factor = 8
2015-06-20 17:02:12,526 zero range = 0.002
2015-06-20 17:02:12,526 greedy level = 5
2015-06-20 17:02:12,526 

2015-06-20 17:02:17,913 Starting Training from 2014-12-17 to 2015-01-01
2015-06-20 17:11:45,357 Starting Live from 2015-01-02 to 2015-02-01
2015-06-20 17:30:35,266 Starting Training from 2015-01-17 to 2015-02-01
2015-06-20 17:31:29,711 Starting Live from 2015-02-02 to 2015-03-04
2015-06-20 17:55:09,831 Starting Training from 2015-02-17 to 2015-03-04
2015-06-20 17:56:28,207 Starting Live from 2015-03-05 to 2015-04-04
2015-06-20 18:27:09,420 Starting Training from 2015-03-20 to 2015-04-04
2015-06-20 18:28:28,052 Starting Live from 2015-04-05 to 2015-04-10
2015-06-20 18:37:10,530 Starting Q Learning for : 
2015-06-20 18:37:10,530 alpha = 0.6
2015-06-20 18:37:10,530 gamma = 0.2
2015-06-20 18:37:10,530 individual factor = 8
2015-06-20 18:37:10,530 zero range = 0.002
2015-06-20 18:37:10,530 greedy level = 5
2015-06-20 18:37:10,530 

2015-06-20 18:37:15,904 Starting Training from 2014-12-17 to 2015-01-01
2015-06-20 18:46:22,312 Starting Live from 2015-01-02 to 2015-02-01
2015-06-20 19:04:55,977 Starting Training from 2015-01-17 to 2015-02-01
2015-06-20 19:05:52,642 Starting Live from 2015-02-02 to 2015-03-04
2015-06-20 19:29:17,648 Starting Training from 2015-02-17 to 2015-03-04
2015-06-20 19:30:37,957 Starting Live from 2015-03-05 to 2015-04-04
2015-06-20 20:03:18,252 Starting Training from 2015-03-20 to 2015-04-04
2015-06-20 20:04:33,895 Starting Live from 2015-04-05 to 2015-04-10
2015-06-20 20:13:16,107 Starting Q Learning for : 
2015-06-20 20:13:16,107 alpha = 0.8
2015-06-20 20:13:16,107 gamma = 0.1
2015-06-20 20:13:16,107 individual factor = 8
2015-06-20 20:13:16,107 zero range = 0.002
2015-06-20 20:13:16,107 greedy level = 5
2015-06-20 20:13:16,107 

2015-06-20 20:13:20,696 Starting Training from 2014-12-17 to 2015-01-01
2015-06-20 20:23:00,874 Starting Live from 2015-01-02 to 2015-02-01
2015-06-20 20:41:11,170 Starting Training from 2015-01-17 to 2015-02-01
2015-06-20 20:42:05,217 Starting Live from 2015-02-02 to 2015-03-04
2015-06-20 21:04:59,631 Starting Training from 2015-02-17 to 2015-03-04
2015-06-20 21:06:22,654 Starting Live from 2015-03-05 to 2015-04-04
2015-06-20 21:36:13,926 Starting Training from 2015-03-20 to 2015-04-04
2015-06-20 21:37:24,937 Starting Live from 2015-04-05 to 2015-04-10
2015-06-20 21:47:12,832 Starting Q Learning for : 
2015-06-20 21:47:12,832 alpha = 0.8
2015-06-20 21:47:12,832 gamma = 0.2
2015-06-20 21:47:12,832 individual factor = 8
2015-06-20 21:47:12,832 zero range = 0.002
2015-06-20 21:47:12,832 greedy level = 5
2015-06-20 21:47:12,832 

2015-06-20 21:47:21,283 Starting Training from 2014-12-17 to 2015-01-01
2015-06-20 21:56:34,540 Starting Live from 2015-01-02 to 2015-02-01
2015-06-20 22:15:59,977 Starting Training from 2015-01-17 to 2015-02-01
2015-06-20 22:16:56,868 Starting Live from 2015-02-02 to 2015-03-04
2015-06-20 22:42:12,703 Starting Training from 2015-02-17 to 2015-03-04
2015-06-20 22:43:33,272 Starting Live from 2015-03-05 to 2015-04-04
2015-06-20 23:35:01,690 Starting Training from 2015-03-20 to 2015-04-04
2015-06-20 23:36:21,720 Starting Live from 2015-04-05 to 2015-04-10
2015-06-20 23:49:43,785 Starting Q Learning for : 
2015-06-20 23:49:43,785 alpha = 0.8
2015-06-20 23:49:43,785 gamma = 0.3
2015-06-20 23:49:43,785 individual factor = 8
2015-06-20 23:49:43,785 zero range = 0.002
2015-06-20 23:49:43,786 greedy level = 5
2015-06-20 23:49:43,786 

2015-06-20 23:49:48,813 Starting Training from 2014-12-17 to 2015-01-01
2015-06-21 00:01:24,312 Starting Live from 2015-01-02 to 2015-02-01
2015-06-21 00:24:46,065 Starting Training from 2015-01-17 to 2015-02-01
2015-06-21 00:26:08,621 Starting Live from 2015-02-02 to 2015-03-04
2015-06-21 00:56:32,255 Starting Training from 2015-02-17 to 2015-03-04
2015-06-21 00:58:10,658 Starting Live from 2015-03-05 to 2015-04-04
2015-06-21 01:29:40,846 Starting Training from 2015-03-20 to 2015-04-04
2015-06-21 01:30:55,996 Starting Live from 2015-04-05 to 2015-04-10
