2015-06-25 19:10:04,266 Starting Q Learning for : 
2015-06-25 19:10:04,266 alpha = 0.6
2015-06-25 19:10:04,266 gamma = 0.7
2015-06-25 19:10:04,266 individual factor = 8
2015-06-25 19:10:04,266 zero range = 0.01
2015-06-25 19:10:04,266 greedy level = 5
2015-06-25 19:10:04,266 

2015-06-25 19:10:16,601 Starting Training from 2014-12-17 to 2015-01-01
2015-06-25 19:23:32,846 Starting Live from 2015-01-02 to 2015-02-01
2015-06-25 19:55:08,424 Starting Training from 2015-01-17 to 2015-02-01
2015-06-25 19:56:57,716 Starting Live from 2015-02-02 to 2015-03-04
2015-06-25 20:25:51,351 Starting Training from 2015-02-17 to 2015-03-04
2015-06-25 20:27:30,285 Starting Live from 2015-03-05 to 2015-04-04
2015-06-25 21:00:53,381 Starting Training from 2015-03-20 to 2015-04-04
2015-06-25 21:02:20,892 Starting Live from 2015-04-05 to 2015-04-10
2015-06-25 21:11:26,970 Starting Q Learning for : 
2015-06-25 21:11:26,970 alpha = 0.6
2015-06-25 21:11:26,970 gamma = 0.8
2015-06-25 21:11:26,970 individual factor = 8
2015-06-25 21:11:26,970 zero range = 0.01
2015-06-25 21:11:26,970 greedy level = 5
2015-06-25 21:11:26,970 

2015-06-25 21:11:32,898 Starting Training from 2014-12-17 to 2015-01-01
2015-06-25 21:25:36,585 Starting Live from 2015-01-02 to 2015-02-01
2015-06-25 21:55:44,634 Starting Training from 2015-01-17 to 2015-02-01
2015-06-25 21:57:34,101 Starting Live from 2015-02-02 to 2015-03-04
2015-06-25 22:27:47,015 Starting Training from 2015-02-17 to 2015-03-04
2015-06-25 22:29:42,219 Starting Live from 2015-03-05 to 2015-04-04
2015-06-25 23:02:49,009 Starting Training from 2015-03-20 to 2015-04-04
2015-06-25 23:04:24,125 Starting Live from 2015-04-05 to 2015-04-10
2015-06-25 23:14:33,743 Starting Q Learning for : 
2015-06-25 23:14:33,743 alpha = 0.4
2015-06-25 23:14:33,743 gamma = 0.1
2015-06-25 23:14:33,743 individual factor = 8
2015-06-25 23:14:33,743 zero range = 0.01
2015-06-25 23:14:33,744 greedy level = 5
2015-06-25 23:14:33,744 

2015-06-25 23:14:39,473 Starting Training from 2014-12-17 to 2015-01-01
2015-06-25 23:29:10,496 Starting Live from 2015-01-02 to 2015-02-01
2015-06-26 00:01:28,795 Starting Training from 2015-01-17 to 2015-02-01
2015-06-26 00:03:28,009 Starting Live from 2015-02-02 to 2015-03-04
2015-06-26 00:34:48,232 Starting Training from 2015-02-17 to 2015-03-04
2015-06-26 00:36:56,881 Starting Live from 2015-03-05 to 2015-04-04
2015-06-26 01:08:49,763 Starting Training from 2015-03-20 to 2015-04-04
2015-06-26 01:10:26,099 Starting Live from 2015-04-05 to 2015-04-10
2015-06-26 01:20:21,549 Starting Q Learning for : 
2015-06-26 01:20:21,549 alpha = 0.4
2015-06-26 01:20:21,549 gamma = 0.2
2015-06-26 01:20:21,549 individual factor = 8
2015-06-26 01:20:21,549 zero range = 0.01
2015-06-26 01:20:21,549 greedy level = 5
2015-06-26 01:20:21,549 

2015-06-26 01:20:28,855 Starting Training from 2014-12-17 to 2015-01-01
2015-06-26 01:35:00,220 Starting Live from 2015-01-02 to 2015-02-01
2015-06-26 02:07:30,088 Starting Training from 2015-01-17 to 2015-02-01
2015-06-26 02:09:31,411 Starting Live from 2015-02-02 to 2015-03-04
2015-06-26 02:41:52,359 Starting Training from 2015-02-17 to 2015-03-04
2015-06-26 02:43:39,276 Starting Live from 2015-03-05 to 2015-04-04
2015-06-26 03:20:06,934 Starting Training from 2015-03-20 to 2015-04-04
2015-06-26 03:21:52,367 Starting Live from 2015-04-05 to 2015-04-10
2015-06-26 03:32:33,571 Starting Q Learning for : 
2015-06-26 03:32:33,571 alpha = 0.4
2015-06-26 03:32:33,571 gamma = 0.3
2015-06-26 03:32:33,571 individual factor = 8
2015-06-26 03:32:33,572 zero range = 0.01
2015-06-26 03:32:33,572 greedy level = 5
2015-06-26 03:32:33,572 

2015-06-26 03:32:40,858 Starting Training from 2014-12-17 to 2015-01-01
2015-06-26 03:47:46,585 Starting Live from 2015-01-02 to 2015-02-01
2015-06-26 04:20:44,141 Starting Training from 2015-01-17 to 2015-02-01
2015-06-26 04:22:48,552 Starting Live from 2015-02-02 to 2015-03-04
2015-06-26 04:53:47,966 Starting Training from 2015-02-17 to 2015-03-04
2015-06-26 04:55:36,513 Starting Live from 2015-03-05 to 2015-04-04
2015-06-26 05:30:13,976 Starting Training from 2015-03-20 to 2015-04-04
2015-06-26 05:31:46,880 Starting Live from 2015-04-05 to 2015-04-10
2015-06-26 05:41:09,157 Starting Q Learning for : 
2015-06-26 05:41:09,158 alpha = 0.4
2015-06-26 05:41:09,158 gamma = 0.4
2015-06-26 05:41:09,158 individual factor = 8
2015-06-26 05:41:09,158 zero range = 0.01
2015-06-26 05:41:09,158 greedy level = 5
2015-06-26 05:41:09,158 

2015-06-26 05:41:15,719 Starting Training from 2014-12-17 to 2015-01-01
2015-06-26 05:56:10,960 Starting Live from 2015-01-02 to 2015-02-01
2015-06-26 06:28:36,039 Starting Training from 2015-01-17 to 2015-02-01
2015-06-26 06:30:37,628 Starting Live from 2015-02-02 to 2015-03-04
2015-06-26 07:02:22,681 Starting Training from 2015-02-17 to 2015-03-04
2015-06-26 07:04:06,911 Starting Live from 2015-03-05 to 2015-04-04
2015-06-26 07:37:16,384 Starting Training from 2015-03-20 to 2015-04-04
2015-06-26 07:38:52,177 Starting Live from 2015-04-05 to 2015-04-10
2015-06-26 07:48:53,282 Starting Q Learning for : 
2015-06-26 07:48:53,282 alpha = 0.4
2015-06-26 07:48:53,282 gamma = 0.5
2015-06-26 07:48:53,282 individual factor = 8
2015-06-26 07:48:53,282 zero range = 0.01
2015-06-26 07:48:53,282 greedy level = 5
2015-06-26 07:48:53,282 

2015-06-26 07:48:59,599 Starting Training from 2014-12-17 to 2015-01-01
2015-06-26 08:03:23,947 Starting Live from 2015-01-02 to 2015-02-01
2015-06-26 08:35:01,753 Starting Training from 2015-01-17 to 2015-02-01
2015-06-26 08:37:05,309 Starting Live from 2015-02-02 to 2015-03-04
2015-06-26 09:07:16,096 Starting Training from 2015-02-17 to 2015-03-04
2015-06-26 09:09:13,124 Starting Live from 2015-03-05 to 2015-04-04
2015-06-26 09:41:53,723 Starting Training from 2015-03-20 to 2015-04-04
2015-06-26 09:43:29,453 Starting Live from 2015-04-05 to 2015-04-10
2015-06-26 09:52:30,138 Starting Q Learning for : 
2015-06-26 09:52:30,138 alpha = 0.2
2015-06-26 09:52:30,138 gamma = 0.5
2015-06-26 09:52:30,138 individual factor = 8
2015-06-26 09:52:30,138 zero range = 0.01
2015-06-26 09:52:30,138 greedy level = 5
2015-06-26 09:52:30,138 

2015-06-26 09:52:40,151 Starting Training from 2014-12-17 to 2015-01-01
2015-06-26 10:08:01,562 Starting Live from 2015-01-02 to 2015-02-01
2015-06-26 10:39:11,901 Starting Training from 2015-01-17 to 2015-02-01
2015-06-26 10:41:20,048 Starting Live from 2015-02-02 to 2015-03-04
2015-06-26 11:11:38,013 Starting Training from 2015-02-17 to 2015-03-04
2015-06-26 11:13:21,868 Starting Live from 2015-03-05 to 2015-04-04
2015-06-26 11:46:39,450 Starting Training from 2015-03-20 to 2015-04-04
2015-06-26 11:48:22,446 Starting Live from 2015-04-05 to 2015-04-10
2015-06-26 11:58:00,434 Starting Q Learning for : 
2015-06-26 11:58:00,434 alpha = 0.2
2015-06-26 11:58:00,434 gamma = 0.6
2015-06-26 11:58:00,434 individual factor = 8
2015-06-26 11:58:00,434 zero range = 0.01
2015-06-26 11:58:00,434 greedy level = 5
2015-06-26 11:58:00,434 

2015-06-26 11:58:05,944 Starting Training from 2014-12-17 to 2015-01-01
2015-06-26 12:12:43,601 Starting Live from 2015-01-02 to 2015-02-01
2015-06-26 12:43:53,278 Starting Training from 2015-01-17 to 2015-02-01
2015-06-26 12:45:45,703 Starting Live from 2015-02-02 to 2015-03-04
2015-06-26 13:16:31,844 Starting Training from 2015-02-17 to 2015-03-04
2015-06-26 13:18:25,076 Starting Live from 2015-03-05 to 2015-04-04
2015-06-26 13:52:23,026 Starting Training from 2015-03-20 to 2015-04-04
2015-06-26 13:53:58,904 Starting Live from 2015-04-05 to 2015-04-10
2015-06-26 14:03:58,970 Starting Q Learning for : 
2015-06-26 14:03:58,970 alpha = 0.2
2015-06-26 14:03:58,970 gamma = 0.7
2015-06-26 14:03:58,970 individual factor = 8
2015-06-26 14:03:58,970 zero range = 0.01
2015-06-26 14:03:58,970 greedy level = 5
2015-06-26 14:03:58,970 

2015-06-26 14:04:04,482 Starting Training from 2014-12-17 to 2015-01-01
2015-06-26 14:18:06,667 Starting Live from 2015-01-02 to 2015-02-01
2015-06-26 14:50:12,961 Starting Training from 2015-01-17 to 2015-02-01
2015-06-26 14:52:13,605 Starting Live from 2015-02-02 to 2015-03-04
2015-06-26 15:24:05,355 Starting Training from 2015-02-17 to 2015-03-04
2015-06-26 15:25:57,385 Starting Live from 2015-03-05 to 2015-04-04
2015-06-26 16:03:05,476 Starting Training from 2015-03-20 to 2015-04-04
2015-06-26 16:04:46,592 Starting Live from 2015-04-05 to 2015-04-10
2015-06-26 16:14:45,336 Starting Q Learning for : 
2015-06-26 16:14:45,336 alpha = 0.2
2015-06-26 16:14:45,336 gamma = 0.8
2015-06-26 16:14:45,336 individual factor = 8
2015-06-26 16:14:45,336 zero range = 0.01
2015-06-26 16:14:45,336 greedy level = 5
2015-06-26 16:14:45,338 

2015-06-26 16:14:52,683 Starting Training from 2014-12-17 to 2015-01-01
2015-06-26 16:29:31,647 Starting Live from 2015-01-02 to 2015-02-01
2015-06-26 17:00:30,280 Starting Training from 2015-01-17 to 2015-02-01
2015-06-26 17:02:54,911 Starting Live from 2015-02-02 to 2015-03-04
2015-06-26 17:32:48,693 Starting Training from 2015-02-17 to 2015-03-04
2015-06-26 17:34:34,921 Starting Live from 2015-03-05 to 2015-04-04
2015-06-26 18:08:15,711 Starting Training from 2015-03-20 to 2015-04-04
2015-06-26 18:10:19,332 Starting Live from 2015-04-05 to 2015-04-10
2015-06-26 18:19:51,730 Starting Q Learning for : 
2015-06-26 18:19:51,730 alpha = 0.8
2015-06-26 18:19:51,730 gamma = 0.1
2015-06-26 18:19:51,730 individual factor = 8
2015-06-26 18:19:51,730 zero range = 0.01
2015-06-26 18:19:51,730 greedy level = 5
2015-06-26 18:19:51,730 

2015-06-26 18:19:57,499 Starting Training from 2014-12-17 to 2015-01-01
2015-06-26 18:34:49,589 Starting Live from 2015-01-02 to 2015-02-01
2015-06-26 19:06:17,072 Starting Training from 2015-01-17 to 2015-02-01
2015-06-26 19:08:13,365 Starting Live from 2015-02-02 to 2015-03-04
2015-06-26 19:38:33,578 Starting Training from 2015-02-17 to 2015-03-04
2015-06-26 19:40:46,194 Starting Live from 2015-03-05 to 2015-04-04
2015-06-26 20:14:58,841 Starting Training from 2015-03-20 to 2015-04-04
2015-06-26 20:16:33,716 Starting Live from 2015-04-05 to 2015-04-10
2015-06-26 20:27:05,532 Starting Q Learning for : 
2015-06-26 20:27:05,532 alpha = 0.8
2015-06-26 20:27:05,532 gamma = 0.2
2015-06-26 20:27:05,532 individual factor = 8
2015-06-26 20:27:05,532 zero range = 0.01
2015-06-26 20:27:05,532 greedy level = 5
2015-06-26 20:27:05,532 

2015-06-26 20:27:14,630 Starting Training from 2014-12-17 to 2015-01-01
2015-06-26 20:41:46,982 Starting Live from 2015-01-02 to 2015-02-01
2015-06-26 21:14:39,108 Starting Training from 2015-01-17 to 2015-02-01
2015-06-26 21:16:47,148 Starting Live from 2015-02-02 to 2015-03-04
2015-06-26 21:48:03,684 Starting Training from 2015-02-17 to 2015-03-04
2015-06-26 21:49:49,026 Starting Live from 2015-03-05 to 2015-04-04
2015-06-26 22:23:51,796 Starting Training from 2015-03-20 to 2015-04-04
2015-06-26 22:25:24,714 Starting Live from 2015-04-05 to 2015-04-10
2015-06-26 22:35:01,375 Starting Q Learning for : 
2015-06-26 22:35:01,375 alpha = 0.8
2015-06-26 22:35:01,375 gamma = 0.3
2015-06-26 22:35:01,375 individual factor = 8
2015-06-26 22:35:01,375 zero range = 0.01
2015-06-26 22:35:01,375 greedy level = 5
2015-06-26 22:35:01,375 

2015-06-26 22:35:06,944 Starting Training from 2014-12-17 to 2015-01-01
2015-06-26 22:49:53,407 Starting Live from 2015-01-02 to 2015-02-01
2015-06-26 23:21:29,196 Starting Training from 2015-01-17 to 2015-02-01
2015-06-26 23:23:30,163 Starting Live from 2015-02-02 to 2015-03-04
2015-06-26 23:55:04,792 Starting Training from 2015-02-17 to 2015-03-04
2015-06-26 23:56:57,470 Starting Live from 2015-03-05 to 2015-04-04
2015-06-27 00:30:09,158 Starting Training from 2015-03-20 to 2015-04-04
2015-06-27 00:31:41,993 Starting Live from 2015-04-05 to 2015-04-10
2015-06-27 00:41:40,073 Starting Q Learning for : 
2015-06-27 00:41:40,073 alpha = 0.6
2015-06-27 00:41:40,073 gamma = 0.2
2015-06-27 00:41:40,073 individual factor = 8
2015-06-27 00:41:40,073 zero range = 0.006
2015-06-27 00:41:40,073 greedy level = 5
2015-06-27 00:41:40,073 

2015-06-27 00:41:45,904 Starting Training from 2014-12-17 to 2015-01-01
2015-06-27 00:55:49,598 Starting Live from 2015-01-02 to 2015-02-01
2015-06-27 01:27:39,586 Starting Training from 2015-01-17 to 2015-02-01
2015-06-27 01:29:33,368 Starting Live from 2015-02-02 to 2015-03-04
2015-06-27 01:59:54,318 Starting Training from 2015-02-17 to 2015-03-04
2015-06-27 02:01:41,517 Starting Live from 2015-03-05 to 2015-04-04
2015-06-27 02:36:02,859 Starting Training from 2015-03-20 to 2015-04-04
2015-06-27 02:37:38,612 Starting Live from 2015-04-05 to 2015-04-10
2015-06-27 02:47:34,352 Starting Q Learning for : 
2015-06-27 02:47:34,352 alpha = 0.6
2015-06-27 02:47:34,352 gamma = 0.3
2015-06-27 02:47:34,352 individual factor = 8
2015-06-27 02:47:34,352 zero range = 0.006
2015-06-27 02:47:34,352 greedy level = 5
2015-06-27 02:47:34,352 

2015-06-27 02:47:40,542 Starting Training from 2014-12-17 to 2015-01-01
2015-06-27 03:02:46,861 Starting Live from 2015-01-02 to 2015-02-01
2015-06-27 03:34:10,438 Starting Training from 2015-01-17 to 2015-02-01
2015-06-27 03:36:07,473 Starting Live from 2015-02-02 to 2015-03-04
2015-06-27 04:08:07,217 Starting Training from 2015-02-17 to 2015-03-04
2015-06-27 04:09:49,586 Starting Live from 2015-03-05 to 2015-04-04
2015-06-27 04:43:51,329 Starting Training from 2015-03-20 to 2015-04-04
2015-06-27 04:45:28,390 Starting Live from 2015-04-05 to 2015-04-10
2015-06-27 04:55:55,555 Starting Q Learning for : 
2015-06-27 04:55:55,555 alpha = 0.6
2015-06-27 04:55:55,555 gamma = 0.4
2015-06-27 04:55:55,555 individual factor = 8
2015-06-27 04:55:55,555 zero range = 0.006
2015-06-27 04:55:55,555 greedy level = 5
2015-06-27 04:55:55,556 

2015-06-27 04:56:02,247 Starting Training from 2014-12-17 to 2015-01-01
2015-06-27 05:10:09,210 Starting Live from 2015-01-02 to 2015-02-01
2015-06-27 05:41:28,342 Starting Training from 2015-01-17 to 2015-02-01
2015-06-27 05:43:24,559 Starting Live from 2015-02-02 to 2015-03-04
2015-06-27 06:14:47,213 Starting Training from 2015-02-17 to 2015-03-04
2015-06-27 06:16:33,213 Starting Live from 2015-03-05 to 2015-04-04
2015-06-27 06:50:39,716 Starting Training from 2015-03-20 to 2015-04-04
2015-06-27 06:52:08,914 Starting Live from 2015-04-05 to 2015-04-10
2015-06-27 07:01:30,559 Starting Q Learning for : 
2015-06-27 07:01:30,559 alpha = 0.6
2015-06-27 07:01:30,559 gamma = 0.5
2015-06-27 07:01:30,559 individual factor = 8
2015-06-27 07:01:30,559 zero range = 0.006
2015-06-27 07:01:30,559 greedy level = 5
2015-06-27 07:01:30,561 

2015-06-27 07:01:36,780 Starting Training from 2014-12-17 to 2015-01-01
2015-06-27 07:16:02,608 Starting Live from 2015-01-02 to 2015-02-01
2015-06-27 07:47:16,220 Starting Training from 2015-01-17 to 2015-02-01
2015-06-27 07:49:15,200 Starting Live from 2015-02-02 to 2015-03-04
2015-06-27 08:20:44,855 Starting Training from 2015-02-17 to 2015-03-04
2015-06-27 08:22:25,926 Starting Live from 2015-03-05 to 2015-04-04
2015-06-27 08:56:09,769 Starting Training from 2015-03-20 to 2015-04-04
2015-06-27 08:57:44,005 Starting Live from 2015-04-05 to 2015-04-10
2015-06-27 09:07:30,973 Starting Q Learning for : 
2015-06-27 09:07:30,973 alpha = 0.6
2015-06-27 09:07:30,973 gamma = 0.6
2015-06-27 09:07:30,973 individual factor = 8
2015-06-27 09:07:30,973 zero range = 0.006
2015-06-27 09:07:30,973 greedy level = 5
2015-06-27 09:07:30,973 

2015-06-27 09:07:38,210 Starting Training from 2014-12-17 to 2015-01-01
2015-06-27 09:21:16,789 Starting Live from 2015-01-02 to 2015-02-01
2015-06-27 09:52:39,177 Starting Training from 2015-01-17 to 2015-02-01
2015-06-27 09:54:35,125 Starting Live from 2015-02-02 to 2015-03-04
2015-06-27 10:25:40,325 Starting Training from 2015-02-17 to 2015-03-04
2015-06-27 10:27:28,845 Starting Live from 2015-03-05 to 2015-04-04
2015-06-27 11:02:57,888 Starting Training from 2015-03-20 to 2015-04-04
2015-06-27 11:04:30,555 Starting Live from 2015-04-05 to 2015-04-10
2015-06-27 11:13:50,596 Starting Q Learning for : 
2015-06-27 11:13:50,596 alpha = 0.6
2015-06-27 11:13:50,596 gamma = 0.7
2015-06-27 11:13:50,596 individual factor = 8
2015-06-27 11:13:50,596 zero range = 0.006
2015-06-27 11:13:50,596 greedy level = 5
2015-06-27 11:13:50,598 

2015-06-27 11:13:56,483 Starting Training from 2014-12-17 to 2015-01-01
2015-06-27 11:28:39,812 Starting Live from 2015-01-02 to 2015-02-01
2015-06-27 11:59:44,898 Starting Training from 2015-01-17 to 2015-02-01
2015-06-27 12:01:52,821 Starting Live from 2015-02-02 to 2015-03-04
2015-06-27 12:33:02,959 Starting Training from 2015-02-17 to 2015-03-04
2015-06-27 12:34:41,846 Starting Live from 2015-03-05 to 2015-04-04
2015-06-27 13:09:09,819 Starting Training from 2015-03-20 to 2015-04-04
2015-06-27 13:11:04,023 Starting Live from 2015-04-05 to 2015-04-10
2015-06-27 13:21:19,697 Starting Q Learning for : 
2015-06-27 13:21:19,697 alpha = 0.6
2015-06-27 13:21:19,697 gamma = 0.8
2015-06-27 13:21:19,697 individual factor = 8
2015-06-27 13:21:19,697 zero range = 0.006
2015-06-27 13:21:19,697 greedy level = 5
2015-06-27 13:21:19,697 

2015-06-27 13:21:27,118 Starting Training from 2014-12-17 to 2015-01-01
2015-06-27 13:36:11,907 Starting Live from 2015-01-02 to 2015-02-01
2015-06-27 14:07:19,592 Starting Training from 2015-01-17 to 2015-02-01
2015-06-27 14:09:14,280 Starting Live from 2015-02-02 to 2015-03-04
2015-06-27 14:37:33,019 Starting Training from 2015-02-17 to 2015-03-04
2015-06-27 14:39:07,322 Starting Live from 2015-03-05 to 2015-04-04
2015-06-27 15:12:40,612 Starting Training from 2015-03-20 to 2015-04-04
2015-06-27 15:14:17,286 Starting Live from 2015-04-05 to 2015-04-10
2015-06-27 15:24:23,631 Starting Q Learning for : 
2015-06-27 15:24:23,631 alpha = 0.8
2015-06-27 15:24:23,631 gamma = 0.6
2015-06-27 15:24:23,631 individual factor = 8
2015-06-27 15:24:23,631 zero range = 0.006
2015-06-27 15:24:23,632 greedy level = 5
2015-06-27 15:24:23,632 

2015-06-27 15:24:30,127 Starting Training from 2014-12-17 to 2015-01-01
2015-06-27 15:39:59,638 Starting Live from 2015-01-02 to 2015-02-01
2015-06-27 16:11:46,115 Starting Training from 2015-01-17 to 2015-02-01
2015-06-27 16:14:14,154 Starting Live from 2015-02-02 to 2015-03-04
2015-06-27 16:45:01,391 Starting Training from 2015-02-17 to 2015-03-04
2015-06-27 16:46:44,259 Starting Live from 2015-03-05 to 2015-04-04
2015-06-27 17:19:09,105 Starting Training from 2015-03-20 to 2015-04-04
2015-06-27 17:20:52,227 Starting Live from 2015-04-05 to 2015-04-10
2015-06-27 17:30:51,755 Starting Q Learning for : 
2015-06-27 17:30:51,755 alpha = 0.8
2015-06-27 17:30:51,755 gamma = 0.7
2015-06-27 17:30:51,755 individual factor = 8
2015-06-27 17:30:51,755 zero range = 0.006
2015-06-27 17:30:51,755 greedy level = 5
2015-06-27 17:30:51,755 

2015-06-27 17:30:57,579 Starting Training from 2014-12-17 to 2015-01-01
2015-06-27 17:45:05,177 Starting Live from 2015-01-02 to 2015-02-01
2015-06-27 18:16:00,776 Starting Training from 2015-01-17 to 2015-02-01
2015-06-27 18:17:57,767 Starting Live from 2015-02-02 to 2015-03-04
2015-06-27 18:49:24,674 Starting Training from 2015-02-17 to 2015-03-04
2015-06-27 18:51:19,355 Starting Live from 2015-03-05 to 2015-04-04
2015-06-27 19:26:30,740 Starting Training from 2015-03-20 to 2015-04-04
2015-06-27 19:28:07,016 Starting Live from 2015-04-05 to 2015-04-10
2015-06-27 19:38:28,523 Starting Q Learning for : 
2015-06-27 19:38:28,523 alpha = 0.8
2015-06-27 19:38:28,523 gamma = 0.8
2015-06-27 19:38:28,523 individual factor = 8
2015-06-27 19:38:28,523 zero range = 0.006
2015-06-27 19:38:28,523 greedy level = 5
2015-06-27 19:38:28,523 

2015-06-27 19:38:36,630 Starting Training from 2014-12-17 to 2015-01-01
2015-06-27 19:52:46,374 Starting Live from 2015-01-02 to 2015-02-01
2015-06-27 20:23:40,609 Starting Training from 2015-01-17 to 2015-02-01
2015-06-27 20:25:44,108 Starting Live from 2015-02-02 to 2015-03-04
2015-06-27 20:56:19,516 Starting Training from 2015-02-17 to 2015-03-04
2015-06-27 20:58:15,125 Starting Live from 2015-03-05 to 2015-04-04
2015-06-27 21:32:10,151 Starting Training from 2015-03-20 to 2015-04-04
2015-06-27 21:33:45,778 Starting Live from 2015-04-05 to 2015-04-10
