2015-06-28 15:08:00,434 Starting Q Learning for : 
2015-06-28 15:08:00,434 alpha = 0.5
2015-06-28 15:08:00,434 gamma = 0.1
2015-06-28 15:08:00,434 individual factor = 12
2015-06-28 15:08:00,434 zero range = 0.002
2015-06-28 15:08:00,434 greedy level = 10
2015-06-28 15:08:00,434 

2015-06-28 15:08:17,134 Starting Training from 2014-12-17 to 2015-01-01
2015-06-28 15:18:59,565 Starting Live from 2015-01-02 to 2015-02-01
2015-06-28 15:43:33,375 Starting Training from 2015-01-17 to 2015-02-01
2015-06-28 15:44:41,398 Starting Live from 2015-02-02 to 2015-03-04
2015-06-28 16:12:26,857 Starting Training from 2015-02-17 to 2015-03-04
2015-06-28 16:14:03,828 Starting Live from 2015-03-05 to 2015-04-04
2015-06-28 16:39:27,733 Starting Training from 2015-03-20 to 2015-04-04
2015-06-28 16:40:56,311 Starting Live from 2015-04-05 to 2015-04-10
2015-06-28 16:48:06,154 Starting Q Learning for : 
2015-06-28 16:48:06,154 alpha = 0.5
2015-06-28 16:48:06,155 gamma = 0.2
2015-06-28 16:48:06,155 individual factor = 12
2015-06-28 16:48:06,155 zero range = 0.002
2015-06-28 16:48:06,155 greedy level = 10
2015-06-28 16:48:06,155 

2015-06-28 16:48:11,546 Starting Training from 2014-12-17 to 2015-01-01
2015-06-28 16:57:44,608 Starting Live from 2015-01-02 to 2015-02-01
2015-06-28 17:21:17,658 Starting Training from 2015-01-17 to 2015-02-01
2015-06-28 17:22:33,632 Starting Live from 2015-02-02 to 2015-03-04
2015-06-28 17:50:25,592 Starting Training from 2015-02-17 to 2015-03-04
2015-06-28 17:51:58,500 Starting Live from 2015-03-05 to 2015-04-04
2015-06-28 18:16:33,145 Starting Training from 2015-03-20 to 2015-04-04
2015-06-28 18:17:50,407 Starting Live from 2015-04-05 to 2015-04-10
2015-06-28 18:24:56,608 Starting Q Learning for : 
2015-06-28 18:24:56,608 alpha = 0.5
2015-06-28 18:24:56,608 gamma = 0.3
2015-06-28 18:24:56,609 individual factor = 12
2015-06-28 18:24:56,609 zero range = 0.002
2015-06-28 18:24:56,609 greedy level = 10
2015-06-28 18:24:56,609 

2015-06-28 18:25:07,184 Starting Training from 2014-12-17 to 2015-01-01
2015-06-28 18:35:42,358 Starting Live from 2015-01-02 to 2015-02-01
2015-06-28 19:00:26,140 Starting Training from 2015-01-17 to 2015-02-01
2015-06-28 19:01:37,336 Starting Live from 2015-02-02 to 2015-03-04
2015-06-28 19:29:22,878 Starting Training from 2015-02-17 to 2015-03-04
2015-06-28 19:30:57,154 Starting Live from 2015-03-05 to 2015-04-04
2015-06-28 19:55:48,947 Starting Training from 2015-03-20 to 2015-04-04
2015-06-28 19:57:05,069 Starting Live from 2015-04-05 to 2015-04-10
2015-06-28 20:04:28,960 Starting Q Learning for : 
2015-06-28 20:04:28,960 alpha = 0.5
2015-06-28 20:04:28,960 gamma = 0.4
2015-06-28 20:04:28,960 individual factor = 12
2015-06-28 20:04:28,960 zero range = 0.002
2015-06-28 20:04:28,961 greedy level = 10
2015-06-28 20:04:28,961 

2015-06-28 20:04:36,338 Starting Training from 2014-12-17 to 2015-01-01
2015-06-28 20:14:37,546 Starting Live from 2015-01-02 to 2015-02-01
2015-06-28 20:38:31,799 Starting Training from 2015-01-17 to 2015-02-01
2015-06-28 20:39:39,996 Starting Live from 2015-02-02 to 2015-03-04
2015-06-28 21:07:04,917 Starting Training from 2015-02-17 to 2015-03-04
2015-06-28 21:08:41,502 Starting Live from 2015-03-05 to 2015-04-04
2015-06-28 21:33:35,457 Starting Training from 2015-03-20 to 2015-04-04
2015-06-28 21:35:20,045 Starting Live from 2015-04-05 to 2015-04-10
2015-06-28 21:42:38,197 Starting Q Learning for : 
2015-06-28 21:42:38,197 alpha = 0.6
2015-06-28 21:42:38,197 gamma = 0.5
2015-06-28 21:42:38,197 individual factor = 12
2015-06-28 21:42:38,197 zero range = 0.002
2015-06-28 21:42:38,197 greedy level = 10
2015-06-28 21:42:38,197 

2015-06-28 21:42:43,923 Starting Training from 2014-12-17 to 2015-01-01
2015-06-28 21:52:27,286 Starting Live from 2015-01-02 to 2015-02-01
2015-06-28 22:15:51,000 Starting Training from 2015-01-17 to 2015-02-01
2015-06-28 22:16:59,446 Starting Live from 2015-02-02 to 2015-03-04
