2015-06-30 00:52:43,101 Starting mtm calculation
2015-06-30 00:52:43,101 Calculating mtm for 2014-12-01
2015-06-30 00:52:43,715 Calculating mtm for 2014-12-02
2015-06-30 00:52:43,926 Calculating mtm for 2014-12-03
2015-06-30 00:52:44,730 Calculating mtm for 2014-12-04
2015-06-30 00:52:45,322 Calculating mtm for 2014-12-05
2015-06-30 00:52:45,723 Calculating mtm for 2014-12-06
2015-06-30 00:52:45,725 Calculating mtm for 2014-12-07
2015-06-30 00:52:45,728 Calculating mtm for 2014-12-08
2015-06-30 00:52:47,185 Calculating mtm for 2014-12-09
2015-06-30 00:52:47,803 Calculating mtm for 2014-12-10
2015-06-30 00:52:48,512 Calculating mtm for 2014-12-11
2015-06-30 00:52:48,988 Calculating mtm for 2014-12-12
2015-06-30 00:52:49,458 Calculating mtm for 2014-12-13
2015-06-30 00:52:49,463 Calculating mtm for 2014-12-14
2015-06-30 00:52:49,465 Calculating mtm for 2014-12-15
2015-06-30 00:52:50,003 Calculating mtm for 2014-12-16
2015-06-30 00:52:51,288 Calculating mtm for 2014-12-17
2015-06-30 00:52:51,665 Calculating mtm for 2014-12-18
2015-06-30 00:52:52,273 Calculating mtm for 2014-12-19
2015-06-30 00:52:53,878 Calculating mtm for 2014-12-20
2015-06-30 00:52:53,883 Calculating mtm for 2014-12-21
2015-06-30 00:52:53,885 Calculating mtm for 2014-12-22
2015-06-30 00:52:54,563 Calculating mtm for 2014-12-23
2015-06-30 00:52:55,400 Calculating mtm for 2014-12-24
2015-06-30 00:52:55,896 Calculating mtm for 2014-12-25
2015-06-30 00:52:55,899 Calculating mtm for 2014-12-26
2015-06-30 00:52:56,595 Calculating mtm for 2014-12-27
2015-06-30 00:52:56,598 Calculating mtm for 2014-12-28
2015-06-30 00:52:56,600 Calculating mtm for 2014-12-29
2015-06-30 00:52:57,083 Calculating mtm for 2014-12-30
2015-06-30 00:52:58,231 Calculating mtm for 2014-12-31
2015-06-30 00:52:58,861 Calculating mtm for 2015-01-01
2015-06-30 00:52:59,664 Calculating mtm for 2015-01-02
2015-06-30 00:52:59,896 Calculating mtm for 2015-01-03
2015-06-30 00:52:59,906 Calculating mtm for 2015-01-04
2015-06-30 00:52:59,908 Calculating mtm for 2015-01-05
2015-06-30 00:53:00,415 Calculating mtm for 2015-01-06
2015-06-30 00:53:00,658 Calculating mtm for 2015-01-07
2015-06-30 00:53:01,018 Calculating mtm for 2015-01-08
2015-06-30 00:53:01,765 Calculating mtm for 2015-01-09
2015-06-30 00:53:02,934 Calculating mtm for 2015-01-10
2015-06-30 00:53:02,941 Calculating mtm for 2015-01-11
2015-06-30 00:53:02,944 Calculating mtm for 2015-01-12
2015-06-30 00:53:03,544 Calculating mtm for 2015-01-13
2015-06-30 00:53:04,310 Calculating mtm for 2015-01-14
2015-06-30 00:53:04,856 Calculating mtm for 2015-01-15
2015-06-30 00:53:05,560 Calculating mtm for 2015-01-16
2015-06-30 00:53:05,895 Calculating mtm for 2015-01-17
2015-06-30 00:53:05,903 Calculating mtm for 2015-01-18
2015-06-30 00:53:05,906 Calculating mtm for 2015-01-19
2015-06-30 00:53:06,473 Calculating mtm for 2015-01-20
2015-06-30 00:53:06,888 Calculating mtm for 2015-01-21
2015-06-30 00:53:07,356 Calculating mtm for 2015-01-22
2015-06-30 00:53:08,441 Calculating mtm for 2015-01-23
2015-06-30 00:53:09,688 Calculating mtm for 2015-01-24
2015-06-30 00:53:09,690 Calculating mtm for 2015-01-25
2015-06-30 00:53:09,692 Calculating mtm for 2015-01-26
2015-06-30 00:53:09,694 Calculating mtm for 2015-01-27
2015-06-30 00:53:09,990 Calculating mtm for 2015-01-28
2015-06-30 00:53:10,483 Calculating mtm for 2015-01-29
2015-06-30 00:53:10,572 Calculating mtm for 2015-01-30
2015-06-30 00:53:12,508 Calculating mtm for 2015-01-31
2015-06-30 00:53:12,513 Calculating mtm for 2015-02-01
2015-06-30 00:53:12,518 Calculating mtm for 2015-02-02
2015-06-30 00:53:13,152 Calculating mtm for 2015-02-03
2015-06-30 00:53:15,344 Calculating mtm for 2015-02-04
2015-06-30 00:53:16,303 Calculating mtm for 2015-02-05
2015-06-30 00:53:19,825 Calculating mtm for 2015-02-06
2015-06-30 00:53:20,814 Calculating mtm for 2015-02-07
2015-06-30 00:53:20,817 Calculating mtm for 2015-02-08
2015-06-30 00:53:20,819 Calculating mtm for 2015-02-09
2015-06-30 00:53:24,386 Calculating mtm for 2015-02-10
2015-06-30 00:53:26,196 Updating ranks for walkforward - 1
2015-06-30 00:53:46,676 Updating ranks for walkforward - 2
2015-06-30 00:54:07,364 Updating ranks for walkforward - 3
2015-06-30 00:54:30,765 Done Ranking. Calling processes now.
2015-06-30 00:54:30,767 Starting Q Learning for : 
2015-06-30 00:54:30,768 alpha = 0.5
2015-06-30 00:54:30,768 gamma = 0.1
2015-06-30 00:54:30,768 individual factor = 10
2015-06-30 00:54:30,768 zero range = 0.002
2015-06-30 00:54:30,768 greedy level = 5
2015-06-30 00:54:30,768 

2015-06-30 00:54:30,771 Starting Q Learning for : 
2015-06-30 00:54:30,771 alpha = 0.2
2015-06-30 00:54:30,771 gamma = 0.3
2015-06-30 00:54:30,771 individual factor = 10
2015-06-30 00:54:30,771 zero range = 0.002
2015-06-30 00:54:30,771 greedy level = 5
2015-06-30 00:54:30,771 

2015-06-30 00:54:30,773 Starting Q Learning for : 
2015-06-30 00:54:30,773 alpha = 0.4
2015-06-30 00:54:30,773 gamma = 0.5
2015-06-30 00:54:30,773 individual factor = 10
2015-06-30 00:54:30,773 zero range = 0.002
2015-06-30 00:54:30,773 greedy level = 5
2015-06-30 00:54:30,774 

2015-06-30 00:54:34,889 Starting Training from 2015-01-01 to 2015-01-31
2015-06-30 00:54:35,529 Starting Training from 2015-01-01 to 2015-01-31
2015-06-30 00:54:36,293 Starting Training from 2015-01-01 to 2015-01-31
2015-06-30 01:07:44,768 Starting Live from 2015-02-01 to 2015-03-03
2015-06-30 01:07:45,445 Starting Live from 2015-02-01 to 2015-03-03
2015-06-30 01:07:50,313 Starting Live from 2015-02-01 to 2015-03-03
2015-06-30 01:23:37,849 Starting Training from 2015-02-01 to 2015-03-03
2015-06-30 01:23:44,028 Starting Training from 2015-02-01 to 2015-03-03
2015-06-30 01:23:53,490 Starting Training from 2015-02-01 to 2015-03-03
2015-06-30 01:24:46,435 Starting Live from 2015-03-04 to 2015-04-03
2015-06-30 01:24:51,530 Starting Live from 2015-03-04 to 2015-04-03
2015-06-30 01:25:00,720 Starting Live from 2015-03-04 to 2015-04-03
2015-06-30 01:38:26,426 Starting Training from 2015-03-04 to 2015-04-03
2015-06-30 01:38:35,822 Starting Training from 2015-03-04 to 2015-04-03
2015-06-30 01:38:49,120 Starting Training from 2015-03-04 to 2015-04-03
2015-06-30 01:39:30,910 Starting Live from 2015-04-04 to 2015-04-10
2015-06-30 01:39:34,638 Starting Live from 2015-04-04 to 2015-04-10
2015-06-30 01:39:47,010 Starting Live from 2015-04-04 to 2015-04-10
2015-06-30 01:42:35,452 Starting Q Learning for : 
2015-06-30 01:42:35,453 alpha = 0.4
2015-06-30 01:42:35,453 gamma = 0.6
2015-06-30 01:42:35,453 individual factor = 10
2015-06-30 01:42:35,453 zero range = 0.002
2015-06-30 01:42:35,453 greedy level = 5
2015-06-30 01:42:35,453 

2015-06-30 01:42:36,456 Starting Training from 2015-01-01 to 2015-01-31
2015-06-30 01:42:38,010 Starting Q Learning for : 
2015-06-30 01:42:38,010 alpha = 0.2
2015-06-30 01:42:38,010 gamma = 0.4
2015-06-30 01:42:38,010 individual factor = 10
2015-06-30 01:42:38,010 zero range = 0.002
2015-06-30 01:42:38,010 greedy level = 5
2015-06-30 01:42:38,010 

2015-06-30 01:42:38,577 Starting Training from 2015-01-01 to 2015-01-31
2015-06-30 01:43:07,370 Starting Q Learning for : 
2015-06-30 01:43:07,371 alpha = 0.5
2015-06-30 01:43:07,371 gamma = 0.2
2015-06-30 01:43:07,371 individual factor = 10
2015-06-30 01:43:07,371 zero range = 0.002
2015-06-30 01:43:07,371 greedy level = 5
2015-06-30 01:43:07,371 

2015-06-30 01:43:07,784 Starting Training from 2015-01-01 to 2015-01-31
2015-06-30 01:54:16,028 Starting Live from 2015-02-01 to 2015-03-03
2015-06-30 01:54:20,652 Starting Live from 2015-02-01 to 2015-03-03
2015-06-30 01:55:02,394 Starting Live from 2015-02-01 to 2015-03-03
2015-06-30 02:07:47,912 Starting Training from 2015-02-01 to 2015-03-03
2015-06-30 02:07:58,565 Starting Training from 2015-02-01 to 2015-03-03
2015-06-30 02:08:01,406 Starting Training from 2015-02-01 to 2015-03-03
2015-06-30 02:08:51,126 Starting Live from 2015-03-04 to 2015-04-03
2015-06-30 02:09:00,869 Starting Live from 2015-03-04 to 2015-04-03
2015-06-30 02:09:03,276 Starting Live from 2015-03-04 to 2015-04-03
2015-06-30 02:21:33,574 Starting Training from 2015-03-04 to 2015-04-03
2015-06-30 02:21:38,132 Starting Training from 2015-03-04 to 2015-04-03
2015-06-30 02:21:50,350 Starting Training from 2015-03-04 to 2015-04-03
2015-06-30 02:22:25,659 Starting Live from 2015-04-04 to 2015-04-10
2015-06-30 02:22:35,144 Starting Live from 2015-04-04 to 2015-04-10
2015-06-30 02:22:45,431 Starting Live from 2015-04-04 to 2015-04-10
2015-06-30 02:25:07,677 Starting Q Learning for : 
2015-06-30 02:25:07,677 alpha = 0.2
2015-06-30 02:25:07,677 gamma = 0.5
2015-06-30 02:25:07,677 individual factor = 10
2015-06-30 02:25:07,677 zero range = 0.002
2015-06-30 02:25:07,677 greedy level = 5
2015-06-30 02:25:07,677 

2015-06-30 02:25:08,321 Starting Training from 2015-01-01 to 2015-01-31
2015-06-30 02:25:27,391 Starting Q Learning for : 
2015-06-30 02:25:27,391 alpha = 0.5
2015-06-30 02:25:27,391 gamma = 0.3
2015-06-30 02:25:27,391 individual factor = 10
2015-06-30 02:25:27,391 zero range = 0.002
2015-06-30 02:25:27,391 greedy level = 5
2015-06-30 02:25:27,391 

2015-06-30 02:25:27,728 Starting Training from 2015-01-01 to 2015-01-31
2015-06-30 02:25:36,862 Starting Q Learning for : 
2015-06-30 02:25:36,863 alpha = 0.4
2015-06-30 02:25:36,863 gamma = 0.7
2015-06-30 02:25:36,863 individual factor = 10
2015-06-30 02:25:36,863 zero range = 0.002
2015-06-30 02:25:36,863 greedy level = 5
2015-06-30 02:25:36,863 

2015-06-30 02:25:37,316 Starting Training from 2015-01-01 to 2015-01-31
2015-06-30 02:37:06,744 Starting Live from 2015-02-01 to 2015-03-03
2015-06-30 02:37:32,299 Starting Live from 2015-02-01 to 2015-03-03
2015-06-30 02:37:42,396 Starting Live from 2015-02-01 to 2015-03-03
2015-06-30 02:47:43,867 Starting Training from 2015-02-01 to 2015-03-03
2015-06-30 02:48:09,339 Starting Training from 2015-02-01 to 2015-03-03
2015-06-30 02:48:20,080 Starting Training from 2015-02-01 to 2015-03-03
2015-06-30 02:48:43,798 Starting Live from 2015-03-04 to 2015-04-03
2015-06-30 02:49:10,668 Starting Live from 2015-03-04 to 2015-04-03
2015-06-30 02:49:21,366 Starting Live from 2015-03-04 to 2015-04-03
2015-06-30 03:00:23,109 Starting Training from 2015-03-04 to 2015-04-03
2015-06-30 03:00:46,499 Starting Training from 2015-03-04 to 2015-04-03
2015-06-30 03:01:14,137 Starting Training from 2015-03-04 to 2015-04-03
2015-06-30 03:01:14,683 Starting Live from 2015-04-04 to 2015-04-10
2015-06-30 03:01:36,910 Starting Live from 2015-04-04 to 2015-04-10
2015-06-30 03:02:02,928 Starting Live from 2015-04-04 to 2015-04-10
2015-06-30 03:03:41,269 Starting Q Learning for : 
2015-06-30 03:03:41,269 alpha = 0.2
2015-06-30 03:03:41,269 gamma = 0.6
2015-06-30 03:03:41,269 individual factor = 10
2015-06-30 03:03:41,269 zero range = 0.002
2015-06-30 03:03:41,269 greedy level = 5
2015-06-30 03:03:41,269 

2015-06-30 03:03:41,557 Starting Training from 2015-01-01 to 2015-01-31
2015-06-30 03:04:16,434 Starting Q Learning for : 
2015-06-30 03:04:16,434 alpha = 0.4
2015-06-30 03:04:16,434 gamma = 0.8
2015-06-30 03:04:16,434 individual factor = 10
2015-06-30 03:04:16,434 zero range = 0.002
2015-06-30 03:04:16,434 greedy level = 5
2015-06-30 03:04:16,434 

2015-06-30 03:04:16,917 Starting Training from 2015-01-01 to 2015-01-31
2015-06-30 03:04:40,706 Starting Q Learning for : 
2015-06-30 03:04:40,706 alpha = 0.5
2015-06-30 03:04:40,706 gamma = 0.4
2015-06-30 03:04:40,706 individual factor = 10
2015-06-30 03:04:40,706 zero range = 0.002
2015-06-30 03:04:40,706 greedy level = 5
2015-06-30 03:04:40,706 

2015-06-30 03:04:41,641 Starting Training from 2015-01-01 to 2015-01-31
2015-06-30 03:11:57,479 Starting Live from 2015-02-01 to 2015-03-03
2015-06-30 03:12:34,296 Starting Live from 2015-02-01 to 2015-03-03
2015-06-30 03:13:04,188 Starting Live from 2015-02-01 to 2015-03-03
2015-06-30 03:24:17,728 Starting Training from 2015-02-01 to 2015-03-03
2015-06-30 03:24:59,489 Starting Training from 2015-02-01 to 2015-03-03
2015-06-30 03:25:00,626 Starting Training from 2015-02-01 to 2015-03-03
2015-06-30 03:25:14,705 Starting Live from 2015-03-04 to 2015-04-03
2015-06-30 03:25:53,709 Starting Live from 2015-03-04 to 2015-04-03
2015-06-30 03:25:54,861 Starting Live from 2015-03-04 to 2015-04-03
2015-06-30 03:32:47,407 Starting Training from 2015-03-04 to 2015-04-03
2015-06-30 03:33:41,464 Starting Training from 2015-03-04 to 2015-04-03
2015-06-30 03:34:14,357 Starting Training from 2015-03-04 to 2015-04-03
2015-06-30 03:34:43,243 Starting Live from 2015-04-04 to 2015-04-10
2015-06-30 03:36:30,177 Starting Live from 2015-04-04 to 2015-04-10
2015-06-30 03:37:00,913 Starting Live from 2015-04-04 to 2015-04-10
2015-06-30 03:39:26,954 Starting Q Learning for : 
2015-06-30 03:39:26,955 alpha = 0.2
2015-06-30 03:39:26,955 gamma = 0.7
2015-06-30 03:39:26,955 individual factor = 10
2015-06-30 03:39:26,955 zero range = 0.002
2015-06-30 03:39:26,955 greedy level = 5
2015-06-30 03:39:26,955 

2015-06-30 03:39:27,631 Starting Training from 2015-01-01 to 2015-01-31
2015-06-30 03:40:00,615 Starting Q Learning for : 
2015-06-30 03:40:00,615 alpha = 0.5
2015-06-30 03:40:00,615 gamma = 0.5
2015-06-30 03:40:00,615 individual factor = 10
2015-06-30 03:40:00,615 zero range = 0.002
2015-06-30 03:40:00,615 greedy level = 5
2015-06-30 03:40:00,616 

2015-06-30 03:40:00,953 Starting Training from 2015-01-01 to 2015-01-31
2015-06-30 03:40:14,059 Starting Q Learning for : 
2015-06-30 03:40:14,059 alpha = 0.6
2015-06-30 03:40:14,059 gamma = 0.1
2015-06-30 03:40:14,059 individual factor = 10
2015-06-30 03:40:14,059 zero range = 0.002
2015-06-30 03:40:14,059 greedy level = 5
2015-06-30 03:40:14,059 

2015-06-30 03:40:15,741 Starting Training from 2015-01-01 to 2015-01-31
2015-06-30 03:46:46,082 Starting Live from 2015-02-01 to 2015-03-03
2015-06-30 03:47:16,538 Starting Live from 2015-02-01 to 2015-03-03
2015-06-30 03:47:25,774 Starting Live from 2015-02-01 to 2015-03-03
2015-06-30 03:58:51,140 Starting Training from 2015-02-01 to 2015-03-03
2015-06-30 03:59:24,930 Starting Training from 2015-02-01 to 2015-03-03
2015-06-30 03:59:41,708 Starting Training from 2015-02-01 to 2015-03-03
2015-06-30 03:59:47,847 Starting Live from 2015-03-04 to 2015-04-03
2015-06-30 04:00:19,270 Starting Live from 2015-03-04 to 2015-04-03
2015-06-30 04:00:36,546 Starting Live from 2015-03-04 to 2015-04-03
2015-06-30 04:06:45,424 Starting Training from 2015-03-04 to 2015-04-03
2015-06-30 04:07:14,837 Starting Training from 2015-03-04 to 2015-04-03
2015-06-30 04:07:31,032 Starting Live from 2015-04-04 to 2015-04-10
2015-06-30 04:08:02,563 Starting Live from 2015-04-04 to 2015-04-10
2015-06-30 04:08:39,845 Starting Training from 2015-03-04 to 2015-04-03
2015-06-30 04:09:24,203 Starting Live from 2015-04-04 to 2015-04-10
2015-06-30 04:09:31,043 Starting Q Learning for : 
2015-06-30 04:09:31,044 alpha = 0.2
2015-06-30 04:09:31,044 gamma = 0.8
2015-06-30 04:09:31,044 individual factor = 10
2015-06-30 04:09:31,044 zero range = 0.002
2015-06-30 04:09:31,044 greedy level = 5
2015-06-30 04:09:31,044 

2015-06-30 04:09:31,750 Starting Training from 2015-01-01 to 2015-01-31
2015-06-30 04:10:02,623 Starting Q Learning for : 
2015-06-30 04:10:02,623 alpha = 0.6
2015-06-30 04:10:02,623 gamma = 0.2
2015-06-30 04:10:02,623 individual factor = 10
2015-06-30 04:10:02,623 zero range = 0.002
2015-06-30 04:10:02,623 greedy level = 5
2015-06-30 04:10:02,623 

2015-06-30 04:10:04,059 Starting Training from 2015-01-01 to 2015-01-31
2015-06-30 04:12:17,225 Starting Q Learning for : 
2015-06-30 04:12:17,225 alpha = 0.5
2015-06-30 04:12:17,225 gamma = 0.6
2015-06-30 04:12:17,225 individual factor = 10
2015-06-30 04:12:17,225 zero range = 0.002
2015-06-30 04:12:17,225 greedy level = 5
2015-06-30 04:12:17,225 

2015-06-30 04:12:18,742 Starting Training from 2015-01-01 to 2015-01-31
2015-06-30 04:20:17,021 Starting Live from 2015-02-01 to 2015-03-03
2015-06-30 04:20:42,161 Starting Live from 2015-02-01 to 2015-03-03
2015-06-30 04:23:02,541 Starting Live from 2015-02-01 to 2015-03-03
2015-06-30 04:28:38,637 Starting Training from 2015-02-01 to 2015-03-03
2015-06-30 04:29:04,956 Starting Training from 2015-02-01 to 2015-03-03
2015-06-30 04:29:31,886 Starting Live from 2015-03-04 to 2015-04-03
2015-06-30 04:29:57,528 Starting Live from 2015-03-04 to 2015-04-03
2015-06-30 04:31:12,593 Starting Training from 2015-02-01 to 2015-03-03
2015-06-30 04:32:05,783 Starting Live from 2015-03-04 to 2015-04-03
2015-06-30 04:39:02,288 Starting Training from 2015-03-04 to 2015-04-03
2015-06-30 04:40:37,686 Starting Training from 2015-03-04 to 2015-04-03
2015-06-30 04:40:54,331 Starting Live from 2015-04-04 to 2015-04-10
2015-06-30 04:41:24,819 Starting Live from 2015-04-04 to 2015-04-10
2015-06-30 04:42:51,994 Starting Training from 2015-03-04 to 2015-04-03
2015-06-30 04:42:53,716 Starting Q Learning for : 
2015-06-30 04:42:53,717 alpha = 0.4
2015-06-30 04:42:53,717 gamma = 0.1
2015-06-30 04:42:53,717 individual factor = 10
2015-06-30 04:42:53,717 zero range = 0.002
2015-06-30 04:42:53,717 greedy level = 5
2015-06-30 04:42:53,717 

2015-06-30 04:42:54,899 Starting Training from 2015-01-01 to 2015-01-31
2015-06-30 04:43:28,652 Starting Q Learning for : 
2015-06-30 04:43:28,652 alpha = 0.6
2015-06-30 04:43:28,652 gamma = 0.3
2015-06-30 04:43:28,652 individual factor = 10
2015-06-30 04:43:28,652 zero range = 0.002
2015-06-30 04:43:28,653 greedy level = 5
2015-06-30 04:43:28,653 

2015-06-30 04:43:28,908 Starting Training from 2015-01-01 to 2015-01-31
2015-06-30 04:43:38,724 Starting Live from 2015-04-04 to 2015-04-10
2015-06-30 04:45:41,355 Starting Q Learning for : 
2015-06-30 04:45:41,355 alpha = 0.5
2015-06-30 04:45:41,355 gamma = 0.7
2015-06-30 04:45:41,356 individual factor = 10
2015-06-30 04:45:41,356 zero range = 0.002
2015-06-30 04:45:41,356 greedy level = 5
2015-06-30 04:45:41,356 

2015-06-30 04:45:41,615 Starting Training from 2015-01-01 to 2015-01-31
2015-06-30 04:49:49,464 Starting Live from 2015-02-01 to 2015-03-03
2015-06-30 04:50:22,596 Starting Live from 2015-02-01 to 2015-03-03
2015-06-30 04:52:42,285 Starting Live from 2015-02-01 to 2015-03-03
2015-06-30 05:01:23,652 Starting Training from 2015-02-01 to 2015-03-03
2015-06-30 05:02:09,274 Starting Training from 2015-02-01 to 2015-03-03
2015-06-30 05:02:17,833 Starting Live from 2015-03-04 to 2015-04-03
2015-06-30 05:03:03,180 Starting Live from 2015-03-04 to 2015-04-03
2015-06-30 05:04:26,608 Starting Training from 2015-02-01 to 2015-03-03
2015-06-30 05:05:20,407 Starting Live from 2015-03-04 to 2015-04-03
2015-06-30 05:09:04,002 Starting Training from 2015-03-04 to 2015-04-03
2015-06-30 05:09:48,920 Starting Live from 2015-04-04 to 2015-04-10
2015-06-30 05:10:12,361 Starting Training from 2015-03-04 to 2015-04-03
2015-06-30 05:10:55,762 Starting Live from 2015-04-04 to 2015-04-10
2015-06-30 05:11:36,858 Starting Q Learning for : 
2015-06-30 05:11:36,858 alpha = 0.4
2015-06-30 05:11:36,859 gamma = 0.2
2015-06-30 05:11:36,859 individual factor = 10
2015-06-30 05:11:36,859 zero range = 0.002
2015-06-30 05:11:36,859 greedy level = 5
2015-06-30 05:11:36,859 

2015-06-30 05:11:38,486 Starting Training from 2015-01-01 to 2015-01-31
2015-06-30 05:12:18,105 Starting Training from 2015-03-04 to 2015-04-03
2015-06-30 05:13:02,713 Starting Live from 2015-04-04 to 2015-04-10
2015-06-30 05:13:04,072 Starting Q Learning for : 
2015-06-30 05:13:04,072 alpha = 0.6
2015-06-30 05:13:04,072 gamma = 0.4
2015-06-30 05:13:04,072 individual factor = 10
2015-06-30 05:13:04,072 zero range = 0.002
2015-06-30 05:13:04,072 greedy level = 5
2015-06-30 05:13:04,072 

2015-06-30 05:13:04,384 Starting Training from 2015-01-01 to 2015-01-31
2015-06-30 05:15:01,370 Starting Q Learning for : 
2015-06-30 05:15:01,370 alpha = 0.5
2015-06-30 05:15:01,370 gamma = 0.8
2015-06-30 05:15:01,370 individual factor = 10
2015-06-30 05:15:01,370 zero range = 0.002
2015-06-30 05:15:01,370 greedy level = 5
2015-06-30 05:15:01,371 

2015-06-30 05:15:02,613 Starting Training from 2015-01-01 to 2015-01-31
2015-06-30 05:21:53,786 Starting Live from 2015-02-01 to 2015-03-03
2015-06-30 05:23:22,617 Starting Live from 2015-02-01 to 2015-03-03
2015-06-30 05:25:28,273 Starting Live from 2015-02-01 to 2015-03-03
2015-06-30 05:30:14,919 Starting Training from 2015-02-01 to 2015-03-03
2015-06-30 05:31:07,537 Starting Live from 2015-03-04 to 2015-04-03
2015-06-30 05:31:44,277 Starting Training from 2015-02-01 to 2015-03-03
2015-06-30 05:32:39,111 Starting Live from 2015-03-04 to 2015-04-03
2015-06-30 05:33:46,058 Starting Training from 2015-02-01 to 2015-03-03
2015-06-30 05:34:37,197 Starting Live from 2015-03-04 to 2015-04-03
2015-06-30 05:42:00,166 Starting Training from 2015-03-04 to 2015-04-03
2015-06-30 05:42:45,558 Starting Live from 2015-04-04 to 2015-04-10
2015-06-30 05:43:42,965 Starting Training from 2015-03-04 to 2015-04-03
2015-06-30 05:44:28,312 Starting Live from 2015-04-04 to 2015-04-10
2015-06-30 05:44:44,645 Starting Q Learning for : 
2015-06-30 05:44:44,645 alpha = 0.4
2015-06-30 05:44:44,645 gamma = 0.3
2015-06-30 05:44:44,645 individual factor = 10
2015-06-30 05:44:44,646 zero range = 0.002
2015-06-30 05:44:44,646 greedy level = 5
2015-06-30 05:44:44,646 

2015-06-30 05:44:45,797 Starting Training from 2015-01-01 to 2015-01-31
2015-06-30 05:45:14,768 Starting Training from 2015-03-04 to 2015-04-03
2015-06-30 05:45:58,575 Starting Live from 2015-04-04 to 2015-04-10
2015-06-30 05:46:43,168 Starting Q Learning for : 
2015-06-30 05:46:43,168 alpha = 0.6
2015-06-30 05:46:43,168 gamma = 0.5
2015-06-30 05:46:43,168 individual factor = 10
2015-06-30 05:46:43,168 zero range = 0.002
2015-06-30 05:46:43,168 greedy level = 5
2015-06-30 05:46:43,168 

2015-06-30 05:46:43,488 Starting Training from 2015-01-01 to 2015-01-31
2015-06-30 05:48:00,193 Starting Q Learning for : 
2015-06-30 05:48:00,193 alpha = 0.2
2015-06-30 05:48:00,193 gamma = 0.1
2015-06-30 05:48:00,193 individual factor = 10
2015-06-30 05:48:00,193 zero range = 0.002
2015-06-30 05:48:00,193 greedy level = 5
2015-06-30 05:48:00,193 

2015-06-30 05:48:01,568 Starting Training from 2015-01-01 to 2015-01-31
2015-06-30 05:51:45,489 Starting Live from 2015-02-01 to 2015-03-03
2015-06-30 05:53:45,738 Starting Live from 2015-02-01 to 2015-03-03
2015-06-30 05:55:02,948 Starting Live from 2015-02-01 to 2015-03-03
2015-06-30 06:03:55,754 Starting Training from 2015-02-01 to 2015-03-03
2015-06-30 06:04:50,483 Starting Live from 2015-03-04 to 2015-04-03
2015-06-30 06:06:00,176 Starting Training from 2015-02-01 to 2015-03-03
2015-06-30 06:06:54,552 Starting Live from 2015-03-04 to 2015-04-03
2015-06-30 06:07:10,743 Starting Training from 2015-02-01 to 2015-03-03
2015-06-30 06:08:03,671 Starting Live from 2015-03-04 to 2015-04-03
2015-06-30 06:11:53,882 Starting Training from 2015-03-04 to 2015-04-03
2015-06-30 06:12:44,381 Starting Live from 2015-04-04 to 2015-04-10
2015-06-30 06:14:21,792 Starting Training from 2015-03-04 to 2015-04-03
2015-06-30 06:14:49,078 Starting Q Learning for : 
2015-06-30 06:14:49,078 alpha = 0.4
2015-06-30 06:14:49,079 gamma = 0.4
2015-06-30 06:14:49,079 individual factor = 10
2015-06-30 06:14:49,079 zero range = 0.002
2015-06-30 06:14:49,079 greedy level = 5
2015-06-30 06:14:49,079 

2015-06-30 06:14:49,548 Starting Training from 2015-01-01 to 2015-01-31
2015-06-30 06:15:07,313 Starting Live from 2015-04-04 to 2015-04-10
2015-06-30 06:15:16,466 Starting Training from 2015-03-04 to 2015-04-03
2015-06-30 06:16:01,950 Starting Live from 2015-04-04 to 2015-04-10
2015-06-30 06:17:15,109 Starting Q Learning for : 
2015-06-30 06:17:15,110 alpha = 0.6
2015-06-30 06:17:15,110 gamma = 0.6
2015-06-30 06:17:15,110 individual factor = 10
2015-06-30 06:17:15,110 zero range = 0.002
2015-06-30 06:17:15,110 greedy level = 5
2015-06-30 06:17:15,110 

2015-06-30 06:17:16,331 Starting Training from 2015-01-01 to 2015-01-31
2015-06-30 06:18:22,719 Starting Q Learning for : 
2015-06-30 06:18:22,719 alpha = 0.2
2015-06-30 06:18:22,719 gamma = 0.2
2015-06-30 06:18:22,719 individual factor = 10
2015-06-30 06:18:22,719 zero range = 0.002
2015-06-30 06:18:22,719 greedy level = 5
2015-06-30 06:18:22,719 

2015-06-30 06:18:23,734 Starting Training from 2015-01-01 to 2015-01-31
2015-06-30 06:25:21,730 Starting Live from 2015-02-01 to 2015-03-03
2015-06-30 06:27:52,546 Starting Live from 2015-02-01 to 2015-03-03
2015-06-30 06:28:44,661 Starting Live from 2015-02-01 to 2015-03-03
2015-06-30 06:33:40,538 Starting Training from 2015-02-01 to 2015-03-03
2015-06-30 06:34:34,770 Starting Live from 2015-03-04 to 2015-04-03
2015-06-30 06:36:23,305 Starting Training from 2015-02-01 to 2015-03-03
2015-06-30 06:37:05,409 Starting Training from 2015-02-01 to 2015-03-03
2015-06-30 06:37:16,405 Starting Live from 2015-03-04 to 2015-04-03
2015-06-30 06:37:57,467 Starting Live from 2015-03-04 to 2015-04-03
2015-06-30 06:45:20,347 Starting Training from 2015-03-04 to 2015-04-03
2015-06-30 06:46:06,608 Starting Live from 2015-04-04 to 2015-04-10
2015-06-30 06:48:10,445 Starting Q Learning for : 
2015-06-30 06:48:10,445 alpha = 0.6
2015-06-30 06:48:10,445 gamma = 0.7
2015-06-30 06:48:10,445 individual factor = 10
2015-06-30 06:48:10,445 zero range = 0.002
2015-06-30 06:48:10,446 greedy level = 5
2015-06-30 06:48:10,446 

2015-06-30 06:48:10,707 Starting Training from 2015-01-01 to 2015-01-31
2015-06-30 06:48:48,578 Starting Training from 2015-03-04 to 2015-04-03
2015-06-30 06:48:57,419 Starting Training from 2015-03-04 to 2015-04-03
2015-06-30 06:49:42,538 Starting Live from 2015-04-04 to 2015-04-10
2015-06-30 06:49:46,633 Starting Live from 2015-04-04 to 2015-04-10
2015-06-30 06:51:37,131 Starting Q Learning for : 
2015-06-30 06:51:37,132 alpha = 0.5
2015-06-30 06:51:37,132 gamma = 0.1
2015-06-30 06:51:37,132 individual factor = 10
2015-06-30 06:51:37,132 zero range = 0.006
2015-06-30 06:51:37,132 greedy level = 5
2015-06-30 06:51:37,132 

2015-06-30 06:51:38,018 Starting Training from 2015-01-01 to 2015-01-31
2015-06-30 06:52:08,961 Starting Q Learning for : 
2015-06-30 06:52:08,961 alpha = 0.2
2015-06-30 06:52:08,961 gamma = 0.3
2015-06-30 06:52:08,961 individual factor = 10
2015-06-30 06:52:08,961 zero range = 0.006
2015-06-30 06:52:08,961 greedy level = 5
2015-06-30 06:52:08,961 

2015-06-30 06:52:09,862 Starting Training from 2015-01-01 to 2015-01-31
2015-06-30 06:55:21,520 Starting Live from 2015-02-01 to 2015-03-03
2015-06-30 06:58:32,343 Starting Live from 2015-02-01 to 2015-03-03
2015-06-30 06:59:04,203 Starting Live from 2015-02-01 to 2015-03-03
2015-06-30 07:07:14,495 Starting Training from 2015-02-01 to 2015-03-03
2015-06-30 07:08:08,563 Starting Live from 2015-03-04 to 2015-04-03
2015-06-30 07:10:26,925 Starting Training from 2015-02-01 to 2015-03-03
2015-06-30 07:11:00,642 Starting Training from 2015-02-01 to 2015-03-03
2015-06-30 07:11:19,770 Starting Live from 2015-03-04 to 2015-04-03
2015-06-30 07:11:52,614 Starting Live from 2015-03-04 to 2015-04-03
2015-06-30 07:15:05,851 Starting Training from 2015-03-04 to 2015-04-03
2015-06-30 07:15:52,160 Starting Live from 2015-04-04 to 2015-04-10
2015-06-30 07:17:50,414 Starting Q Learning for : 
2015-06-30 07:17:50,414 alpha = 0.6
2015-06-30 07:17:50,414 gamma = 0.8
2015-06-30 07:17:50,414 individual factor = 10
2015-06-30 07:17:50,414 zero range = 0.002
2015-06-30 07:17:50,414 greedy level = 5
2015-06-30 07:17:50,414 

2015-06-30 07:17:50,675 Starting Training from 2015-01-01 to 2015-01-31
2015-06-30 07:18:21,477 Starting Training from 2015-03-04 to 2015-04-03
2015-06-30 07:18:50,241 Starting Training from 2015-03-04 to 2015-04-03
2015-06-30 07:19:09,847 Starting Live from 2015-04-04 to 2015-04-10
2015-06-30 07:19:34,106 Starting Live from 2015-04-04 to 2015-04-10
2015-06-30 07:23:07,194 Starting Q Learning for : 
2015-06-30 07:23:07,195 alpha = 0.5
2015-06-30 07:23:07,195 gamma = 0.2
2015-06-30 07:23:07,195 individual factor = 10
2015-06-30 07:23:07,195 zero range = 0.006
2015-06-30 07:23:07,195 greedy level = 5
2015-06-30 07:23:07,195 

2015-06-30 07:23:08,434 Starting Training from 2015-01-01 to 2015-01-31
2015-06-30 07:24:54,070 Starting Q Learning for : 
2015-06-30 07:24:54,071 alpha = 0.2
2015-06-30 07:24:54,071 gamma = 0.4
2015-06-30 07:24:54,071 individual factor = 10
2015-06-30 07:24:54,071 zero range = 0.006
2015-06-30 07:24:54,071 greedy level = 5
2015-06-30 07:24:54,071 

2015-06-30 07:24:55,134 Starting Training from 2015-01-01 to 2015-01-31
2015-06-30 07:28:25,717 Starting Live from 2015-02-01 to 2015-03-03
2015-06-30 07:31:38,744 Starting Live from 2015-02-01 to 2015-03-03
2015-06-30 07:32:11,424 Starting Live from 2015-02-01 to 2015-03-03
2015-06-30 07:36:42,148 Starting Training from 2015-02-01 to 2015-03-03
2015-06-30 07:37:36,566 Starting Live from 2015-03-04 to 2015-04-03
2015-06-30 07:40:04,840 Starting Training from 2015-02-01 to 2015-03-03
2015-06-30 07:40:35,081 Starting Training from 2015-02-01 to 2015-03-03
2015-06-30 07:41:38,342 Starting Live from 2015-03-04 to 2015-04-03
2015-06-30 07:43:27,183 Starting Live from 2015-03-04 to 2015-04-03
2015-06-30 07:48:16,719 Starting Training from 2015-03-04 to 2015-04-03
2015-06-30 07:49:01,385 Starting Live from 2015-04-04 to 2015-04-10
2015-06-30 07:51:13,821 Starting Q Learning for : 
2015-06-30 07:51:13,821 alpha = 0.8
2015-06-30 07:51:13,821 gamma = 0.1
2015-06-30 07:51:13,821 individual factor = 10
2015-06-30 07:51:13,821 zero range = 0.002
2015-06-30 07:51:13,821 greedy level = 5
2015-06-30 07:51:13,821 

2015-06-30 07:51:15,447 Starting Training from 2015-01-01 to 2015-01-31
2015-06-30 07:52:04,158 Starting Training from 2015-03-04 to 2015-04-03
2015-06-30 07:52:29,210 Starting Training from 2015-03-04 to 2015-04-03
2015-06-30 07:52:47,656 Starting Live from 2015-04-04 to 2015-04-10
2015-06-30 07:53:14,203 Starting Live from 2015-04-04 to 2015-04-10
2015-06-30 07:54:51,691 Starting Q Learning for : 
2015-06-30 07:54:51,691 alpha = 0.5
2015-06-30 07:54:51,691 gamma = 0.3
2015-06-30 07:54:51,691 individual factor = 10
2015-06-30 07:54:51,691 zero range = 0.006
2015-06-30 07:54:51,691 greedy level = 5
2015-06-30 07:54:51,691 

2015-06-30 07:54:52,732 Starting Training from 2015-01-01 to 2015-01-31
2015-06-30 07:55:20,694 Starting Q Learning for : 
2015-06-30 07:55:20,695 alpha = 0.2
2015-06-30 07:55:20,695 gamma = 0.5
2015-06-30 07:55:20,695 individual factor = 10
2015-06-30 07:55:20,695 zero range = 0.006
2015-06-30 07:55:20,695 greedy level = 5
2015-06-30 07:55:20,695 

2015-06-30 07:55:21,520 Starting Training from 2015-01-01 to 2015-01-31
2015-06-30 07:58:04,650 Starting Live from 2015-02-01 to 2015-03-03
2015-06-30 08:02:12,645 Starting Live from 2015-02-01 to 2015-03-03
2015-06-30 08:03:49,783 Starting Live from 2015-02-01 to 2015-03-03
2015-06-30 08:09:59,362 Starting Training from 2015-02-01 to 2015-03-03
2015-06-30 08:10:52,117 Starting Live from 2015-03-04 to 2015-04-03
2015-06-30 08:13:41,617 Starting Training from 2015-02-01 to 2015-03-03
2015-06-30 08:14:20,408 Starting Training from 2015-02-01 to 2015-03-03
2015-06-30 08:14:35,700 Starting Live from 2015-03-04 to 2015-04-03
2015-06-30 08:15:12,294 Starting Live from 2015-03-04 to 2015-04-03
2015-06-30 08:17:54,486 Starting Training from 2015-03-04 to 2015-04-03
2015-06-30 08:18:38,843 Starting Live from 2015-04-04 to 2015-04-10
2015-06-30 08:20:40,351 Starting Q Learning for : 
2015-06-30 08:20:40,351 alpha = 0.8
2015-06-30 08:20:40,351 gamma = 0.2
2015-06-30 08:20:40,351 individual factor = 10
2015-06-30 08:20:40,351 zero range = 0.002
2015-06-30 08:20:40,352 greedy level = 5
2015-06-30 08:20:40,352 

2015-06-30 08:20:41,452 Starting Training from 2015-01-01 to 2015-01-31
2015-06-30 08:21:41,765 Starting Training from 2015-03-04 to 2015-04-03
2015-06-30 08:22:35,823 Starting Training from 2015-03-04 to 2015-04-03
2015-06-30 08:23:12,617 Starting Live from 2015-04-04 to 2015-04-10
2015-06-30 08:25:27,089 Starting Live from 2015-04-04 to 2015-04-10
2015-06-30 08:28:04,341 Starting Q Learning for : 
2015-06-30 08:28:04,341 alpha = 0.5
2015-06-30 08:28:04,341 gamma = 0.4
2015-06-30 08:28:04,341 individual factor = 10
2015-06-30 08:28:04,341 zero range = 0.006
2015-06-30 08:28:04,341 greedy level = 5
2015-06-30 08:28:04,341 

2015-06-30 08:28:04,619 Starting Training from 2015-01-01 to 2015-01-31
2015-06-30 08:28:59,978 Starting Q Learning for : 
2015-06-30 08:28:59,978 alpha = 0.2
2015-06-30 08:28:59,978 gamma = 0.6
2015-06-30 08:28:59,978 individual factor = 10
2015-06-30 08:28:59,979 zero range = 0.006
2015-06-30 08:28:59,979 greedy level = 5
2015-06-30 08:28:59,979 

2015-06-30 08:29:00,233 Starting Training from 2015-01-01 to 2015-01-31
2015-06-30 08:31:15,825 Starting Live from 2015-02-01 to 2015-03-03
2015-06-30 08:35:04,334 Starting Live from 2015-02-01 to 2015-03-03
2015-06-30 08:35:59,722 Starting Live from 2015-02-01 to 2015-03-03
2015-06-30 08:39:28,832 Starting Training from 2015-02-01 to 2015-03-03
2015-06-30 08:40:21,192 Starting Live from 2015-03-04 to 2015-04-03
2015-06-30 08:44:15,776 Starting Training from 2015-02-01 to 2015-03-03
2015-06-30 08:47:37,697 Starting Live from 2015-03-04 to 2015-04-03
2015-06-30 08:47:41,541 Starting Training from 2015-02-01 to 2015-03-03
2015-06-30 08:48:56,592 Starting Live from 2015-03-04 to 2015-04-03
2015-06-30 08:51:24,870 Starting Training from 2015-03-04 to 2015-04-03
2015-06-30 08:52:09,055 Starting Live from 2015-04-04 to 2015-04-10
2015-06-30 08:54:20,141 Starting Q Learning for : 
2015-06-30 08:54:20,142 alpha = 0.8
2015-06-30 08:54:20,142 gamma = 0.3
2015-06-30 08:54:20,142 individual factor = 10
2015-06-30 08:54:20,142 zero range = 0.002
2015-06-30 08:54:20,142 greedy level = 5
2015-06-30 08:54:20,142 

2015-06-30 08:54:20,592 Starting Training from 2015-01-01 to 2015-01-31
2015-06-30 08:55:01,634 Starting Training from 2015-03-04 to 2015-04-03
2015-06-30 08:55:46,319 Starting Live from 2015-04-04 to 2015-04-10
2015-06-30 08:56:40,648 Starting Training from 2015-03-04 to 2015-04-03
2015-06-30 08:57:25,007 Starting Live from 2015-04-04 to 2015-04-10
2015-06-30 08:57:45,366 Starting Q Learning for : 
2015-06-30 08:57:45,366 alpha = 0.5
2015-06-30 08:57:45,366 gamma = 0.5
2015-06-30 08:57:45,366 individual factor = 10
2015-06-30 08:57:45,366 zero range = 0.006
2015-06-30 08:57:45,366 greedy level = 5
2015-06-30 08:57:45,366 

2015-06-30 08:57:46,010 Starting Training from 2015-01-01 to 2015-01-31
2015-06-30 08:59:45,119 Starting Q Learning for : 
2015-06-30 08:59:45,120 alpha = 0.2
2015-06-30 08:59:45,120 gamma = 0.7
2015-06-30 08:59:45,120 individual factor = 10
2015-06-30 08:59:45,120 zero range = 0.006
2015-06-30 08:59:45,120 greedy level = 5
2015-06-30 08:59:45,120 

2015-06-30 08:59:45,377 Starting Training from 2015-01-01 to 2015-01-31
2015-06-30 09:01:11,638 Starting Live from 2015-02-01 to 2015-03-03
2015-06-30 09:07:12,158 Starting Live from 2015-02-01 to 2015-03-03
2015-06-30 09:10:18,630 Starting Live from 2015-02-01 to 2015-03-03
2015-06-30 09:13:02,277 Starting Training from 2015-02-01 to 2015-03-03
2015-06-30 09:13:53,696 Starting Live from 2015-03-04 to 2015-04-03
2015-06-30 09:16:36,837 Starting Training from 2015-02-01 to 2015-03-03
2015-06-30 09:17:30,055 Starting Live from 2015-03-04 to 2015-04-03
2015-06-30 09:18:37,513 Starting Training from 2015-02-01 to 2015-03-03
2015-06-30 09:19:30,633 Starting Live from 2015-03-04 to 2015-04-03
2015-06-30 09:20:59,614 Starting Training from 2015-03-04 to 2015-04-03
2015-06-30 09:21:49,593 Starting Live from 2015-04-04 to 2015-04-10
2015-06-30 09:23:41,492 Starting Q Learning for : 
2015-06-30 09:23:41,492 alpha = 0.8
2015-06-30 09:23:41,492 gamma = 0.4
2015-06-30 09:23:41,492 individual factor = 10
2015-06-30 09:23:41,492 zero range = 0.002
2015-06-30 09:23:41,492 greedy level = 5
2015-06-30 09:23:41,492 

2015-06-30 09:23:41,748 Starting Training from 2015-01-01 to 2015-01-31
2015-06-30 09:25:13,080 Starting Training from 2015-03-04 to 2015-04-03
2015-06-30 09:28:23,013 Starting Live from 2015-04-04 to 2015-04-10
2015-06-30 09:30:10,937 Starting Training from 2015-03-04 to 2015-04-03
2015-06-30 09:30:56,603 Starting Live from 2015-04-04 to 2015-04-10
2015-06-30 09:31:15,576 Starting Q Learning for : 
2015-06-30 09:31:15,576 alpha = 0.5
2015-06-30 09:31:15,576 gamma = 0.6
2015-06-30 09:31:15,576 individual factor = 10
2015-06-30 09:31:15,576 zero range = 0.006
2015-06-30 09:31:15,576 greedy level = 5
2015-06-30 09:31:15,577 

2015-06-30 09:31:15,837 Starting Training from 2015-01-01 to 2015-01-31
2015-06-30 09:33:01,607 Starting Q Learning for : 
2015-06-30 09:33:01,607 alpha = 0.2
2015-06-30 09:33:01,607 gamma = 0.8
2015-06-30 09:33:01,607 individual factor = 10
2015-06-30 09:33:01,607 zero range = 0.006
2015-06-30 09:33:01,607 greedy level = 5
2015-06-30 09:33:01,607 

2015-06-30 09:33:01,872 Starting Training from 2015-01-01 to 2015-01-31
2015-06-30 09:34:19,335 Starting Live from 2015-02-01 to 2015-03-03
2015-06-30 09:38:18,313 Starting Live from 2015-02-01 to 2015-03-03
2015-06-30 09:40:05,765 Starting Live from 2015-02-01 to 2015-03-03
2015-06-30 09:42:38,239 Starting Training from 2015-02-01 to 2015-03-03
2015-06-30 09:43:31,001 Starting Live from 2015-03-04 to 2015-04-03
2015-06-30 09:50:05,384 Starting Training from 2015-02-01 to 2015-03-03
2015-06-30 09:51:00,353 Starting Live from 2015-03-04 to 2015-04-03
2015-06-30 09:51:57,349 Starting Training from 2015-02-01 to 2015-03-03
2015-06-30 09:52:51,143 Starting Live from 2015-03-04 to 2015-04-03
2015-06-30 09:54:08,222 Starting Training from 2015-03-04 to 2015-04-03
2015-06-30 09:54:53,383 Starting Live from 2015-04-04 to 2015-04-10
2015-06-30 09:56:55,705 Starting Q Learning for : 
2015-06-30 09:56:55,705 alpha = 0.8
2015-06-30 09:56:55,705 gamma = 0.5
2015-06-30 09:56:55,705 individual factor = 10
2015-06-30 09:56:55,705 zero range = 0.002
2015-06-30 09:56:55,705 greedy level = 5
2015-06-30 09:56:55,705 

2015-06-30 09:56:55,975 Starting Training from 2015-01-01 to 2015-01-31
2015-06-30 09:57:58,922 Starting Training from 2015-03-04 to 2015-04-03
2015-06-30 09:58:47,600 Starting Live from 2015-04-04 to 2015-04-10
2015-06-30 09:59:48,414 Starting Training from 2015-03-04 to 2015-04-03
2015-06-30 10:00:31,940 Starting Live from 2015-04-04 to 2015-04-10
2015-06-30 10:00:40,531 Starting Q Learning for : 
2015-06-30 10:00:40,531 alpha = 0.5
2015-06-30 10:00:40,531 gamma = 0.7
2015-06-30 10:00:40,531 individual factor = 10
2015-06-30 10:00:40,531 zero range = 0.006
2015-06-30 10:00:40,531 greedy level = 5
2015-06-30 10:00:40,531 

2015-06-30 10:00:41,556 Starting Training from 2015-01-01 to 2015-01-31
2015-06-30 10:02:19,279 Starting Q Learning for : 
2015-06-30 10:02:19,279 alpha = 0.4
2015-06-30 10:02:19,279 gamma = 0.1
2015-06-30 10:02:19,279 individual factor = 10
2015-06-30 10:02:19,279 zero range = 0.006
2015-06-30 10:02:19,279 greedy level = 5
2015-06-30 10:02:19,279 

2015-06-30 10:02:20,469 Starting Training from 2015-01-01 to 2015-01-31
2015-06-30 10:03:50,862 Starting Live from 2015-02-01 to 2015-03-03
2015-06-30 10:11:11,631 Starting Live from 2015-02-01 to 2015-03-03
2015-06-30 10:12:52,623 Starting Live from 2015-02-01 to 2015-03-03
2015-06-30 10:16:04,211 Starting Training from 2015-02-01 to 2015-03-03
2015-06-30 10:16:56,152 Starting Live from 2015-03-04 to 2015-04-03
2015-06-30 10:19:27,222 Starting Training from 2015-02-01 to 2015-03-03
2015-06-30 10:20:21,559 Starting Live from 2015-03-04 to 2015-04-03
2015-06-30 10:21:09,986 Starting Training from 2015-02-01 to 2015-03-03
2015-06-30 10:22:02,543 Starting Live from 2015-03-04 to 2015-04-03
2015-06-30 10:24:47,237 Starting Training from 2015-03-04 to 2015-04-03
2015-06-30 10:25:31,998 Starting Live from 2015-04-04 to 2015-04-10
2015-06-30 10:30:06,871 Starting Training from 2015-03-04 to 2015-04-03
2015-06-30 10:31:44,408 Starting Live from 2015-04-04 to 2015-04-10
2015-06-30 10:31:50,221 Starting Q Learning for : 
2015-06-30 10:31:50,221 alpha = 0.8
2015-06-30 10:31:50,221 gamma = 0.6
2015-06-30 10:31:50,221 individual factor = 10
2015-06-30 10:31:50,221 zero range = 0.002
2015-06-30 10:31:50,221 greedy level = 5
2015-06-30 10:31:50,221 

2015-06-30 10:31:51,406 Starting Training from 2015-01-01 to 2015-01-31
2015-06-30 10:32:27,784 Starting Training from 2015-03-04 to 2015-04-03
2015-06-30 10:33:15,911 Starting Live from 2015-04-04 to 2015-04-10
2015-06-30 10:33:48,286 Starting Q Learning for : 
2015-06-30 10:33:48,286 alpha = 0.5
2015-06-30 10:33:48,286 gamma = 0.8
2015-06-30 10:33:48,286 individual factor = 10
2015-06-30 10:33:48,286 zero range = 0.006
2015-06-30 10:33:48,287 greedy level = 5
2015-06-30 10:33:48,287 

2015-06-30 10:33:48,997 Starting Training from 2015-01-01 to 2015-01-31
2015-06-30 10:35:13,709 Starting Q Learning for : 
2015-06-30 10:35:13,710 alpha = 0.4
2015-06-30 10:35:13,710 gamma = 0.2
2015-06-30 10:35:13,710 individual factor = 10
2015-06-30 10:35:13,710 zero range = 0.006
2015-06-30 10:35:13,710 greedy level = 5
2015-06-30 10:35:13,710 

2015-06-30 10:35:13,995 Starting Training from 2015-01-01 to 2015-01-31
2015-06-30 10:38:54,346 Starting Live from 2015-02-01 to 2015-03-03
2015-06-30 10:40:51,483 Starting Live from 2015-02-01 to 2015-03-03
2015-06-30 10:42:08,852 Starting Live from 2015-02-01 to 2015-03-03
2015-06-30 10:49:07,572 Starting Training from 2015-02-01 to 2015-03-03
2015-06-30 10:51:58,933 Starting Live from 2015-03-04 to 2015-04-03
2015-06-30 10:52:48,723 Starting Training from 2015-02-01 to 2015-03-03
2015-06-30 10:53:44,150 Starting Live from 2015-03-04 to 2015-04-03
2015-06-30 10:54:00,388 Starting Training from 2015-02-01 to 2015-03-03
2015-06-30 10:54:54,083 Starting Live from 2015-03-04 to 2015-04-03
2015-06-30 10:58:50,694 Starting Training from 2015-03-04 to 2015-04-03
2015-06-30 10:59:38,984 Starting Live from 2015-04-04 to 2015-04-10
2015-06-30 11:00:43,689 Starting Training from 2015-03-04 to 2015-04-03
2015-06-30 11:01:26,728 Starting Q Learning for : 
2015-06-30 11:01:26,728 alpha = 0.8
2015-06-30 11:01:26,728 gamma = 0.7
2015-06-30 11:01:26,728 individual factor = 10
2015-06-30 11:01:26,728 zero range = 0.002
2015-06-30 11:01:26,729 greedy level = 5
2015-06-30 11:01:26,729 

2015-06-30 11:01:27,356 Starting Training from 2015-01-01 to 2015-01-31
2015-06-30 11:01:32,652 Starting Live from 2015-04-04 to 2015-04-10
2015-06-30 11:01:58,738 Starting Training from 2015-03-04 to 2015-04-03
2015-06-30 11:02:43,367 Starting Live from 2015-04-04 to 2015-04-10
2015-06-30 11:03:29,580 Starting Q Learning for : 
2015-06-30 11:03:29,580 alpha = 0.2
2015-06-30 11:03:29,580 gamma = 0.1
2015-06-30 11:03:29,580 individual factor = 10
2015-06-30 11:03:29,580 zero range = 0.006
2015-06-30 11:03:29,581 greedy level = 5
2015-06-30 11:03:29,581 

2015-06-30 11:03:30,594 Starting Training from 2015-01-01 to 2015-01-31
2015-06-30 11:04:51,107 Starting Q Learning for : 
2015-06-30 11:04:51,107 alpha = 0.4
2015-06-30 11:04:51,107 gamma = 0.3
2015-06-30 11:04:51,107 individual factor = 10
2015-06-30 11:04:51,107 zero range = 0.006
2015-06-30 11:04:51,107 greedy level = 5
2015-06-30 11:04:51,107 

2015-06-30 11:04:51,765 Starting Training from 2015-01-01 to 2015-01-31
2015-06-30 11:10:59,186 Starting Live from 2015-02-01 to 2015-03-03
2015-06-30 11:13:55,610 Starting Live from 2015-02-01 to 2015-03-03
2015-06-30 11:15:20,108 Starting Live from 2015-02-01 to 2015-03-03
2015-06-30 11:20:17,641 Starting Training from 2015-02-01 to 2015-03-03
2015-06-30 11:21:11,105 Starting Live from 2015-03-04 to 2015-04-03
2015-06-30 11:22:10,403 Starting Training from 2015-02-01 to 2015-03-03
2015-06-30 11:23:04,624 Starting Live from 2015-03-04 to 2015-04-03
2015-06-30 11:23:34,453 Starting Training from 2015-02-01 to 2015-03-03
2015-06-30 11:24:28,450 Starting Live from 2015-03-04 to 2015-04-03
2015-06-30 11:29:03,055 Starting Training from 2015-03-04 to 2015-04-03
2015-06-30 11:31:54,333 Starting Live from 2015-04-04 to 2015-04-10
2015-06-30 11:33:39,871 Starting Training from 2015-03-04 to 2015-04-03
2015-06-30 11:34:26,041 Starting Live from 2015-04-04 to 2015-04-10
2015-06-30 11:34:44,586 Starting Q Learning for : 
2015-06-30 11:34:44,586 alpha = 0.8
2015-06-30 11:34:44,586 gamma = 0.8
2015-06-30 11:34:44,586 individual factor = 10
2015-06-30 11:34:44,586 zero range = 0.002
2015-06-30 11:34:44,586 greedy level = 5
2015-06-30 11:34:44,586 

2015-06-30 11:34:45,679 Starting Training from 2015-01-01 to 2015-01-31
2015-06-30 11:35:15,823 Starting Training from 2015-03-04 to 2015-04-03
2015-06-30 11:36:02,900 Starting Live from 2015-04-04 to 2015-04-10
2015-06-30 11:36:28,425 Starting Q Learning for : 
2015-06-30 11:36:28,425 alpha = 0.2
2015-06-30 11:36:28,425 gamma = 0.2
2015-06-30 11:36:28,425 individual factor = 10
2015-06-30 11:36:28,425 zero range = 0.006
2015-06-30 11:36:28,425 greedy level = 5
2015-06-30 11:36:28,425 

2015-06-30 11:36:28,677 Starting Training from 2015-01-01 to 2015-01-31
2015-06-30 11:38:11,085 Starting Q Learning for : 
2015-06-30 11:38:11,085 alpha = 0.4
2015-06-30 11:38:11,085 gamma = 0.4
2015-06-30 11:38:11,085 individual factor = 10
2015-06-30 11:38:11,085 zero range = 0.006
2015-06-30 11:38:11,085 greedy level = 5
2015-06-30 11:38:11,085 

2015-06-30 11:38:12,184 Starting Training from 2015-01-01 to 2015-01-31
2015-06-30 11:41:51,678 Starting Live from 2015-02-01 to 2015-03-03
2015-06-30 11:43:25,429 Starting Live from 2015-02-01 to 2015-03-03
2015-06-30 11:45:06,969 Starting Live from 2015-02-01 to 2015-03-03
2015-06-30 11:53:48,154 Starting Training from 2015-02-01 to 2015-03-03
2015-06-30 11:54:41,145 Starting Live from 2015-03-04 to 2015-04-03
2015-06-30 11:55:12,151 Starting Training from 2015-02-01 to 2015-03-03
2015-06-30 11:56:08,408 Starting Live from 2015-03-04 to 2015-04-03
2015-06-30 11:56:57,321 Starting Training from 2015-02-01 to 2015-03-03
2015-06-30 11:57:51,187 Starting Live from 2015-03-04 to 2015-04-03
2015-06-30 12:01:55,703 Starting Training from 2015-03-04 to 2015-04-03
2015-06-30 12:02:45,389 Starting Live from 2015-04-04 to 2015-04-10
2015-06-30 12:03:08,185 Starting Training from 2015-03-04 to 2015-04-03
2015-06-30 12:03:53,344 Starting Live from 2015-04-04 to 2015-04-10
2015-06-30 12:04:50,397 Starting Q Learning for : 
2015-06-30 12:04:50,397 alpha = 0.4
2015-06-30 12:04:50,397 gamma = 0.5
2015-06-30 12:04:50,397 individual factor = 10
2015-06-30 12:04:50,397 zero range = 0.006
2015-06-30 12:04:50,397 greedy level = 5
2015-06-30 12:04:50,397 

2015-06-30 12:04:50,661 Starting Training from 2015-01-01 to 2015-01-31
2015-06-30 12:05:13,080 Starting Training from 2015-03-04 to 2015-04-03
2015-06-30 12:05:54,205 Starting Q Learning for : 
2015-06-30 12:05:54,205 alpha = 0.6
2015-06-30 12:05:54,205 gamma = 0.7
2015-06-30 12:05:54,206 individual factor = 10
2015-06-30 12:05:54,206 zero range = 0.006
2015-06-30 12:05:54,206 greedy level = 5
2015-06-30 12:05:54,206 

2015-06-30 12:05:54,466 Starting Training from 2015-01-01 to 2015-01-31
2015-06-30 12:06:01,134 Starting Live from 2015-04-04 to 2015-04-10
2015-06-30 12:08:07,372 Starting Q Learning for : 
2015-06-30 12:08:07,372 alpha = 0.5
2015-06-30 12:08:07,372 gamma = 0.1
2015-06-30 12:08:07,372 individual factor = 10
2015-06-30 12:08:07,372 zero range = 0.01
2015-06-30 12:08:07,372 greedy level = 5
2015-06-30 12:08:07,372 

2015-06-30 12:08:08,639 Starting Training from 2015-01-01 to 2015-01-31
2015-06-30 12:15:25,304 Starting Live from 2015-02-01 to 2015-03-03
2015-06-30 12:16:33,847 Starting Live from 2015-02-01 to 2015-03-03
2015-06-30 12:18:45,746 Starting Live from 2015-02-01 to 2015-03-03
2015-06-30 12:23:50,864 Starting Training from 2015-02-01 to 2015-03-03
2015-06-30 12:24:45,977 Starting Live from 2015-03-04 to 2015-04-03
2015-06-30 12:24:46,002 Starting Training from 2015-02-01 to 2015-03-03
2015-06-30 12:25:39,780 Starting Live from 2015-03-04 to 2015-04-03
2015-06-30 12:27:06,478 Starting Training from 2015-02-01 to 2015-03-03
2015-06-30 12:28:00,819 Starting Live from 2015-03-04 to 2015-04-03
2015-06-30 12:35:22,414 Starting Training from 2015-03-04 to 2015-04-03
2015-06-30 12:35:58,817 Starting Training from 2015-03-04 to 2015-04-03
2015-06-30 12:36:27,912 Starting Live from 2015-04-04 to 2015-04-10
2015-06-30 12:37:03,744 Starting Live from 2015-04-04 to 2015-04-10
2015-06-30 12:38:38,865 Starting Q Learning for : 
2015-06-30 12:38:38,866 alpha = 0.4
2015-06-30 12:38:38,866 gamma = 0.6
2015-06-30 12:38:38,866 individual factor = 10
2015-06-30 12:38:38,866 zero range = 0.006
2015-06-30 12:38:38,866 greedy level = 5
2015-06-30 12:38:38,866 

2015-06-30 12:38:39,239 Starting Training from 2015-01-01 to 2015-01-31
2015-06-30 12:39:05,203 Starting Training from 2015-03-04 to 2015-04-03
2015-06-30 12:39:06,374 Starting Q Learning for : 
2015-06-30 12:39:06,374 alpha = 0.6
2015-06-30 12:39:06,374 gamma = 0.8
2015-06-30 12:39:06,375 individual factor = 10
2015-06-30 12:39:06,375 zero range = 0.006
2015-06-30 12:39:06,375 greedy level = 5
2015-06-30 12:39:06,375 

2015-06-30 12:39:07,382 Starting Training from 2015-01-01 to 2015-01-31
2015-06-30 12:39:49,442 Starting Live from 2015-04-04 to 2015-04-10
2015-06-30 12:42:01,790 Starting Q Learning for : 
2015-06-30 12:42:01,790 alpha = 0.5
2015-06-30 12:42:01,790 gamma = 0.2
2015-06-30 12:42:01,790 individual factor = 10
2015-06-30 12:42:01,790 zero range = 0.01
2015-06-30 12:42:01,790 greedy level = 5
2015-06-30 12:42:01,790 

2015-06-30 12:42:02,725 Starting Training from 2015-01-01 to 2015-01-31
2015-06-30 12:45:33,539 Starting Live from 2015-02-01 to 2015-03-03
2015-06-30 12:46:02,821 Starting Live from 2015-02-01 to 2015-03-03
2015-06-30 12:48:49,061 Starting Live from 2015-02-01 to 2015-03-03
2015-06-30 12:57:10,514 Starting Training from 2015-02-01 to 2015-03-03
2015-06-30 12:57:42,110 Starting Training from 2015-02-01 to 2015-03-03
2015-06-30 12:58:05,728 Starting Live from 2015-03-04 to 2015-04-03
2015-06-30 12:58:37,047 Starting Live from 2015-03-04 to 2015-04-03
2015-06-30 13:00:37,232 Starting Training from 2015-02-01 to 2015-03-03
2015-06-30 13:01:29,352 Starting Live from 2015-03-04 to 2015-04-03
2015-06-30 13:04:35,787 Starting Training from 2015-03-04 to 2015-04-03
2015-06-30 13:05:35,473 Starting Training from 2015-03-04 to 2015-04-03
2015-06-30 13:05:38,875 Starting Live from 2015-04-04 to 2015-04-10
2015-06-30 13:06:19,513 Starting Live from 2015-04-04 to 2015-04-10
2015-06-30 13:07:35,780 Starting Q Learning for : 
2015-06-30 13:07:35,780 alpha = 0.4
2015-06-30 13:07:35,781 gamma = 0.7
2015-06-30 13:07:35,781 individual factor = 10
2015-06-30 13:07:35,781 zero range = 0.006
2015-06-30 13:07:35,781 greedy level = 5
2015-06-30 13:07:35,781 

2015-06-30 13:07:36,292 Starting Training from 2015-01-01 to 2015-01-31
2015-06-30 13:08:13,444 Starting Q Learning for : 
2015-06-30 13:08:13,444 alpha = 0.8
2015-06-30 13:08:13,444 gamma = 0.1
2015-06-30 13:08:13,444 individual factor = 10
2015-06-30 13:08:13,444 zero range = 0.006
2015-06-30 13:08:13,445 greedy level = 5
2015-06-30 13:08:13,445 

2015-06-30 13:08:13,900 Starting Training from 2015-01-01 to 2015-01-31
2015-06-30 13:08:29,717 Starting Training from 2015-03-04 to 2015-04-03
2015-06-30 13:09:14,488 Starting Live from 2015-04-04 to 2015-04-10
2015-06-30 13:12:35,541 Starting Q Learning for : 
2015-06-30 13:12:35,541 alpha = 0.5
2015-06-30 13:12:35,541 gamma = 0.3
2015-06-30 13:12:35,542 individual factor = 10
2015-06-30 13:12:35,542 zero range = 0.01
2015-06-30 13:12:35,542 greedy level = 5
2015-06-30 13:12:35,542 

2015-06-30 13:12:36,592 Starting Training from 2015-01-01 to 2015-01-31
2015-06-30 13:17:54,602 Starting Live from 2015-02-01 to 2015-03-03
2015-06-30 13:18:30,065 Starting Live from 2015-02-01 to 2015-03-03
2015-06-30 13:21:36,290 Starting Live from 2015-02-01 to 2015-03-03
2015-06-30 13:26:11,726 Starting Training from 2015-02-01 to 2015-03-03
2015-06-30 13:26:46,843 Starting Training from 2015-02-01 to 2015-03-03
2015-06-30 13:27:02,447 Starting Live from 2015-03-04 to 2015-04-03
2015-06-30 13:27:37,176 Starting Live from 2015-03-04 to 2015-04-03
2015-06-30 13:29:47,239 Starting Training from 2015-02-01 to 2015-03-03
2015-06-30 13:30:39,503 Starting Live from 2015-03-04 to 2015-04-03
2015-06-30 13:37:28,159 Starting Training from 2015-03-04 to 2015-04-03
2015-06-30 13:38:12,613 Starting Live from 2015-04-04 to 2015-04-10
2015-06-30 13:38:26,840 Starting Training from 2015-03-04 to 2015-04-03
2015-06-30 13:39:13,204 Starting Live from 2015-04-04 to 2015-04-10
2015-06-30 13:40:02,091 Starting Q Learning for : 
2015-06-30 13:40:02,091 alpha = 0.4
2015-06-30 13:40:02,092 gamma = 0.8
2015-06-30 13:40:02,092 individual factor = 10
2015-06-30 13:40:02,092 zero range = 0.006
2015-06-30 13:40:02,092 greedy level = 5
2015-06-30 13:40:02,092 

2015-06-30 13:40:02,909 Starting Training from 2015-01-01 to 2015-01-31
2015-06-30 13:41:06,817 Starting Training from 2015-03-04 to 2015-04-03
2015-06-30 13:41:22,826 Starting Q Learning for : 
2015-06-30 13:41:22,826 alpha = 0.8
2015-06-30 13:41:22,826 gamma = 0.2
2015-06-30 13:41:22,826 individual factor = 10
2015-06-30 13:41:22,826 zero range = 0.006
2015-06-30 13:41:22,826 greedy level = 5
2015-06-30 13:41:22,827 

2015-06-30 13:41:23,547 Starting Training from 2015-01-01 to 2015-01-31
2015-06-30 13:41:52,566 Starting Live from 2015-04-04 to 2015-04-10
2015-06-30 13:43:43,364 Starting Q Learning for : 
2015-06-30 13:43:43,364 alpha = 0.5
2015-06-30 13:43:43,364 gamma = 0.4
2015-06-30 13:43:43,365 individual factor = 10
2015-06-30 13:43:43,365 zero range = 0.01
2015-06-30 13:43:43,365 greedy level = 5
2015-06-30 13:43:43,365 

2015-06-30 13:43:43,643 Starting Training from 2015-01-01 to 2015-01-31
2015-06-30 13:47:00,856 Starting Live from 2015-02-01 to 2015-03-03
2015-06-30 13:48:13,749 Starting Live from 2015-02-01 to 2015-03-03
2015-06-30 13:50:30,577 Starting Live from 2015-02-01 to 2015-03-03
2015-06-30 13:58:41,426 Starting Training from 2015-02-01 to 2015-03-03
2015-06-30 13:59:36,058 Starting Live from 2015-03-04 to 2015-04-03
2015-06-30 13:59:54,899 Starting Training from 2015-02-01 to 2015-03-03
2015-06-30 14:00:46,912 Starting Live from 2015-03-04 to 2015-04-03
2015-06-30 14:02:03,050 Starting Training from 2015-02-01 to 2015-03-03
2015-06-30 14:02:54,564 Starting Live from 2015-03-04 to 2015-04-03
2015-06-30 14:06:20,136 Starting Training from 2015-03-04 to 2015-04-03
2015-06-30 14:07:03,459 Starting Live from 2015-04-04 to 2015-04-10
2015-06-30 14:07:29,005 Starting Training from 2015-03-04 to 2015-04-03
2015-06-30 14:08:15,855 Starting Live from 2015-04-04 to 2015-04-10
2015-06-30 14:08:57,562 Starting Q Learning for : 
2015-06-30 14:08:57,562 alpha = 0.6
2015-06-30 14:08:57,562 gamma = 0.1
2015-06-30 14:08:57,562 individual factor = 10
2015-06-30 14:08:57,562 zero range = 0.006
2015-06-30 14:08:57,562 greedy level = 5
2015-06-30 14:08:57,562 

2015-06-30 14:08:59,114 Starting Training from 2015-01-01 to 2015-01-31
2015-06-30 14:09:22,132 Starting Training from 2015-03-04 to 2015-04-03
2015-06-30 14:10:13,758 Starting Q Learning for : 
2015-06-30 14:10:13,758 alpha = 0.8
2015-06-30 14:10:13,758 gamma = 0.3
2015-06-30 14:10:13,758 individual factor = 10
2015-06-30 14:10:13,758 zero range = 0.006
2015-06-30 14:10:13,758 greedy level = 5
2015-06-30 14:10:13,758 

2015-06-30 14:10:13,999 Starting Training from 2015-01-01 to 2015-01-31
2015-06-30 14:10:22,599 Starting Live from 2015-04-04 to 2015-04-10
2015-06-30 14:13:10,602 Starting Q Learning for : 
2015-06-30 14:13:10,602 alpha = 0.5
2015-06-30 14:13:10,602 gamma = 0.5
2015-06-30 14:13:10,602 individual factor = 10
2015-06-30 14:13:10,602 zero range = 0.01
2015-06-30 14:13:10,602 greedy level = 5
2015-06-30 14:13:10,602 

2015-06-30 14:13:11,715 Starting Training from 2015-01-01 to 2015-01-31
2015-06-30 14:19:15,095 Starting Live from 2015-02-01 to 2015-03-03
2015-06-30 14:20:30,356 Starting Live from 2015-02-01 to 2015-03-03
2015-06-30 14:22:40,170 Starting Live from 2015-02-01 to 2015-03-03
2015-06-30 14:27:19,061 Starting Training from 2015-02-01 to 2015-03-03
2015-06-30 14:28:10,773 Starting Live from 2015-03-04 to 2015-04-03
2015-06-30 14:28:33,312 Starting Training from 2015-02-01 to 2015-03-03
2015-06-30 14:29:25,818 Starting Live from 2015-03-04 to 2015-04-03
2015-06-30 14:30:57,886 Starting Training from 2015-02-01 to 2015-03-03
2015-06-30 14:31:52,379 Starting Live from 2015-03-04 to 2015-04-03
2015-06-30 14:41:32,234 Starting Training from 2015-03-04 to 2015-04-03
2015-06-30 14:42:28,653 Starting Live from 2015-04-04 to 2015-04-10
2015-06-30 14:43:14,000 Starting Training from 2015-03-04 to 2015-04-03
2015-06-30 14:45:37,237 Starting Live from 2015-04-04 to 2015-04-10
2015-06-30 14:47:23,544 Starting Q Learning for : 
2015-06-30 14:47:23,545 alpha = 0.6
2015-06-30 14:47:23,545 gamma = 0.2
2015-06-30 14:47:23,545 individual factor = 10
2015-06-30 14:47:23,545 zero range = 0.006
2015-06-30 14:47:23,545 greedy level = 5
2015-06-30 14:47:23,545 

2015-06-30 14:47:25,151 Starting Training from 2015-01-01 to 2015-01-31
2015-06-30 14:49:39,608 Starting Training from 2015-03-04 to 2015-04-03
2015-06-30 14:50:36,030 Starting Live from 2015-04-04 to 2015-04-10
2015-06-30 14:50:37,706 Starting Q Learning for : 
2015-06-30 14:50:37,706 alpha = 0.8
2015-06-30 14:50:37,706 gamma = 0.4
2015-06-30 14:50:37,706 individual factor = 10
2015-06-30 14:50:37,706 zero range = 0.006
2015-06-30 14:50:37,706 greedy level = 5
2015-06-30 14:50:37,706 

2015-06-30 14:50:37,997 Starting Training from 2015-01-01 to 2015-01-31
2015-06-30 14:53:10,322 Starting Q Learning for : 
2015-06-30 14:53:10,322 alpha = 0.5
2015-06-30 14:53:10,322 gamma = 0.6
2015-06-30 14:53:10,322 individual factor = 10
2015-06-30 14:53:10,322 zero range = 0.01
2015-06-30 14:53:10,322 greedy level = 5
2015-06-30 14:53:10,322 

2015-06-30 14:53:10,629 Starting Training from 2015-01-01 to 2015-01-31
2015-06-30 15:01:25,816 Starting Live from 2015-02-01 to 2015-03-03
2015-06-30 15:05:38,911 Starting Live from 2015-02-01 to 2015-03-03
2015-06-30 15:11:01,704 Starting Live from 2015-02-01 to 2015-03-03
2015-06-30 15:24:19,702 Starting Training from 2015-02-01 to 2015-03-03
2015-06-30 15:25:36,258 Starting Live from 2015-03-04 to 2015-04-03
2015-06-30 15:27:07,762 Starting Training from 2015-02-01 to 2015-03-03
2015-06-30 15:28:28,992 Starting Live from 2015-03-04 to 2015-04-03
2015-06-30 15:30:50,192 Starting Training from 2015-02-01 to 2015-03-03
2015-06-30 15:32:12,602 Starting Live from 2015-03-04 to 2015-04-03
2015-06-30 15:40:29,513 Starting Training from 2015-03-04 to 2015-04-03
2015-06-30 15:41:43,129 Starting Live from 2015-04-04 to 2015-04-10
2015-06-30 15:43:21,867 Starting Training from 2015-03-04 to 2015-04-03
2015-06-30 15:44:47,449 Starting Live from 2015-04-04 to 2015-04-10
2015-06-30 15:46:14,878 Starting Q Learning for : 
2015-06-30 15:46:14,878 alpha = 0.6
2015-06-30 15:46:14,878 gamma = 0.3
2015-06-30 15:46:14,878 individual factor = 10
2015-06-30 15:46:14,878 zero range = 0.006
2015-06-30 15:46:14,878 greedy level = 5
2015-06-30 15:46:14,878 

2015-06-30 15:46:15,577 Starting Training from 2015-01-01 to 2015-01-31
2015-06-30 15:47:44,272 Starting Training from 2015-03-04 to 2015-04-03
2015-06-30 15:48:27,569 Starting Q Learning for : 
2015-06-30 15:48:27,569 alpha = 0.8
2015-06-30 15:48:27,569 gamma = 0.5
2015-06-30 15:48:27,569 individual factor = 10
2015-06-30 15:48:27,569 zero range = 0.006
2015-06-30 15:48:27,569 greedy level = 5
2015-06-30 15:48:27,569 

2015-06-30 15:48:28,445 Starting Training from 2015-01-01 to 2015-01-31
2015-06-30 15:48:53,381 Starting Live from 2015-04-04 to 2015-04-10
2015-06-30 15:54:10,488 Starting Q Learning for : 
2015-06-30 15:54:10,488 alpha = 0.5
2015-06-30 15:54:10,488 gamma = 0.7
2015-06-30 15:54:10,488 individual factor = 10
2015-06-30 15:54:10,488 zero range = 0.01
2015-06-30 15:54:10,488 greedy level = 5
2015-06-30 15:54:10,488 

2015-06-30 15:54:11,715 Starting Training from 2015-01-01 to 2015-01-31
2015-06-30 16:00:44,777 Starting Live from 2015-02-01 to 2015-03-03
2015-06-30 16:03:03,929 Starting Live from 2015-02-01 to 2015-03-03
2015-06-30 16:07:31,374 Starting Live from 2015-02-01 to 2015-03-03
2015-06-30 16:18:34,734 Starting Training from 2015-02-01 to 2015-03-03
2015-06-30 16:20:03,803 Starting Live from 2015-03-04 to 2015-04-03
2015-06-30 16:20:54,424 Starting Training from 2015-02-01 to 2015-03-03
2015-06-30 16:22:12,265 Starting Live from 2015-03-04 to 2015-04-03
2015-06-30 16:26:53,484 Starting Training from 2015-02-01 to 2015-03-03
2015-06-30 16:28:12,360 Starting Live from 2015-03-04 to 2015-04-03
2015-06-30 16:35:41,051 Starting Training from 2015-03-04 to 2015-04-03
2015-06-30 16:37:04,440 Starting Live from 2015-04-04 to 2015-04-10
2015-06-30 16:37:59,536 Starting Training from 2015-03-04 to 2015-04-03
2015-06-30 16:39:14,494 Starting Live from 2015-04-04 to 2015-04-10
2015-06-30 16:42:49,839 Starting Q Learning for : 
2015-06-30 16:42:49,839 alpha = 0.6
2015-06-30 16:42:49,839 gamma = 0.4
2015-06-30 16:42:49,839 individual factor = 10
2015-06-30 16:42:49,839 zero range = 0.006
2015-06-30 16:42:49,839 greedy level = 5
2015-06-30 16:42:49,839 

2015-06-30 16:42:52,553 Starting Training from 2015-01-01 to 2015-01-31
2015-06-30 16:43:33,668 Starting Training from 2015-03-04 to 2015-04-03
2015-06-30 16:44:34,842 Starting Q Learning for : 
2015-06-30 16:44:34,842 alpha = 0.8
2015-06-30 16:44:34,842 gamma = 0.6
2015-06-30 16:44:34,842 individual factor = 10
2015-06-30 16:44:34,842 zero range = 0.006
2015-06-30 16:44:34,842 greedy level = 5
2015-06-30 16:44:34,842 

2015-06-30 16:44:36,389 Starting Training from 2015-01-01 to 2015-01-31
2015-06-30 16:44:42,367 Starting Live from 2015-04-04 to 2015-04-10
2015-06-30 16:48:25,161 Starting Q Learning for : 
2015-06-30 16:48:25,161 alpha = 0.5
2015-06-30 16:48:25,161 gamma = 0.8
2015-06-30 16:48:25,161 individual factor = 10
2015-06-30 16:48:25,161 zero range = 0.01
2015-06-30 16:48:25,161 greedy level = 5
2015-06-30 16:48:25,161 

2015-06-30 16:48:25,716 Starting Training from 2015-01-01 to 2015-01-31
2015-06-30 16:55:39,870 Starting Live from 2015-02-01 to 2015-03-03
2015-06-30 16:58:03,142 Starting Live from 2015-02-01 to 2015-03-03
2015-06-30 17:03:02,995 Starting Live from 2015-02-01 to 2015-03-03
2015-06-30 17:12:42,577 Starting Training from 2015-02-01 to 2015-03-03
2015-06-30 17:14:17,730 Starting Live from 2015-03-04 to 2015-04-03
2015-06-30 17:14:35,259 Starting Training from 2015-02-01 to 2015-03-03
2015-06-30 17:17:54,625 Starting Live from 2015-03-04 to 2015-04-03
2015-06-30 17:19:40,004 Starting Training from 2015-02-01 to 2015-03-03
2015-06-30 17:21:01,709 Starting Live from 2015-03-04 to 2015-04-03
2015-06-30 17:29:15,709 Starting Training from 2015-03-04 to 2015-04-03
2015-06-30 17:30:35,582 Starting Training from 2015-03-04 to 2015-04-03
2015-06-30 17:31:01,863 Starting Live from 2015-04-04 to 2015-04-10
2015-06-30 17:33:02,921 Starting Live from 2015-04-04 to 2015-04-10
2015-06-30 17:34:41,889 Starting Training from 2015-03-04 to 2015-04-03
2015-06-30 17:36:01,815 Starting Live from 2015-04-04 to 2015-04-10
2015-06-30 17:36:20,780 Starting Q Learning for : 
2015-06-30 17:36:20,781 alpha = 0.6
2015-06-30 17:36:20,781 gamma = 0.5
2015-06-30 17:36:20,781 individual factor = 10
2015-06-30 17:36:20,781 zero range = 0.006
2015-06-30 17:36:20,781 greedy level = 5
2015-06-30 17:36:20,781 

2015-06-30 17:36:21,750 Starting Training from 2015-01-01 to 2015-01-31
2015-06-30 17:37:07,822 Starting Q Learning for : 
2015-06-30 17:37:07,822 alpha = 0.8
2015-06-30 17:37:07,822 gamma = 0.7
2015-06-30 17:37:07,822 individual factor = 10
2015-06-30 17:37:07,822 zero range = 0.006
2015-06-30 17:37:07,822 greedy level = 5
2015-06-30 17:37:07,822 

2015-06-30 17:37:08,467 Starting Training from 2015-01-01 to 2015-01-31
2015-06-30 17:39:14,043 Starting Q Learning for : 
2015-06-30 17:39:14,043 alpha = 0.2
2015-06-30 17:39:14,043 gamma = 0.1
2015-06-30 17:39:14,043 individual factor = 10
2015-06-30 17:39:14,043 zero range = 0.01
2015-06-30 17:39:14,043 greedy level = 5
2015-06-30 17:39:14,043 

2015-06-30 17:39:15,451 Starting Training from 2015-01-01 to 2015-01-31
2015-06-30 17:50:28,645 Starting Live from 2015-02-01 to 2015-03-03
2015-06-30 17:51:38,482 Starting Live from 2015-02-01 to 2015-03-03
2015-06-30 17:53:58,700 Starting Live from 2015-02-01 to 2015-03-03
2015-06-30 18:07:43,434 Starting Training from 2015-02-01 to 2015-03-03
2015-06-30 18:08:39,595 Starting Training from 2015-02-01 to 2015-03-03
2015-06-30 18:10:10,719 Starting Live from 2015-03-04 to 2015-04-03
2015-06-30 18:10:32,979 Starting Live from 2015-03-04 to 2015-04-03
2015-06-30 18:11:07,005 Starting Training from 2015-02-01 to 2015-03-03
2015-06-30 18:12:22,715 Starting Live from 2015-03-04 to 2015-04-03
2015-06-30 18:23:44,147 Starting Training from 2015-03-04 to 2015-04-03
2015-06-30 18:23:52,671 Starting Training from 2015-03-04 to 2015-04-03
2015-06-30 18:26:40,527 Starting Live from 2015-04-04 to 2015-04-10
2015-06-30 18:26:48,460 Starting Live from 2015-04-04 to 2015-04-10
2015-06-30 18:27:06,925 Starting Training from 2015-03-04 to 2015-04-03
2015-06-30 18:28:14,199 Starting Live from 2015-04-04 to 2015-04-10
2015-06-30 18:30:20,123 Starting Q Learning for : 
2015-06-30 18:30:20,123 alpha = 0.8
2015-06-30 18:30:20,123 gamma = 0.8
2015-06-30 18:30:20,123 individual factor = 10
2015-06-30 18:30:20,123 zero range = 0.006
2015-06-30 18:30:20,123 greedy level = 5
2015-06-30 18:30:20,123 

2015-06-30 18:30:20,630 Starting Training from 2015-01-01 to 2015-01-31
2015-06-30 18:30:36,587 Starting Q Learning for : 
2015-06-30 18:30:36,587 alpha = 0.6
2015-06-30 18:30:36,587 gamma = 0.6
2015-06-30 18:30:36,587 individual factor = 10
2015-06-30 18:30:36,587 zero range = 0.006
2015-06-30 18:30:36,587 greedy level = 5
2015-06-30 18:30:36,587 

2015-06-30 18:30:37,607 Starting Training from 2015-01-01 to 2015-01-31
2015-06-30 18:31:48,406 Starting Q Learning for : 
2015-06-30 18:31:48,406 alpha = 0.2
2015-06-30 18:31:48,406 gamma = 0.2
2015-06-30 18:31:48,407 individual factor = 10
2015-06-30 18:31:48,407 zero range = 0.01
2015-06-30 18:31:48,407 greedy level = 5
2015-06-30 18:31:48,407 

2015-06-30 18:31:49,429 Starting Training from 2015-01-01 to 2015-01-31
2015-06-30 18:44:34,473 Starting Live from 2015-02-01 to 2015-03-03
2015-06-30 18:44:55,274 Starting Live from 2015-02-01 to 2015-03-03
2015-06-30 18:45:55,771 Starting Live from 2015-02-01 to 2015-03-03
2015-06-30 19:00:28,121 Starting Training from 2015-02-01 to 2015-03-03
2015-06-30 19:01:27,867 Starting Training from 2015-02-01 to 2015-03-03
2015-06-30 19:02:15,374 Starting Training from 2015-02-01 to 2015-03-03
2015-06-30 19:02:24,806 Starting Live from 2015-03-04 to 2015-04-03
2015-06-30 19:02:52,925 Starting Live from 2015-03-04 to 2015-04-03
2015-06-30 19:03:38,122 Starting Live from 2015-03-04 to 2015-04-03
2015-06-30 19:15:07,173 Starting Training from 2015-03-04 to 2015-04-03
2015-06-30 19:15:48,640 Starting Training from 2015-03-04 to 2015-04-03
2015-06-30 19:17:21,623 Starting Training from 2015-03-04 to 2015-04-03
2015-06-30 19:18:06,042 Starting Live from 2015-04-04 to 2015-04-10
2015-06-30 19:18:39,752 Starting Live from 2015-04-04 to 2015-04-10
2015-06-30 19:19:16,702 Starting Live from 2015-04-04 to 2015-04-10
2015-06-30 19:21:56,398 Starting Q Learning for : 
2015-06-30 19:21:56,399 alpha = 0.2
2015-06-30 19:21:56,399 gamma = 0.3
2015-06-30 19:21:56,399 individual factor = 10
2015-06-30 19:21:56,399 zero range = 0.01
2015-06-30 19:21:56,399 greedy level = 5
2015-06-30 19:21:56,399 

2015-06-30 19:21:57,286 Starting Training from 2015-01-01 to 2015-01-31
2015-06-30 19:22:15,535 Starting Q Learning for : 
2015-06-30 19:22:15,535 alpha = 0.4
2015-06-30 19:22:15,535 gamma = 0.5
2015-06-30 19:22:15,535 individual factor = 10
2015-06-30 19:22:15,535 zero range = 0.01
2015-06-30 19:22:15,535 greedy level = 5
2015-06-30 19:22:15,535 

2015-06-30 19:22:17,053 Starting Training from 2015-01-01 to 2015-01-31
2015-06-30 19:22:59,496 Starting Q Learning for : 
2015-06-30 19:22:59,496 alpha = 0.6
2015-06-30 19:22:59,496 gamma = 0.7
2015-06-30 19:22:59,496 individual factor = 10
2015-06-30 19:22:59,496 zero range = 0.01
2015-06-30 19:22:59,497 greedy level = 5
2015-06-30 19:22:59,497 

2015-06-30 19:23:01,613 Starting Training from 2015-01-01 to 2015-01-31
2015-06-30 19:35:55,809 Starting Live from 2015-02-01 to 2015-03-03
2015-06-30 19:36:20,675 Starting Live from 2015-02-01 to 2015-03-03
2015-06-30 19:37:04,528 Starting Live from 2015-02-01 to 2015-03-03
2015-06-30 19:51:58,286 Starting Training from 2015-02-01 to 2015-03-03
2015-06-30 19:52:20,707 Starting Training from 2015-02-01 to 2015-03-03
2015-06-30 19:53:12,792 Starting Training from 2015-02-01 to 2015-03-03
2015-06-30 19:53:15,373 Starting Live from 2015-03-04 to 2015-04-03
2015-06-30 19:53:38,620 Starting Live from 2015-03-04 to 2015-04-03
2015-06-30 19:54:30,576 Starting Live from 2015-03-04 to 2015-04-03
2015-06-30 20:05:44,157 Starting Training from 2015-03-04 to 2015-04-03
2015-06-30 20:07:25,853 Starting Training from 2015-03-04 to 2015-04-03
2015-06-30 20:07:56,428 Starting Training from 2015-03-04 to 2015-04-03
2015-06-30 20:08:58,697 Starting Live from 2015-04-04 to 2015-04-10
2015-06-30 20:09:35,666 Starting Live from 2015-04-04 to 2015-04-10
2015-06-30 20:09:46,796 Starting Live from 2015-04-04 to 2015-04-10
2015-06-30 20:12:36,985 Starting Q Learning for : 
2015-06-30 20:12:36,986 alpha = 0.2
2015-06-30 20:12:36,986 gamma = 0.4
2015-06-30 20:12:36,986 individual factor = 10
2015-06-30 20:12:36,986 zero range = 0.01
2015-06-30 20:12:36,986 greedy level = 5
2015-06-30 20:12:36,986 

2015-06-30 20:12:37,798 Starting Training from 2015-01-01 to 2015-01-31
2015-06-30 20:13:03,996 Starting Q Learning for : 
2015-06-30 20:13:03,996 alpha = 0.4
2015-06-30 20:13:03,996 gamma = 0.6
2015-06-30 20:13:03,996 individual factor = 10
2015-06-30 20:13:03,996 zero range = 0.01
2015-06-30 20:13:03,996 greedy level = 5
2015-06-30 20:13:03,996 

2015-06-30 20:13:04,496 Starting Training from 2015-01-01 to 2015-01-31
2015-06-30 20:13:14,811 Starting Q Learning for : 
2015-06-30 20:13:14,811 alpha = 0.6
2015-06-30 20:13:14,811 gamma = 0.8
2015-06-30 20:13:14,811 individual factor = 10
2015-06-30 20:13:14,811 zero range = 0.01
2015-06-30 20:13:14,811 greedy level = 5
2015-06-30 20:13:14,811 

2015-06-30 20:13:15,824 Starting Training from 2015-01-01 to 2015-01-31
2015-06-30 20:26:52,215 Starting Live from 2015-02-01 to 2015-03-03
2015-06-30 20:27:16,761 Starting Live from 2015-02-01 to 2015-03-03
2015-06-30 20:27:30,343 Starting Live from 2015-02-01 to 2015-03-03
2015-06-30 20:44:52,388 Starting Training from 2015-02-01 to 2015-03-03
2015-06-30 20:45:03,621 Starting Training from 2015-02-01 to 2015-03-03
2015-06-30 20:45:36,936 Starting Training from 2015-02-01 to 2015-03-03
2015-06-30 20:46:07,304 Starting Live from 2015-03-04 to 2015-04-03
2015-06-30 20:46:18,499 Starting Live from 2015-03-04 to 2015-04-03
2015-06-30 20:46:50,667 Starting Live from 2015-03-04 to 2015-04-03
2015-06-30 20:59:58,977 Starting Training from 2015-03-04 to 2015-04-03
2015-06-30 21:00:51,466 Starting Training from 2015-03-04 to 2015-04-03
2015-06-30 21:01:16,623 Starting Training from 2015-03-04 to 2015-04-03
2015-06-30 21:01:27,553 Starting Live from 2015-04-04 to 2015-04-10
2015-06-30 21:01:58,507 Starting Live from 2015-04-04 to 2015-04-10
2015-06-30 21:02:42,702 Starting Live from 2015-04-04 to 2015-04-10
2015-06-30 21:04:48,352 Starting Q Learning for : 
2015-06-30 21:04:48,352 alpha = 0.8
2015-06-30 21:04:48,352 gamma = 0.1
2015-06-30 21:04:48,352 individual factor = 10
2015-06-30 21:04:48,352 zero range = 0.01
2015-06-30 21:04:48,352 greedy level = 5
2015-06-30 21:04:48,352 

2015-06-30 21:04:49,328 Starting Training from 2015-01-01 to 2015-01-31
2015-06-30 21:05:31,518 Starting Q Learning for : 
2015-06-30 21:05:31,518 alpha = 0.2
2015-06-30 21:05:31,518 gamma = 0.5
2015-06-30 21:05:31,518 individual factor = 10
2015-06-30 21:05:31,518 zero range = 0.01
2015-06-30 21:05:31,518 greedy level = 5
2015-06-30 21:05:31,518 

2015-06-30 21:05:33,399 Starting Training from 2015-01-01 to 2015-01-31
2015-06-30 21:06:14,162 Starting Q Learning for : 
2015-06-30 21:06:14,162 alpha = 0.4
2015-06-30 21:06:14,163 gamma = 0.7
2015-06-30 21:06:14,163 individual factor = 10
2015-06-30 21:06:14,163 zero range = 0.01
2015-06-30 21:06:14,163 greedy level = 5
2015-06-30 21:06:14,163 

2015-06-30 21:06:15,235 Starting Training from 2015-01-01 to 2015-01-31
2015-06-30 21:19:03,242 Starting Live from 2015-02-01 to 2015-03-03
2015-06-30 21:19:52,024 Starting Live from 2015-02-01 to 2015-03-03
2015-06-30 21:20:36,681 Starting Live from 2015-02-01 to 2015-03-03
2015-06-30 21:35:25,054 Starting Training from 2015-02-01 to 2015-03-03
2015-06-30 21:36:09,199 Starting Training from 2015-02-01 to 2015-03-03
2015-06-30 21:36:43,704 Starting Live from 2015-03-04 to 2015-04-03
2015-06-30 21:36:58,924 Starting Training from 2015-02-01 to 2015-03-03
2015-06-30 21:37:26,774 Starting Live from 2015-03-04 to 2015-04-03
2015-06-30 21:38:15,895 Starting Live from 2015-03-04 to 2015-04-03
2015-06-30 21:50:43,560 Starting Training from 2015-03-04 to 2015-04-03
2015-06-30 21:52:00,264 Starting Training from 2015-03-04 to 2015-04-03
2015-06-30 21:52:35,464 Starting Training from 2015-03-04 to 2015-04-03
2015-06-30 21:52:41,712 Starting Live from 2015-04-04 to 2015-04-10
2015-06-30 21:53:08,343 Starting Live from 2015-04-04 to 2015-04-10
2015-06-30 21:53:39,294 Starting Live from 2015-04-04 to 2015-04-10
2015-06-30 21:56:03,877 Starting Q Learning for : 
2015-06-30 21:56:03,877 alpha = 0.4
2015-06-30 21:56:03,877 gamma = 0.8
2015-06-30 21:56:03,878 individual factor = 10
2015-06-30 21:56:03,878 zero range = 0.01
2015-06-30 21:56:03,878 greedy level = 5
2015-06-30 21:56:03,878 

2015-06-30 21:56:04,800 Starting Training from 2015-01-01 to 2015-01-31
2015-06-30 21:56:17,073 Starting Q Learning for : 
2015-06-30 21:56:17,073 alpha = 0.8
2015-06-30 21:56:17,073 gamma = 0.2
2015-06-30 21:56:17,073 individual factor = 10
2015-06-30 21:56:17,073 zero range = 0.01
2015-06-30 21:56:17,073 greedy level = 5
2015-06-30 21:56:17,073 

2015-06-30 21:56:18,436 Starting Training from 2015-01-01 to 2015-01-31
2015-06-30 21:57:12,662 Starting Q Learning for : 
2015-06-30 21:57:12,662 alpha = 0.2
2015-06-30 21:57:12,662 gamma = 0.6
2015-06-30 21:57:12,662 individual factor = 10
2015-06-30 21:57:12,662 zero range = 0.01
2015-06-30 21:57:12,662 greedy level = 5
2015-06-30 21:57:12,663 

2015-06-30 21:57:13,296 Starting Training from 2015-01-01 to 2015-01-31
2015-06-30 22:10:43,828 Starting Live from 2015-02-01 to 2015-03-03
2015-06-30 22:10:45,300 Starting Live from 2015-02-01 to 2015-03-03
2015-06-30 22:11:46,555 Starting Live from 2015-02-01 to 2015-03-03
2015-06-30 22:26:47,797 Starting Training from 2015-02-01 to 2015-03-03
2015-06-30 22:27:02,017 Starting Training from 2015-02-01 to 2015-03-03
2015-06-30 22:28:05,128 Starting Live from 2015-03-04 to 2015-04-03
2015-06-30 22:28:09,721 Starting Training from 2015-02-01 to 2015-03-03
2015-06-30 22:28:20,644 Starting Live from 2015-03-04 to 2015-04-03
2015-06-30 22:29:27,305 Starting Live from 2015-03-04 to 2015-04-03
2015-06-30 22:40:00,495 Starting Training from 2015-03-04 to 2015-04-03
2015-06-30 22:41:11,357 Starting Training from 2015-03-04 to 2015-04-03
2015-06-30 22:42:18,823 Starting Live from 2015-04-04 to 2015-04-10
2015-06-30 22:43:22,920 Starting Training from 2015-03-04 to 2015-04-03
2015-06-30 22:44:08,243 Starting Live from 2015-04-04 to 2015-04-10
2015-06-30 22:45:16,461 Starting Live from 2015-04-04 to 2015-04-10
2015-06-30 22:46:53,767 Starting Q Learning for : 
2015-06-30 22:46:53,767 alpha = 0.6
2015-06-30 22:46:53,767 gamma = 0.1
2015-06-30 22:46:53,767 individual factor = 10
2015-06-30 22:46:53,767 zero range = 0.01
2015-06-30 22:46:53,767 greedy level = 5
2015-06-30 22:46:53,767 

2015-06-30 22:46:54,665 Starting Training from 2015-01-01 to 2015-01-31
2015-06-30 22:47:55,613 Starting Q Learning for : 
2015-06-30 22:47:55,613 alpha = 0.8
2015-06-30 22:47:55,613 gamma = 0.3
2015-06-30 22:47:55,613 individual factor = 10
2015-06-30 22:47:55,613 zero range = 0.01
2015-06-30 22:47:55,614 greedy level = 5
2015-06-30 22:47:55,614 

2015-06-30 22:47:56,404 Starting Training from 2015-01-01 to 2015-01-31
2015-06-30 22:48:38,463 Starting Q Learning for : 
2015-06-30 22:48:38,464 alpha = 0.2
2015-06-30 22:48:38,464 gamma = 0.7
2015-06-30 22:48:38,464 individual factor = 10
2015-06-30 22:48:38,464 zero range = 0.01
2015-06-30 22:48:38,464 greedy level = 5
2015-06-30 22:48:38,464 

2015-06-30 22:48:41,697 Starting Training from 2015-01-01 to 2015-01-31
2015-06-30 23:00:43,992 Starting Live from 2015-02-01 to 2015-03-03
2015-06-30 23:02:17,416 Starting Live from 2015-02-01 to 2015-03-03
2015-06-30 23:03:12,271 Starting Live from 2015-02-01 to 2015-03-03
2015-06-30 23:17:15,740 Starting Training from 2015-02-01 to 2015-03-03
2015-06-30 23:19:03,185 Starting Training from 2015-02-01 to 2015-03-03
2015-06-30 23:19:31,769 Starting Live from 2015-03-04 to 2015-04-03
2015-06-30 23:19:47,731 Starting Training from 2015-02-01 to 2015-03-03
2015-06-30 23:20:21,176 Starting Live from 2015-03-04 to 2015-04-03
2015-06-30 23:21:06,427 Starting Live from 2015-03-04 to 2015-04-03
2015-06-30 23:31:43,890 Starting Training from 2015-03-04 to 2015-04-03
2015-06-30 23:32:40,375 Starting Training from 2015-03-04 to 2015-04-03
2015-06-30 23:33:23,960 Starting Live from 2015-04-04 to 2015-04-10
2015-06-30 23:33:53,770 Starting Training from 2015-03-04 to 2015-04-03
2015-06-30 23:35:36,562 Starting Live from 2015-04-04 to 2015-04-10
2015-06-30 23:36:39,390 Starting Live from 2015-04-04 to 2015-04-10
2015-06-30 23:38:31,561 Starting Q Learning for : 
2015-06-30 23:38:31,561 alpha = 0.6
2015-06-30 23:38:31,561 gamma = 0.2
2015-06-30 23:38:31,561 individual factor = 10
2015-06-30 23:38:31,562 zero range = 0.01
2015-06-30 23:38:31,562 greedy level = 5
2015-06-30 23:38:31,562 

2015-06-30 23:38:32,222 Starting Training from 2015-01-01 to 2015-01-31
2015-06-30 23:39:40,661 Starting Q Learning for : 
2015-06-30 23:39:40,661 alpha = 0.8
2015-06-30 23:39:40,661 gamma = 0.4
2015-06-30 23:39:40,661 individual factor = 10
2015-06-30 23:39:40,661 zero range = 0.01
2015-06-30 23:39:40,661 greedy level = 5
2015-06-30 23:39:40,661 

2015-06-30 23:39:42,270 Starting Training from 2015-01-01 to 2015-01-31
2015-06-30 23:40:11,484 Starting Q Learning for : 
2015-06-30 23:40:11,484 alpha = 0.2
2015-06-30 23:40:11,484 gamma = 0.8
2015-06-30 23:40:11,485 individual factor = 10
2015-06-30 23:40:11,485 zero range = 0.01
2015-06-30 23:40:11,485 greedy level = 5
2015-06-30 23:40:11,485 

2015-06-30 23:40:12,333 Starting Training from 2015-01-01 to 2015-01-31
2015-06-30 23:52:33,139 Starting Live from 2015-02-01 to 2015-03-03
2015-06-30 23:53:54,543 Starting Live from 2015-02-01 to 2015-03-03
2015-06-30 23:54:37,467 Starting Live from 2015-02-01 to 2015-03-03
2015-07-01 00:08:07,034 Starting Training from 2015-02-01 to 2015-03-03
2015-07-01 00:10:28,895 Starting Training from 2015-02-01 to 2015-03-03
2015-07-01 00:10:50,620 Starting Live from 2015-03-04 to 2015-04-03
2015-07-01 00:10:56,403 Starting Training from 2015-02-01 to 2015-03-03
2015-07-01 00:11:50,533 Starting Live from 2015-03-04 to 2015-04-03
2015-07-01 00:12:17,666 Starting Live from 2015-03-04 to 2015-04-03
2015-07-01 00:23:09,550 Starting Training from 2015-03-04 to 2015-04-03
2015-07-01 00:24:38,804 Starting Training from 2015-03-04 to 2015-04-03
2015-07-01 00:24:43,062 Starting Training from 2015-03-04 to 2015-04-03
2015-07-01 00:25:17,634 Starting Live from 2015-04-04 to 2015-04-10
2015-07-01 00:27:36,464 Starting Live from 2015-04-04 to 2015-04-10
2015-07-01 00:27:39,491 Starting Live from 2015-04-04 to 2015-04-10
2015-07-01 00:29:45,481 Starting Q Learning for : 
2015-07-01 00:29:45,481 alpha = 0.6
2015-07-01 00:29:45,481 gamma = 0.3
2015-07-01 00:29:45,481 individual factor = 10
2015-07-01 00:29:45,481 zero range = 0.01
2015-07-01 00:29:45,482 greedy level = 5
2015-07-01 00:29:45,482 

2015-07-01 00:29:47,169 Starting Training from 2015-01-01 to 2015-01-31
2015-07-01 00:30:47,670 Starting Q Learning for : 
2015-07-01 00:30:47,670 alpha = 0.4
2015-07-01 00:30:47,670 gamma = 0.1
2015-07-01 00:30:47,670 individual factor = 10
2015-07-01 00:30:47,670 zero range = 0.01
2015-07-01 00:30:47,670 greedy level = 5
2015-07-01 00:30:47,670 

2015-07-01 00:30:49,258 Starting Training from 2015-01-01 to 2015-01-31
2015-07-01 00:31:05,866 Starting Q Learning for : 
2015-07-01 00:31:05,866 alpha = 0.8
2015-07-01 00:31:05,866 gamma = 0.5
2015-07-01 00:31:05,866 individual factor = 10
2015-07-01 00:31:05,867 zero range = 0.01
2015-07-01 00:31:05,867 greedy level = 5
2015-07-01 00:31:05,867 

2015-07-01 00:31:06,653 Starting Training from 2015-01-01 to 2015-01-31
2015-07-01 00:42:52,800 Starting Live from 2015-02-01 to 2015-03-03
2015-07-01 00:44:48,856 Starting Live from 2015-02-01 to 2015-03-03
2015-07-01 00:45:20,302 Starting Live from 2015-02-01 to 2015-03-03
2015-07-01 00:58:30,686 Starting Training from 2015-02-01 to 2015-03-03
2015-07-01 00:59:40,081 Starting Training from 2015-02-01 to 2015-03-03
2015-07-01 01:01:19,931 Starting Training from 2015-02-01 to 2015-03-03
2015-07-01 01:01:48,613 Starting Live from 2015-03-04 to 2015-04-03
2015-07-01 01:02:40,533 Starting Live from 2015-03-04 to 2015-04-03
2015-07-01 01:03:18,627 Starting Live from 2015-03-04 to 2015-04-03
2015-07-01 01:14:55,280 Starting Training from 2015-03-04 to 2015-04-03
2015-07-01 01:15:08,829 Starting Training from 2015-03-04 to 2015-04-03
2015-07-01 01:16:29,435 Starting Training from 2015-03-04 to 2015-04-03
2015-07-01 01:17:13,342 Starting Live from 2015-04-04 to 2015-04-10
2015-07-01 01:17:47,026 Starting Live from 2015-04-04 to 2015-04-10
2015-07-01 01:19:26,880 Starting Live from 2015-04-04 to 2015-04-10
2015-07-01 01:21:45,924 Starting Q Learning for : 
2015-07-01 01:21:45,924 alpha = 0.6
2015-07-01 01:21:45,924 gamma = 0.4
2015-07-01 01:21:45,924 individual factor = 10
2015-07-01 01:21:45,924 zero range = 0.01
2015-07-01 01:21:45,924 greedy level = 5
2015-07-01 01:21:45,924 

2015-07-01 01:21:46,824 Starting Training from 2015-01-01 to 2015-01-31
2015-07-01 01:22:16,746 Starting Q Learning for : 
2015-07-01 01:22:16,746 alpha = 0.4
2015-07-01 01:22:16,746 gamma = 0.2
2015-07-01 01:22:16,746 individual factor = 10
2015-07-01 01:22:16,746 zero range = 0.01
2015-07-01 01:22:16,746 greedy level = 5
2015-07-01 01:22:16,746 

2015-07-01 01:22:17,471 Starting Training from 2015-01-01 to 2015-01-31
2015-07-01 01:23:06,790 Starting Q Learning for : 
2015-07-01 01:23:06,791 alpha = 0.8
2015-07-01 01:23:06,791 gamma = 0.6
2015-07-01 01:23:06,791 individual factor = 10
2015-07-01 01:23:06,791 zero range = 0.01
2015-07-01 01:23:06,791 greedy level = 5
2015-07-01 01:23:06,791 

2015-07-01 01:23:07,744 Starting Training from 2015-01-01 to 2015-01-31
2015-07-01 01:34:30,985 Starting Live from 2015-02-01 to 2015-03-03
2015-07-01 01:35:36,089 Starting Live from 2015-02-01 to 2015-03-03
2015-07-01 01:37:11,636 Starting Live from 2015-02-01 to 2015-03-03
2015-07-01 01:50:20,753 Starting Training from 2015-02-01 to 2015-03-03
2015-07-01 01:52:06,403 Starting Training from 2015-02-01 to 2015-03-03
2015-07-01 01:53:19,865 Starting Training from 2015-02-01 to 2015-03-03
2015-07-01 01:53:40,775 Starting Live from 2015-03-04 to 2015-04-03
2015-07-01 01:54:28,491 Starting Live from 2015-03-04 to 2015-04-03
2015-07-01 01:54:58,857 Starting Live from 2015-03-04 to 2015-04-03
2015-07-01 02:06:38,935 Starting Training from 2015-03-04 to 2015-04-03
2015-07-01 02:08:12,277 Starting Training from 2015-03-04 to 2015-04-03
2015-07-01 02:08:57,601 Starting Training from 2015-03-04 to 2015-04-03
2015-07-01 02:09:39,567 Starting Live from 2015-04-04 to 2015-04-10
2015-07-01 02:11:06,587 Starting Live from 2015-04-04 to 2015-04-10
2015-07-01 02:11:51,103 Starting Live from 2015-04-04 to 2015-04-10
2015-07-01 02:14:02,790 Starting Q Learning for : 
2015-07-01 02:14:02,791 alpha = 0.6
2015-07-01 02:14:02,791 gamma = 0.5
2015-07-01 02:14:02,791 individual factor = 10
2015-07-01 02:14:02,791 zero range = 0.01
2015-07-01 02:14:02,791 greedy level = 5
2015-07-01 02:14:02,791 

2015-07-01 02:14:04,453 Starting Training from 2015-01-01 to 2015-01-31
2015-07-01 02:14:31,500 Starting Q Learning for : 
2015-07-01 02:14:31,501 alpha = 0.4
2015-07-01 02:14:31,501 gamma = 0.3
2015-07-01 02:14:31,501 individual factor = 10
2015-07-01 02:14:31,501 zero range = 0.01
2015-07-01 02:14:31,501 greedy level = 5
2015-07-01 02:14:31,501 

2015-07-01 02:14:32,808 Starting Training from 2015-01-01 to 2015-01-31
2015-07-01 02:15:25,819 Starting Q Learning for : 
2015-07-01 02:15:25,819 alpha = 0.8
2015-07-01 02:15:25,819 gamma = 0.7
2015-07-01 02:15:25,819 individual factor = 10
2015-07-01 02:15:25,819 zero range = 0.01
2015-07-01 02:15:25,820 greedy level = 5
2015-07-01 02:15:25,820 

2015-07-01 02:15:26,915 Starting Training from 2015-01-01 to 2015-01-31
2015-07-01 02:27:37,070 Starting Live from 2015-02-01 to 2015-03-03
2015-07-01 02:28:24,671 Starting Live from 2015-02-01 to 2015-03-03
2015-07-01 02:29:41,227 Starting Live from 2015-02-01 to 2015-03-03
2015-07-01 02:42:42,464 Starting Training from 2015-02-01 to 2015-03-03
2015-07-01 02:43:46,648 Starting Training from 2015-02-01 to 2015-03-03
2015-07-01 02:45:20,177 Starting Training from 2015-02-01 to 2015-03-03
2015-07-01 02:46:01,393 Starting Live from 2015-03-04 to 2015-04-03
2015-07-01 02:46:25,152 Starting Live from 2015-03-04 to 2015-04-03
2015-07-01 02:47:05,777 Starting Live from 2015-03-04 to 2015-04-03
2015-07-01 02:58:15,315 Starting Training from 2015-03-04 to 2015-04-03
2015-07-01 02:58:50,245 Starting Training from 2015-03-04 to 2015-04-03
2015-07-01 02:59:01,058 Starting Training from 2015-03-04 to 2015-04-03
2015-07-01 02:59:22,493 Starting Live from 2015-04-04 to 2015-04-10
2015-07-01 03:00:45,759 Starting Live from 2015-04-04 to 2015-04-10
2015-07-01 03:01:17,210 Starting Live from 2015-04-04 to 2015-04-10
2015-07-01 03:04:47,727 Starting Q Learning for : 
2015-07-01 03:04:47,727 alpha = 0.6
2015-07-01 03:04:47,727 gamma = 0.6
2015-07-01 03:04:47,727 individual factor = 10
2015-07-01 03:04:47,727 zero range = 0.01
2015-07-01 03:04:47,727 greedy level = 5
2015-07-01 03:04:47,727 

2015-07-01 03:04:48,773 Starting Training from 2015-01-01 to 2015-01-31
2015-07-01 03:05:35,805 Starting Q Learning for : 
2015-07-01 03:05:35,805 alpha = 0.4
2015-07-01 03:05:35,805 gamma = 0.4
2015-07-01 03:05:35,805 individual factor = 10
2015-07-01 03:05:35,805 zero range = 0.01
2015-07-01 03:05:35,805 greedy level = 5
2015-07-01 03:05:35,805 

2015-07-01 03:05:36,942 Starting Training from 2015-01-01 to 2015-01-31
2015-07-01 03:05:54,984 Starting Q Learning for : 
2015-07-01 03:05:54,984 alpha = 0.8
2015-07-01 03:05:54,985 gamma = 0.8
2015-07-01 03:05:54,985 individual factor = 10
2015-07-01 03:05:54,985 zero range = 0.01
2015-07-01 03:05:54,985 greedy level = 5
2015-07-01 03:05:54,985 

2015-07-01 03:05:55,675 Starting Training from 2015-01-01 to 2015-01-31
2015-07-01 03:18:41,176 Starting Live from 2015-02-01 to 2015-03-03
2015-07-01 03:20:06,793 Starting Live from 2015-02-01 to 2015-03-03
2015-07-01 03:20:29,479 Starting Live from 2015-02-01 to 2015-03-03
2015-07-01 03:33:28,353 Starting Training from 2015-02-01 to 2015-03-03
2015-07-01 03:34:08,974 Starting Training from 2015-02-01 to 2015-03-03
2015-07-01 03:34:21,089 Starting Training from 2015-02-01 to 2015-03-03
2015-07-01 03:36:08,982 Starting Live from 2015-03-04 to 2015-04-03
2015-07-01 03:37:31,981 Starting Live from 2015-03-04 to 2015-04-03
2015-07-01 03:37:44,098 Starting Live from 2015-03-04 to 2015-04-03
2015-07-01 03:48:53,115 Starting Training from 2015-03-04 to 2015-04-03
2015-07-01 03:49:11,246 Starting Training from 2015-03-04 to 2015-04-03
2015-07-01 03:49:21,502 Starting Training from 2015-03-04 to 2015-04-03
2015-07-01 03:50:04,738 Starting Live from 2015-04-04 to 2015-04-10
2015-07-01 03:50:13,792 Starting Live from 2015-04-04 to 2015-04-10
2015-07-01 03:50:26,658 Starting Live from 2015-04-04 to 2015-04-10
