2015-06-29 01:36:00,621 Starting Q Learning for : 
2015-06-29 01:36:00,622 alpha = 0.5
2015-06-29 01:36:00,622 gamma = 0.1
2015-06-29 01:36:00,622 individual factor = 10
2015-06-29 01:36:00,622 zero range = 0.002
2015-06-29 01:36:00,622 greedy level = 5
2015-06-29 01:36:00,622 

2015-06-29 01:36:07,926 Starting Training from 2014-12-17 to 2015-01-01
2015-06-29 01:43:11,408 Starting Live from 2015-01-02 to 2015-02-01
2015-06-29 01:59:13,075 Starting Training from 2015-01-17 to 2015-02-01
2015-06-29 02:00:05,611 Starting Live from 2015-02-02 to 2015-03-04
2015-06-29 02:14:40,016 Starting Training from 2015-02-17 to 2015-03-04
2015-06-29 02:15:26,746 Starting Live from 2015-03-05 to 2015-04-04
2015-06-29 02:29:07,479 Starting Training from 2015-03-20 to 2015-04-04
2015-06-29 02:30:35,086 Starting Live from 2015-04-05 to 2015-04-10
2015-06-29 02:34:21,834 Starting Q Learning for : 
2015-06-29 02:34:21,834 alpha = 0.5
2015-06-29 02:34:21,834 gamma = 0.2
2015-06-29 02:34:21,834 individual factor = 10
2015-06-29 02:34:21,834 zero range = 0.002
2015-06-29 02:34:21,834 greedy level = 5
2015-06-29 02:34:21,834 

2015-06-29 02:34:27,433 Starting Training from 2014-12-17 to 2015-01-01
2015-06-29 02:40:43,055 Starting Live from 2015-01-02 to 2015-02-01
2015-06-29 02:56:51,339 Starting Training from 2015-01-17 to 2015-02-01
2015-06-29 02:57:47,974 Starting Live from 2015-02-02 to 2015-03-04
2015-06-29 03:13:31,928 Starting Training from 2015-02-17 to 2015-03-04
2015-06-29 03:14:22,973 Starting Live from 2015-03-05 to 2015-04-04
2015-06-29 03:38:55,292 Starting Training from 2015-03-20 to 2015-04-04
2015-06-29 03:40:14,151 Starting Live from 2015-04-05 to 2015-04-10
2015-06-29 03:46:36,078 Starting Q Learning for : 
2015-06-29 03:46:36,078 alpha = 0.5
2015-06-29 03:46:36,078 gamma = 0.3
2015-06-29 03:46:36,078 individual factor = 10
2015-06-29 03:46:36,078 zero range = 0.002
2015-06-29 03:46:36,078 greedy level = 5
2015-06-29 03:46:36,078 

2015-06-29 03:46:43,184 Starting Training from 2014-12-17 to 2015-01-01
2015-06-29 03:53:04,315 Starting Live from 2015-01-02 to 2015-02-01
2015-06-29 04:08:43,154 Starting Training from 2015-01-17 to 2015-02-01
2015-06-29 04:09:36,092 Starting Live from 2015-02-02 to 2015-03-04
2015-06-29 04:27:05,250 Starting Training from 2015-02-17 to 2015-03-04
2015-06-29 04:27:59,365 Starting Live from 2015-03-05 to 2015-04-04
2015-06-29 04:54:55,913 Starting Training from 2015-03-20 to 2015-04-04
2015-06-29 04:55:55,865 Starting Live from 2015-04-05 to 2015-04-10
2015-06-29 05:00:25,201 Starting Q Learning for : 
2015-06-29 05:00:25,201 alpha = 0.5
2015-06-29 05:00:25,201 gamma = 0.4
2015-06-29 05:00:25,201 individual factor = 10
2015-06-29 05:00:25,201 zero range = 0.002
2015-06-29 05:00:25,203 greedy level = 5
2015-06-29 05:00:25,203 

2015-06-29 05:00:31,779 Starting Training from 2014-12-17 to 2015-01-01
2015-06-29 05:06:42,793 Starting Live from 2015-01-02 to 2015-02-01
2015-06-29 05:22:59,974 Starting Training from 2015-01-17 to 2015-02-01
2015-06-29 05:23:54,641 Starting Live from 2015-02-02 to 2015-03-04
2015-06-29 05:40:15,848 Starting Training from 2015-02-17 to 2015-03-04
2015-06-29 05:41:11,022 Starting Live from 2015-03-05 to 2015-04-04
2015-06-29 06:02:53,148 Starting Training from 2015-03-20 to 2015-04-04
2015-06-29 06:03:50,676 Starting Live from 2015-04-05 to 2015-04-10
2015-06-29 06:08:08,326 Starting Q Learning for : 
2015-06-29 06:08:08,326 alpha = 0.5
2015-06-29 06:08:08,326 gamma = 0.5
2015-06-29 06:08:08,326 individual factor = 10
2015-06-29 06:08:08,326 zero range = 0.002
2015-06-29 06:08:08,328 greedy level = 5
2015-06-29 06:08:08,328 

2015-06-29 06:08:15,325 Starting Training from 2014-12-17 to 2015-01-01
2015-06-29 06:14:44,140 Starting Live from 2015-01-02 to 2015-02-01
2015-06-29 06:30:34,680 Starting Training from 2015-01-17 to 2015-02-01
2015-06-29 06:31:30,588 Starting Live from 2015-02-02 to 2015-03-04
2015-06-29 06:47:09,466 Starting Training from 2015-02-17 to 2015-03-04
2015-06-29 06:48:04,141 Starting Live from 2015-03-05 to 2015-04-04
2015-06-29 07:06:32,566 Starting Training from 2015-03-20 to 2015-04-04
2015-06-29 07:07:41,994 Starting Live from 2015-04-05 to 2015-04-10
2015-06-29 07:11:35,440 Starting Q Learning for : 
2015-06-29 07:11:35,440 alpha = 0.5
2015-06-29 07:11:35,440 gamma = 0.6
2015-06-29 07:11:35,440 individual factor = 10
2015-06-29 07:11:35,440 zero range = 0.002
2015-06-29 07:11:35,440 greedy level = 5
2015-06-29 07:11:35,440 

2015-06-29 07:11:41,391 Starting Training from 2014-12-17 to 2015-01-01
2015-06-29 07:18:10,999 Starting Live from 2015-01-02 to 2015-02-01
2015-06-29 07:33:35,236 Starting Training from 2015-01-17 to 2015-02-01
2015-06-29 07:34:34,089 Starting Live from 2015-02-02 to 2015-03-04
2015-06-29 07:48:46,407 Starting Training from 2015-02-17 to 2015-03-04
2015-06-29 07:50:26,282 Starting Live from 2015-03-05 to 2015-04-04
2015-06-29 08:07:53,286 Starting Training from 2015-03-20 to 2015-04-04
2015-06-29 08:08:58,960 Starting Live from 2015-04-05 to 2015-04-10
2015-06-29 08:14:05,226 Starting Q Learning for : 
2015-06-29 08:14:05,226 alpha = 0.5
2015-06-29 08:14:05,226 gamma = 0.7
2015-06-29 08:14:05,226 individual factor = 10
2015-06-29 08:14:05,226 zero range = 0.002
2015-06-29 08:14:05,226 greedy level = 5
2015-06-29 08:14:05,226 

2015-06-29 08:14:14,706 Starting Training from 2014-12-17 to 2015-01-01
2015-06-29 08:20:54,970 Starting Live from 2015-01-02 to 2015-02-01
2015-06-29 08:33:06,490 Starting Training from 2015-01-17 to 2015-02-01
2015-06-29 08:34:03,256 Starting Live from 2015-02-02 to 2015-03-04
2015-06-29 08:41:50,203 Starting Training from 2015-02-17 to 2015-03-04
2015-06-29 08:45:13,296 Starting Live from 2015-03-05 to 2015-04-04
2015-06-29 09:00:10,263 Starting Training from 2015-03-20 to 2015-04-04
2015-06-29 09:01:32,882 Starting Live from 2015-04-05 to 2015-04-10
2015-06-29 09:03:37,369 Starting Q Learning for : 
2015-06-29 09:03:37,369 alpha = 0.5
2015-06-29 09:03:37,369 gamma = 0.8
2015-06-29 09:03:37,369 individual factor = 10
2015-06-29 09:03:37,369 zero range = 0.002
2015-06-29 09:03:37,369 greedy level = 5
2015-06-29 09:03:37,369 

2015-06-29 09:03:43,571 Starting Training from 2014-12-17 to 2015-01-01
2015-06-29 09:10:21,520 Starting Live from 2015-01-02 to 2015-02-01
2015-06-29 09:20:58,654 Starting Training from 2015-01-17 to 2015-02-01
2015-06-29 09:22:12,042 Starting Live from 2015-02-02 to 2015-03-04
2015-06-29 09:26:38,086 Starting Training from 2015-02-17 to 2015-03-04
2015-06-29 09:30:35,796 Starting Live from 2015-03-05 to 2015-04-04
2015-06-29 09:40:57,335 Starting Training from 2015-03-20 to 2015-04-04
2015-06-29 09:42:55,552 Starting Live from 2015-04-05 to 2015-04-10
2015-06-29 09:45:20,414 Starting Q Learning for : 
2015-06-29 09:45:20,414 alpha = 0.5
2015-06-29 09:45:20,414 gamma = 0.1
2015-06-29 09:45:20,414 individual factor = 10
2015-06-29 09:45:20,414 zero range = 0.006
2015-06-29 09:45:20,414 greedy level = 5
2015-06-29 09:45:20,414 

2015-06-29 09:45:28,242 Starting Training from 2014-12-17 to 2015-01-01
2015-06-29 09:52:07,210 Starting Live from 2015-01-02 to 2015-02-01
2015-06-29 10:07:20,421 Starting Training from 2015-01-17 to 2015-02-01
2015-06-29 10:08:27,176 Starting Live from 2015-02-02 to 2015-03-04
2015-06-29 10:23:03,976 Starting Training from 2015-02-17 to 2015-03-04
2015-06-29 10:23:57,971 Starting Live from 2015-03-05 to 2015-04-04
2015-06-29 10:41:32,815 Starting Training from 2015-03-20 to 2015-04-04
2015-06-29 10:42:45,585 Starting Live from 2015-04-05 to 2015-04-10
2015-06-29 10:45:56,089 Starting Q Learning for : 
2015-06-29 10:45:56,089 alpha = 0.5
2015-06-29 10:45:56,089 gamma = 0.2
2015-06-29 10:45:56,091 individual factor = 10
2015-06-29 10:45:56,091 zero range = 0.006
2015-06-29 10:45:56,091 greedy level = 5
2015-06-29 10:45:56,091 

2015-06-29 10:46:03,237 Starting Training from 2014-12-17 to 2015-01-01
2015-06-29 10:52:55,457 Starting Live from 2015-01-02 to 2015-02-01
2015-06-29 11:08:29,431 Starting Training from 2015-01-17 to 2015-02-01
2015-06-29 11:09:28,448 Starting Live from 2015-02-02 to 2015-03-04
2015-06-29 11:25:27,377 Starting Training from 2015-02-17 to 2015-03-04
2015-06-29 11:26:18,312 Starting Live from 2015-03-05 to 2015-04-04
2015-06-29 11:47:10,779 Starting Training from 2015-03-20 to 2015-04-04
2015-06-29 11:48:10,384 Starting Live from 2015-04-05 to 2015-04-10
2015-06-29 11:54:33,391 Starting Q Learning for : 
2015-06-29 11:54:33,391 alpha = 0.5
2015-06-29 11:54:33,391 gamma = 0.3
2015-06-29 11:54:33,391 individual factor = 10
2015-06-29 11:54:33,391 zero range = 0.006
2015-06-29 11:54:33,391 greedy level = 5
2015-06-29 11:54:33,391 

2015-06-29 11:54:39,882 Starting Training from 2014-12-17 to 2015-01-01
2015-06-29 12:01:29,453 Starting Live from 2015-01-02 to 2015-02-01
2015-06-29 12:16:20,855 Starting Training from 2015-01-17 to 2015-02-01
2015-06-29 12:17:16,786 Starting Live from 2015-02-02 to 2015-03-04
2015-06-29 12:31:22,269 Starting Training from 2015-02-17 to 2015-03-04
2015-06-29 12:32:30,720 Starting Live from 2015-03-05 to 2015-04-04
2015-06-29 12:49:14,055 Starting Training from 2015-03-20 to 2015-04-04
2015-06-29 12:50:17,463 Starting Live from 2015-04-05 to 2015-04-10
2015-06-29 12:54:24,822 Starting Q Learning for : 
2015-06-29 12:54:24,822 alpha = 0.5
2015-06-29 12:54:24,822 gamma = 0.4
2015-06-29 12:54:24,822 individual factor = 10
2015-06-29 12:54:24,822 zero range = 0.006
2015-06-29 12:54:24,822 greedy level = 5
2015-06-29 12:54:24,822 

2015-06-29 12:54:30,947 Starting Training from 2014-12-17 to 2015-01-01
2015-06-29 13:00:52,641 Starting Live from 2015-01-02 to 2015-02-01
2015-06-29 13:16:49,937 Starting Training from 2015-01-17 to 2015-02-01
2015-06-29 13:17:52,852 Starting Live from 2015-02-02 to 2015-03-04
2015-06-29 13:31:38,502 Starting Training from 2015-02-17 to 2015-03-04
2015-06-29 13:33:15,053 Starting Live from 2015-03-05 to 2015-04-04
2015-06-29 13:58:36,954 Starting Training from 2015-03-20 to 2015-04-04
2015-06-29 13:59:27,943 Starting Live from 2015-04-05 to 2015-04-10
2015-06-29 14:03:36,858 Starting Q Learning for : 
2015-06-29 14:03:36,858 alpha = 0.5
2015-06-29 14:03:36,858 gamma = 0.5
2015-06-29 14:03:36,858 individual factor = 10
2015-06-29 14:03:36,858 zero range = 0.006
2015-06-29 14:03:36,858 greedy level = 5
2015-06-29 14:03:36,858 

2015-06-29 14:03:42,220 Starting Training from 2014-12-17 to 2015-01-01
2015-06-29 14:10:04,648 Starting Live from 2015-01-02 to 2015-02-01
2015-06-29 14:26:13,759 Starting Training from 2015-01-17 to 2015-02-01
2015-06-29 14:27:10,085 Starting Live from 2015-02-02 to 2015-03-04
2015-06-29 14:42:49,263 Starting Training from 2015-02-17 to 2015-03-04
2015-06-29 14:43:49,214 Starting Live from 2015-03-05 to 2015-04-04
2015-06-29 15:07:36,082 Starting Training from 2015-03-20 to 2015-04-04
2015-06-29 15:08:40,002 Starting Live from 2015-04-05 to 2015-04-10
2015-06-29 15:16:14,683 Starting Q Learning for : 
2015-06-29 15:16:14,683 alpha = 0.5
2015-06-29 15:16:14,683 gamma = 0.6
2015-06-29 15:16:14,683 individual factor = 10
2015-06-29 15:16:14,683 zero range = 0.006
2015-06-29 15:16:14,683 greedy level = 5
2015-06-29 15:16:14,683 

2015-06-29 15:16:24,717 Starting Training from 2014-12-17 to 2015-01-01
2015-06-29 15:22:54,486 Starting Live from 2015-01-02 to 2015-02-01
2015-06-29 15:38:56,641 Starting Training from 2015-01-17 to 2015-02-01
2015-06-29 15:39:55,765 Starting Live from 2015-02-02 to 2015-03-04
2015-06-29 15:55:22,364 Starting Training from 2015-02-17 to 2015-03-04
2015-06-29 15:56:26,711 Starting Live from 2015-03-05 to 2015-04-04
2015-06-29 16:11:27,586 Starting Training from 2015-03-20 to 2015-04-04
2015-06-29 16:12:37,964 Starting Live from 2015-04-05 to 2015-04-10
2015-06-29 16:17:06,538 Starting Q Learning for : 
2015-06-29 16:17:06,539 alpha = 0.5
2015-06-29 16:17:06,539 gamma = 0.7
2015-06-29 16:17:06,539 individual factor = 10
2015-06-29 16:17:06,539 zero range = 0.006
2015-06-29 16:17:06,539 greedy level = 5
2015-06-29 16:17:06,539 

2015-06-29 16:17:12,631 Starting Training from 2014-12-17 to 2015-01-01
2015-06-29 16:23:39,766 Starting Live from 2015-01-02 to 2015-02-01
2015-06-29 16:35:47,226 Starting Training from 2015-01-17 to 2015-02-01
2015-06-29 16:37:01,805 Starting Live from 2015-02-02 to 2015-03-04
2015-06-29 16:44:29,776 Starting Training from 2015-02-17 to 2015-03-04
2015-06-29 16:47:43,500 Starting Live from 2015-03-05 to 2015-04-04
2015-06-29 17:02:36,292 Starting Training from 2015-03-20 to 2015-04-04
2015-06-29 17:04:18,015 Starting Live from 2015-04-05 to 2015-04-10
2015-06-29 17:06:29,197 Starting Q Learning for : 
2015-06-29 17:06:29,197 alpha = 0.5
2015-06-29 17:06:29,197 gamma = 0.8
2015-06-29 17:06:29,197 individual factor = 10
2015-06-29 17:06:29,197 zero range = 0.006
2015-06-29 17:06:29,197 greedy level = 5
2015-06-29 17:06:29,197 

2015-06-29 17:06:36,098 Starting Training from 2014-12-17 to 2015-01-01
2015-06-29 17:13:08,036 Starting Live from 2015-01-02 to 2015-02-01
2015-06-29 17:24:33,256 Starting Training from 2015-01-17 to 2015-02-01
2015-06-29 17:25:40,305 Starting Live from 2015-02-02 to 2015-03-04
2015-06-29 17:29:45,865 Starting Training from 2015-02-17 to 2015-03-04
2015-06-29 17:33:52,448 Starting Live from 2015-03-05 to 2015-04-04
2015-06-29 17:43:43,443 Starting Training from 2015-03-20 to 2015-04-04
2015-06-29 17:45:56,483 Starting Live from 2015-04-05 to 2015-04-10
2015-06-29 17:48:26,851 Starting Q Learning for : 
2015-06-29 17:48:26,851 alpha = 0.2
2015-06-29 17:48:26,851 gamma = 0.1
2015-06-29 17:48:26,851 individual factor = 10
2015-06-29 17:48:26,851 zero range = 0.006
2015-06-29 17:48:26,851 greedy level = 5
2015-06-29 17:48:26,851 

2015-06-29 17:48:35,924 Starting Training from 2014-12-17 to 2015-01-01
2015-06-29 17:55:17,826 Starting Live from 2015-01-02 to 2015-02-01
2015-06-29 18:11:35,621 Starting Training from 2015-01-17 to 2015-02-01
2015-06-29 18:12:40,299 Starting Live from 2015-02-02 to 2015-03-04
2015-06-29 18:27:35,851 Starting Training from 2015-02-17 to 2015-03-04
2015-06-29 18:28:28,028 Starting Live from 2015-03-05 to 2015-04-04
2015-06-29 18:46:05,280 Starting Training from 2015-03-20 to 2015-04-04
2015-06-29 18:47:01,549 Starting Live from 2015-04-05 to 2015-04-10
2015-06-29 18:50:28,795 Starting Q Learning for : 
2015-06-29 18:50:28,795 alpha = 0.2
2015-06-29 18:50:28,795 gamma = 0.2
2015-06-29 18:50:28,795 individual factor = 10
2015-06-29 18:50:28,795 zero range = 0.006
2015-06-29 18:50:28,795 greedy level = 5
2015-06-29 18:50:28,795 

2015-06-29 18:50:34,716 Starting Training from 2014-12-17 to 2015-01-01
2015-06-29 18:57:23,398 Starting Live from 2015-01-02 to 2015-02-01
2015-06-29 19:12:10,618 Starting Training from 2015-01-17 to 2015-02-01
2015-06-29 19:13:08,101 Starting Live from 2015-02-02 to 2015-03-04
2015-06-29 19:29:09,976 Starting Training from 2015-02-17 to 2015-03-04
2015-06-29 19:30:06,263 Starting Live from 2015-03-05 to 2015-04-04
2015-06-29 19:49:44,812 Starting Training from 2015-03-20 to 2015-04-04
2015-06-29 19:50:50,983 Starting Live from 2015-04-05 to 2015-04-10
2015-06-29 19:54:48,180 Starting Q Learning for : 
2015-06-29 19:54:48,180 alpha = 0.2
2015-06-29 19:54:48,181 gamma = 0.3
2015-06-29 19:54:48,181 individual factor = 10
2015-06-29 19:54:48,181 zero range = 0.006
2015-06-29 19:54:48,181 greedy level = 5
2015-06-29 19:54:48,181 

2015-06-29 19:54:54,206 Starting Training from 2014-12-17 to 2015-01-01
2015-06-29 20:01:17,502 Starting Live from 2015-01-02 to 2015-02-01
2015-06-29 20:16:51,061 Starting Training from 2015-01-17 to 2015-02-01
2015-06-29 20:17:48,516 Starting Live from 2015-02-02 to 2015-03-04
2015-06-29 20:32:54,015 Starting Training from 2015-02-17 to 2015-03-04
2015-06-29 20:33:44,351 Starting Live from 2015-03-05 to 2015-04-04
2015-06-29 20:52:46,937 Starting Training from 2015-03-20 to 2015-04-04
2015-06-29 20:53:57,855 Starting Live from 2015-04-05 to 2015-04-10
2015-06-29 20:58:46,141 Starting Q Learning for : 
2015-06-29 20:58:46,141 alpha = 0.2
2015-06-29 20:58:46,141 gamma = 0.4
2015-06-29 20:58:46,141 individual factor = 10
2015-06-29 20:58:46,141 zero range = 0.006
2015-06-29 20:58:46,141 greedy level = 5
2015-06-29 20:58:46,141 

2015-06-29 20:58:52,671 Starting Training from 2014-12-17 to 2015-01-01
2015-06-29 21:05:03,444 Starting Live from 2015-01-02 to 2015-02-01
2015-06-29 21:20:52,703 Starting Training from 2015-01-17 to 2015-02-01
2015-06-29 21:21:52,163 Starting Live from 2015-02-02 to 2015-03-04
2015-06-29 21:37:14,447 Starting Training from 2015-02-17 to 2015-03-04
2015-06-29 21:38:22,710 Starting Live from 2015-03-05 to 2015-04-04
2015-06-29 21:57:38,151 Starting Training from 2015-03-20 to 2015-04-04
2015-06-29 21:59:00,464 Starting Live from 2015-04-05 to 2015-04-10
2015-06-29 22:03:34,131 Starting Q Learning for : 
2015-06-29 22:03:34,131 alpha = 0.2
2015-06-29 22:03:34,131 gamma = 0.5
2015-06-29 22:03:34,131 individual factor = 10
2015-06-29 22:03:34,131 zero range = 0.006
2015-06-29 22:03:34,131 greedy level = 5
2015-06-29 22:03:34,131 

2015-06-29 22:03:40,668 Starting Training from 2014-12-17 to 2015-01-01
2015-06-29 22:10:06,696 Starting Live from 2015-01-02 to 2015-02-01
2015-06-29 22:25:59,614 Starting Training from 2015-01-17 to 2015-02-01
2015-06-29 22:26:57,653 Starting Live from 2015-02-02 to 2015-03-04
2015-06-29 22:42:19,933 Starting Training from 2015-02-17 to 2015-03-04
2015-06-29 22:43:17,552 Starting Live from 2015-03-05 to 2015-04-04
2015-06-29 23:08:49,673 Starting Training from 2015-03-20 to 2015-04-04
2015-06-29 23:10:17,384 Starting Live from 2015-04-05 to 2015-04-10
2015-06-29 23:14:22,394 Starting Q Learning for : 
2015-06-29 23:14:22,394 alpha = 0.2
2015-06-29 23:14:22,394 gamma = 0.6
2015-06-29 23:14:22,394 individual factor = 10
2015-06-29 23:14:22,394 zero range = 0.006
2015-06-29 23:14:22,394 greedy level = 5
2015-06-29 23:14:22,394 

2015-06-29 23:14:28,283 Starting Training from 2014-12-17 to 2015-01-01
2015-06-29 23:21:35,802 Starting Live from 2015-01-02 to 2015-02-01
2015-06-29 23:37:35,433 Starting Training from 2015-01-17 to 2015-02-01
2015-06-29 23:38:38,147 Starting Live from 2015-02-02 to 2015-03-04
2015-06-29 23:53:27,941 Starting Training from 2015-02-17 to 2015-03-04
2015-06-29 23:54:39,634 Starting Live from 2015-03-05 to 2015-04-04
2015-06-30 00:16:01,460 Starting Training from 2015-03-20 to 2015-04-04
2015-06-30 00:17:09,572 Starting Live from 2015-04-05 to 2015-04-10
2015-06-30 00:23:41,003 Starting Q Learning for : 
2015-06-30 00:23:41,003 alpha = 0.2
2015-06-30 00:23:41,003 gamma = 0.7
2015-06-30 00:23:41,003 individual factor = 10
2015-06-30 00:23:41,003 zero range = 0.006
2015-06-30 00:23:41,003 greedy level = 5
2015-06-30 00:23:41,003 

2015-06-30 00:23:48,697 Starting Training from 2014-12-17 to 2015-01-01
2015-06-30 00:30:16,766 Starting Live from 2015-01-02 to 2015-02-01
2015-06-30 00:43:33,992 Starting Training from 2015-01-17 to 2015-02-01
2015-06-30 00:44:41,247 Starting Live from 2015-02-02 to 2015-03-04
2015-06-30 00:52:26,543 Starting Training from 2015-02-17 to 2015-03-04
2015-06-30 00:55:34,249 Starting Live from 2015-03-05 to 2015-04-04
2015-06-30 01:09:19,819 Starting Training from 2015-03-20 to 2015-04-04
2015-06-30 01:11:03,701 Starting Live from 2015-04-05 to 2015-04-10
2015-06-30 01:13:20,191 Starting Q Learning for : 
2015-06-30 01:13:20,191 alpha = 0.2
2015-06-30 01:13:20,191 gamma = 0.8
2015-06-30 01:13:20,191 individual factor = 10
2015-06-30 01:13:20,191 zero range = 0.006
2015-06-30 01:13:20,193 greedy level = 5
2015-06-30 01:13:20,193 

2015-06-30 01:13:25,809 Starting Training from 2014-12-17 to 2015-01-01
2015-06-30 01:19:57,181 Starting Live from 2015-01-02 to 2015-02-01
2015-06-30 01:31:11,082 Starting Training from 2015-01-17 to 2015-02-01
2015-06-30 01:32:09,240 Starting Live from 2015-02-02 to 2015-03-04
2015-06-30 01:36:14,686 Starting Training from 2015-02-17 to 2015-03-04
2015-06-30 01:40:15,624 Starting Live from 2015-03-05 to 2015-04-04
2015-06-30 01:50:08,786 Starting Training from 2015-03-20 to 2015-04-04
2015-06-30 01:52:34,303 Starting Live from 2015-04-05 to 2015-04-10
2015-06-30 01:54:28,424 Starting Q Learning for : 
2015-06-30 01:54:28,424 alpha = 0.6
2015-06-30 01:54:28,424 gamma = 0.1
2015-06-30 01:54:28,424 individual factor = 10
2015-06-30 01:54:28,424 zero range = 0.01
2015-06-30 01:54:28,424 greedy level = 5
2015-06-30 01:54:28,424 

2015-06-30 01:54:37,173 Starting Training from 2014-12-17 to 2015-01-01
2015-06-30 02:01:03,546 Starting Live from 2015-01-02 to 2015-02-01
2015-06-30 02:17:02,732 Starting Training from 2015-01-17 to 2015-02-01
2015-06-30 02:17:57,986 Starting Live from 2015-02-02 to 2015-03-04
2015-06-30 02:33:09,451 Starting Training from 2015-02-17 to 2015-03-04
2015-06-30 02:34:01,719 Starting Live from 2015-03-05 to 2015-04-04
2015-06-30 02:52:27,480 Starting Training from 2015-03-20 to 2015-04-04
2015-06-30 02:53:33,591 Starting Live from 2015-04-05 to 2015-04-10
2015-06-30 02:57:31,384 Starting Q Learning for : 
2015-06-30 02:57:31,384 alpha = 0.6
2015-06-30 02:57:31,384 gamma = 0.2
2015-06-30 02:57:31,384 individual factor = 10
2015-06-30 02:57:31,384 zero range = 0.01
2015-06-30 02:57:31,385 greedy level = 5
2015-06-30 02:57:31,385 

2015-06-30 02:57:37,430 Starting Training from 2014-12-17 to 2015-01-01
2015-06-30 03:04:55,710 Starting Live from 2015-01-02 to 2015-02-01
2015-06-30 03:19:37,714 Starting Training from 2015-01-17 to 2015-02-01
2015-06-30 03:20:33,658 Starting Live from 2015-02-02 to 2015-03-04
2015-06-30 03:36:23,332 Starting Training from 2015-02-17 to 2015-03-04
2015-06-30 03:37:15,503 Starting Live from 2015-03-05 to 2015-04-04
2015-06-30 04:02:26,749 Starting Training from 2015-03-20 to 2015-04-04
2015-06-30 04:03:30,816 Starting Live from 2015-04-05 to 2015-04-10
2015-06-30 04:13:31,885 Starting Q Learning for : 
2015-06-30 04:13:31,885 alpha = 0.6
2015-06-30 04:13:31,887 gamma = 0.3
2015-06-30 04:13:31,887 individual factor = 10
2015-06-30 04:13:31,887 zero range = 0.01
2015-06-30 04:13:31,887 greedy level = 5
2015-06-30 04:13:31,887 

2015-06-30 04:13:37,269 Starting Training from 2014-12-17 to 2015-01-01
2015-06-30 04:19:56,611 Starting Live from 2015-01-02 to 2015-02-01
2015-06-30 04:35:30,756 Starting Training from 2015-01-17 to 2015-02-01
2015-06-30 04:36:31,351 Starting Live from 2015-02-02 to 2015-03-04
2015-06-30 04:51:43,953 Starting Training from 2015-02-17 to 2015-03-04
2015-06-30 04:52:48,967 Starting Live from 2015-03-05 to 2015-04-04
2015-06-30 05:26:04,976 Starting Training from 2015-03-20 to 2015-04-04
2015-06-30 05:27:11,335 Starting Live from 2015-04-05 to 2015-04-10
2015-06-30 05:33:36,795 Starting Q Learning for : 
2015-06-30 05:33:36,795 alpha = 0.6
2015-06-30 05:33:36,795 gamma = 0.4
2015-06-30 05:33:36,795 individual factor = 10
2015-06-30 05:33:36,795 zero range = 0.01
2015-06-30 05:33:36,796 greedy level = 5
2015-06-30 05:33:36,796 

2015-06-30 05:33:42,918 Starting Training from 2014-12-17 to 2015-01-01
2015-06-30 05:39:48,918 Starting Live from 2015-01-02 to 2015-02-01
2015-06-30 05:55:18,908 Starting Training from 2015-01-17 to 2015-02-01
2015-06-30 05:56:13,165 Starting Live from 2015-02-02 to 2015-03-04
2015-06-30 06:10:56,138 Starting Training from 2015-02-17 to 2015-03-04
2015-06-30 06:11:49,145 Starting Live from 2015-03-05 to 2015-04-04
2015-06-30 06:30:46,576 Starting Training from 2015-03-20 to 2015-04-04
2015-06-30 06:31:45,680 Starting Live from 2015-04-05 to 2015-04-10
2015-06-30 06:36:02,976 Starting Q Learning for : 
2015-06-30 06:36:02,976 alpha = 0.6
2015-06-30 06:36:02,976 gamma = 0.5
2015-06-30 06:36:02,976 individual factor = 10
2015-06-30 06:36:02,976 zero range = 0.01
2015-06-30 06:36:02,976 greedy level = 5
2015-06-30 06:36:02,976 

2015-06-30 06:36:10,253 Starting Training from 2014-12-17 to 2015-01-01
2015-06-30 06:42:20,457 Starting Live from 2015-01-02 to 2015-02-01
2015-06-30 06:57:50,970 Starting Training from 2015-01-17 to 2015-02-01
2015-06-30 06:58:49,673 Starting Live from 2015-02-02 to 2015-03-04
2015-06-30 07:13:00,635 Starting Training from 2015-02-17 to 2015-03-04
2015-06-30 07:14:14,615 Starting Live from 2015-03-05 to 2015-04-04
2015-06-30 07:33:35,456 Starting Training from 2015-03-20 to 2015-04-04
2015-06-30 07:34:25,006 Starting Live from 2015-04-05 to 2015-04-10
2015-06-30 07:39:22,256 Starting Q Learning for : 
2015-06-30 07:39:22,256 alpha = 0.6
2015-06-30 07:39:22,256 gamma = 0.6
2015-06-30 07:39:22,256 individual factor = 10
2015-06-30 07:39:22,256 zero range = 0.01
2015-06-30 07:39:22,256 greedy level = 5
2015-06-30 07:39:22,257 

2015-06-30 07:39:33,240 Starting Training from 2014-12-17 to 2015-01-01
2015-06-30 07:46:05,397 Starting Live from 2015-01-02 to 2015-02-01
2015-06-30 08:00:40,683 Starting Training from 2015-01-17 to 2015-02-01
2015-06-30 08:01:54,303 Starting Live from 2015-02-02 to 2015-03-04
2015-06-30 08:16:04,367 Starting Training from 2015-02-17 to 2015-03-04
2015-06-30 08:16:56,099 Starting Live from 2015-03-05 to 2015-04-04
2015-06-30 08:31:56,069 Starting Training from 2015-03-20 to 2015-04-04
2015-06-30 08:33:24,318 Starting Live from 2015-04-05 to 2015-04-10
2015-06-30 08:36:22,986 Starting Q Learning for : 
2015-06-30 08:36:22,986 alpha = 0.6
2015-06-30 08:36:22,986 gamma = 0.7
2015-06-30 08:36:22,986 individual factor = 10
2015-06-30 08:36:22,986 zero range = 0.01
2015-06-30 08:36:22,987 greedy level = 5
2015-06-30 08:36:22,987 

2015-06-30 08:36:29,466 Starting Training from 2014-12-17 to 2015-01-01
2015-06-30 08:42:41,892 Starting Live from 2015-01-02 to 2015-02-01
2015-06-30 08:55:11,217 Starting Training from 2015-01-17 to 2015-02-01
2015-06-30 08:56:06,132 Starting Live from 2015-02-02 to 2015-03-04
2015-06-30 09:02:38,994 Starting Training from 2015-02-17 to 2015-03-04
2015-06-30 09:06:02,496 Starting Live from 2015-03-05 to 2015-04-04
2015-06-30 09:18:49,575 Starting Training from 2015-03-20 to 2015-04-04
2015-06-30 09:20:15,095 Starting Live from 2015-04-05 to 2015-04-10
2015-06-30 09:22:29,936 Starting Q Learning for : 
2015-06-30 09:22:29,936 alpha = 0.6
2015-06-30 09:22:29,937 gamma = 0.8
2015-06-30 09:22:29,937 individual factor = 10
2015-06-30 09:22:29,937 zero range = 0.01
2015-06-30 09:22:29,937 greedy level = 5
2015-06-30 09:22:29,937 

2015-06-30 09:22:35,538 Starting Training from 2014-12-17 to 2015-01-01
2015-06-30 09:29:04,098 Starting Live from 2015-01-02 to 2015-02-01
2015-06-30 09:40:10,661 Starting Training from 2015-01-17 to 2015-02-01
2015-06-30 09:41:05,125 Starting Live from 2015-02-02 to 2015-03-04
2015-06-30 09:45:02,811 Starting Training from 2015-02-17 to 2015-03-04
2015-06-30 09:49:09,786 Starting Live from 2015-03-05 to 2015-04-04
2015-06-30 10:00:30,203 Starting Training from 2015-03-20 to 2015-04-04
2015-06-30 10:02:16,545 Starting Live from 2015-04-05 to 2015-04-10
