2015-06-29 01:36:00,628 Starting Q Learning for : 
2015-06-29 01:36:00,628 alpha = 0.6
2015-06-29 01:36:00,628 gamma = 0.1
2015-06-29 01:36:00,628 individual factor = 10
2015-06-29 01:36:00,628 zero range = 0.002
2015-06-29 01:36:00,630 greedy level = 5
2015-06-29 01:36:00,630 

2015-06-29 01:36:14,618 Starting Training from 2014-12-17 to 2015-01-01
2015-06-29 01:43:12,341 Starting Live from 2015-01-02 to 2015-02-01
2015-06-29 02:00:07,444 Starting Training from 2015-01-17 to 2015-02-01
2015-06-29 02:01:05,410 Starting Live from 2015-02-02 to 2015-03-04
2015-06-29 02:16:56,255 Starting Training from 2015-02-17 to 2015-03-04
2015-06-29 02:17:40,420 Starting Live from 2015-03-05 to 2015-04-04
2015-06-29 02:46:45,566 Starting Training from 2015-03-20 to 2015-04-04
2015-06-29 02:47:48,540 Starting Live from 2015-04-05 to 2015-04-10
2015-06-29 02:54:40,415 Starting Q Learning for : 
2015-06-29 02:54:40,415 alpha = 0.6
2015-06-29 02:54:40,415 gamma = 0.2
2015-06-29 02:54:40,415 individual factor = 10
2015-06-29 02:54:40,417 zero range = 0.002
2015-06-29 02:54:40,417 greedy level = 5
2015-06-29 02:54:40,417 

2015-06-29 02:54:47,568 Starting Training from 2014-12-17 to 2015-01-01
2015-06-29 03:01:17,789 Starting Live from 2015-01-02 to 2015-02-01
2015-06-29 03:17:25,046 Starting Training from 2015-01-17 to 2015-02-01
2015-06-29 03:18:27,948 Starting Live from 2015-02-02 to 2015-03-04
2015-06-29 03:34:58,700 Starting Training from 2015-02-17 to 2015-03-04
2015-06-29 03:35:53,460 Starting Live from 2015-03-05 to 2015-04-04
2015-06-29 04:05:51,914 Starting Training from 2015-03-20 to 2015-04-04
2015-06-29 04:06:48,576 Starting Live from 2015-04-05 to 2015-04-10
2015-06-29 04:14:09,986 Starting Q Learning for : 
2015-06-29 04:14:09,986 alpha = 0.6
2015-06-29 04:14:09,986 gamma = 0.3
2015-06-29 04:14:09,986 individual factor = 10
2015-06-29 04:14:09,986 zero range = 0.002
2015-06-29 04:14:09,986 greedy level = 5
2015-06-29 04:14:09,986 

2015-06-29 04:14:16,634 Starting Training from 2014-12-17 to 2015-01-01
2015-06-29 04:20:35,503 Starting Live from 2015-01-02 to 2015-02-01
2015-06-29 04:36:25,809 Starting Training from 2015-01-17 to 2015-02-01
2015-06-29 04:37:19,793 Starting Live from 2015-02-02 to 2015-03-04
2015-06-29 04:52:40,720 Starting Training from 2015-02-17 to 2015-03-04
2015-06-29 04:53:33,194 Starting Live from 2015-03-05 to 2015-04-04
2015-06-29 05:12:53,487 Starting Training from 2015-03-20 to 2015-04-04
2015-06-29 05:13:41,575 Starting Live from 2015-04-05 to 2015-04-10
2015-06-29 05:17:33,463 Starting Q Learning for : 
2015-06-29 05:17:33,463 alpha = 0.6
2015-06-29 05:17:33,463 gamma = 0.4
2015-06-29 05:17:33,463 individual factor = 10
2015-06-29 05:17:33,463 zero range = 0.002
2015-06-29 05:17:33,463 greedy level = 5
2015-06-29 05:17:33,463 

2015-06-29 05:17:39,506 Starting Training from 2014-12-17 to 2015-01-01
2015-06-29 05:23:57,923 Starting Live from 2015-01-02 to 2015-02-01
2015-06-29 05:40:11,038 Starting Training from 2015-01-17 to 2015-02-01
2015-06-29 05:41:06,223 Starting Live from 2015-02-02 to 2015-03-04
2015-06-29 05:55:01,733 Starting Training from 2015-02-17 to 2015-03-04
2015-06-29 05:56:21,604 Starting Live from 2015-03-05 to 2015-04-04
2015-06-29 06:12:53,635 Starting Training from 2015-03-20 to 2015-04-04
2015-06-29 06:14:03,015 Starting Live from 2015-04-05 to 2015-04-10
2015-06-29 06:17:47,953 Starting Q Learning for : 
2015-06-29 06:17:47,953 alpha = 0.6
2015-06-29 06:17:47,953 gamma = 0.5
2015-06-29 06:17:47,953 individual factor = 10
2015-06-29 06:17:47,953 zero range = 0.002
2015-06-29 06:17:47,953 greedy level = 5
2015-06-29 06:17:47,953 

2015-06-29 06:17:50,197 Starting Training from 2014-12-17 to 2015-01-01
2015-06-29 06:24:42,664 Starting Live from 2015-01-02 to 2015-02-01
2015-06-29 06:39:24,440 Starting Training from 2015-01-17 to 2015-02-01
2015-06-29 06:40:27,997 Starting Live from 2015-02-02 to 2015-03-04
2015-06-29 06:56:10,338 Starting Training from 2015-02-17 to 2015-03-04
2015-06-29 06:57:07,046 Starting Live from 2015-03-05 to 2015-04-04
2015-06-29 07:15:24,335 Starting Training from 2015-03-20 to 2015-04-04
2015-06-29 07:16:24,635 Starting Live from 2015-04-05 to 2015-04-10
2015-06-29 07:20:22,263 Starting Q Learning for : 
2015-06-29 07:20:22,263 alpha = 0.6
2015-06-29 07:20:22,263 gamma = 0.6
2015-06-29 07:20:22,263 individual factor = 10
2015-06-29 07:20:22,263 zero range = 0.002
2015-06-29 07:20:22,263 greedy level = 5
2015-06-29 07:20:22,263 

2015-06-29 07:20:29,128 Starting Training from 2014-12-17 to 2015-01-01
2015-06-29 07:27:15,490 Starting Live from 2015-01-02 to 2015-02-01
2015-06-29 07:43:25,608 Starting Training from 2015-01-17 to 2015-02-01
2015-06-29 07:44:25,947 Starting Live from 2015-02-02 to 2015-03-04
2015-06-29 07:59:59,832 Starting Training from 2015-02-17 to 2015-03-04
2015-06-29 08:00:52,841 Starting Live from 2015-03-05 to 2015-04-04
2015-06-29 08:20:32,769 Starting Training from 2015-03-20 to 2015-04-04
2015-06-29 08:21:36,591 Starting Live from 2015-04-05 to 2015-04-10
2015-06-29 08:25:12,400 Starting Q Learning for : 
2015-06-29 08:25:12,400 alpha = 0.6
2015-06-29 08:25:12,400 gamma = 0.7
2015-06-29 08:25:12,400 individual factor = 10
2015-06-29 08:25:12,401 zero range = 0.002
2015-06-29 08:25:12,401 greedy level = 5
2015-06-29 08:25:12,401 

2015-06-29 08:25:17,974 Starting Training from 2014-12-17 to 2015-01-01
2015-06-29 08:31:47,673 Starting Live from 2015-01-02 to 2015-02-01
2015-06-29 08:44:57,716 Starting Training from 2015-01-17 to 2015-02-01
2015-06-29 08:45:53,341 Starting Live from 2015-02-02 to 2015-03-04
2015-06-29 08:53:09,585 Starting Training from 2015-02-17 to 2015-03-04
2015-06-29 08:56:19,375 Starting Live from 2015-03-05 to 2015-04-04
2015-06-29 09:09:28,571 Starting Training from 2015-03-20 to 2015-04-04
2015-06-29 09:11:08,941 Starting Live from 2015-04-05 to 2015-04-10
2015-06-29 09:13:26,844 Starting Q Learning for : 
2015-06-29 09:13:26,844 alpha = 0.6
2015-06-29 09:13:26,844 gamma = 0.8
2015-06-29 09:13:26,844 individual factor = 10
2015-06-29 09:13:26,844 zero range = 0.002
2015-06-29 09:13:26,844 greedy level = 5
2015-06-29 09:13:26,844 

2015-06-29 09:13:33,382 Starting Training from 2014-12-17 to 2015-01-01
2015-06-29 09:19:56,427 Starting Live from 2015-01-02 to 2015-02-01
2015-06-29 09:31:08,213 Starting Training from 2015-01-17 to 2015-02-01
2015-06-29 09:32:03,118 Starting Live from 2015-02-02 to 2015-03-04
2015-06-29 09:35:58,552 Starting Training from 2015-02-17 to 2015-03-04
2015-06-29 09:39:55,459 Starting Live from 2015-03-05 to 2015-04-04
2015-06-29 09:51:11,711 Starting Training from 2015-03-20 to 2015-04-04
2015-06-29 09:53:02,217 Starting Live from 2015-04-05 to 2015-04-10
2015-06-29 09:54:56,680 Starting Q Learning for : 
2015-06-29 09:54:56,680 alpha = 0.6
2015-06-29 09:54:56,681 gamma = 0.1
2015-06-29 09:54:56,681 individual factor = 10
2015-06-29 09:54:56,681 zero range = 0.006
2015-06-29 09:54:56,681 greedy level = 5
2015-06-29 09:54:56,681 

2015-06-29 09:55:03,259 Starting Training from 2014-12-17 to 2015-01-01
2015-06-29 10:01:25,032 Starting Live from 2015-01-02 to 2015-02-01
2015-06-29 10:17:10,091 Starting Training from 2015-01-17 to 2015-02-01
2015-06-29 10:18:05,286 Starting Live from 2015-02-02 to 2015-03-04
2015-06-29 10:33:24,625 Starting Training from 2015-02-17 to 2015-03-04
2015-06-29 10:34:17,568 Starting Live from 2015-03-05 to 2015-04-04
2015-06-29 10:49:31,819 Starting Training from 2015-03-20 to 2015-04-04
2015-06-29 10:50:50,142 Starting Live from 2015-04-05 to 2015-04-10
2015-06-29 10:55:17,430 Starting Q Learning for : 
2015-06-29 10:55:17,430 alpha = 0.6
2015-06-29 10:55:17,430 gamma = 0.2
2015-06-29 10:55:17,430 individual factor = 10
2015-06-29 10:55:17,430 zero range = 0.006
2015-06-29 10:55:17,430 greedy level = 5
2015-06-29 10:55:17,430 

2015-06-29 10:55:25,279 Starting Training from 2014-12-17 to 2015-01-01
2015-06-29 11:01:47,272 Starting Live from 2015-01-02 to 2015-02-01
2015-06-29 11:17:04,385 Starting Training from 2015-01-17 to 2015-02-01
2015-06-29 11:18:21,789 Starting Live from 2015-02-02 to 2015-03-04
2015-06-29 11:33:49,137 Starting Training from 2015-02-17 to 2015-03-04
2015-06-29 11:34:44,561 Starting Live from 2015-03-05 to 2015-04-04
2015-06-29 12:09:58,953 Starting Training from 2015-03-20 to 2015-04-04
2015-06-29 12:10:47,424 Starting Live from 2015-04-05 to 2015-04-10
2015-06-29 12:14:33,664 Starting Q Learning for : 
2015-06-29 12:14:33,664 alpha = 0.6
2015-06-29 12:14:33,664 gamma = 0.3
2015-06-29 12:14:33,665 individual factor = 10
2015-06-29 12:14:33,665 zero range = 0.006
2015-06-29 12:14:33,665 greedy level = 5
2015-06-29 12:14:33,665 

2015-06-29 12:14:39,571 Starting Training from 2014-12-17 to 2015-01-01
2015-06-29 12:20:58,549 Starting Live from 2015-01-02 to 2015-02-01
2015-06-29 12:36:45,732 Starting Training from 2015-01-17 to 2015-02-01
2015-06-29 12:37:42,272 Starting Live from 2015-02-02 to 2015-03-04
2015-06-29 12:53:21,269 Starting Training from 2015-02-17 to 2015-03-04
2015-06-29 12:54:15,030 Starting Live from 2015-03-05 to 2015-04-04
2015-06-29 13:15:01,194 Starting Training from 2015-03-20 to 2015-04-04
2015-06-29 13:16:10,589 Starting Live from 2015-04-05 to 2015-04-10
2015-06-29 13:20:12,418 Starting Q Learning for : 
2015-06-29 13:20:12,418 alpha = 0.6
2015-06-29 13:20:12,418 gamma = 0.4
2015-06-29 13:20:12,418 individual factor = 10
2015-06-29 13:20:12,418 zero range = 0.006
2015-06-29 13:20:12,418 greedy level = 5
2015-06-29 13:20:12,418 

2015-06-29 13:20:19,325 Starting Training from 2014-12-17 to 2015-01-01
2015-06-29 13:26:45,575 Starting Live from 2015-01-02 to 2015-02-01
2015-06-29 13:43:06,084 Starting Training from 2015-01-17 to 2015-02-01
2015-06-29 13:44:02,457 Starting Live from 2015-02-02 to 2015-03-04
2015-06-29 14:00:16,332 Starting Training from 2015-02-17 to 2015-03-04
2015-06-29 14:01:17,769 Starting Live from 2015-03-05 to 2015-04-04
2015-06-29 14:19:08,000 Starting Training from 2015-03-20 to 2015-04-04
2015-06-29 14:20:32,686 Starting Live from 2015-04-05 to 2015-04-10
2015-06-29 14:23:59,821 Starting Q Learning for : 
2015-06-29 14:23:59,821 alpha = 0.6
2015-06-29 14:23:59,822 gamma = 0.5
2015-06-29 14:23:59,822 individual factor = 10
2015-06-29 14:23:59,822 zero range = 0.006
2015-06-29 14:23:59,822 greedy level = 5
2015-06-29 14:23:59,822 

2015-06-29 14:24:05,403 Starting Training from 2014-12-17 to 2015-01-01
2015-06-29 14:30:27,891 Starting Live from 2015-01-02 to 2015-02-01
2015-06-29 14:46:19,832 Starting Training from 2015-01-17 to 2015-02-01
2015-06-29 14:47:20,056 Starting Live from 2015-02-02 to 2015-03-04
2015-06-29 15:01:54,091 Starting Training from 2015-02-17 to 2015-03-04
2015-06-29 15:02:53,130 Starting Live from 2015-03-05 to 2015-04-04
2015-06-29 15:22:28,552 Starting Training from 2015-03-20 to 2015-04-04
2015-06-29 15:23:22,316 Starting Live from 2015-04-05 to 2015-04-10
2015-06-29 15:27:12,313 Starting Q Learning for : 
2015-06-29 15:27:12,313 alpha = 0.6
2015-06-29 15:27:12,313 gamma = 0.6
2015-06-29 15:27:12,313 individual factor = 10
2015-06-29 15:27:12,315 zero range = 0.006
2015-06-29 15:27:12,315 greedy level = 5
2015-06-29 15:27:12,315 

2015-06-29 15:27:19,832 Starting Training from 2014-12-17 to 2015-01-01
2015-06-29 15:34:26,286 Starting Live from 2015-01-02 to 2015-02-01
2015-06-29 15:49:45,839 Starting Training from 2015-01-17 to 2015-02-01
2015-06-29 15:51:04,203 Starting Live from 2015-02-02 to 2015-03-04
2015-06-29 16:06:35,273 Starting Training from 2015-02-17 to 2015-03-04
2015-06-29 16:07:33,421 Starting Live from 2015-03-05 to 2015-04-04
2015-06-29 16:29:19,878 Starting Training from 2015-03-20 to 2015-04-04
2015-06-29 16:30:25,884 Starting Live from 2015-04-05 to 2015-04-10
2015-06-29 16:34:28,061 Starting Q Learning for : 
2015-06-29 16:34:28,062 alpha = 0.6
2015-06-29 16:34:28,062 gamma = 0.7
2015-06-29 16:34:28,062 individual factor = 10
2015-06-29 16:34:28,062 zero range = 0.006
2015-06-29 16:34:28,062 greedy level = 5
2015-06-29 16:34:28,062 

2015-06-29 16:34:33,721 Starting Training from 2014-12-17 to 2015-01-01
2015-06-29 16:41:48,653 Starting Live from 2015-01-02 to 2015-02-01
2015-06-29 16:54:18,226 Starting Training from 2015-01-17 to 2015-02-01
2015-06-29 16:55:14,302 Starting Live from 2015-02-02 to 2015-03-04
2015-06-29 17:02:53,400 Starting Training from 2015-02-17 to 2015-03-04
2015-06-29 17:06:03,549 Starting Live from 2015-03-05 to 2015-04-04
2015-06-29 17:18:18,367 Starting Training from 2015-03-20 to 2015-04-04
2015-06-29 17:20:00,463 Starting Live from 2015-04-05 to 2015-04-10
2015-06-29 17:22:31,052 Starting Q Learning for : 
2015-06-29 17:22:31,052 alpha = 0.6
2015-06-29 17:22:31,052 gamma = 0.8
2015-06-29 17:22:31,052 individual factor = 10
2015-06-29 17:22:31,052 zero range = 0.006
2015-06-29 17:22:31,052 greedy level = 5
2015-06-29 17:22:31,052 

2015-06-29 17:22:39,736 Starting Training from 2014-12-17 to 2015-01-01
2015-06-29 17:29:43,142 Starting Live from 2015-01-02 to 2015-02-01
2015-06-29 17:40:19,374 Starting Training from 2015-01-17 to 2015-02-01
2015-06-29 17:41:17,440 Starting Live from 2015-02-02 to 2015-03-04
2015-06-29 17:45:31,529 Starting Training from 2015-02-17 to 2015-03-04
2015-06-29 17:50:21,516 Starting Live from 2015-03-05 to 2015-04-04
2015-06-29 18:00:20,936 Starting Training from 2015-03-20 to 2015-04-04
2015-06-29 18:02:35,756 Starting Live from 2015-04-05 to 2015-04-10
2015-06-29 18:04:32,342 Starting Q Learning for : 
2015-06-29 18:04:32,342 alpha = 0.8
2015-06-29 18:04:32,342 gamma = 0.1
2015-06-29 18:04:32,342 individual factor = 10
2015-06-29 18:04:32,342 zero range = 0.006
2015-06-29 18:04:32,342 greedy level = 5
2015-06-29 18:04:32,342 

2015-06-29 18:04:39,338 Starting Training from 2014-12-17 to 2015-01-01
2015-06-29 18:11:45,878 Starting Live from 2015-01-02 to 2015-02-01
2015-06-29 18:26:53,446 Starting Training from 2015-01-17 to 2015-02-01
2015-06-29 18:27:52,401 Starting Live from 2015-02-02 to 2015-03-04
2015-06-29 18:44:14,648 Starting Training from 2015-02-17 to 2015-03-04
2015-06-29 18:45:08,660 Starting Live from 2015-03-05 to 2015-04-04
2015-06-29 19:11:29,071 Starting Training from 2015-03-20 to 2015-04-04
2015-06-29 19:12:37,591 Starting Live from 2015-04-05 to 2015-04-10
2015-06-29 19:17:19,582 Starting Q Learning for : 
2015-06-29 19:17:19,582 alpha = 0.8
2015-06-29 19:17:19,582 gamma = 0.2
2015-06-29 19:17:19,582 individual factor = 10
2015-06-29 19:17:19,582 zero range = 0.006
2015-06-29 19:17:19,582 greedy level = 5
2015-06-29 19:17:19,582 

2015-06-29 19:17:28,252 Starting Training from 2014-12-17 to 2015-01-01
2015-06-29 19:24:21,572 Starting Live from 2015-01-02 to 2015-02-01
2015-06-29 19:38:53,881 Starting Training from 2015-01-17 to 2015-02-01
2015-06-29 19:39:48,776 Starting Live from 2015-02-02 to 2015-03-04
2015-06-29 19:55:06,937 Starting Training from 2015-02-17 to 2015-03-04
2015-06-29 19:56:03,575 Starting Live from 2015-03-05 to 2015-04-04
2015-06-29 20:12:35,476 Starting Training from 2015-03-20 to 2015-04-04
2015-06-29 20:13:57,140 Starting Live from 2015-04-05 to 2015-04-10
2015-06-29 20:18:21,463 Starting Q Learning for : 
2015-06-29 20:18:21,463 alpha = 0.8
2015-06-29 20:18:21,463 gamma = 0.3
2015-06-29 20:18:21,463 individual factor = 10
2015-06-29 20:18:21,463 zero range = 0.006
2015-06-29 20:18:21,463 greedy level = 5
2015-06-29 20:18:21,463 

2015-06-29 20:18:27,586 Starting Training from 2014-12-17 to 2015-01-01
2015-06-29 20:24:38,394 Starting Live from 2015-01-02 to 2015-02-01
2015-06-29 20:39:57,934 Starting Training from 2015-01-17 to 2015-02-01
2015-06-29 20:40:52,420 Starting Live from 2015-02-02 to 2015-03-04
2015-06-29 20:55:32,753 Starting Training from 2015-02-17 to 2015-03-04
2015-06-29 20:56:25,900 Starting Live from 2015-03-05 to 2015-04-04
2015-06-29 21:11:59,319 Starting Training from 2015-03-20 to 2015-04-04
2015-06-29 21:13:34,176 Starting Live from 2015-04-05 to 2015-04-10
2015-06-29 21:17:30,153 Starting Q Learning for : 
2015-06-29 21:17:30,153 alpha = 0.8
2015-06-29 21:17:30,154 gamma = 0.4
2015-06-29 21:17:30,154 individual factor = 10
2015-06-29 21:17:30,154 zero range = 0.006
2015-06-29 21:17:30,154 greedy level = 5
2015-06-29 21:17:30,154 

2015-06-29 21:17:36,144 Starting Training from 2014-12-17 to 2015-01-01
2015-06-29 21:23:56,335 Starting Live from 2015-01-02 to 2015-02-01
2015-06-29 21:40:00,115 Starting Training from 2015-01-17 to 2015-02-01
2015-06-29 21:40:56,410 Starting Live from 2015-02-02 to 2015-03-04
2015-06-29 21:56:40,477 Starting Training from 2015-02-17 to 2015-03-04
2015-06-29 21:57:35,397 Starting Live from 2015-03-05 to 2015-04-04
2015-06-29 22:17:31,448 Starting Training from 2015-03-20 to 2015-04-04
2015-06-29 22:18:30,131 Starting Live from 2015-04-05 to 2015-04-10
2015-06-29 22:22:18,710 Starting Q Learning for : 
2015-06-29 22:22:18,710 alpha = 0.8
2015-06-29 22:22:18,710 gamma = 0.5
2015-06-29 22:22:18,710 individual factor = 10
2015-06-29 22:22:18,710 zero range = 0.006
2015-06-29 22:22:18,710 greedy level = 5
2015-06-29 22:22:18,710 

2015-06-29 22:22:26,457 Starting Training from 2014-12-17 to 2015-01-01
2015-06-29 22:29:31,490 Starting Live from 2015-01-02 to 2015-02-01
2015-06-29 22:44:49,473 Starting Training from 2015-01-17 to 2015-02-01
2015-06-29 22:45:58,812 Starting Live from 2015-02-02 to 2015-03-04
2015-06-29 23:01:02,615 Starting Training from 2015-02-17 to 2015-03-04
2015-06-29 23:01:56,015 Starting Live from 2015-03-05 to 2015-04-04
2015-06-29 23:20:17,322 Starting Training from 2015-03-20 to 2015-04-04
2015-06-29 23:21:32,473 Starting Live from 2015-04-05 to 2015-04-10
2015-06-29 23:24:47,490 Starting Q Learning for : 
2015-06-29 23:24:47,492 alpha = 0.8
2015-06-29 23:24:47,492 gamma = 0.6
2015-06-29 23:24:47,492 individual factor = 10
2015-06-29 23:24:47,492 zero range = 0.006
2015-06-29 23:24:47,492 greedy level = 5
2015-06-29 23:24:47,492 

2015-06-29 23:24:53,286 Starting Training from 2014-12-17 to 2015-01-01
2015-06-29 23:31:36,783 Starting Live from 2015-01-02 to 2015-02-01
2015-06-29 23:47:20,798 Starting Training from 2015-01-17 to 2015-02-01
2015-06-29 23:48:19,111 Starting Live from 2015-02-02 to 2015-03-04
2015-06-30 00:03:05,927 Starting Training from 2015-02-17 to 2015-03-04
2015-06-30 00:04:07,582 Starting Live from 2015-03-05 to 2015-04-04
2015-06-30 00:22:21,717 Starting Training from 2015-03-20 to 2015-04-04
2015-06-30 00:23:30,483 Starting Live from 2015-04-05 to 2015-04-10
2015-06-30 00:28:38,503 Starting Q Learning for : 
2015-06-30 00:28:38,503 alpha = 0.8
2015-06-30 00:28:38,503 gamma = 0.7
2015-06-30 00:28:38,503 individual factor = 10
2015-06-30 00:28:38,503 zero range = 0.006
2015-06-30 00:28:38,503 greedy level = 5
2015-06-30 00:28:38,503 

2015-06-30 00:28:45,194 Starting Training from 2014-12-17 to 2015-01-01
2015-06-30 00:35:12,395 Starting Live from 2015-01-02 to 2015-02-01
2015-06-30 00:48:31,487 Starting Training from 2015-01-17 to 2015-02-01
2015-06-30 00:49:29,901 Starting Live from 2015-02-02 to 2015-03-04
2015-06-30 00:56:19,256 Starting Training from 2015-02-17 to 2015-03-04
2015-06-30 00:59:48,496 Starting Live from 2015-03-05 to 2015-04-04
2015-06-30 01:13:47,673 Starting Training from 2015-03-20 to 2015-04-04
2015-06-30 01:15:15,967 Starting Live from 2015-04-05 to 2015-04-10
2015-06-30 01:17:35,210 Starting Q Learning for : 
2015-06-30 01:17:35,210 alpha = 0.8
2015-06-30 01:17:35,210 gamma = 0.8
2015-06-30 01:17:35,210 individual factor = 10
2015-06-30 01:17:35,211 zero range = 0.006
2015-06-30 01:17:35,211 greedy level = 5
2015-06-30 01:17:35,211 

2015-06-30 01:17:40,657 Starting Training from 2014-12-17 to 2015-01-01
2015-06-30 01:24:04,030 Starting Live from 2015-01-02 to 2015-02-01
2015-06-30 01:35:18,737 Starting Training from 2015-01-17 to 2015-02-01
2015-06-30 01:36:16,667 Starting Live from 2015-02-02 to 2015-03-04
2015-06-30 01:40:29,851 Starting Training from 2015-02-17 to 2015-03-04
2015-06-30 01:44:29,348 Starting Live from 2015-03-05 to 2015-04-04
2015-06-30 01:55:58,904 Starting Training from 2015-03-20 to 2015-04-04
2015-06-30 01:57:45,092 Starting Live from 2015-04-05 to 2015-04-10
2015-06-30 01:59:37,615 Starting Q Learning for : 
2015-06-30 01:59:37,615 alpha = 0.2
2015-06-30 01:59:37,615 gamma = 0.1
2015-06-30 01:59:37,615 individual factor = 10
2015-06-30 01:59:37,615 zero range = 0.01
2015-06-30 01:59:37,615 greedy level = 5
2015-06-30 01:59:37,615 

2015-06-30 01:59:45,716 Starting Training from 2014-12-17 to 2015-01-01
2015-06-30 02:05:59,996 Starting Live from 2015-01-02 to 2015-02-01
2015-06-30 02:21:43,805 Starting Training from 2015-01-17 to 2015-02-01
2015-06-30 02:22:44,096 Starting Live from 2015-02-02 to 2015-03-04
2015-06-30 02:37:23,549 Starting Training from 2015-02-17 to 2015-03-04
2015-06-30 02:38:45,299 Starting Live from 2015-03-05 to 2015-04-04
2015-06-30 02:56:28,871 Starting Training from 2015-03-20 to 2015-04-04
2015-06-30 02:57:28,250 Starting Live from 2015-04-05 to 2015-04-10
2015-06-30 03:02:13,441 Starting Q Learning for : 
2015-06-30 03:02:13,441 alpha = 0.2
2015-06-30 03:02:13,441 gamma = 0.2
2015-06-30 03:02:13,441 individual factor = 10
2015-06-30 03:02:13,441 zero range = 0.01
2015-06-30 03:02:13,441 greedy level = 5
2015-06-30 03:02:13,441 

2015-06-30 03:02:20,552 Starting Training from 2014-12-17 to 2015-01-01
2015-06-30 03:08:50,638 Starting Live from 2015-01-02 to 2015-02-01
2015-06-30 03:23:56,671 Starting Training from 2015-01-17 to 2015-02-01
2015-06-30 03:25:07,423 Starting Live from 2015-02-02 to 2015-03-04
2015-06-30 03:40:04,979 Starting Training from 2015-02-17 to 2015-03-04
2015-06-30 03:41:00,272 Starting Live from 2015-03-05 to 2015-04-04
2015-06-30 04:00:04,513 Starting Training from 2015-03-20 to 2015-04-04
2015-06-30 04:01:05,358 Starting Live from 2015-04-05 to 2015-04-10
2015-06-30 04:04:32,622 Starting Q Learning for : 
2015-06-30 04:04:32,624 alpha = 0.2
2015-06-30 04:04:32,624 gamma = 0.3
2015-06-30 04:04:32,624 individual factor = 10
2015-06-30 04:04:32,624 zero range = 0.01
2015-06-30 04:04:32,624 greedy level = 5
2015-06-30 04:04:32,624 

2015-06-30 04:04:38,253 Starting Training from 2014-12-17 to 2015-01-01
2015-06-30 04:11:42,842 Starting Live from 2015-01-02 to 2015-02-01
2015-06-30 04:26:31,967 Starting Training from 2015-01-17 to 2015-02-01
2015-06-30 04:27:29,187 Starting Live from 2015-02-02 to 2015-03-04
2015-06-30 04:42:23,595 Starting Training from 2015-02-17 to 2015-03-04
2015-06-30 04:43:30,341 Starting Live from 2015-03-05 to 2015-04-04
2015-06-30 05:02:10,759 Starting Training from 2015-03-20 to 2015-04-04
2015-06-30 05:03:07,387 Starting Live from 2015-04-05 to 2015-04-10
2015-06-30 05:06:21,746 Starting Q Learning for : 
2015-06-30 05:06:21,746 alpha = 0.2
2015-06-30 05:06:21,746 gamma = 0.4
2015-06-30 05:06:21,746 individual factor = 10
2015-06-30 05:06:21,746 zero range = 0.01
2015-06-30 05:06:21,746 greedy level = 5
2015-06-30 05:06:21,746 

2015-06-30 05:06:27,612 Starting Training from 2014-12-17 to 2015-01-01
2015-06-30 05:12:39,049 Starting Live from 2015-01-02 to 2015-02-01
2015-06-30 05:27:59,960 Starting Training from 2015-01-17 to 2015-02-01
2015-06-30 05:28:56,904 Starting Live from 2015-02-02 to 2015-03-04
2015-06-30 05:43:41,625 Starting Training from 2015-02-17 to 2015-03-04
2015-06-30 05:44:44,184 Starting Live from 2015-03-05 to 2015-04-04
2015-06-30 06:08:52,834 Starting Training from 2015-03-20 to 2015-04-04
2015-06-30 06:09:48,122 Starting Live from 2015-04-05 to 2015-04-10
2015-06-30 06:20:51,898 Starting Q Learning for : 
2015-06-30 06:20:51,898 alpha = 0.2
2015-06-30 06:20:51,898 gamma = 0.5
2015-06-30 06:20:51,898 individual factor = 10
2015-06-30 06:20:51,898 zero range = 0.01
2015-06-30 06:20:51,898 greedy level = 5
2015-06-30 06:20:51,898 

2015-06-30 06:20:56,805 Starting Training from 2014-12-17 to 2015-01-01
2015-06-30 06:27:26,200 Starting Live from 2015-01-02 to 2015-02-01
2015-06-30 06:42:38,460 Starting Training from 2015-01-17 to 2015-02-01
2015-06-30 06:43:33,484 Starting Live from 2015-02-02 to 2015-03-04
2015-06-30 06:57:21,947 Starting Training from 2015-02-17 to 2015-03-04
2015-06-30 06:58:29,707 Starting Live from 2015-03-05 to 2015-04-04
2015-06-30 07:17:08,969 Starting Training from 2015-03-20 to 2015-04-04
2015-06-30 07:18:11,532 Starting Live from 2015-04-05 to 2015-04-10
2015-06-30 07:22:37,160 Starting Q Learning for : 
2015-06-30 07:22:37,160 alpha = 0.2
2015-06-30 07:22:37,161 gamma = 0.6
2015-06-30 07:22:37,161 individual factor = 10
2015-06-30 07:22:37,161 zero range = 0.01
2015-06-30 07:22:37,161 greedy level = 5
2015-06-30 07:22:37,161 

2015-06-30 07:22:42,871 Starting Training from 2014-12-17 to 2015-01-01
2015-06-30 07:29:13,621 Starting Live from 2015-01-02 to 2015-02-01
2015-06-30 07:45:02,138 Starting Training from 2015-01-17 to 2015-02-01
2015-06-30 07:45:56,611 Starting Live from 2015-02-02 to 2015-03-04
2015-06-30 07:59:56,532 Starting Training from 2015-02-17 to 2015-03-04
2015-06-30 08:00:59,145 Starting Live from 2015-03-05 to 2015-04-04
2015-06-30 08:16:37,286 Starting Training from 2015-03-20 to 2015-04-04
2015-06-30 08:17:50,006 Starting Live from 2015-04-05 to 2015-04-10
2015-06-30 08:21:04,740 Starting Q Learning for : 
2015-06-30 08:21:04,742 alpha = 0.2
2015-06-30 08:21:04,742 gamma = 0.7
2015-06-30 08:21:04,742 individual factor = 10
2015-06-30 08:21:04,742 zero range = 0.01
2015-06-30 08:21:04,742 greedy level = 5
2015-06-30 08:21:04,742 

2015-06-30 08:21:11,437 Starting Training from 2014-12-17 to 2015-01-01
2015-06-30 08:28:17,516 Starting Live from 2015-01-02 to 2015-02-01
2015-06-30 08:40:13,599 Starting Training from 2015-01-17 to 2015-02-01
2015-06-30 08:41:09,095 Starting Live from 2015-02-02 to 2015-03-04
2015-06-30 08:48:25,282 Starting Training from 2015-02-17 to 2015-03-04
2015-06-30 08:52:11,335 Starting Live from 2015-03-05 to 2015-04-04
2015-06-30 09:05:09,895 Starting Training from 2015-03-20 to 2015-04-04
2015-06-30 09:06:43,476 Starting Live from 2015-04-05 to 2015-04-10
2015-06-30 09:08:55,928 Starting Q Learning for : 
2015-06-30 09:08:55,928 alpha = 0.2
2015-06-30 09:08:55,928 gamma = 0.8
2015-06-30 09:08:55,930 individual factor = 10
2015-06-30 09:08:55,930 zero range = 0.01
2015-06-30 09:08:55,930 greedy level = 5
2015-06-30 09:08:55,930 

2015-06-30 09:09:03,365 Starting Training from 2014-12-17 to 2015-01-01
2015-06-30 09:16:06,187 Starting Live from 2015-01-02 to 2015-02-01
2015-06-30 09:26:34,831 Starting Training from 2015-01-17 to 2015-02-01
2015-06-30 09:27:29,286 Starting Live from 2015-02-02 to 2015-03-04
2015-06-30 09:32:04,799 Starting Training from 2015-02-17 to 2015-03-04
2015-06-30 09:36:19,247 Starting Live from 2015-03-05 to 2015-04-04
2015-06-30 09:47:14,500 Starting Training from 2015-03-20 to 2015-04-04
2015-06-30 09:49:00,094 Starting Live from 2015-04-05 to 2015-04-10
