2015-06-25 18:57:42,345 Starting Q Learning for : 
2015-06-25 18:57:42,345 alpha = 0.6
2015-06-25 18:57:42,345 gamma = 0.7
2015-06-25 18:57:42,345 individual factor = 8
2015-06-25 18:57:42,345 zero range = 0.01
2015-06-25 18:57:42,345 greedy level = 5
2015-06-25 18:57:42,346 

2015-06-25 18:57:52,746 Starting Training from 2014-12-17 to 2015-01-01
2015-06-25 19:10:35,039 Starting Live from 2015-01-02 to 2015-02-01
2015-06-25 19:43:15,052 Starting Training from 2015-01-17 to 2015-02-01
2015-06-25 19:44:51,540 Starting Live from 2015-02-02 to 2015-03-04
2015-06-25 20:16:55,757 Starting Training from 2015-02-17 to 2015-03-04
2015-06-25 20:19:15,230 Starting Live from 2015-03-05 to 2015-04-04
2015-06-25 20:52:44,466 Starting Training from 2015-03-20 to 2015-04-04
2015-06-25 20:54:48,628 Starting Live from 2015-04-05 to 2015-04-10
2015-06-25 21:02:13,164 Starting Q Learning for : 
2015-06-25 21:02:13,164 alpha = 0.6
2015-06-25 21:02:13,164 gamma = 0.8
2015-06-25 21:02:13,165 individual factor = 8
2015-06-25 21:02:13,165 zero range = 0.01
2015-06-25 21:02:13,165 greedy level = 5
2015-06-25 21:02:13,165 

2015-06-25 21:02:19,003 Starting Training from 2014-12-17 to 2015-01-01
2015-06-25 21:15:56,267 Starting Live from 2015-01-02 to 2015-02-01
2015-06-25 21:48:07,744 Starting Training from 2015-01-17 to 2015-02-01
2015-06-25 21:49:45,594 Starting Live from 2015-02-02 to 2015-03-04
2015-06-25 22:22:01,201 Starting Training from 2015-02-17 to 2015-03-04
2015-06-25 22:24:42,914 Starting Live from 2015-03-05 to 2015-04-04
2015-06-25 23:00:05,247 Starting Training from 2015-03-20 to 2015-04-04
2015-06-25 23:01:50,584 Starting Live from 2015-04-05 to 2015-04-10
2015-06-25 23:10:13,480 Starting Q Learning for : 
2015-06-25 23:10:13,480 alpha = 0.4
2015-06-25 23:10:13,480 gamma = 0.1
2015-06-25 23:10:13,480 individual factor = 8
2015-06-25 23:10:13,480 zero range = 0.01
2015-06-25 23:10:13,480 greedy level = 5
2015-06-25 23:10:13,480 

2015-06-25 23:10:20,217 Starting Training from 2014-12-17 to 2015-01-01
2015-06-25 23:24:24,339 Starting Live from 2015-01-02 to 2015-02-01
2015-06-25 23:59:21,306 Starting Training from 2015-01-17 to 2015-02-01
2015-06-26 00:01:10,601 Starting Live from 2015-02-02 to 2015-03-04
2015-06-26 00:34:03,721 Starting Training from 2015-02-17 to 2015-03-04
2015-06-26 00:36:45,329 Starting Live from 2015-03-05 to 2015-04-04
2015-06-26 01:12:30,937 Starting Training from 2015-03-20 to 2015-04-04
2015-06-26 01:14:18,013 Starting Live from 2015-04-05 to 2015-04-10
2015-06-26 01:23:22,051 Starting Q Learning for : 
2015-06-26 01:23:22,051 alpha = 0.4
2015-06-26 01:23:22,051 gamma = 0.2
2015-06-26 01:23:22,051 individual factor = 8
2015-06-26 01:23:22,051 zero range = 0.01
2015-06-26 01:23:22,051 greedy level = 5
2015-06-26 01:23:22,051 

2015-06-26 01:23:28,230 Starting Training from 2014-12-17 to 2015-01-01
2015-06-26 01:37:35,509 Starting Live from 2015-01-02 to 2015-02-01
2015-06-26 02:12:20,937 Starting Training from 2015-01-17 to 2015-02-01
2015-06-26 02:14:03,973 Starting Live from 2015-02-02 to 2015-03-04
2015-06-26 02:47:17,019 Starting Training from 2015-02-17 to 2015-03-04
2015-06-26 02:50:11,834 Starting Live from 2015-03-05 to 2015-04-04
2015-06-26 03:28:57,688 Starting Training from 2015-03-20 to 2015-04-04
2015-06-26 03:30:50,081 Starting Live from 2015-04-05 to 2015-04-10
2015-06-26 03:39:55,015 Starting Q Learning for : 
2015-06-26 03:39:55,015 alpha = 0.4
2015-06-26 03:39:55,015 gamma = 0.3
2015-06-26 03:39:55,015 individual factor = 8
2015-06-26 03:39:55,015 zero range = 0.01
2015-06-26 03:39:55,015 greedy level = 5
2015-06-26 03:39:55,015 

2015-06-26 03:40:01,470 Starting Training from 2014-12-17 to 2015-01-01
2015-06-26 03:54:19,789 Starting Live from 2015-01-02 to 2015-02-01
2015-06-26 04:29:50,454 Starting Training from 2015-01-17 to 2015-02-01
2015-06-26 04:31:37,069 Starting Live from 2015-02-02 to 2015-03-04
2015-06-26 05:05:09,489 Starting Training from 2015-02-17 to 2015-03-04
2015-06-26 05:07:41,338 Starting Live from 2015-03-05 to 2015-04-04
2015-06-26 05:44:18,375 Starting Training from 2015-03-20 to 2015-04-04
2015-06-26 05:46:04,000 Starting Live from 2015-04-05 to 2015-04-10
2015-06-26 05:55:17,346 Starting Q Learning for : 
2015-06-26 05:55:17,346 alpha = 0.4
2015-06-26 05:55:17,346 gamma = 0.4
2015-06-26 05:55:17,346 individual factor = 8
2015-06-26 05:55:17,346 zero range = 0.01
2015-06-26 05:55:17,346 greedy level = 5
2015-06-26 05:55:17,346 

2015-06-26 05:55:24,539 Starting Training from 2014-12-17 to 2015-01-01
2015-06-26 06:10:12,017 Starting Live from 2015-01-02 to 2015-02-01
2015-06-26 06:45:08,572 Starting Training from 2015-01-17 to 2015-02-01
2015-06-26 06:46:49,569 Starting Live from 2015-02-02 to 2015-03-04
2015-06-26 07:20:09,078 Starting Training from 2015-02-17 to 2015-03-04
2015-06-26 07:22:36,565 Starting Live from 2015-03-05 to 2015-04-04
2015-06-26 07:57:25,098 Starting Training from 2015-03-20 to 2015-04-04
2015-06-26 07:59:10,894 Starting Live from 2015-04-05 to 2015-04-10
2015-06-26 08:07:44,355 Starting Q Learning for : 
2015-06-26 08:07:44,355 alpha = 0.4
2015-06-26 08:07:44,355 gamma = 0.5
2015-06-26 08:07:44,355 individual factor = 8
2015-06-26 08:07:44,355 zero range = 0.01
2015-06-26 08:07:44,355 greedy level = 5
2015-06-26 08:07:44,355 

2015-06-26 08:07:50,736 Starting Training from 2014-12-17 to 2015-01-01
2015-06-26 08:21:52,413 Starting Live from 2015-01-02 to 2015-02-01
2015-06-26 08:56:04,891 Starting Training from 2015-01-17 to 2015-02-01
2015-06-26 08:57:44,779 Starting Live from 2015-02-02 to 2015-03-04
2015-06-26 09:29:56,585 Starting Training from 2015-02-17 to 2015-03-04
2015-06-26 09:32:45,956 Starting Live from 2015-03-05 to 2015-04-04
2015-06-26 10:10:56,641 Starting Training from 2015-03-20 to 2015-04-04
2015-06-26 10:12:41,548 Starting Live from 2015-04-05 to 2015-04-10
2015-06-26 10:21:59,440 Starting Q Learning for : 
2015-06-26 10:21:59,441 alpha = 0.2
2015-06-26 10:21:59,441 gamma = 0.5
2015-06-26 10:21:59,441 individual factor = 8
2015-06-26 10:21:59,441 zero range = 0.01
2015-06-26 10:21:59,441 greedy level = 5
2015-06-26 10:21:59,441 

2015-06-26 10:22:05,825 Starting Training from 2014-12-17 to 2015-01-01
2015-06-26 10:35:47,628 Starting Live from 2015-01-02 to 2015-02-01
2015-06-26 11:09:28,154 Starting Training from 2015-01-17 to 2015-02-01
2015-06-26 11:11:05,203 Starting Live from 2015-02-02 to 2015-03-04
2015-06-26 11:43:11,335 Starting Training from 2015-02-17 to 2015-03-04
2015-06-26 11:45:51,599 Starting Live from 2015-03-05 to 2015-04-04
2015-06-26 12:21:35,726 Starting Training from 2015-03-20 to 2015-04-04
2015-06-26 12:23:18,855 Starting Live from 2015-04-05 to 2015-04-10
2015-06-26 12:31:21,694 Starting Q Learning for : 
2015-06-26 12:31:21,694 alpha = 0.2
2015-06-26 12:31:21,694 gamma = 0.6
2015-06-26 12:31:21,694 individual factor = 8
2015-06-26 12:31:21,694 zero range = 0.01
2015-06-26 12:31:21,694 greedy level = 5
2015-06-26 12:31:21,694 

2015-06-26 12:31:30,283 Starting Training from 2014-12-17 to 2015-01-01
2015-06-26 12:45:33,265 Starting Live from 2015-01-02 to 2015-02-01
2015-06-26 13:19:45,805 Starting Training from 2015-01-17 to 2015-02-01
2015-06-26 13:21:29,663 Starting Live from 2015-02-02 to 2015-03-04
2015-06-26 13:54:23,075 Starting Training from 2015-02-17 to 2015-03-04
2015-06-26 13:56:52,410 Starting Live from 2015-03-05 to 2015-04-04
2015-06-26 14:33:47,632 Starting Training from 2015-03-20 to 2015-04-04
2015-06-26 14:35:38,464 Starting Live from 2015-04-05 to 2015-04-10
2015-06-26 14:43:49,596 Starting Q Learning for : 
2015-06-26 14:43:49,596 alpha = 0.2
2015-06-26 14:43:49,598 gamma = 0.7
2015-06-26 14:43:49,598 individual factor = 8
2015-06-26 14:43:49,598 zero range = 0.01
2015-06-26 14:43:49,598 greedy level = 5
2015-06-26 14:43:49,598 

2015-06-26 14:43:55,795 Starting Training from 2014-12-17 to 2015-01-01
2015-06-26 14:59:10,743 Starting Live from 2015-01-02 to 2015-02-01
2015-06-26 15:34:14,818 Starting Training from 2015-01-17 to 2015-02-01
2015-06-26 15:36:00,253 Starting Live from 2015-02-02 to 2015-03-04
2015-06-26 16:10:02,229 Starting Training from 2015-02-17 to 2015-03-04
2015-06-26 16:12:30,045 Starting Live from 2015-03-05 to 2015-04-04
2015-06-26 16:49:16,325 Starting Training from 2015-03-20 to 2015-04-04
2015-06-26 16:51:00,171 Starting Live from 2015-04-05 to 2015-04-10
2015-06-26 16:58:46,661 Starting Q Learning for : 
2015-06-26 16:58:46,661 alpha = 0.2
2015-06-26 16:58:46,661 gamma = 0.8
2015-06-26 16:58:46,661 individual factor = 8
2015-06-26 16:58:46,661 zero range = 0.01
2015-06-26 16:58:46,661 greedy level = 5
2015-06-26 16:58:46,661 

2015-06-26 16:58:52,563 Starting Training from 2014-12-17 to 2015-01-01
2015-06-26 17:13:20,408 Starting Live from 2015-01-02 to 2015-02-01
2015-06-26 17:46:55,302 Starting Training from 2015-01-17 to 2015-02-01
2015-06-26 17:48:52,325 Starting Live from 2015-02-02 to 2015-03-04
2015-06-26 18:21:50,292 Starting Training from 2015-02-17 to 2015-03-04
2015-06-26 18:24:20,437 Starting Live from 2015-03-05 to 2015-04-04
2015-06-26 19:01:36,885 Starting Training from 2015-03-20 to 2015-04-04
2015-06-26 19:03:22,782 Starting Live from 2015-04-05 to 2015-04-10
2015-06-26 19:11:32,796 Starting Q Learning for : 
2015-06-26 19:11:32,796 alpha = 0.8
2015-06-26 19:11:32,796 gamma = 0.1
2015-06-26 19:11:32,796 individual factor = 8
2015-06-26 19:11:32,796 zero range = 0.01
2015-06-26 19:11:32,796 greedy level = 5
2015-06-26 19:11:32,796 

2015-06-26 19:11:39,108 Starting Training from 2014-12-17 to 2015-01-01
2015-06-26 19:26:02,484 Starting Live from 2015-01-02 to 2015-02-01
2015-06-26 19:59:04,237 Starting Training from 2015-01-17 to 2015-02-01
2015-06-26 20:00:44,161 Starting Live from 2015-02-02 to 2015-03-04
2015-06-26 20:34:11,457 Starting Training from 2015-02-17 to 2015-03-04
2015-06-26 20:36:44,661 Starting Live from 2015-03-05 to 2015-04-04
2015-06-26 21:13:46,112 Starting Training from 2015-03-20 to 2015-04-04
2015-06-26 21:15:37,476 Starting Live from 2015-04-05 to 2015-04-10
2015-06-26 21:23:41,897 Starting Q Learning for : 
2015-06-26 21:23:41,897 alpha = 0.8
2015-06-26 21:23:41,897 gamma = 0.2
2015-06-26 21:23:41,897 individual factor = 8
2015-06-26 21:23:41,897 zero range = 0.01
2015-06-26 21:23:41,898 greedy level = 5
2015-06-26 21:23:41,898 

2015-06-26 21:23:48,450 Starting Training from 2014-12-17 to 2015-01-01
2015-06-26 21:38:47,338 Starting Live from 2015-01-02 to 2015-02-01
2015-06-26 22:12:09,536 Starting Training from 2015-01-17 to 2015-02-01
2015-06-26 22:13:45,744 Starting Live from 2015-02-02 to 2015-03-04
2015-06-26 22:47:01,671 Starting Training from 2015-02-17 to 2015-03-04
2015-06-26 22:49:25,407 Starting Live from 2015-03-05 to 2015-04-04
2015-06-26 23:25:23,305 Starting Training from 2015-03-20 to 2015-04-04
2015-06-26 23:27:29,526 Starting Live from 2015-04-05 to 2015-04-10
2015-06-26 23:36:02,509 Starting Q Learning for : 
2015-06-26 23:36:02,509 alpha = 0.8
2015-06-26 23:36:02,509 gamma = 0.3
2015-06-26 23:36:02,509 individual factor = 8
2015-06-26 23:36:02,509 zero range = 0.01
2015-06-26 23:36:02,509 greedy level = 5
2015-06-26 23:36:02,509 

2015-06-26 23:36:08,305 Starting Training from 2014-12-17 to 2015-01-01
2015-06-26 23:50:34,822 Starting Live from 2015-01-02 to 2015-02-01
2015-06-27 00:25:02,990 Starting Training from 2015-01-17 to 2015-02-01
2015-06-27 00:26:39,641 Starting Live from 2015-02-02 to 2015-03-04
2015-06-27 00:59:47,098 Starting Training from 2015-02-17 to 2015-03-04
2015-06-27 01:02:26,700 Starting Live from 2015-03-05 to 2015-04-04
2015-06-27 01:37:14,007 Starting Training from 2015-03-20 to 2015-04-04
2015-06-27 01:39:00,118 Starting Live from 2015-04-05 to 2015-04-10
2015-06-27 01:47:37,293 Starting Q Learning for : 
2015-06-27 01:47:37,293 alpha = 0.5
2015-06-27 01:47:37,293 gamma = 0.3
2015-06-27 01:47:37,293 individual factor = 8
2015-06-27 01:47:37,293 zero range = 0.006
2015-06-27 01:47:37,293 greedy level = 5
2015-06-27 01:47:37,293 

2015-06-27 01:47:43,447 Starting Training from 2014-12-17 to 2015-01-01
2015-06-27 02:01:49,812 Starting Live from 2015-01-02 to 2015-02-01
2015-06-27 02:36:00,845 Starting Training from 2015-01-17 to 2015-02-01
2015-06-27 02:37:44,535 Starting Live from 2015-02-02 to 2015-03-04
2015-06-27 03:11:18,921 Starting Training from 2015-02-17 to 2015-03-04
2015-06-27 03:13:40,865 Starting Live from 2015-03-05 to 2015-04-04
2015-06-27 03:51:54,789 Starting Training from 2015-03-20 to 2015-04-04
2015-06-27 03:53:39,411 Starting Live from 2015-04-05 to 2015-04-10
2015-06-27 04:01:44,628 Starting Q Learning for : 
2015-06-27 04:01:44,630 alpha = 0.5
2015-06-27 04:01:44,630 gamma = 0.4
2015-06-27 04:01:44,630 individual factor = 8
2015-06-27 04:01:44,630 zero range = 0.006
2015-06-27 04:01:44,630 greedy level = 5
2015-06-27 04:01:44,630 

2015-06-27 04:01:57,115 Starting Training from 2014-12-17 to 2015-01-01
2015-06-27 04:16:10,973 Starting Live from 2015-01-02 to 2015-02-01
2015-06-27 04:50:27,124 Starting Training from 2015-01-17 to 2015-02-01
2015-06-27 04:52:13,549 Starting Live from 2015-02-02 to 2015-03-04
2015-06-27 05:23:56,788 Starting Training from 2015-02-17 to 2015-03-04
2015-06-27 05:26:22,433 Starting Live from 2015-03-05 to 2015-04-04
2015-06-27 06:01:59,539 Starting Training from 2015-03-20 to 2015-04-04
2015-06-27 06:04:01,414 Starting Live from 2015-04-05 to 2015-04-10
2015-06-27 06:11:46,717 Starting Q Learning for : 
2015-06-27 06:11:46,717 alpha = 0.5
2015-06-27 06:11:46,717 gamma = 0.5
2015-06-27 06:11:46,717 individual factor = 8
2015-06-27 06:11:46,717 zero range = 0.006
2015-06-27 06:11:46,717 greedy level = 5
2015-06-27 06:11:46,717 

2015-06-27 06:11:52,516 Starting Training from 2014-12-17 to 2015-01-01
2015-06-27 06:26:35,187 Starting Live from 2015-01-02 to 2015-02-01
2015-06-27 06:59:16,345 Starting Training from 2015-01-17 to 2015-02-01
2015-06-27 07:00:52,168 Starting Live from 2015-02-02 to 2015-03-04
2015-06-27 07:34:01,401 Starting Training from 2015-02-17 to 2015-03-04
2015-06-27 07:36:32,400 Starting Live from 2015-03-05 to 2015-04-04
2015-06-27 08:14:57,720 Starting Training from 2015-03-20 to 2015-04-04
2015-06-27 08:17:05,973 Starting Live from 2015-04-05 to 2015-04-10
2015-06-27 08:25:21,701 Starting Q Learning for : 
2015-06-27 08:25:21,701 alpha = 0.5
2015-06-27 08:25:21,701 gamma = 0.6
2015-06-27 08:25:21,701 individual factor = 8
2015-06-27 08:25:21,701 zero range = 0.006
2015-06-27 08:25:21,701 greedy level = 5
2015-06-27 08:25:21,701 

2015-06-27 08:25:27,703 Starting Training from 2014-12-17 to 2015-01-01
2015-06-27 08:40:19,219 Starting Live from 2015-01-02 to 2015-02-01
2015-06-27 09:13:36,642 Starting Training from 2015-01-17 to 2015-02-01
2015-06-27 09:15:10,609 Starting Live from 2015-02-02 to 2015-03-04
2015-06-27 09:47:35,111 Starting Training from 2015-02-17 to 2015-03-04
2015-06-27 09:50:00,210 Starting Live from 2015-03-05 to 2015-04-04
2015-06-27 10:24:13,385 Starting Training from 2015-03-20 to 2015-04-04
2015-06-27 10:26:04,214 Starting Live from 2015-04-05 to 2015-04-10
2015-06-27 10:34:27,842 Starting Q Learning for : 
2015-06-27 10:34:27,842 alpha = 0.5
2015-06-27 10:34:27,842 gamma = 0.7
2015-06-27 10:34:27,842 individual factor = 8
2015-06-27 10:34:27,842 zero range = 0.006
2015-06-27 10:34:27,842 greedy level = 5
2015-06-27 10:34:27,842 

2015-06-27 10:34:33,750 Starting Training from 2014-12-17 to 2015-01-01
2015-06-27 10:48:28,653 Starting Live from 2015-01-02 to 2015-02-01
2015-06-27 11:22:11,505 Starting Training from 2015-01-17 to 2015-02-01
2015-06-27 11:23:53,831 Starting Live from 2015-02-02 to 2015-03-04
2015-06-27 11:56:11,421 Starting Training from 2015-02-17 to 2015-03-04
2015-06-27 11:58:35,276 Starting Live from 2015-03-05 to 2015-04-04
2015-06-27 12:40:50,663 Starting Training from 2015-03-20 to 2015-04-04
2015-06-27 12:42:36,272 Starting Live from 2015-04-05 to 2015-04-10
2015-06-27 12:52:32,467 Starting Q Learning for : 
2015-06-27 12:52:32,467 alpha = 0.5
2015-06-27 12:52:32,467 gamma = 0.8
2015-06-27 12:52:32,467 individual factor = 8
2015-06-27 12:52:32,467 zero range = 0.006
2015-06-27 12:52:32,469 greedy level = 5
2015-06-27 12:52:32,469 

2015-06-27 12:52:39,483 Starting Training from 2014-12-17 to 2015-01-01
2015-06-27 13:06:51,063 Starting Live from 2015-01-02 to 2015-02-01
2015-06-27 13:41:24,132 Starting Training from 2015-01-17 to 2015-02-01
2015-06-27 13:43:03,621 Starting Live from 2015-02-02 to 2015-03-04
2015-06-27 14:14:44,904 Starting Training from 2015-02-17 to 2015-03-04
2015-06-27 14:17:06,082 Starting Live from 2015-03-05 to 2015-04-04
2015-06-27 14:48:07,099 Starting Training from 2015-03-20 to 2015-04-04
2015-06-27 14:49:40,122 Starting Live from 2015-04-05 to 2015-04-10
2015-06-27 14:56:46,167 Starting Q Learning for : 
2015-06-27 14:56:46,167 alpha = 0.6
2015-06-27 14:56:46,167 gamma = 0.1
2015-06-27 14:56:46,167 individual factor = 8
2015-06-27 14:56:46,167 zero range = 0.006
2015-06-27 14:56:46,167 greedy level = 5
2015-06-27 14:56:46,167 

2015-06-27 14:56:53,078 Starting Training from 2014-12-17 to 2015-01-01
2015-06-27 15:11:34,086 Starting Live from 2015-01-02 to 2015-02-01
2015-06-27 15:46:28,627 Starting Training from 2015-01-17 to 2015-02-01
2015-06-27 15:48:10,394 Starting Live from 2015-02-02 to 2015-03-04
2015-06-27 16:21:44,342 Starting Training from 2015-02-17 to 2015-03-04
2015-06-27 16:24:10,730 Starting Live from 2015-03-05 to 2015-04-04
2015-06-27 16:58:55,286 Starting Training from 2015-03-20 to 2015-04-04
2015-06-27 17:01:01,901 Starting Live from 2015-04-05 to 2015-04-10
2015-06-27 17:08:48,983 Starting Q Learning for : 
2015-06-27 17:08:48,983 alpha = 0.2
2015-06-27 17:08:48,983 gamma = 0.7
2015-06-27 17:08:48,983 individual factor = 8
2015-06-27 17:08:48,983 zero range = 0.006
2015-06-27 17:08:48,983 greedy level = 5
2015-06-27 17:08:48,984 

2015-06-27 17:08:54,680 Starting Training from 2014-12-17 to 2015-01-01
2015-06-27 17:22:56,196 Starting Live from 2015-01-02 to 2015-02-01
2015-06-27 17:55:39,201 Starting Training from 2015-01-17 to 2015-02-01
2015-06-27 17:57:14,717 Starting Live from 2015-02-02 to 2015-03-04
2015-06-27 18:30:14,565 Starting Training from 2015-02-17 to 2015-03-04
2015-06-27 18:33:00,653 Starting Live from 2015-03-05 to 2015-04-04
2015-06-27 19:09:55,130 Starting Training from 2015-03-20 to 2015-04-04
2015-06-27 19:11:42,631 Starting Live from 2015-04-05 to 2015-04-10
2015-06-27 19:20:38,269 Starting Q Learning for : 
2015-06-27 19:20:38,269 alpha = 0.2
2015-06-27 19:20:38,269 gamma = 0.8
2015-06-27 19:20:38,269 individual factor = 8
2015-06-27 19:20:38,270 zero range = 0.006
2015-06-27 19:20:38,270 greedy level = 5
2015-06-27 19:20:38,270 

2015-06-27 19:20:46,378 Starting Training from 2014-12-17 to 2015-01-01
2015-06-27 19:34:56,746 Starting Live from 2015-01-02 to 2015-02-01
2015-06-27 20:08:34,891 Starting Training from 2015-01-17 to 2015-02-01
2015-06-27 20:10:15,236 Starting Live from 2015-02-02 to 2015-03-04
2015-06-27 20:42:20,736 Starting Training from 2015-02-17 to 2015-03-04
2015-06-27 20:45:11,586 Starting Live from 2015-03-05 to 2015-04-04
2015-06-27 21:20:44,000 Starting Training from 2015-03-20 to 2015-04-04
2015-06-27 21:22:30,062 Starting Live from 2015-04-05 to 2015-04-10
2015-06-27 21:30:40,276 Starting Q Learning for : 
2015-06-27 21:30:40,276 alpha = 0.8
2015-06-27 21:30:40,276 gamma = 0.1
2015-06-27 21:30:40,278 individual factor = 8
2015-06-27 21:30:40,278 zero range = 0.006
2015-06-27 21:30:40,278 greedy level = 5
2015-06-27 21:30:40,278 

2015-06-27 21:30:47,664 Starting Training from 2014-12-17 to 2015-01-01
2015-06-27 21:44:46,283 Starting Live from 2015-01-02 to 2015-02-01
2015-06-27 22:17:53,059 Starting Training from 2015-01-17 to 2015-02-01
2015-06-27 22:19:30,664 Starting Live from 2015-02-02 to 2015-03-04
2015-06-27 22:50:47,453 Starting Training from 2015-02-17 to 2015-03-04
2015-06-27 22:53:08,479 Starting Live from 2015-03-05 to 2015-04-04
2015-06-27 23:28:35,151 Starting Training from 2015-03-20 to 2015-04-04
2015-06-27 23:30:13,680 Starting Live from 2015-04-05 to 2015-04-10
2015-06-27 23:38:08,483 Starting Q Learning for : 
2015-06-27 23:38:08,483 alpha = 0.8
2015-06-27 23:38:08,483 gamma = 0.2
2015-06-27 23:38:08,484 individual factor = 8
2015-06-27 23:38:08,484 zero range = 0.006
2015-06-27 23:38:08,484 greedy level = 5
2015-06-27 23:38:08,484 

2015-06-27 23:38:13,319 Starting Training from 2014-12-17 to 2015-01-01
2015-06-27 23:52:15,105 Starting Live from 2015-01-02 to 2015-02-01
2015-06-28 00:24:10,642 Starting Training from 2015-01-17 to 2015-02-01
2015-06-28 00:25:45,183 Starting Live from 2015-02-02 to 2015-03-04
2015-06-28 00:57:06,628 Starting Training from 2015-02-17 to 2015-03-04
2015-06-28 00:59:25,974 Starting Live from 2015-03-05 to 2015-04-04
2015-06-28 01:33:36,795 Starting Training from 2015-03-20 to 2015-04-04
2015-06-28 01:35:22,134 Starting Live from 2015-04-05 to 2015-04-10
2015-06-28 01:43:40,013 Starting Q Learning for : 
2015-06-28 01:43:40,013 alpha = 0.8
2015-06-28 01:43:40,013 gamma = 0.3
2015-06-28 01:43:40,013 individual factor = 8
2015-06-28 01:43:40,013 zero range = 0.006
2015-06-28 01:43:40,013 greedy level = 5
2015-06-28 01:43:40,013 

2015-06-28 01:43:46,280 Starting Training from 2014-12-17 to 2015-01-01
2015-06-28 01:56:46,089 Starting Live from 2015-01-02 to 2015-02-01
2015-06-28 02:28:07,118 Starting Training from 2015-01-17 to 2015-02-01
2015-06-28 02:29:38,375 Starting Live from 2015-02-02 to 2015-03-04
2015-06-28 02:59:32,253 Starting Training from 2015-02-17 to 2015-03-04
2015-06-28 03:01:45,313 Starting Live from 2015-03-05 to 2015-04-04
2015-06-28 03:39:16,822 Starting Training from 2015-03-20 to 2015-04-04
2015-06-28 03:40:54,549 Starting Live from 2015-04-05 to 2015-04-10
2015-06-28 03:49:17,898 Starting Q Learning for : 
2015-06-28 03:49:17,898 alpha = 0.8
2015-06-28 03:49:17,898 gamma = 0.4
2015-06-28 03:49:17,898 individual factor = 8
2015-06-28 03:49:17,898 zero range = 0.006
2015-06-28 03:49:17,898 greedy level = 5
2015-06-28 03:49:17,898 

2015-06-28 03:49:25,266 Starting Training from 2014-12-17 to 2015-01-01
2015-06-28 04:03:11,760 Starting Live from 2015-01-02 to 2015-02-01
2015-06-28 04:34:24,605 Starting Training from 2015-01-17 to 2015-02-01
2015-06-28 04:36:25,118 Starting Live from 2015-02-02 to 2015-03-04
2015-06-28 05:06:44,539 Starting Training from 2015-02-17 to 2015-03-04
2015-06-28 05:09:02,200 Starting Live from 2015-03-05 to 2015-04-04
2015-06-28 05:43:26,737 Starting Training from 2015-03-20 to 2015-04-04
2015-06-28 05:45:11,019 Starting Live from 2015-04-05 to 2015-04-10
2015-06-28 05:52:53,885 Starting Q Learning for : 
2015-06-28 05:52:53,885 alpha = 0.8
2015-06-28 05:52:53,887 gamma = 0.5
2015-06-28 05:52:53,887 individual factor = 8
2015-06-28 05:52:53,887 zero range = 0.006
2015-06-28 05:52:53,887 greedy level = 5
2015-06-28 05:52:53,887 

2015-06-28 05:53:00,075 Starting Training from 2014-12-17 to 2015-01-01
2015-06-28 06:06:40,463 Starting Live from 2015-01-02 to 2015-02-01
2015-06-28 06:37:17,519 Starting Training from 2015-01-17 to 2015-02-01
2015-06-28 06:38:49,369 Starting Live from 2015-02-02 to 2015-03-04
2015-06-28 07:08:29,676 Starting Training from 2015-02-17 to 2015-03-04
2015-06-28 07:10:46,457 Starting Live from 2015-03-05 to 2015-04-04
2015-06-28 07:43:38,528 Starting Training from 2015-03-20 to 2015-04-04
2015-06-28 07:45:15,109 Starting Live from 2015-04-05 to 2015-04-10
