2015-06-25 18:57:42,348 Starting Q Learning for : 
2015-06-25 18:57:42,348 alpha = 0.5
2015-06-25 18:57:42,348 gamma = 0.8
2015-06-25 18:57:42,348 individual factor = 8
2015-06-25 18:57:42,348 zero range = 0.01
2015-06-25 18:57:42,348 greedy level = 5
2015-06-25 18:57:42,348 

2015-06-25 18:57:52,746 Starting Training from 2014-12-17 to 2015-01-01
2015-06-25 19:10:40,963 Starting Live from 2015-01-02 to 2015-02-01
2015-06-25 19:43:40,470 Starting Training from 2015-01-17 to 2015-02-01
2015-06-25 19:45:15,990 Starting Live from 2015-02-02 to 2015-03-04
2015-06-25 20:18:51,315 Starting Training from 2015-02-17 to 2015-03-04
2015-06-25 20:21:16,124 Starting Live from 2015-03-05 to 2015-04-04
2015-06-25 20:55:51,905 Starting Training from 2015-03-20 to 2015-04-04
2015-06-25 20:57:32,174 Starting Live from 2015-04-05 to 2015-04-10
2015-06-25 21:05:19,257 Starting Q Learning for : 
2015-06-25 21:05:19,259 alpha = 0.6
2015-06-25 21:05:19,259 gamma = 0.1
2015-06-25 21:05:19,259 individual factor = 8
2015-06-25 21:05:19,259 zero range = 0.01
2015-06-25 21:05:19,259 greedy level = 5
2015-06-25 21:05:19,259 

2015-06-25 21:05:24,905 Starting Training from 2014-12-17 to 2015-01-01
2015-06-25 21:19:16,244 Starting Live from 2015-01-02 to 2015-02-01
2015-06-25 21:51:35,499 Starting Training from 2015-01-17 to 2015-02-01
2015-06-25 21:53:12,578 Starting Live from 2015-02-02 to 2015-03-04
2015-06-25 22:25:49,071 Starting Training from 2015-02-17 to 2015-03-04
2015-06-25 22:28:24,664 Starting Live from 2015-03-05 to 2015-04-04
2015-06-25 23:08:07,739 Starting Training from 2015-03-20 to 2015-04-04
2015-06-25 23:09:57,944 Starting Live from 2015-04-05 to 2015-04-10
2015-06-25 23:18:26,714 Starting Q Learning for : 
2015-06-25 23:18:26,716 alpha = 0.6
2015-06-25 23:18:26,716 gamma = 0.2
2015-06-25 23:18:26,716 individual factor = 8
2015-06-25 23:18:26,716 zero range = 0.01
2015-06-25 23:18:26,716 greedy level = 5
2015-06-25 23:18:26,716 

2015-06-25 23:18:32,747 Starting Training from 2014-12-17 to 2015-01-01
2015-06-25 23:33:05,115 Starting Live from 2015-01-02 to 2015-02-01
2015-06-26 00:07:27,028 Starting Training from 2015-01-17 to 2015-02-01
2015-06-26 00:09:09,910 Starting Live from 2015-02-02 to 2015-03-04
2015-06-26 00:41:29,069 Starting Training from 2015-02-17 to 2015-03-04
2015-06-26 00:43:39,641 Starting Live from 2015-03-05 to 2015-04-04
2015-06-26 01:17:38,381 Starting Training from 2015-03-20 to 2015-04-04
2015-06-26 01:19:38,913 Starting Live from 2015-04-05 to 2015-04-10
2015-06-26 01:27:57,084 Starting Q Learning for : 
2015-06-26 01:27:57,084 alpha = 0.6
2015-06-26 01:27:57,084 gamma = 0.3
2015-06-26 01:27:57,085 individual factor = 8
2015-06-26 01:27:57,085 zero range = 0.01
2015-06-26 01:27:57,085 greedy level = 5
2015-06-26 01:27:57,085 

2015-06-26 01:28:02,714 Starting Training from 2014-12-17 to 2015-01-01
2015-06-26 01:42:26,440 Starting Live from 2015-01-02 to 2015-02-01
2015-06-26 02:17:03,089 Starting Training from 2015-01-17 to 2015-02-01
2015-06-26 02:18:48,256 Starting Live from 2015-02-02 to 2015-03-04
2015-06-26 02:52:33,762 Starting Training from 2015-02-17 to 2015-03-04
2015-06-26 02:55:08,701 Starting Live from 2015-03-05 to 2015-04-04
2015-06-26 03:32:30,411 Starting Training from 2015-03-20 to 2015-04-04
2015-06-26 03:34:48,408 Starting Live from 2015-04-05 to 2015-04-10
2015-06-26 03:42:59,184 Starting Q Learning for : 
2015-06-26 03:42:59,184 alpha = 0.6
2015-06-26 03:42:59,184 gamma = 0.4
2015-06-26 03:42:59,184 individual factor = 8
2015-06-26 03:42:59,184 zero range = 0.01
2015-06-26 03:42:59,184 greedy level = 5
2015-06-26 03:42:59,184 

2015-06-26 03:43:06,528 Starting Training from 2014-12-17 to 2015-01-01
2015-06-26 03:58:11,450 Starting Live from 2015-01-02 to 2015-02-01
2015-06-26 04:33:06,700 Starting Training from 2015-01-17 to 2015-02-01
2015-06-26 04:34:52,796 Starting Live from 2015-02-02 to 2015-03-04
2015-06-26 05:08:25,078 Starting Training from 2015-02-17 to 2015-03-04
2015-06-26 05:10:51,118 Starting Live from 2015-03-05 to 2015-04-04
2015-06-26 05:47:46,461 Starting Training from 2015-03-20 to 2015-04-04
2015-06-26 05:49:56,240 Starting Live from 2015-04-05 to 2015-04-10
2015-06-26 05:58:26,470 Starting Q Learning for : 
2015-06-26 05:58:26,470 alpha = 0.6
2015-06-26 05:58:26,470 gamma = 0.5
2015-06-26 05:58:26,470 individual factor = 8
2015-06-26 05:58:26,470 zero range = 0.01
2015-06-26 05:58:26,470 greedy level = 5
2015-06-26 05:58:26,470 

2015-06-26 05:58:32,795 Starting Training from 2014-12-17 to 2015-01-01
2015-06-26 06:13:46,772 Starting Live from 2015-01-02 to 2015-02-01
2015-06-26 06:48:23,255 Starting Training from 2015-01-17 to 2015-02-01
2015-06-26 06:50:04,611 Starting Live from 2015-02-02 to 2015-03-04
2015-06-26 07:23:50,648 Starting Training from 2015-02-17 to 2015-03-04
2015-06-26 07:26:12,944 Starting Live from 2015-03-05 to 2015-04-04
2015-06-26 08:02:19,941 Starting Training from 2015-03-20 to 2015-04-04
2015-06-26 08:04:28,594 Starting Live from 2015-04-05 to 2015-04-10
2015-06-26 08:12:48,776 Starting Q Learning for : 
2015-06-26 08:12:48,776 alpha = 0.6
2015-06-26 08:12:48,778 gamma = 0.6
2015-06-26 08:12:48,778 individual factor = 8
2015-06-26 08:12:48,778 zero range = 0.01
2015-06-26 08:12:48,778 greedy level = 5
2015-06-26 08:12:48,778 

2015-06-26 08:12:54,953 Starting Training from 2014-12-17 to 2015-01-01
2015-06-26 08:27:54,170 Starting Live from 2015-01-02 to 2015-02-01
2015-06-26 09:01:41,506 Starting Training from 2015-01-17 to 2015-02-01
2015-06-26 09:03:26,220 Starting Live from 2015-02-02 to 2015-03-04
2015-06-26 09:36:37,296 Starting Training from 2015-02-17 to 2015-03-04
2015-06-26 09:39:00,766 Starting Live from 2015-03-05 to 2015-04-04
2015-06-26 10:15:26,020 Starting Training from 2015-03-20 to 2015-04-04
2015-06-26 10:17:40,651 Starting Live from 2015-04-05 to 2015-04-10
2015-06-26 10:25:41,256 Starting Q Learning for : 
2015-06-26 10:25:41,256 alpha = 0.8
2015-06-26 10:25:41,256 gamma = 0.4
2015-06-26 10:25:41,256 individual factor = 8
2015-06-26 10:25:41,256 zero range = 0.01
2015-06-26 10:25:41,256 greedy level = 5
2015-06-26 10:25:41,256 

2015-06-26 10:25:46,755 Starting Training from 2014-12-17 to 2015-01-01
2015-06-26 10:40:11,253 Starting Live from 2015-01-02 to 2015-02-01
2015-06-26 11:13:30,448 Starting Training from 2015-01-17 to 2015-02-01
2015-06-26 11:15:10,555 Starting Live from 2015-02-02 to 2015-03-04
2015-06-26 11:48:11,503 Starting Training from 2015-02-17 to 2015-03-04
2015-06-26 11:50:51,733 Starting Live from 2015-03-05 to 2015-04-04
2015-06-26 12:26:25,500 Starting Training from 2015-03-20 to 2015-04-04
2015-06-26 12:28:12,805 Starting Live from 2015-04-05 to 2015-04-10
2015-06-26 12:36:58,296 Starting Q Learning for : 
2015-06-26 12:36:58,296 alpha = 0.8
2015-06-26 12:36:58,296 gamma = 0.5
2015-06-26 12:36:58,296 individual factor = 8
2015-06-26 12:36:58,296 zero range = 0.01
2015-06-26 12:36:58,298 greedy level = 5
2015-06-26 12:36:58,298 

2015-06-26 12:37:04,111 Starting Training from 2014-12-17 to 2015-01-01
2015-06-26 12:50:56,418 Starting Live from 2015-01-02 to 2015-02-01
2015-06-26 13:25:14,280 Starting Training from 2015-01-17 to 2015-02-01
2015-06-26 13:27:03,697 Starting Live from 2015-02-02 to 2015-03-04
2015-06-26 14:01:27,219 Starting Training from 2015-02-17 to 2015-03-04
2015-06-26 14:04:10,289 Starting Live from 2015-03-05 to 2015-04-04
2015-06-26 14:51:09,979 Starting Training from 2015-03-20 to 2015-04-04
2015-06-26 14:52:58,131 Starting Live from 2015-04-05 to 2015-04-10
2015-06-26 15:06:35,697 Starting Q Learning for : 
2015-06-26 15:06:35,698 alpha = 0.8
2015-06-26 15:06:35,698 gamma = 0.6
2015-06-26 15:06:35,698 individual factor = 8
2015-06-26 15:06:35,698 zero range = 0.01
2015-06-26 15:06:35,698 greedy level = 5
2015-06-26 15:06:35,698 

2015-06-26 15:06:42,638 Starting Training from 2014-12-17 to 2015-01-01
2015-06-26 15:21:55,663 Starting Live from 2015-01-02 to 2015-02-01
2015-06-26 15:57:45,190 Starting Training from 2015-01-17 to 2015-02-01
2015-06-26 15:59:29,282 Starting Live from 2015-02-02 to 2015-03-04
2015-06-26 16:32:42,684 Starting Training from 2015-02-17 to 2015-03-04
2015-06-26 16:35:03,895 Starting Live from 2015-03-05 to 2015-04-04
2015-06-26 17:10:46,003 Starting Training from 2015-03-20 to 2015-04-04
2015-06-26 17:12:32,993 Starting Live from 2015-04-05 to 2015-04-10
2015-06-26 17:20:14,562 Starting Q Learning for : 
2015-06-26 17:20:14,562 alpha = 0.8
2015-06-26 17:20:14,562 gamma = 0.7
2015-06-26 17:20:14,562 individual factor = 8
2015-06-26 17:20:14,562 zero range = 0.01
2015-06-26 17:20:14,562 greedy level = 5
2015-06-26 17:20:14,562 

2015-06-26 17:20:20,845 Starting Training from 2014-12-17 to 2015-01-01
2015-06-26 17:34:49,463 Starting Live from 2015-01-02 to 2015-02-01
2015-06-26 18:09:09,302 Starting Training from 2015-01-17 to 2015-02-01
2015-06-26 18:11:14,819 Starting Live from 2015-02-02 to 2015-03-04
2015-06-26 18:45:04,339 Starting Training from 2015-02-17 to 2015-03-04
2015-06-26 18:47:30,503 Starting Live from 2015-03-05 to 2015-04-04
2015-06-26 19:24:33,740 Starting Training from 2015-03-20 to 2015-04-04
2015-06-26 19:26:20,331 Starting Live from 2015-04-05 to 2015-04-10
2015-06-26 19:34:03,578 Starting Q Learning for : 
2015-06-26 19:34:03,579 alpha = 0.8
2015-06-26 19:34:03,579 gamma = 0.8
2015-06-26 19:34:03,579 individual factor = 8
2015-06-26 19:34:03,579 zero range = 0.01
2015-06-26 19:34:03,579 greedy level = 5
2015-06-26 19:34:03,579 

2015-06-26 19:34:09,523 Starting Training from 2014-12-17 to 2015-01-01
2015-06-26 19:48:50,937 Starting Live from 2015-01-02 to 2015-02-01
2015-06-26 20:22:24,349 Starting Training from 2015-01-17 to 2015-02-01
2015-06-26 20:24:17,782 Starting Live from 2015-02-02 to 2015-03-04
2015-06-26 20:58:56,828 Starting Training from 2015-02-17 to 2015-03-04
2015-06-26 21:01:30,230 Starting Live from 2015-03-05 to 2015-04-04
2015-06-26 21:38:40,509 Starting Training from 2015-03-20 to 2015-04-04
2015-06-26 21:40:25,260 Starting Live from 2015-04-05 to 2015-04-10
2015-06-26 21:48:25,553 Starting Q Learning for : 
2015-06-26 21:48:25,553 alpha = 0.5
2015-06-26 21:48:25,555 gamma = 0.1
2015-06-26 21:48:25,555 individual factor = 8
2015-06-26 21:48:25,555 zero range = 0.006
2015-06-26 21:48:25,555 greedy level = 5
2015-06-26 21:48:25,555 

2015-06-26 21:48:31,773 Starting Training from 2014-12-17 to 2015-01-01
2015-06-26 22:03:09,467 Starting Live from 2015-01-02 to 2015-02-01
2015-06-26 22:36:30,326 Starting Training from 2015-01-17 to 2015-02-01
2015-06-26 22:38:12,799 Starting Live from 2015-02-02 to 2015-03-04
2015-06-26 23:12:15,099 Starting Training from 2015-02-17 to 2015-03-04
2015-06-26 23:14:44,062 Starting Live from 2015-03-05 to 2015-04-04
2015-06-26 23:52:28,826 Starting Training from 2015-03-20 to 2015-04-04
2015-06-26 23:54:27,450 Starting Live from 2015-04-05 to 2015-04-10
2015-06-27 00:02:28,119 Starting Q Learning for : 
2015-06-27 00:02:28,119 alpha = 0.5
2015-06-27 00:02:28,119 gamma = 0.2
2015-06-27 00:02:28,119 individual factor = 8
2015-06-27 00:02:28,119 zero range = 0.006
2015-06-27 00:02:28,119 greedy level = 5
2015-06-27 00:02:28,119 

2015-06-27 00:02:34,696 Starting Training from 2014-12-17 to 2015-01-01
2015-06-27 00:17:36,779 Starting Live from 2015-01-02 to 2015-02-01
2015-06-27 00:51:22,269 Starting Training from 2015-01-17 to 2015-02-01
2015-06-27 00:52:59,790 Starting Live from 2015-02-02 to 2015-03-04
2015-06-27 01:26:29,487 Starting Training from 2015-02-17 to 2015-03-04
2015-06-27 01:28:53,428 Starting Live from 2015-03-05 to 2015-04-04
2015-06-27 02:05:29,904 Starting Training from 2015-03-20 to 2015-04-04
2015-06-27 02:07:31,614 Starting Live from 2015-04-05 to 2015-04-10
2015-06-27 02:16:24,336 Starting Q Learning for : 
2015-06-27 02:16:24,336 alpha = 0.4
2015-06-27 02:16:24,336 gamma = 0.1
2015-06-27 02:16:24,336 individual factor = 8
2015-06-27 02:16:24,336 zero range = 0.006
2015-06-27 02:16:24,336 greedy level = 5
2015-06-27 02:16:24,338 

2015-06-27 02:16:31,255 Starting Training from 2014-12-17 to 2015-01-01
2015-06-27 02:31:07,290 Starting Live from 2015-01-02 to 2015-02-01
2015-06-27 03:05:55,727 Starting Training from 2015-01-17 to 2015-02-01
2015-06-27 03:07:34,230 Starting Live from 2015-02-02 to 2015-03-04
2015-06-27 03:40:57,390 Starting Training from 2015-02-17 to 2015-03-04
2015-06-27 03:43:30,608 Starting Live from 2015-03-05 to 2015-04-04
2015-06-27 04:19:27,579 Starting Training from 2015-03-20 to 2015-04-04
2015-06-27 04:21:10,993 Starting Live from 2015-04-05 to 2015-04-10
2015-06-27 04:29:38,407 Starting Q Learning for : 
2015-06-27 04:29:38,407 alpha = 0.4
2015-06-27 04:29:38,407 gamma = 0.2
2015-06-27 04:29:38,407 individual factor = 8
2015-06-27 04:29:38,407 zero range = 0.006
2015-06-27 04:29:38,407 greedy level = 5
2015-06-27 04:29:38,407 

2015-06-27 04:29:43,707 Starting Training from 2014-12-17 to 2015-01-01
2015-06-27 04:44:01,009 Starting Live from 2015-01-02 to 2015-02-01
2015-06-27 05:18:13,391 Starting Training from 2015-01-17 to 2015-02-01
2015-06-27 05:19:53,875 Starting Live from 2015-02-02 to 2015-03-04
2015-06-27 05:52:25,671 Starting Training from 2015-02-17 to 2015-03-04
2015-06-27 05:54:54,582 Starting Live from 2015-03-05 to 2015-04-04
2015-06-27 06:32:18,053 Starting Training from 2015-03-20 to 2015-04-04
2015-06-27 06:33:58,601 Starting Live from 2015-04-05 to 2015-04-10
2015-06-27 06:41:56,398 Starting Q Learning for : 
2015-06-27 06:41:56,398 alpha = 0.4
2015-06-27 06:41:56,398 gamma = 0.3
2015-06-27 06:41:56,398 individual factor = 8
2015-06-27 06:41:56,398 zero range = 0.006
2015-06-27 06:41:56,398 greedy level = 5
2015-06-27 06:41:56,398 

2015-06-27 06:42:04,483 Starting Training from 2014-12-17 to 2015-01-01
2015-06-27 06:56:10,834 Starting Live from 2015-01-02 to 2015-02-01
2015-06-27 07:29:33,601 Starting Training from 2015-01-17 to 2015-02-01
2015-06-27 07:31:23,043 Starting Live from 2015-02-02 to 2015-03-04
2015-06-27 08:04:31,569 Starting Training from 2015-02-17 to 2015-03-04
2015-06-27 08:07:01,453 Starting Live from 2015-03-05 to 2015-04-04
2015-06-27 08:45:45,694 Starting Training from 2015-03-20 to 2015-04-04
2015-06-27 08:47:35,233 Starting Live from 2015-04-05 to 2015-04-10
2015-06-27 08:55:58,203 Starting Q Learning for : 
2015-06-27 08:55:58,203 alpha = 0.4
2015-06-27 08:55:58,203 gamma = 0.4
2015-06-27 08:55:58,203 individual factor = 8
2015-06-27 08:55:58,203 zero range = 0.006
2015-06-27 08:55:58,203 greedy level = 5
2015-06-27 08:55:58,203 

2015-06-27 08:56:03,996 Starting Training from 2014-12-17 to 2015-01-01
2015-06-27 09:10:36,227 Starting Live from 2015-01-02 to 2015-02-01
2015-06-27 09:43:22,911 Starting Training from 2015-01-17 to 2015-02-01
2015-06-27 09:45:30,259 Starting Live from 2015-02-02 to 2015-03-04
2015-06-27 10:18:32,115 Starting Training from 2015-02-17 to 2015-03-04
2015-06-27 10:21:05,796 Starting Live from 2015-03-05 to 2015-04-04
2015-06-27 10:59:04,559 Starting Training from 2015-03-20 to 2015-04-04
2015-06-27 11:00:46,562 Starting Live from 2015-04-05 to 2015-04-10
2015-06-27 11:08:52,615 Starting Q Learning for : 
2015-06-27 11:08:52,615 alpha = 0.4
2015-06-27 11:08:52,615 gamma = 0.5
2015-06-27 11:08:52,615 individual factor = 8
2015-06-27 11:08:52,615 zero range = 0.006
2015-06-27 11:08:52,615 greedy level = 5
2015-06-27 11:08:52,615 

2015-06-27 11:08:59,318 Starting Training from 2014-12-17 to 2015-01-01
2015-06-27 11:23:38,483 Starting Live from 2015-01-02 to 2015-02-01
2015-06-27 11:57:05,036 Starting Training from 2015-01-17 to 2015-02-01
2015-06-27 11:58:43,736 Starting Live from 2015-02-02 to 2015-03-04
2015-06-27 12:32:10,926 Starting Training from 2015-02-17 to 2015-03-04
2015-06-27 12:34:33,355 Starting Live from 2015-03-05 to 2015-04-04
2015-06-27 13:14:26,601 Starting Training from 2015-03-20 to 2015-04-04
2015-06-27 13:16:10,961 Starting Live from 2015-04-05 to 2015-04-10
2015-06-27 13:24:50,036 Starting Q Learning for : 
2015-06-27 13:24:50,036 alpha = 0.4
2015-06-27 13:24:50,036 gamma = 0.6
2015-06-27 13:24:50,036 individual factor = 8
2015-06-27 13:24:50,038 zero range = 0.006
2015-06-27 13:24:50,038 greedy level = 5
2015-06-27 13:24:50,038 

2015-06-27 13:24:56,733 Starting Training from 2014-12-17 to 2015-01-01
2015-06-27 13:39:46,599 Starting Live from 2015-01-02 to 2015-02-01
2015-06-27 14:13:14,279 Starting Training from 2015-01-17 to 2015-02-01
2015-06-27 14:14:57,977 Starting Live from 2015-02-02 to 2015-03-04
2015-06-27 14:45:05,025 Starting Training from 2015-02-17 to 2015-03-04
2015-06-27 14:47:11,769 Starting Live from 2015-03-05 to 2015-04-04
2015-06-27 15:25:50,634 Starting Training from 2015-03-20 to 2015-04-04
2015-06-27 15:28:12,596 Starting Live from 2015-04-05 to 2015-04-10
2015-06-27 15:36:49,141 Starting Q Learning for : 
2015-06-27 15:36:49,141 alpha = 0.4
2015-06-27 15:36:49,141 gamma = 0.7
2015-06-27 15:36:49,141 individual factor = 8
2015-06-27 15:36:49,141 zero range = 0.006
2015-06-27 15:36:49,141 greedy level = 5
2015-06-27 15:36:49,141 

2015-06-27 15:36:55,102 Starting Training from 2014-12-17 to 2015-01-01
2015-06-27 15:52:05,585 Starting Live from 2015-01-02 to 2015-02-01
2015-06-27 16:26:13,553 Starting Training from 2015-01-17 to 2015-02-01
2015-06-27 16:27:55,028 Starting Live from 2015-02-02 to 2015-03-04
2015-06-27 17:00:44,785 Starting Training from 2015-02-17 to 2015-03-04
2015-06-27 17:03:18,546 Starting Live from 2015-03-05 to 2015-04-04
2015-06-27 17:38:19,158 Starting Training from 2015-03-20 to 2015-04-04
2015-06-27 17:40:04,660 Starting Live from 2015-04-05 to 2015-04-10
2015-06-27 17:48:23,865 Starting Q Learning for : 
2015-06-27 17:48:23,865 alpha = 0.8
2015-06-27 17:48:23,867 gamma = 0.6
2015-06-27 17:48:23,867 individual factor = 8
2015-06-27 17:48:23,867 zero range = 0.006
2015-06-27 17:48:23,867 greedy level = 5
2015-06-27 17:48:23,867 

2015-06-27 17:48:30,763 Starting Training from 2014-12-17 to 2015-01-01
2015-06-27 18:02:03,331 Starting Live from 2015-01-02 to 2015-02-01
2015-06-27 18:36:35,688 Starting Training from 2015-01-17 to 2015-02-01
2015-06-27 18:38:19,433 Starting Live from 2015-02-02 to 2015-03-04
2015-06-27 19:11:54,164 Starting Training from 2015-02-17 to 2015-03-04
2015-06-27 19:14:45,619 Starting Live from 2015-03-05 to 2015-04-04
2015-06-27 19:52:35,572 Starting Training from 2015-03-20 to 2015-04-04
2015-06-27 19:54:21,927 Starting Live from 2015-04-05 to 2015-04-10
2015-06-27 20:03:01,171 Starting Q Learning for : 
2015-06-27 20:03:01,171 alpha = 0.8
2015-06-27 20:03:01,171 gamma = 0.7
2015-06-27 20:03:01,171 individual factor = 8
2015-06-27 20:03:01,171 zero range = 0.006
2015-06-27 20:03:01,171 greedy level = 5
2015-06-27 20:03:01,171 

2015-06-27 20:03:08,664 Starting Training from 2014-12-17 to 2015-01-01
2015-06-27 20:16:49,164 Starting Live from 2015-01-02 to 2015-02-01
2015-06-27 20:50:46,328 Starting Training from 2015-01-17 to 2015-02-01
2015-06-27 20:52:26,999 Starting Live from 2015-02-02 to 2015-03-04
2015-06-27 21:25:02,197 Starting Training from 2015-02-17 to 2015-03-04
2015-06-27 21:27:27,522 Starting Live from 2015-03-05 to 2015-04-04
2015-06-27 22:04:07,522 Starting Training from 2015-03-20 to 2015-04-04
2015-06-27 22:05:50,148 Starting Live from 2015-04-05 to 2015-04-10
2015-06-27 22:13:54,440 Starting Q Learning for : 
2015-06-27 22:13:54,441 alpha = 0.8
2015-06-27 22:13:54,441 gamma = 0.8
2015-06-27 22:13:54,441 individual factor = 8
2015-06-27 22:13:54,441 zero range = 0.006
2015-06-27 22:13:54,441 greedy level = 5
2015-06-27 22:13:54,441 

2015-06-27 22:14:01,368 Starting Training from 2014-12-17 to 2015-01-01
2015-06-27 22:28:06,684 Starting Live from 2015-01-02 to 2015-02-01
2015-06-27 23:01:30,752 Starting Training from 2015-01-17 to 2015-02-01
2015-06-27 23:03:09,647 Starting Live from 2015-02-02 to 2015-03-04
2015-06-27 23:34:10,542 Starting Training from 2015-02-17 to 2015-03-04
2015-06-27 23:36:30,601 Starting Live from 2015-03-05 to 2015-04-04
2015-06-28 00:11:42,098 Starting Training from 2015-03-20 to 2015-04-04
2015-06-28 00:13:20,914 Starting Live from 2015-04-05 to 2015-04-10
