2015-06-30 15:11:19,684 Starting mtm calculation
2015-06-30 15:11:19,684 Calculating mtm for 2014-12-01
2015-06-30 15:11:21,597 Calculating mtm for 2014-12-02
2015-06-30 15:11:24,091 Calculating mtm for 2014-12-03
2015-06-30 15:11:29,263 Calculating mtm for 2014-12-04
2015-06-30 15:11:39,155 Calculating mtm for 2014-12-05
2015-06-30 15:11:40,809 Calculating mtm for 2014-12-06
2015-06-30 15:11:40,815 Calculating mtm for 2014-12-07
2015-06-30 15:11:40,817 Calculating mtm for 2014-12-08
2015-06-30 15:11:43,608 Calculating mtm for 2014-12-09
2015-06-30 15:11:46,847 Calculating mtm for 2014-12-10
2015-06-30 15:11:51,991 Calculating mtm for 2014-12-11
2015-06-30 15:11:55,893 Calculating mtm for 2014-12-12
2015-06-30 15:11:59,132 Calculating mtm for 2014-12-13
2015-06-30 15:11:59,134 Calculating mtm for 2014-12-14
2015-06-30 15:11:59,137 Calculating mtm for 2014-12-15
2015-06-30 15:12:00,857 Calculating mtm for 2014-12-16
2015-06-30 15:12:03,172 Calculating mtm for 2014-12-17
2015-06-30 15:12:04,380 Calculating mtm for 2014-12-18
2015-06-30 15:12:07,268 Calculating mtm for 2014-12-19
2015-06-30 15:12:10,858 Calculating mtm for 2014-12-20
2015-06-30 15:12:10,862 Calculating mtm for 2014-12-21
2015-06-30 15:12:10,864 Calculating mtm for 2014-12-22
2015-06-30 15:12:12,198 Calculating mtm for 2014-12-23
2015-06-30 15:12:19,616 Calculating mtm for 2014-12-24
2015-06-30 15:12:21,745 Calculating mtm for 2014-12-25
2015-06-30 15:12:21,750 Calculating mtm for 2014-12-26
2015-06-30 15:12:27,365 Calculating mtm for 2014-12-27
2015-06-30 15:12:27,367 Calculating mtm for 2014-12-28
2015-06-30 15:12:27,369 Calculating mtm for 2014-12-29
2015-06-30 15:12:32,875 Calculating mtm for 2014-12-30
2015-06-30 15:12:37,739 Calculating mtm for 2014-12-31
2015-06-30 15:12:38,595 Calculating mtm for 2015-01-01
2015-06-30 15:12:39,748 Calculating mtm for 2015-01-02
2015-06-30 15:12:43,322 Calculating mtm for 2015-01-03
2015-06-30 15:12:43,324 Calculating mtm for 2015-01-04
2015-06-30 15:12:43,326 Calculating mtm for 2015-01-05
2015-06-30 15:12:45,784 Calculating mtm for 2015-01-06
2015-06-30 15:12:48,120 Calculating mtm for 2015-01-07
2015-06-30 15:12:52,949 Calculating mtm for 2015-01-08
2015-06-30 15:12:57,728 Calculating mtm for 2015-01-09
2015-06-30 15:13:04,208 Calculating mtm for 2015-01-10
2015-06-30 15:13:04,210 Calculating mtm for 2015-01-11
2015-06-30 15:13:04,212 Calculating mtm for 2015-01-12
2015-06-30 15:13:05,481 Calculating mtm for 2015-01-13
2015-06-30 15:13:07,676 Calculating mtm for 2015-01-14
2015-06-30 15:13:14,319 Calculating mtm for 2015-01-15
2015-06-30 15:13:18,483 Calculating mtm for 2015-01-16
2015-06-30 15:13:22,673 Calculating mtm for 2015-01-17
2015-06-30 15:13:22,675 Calculating mtm for 2015-01-18
2015-06-30 15:13:22,677 Calculating mtm for 2015-01-19
2015-06-30 15:13:25,328 Calculating mtm for 2015-01-20
2015-06-30 15:13:27,511 Calculating mtm for 2015-01-21
2015-06-30 15:13:30,092 Calculating mtm for 2015-01-22
2015-06-30 15:13:33,031 Calculating mtm for 2015-01-23
2015-06-30 15:13:37,304 Calculating mtm for 2015-01-24
2015-06-30 15:13:37,308 Calculating mtm for 2015-01-25
2015-06-30 15:13:37,311 Calculating mtm for 2015-01-26
2015-06-30 15:13:37,314 Calculating mtm for 2015-01-27
2015-06-30 15:13:38,922 Calculating mtm for 2015-01-28
2015-06-30 15:13:41,551 Calculating mtm for 2015-01-29
2015-06-30 15:13:44,478 Calculating mtm for 2015-01-30
2015-06-30 15:13:50,827 Calculating mtm for 2015-01-31
2015-06-30 15:13:50,832 Calculating mtm for 2015-02-01
2015-06-30 15:13:50,835 Calculating mtm for 2015-02-02
2015-06-30 15:13:52,771 Calculating mtm for 2015-02-03
2015-06-30 15:13:56,580 Calculating mtm for 2015-02-04
2015-06-30 15:14:01,001 Calculating mtm for 2015-02-05
2015-06-30 15:14:02,635 Calculating mtm for 2015-02-06
2015-06-30 15:14:05,774 Calculating mtm for 2015-02-07
2015-06-30 15:14:05,776 Calculating mtm for 2015-02-08
2015-06-30 15:14:05,779 Calculating mtm for 2015-02-09
2015-06-30 15:14:07,627 Calculating mtm for 2015-02-10
2015-06-30 15:14:11,662 Updating ranks for walkforward - 1
2015-06-30 15:14:42,806 Updating ranks for walkforward - 2
2015-06-30 15:15:12,570 Updating ranks for walkforward - 3
2015-06-30 15:15:40,284 Done Ranking. Calling processes now.
2015-06-30 15:15:40,285 Starting Q Learning for : 
2015-06-30 15:15:40,285 alpha = 0.5
2015-06-30 15:15:40,286 gamma = 0.1
2015-06-30 15:15:40,286 individual factor = 10
2015-06-30 15:15:40,286 zero range = 0.002
2015-06-30 15:15:40,286 greedy level = 5
2015-06-30 15:15:40,286 Starting Q Learning for : 
2015-06-30 15:15:40,286 

2015-06-30 15:15:40,286 alpha = 0.2
2015-06-30 15:15:40,286 gamma = 0.3
2015-06-30 15:15:40,286 individual factor = 10
2015-06-30 15:15:40,286 zero range = 0.002
2015-06-30 15:15:40,286 greedy level = 5
2015-06-30 15:15:40,286 

2015-06-30 15:15:40,289 Starting Q Learning for : 
2015-06-30 15:15:40,290 alpha = 0.4
2015-06-30 15:15:40,290 gamma = 0.5
2015-06-30 15:15:40,290 individual factor = 10
2015-06-30 15:15:40,290 zero range = 0.002
2015-06-30 15:15:40,290 greedy level = 5
2015-06-30 15:15:40,290 

2015-06-30 15:15:46,763 Starting Training from 2015-01-01 to 2015-01-31
2015-06-30 15:15:48,846 Starting Training from 2015-01-01 to 2015-01-31
2015-06-30 15:15:49,327 Starting Training from 2015-01-01 to 2015-01-31
2015-06-30 15:33:36,482 Starting Live from 2015-02-01 to 2015-03-03
2015-06-30 15:33:42,564 Starting Live from 2015-02-01 to 2015-03-03
2015-06-30 15:33:46,426 Starting Live from 2015-02-01 to 2015-03-03
2015-06-30 15:56:23,240 Starting Training from 2015-02-01 to 2015-03-03
2015-06-30 15:56:25,548 Starting Training from 2015-02-01 to 2015-03-03
2015-06-30 15:56:26,549 Starting Training from 2015-02-01 to 2015-03-03
2015-06-30 15:58:00,512 Starting Live from 2015-03-04 to 2015-04-03
2015-06-30 15:58:03,795 Starting Live from 2015-03-04 to 2015-04-03
2015-06-30 15:58:03,952 Starting Live from 2015-03-04 to 2015-04-03
2015-06-30 16:19:22,021 Starting Training from 2015-03-04 to 2015-04-03
2015-06-30 16:19:22,065 Starting Training from 2015-03-04 to 2015-04-03
2015-06-30 16:19:28,402 Starting Training from 2015-03-04 to 2015-04-03
2015-06-30 16:20:49,659 Starting Live from 2015-04-04 to 2015-04-10
2015-06-30 16:20:49,743 Starting Live from 2015-04-04 to 2015-04-10
2015-06-30 16:20:56,747 Starting Live from 2015-04-04 to 2015-04-10
2015-06-30 16:25:58,538 Starting Q Learning for : 
2015-06-30 16:25:58,538 alpha = 0.5
2015-06-30 16:25:58,538 gamma = 0.2
2015-06-30 16:25:58,538 individual factor = 10
2015-06-30 16:25:58,538 zero range = 0.002
2015-06-30 16:25:58,538 greedy level = 5
2015-06-30 16:25:58,538 

2015-06-30 16:26:01,258 Starting Training from 2015-01-01 to 2015-01-31
2015-06-30 16:26:02,501 Starting Q Learning for : 
2015-06-30 16:26:02,501 alpha = 0.4
2015-06-30 16:26:02,501 gamma = 0.6
2015-06-30 16:26:02,501 individual factor = 10
2015-06-30 16:26:02,501 zero range = 0.002
2015-06-30 16:26:02,501 greedy level = 5
2015-06-30 16:26:02,501 

2015-06-30 16:26:05,700 Starting Training from 2015-01-01 to 2015-01-31
2015-06-30 16:26:30,869 Starting Q Learning for : 
2015-06-30 16:26:30,869 alpha = 0.2
2015-06-30 16:26:30,869 gamma = 0.4
2015-06-30 16:26:30,869 individual factor = 10
2015-06-30 16:26:30,869 zero range = 0.002
2015-06-30 16:26:30,869 greedy level = 5
2015-06-30 16:26:30,869 

2015-06-30 16:26:32,319 Starting Training from 2015-01-01 to 2015-01-31
2015-06-30 16:45:20,993 Starting Live from 2015-02-01 to 2015-03-03
2015-06-30 16:45:29,825 Starting Live from 2015-02-01 to 2015-03-03
2015-06-30 16:45:37,497 Starting Live from 2015-02-01 to 2015-03-03
2015-06-30 17:05:27,535 Starting Training from 2015-02-01 to 2015-03-03
2015-06-30 17:05:41,425 Starting Training from 2015-02-01 to 2015-03-03
2015-06-30 17:05:53,689 Starting Training from 2015-02-01 to 2015-03-03
2015-06-30 17:07:03,659 Starting Live from 2015-03-04 to 2015-04-03
2015-06-30 17:07:15,872 Starting Live from 2015-03-04 to 2015-04-03
2015-06-30 17:07:28,790 Starting Live from 2015-03-04 to 2015-04-03
2015-06-30 17:27:44,960 Starting Training from 2015-03-04 to 2015-04-03
2015-06-30 17:27:52,901 Starting Training from 2015-03-04 to 2015-04-03
2015-06-30 17:28:08,820 Starting Training from 2015-03-04 to 2015-04-03
2015-06-30 17:29:05,273 Starting Live from 2015-04-04 to 2015-04-10
2015-06-30 17:29:13,238 Starting Live from 2015-04-04 to 2015-04-10
2015-06-30 17:29:32,383 Starting Live from 2015-04-04 to 2015-04-10
2015-06-30 17:34:56,310 Starting Q Learning for : 
2015-06-30 17:34:56,310 alpha = 0.4
2015-06-30 17:34:56,310 gamma = 0.7
2015-06-30 17:34:56,310 individual factor = 10
2015-06-30 17:34:56,310 zero range = 0.002
2015-06-30 17:34:56,310 greedy level = 5
2015-06-30 17:34:56,310 

2015-06-30 17:34:58,056 Starting Training from 2015-01-01 to 2015-01-31
2015-06-30 17:35:06,833 Starting Q Learning for : 
2015-06-30 17:35:06,833 alpha = 0.5
2015-06-30 17:35:06,833 gamma = 0.3
2015-06-30 17:35:06,833 individual factor = 10
2015-06-30 17:35:06,833 zero range = 0.002
2015-06-30 17:35:06,834 greedy level = 5
2015-06-30 17:35:06,834 

2015-06-30 17:35:08,326 Starting Training from 2015-01-01 to 2015-01-31
2015-06-30 17:35:22,686 Starting Q Learning for : 
2015-06-30 17:35:22,686 alpha = 0.2
2015-06-30 17:35:22,686 gamma = 0.5
2015-06-30 17:35:22,687 individual factor = 10
2015-06-30 17:35:22,687 zero range = 0.002
2015-06-30 17:35:22,687 greedy level = 5
2015-06-30 17:35:22,687 

2015-06-30 17:35:24,817 Starting Training from 2015-01-01 to 2015-01-31
2015-06-30 17:53:20,604 Starting Live from 2015-02-01 to 2015-03-03
2015-06-30 17:53:29,276 Starting Live from 2015-02-01 to 2015-03-03
2015-06-30 17:53:46,910 Starting Live from 2015-02-01 to 2015-03-03
2015-06-30 18:12:12,927 Starting Training from 2015-02-01 to 2015-03-03
2015-06-30 18:13:51,627 Starting Live from 2015-03-04 to 2015-04-03
2015-06-30 18:13:53,425 Starting Training from 2015-02-01 to 2015-03-03
2015-06-30 18:14:13,143 Starting Training from 2015-02-01 to 2015-03-03
2015-06-30 18:15:25,491 Starting Live from 2015-03-04 to 2015-04-03
2015-06-30 18:15:47,729 Starting Live from 2015-03-04 to 2015-04-03
2015-06-30 18:28:26,537 Starting Training from 2015-03-04 to 2015-04-03
2015-06-30 18:33:29,710 Starting Live from 2015-04-04 to 2015-04-10
2015-06-30 18:35:45,142 Starting Training from 2015-03-04 to 2015-04-03
2015-06-30 18:35:53,642 Starting Training from 2015-03-04 to 2015-04-03
2015-06-30 18:36:28,546 Starting Q Learning for : 
2015-06-30 18:36:28,546 alpha = 0.4
2015-06-30 18:36:28,546 gamma = 0.8
2015-06-30 18:36:28,547 individual factor = 10
2015-06-30 18:36:28,547 zero range = 0.002
2015-06-30 18:36:28,547 greedy level = 5
2015-06-30 18:36:28,547 

2015-06-30 18:36:29,002 Starting Training from 2015-01-01 to 2015-01-31
2015-06-30 18:37:08,730 Starting Live from 2015-04-04 to 2015-04-10
2015-06-30 18:37:16,981 Starting Live from 2015-04-04 to 2015-04-10
2015-06-30 18:41:15,559 Starting Q Learning for : 
2015-06-30 18:41:15,559 alpha = 0.2
2015-06-30 18:41:15,559 gamma = 0.6
2015-06-30 18:41:15,559 individual factor = 10
2015-06-30 18:41:15,559 zero range = 0.002
2015-06-30 18:41:15,559 greedy level = 5
2015-06-30 18:41:15,559 

2015-06-30 18:41:18,821 Starting Training from 2015-01-01 to 2015-01-31
2015-06-30 18:41:35,948 Starting Q Learning for : 
2015-06-30 18:41:35,949 alpha = 0.5
2015-06-30 18:41:35,949 gamma = 0.4
2015-06-30 18:41:35,949 individual factor = 10
2015-06-30 18:41:35,949 zero range = 0.002
2015-06-30 18:41:35,949 greedy level = 5
2015-06-30 18:41:35,949 

2015-06-30 18:41:37,337 Starting Training from 2015-01-01 to 2015-01-31
2015-06-30 18:54:11,484 Starting Live from 2015-02-01 to 2015-03-03
2015-06-30 18:59:01,795 Starting Live from 2015-02-01 to 2015-03-03
2015-06-30 18:59:02,522 Starting Live from 2015-02-01 to 2015-03-03
2015-06-30 19:07:16,235 Starting Training from 2015-02-01 to 2015-03-03
2015-06-30 19:08:46,438 Starting Live from 2015-03-04 to 2015-04-03
2015-06-30 19:12:52,522 Starting Training from 2015-03-04 to 2015-04-03
2015-06-30 19:19:59,594 Starting Training from 2015-02-01 to 2015-03-03
2015-06-30 19:20:11,138 Starting Training from 2015-02-01 to 2015-03-03
2015-06-30 19:21:29,773 Starting Live from 2015-03-04 to 2015-04-03
2015-06-30 19:21:41,696 Starting Live from 2015-03-04 to 2015-04-03
2015-06-30 19:25:41,521 Starting Live from 2015-04-04 to 2015-04-10
2015-06-30 19:28:37,711 Starting Q Learning for : 
2015-06-30 19:28:37,712 alpha = 0.6
2015-06-30 19:28:37,712 gamma = 0.1
2015-06-30 19:28:37,712 individual factor = 10
2015-06-30 19:28:37,712 zero range = 0.002
2015-06-30 19:28:37,712 greedy level = 5
2015-06-30 19:28:37,712 

2015-06-30 19:28:38,475 Starting Training from 2015-01-01 to 2015-01-31
2015-06-30 19:40:56,076 Starting Training from 2015-03-04 to 2015-04-03
2015-06-30 19:41:05,807 Starting Training from 2015-03-04 to 2015-04-03
2015-06-30 19:42:15,854 Starting Live from 2015-04-04 to 2015-04-10
2015-06-30 19:42:35,826 Starting Live from 2015-04-04 to 2015-04-10
2015-06-30 19:45:50,531 Starting Live from 2015-02-01 to 2015-03-03
2015-06-30 19:46:04,579 Starting Q Learning for : 
2015-06-30 19:46:04,579 alpha = 0.5
2015-06-30 19:46:04,580 gamma = 0.5
2015-06-30 19:46:04,580 individual factor = 10
2015-06-30 19:46:04,580 zero range = 0.002
2015-06-30 19:46:04,580 greedy level = 5
2015-06-30 19:46:04,580 

2015-06-30 19:46:04,964 Starting Training from 2015-01-01 to 2015-01-31
2015-06-30 19:46:33,698 Starting Q Learning for : 
2015-06-30 19:46:33,699 alpha = 0.2
2015-06-30 19:46:33,699 gamma = 0.7
2015-06-30 19:46:33,699 individual factor = 10
2015-06-30 19:46:33,699 zero range = 0.002
2015-06-30 19:46:33,699 greedy level = 5
2015-06-30 19:46:33,699 

2015-06-30 19:46:35,833 Starting Training from 2015-01-01 to 2015-01-31
2015-06-30 20:03:00,875 Starting Live from 2015-02-01 to 2015-03-03
2015-06-30 20:03:29,622 Starting Live from 2015-02-01 to 2015-03-03
2015-06-30 20:04:54,536 Starting Training from 2015-02-01 to 2015-03-03
2015-06-30 20:08:28,941 Starting Live from 2015-03-04 to 2015-04-03
2015-06-30 20:21:41,697 Starting Training from 2015-02-01 to 2015-03-03
2015-06-30 20:22:48,536 Starting Training from 2015-02-01 to 2015-03-03
2015-06-30 20:24:23,326 Starting Live from 2015-03-04 to 2015-04-03
2015-06-30 20:26:36,382 Starting Live from 2015-03-04 to 2015-04-03
2015-06-30 20:28:37,620 Starting Training from 2015-03-04 to 2015-04-03
2015-06-30 20:29:57,643 Starting Live from 2015-04-04 to 2015-04-10
2015-06-30 20:34:24,457 Starting Q Learning for : 
2015-06-30 20:34:24,457 alpha = 0.6
2015-06-30 20:34:24,457 gamma = 0.2
2015-06-30 20:34:24,457 individual factor = 10
2015-06-30 20:34:24,457 zero range = 0.002
2015-06-30 20:34:24,457 greedy level = 5
2015-06-30 20:34:24,457 

2015-06-30 20:34:24,809 Starting Training from 2015-01-01 to 2015-01-31
2015-06-30 20:39:06,694 Starting Training from 2015-03-04 to 2015-04-03
2015-06-30 20:45:58,878 Starting Live from 2015-04-04 to 2015-04-10
2015-06-30 20:48:01,596 Starting Training from 2015-03-04 to 2015-04-03
2015-06-30 20:48:46,833 Starting Q Learning for : 
2015-06-30 20:48:46,833 alpha = 0.2
2015-06-30 20:48:46,833 gamma = 0.8
2015-06-30 20:48:46,833 individual factor = 10
2015-06-30 20:48:46,834 zero range = 0.002
2015-06-30 20:48:46,834 greedy level = 5
2015-06-30 20:48:46,834 

2015-06-30 20:48:47,367 Starting Training from 2015-01-01 to 2015-01-31
2015-06-30 20:49:32,722 Starting Live from 2015-04-04 to 2015-04-10
2015-06-30 20:52:42,753 Starting Live from 2015-02-01 to 2015-03-03
2015-06-30 20:53:20,618 Starting Q Learning for : 
2015-06-30 20:53:20,618 alpha = 0.5
2015-06-30 20:53:20,618 gamma = 0.6
2015-06-30 20:53:20,618 individual factor = 10
2015-06-30 20:53:20,618 zero range = 0.002
2015-06-30 20:53:20,618 greedy level = 5
2015-06-30 20:53:20,618 

2015-06-30 20:53:21,979 Starting Training from 2015-01-01 to 2015-01-31
2015-06-30 21:06:28,814 Starting Live from 2015-02-01 to 2015-03-03
2015-06-30 21:10:59,649 Starting Live from 2015-02-01 to 2015-03-03
2015-06-30 21:12:35,881 Starting Training from 2015-02-01 to 2015-03-03
2015-06-30 21:14:31,803 Starting Live from 2015-03-04 to 2015-04-03
2015-06-30 21:19:31,780 Starting Training from 2015-02-01 to 2015-03-03
2015-06-30 21:21:07,499 Starting Live from 2015-03-04 to 2015-04-03
2015-06-30 21:24:55,593 Starting Training from 2015-03-04 to 2015-04-03
2015-06-30 21:30:35,449 Starting Training from 2015-02-01 to 2015-03-03
2015-06-30 21:33:53,264 Starting Live from 2015-03-04 to 2015-04-03
2015-06-30 21:36:02,203 Starting Training from 2015-03-04 to 2015-04-03
2015-06-30 21:37:25,338 Starting Live from 2015-04-04 to 2015-04-10
2015-06-30 21:37:44,978 Starting Live from 2015-04-04 to 2015-04-10
2015-06-30 21:40:41,277 Starting Q Learning for : 
2015-06-30 21:40:41,277 alpha = 0.4
2015-06-30 21:40:41,277 gamma = 0.1
2015-06-30 21:40:41,277 individual factor = 10
2015-06-30 21:40:41,277 zero range = 0.002
2015-06-30 21:40:41,277 greedy level = 5
2015-06-30 21:40:41,277 

2015-06-30 21:40:41,581 Starting Training from 2015-01-01 to 2015-01-31
2015-06-30 21:41:13,042 Starting Q Learning for : 
2015-06-30 21:41:13,042 alpha = 0.6
2015-06-30 21:41:13,042 gamma = 0.3
2015-06-30 21:41:13,042 individual factor = 10
2015-06-30 21:41:13,042 zero range = 0.002
2015-06-30 21:41:13,042 greedy level = 5
2015-06-30 21:41:13,042 

2015-06-30 21:41:13,360 Starting Training from 2015-01-01 to 2015-01-31
2015-06-30 21:54:24,865 Starting Training from 2015-03-04 to 2015-04-03
2015-06-30 21:55:48,618 Starting Live from 2015-04-04 to 2015-04-10
2015-06-30 21:58:30,805 Starting Live from 2015-02-01 to 2015-03-03
2015-06-30 21:59:10,009 Starting Live from 2015-02-01 to 2015-03-03
2015-06-30 21:59:39,916 Starting Q Learning for : 
2015-06-30 21:59:39,916 alpha = 0.5
2015-06-30 21:59:39,916 gamma = 0.7
2015-06-30 21:59:39,916 individual factor = 10
2015-06-30 21:59:39,916 zero range = 0.002
2015-06-30 21:59:39,916 greedy level = 5
2015-06-30 21:59:39,916 

2015-06-30 21:59:40,729 Starting Training from 2015-01-01 to 2015-01-31
2015-06-30 22:17:43,732 Starting Live from 2015-02-01 to 2015-03-03
2015-06-30 22:18:51,441 Starting Training from 2015-02-01 to 2015-03-03
2015-06-30 22:19:12,397 Starting Training from 2015-02-01 to 2015-03-03
2015-06-30 22:20:17,362 Starting Live from 2015-03-04 to 2015-04-03
2015-06-30 22:20:38,775 Starting Live from 2015-03-04 to 2015-04-03
2015-06-30 22:35:34,227 Starting Training from 2015-02-01 to 2015-03-03
2015-06-30 22:37:01,994 Starting Live from 2015-03-04 to 2015-04-03
2015-06-30 22:40:22,835 Starting Training from 2015-03-04 to 2015-04-03
2015-06-30 22:40:53,107 Starting Training from 2015-03-04 to 2015-04-03
2015-06-30 22:44:07,661 Starting Live from 2015-04-04 to 2015-04-10
2015-06-30 22:44:30,004 Starting Live from 2015-04-04 to 2015-04-10
2015-06-30 22:48:03,264 Starting Q Learning for : 
2015-06-30 22:48:03,264 alpha = 0.6
2015-06-30 22:48:03,264 gamma = 0.4
2015-06-30 22:48:03,265 individual factor = 10
2015-06-30 22:48:03,265 zero range = 0.002
2015-06-30 22:48:03,265 greedy level = 5
2015-06-30 22:48:03,265 

2015-06-30 22:48:03,644 Starting Training from 2015-01-01 to 2015-01-31
2015-06-30 22:48:25,603 Starting Q Learning for : 
2015-06-30 22:48:25,603 alpha = 0.4
2015-06-30 22:48:25,603 gamma = 0.2
2015-06-30 22:48:25,603 individual factor = 10
2015-06-30 22:48:25,603 zero range = 0.002
2015-06-30 22:48:25,603 greedy level = 5
2015-06-30 22:48:25,603 

2015-06-30 22:48:27,913 Starting Training from 2015-01-01 to 2015-01-31
2015-06-30 22:51:06,949 Starting Training from 2015-03-04 to 2015-04-03
2015-06-30 22:56:38,550 Starting Live from 2015-04-04 to 2015-04-10
2015-06-30 23:00:42,056 Starting Q Learning for : 
2015-06-30 23:00:42,057 alpha = 0.5
2015-06-30 23:00:42,057 gamma = 0.8
2015-06-30 23:00:42,057 individual factor = 10
2015-06-30 23:00:42,057 zero range = 0.002
2015-06-30 23:00:42,057 greedy level = 5
2015-06-30 23:00:42,057 

2015-06-30 23:00:43,582 Starting Training from 2015-01-01 to 2015-01-31
2015-06-30 23:06:05,961 Starting Live from 2015-02-01 to 2015-03-03
2015-06-30 23:06:20,694 Starting Live from 2015-02-01 to 2015-03-03
2015-06-30 23:19:05,581 Starting Live from 2015-02-01 to 2015-03-03
2015-06-30 23:26:01,590 Starting Training from 2015-02-01 to 2015-03-03
2015-06-30 23:26:13,702 Starting Training from 2015-02-01 to 2015-03-03
2015-06-30 23:27:31,549 Starting Live from 2015-03-04 to 2015-04-03
2015-06-30 23:27:45,409 Starting Live from 2015-03-04 to 2015-04-03
2015-06-30 23:30:33,217 Starting Training from 2015-02-01 to 2015-03-03
2015-06-30 23:32:01,935 Starting Live from 2015-03-04 to 2015-04-03
2015-06-30 23:37:57,491 Starting Training from 2015-03-04 to 2015-04-03
2015-06-30 23:48:03,745 Starting Training from 2015-03-04 to 2015-04-03
2015-06-30 23:48:24,663 Starting Training from 2015-03-04 to 2015-04-03
2015-06-30 23:49:21,304 Starting Live from 2015-04-04 to 2015-04-10
2015-06-30 23:49:35,660 Starting Live from 2015-04-04 to 2015-04-10
2015-06-30 23:49:55,808 Starting Live from 2015-04-04 to 2015-04-10
2015-06-30 23:53:52,013 Starting Q Learning for : 
2015-06-30 23:53:52,013 alpha = 0.2
2015-06-30 23:53:52,013 gamma = 0.1
2015-06-30 23:53:52,013 individual factor = 10
2015-06-30 23:53:52,013 zero range = 0.002
2015-06-30 23:53:52,013 greedy level = 5
2015-06-30 23:53:52,013 

2015-06-30 23:53:52,724 Starting Training from 2015-01-01 to 2015-01-31
2015-06-30 23:54:58,060 Starting Q Learning for : 
2015-06-30 23:54:58,060 alpha = 0.6
2015-06-30 23:54:58,060 gamma = 0.5
2015-06-30 23:54:58,060 individual factor = 10
2015-06-30 23:54:58,060 zero range = 0.002
2015-06-30 23:54:58,060 greedy level = 5
2015-06-30 23:54:58,060 

2015-06-30 23:54:58,616 Starting Training from 2015-01-01 to 2015-01-31
2015-06-30 23:55:18,128 Starting Q Learning for : 
2015-06-30 23:55:18,128 alpha = 0.4
2015-06-30 23:55:18,128 gamma = 0.3
2015-06-30 23:55:18,128 individual factor = 10
2015-06-30 23:55:18,128 zero range = 0.002
2015-06-30 23:55:18,128 greedy level = 5
2015-06-30 23:55:18,128 

2015-06-30 23:55:18,680 Starting Training from 2015-01-01 to 2015-01-31
2015-07-01 00:11:28,935 Starting Live from 2015-02-01 to 2015-03-03
2015-07-01 00:12:33,356 Starting Live from 2015-02-01 to 2015-03-03
2015-07-01 00:12:51,036 Starting Live from 2015-02-01 to 2015-03-03
2015-07-01 00:31:02,837 Starting Training from 2015-02-01 to 2015-03-03
2015-07-01 00:32:10,261 Starting Training from 2015-02-01 to 2015-03-03
2015-07-01 00:32:24,089 Starting Training from 2015-02-01 to 2015-03-03
2015-07-01 00:32:41,770 Starting Live from 2015-03-04 to 2015-04-03
2015-07-01 00:33:43,396 Starting Live from 2015-03-04 to 2015-04-03
2015-07-01 00:33:56,685 Starting Live from 2015-03-04 to 2015-04-03
2015-07-01 00:52:26,198 Starting Training from 2015-03-04 to 2015-04-03
2015-07-01 00:53:21,759 Starting Training from 2015-03-04 to 2015-04-03
2015-07-01 00:53:44,005 Starting Live from 2015-04-04 to 2015-04-10
2015-07-01 00:53:50,393 Starting Training from 2015-03-04 to 2015-04-03
2015-07-01 00:54:50,267 Starting Live from 2015-04-04 to 2015-04-10
2015-07-01 00:55:24,334 Starting Live from 2015-04-04 to 2015-04-10
2015-07-01 00:57:33,836 Starting Q Learning for : 
2015-07-01 00:57:33,836 alpha = 0.2
2015-07-01 00:57:33,836 gamma = 0.2
2015-07-01 00:57:33,836 individual factor = 10
2015-07-01 00:57:33,836 zero range = 0.002
2015-07-01 00:57:33,837 greedy level = 5
2015-07-01 00:57:33,837 

2015-07-01 00:57:35,743 Starting Training from 2015-01-01 to 2015-01-31
2015-07-01 00:58:37,770 Starting Q Learning for : 
2015-07-01 00:58:37,770 alpha = 0.6
2015-07-01 00:58:37,770 gamma = 0.6
2015-07-01 00:58:37,770 individual factor = 10
2015-07-01 00:58:37,770 zero range = 0.002
2015-07-01 00:58:37,770 greedy level = 5
2015-07-01 00:58:37,770 

2015-07-01 00:58:38,991 Starting Training from 2015-01-01 to 2015-01-31
2015-07-01 00:59:36,847 Starting Q Learning for : 
2015-07-01 00:59:36,847 alpha = 0.4
2015-07-01 00:59:36,847 gamma = 0.4
2015-07-01 00:59:36,847 individual factor = 10
2015-07-01 00:59:36,847 zero range = 0.002
2015-07-01 00:59:36,847 greedy level = 5
2015-07-01 00:59:36,847 

2015-07-01 00:59:39,115 Starting Training from 2015-01-01 to 2015-01-31
2015-07-01 01:15:19,320 Starting Live from 2015-02-01 to 2015-03-03
2015-07-01 01:17:00,540 Starting Live from 2015-02-01 to 2015-03-03
2015-07-01 01:18:10,166 Starting Live from 2015-02-01 to 2015-03-03
2015-07-01 01:36:35,852 Starting Training from 2015-02-01 to 2015-03-03
2015-07-01 01:38:12,252 Starting Training from 2015-02-01 to 2015-03-03
2015-07-01 01:38:28,725 Starting Training from 2015-02-01 to 2015-03-03
2015-07-01 01:38:29,898 Starting Live from 2015-03-04 to 2015-04-03
2015-07-01 01:39:42,574 Starting Live from 2015-03-04 to 2015-04-03
2015-07-01 01:39:59,637 Starting Live from 2015-03-04 to 2015-04-03
2015-07-01 01:58:59,520 Starting Training from 2015-03-04 to 2015-04-03
2015-07-01 02:00:19,131 Starting Training from 2015-03-04 to 2015-04-03
2015-07-01 02:00:31,469 Starting Live from 2015-04-04 to 2015-04-10
2015-07-01 02:00:50,566 Starting Training from 2015-03-04 to 2015-04-03
2015-07-01 02:01:42,688 Starting Live from 2015-04-04 to 2015-04-10
2015-07-01 02:02:14,527 Starting Live from 2015-04-04 to 2015-04-10
2015-07-01 02:04:28,234 Starting Q Learning for : 
2015-07-01 02:04:28,234 alpha = 0.6
2015-07-01 02:04:28,234 gamma = 0.7
2015-07-01 02:04:28,234 individual factor = 10
2015-07-01 02:04:28,234 zero range = 0.002
2015-07-01 02:04:28,234 greedy level = 5
2015-07-01 02:04:28,234 

2015-07-01 02:04:28,969 Starting Training from 2015-01-01 to 2015-01-31
2015-07-01 02:05:43,717 Starting Q Learning for : 
2015-07-01 02:05:43,717 alpha = 0.5
2015-07-01 02:05:43,717 gamma = 0.1
2015-07-01 02:05:43,717 individual factor = 10
2015-07-01 02:05:43,717 zero range = 0.006
2015-07-01 02:05:43,717 greedy level = 5
2015-07-01 02:05:43,717 

2015-07-01 02:05:44,515 Starting Training from 2015-01-01 to 2015-01-31
2015-07-01 02:06:12,459 Starting Q Learning for : 
2015-07-01 02:06:12,460 alpha = 0.2
2015-07-01 02:06:12,460 gamma = 0.3
2015-07-01 02:06:12,460 individual factor = 10
2015-07-01 02:06:12,460 zero range = 0.006
2015-07-01 02:06:12,460 greedy level = 5
2015-07-01 02:06:12,460 

2015-07-01 02:06:13,561 Starting Training from 2015-01-01 to 2015-01-31
2015-07-01 02:22:11,876 Starting Live from 2015-02-01 to 2015-03-03
2015-07-01 02:23:13,471 Starting Live from 2015-02-01 to 2015-03-03
2015-07-01 02:23:38,425 Starting Live from 2015-02-01 to 2015-03-03
2015-07-01 02:40:00,822 Starting Training from 2015-02-01 to 2015-03-03
2015-07-01 02:41:30,657 Starting Live from 2015-03-04 to 2015-04-03
2015-07-01 02:42:48,053 Starting Training from 2015-02-01 to 2015-03-03
2015-07-01 02:43:50,663 Starting Training from 2015-02-01 to 2015-03-03
2015-07-01 02:46:17,021 Starting Live from 2015-03-04 to 2015-04-03
2015-07-01 02:46:42,594 Starting Live from 2015-03-04 to 2015-04-03
2015-07-01 02:55:08,976 Starting Training from 2015-03-04 to 2015-04-03
2015-07-01 03:00:40,607 Starting Live from 2015-04-04 to 2015-04-10
2015-07-01 03:04:37,704 Starting Q Learning for : 
2015-07-01 03:04:37,704 alpha = 0.6
2015-07-01 03:04:37,704 gamma = 0.8
2015-07-01 03:04:37,704 individual factor = 10
2015-07-01 03:04:37,704 zero range = 0.002
2015-07-01 03:04:37,704 greedy level = 5
2015-07-01 03:04:37,704 

2015-07-01 03:04:38,400 Starting Training from 2015-01-01 to 2015-01-31
2015-07-01 03:05:56,730 Starting Training from 2015-03-04 to 2015-04-03
2015-07-01 03:06:15,173 Starting Training from 2015-03-04 to 2015-04-03
2015-07-01 03:07:25,423 Starting Live from 2015-04-04 to 2015-04-10
2015-07-01 03:07:42,243 Starting Live from 2015-04-04 to 2015-04-10
2015-07-01 03:11:31,431 Starting Q Learning for : 
2015-07-01 03:11:31,431 alpha = 0.2
2015-07-01 03:11:31,431 gamma = 0.4
2015-07-01 03:11:31,431 individual factor = 10
2015-07-01 03:11:31,431 zero range = 0.006
2015-07-01 03:11:31,431 greedy level = 5
2015-07-01 03:11:31,431 

2015-07-01 03:11:33,047 Starting Training from 2015-01-01 to 2015-01-31
2015-07-01 03:11:51,312 Starting Q Learning for : 
2015-07-01 03:11:51,312 alpha = 0.5
2015-07-01 03:11:51,312 gamma = 0.2
2015-07-01 03:11:51,312 individual factor = 10
2015-07-01 03:11:51,312 zero range = 0.006
2015-07-01 03:11:51,313 greedy level = 5
2015-07-01 03:11:51,313 

2015-07-01 03:11:51,788 Starting Training from 2015-01-01 to 2015-01-31
2015-07-01 03:22:40,938 Starting Live from 2015-02-01 to 2015-03-03
2015-07-01 03:28:37,855 Starting Live from 2015-02-01 to 2015-03-03
2015-07-01 03:28:49,992 Starting Live from 2015-02-01 to 2015-03-03
2015-07-01 03:33:17,004 Starting Training from 2015-02-01 to 2015-03-03
2015-07-01 03:36:07,446 Starting Live from 2015-03-04 to 2015-04-03
2015-07-01 03:40:56,932 Starting Training from 2015-03-04 to 2015-04-03
2015-07-01 03:47:33,948 Starting Training from 2015-02-01 to 2015-03-03
2015-07-01 03:47:50,502 Starting Training from 2015-02-01 to 2015-03-03
2015-07-01 03:49:02,594 Starting Live from 2015-03-04 to 2015-04-03
2015-07-01 03:49:16,584 Starting Live from 2015-03-04 to 2015-04-03
2015-07-01 03:51:31,692 Starting Live from 2015-04-04 to 2015-04-10
2015-07-01 03:55:41,842 Starting Q Learning for : 
2015-07-01 03:55:41,842 alpha = 0.8
2015-07-01 03:55:41,842 gamma = 0.1
2015-07-01 03:55:41,842 individual factor = 10
2015-07-01 03:55:41,842 zero range = 0.002
2015-07-01 03:55:41,842 greedy level = 5
2015-07-01 03:55:41,842 

2015-07-01 03:55:42,411 Starting Training from 2015-01-01 to 2015-01-31
2015-07-01 04:07:36,505 Starting Training from 2015-03-04 to 2015-04-03
2015-07-01 04:08:04,339 Starting Training from 2015-03-04 to 2015-04-03
2015-07-01 04:10:47,368 Starting Live from 2015-04-04 to 2015-04-10
2015-07-01 04:11:41,720 Starting Live from 2015-04-04 to 2015-04-10
2015-07-01 04:12:29,873 Starting Live from 2015-02-01 to 2015-03-03
2015-07-01 04:14:51,258 Starting Q Learning for : 
2015-07-01 04:14:51,258 alpha = 0.2
2015-07-01 04:14:51,258 gamma = 0.5
2015-07-01 04:14:51,258 individual factor = 10
2015-07-01 04:14:51,258 zero range = 0.006
2015-07-01 04:14:51,258 greedy level = 5
2015-07-01 04:14:51,258 

2015-07-01 04:14:52,063 Starting Training from 2015-01-01 to 2015-01-31
2015-07-01 04:15:22,665 Starting Q Learning for : 
2015-07-01 04:15:22,665 alpha = 0.5
2015-07-01 04:15:22,665 gamma = 0.3
2015-07-01 04:15:22,665 individual factor = 10
2015-07-01 04:15:22,665 zero range = 0.006
2015-07-01 04:15:22,665 greedy level = 5
2015-07-01 04:15:22,666 

2015-07-01 04:15:23,160 Starting Training from 2015-01-01 to 2015-01-31
2015-07-01 04:32:34,299 Starting Training from 2015-02-01 to 2015-03-03
2015-07-01 04:32:56,523 Starting Live from 2015-02-01 to 2015-03-03
2015-07-01 04:33:19,103 Starting Live from 2015-02-01 to 2015-03-03
2015-07-01 04:34:01,569 Starting Live from 2015-03-04 to 2015-04-03
2015-07-01 04:51:46,896 Starting Training from 2015-02-01 to 2015-03-03
2015-07-01 04:52:04,345 Starting Training from 2015-02-01 to 2015-03-03
2015-07-01 04:53:06,431 Starting Training from 2015-03-04 to 2015-04-03
2015-07-01 04:53:17,214 Starting Live from 2015-03-04 to 2015-04-03
2015-07-01 04:53:31,920 Starting Live from 2015-03-04 to 2015-04-03
2015-07-01 04:54:28,951 Starting Live from 2015-04-04 to 2015-04-10
2015-07-01 04:58:03,836 Starting Q Learning for : 
2015-07-01 04:58:03,836 alpha = 0.8
2015-07-01 04:58:03,836 gamma = 0.2
2015-07-01 04:58:03,836 individual factor = 10
2015-07-01 04:58:03,836 zero range = 0.002
2015-07-01 04:58:03,836 greedy level = 5
2015-07-01 04:58:03,836 

2015-07-01 04:58:04,576 Starting Training from 2015-01-01 to 2015-01-31
2015-07-01 05:12:28,048 Starting Training from 2015-03-04 to 2015-04-03
2015-07-01 05:12:29,302 Starting Training from 2015-03-04 to 2015-04-03
2015-07-01 05:13:53,935 Starting Live from 2015-04-04 to 2015-04-10
2015-07-01 05:13:54,385 Starting Live from 2015-04-04 to 2015-04-10
2015-07-01 05:14:57,372 Starting Live from 2015-02-01 to 2015-03-03
2015-07-01 05:17:39,331 Starting Q Learning for : 
2015-07-01 05:17:39,331 alpha = 0.5
2015-07-01 05:17:39,331 gamma = 0.4
2015-07-01 05:17:39,331 individual factor = 10
2015-07-01 05:17:39,331 zero range = 0.006
2015-07-01 05:17:39,331 greedy level = 5
2015-07-01 05:17:39,331 

2015-07-01 05:17:43,296 Starting Training from 2015-01-01 to 2015-01-31
2015-07-01 05:17:49,940 Starting Q Learning for : 
2015-07-01 05:17:49,940 alpha = 0.2
2015-07-01 05:17:49,940 gamma = 0.6
2015-07-01 05:17:49,940 individual factor = 10
2015-07-01 05:17:49,940 zero range = 0.006
2015-07-01 05:17:49,940 greedy level = 5
2015-07-01 05:17:49,941 

2015-07-01 05:17:52,671 Starting Training from 2015-01-01 to 2015-01-31
2015-07-01 05:33:48,689 Starting Training from 2015-02-01 to 2015-03-03
2015-07-01 05:34:04,061 Starting Live from 2015-02-01 to 2015-03-03
2015-07-01 05:34:13,859 Starting Live from 2015-02-01 to 2015-03-03
2015-07-01 05:36:02,360 Starting Live from 2015-03-04 to 2015-04-03
2015-07-01 05:53:17,814 Starting Training from 2015-02-01 to 2015-03-03
2015-07-01 05:53:42,411 Starting Training from 2015-02-01 to 2015-03-03
2015-07-01 05:56:07,537 Starting Training from 2015-03-04 to 2015-04-03
2015-07-01 05:56:35,431 Starting Live from 2015-03-04 to 2015-04-03
2015-07-01 05:56:42,734 Starting Live from 2015-03-04 to 2015-04-03
2015-07-01 05:57:29,654 Starting Live from 2015-04-04 to 2015-04-10
2015-07-01 06:00:59,288 Starting Q Learning for : 
2015-07-01 06:00:59,288 alpha = 0.8
2015-07-01 06:00:59,288 gamma = 0.3
2015-07-01 06:00:59,288 individual factor = 10
2015-07-01 06:00:59,288 zero range = 0.002
2015-07-01 06:00:59,288 greedy level = 5
2015-07-01 06:00:59,288 

2015-07-01 06:00:59,582 Starting Training from 2015-01-01 to 2015-01-31
2015-07-01 06:16:43,537 Starting Training from 2015-03-04 to 2015-04-03
2015-07-01 06:17:12,042 Starting Training from 2015-03-04 to 2015-04-03
2015-07-01 06:18:31,373 Starting Live from 2015-04-04 to 2015-04-10
2015-07-01 06:18:47,342 Starting Live from 2015-04-04 to 2015-04-10
2015-07-01 06:19:10,502 Starting Live from 2015-02-01 to 2015-03-03
2015-07-01 06:21:55,252 Starting Q Learning for : 
2015-07-01 06:21:55,252 alpha = 0.2
2015-07-01 06:21:55,252 gamma = 0.7
2015-07-01 06:21:55,252 individual factor = 10
2015-07-01 06:21:55,252 zero range = 0.006
2015-07-01 06:21:55,252 greedy level = 5
2015-07-01 06:21:55,252 

2015-07-01 06:21:56,316 Starting Training from 2015-01-01 to 2015-01-31
2015-07-01 06:22:16,657 Starting Q Learning for : 
2015-07-01 06:22:16,657 alpha = 0.5
2015-07-01 06:22:16,657 gamma = 0.5
2015-07-01 06:22:16,657 individual factor = 10
2015-07-01 06:22:16,657 zero range = 0.006
2015-07-01 06:22:16,657 greedy level = 5
2015-07-01 06:22:16,657 

2015-07-01 06:22:17,718 Starting Training from 2015-01-01 to 2015-01-31
2015-07-01 06:38:25,045 Starting Training from 2015-02-01 to 2015-03-03
2015-07-01 06:39:15,751 Starting Live from 2015-02-01 to 2015-03-03
2015-07-01 06:39:31,572 Starting Live from 2015-02-01 to 2015-03-03
2015-07-01 06:39:54,811 Starting Live from 2015-03-04 to 2015-04-03
2015-07-01 06:56:20,461 Starting Training from 2015-02-01 to 2015-03-03
2015-07-01 06:57:51,500 Starting Live from 2015-03-04 to 2015-04-03
2015-07-01 06:58:10,295 Starting Training from 2015-02-01 to 2015-03-03
2015-07-01 06:59:05,834 Starting Training from 2015-03-04 to 2015-04-03
2015-07-01 07:00:09,211 Starting Live from 2015-03-04 to 2015-04-03
2015-07-01 07:02:17,005 Starting Live from 2015-04-04 to 2015-04-10
2015-07-01 07:06:21,823 Starting Q Learning for : 
2015-07-01 07:06:21,823 alpha = 0.8
2015-07-01 07:06:21,823 gamma = 0.4
2015-07-01 07:06:21,823 individual factor = 10
2015-07-01 07:06:21,823 zero range = 0.002
2015-07-01 07:06:21,824 greedy level = 5
2015-07-01 07:06:21,824 

2015-07-01 07:06:22,367 Starting Training from 2015-01-01 to 2015-01-31
2015-07-01 07:11:05,510 Starting Training from 2015-03-04 to 2015-04-03
2015-07-01 07:16:01,101 Starting Live from 2015-04-04 to 2015-04-10
2015-07-01 07:19:37,763 Starting Q Learning for : 
2015-07-01 07:19:37,763 alpha = 0.2
2015-07-01 07:19:37,763 gamma = 0.8
2015-07-01 07:19:37,763 individual factor = 10
2015-07-01 07:19:37,763 zero range = 0.006
2015-07-01 07:19:37,763 greedy level = 5
2015-07-01 07:19:37,763 

2015-07-01 07:19:40,197 Starting Training from 2015-01-01 to 2015-01-31
2015-07-01 07:19:47,781 Starting Training from 2015-03-04 to 2015-04-03
2015-07-01 07:22:07,411 Starting Live from 2015-04-04 to 2015-04-10
2015-07-01 07:22:52,453 Starting Live from 2015-02-01 to 2015-03-03
2015-07-01 07:25:39,348 Starting Q Learning for : 
2015-07-01 07:25:39,348 alpha = 0.5
2015-07-01 07:25:39,348 gamma = 0.6
2015-07-01 07:25:39,348 individual factor = 10
2015-07-01 07:25:39,348 zero range = 0.006
2015-07-01 07:25:39,348 greedy level = 5
2015-07-01 07:25:39,348 

2015-07-01 07:25:40,623 Starting Training from 2015-01-01 to 2015-01-31
2015-07-01 07:37:31,864 Starting Live from 2015-02-01 to 2015-03-03
2015-07-01 07:41:33,294 Starting Training from 2015-02-01 to 2015-03-03
2015-07-01 07:42:26,157 Starting Live from 2015-02-01 to 2015-03-03
2015-07-01 07:43:04,220 Starting Live from 2015-03-04 to 2015-04-03
2015-07-01 07:47:59,731 Starting Training from 2015-02-01 to 2015-03-03
2015-07-01 07:49:22,717 Starting Live from 2015-03-04 to 2015-04-03
2015-07-01 07:54:59,547 Starting Training from 2015-03-04 to 2015-04-03
2015-07-01 08:01:10,112 Starting Training from 2015-02-01 to 2015-03-03
2015-07-01 08:01:48,755 Starting Training from 2015-03-04 to 2015-04-03
2015-07-01 08:02:38,330 Starting Live from 2015-03-04 to 2015-04-03
2015-07-01 08:03:12,488 Starting Live from 2015-04-04 to 2015-04-10
2015-07-01 08:05:27,894 Starting Live from 2015-04-04 to 2015-04-10
2015-07-01 08:06:39,332 Starting Q Learning for : 
2015-07-01 08:06:39,332 alpha = 0.8
2015-07-01 08:06:39,332 gamma = 0.5
2015-07-01 08:06:39,332 individual factor = 10
2015-07-01 08:06:39,332 zero range = 0.002
2015-07-01 08:06:39,332 greedy level = 5
2015-07-01 08:06:39,333 

2015-07-01 08:06:39,634 Starting Training from 2015-01-01 to 2015-01-31
2015-07-01 08:08:10,022 Starting Q Learning for : 
2015-07-01 08:08:10,022 alpha = 0.4
2015-07-01 08:08:10,022 gamma = 0.1
2015-07-01 08:08:10,022 individual factor = 10
2015-07-01 08:08:10,022 zero range = 0.006
2015-07-01 08:08:10,022 greedy level = 5
2015-07-01 08:08:10,023 

2015-07-01 08:08:10,935 Starting Training from 2015-01-01 to 2015-01-31
2015-07-01 08:21:37,311 Starting Training from 2015-03-04 to 2015-04-03
2015-07-01 08:23:03,793 Starting Live from 2015-04-04 to 2015-04-10
2015-07-01 08:23:21,282 Starting Live from 2015-02-01 to 2015-03-03
2015-07-01 08:24:54,210 Starting Live from 2015-02-01 to 2015-03-03
2015-07-01 08:28:07,267 Starting Q Learning for : 
2015-07-01 08:28:07,267 alpha = 0.5
2015-07-01 08:28:07,267 gamma = 0.7
2015-07-01 08:28:07,267 individual factor = 10
2015-07-01 08:28:07,267 zero range = 0.006
2015-07-01 08:28:07,267 greedy level = 5
2015-07-01 08:28:07,267 

2015-07-01 08:28:08,790 Starting Training from 2015-01-01 to 2015-01-31
2015-07-01 08:42:08,323 Starting Training from 2015-02-01 to 2015-03-03
2015-07-01 08:44:28,471 Starting Live from 2015-02-01 to 2015-03-03
2015-07-01 08:44:58,557 Starting Training from 2015-02-01 to 2015-03-03
2015-07-01 08:46:00,196 Starting Live from 2015-03-04 to 2015-04-03
2015-07-01 08:47:17,915 Starting Live from 2015-03-04 to 2015-04-03
2015-07-01 09:01:26,742 Starting Training from 2015-02-01 to 2015-03-03
2015-07-01 09:04:36,944 Starting Live from 2015-03-04 to 2015-04-03
2015-07-01 09:05:07,406 Starting Training from 2015-03-04 to 2015-04-03
2015-07-01 09:06:15,548 Starting Training from 2015-03-04 to 2015-04-03
2015-07-01 09:06:24,673 Starting Live from 2015-04-04 to 2015-04-10
2015-07-01 09:07:32,433 Starting Live from 2015-04-04 to 2015-04-10
2015-07-01 09:09:50,257 Starting Q Learning for : 
2015-07-01 09:09:50,257 alpha = 0.8
2015-07-01 09:09:50,257 gamma = 0.6
2015-07-01 09:09:50,257 individual factor = 10
2015-07-01 09:09:50,257 zero range = 0.002
2015-07-01 09:09:50,257 greedy level = 5
2015-07-01 09:09:50,257 

2015-07-01 09:09:50,833 Starting Training from 2015-01-01 to 2015-01-31
2015-07-01 09:10:55,403 Starting Q Learning for : 
2015-07-01 09:10:55,403 alpha = 0.4
2015-07-01 09:10:55,403 gamma = 0.2
2015-07-01 09:10:55,403 individual factor = 10
2015-07-01 09:10:55,403 zero range = 0.006
2015-07-01 09:10:55,403 greedy level = 5
2015-07-01 09:10:55,403 

2015-07-01 09:10:55,679 Starting Training from 2015-01-01 to 2015-01-31
2015-07-01 09:15:05,473 Starting Training from 2015-03-04 to 2015-04-03
2015-07-01 09:21:56,165 Starting Live from 2015-04-04 to 2015-04-10
2015-07-01 09:24:36,885 Starting Q Learning for : 
2015-07-01 09:24:36,886 alpha = 0.5
2015-07-01 09:24:36,886 gamma = 0.8
2015-07-01 09:24:36,886 individual factor = 10
2015-07-01 09:24:36,886 zero range = 0.006
2015-07-01 09:24:36,886 greedy level = 5
2015-07-01 09:24:36,886 

2015-07-01 09:24:37,622 Starting Training from 2015-01-01 to 2015-01-31
2015-07-01 09:26:08,761 Starting Live from 2015-02-01 to 2015-03-03
2015-07-01 09:27:16,506 Starting Live from 2015-02-01 to 2015-03-03
2015-07-01 09:41:14,291 Starting Live from 2015-02-01 to 2015-03-03
2015-07-01 09:44:53,188 Starting Training from 2015-02-01 to 2015-03-03
2015-07-01 09:45:58,736 Starting Training from 2015-02-01 to 2015-03-03
2015-07-01 09:46:21,366 Starting Live from 2015-03-04 to 2015-04-03
2015-07-01 09:47:25,458 Starting Live from 2015-03-04 to 2015-04-03
2015-07-01 09:51:59,754 Starting Training from 2015-02-01 to 2015-03-03
2015-07-01 09:55:17,565 Starting Live from 2015-03-04 to 2015-04-03
2015-07-01 09:59:42,518 Starting Training from 2015-03-04 to 2015-04-03
2015-07-01 10:05:14,621 Starting Training from 2015-03-04 to 2015-04-03
2015-07-01 10:06:17,866 Starting Training from 2015-03-04 to 2015-04-03
2015-07-01 10:06:35,273 Starting Live from 2015-04-04 to 2015-04-10
2015-07-01 10:07:37,141 Starting Live from 2015-04-04 to 2015-04-10
2015-07-01 10:09:45,801 Starting Live from 2015-04-04 to 2015-04-10
2015-07-01 10:10:01,055 Starting Q Learning for : 
2015-07-01 10:10:01,055 alpha = 0.8
2015-07-01 10:10:01,055 gamma = 0.7
2015-07-01 10:10:01,055 individual factor = 10
2015-07-01 10:10:01,055 zero range = 0.002
2015-07-01 10:10:01,055 greedy level = 5
2015-07-01 10:10:01,056 

2015-07-01 10:10:01,315 Starting Training from 2015-01-01 to 2015-01-31
2015-07-01 10:11:37,082 Starting Q Learning for : 
2015-07-01 10:11:37,082 alpha = 0.4
2015-07-01 10:11:37,082 gamma = 0.3
2015-07-01 10:11:37,082 individual factor = 10
2015-07-01 10:11:37,082 zero range = 0.006
2015-07-01 10:11:37,083 greedy level = 5
2015-07-01 10:11:37,083 

2015-07-01 10:11:39,448 Starting Training from 2015-01-01 to 2015-01-31
2015-07-01 10:14:30,819 Starting Q Learning for : 
2015-07-01 10:14:30,820 alpha = 0.2
2015-07-01 10:14:30,820 gamma = 0.1
2015-07-01 10:14:30,820 individual factor = 10
2015-07-01 10:14:30,820 zero range = 0.006
2015-07-01 10:14:30,820 greedy level = 5
2015-07-01 10:14:30,820 

2015-07-01 10:14:32,368 Starting Training from 2015-01-01 to 2015-01-31
2015-07-01 10:27:02,608 Starting Live from 2015-02-01 to 2015-03-03
2015-07-01 10:28:08,425 Starting Live from 2015-02-01 to 2015-03-03
2015-07-01 10:30:35,786 Starting Live from 2015-02-01 to 2015-03-03
2015-07-01 10:44:57,260 Starting Training from 2015-02-01 to 2015-03-03
2015-07-01 10:47:41,400 Starting Live from 2015-03-04 to 2015-04-03
2015-07-01 10:49:07,446 Starting Training from 2015-02-01 to 2015-03-03
2015-07-01 10:50:51,252 Starting Training from 2015-02-01 to 2015-03-03
2015-07-01 10:51:04,447 Starting Live from 2015-03-04 to 2015-04-03
2015-07-01 10:52:28,786 Starting Live from 2015-03-04 to 2015-04-03
2015-07-01 11:00:16,897 Starting Training from 2015-03-04 to 2015-04-03
2015-07-01 11:07:08,477 Starting Live from 2015-04-04 to 2015-04-10
2015-07-01 11:09:38,017 Starting Q Learning for : 
2015-07-01 11:09:38,017 alpha = 0.8
2015-07-01 11:09:38,017 gamma = 0.8
2015-07-01 11:09:38,017 individual factor = 10
2015-07-01 11:09:38,018 zero range = 0.002
2015-07-01 11:09:38,018 greedy level = 5
2015-07-01 11:09:38,018 

2015-07-01 11:09:38,846 Starting Training from 2015-01-01 to 2015-01-31
2015-07-01 11:09:58,251 Starting Training from 2015-03-04 to 2015-04-03
2015-07-01 11:11:14,140 Starting Training from 2015-03-04 to 2015-04-03
2015-07-01 11:11:20,565 Starting Live from 2015-04-04 to 2015-04-10
2015-07-01 11:12:34,898 Starting Live from 2015-04-04 to 2015-04-10
2015-07-01 11:14:52,231 Starting Q Learning for : 
2015-07-01 11:14:52,232 alpha = 0.4
2015-07-01 11:14:52,232 gamma = 0.4
2015-07-01 11:14:52,232 individual factor = 10
2015-07-01 11:14:52,232 zero range = 0.006
2015-07-01 11:14:52,232 greedy level = 5
2015-07-01 11:14:52,232 

2015-07-01 11:14:52,565 Starting Training from 2015-01-01 to 2015-01-31
2015-07-01 11:16:03,746 Starting Q Learning for : 
2015-07-01 11:16:03,746 alpha = 0.2
2015-07-01 11:16:03,746 gamma = 0.2
2015-07-01 11:16:03,746 individual factor = 10
2015-07-01 11:16:03,746 zero range = 0.006
2015-07-01 11:16:03,746 greedy level = 5
2015-07-01 11:16:03,746 

2015-07-01 11:16:04,710 Starting Training from 2015-01-01 to 2015-01-31
2015-07-01 11:26:29,777 Starting Live from 2015-02-01 to 2015-03-03
2015-07-01 11:31:26,853 Starting Live from 2015-02-01 to 2015-03-03
2015-07-01 11:32:43,802 Starting Live from 2015-02-01 to 2015-03-03
2015-07-01 11:36:51,283 Starting Training from 2015-02-01 to 2015-03-03
2015-07-01 11:40:01,826 Starting Live from 2015-03-04 to 2015-04-03
2015-07-01 11:44:22,790 Starting Training from 2015-03-04 to 2015-04-03
2015-07-01 11:50:05,775 Starting Training from 2015-02-01 to 2015-03-03
2015-07-01 11:51:11,754 Starting Training from 2015-02-01 to 2015-03-03
2015-07-01 11:51:36,858 Starting Live from 2015-03-04 to 2015-04-03
2015-07-01 11:52:38,847 Starting Live from 2015-03-04 to 2015-04-03
2015-07-01 11:54:28,620 Starting Live from 2015-04-04 to 2015-04-10
2015-07-01 11:59:14,958 Starting Q Learning for : 
2015-07-01 11:59:14,959 alpha = 0.4
2015-07-01 11:59:14,959 gamma = 0.5
2015-07-01 11:59:14,959 individual factor = 10
2015-07-01 11:59:14,959 zero range = 0.006
2015-07-01 11:59:14,959 greedy level = 5
2015-07-01 11:59:14,959 

2015-07-01 11:59:16,583 Starting Training from 2015-01-01 to 2015-01-31
2015-07-01 12:10:03,324 Starting Training from 2015-03-04 to 2015-04-03
2015-07-01 12:11:13,577 Starting Training from 2015-03-04 to 2015-04-03
2015-07-01 12:11:22,487 Starting Live from 2015-04-04 to 2015-04-10
2015-07-01 12:12:32,683 Starting Live from 2015-04-04 to 2015-04-10
2015-07-01 12:14:13,107 Starting Live from 2015-02-01 to 2015-03-03
2015-07-01 12:16:34,573 Starting Q Learning for : 
2015-07-01 12:16:34,573 alpha = 0.6
2015-07-01 12:16:34,574 gamma = 0.7
2015-07-01 12:16:34,574 individual factor = 10
2015-07-01 12:16:34,574 zero range = 0.006
2015-07-01 12:16:34,574 greedy level = 5
2015-07-01 12:16:34,574 

2015-07-01 12:16:35,742 Starting Training from 2015-01-01 to 2015-01-31
2015-07-01 12:18:01,634 Starting Q Learning for : 
2015-07-01 12:18:01,634 alpha = 0.5
2015-07-01 12:18:01,634 gamma = 0.1
2015-07-01 12:18:01,634 individual factor = 10
2015-07-01 12:18:01,634 zero range = 0.01
2015-07-01 12:18:01,634 greedy level = 5
2015-07-01 12:18:01,634 

2015-07-01 12:18:02,247 Starting Training from 2015-01-01 to 2015-01-31
2015-07-01 12:32:23,695 Starting Live from 2015-02-01 to 2015-03-03
2015-07-01 12:33:34,762 Starting Training from 2015-02-01 to 2015-03-03
2015-07-01 12:34:05,354 Starting Live from 2015-02-01 to 2015-03-03
2015-07-01 12:35:05,191 Starting Live from 2015-03-04 to 2015-04-03
2015-07-01 12:49:01,106 Starting Training from 2015-02-01 to 2015-03-03
2015-07-01 12:51:59,873 Starting Live from 2015-03-04 to 2015-04-03
2015-07-01 12:52:54,230 Starting Training from 2015-02-01 to 2015-03-03
2015-07-01 12:54:14,068 Starting Training from 2015-03-04 to 2015-04-03
2015-07-01 12:54:27,402 Starting Live from 2015-03-04 to 2015-04-03
2015-07-01 12:55:32,735 Starting Live from 2015-04-04 to 2015-04-10
2015-07-01 12:58:52,325 Starting Q Learning for : 
2015-07-01 12:58:52,325 alpha = 0.4
2015-07-01 12:58:52,325 gamma = 0.6
2015-07-01 12:58:52,325 individual factor = 10
2015-07-01 12:58:52,325 zero range = 0.006
2015-07-01 12:58:52,325 greedy level = 5
2015-07-01 12:58:52,325 

2015-07-01 12:58:53,340 Starting Training from 2015-01-01 to 2015-01-31
2015-07-01 13:02:19,729 Starting Training from 2015-03-04 to 2015-04-03
2015-07-01 13:09:51,619 Starting Live from 2015-04-04 to 2015-04-10
2015-07-01 13:12:44,156 Starting Q Learning for : 
2015-07-01 13:12:44,156 alpha = 0.6
2015-07-01 13:12:44,156 gamma = 0.8
2015-07-01 13:12:44,157 individual factor = 10
2015-07-01 13:12:44,157 zero range = 0.006
2015-07-01 13:12:44,157 greedy level = 5
2015-07-01 13:12:44,157 

2015-07-01 13:12:44,414 Starting Training from 2015-01-01 to 2015-01-31
2015-07-01 13:13:02,334 Starting Training from 2015-03-04 to 2015-04-03
2015-07-01 13:14:21,954 Starting Live from 2015-04-04 to 2015-04-10
2015-07-01 13:15:17,382 Starting Live from 2015-02-01 to 2015-03-03
2015-07-01 13:17:44,542 Starting Q Learning for : 
2015-07-01 13:17:44,542 alpha = 0.5
2015-07-01 13:17:44,542 gamma = 0.2
2015-07-01 13:17:44,542 individual factor = 10
2015-07-01 13:17:44,542 zero range = 0.01
2015-07-01 13:17:44,542 greedy level = 5
2015-07-01 13:17:44,542 

2015-07-01 13:17:44,853 Starting Training from 2015-01-01 to 2015-01-31
2015-07-01 13:29:21,238 Starting Live from 2015-02-01 to 2015-03-03
2015-07-01 13:33:40,909 Starting Training from 2015-02-01 to 2015-03-03
2015-07-01 13:34:05,644 Starting Live from 2015-02-01 to 2015-03-03
2015-07-01 13:35:07,759 Starting Live from 2015-03-04 to 2015-04-03
2015-07-01 13:39:31,885 Starting Training from 2015-02-01 to 2015-03-03
2015-07-01 13:41:52,378 Starting Live from 2015-03-04 to 2015-04-03
2015-07-01 13:47:16,590 Starting Training from 2015-03-04 to 2015-04-03
2015-07-01 13:52:30,392 Starting Training from 2015-02-01 to 2015-03-03
2015-07-01 13:53:06,832 Starting Training from 2015-03-04 to 2015-04-03
2015-07-01 13:53:53,731 Starting Live from 2015-03-04 to 2015-04-03
2015-07-01 13:54:29,702 Starting Live from 2015-04-04 to 2015-04-10
2015-07-01 13:57:04,346 Starting Live from 2015-04-04 to 2015-04-10
2015-07-01 13:57:46,897 Starting Q Learning for : 
2015-07-01 13:57:46,897 alpha = 0.4
2015-07-01 13:57:46,897 gamma = 0.7
2015-07-01 13:57:46,897 individual factor = 10
2015-07-01 13:57:46,897 zero range = 0.006
2015-07-01 13:57:46,897 greedy level = 5
2015-07-01 13:57:46,897 

2015-07-01 13:57:47,692 Starting Training from 2015-01-01 to 2015-01-31
2015-07-01 14:00:53,901 Starting Q Learning for : 
2015-07-01 14:00:53,901 alpha = 0.8
2015-07-01 14:00:53,901 gamma = 0.1
2015-07-01 14:00:53,901 individual factor = 10
2015-07-01 14:00:53,901 zero range = 0.006
2015-07-01 14:00:53,901 greedy level = 5
2015-07-01 14:00:53,901 

2015-07-01 14:00:56,309 Starting Training from 2015-01-01 to 2015-01-31
2015-07-01 14:12:13,573 Starting Training from 2015-03-04 to 2015-04-03
2015-07-01 14:13:31,693 Starting Live from 2015-04-04 to 2015-04-10
2015-07-01 14:14:01,631 Starting Live from 2015-02-01 to 2015-03-03
2015-07-01 14:15:53,726 Starting Live from 2015-02-01 to 2015-03-03
2015-07-01 14:18:01,635 Starting Q Learning for : 
2015-07-01 14:18:01,636 alpha = 0.5
2015-07-01 14:18:01,636 gamma = 0.3
2015-07-01 14:18:01,636 individual factor = 10
2015-07-01 14:18:01,636 zero range = 0.01
2015-07-01 14:18:01,636 greedy level = 5
2015-07-01 14:18:01,636 

2015-07-01 14:18:05,615 Starting Training from 2015-01-01 to 2015-01-31
2015-07-01 14:31:26,593 Starting Training from 2015-02-01 to 2015-03-03
2015-07-01 14:32:53,500 Starting Live from 2015-03-04 to 2015-04-03
2015-07-01 14:33:57,738 Starting Live from 2015-02-01 to 2015-03-03
2015-07-01 14:35:35,464 Starting Training from 2015-02-01 to 2015-03-03
2015-07-01 14:38:30,695 Starting Live from 2015-03-04 to 2015-04-03
2015-07-01 14:46:31,010 Starting Training from 2015-03-04 to 2015-04-03
2015-07-01 14:50:53,769 Starting Live from 2015-04-04 to 2015-04-10
2015-07-01 14:53:44,121 Starting Training from 2015-02-01 to 2015-03-03
2015-07-01 14:54:54,008 Starting Q Learning for : 
2015-07-01 14:54:54,008 alpha = 0.4
2015-07-01 14:54:54,008 gamma = 0.8
2015-07-01 14:54:54,008 individual factor = 10
2015-07-01 14:54:54,008 zero range = 0.006
2015-07-01 14:54:54,008 greedy level = 5
2015-07-01 14:54:54,008 

2015-07-01 14:54:56,138 Starting Training from 2015-01-01 to 2015-01-31
2015-07-01 14:55:28,681 Starting Live from 2015-03-04 to 2015-04-03
2015-07-01 14:56:54,966 Starting Training from 2015-03-04 to 2015-04-03
2015-07-01 14:58:15,391 Starting Live from 2015-04-04 to 2015-04-10
2015-07-01 15:01:47,510 Starting Q Learning for : 
2015-07-01 15:01:47,510 alpha = 0.8
2015-07-01 15:01:47,510 gamma = 0.2
2015-07-01 15:01:47,510 individual factor = 10
2015-07-01 15:01:47,510 zero range = 0.006
2015-07-01 15:01:47,511 greedy level = 5
2015-07-01 15:01:47,511 

2015-07-01 15:01:47,808 Starting Training from 2015-01-01 to 2015-01-31
2015-07-01 15:11:50,757 Starting Live from 2015-02-01 to 2015-03-03
2015-07-01 15:14:31,238 Starting Training from 2015-03-04 to 2015-04-03
2015-07-01 15:15:48,897 Starting Live from 2015-04-04 to 2015-04-10
2015-07-01 15:18:34,635 Starting Live from 2015-02-01 to 2015-03-03
2015-07-01 15:19:23,491 Starting Q Learning for : 
2015-07-01 15:19:23,491 alpha = 0.5
2015-07-01 15:19:23,491 gamma = 0.4
2015-07-01 15:19:23,491 individual factor = 10
2015-07-01 15:19:23,491 zero range = 0.01
2015-07-01 15:19:23,492 greedy level = 5
2015-07-01 15:19:23,492 

2015-07-01 15:19:24,366 Starting Training from 2015-01-01 to 2015-01-31
2015-07-01 15:22:12,345 Starting Training from 2015-02-01 to 2015-03-03
2015-07-01 15:23:31,686 Starting Live from 2015-03-04 to 2015-04-03
2015-07-01 15:28:17,220 Starting Training from 2015-03-04 to 2015-04-03
2015-07-01 15:35:47,463 Starting Live from 2015-02-01 to 2015-03-03
2015-07-01 15:36:59,153 Starting Training from 2015-02-01 to 2015-03-03
2015-07-01 15:38:25,676 Starting Live from 2015-03-04 to 2015-04-03
2015-07-01 15:39:28,913 Starting Live from 2015-04-04 to 2015-04-10
2015-07-01 15:42:07,494 Starting Q Learning for : 
2015-07-01 15:42:07,494 alpha = 0.6
2015-07-01 15:42:07,494 gamma = 0.1
2015-07-01 15:42:07,494 individual factor = 10
2015-07-01 15:42:07,494 zero range = 0.006
2015-07-01 15:42:07,494 greedy level = 5
2015-07-01 15:42:07,494 

2015-07-01 15:42:07,839 Starting Training from 2015-01-01 to 2015-01-31
2015-07-01 15:54:18,269 Starting Training from 2015-02-01 to 2015-03-03
2015-07-01 15:55:47,339 Starting Live from 2015-03-04 to 2015-04-03
2015-07-01 15:57:09,446 Starting Training from 2015-03-04 to 2015-04-03
2015-07-01 15:58:29,691 Starting Live from 2015-04-04 to 2015-04-10
2015-07-01 15:58:43,702 Starting Live from 2015-02-01 to 2015-03-03
2015-07-01 16:02:48,310 Starting Q Learning for : 
2015-07-01 16:02:48,310 alpha = 0.8
2015-07-01 16:02:48,310 gamma = 0.3
2015-07-01 16:02:48,310 individual factor = 10
2015-07-01 16:02:48,310 zero range = 0.006
2015-07-01 16:02:48,310 greedy level = 5
2015-07-01 16:02:48,310 

2015-07-01 16:02:50,574 Starting Training from 2015-01-01 to 2015-01-31
2015-07-01 16:14:34,915 Starting Training from 2015-03-04 to 2015-04-03
2015-07-01 16:15:59,438 Starting Live from 2015-04-04 to 2015-04-10
2015-07-01 16:17:03,777 Starting Training from 2015-02-01 to 2015-03-03
2015-07-01 16:18:17,001 Starting Live from 2015-02-01 to 2015-03-03
2015-07-01 16:18:37,603 Starting Live from 2015-03-04 to 2015-04-03
2015-07-01 16:20:19,343 Starting Q Learning for : 
2015-07-01 16:20:19,343 alpha = 0.5
2015-07-01 16:20:19,343 gamma = 0.5
2015-07-01 16:20:19,343 individual factor = 10
2015-07-01 16:20:19,343 zero range = 0.01
2015-07-01 16:20:19,343 greedy level = 5
2015-07-01 16:20:19,343 

2015-07-01 16:20:22,715 Starting Training from 2015-01-01 to 2015-01-31
2015-07-01 16:35:26,780 Starting Live from 2015-02-01 to 2015-03-03
2015-07-01 16:37:17,045 Starting Training from 2015-02-01 to 2015-03-03
2015-07-01 16:38:12,175 Starting Training from 2015-03-04 to 2015-04-03
2015-07-01 16:40:27,069 Starting Live from 2015-03-04 to 2015-04-03
2015-07-01 16:40:39,781 Starting Live from 2015-04-04 to 2015-04-10
2015-07-01 16:44:06,315 Starting Q Learning for : 
2015-07-01 16:44:06,315 alpha = 0.6
2015-07-01 16:44:06,315 gamma = 0.2
2015-07-01 16:44:06,316 individual factor = 10
2015-07-01 16:44:06,316 zero range = 0.006
2015-07-01 16:44:06,316 greedy level = 5
2015-07-01 16:44:06,316 

2015-07-01 16:44:06,769 Starting Training from 2015-01-01 to 2015-01-31
2015-07-01 16:54:33,079 Starting Training from 2015-02-01 to 2015-03-03
2015-07-01 16:57:55,030 Starting Live from 2015-03-04 to 2015-04-03
2015-07-01 16:59:03,253 Starting Training from 2015-03-04 to 2015-04-03
2015-07-01 17:00:17,928 Starting Live from 2015-04-04 to 2015-04-10
2015-07-01 17:00:35,011 Starting Live from 2015-02-01 to 2015-03-03
2015-07-01 17:04:01,165 Starting Q Learning for : 
2015-07-01 17:04:01,165 alpha = 0.8
2015-07-01 17:04:01,165 gamma = 0.4
2015-07-01 17:04:01,165 individual factor = 10
2015-07-01 17:04:01,165 zero range = 0.006
2015-07-01 17:04:01,165 greedy level = 5
2015-07-01 17:04:01,165 

2015-07-01 17:04:01,599 Starting Training from 2015-01-01 to 2015-01-31
2015-07-01 17:17:23,703 Starting Training from 2015-03-04 to 2015-04-03
2015-07-01 17:18:41,821 Starting Live from 2015-04-04 to 2015-04-10
2015-07-01 17:19:33,321 Starting Training from 2015-02-01 to 2015-03-03
2015-07-01 17:20:44,929 Starting Live from 2015-02-01 to 2015-03-03
2015-07-01 17:20:59,893 Starting Live from 2015-03-04 to 2015-04-03
2015-07-01 17:22:06,933 Starting Q Learning for : 
2015-07-01 17:22:06,933 alpha = 0.5
2015-07-01 17:22:06,934 gamma = 0.6
2015-07-01 17:22:06,934 individual factor = 10
2015-07-01 17:22:06,934 zero range = 0.01
2015-07-01 17:22:06,934 greedy level = 5
2015-07-01 17:22:06,934 

2015-07-01 17:22:07,833 Starting Training from 2015-01-01 to 2015-01-31
2015-07-01 17:38:43,776 Starting Live from 2015-02-01 to 2015-03-03
2015-07-01 17:39:05,982 Starting Training from 2015-02-01 to 2015-03-03
2015-07-01 17:39:47,607 Starting Training from 2015-03-04 to 2015-04-03
2015-07-01 17:40:32,484 Starting Live from 2015-03-04 to 2015-04-03
2015-07-01 17:41:03,243 Starting Live from 2015-04-04 to 2015-04-10
2015-07-01 17:44:29,248 Starting Q Learning for : 
2015-07-01 17:44:29,248 alpha = 0.6
2015-07-01 17:44:29,248 gamma = 0.3
2015-07-01 17:44:29,248 individual factor = 10
2015-07-01 17:44:29,248 zero range = 0.006
2015-07-01 17:44:29,248 greedy level = 5
2015-07-01 17:44:29,248 

2015-07-01 17:44:29,641 Starting Training from 2015-01-01 to 2015-01-31
2015-07-01 17:57:23,519 Starting Training from 2015-02-01 to 2015-03-03
2015-07-01 17:58:50,991 Starting Live from 2015-03-04 to 2015-04-03
2015-07-01 17:59:20,507 Starting Training from 2015-03-04 to 2015-04-03
2015-07-01 18:00:50,258 Starting Live from 2015-04-04 to 2015-04-10
2015-07-01 18:01:03,862 Starting Live from 2015-02-01 to 2015-03-03
2015-07-01 18:04:17,866 Starting Q Learning for : 
2015-07-01 18:04:17,866 alpha = 0.8
2015-07-01 18:04:17,866 gamma = 0.5
2015-07-01 18:04:17,866 individual factor = 10
2015-07-01 18:04:17,866 zero range = 0.006
2015-07-01 18:04:17,866 greedy level = 5
2015-07-01 18:04:17,866 

2015-07-01 18:04:18,257 Starting Training from 2015-01-01 to 2015-01-31
2015-07-01 18:18:24,813 Starting Training from 2015-03-04 to 2015-04-03
2015-07-01 18:19:46,773 Starting Live from 2015-04-04 to 2015-04-10
2015-07-01 18:20:19,752 Starting Training from 2015-02-01 to 2015-03-03
2015-07-01 18:21:33,949 Starting Live from 2015-02-01 to 2015-03-03
2015-07-01 18:21:39,960 Starting Live from 2015-03-04 to 2015-04-03
2015-07-01 18:24:27,357 Starting Q Learning for : 
2015-07-01 18:24:27,357 alpha = 0.5
2015-07-01 18:24:27,357 gamma = 0.7
2015-07-01 18:24:27,357 individual factor = 10
2015-07-01 18:24:27,357 zero range = 0.01
2015-07-01 18:24:27,357 greedy level = 5
2015-07-01 18:24:27,357 

2015-07-01 18:24:29,042 Starting Training from 2015-01-01 to 2015-01-31
2015-07-01 18:39:18,650 Starting Live from 2015-02-01 to 2015-03-03
2015-07-01 18:39:50,581 Starting Training from 2015-03-04 to 2015-04-03
2015-07-01 18:40:34,607 Starting Training from 2015-02-01 to 2015-03-03
2015-07-01 18:43:13,733 Starting Live from 2015-04-04 to 2015-04-10
2015-07-01 18:43:37,857 Starting Live from 2015-03-04 to 2015-04-03
2015-07-01 18:46:36,915 Starting Q Learning for : 
2015-07-01 18:46:36,915 alpha = 0.6
2015-07-01 18:46:36,915 gamma = 0.4
2015-07-01 18:46:36,915 individual factor = 10
2015-07-01 18:46:36,915 zero range = 0.006
2015-07-01 18:46:36,915 greedy level = 5
2015-07-01 18:46:36,916 

2015-07-01 18:46:37,659 Starting Training from 2015-01-01 to 2015-01-31
2015-07-01 18:57:30,554 Starting Training from 2015-02-01 to 2015-03-03
2015-07-01 19:00:58,574 Starting Live from 2015-03-04 to 2015-04-03
2015-07-01 19:02:59,888 Starting Training from 2015-03-04 to 2015-04-03
2015-07-01 19:03:42,638 Starting Live from 2015-02-01 to 2015-03-03
2015-07-01 19:04:13,539 Starting Live from 2015-04-04 to 2015-04-10
2015-07-01 19:07:48,052 Starting Q Learning for : 
2015-07-01 19:07:48,053 alpha = 0.8
2015-07-01 19:07:48,053 gamma = 0.6
2015-07-01 19:07:48,053 individual factor = 10
2015-07-01 19:07:48,053 zero range = 0.006
2015-07-01 19:07:48,053 greedy level = 5
2015-07-01 19:07:48,053 

2015-07-01 19:07:48,984 Starting Training from 2015-01-01 to 2015-01-31
2015-07-01 19:12:28,432 Starting Training from 2015-03-04 to 2015-04-03
2015-07-01 19:19:07,258 Starting Live from 2015-04-04 to 2015-04-10
2015-07-01 19:21:43,919 Starting Q Learning for : 
2015-07-01 19:21:43,919 alpha = 0.5
2015-07-01 19:21:43,919 gamma = 0.8
2015-07-01 19:21:43,919 individual factor = 10
2015-07-01 19:21:43,919 zero range = 0.01
2015-07-01 19:21:43,920 greedy level = 5
2015-07-01 19:21:43,920 

2015-07-01 19:21:44,442 Starting Training from 2015-01-01 to 2015-01-31
2015-07-01 19:22:02,053 Starting Training from 2015-02-01 to 2015-03-03
2015-07-01 19:23:27,533 Starting Live from 2015-03-04 to 2015-04-03
2015-07-01 19:24:08,593 Starting Live from 2015-02-01 to 2015-03-03
2015-07-01 19:45:10,871 Starting Live from 2015-02-01 to 2015-03-03
2015-07-01 19:49:04,710 Starting Training from 2015-03-04 to 2015-04-03
2015-07-01 19:49:45,187 Starting Training from 2015-02-01 to 2015-03-03
2015-07-01 19:50:26,780 Starting Live from 2015-04-04 to 2015-04-10
2015-07-01 19:51:35,421 Starting Live from 2015-03-04 to 2015-04-03
2015-07-01 19:55:52,946 Starting Q Learning for : 
2015-07-01 19:55:52,946 alpha = 0.6
2015-07-01 19:55:52,946 gamma = 0.5
2015-07-01 19:55:52,946 individual factor = 10
2015-07-01 19:55:52,946 zero range = 0.006
2015-07-01 19:55:52,946 greedy level = 5
2015-07-01 19:55:52,946 

2015-07-01 19:55:53,859 Starting Training from 2015-01-01 to 2015-01-31
2015-07-01 19:57:37,614 Starting Training from 2015-02-01 to 2015-03-03
2015-07-01 19:59:04,379 Starting Live from 2015-03-04 to 2015-04-03
2015-07-01 20:02:38,208 Starting Training from 2015-03-04 to 2015-04-03
2015-07-01 20:11:00,478 Starting Training from 2015-03-04 to 2015-04-03
2015-07-01 20:12:11,802 Starting Live from 2015-02-01 to 2015-03-03
2015-07-01 20:13:20,473 Starting Live from 2015-04-04 to 2015-04-10
2015-07-01 20:14:59,540 Starting Live from 2015-04-04 to 2015-04-10
2015-07-01 20:16:32,642 Starting Q Learning for : 
2015-07-01 20:16:32,642 alpha = 0.8
2015-07-01 20:16:32,642 gamma = 0.7
2015-07-01 20:16:32,642 individual factor = 10
2015-07-01 20:16:32,642 zero range = 0.006
2015-07-01 20:16:32,642 greedy level = 5
2015-07-01 20:16:32,642 

2015-07-01 20:16:32,931 Starting Training from 2015-01-01 to 2015-01-31
2015-07-01 20:17:37,257 Starting Q Learning for : 
2015-07-01 20:17:37,257 alpha = 0.2
2015-07-01 20:17:37,257 gamma = 0.1
2015-07-01 20:17:37,257 individual factor = 10
2015-07-01 20:17:37,257 zero range = 0.01
2015-07-01 20:17:37,257 greedy level = 5
2015-07-01 20:17:37,258 

2015-07-01 20:17:37,555 Starting Training from 2015-01-01 to 2015-01-31
2015-07-01 20:30:42,244 Starting Training from 2015-02-01 to 2015-03-03
2015-07-01 20:32:15,399 Starting Live from 2015-03-04 to 2015-04-03
2015-07-01 20:32:56,464 Starting Live from 2015-02-01 to 2015-03-03
2015-07-01 20:34:01,649 Starting Live from 2015-02-01 to 2015-03-03
2015-07-01 20:49:42,860 Starting Training from 2015-02-01 to 2015-03-03
2015-07-01 20:50:41,274 Starting Training from 2015-03-04 to 2015-04-03
2015-07-01 20:51:13,534 Starting Live from 2015-03-04 to 2015-04-03
2015-07-01 20:52:04,551 Starting Live from 2015-04-04 to 2015-04-10
2015-07-01 20:52:23,606 Starting Training from 2015-02-01 to 2015-03-03
2015-07-01 20:53:48,486 Starting Live from 2015-03-04 to 2015-04-03
2015-07-01 20:55:26,619 Starting Q Learning for : 
2015-07-01 20:55:26,619 alpha = 0.6
2015-07-01 20:55:26,620 gamma = 0.6
2015-07-01 20:55:26,620 individual factor = 10
2015-07-01 20:55:26,620 zero range = 0.006
2015-07-01 20:55:26,620 greedy level = 5
2015-07-01 20:55:26,620 

2015-07-01 20:55:26,934 Starting Training from 2015-01-01 to 2015-01-31
2015-07-01 21:04:10,228 Starting Training from 2015-03-04 to 2015-04-03
2015-07-01 21:09:14,395 Starting Live from 2015-04-04 to 2015-04-10
2015-07-01 21:11:50,257 Starting Live from 2015-02-01 to 2015-03-03
2015-07-01 21:11:50,770 Starting Q Learning for : 
2015-07-01 21:11:50,770 alpha = 0.8
2015-07-01 21:11:50,770 gamma = 0.8
2015-07-01 21:11:50,771 individual factor = 10
2015-07-01 21:11:50,771 zero range = 0.006
2015-07-01 21:11:50,771 greedy level = 5
2015-07-01 21:11:50,771 

2015-07-01 21:11:51,119 Starting Training from 2015-01-01 to 2015-01-31
2015-07-01 21:12:19,734 Starting Training from 2015-03-04 to 2015-04-03
2015-07-01 21:13:38,206 Starting Live from 2015-04-04 to 2015-04-10
2015-07-01 21:17:01,907 Starting Q Learning for : 
2015-07-01 21:17:01,907 alpha = 0.2
2015-07-01 21:17:01,907 gamma = 0.2
2015-07-01 21:17:01,908 individual factor = 10
2015-07-01 21:17:01,908 zero range = 0.01
2015-07-01 21:17:01,908 greedy level = 5
2015-07-01 21:17:01,908 

2015-07-01 21:17:02,355 Starting Training from 2015-01-01 to 2015-01-31
2015-07-01 21:28:26,128 Starting Live from 2015-02-01 to 2015-03-03
2015-07-01 21:30:13,380 Starting Training from 2015-02-01 to 2015-03-03
2015-07-01 21:31:40,500 Starting Live from 2015-03-04 to 2015-04-03
2015-07-01 21:33:32,432 Starting Live from 2015-02-01 to 2015-03-03
2015-07-01 21:41:08,638 Starting Training from 2015-02-01 to 2015-03-03
2015-07-01 21:42:51,530 Starting Live from 2015-03-04 to 2015-04-03
2015-07-01 21:46:43,757 Starting Training from 2015-03-04 to 2015-04-03
2015-07-01 21:51:02,396 Starting Training from 2015-03-04 to 2015-04-03
2015-07-01 21:52:31,344 Starting Live from 2015-04-04 to 2015-04-10
2015-07-01 21:52:42,628 Starting Training from 2015-02-01 to 2015-03-03
2015-07-01 21:55:23,425 Starting Live from 2015-03-04 to 2015-04-03
2015-07-01 21:57:56,056 Starting Q Learning for : 
2015-07-01 21:57:56,056 alpha = 0.2
2015-07-01 21:57:56,056 gamma = 0.3
2015-07-01 21:57:56,056 individual factor = 10
2015-07-01 21:57:56,056 zero range = 0.01
2015-07-01 21:57:56,056 greedy level = 5
2015-07-01 21:57:56,056 

2015-07-01 21:57:56,728 Starting Training from 2015-01-01 to 2015-01-31
2015-07-01 21:59:01,585 Starting Live from 2015-04-04 to 2015-04-10
2015-07-01 22:01:38,683 Starting Q Learning for : 
2015-07-01 22:01:38,683 alpha = 0.4
2015-07-01 22:01:38,684 gamma = 0.5
2015-07-01 22:01:38,684 individual factor = 10
2015-07-01 22:01:38,684 zero range = 0.01
2015-07-01 22:01:38,684 greedy level = 5
2015-07-01 22:01:38,684 

2015-07-01 22:01:39,713 Starting Training from 2015-01-01 to 2015-01-31
2015-07-01 22:13:48,878 Starting Live from 2015-02-01 to 2015-03-03
2015-07-01 22:15:10,233 Starting Training from 2015-03-04 to 2015-04-03
2015-07-01 22:16:35,575 Starting Live from 2015-04-04 to 2015-04-10
2015-07-01 22:18:05,843 Starting Live from 2015-02-01 to 2015-03-03
2015-07-01 22:20:02,719 Starting Q Learning for : 
2015-07-01 22:20:02,719 alpha = 0.6
2015-07-01 22:20:02,719 gamma = 0.7
2015-07-01 22:20:02,719 individual factor = 10
2015-07-01 22:20:02,720 zero range = 0.01
2015-07-01 22:20:02,720 greedy level = 5
2015-07-01 22:20:02,720 

2015-07-01 22:20:03,247 Starting Training from 2015-01-01 to 2015-01-31
2015-07-01 22:32:41,455 Starting Training from 2015-02-01 to 2015-03-03
2015-07-01 22:34:08,426 Starting Live from 2015-03-04 to 2015-04-03
2015-07-01 22:36:16,598 Starting Training from 2015-02-01 to 2015-03-03
2015-07-01 22:36:28,630 Starting Live from 2015-02-01 to 2015-03-03
2015-07-01 22:37:52,838 Starting Live from 2015-03-04 to 2015-04-03
2015-07-01 22:58:42,248 Starting Training from 2015-03-04 to 2015-04-03
2015-07-01 22:59:36,284 Starting Training from 2015-02-01 to 2015-03-03
2015-07-01 23:00:07,258 Starting Live from 2015-04-04 to 2015-04-10
2015-07-01 23:01:11,588 Starting Live from 2015-03-04 to 2015-04-03
2015-07-01 23:03:17,306 Starting Training from 2015-03-04 to 2015-04-03
2015-07-01 23:04:00,046 Starting Q Learning for : 
2015-07-01 23:04:00,046 alpha = 0.2
2015-07-01 23:04:00,046 gamma = 0.4
2015-07-01 23:04:00,046 individual factor = 10
2015-07-01 23:04:00,046 zero range = 0.01
2015-07-01 23:04:00,046 greedy level = 5
2015-07-01 23:04:00,046 

2015-07-01 23:04:00,784 Starting Training from 2015-01-01 to 2015-01-31
2015-07-01 23:04:41,188 Starting Live from 2015-04-04 to 2015-04-10
2015-07-01 23:10:07,633 Starting Q Learning for : 
2015-07-01 23:10:07,633 alpha = 0.4
2015-07-01 23:10:07,633 gamma = 0.6
2015-07-01 23:10:07,633 individual factor = 10
2015-07-01 23:10:07,633 zero range = 0.01
2015-07-01 23:10:07,633 greedy level = 5
2015-07-01 23:10:07,633 

2015-07-01 23:10:08,022 Starting Training from 2015-01-01 to 2015-01-31
2015-07-01 23:15:39,208 Starting Training from 2015-03-04 to 2015-04-03
2015-07-01 23:21:06,934 Starting Live from 2015-04-04 to 2015-04-10
2015-07-01 23:22:25,635 Starting Live from 2015-02-01 to 2015-03-03
2015-07-01 23:25:50,030 Starting Q Learning for : 
2015-07-01 23:25:50,030 alpha = 0.6
2015-07-01 23:25:50,031 gamma = 0.8
2015-07-01 23:25:50,031 individual factor = 10
2015-07-01 23:25:50,031 zero range = 0.01
2015-07-01 23:25:50,031 greedy level = 5
2015-07-01 23:25:50,031 

2015-07-01 23:25:50,994 Starting Training from 2015-01-01 to 2015-01-31
2015-07-01 23:28:35,632 Starting Live from 2015-02-01 to 2015-03-03
2015-07-01 23:43:53,844 Starting Live from 2015-02-01 to 2015-03-03
2015-07-01 23:44:21,383 Starting Training from 2015-02-01 to 2015-03-03
2015-07-01 23:45:54,604 Starting Live from 2015-03-04 to 2015-04-03
2015-07-01 23:48:46,576 Starting Training from 2015-02-01 to 2015-03-03
2015-07-01 23:50:24,350 Starting Live from 2015-03-04 to 2015-04-03
2015-07-01 23:55:20,087 Starting Training from 2015-02-01 to 2015-03-03
2015-07-01 23:56:46,893 Starting Live from 2015-03-04 to 2015-04-03
2015-07-02 00:02:51,385 Starting Training from 2015-03-04 to 2015-04-03
2015-07-02 00:06:25,646 Starting Training from 2015-03-04 to 2015-04-03
2015-07-02 00:08:21,640 Starting Live from 2015-04-04 to 2015-04-10
2015-07-02 00:11:15,069 Starting Training from 2015-03-04 to 2015-04-03
2015-07-02 00:12:23,668 Starting Q Learning for : 
2015-07-02 00:12:23,668 alpha = 0.2
2015-07-02 00:12:23,668 gamma = 0.5
2015-07-02 00:12:23,668 individual factor = 10
2015-07-02 00:12:23,668 zero range = 0.01
2015-07-02 00:12:23,669 greedy level = 5
2015-07-02 00:12:23,669 

2015-07-02 00:12:24,696 Starting Training from 2015-01-01 to 2015-01-31
2015-07-02 00:12:41,263 Starting Live from 2015-04-04 to 2015-04-10
2015-07-02 00:15:36,664 Starting Live from 2015-04-04 to 2015-04-10
2015-07-02 00:18:12,740 Starting Q Learning for : 
2015-07-02 00:18:12,740 alpha = 0.4
2015-07-02 00:18:12,740 gamma = 0.7
2015-07-02 00:18:12,740 individual factor = 10
2015-07-02 00:18:12,740 zero range = 0.01
2015-07-02 00:18:12,740 greedy level = 5
2015-07-02 00:18:12,740 

2015-07-02 00:18:13,936 Starting Training from 2015-01-01 to 2015-01-31
2015-07-02 00:19:48,785 Starting Q Learning for : 
2015-07-02 00:19:48,785 alpha = 0.8
2015-07-02 00:19:48,785 gamma = 0.1
2015-07-02 00:19:48,786 individual factor = 10
2015-07-02 00:19:48,786 zero range = 0.01
2015-07-02 00:19:48,786 greedy level = 5
2015-07-02 00:19:48,786 

2015-07-02 00:19:49,454 Starting Training from 2015-01-01 to 2015-01-31
2015-07-02 00:32:08,101 Starting Live from 2015-02-01 to 2015-03-03
2015-07-02 00:37:50,988 Starting Live from 2015-02-01 to 2015-03-03
2015-07-02 00:39:25,316 Starting Live from 2015-02-01 to 2015-03-03
2015-07-02 00:54:35,339 Starting Training from 2015-02-01 to 2015-03-03
2015-07-02 00:56:03,644 Starting Live from 2015-03-04 to 2015-04-03
2015-07-02 00:57:04,483 Starting Training from 2015-02-01 to 2015-03-03
2015-07-02 00:58:34,982 Starting Live from 2015-03-04 to 2015-04-03
2015-07-02 01:00:06,215 Starting Training from 2015-02-01 to 2015-03-03
2015-07-02 01:01:33,628 Starting Live from 2015-03-04 to 2015-04-03
2015-07-02 01:12:30,836 Starting Training from 2015-03-04 to 2015-04-03
2015-07-02 01:16:51,013 Starting Training from 2015-03-04 to 2015-04-03
2015-07-02 01:17:51,786 Starting Live from 2015-04-04 to 2015-04-10
2015-07-02 01:18:37,491 Starting Live from 2015-04-04 to 2015-04-10
2015-07-02 01:20:51,986 Starting Q Learning for : 
2015-07-02 01:20:51,986 alpha = 0.4
2015-07-02 01:20:51,986 gamma = 0.8
2015-07-02 01:20:51,986 individual factor = 10
2015-07-02 01:20:51,986 zero range = 0.01
2015-07-02 01:20:51,986 greedy level = 5
2015-07-02 01:20:51,986 

2015-07-02 01:20:52,732 Starting Training from 2015-01-01 to 2015-01-31
2015-07-02 01:22:28,637 Starting Q Learning for : 
2015-07-02 01:22:28,637 alpha = 0.2
2015-07-02 01:22:28,637 gamma = 0.6
2015-07-02 01:22:28,637 individual factor = 10
2015-07-02 01:22:28,637 zero range = 0.01
2015-07-02 01:22:28,637 greedy level = 5
2015-07-02 01:22:28,637 

2015-07-02 01:22:29,373 Starting Training from 2015-01-01 to 2015-01-31
2015-07-02 01:22:45,646 Starting Training from 2015-03-04 to 2015-04-03
2015-07-02 01:25:05,598 Starting Live from 2015-04-04 to 2015-04-10
2015-07-02 01:30:00,653 Starting Q Learning for : 
2015-07-02 01:30:00,654 alpha = 0.8
2015-07-02 01:30:00,654 gamma = 0.2
2015-07-02 01:30:00,654 individual factor = 10
2015-07-02 01:30:00,654 zero range = 0.01
2015-07-02 01:30:00,654 greedy level = 5
2015-07-02 01:30:00,654 

2015-07-02 01:30:02,188 Starting Training from 2015-01-01 to 2015-01-31
2015-07-02 01:39:17,634 Starting Live from 2015-02-01 to 2015-03-03
2015-07-02 01:41:27,159 Starting Live from 2015-02-01 to 2015-03-03
2015-07-02 01:48:24,047 Starting Live from 2015-02-01 to 2015-03-03
2015-07-02 01:52:39,675 Starting Training from 2015-02-01 to 2015-03-03
2015-07-02 01:54:12,761 Starting Live from 2015-03-04 to 2015-04-03
2015-07-02 01:58:10,693 Starting Training from 2015-03-04 to 2015-04-03
2015-07-02 02:02:57,756 Starting Training from 2015-02-01 to 2015-03-03
2015-07-02 02:04:26,704 Starting Live from 2015-03-04 to 2015-04-03
2015-07-02 02:08:07,736 Starting Training from 2015-02-01 to 2015-03-03
2015-07-02 02:09:38,563 Starting Live from 2015-03-04 to 2015-04-03
2015-07-02 02:10:54,165 Starting Live from 2015-04-04 to 2015-04-10
2015-07-02 02:13:51,198 Starting Q Learning for : 
2015-07-02 02:13:51,199 alpha = 0.6
2015-07-02 02:13:51,199 gamma = 0.1
2015-07-02 02:13:51,199 individual factor = 10
2015-07-02 02:13:51,199 zero range = 0.01
2015-07-02 02:13:51,199 greedy level = 5
2015-07-02 02:13:51,199 

2015-07-02 02:13:52,844 Starting Training from 2015-01-01 to 2015-01-31
2015-07-02 02:23:59,550 Starting Training from 2015-03-04 to 2015-04-03
2015-07-02 02:25:51,948 Starting Live from 2015-04-04 to 2015-04-10
2015-07-02 02:29:40,203 Starting Q Learning for : 
2015-07-02 02:29:40,203 alpha = 0.2
2015-07-02 02:29:40,203 gamma = 0.7
2015-07-02 02:29:40,203 individual factor = 10
2015-07-02 02:29:40,203 zero range = 0.01
2015-07-02 02:29:40,203 greedy level = 5
2015-07-02 02:29:40,204 

2015-07-02 02:29:40,701 Starting Training from 2015-01-01 to 2015-01-31
2015-07-02 02:29:47,810 Starting Training from 2015-03-04 to 2015-04-03
2015-07-02 02:31:12,562 Starting Live from 2015-04-04 to 2015-04-10
2015-07-02 02:31:46,314 Starting Live from 2015-02-01 to 2015-03-03
2015-07-02 02:36:37,828 Starting Q Learning for : 
2015-07-02 02:36:37,828 alpha = 0.8
2015-07-02 02:36:37,828 gamma = 0.3
2015-07-02 02:36:37,828 individual factor = 10
2015-07-02 02:36:37,828 zero range = 0.01
2015-07-02 02:36:37,828 greedy level = 5
2015-07-02 02:36:37,828 

2015-07-02 02:36:38,362 Starting Training from 2015-01-01 to 2015-01-31
2015-07-02 02:47:27,665 Starting Live from 2015-02-01 to 2015-03-03
2015-07-02 02:53:22,677 Starting Training from 2015-02-01 to 2015-03-03
2015-07-02 02:54:29,357 Starting Live from 2015-02-01 to 2015-03-03
2015-07-02 02:55:12,592 Starting Live from 2015-03-04 to 2015-04-03
2015-07-02 03:08:40,940 Starting Training from 2015-02-01 to 2015-03-03
2015-07-02 03:10:28,362 Starting Live from 2015-03-04 to 2015-04-03
2015-07-02 03:15:32,561 Starting Training from 2015-02-01 to 2015-03-03
2015-07-02 03:16:22,506 Starting Training from 2015-03-04 to 2015-04-03
2015-07-02 03:16:59,731 Starting Live from 2015-03-04 to 2015-04-03
2015-07-02 03:17:56,178 Starting Live from 2015-04-04 to 2015-04-10
2015-07-02 03:22:27,489 Starting Q Learning for : 
2015-07-02 03:22:27,489 alpha = 0.6
2015-07-02 03:22:27,489 gamma = 0.2
2015-07-02 03:22:27,489 individual factor = 10
2015-07-02 03:22:27,489 zero range = 0.01
2015-07-02 03:22:27,489 greedy level = 5
2015-07-02 03:22:27,489 

2015-07-02 03:22:30,700 Starting Training from 2015-01-01 to 2015-01-31
2015-07-02 03:22:55,374 Starting Training from 2015-03-04 to 2015-04-03
2015-07-02 03:28:53,881 Starting Live from 2015-04-04 to 2015-04-10
2015-07-02 03:31:26,020 Starting Q Learning for : 
2015-07-02 03:31:26,020 alpha = 0.2
2015-07-02 03:31:26,021 gamma = 0.8
2015-07-02 03:31:26,021 individual factor = 10
2015-07-02 03:31:26,021 zero range = 0.01
2015-07-02 03:31:26,021 greedy level = 5
2015-07-02 03:31:26,021 

2015-07-02 03:31:26,461 Starting Training from 2015-01-01 to 2015-01-31
2015-07-02 03:37:12,831 Starting Training from 2015-03-04 to 2015-04-03
2015-07-02 03:38:46,545 Starting Live from 2015-04-04 to 2015-04-10
2015-07-02 03:39:28,010 Starting Live from 2015-02-01 to 2015-03-03
2015-07-02 03:44:14,466 Starting Q Learning for : 
2015-07-02 03:44:14,466 alpha = 0.8
2015-07-02 03:44:14,466 gamma = 0.4
2015-07-02 03:44:14,466 individual factor = 10
2015-07-02 03:44:14,466 zero range = 0.01
2015-07-02 03:44:14,466 greedy level = 5
2015-07-02 03:44:14,466 

2015-07-02 03:44:14,934 Starting Training from 2015-01-01 to 2015-01-31
2015-07-02 03:48:47,357 Starting Live from 2015-02-01 to 2015-03-03
2015-07-02 04:00:05,642 Starting Training from 2015-02-01 to 2015-03-03
2015-07-02 04:01:21,859 Starting Live from 2015-02-01 to 2015-03-03
2015-07-02 04:01:35,757 Starting Live from 2015-03-04 to 2015-04-03
2015-07-02 04:01:36,825 Starting Training from 2015-02-01 to 2015-03-03
2015-07-02 04:03:02,019 Starting Live from 2015-03-04 to 2015-04-03
2015-07-02 04:07:01,096 Starting Training from 2015-03-04 to 2015-04-03
2015-07-02 04:19:17,056 Starting Live from 2015-04-04 to 2015-04-10
2015-07-02 04:20:09,867 Starting Training from 2015-02-01 to 2015-03-03
2015-07-02 04:20:30,624 Starting Training from 2015-03-04 to 2015-04-03
2015-07-02 04:21:41,040 Starting Live from 2015-03-04 to 2015-04-03
2015-07-02 04:21:52,827 Starting Live from 2015-04-04 to 2015-04-10
2015-07-02 04:22:07,362 Starting Q Learning for : 
2015-07-02 04:22:07,362 alpha = 0.4
2015-07-02 04:22:07,362 gamma = 0.1
2015-07-02 04:22:07,362 individual factor = 10
2015-07-02 04:22:07,362 zero range = 0.01
2015-07-02 04:22:07,362 greedy level = 5
2015-07-02 04:22:07,362 

2015-07-02 04:22:08,268 Starting Training from 2015-01-01 to 2015-01-31
2015-07-02 04:25:24,163 Starting Q Learning for : 
2015-07-02 04:25:24,163 alpha = 0.6
2015-07-02 04:25:24,163 gamma = 0.3
2015-07-02 04:25:24,163 individual factor = 10
2015-07-02 04:25:24,163 zero range = 0.01
2015-07-02 04:25:24,163 greedy level = 5
2015-07-02 04:25:24,163 

2015-07-02 04:25:25,218 Starting Training from 2015-01-01 to 2015-01-31
2015-07-02 04:38:35,105 Starting Live from 2015-02-01 to 2015-03-03
2015-07-02 04:40:22,641 Starting Training from 2015-03-04 to 2015-04-03
2015-07-02 04:41:39,633 Starting Live from 2015-04-04 to 2015-04-10
2015-07-02 04:41:42,994 Starting Live from 2015-02-01 to 2015-03-03
2015-07-02 04:45:03,605 Starting Q Learning for : 
2015-07-02 04:45:03,605 alpha = 0.8
2015-07-02 04:45:03,605 gamma = 0.5
2015-07-02 04:45:03,605 individual factor = 10
2015-07-02 04:45:03,606 zero range = 0.01
2015-07-02 04:45:03,606 greedy level = 5
2015-07-02 04:45:03,606 

2015-07-02 04:45:03,973 Starting Training from 2015-01-01 to 2015-01-31
2015-07-02 04:56:40,912 Starting Training from 2015-02-01 to 2015-03-03
2015-07-02 04:58:01,327 Starting Live from 2015-03-04 to 2015-04-03
2015-07-02 04:59:39,093 Starting Training from 2015-02-01 to 2015-03-03
2015-07-02 05:01:00,518 Starting Live from 2015-03-04 to 2015-04-03
2015-07-02 05:01:04,200 Starting Live from 2015-02-01 to 2015-03-03
2015-07-02 05:16:12,593 Starting Training from 2015-03-04 to 2015-04-03
2015-07-02 05:17:40,247 Starting Live from 2015-04-04 to 2015-04-10
2015-07-02 05:19:06,272 Starting Training from 2015-02-01 to 2015-03-03
2015-07-02 05:19:16,438 Starting Training from 2015-03-04 to 2015-04-03
2015-07-02 05:20:28,204 Starting Live from 2015-03-04 to 2015-04-03
2015-07-02 05:20:30,254 Starting Live from 2015-04-04 to 2015-04-10
2015-07-02 05:20:52,946 Starting Q Learning for : 
2015-07-02 05:20:52,946 alpha = 0.4
2015-07-02 05:20:52,946 gamma = 0.2
2015-07-02 05:20:52,946 individual factor = 10
2015-07-02 05:20:52,946 zero range = 0.01
2015-07-02 05:20:52,947 greedy level = 5
2015-07-02 05:20:52,947 

2015-07-02 05:20:53,573 Starting Training from 2015-01-01 to 2015-01-31
2015-07-02 05:23:38,078 Starting Q Learning for : 
2015-07-02 05:23:38,078 alpha = 0.6
2015-07-02 05:23:38,078 gamma = 0.4
2015-07-02 05:23:38,078 individual factor = 10
2015-07-02 05:23:38,078 zero range = 0.01
2015-07-02 05:23:38,078 greedy level = 5
2015-07-02 05:23:38,078 

2015-07-02 05:23:38,562 Starting Training from 2015-01-01 to 2015-01-31
2015-07-02 05:35:48,802 Starting Live from 2015-02-01 to 2015-03-03
2015-07-02 05:37:30,591 Starting Training from 2015-03-04 to 2015-04-03
2015-07-02 05:38:32,706 Starting Live from 2015-02-01 to 2015-03-03
2015-07-02 05:38:42,187 Starting Live from 2015-04-04 to 2015-04-10
2015-07-02 05:42:42,531 Starting Q Learning for : 
2015-07-02 05:42:42,531 alpha = 0.8
2015-07-02 05:42:42,532 gamma = 0.6
2015-07-02 05:42:42,532 individual factor = 10
2015-07-02 05:42:42,532 zero range = 0.01
2015-07-02 05:42:42,532 greedy level = 5
2015-07-02 05:42:42,532 

2015-07-02 05:42:43,734 Starting Training from 2015-01-01 to 2015-01-31
2015-07-02 05:52:45,109 Starting Training from 2015-02-01 to 2015-03-03
2015-07-02 05:54:07,896 Starting Live from 2015-03-04 to 2015-04-03
2015-07-02 05:55:32,245 Starting Training from 2015-02-01 to 2015-03-03
2015-07-02 05:56:50,496 Starting Live from 2015-03-04 to 2015-04-03
2015-07-02 05:57:00,705 Starting Live from 2015-02-01 to 2015-03-03
2015-07-02 06:11:13,450 Starting Training from 2015-03-04 to 2015-04-03
2015-07-02 06:12:27,542 Starting Live from 2015-04-04 to 2015-04-10
2015-07-02 06:14:00,340 Starting Training from 2015-03-04 to 2015-04-03
2015-07-02 06:14:10,807 Starting Training from 2015-02-01 to 2015-03-03
2015-07-02 06:15:11,819 Starting Live from 2015-04-04 to 2015-04-10
2015-07-02 06:15:29,938 Starting Q Learning for : 
2015-07-02 06:15:29,939 alpha = 0.4
2015-07-02 06:15:29,939 gamma = 0.3
2015-07-02 06:15:29,939 individual factor = 10
2015-07-02 06:15:29,939 zero range = 0.01
2015-07-02 06:15:29,939 greedy level = 5
2015-07-02 06:15:29,939 

2015-07-02 06:15:30,725 Starting Training from 2015-01-01 to 2015-01-31
2015-07-02 06:15:33,450 Starting Live from 2015-03-04 to 2015-04-03
2015-07-02 06:19:39,693 Starting Q Learning for : 
2015-07-02 06:19:39,693 alpha = 0.6
2015-07-02 06:19:39,693 gamma = 0.5
2015-07-02 06:19:39,693 individual factor = 10
2015-07-02 06:19:39,693 zero range = 0.01
2015-07-02 06:19:39,693 greedy level = 5
2015-07-02 06:19:39,693 

2015-07-02 06:19:41,030 Starting Training from 2015-01-01 to 2015-01-31
2015-07-02 06:30:55,226 Starting Live from 2015-02-01 to 2015-03-03
2015-07-02 06:33:02,367 Starting Training from 2015-03-04 to 2015-04-03
2015-07-02 06:33:40,746 Starting Live from 2015-02-01 to 2015-03-03
2015-07-02 06:34:14,007 Starting Live from 2015-04-04 to 2015-04-10
2015-07-02 06:39:35,917 Starting Q Learning for : 
2015-07-02 06:39:35,917 alpha = 0.8
2015-07-02 06:39:35,917 gamma = 0.7
2015-07-02 06:39:35,917 individual factor = 10
2015-07-02 06:39:35,917 zero range = 0.01
2015-07-02 06:39:35,917 greedy level = 5
2015-07-02 06:39:35,917 

2015-07-02 06:39:36,460 Starting Training from 2015-01-01 to 2015-01-31
2015-07-02 06:47:42,999 Starting Training from 2015-02-01 to 2015-03-03
2015-07-02 06:49:13,107 Starting Live from 2015-03-04 to 2015-04-03
2015-07-02 06:50:23,823 Starting Training from 2015-02-01 to 2015-03-03
2015-07-02 06:51:41,536 Starting Live from 2015-03-04 to 2015-04-03
2015-07-02 06:52:12,215 Starting Live from 2015-02-01 to 2015-03-03
2015-07-02 07:06:31,926 Starting Training from 2015-03-04 to 2015-04-03
2015-07-02 07:07:40,520 Starting Live from 2015-04-04 to 2015-04-10
2015-07-02 07:08:08,958 Starting Training from 2015-02-01 to 2015-03-03
2015-07-02 07:08:49,456 Starting Training from 2015-03-04 to 2015-04-03
2015-07-02 07:09:25,827 Starting Live from 2015-03-04 to 2015-04-03
2015-07-02 07:09:59,503 Starting Live from 2015-04-04 to 2015-04-10
2015-07-02 07:10:36,003 Starting Q Learning for : 
2015-07-02 07:10:36,004 alpha = 0.4
2015-07-02 07:10:36,004 gamma = 0.4
2015-07-02 07:10:36,004 individual factor = 10
2015-07-02 07:10:36,004 zero range = 0.01
2015-07-02 07:10:36,004 greedy level = 5
2015-07-02 07:10:36,004 

2015-07-02 07:10:36,421 Starting Training from 2015-01-01 to 2015-01-31
2015-07-02 07:13:16,801 Starting Q Learning for : 
2015-07-02 07:13:16,802 alpha = 0.6
2015-07-02 07:13:16,802 gamma = 0.6
2015-07-02 07:13:16,802 individual factor = 10
2015-07-02 07:13:16,802 zero range = 0.01
2015-07-02 07:13:16,802 greedy level = 5
2015-07-02 07:13:16,802 

2015-07-02 07:13:17,824 Starting Training from 2015-01-01 to 2015-01-31
2015-07-02 07:21:23,381 Starting Training from 2015-03-04 to 2015-04-03
2015-07-02 07:25:21,654 Starting Live from 2015-02-01 to 2015-03-03
2015-07-02 07:25:22,601 Starting Live from 2015-04-04 to 2015-04-10
2015-07-02 07:27:41,619 Starting Q Learning for : 
2015-07-02 07:27:41,619 alpha = 0.8
2015-07-02 07:27:41,619 gamma = 0.8
2015-07-02 07:27:41,619 individual factor = 10
2015-07-02 07:27:41,619 zero range = 0.01
2015-07-02 07:27:41,619 greedy level = 5
2015-07-02 07:27:41,619 

2015-07-02 07:27:41,887 Starting Training from 2015-01-01 to 2015-01-31
2015-07-02 07:27:41,902 Starting Live from 2015-02-01 to 2015-03-03
2015-07-02 07:41:33,305 Starting Training from 2015-02-01 to 2015-03-03
2015-07-02 07:42:15,869 Starting Live from 2015-02-01 to 2015-03-03
2015-07-02 07:42:44,609 Starting Live from 2015-03-04 to 2015-04-03
2015-07-02 07:43:48,449 Starting Training from 2015-02-01 to 2015-03-03
2015-07-02 07:45:04,325 Starting Live from 2015-03-04 to 2015-04-03
2015-07-02 07:50:15,451 Starting Training from 2015-02-01 to 2015-03-03
2015-07-02 07:52:20,102 Starting Live from 2015-03-04 to 2015-04-03
2015-07-02 07:57:14,815 Starting Training from 2015-03-04 to 2015-04-03
2015-07-02 07:58:28,476 Starting Training from 2015-03-04 to 2015-04-03
2015-07-02 07:59:29,179 Starting Live from 2015-04-04 to 2015-04-10
2015-07-02 08:00:28,914 Starting Training from 2015-03-04 to 2015-04-03
2015-07-02 08:01:28,796 Starting Live from 2015-04-04 to 2015-04-10
2015-07-02 08:04:30,965 Starting Live from 2015-04-04 to 2015-04-10
