2015-06-28 15:15:02,496 Starting Q Learning for : 
2015-06-28 15:15:02,496 alpha = 0.6
2015-06-28 15:15:02,497 gamma = 0.1
2015-06-28 15:15:02,497 individual factor = 12
2015-06-28 15:15:02,497 zero range = 0.002
2015-06-28 15:15:02,497 greedy level = 10
2015-06-28 15:15:02,497 

2015-06-28 15:15:15,338 Starting Training from 2014-12-17 to 2015-01-01
2015-06-28 15:27:38,161 Starting Live from 2015-01-02 to 2015-02-01
2015-06-28 15:56:23,417 Starting Training from 2015-01-17 to 2015-02-01
2015-06-28 15:58:03,911 Starting Live from 2015-02-02 to 2015-03-04
2015-06-28 16:25:08,802 Starting Training from 2015-02-17 to 2015-03-04
2015-06-28 16:26:33,240 Starting Live from 2015-03-05 to 2015-04-04
2015-06-28 16:56:05,631 Starting Training from 2015-03-20 to 2015-04-04
2015-06-28 16:57:23,772 Starting Live from 2015-04-05 to 2015-04-10
2015-06-28 17:06:33,263 Starting Q Learning for : 
2015-06-28 17:06:33,263 alpha = 0.6
2015-06-28 17:06:33,263 gamma = 0.2
2015-06-28 17:06:33,263 individual factor = 12
2015-06-28 17:06:33,263 zero range = 0.002
2015-06-28 17:06:33,265 greedy level = 10
2015-06-28 17:06:33,265 

2015-06-28 17:06:41,180 Starting Training from 2014-12-17 to 2015-01-01
2015-06-28 17:18:35,993 Starting Live from 2015-01-02 to 2015-02-01
2015-06-28 17:45:18,395 Starting Training from 2015-01-17 to 2015-02-01
2015-06-28 17:47:19,227 Starting Live from 2015-02-02 to 2015-03-04
2015-06-28 18:13:35,601 Starting Training from 2015-02-17 to 2015-03-04
2015-06-28 18:15:22,147 Starting Live from 2015-03-05 to 2015-04-04
2015-06-28 18:45:54,772 Starting Training from 2015-03-20 to 2015-04-04
2015-06-28 18:47:13,226 Starting Live from 2015-04-05 to 2015-04-10
2015-06-28 18:56:12,311 Starting Q Learning for : 
2015-06-28 18:56:12,311 alpha = 0.6
2015-06-28 18:56:12,311 gamma = 0.3
2015-06-28 18:56:12,311 individual factor = 12
2015-06-28 18:56:12,311 zero range = 0.002
2015-06-28 18:56:12,311 greedy level = 10
2015-06-28 18:56:12,311 

2015-06-28 18:56:20,861 Starting Training from 2014-12-17 to 2015-01-01
2015-06-28 19:08:53,490 Starting Live from 2015-01-02 to 2015-02-01
2015-06-28 19:36:10,260 Starting Training from 2015-01-17 to 2015-02-01
2015-06-28 19:37:45,443 Starting Live from 2015-02-02 to 2015-03-04
2015-06-28 20:05:41,798 Starting Training from 2015-02-17 to 2015-03-04
2015-06-28 20:07:08,849 Starting Live from 2015-03-05 to 2015-04-04
2015-06-28 20:36:59,045 Starting Training from 2015-03-20 to 2015-04-04
2015-06-28 20:38:18,673 Starting Live from 2015-04-05 to 2015-04-10
2015-06-28 20:46:37,203 Starting Q Learning for : 
2015-06-28 20:46:37,203 alpha = 0.6
2015-06-28 20:46:37,203 gamma = 0.4
2015-06-28 20:46:37,203 individual factor = 12
2015-06-28 20:46:37,203 zero range = 0.002
2015-06-28 20:46:37,203 greedy level = 10
2015-06-28 20:46:37,203 

2015-06-28 20:46:43,385 Starting Training from 2014-12-17 to 2015-01-01
2015-06-28 20:59:33,095 Starting Live from 2015-01-02 to 2015-02-01
2015-06-28 21:26:54,299 Starting Training from 2015-01-17 to 2015-02-01
2015-06-28 21:28:29,125 Starting Live from 2015-02-02 to 2015-03-04
2015-06-28 21:55:19,059 Starting Training from 2015-02-17 to 2015-03-04
2015-06-28 21:56:55,269 Starting Live from 2015-03-05 to 2015-04-04
