2015-06-24 01:24:24,076 Starting Q Learning for : 
2015-06-24 01:24:24,076 alpha = 0.5
2015-06-24 01:24:24,076 gamma = 0.1
2015-06-24 01:24:24,076 individual factor = 12
2015-06-24 01:24:24,076 zero range = 0.01
2015-06-24 01:24:24,076 greedy level = 10
2015-06-24 01:24:24,076 

2015-06-24 01:24:33,016 Starting Training from 2014-12-17 to 2015-01-01
2015-06-24 01:34:23,779 Starting Live from 2015-01-02 to 2015-02-01
2015-06-24 01:58:31,446 Starting Training from 2015-01-17 to 2015-02-01
2015-06-24 01:59:39,420 Starting Live from 2015-02-02 to 2015-03-04
2015-06-24 02:26:48,063 Starting Training from 2015-02-17 to 2015-03-04
2015-06-24 02:28:34,591 Starting Live from 2015-03-05 to 2015-04-04
2015-06-24 02:53:10,398 Starting Training from 2015-03-20 to 2015-04-04
2015-06-24 02:54:22,716 Starting Live from 2015-04-05 to 2015-04-10
2015-06-24 03:01:04,098 Starting Q Learning for : 
2015-06-24 03:01:04,098 alpha = 0.5
2015-06-24 03:01:04,098 gamma = 0.2
2015-06-24 03:01:04,098 individual factor = 12
2015-06-24 03:01:04,098 zero range = 0.01
2015-06-24 03:01:04,099 greedy level = 10
2015-06-24 03:01:04,099 

2015-06-24 03:01:06,668 Starting Training from 2014-12-17 to 2015-01-01
2015-06-24 03:10:53,023 Starting Live from 2015-01-02 to 2015-02-01
2015-06-24 03:33:36,115 Starting Training from 2015-01-17 to 2015-02-01
2015-06-24 03:34:44,509 Starting Live from 2015-02-02 to 2015-03-04
2015-06-24 04:01:08,516 Starting Training from 2015-02-17 to 2015-03-04
2015-06-24 04:02:43,308 Starting Live from 2015-03-05 to 2015-04-04
2015-06-24 04:26:39,069 Starting Training from 2015-03-20 to 2015-04-04
2015-06-24 04:27:53,802 Starting Live from 2015-04-05 to 2015-04-10
2015-06-24 04:35:26,993 Starting Q Learning for : 
2015-06-24 04:35:26,994 alpha = 0.5
2015-06-24 04:35:26,994 gamma = 0.3
2015-06-24 04:35:26,994 individual factor = 12
2015-06-24 04:35:26,994 zero range = 0.01
2015-06-24 04:35:26,994 greedy level = 10
2015-06-24 04:35:26,994 

2015-06-24 04:35:32,753 Starting Training from 2014-12-17 to 2015-01-01
2015-06-24 04:44:31,301 Starting Live from 2015-01-02 to 2015-02-01
2015-06-24 05:06:59,959 Starting Training from 2015-01-17 to 2015-02-01
2015-06-24 05:08:12,157 Starting Live from 2015-02-02 to 2015-03-04
2015-06-24 05:34:38,631 Starting Training from 2015-02-17 to 2015-03-04
2015-06-24 05:36:35,841 Starting Live from 2015-03-05 to 2015-04-04
2015-06-24 06:00:43,730 Starting Training from 2015-03-20 to 2015-04-04
2015-06-24 06:02:00,230 Starting Live from 2015-04-05 to 2015-04-10
2015-06-24 06:08:40,585 Starting Q Learning for : 
2015-06-24 06:08:40,585 alpha = 0.5
2015-06-24 06:08:40,585 gamma = 0.4
2015-06-24 06:08:40,585 individual factor = 12
2015-06-24 06:08:40,585 zero range = 0.01
2015-06-24 06:08:40,585 greedy level = 10
2015-06-24 06:08:40,585 

2015-06-24 06:08:46,809 Starting Training from 2014-12-17 to 2015-01-01
2015-06-24 06:18:03,732 Starting Live from 2015-01-02 to 2015-02-01
2015-06-24 06:41:07,256 Starting Training from 2015-01-17 to 2015-02-01
2015-06-24 06:42:29,697 Starting Live from 2015-02-02 to 2015-03-04
2015-06-24 07:09:06,653 Starting Training from 2015-02-17 to 2015-03-04
2015-06-24 07:10:40,165 Starting Live from 2015-03-05 to 2015-04-04
2015-06-24 07:35:14,678 Starting Training from 2015-03-20 to 2015-04-04
2015-06-24 07:36:28,607 Starting Live from 2015-04-05 to 2015-04-10
2015-06-24 07:43:58,257 Starting Q Learning for : 
2015-06-24 07:43:58,259 alpha = 0.5
2015-06-24 07:43:58,259 gamma = 0.5
2015-06-24 07:43:58,259 individual factor = 12
2015-06-24 07:43:58,259 zero range = 0.01
2015-06-24 07:43:58,259 greedy level = 10
2015-06-24 07:43:58,259 

2015-06-24 07:44:05,720 Starting Training from 2014-12-17 to 2015-01-01
2015-06-24 07:53:20,346 Starting Live from 2015-01-02 to 2015-02-01
2015-06-24 08:15:45,539 Starting Training from 2015-01-17 to 2015-02-01
2015-06-24 08:16:53,040 Starting Live from 2015-02-02 to 2015-03-04
2015-06-24 08:42:41,101 Starting Training from 2015-02-17 to 2015-03-04
2015-06-24 08:44:17,512 Starting Live from 2015-03-05 to 2015-04-04
2015-06-24 09:08:30,332 Starting Training from 2015-03-20 to 2015-04-04
2015-06-24 09:09:58,838 Starting Live from 2015-04-05 to 2015-04-10
2015-06-24 09:16:33,253 Starting Q Learning for : 
2015-06-24 09:16:33,253 alpha = 0.5
2015-06-24 09:16:33,253 gamma = 0.6
2015-06-24 09:16:33,253 individual factor = 12
2015-06-24 09:16:33,253 zero range = 0.01
2015-06-24 09:16:33,253 greedy level = 10
2015-06-24 09:16:33,255 

2015-06-24 09:16:36,092 Starting Training from 2014-12-17 to 2015-01-01
2015-06-24 09:25:32,046 Starting Live from 2015-01-02 to 2015-02-01
2015-06-24 09:47:49,349 Starting Training from 2015-01-17 to 2015-02-01
2015-06-24 09:48:55,581 Starting Live from 2015-02-02 to 2015-03-04
2015-06-24 10:15:26,358 Starting Training from 2015-02-17 to 2015-03-04
2015-06-24 10:16:56,740 Starting Live from 2015-03-05 to 2015-04-04
2015-06-24 10:40:04,858 Starting Training from 2015-03-20 to 2015-04-04
2015-06-24 10:41:24,936 Starting Live from 2015-04-05 to 2015-04-10
2015-06-24 10:47:56,088 Starting Q Learning for : 
2015-06-24 10:47:56,088 alpha = 0.4
2015-06-24 10:47:56,088 gamma = 0.3
2015-06-24 10:47:56,088 individual factor = 12
2015-06-24 10:47:56,088 zero range = 0.01
2015-06-24 10:47:56,088 greedy level = 10
2015-06-24 10:47:56,088 

2015-06-24 10:48:01,700 Starting Training from 2014-12-17 to 2015-01-01
2015-06-24 10:57:39,240 Starting Live from 2015-01-02 to 2015-02-01
2015-06-24 11:19:39,305 Starting Training from 2015-01-17 to 2015-02-01
2015-06-24 11:20:46,562 Starting Live from 2015-02-02 to 2015-03-04
2015-06-24 11:46:53,233 Starting Training from 2015-02-17 to 2015-03-04
2015-06-24 11:48:26,279 Starting Live from 2015-03-05 to 2015-04-04
2015-06-24 12:12:53,315 Starting Training from 2015-03-20 to 2015-04-04
2015-06-24 12:14:06,576 Starting Live from 2015-04-05 to 2015-04-10
2015-06-24 12:21:24,384 Starting Q Learning for : 
2015-06-24 12:21:24,384 alpha = 0.4
2015-06-24 12:21:24,384 gamma = 0.4
2015-06-24 12:21:24,384 individual factor = 12
2015-06-24 12:21:24,384 zero range = 0.01
2015-06-24 12:21:24,384 greedy level = 10
2015-06-24 12:21:24,384 

2015-06-24 12:21:30,453 Starting Training from 2014-12-17 to 2015-01-01
2015-06-24 12:31:19,607 Starting Live from 2015-01-02 to 2015-02-01
2015-06-24 12:55:31,092 Starting Training from 2015-01-17 to 2015-02-01
2015-06-24 12:56:43,404 Starting Live from 2015-02-02 to 2015-03-04
2015-06-24 13:26:59,384 Starting Training from 2015-02-17 to 2015-03-04
2015-06-24 13:28:40,523 Starting Live from 2015-03-05 to 2015-04-04
2015-06-24 13:55:53,269 Starting Training from 2015-03-20 to 2015-04-04
2015-06-24 13:57:21,727 Starting Live from 2015-04-05 to 2015-04-10
2015-06-24 14:04:55,917 Starting Q Learning for : 
2015-06-24 14:04:55,917 alpha = 0.4
2015-06-24 14:04:55,917 gamma = 0.5
2015-06-24 14:04:55,917 individual factor = 12
2015-06-24 14:04:55,917 zero range = 0.01
2015-06-24 14:04:55,917 greedy level = 10
2015-06-24 14:04:55,918 

2015-06-24 14:05:01,424 Starting Training from 2014-12-17 to 2015-01-01
2015-06-24 14:16:13,951 Starting Live from 2015-01-02 to 2015-02-01
2015-06-24 14:41:54,158 Starting Training from 2015-01-17 to 2015-02-01
2015-06-24 14:43:10,002 Starting Live from 2015-02-02 to 2015-03-04
2015-06-24 15:14:26,055 Starting Training from 2015-02-17 to 2015-03-04
2015-06-24 15:16:23,201 Starting Live from 2015-03-05 to 2015-04-04
2015-06-24 15:44:13,354 Starting Training from 2015-03-20 to 2015-04-04
2015-06-24 15:45:34,881 Starting Live from 2015-04-05 to 2015-04-10
2015-06-24 15:53:27,803 Starting Q Learning for : 
2015-06-24 15:53:27,803 alpha = 0.4
2015-06-24 15:53:27,803 gamma = 0.6
2015-06-24 15:53:27,803 individual factor = 12
2015-06-24 15:53:27,803 zero range = 0.01
2015-06-24 15:53:27,803 greedy level = 10
2015-06-24 15:53:27,805 

2015-06-24 15:53:32,920 Starting Training from 2014-12-17 to 2015-01-01
2015-06-24 16:04:45,516 Starting Live from 2015-01-02 to 2015-02-01
2015-06-24 16:30:38,811 Starting Training from 2015-01-17 to 2015-02-01
2015-06-24 16:31:56,723 Starting Live from 2015-02-02 to 2015-03-04
2015-06-24 17:02:02,859 Starting Training from 2015-02-17 to 2015-03-04
2015-06-24 17:04:02,463 Starting Live from 2015-03-05 to 2015-04-04
2015-06-24 17:31:30,335 Starting Training from 2015-03-20 to 2015-04-04
2015-06-24 17:32:58,029 Starting Live from 2015-04-05 to 2015-04-10
2015-06-24 17:40:45,076 Starting Q Learning for : 
2015-06-24 17:40:45,076 alpha = 0.4
2015-06-24 17:40:45,076 gamma = 0.7
2015-06-24 17:40:45,076 individual factor = 12
2015-06-24 17:40:45,076 zero range = 0.01
2015-06-24 17:40:45,076 greedy level = 10
2015-06-24 17:40:45,076 

2015-06-24 17:40:50,319 Starting Training from 2014-12-17 to 2015-01-01
2015-06-24 17:51:37,726 Starting Live from 2015-01-02 to 2015-02-01
2015-06-24 18:14:29,049 Starting Training from 2015-01-17 to 2015-02-01
2015-06-24 18:15:42,946 Starting Live from 2015-02-02 to 2015-03-04
2015-06-24 18:38:21,811 Starting Training from 2015-02-17 to 2015-03-04
2015-06-24 18:41:30,624 Starting Live from 2015-03-05 to 2015-04-04
2015-06-24 18:59:16,638 Starting Training from 2015-03-20 to 2015-04-04
2015-06-24 19:03:01,073 Starting Live from 2015-04-05 to 2015-04-10
2015-06-24 19:09:19,635 Starting Q Learning for : 
2015-06-24 19:09:19,637 alpha = 0.4
2015-06-24 19:09:19,637 gamma = 0.8
2015-06-24 19:09:19,637 individual factor = 12
2015-06-24 19:09:19,637 zero range = 0.01
2015-06-24 19:09:19,637 greedy level = 10
2015-06-24 19:09:19,637 

2015-06-24 19:09:25,278 Starting Training from 2014-12-17 to 2015-01-01
2015-06-24 19:20:27,816 Starting Live from 2015-01-02 to 2015-02-01
2015-06-24 19:42:07,956 Starting Training from 2015-01-17 to 2015-02-01
2015-06-24 19:43:23,486 Starting Live from 2015-02-02 to 2015-03-04
2015-06-24 20:01:19,651 Starting Training from 2015-02-17 to 2015-03-04
2015-06-24 20:05:23,819 Starting Live from 2015-03-05 to 2015-04-04
2015-06-24 20:19:49,119 Starting Training from 2015-03-20 to 2015-04-04
2015-06-24 20:24:52,486 Starting Live from 2015-04-05 to 2015-04-10
2015-06-24 20:30:21,874 Starting Q Learning for : 
2015-06-24 20:30:21,874 alpha = 0.2
2015-06-24 20:30:21,874 gamma = 0.7
2015-06-24 20:30:21,875 individual factor = 12
2015-06-24 20:30:21,875 zero range = 0.01
2015-06-24 20:30:21,875 greedy level = 10
2015-06-24 20:30:21,875 

2015-06-24 20:30:23,223 Starting Training from 2014-12-17 to 2015-01-01
2015-06-24 20:40:15,151 Starting Live from 2015-01-02 to 2015-02-01
2015-06-24 21:02:27,371 Starting Training from 2015-01-17 to 2015-02-01
2015-06-24 21:03:45,548 Starting Live from 2015-02-02 to 2015-03-04
2015-06-24 21:26:03,051 Starting Training from 2015-02-17 to 2015-03-04
2015-06-24 21:29:15,233 Starting Live from 2015-03-05 to 2015-04-04
2015-06-24 21:45:42,334 Starting Training from 2015-03-20 to 2015-04-04
2015-06-24 21:49:18,398 Starting Live from 2015-04-05 to 2015-04-10
2015-06-24 21:55:34,526 Starting Q Learning for : 
2015-06-24 21:55:34,526 alpha = 0.2
2015-06-24 21:55:34,526 gamma = 0.8
2015-06-24 21:55:34,526 individual factor = 12
2015-06-24 21:55:34,526 zero range = 0.01
2015-06-24 21:55:34,526 greedy level = 10
2015-06-24 21:55:34,526 

2015-06-24 21:55:39,479 Starting Training from 2014-12-17 to 2015-01-01
2015-06-24 22:05:25,076 Starting Live from 2015-01-02 to 2015-02-01
2015-06-24 22:25:40,628 Starting Training from 2015-01-17 to 2015-02-01
2015-06-24 22:26:50,331 Starting Live from 2015-02-02 to 2015-03-04
2015-06-24 22:44:36,665 Starting Training from 2015-02-17 to 2015-03-04
2015-06-24 22:48:04,571 Starting Live from 2015-03-05 to 2015-04-04
2015-06-24 23:02:33,441 Starting Training from 2015-03-20 to 2015-04-04
2015-06-24 23:06:45,795 Starting Live from 2015-04-05 to 2015-04-10
2015-06-24 23:11:44,563 Starting Q Learning for : 
2015-06-24 23:11:44,563 alpha = 0.8
2015-06-24 23:11:44,565 gamma = 0.1
2015-06-24 23:11:44,565 individual factor = 12
2015-06-24 23:11:44,565 zero range = 0.01
2015-06-24 23:11:44,565 greedy level = 10
2015-06-24 23:11:44,565 

2015-06-24 23:11:50,078 Starting Training from 2014-12-17 to 2015-01-01
2015-06-24 23:22:04,709 Starting Live from 2015-01-02 to 2015-02-01
2015-06-24 23:46:40,408 Starting Training from 2015-01-17 to 2015-02-01
2015-06-24 23:47:49,305 Starting Live from 2015-02-02 to 2015-03-04
2015-06-25 00:15:30,016 Starting Training from 2015-02-17 to 2015-03-04
2015-06-25 00:17:06,069 Starting Live from 2015-03-05 to 2015-04-04
2015-06-25 00:41:51,426 Starting Training from 2015-03-20 to 2015-04-04
2015-06-25 00:43:05,313 Starting Live from 2015-04-05 to 2015-04-10
2015-06-25 00:50:47,414 Starting Q Learning for : 
2015-06-25 00:50:47,414 alpha = 0.8
2015-06-25 00:50:47,414 gamma = 0.2
2015-06-25 00:50:47,414 individual factor = 12
2015-06-25 00:50:47,414 zero range = 0.01
2015-06-25 00:50:47,414 greedy level = 10
2015-06-25 00:50:47,414 

2015-06-25 00:50:55,996 Starting Training from 2014-12-17 to 2015-01-01
2015-06-25 01:00:12,290 Starting Live from 2015-01-02 to 2015-02-01
2015-06-25 01:23:05,354 Starting Training from 2015-01-17 to 2015-02-01
2015-06-25 01:24:10,160 Starting Live from 2015-02-02 to 2015-03-04
2015-06-25 01:51:14,611 Starting Training from 2015-02-17 to 2015-03-04
2015-06-25 01:53:03,765 Starting Live from 2015-03-05 to 2015-04-04
2015-06-25 02:17:19,621 Starting Training from 2015-03-20 to 2015-04-04
2015-06-25 02:18:37,286 Starting Live from 2015-04-05 to 2015-04-10
2015-06-25 02:25:39,696 Starting Q Learning for : 
2015-06-25 02:25:39,697 alpha = 0.8
2015-06-25 02:25:39,697 gamma = 0.3
2015-06-25 02:25:39,697 individual factor = 12
2015-06-25 02:25:39,697 zero range = 0.01
2015-06-25 02:25:39,697 greedy level = 10
2015-06-25 02:25:39,697 

2015-06-25 02:25:46,540 Starting Training from 2014-12-17 to 2015-01-01
2015-06-25 02:35:20,977 Starting Live from 2015-01-02 to 2015-02-01
2015-06-25 02:58:03,515 Starting Training from 2015-01-17 to 2015-02-01
2015-06-25 02:59:21,301 Starting Live from 2015-02-02 to 2015-03-04
2015-06-25 03:25:23,184 Starting Training from 2015-02-17 to 2015-03-04
2015-06-25 03:26:54,864 Starting Live from 2015-03-05 to 2015-04-04
2015-06-25 03:50:28,226 Starting Training from 2015-03-20 to 2015-04-04
2015-06-25 03:51:39,711 Starting Live from 2015-04-05 to 2015-04-10
2015-06-25 03:58:16,065 Starting Q Learning for : 
2015-06-25 03:58:16,065 alpha = 0.8
2015-06-25 03:58:16,065 gamma = 0.4
2015-06-25 03:58:16,065 individual factor = 12
2015-06-25 03:58:16,065 zero range = 0.01
2015-06-25 03:58:16,065 greedy level = 10
2015-06-25 03:58:16,066 

2015-06-25 03:58:22,232 Starting Training from 2014-12-17 to 2015-01-01
2015-06-25 04:08:00,753 Starting Live from 2015-01-02 to 2015-02-01
2015-06-25 04:30:19,724 Starting Training from 2015-01-17 to 2015-02-01
2015-06-25 04:31:25,739 Starting Live from 2015-02-02 to 2015-03-04
2015-06-25 04:57:32,875 Starting Training from 2015-02-17 to 2015-03-04
2015-06-25 04:59:01,801 Starting Live from 2015-03-05 to 2015-04-04
2015-06-25 05:23:00,089 Starting Training from 2015-03-20 to 2015-04-04
2015-06-25 05:24:12,881 Starting Live from 2015-04-05 to 2015-04-10
2015-06-25 05:31:12,756 Starting Q Learning for : 
2015-06-25 05:31:12,756 alpha = 0.8
2015-06-25 05:31:12,756 gamma = 0.5
2015-06-25 05:31:12,756 individual factor = 12
2015-06-25 05:31:12,756 zero range = 0.01
2015-06-25 05:31:12,757 greedy level = 10
2015-06-25 05:31:12,757 

2015-06-25 05:31:20,552 Starting Training from 2014-12-17 to 2015-01-01
2015-06-25 05:40:37,823 Starting Live from 2015-01-02 to 2015-02-01
2015-06-25 06:03:02,204 Starting Training from 2015-01-17 to 2015-02-01
2015-06-25 06:04:10,203 Starting Live from 2015-02-02 to 2015-03-04
2015-06-25 06:30:18,068 Starting Training from 2015-02-17 to 2015-03-04
2015-06-25 06:31:48,802 Starting Live from 2015-03-05 to 2015-04-04
2015-06-25 06:55:59,257 Starting Training from 2015-03-20 to 2015-04-04
2015-06-25 06:57:10,540 Starting Live from 2015-04-05 to 2015-04-10
2015-06-25 07:04:57,486 Starting Q Learning for : 
2015-06-25 07:04:57,486 alpha = 0.8
2015-06-25 07:04:57,486 gamma = 0.6
2015-06-25 07:04:57,486 individual factor = 12
2015-06-25 07:04:57,486 zero range = 0.01
2015-06-25 07:04:57,486 greedy level = 10
2015-06-25 07:04:57,486 

2015-06-25 07:05:02,470 Starting Training from 2014-12-17 to 2015-01-01
2015-06-25 07:13:55,927 Starting Live from 2015-01-02 to 2015-02-01
2015-06-25 07:35:44,871 Starting Training from 2015-01-17 to 2015-02-01
2015-06-25 07:36:46,132 Starting Live from 2015-02-02 to 2015-03-04
2015-06-25 08:01:57,178 Starting Training from 2015-02-17 to 2015-03-04
2015-06-25 08:03:26,450 Starting Live from 2015-03-05 to 2015-04-04
2015-06-25 08:26:16,630 Starting Training from 2015-03-20 to 2015-04-04
2015-06-25 08:27:46,940 Starting Live from 2015-04-05 to 2015-04-10
2015-06-25 08:34:28,448 Starting Q Learning for : 
2015-06-25 08:34:28,450 alpha = 0.8
2015-06-25 08:34:28,450 gamma = 0.7
2015-06-25 08:34:28,450 individual factor = 12
2015-06-25 08:34:28,450 zero range = 0.01
2015-06-25 08:34:28,450 greedy level = 10
2015-06-25 08:34:28,450 

2015-06-25 08:34:33,650 Starting Training from 2014-12-17 to 2015-01-01
2015-06-25 08:43:09,628 Starting Live from 2015-01-02 to 2015-02-01
2015-06-25 09:02:31,325 Starting Training from 2015-01-17 to 2015-02-01
2015-06-25 09:03:29,890 Starting Live from 2015-02-02 to 2015-03-04
2015-06-25 09:22:24,411 Starting Training from 2015-02-17 to 2015-03-04
2015-06-25 09:24:58,167 Starting Live from 2015-03-05 to 2015-04-04
2015-06-25 09:39:23,013 Starting Training from 2015-03-20 to 2015-04-04
2015-06-25 09:42:52,799 Starting Live from 2015-04-05 to 2015-04-10
2015-06-25 09:48:03,801 Starting Q Learning for : 
2015-06-25 09:48:03,801 alpha = 0.8
2015-06-25 09:48:03,801 gamma = 0.8
2015-06-25 09:48:03,801 individual factor = 12
2015-06-25 09:48:03,801 zero range = 0.01
2015-06-25 09:48:03,801 greedy level = 10
2015-06-25 09:48:03,802 

2015-06-25 09:48:10,213 Starting Training from 2014-12-17 to 2015-01-01
2015-06-25 09:57:27,641 Starting Live from 2015-01-02 to 2015-02-01
2015-06-25 10:14:54,602 Starting Training from 2015-01-17 to 2015-02-01
2015-06-25 10:16:13,447 Starting Live from 2015-02-02 to 2015-03-04
2015-06-25 10:32:32,115 Starting Training from 2015-02-17 to 2015-03-04
2015-06-25 10:35:35,322 Starting Live from 2015-03-05 to 2015-04-04
2015-06-25 10:48:39,209 Starting Training from 2015-03-20 to 2015-04-04
2015-06-25 10:52:28,448 Starting Live from 2015-04-05 to 2015-04-10
2015-06-25 10:56:51,678 Starting Q Learning for : 
2015-06-25 10:56:51,678 alpha = 0.8
2015-06-25 10:56:51,678 gamma = 0.8
2015-06-25 10:56:51,678 individual factor = 12
2015-06-25 10:56:51,678 zero range = 0.006
2015-06-25 10:56:51,678 greedy level = 10
2015-06-25 10:56:51,678 

2015-06-25 10:56:53,776 Starting Training from 2014-12-17 to 2015-01-01
2015-06-25 11:06:17,878 Starting Live from 2015-01-02 to 2015-02-01
2015-06-25 11:24:13,414 Starting Training from 2015-01-17 to 2015-02-01
2015-06-25 11:25:27,346 Starting Live from 2015-02-02 to 2015-03-04
2015-06-25 11:40:48,957 Starting Training from 2015-02-17 to 2015-03-04
2015-06-25 11:44:01,029 Starting Live from 2015-03-05 to 2015-04-04
2015-06-25 11:57:06,661 Starting Training from 2015-03-20 to 2015-04-04
2015-06-25 12:00:51,920 Starting Live from 2015-04-05 to 2015-04-10
