2015-06-24 01:24:24,076 Starting Q Learning for : 
2015-06-24 01:24:24,076 alpha = 0.5
2015-06-24 01:24:24,076 gamma = 0.7
2015-06-24 01:24:24,076 individual factor = 12
2015-06-24 01:24:24,076 zero range = 0.01
2015-06-24 01:24:24,078 greedy level = 10
2015-06-24 01:24:24,078 

2015-06-24 01:24:33,746 Starting Training from 2014-12-17 to 2015-01-01
2015-06-24 01:34:25,763 Starting Live from 2015-01-02 to 2015-02-01
2015-06-24 01:56:34,716 Starting Training from 2015-01-17 to 2015-02-01
2015-06-24 01:57:43,055 Starting Live from 2015-02-02 to 2015-03-04
2015-06-24 02:17:55,151 Starting Training from 2015-02-17 to 2015-03-04
2015-06-24 02:20:45,947 Starting Live from 2015-03-05 to 2015-04-04
2015-06-24 02:36:07,240 Starting Training from 2015-03-20 to 2015-04-04
2015-06-24 02:39:52,253 Starting Live from 2015-04-05 to 2015-04-10
2015-06-24 02:45:39,825 Starting Q Learning for : 
2015-06-24 02:45:39,825 alpha = 0.5
2015-06-24 02:45:39,825 gamma = 0.8
2015-06-24 02:45:39,825 individual factor = 12
2015-06-24 02:45:39,825 zero range = 0.01
2015-06-24 02:45:39,825 greedy level = 10
2015-06-24 02:45:39,825 

2015-06-24 02:45:45,792 Starting Training from 2014-12-17 to 2015-01-01
2015-06-24 02:55:39,378 Starting Live from 2015-01-02 to 2015-02-01
2015-06-24 03:14:46,128 Starting Training from 2015-01-17 to 2015-02-01
2015-06-24 03:15:55,506 Starting Live from 2015-02-02 to 2015-03-04
2015-06-24 03:32:45,213 Starting Training from 2015-02-17 to 2015-03-04
2015-06-24 03:35:59,584 Starting Live from 2015-03-05 to 2015-04-04
2015-06-24 03:48:51,753 Starting Training from 2015-03-20 to 2015-04-04
2015-06-24 03:53:27,196 Starting Live from 2015-04-05 to 2015-04-10
2015-06-24 03:58:21,719 Starting Q Learning for : 
2015-06-24 03:58:21,719 alpha = 0.6
2015-06-24 03:58:21,719 gamma = 0.1
2015-06-24 03:58:21,719 individual factor = 12
2015-06-24 03:58:21,719 zero range = 0.01
2015-06-24 03:58:21,719 greedy level = 10
2015-06-24 03:58:21,720 

2015-06-24 03:58:27,026 Starting Training from 2014-12-17 to 2015-01-01
2015-06-24 04:07:36,253 Starting Live from 2015-01-02 to 2015-02-01
2015-06-24 04:30:07,598 Starting Training from 2015-01-17 to 2015-02-01
2015-06-24 04:31:15,673 Starting Live from 2015-02-02 to 2015-03-04
2015-06-24 04:57:59,447 Starting Training from 2015-02-17 to 2015-03-04
2015-06-24 04:59:32,276 Starting Live from 2015-03-05 to 2015-04-04
2015-06-24 05:22:47,209 Starting Training from 2015-03-20 to 2015-04-04
2015-06-24 05:24:12,783 Starting Live from 2015-04-05 to 2015-04-10
2015-06-24 05:30:51,108 Starting Q Learning for : 
2015-06-24 05:30:51,108 alpha = 0.6
2015-06-24 05:30:51,108 gamma = 0.2
2015-06-24 05:30:51,108 individual factor = 12
2015-06-24 05:30:51,108 zero range = 0.01
2015-06-24 05:30:51,108 greedy level = 10
2015-06-24 05:30:51,108 

2015-06-24 05:30:57,328 Starting Training from 2014-12-17 to 2015-01-01
2015-06-24 05:40:57,088 Starting Live from 2015-01-02 to 2015-02-01
2015-06-24 06:03:37,559 Starting Training from 2015-01-17 to 2015-02-01
2015-06-24 06:04:46,253 Starting Live from 2015-02-02 to 2015-03-04
2015-06-24 06:31:31,770 Starting Training from 2015-02-17 to 2015-03-04
2015-06-24 06:33:02,322 Starting Live from 2015-03-05 to 2015-04-04
2015-06-24 06:57:09,244 Starting Training from 2015-03-20 to 2015-04-04
2015-06-24 06:58:22,467 Starting Live from 2015-04-05 to 2015-04-10
2015-06-24 07:05:54,877 Starting Q Learning for : 
2015-06-24 07:05:54,877 alpha = 0.6
2015-06-24 07:05:54,877 gamma = 0.3
2015-06-24 07:05:54,877 individual factor = 12
2015-06-24 07:05:54,877 zero range = 0.01
2015-06-24 07:05:54,877 greedy level = 10
2015-06-24 07:05:54,877 

2015-06-24 07:05:57,438 Starting Training from 2014-12-17 to 2015-01-01
2015-06-24 07:15:03,144 Starting Live from 2015-01-02 to 2015-02-01
2015-06-24 07:37:49,081 Starting Training from 2015-01-17 to 2015-02-01
2015-06-24 07:38:58,164 Starting Live from 2015-02-02 to 2015-03-04
2015-06-24 08:05:39,154 Starting Training from 2015-02-17 to 2015-03-04
2015-06-24 08:07:22,069 Starting Live from 2015-03-05 to 2015-04-04
2015-06-24 08:31:00,556 Starting Training from 2015-03-20 to 2015-04-04
2015-06-24 08:32:16,680 Starting Live from 2015-04-05 to 2015-04-10
2015-06-24 08:39:04,661 Starting Q Learning for : 
2015-06-24 08:39:04,661 alpha = 0.6
2015-06-24 08:39:04,661 gamma = 0.4
2015-06-24 08:39:04,661 individual factor = 12
2015-06-24 08:39:04,661 zero range = 0.01
2015-06-24 08:39:04,661 greedy level = 10
2015-06-24 08:39:04,663 

2015-06-24 08:39:10,943 Starting Training from 2014-12-17 to 2015-01-01
2015-06-24 08:48:50,428 Starting Live from 2015-01-02 to 2015-02-01
2015-06-24 09:11:08,474 Starting Training from 2015-01-17 to 2015-02-01
2015-06-24 09:12:13,170 Starting Live from 2015-02-02 to 2015-03-04
2015-06-24 09:38:05,177 Starting Training from 2015-02-17 to 2015-03-04
2015-06-24 09:39:38,163 Starting Live from 2015-03-05 to 2015-04-04
2015-06-24 10:03:11,967 Starting Training from 2015-03-20 to 2015-04-04
2015-06-24 10:04:27,282 Starting Live from 2015-04-05 to 2015-04-10
2015-06-24 10:11:12,447 Starting Q Learning for : 
2015-06-24 10:11:12,447 alpha = 0.6
2015-06-24 10:11:12,447 gamma = 0.5
2015-06-24 10:11:12,447 individual factor = 12
2015-06-24 10:11:12,447 zero range = 0.01
2015-06-24 10:11:12,447 greedy level = 10
2015-06-24 10:11:12,447 

2015-06-24 10:11:18,832 Starting Training from 2014-12-17 to 2015-01-01
2015-06-24 10:20:56,569 Starting Live from 2015-01-02 to 2015-02-01
2015-06-24 10:43:07,301 Starting Training from 2015-01-17 to 2015-02-01
2015-06-24 10:44:14,707 Starting Live from 2015-02-02 to 2015-03-04
2015-06-24 11:09:35,134 Starting Training from 2015-02-17 to 2015-03-04
2015-06-24 11:11:09,599 Starting Live from 2015-03-05 to 2015-04-04
2015-06-24 11:34:01,051 Starting Training from 2015-03-20 to 2015-04-04
2015-06-24 11:35:46,756 Starting Live from 2015-04-05 to 2015-04-10
2015-06-24 11:42:35,711 Starting Q Learning for : 
2015-06-24 11:42:35,711 alpha = 0.6
2015-06-24 11:42:35,713 gamma = 0.6
2015-06-24 11:42:35,713 individual factor = 12
2015-06-24 11:42:35,713 zero range = 0.01
2015-06-24 11:42:35,713 greedy level = 10
2015-06-24 11:42:35,713 

2015-06-24 11:42:40,552 Starting Training from 2014-12-17 to 2015-01-01
2015-06-24 11:51:35,595 Starting Live from 2015-01-02 to 2015-02-01
2015-06-24 12:14:35,417 Starting Training from 2015-01-17 to 2015-02-01
2015-06-24 12:15:44,821 Starting Live from 2015-02-02 to 2015-03-04
2015-06-24 12:44:00,951 Starting Training from 2015-02-17 to 2015-03-04
2015-06-24 12:45:41,993 Starting Live from 2015-03-05 to 2015-04-04
2015-06-24 13:12:06,036 Starting Training from 2015-03-20 to 2015-04-04
2015-06-24 13:13:31,459 Starting Live from 2015-04-05 to 2015-04-10
2015-06-24 13:20:39,596 Starting Q Learning for : 
2015-06-24 13:20:39,596 alpha = 0.6
2015-06-24 13:20:39,596 gamma = 0.7
2015-06-24 13:20:39,596 individual factor = 12
2015-06-24 13:20:39,596 zero range = 0.01
2015-06-24 13:20:39,596 greedy level = 10
2015-06-24 13:20:39,598 

2015-06-24 13:20:45,986 Starting Training from 2014-12-17 to 2015-01-01
2015-06-24 13:31:42,703 Starting Live from 2015-01-02 to 2015-02-01
2015-06-24 13:55:02,703 Starting Training from 2015-01-17 to 2015-02-01
2015-06-24 13:56:21,392 Starting Live from 2015-02-02 to 2015-03-04
2015-06-24 14:19:33,292 Starting Training from 2015-02-17 to 2015-03-04
2015-06-24 14:22:38,865 Starting Live from 2015-03-05 to 2015-04-04
2015-06-24 14:39:38,936 Starting Training from 2015-03-20 to 2015-04-04
2015-06-24 14:43:55,615 Starting Live from 2015-04-05 to 2015-04-10
2015-06-24 14:50:12,319 Starting Q Learning for : 
2015-06-24 14:50:12,321 alpha = 0.6
2015-06-24 14:50:12,321 gamma = 0.8
2015-06-24 14:50:12,321 individual factor = 12
2015-06-24 14:50:12,321 zero range = 0.01
2015-06-24 14:50:12,321 greedy level = 10
2015-06-24 14:50:12,321 

2015-06-24 14:50:14,673 Starting Training from 2014-12-17 to 2015-01-01
2015-06-24 15:01:46,575 Starting Live from 2015-01-02 to 2015-02-01
2015-06-24 15:24:08,285 Starting Training from 2015-01-17 to 2015-02-01
2015-06-24 15:25:19,104 Starting Live from 2015-02-02 to 2015-03-04
2015-06-24 15:44:19,845 Starting Training from 2015-02-17 to 2015-03-04
2015-06-24 15:47:54,506 Starting Live from 2015-03-05 to 2015-04-04
2015-06-24 16:03:46,190 Starting Training from 2015-03-20 to 2015-04-04
2015-06-24 16:08:28,842 Starting Live from 2015-04-05 to 2015-04-10
2015-06-24 16:13:44,727 Starting Q Learning for : 
2015-06-24 16:13:44,727 alpha = 0.4
2015-06-24 16:13:44,727 gamma = 0.1
2015-06-24 16:13:44,727 individual factor = 12
2015-06-24 16:13:44,727 zero range = 0.01
2015-06-24 16:13:44,727 greedy level = 10
2015-06-24 16:13:44,727 

2015-06-24 16:13:49,392 Starting Training from 2014-12-17 to 2015-01-01
2015-06-24 16:25:15,632 Starting Live from 2015-01-02 to 2015-02-01
2015-06-24 16:51:25,644 Starting Training from 2015-01-17 to 2015-02-01
2015-06-24 16:52:37,292 Starting Live from 2015-02-02 to 2015-03-04
2015-06-24 17:22:51,648 Starting Training from 2015-02-17 to 2015-03-04
2015-06-24 17:24:32,483 Starting Live from 2015-03-05 to 2015-04-04
2015-06-24 17:52:55,591 Starting Training from 2015-03-20 to 2015-04-04
2015-06-24 17:54:17,673 Starting Live from 2015-04-05 to 2015-04-10
2015-06-24 18:02:12,236 Starting Q Learning for : 
2015-06-24 18:02:12,236 alpha = 0.4
2015-06-24 18:02:12,236 gamma = 0.2
2015-06-24 18:02:12,236 individual factor = 12
2015-06-24 18:02:12,236 zero range = 0.01
2015-06-24 18:02:12,236 greedy level = 10
2015-06-24 18:02:12,236 

2015-06-24 18:02:16,946 Starting Training from 2014-12-17 to 2015-01-01
2015-06-24 18:13:10,417 Starting Live from 2015-01-02 to 2015-02-01
2015-06-24 18:38:42,494 Starting Training from 2015-01-17 to 2015-02-01
2015-06-24 18:40:00,469 Starting Live from 2015-02-02 to 2015-03-04
2015-06-24 19:09:29,651 Starting Training from 2015-02-17 to 2015-03-04
2015-06-24 19:11:13,622 Starting Live from 2015-03-05 to 2015-04-04
2015-06-24 19:37:55,671 Starting Training from 2015-03-20 to 2015-04-04
2015-06-24 19:39:31,400 Starting Live from 2015-04-05 to 2015-04-10
2015-06-24 19:47:27,887 Starting Q Learning for : 
2015-06-24 19:47:27,887 alpha = 0.2
2015-06-24 19:47:27,887 gamma = 0.1
2015-06-24 19:47:27,887 individual factor = 12
2015-06-24 19:47:27,887 zero range = 0.01
2015-06-24 19:47:27,887 greedy level = 10
2015-06-24 19:47:27,887 

2015-06-24 19:47:33,463 Starting Training from 2014-12-17 to 2015-01-01
2015-06-24 19:57:51,720 Starting Live from 2015-01-02 to 2015-02-01
2015-06-24 20:23:06,930 Starting Training from 2015-01-17 to 2015-02-01
2015-06-24 20:24:46,145 Starting Live from 2015-02-02 to 2015-03-04
2015-06-24 20:53:28,298 Starting Training from 2015-02-17 to 2015-03-04
2015-06-24 20:55:07,490 Starting Live from 2015-03-05 to 2015-04-04
2015-06-24 21:22:02,529 Starting Training from 2015-03-20 to 2015-04-04
2015-06-24 21:23:16,388 Starting Live from 2015-04-05 to 2015-04-10
2015-06-24 21:30:57,065 Starting Q Learning for : 
2015-06-24 21:30:57,065 alpha = 0.2
2015-06-24 21:30:57,065 gamma = 0.2
2015-06-24 21:30:57,065 individual factor = 12
2015-06-24 21:30:57,065 zero range = 0.01
2015-06-24 21:30:57,065 greedy level = 10
2015-06-24 21:30:57,065 

2015-06-24 21:31:03,371 Starting Training from 2014-12-17 to 2015-01-01
2015-06-24 21:40:45,197 Starting Live from 2015-01-02 to 2015-02-01
2015-06-24 22:05:04,733 Starting Training from 2015-01-17 to 2015-02-01
2015-06-24 22:06:16,270 Starting Live from 2015-02-02 to 2015-03-04
2015-06-24 22:34:18,269 Starting Training from 2015-02-17 to 2015-03-04
2015-06-24 22:36:22,017 Starting Live from 2015-03-05 to 2015-04-04
2015-06-24 23:01:46,898 Starting Training from 2015-03-20 to 2015-04-04
2015-06-24 23:03:04,826 Starting Live from 2015-04-05 to 2015-04-10
2015-06-24 23:10:03,019 Starting Q Learning for : 
2015-06-24 23:10:03,019 alpha = 0.2
2015-06-24 23:10:03,019 gamma = 0.3
2015-06-24 23:10:03,019 individual factor = 12
2015-06-24 23:10:03,019 zero range = 0.01
2015-06-24 23:10:03,019 greedy level = 10
2015-06-24 23:10:03,019 

2015-06-24 23:10:09,282 Starting Training from 2014-12-17 to 2015-01-01
2015-06-24 23:20:20,036 Starting Live from 2015-01-02 to 2015-02-01
2015-06-24 23:45:05,526 Starting Training from 2015-01-17 to 2015-02-01
2015-06-24 23:46:15,799 Starting Live from 2015-02-02 to 2015-03-04
2015-06-25 00:14:19,443 Starting Training from 2015-02-17 to 2015-03-04
2015-06-25 00:16:02,282 Starting Live from 2015-03-05 to 2015-04-04
2015-06-25 00:41:31,121 Starting Training from 2015-03-20 to 2015-04-04
2015-06-25 00:42:47,368 Starting Live from 2015-04-05 to 2015-04-10
2015-06-25 00:50:50,140 Starting Q Learning for : 
2015-06-25 00:50:50,141 alpha = 0.2
2015-06-25 00:50:50,141 gamma = 0.4
2015-06-25 00:50:50,141 individual factor = 12
2015-06-25 00:50:50,141 zero range = 0.01
2015-06-25 00:50:50,141 greedy level = 10
2015-06-25 00:50:50,141 

2015-06-25 00:50:57,743 Starting Training from 2014-12-17 to 2015-01-01
2015-06-25 01:00:17,217 Starting Live from 2015-01-02 to 2015-02-01
2015-06-25 01:23:14,351 Starting Training from 2015-01-17 to 2015-02-01
2015-06-25 01:24:20,385 Starting Live from 2015-02-02 to 2015-03-04
2015-06-25 01:51:24,200 Starting Training from 2015-02-17 to 2015-03-04
2015-06-25 01:53:13,871 Starting Live from 2015-03-05 to 2015-04-04
2015-06-25 02:17:22,655 Starting Training from 2015-03-20 to 2015-04-04
2015-06-25 02:18:40,095 Starting Live from 2015-04-05 to 2015-04-10
2015-06-25 02:25:42,799 Starting Q Learning for : 
2015-06-25 02:25:42,799 alpha = 0.2
2015-06-25 02:25:42,799 gamma = 0.5
2015-06-25 02:25:42,799 individual factor = 12
2015-06-25 02:25:42,799 zero range = 0.01
2015-06-25 02:25:42,799 greedy level = 10
2015-06-25 02:25:42,799 

2015-06-25 02:25:50,486 Starting Training from 2014-12-17 to 2015-01-01
2015-06-25 02:35:25,467 Starting Live from 2015-01-02 to 2015-02-01
2015-06-25 02:58:07,854 Starting Training from 2015-01-17 to 2015-02-01
2015-06-25 02:59:24,790 Starting Live from 2015-02-02 to 2015-03-04
2015-06-25 03:25:34,378 Starting Training from 2015-02-17 to 2015-03-04
2015-06-25 03:27:04,780 Starting Live from 2015-03-05 to 2015-04-04
2015-06-25 03:50:50,512 Starting Training from 2015-03-20 to 2015-04-04
2015-06-25 03:52:02,915 Starting Live from 2015-04-05 to 2015-04-10
2015-06-25 03:58:41,973 Starting Q Learning for : 
2015-06-25 03:58:41,973 alpha = 0.2
2015-06-25 03:58:41,974 gamma = 0.6
2015-06-25 03:58:41,974 individual factor = 12
2015-06-25 03:58:41,974 zero range = 0.01
2015-06-25 03:58:41,974 greedy level = 10
2015-06-25 03:58:41,974 

2015-06-25 03:58:47,608 Starting Training from 2014-12-17 to 2015-01-01
2015-06-25 04:08:25,779 Starting Live from 2015-01-02 to 2015-02-01
2015-06-25 04:30:50,937 Starting Training from 2015-01-17 to 2015-02-01
2015-06-25 04:31:59,505 Starting Live from 2015-02-02 to 2015-03-04
2015-06-25 04:58:14,671 Starting Training from 2015-02-17 to 2015-03-04
2015-06-25 04:59:43,323 Starting Live from 2015-03-05 to 2015-04-04
2015-06-25 05:23:47,446 Starting Training from 2015-03-20 to 2015-04-04
2015-06-25 05:24:59,335 Starting Live from 2015-04-05 to 2015-04-10
