2015-06-24 01:21:20,581 Starting Q Learning for : 
2015-06-24 01:21:20,581 alpha = 0.5
2015-06-24 01:21:20,581 gamma = 0.1
2015-06-24 01:21:20,581 individual factor = 12
2015-06-24 01:21:20,581 zero range = 0.01
2015-06-24 01:21:20,581 greedy level = 10
2015-06-24 01:21:20,582 

2015-06-24 01:21:29,213 Starting Training from 2014-12-17 to 2015-01-01
2015-06-24 01:32:48,555 Starting Live from 2015-01-02 to 2015-02-01
2015-06-24 02:01:42,377 Starting Training from 2015-01-17 to 2015-02-01
2015-06-24 02:03:16,519 Starting Live from 2015-02-02 to 2015-03-04
2015-06-24 02:29:47,816 Starting Training from 2015-02-17 to 2015-03-04
2015-06-24 02:31:39,448 Starting Live from 2015-03-05 to 2015-04-04
2015-06-24 02:58:44,911 Starting Training from 2015-03-20 to 2015-04-04
2015-06-24 02:59:47,055 Starting Live from 2015-04-05 to 2015-04-10
2015-06-24 03:07:00,555 Starting Q Learning for : 
2015-06-24 03:07:00,555 alpha = 0.5
2015-06-24 03:07:00,555 gamma = 0.2
2015-06-24 03:07:00,555 individual factor = 12
2015-06-24 03:07:00,555 zero range = 0.01
2015-06-24 03:07:00,555 greedy level = 10
2015-06-24 03:07:00,555 

2015-06-24 03:07:07,471 Starting Training from 2014-12-17 to 2015-01-01
2015-06-24 03:17:54,302 Starting Live from 2015-01-02 to 2015-02-01
2015-06-24 03:44:34,236 Starting Training from 2015-01-17 to 2015-02-01
2015-06-24 03:46:05,289 Starting Live from 2015-02-02 to 2015-03-04
2015-06-24 04:10:49,516 Starting Training from 2015-02-17 to 2015-03-04
2015-06-24 04:13:33,565 Starting Live from 2015-03-05 to 2015-04-04
2015-06-24 04:37:26,131 Starting Training from 2015-03-20 to 2015-04-04
2015-06-24 04:38:30,267 Starting Live from 2015-04-05 to 2015-04-10
2015-06-24 04:45:18,239 Starting Q Learning for : 
2015-06-24 04:45:18,239 alpha = 0.5
2015-06-24 04:45:18,240 gamma = 0.3
2015-06-24 04:45:18,240 individual factor = 12
2015-06-24 04:45:18,240 zero range = 0.01
2015-06-24 04:45:18,240 greedy level = 10
2015-06-24 04:45:18,240 

2015-06-24 04:45:22,944 Starting Training from 2014-12-17 to 2015-01-01
2015-06-24 04:56:15,878 Starting Live from 2015-01-02 to 2015-02-01
2015-06-24 05:22:52,779 Starting Training from 2015-01-17 to 2015-02-01
2015-06-24 05:24:34,382 Starting Live from 2015-02-02 to 2015-03-04
2015-06-24 05:49:59,335 Starting Training from 2015-02-17 to 2015-03-04
2015-06-24 05:51:57,438 Starting Live from 2015-03-05 to 2015-04-04
2015-06-24 06:17:56,414 Starting Training from 2015-03-20 to 2015-04-04
2015-06-24 06:19:19,753 Starting Live from 2015-04-05 to 2015-04-10
2015-06-24 06:26:48,980 Starting Q Learning for : 
2015-06-24 06:26:48,980 alpha = 0.5
2015-06-24 06:26:48,980 gamma = 0.4
2015-06-24 06:26:48,980 individual factor = 12
2015-06-24 06:26:48,980 zero range = 0.01
2015-06-24 06:26:48,980 greedy level = 10
2015-06-24 06:26:48,980 

2015-06-24 06:26:54,191 Starting Training from 2014-12-17 to 2015-01-01
2015-06-24 06:37:01,767 Starting Live from 2015-01-02 to 2015-02-01
2015-06-24 07:04:52,351 Starting Training from 2015-01-17 to 2015-02-01
2015-06-24 07:06:20,917 Starting Live from 2015-02-02 to 2015-03-04
2015-06-24 07:31:01,744 Starting Training from 2015-02-17 to 2015-03-04
2015-06-24 07:33:07,279 Starting Live from 2015-03-05 to 2015-04-04
2015-06-24 07:56:58,098 Starting Training from 2015-03-20 to 2015-04-04
2015-06-24 07:58:02,408 Starting Live from 2015-04-05 to 2015-04-10
2015-06-24 08:05:24,407 Starting Q Learning for : 
2015-06-24 08:05:24,407 alpha = 0.5
2015-06-24 08:05:24,407 gamma = 0.5
2015-06-24 08:05:24,407 individual factor = 12
2015-06-24 08:05:24,407 zero range = 0.01
2015-06-24 08:05:24,407 greedy level = 10
2015-06-24 08:05:24,407 

2015-06-24 08:05:32,244 Starting Training from 2014-12-17 to 2015-01-01
2015-06-24 08:15:49,232 Starting Live from 2015-01-02 to 2015-02-01
2015-06-24 08:42:06,601 Starting Training from 2015-01-17 to 2015-02-01
2015-06-24 08:43:36,338 Starting Live from 2015-02-02 to 2015-03-04
2015-06-24 09:08:38,040 Starting Training from 2015-02-17 to 2015-03-04
2015-06-24 09:10:46,220 Starting Live from 2015-03-05 to 2015-04-04
2015-06-24 09:35:50,019 Starting Training from 2015-03-20 to 2015-04-04
2015-06-24 09:36:50,125 Starting Live from 2015-04-05 to 2015-04-10
2015-06-24 09:43:55,132 Starting Q Learning for : 
2015-06-24 09:43:55,132 alpha = 0.5
2015-06-24 09:43:55,132 gamma = 0.6
2015-06-24 09:43:55,134 individual factor = 12
2015-06-24 09:43:55,134 zero range = 0.01
2015-06-24 09:43:55,134 greedy level = 10
2015-06-24 09:43:55,134 

2015-06-24 09:44:01,305 Starting Training from 2014-12-17 to 2015-01-01
2015-06-24 09:54:44,471 Starting Live from 2015-01-02 to 2015-02-01
2015-06-24 10:21:13,292 Starting Training from 2015-01-17 to 2015-02-01
2015-06-24 10:22:42,305 Starting Live from 2015-02-02 to 2015-03-04
2015-06-24 10:46:24,198 Starting Training from 2015-02-17 to 2015-03-04
2015-06-24 10:48:20,594 Starting Live from 2015-03-05 to 2015-04-04
2015-06-24 11:11:47,993 Starting Training from 2015-03-20 to 2015-04-04
2015-06-24 11:12:48,438 Starting Live from 2015-04-05 to 2015-04-10
2015-06-24 11:20:25,552 Starting Q Learning for : 
2015-06-24 11:20:25,552 alpha = 0.4
2015-06-24 11:20:25,552 gamma = 0.3
2015-06-24 11:20:25,552 individual factor = 12
2015-06-24 11:20:25,552 zero range = 0.01
2015-06-24 11:20:25,552 greedy level = 10
2015-06-24 11:20:25,552 

2015-06-24 11:20:30,703 Starting Training from 2014-12-17 to 2015-01-01
2015-06-24 11:30:41,007 Starting Live from 2015-01-02 to 2015-02-01
2015-06-24 11:58:45,375 Starting Training from 2015-01-17 to 2015-02-01
2015-06-24 12:00:22,447 Starting Live from 2015-02-02 to 2015-03-04
2015-06-24 12:26:08,219 Starting Training from 2015-02-17 to 2015-03-04
2015-06-24 12:27:52,246 Starting Live from 2015-03-05 to 2015-04-04
2015-06-24 12:55:56,707 Starting Training from 2015-03-20 to 2015-04-04
2015-06-24 12:57:04,233 Starting Live from 2015-04-05 to 2015-04-10
2015-06-24 13:05:41,417 Starting Q Learning for : 
2015-06-24 13:05:41,417 alpha = 0.4
2015-06-24 13:05:41,417 gamma = 0.4
2015-06-24 13:05:41,417 individual factor = 12
2015-06-24 13:05:41,417 zero range = 0.01
2015-06-24 13:05:41,417 greedy level = 10
2015-06-24 13:05:41,417 

2015-06-24 13:05:47,052 Starting Training from 2014-12-17 to 2015-01-01
2015-06-24 13:17:22,895 Starting Live from 2015-01-02 to 2015-02-01
2015-06-24 13:48:27,081 Starting Training from 2015-01-17 to 2015-02-01
2015-06-24 13:50:07,693 Starting Live from 2015-02-02 to 2015-03-04
2015-06-24 14:18:45,381 Starting Training from 2015-02-17 to 2015-03-04
2015-06-24 14:20:44,375 Starting Live from 2015-03-05 to 2015-04-04
2015-06-24 14:48:00,463 Starting Training from 2015-03-20 to 2015-04-04
2015-06-24 14:49:10,426 Starting Live from 2015-04-05 to 2015-04-10
2015-06-24 14:58:01,661 Starting Q Learning for : 
2015-06-24 14:58:01,661 alpha = 0.4
2015-06-24 14:58:01,661 gamma = 0.5
2015-06-24 14:58:01,661 individual factor = 12
2015-06-24 14:58:01,661 zero range = 0.01
2015-06-24 14:58:01,661 greedy level = 10
2015-06-24 14:58:01,661 

2015-06-24 14:58:08,568 Starting Training from 2014-12-17 to 2015-01-01
2015-06-24 15:10:06,249 Starting Live from 2015-01-02 to 2015-02-01
2015-06-24 15:41:06,473 Starting Training from 2015-01-17 to 2015-02-01
2015-06-24 15:42:46,513 Starting Live from 2015-02-02 to 2015-03-04
2015-06-24 16:10:47,357 Starting Training from 2015-02-17 to 2015-03-04
2015-06-24 16:12:55,980 Starting Live from 2015-03-05 to 2015-04-04
2015-06-24 16:40:39,322 Starting Training from 2015-03-20 to 2015-04-04
2015-06-24 16:42:08,956 Starting Live from 2015-04-05 to 2015-04-10
2015-06-24 16:50:48,773 Starting Q Learning for : 
2015-06-24 16:50:48,773 alpha = 0.4
2015-06-24 16:50:48,773 gamma = 0.6
2015-06-24 16:50:48,773 individual factor = 12
2015-06-24 16:50:48,773 zero range = 0.01
2015-06-24 16:50:48,773 greedy level = 10
2015-06-24 16:50:48,773 

2015-06-24 16:50:54,229 Starting Training from 2014-12-17 to 2015-01-01
2015-06-24 17:02:34,539 Starting Live from 2015-01-02 to 2015-02-01
2015-06-24 17:33:47,927 Starting Training from 2015-01-17 to 2015-02-01
2015-06-24 17:35:28,173 Starting Live from 2015-02-02 to 2015-03-04
2015-06-24 18:02:53,161 Starting Training from 2015-02-17 to 2015-03-04
2015-06-24 18:04:56,621 Starting Live from 2015-03-05 to 2015-04-04
2015-06-24 18:32:02,642 Starting Training from 2015-03-20 to 2015-04-04
2015-06-24 18:33:32,563 Starting Live from 2015-04-05 to 2015-04-10
2015-06-24 18:41:46,963 Starting Q Learning for : 
2015-06-24 18:41:46,963 alpha = 0.4
2015-06-24 18:41:46,963 gamma = 0.7
2015-06-24 18:41:46,964 individual factor = 12
2015-06-24 18:41:46,964 zero range = 0.01
2015-06-24 18:41:46,964 greedy level = 10
2015-06-24 18:41:46,964 

2015-06-24 18:41:53,303 Starting Training from 2014-12-17 to 2015-01-01
2015-06-24 18:53:24,219 Starting Live from 2015-01-02 to 2015-02-01
2015-06-24 19:17:21,331 Starting Training from 2015-01-17 to 2015-02-01
2015-06-24 19:19:24,615 Starting Live from 2015-02-02 to 2015-03-04
2015-06-24 19:30:00,572 Starting Training from 2015-02-17 to 2015-03-04
2015-06-24 19:37:49,660 Starting Live from 2015-03-05 to 2015-04-04
2015-06-24 19:57:05,624 Starting Training from 2015-03-20 to 2015-04-04
2015-06-24 19:59:46,809 Starting Live from 2015-04-05 to 2015-04-10
2015-06-24 20:05:42,724 Starting Q Learning for : 
2015-06-24 20:05:42,726 alpha = 0.4
2015-06-24 20:05:42,726 gamma = 0.8
2015-06-24 20:05:42,726 individual factor = 12
2015-06-24 20:05:42,726 zero range = 0.01
2015-06-24 20:05:42,726 greedy level = 10
2015-06-24 20:05:42,726 

2015-06-24 20:05:49,157 Starting Training from 2014-12-17 to 2015-01-01
2015-06-24 20:17:19,391 Starting Live from 2015-01-02 to 2015-02-01
2015-06-24 20:37:29,496 Starting Training from 2015-01-17 to 2015-02-01
2015-06-24 20:39:05,775 Starting Live from 2015-02-02 to 2015-03-04
2015-06-24 20:44:51,918 Starting Training from 2015-02-17 to 2015-03-04
2015-06-24 20:54:41,813 Starting Live from 2015-03-05 to 2015-04-04
2015-06-24 21:10:49,677 Starting Training from 2015-03-20 to 2015-04-04
2015-06-24 21:13:06,144 Starting Live from 2015-04-05 to 2015-04-10
2015-06-24 21:16:09,897 Starting Q Learning for : 
2015-06-24 21:16:09,897 alpha = 0.2
2015-06-24 21:16:09,897 gamma = 0.7
2015-06-24 21:16:09,898 individual factor = 12
2015-06-24 21:16:09,898 zero range = 0.01
2015-06-24 21:16:09,898 greedy level = 10
2015-06-24 21:16:09,898 

2015-06-24 21:16:16,058 Starting Training from 2014-12-17 to 2015-01-01
2015-06-24 21:27:19,410 Starting Live from 2015-01-02 to 2015-02-01
2015-06-24 21:49:09,500 Starting Training from 2015-01-17 to 2015-02-01
2015-06-24 21:51:00,500 Starting Live from 2015-02-02 to 2015-03-04
2015-06-24 22:01:09,072 Starting Training from 2015-02-17 to 2015-03-04
2015-06-24 22:08:41,039 Starting Live from 2015-03-05 to 2015-04-04
2015-06-24 22:27:03,631 Starting Training from 2015-03-20 to 2015-04-04
2015-06-24 22:29:22,111 Starting Live from 2015-04-05 to 2015-04-10
2015-06-24 22:34:31,305 Starting Q Learning for : 
2015-06-24 22:34:31,306 alpha = 0.2
2015-06-24 22:34:31,306 gamma = 0.8
2015-06-24 22:34:31,306 individual factor = 12
2015-06-24 22:34:31,306 zero range = 0.01
2015-06-24 22:34:31,306 greedy level = 10
2015-06-24 22:34:31,306 

2015-06-24 22:34:38,244 Starting Training from 2014-12-17 to 2015-01-01
2015-06-24 22:45:58,061 Starting Live from 2015-01-02 to 2015-02-01
2015-06-24 23:05:28,378 Starting Training from 2015-01-17 to 2015-02-01
2015-06-24 23:07:03,230 Starting Live from 2015-02-02 to 2015-03-04
2015-06-24 23:12:34,614 Starting Training from 2015-02-17 to 2015-03-04
2015-06-24 23:22:11,377 Starting Live from 2015-03-05 to 2015-04-04
2015-06-24 23:37:24,915 Starting Training from 2015-03-20 to 2015-04-04
2015-06-24 23:39:36,342 Starting Live from 2015-04-05 to 2015-04-10
2015-06-24 23:43:01,596 Starting Q Learning for : 
2015-06-24 23:43:01,598 alpha = 0.8
2015-06-24 23:43:01,598 gamma = 0.1
2015-06-24 23:43:01,598 individual factor = 12
2015-06-24 23:43:01,598 zero range = 0.01
2015-06-24 23:43:01,598 greedy level = 10
2015-06-24 23:43:01,598 

2015-06-24 23:43:08,789 Starting Training from 2014-12-17 to 2015-01-01
2015-06-24 23:54:05,746 Starting Live from 2015-01-02 to 2015-02-01
2015-06-25 00:23:09,392 Starting Training from 2015-01-17 to 2015-02-01
2015-06-25 00:25:19,145 Starting Live from 2015-02-02 to 2015-03-04
2015-06-25 00:51:25,394 Starting Training from 2015-02-17 to 2015-03-04
2015-06-25 00:53:06,072 Starting Live from 2015-03-05 to 2015-04-04
2015-06-25 01:17:37,713 Starting Training from 2015-03-20 to 2015-04-04
2015-06-25 01:18:40,391 Starting Live from 2015-04-05 to 2015-04-10
2015-06-25 01:25:47,155 Starting Q Learning for : 
2015-06-25 01:25:47,155 alpha = 0.8
2015-06-25 01:25:47,155 gamma = 0.2
2015-06-25 01:25:47,157 individual factor = 12
2015-06-25 01:25:47,157 zero range = 0.01
2015-06-25 01:25:47,157 greedy level = 10
2015-06-25 01:25:47,157 

2015-06-25 01:25:52,446 Starting Training from 2014-12-17 to 2015-01-01
2015-06-25 01:36:58,661 Starting Live from 2015-01-02 to 2015-02-01
2015-06-25 02:04:20,322 Starting Training from 2015-01-17 to 2015-02-01
2015-06-25 02:05:49,622 Starting Live from 2015-02-02 to 2015-03-04
2015-06-25 02:31:01,198 Starting Training from 2015-02-17 to 2015-03-04
2015-06-25 02:32:58,288 Starting Live from 2015-03-05 to 2015-04-04
2015-06-25 02:57:05,470 Starting Training from 2015-03-20 to 2015-04-04
2015-06-25 02:58:23,384 Starting Live from 2015-04-05 to 2015-04-10
2015-06-25 03:05:21,380 Starting Q Learning for : 
2015-06-25 03:05:21,380 alpha = 0.8
2015-06-25 03:05:21,380 gamma = 0.3
2015-06-25 03:05:21,380 individual factor = 12
2015-06-25 03:05:21,380 zero range = 0.01
2015-06-25 03:05:21,380 greedy level = 10
2015-06-25 03:05:21,380 

2015-06-25 03:05:26,898 Starting Training from 2014-12-17 to 2015-01-01
2015-06-25 03:15:30,084 Starting Live from 2015-01-02 to 2015-02-01
2015-06-25 03:42:56,292 Starting Training from 2015-01-17 to 2015-02-01
2015-06-25 03:44:29,265 Starting Live from 2015-02-02 to 2015-03-04
2015-06-25 04:08:24,440 Starting Training from 2015-02-17 to 2015-03-04
2015-06-25 04:10:28,490 Starting Live from 2015-03-05 to 2015-04-04
2015-06-25 04:34:41,819 Starting Training from 2015-03-20 to 2015-04-04
2015-06-25 04:35:44,484 Starting Live from 2015-04-05 to 2015-04-10
2015-06-25 04:42:47,188 Starting Q Learning for : 
2015-06-25 04:42:47,190 alpha = 0.8
2015-06-25 04:42:47,190 gamma = 0.4
2015-06-25 04:42:47,190 individual factor = 12
2015-06-25 04:42:47,190 zero range = 0.01
2015-06-25 04:42:47,190 greedy level = 10
2015-06-25 04:42:47,190 

2015-06-25 04:42:52,358 Starting Training from 2014-12-17 to 2015-01-01
2015-06-25 04:53:35,936 Starting Live from 2015-01-02 to 2015-02-01
2015-06-25 05:20:03,691 Starting Training from 2015-01-17 to 2015-02-01
2015-06-25 05:21:34,131 Starting Live from 2015-02-02 to 2015-03-04
2015-06-25 05:45:36,923 Starting Training from 2015-02-17 to 2015-03-04
2015-06-25 05:47:35,680 Starting Live from 2015-03-05 to 2015-04-04
2015-06-25 06:11:02,078 Starting Training from 2015-03-20 to 2015-04-04
2015-06-25 06:11:59,618 Starting Live from 2015-04-05 to 2015-04-10
2015-06-25 06:19:29,811 Starting Q Learning for : 
2015-06-25 06:19:29,811 alpha = 0.8
2015-06-25 06:19:29,811 gamma = 0.8
2015-06-25 06:19:29,811 individual factor = 12
2015-06-25 06:19:29,811 zero range = 0.006
2015-06-25 06:19:29,811 greedy level = 10
2015-06-25 06:19:29,811 

2015-06-25 06:19:31,803 Starting Training from 2014-12-17 to 2015-01-01
2015-06-25 06:29:35,700 Starting Live from 2015-01-02 to 2015-02-01
2015-06-25 06:47:34,322 Starting Training from 2015-01-17 to 2015-02-01
2015-06-25 06:48:59,424 Starting Live from 2015-02-02 to 2015-03-04
2015-06-25 06:54:04,588 Starting Training from 2015-02-17 to 2015-03-04
2015-06-25 07:02:56,897 Starting Live from 2015-03-05 to 2015-04-04
2015-06-25 07:16:35,249 Starting Training from 2015-03-20 to 2015-04-04
2015-06-25 07:18:26,125 Starting Live from 2015-04-05 to 2015-04-10
