2015-06-22 16:24:27,730 Starting Q Learning for : 
2015-06-22 16:24:27,730 alpha = 0.5
2015-06-22 16:24:27,730 gamma = 0.1
2015-06-22 16:24:27,730 individual factor = 12
2015-06-22 16:24:27,730 zero range = 0.006
2015-06-22 16:24:27,730 greedy level = 10
2015-06-22 16:24:27,730 

2015-06-22 16:24:30,167 Starting Training from 2014-12-17 to 2015-01-01
2015-06-22 16:35:23,467 Starting Live from 2015-01-02 to 2015-02-01
2015-06-22 17:04:54,832 Starting Training from 2015-01-17 to 2015-02-01
2015-06-22 17:06:49,687 Starting Live from 2015-02-02 to 2015-03-04
2015-06-22 17:33:12,983 Starting Training from 2015-02-17 to 2015-03-04
2015-06-22 17:35:00,750 Starting Live from 2015-03-05 to 2015-04-04
2015-06-22 18:00:28,680 Starting Training from 2015-03-20 to 2015-04-04
2015-06-22 18:01:31,868 Starting Live from 2015-04-05 to 2015-04-10
2015-06-22 18:08:42,726 Starting Q Learning for : 
2015-06-22 18:08:42,726 alpha = 0.5
2015-06-22 18:08:42,726 gamma = 0.2
2015-06-22 18:08:42,726 individual factor = 12
2015-06-22 18:08:42,726 zero range = 0.006
2015-06-22 18:08:42,726 greedy level = 10
2015-06-22 18:08:42,726 

2015-06-22 18:08:46,599 Starting Training from 2014-12-17 to 2015-01-01
2015-06-22 18:20:10,437 Starting Live from 2015-01-02 to 2015-02-01
2015-06-22 18:48:05,619 Starting Training from 2015-01-17 to 2015-02-01
2015-06-22 18:49:41,733 Starting Live from 2015-02-02 to 2015-03-04
2015-06-22 19:14:59,818 Starting Training from 2015-02-17 to 2015-03-04
2015-06-22 19:16:42,309 Starting Live from 2015-03-05 to 2015-04-04
2015-06-22 19:41:30,973 Starting Training from 2015-03-20 to 2015-04-04
2015-06-22 19:42:56,369 Starting Live from 2015-04-05 to 2015-04-10
2015-06-22 19:50:09,375 Starting Q Learning for : 
2015-06-22 19:50:09,375 alpha = 0.5
2015-06-22 19:50:09,375 gamma = 0.3
2015-06-22 19:50:09,375 individual factor = 12
2015-06-22 19:50:09,375 zero range = 0.006
2015-06-22 19:50:09,375 greedy level = 10
2015-06-22 19:50:09,375 

2015-06-22 19:50:12,451 Starting Training from 2014-12-17 to 2015-01-01
2015-06-22 20:01:40,078 Starting Live from 2015-01-02 to 2015-02-01
2015-06-22 20:31:17,937 Starting Training from 2015-01-17 to 2015-02-01
2015-06-22 20:32:50,443 Starting Live from 2015-02-02 to 2015-03-04
2015-06-22 20:58:44,131 Starting Training from 2015-02-17 to 2015-03-04
2015-06-22 21:00:31,924 Starting Live from 2015-03-05 to 2015-04-04
2015-06-22 21:26:19,799 Starting Training from 2015-03-20 to 2015-04-04
2015-06-22 21:27:43,503 Starting Live from 2015-04-05 to 2015-04-10
2015-06-22 21:35:08,151 Starting Q Learning for : 
2015-06-22 21:35:08,151 alpha = 0.5
2015-06-22 21:35:08,151 gamma = 0.4
2015-06-22 21:35:08,151 individual factor = 12
2015-06-22 21:35:08,151 zero range = 0.006
2015-06-22 21:35:08,153 greedy level = 10
2015-06-22 21:35:08,153 

2015-06-22 21:35:11,394 Starting Training from 2014-12-17 to 2015-01-01
2015-06-22 21:45:40,230 Starting Live from 2015-01-02 to 2015-02-01
2015-06-22 22:14:08,397 Starting Training from 2015-01-17 to 2015-02-01
2015-06-22 22:15:45,604 Starting Live from 2015-02-02 to 2015-03-04
2015-06-22 22:42:41,621 Starting Training from 2015-02-17 to 2015-03-04
2015-06-22 22:44:23,727 Starting Live from 2015-03-05 to 2015-04-04
2015-06-22 23:08:37,674 Starting Training from 2015-03-20 to 2015-04-04
2015-06-22 23:09:43,630 Starting Live from 2015-04-05 to 2015-04-10
2015-06-22 23:17:30,009 Starting Q Learning for : 
2015-06-22 23:17:30,009 alpha = 0.5
2015-06-22 23:17:30,009 gamma = 0.5
2015-06-22 23:17:30,009 individual factor = 12
2015-06-22 23:17:30,009 zero range = 0.006
2015-06-22 23:17:30,009 greedy level = 10
2015-06-22 23:17:30,009 

2015-06-22 23:17:36,109 Starting Training from 2014-12-17 to 2015-01-01
2015-06-22 23:27:39,131 Starting Live from 2015-01-02 to 2015-02-01
2015-06-22 23:54:47,793 Starting Training from 2015-01-17 to 2015-02-01
2015-06-22 23:56:41,200 Starting Live from 2015-02-02 to 2015-03-04
2015-06-23 00:21:06,358 Starting Training from 2015-02-17 to 2015-03-04
2015-06-23 00:23:03,424 Starting Live from 2015-03-05 to 2015-04-04
2015-06-23 00:47:48,022 Starting Training from 2015-03-20 to 2015-04-04
2015-06-23 00:48:53,901 Starting Live from 2015-04-05 to 2015-04-10
2015-06-23 00:56:02,380 Starting Q Learning for : 
2015-06-23 00:56:02,380 alpha = 0.5
2015-06-23 00:56:02,380 gamma = 0.6
2015-06-23 00:56:02,380 individual factor = 12
2015-06-23 00:56:02,380 zero range = 0.006
2015-06-23 00:56:02,380 greedy level = 10
2015-06-23 00:56:02,380 

2015-06-23 00:56:06,122 Starting Training from 2014-12-17 to 2015-01-01
2015-06-23 01:06:55,923 Starting Live from 2015-01-02 to 2015-02-01
2015-06-23 01:34:02,244 Starting Training from 2015-01-17 to 2015-02-01
2015-06-23 01:35:41,767 Starting Live from 2015-02-02 to 2015-03-04
2015-06-23 02:01:01,907 Starting Training from 2015-02-17 to 2015-03-04
2015-06-23 02:03:19,641 Starting Live from 2015-03-05 to 2015-04-04
2015-06-23 02:26:53,250 Starting Training from 2015-03-20 to 2015-04-04
2015-06-23 02:27:58,710 Starting Live from 2015-04-05 to 2015-04-10
2015-06-23 02:34:56,073 Starting Q Learning for : 
2015-06-23 02:34:56,073 alpha = 0.5
2015-06-23 02:34:56,073 gamma = 0.7
2015-06-23 02:34:56,073 individual factor = 12
2015-06-23 02:34:56,073 zero range = 0.006
2015-06-23 02:34:56,073 greedy level = 10
2015-06-23 02:34:56,073 

2015-06-23 02:34:58,556 Starting Training from 2014-12-17 to 2015-01-01
2015-06-23 02:45:51,415 Starting Live from 2015-01-02 to 2015-02-01
2015-06-23 03:06:24,122 Starting Training from 2015-01-17 to 2015-02-01
2015-06-23 03:07:58,500 Starting Live from 2015-02-02 to 2015-03-04
2015-06-23 03:17:11,766 Starting Training from 2015-02-17 to 2015-03-04
2015-06-23 03:24:22,900 Starting Live from 2015-03-05 to 2015-04-04
2015-06-23 03:41:34,463 Starting Training from 2015-03-20 to 2015-04-04
2015-06-23 03:43:47,342 Starting Live from 2015-04-05 to 2015-04-10
2015-06-23 03:48:23,282 Starting Q Learning for : 
2015-06-23 03:48:23,282 alpha = 0.5
2015-06-23 03:48:23,282 gamma = 0.8
2015-06-23 03:48:23,282 individual factor = 12
2015-06-23 03:48:23,282 zero range = 0.006
2015-06-23 03:48:23,282 greedy level = 10
2015-06-23 03:48:23,282 

2015-06-23 03:48:26,961 Starting Training from 2014-12-17 to 2015-01-01
2015-06-23 03:58:53,650 Starting Live from 2015-01-02 to 2015-02-01
2015-06-23 04:17:24,046 Starting Training from 2015-01-17 to 2015-02-01
2015-06-23 04:18:54,026 Starting Live from 2015-02-02 to 2015-03-04
2015-06-23 04:24:05,038 Starting Training from 2015-02-17 to 2015-03-04
2015-06-23 04:33:18,486 Starting Live from 2015-03-05 to 2015-04-04
2015-06-23 04:46:56,609 Starting Training from 2015-03-20 to 2015-04-04
2015-06-23 04:48:46,930 Starting Live from 2015-04-05 to 2015-04-10
2015-06-23 04:51:48,286 Starting Q Learning for : 
2015-06-23 04:51:48,286 alpha = 0.6
2015-06-23 04:51:48,286 gamma = 0.1
2015-06-23 04:51:48,286 individual factor = 12
2015-06-23 04:51:48,286 zero range = 0.006
2015-06-23 04:51:48,286 greedy level = 10
2015-06-23 04:51:48,286 

2015-06-23 04:51:55,355 Starting Training from 2014-12-17 to 2015-01-01
2015-06-23 05:02:26,224 Starting Live from 2015-01-02 to 2015-02-01
2015-06-23 05:29:13,413 Starting Training from 2015-01-17 to 2015-02-01
2015-06-23 05:30:43,615 Starting Live from 2015-02-02 to 2015-03-04
2015-06-23 05:56:04,161 Starting Training from 2015-02-17 to 2015-03-04
2015-06-23 05:58:10,709 Starting Live from 2015-03-05 to 2015-04-04
2015-06-23 06:21:47,976 Starting Training from 2015-03-20 to 2015-04-04
2015-06-23 06:22:52,733 Starting Live from 2015-04-05 to 2015-04-10
2015-06-23 06:29:51,839 Starting Q Learning for : 
2015-06-23 06:29:51,841 alpha = 0.6
2015-06-23 06:29:51,841 gamma = 0.2
2015-06-23 06:29:51,841 individual factor = 12
2015-06-23 06:29:51,841 zero range = 0.006
2015-06-23 06:29:51,841 greedy level = 10
2015-06-23 06:29:51,841 

2015-06-23 06:29:57,532 Starting Training from 2014-12-17 to 2015-01-01
2015-06-23 06:41:03,078 Starting Live from 2015-01-02 to 2015-02-01
2015-06-23 07:07:51,621 Starting Training from 2015-01-17 to 2015-02-01
2015-06-23 07:09:20,066 Starting Live from 2015-02-02 to 2015-03-04
2015-06-23 07:33:59,460 Starting Training from 2015-02-17 to 2015-03-04
2015-06-23 07:35:45,361 Starting Live from 2015-03-05 to 2015-04-04
2015-06-23 08:00:30,891 Starting Training from 2015-03-20 to 2015-04-04
2015-06-23 08:01:38,757 Starting Live from 2015-04-05 to 2015-04-10
2015-06-23 08:09:26,260 Starting Q Learning for : 
2015-06-23 08:09:26,260 alpha = 0.4
2015-06-23 08:09:26,262 gamma = 0.5
2015-06-23 08:09:26,262 individual factor = 12
2015-06-23 08:09:26,262 zero range = 0.006
2015-06-23 08:09:26,262 greedy level = 10
2015-06-23 08:09:26,262 

2015-06-23 08:09:31,173 Starting Training from 2014-12-17 to 2015-01-01
2015-06-23 08:19:50,213 Starting Live from 2015-01-02 to 2015-02-01
2015-06-23 08:47:35,505 Starting Training from 2015-01-17 to 2015-02-01
2015-06-23 08:49:07,959 Starting Live from 2015-02-02 to 2015-03-04
2015-06-23 09:13:38,760 Starting Training from 2015-02-17 to 2015-03-04
2015-06-23 09:15:22,703 Starting Live from 2015-03-05 to 2015-04-04
2015-06-23 09:39:01,401 Starting Training from 2015-03-20 to 2015-04-04
2015-06-23 09:40:02,996 Starting Live from 2015-04-05 to 2015-04-10
2015-06-23 09:46:54,196 Starting Q Learning for : 
2015-06-23 09:46:54,196 alpha = 0.4
2015-06-23 09:46:54,196 gamma = 0.6
2015-06-23 09:46:54,196 individual factor = 12
2015-06-23 09:46:54,196 zero range = 0.006
2015-06-23 09:46:54,197 greedy level = 10
2015-06-23 09:46:54,197 

2015-06-23 09:47:00,048 Starting Training from 2014-12-17 to 2015-01-01
2015-06-23 09:57:44,842 Starting Live from 2015-01-02 to 2015-02-01
2015-06-23 10:24:57,121 Starting Training from 2015-01-17 to 2015-02-01
2015-06-23 10:26:28,500 Starting Live from 2015-02-02 to 2015-03-04
2015-06-23 10:53:15,351 Starting Training from 2015-02-17 to 2015-03-04
2015-06-23 10:55:18,299 Starting Live from 2015-03-05 to 2015-04-04
2015-06-23 11:25:08,674 Starting Training from 2015-03-20 to 2015-04-04
2015-06-23 11:26:11,138 Starting Live from 2015-04-05 to 2015-04-10
2015-06-23 11:33:43,375 Starting Q Learning for : 
2015-06-23 11:33:43,375 alpha = 0.4
2015-06-23 11:33:43,375 gamma = 0.7
2015-06-23 11:33:43,375 individual factor = 12
2015-06-23 11:33:43,375 zero range = 0.006
2015-06-23 11:33:43,375 greedy level = 10
2015-06-23 11:33:43,375 

2015-06-23 11:33:49,288 Starting Training from 2014-12-17 to 2015-01-01
2015-06-23 11:44:48,538 Starting Live from 2015-01-02 to 2015-02-01
2015-06-23 12:05:48,105 Starting Training from 2015-01-17 to 2015-02-01
2015-06-23 12:07:17,153 Starting Live from 2015-02-02 to 2015-03-04
2015-06-23 12:17:45,351 Starting Training from 2015-02-17 to 2015-03-04
2015-06-23 12:25:50,601 Starting Live from 2015-03-05 to 2015-04-04
2015-06-23 12:44:19,911 Starting Training from 2015-03-20 to 2015-04-04
2015-06-23 12:47:00,756 Starting Live from 2015-04-05 to 2015-04-10
2015-06-23 12:52:40,862 Starting Q Learning for : 
2015-06-23 12:52:40,862 alpha = 0.4
2015-06-23 12:52:40,862 gamma = 0.8
2015-06-23 12:52:40,864 individual factor = 12
2015-06-23 12:52:40,864 zero range = 0.006
2015-06-23 12:52:40,864 greedy level = 10
2015-06-23 12:52:40,864 

2015-06-23 12:52:46,266 Starting Training from 2014-12-17 to 2015-01-01
2015-06-23 13:04:35,631 Starting Live from 2015-01-02 to 2015-02-01
2015-06-23 13:24:09,170 Starting Training from 2015-01-17 to 2015-02-01
2015-06-23 13:26:12,565 Starting Live from 2015-02-02 to 2015-03-04
2015-06-23 13:32:03,614 Starting Training from 2015-02-17 to 2015-03-04
2015-06-23 13:41:26,644 Starting Live from 2015-03-05 to 2015-04-04
2015-06-23 13:57:38,674 Starting Training from 2015-03-20 to 2015-04-04
2015-06-23 13:59:43,632 Starting Live from 2015-04-05 to 2015-04-10
2015-06-23 14:02:29,401 Starting Q Learning for : 
2015-06-23 14:02:29,401 alpha = 0.2
2015-06-23 14:02:29,401 gamma = 0.1
2015-06-23 14:02:29,401 individual factor = 12
2015-06-23 14:02:29,401 zero range = 0.006
2015-06-23 14:02:29,403 greedy level = 10
2015-06-23 14:02:29,403 

2015-06-23 14:02:34,763 Starting Training from 2014-12-17 to 2015-01-01
2015-06-23 14:14:49,720 Starting Live from 2015-01-02 to 2015-02-01
2015-06-23 14:45:30,124 Starting Training from 2015-01-17 to 2015-02-01
2015-06-23 14:47:08,421 Starting Live from 2015-02-02 to 2015-03-04
2015-06-23 15:14:41,756 Starting Training from 2015-02-17 to 2015-03-04
2015-06-23 15:17:08,249 Starting Live from 2015-03-05 to 2015-04-04
2015-06-23 15:43:20,144 Starting Training from 2015-03-20 to 2015-04-04
2015-06-23 15:44:29,891 Starting Live from 2015-04-05 to 2015-04-10
2015-06-23 15:52:22,849 Starting Q Learning for : 
2015-06-23 15:52:22,849 alpha = 0.2
2015-06-23 15:52:22,849 gamma = 0.2
2015-06-23 15:52:22,849 individual factor = 12
2015-06-23 15:52:22,851 zero range = 0.006
2015-06-23 15:52:22,851 greedy level = 10
2015-06-23 15:52:22,851 

2015-06-23 15:52:28,270 Starting Training from 2014-12-17 to 2015-01-01
2015-06-23 16:04:37,868 Starting Live from 2015-01-02 to 2015-02-01
2015-06-23 16:34:28,190 Starting Training from 2015-01-17 to 2015-02-01
2015-06-23 16:36:04,055 Starting Live from 2015-02-02 to 2015-03-04
2015-06-23 17:03:19,390 Starting Training from 2015-02-17 to 2015-03-04
2015-06-23 17:05:42,476 Starting Live from 2015-03-05 to 2015-04-04
2015-06-23 17:33:17,868 Starting Training from 2015-03-20 to 2015-04-04
2015-06-23 17:34:25,161 Starting Live from 2015-04-05 to 2015-04-10
2015-06-23 17:42:03,684 Starting Q Learning for : 
2015-06-23 17:42:03,684 alpha = 0.2
2015-06-23 17:42:03,684 gamma = 0.3
2015-06-23 17:42:03,684 individual factor = 12
2015-06-23 17:42:03,684 zero range = 0.006
2015-06-23 17:42:03,684 greedy level = 10
2015-06-23 17:42:03,684 

2015-06-23 17:42:09,519 Starting Training from 2014-12-17 to 2015-01-01
2015-06-23 17:54:20,184 Starting Live from 2015-01-02 to 2015-02-01
2015-06-23 18:24:25,835 Starting Training from 2015-01-17 to 2015-02-01
2015-06-23 18:26:09,338 Starting Live from 2015-02-02 to 2015-03-04
2015-06-23 18:53:28,209 Starting Training from 2015-02-17 to 2015-03-04
2015-06-23 18:56:05,917 Starting Live from 2015-03-05 to 2015-04-04
2015-06-23 19:22:54,628 Starting Training from 2015-03-20 to 2015-04-04
2015-06-23 19:24:04,951 Starting Live from 2015-04-05 to 2015-04-10
2015-06-23 19:31:38,158 Starting Q Learning for : 
2015-06-23 19:31:38,158 alpha = 0.2
2015-06-23 19:31:38,158 gamma = 0.4
2015-06-23 19:31:38,158 individual factor = 12
2015-06-23 19:31:38,158 zero range = 0.006
2015-06-23 19:31:38,158 greedy level = 10
2015-06-23 19:31:38,158 

2015-06-23 19:31:45,982 Starting Training from 2014-12-17 to 2015-01-01
2015-06-23 19:43:54,049 Starting Live from 2015-01-02 to 2015-02-01
2015-06-23 20:12:33,187 Starting Training from 2015-01-17 to 2015-02-01
2015-06-23 20:14:15,549 Starting Live from 2015-02-02 to 2015-03-04
2015-06-23 20:41:08,657 Starting Training from 2015-02-17 to 2015-03-04
2015-06-23 20:43:30,381 Starting Live from 2015-03-05 to 2015-04-04
2015-06-23 21:10:40,109 Starting Training from 2015-03-20 to 2015-04-04
2015-06-23 21:11:57,691 Starting Live from 2015-04-05 to 2015-04-10
2015-06-23 21:19:44,273 Starting Q Learning for : 
2015-06-23 21:19:44,273 alpha = 0.2
2015-06-23 21:19:44,273 gamma = 0.5
2015-06-23 21:19:44,273 individual factor = 12
2015-06-23 21:19:44,273 zero range = 0.006
2015-06-23 21:19:44,273 greedy level = 10
2015-06-23 21:19:44,273 

2015-06-23 21:19:50,766 Starting Training from 2014-12-17 to 2015-01-01
2015-06-23 21:32:06,612 Starting Live from 2015-01-02 to 2015-02-01
2015-06-23 22:03:44,240 Starting Training from 2015-01-17 to 2015-02-01
2015-06-23 22:05:36,957 Starting Live from 2015-02-02 to 2015-03-04
2015-06-23 22:33:57,178 Starting Training from 2015-02-17 to 2015-03-04
2015-06-23 22:36:23,836 Starting Live from 2015-03-05 to 2015-04-04
2015-06-23 23:03:29,335 Starting Training from 2015-03-20 to 2015-04-04
2015-06-23 23:04:36,332 Starting Live from 2015-04-05 to 2015-04-10
