2015-06-20 23:38:34,237 Starting Q Learning for : 
2015-06-20 23:38:34,237 alpha = 0.2
2015-06-20 23:38:34,237 gamma = 0.1
2015-06-20 23:38:34,239 individual factor = 8
2015-06-20 23:38:34,239 zero range = 0.002
2015-06-20 23:38:34,239 greedy level = 5
2015-06-20 23:38:34,239 

2015-06-20 23:38:45,436 Starting Training from 2014-12-17 to 2015-01-01
2015-06-20 23:49:52,904 Starting Live from 2015-01-02 to 2015-02-01
2015-06-21 00:12:03,233 Starting Training from 2015-01-17 to 2015-02-01
2015-06-21 00:13:40,313 Starting Live from 2015-02-02 to 2015-03-04
2015-06-21 00:43:37,868 Starting Training from 2015-02-17 to 2015-03-04
2015-06-21 00:45:16,280 Starting Live from 2015-03-05 to 2015-04-04
2015-06-21 01:16:43,013 Starting Training from 2015-03-20 to 2015-04-04
2015-06-21 01:17:55,686 Starting Live from 2015-04-05 to 2015-04-10
2015-06-21 01:26:49,657 Starting Q Learning for : 
2015-06-21 01:26:49,657 alpha = 0.2
2015-06-21 01:26:49,657 gamma = 0.2
2015-06-21 01:26:49,657 individual factor = 8
2015-06-21 01:26:49,657 zero range = 0.002
2015-06-21 01:26:49,658 greedy level = 5
2015-06-21 01:26:49,658 

2015-06-21 01:26:54,796 Starting Training from 2014-12-17 to 2015-01-01
2015-06-21 01:38:29,145 Starting Live from 2015-01-02 to 2015-02-01
2015-06-21 02:00:05,887 Starting Training from 2015-01-17 to 2015-02-01
2015-06-21 02:01:11,170 Starting Live from 2015-02-02 to 2015-03-04
2015-06-21 02:26:41,696 Starting Training from 2015-02-17 to 2015-03-04
2015-06-21 02:28:11,384 Starting Live from 2015-03-05 to 2015-04-04
2015-06-21 02:56:00,417 Starting Training from 2015-03-20 to 2015-04-04
2015-06-21 02:57:08,855 Starting Live from 2015-04-05 to 2015-04-10
2015-06-21 03:05:53,683 Starting Q Learning for : 
2015-06-21 03:05:53,684 alpha = 0.8
2015-06-21 03:05:53,684 gamma = 0.1
2015-06-21 03:05:53,684 individual factor = 8
2015-06-21 03:05:53,684 zero range = 0.002
2015-06-21 03:05:53,684 greedy level = 5
2015-06-21 03:05:53,684 

2015-06-21 03:06:00,391 Starting Training from 2014-12-17 to 2015-01-01
2015-06-21 03:16:15,927 Starting Live from 2015-01-02 to 2015-02-01
2015-06-21 03:37:21,213 Starting Training from 2015-01-17 to 2015-02-01
2015-06-21 03:38:23,112 Starting Live from 2015-02-02 to 2015-03-04
2015-06-21 04:03:22,392 Starting Training from 2015-02-17 to 2015-03-04
2015-06-21 04:05:16,739 Starting Live from 2015-03-05 to 2015-04-04
2015-06-21 04:32:37,226 Starting Training from 2015-03-20 to 2015-04-04
2015-06-21 04:33:43,595 Starting Live from 2015-04-05 to 2015-04-10
2015-06-21 04:41:44,733 Starting Q Learning for : 
2015-06-21 04:41:44,733 alpha = 0.8
2015-06-21 04:41:44,733 gamma = 0.2
2015-06-21 04:41:44,733 individual factor = 8
2015-06-21 04:41:44,733 zero range = 0.002
2015-06-21 04:41:44,733 greedy level = 5
2015-06-21 04:41:44,734 

2015-06-21 04:41:50,332 Starting Training from 2014-12-17 to 2015-01-01
2015-06-21 04:52:54,447 Starting Live from 2015-01-02 to 2015-02-01
2015-06-21 05:13:30,244 Starting Training from 2015-01-17 to 2015-02-01
2015-06-21 05:14:32,131 Starting Live from 2015-02-02 to 2015-03-04
2015-06-21 05:39:14,604 Starting Training from 2015-02-17 to 2015-03-04
2015-06-21 05:40:36,938 Starting Live from 2015-03-05 to 2015-04-04
2015-06-21 06:19:53,127 Starting Training from 2015-03-20 to 2015-04-04
2015-06-21 06:20:53,167 Starting Live from 2015-04-05 to 2015-04-10
