2015-06-20 10:57:46,519 Starting Q Learning for : 
2015-06-20 10:57:46,520 alpha = 0.2
2015-06-20 10:57:46,520 gamma = 0.3
2015-06-20 10:57:46,520 individual factor = 8
2015-06-20 10:57:46,520 zero range = 0.002
2015-06-20 10:57:46,520 greedy level = 5
2015-06-20 10:57:46,520 

2015-06-20 10:58:04,155 Starting Training from 2014-12-17 to 2015-01-01
2015-06-20 11:04:14,305 Starting Live from 2015-01-02 to 2015-02-01
2015-06-20 11:16:34,900 Starting Training from 2015-01-17 to 2015-02-01
2015-06-20 11:17:20,480 Starting Live from 2015-02-02 to 2015-03-04
2015-06-20 11:29:29,664 Starting Training from 2015-02-17 to 2015-03-04
2015-06-20 11:30:16,694 Starting Live from 2015-03-05 to 2015-04-04
2015-06-20 11:43:52,543 Starting Training from 2015-03-20 to 2015-04-04
2015-06-20 11:44:34,115 Starting Live from 2015-04-05 to 2015-04-10
2015-06-20 11:47:17,456 Starting Q Learning for : 
2015-06-20 11:47:17,456 alpha = 0.2
2015-06-20 11:47:17,456 gamma = 0.4
2015-06-20 11:47:17,456 individual factor = 8
2015-06-20 11:47:17,456 zero range = 0.002
2015-06-20 11:47:17,457 greedy level = 5
2015-06-20 11:47:17,457 

2015-06-20 11:47:22,644 Starting Training from 2014-12-17 to 2015-01-01
2015-06-20 11:52:44,851 Starting Live from 2015-01-02 to 2015-02-01
2015-06-20 12:05:53,480 Starting Training from 2015-01-17 to 2015-02-01
2015-06-20 12:06:41,700 Starting Live from 2015-02-02 to 2015-03-04
2015-06-20 12:18:48,579 Starting Training from 2015-02-17 to 2015-03-04
2015-06-20 12:19:29,793 Starting Live from 2015-03-05 to 2015-04-04
2015-06-20 12:34:17,197 Starting Training from 2015-03-20 to 2015-04-04
2015-06-20 12:34:59,026 Starting Live from 2015-04-05 to 2015-04-10
2015-06-20 12:38:05,795 Starting Q Learning for : 
2015-06-20 12:38:05,795 alpha = 0.2
2015-06-20 12:38:05,795 gamma = 0.7
2015-06-20 12:38:05,795 individual factor = 8
2015-06-20 12:38:05,795 zero range = 0.002
2015-06-20 12:38:05,795 greedy level = 5
2015-06-20 12:38:05,795 

2015-06-20 12:38:10,726 Starting Training from 2014-12-17 to 2015-01-01
2015-06-20 12:43:44,502 Starting Live from 2015-01-02 to 2015-02-01
2015-06-20 12:57:16,628 Starting Training from 2015-01-17 to 2015-02-01
2015-06-20 12:58:02,653 Starting Live from 2015-02-02 to 2015-03-04
2015-06-20 13:10:56,256 Starting Training from 2015-02-17 to 2015-03-04
2015-06-20 13:11:40,707 Starting Live from 2015-03-05 to 2015-04-04
2015-06-20 13:28:07,354 Starting Training from 2015-03-20 to 2015-04-04
2015-06-20 13:28:55,262 Starting Live from 2015-04-05 to 2015-04-10
2015-06-20 13:31:29,802 Starting Q Learning for : 
2015-06-20 13:31:29,802 alpha = 0.2
2015-06-20 13:31:29,803 gamma = 0.8
2015-06-20 13:31:29,803 individual factor = 8
2015-06-20 13:31:29,803 zero range = 0.002
2015-06-20 13:31:29,803 greedy level = 5
2015-06-20 13:31:29,803 

2015-06-20 13:31:36,026 Starting Training from 2014-12-17 to 2015-01-01
2015-06-20 13:36:58,065 Starting Live from 2015-01-02 to 2015-02-01
2015-06-20 13:50:30,220 Starting Training from 2015-01-17 to 2015-02-01
2015-06-20 13:51:20,661 Starting Live from 2015-02-02 to 2015-03-04
2015-06-20 14:03:42,348 Starting Training from 2015-02-17 to 2015-03-04
2015-06-20 14:04:27,865 Starting Live from 2015-03-05 to 2015-04-04
2015-06-20 14:18:59,260 Starting Training from 2015-03-20 to 2015-04-04
2015-06-20 14:19:53,045 Starting Live from 2015-04-05 to 2015-04-10
2015-06-20 14:22:26,117 Starting Q Learning for : 
2015-06-20 14:22:26,117 alpha = 0.8
2015-06-20 14:22:26,117 gamma = 0.5
2015-06-20 14:22:26,117 individual factor = 8
2015-06-20 14:22:26,117 zero range = 0.002
2015-06-20 14:22:26,117 greedy level = 5
2015-06-20 14:22:26,117 

2015-06-20 14:22:31,871 Starting Training from 2014-12-17 to 2015-01-01
2015-06-20 14:27:50,703 Starting Live from 2015-01-02 to 2015-02-01
2015-06-20 14:40:51,095 Starting Training from 2015-01-17 to 2015-02-01
2015-06-20 14:41:36,381 Starting Live from 2015-02-02 to 2015-03-04
2015-06-20 14:53:55,974 Starting Training from 2015-02-17 to 2015-03-04
2015-06-20 14:54:42,674 Starting Live from 2015-03-05 to 2015-04-04
2015-06-20 15:07:17,880 Starting Training from 2015-03-20 to 2015-04-04
2015-06-20 15:07:54,361 Starting Live from 2015-04-05 to 2015-04-10
2015-06-20 15:10:19,901 Starting Q Learning for : 
2015-06-20 15:10:19,901 alpha = 0.8
2015-06-20 15:10:19,901 gamma = 0.6
2015-06-20 15:10:19,901 individual factor = 8
2015-06-20 15:10:19,901 zero range = 0.002
2015-06-20 15:10:19,901 greedy level = 5
2015-06-20 15:10:19,901 

2015-06-20 15:10:24,615 Starting Training from 2014-12-17 to 2015-01-01
2015-06-20 15:16:14,992 Starting Live from 2015-01-02 to 2015-02-01
2015-06-20 15:28:11,130 Starting Training from 2015-01-17 to 2015-02-01
2015-06-20 15:28:52,711 Starting Live from 2015-02-02 to 2015-03-04
2015-06-20 15:41:38,101 Starting Training from 2015-02-17 to 2015-03-04
2015-06-20 15:42:17,108 Starting Live from 2015-03-05 to 2015-04-04
2015-06-20 15:54:43,130 Starting Training from 2015-03-20 to 2015-04-04
2015-06-20 15:55:52,490 Starting Live from 2015-04-05 to 2015-04-10
