2015-06-20 10:57:46,520 Starting Q Learning for : 
2015-06-20 10:57:46,520 alpha = 0.2
2015-06-20 10:57:46,520 gamma = 0.1
2015-06-20 10:57:46,520 individual factor = 8
2015-06-20 10:57:46,522 zero range = 0.002
2015-06-20 10:57:46,522 greedy level = 5
2015-06-20 10:57:46,522 

2015-06-20 10:58:02,338 Starting Training from 2014-12-17 to 2015-01-01
2015-06-20 11:04:13,650 Starting Live from 2015-01-02 to 2015-02-01
2015-06-20 11:16:47,901 Starting Training from 2015-01-17 to 2015-02-01
2015-06-20 11:17:35,255 Starting Live from 2015-02-02 to 2015-03-04
2015-06-20 11:30:36,780 Starting Training from 2015-02-17 to 2015-03-04
2015-06-20 11:31:18,915 Starting Live from 2015-03-05 to 2015-04-04
2015-06-20 11:45:43,753 Starting Training from 2015-03-20 to 2015-04-04
2015-06-20 11:46:33,270 Starting Live from 2015-04-05 to 2015-04-10
2015-06-20 11:49:16,634 Starting Q Learning for : 
2015-06-20 11:49:16,635 alpha = 0.2
2015-06-20 11:49:16,635 gamma = 0.2
2015-06-20 11:49:16,635 individual factor = 8
2015-06-20 11:49:16,635 zero range = 0.002
2015-06-20 11:49:16,635 greedy level = 5
2015-06-20 11:49:16,635 

2015-06-20 11:49:22,479 Starting Training from 2014-12-17 to 2015-01-01
2015-06-20 11:54:41,290 Starting Live from 2015-01-02 to 2015-02-01
2015-06-20 12:08:05,065 Starting Training from 2015-01-17 to 2015-02-01
2015-06-20 12:08:52,917 Starting Live from 2015-02-02 to 2015-03-04
2015-06-20 12:20:59,676 Starting Training from 2015-02-17 to 2015-03-04
2015-06-20 12:21:41,048 Starting Live from 2015-03-05 to 2015-04-04
2015-06-20 12:36:50,338 Starting Training from 2015-03-20 to 2015-04-04
2015-06-20 12:37:50,588 Starting Live from 2015-04-05 to 2015-04-10
2015-06-20 12:40:40,381 Starting Q Learning for : 
2015-06-20 12:40:40,381 alpha = 0.8
2015-06-20 12:40:40,381 gamma = 0.1
2015-06-20 12:40:40,381 individual factor = 8
2015-06-20 12:40:40,381 zero range = 0.002
2015-06-20 12:40:40,381 greedy level = 5
2015-06-20 12:40:40,381 

2015-06-20 12:40:45,619 Starting Training from 2014-12-17 to 2015-01-01
2015-06-20 12:46:48,323 Starting Live from 2015-01-02 to 2015-02-01
2015-06-20 12:59:48,223 Starting Training from 2015-01-17 to 2015-02-01
2015-06-20 13:00:37,223 Starting Live from 2015-02-02 to 2015-03-04
2015-06-20 13:13:59,270 Starting Training from 2015-02-17 to 2015-03-04
2015-06-20 13:14:44,040 Starting Live from 2015-03-05 to 2015-04-04
2015-06-20 13:30:23,286 Starting Training from 2015-03-20 to 2015-04-04
2015-06-20 13:31:17,124 Starting Live from 2015-04-05 to 2015-04-10
2015-06-20 13:34:08,716 Starting Q Learning for : 
2015-06-20 13:34:08,716 alpha = 0.8
2015-06-20 13:34:08,716 gamma = 0.2
2015-06-20 13:34:08,716 individual factor = 8
2015-06-20 13:34:08,716 zero range = 0.002
2015-06-20 13:34:08,716 greedy level = 5
2015-06-20 13:34:08,716 

2015-06-20 13:34:14,585 Starting Training from 2014-12-17 to 2015-01-01
2015-06-20 13:39:38,815 Starting Live from 2015-01-02 to 2015-02-01
2015-06-20 13:53:09,318 Starting Training from 2015-01-17 to 2015-02-01
2015-06-20 13:53:56,940 Starting Live from 2015-02-02 to 2015-03-04
2015-06-20 14:06:06,773 Starting Training from 2015-02-17 to 2015-03-04
2015-06-20 14:06:49,213 Starting Live from 2015-03-05 to 2015-04-04
2015-06-20 14:20:11,944 Starting Training from 2015-03-20 to 2015-04-04
2015-06-20 14:21:09,381 Starting Live from 2015-04-05 to 2015-04-10
2015-06-20 14:23:54,229 Starting Q Learning for : 
2015-06-20 14:23:54,229 alpha = 0.8
2015-06-20 14:23:54,229 gamma = 0.7
2015-06-20 14:23:54,229 individual factor = 8
2015-06-20 14:23:54,229 zero range = 0.002
2015-06-20 14:23:54,229 greedy level = 5
2015-06-20 14:23:54,229 

2015-06-20 14:23:59,157 Starting Training from 2014-12-17 to 2015-01-01
2015-06-20 14:29:12,982 Starting Live from 2015-01-02 to 2015-02-01
2015-06-20 14:42:17,867 Starting Training from 2015-01-17 to 2015-02-01
2015-06-20 14:43:03,823 Starting Live from 2015-02-02 to 2015-03-04
2015-06-20 14:56:10,427 Starting Training from 2015-02-17 to 2015-03-04
2015-06-20 14:56:50,523 Starting Live from 2015-03-05 to 2015-04-04
2015-06-20 15:14:27,441 Starting Training from 2015-03-20 to 2015-04-04
2015-06-20 15:15:14,374 Starting Live from 2015-04-05 to 2015-04-10
2015-06-20 15:18:14,345 Starting Q Learning for : 
2015-06-20 15:18:14,345 alpha = 0.8
2015-06-20 15:18:14,345 gamma = 0.8
2015-06-20 15:18:14,345 individual factor = 8
2015-06-20 15:18:14,345 zero range = 0.002
2015-06-20 15:18:14,345 greedy level = 5
2015-06-20 15:18:14,345 

2015-06-20 15:18:19,559 Starting Training from 2014-12-17 to 2015-01-01
2015-06-20 15:23:16,785 Starting Live from 2015-01-02 to 2015-02-01
2015-06-20 15:35:18,394 Starting Training from 2015-01-17 to 2015-02-01
2015-06-20 15:36:13,151 Starting Live from 2015-02-02 to 2015-03-04
2015-06-20 15:47:41,298 Starting Training from 2015-02-17 to 2015-03-04
2015-06-20 15:48:24,298 Starting Live from 2015-03-05 to 2015-04-04
2015-06-20 16:01:26,145 Starting Training from 2015-03-20 to 2015-04-04
2015-06-20 16:02:06,890 Starting Live from 2015-04-05 to 2015-04-10
