2015-06-20 10:57:46,522 Starting Q Learning for : 
2015-06-20 10:57:46,522 alpha = 0.2
2015-06-20 10:57:46,522 gamma = 0.5
2015-06-20 10:57:46,522 individual factor = 8
2015-06-20 10:57:46,522 zero range = 0.002
2015-06-20 10:57:46,522 greedy level = 5
2015-06-20 10:57:46,523 

2015-06-20 10:58:02,585 Starting Training from 2014-12-17 to 2015-01-01
2015-06-20 11:04:15,290 Starting Live from 2015-01-02 to 2015-02-01
2015-06-20 11:16:39,903 Starting Training from 2015-01-17 to 2015-02-01
2015-06-20 11:17:27,148 Starting Live from 2015-02-02 to 2015-03-04
2015-06-20 11:30:06,394 Starting Training from 2015-02-17 to 2015-03-04
2015-06-20 11:30:45,746 Starting Live from 2015-03-05 to 2015-04-04
2015-06-20 11:46:29,427 Starting Training from 2015-03-20 to 2015-04-04
2015-06-20 11:47:09,471 Starting Live from 2015-04-05 to 2015-04-10
2015-06-20 11:50:11,538 Starting Q Learning for : 
2015-06-20 11:50:11,538 alpha = 0.2
2015-06-20 11:50:11,538 gamma = 0.6
2015-06-20 11:50:11,538 individual factor = 8
2015-06-20 11:50:11,538 zero range = 0.002
2015-06-20 11:50:11,538 greedy level = 5
2015-06-20 11:50:11,539 

2015-06-20 11:50:17,075 Starting Training from 2014-12-17 to 2015-01-01
2015-06-20 11:55:28,644 Starting Live from 2015-01-02 to 2015-02-01
2015-06-20 12:08:39,951 Starting Training from 2015-01-17 to 2015-02-01
2015-06-20 12:09:25,400 Starting Live from 2015-02-02 to 2015-03-04
2015-06-20 12:21:42,167 Starting Training from 2015-02-17 to 2015-03-04
2015-06-20 12:22:29,638 Starting Live from 2015-03-05 to 2015-04-04
2015-06-20 12:37:44,207 Starting Training from 2015-03-20 to 2015-04-04
2015-06-20 12:38:39,346 Starting Live from 2015-04-05 to 2015-04-10
2015-06-20 12:41:21,282 Starting Q Learning for : 
2015-06-20 12:41:21,283 alpha = 0.8
2015-06-20 12:41:21,283 gamma = 0.3
2015-06-20 12:41:21,283 individual factor = 8
2015-06-20 12:41:21,283 zero range = 0.002
2015-06-20 12:41:21,283 greedy level = 5
2015-06-20 12:41:21,283 

2015-06-20 12:41:26,907 Starting Training from 2014-12-17 to 2015-01-01
2015-06-20 12:47:37,115 Starting Live from 2015-01-02 to 2015-02-01
2015-06-20 13:00:22,107 Starting Training from 2015-01-17 to 2015-02-01
2015-06-20 13:01:08,255 Starting Live from 2015-02-02 to 2015-03-04
2015-06-20 13:14:11,255 Starting Training from 2015-02-17 to 2015-03-04
2015-06-20 13:14:57,604 Starting Live from 2015-03-05 to 2015-04-04
2015-06-20 13:32:27,098 Starting Training from 2015-03-20 to 2015-04-04
2015-06-20 13:33:05,917 Starting Live from 2015-04-05 to 2015-04-10
2015-06-20 13:35:47,676 Starting Q Learning for : 
2015-06-20 13:35:47,676 alpha = 0.8
2015-06-20 13:35:47,676 gamma = 0.4
2015-06-20 13:35:47,676 individual factor = 8
2015-06-20 13:35:47,676 zero range = 0.002
2015-06-20 13:35:47,677 greedy level = 5
2015-06-20 13:35:47,677 

2015-06-20 13:35:52,795 Starting Training from 2014-12-17 to 2015-01-01
2015-06-20 13:41:12,683 Starting Live from 2015-01-02 to 2015-02-01
2015-06-20 13:54:32,736 Starting Training from 2015-01-17 to 2015-02-01
2015-06-20 13:55:21,313 Starting Live from 2015-02-02 to 2015-03-04
2015-06-20 14:07:23,244 Starting Training from 2015-02-17 to 2015-03-04
2015-06-20 14:08:12,279 Starting Live from 2015-03-05 to 2015-04-04
2015-06-20 14:22:27,617 Starting Training from 2015-03-20 to 2015-04-04
2015-06-20 14:23:19,013 Starting Live from 2015-04-05 to 2015-04-10
