2015-06-30 15:20:12,468 Starting mtm calculation
2015-06-30 15:20:12,468 Calculating mtm for 2014-12-01
2015-06-30 15:20:13,809 Calculating mtm for 2014-12-02
2015-06-30 15:20:14,827 Calculating mtm for 2014-12-03
2015-06-30 15:20:17,154 Calculating mtm for 2014-12-04
2015-06-30 15:20:19,657 Calculating mtm for 2014-12-05
2015-06-30 15:20:20,350 Calculating mtm for 2014-12-06
2015-06-30 15:20:20,355 Calculating mtm for 2014-12-07
2015-06-30 15:20:20,358 Calculating mtm for 2014-12-08
2015-06-30 15:20:21,644 Calculating mtm for 2014-12-09
2015-06-30 15:20:23,053 Calculating mtm for 2014-12-10
2015-06-30 15:20:23,854 Calculating mtm for 2014-12-11
2015-06-30 15:20:27,975 Calculating mtm for 2014-12-12
2015-06-30 15:20:30,212 Calculating mtm for 2014-12-13
2015-06-30 15:20:30,214 Calculating mtm for 2014-12-14
2015-06-30 15:20:30,217 Calculating mtm for 2014-12-15
2015-06-30 15:20:31,396 Calculating mtm for 2014-12-16
2015-06-30 15:20:33,757 Calculating mtm for 2014-12-17
2015-06-30 15:20:36,012 Calculating mtm for 2014-12-18
2015-06-30 15:20:39,071 Calculating mtm for 2014-12-19
2015-06-30 15:20:40,433 Calculating mtm for 2014-12-20
2015-06-30 15:20:40,436 Calculating mtm for 2014-12-21
2015-06-30 15:20:40,439 Calculating mtm for 2014-12-22
2015-06-30 15:20:41,318 Calculating mtm for 2014-12-23
2015-06-30 15:20:44,204 Calculating mtm for 2014-12-24
2015-06-30 15:20:44,888 Calculating mtm for 2014-12-25
2015-06-30 15:20:44,893 Calculating mtm for 2014-12-26
2015-06-30 15:20:46,715 Calculating mtm for 2014-12-27
2015-06-30 15:20:46,720 Calculating mtm for 2014-12-28
2015-06-30 15:20:46,723 Calculating mtm for 2014-12-29
2015-06-30 15:20:48,719 Calculating mtm for 2014-12-30
2015-06-30 15:20:49,526 Calculating mtm for 2014-12-31
2015-06-30 15:20:50,548 Calculating mtm for 2015-01-01
2015-06-30 15:20:51,607 Calculating mtm for 2015-01-02
2015-06-30 15:20:54,365 Calculating mtm for 2015-01-03
2015-06-30 15:20:54,370 Calculating mtm for 2015-01-04
2015-06-30 15:20:54,373 Calculating mtm for 2015-01-05
2015-06-30 15:20:55,060 Calculating mtm for 2015-01-06
2015-06-30 15:20:55,679 Calculating mtm for 2015-01-07
2015-06-30 15:20:56,530 Calculating mtm for 2015-01-08
2015-06-30 15:20:57,530 Calculating mtm for 2015-01-09
2015-06-30 15:20:58,566 Calculating mtm for 2015-01-10
2015-06-30 15:20:58,580 Calculating mtm for 2015-01-11
2015-06-30 15:20:58,582 Calculating mtm for 2015-01-12
2015-06-30 15:20:58,767 Calculating mtm for 2015-01-13
2015-06-30 15:20:59,516 Calculating mtm for 2015-01-14
2015-06-30 15:20:59,867 Calculating mtm for 2015-01-15
2015-06-30 15:21:00,524 Calculating mtm for 2015-01-16
2015-06-30 15:21:00,820 Calculating mtm for 2015-01-17
2015-06-30 15:21:00,822 Calculating mtm for 2015-01-18
2015-06-30 15:21:00,824 Calculating mtm for 2015-01-19
2015-06-30 15:21:01,437 Calculating mtm for 2015-01-20
2015-06-30 15:21:02,823 Calculating mtm for 2015-01-21
2015-06-30 15:21:03,062 Calculating mtm for 2015-01-22
2015-06-30 15:21:03,292 Calculating mtm for 2015-01-23
2015-06-30 15:21:04,204 Calculating mtm for 2015-01-24
2015-06-30 15:21:04,208 Calculating mtm for 2015-01-25
2015-06-30 15:21:04,211 Calculating mtm for 2015-01-26
2015-06-30 15:21:04,213 Calculating mtm for 2015-01-27
2015-06-30 15:21:04,871 Calculating mtm for 2015-01-28
2015-06-30 15:21:05,472 Calculating mtm for 2015-01-29
2015-06-30 15:21:05,622 Calculating mtm for 2015-01-30
2015-06-30 15:21:06,593 Calculating mtm for 2015-01-31
2015-06-30 15:21:06,598 Calculating mtm for 2015-02-01
2015-06-30 15:21:06,600 Calculating mtm for 2015-02-02
2015-06-30 15:21:06,952 Calculating mtm for 2015-02-03
2015-06-30 15:21:07,930 Calculating mtm for 2015-02-04
2015-06-30 15:21:08,446 Calculating mtm for 2015-02-05
2015-06-30 15:21:08,617 Calculating mtm for 2015-02-06
2015-06-30 15:21:09,332 Calculating mtm for 2015-02-07
2015-06-30 15:21:09,337 Calculating mtm for 2015-02-08
2015-06-30 15:21:09,339 Calculating mtm for 2015-02-09
2015-06-30 15:21:10,084 Calculating mtm for 2015-02-10
2015-06-30 15:21:10,560 Updating ranks for walkforward - 1
2015-06-30 15:21:28,837 Updating ranks for walkforward - 2
2015-06-30 15:21:44,805 Updating ranks for walkforward - 3
2015-06-30 15:22:01,953 Done Ranking. Calling processes now.
2015-06-30 15:22:01,954 Starting Q Learning for : 
2015-06-30 15:22:01,954 Starting Q Learning for : 
2015-06-30 15:22:01,954 Starting Q Learning for : 
2015-06-30 15:22:01,954 alpha = 0.5
2015-06-30 15:22:01,954 gamma = 0.1
2015-06-30 15:22:01,954 alpha = 0.4
2015-06-30 15:22:01,954 alpha = 0.2
2015-06-30 15:22:01,954 individual factor = 10
2015-06-30 15:22:01,954 gamma = 0.5
2015-06-30 15:22:01,954 gamma = 0.3
2015-06-30 15:22:01,954 zero range = 0.002
2015-06-30 15:22:01,954 individual factor = 10
2015-06-30 15:22:01,954 individual factor = 10
2015-06-30 15:22:01,954 greedy level = 5
2015-06-30 15:22:01,954 zero range = 0.002
2015-06-30 15:22:01,954 zero range = 0.002
2015-06-30 15:22:01,954 

2015-06-30 15:22:01,954 greedy level = 5
2015-06-30 15:22:01,954 greedy level = 5
2015-06-30 15:22:01,954 

2015-06-30 15:22:01,954 

2015-06-30 15:22:04,425 Starting Training from 2015-01-01 to 2015-01-31
2015-06-30 15:22:04,455 Starting Training from 2015-01-01 to 2015-01-31
2015-06-30 15:22:04,455 Starting Training from 2015-01-01 to 2015-01-31
2015-06-30 15:34:47,193 Starting Live from 2015-02-01 to 2015-03-03
2015-06-30 15:34:50,920 Starting Live from 2015-02-01 to 2015-03-03
2015-06-30 15:35:05,762 Starting Live from 2015-02-01 to 2015-03-03
2015-06-30 15:53:57,643 Starting Training from 2015-02-01 to 2015-03-03
2015-06-30 15:53:59,785 Starting Training from 2015-02-01 to 2015-03-03
2015-06-30 15:54:21,545 Starting Training from 2015-02-01 to 2015-03-03
2015-06-30 15:55:22,637 Starting Live from 2015-03-04 to 2015-04-03
2015-06-30 15:55:27,827 Starting Live from 2015-03-04 to 2015-04-03
2015-06-30 15:55:47,221 Starting Live from 2015-03-04 to 2015-04-03
2015-06-30 16:12:35,216 Starting Training from 2015-03-04 to 2015-04-03
2015-06-30 16:13:15,930 Starting Training from 2015-03-04 to 2015-04-03
2015-06-30 16:13:44,353 Starting Training from 2015-03-04 to 2015-04-03
2015-06-30 16:14:43,354 Starting Live from 2015-04-04 to 2015-04-10
2015-06-30 16:14:47,177 Starting Live from 2015-04-04 to 2015-04-10
2015-06-30 16:15:10,492 Starting Live from 2015-04-04 to 2015-04-10
2015-06-30 16:19:03,937 Starting Q Learning for : 
2015-06-30 16:19:03,937 alpha = 0.2
2015-06-30 16:19:03,937 gamma = 0.4
2015-06-30 16:19:03,937 individual factor = 10
2015-06-30 16:19:03,937 zero range = 0.002
2015-06-30 16:19:03,937 greedy level = 5
2015-06-30 16:19:03,937 

2015-06-30 16:19:05,492 Starting Training from 2015-01-01 to 2015-01-31
2015-06-30 16:19:08,288 Starting Q Learning for : 
2015-06-30 16:19:08,288 alpha = 0.5
2015-06-30 16:19:08,288 gamma = 0.2
2015-06-30 16:19:08,288 individual factor = 10
2015-06-30 16:19:08,288 zero range = 0.002
2015-06-30 16:19:08,288 greedy level = 5
2015-06-30 16:19:08,288 

2015-06-30 16:19:09,966 Starting Training from 2015-01-01 to 2015-01-31
2015-06-30 16:19:34,058 Starting Q Learning for : 
2015-06-30 16:19:34,058 alpha = 0.4
2015-06-30 16:19:34,058 gamma = 0.6
2015-06-30 16:19:34,058 individual factor = 10
2015-06-30 16:19:34,058 zero range = 0.002
2015-06-30 16:19:34,058 greedy level = 5
2015-06-30 16:19:34,058 

2015-06-30 16:19:35,545 Starting Training from 2015-01-01 to 2015-01-31
2015-06-30 16:34:01,680 Starting Live from 2015-02-01 to 2015-03-03
2015-06-30 16:34:21,103 Starting Live from 2015-02-01 to 2015-03-03
2015-06-30 16:34:45,252 Starting Live from 2015-02-01 to 2015-03-03
2015-06-30 16:51:58,786 Starting Training from 2015-02-01 to 2015-03-03
2015-06-30 16:52:00,608 Starting Training from 2015-02-01 to 2015-03-03
2015-06-30 16:52:30,946 Starting Training from 2015-02-01 to 2015-03-03
2015-06-30 16:53:16,186 Starting Live from 2015-03-04 to 2015-04-03
2015-06-30 16:53:18,598 Starting Live from 2015-03-04 to 2015-04-03
2015-06-30 16:53:51,582 Starting Live from 2015-03-04 to 2015-04-03
2015-06-30 17:10:26,204 Starting Training from 2015-03-04 to 2015-04-03
2015-06-30 17:10:33,801 Starting Training from 2015-03-04 to 2015-04-03
2015-06-30 17:10:39,720 Starting Training from 2015-03-04 to 2015-04-03
2015-06-30 17:11:50,170 Starting Live from 2015-04-04 to 2015-04-10
2015-06-30 17:11:57,415 Starting Live from 2015-04-04 to 2015-04-10
2015-06-30 17:12:04,210 Starting Live from 2015-04-04 to 2015-04-10
2015-06-30 17:17:51,011 Starting Q Learning for : 
2015-06-30 17:17:51,011 alpha = 0.5
2015-06-30 17:17:51,011 gamma = 0.3
2015-06-30 17:17:51,011 individual factor = 10
2015-06-30 17:17:51,011 zero range = 0.002
2015-06-30 17:17:51,011 greedy level = 5
2015-06-30 17:17:51,011 

2015-06-30 17:17:53,978 Starting Training from 2015-01-01 to 2015-01-31
2015-06-30 17:18:00,958 Starting Q Learning for : 
2015-06-30 17:18:00,958 alpha = 0.4
2015-06-30 17:18:00,958 gamma = 0.7
2015-06-30 17:18:00,958 individual factor = 10
2015-06-30 17:18:00,958 zero range = 0.002
2015-06-30 17:18:00,958 greedy level = 5
2015-06-30 17:18:00,958 

2015-06-30 17:18:02,690 Starting Training from 2015-01-01 to 2015-01-31
2015-06-30 17:18:09,323 Starting Q Learning for : 
2015-06-30 17:18:09,323 alpha = 0.2
2015-06-30 17:18:09,323 gamma = 0.5
2015-06-30 17:18:09,323 individual factor = 10
2015-06-30 17:18:09,323 zero range = 0.002
2015-06-30 17:18:09,323 greedy level = 5
2015-06-30 17:18:09,323 

2015-06-30 17:18:10,777 Starting Training from 2015-01-01 to 2015-01-31
2015-06-30 17:31:33,455 Starting Live from 2015-02-01 to 2015-03-03
2015-06-30 17:31:52,615 Starting Live from 2015-02-01 to 2015-03-03
2015-06-30 17:32:00,461 Starting Live from 2015-02-01 to 2015-03-03
2015-06-30 17:48:20,716 Starting Training from 2015-02-01 to 2015-03-03
2015-06-30 17:49:06,665 Starting Training from 2015-02-01 to 2015-03-03
2015-06-30 17:49:34,567 Starting Training from 2015-02-01 to 2015-03-03
2015-06-30 17:51:44,755 Starting Live from 2015-03-04 to 2015-04-03
2015-06-30 17:52:19,465 Starting Live from 2015-03-04 to 2015-04-03
2015-06-30 17:52:30,982 Starting Live from 2015-03-04 to 2015-04-03
2015-06-30 18:04:01,236 Starting Training from 2015-03-04 to 2015-04-03
2015-06-30 18:09:44,451 Starting Live from 2015-04-04 to 2015-04-10
2015-06-30 18:09:45,172 Starting Training from 2015-03-04 to 2015-04-03
2015-06-30 18:09:55,008 Starting Training from 2015-03-04 to 2015-04-03
2015-06-30 18:11:02,961 Starting Live from 2015-04-04 to 2015-04-10
2015-06-30 18:11:11,583 Starting Live from 2015-04-04 to 2015-04-10
2015-06-30 18:13:38,343 Starting Q Learning for : 
2015-06-30 18:13:38,343 alpha = 0.4
2015-06-30 18:13:38,343 gamma = 0.8
2015-06-30 18:13:38,343 individual factor = 10
2015-06-30 18:13:38,343 zero range = 0.002
2015-06-30 18:13:38,343 greedy level = 5
2015-06-30 18:13:38,343 

2015-06-30 18:13:39,370 Starting Training from 2015-01-01 to 2015-01-31
2015-06-30 18:15:23,850 Starting Q Learning for : 
2015-06-30 18:15:23,850 alpha = 0.5
2015-06-30 18:15:23,850 gamma = 0.4
2015-06-30 18:15:23,850 individual factor = 10
2015-06-30 18:15:23,851 zero range = 0.002
2015-06-30 18:15:23,851 greedy level = 5
2015-06-30 18:15:23,851 

2015-06-30 18:15:25,241 Starting Training from 2015-01-01 to 2015-01-31
2015-06-30 18:15:25,974 Starting Q Learning for : 
2015-06-30 18:15:25,974 alpha = 0.2
2015-06-30 18:15:25,974 gamma = 0.6
2015-06-30 18:15:25,974 individual factor = 10
2015-06-30 18:15:25,974 zero range = 0.002
2015-06-30 18:15:25,974 greedy level = 5
2015-06-30 18:15:25,974 

2015-06-30 18:15:28,664 Starting Training from 2015-01-01 to 2015-01-31
2015-06-30 18:28:32,740 Starting Live from 2015-02-01 to 2015-03-03
2015-06-30 18:30:12,925 Starting Live from 2015-02-01 to 2015-03-03
2015-06-30 18:30:13,591 Starting Live from 2015-02-01 to 2015-03-03
2015-06-30 18:42:10,408 Starting Training from 2015-02-01 to 2015-03-03
2015-06-30 18:44:41,260 Starting Live from 2015-03-04 to 2015-04-03
2015-06-30 18:47:03,996 Starting Training from 2015-02-01 to 2015-03-03
2015-06-30 18:47:04,030 Starting Training from 2015-02-01 to 2015-03-03
2015-06-30 18:48:23,338 Starting Live from 2015-03-04 to 2015-04-03
2015-06-30 18:48:23,479 Starting Live from 2015-03-04 to 2015-04-03
2015-06-30 18:52:54,135 Starting Training from 2015-03-04 to 2015-04-03
2015-06-30 19:00:28,791 Starting Live from 2015-04-04 to 2015-04-10
2015-06-30 19:04:22,848 Starting Q Learning for : 
2015-06-30 19:04:22,848 alpha = 0.6
2015-06-30 19:04:22,848 gamma = 0.1
2015-06-30 19:04:22,848 individual factor = 10
2015-06-30 19:04:22,849 zero range = 0.002
2015-06-30 19:04:22,849 greedy level = 5
2015-06-30 19:04:22,849 

2015-06-30 19:04:23,826 Starting Training from 2015-01-01 to 2015-01-31
2015-06-30 19:04:49,969 Starting Training from 2015-03-04 to 2015-04-03
2015-06-30 19:05:07,527 Starting Training from 2015-03-04 to 2015-04-03
2015-06-30 19:06:07,654 Starting Live from 2015-04-04 to 2015-04-10
2015-06-30 19:06:30,114 Starting Live from 2015-04-04 to 2015-04-10
2015-06-30 19:10:31,675 Starting Q Learning for : 
2015-06-30 19:10:31,675 alpha = 0.2
2015-06-30 19:10:31,675 gamma = 0.7
2015-06-30 19:10:31,675 individual factor = 10
2015-06-30 19:10:31,675 zero range = 0.002
2015-06-30 19:10:31,675 greedy level = 5
2015-06-30 19:10:31,675 

2015-06-30 19:10:32,903 Starting Training from 2015-01-01 to 2015-01-31
2015-06-30 19:10:49,396 Starting Q Learning for : 
2015-06-30 19:10:49,565 alpha = 0.5
2015-06-30 19:10:49,565 gamma = 0.5
2015-06-30 19:10:49,566 individual factor = 10
2015-06-30 19:10:49,566 zero range = 0.002
2015-06-30 19:10:49,566 greedy level = 5
2015-06-30 19:10:49,566 

2015-06-30 19:10:51,646 Starting Training from 2015-01-01 to 2015-01-31
2015-06-30 19:18:36,734 Starting Live from 2015-02-01 to 2015-03-03
2015-06-30 19:24:47,765 Starting Live from 2015-02-01 to 2015-03-03
2015-06-30 19:24:57,627 Starting Live from 2015-02-01 to 2015-03-03
2015-06-30 19:34:49,875 Starting Training from 2015-02-01 to 2015-03-03
2015-06-30 19:36:40,360 Starting Live from 2015-03-04 to 2015-04-03
2015-06-30 19:40:38,500 Starting Training from 2015-02-01 to 2015-03-03
2015-06-30 19:41:27,618 Starting Training from 2015-02-01 to 2015-03-03
2015-06-30 19:41:51,639 Starting Live from 2015-03-04 to 2015-04-03
2015-06-30 19:42:44,242 Starting Live from 2015-03-04 to 2015-04-03
2015-06-30 19:53:23,050 Starting Training from 2015-03-04 to 2015-04-03
2015-06-30 19:54:39,788 Starting Live from 2015-04-04 to 2015-04-10
2015-06-30 19:54:57,531 Starting Training from 2015-03-04 to 2015-04-03
2015-06-30 19:58:13,317 Starting Live from 2015-04-04 to 2015-04-10
2015-06-30 19:58:54,099 Starting Q Learning for : 
2015-06-30 19:58:54,099 alpha = 0.6
2015-06-30 19:58:54,099 gamma = 0.2
2015-06-30 19:58:54,099 individual factor = 10
2015-06-30 19:58:54,099 zero range = 0.002
2015-06-30 19:58:54,099 greedy level = 5
2015-06-30 19:58:54,099 

2015-06-30 19:58:55,369 Starting Training from 2015-01-01 to 2015-01-31
2015-06-30 19:59:13,408 Starting Training from 2015-03-04 to 2015-04-03
2015-06-30 20:00:25,459 Starting Live from 2015-04-04 to 2015-04-10
2015-06-30 20:01:34,097 Starting Q Learning for : 
2015-06-30 20:01:34,097 alpha = 0.2
2015-06-30 20:01:34,097 gamma = 0.8
2015-06-30 20:01:34,097 individual factor = 10
2015-06-30 20:01:34,097 zero range = 0.002
2015-06-30 20:01:34,097 greedy level = 5
2015-06-30 20:01:34,097 

2015-06-30 20:01:35,468 Starting Training from 2015-01-01 to 2015-01-31
2015-06-30 20:04:25,040 Starting Q Learning for : 
2015-06-30 20:04:25,040 alpha = 0.5
2015-06-30 20:04:25,040 gamma = 0.6
2015-06-30 20:04:25,040 individual factor = 10
2015-06-30 20:04:25,040 zero range = 0.002
2015-06-30 20:04:25,040 greedy level = 5
2015-06-30 20:04:25,040 

2015-06-30 20:04:26,578 Starting Training from 2015-01-01 to 2015-01-31
2015-06-30 20:12:46,766 Starting Live from 2015-02-01 to 2015-03-03
2015-06-30 20:15:52,704 Starting Live from 2015-02-01 to 2015-03-03
2015-06-30 20:18:50,688 Starting Live from 2015-02-01 to 2015-03-03
2015-06-30 20:29:25,321 Starting Training from 2015-02-01 to 2015-03-03
2015-06-30 20:30:41,701 Starting Training from 2015-02-01 to 2015-03-03
2015-06-30 20:30:50,777 Starting Live from 2015-03-04 to 2015-04-03
2015-06-30 20:32:20,877 Starting Live from 2015-03-04 to 2015-04-03
2015-06-30 20:36:49,054 Starting Training from 2015-02-01 to 2015-03-03
2015-06-30 20:38:21,994 Starting Live from 2015-03-04 to 2015-04-03
2015-06-30 20:43:12,720 Starting Training from 2015-03-04 to 2015-04-03
2015-06-30 20:49:01,472 Starting Training from 2015-03-04 to 2015-04-03
2015-06-30 20:49:34,683 Starting Live from 2015-04-04 to 2015-04-10
2015-06-30 20:50:20,350 Starting Live from 2015-04-04 to 2015-04-10
2015-06-30 20:52:58,732 Starting Q Learning for : 
2015-06-30 20:52:58,732 alpha = 0.4
2015-06-30 20:52:58,732 gamma = 0.1
2015-06-30 20:52:58,732 individual factor = 10
2015-06-30 20:52:58,732 zero range = 0.002
2015-06-30 20:52:58,732 greedy level = 5
2015-06-30 20:52:58,732 

2015-06-30 20:53:00,073 Starting Training from 2015-01-01 to 2015-01-31
2015-06-30 20:54:36,075 Starting Q Learning for : 
2015-06-30 20:54:36,075 alpha = 0.6
2015-06-30 20:54:36,075 gamma = 0.3
2015-06-30 20:54:36,075 individual factor = 10
2015-06-30 20:54:36,075 zero range = 0.002
2015-06-30 20:54:36,075 greedy level = 5
2015-06-30 20:54:36,075 

2015-06-30 20:54:37,297 Starting Training from 2015-01-01 to 2015-01-31
2015-06-30 20:55:12,196 Starting Training from 2015-03-04 to 2015-04-03
2015-06-30 20:56:26,431 Starting Live from 2015-04-04 to 2015-04-10
2015-06-30 21:02:19,776 Starting Q Learning for : 
2015-06-30 21:02:19,777 alpha = 0.5
2015-06-30 21:02:19,777 gamma = 0.7
2015-06-30 21:02:19,777 individual factor = 10
2015-06-30 21:02:19,777 zero range = 0.002
2015-06-30 21:02:19,777 greedy level = 5
2015-06-30 21:02:19,777 

2015-06-30 21:02:22,147 Starting Training from 2015-01-01 to 2015-01-31
2015-06-30 21:07:13,088 Starting Live from 2015-02-01 to 2015-03-03
2015-06-30 21:09:02,291 Starting Live from 2015-02-01 to 2015-03-03
2015-06-30 21:15:53,354 Starting Live from 2015-02-01 to 2015-03-03
2015-06-30 21:23:56,038 Starting Training from 2015-02-01 to 2015-03-03
2015-06-30 21:25:14,156 Starting Live from 2015-03-04 to 2015-04-03
2015-06-30 21:25:44,068 Starting Training from 2015-02-01 to 2015-03-03
2015-06-30 21:26:58,161 Starting Live from 2015-03-04 to 2015-04-03
2015-06-30 21:31:07,942 Starting Training from 2015-02-01 to 2015-03-03
2015-06-30 21:34:27,705 Starting Live from 2015-03-04 to 2015-04-03
2015-06-30 21:41:49,175 Starting Training from 2015-03-04 to 2015-04-03
2015-06-30 21:43:22,386 Starting Live from 2015-04-04 to 2015-04-10
2015-06-30 21:43:59,214 Starting Training from 2015-03-04 to 2015-04-03
2015-06-30 21:45:15,616 Starting Live from 2015-04-04 to 2015-04-10
2015-06-30 21:45:52,848 Starting Training from 2015-03-04 to 2015-04-03
2015-06-30 21:47:35,862 Starting Q Learning for : 
2015-06-30 21:47:35,862 alpha = 0.4
2015-06-30 21:47:35,862 gamma = 0.2
2015-06-30 21:47:35,862 individual factor = 10
2015-06-30 21:47:35,862 zero range = 0.002
2015-06-30 21:47:35,862 greedy level = 5
2015-06-30 21:47:35,862 

2015-06-30 21:47:37,902 Starting Training from 2015-01-01 to 2015-01-31
2015-06-30 21:50:18,258 Starting Q Learning for : 
2015-06-30 21:50:18,258 alpha = 0.6
2015-06-30 21:50:18,258 gamma = 0.4
2015-06-30 21:50:18,258 individual factor = 10
2015-06-30 21:50:18,258 zero range = 0.002
2015-06-30 21:50:18,258 greedy level = 5
2015-06-30 21:50:18,258 

2015-06-30 21:50:21,096 Starting Training from 2015-01-01 to 2015-01-31
2015-06-30 21:51:22,603 Starting Live from 2015-04-04 to 2015-04-10
2015-06-30 21:55:18,820 Starting Q Learning for : 
2015-06-30 21:55:18,820 alpha = 0.5
2015-06-30 21:55:18,820 gamma = 0.8
2015-06-30 21:55:18,820 individual factor = 10
2015-06-30 21:55:18,820 zero range = 0.002
2015-06-30 21:55:18,820 greedy level = 5
2015-06-30 21:55:18,820 

2015-06-30 21:55:20,199 Starting Training from 2015-01-01 to 2015-01-31
2015-06-30 22:02:11,355 Starting Live from 2015-02-01 to 2015-03-03
2015-06-30 22:03:55,812 Starting Live from 2015-02-01 to 2015-03-03
2015-06-30 22:10:07,360 Starting Live from 2015-02-01 to 2015-03-03
2015-06-30 22:18:53,329 Starting Training from 2015-02-01 to 2015-03-03
2015-06-30 22:20:05,193 Starting Live from 2015-03-04 to 2015-04-03
2015-06-30 22:20:36,313 Starting Training from 2015-02-01 to 2015-03-03
2015-06-30 22:21:54,273 Starting Live from 2015-03-04 to 2015-04-03
2015-06-30 22:22:54,296 Starting Training from 2015-02-01 to 2015-03-03
2015-06-30 22:26:14,022 Starting Live from 2015-03-04 to 2015-04-03
2015-06-30 22:34:37,338 Starting Training from 2015-03-04 to 2015-04-03
2015-06-30 22:36:34,935 Starting Training from 2015-03-04 to 2015-04-03
2015-06-30 22:37:52,753 Starting Live from 2015-04-04 to 2015-04-10
2015-06-30 22:38:37,173 Starting Training from 2015-03-04 to 2015-04-03
2015-06-30 22:39:49,939 Starting Live from 2015-04-04 to 2015-04-10
2015-06-30 22:41:16,006 Starting Live from 2015-04-04 to 2015-04-10
2015-06-30 22:43:09,844 Starting Q Learning for : 
2015-06-30 22:43:09,844 alpha = 0.4
2015-06-30 22:43:09,844 gamma = 0.3
2015-06-30 22:43:09,844 individual factor = 10
2015-06-30 22:43:09,845 zero range = 0.002
2015-06-30 22:43:09,845 greedy level = 5
2015-06-30 22:43:09,845 

2015-06-30 22:43:12,245 Starting Training from 2015-01-01 to 2015-01-31
2015-06-30 22:46:01,555 Starting Q Learning for : 
2015-06-30 22:46:01,555 alpha = 0.6
2015-06-30 22:46:01,555 gamma = 0.5
2015-06-30 22:46:01,555 individual factor = 10
2015-06-30 22:46:01,555 zero range = 0.002
2015-06-30 22:46:01,555 greedy level = 5
2015-06-30 22:46:01,555 

2015-06-30 22:46:03,036 Starting Training from 2015-01-01 to 2015-01-31
2015-06-30 22:46:21,179 Starting Q Learning for : 
2015-06-30 22:46:21,179 alpha = 0.2
2015-06-30 22:46:21,179 gamma = 0.1
2015-06-30 22:46:21,179 individual factor = 10
2015-06-30 22:46:21,179 zero range = 0.002
2015-06-30 22:46:21,179 greedy level = 5
2015-06-30 22:46:21,179 

2015-06-30 22:46:22,409 Starting Training from 2015-01-01 to 2015-01-31
2015-06-30 22:56:33,633 Starting Live from 2015-02-01 to 2015-03-03
2015-06-30 22:59:38,784 Starting Live from 2015-02-01 to 2015-03-03
2015-06-30 22:59:57,476 Starting Live from 2015-02-01 to 2015-03-03
2015-06-30 23:13:41,028 Starting Training from 2015-02-01 to 2015-03-03
2015-06-30 23:15:02,710 Starting Live from 2015-03-04 to 2015-04-03
2015-06-30 23:16:41,655 Starting Training from 2015-02-01 to 2015-03-03
2015-06-30 23:16:56,449 Starting Training from 2015-02-01 to 2015-03-03
2015-06-30 23:19:18,091 Starting Live from 2015-03-04 to 2015-04-03
2015-06-30 23:19:23,355 Starting Live from 2015-03-04 to 2015-04-03
2015-06-30 23:31:53,769 Starting Training from 2015-03-04 to 2015-04-03
2015-06-30 23:34:26,078 Starting Live from 2015-04-04 to 2015-04-10
2015-06-30 23:35:34,730 Starting Training from 2015-03-04 to 2015-04-03
2015-06-30 23:35:54,835 Starting Training from 2015-03-04 to 2015-04-03
2015-06-30 23:37:39,664 Starting Live from 2015-04-04 to 2015-04-10
2015-06-30 23:37:46,859 Starting Live from 2015-04-04 to 2015-04-10
2015-06-30 23:39:40,606 Starting Q Learning for : 
2015-06-30 23:39:40,606 alpha = 0.4
2015-06-30 23:39:40,606 gamma = 0.4
2015-06-30 23:39:40,606 individual factor = 10
2015-06-30 23:39:40,606 zero range = 0.002
2015-06-30 23:39:40,606 greedy level = 5
2015-06-30 23:39:40,606 

2015-06-30 23:39:42,503 Starting Training from 2015-01-01 to 2015-01-31
2015-06-30 23:41:40,329 Starting Q Learning for : 
2015-06-30 23:41:40,329 alpha = 0.6
2015-06-30 23:41:40,329 gamma = 0.6
2015-06-30 23:41:40,329 individual factor = 10
2015-06-30 23:41:40,329 zero range = 0.002
2015-06-30 23:41:40,329 greedy level = 5
2015-06-30 23:41:40,329 

2015-06-30 23:41:42,660 Starting Training from 2015-01-01 to 2015-01-31
2015-06-30 23:41:46,744 Starting Q Learning for : 
2015-06-30 23:41:46,745 alpha = 0.2
2015-06-30 23:41:46,745 gamma = 0.2
2015-06-30 23:41:46,745 individual factor = 10
2015-06-30 23:41:46,745 zero range = 0.002
2015-06-30 23:41:46,745 greedy level = 5
2015-06-30 23:41:46,745 

2015-06-30 23:41:48,630 Starting Training from 2015-01-01 to 2015-01-31
2015-06-30 23:54:06,332 Starting Live from 2015-02-01 to 2015-03-03
2015-06-30 23:56:09,580 Starting Live from 2015-02-01 to 2015-03-03
2015-06-30 23:56:13,993 Starting Live from 2015-02-01 to 2015-03-03
2015-07-01 00:10:50,197 Starting Training from 2015-02-01 to 2015-03-03
2015-07-01 00:12:11,328 Starting Live from 2015-03-04 to 2015-04-03
2015-07-01 00:12:55,696 Starting Training from 2015-02-01 to 2015-03-03
2015-07-01 00:12:56,796 Starting Training from 2015-02-01 to 2015-03-03
2015-07-01 00:14:13,982 Starting Live from 2015-03-04 to 2015-04-03
2015-07-01 00:14:14,015 Starting Live from 2015-03-04 to 2015-04-03
2015-07-01 00:28:49,267 Starting Training from 2015-03-04 to 2015-04-03
2015-07-01 00:30:05,681 Starting Live from 2015-04-04 to 2015-04-10
2015-07-01 00:30:24,967 Starting Training from 2015-03-04 to 2015-04-03
2015-07-01 00:30:59,342 Starting Training from 2015-03-04 to 2015-04-03
2015-07-01 00:32:15,373 Starting Live from 2015-04-04 to 2015-04-10
2015-07-01 00:32:23,150 Starting Live from 2015-04-04 to 2015-04-10
2015-07-01 00:34:10,861 Starting Q Learning for : 
2015-07-01 00:34:10,861 alpha = 0.6
2015-07-01 00:34:10,861 gamma = 0.7
2015-07-01 00:34:10,862 individual factor = 10
2015-07-01 00:34:10,862 zero range = 0.002
2015-07-01 00:34:10,862 greedy level = 5
2015-07-01 00:34:10,862 

2015-07-01 00:34:12,882 Starting Training from 2015-01-01 to 2015-01-31
2015-07-01 00:36:15,401 Starting Q Learning for : 
2015-07-01 00:36:15,401 alpha = 0.5
2015-07-01 00:36:15,401 gamma = 0.1
2015-07-01 00:36:15,401 individual factor = 10
2015-07-01 00:36:15,401 zero range = 0.006
2015-07-01 00:36:15,401 greedy level = 5
2015-07-01 00:36:15,401 

2015-07-01 00:36:16,679 Starting Training from 2015-01-01 to 2015-01-31
2015-07-01 00:36:26,855 Starting Q Learning for : 
2015-07-01 00:36:26,855 alpha = 0.2
2015-07-01 00:36:26,855 gamma = 0.3
2015-07-01 00:36:26,855 individual factor = 10
2015-07-01 00:36:26,855 zero range = 0.006
2015-07-01 00:36:26,855 greedy level = 5
2015-07-01 00:36:26,856 

2015-07-01 00:36:28,245 Starting Training from 2015-01-01 to 2015-01-31
2015-07-01 00:48:33,522 Starting Live from 2015-02-01 to 2015-03-03
2015-07-01 00:50:20,528 Starting Live from 2015-02-01 to 2015-03-03
2015-07-01 00:50:36,874 Starting Live from 2015-02-01 to 2015-03-03
2015-07-01 01:04:36,806 Starting Training from 2015-02-01 to 2015-03-03
2015-07-01 01:05:53,746 Starting Live from 2015-03-04 to 2015-04-03
2015-07-01 01:07:05,453 Starting Training from 2015-02-01 to 2015-03-03
2015-07-01 01:07:24,304 Starting Training from 2015-02-01 to 2015-03-03
2015-07-01 01:08:20,798 Starting Live from 2015-03-04 to 2015-04-03
2015-07-01 01:08:38,385 Starting Live from 2015-03-04 to 2015-04-03
2015-07-01 01:19:05,077 Starting Training from 2015-03-04 to 2015-04-03
2015-07-01 01:23:08,246 Starting Live from 2015-04-04 to 2015-04-10
2015-07-01 01:25:26,342 Starting Training from 2015-03-04 to 2015-04-03
2015-07-01 01:25:47,154 Starting Training from 2015-03-04 to 2015-04-03
2015-07-01 01:26:48,884 Starting Live from 2015-04-04 to 2015-04-10
2015-07-01 01:26:48,933 Starting Q Learning for : 
2015-07-01 01:26:48,933 alpha = 0.6
2015-07-01 01:26:48,933 gamma = 0.8
2015-07-01 01:26:48,933 individual factor = 10
2015-07-01 01:26:48,933 zero range = 0.002
2015-07-01 01:26:48,933 greedy level = 5
2015-07-01 01:26:48,933 

2015-07-01 01:26:51,209 Starting Training from 2015-01-01 to 2015-01-31
2015-07-01 01:27:09,881 Starting Live from 2015-04-04 to 2015-04-10
2015-07-01 01:30:54,133 Starting Q Learning for : 
2015-07-01 01:30:54,133 alpha = 0.5
2015-07-01 01:30:54,133 gamma = 0.2
2015-07-01 01:30:54,133 individual factor = 10
2015-07-01 01:30:54,133 zero range = 0.006
2015-07-01 01:30:54,133 greedy level = 5
2015-07-01 01:30:54,133 

2015-07-01 01:30:56,105 Starting Training from 2015-01-01 to 2015-01-31
2015-07-01 01:31:12,051 Starting Q Learning for : 
2015-07-01 01:31:12,051 alpha = 0.2
2015-07-01 01:31:12,052 gamma = 0.4
2015-07-01 01:31:12,052 individual factor = 10
2015-07-01 01:31:12,052 zero range = 0.006
2015-07-01 01:31:12,052 greedy level = 5
2015-07-01 01:31:12,052 

2015-07-01 01:31:13,249 Starting Training from 2015-01-01 to 2015-01-31
2015-07-01 01:40:59,970 Starting Live from 2015-02-01 to 2015-03-03
2015-07-01 01:45:01,196 Starting Live from 2015-02-01 to 2015-03-03
2015-07-01 01:45:20,780 Starting Live from 2015-02-01 to 2015-03-03
2015-07-01 01:56:15,855 Starting Training from 2015-02-01 to 2015-03-03
2015-07-01 01:57:47,686 Starting Live from 2015-03-04 to 2015-04-03
2015-07-01 02:02:55,597 Starting Training from 2015-02-01 to 2015-03-03
2015-07-01 02:03:17,641 Starting Training from 2015-02-01 to 2015-03-03
2015-07-01 02:04:08,386 Starting Live from 2015-03-04 to 2015-04-03
2015-07-01 02:04:42,165 Starting Live from 2015-03-04 to 2015-04-03
2015-07-01 02:06:37,740 Starting Training from 2015-03-04 to 2015-04-03
2015-07-01 02:14:34,822 Starting Live from 2015-04-04 to 2015-04-10
2015-07-01 02:17:57,670 Starting Q Learning for : 
2015-07-01 02:17:57,671 alpha = 0.8
2015-07-01 02:17:57,671 gamma = 0.1
2015-07-01 02:17:57,671 individual factor = 10
2015-07-01 02:17:57,671 zero range = 0.002
2015-07-01 02:17:57,671 greedy level = 5
2015-07-01 02:17:57,671 

2015-07-01 02:17:59,100 Starting Training from 2015-01-01 to 2015-01-31
2015-07-01 02:21:08,950 Starting Training from 2015-03-04 to 2015-04-03
2015-07-01 02:21:38,944 Starting Training from 2015-03-04 to 2015-04-03
2015-07-01 02:22:24,092 Starting Live from 2015-04-04 to 2015-04-10
2015-07-01 02:22:55,057 Starting Live from 2015-04-04 to 2015-04-10
2015-07-01 02:28:13,464 Starting Q Learning for : 
2015-07-01 02:28:13,464 alpha = 0.5
2015-07-01 02:28:13,464 gamma = 0.3
2015-07-01 02:28:13,464 individual factor = 10
2015-07-01 02:28:13,464 zero range = 0.006
2015-07-01 02:28:13,464 greedy level = 5
2015-07-01 02:28:13,464 

2015-07-01 02:28:16,684 Starting Training from 2015-01-01 to 2015-01-31
2015-07-01 02:28:50,450 Starting Q Learning for : 
2015-07-01 02:28:50,450 alpha = 0.2
2015-07-01 02:28:50,450 gamma = 0.5
2015-07-01 02:28:50,450 individual factor = 10
2015-07-01 02:28:50,450 zero range = 0.006
2015-07-01 02:28:50,450 greedy level = 5
2015-07-01 02:28:50,450 

2015-07-01 02:28:52,678 Starting Training from 2015-01-01 to 2015-01-31
2015-07-01 02:32:05,650 Starting Live from 2015-02-01 to 2015-03-03
2015-07-01 02:40:30,884 Starting Live from 2015-02-01 to 2015-03-03
2015-07-01 02:40:57,431 Starting Live from 2015-02-01 to 2015-03-03
2015-07-01 02:48:20,196 Starting Training from 2015-02-01 to 2015-03-03
2015-07-01 02:49:37,508 Starting Live from 2015-03-04 to 2015-04-03
2015-07-01 02:56:54,087 Starting Training from 2015-02-01 to 2015-03-03
2015-07-01 02:57:24,030 Starting Training from 2015-02-01 to 2015-03-03
2015-07-01 02:58:15,462 Starting Live from 2015-03-04 to 2015-04-03
2015-07-01 02:58:41,197 Starting Live from 2015-03-04 to 2015-04-03
2015-07-01 03:06:09,619 Starting Training from 2015-03-04 to 2015-04-03
2015-07-01 03:07:30,498 Starting Live from 2015-04-04 to 2015-04-10
2015-07-01 03:12:03,705 Starting Q Learning for : 
2015-07-01 03:12:03,705 alpha = 0.8
2015-07-01 03:12:03,705 gamma = 0.2
2015-07-01 03:12:03,705 individual factor = 10
2015-07-01 03:12:03,706 zero range = 0.002
2015-07-01 03:12:03,706 greedy level = 5
2015-07-01 03:12:03,706 

2015-07-01 03:12:05,409 Starting Training from 2015-01-01 to 2015-01-31
2015-07-01 03:15:35,282 Starting Training from 2015-03-04 to 2015-04-03
2015-07-01 03:16:04,833 Starting Training from 2015-03-04 to 2015-04-03
2015-07-01 03:17:06,685 Starting Live from 2015-04-04 to 2015-04-10
2015-07-01 03:18:36,572 Starting Live from 2015-04-04 to 2015-04-10
2015-07-01 03:22:42,879 Starting Q Learning for : 
2015-07-01 03:22:42,942 alpha = 0.5
2015-07-01 03:22:42,942 gamma = 0.4
2015-07-01 03:22:42,942 individual factor = 10
2015-07-01 03:22:42,943 zero range = 0.006
2015-07-01 03:22:42,943 greedy level = 5
2015-07-01 03:22:42,943 

2015-07-01 03:22:45,166 Starting Training from 2015-01-01 to 2015-01-31
2015-07-01 03:23:25,861 Starting Q Learning for : 
2015-07-01 03:23:25,861 alpha = 0.2
2015-07-01 03:23:25,861 gamma = 0.6
2015-07-01 03:23:25,861 individual factor = 10
2015-07-01 03:23:25,861 zero range = 0.006
2015-07-01 03:23:25,861 greedy level = 5
2015-07-01 03:23:25,861 

2015-07-01 03:23:27,022 Starting Training from 2015-01-01 to 2015-01-31
2015-07-01 03:26:00,497 Starting Live from 2015-02-01 to 2015-03-03
2015-07-01 03:34:59,089 Starting Live from 2015-02-01 to 2015-03-03
2015-07-01 03:36:30,998 Starting Live from 2015-02-01 to 2015-03-03
2015-07-01 03:42:04,625 Starting Training from 2015-02-01 to 2015-03-03
2015-07-01 03:43:27,436 Starting Live from 2015-03-04 to 2015-04-03
2015-07-01 03:50:48,897 Starting Training from 2015-02-01 to 2015-03-03
2015-07-01 03:51:37,711 Starting Training from 2015-02-01 to 2015-03-03
2015-07-01 03:52:27,782 Starting Live from 2015-03-04 to 2015-04-03
2015-07-01 03:54:35,018 Starting Live from 2015-03-04 to 2015-04-03
2015-07-01 03:59:06,239 Starting Training from 2015-03-04 to 2015-04-03
2015-07-01 04:00:27,641 Starting Live from 2015-04-04 to 2015-04-10
2015-07-01 04:04:20,003 Starting Q Learning for : 
2015-07-01 04:04:20,003 alpha = 0.8
2015-07-01 04:04:20,003 gamma = 0.3
2015-07-01 04:04:20,003 individual factor = 10
2015-07-01 04:04:20,003 zero range = 0.002
2015-07-01 04:04:20,003 greedy level = 5
2015-07-01 04:04:20,003 

2015-07-01 04:04:21,191 Starting Training from 2015-01-01 to 2015-01-31
2015-07-01 04:07:49,945 Starting Training from 2015-03-04 to 2015-04-03
2015-07-01 04:09:28,729 Starting Training from 2015-03-04 to 2015-04-03
2015-07-01 04:11:13,727 Starting Live from 2015-04-04 to 2015-04-10
2015-07-01 04:12:10,766 Starting Live from 2015-04-04 to 2015-04-10
2015-07-01 04:15:27,544 Starting Q Learning for : 
2015-07-01 04:15:27,544 alpha = 0.5
2015-07-01 04:15:27,544 gamma = 0.5
2015-07-01 04:15:27,544 individual factor = 10
2015-07-01 04:15:27,544 zero range = 0.006
2015-07-01 04:15:27,544 greedy level = 5
2015-07-01 04:15:27,544 

2015-07-01 04:15:28,797 Starting Training from 2015-01-01 to 2015-01-31
2015-07-01 04:16:11,691 Starting Q Learning for : 
2015-07-01 04:16:11,691 alpha = 0.2
2015-07-01 04:16:11,691 gamma = 0.7
2015-07-01 04:16:11,691 individual factor = 10
2015-07-01 04:16:11,691 zero range = 0.006
2015-07-01 04:16:11,691 greedy level = 5
2015-07-01 04:16:11,691 

2015-07-01 04:16:13,107 Starting Training from 2015-01-01 to 2015-01-31
2015-07-01 04:18:11,814 Starting Live from 2015-02-01 to 2015-03-03
2015-07-01 04:30:28,781 Starting Live from 2015-02-01 to 2015-03-03
2015-07-01 04:31:10,830 Starting Live from 2015-02-01 to 2015-03-03
2015-07-01 04:35:30,911 Starting Training from 2015-02-01 to 2015-03-03
2015-07-01 04:36:42,523 Starting Live from 2015-03-04 to 2015-04-03
2015-07-01 04:46:32,520 Starting Training from 2015-02-01 to 2015-03-03
2015-07-01 04:46:43,779 Starting Training from 2015-02-01 to 2015-03-03
2015-07-01 04:47:50,648 Starting Live from 2015-03-04 to 2015-04-03
2015-07-01 04:48:00,821 Starting Live from 2015-03-04 to 2015-04-03
2015-07-01 04:52:52,874 Starting Training from 2015-03-04 to 2015-04-03
2015-07-01 04:54:09,386 Starting Live from 2015-04-04 to 2015-04-10
2015-07-01 04:58:08,650 Starting Q Learning for : 
2015-07-01 04:58:08,650 alpha = 0.8
2015-07-01 04:58:08,650 gamma = 0.4
2015-07-01 04:58:08,650 individual factor = 10
2015-07-01 04:58:08,650 zero range = 0.002
2015-07-01 04:58:08,650 greedy level = 5
2015-07-01 04:58:08,650 

2015-07-01 04:58:10,270 Starting Training from 2015-01-01 to 2015-01-31
2015-07-01 04:58:42,846 Starting Training from 2015-03-04 to 2015-04-03
2015-07-01 05:03:35,938 Starting Training from 2015-03-04 to 2015-04-03
2015-07-01 05:04:15,227 Starting Live from 2015-04-04 to 2015-04-10
2015-07-01 05:05:00,483 Starting Live from 2015-04-04 to 2015-04-10
2015-07-01 05:07:45,292 Starting Q Learning for : 
2015-07-01 05:07:45,293 alpha = 0.2
2015-07-01 05:07:45,293 gamma = 0.8
2015-07-01 05:07:45,293 individual factor = 10
2015-07-01 05:07:45,293 zero range = 0.006
2015-07-01 05:07:45,293 greedy level = 5
2015-07-01 05:07:45,293 

2015-07-01 05:07:47,182 Starting Training from 2015-01-01 to 2015-01-31
2015-07-01 05:08:55,406 Starting Q Learning for : 
2015-07-01 05:08:55,406 alpha = 0.5
2015-07-01 05:08:55,406 gamma = 0.6
2015-07-01 05:08:55,406 individual factor = 10
2015-07-01 05:08:55,406 zero range = 0.006
2015-07-01 05:08:55,406 greedy level = 5
2015-07-01 05:08:55,406 

2015-07-01 05:08:56,997 Starting Training from 2015-01-01 to 2015-01-31
2015-07-01 05:11:55,035 Starting Live from 2015-02-01 to 2015-03-03
2015-07-01 05:21:44,342 Starting Live from 2015-02-01 to 2015-03-03
2015-07-01 05:22:41,124 Starting Live from 2015-02-01 to 2015-03-03
2015-07-01 05:28:05,419 Starting Training from 2015-02-01 to 2015-03-03
2015-07-01 05:29:19,526 Starting Live from 2015-03-04 to 2015-04-03
2015-07-01 05:34:01,972 Starting Training from 2015-02-01 to 2015-03-03
2015-07-01 05:35:56,986 Starting Live from 2015-03-04 to 2015-04-03
2015-07-01 05:38:22,431 Starting Training from 2015-02-01 to 2015-03-03
2015-07-01 05:39:59,866 Starting Live from 2015-03-04 to 2015-04-03
2015-07-01 05:45:02,643 Starting Training from 2015-03-04 to 2015-04-03
2015-07-01 05:45:09,664 Starting Training from 2015-03-04 to 2015-04-03
2015-07-01 05:46:24,118 Starting Live from 2015-04-04 to 2015-04-10
2015-07-01 05:50:21,545 Starting Q Learning for : 
2015-07-01 05:50:21,545 alpha = 0.8
2015-07-01 05:50:21,545 gamma = 0.5
2015-07-01 05:50:21,545 individual factor = 10
2015-07-01 05:50:21,545 zero range = 0.002
2015-07-01 05:50:21,545 greedy level = 5
2015-07-01 05:50:21,545 

2015-07-01 05:50:23,422 Starting Training from 2015-01-01 to 2015-01-31
2015-07-01 05:51:01,005 Starting Live from 2015-04-04 to 2015-04-10
2015-07-01 05:55:29,688 Starting Training from 2015-03-04 to 2015-04-03
2015-07-01 05:56:04,670 Starting Q Learning for : 
2015-07-01 05:56:04,670 alpha = 0.4
2015-07-01 05:56:04,670 gamma = 0.1
2015-07-01 05:56:04,670 individual factor = 10
2015-07-01 05:56:04,670 zero range = 0.006
2015-07-01 05:56:04,670 greedy level = 5
2015-07-01 05:56:04,670 

2015-07-01 05:56:06,868 Starting Training from 2015-01-01 to 2015-01-31
2015-07-01 05:57:09,745 Starting Live from 2015-04-04 to 2015-04-10
2015-07-01 06:00:59,888 Starting Q Learning for : 
2015-07-01 06:00:59,888 alpha = 0.5
2015-07-01 06:00:59,888 gamma = 0.7
2015-07-01 06:00:59,888 individual factor = 10
2015-07-01 06:00:59,888 zero range = 0.006
2015-07-01 06:00:59,888 greedy level = 5
2015-07-01 06:00:59,888 

2015-07-01 06:01:02,629 Starting Training from 2015-01-01 to 2015-01-31
2015-07-01 06:03:58,658 Starting Live from 2015-02-01 to 2015-03-03
2015-07-01 06:08:38,656 Starting Live from 2015-02-01 to 2015-03-03
2015-07-01 06:15:42,765 Starting Live from 2015-02-01 to 2015-03-03
2015-07-01 06:21:29,252 Starting Training from 2015-02-01 to 2015-03-03
2015-07-01 06:22:44,515 Starting Live from 2015-03-04 to 2015-04-03
2015-07-01 06:25:16,538 Starting Training from 2015-02-01 to 2015-03-03
2015-07-01 06:28:21,941 Starting Live from 2015-03-04 to 2015-04-03
2015-07-01 06:31:51,458 Starting Training from 2015-02-01 to 2015-03-03
2015-07-01 06:33:11,506 Starting Live from 2015-03-04 to 2015-04-03
2015-07-01 06:39:21,367 Starting Training from 2015-03-04 to 2015-04-03
2015-07-01 06:40:37,113 Starting Live from 2015-04-04 to 2015-04-10
2015-07-01 06:44:16,455 Starting Training from 2015-03-04 to 2015-04-03
2015-07-01 06:45:09,420 Starting Training from 2015-03-04 to 2015-04-03
2015-07-01 06:46:02,995 Starting Q Learning for : 
2015-07-01 06:46:02,996 alpha = 0.8
2015-07-01 06:46:02,996 gamma = 0.6
2015-07-01 06:46:02,996 individual factor = 10
2015-07-01 06:46:02,996 zero range = 0.002
2015-07-01 06:46:02,996 greedy level = 5
2015-07-01 06:46:02,996 

2015-07-01 06:46:05,403 Starting Training from 2015-01-01 to 2015-01-31
2015-07-01 06:46:30,576 Starting Live from 2015-04-04 to 2015-04-10
2015-07-01 06:49:23,821 Starting Live from 2015-04-04 to 2015-04-10
2015-07-01 06:50:44,298 Starting Q Learning for : 
2015-07-01 06:50:44,298 alpha = 0.4
2015-07-01 06:50:44,298 gamma = 0.2
2015-07-01 06:50:44,298 individual factor = 10
2015-07-01 06:50:44,298 zero range = 0.006
2015-07-01 06:50:44,298 greedy level = 5
2015-07-01 06:50:44,298 

2015-07-01 06:50:45,733 Starting Training from 2015-01-01 to 2015-01-31
2015-07-01 06:52:46,318 Starting Q Learning for : 
2015-07-01 06:52:46,318 alpha = 0.5
2015-07-01 06:52:46,318 gamma = 0.8
2015-07-01 06:52:46,318 individual factor = 10
2015-07-01 06:52:46,318 zero range = 0.006
2015-07-01 06:52:46,318 greedy level = 5
2015-07-01 06:52:46,318 

2015-07-01 06:52:47,363 Starting Training from 2015-01-01 to 2015-01-31
2015-07-01 06:58:11,705 Starting Live from 2015-02-01 to 2015-03-03
2015-07-01 07:04:29,245 Starting Live from 2015-02-01 to 2015-03-03
2015-07-01 07:06:38,758 Starting Live from 2015-02-01 to 2015-03-03
2015-07-01 07:14:10,620 Starting Training from 2015-02-01 to 2015-03-03
2015-07-01 07:15:24,621 Starting Live from 2015-03-04 to 2015-04-03
2015-07-01 07:19:21,537 Starting Training from 2015-02-01 to 2015-03-03
2015-07-01 07:20:24,818 Starting Training from 2015-02-01 to 2015-03-03
2015-07-01 07:21:47,720 Starting Live from 2015-03-04 to 2015-04-03
2015-07-01 07:22:09,983 Starting Live from 2015-03-04 to 2015-04-03
2015-07-01 07:30:09,571 Starting Training from 2015-03-04 to 2015-04-03
2015-07-01 07:32:07,956 Starting Training from 2015-03-04 to 2015-04-03
2015-07-01 07:33:18,837 Starting Live from 2015-04-04 to 2015-04-10
2015-07-01 07:37:43,436 Starting Live from 2015-04-04 to 2015-04-10
2015-07-01 07:37:45,483 Starting Training from 2015-03-04 to 2015-04-03
2015-07-01 07:38:42,176 Starting Q Learning for : 
2015-07-01 07:38:42,176 alpha = 0.8
2015-07-01 07:38:42,176 gamma = 0.7
2015-07-01 07:38:42,176 individual factor = 10
2015-07-01 07:38:42,176 zero range = 0.002
2015-07-01 07:38:42,176 greedy level = 5
2015-07-01 07:38:42,176 

2015-07-01 07:38:43,922 Starting Training from 2015-01-01 to 2015-01-31
2015-07-01 07:39:00,462 Starting Live from 2015-04-04 to 2015-04-10
2015-07-01 07:40:58,025 Starting Q Learning for : 
2015-07-01 07:40:58,025 alpha = 0.2
2015-07-01 07:40:58,025 gamma = 0.1
2015-07-01 07:40:58,025 individual factor = 10
2015-07-01 07:40:58,025 zero range = 0.006
2015-07-01 07:40:58,025 greedy level = 5
2015-07-01 07:40:58,026 

2015-07-01 07:40:59,341 Starting Training from 2015-01-01 to 2015-01-31
2015-07-01 07:42:47,086 Starting Q Learning for : 
2015-07-01 07:42:47,086 alpha = 0.4
2015-07-01 07:42:47,086 gamma = 0.3
2015-07-01 07:42:47,086 individual factor = 10
2015-07-01 07:42:47,086 zero range = 0.006
2015-07-01 07:42:47,086 greedy level = 5
2015-07-01 07:42:47,086 

2015-07-01 07:42:48,676 Starting Training from 2015-01-01 to 2015-01-31
2015-07-01 07:50:29,309 Starting Live from 2015-02-01 to 2015-03-03
2015-07-01 07:54:36,382 Starting Live from 2015-02-01 to 2015-03-03
2015-07-01 07:56:19,957 Starting Live from 2015-02-01 to 2015-03-03
2015-07-01 08:05:48,066 Starting Training from 2015-02-01 to 2015-03-03
2015-07-01 08:07:00,381 Starting Live from 2015-03-04 to 2015-04-03
2015-07-01 08:08:39,579 Starting Training from 2015-02-01 to 2015-03-03
2015-07-01 08:12:03,948 Starting Live from 2015-03-04 to 2015-04-03
2015-07-01 08:12:08,167 Starting Training from 2015-02-01 to 2015-03-03
2015-07-01 08:13:22,113 Starting Live from 2015-03-04 to 2015-04-03
2015-07-01 08:19:32,077 Starting Training from 2015-03-04 to 2015-04-03
2015-07-01 08:23:03,385 Starting Live from 2015-04-04 to 2015-04-10
2015-07-01 08:27:14,207 Starting Training from 2015-03-04 to 2015-04-03
2015-07-01 08:27:51,204 Starting Q Learning for : 
2015-07-01 08:27:51,204 alpha = 0.8
2015-07-01 08:27:51,204 gamma = 0.8
2015-07-01 08:27:51,205 individual factor = 10
2015-07-01 08:27:51,205 zero range = 0.002
2015-07-01 08:27:51,205 greedy level = 5
2015-07-01 08:27:51,205 

2015-07-01 08:27:54,800 Starting Training from 2015-01-01 to 2015-01-31
2015-07-01 08:29:14,128 Starting Training from 2015-03-04 to 2015-04-03
2015-07-01 08:29:23,322 Starting Live from 2015-04-04 to 2015-04-10
2015-07-01 08:30:52,917 Starting Live from 2015-04-04 to 2015-04-10
2015-07-01 08:33:37,322 Starting Q Learning for : 
2015-07-01 08:33:37,322 alpha = 0.2
2015-07-01 08:33:37,322 gamma = 0.2
2015-07-01 08:33:37,322 individual factor = 10
2015-07-01 08:33:37,322 zero range = 0.006
2015-07-01 08:33:37,322 greedy level = 5
2015-07-01 08:33:37,322 

2015-07-01 08:33:38,798 Starting Training from 2015-01-01 to 2015-01-31
2015-07-01 08:34:41,705 Starting Q Learning for : 
2015-07-01 08:34:41,705 alpha = 0.4
2015-07-01 08:34:41,705 gamma = 0.4
2015-07-01 08:34:41,705 individual factor = 10
2015-07-01 08:34:41,705 zero range = 0.006
2015-07-01 08:34:41,705 greedy level = 5
2015-07-01 08:34:41,705 

2015-07-01 08:34:42,805 Starting Training from 2015-01-01 to 2015-01-31
2015-07-01 08:40:15,189 Starting Live from 2015-02-01 to 2015-03-03
2015-07-01 08:47:07,197 Starting Live from 2015-02-01 to 2015-03-03
2015-07-01 08:48:13,608 Starting Live from 2015-02-01 to 2015-03-03
2015-07-01 08:54:24,990 Starting Training from 2015-02-01 to 2015-03-03
2015-07-01 08:55:48,127 Starting Live from 2015-03-04 to 2015-04-03
2015-07-01 09:01:59,074 Starting Training from 2015-02-01 to 2015-03-03
2015-07-01 09:04:11,858 Starting Training from 2015-02-01 to 2015-03-03
2015-07-01 09:04:35,649 Starting Live from 2015-03-04 to 2015-04-03
2015-07-01 09:05:13,600 Starting Training from 2015-03-04 to 2015-04-03
2015-07-01 09:05:26,432 Starting Live from 2015-03-04 to 2015-04-03
2015-07-01 09:10:56,868 Starting Live from 2015-04-04 to 2015-04-10
2015-07-01 09:14:01,945 Starting Q Learning for : 
2015-07-01 09:14:01,945 alpha = 0.4
2015-07-01 09:14:01,945 gamma = 0.5
2015-07-01 09:14:01,945 individual factor = 10
2015-07-01 09:14:01,945 zero range = 0.006
2015-07-01 09:14:01,945 greedy level = 5
2015-07-01 09:14:01,945 

2015-07-01 09:14:03,281 Starting Training from 2015-01-01 to 2015-01-31
2015-07-01 09:18:36,155 Starting Training from 2015-03-04 to 2015-04-03
2015-07-01 09:20:24,312 Starting Training from 2015-03-04 to 2015-04-03
2015-07-01 09:21:41,784 Starting Live from 2015-04-04 to 2015-04-10
2015-07-01 09:22:25,530 Starting Live from 2015-04-04 to 2015-04-10
2015-07-01 09:25:35,692 Starting Q Learning for : 
2015-07-01 09:25:35,692 alpha = 0.6
2015-07-01 09:25:35,692 gamma = 0.7
2015-07-01 09:25:35,692 individual factor = 10
2015-07-01 09:25:35,692 zero range = 0.006
2015-07-01 09:25:35,692 greedy level = 5
2015-07-01 09:25:35,693 

2015-07-01 09:25:37,267 Starting Training from 2015-01-01 to 2015-01-31
2015-07-01 09:26:21,266 Starting Q Learning for : 
2015-07-01 09:26:21,266 alpha = 0.5
2015-07-01 09:26:21,266 gamma = 0.1
2015-07-01 09:26:21,266 individual factor = 10
2015-07-01 09:26:21,266 zero range = 0.01
2015-07-01 09:26:21,266 greedy level = 5
2015-07-01 09:26:21,266 

2015-07-01 09:26:23,242 Starting Training from 2015-01-01 to 2015-01-31
2015-07-01 09:27:33,436 Starting Live from 2015-02-01 to 2015-03-03
2015-07-01 09:38:59,824 Starting Live from 2015-02-01 to 2015-03-03
2015-07-01 09:39:44,710 Starting Live from 2015-02-01 to 2015-03-03
2015-07-01 09:43:27,888 Starting Training from 2015-02-01 to 2015-03-03
2015-07-01 09:44:49,324 Starting Live from 2015-03-04 to 2015-04-03
2015-07-01 09:52:52,492 Starting Training from 2015-02-01 to 2015-03-03
2015-07-01 09:55:14,843 Starting Training from 2015-02-01 to 2015-03-03
2015-07-01 09:56:10,533 Starting Live from 2015-03-04 to 2015-04-03
2015-07-01 09:57:17,572 Starting Live from 2015-03-04 to 2015-04-03
2015-07-01 10:00:45,500 Starting Training from 2015-03-04 to 2015-04-03
2015-07-01 10:01:56,881 Starting Live from 2015-04-04 to 2015-04-10
2015-07-01 10:05:39,962 Starting Q Learning for : 
2015-07-01 10:05:39,962 alpha = 0.4
2015-07-01 10:05:39,962 gamma = 0.6
2015-07-01 10:05:39,962 individual factor = 10
2015-07-01 10:05:39,962 zero range = 0.006
2015-07-01 10:05:39,962 greedy level = 5
2015-07-01 10:05:39,962 

2015-07-01 10:05:41,589 Starting Training from 2015-01-01 to 2015-01-31
2015-07-01 10:06:56,259 Starting Training from 2015-03-04 to 2015-04-03
2015-07-01 10:09:55,351 Starting Live from 2015-04-04 to 2015-04-10
2015-07-01 10:11:15,515 Starting Training from 2015-03-04 to 2015-04-03
2015-07-01 10:14:36,291 Starting Live from 2015-04-04 to 2015-04-10
2015-07-01 10:15:29,751 Starting Q Learning for : 
2015-07-01 10:15:29,751 alpha = 0.6
2015-07-01 10:15:29,751 gamma = 0.8
2015-07-01 10:15:29,751 individual factor = 10
2015-07-01 10:15:29,751 zero range = 0.006
2015-07-01 10:15:29,751 greedy level = 5
2015-07-01 10:15:29,751 

2015-07-01 10:15:31,657 Starting Training from 2015-01-01 to 2015-01-31
2015-07-01 10:18:31,127 Starting Q Learning for : 
2015-07-01 10:18:31,127 alpha = 0.5
2015-07-01 10:18:31,127 gamma = 0.2
2015-07-01 10:18:31,127 individual factor = 10
2015-07-01 10:18:31,127 zero range = 0.01
2015-07-01 10:18:31,127 greedy level = 5
2015-07-01 10:18:31,127 

2015-07-01 10:18:32,477 Starting Training from 2015-01-01 to 2015-01-31
2015-07-01 10:19:18,805 Starting Live from 2015-02-01 to 2015-03-03
2015-07-01 10:27:37,995 Starting Live from 2015-02-01 to 2015-03-03
2015-07-01 10:32:27,195 Starting Live from 2015-02-01 to 2015-03-03
2015-07-01 10:35:50,764 Starting Training from 2015-02-01 to 2015-03-03
2015-07-01 10:37:05,229 Starting Live from 2015-03-04 to 2015-04-03
2015-07-01 10:42:21,003 Starting Training from 2015-02-01 to 2015-03-03
2015-07-01 10:43:31,979 Starting Live from 2015-03-04 to 2015-04-03
2015-07-01 10:48:02,312 Starting Training from 2015-02-01 to 2015-03-03
2015-07-01 10:50:14,166 Starting Live from 2015-03-04 to 2015-04-03
2015-07-01 10:53:30,005 Starting Training from 2015-03-04 to 2015-04-03
2015-07-01 10:53:30,641 Starting Training from 2015-03-04 to 2015-04-03
2015-07-01 10:54:40,359 Starting Live from 2015-04-04 to 2015-04-10
2015-07-01 10:58:29,746 Starting Q Learning for : 
2015-07-01 10:58:29,746 alpha = 0.4
2015-07-01 10:58:29,746 gamma = 0.7
2015-07-01 10:58:29,746 individual factor = 10
2015-07-01 10:58:29,746 zero range = 0.006
2015-07-01 10:58:29,746 greedy level = 5
2015-07-01 10:58:29,746 

2015-07-01 10:58:31,217 Starting Training from 2015-01-01 to 2015-01-31
2015-07-01 10:59:07,690 Starting Live from 2015-04-04 to 2015-04-10
2015-07-01 11:02:19,743 Starting Q Learning for : 
2015-07-01 11:02:19,743 alpha = 0.8
2015-07-01 11:02:19,743 gamma = 0.1
2015-07-01 11:02:19,743 individual factor = 10
2015-07-01 11:02:19,743 zero range = 0.006
2015-07-01 11:02:19,743 greedy level = 5
2015-07-01 11:02:19,743 

2015-07-01 11:02:21,535 Starting Training from 2015-01-01 to 2015-01-31
2015-07-01 11:06:04,918 Starting Training from 2015-03-04 to 2015-04-03
2015-07-01 11:07:31,472 Starting Live from 2015-04-04 to 2015-04-10
2015-07-01 11:11:26,083 Starting Q Learning for : 
2015-07-01 11:11:26,084 alpha = 0.5
2015-07-01 11:11:26,084 gamma = 0.3
2015-07-01 11:11:26,084 individual factor = 10
2015-07-01 11:11:26,084 zero range = 0.01
2015-07-01 11:11:26,084 greedy level = 5
2015-07-01 11:11:26,084 

2015-07-01 11:11:27,344 Starting Training from 2015-01-01 to 2015-01-31
2015-07-01 11:12:10,502 Starting Live from 2015-02-01 to 2015-03-03
2015-07-01 11:16:00,328 Starting Live from 2015-02-01 to 2015-03-03
2015-07-01 11:25:03,474 Starting Live from 2015-02-01 to 2015-03-03
2015-07-01 11:27:25,939 Starting Training from 2015-02-01 to 2015-03-03
2015-07-01 11:28:37,864 Starting Live from 2015-03-04 to 2015-04-03
2015-07-01 11:31:47,468 Starting Training from 2015-02-01 to 2015-03-03
2015-07-01 11:33:05,826 Starting Live from 2015-03-04 to 2015-04-03
2015-07-01 11:40:31,189 Starting Training from 2015-02-01 to 2015-03-03
2015-07-01 11:41:02,737 Starting Training from 2015-03-04 to 2015-04-03
2015-07-01 11:42:18,872 Starting Live from 2015-03-04 to 2015-04-03
2015-07-01 11:44:54,675 Starting Live from 2015-04-04 to 2015-04-10
2015-07-01 11:48:05,544 Starting Q Learning for : 
2015-07-01 11:48:05,544 alpha = 0.4
2015-07-01 11:48:05,544 gamma = 0.8
2015-07-01 11:48:05,544 individual factor = 10
2015-07-01 11:48:05,544 zero range = 0.006
2015-07-01 11:48:05,544 greedy level = 5
2015-07-01 11:48:05,544 

2015-07-01 11:48:06,790 Starting Training from 2015-01-01 to 2015-01-31
2015-07-01 11:49:05,290 Starting Training from 2015-03-04 to 2015-04-03
2015-07-01 11:50:19,713 Starting Live from 2015-04-04 to 2015-04-10
2015-07-01 11:54:09,058 Starting Q Learning for : 
2015-07-01 11:54:09,058 alpha = 0.8
2015-07-01 11:54:09,059 gamma = 0.2
2015-07-01 11:54:09,059 individual factor = 10
2015-07-01 11:54:09,059 zero range = 0.006
2015-07-01 11:54:09,059 greedy level = 5
2015-07-01 11:54:09,059 

2015-07-01 11:54:10,809 Starting Training from 2015-01-01 to 2015-01-31
2015-07-01 11:56:37,200 Starting Training from 2015-03-04 to 2015-04-03
2015-07-01 11:59:26,933 Starting Live from 2015-04-04 to 2015-04-10
2015-07-01 12:01:45,513 Starting Live from 2015-02-01 to 2015-03-03
2015-07-01 12:03:08,671 Starting Q Learning for : 
2015-07-01 12:03:08,671 alpha = 0.5
2015-07-01 12:03:08,671 gamma = 0.4
2015-07-01 12:03:08,671 individual factor = 10
2015-07-01 12:03:08,671 zero range = 0.01
2015-07-01 12:03:08,671 greedy level = 5
2015-07-01 12:03:08,671 

2015-07-01 12:03:09,942 Starting Training from 2015-01-01 to 2015-01-31
2015-07-01 12:07:21,419 Starting Live from 2015-02-01 to 2015-03-03
2015-07-01 12:14:00,369 Starting Training from 2015-02-01 to 2015-03-03
2015-07-01 12:15:50,470 Starting Live from 2015-02-01 to 2015-03-03
2015-07-01 12:17:01,859 Starting Live from 2015-03-04 to 2015-04-03
2015-07-01 12:23:00,721 Starting Training from 2015-02-01 to 2015-03-03
2015-07-01 12:24:13,568 Starting Live from 2015-03-04 to 2015-04-03
2015-07-01 12:24:34,757 Starting Training from 2015-03-04 to 2015-04-03
2015-07-01 12:30:08,694 Starting Training from 2015-02-01 to 2015-03-03
2015-07-01 12:30:26,027 Starting Live from 2015-04-04 to 2015-04-10
2015-07-01 12:33:19,119 Starting Live from 2015-03-04 to 2015-04-03
2015-07-01 12:35:13,904 Starting Q Learning for : 
2015-07-01 12:35:13,904 alpha = 0.6
2015-07-01 12:35:13,905 gamma = 0.1
2015-07-01 12:35:13,905 individual factor = 10
2015-07-01 12:35:13,905 zero range = 0.006
2015-07-01 12:35:13,905 greedy level = 5
2015-07-01 12:35:13,905 

2015-07-01 12:35:15,476 Starting Training from 2015-01-01 to 2015-01-31
2015-07-01 12:39:36,779 Starting Training from 2015-03-04 to 2015-04-03
2015-07-01 12:40:45,443 Starting Live from 2015-04-04 to 2015-04-10
2015-07-01 12:44:39,246 Starting Q Learning for : 
2015-07-01 12:44:39,246 alpha = 0.8
2015-07-01 12:44:39,246 gamma = 0.3
2015-07-01 12:44:39,246 individual factor = 10
2015-07-01 12:44:39,246 zero range = 0.006
2015-07-01 12:44:39,246 greedy level = 5
2015-07-01 12:44:39,246 

2015-07-01 12:44:40,574 Starting Training from 2015-01-01 to 2015-01-31
2015-07-01 12:46:52,022 Starting Live from 2015-02-01 to 2015-03-03
2015-07-01 12:47:30,374 Starting Training from 2015-03-04 to 2015-04-03
2015-07-01 12:50:47,523 Starting Live from 2015-04-04 to 2015-04-10
2015-07-01 12:54:59,234 Starting Q Learning for : 
2015-07-01 12:54:59,234 alpha = 0.5
2015-07-01 12:54:59,234 gamma = 0.5
2015-07-01 12:54:59,234 individual factor = 10
2015-07-01 12:54:59,234 zero range = 0.01
2015-07-01 12:54:59,234 greedy level = 5
2015-07-01 12:54:59,234 

2015-07-01 12:55:01,229 Starting Training from 2015-01-01 to 2015-01-31
2015-07-01 12:58:13,353 Starting Live from 2015-02-01 to 2015-03-03
2015-07-01 13:02:34,574 Starting Training from 2015-02-01 to 2015-03-03
2015-07-01 13:03:49,312 Starting Live from 2015-03-04 to 2015-04-03
2015-07-01 13:07:32,359 Starting Live from 2015-02-01 to 2015-03-03
2015-07-01 13:13:52,749 Starting Training from 2015-02-01 to 2015-03-03
2015-07-01 13:15:06,357 Starting Live from 2015-03-04 to 2015-04-03
2015-07-01 13:19:29,481 Starting Training from 2015-03-04 to 2015-04-03
2015-07-01 13:20:42,404 Starting Live from 2015-04-04 to 2015-04-10
2015-07-01 13:22:06,702 Starting Training from 2015-02-01 to 2015-03-03
2015-07-01 13:24:29,628 Starting Live from 2015-03-04 to 2015-04-03
2015-07-01 13:26:23,388 Starting Q Learning for : 
2015-07-01 13:26:23,388 alpha = 0.6
2015-07-01 13:26:23,388 gamma = 0.2
2015-07-01 13:26:23,388 individual factor = 10
2015-07-01 13:26:23,388 zero range = 0.006
2015-07-01 13:26:23,388 greedy level = 5
2015-07-01 13:26:23,388 

2015-07-01 13:26:25,746 Starting Training from 2015-01-01 to 2015-01-31
2015-07-01 13:30:47,593 Starting Training from 2015-03-04 to 2015-04-03
2015-07-01 13:32:00,969 Starting Live from 2015-04-04 to 2015-04-10
2015-07-01 13:35:44,835 Starting Q Learning for : 
2015-07-01 13:35:44,835 alpha = 0.8
2015-07-01 13:35:44,835 gamma = 0.4
2015-07-01 13:35:44,835 individual factor = 10
2015-07-01 13:35:44,835 zero range = 0.006
2015-07-01 13:35:44,835 greedy level = 5
2015-07-01 13:35:44,835 

2015-07-01 13:35:46,483 Starting Training from 2015-01-01 to 2015-01-31
2015-07-01 13:37:45,522 Starting Live from 2015-02-01 to 2015-03-03
2015-07-01 13:39:06,645 Starting Training from 2015-03-04 to 2015-04-03
2015-07-01 13:40:19,899 Starting Live from 2015-04-04 to 2015-04-10
2015-07-01 13:46:17,656 Starting Q Learning for : 
2015-07-01 13:46:17,656 alpha = 0.5
2015-07-01 13:46:17,656 gamma = 0.6
2015-07-01 13:46:17,656 individual factor = 10
2015-07-01 13:46:17,656 zero range = 0.01
2015-07-01 13:46:17,656 greedy level = 5
2015-07-01 13:46:17,656 

2015-07-01 13:46:19,197 Starting Training from 2015-01-01 to 2015-01-31
2015-07-01 13:49:13,229 Starting Live from 2015-02-01 to 2015-03-03
2015-07-01 13:53:27,025 Starting Training from 2015-02-01 to 2015-03-03
2015-07-01 13:54:40,342 Starting Live from 2015-03-04 to 2015-04-03
2015-07-01 13:57:29,770 Starting Live from 2015-02-01 to 2015-03-03
2015-07-01 14:04:34,612 Starting Training from 2015-02-01 to 2015-03-03
2015-07-01 14:05:48,018 Starting Live from 2015-03-04 to 2015-04-03
2015-07-01 14:10:21,070 Starting Training from 2015-03-04 to 2015-04-03
2015-07-01 14:11:32,391 Starting Live from 2015-04-04 to 2015-04-10
2015-07-01 14:12:55,830 Starting Training from 2015-02-01 to 2015-03-03
2015-07-01 14:14:08,933 Starting Live from 2015-03-04 to 2015-04-03
2015-07-01 14:15:21,100 Starting Q Learning for : 
2015-07-01 14:15:21,100 alpha = 0.6
2015-07-01 14:15:21,100 gamma = 0.3
2015-07-01 14:15:21,100 individual factor = 10
2015-07-01 14:15:21,100 zero range = 0.006
2015-07-01 14:15:21,100 greedy level = 5
2015-07-01 14:15:21,100 

2015-07-01 14:15:22,318 Starting Training from 2015-01-01 to 2015-01-31
2015-07-01 14:21:47,410 Starting Training from 2015-03-04 to 2015-04-03
2015-07-01 14:23:00,908 Starting Live from 2015-04-04 to 2015-04-10
2015-07-01 14:26:52,931 Starting Q Learning for : 
2015-07-01 14:26:52,931 alpha = 0.8
2015-07-01 14:26:52,931 gamma = 0.5
2015-07-01 14:26:52,931 individual factor = 10
2015-07-01 14:26:52,931 zero range = 0.006
2015-07-01 14:26:52,931 greedy level = 5
2015-07-01 14:26:52,931 

2015-07-01 14:26:54,390 Starting Training from 2015-01-01 to 2015-01-31
2015-07-01 14:29:04,714 Starting Live from 2015-02-01 to 2015-03-03
2015-07-01 14:29:59,913 Starting Training from 2015-03-04 to 2015-04-03
2015-07-01 14:31:14,370 Starting Live from 2015-04-04 to 2015-04-10
2015-07-01 14:36:30,758 Starting Q Learning for : 
2015-07-01 14:36:30,758 alpha = 0.5
2015-07-01 14:36:30,758 gamma = 0.7
2015-07-01 14:36:30,758 individual factor = 10
2015-07-01 14:36:30,758 zero range = 0.01
2015-07-01 14:36:30,758 greedy level = 5
2015-07-01 14:36:30,759 

2015-07-01 14:36:33,070 Starting Training from 2015-01-01 to 2015-01-31
2015-07-01 14:40:31,804 Starting Live from 2015-02-01 to 2015-03-03
2015-07-01 14:44:56,366 Starting Training from 2015-02-01 to 2015-03-03
2015-07-01 14:46:08,544 Starting Live from 2015-03-04 to 2015-04-03
2015-07-01 14:48:45,943 Starting Live from 2015-02-01 to 2015-03-03
2015-07-01 14:55:50,160 Starting Training from 2015-02-01 to 2015-03-03
2015-07-01 14:57:04,826 Starting Live from 2015-03-04 to 2015-04-03
2015-07-01 15:01:09,758 Starting Training from 2015-03-04 to 2015-04-03
2015-07-01 15:02:29,709 Starting Live from 2015-04-04 to 2015-04-10
2015-07-01 15:03:36,988 Starting Training from 2015-02-01 to 2015-03-03
2015-07-01 15:04:52,016 Starting Live from 2015-03-04 to 2015-04-03
2015-07-01 15:06:10,006 Starting Q Learning for : 
2015-07-01 15:06:10,006 alpha = 0.6
2015-07-01 15:06:10,006 gamma = 0.4
2015-07-01 15:06:10,006 individual factor = 10
2015-07-01 15:06:10,006 zero range = 0.006
2015-07-01 15:06:10,006 greedy level = 5
2015-07-01 15:06:10,006 

2015-07-01 15:06:11,073 Starting Training from 2015-01-01 to 2015-01-31
2015-07-01 15:13:06,937 Starting Training from 2015-03-04 to 2015-04-03
2015-07-01 15:14:19,759 Starting Live from 2015-04-04 to 2015-04-10
2015-07-01 15:17:57,590 Starting Training from 2015-03-04 to 2015-04-03
2015-07-01 15:18:07,967 Starting Q Learning for : 
2015-07-01 15:18:07,967 alpha = 0.8
2015-07-01 15:18:07,968 gamma = 0.6
2015-07-01 15:18:07,968 individual factor = 10
2015-07-01 15:18:07,968 zero range = 0.006
2015-07-01 15:18:07,968 greedy level = 5
2015-07-01 15:18:07,968 

2015-07-01 15:18:09,650 Starting Training from 2015-01-01 to 2015-01-31
2015-07-01 15:19:53,440 Starting Live from 2015-02-01 to 2015-03-03
2015-07-01 15:21:01,768 Starting Live from 2015-04-04 to 2015-04-10
2015-07-01 15:24:28,769 Starting Q Learning for : 
2015-07-01 15:24:28,769 alpha = 0.5
2015-07-01 15:24:28,769 gamma = 0.8
2015-07-01 15:24:28,769 individual factor = 10
2015-07-01 15:24:28,769 zero range = 0.01
2015-07-01 15:24:28,769 greedy level = 5
2015-07-01 15:24:28,769 

2015-07-01 15:24:29,794 Starting Training from 2015-01-01 to 2015-01-31
2015-07-01 15:31:32,463 Starting Live from 2015-02-01 to 2015-03-03
2015-07-01 15:35:31,872 Starting Training from 2015-02-01 to 2015-03-03
2015-07-01 15:36:44,939 Starting Live from 2015-03-04 to 2015-04-03
2015-07-01 15:38:05,210 Starting Live from 2015-02-01 to 2015-03-03
2015-07-01 15:46:29,543 Starting Training from 2015-02-01 to 2015-03-03
2015-07-01 15:48:27,833 Starting Live from 2015-03-04 to 2015-04-03
2015-07-01 15:52:05,515 Starting Training from 2015-02-01 to 2015-03-03
2015-07-01 15:52:28,559 Starting Training from 2015-03-04 to 2015-04-03
2015-07-01 15:53:14,957 Starting Live from 2015-03-04 to 2015-04-03
2015-07-01 15:53:40,154 Starting Live from 2015-04-04 to 2015-04-10
2015-07-01 15:57:35,674 Starting Q Learning for : 
2015-07-01 15:57:35,674 alpha = 0.6
2015-07-01 15:57:35,674 gamma = 0.5
2015-07-01 15:57:35,674 individual factor = 10
2015-07-01 15:57:35,674 zero range = 0.006
2015-07-01 15:57:35,674 greedy level = 5
2015-07-01 15:57:35,674 

2015-07-01 15:57:37,284 Starting Training from 2015-01-01 to 2015-01-31
2015-07-01 16:00:55,353 Starting Training from 2015-03-04 to 2015-04-03
2015-07-01 16:01:47,138 Starting Training from 2015-03-04 to 2015-04-03
2015-07-01 16:05:36,858 Starting Live from 2015-04-04 to 2015-04-10
2015-07-01 16:08:48,928 Starting Live from 2015-04-04 to 2015-04-10
2015-07-01 16:09:27,753 Starting Q Learning for : 
2015-07-01 16:09:27,753 alpha = 0.8
2015-07-01 16:09:27,753 gamma = 0.7
2015-07-01 16:09:27,753 individual factor = 10
2015-07-01 16:09:27,753 zero range = 0.006
2015-07-01 16:09:27,753 greedy level = 5
2015-07-01 16:09:27,753 

2015-07-01 16:09:28,870 Starting Training from 2015-01-01 to 2015-01-31
2015-07-01 16:11:11,839 Starting Live from 2015-02-01 to 2015-03-03
2015-07-01 16:12:01,072 Starting Q Learning for : 
2015-07-01 16:12:01,072 alpha = 0.2
2015-07-01 16:12:01,072 gamma = 0.1
2015-07-01 16:12:01,072 individual factor = 10
2015-07-01 16:12:01,072 zero range = 0.01
2015-07-01 16:12:01,072 greedy level = 5
2015-07-01 16:12:01,072 

2015-07-01 16:12:02,383 Starting Training from 2015-01-01 to 2015-01-31
2015-07-01 16:22:49,304 Starting Live from 2015-02-01 to 2015-03-03
2015-07-01 16:25:15,231 Starting Live from 2015-02-01 to 2015-03-03
2015-07-01 16:26:42,484 Starting Training from 2015-02-01 to 2015-03-03
2015-07-01 16:27:58,610 Starting Live from 2015-03-04 to 2015-04-03
2015-07-01 16:35:47,248 Starting Training from 2015-02-01 to 2015-03-03
2015-07-01 16:39:02,874 Starting Live from 2015-03-04 to 2015-04-03
2015-07-01 16:41:00,272 Starting Training from 2015-02-01 to 2015-03-03
2015-07-01 16:42:11,801 Starting Live from 2015-03-04 to 2015-04-03
2015-07-01 16:43:38,268 Starting Training from 2015-03-04 to 2015-04-03
2015-07-01 16:44:53,372 Starting Live from 2015-04-04 to 2015-04-10
2015-07-01 16:48:41,076 Starting Q Learning for : 
2015-07-01 16:48:41,076 alpha = 0.6
2015-07-01 16:48:41,076 gamma = 0.6
2015-07-01 16:48:41,076 individual factor = 10
2015-07-01 16:48:41,076 zero range = 0.006
2015-07-01 16:48:41,076 greedy level = 5
2015-07-01 16:48:41,076 

2015-07-01 16:48:42,117 Starting Training from 2015-01-01 to 2015-01-31
2015-07-01 16:50:10,524 Starting Training from 2015-03-04 to 2015-04-03
2015-07-01 16:53:32,067 Starting Live from 2015-04-04 to 2015-04-10
2015-07-01 16:57:59,346 Starting Training from 2015-03-04 to 2015-04-03
2015-07-01 16:59:00,173 Starting Q Learning for : 
2015-07-01 16:59:00,173 alpha = 0.8
2015-07-01 16:59:00,173 gamma = 0.8
2015-07-01 16:59:00,173 individual factor = 10
2015-07-01 16:59:00,173 zero range = 0.006
2015-07-01 16:59:00,173 greedy level = 5
2015-07-01 16:59:00,173 

2015-07-01 16:59:02,116 Starting Training from 2015-01-01 to 2015-01-31
2015-07-01 16:59:16,577 Starting Live from 2015-04-04 to 2015-04-10
2015-07-01 17:02:17,865 Starting Live from 2015-02-01 to 2015-03-03
2015-07-01 17:03:07,719 Starting Q Learning for : 
2015-07-01 17:03:07,719 alpha = 0.2
2015-07-01 17:03:07,719 gamma = 0.2
2015-07-01 17:03:07,719 individual factor = 10
2015-07-01 17:03:07,719 zero range = 0.01
2015-07-01 17:03:07,719 greedy level = 5
2015-07-01 17:03:07,719 

2015-07-01 17:03:09,470 Starting Training from 2015-01-01 to 2015-01-31
2015-07-01 17:10:59,448 Starting Live from 2015-02-01 to 2015-03-03
2015-07-01 17:16:59,530 Starting Live from 2015-02-01 to 2015-03-03
2015-07-01 17:18:35,207 Starting Training from 2015-02-01 to 2015-03-03
2015-07-01 17:19:46,859 Starting Live from 2015-03-04 to 2015-04-03
2015-07-01 17:25:11,251 Starting Training from 2015-02-01 to 2015-03-03
2015-07-01 17:26:19,520 Starting Live from 2015-03-04 to 2015-04-03
2015-07-01 17:32:03,709 Starting Training from 2015-02-01 to 2015-03-03
2015-07-01 17:34:01,608 Starting Live from 2015-03-04 to 2015-04-03
2015-07-01 17:35:16,182 Starting Training from 2015-03-04 to 2015-04-03
2015-07-01 17:35:50,792 Starting Training from 2015-03-04 to 2015-04-03
2015-07-01 17:36:42,869 Starting Live from 2015-04-04 to 2015-04-10
2015-07-01 17:40:30,886 Starting Q Learning for : 
2015-07-01 17:40:30,887 alpha = 0.2
2015-07-01 17:40:30,887 gamma = 0.3
2015-07-01 17:40:30,887 individual factor = 10
2015-07-01 17:40:30,887 zero range = 0.01
2015-07-01 17:40:30,887 greedy level = 5
2015-07-01 17:40:30,887 

2015-07-01 17:40:32,408 Starting Training from 2015-01-01 to 2015-01-31
2015-07-01 17:41:42,976 Starting Live from 2015-04-04 to 2015-04-10
2015-07-01 17:44:51,076 Starting Q Learning for : 
2015-07-01 17:44:51,076 alpha = 0.4
2015-07-01 17:44:51,076 gamma = 0.5
2015-07-01 17:44:51,076 individual factor = 10
2015-07-01 17:44:51,076 zero range = 0.01
2015-07-01 17:44:51,076 greedy level = 5
2015-07-01 17:44:51,076 

2015-07-01 17:44:52,420 Starting Training from 2015-01-01 to 2015-01-31
2015-07-01 17:49:11,838 Starting Training from 2015-03-04 to 2015-04-03
2015-07-01 17:51:25,607 Starting Live from 2015-04-04 to 2015-04-10
2015-07-01 17:54:02,347 Starting Live from 2015-02-01 to 2015-03-03
2015-07-01 17:55:18,132 Starting Q Learning for : 
2015-07-01 17:55:18,132 alpha = 0.6
2015-07-01 17:55:18,132 gamma = 0.7
2015-07-01 17:55:18,132 individual factor = 10
2015-07-01 17:55:18,132 zero range = 0.01
2015-07-01 17:55:18,132 greedy level = 5
2015-07-01 17:55:18,132 

2015-07-01 17:55:19,740 Starting Training from 2015-01-01 to 2015-01-31
2015-07-01 17:58:18,387 Starting Live from 2015-02-01 to 2015-03-03
2015-07-01 18:08:53,243 Starting Live from 2015-02-01 to 2015-03-03
2015-07-01 18:09:52,628 Starting Training from 2015-02-01 to 2015-03-03
2015-07-01 18:11:04,346 Starting Live from 2015-03-04 to 2015-04-03
2015-07-01 18:14:16,802 Starting Training from 2015-02-01 to 2015-03-03
2015-07-01 18:15:43,408 Starting Live from 2015-03-04 to 2015-04-03
2015-07-01 18:23:52,553 Starting Training from 2015-02-01 to 2015-03-03
2015-07-01 18:25:58,482 Starting Live from 2015-03-04 to 2015-04-03
2015-07-01 18:27:34,866 Starting Training from 2015-03-04 to 2015-04-03
2015-07-01 18:28:45,707 Starting Live from 2015-04-04 to 2015-04-10
2015-07-01 18:31:21,829 Starting Training from 2015-03-04 to 2015-04-03
2015-07-01 18:32:31,451 Starting Q Learning for : 
2015-07-01 18:32:31,451 alpha = 0.2
2015-07-01 18:32:31,451 gamma = 0.4
2015-07-01 18:32:31,451 individual factor = 10
2015-07-01 18:32:31,451 zero range = 0.01
2015-07-01 18:32:31,451 greedy level = 5
2015-07-01 18:32:31,451 

2015-07-01 18:32:34,107 Starting Training from 2015-01-01 to 2015-01-31
2015-07-01 18:32:38,403 Starting Live from 2015-04-04 to 2015-04-10
2015-07-01 18:36:17,446 Starting Training from 2015-03-04 to 2015-04-03
2015-07-01 18:36:23,000 Starting Q Learning for : 
2015-07-01 18:36:23,000 alpha = 0.4
2015-07-01 18:36:23,000 gamma = 0.6
2015-07-01 18:36:23,000 individual factor = 10
2015-07-01 18:36:23,000 zero range = 0.01
2015-07-01 18:36:23,000 greedy level = 5
2015-07-01 18:36:23,001 

2015-07-01 18:36:24,869 Starting Training from 2015-01-01 to 2015-01-31
2015-07-01 18:40:24,777 Starting Live from 2015-04-04 to 2015-04-10
2015-07-01 18:45:06,921 Starting Q Learning for : 
2015-07-01 18:45:06,921 alpha = 0.6
2015-07-01 18:45:06,921 gamma = 0.8
2015-07-01 18:45:06,921 individual factor = 10
2015-07-01 18:45:06,921 zero range = 0.01
2015-07-01 18:45:06,921 greedy level = 5
2015-07-01 18:45:06,921 

2015-07-01 18:45:08,395 Starting Training from 2015-01-01 to 2015-01-31
2015-07-01 18:46:03,487 Starting Live from 2015-02-01 to 2015-03-03
2015-07-01 18:50:10,056 Starting Live from 2015-02-01 to 2015-03-03
2015-07-01 18:57:57,750 Starting Live from 2015-02-01 to 2015-03-03
2015-07-01 19:02:31,167 Starting Training from 2015-02-01 to 2015-03-03
2015-07-01 19:03:40,250 Starting Live from 2015-03-04 to 2015-04-03
2015-07-01 19:06:27,718 Starting Training from 2015-02-01 to 2015-03-03
2015-07-01 19:07:39,348 Starting Live from 2015-03-04 to 2015-04-03
2015-07-01 19:11:43,959 Starting Training from 2015-02-01 to 2015-03-03
2015-07-01 19:12:54,452 Starting Live from 2015-03-04 to 2015-04-03
2015-07-01 19:19:33,704 Starting Training from 2015-03-04 to 2015-04-03
2015-07-01 19:20:46,693 Starting Live from 2015-04-04 to 2015-04-10
2015-07-01 19:22:18,402 Starting Training from 2015-03-04 to 2015-04-03
2015-07-01 19:23:11,668 Starting Training from 2015-03-04 to 2015-04-03
2015-07-01 19:24:22,166 Starting Live from 2015-04-04 to 2015-04-10
2015-07-01 19:24:33,692 Starting Q Learning for : 
2015-07-01 19:24:33,692 alpha = 0.2
2015-07-01 19:24:33,692 gamma = 0.5
2015-07-01 19:24:33,692 individual factor = 10
2015-07-01 19:24:33,693 zero range = 0.01
2015-07-01 19:24:33,693 greedy level = 5
2015-07-01 19:24:33,693 

2015-07-01 19:24:35,860 Starting Training from 2015-01-01 to 2015-01-31
2015-07-01 19:27:45,487 Starting Live from 2015-04-04 to 2015-04-10
2015-07-01 19:28:19,983 Starting Q Learning for : 
2015-07-01 19:28:19,983 alpha = 0.4
2015-07-01 19:28:19,984 gamma = 0.7
2015-07-01 19:28:19,984 individual factor = 10
2015-07-01 19:28:19,984 zero range = 0.01
2015-07-01 19:28:19,984 greedy level = 5
2015-07-01 19:28:19,984 

2015-07-01 19:28:24,712 Starting Training from 2015-01-01 to 2015-01-31
2015-07-01 19:36:39,268 Starting Q Learning for : 
2015-07-01 19:36:39,268 alpha = 0.8
2015-07-01 19:36:39,268 gamma = 0.1
2015-07-01 19:36:39,268 individual factor = 10
2015-07-01 19:36:39,268 zero range = 0.01
2015-07-01 19:36:39,268 greedy level = 5
2015-07-01 19:36:39,268 

2015-07-01 19:36:44,265 Starting Training from 2015-01-01 to 2015-01-31
2015-07-01 19:44:59,367 Starting Live from 2015-02-01 to 2015-03-03
2015-07-01 19:48:36,707 Starting Live from 2015-02-01 to 2015-03-03
2015-07-01 19:51:33,374 Starting Live from 2015-02-01 to 2015-03-03
2015-07-01 20:00:50,449 Starting Training from 2015-02-01 to 2015-03-03
2015-07-01 20:02:03,563 Starting Live from 2015-03-04 to 2015-04-03
2015-07-01 20:03:58,375 Starting Training from 2015-02-01 to 2015-03-03
2015-07-01 20:05:09,754 Starting Live from 2015-03-04 to 2015-04-03
2015-07-01 20:07:13,802 Starting Training from 2015-02-01 to 2015-03-03
2015-07-01 20:08:36,008 Starting Live from 2015-03-04 to 2015-04-03
2015-07-01 20:17:48,917 Starting Training from 2015-03-04 to 2015-04-03
2015-07-01 20:17:56,139 Starting Training from 2015-03-04 to 2015-04-03
2015-07-01 20:19:01,311 Starting Live from 2015-04-04 to 2015-04-10
2015-07-01 20:20:50,012 Starting Live from 2015-04-04 to 2015-04-10
2015-07-01 20:22:44,964 Starting Q Learning for : 
2015-07-01 20:22:44,964 alpha = 0.2
2015-07-01 20:22:44,964 gamma = 0.6
2015-07-01 20:22:44,965 individual factor = 10
2015-07-01 20:22:44,965 zero range = 0.01
2015-07-01 20:22:44,965 greedy level = 5
2015-07-01 20:22:44,965 

2015-07-01 20:22:45,914 Starting Training from 2015-01-01 to 2015-01-31
2015-07-01 20:24:01,667 Starting Q Learning for : 
2015-07-01 20:24:01,667 alpha = 0.4
2015-07-01 20:24:01,667 gamma = 0.8
2015-07-01 20:24:01,667 individual factor = 10
2015-07-01 20:24:01,667 zero range = 0.01
2015-07-01 20:24:01,668 greedy level = 5
2015-07-01 20:24:01,668 

2015-07-01 20:24:02,952 Starting Training from 2015-01-01 to 2015-01-31
2015-07-01 20:24:19,808 Starting Training from 2015-03-04 to 2015-04-03
2015-07-01 20:25:29,569 Starting Live from 2015-04-04 to 2015-04-10
2015-07-01 20:31:29,121 Starting Q Learning for : 
2015-07-01 20:31:29,121 alpha = 0.8
2015-07-01 20:31:29,121 gamma = 0.2
2015-07-01 20:31:29,121 individual factor = 10
2015-07-01 20:31:29,121 zero range = 0.01
2015-07-01 20:31:29,121 greedy level = 5
2015-07-01 20:31:29,121 

2015-07-01 20:31:30,480 Starting Training from 2015-01-01 to 2015-01-31
2015-07-01 20:36:07,964 Starting Live from 2015-02-01 to 2015-03-03
2015-07-01 20:37:33,928 Starting Live from 2015-02-01 to 2015-03-03
2015-07-01 20:42:45,519 Starting Live from 2015-02-01 to 2015-03-03
2015-07-01 20:51:31,713 Starting Training from 2015-02-01 to 2015-03-03
2015-07-01 20:51:50,738 Starting Training from 2015-02-01 to 2015-03-03
2015-07-01 20:52:41,535 Starting Live from 2015-03-04 to 2015-04-03
2015-07-01 20:53:03,909 Starting Live from 2015-03-04 to 2015-04-03
2015-07-01 20:58:22,625 Starting Training from 2015-02-01 to 2015-03-03
2015-07-01 20:59:37,010 Starting Live from 2015-03-04 to 2015-04-03
2015-07-01 21:00:10,990 Starting Training from 2015-03-04 to 2015-04-03
2015-07-01 21:08:02,019 Starting Live from 2015-04-04 to 2015-04-10
2015-07-01 21:08:35,929 Starting Training from 2015-03-04 to 2015-04-03
2015-07-01 21:09:49,019 Starting Live from 2015-04-04 to 2015-04-10
2015-07-01 21:11:07,637 Starting Q Learning for : 
2015-07-01 21:11:07,637 alpha = 0.6
2015-07-01 21:11:07,638 gamma = 0.1
2015-07-01 21:11:07,638 individual factor = 10
2015-07-01 21:11:07,638 zero range = 0.01
2015-07-01 21:11:07,638 greedy level = 5
2015-07-01 21:11:07,638 

2015-07-01 21:11:09,201 Starting Training from 2015-01-01 to 2015-01-31
2015-07-01 21:13:38,759 Starting Q Learning for : 
2015-07-01 21:13:38,759 alpha = 0.2
2015-07-01 21:13:38,759 gamma = 0.7
2015-07-01 21:13:38,759 individual factor = 10
2015-07-01 21:13:38,759 zero range = 0.01
2015-07-01 21:13:38,760 greedy level = 5
2015-07-01 21:13:38,760 

2015-07-01 21:13:39,877 Starting Training from 2015-01-01 to 2015-01-31
2015-07-01 21:15:27,030 Starting Training from 2015-03-04 to 2015-04-03
2015-07-01 21:16:40,465 Starting Live from 2015-04-04 to 2015-04-10
2015-07-01 21:22:32,787 Starting Q Learning for : 
2015-07-01 21:22:32,788 alpha = 0.8
2015-07-01 21:22:32,788 gamma = 0.3
2015-07-01 21:22:32,788 individual factor = 10
2015-07-01 21:22:32,788 zero range = 0.01
2015-07-01 21:22:32,788 greedy level = 5
2015-07-01 21:22:32,788 

2015-07-01 21:22:34,403 Starting Training from 2015-01-01 to 2015-01-31
2015-07-01 21:24:34,860 Starting Live from 2015-02-01 to 2015-03-03
2015-07-01 21:27:13,243 Starting Live from 2015-02-01 to 2015-03-03
2015-07-01 21:33:55,569 Starting Live from 2015-02-01 to 2015-03-03
2015-07-01 21:40:17,519 Starting Training from 2015-02-01 to 2015-03-03
2015-07-01 21:41:36,035 Starting Live from 2015-03-04 to 2015-04-03
2015-07-01 21:42:34,722 Starting Training from 2015-02-01 to 2015-03-03
2015-07-01 21:44:00,808 Starting Live from 2015-03-04 to 2015-04-03
2015-07-01 21:50:12,511 Starting Training from 2015-02-01 to 2015-03-03
2015-07-01 21:51:24,645 Starting Live from 2015-03-04 to 2015-04-03
2015-07-01 21:55:21,593 Starting Training from 2015-03-04 to 2015-04-03
2015-07-01 21:57:50,683 Starting Training from 2015-03-04 to 2015-04-03
2015-07-01 21:59:07,567 Starting Live from 2015-04-04 to 2015-04-10
2015-07-01 22:00:13,538 Starting Live from 2015-04-04 to 2015-04-10
2015-07-01 22:02:53,380 Starting Q Learning for : 
2015-07-01 22:02:53,380 alpha = 0.6
2015-07-01 22:02:53,380 gamma = 0.2
2015-07-01 22:02:53,381 individual factor = 10
2015-07-01 22:02:53,381 zero range = 0.01
2015-07-01 22:02:53,381 greedy level = 5
2015-07-01 22:02:53,381 

2015-07-01 22:02:54,678 Starting Training from 2015-01-01 to 2015-01-31
2015-07-01 22:03:29,008 Starting Q Learning for : 
2015-07-01 22:03:29,009 alpha = 0.2
2015-07-01 22:03:29,009 gamma = 0.8
2015-07-01 22:03:29,009 individual factor = 10
2015-07-01 22:03:29,009 zero range = 0.01
2015-07-01 22:03:29,009 greedy level = 5
2015-07-01 22:03:29,009 

2015-07-01 22:03:30,637 Starting Training from 2015-01-01 to 2015-01-31
2015-07-01 22:07:30,331 Starting Training from 2015-03-04 to 2015-04-03
2015-07-01 22:08:44,229 Starting Live from 2015-04-04 to 2015-04-10
2015-07-01 22:14:18,053 Starting Q Learning for : 
2015-07-01 22:14:18,053 alpha = 0.8
2015-07-01 22:14:18,053 gamma = 0.4
2015-07-01 22:14:18,053 individual factor = 10
2015-07-01 22:14:18,053 zero range = 0.01
2015-07-01 22:14:18,053 greedy level = 5
2015-07-01 22:14:18,053 

2015-07-01 22:14:20,906 Starting Training from 2015-01-01 to 2015-01-31
2015-07-01 22:16:16,130 Starting Live from 2015-02-01 to 2015-03-03
2015-07-01 22:16:53,950 Starting Live from 2015-02-01 to 2015-03-03
2015-07-01 22:25:50,306 Starting Live from 2015-02-01 to 2015-03-03
2015-07-01 22:28:29,661 Starting Training from 2015-02-01 to 2015-03-03
2015-07-01 22:30:48,255 Starting Training from 2015-02-01 to 2015-03-03
2015-07-01 22:31:43,756 Starting Live from 2015-03-04 to 2015-04-03
2015-07-01 22:33:11,121 Starting Live from 2015-03-04 to 2015-04-03
2015-07-01 22:39:56,726 Starting Training from 2015-03-04 to 2015-04-03
2015-07-01 22:43:51,104 Starting Training from 2015-02-01 to 2015-03-03
2015-07-01 22:48:57,006 Starting Live from 2015-03-04 to 2015-04-03
2015-07-01 22:52:55,021 Starting Live from 2015-04-04 to 2015-04-10
2015-07-01 22:54:35,334 Starting Training from 2015-03-04 to 2015-04-03
2015-07-01 22:55:50,310 Starting Live from 2015-04-04 to 2015-04-10
2015-07-01 22:56:28,528 Starting Q Learning for : 
2015-07-01 22:56:28,528 alpha = 0.4
2015-07-01 22:56:28,528 gamma = 0.1
2015-07-01 22:56:28,529 individual factor = 10
2015-07-01 22:56:28,529 zero range = 0.01
2015-07-01 22:56:28,529 greedy level = 5
2015-07-01 22:56:28,529 

2015-07-01 22:56:29,663 Starting Training from 2015-01-01 to 2015-01-31
2015-07-01 23:00:11,030 Starting Q Learning for : 
2015-07-01 23:00:11,030 alpha = 0.6
2015-07-01 23:00:11,030 gamma = 0.3
2015-07-01 23:00:11,030 individual factor = 10
2015-07-01 23:00:11,030 zero range = 0.01
2015-07-01 23:00:11,030 greedy level = 5
2015-07-01 23:00:11,030 

2015-07-01 23:00:12,561 Starting Training from 2015-01-01 to 2015-01-31
2015-07-01 23:06:27,553 Starting Training from 2015-03-04 to 2015-04-03
2015-07-01 23:09:10,805 Starting Live from 2015-04-04 to 2015-04-10
2015-07-01 23:11:00,158 Starting Live from 2015-02-01 to 2015-03-03
2015-07-01 23:13:49,883 Starting Q Learning for : 
2015-07-01 23:13:49,883 alpha = 0.8
2015-07-01 23:13:49,883 gamma = 0.5
2015-07-01 23:13:49,883 individual factor = 10
2015-07-01 23:13:49,883 zero range = 0.01
2015-07-01 23:13:49,883 greedy level = 5
2015-07-01 23:13:49,883 

2015-07-01 23:13:51,323 Starting Training from 2015-01-01 to 2015-01-31
2015-07-01 23:14:53,777 Starting Live from 2015-02-01 to 2015-03-03
2015-07-01 23:28:27,669 Starting Training from 2015-02-01 to 2015-03-03
2015-07-01 23:28:41,824 Starting Live from 2015-02-01 to 2015-03-03
2015-07-01 23:29:44,501 Starting Live from 2015-03-04 to 2015-04-03
2015-07-01 23:32:09,964 Starting Training from 2015-02-01 to 2015-03-03
2015-07-01 23:33:29,005 Starting Live from 2015-03-04 to 2015-04-03
2015-07-01 23:45:46,160 Starting Training from 2015-02-01 to 2015-03-03
2015-07-01 23:47:04,713 Starting Training from 2015-03-04 to 2015-04-03
2015-07-01 23:47:04,790 Starting Live from 2015-03-04 to 2015-04-03
2015-07-01 23:48:21,752 Starting Live from 2015-04-04 to 2015-04-10
2015-07-01 23:50:35,276 Starting Training from 2015-03-04 to 2015-04-03
2015-07-01 23:51:51,708 Starting Live from 2015-04-04 to 2015-04-10
2015-07-01 23:52:32,064 Starting Q Learning for : 
2015-07-01 23:52:32,064 alpha = 0.4
2015-07-01 23:52:32,064 gamma = 0.2
2015-07-01 23:52:32,064 individual factor = 10
2015-07-01 23:52:32,064 zero range = 0.01
2015-07-01 23:52:32,064 greedy level = 5
2015-07-01 23:52:32,064 

2015-07-01 23:52:33,669 Starting Training from 2015-01-01 to 2015-01-31
2015-07-01 23:56:09,982 Starting Q Learning for : 
2015-07-01 23:56:09,982 alpha = 0.6
2015-07-01 23:56:09,982 gamma = 0.4
2015-07-01 23:56:09,982 individual factor = 10
2015-07-01 23:56:09,982 zero range = 0.01
2015-07-01 23:56:09,982 greedy level = 5
2015-07-01 23:56:09,982 

2015-07-01 23:56:11,487 Starting Training from 2015-01-01 to 2015-01-31
2015-07-02 00:04:28,224 Starting Training from 2015-03-04 to 2015-04-03
2015-07-02 00:06:02,936 Starting Live from 2015-04-04 to 2015-04-10
2015-07-02 00:07:36,788 Starting Live from 2015-02-01 to 2015-03-03
2015-07-02 00:10:19,747 Starting Q Learning for : 
2015-07-02 00:10:19,747 alpha = 0.8
2015-07-02 00:10:19,747 gamma = 0.6
2015-07-02 00:10:19,747 individual factor = 10
2015-07-02 00:10:19,747 zero range = 0.01
2015-07-02 00:10:19,747 greedy level = 5
2015-07-02 00:10:19,748 

2015-07-02 00:10:21,243 Starting Training from 2015-01-01 to 2015-01-31
2015-07-02 00:11:22,383 Starting Live from 2015-02-01 to 2015-03-03
2015-07-02 00:25:57,323 Starting Training from 2015-02-01 to 2015-03-03
2015-07-02 00:26:09,146 Starting Live from 2015-02-01 to 2015-03-03
2015-07-02 00:27:29,219 Starting Live from 2015-03-04 to 2015-04-03
2015-07-02 00:29:49,005 Starting Training from 2015-02-01 to 2015-03-03
2015-07-02 00:31:09,373 Starting Live from 2015-03-04 to 2015-04-03
2015-07-02 00:43:55,440 Starting Training from 2015-02-01 to 2015-03-03
2015-07-02 00:45:10,674 Starting Training from 2015-03-04 to 2015-04-03
2015-07-02 00:45:20,353 Starting Live from 2015-03-04 to 2015-04-03
2015-07-02 00:46:32,638 Starting Live from 2015-04-04 to 2015-04-10
2015-07-02 00:49:24,923 Starting Training from 2015-03-04 to 2015-04-03
2015-07-02 00:52:31,685 Starting Live from 2015-04-04 to 2015-04-10
2015-07-02 00:52:45,905 Starting Q Learning for : 
2015-07-02 00:52:45,905 alpha = 0.4
2015-07-02 00:52:45,905 gamma = 0.3
2015-07-02 00:52:45,905 individual factor = 10
2015-07-02 00:52:45,905 zero range = 0.01
2015-07-02 00:52:45,905 greedy level = 5
2015-07-02 00:52:45,905 

2015-07-02 00:52:48,053 Starting Training from 2015-01-01 to 2015-01-31
2015-07-02 00:56:55,587 Starting Q Learning for : 
2015-07-02 00:56:55,587 alpha = 0.6
2015-07-02 00:56:55,587 gamma = 0.5
2015-07-02 00:56:55,587 individual factor = 10
2015-07-02 00:56:55,587 zero range = 0.01
2015-07-02 00:56:55,587 greedy level = 5
2015-07-02 00:56:55,587 

2015-07-02 00:56:56,925 Starting Training from 2015-01-01 to 2015-01-31
2015-07-02 01:02:40,448 Starting Training from 2015-03-04 to 2015-04-03
2015-07-02 01:04:12,933 Starting Live from 2015-04-04 to 2015-04-10
2015-07-02 01:05:41,526 Starting Live from 2015-02-01 to 2015-03-03
2015-07-02 01:10:24,346 Starting Q Learning for : 
2015-07-02 01:10:24,346 alpha = 0.8
2015-07-02 01:10:24,346 gamma = 0.7
2015-07-02 01:10:24,346 individual factor = 10
2015-07-02 01:10:24,346 zero range = 0.01
2015-07-02 01:10:24,346 greedy level = 5
2015-07-02 01:10:24,346 

2015-07-02 01:10:26,437 Starting Training from 2015-01-01 to 2015-01-31
2015-07-02 01:11:50,092 Starting Live from 2015-02-01 to 2015-03-03
2015-07-02 01:23:22,327 Starting Training from 2015-02-01 to 2015-03-03
2015-07-02 01:23:44,248 Starting Live from 2015-02-01 to 2015-03-03
2015-07-02 01:26:29,489 Starting Live from 2015-03-04 to 2015-04-03
2015-07-02 01:29:11,403 Starting Training from 2015-02-01 to 2015-03-03
2015-07-02 01:30:36,851 Starting Live from 2015-03-04 to 2015-04-03
2015-07-02 01:40:48,758 Starting Training from 2015-02-01 to 2015-03-03
2015-07-02 01:44:15,143 Starting Live from 2015-03-04 to 2015-04-03
2015-07-02 01:44:21,725 Starting Training from 2015-03-04 to 2015-04-03
2015-07-02 01:45:44,068 Starting Live from 2015-04-04 to 2015-04-10
2015-07-02 01:48:14,304 Starting Training from 2015-03-04 to 2015-04-03
2015-07-02 01:49:33,217 Starting Live from 2015-04-04 to 2015-04-10
2015-07-02 01:49:55,637 Starting Q Learning for : 
2015-07-02 01:49:55,637 alpha = 0.4
2015-07-02 01:49:55,637 gamma = 0.4
2015-07-02 01:49:55,638 individual factor = 10
2015-07-02 01:49:55,638 zero range = 0.01
2015-07-02 01:49:55,638 greedy level = 5
2015-07-02 01:49:55,638 

2015-07-02 01:49:56,794 Starting Training from 2015-01-01 to 2015-01-31
2015-07-02 01:53:47,601 Starting Q Learning for : 
2015-07-02 01:53:47,601 alpha = 0.6
2015-07-02 01:53:47,601 gamma = 0.6
2015-07-02 01:53:47,601 individual factor = 10
2015-07-02 01:53:47,601 zero range = 0.01
2015-07-02 01:53:47,601 greedy level = 5
2015-07-02 01:53:47,601 

2015-07-02 01:53:49,521 Starting Training from 2015-01-01 to 2015-01-31
2015-07-02 01:55:26,689 Starting Training from 2015-03-04 to 2015-04-03
2015-07-02 02:01:28,618 Starting Live from 2015-04-04 to 2015-04-10
2015-07-02 02:04:27,644 Starting Live from 2015-02-01 to 2015-03-03
2015-07-02 02:05:35,633 Starting Q Learning for : 
2015-07-02 02:05:35,634 alpha = 0.8
2015-07-02 02:05:35,634 gamma = 0.8
2015-07-02 02:05:35,634 individual factor = 10
2015-07-02 02:05:35,634 zero range = 0.01
2015-07-02 02:05:35,634 greedy level = 5
2015-07-02 02:05:35,634 

2015-07-02 02:05:36,837 Starting Training from 2015-01-01 to 2015-01-31
2015-07-02 02:08:13,649 Starting Live from 2015-02-01 to 2015-03-03
2015-07-02 02:19:56,757 Starting Live from 2015-02-01 to 2015-03-03
2015-07-02 02:21:03,936 Starting Training from 2015-02-01 to 2015-03-03
2015-07-02 02:22:27,113 Starting Live from 2015-03-04 to 2015-04-03
2015-07-02 02:24:58,305 Starting Training from 2015-02-01 to 2015-03-03
2015-07-02 02:26:16,304 Starting Live from 2015-03-04 to 2015-04-03
2015-07-02 02:33:11,805 Starting Training from 2015-02-01 to 2015-03-03
2015-07-02 02:36:26,109 Starting Live from 2015-03-04 to 2015-04-03
2015-07-02 02:39:27,864 Starting Training from 2015-03-04 to 2015-04-03
2015-07-02 02:40:47,777 Starting Live from 2015-04-04 to 2015-04-10
2015-07-02 02:42:41,149 Starting Training from 2015-03-04 to 2015-04-03
2015-07-02 02:44:22,397 Starting Live from 2015-04-04 to 2015-04-10
2015-07-02 02:44:55,941 Starting Training from 2015-03-04 to 2015-04-03
2015-07-02 02:52:57,312 Starting Live from 2015-04-04 to 2015-04-10
