2015-06-20 02:14:20,591 Starting Q Learning for : 
2015-06-20 02:14:20,591 alpha = 0.5
2015-06-20 02:14:20,591 gamma = 0.2
2015-06-20 02:14:20,591 individual factor = 8
2015-06-20 02:14:20,591 zero range = 0.002
2015-06-20 02:14:20,591 greedy level = 5
2015-06-20 02:14:20,592 

2015-06-20 02:14:29,513 Starting Training from 2014-12-17 to 2015-01-01
2015-06-20 02:24:50,584 Starting Live from 2015-01-02 to 2015-02-01
2015-06-20 02:49:47,622 Starting Training from 2015-01-17 to 2015-02-01
2015-06-20 02:51:10,108 Starting Live from 2015-02-02 to 2015-03-04
2015-06-20 03:14:47,058 Starting Training from 2015-02-17 to 2015-03-04
2015-06-20 03:16:45,359 Starting Live from 2015-03-05 to 2015-04-04
2015-06-20 03:42:41,315 Starting Training from 2015-03-20 to 2015-04-04
2015-06-20 03:44:06,516 Starting Live from 2015-04-05 to 2015-04-10
2015-06-20 03:51:43,451 Starting Q Learning for : 
2015-06-20 03:51:43,451 alpha = 0.5
2015-06-20 03:51:43,451 gamma = 0.4
2015-06-20 03:51:43,451 individual factor = 8
2015-06-20 03:51:43,451 zero range = 0.002
2015-06-20 03:51:43,451 greedy level = 5
2015-06-20 03:51:43,451 

2015-06-20 03:51:49,976 Starting Training from 2014-12-17 to 2015-01-01
2015-06-20 04:02:08,395 Starting Live from 2015-01-02 to 2015-02-01
2015-06-20 04:26:26,296 Starting Training from 2015-01-17 to 2015-02-01
2015-06-20 04:27:53,739 Starting Live from 2015-02-02 to 2015-03-04
2015-06-20 04:51:12,961 Starting Training from 2015-02-17 to 2015-03-04
2015-06-20 04:53:29,476 Starting Live from 2015-03-05 to 2015-04-04
2015-06-20 05:19:16,733 Starting Training from 2015-03-20 to 2015-04-04
2015-06-20 05:20:37,167 Starting Live from 2015-04-05 to 2015-04-10
2015-06-20 05:27:45,793 Starting Q Learning for : 
2015-06-20 05:27:45,793 alpha = 0.5
2015-06-20 05:27:45,793 gamma = 0.6
2015-06-20 05:27:45,793 individual factor = 8
2015-06-20 05:27:45,793 zero range = 0.002
2015-06-20 05:27:45,793 greedy level = 5
2015-06-20 05:27:45,793 

2015-06-20 05:27:51,177 Starting Training from 2014-12-17 to 2015-01-01
2015-06-20 05:38:45,177 Starting Live from 2015-01-02 to 2015-02-01
2015-06-20 06:03:39,108 Starting Training from 2015-01-17 to 2015-02-01
2015-06-20 06:05:02,759 Starting Live from 2015-02-02 to 2015-03-04
2015-06-20 06:28:14,917 Starting Training from 2015-02-17 to 2015-03-04
2015-06-20 06:30:15,068 Starting Live from 2015-03-05 to 2015-04-04
2015-06-20 06:53:54,348 Starting Training from 2015-03-20 to 2015-04-04
2015-06-20 06:55:26,630 Starting Live from 2015-04-05 to 2015-04-10
2015-06-20 07:02:28,187 Starting Q Learning for : 
2015-06-20 07:02:28,187 alpha = 0.5
2015-06-20 07:02:28,187 gamma = 0.8
2015-06-20 07:02:28,187 individual factor = 8
2015-06-20 07:02:28,188 zero range = 0.002
2015-06-20 07:02:28,188 greedy level = 5
2015-06-20 07:02:28,188 

2015-06-20 07:02:35,411 Starting Training from 2014-12-17 to 2015-01-01
2015-06-20 07:13:05,584 Starting Live from 2015-01-02 to 2015-02-01
2015-06-20 07:34:18,345 Starting Training from 2015-01-17 to 2015-02-01
2015-06-20 07:35:45,200 Starting Live from 2015-02-02 to 2015-03-04
2015-06-20 07:45:08,160 Starting Training from 2015-02-17 to 2015-03-04
2015-06-20 07:50:50,342 Starting Live from 2015-03-05 to 2015-04-04
2015-06-20 08:04:13,921 Starting Training from 2015-03-20 to 2015-04-04
2015-06-20 08:08:09,173 Starting Live from 2015-04-05 to 2015-04-10
