2015-06-30 14:54:53,181 Starting mtm calculation
2015-06-30 14:54:53,181 Calculating mtm for 2014-12-01
2015-06-30 14:54:54,941 Calculating mtm for 2014-12-02
2015-06-30 14:54:55,800 Calculating mtm for 2014-12-03
2015-06-30 14:54:57,994 Calculating mtm for 2014-12-04
2015-06-30 14:55:00,762 Calculating mtm for 2014-12-05
2015-06-30 14:55:01,914 Calculating mtm for 2014-12-06
2015-06-30 14:55:01,917 Calculating mtm for 2014-12-07
2015-06-30 14:55:01,918 Calculating mtm for 2014-12-08
2015-06-30 14:55:04,776 Calculating mtm for 2014-12-09
2015-06-30 14:55:06,895 Calculating mtm for 2014-12-10
2015-06-30 14:55:07,828 Calculating mtm for 2014-12-11
2015-06-30 14:55:09,612 Calculating mtm for 2014-12-12
2015-06-30 14:55:13,057 Calculating mtm for 2014-12-13
2015-06-30 14:55:13,064 Calculating mtm for 2014-12-14
2015-06-30 14:55:13,067 Calculating mtm for 2014-12-15
2015-06-30 14:55:15,559 Calculating mtm for 2014-12-16
2015-06-30 14:55:16,884 Calculating mtm for 2014-12-17
2015-06-30 14:55:19,190 Calculating mtm for 2014-12-18
2015-06-30 14:55:21,167 Calculating mtm for 2014-12-19
2015-06-30 14:55:23,823 Calculating mtm for 2014-12-20
2015-06-30 14:55:23,827 Calculating mtm for 2014-12-21
2015-06-30 14:55:23,830 Calculating mtm for 2014-12-22
2015-06-30 14:55:25,600 Calculating mtm for 2014-12-23
2015-06-30 14:55:27,994 Calculating mtm for 2014-12-24
2015-06-30 14:55:30,797 Calculating mtm for 2014-12-25
2015-06-30 14:55:30,803 Calculating mtm for 2014-12-26
2015-06-30 14:55:32,274 Calculating mtm for 2014-12-27
2015-06-30 14:55:32,280 Calculating mtm for 2014-12-28
2015-06-30 14:55:32,283 Calculating mtm for 2014-12-29
2015-06-30 14:55:33,724 Calculating mtm for 2014-12-30
2015-06-30 14:55:34,703 Calculating mtm for 2014-12-31
2015-06-30 14:55:36,594 Calculating mtm for 2015-01-01
2015-06-30 14:55:37,878 Calculating mtm for 2015-01-02
2015-06-30 14:55:41,640 Calculating mtm for 2015-01-03
2015-06-30 14:55:41,645 Calculating mtm for 2015-01-04
2015-06-30 14:55:41,648 Calculating mtm for 2015-01-05
2015-06-30 14:55:45,168 Calculating mtm for 2015-01-06
2015-06-30 14:55:47,134 Calculating mtm for 2015-01-07
2015-06-30 14:55:49,404 Calculating mtm for 2015-01-08
2015-06-30 14:55:51,524 Calculating mtm for 2015-01-09
2015-06-30 14:55:56,036 Calculating mtm for 2015-01-10
2015-06-30 14:55:56,040 Calculating mtm for 2015-01-11
2015-06-30 14:55:56,043 Calculating mtm for 2015-01-12
2015-06-30 14:55:59,256 Calculating mtm for 2015-01-13
2015-06-30 14:56:00,989 Calculating mtm for 2015-01-14
2015-06-30 14:56:03,293 Calculating mtm for 2015-01-15
2015-06-30 14:56:04,780 Calculating mtm for 2015-01-16
2015-06-30 14:56:06,806 Calculating mtm for 2015-01-17
2015-06-30 14:56:06,812 Calculating mtm for 2015-01-18
2015-06-30 14:56:06,816 Calculating mtm for 2015-01-19
2015-06-30 14:56:08,967 Calculating mtm for 2015-01-20
2015-06-30 14:56:14,468 Calculating mtm for 2015-01-21
2015-06-30 14:56:16,070 Calculating mtm for 2015-01-22
2015-06-30 14:56:17,772 Calculating mtm for 2015-01-23
2015-06-30 14:56:19,883 Calculating mtm for 2015-01-24
2015-06-30 14:56:19,886 Calculating mtm for 2015-01-25
2015-06-30 14:56:19,888 Calculating mtm for 2015-01-26
2015-06-30 14:56:19,891 Calculating mtm for 2015-01-27
2015-06-30 14:56:22,434 Calculating mtm for 2015-01-28
2015-06-30 14:56:24,136 Calculating mtm for 2015-01-29
2015-06-30 14:56:26,406 Calculating mtm for 2015-01-30
2015-06-30 14:56:27,412 Calculating mtm for 2015-01-31
2015-06-30 14:56:27,416 Calculating mtm for 2015-02-01
2015-06-30 14:56:27,419 Calculating mtm for 2015-02-02
2015-06-30 14:56:28,614 Calculating mtm for 2015-02-03
2015-06-30 14:56:30,210 Calculating mtm for 2015-02-04
2015-06-30 14:56:33,227 Calculating mtm for 2015-02-05
2015-06-30 14:56:35,167 Calculating mtm for 2015-02-06
2015-06-30 14:56:37,813 Calculating mtm for 2015-02-07
2015-06-30 14:56:37,816 Calculating mtm for 2015-02-08
2015-06-30 14:56:37,820 Calculating mtm for 2015-02-09
2015-06-30 14:56:39,965 Calculating mtm for 2015-02-10
2015-06-30 14:56:40,634 Updating ranks for walkforward - 1
2015-06-30 14:56:59,858 Updating ranks for walkforward - 2
2015-06-30 14:57:19,761 Updating ranks for walkforward - 3
2015-06-30 14:57:40,103 Done Ranking. Calling processes now.
2015-06-30 14:57:40,105 Starting Q Learning for : 
2015-06-30 14:57:40,105 Starting Q Learning for : 
2015-06-30 14:57:40,105 alpha = 0.5
2015-06-30 14:57:40,105 alpha = 0.4
2015-06-30 14:57:40,105 gamma = 0.1
2015-06-30 14:57:40,105 gamma = 0.3
2015-06-30 14:57:40,106 individual factor = 10
2015-06-30 14:57:40,106 zero range = 0.002
2015-06-30 14:57:40,106 individual factor = 10
2015-06-30 14:57:40,106 greedy level = 5
2015-06-30 14:57:40,106 

2015-06-30 14:57:40,106 zero range = 0.002
2015-06-30 14:57:40,106 greedy level = 5
2015-06-30 14:57:40,106 

2015-06-30 14:57:40,110 Starting Q Learning for : 
2015-06-30 14:57:40,110 alpha = 0.6
2015-06-30 14:57:40,110 gamma = 0.5
2015-06-30 14:57:40,111 individual factor = 10
2015-06-30 14:57:40,111 zero range = 0.002
2015-06-30 14:57:40,111 greedy level = 5
2015-06-30 14:57:40,111 

2015-06-30 14:57:43,247 Starting Training from 2015-01-01 to 2015-01-31
2015-06-30 14:57:43,247 Starting Training from 2015-01-01 to 2015-01-31
2015-06-30 14:57:43,249 Starting Training from 2015-01-01 to 2015-01-31
2015-06-30 15:22:53,616 Starting Live from 2015-02-01 to 2015-03-03
2015-06-30 15:22:56,478 Starting Live from 2015-02-01 to 2015-03-03
2015-06-30 15:22:58,503 Starting Live from 2015-02-01 to 2015-03-03
2015-06-30 15:39:52,428 Starting Training from 2015-02-01 to 2015-03-03
2015-06-30 15:39:53,822 Starting Training from 2015-02-01 to 2015-03-03
2015-06-30 15:39:56,685 Starting Training from 2015-02-01 to 2015-03-03
2015-06-30 15:41:18,637 Starting Live from 2015-03-04 to 2015-04-03
2015-06-30 15:41:19,808 Starting Live from 2015-03-04 to 2015-04-03
2015-06-30 15:41:22,532 Starting Live from 2015-03-04 to 2015-04-03
2015-06-30 16:03:06,091 Starting Training from 2015-03-04 to 2015-04-03
2015-06-30 16:03:34,675 Starting Training from 2015-03-04 to 2015-04-03
2015-06-30 16:03:48,587 Starting Training from 2015-03-04 to 2015-04-03
2015-06-30 16:04:38,490 Starting Live from 2015-04-04 to 2015-04-10
2015-06-30 16:05:05,742 Starting Live from 2015-04-04 to 2015-04-10
2015-06-30 16:05:19,225 Starting Live from 2015-04-04 to 2015-04-10
2015-06-30 16:10:25,318 Starting Q Learning for : 
2015-06-30 16:10:25,318 alpha = 0.6
2015-06-30 16:10:25,318 gamma = 0.6
2015-06-30 16:10:25,318 individual factor = 10
2015-06-30 16:10:25,318 zero range = 0.002
2015-06-30 16:10:25,318 greedy level = 5
2015-06-30 16:10:25,319 

2015-06-30 16:10:28,844 Starting Training from 2015-01-01 to 2015-01-31
2015-06-30 16:11:00,637 Starting Q Learning for : 
2015-06-30 16:11:00,637 alpha = 0.5
2015-06-30 16:11:00,637 gamma = 0.2
2015-06-30 16:11:00,637 individual factor = 10
2015-06-30 16:11:00,637 zero range = 0.002
2015-06-30 16:11:00,637 greedy level = 5
2015-06-30 16:11:00,637 

2015-06-30 16:11:02,870 Starting Training from 2015-01-01 to 2015-01-31
2015-06-30 16:11:29,885 Starting Q Learning for : 
2015-06-30 16:11:29,885 alpha = 0.4
2015-06-30 16:11:29,886 gamma = 0.4
2015-06-30 16:11:29,886 individual factor = 10
2015-06-30 16:11:29,886 zero range = 0.002
2015-06-30 16:11:29,886 greedy level = 5
2015-06-30 16:11:29,886 

2015-06-30 16:11:31,590 Starting Training from 2015-01-01 to 2015-01-31
2015-06-30 16:29:53,379 Starting Live from 2015-02-01 to 2015-03-03
2015-06-30 16:30:22,641 Starting Live from 2015-02-01 to 2015-03-03
2015-06-30 16:30:47,317 Starting Live from 2015-02-01 to 2015-03-03
2015-06-30 16:48:12,882 Starting Training from 2015-02-01 to 2015-03-03
2015-06-30 16:48:39,002 Starting Training from 2015-02-01 to 2015-03-03
2015-06-30 16:49:12,686 Starting Training from 2015-02-01 to 2015-03-03
2015-06-30 16:49:42,001 Starting Live from 2015-03-04 to 2015-04-03
2015-06-30 16:50:06,961 Starting Live from 2015-03-04 to 2015-04-03
2015-06-30 16:50:35,701 Starting Live from 2015-03-04 to 2015-04-03
2015-06-30 17:10:29,826 Starting Training from 2015-03-04 to 2015-04-03
2015-06-30 17:11:08,512 Starting Training from 2015-03-04 to 2015-04-03
2015-06-30 17:11:26,207 Starting Training from 2015-03-04 to 2015-04-03
2015-06-30 17:12:05,714 Starting Live from 2015-04-04 to 2015-04-10
2015-06-30 17:12:45,572 Starting Live from 2015-04-04 to 2015-04-10
2015-06-30 17:13:01,620 Starting Live from 2015-04-04 to 2015-04-10
2015-06-30 17:18:12,611 Starting Q Learning for : 
2015-06-30 17:18:12,611 alpha = 0.6
2015-06-30 17:18:12,611 gamma = 0.7
2015-06-30 17:18:12,611 individual factor = 10
2015-06-30 17:18:12,612 zero range = 0.002
2015-06-30 17:18:12,612 greedy level = 5
2015-06-30 17:18:12,612 

2015-06-30 17:18:14,368 Starting Training from 2015-01-01 to 2015-01-31
2015-06-30 17:18:55,288 Starting Q Learning for : 
2015-06-30 17:18:55,288 alpha = 0.5
2015-06-30 17:18:55,288 gamma = 0.3
2015-06-30 17:18:55,288 individual factor = 10
2015-06-30 17:18:55,289 zero range = 0.002
2015-06-30 17:18:55,289 greedy level = 5
2015-06-30 17:18:55,289 

2015-06-30 17:18:56,644 Starting Training from 2015-01-01 to 2015-01-31
2015-06-30 17:18:57,692 Starting Q Learning for : 
2015-06-30 17:18:57,692 alpha = 0.4
2015-06-30 17:18:57,692 gamma = 0.5
2015-06-30 17:18:57,692 individual factor = 10
2015-06-30 17:18:57,692 zero range = 0.002
2015-06-30 17:18:57,692 greedy level = 5
2015-06-30 17:18:57,692 

2015-06-30 17:18:59,575 Starting Training from 2015-01-01 to 2015-01-31
2015-06-30 17:37:16,444 Starting Live from 2015-02-01 to 2015-03-03
2015-06-30 17:37:54,118 Starting Live from 2015-02-01 to 2015-03-03
2015-06-30 17:38:00,361 Starting Live from 2015-02-01 to 2015-03-03
2015-06-30 17:55:07,573 Starting Training from 2015-02-01 to 2015-03-03
2015-06-30 17:55:31,598 Starting Training from 2015-02-01 to 2015-03-03
2015-06-30 17:55:33,822 Starting Training from 2015-02-01 to 2015-03-03
2015-06-30 17:56:32,328 Starting Live from 2015-03-04 to 2015-04-03
2015-06-30 17:56:54,421 Starting Live from 2015-03-04 to 2015-04-03
2015-06-30 17:56:57,312 Starting Live from 2015-03-04 to 2015-04-03
2015-06-30 18:17:53,835 Starting Training from 2015-03-04 to 2015-04-03
2015-06-30 18:18:08,036 Starting Training from 2015-03-04 to 2015-04-03
2015-06-30 18:18:26,457 Starting Training from 2015-03-04 to 2015-04-03
2015-06-30 18:19:24,420 Starting Live from 2015-04-04 to 2015-04-10
2015-06-30 18:19:44,822 Starting Live from 2015-04-04 to 2015-04-10
2015-06-30 18:20:06,776 Starting Live from 2015-04-04 to 2015-04-10
2015-06-30 18:23:48,327 Starting Q Learning for : 
2015-06-30 18:23:48,327 alpha = 0.4
2015-06-30 18:23:48,327 gamma = 0.6
2015-06-30 18:23:48,327 individual factor = 10
2015-06-30 18:23:48,327 zero range = 0.002
2015-06-30 18:23:48,327 greedy level = 5
2015-06-30 18:23:48,328 

2015-06-30 18:23:51,682 Starting Training from 2015-01-01 to 2015-01-31
2015-06-30 18:24:47,973 Starting Q Learning for : 
2015-06-30 18:24:47,973 alpha = 0.6
2015-06-30 18:24:47,973 gamma = 0.8
2015-06-30 18:24:47,973 individual factor = 10
2015-06-30 18:24:47,973 zero range = 0.002
2015-06-30 18:24:47,973 greedy level = 5
2015-06-30 18:24:47,973 

2015-06-30 18:24:50,545 Starting Training from 2015-01-01 to 2015-01-31
2015-06-30 18:25:18,684 Starting Q Learning for : 
2015-06-30 18:25:18,684 alpha = 0.5
2015-06-30 18:25:18,684 gamma = 0.4
2015-06-30 18:25:18,684 individual factor = 10
2015-06-30 18:25:18,684 zero range = 0.002
2015-06-30 18:25:18,684 greedy level = 5
2015-06-30 18:25:18,684 

2015-06-30 18:25:21,352 Starting Training from 2015-01-01 to 2015-01-31
2015-06-30 18:42:57,202 Starting Live from 2015-02-01 to 2015-03-03
2015-06-30 18:44:01,619 Starting Live from 2015-02-01 to 2015-03-03
2015-06-30 18:44:10,238 Starting Live from 2015-02-01 to 2015-03-03
2015-06-30 18:59:45,104 Starting Training from 2015-02-01 to 2015-03-03
2015-06-30 19:00:47,065 Starting Training from 2015-02-01 to 2015-03-03
2015-06-30 19:01:02,031 Starting Training from 2015-02-01 to 2015-03-03
2015-06-30 19:02:15,373 Starting Live from 2015-03-04 to 2015-04-03
2015-06-30 19:02:43,345 Starting Live from 2015-03-04 to 2015-04-03
2015-06-30 19:02:47,911 Starting Live from 2015-03-04 to 2015-04-03
2015-06-30 19:22:38,697 Starting Training from 2015-03-04 to 2015-04-03
2015-06-30 19:22:54,914 Starting Training from 2015-03-04 to 2015-04-03
2015-06-30 19:23:27,339 Starting Training from 2015-03-04 to 2015-04-03
2015-06-30 19:24:09,309 Starting Live from 2015-04-04 to 2015-04-10
2015-06-30 19:24:25,865 Starting Live from 2015-04-04 to 2015-04-10
2015-06-30 19:24:56,997 Starting Live from 2015-04-04 to 2015-04-10
2015-06-30 19:28:05,928 Starting Q Learning for : 
2015-06-30 19:28:05,929 alpha = 0.5
2015-06-30 19:28:05,929 gamma = 0.5
2015-06-30 19:28:05,929 individual factor = 10
2015-06-30 19:28:05,929 zero range = 0.002
2015-06-30 19:28:05,929 greedy level = 5
2015-06-30 19:28:05,929 

2015-06-30 19:28:07,714 Starting Training from 2015-01-01 to 2015-01-31
2015-06-30 19:28:25,357 Starting Q Learning for : 
2015-06-30 19:28:25,357 alpha = 0.2
2015-06-30 19:28:25,357 gamma = 0.1
2015-06-30 19:28:25,358 individual factor = 10
2015-06-30 19:28:25,358 zero range = 0.002
2015-06-30 19:28:25,358 greedy level = 5
2015-06-30 19:28:25,358 

2015-06-30 19:28:26,870 Starting Training from 2015-01-01 to 2015-01-31
2015-06-30 19:29:12,482 Starting Q Learning for : 
2015-06-30 19:29:12,482 alpha = 0.4
2015-06-30 19:29:12,482 gamma = 0.7
2015-06-30 19:29:12,482 individual factor = 10
2015-06-30 19:29:12,482 zero range = 0.002
2015-06-30 19:29:12,482 greedy level = 5
2015-06-30 19:29:12,482 

2015-06-30 19:29:13,909 Starting Training from 2015-01-01 to 2015-01-31
2015-06-30 19:45:58,971 Starting Live from 2015-02-01 to 2015-03-03
2015-06-30 19:46:15,462 Starting Live from 2015-02-01 to 2015-03-03
2015-06-30 19:47:23,607 Starting Live from 2015-02-01 to 2015-03-03
2015-06-30 20:02:30,832 Starting Training from 2015-02-01 to 2015-03-03
2015-06-30 20:02:48,990 Starting Training from 2015-02-01 to 2015-03-03
2015-06-30 20:03:47,353 Starting Training from 2015-02-01 to 2015-03-03
2015-06-30 20:03:54,824 Starting Live from 2015-03-04 to 2015-04-03
2015-06-30 20:04:13,465 Starting Live from 2015-03-04 to 2015-04-03
2015-06-30 20:05:12,029 Starting Live from 2015-03-04 to 2015-04-03
2015-06-30 20:26:27,363 Starting Training from 2015-03-04 to 2015-04-03
2015-06-30 20:27:15,590 Starting Training from 2015-03-04 to 2015-04-03
2015-06-30 20:27:18,615 Starting Training from 2015-03-04 to 2015-04-03
2015-06-30 20:27:59,180 Starting Live from 2015-04-04 to 2015-04-10
2015-06-30 20:28:47,705 Starting Live from 2015-04-04 to 2015-04-10
2015-06-30 20:28:51,028 Starting Live from 2015-04-04 to 2015-04-10
2015-06-30 20:32:23,757 Starting Q Learning for : 
2015-06-30 20:32:23,757 alpha = 0.5
2015-06-30 20:32:23,757 gamma = 0.6
2015-06-30 20:32:23,757 individual factor = 10
2015-06-30 20:32:23,757 zero range = 0.002
2015-06-30 20:32:23,757 greedy level = 5
2015-06-30 20:32:23,757 

2015-06-30 20:32:26,195 Starting Training from 2015-01-01 to 2015-01-31
2015-06-30 20:33:18,752 Starting Q Learning for : 
2015-06-30 20:33:18,752 alpha = 0.4
2015-06-30 20:33:18,752 gamma = 0.8
2015-06-30 20:33:18,752 individual factor = 10
2015-06-30 20:33:18,752 zero range = 0.002
2015-06-30 20:33:18,752 greedy level = 5
2015-06-30 20:33:18,752 

2015-06-30 20:33:21,773 Starting Training from 2015-01-01 to 2015-01-31
2015-06-30 20:33:54,664 Starting Q Learning for : 
2015-06-30 20:33:54,664 alpha = 0.2
2015-06-30 20:33:54,664 gamma = 0.2
2015-06-30 20:33:54,664 individual factor = 10
2015-06-30 20:33:54,664 zero range = 0.002
2015-06-30 20:33:54,664 greedy level = 5
2015-06-30 20:33:54,665 

2015-06-30 20:33:57,329 Starting Training from 2015-01-01 to 2015-01-31
2015-06-30 20:51:39,717 Starting Live from 2015-02-01 to 2015-03-03
2015-06-30 20:52:23,324 Starting Live from 2015-02-01 to 2015-03-03
2015-06-30 20:52:34,497 Starting Live from 2015-02-01 to 2015-03-03
2015-06-30 21:08:53,321 Starting Training from 2015-02-01 to 2015-03-03
2015-06-30 21:09:33,865 Starting Training from 2015-02-01 to 2015-03-03
2015-06-30 21:09:37,263 Starting Training from 2015-02-01 to 2015-03-03
2015-06-30 21:10:18,656 Starting Live from 2015-03-04 to 2015-04-03
2015-06-30 21:10:58,973 Starting Live from 2015-03-04 to 2015-04-03
2015-06-30 21:11:03,391 Starting Live from 2015-03-04 to 2015-04-03
2015-06-30 21:31:00,353 Starting Training from 2015-03-04 to 2015-04-03
2015-06-30 21:31:16,690 Starting Training from 2015-03-04 to 2015-04-03
2015-06-30 21:31:39,314 Starting Training from 2015-03-04 to 2015-04-03
2015-06-30 21:34:52,056 Starting Live from 2015-04-04 to 2015-04-10
2015-06-30 21:35:07,514 Starting Live from 2015-04-04 to 2015-04-10
2015-06-30 21:35:17,616 Starting Live from 2015-04-04 to 2015-04-10
2015-06-30 21:39:05,071 Starting Q Learning for : 
2015-06-30 21:39:05,071 alpha = 0.5
2015-06-30 21:39:05,071 gamma = 0.7
2015-06-30 21:39:05,071 individual factor = 10
2015-06-30 21:39:05,071 zero range = 0.002
2015-06-30 21:39:05,071 greedy level = 5
2015-06-30 21:39:05,071 

2015-06-30 21:39:05,076 Starting Q Learning for : 
2015-06-30 21:39:05,076 alpha = 0.6
2015-06-30 21:39:05,076 gamma = 0.1
2015-06-30 21:39:05,076 individual factor = 10
2015-06-30 21:39:05,076 zero range = 0.002
2015-06-30 21:39:05,076 greedy level = 5
2015-06-30 21:39:05,076 

2015-06-30 21:39:06,828 Starting Training from 2015-01-01 to 2015-01-31
2015-06-30 21:39:06,837 Starting Training from 2015-01-01 to 2015-01-31
2015-06-30 21:39:23,366 Starting Q Learning for : 
2015-06-30 21:39:23,366 alpha = 0.2
2015-06-30 21:39:23,366 gamma = 0.3
2015-06-30 21:39:23,366 individual factor = 10
2015-06-30 21:39:23,367 zero range = 0.002
2015-06-30 21:39:23,367 greedy level = 5
2015-06-30 21:39:23,367 

2015-06-30 21:39:25,421 Starting Training from 2015-01-01 to 2015-01-31
2015-06-30 21:57:25,493 Starting Live from 2015-02-01 to 2015-03-03
2015-06-30 21:57:33,994 Starting Live from 2015-02-01 to 2015-03-03
2015-06-30 21:57:47,468 Starting Live from 2015-02-01 to 2015-03-03
2015-06-30 22:14:41,697 Starting Training from 2015-02-01 to 2015-03-03
2015-06-30 22:15:02,317 Starting Training from 2015-02-01 to 2015-03-03
2015-06-30 22:15:14,714 Starting Training from 2015-02-01 to 2015-03-03
2015-06-30 22:16:14,515 Starting Live from 2015-03-04 to 2015-04-03
2015-06-30 22:16:29,908 Starting Live from 2015-03-04 to 2015-04-03
2015-06-30 22:16:41,786 Starting Live from 2015-03-04 to 2015-04-03
2015-06-30 22:36:11,337 Starting Training from 2015-03-04 to 2015-04-03
2015-06-30 22:36:39,449 Starting Training from 2015-03-04 to 2015-04-03
2015-06-30 22:36:43,475 Starting Training from 2015-03-04 to 2015-04-03
2015-06-30 22:37:41,495 Starting Live from 2015-04-04 to 2015-04-10
2015-06-30 22:38:11,867 Starting Live from 2015-04-04 to 2015-04-10
2015-06-30 22:38:15,332 Starting Live from 2015-04-04 to 2015-04-10
2015-06-30 22:43:00,315 Starting Q Learning for : 
2015-06-30 22:43:00,315 alpha = 0.6
2015-06-30 22:43:00,315 gamma = 0.2
2015-06-30 22:43:00,315 individual factor = 10
2015-06-30 22:43:00,316 zero range = 0.002
2015-06-30 22:43:00,316 greedy level = 5
2015-06-30 22:43:00,316 

2015-06-30 22:43:03,050 Starting Training from 2015-01-01 to 2015-01-31
2015-06-30 22:43:49,088 Starting Q Learning for : 
2015-06-30 22:43:49,088 alpha = 0.5
2015-06-30 22:43:49,088 gamma = 0.8
2015-06-30 22:43:49,088 individual factor = 10
2015-06-30 22:43:49,088 zero range = 0.002
2015-06-30 22:43:49,089 greedy level = 5
2015-06-30 22:43:49,089 

2015-06-30 22:43:52,597 Starting Training from 2015-01-01 to 2015-01-31
2015-06-30 22:44:11,281 Starting Q Learning for : 
2015-06-30 22:44:11,281 alpha = 0.2
2015-06-30 22:44:11,281 gamma = 0.4
2015-06-30 22:44:11,281 individual factor = 10
2015-06-30 22:44:11,281 zero range = 0.002
2015-06-30 22:44:11,281 greedy level = 5
2015-06-30 22:44:11,281 

2015-06-30 22:44:14,081 Starting Training from 2015-01-01 to 2015-01-31
2015-06-30 23:02:02,492 Starting Live from 2015-02-01 to 2015-03-03
2015-06-30 23:02:39,581 Starting Live from 2015-02-01 to 2015-03-03
2015-06-30 23:02:46,991 Starting Live from 2015-02-01 to 2015-03-03
2015-06-30 23:19:15,697 Starting Training from 2015-02-01 to 2015-03-03
2015-06-30 23:19:54,312 Starting Training from 2015-02-01 to 2015-03-03
2015-06-30 23:20:06,517 Starting Training from 2015-02-01 to 2015-03-03
2015-06-30 23:20:41,714 Starting Live from 2015-03-04 to 2015-04-03
2015-06-30 23:21:18,727 Starting Live from 2015-03-04 to 2015-04-03
2015-06-30 23:21:37,422 Starting Live from 2015-03-04 to 2015-04-03
2015-06-30 23:41:06,823 Starting Training from 2015-03-04 to 2015-04-03
2015-06-30 23:41:51,894 Starting Training from 2015-03-04 to 2015-04-03
2015-06-30 23:42:00,684 Starting Training from 2015-03-04 to 2015-04-03
2015-06-30 23:42:41,000 Starting Live from 2015-04-04 to 2015-04-10
2015-06-30 23:43:25,862 Starting Live from 2015-04-04 to 2015-04-10
2015-06-30 23:43:34,186 Starting Live from 2015-04-04 to 2015-04-10
2015-06-30 23:46:40,852 Starting Q Learning for : 
2015-06-30 23:46:40,852 alpha = 0.6
2015-06-30 23:46:40,852 gamma = 0.3
2015-06-30 23:46:40,852 individual factor = 10
2015-06-30 23:46:40,852 zero range = 0.002
2015-06-30 23:46:40,852 greedy level = 5
2015-06-30 23:46:40,852 

2015-06-30 23:46:43,511 Starting Training from 2015-01-01 to 2015-01-31
2015-06-30 23:47:32,994 Starting Q Learning for : 
2015-06-30 23:47:32,995 alpha = 0.2
2015-06-30 23:47:32,995 gamma = 0.5
2015-06-30 23:47:32,995 individual factor = 10
2015-06-30 23:47:32,995 zero range = 0.002
2015-06-30 23:47:32,995 greedy level = 5
2015-06-30 23:47:32,995 

2015-06-30 23:47:34,867 Starting Training from 2015-01-01 to 2015-01-31
2015-06-30 23:47:40,104 Starting Q Learning for : 
2015-06-30 23:47:40,104 alpha = 0.4
2015-06-30 23:47:40,104 gamma = 0.1
2015-06-30 23:47:40,104 individual factor = 10
2015-06-30 23:47:40,104 zero range = 0.002
2015-06-30 23:47:40,104 greedy level = 5
2015-06-30 23:47:40,104 

2015-06-30 23:47:43,113 Starting Training from 2015-01-01 to 2015-01-31
2015-07-01 00:04:50,384 Starting Live from 2015-02-01 to 2015-03-03
2015-07-01 00:05:34,913 Starting Live from 2015-02-01 to 2015-03-03
2015-07-01 00:05:36,439 Starting Live from 2015-02-01 to 2015-03-03
2015-07-01 00:21:55,910 Starting Training from 2015-02-01 to 2015-03-03
2015-07-01 00:22:33,058 Starting Training from 2015-02-01 to 2015-03-03
2015-07-01 00:22:37,357 Starting Training from 2015-02-01 to 2015-03-03
2015-07-01 00:23:14,875 Starting Live from 2015-03-04 to 2015-04-03
2015-07-01 00:24:22,353 Starting Live from 2015-03-04 to 2015-04-03
2015-07-01 00:24:37,787 Starting Live from 2015-03-04 to 2015-04-03
2015-07-01 00:45:58,756 Starting Training from 2015-03-04 to 2015-04-03
2015-07-01 00:46:12,547 Starting Training from 2015-03-04 to 2015-04-03
2015-07-01 00:46:29,852 Starting Training from 2015-03-04 to 2015-04-03
2015-07-01 00:47:29,498 Starting Live from 2015-04-04 to 2015-04-10
2015-07-01 00:47:45,354 Starting Live from 2015-04-04 to 2015-04-10
2015-07-01 00:48:04,577 Starting Live from 2015-04-04 to 2015-04-10
2015-07-01 00:51:32,850 Starting Q Learning for : 
2015-07-01 00:51:32,850 alpha = 0.6
2015-07-01 00:51:32,850 gamma = 0.4
2015-07-01 00:51:32,850 individual factor = 10
2015-07-01 00:51:32,850 zero range = 0.002
2015-07-01 00:51:32,850 greedy level = 5
2015-07-01 00:51:32,850 

2015-07-01 00:51:34,355 Starting Training from 2015-01-01 to 2015-01-31
2015-07-01 00:51:44,675 Starting Q Learning for : 
2015-07-01 00:51:44,675 alpha = 0.4
2015-07-01 00:51:44,675 gamma = 0.2
2015-07-01 00:51:44,675 individual factor = 10
2015-07-01 00:51:44,675 zero range = 0.002
2015-07-01 00:51:44,675 greedy level = 5
2015-07-01 00:51:44,675 

2015-07-01 00:51:46,045 Starting Training from 2015-01-01 to 2015-01-31
2015-07-01 00:52:06,669 Starting Q Learning for : 
2015-07-01 00:52:06,670 alpha = 0.2
2015-07-01 00:52:06,670 gamma = 0.6
2015-07-01 00:52:06,670 individual factor = 10
2015-07-01 00:52:06,670 zero range = 0.002
2015-07-01 00:52:06,670 greedy level = 5
2015-07-01 00:52:06,670 

2015-07-01 00:52:08,436 Starting Training from 2015-01-01 to 2015-01-31
2015-07-01 01:09:49,618 Starting Live from 2015-02-01 to 2015-03-03
2015-07-01 01:09:55,492 Starting Live from 2015-02-01 to 2015-03-03
2015-07-01 01:10:32,725 Starting Live from 2015-02-01 to 2015-03-03
2015-07-01 01:27:08,735 Starting Training from 2015-02-01 to 2015-03-03
2015-07-01 01:27:15,723 Starting Training from 2015-02-01 to 2015-03-03
2015-07-01 01:27:41,596 Starting Training from 2015-02-01 to 2015-03-03
2015-07-01 01:28:32,876 Starting Live from 2015-03-04 to 2015-04-03
2015-07-01 01:28:39,633 Starting Live from 2015-03-04 to 2015-04-03
2015-07-01 01:29:03,376 Starting Live from 2015-03-04 to 2015-04-03
2015-07-01 01:49:18,501 Starting Training from 2015-03-04 to 2015-04-03
2015-07-01 01:49:20,728 Starting Training from 2015-03-04 to 2015-04-03
2015-07-01 01:49:27,065 Starting Training from 2015-03-04 to 2015-04-03
2015-07-01 01:51:58,376 Starting Live from 2015-04-04 to 2015-04-10
2015-07-01 01:52:02,597 Starting Live from 2015-04-04 to 2015-04-10
2015-07-01 01:52:20,249 Starting Live from 2015-04-04 to 2015-04-10
2015-07-01 01:57:14,227 Starting Q Learning for : 
2015-07-01 01:57:14,227 alpha = 0.2
2015-07-01 01:57:14,227 gamma = 0.7
2015-07-01 01:57:14,227 individual factor = 10
2015-07-01 01:57:14,227 zero range = 0.002
2015-07-01 01:57:14,227 greedy level = 5
2015-07-01 01:57:14,228 

2015-07-01 01:57:17,070 Starting Training from 2015-01-01 to 2015-01-31
2015-07-01 01:57:18,014 Starting Q Learning for : 
2015-07-01 01:57:18,014 alpha = 0.5
2015-07-01 01:57:18,014 gamma = 0.1
2015-07-01 01:57:18,014 individual factor = 10
2015-07-01 01:57:18,014 zero range = 0.006
2015-07-01 01:57:18,014 greedy level = 5
2015-07-01 01:57:18,014 

2015-07-01 01:57:21,095 Starting Training from 2015-01-01 to 2015-01-31
2015-07-01 01:57:36,523 Starting Q Learning for : 
2015-07-01 01:57:36,523 alpha = 0.4
2015-07-01 01:57:36,523 gamma = 0.3
2015-07-01 01:57:36,523 individual factor = 10
2015-07-01 01:57:36,523 zero range = 0.006
2015-07-01 01:57:36,523 greedy level = 5
2015-07-01 01:57:36,523 

2015-07-01 01:57:38,102 Starting Training from 2015-01-01 to 2015-01-31
2015-07-01 02:15:55,673 Starting Live from 2015-02-01 to 2015-03-03
2015-07-01 02:16:08,591 Starting Live from 2015-02-01 to 2015-03-03
2015-07-01 02:16:16,497 Starting Live from 2015-02-01 to 2015-03-03
2015-07-01 02:32:39,379 Starting Training from 2015-02-01 to 2015-03-03
2015-07-01 02:33:01,204 Starting Training from 2015-02-01 to 2015-03-03
2015-07-01 02:33:01,296 Starting Training from 2015-02-01 to 2015-03-03
2015-07-01 02:33:58,544 Starting Live from 2015-03-04 to 2015-04-03
2015-07-01 02:34:20,853 Starting Live from 2015-03-04 to 2015-04-03
2015-07-01 02:34:20,928 Starting Live from 2015-03-04 to 2015-04-03
2015-07-01 02:54:02,452 Starting Training from 2015-03-04 to 2015-04-03
2015-07-01 02:54:18,457 Starting Training from 2015-03-04 to 2015-04-03
2015-07-01 02:55:03,069 Starting Training from 2015-03-04 to 2015-04-03
2015-07-01 02:55:30,766 Starting Live from 2015-04-04 to 2015-04-10
2015-07-01 02:55:49,514 Starting Live from 2015-04-04 to 2015-04-10
2015-07-01 02:56:32,918 Starting Live from 2015-04-04 to 2015-04-10
2015-07-01 02:59:19,703 Starting Q Learning for : 
2015-07-01 02:59:19,703 alpha = 0.4
2015-07-01 02:59:19,703 gamma = 0.4
2015-07-01 02:59:19,703 individual factor = 10
2015-07-01 02:59:19,703 zero range = 0.006
2015-07-01 02:59:19,703 greedy level = 5
2015-07-01 02:59:19,703 

2015-07-01 02:59:21,339 Starting Training from 2015-01-01 to 2015-01-31
2015-07-01 02:59:54,181 Starting Q Learning for : 
2015-07-01 02:59:54,181 alpha = 0.5
2015-07-01 02:59:54,181 gamma = 0.2
2015-07-01 02:59:54,181 individual factor = 10
2015-07-01 02:59:54,181 zero range = 0.006
2015-07-01 02:59:54,181 greedy level = 5
2015-07-01 02:59:54,181 

2015-07-01 02:59:56,678 Starting Training from 2015-01-01 to 2015-01-31
2015-07-01 03:02:24,893 Starting Q Learning for : 
2015-07-01 03:02:24,894 alpha = 0.2
2015-07-01 03:02:24,894 gamma = 0.8
2015-07-01 03:02:24,894 individual factor = 10
2015-07-01 03:02:24,894 zero range = 0.002
2015-07-01 03:02:24,894 greedy level = 5
2015-07-01 03:02:24,894 

2015-07-01 03:02:27,764 Starting Training from 2015-01-01 to 2015-01-31
2015-07-01 03:19:15,940 Starting Live from 2015-02-01 to 2015-03-03
2015-07-01 03:19:41,922 Starting Live from 2015-02-01 to 2015-03-03
2015-07-01 03:21:30,167 Starting Live from 2015-02-01 to 2015-03-03
2015-07-01 03:34:21,285 Starting Training from 2015-02-01 to 2015-03-03
2015-07-01 03:34:38,791 Starting Training from 2015-02-01 to 2015-03-03
2015-07-01 03:37:54,113 Starting Training from 2015-02-01 to 2015-03-03
2015-07-01 03:38:01,938 Starting Live from 2015-03-04 to 2015-04-03
2015-07-01 03:38:13,828 Starting Live from 2015-03-04 to 2015-04-03
2015-07-01 03:39:29,142 Starting Live from 2015-03-04 to 2015-04-03
2015-07-01 03:57:02,902 Starting Training from 2015-03-04 to 2015-04-03
2015-07-01 03:57:24,811 Starting Training from 2015-03-04 to 2015-04-03
2015-07-01 03:58:19,025 Starting Training from 2015-03-04 to 2015-04-03
2015-07-01 03:58:29,389 Starting Live from 2015-04-04 to 2015-04-10
2015-07-01 03:58:49,527 Starting Live from 2015-04-04 to 2015-04-10
2015-07-01 03:59:42,930 Starting Live from 2015-04-04 to 2015-04-10
2015-07-01 04:02:23,875 Starting Q Learning for : 
2015-07-01 04:02:23,875 alpha = 0.5
2015-07-01 04:02:23,875 gamma = 0.3
2015-07-01 04:02:23,875 individual factor = 10
2015-07-01 04:02:23,875 zero range = 0.006
2015-07-01 04:02:23,875 greedy level = 5
2015-07-01 04:02:23,875 

2015-07-01 04:02:25,590 Starting Training from 2015-01-01 to 2015-01-31
2015-07-01 04:02:43,529 Starting Q Learning for : 
2015-07-01 04:02:43,529 alpha = 0.4
2015-07-01 04:02:43,529 gamma = 0.5
2015-07-01 04:02:43,529 individual factor = 10
2015-07-01 04:02:43,529 zero range = 0.006
2015-07-01 04:02:43,529 greedy level = 5
2015-07-01 04:02:43,529 

2015-07-01 04:02:45,616 Starting Training from 2015-01-01 to 2015-01-31
2015-07-01 04:03:30,092 Starting Q Learning for : 
2015-07-01 04:03:30,092 alpha = 0.8
2015-07-01 04:03:30,092 gamma = 0.1
2015-07-01 04:03:30,092 individual factor = 10
2015-07-01 04:03:30,092 zero range = 0.002
2015-07-01 04:03:30,092 greedy level = 5
2015-07-01 04:03:30,092 

2015-07-01 04:03:31,555 Starting Training from 2015-01-01 to 2015-01-31
2015-07-01 04:19:59,622 Starting Live from 2015-02-01 to 2015-03-03
2015-07-01 04:20:29,431 Starting Live from 2015-02-01 to 2015-03-03
2015-07-01 04:21:15,198 Starting Live from 2015-02-01 to 2015-03-03
2015-07-01 04:37:02,219 Starting Training from 2015-02-01 to 2015-03-03
2015-07-01 04:37:29,561 Starting Training from 2015-02-01 to 2015-03-03
2015-07-01 04:38:25,565 Starting Training from 2015-02-01 to 2015-03-03
2015-07-01 04:38:39,633 Starting Live from 2015-03-04 to 2015-04-03
2015-07-01 04:39:04,494 Starting Live from 2015-03-04 to 2015-04-03
2015-07-01 04:39:50,815 Starting Live from 2015-03-04 to 2015-04-03
2015-07-01 04:57:42,366 Starting Training from 2015-03-04 to 2015-04-03
2015-07-01 04:58:12,309 Starting Training from 2015-03-04 to 2015-04-03
2015-07-01 04:59:12,588 Starting Live from 2015-04-04 to 2015-04-10
2015-07-01 04:59:44,688 Starting Live from 2015-04-04 to 2015-04-10
2015-07-01 04:59:51,480 Starting Training from 2015-03-04 to 2015-04-03
2015-07-01 05:03:40,746 Starting Live from 2015-04-04 to 2015-04-10
2015-07-01 05:04:54,213 Starting Q Learning for : 
2015-07-01 05:04:54,213 alpha = 0.5
2015-07-01 05:04:54,213 gamma = 0.4
2015-07-01 05:04:54,213 individual factor = 10
2015-07-01 05:04:54,213 zero range = 0.006
2015-07-01 05:04:54,214 greedy level = 5
2015-07-01 05:04:54,214 

2015-07-01 05:04:55,432 Starting Training from 2015-01-01 to 2015-01-31
2015-07-01 05:05:27,512 Starting Q Learning for : 
2015-07-01 05:05:27,512 alpha = 0.4
2015-07-01 05:05:27,512 gamma = 0.6
2015-07-01 05:05:27,512 individual factor = 10
2015-07-01 05:05:27,512 zero range = 0.006
2015-07-01 05:05:27,512 greedy level = 5
2015-07-01 05:05:27,512 

2015-07-01 05:05:28,944 Starting Training from 2015-01-01 to 2015-01-31
2015-07-01 05:07:51,627 Starting Q Learning for : 
2015-07-01 05:07:51,627 alpha = 0.8
2015-07-01 05:07:51,628 gamma = 0.2
2015-07-01 05:07:51,628 individual factor = 10
2015-07-01 05:07:51,628 zero range = 0.002
2015-07-01 05:07:51,628 greedy level = 5
2015-07-01 05:07:51,628 

2015-07-01 05:07:52,778 Starting Training from 2015-01-01 to 2015-01-31
2015-07-01 05:22:10,993 Starting Live from 2015-02-01 to 2015-03-03
2015-07-01 05:22:58,042 Starting Live from 2015-02-01 to 2015-03-03
2015-07-01 05:25:11,420 Starting Live from 2015-02-01 to 2015-03-03
2015-07-01 05:37:46,992 Starting Training from 2015-02-01 to 2015-03-03
2015-07-01 05:39:07,840 Starting Training from 2015-02-01 to 2015-03-03
2015-07-01 05:39:54,512 Starting Live from 2015-03-04 to 2015-04-03
2015-07-01 05:40:32,764 Starting Live from 2015-03-04 to 2015-04-03
2015-07-01 05:41:21,937 Starting Training from 2015-02-01 to 2015-03-03
2015-07-01 05:42:39,016 Starting Live from 2015-03-04 to 2015-04-03
2015-07-01 05:59:22,179 Starting Training from 2015-03-04 to 2015-04-03
2015-07-01 05:59:46,548 Starting Training from 2015-03-04 to 2015-04-03
2015-07-01 06:00:50,726 Starting Live from 2015-04-04 to 2015-04-10
2015-07-01 06:01:14,524 Starting Live from 2015-04-04 to 2015-04-10
2015-07-01 06:02:50,203 Starting Training from 2015-03-04 to 2015-04-03
2015-07-01 06:04:33,708 Starting Live from 2015-04-04 to 2015-04-10
2015-07-01 06:04:58,579 Starting Q Learning for : 
2015-07-01 06:04:58,579 alpha = 0.5
2015-07-01 06:04:58,579 gamma = 0.5
2015-07-01 06:04:58,579 individual factor = 10
2015-07-01 06:04:58,580 zero range = 0.006
2015-07-01 06:04:58,580 greedy level = 5
2015-07-01 06:04:58,580 

2015-07-01 06:05:00,378 Starting Training from 2015-01-01 to 2015-01-31
2015-07-01 06:05:14,895 Starting Q Learning for : 
2015-07-01 06:05:14,895 alpha = 0.4
2015-07-01 06:05:14,895 gamma = 0.7
2015-07-01 06:05:14,895 individual factor = 10
2015-07-01 06:05:14,895 zero range = 0.006
2015-07-01 06:05:14,895 greedy level = 5
2015-07-01 06:05:14,895 

2015-07-01 06:05:17,742 Starting Training from 2015-01-01 to 2015-01-31
2015-07-01 06:09:28,636 Starting Q Learning for : 
2015-07-01 06:09:28,636 alpha = 0.8
2015-07-01 06:09:28,636 gamma = 0.3
2015-07-01 06:09:28,636 individual factor = 10
2015-07-01 06:09:28,636 zero range = 0.002
2015-07-01 06:09:28,636 greedy level = 5
2015-07-01 06:09:28,636 

2015-07-01 06:09:30,730 Starting Training from 2015-01-01 to 2015-01-31
2015-07-01 06:23:24,664 Starting Live from 2015-02-01 to 2015-03-03
2015-07-01 06:23:40,620 Starting Live from 2015-02-01 to 2015-03-03
2015-07-01 06:28:35,587 Starting Live from 2015-02-01 to 2015-03-03
2015-07-01 06:39:57,903 Starting Training from 2015-02-01 to 2015-03-03
2015-07-01 06:40:32,902 Starting Training from 2015-02-01 to 2015-03-03
2015-07-01 06:41:18,985 Starting Live from 2015-03-04 to 2015-04-03
2015-07-01 06:41:54,847 Starting Live from 2015-03-04 to 2015-04-03
2015-07-01 06:44:35,619 Starting Training from 2015-02-01 to 2015-03-03
2015-07-01 06:46:44,838 Starting Live from 2015-03-04 to 2015-04-03
2015-07-01 07:01:59,269 Starting Training from 2015-03-04 to 2015-04-03
2015-07-01 07:02:24,290 Starting Training from 2015-03-04 to 2015-04-03
2015-07-01 07:04:20,625 Starting Live from 2015-04-04 to 2015-04-10
2015-07-01 07:04:30,205 Starting Live from 2015-04-04 to 2015-04-10
2015-07-01 07:06:37,578 Starting Training from 2015-03-04 to 2015-04-03
2015-07-01 07:07:56,919 Starting Q Learning for : 
2015-07-01 07:07:56,919 alpha = 0.4
2015-07-01 07:07:56,919 gamma = 0.8
2015-07-01 07:07:56,919 individual factor = 10
2015-07-01 07:07:56,919 zero range = 0.006
2015-07-01 07:07:56,919 greedy level = 5
2015-07-01 07:07:56,919 

2015-07-01 07:07:58,446 Starting Training from 2015-01-01 to 2015-01-31
2015-07-01 07:07:59,551 Starting Q Learning for : 
2015-07-01 07:07:59,551 alpha = 0.5
2015-07-01 07:07:59,551 gamma = 0.6
2015-07-01 07:07:59,551 individual factor = 10
2015-07-01 07:07:59,551 zero range = 0.006
2015-07-01 07:07:59,551 greedy level = 5
2015-07-01 07:07:59,552 

2015-07-01 07:08:00,762 Starting Training from 2015-01-01 to 2015-01-31
2015-07-01 07:08:04,516 Starting Live from 2015-04-04 to 2015-04-10
2015-07-01 07:11:48,032 Starting Q Learning for : 
2015-07-01 07:11:48,032 alpha = 0.8
2015-07-01 07:11:48,032 gamma = 0.4
2015-07-01 07:11:48,032 individual factor = 10
2015-07-01 07:11:48,032 zero range = 0.002
2015-07-01 07:11:48,032 greedy level = 5
2015-07-01 07:11:48,032 

2015-07-01 07:11:49,623 Starting Training from 2015-01-01 to 2015-01-31
2015-07-01 07:25:12,726 Starting Live from 2015-02-01 to 2015-03-03
2015-07-01 07:25:13,868 Starting Live from 2015-02-01 to 2015-03-03
2015-07-01 07:29:06,672 Starting Live from 2015-02-01 to 2015-03-03
2015-07-01 07:41:25,718 Starting Training from 2015-02-01 to 2015-03-03
2015-07-01 07:41:30,303 Starting Training from 2015-02-01 to 2015-03-03
2015-07-01 07:42:48,982 Starting Live from 2015-03-04 to 2015-04-03
2015-07-01 07:42:53,589 Starting Live from 2015-03-04 to 2015-04-03
2015-07-01 07:44:57,784 Starting Training from 2015-02-01 to 2015-03-03
2015-07-01 07:46:19,808 Starting Live from 2015-03-04 to 2015-04-03
2015-07-01 08:02:08,506 Starting Training from 2015-03-04 to 2015-04-03
2015-07-01 08:02:22,304 Starting Training from 2015-03-04 to 2015-04-03
2015-07-01 08:03:37,143 Starting Live from 2015-04-04 to 2015-04-10
2015-07-01 08:03:51,926 Starting Live from 2015-04-04 to 2015-04-10
2015-07-01 08:05:54,251 Starting Training from 2015-03-04 to 2015-04-03
2015-07-01 08:07:15,795 Starting Q Learning for : 
2015-07-01 08:07:15,796 alpha = 0.6
2015-07-01 08:07:15,796 gamma = 0.1
2015-07-01 08:07:15,796 individual factor = 10
2015-07-01 08:07:15,796 zero range = 0.006
2015-07-01 08:07:15,796 greedy level = 5
2015-07-01 08:07:15,796 

2015-07-01 08:07:17,092 Starting Training from 2015-01-01 to 2015-01-31
2015-07-01 08:07:21,880 Starting Live from 2015-04-04 to 2015-04-10
2015-07-01 08:07:43,601 Starting Q Learning for : 
2015-07-01 08:07:43,601 alpha = 0.5
2015-07-01 08:07:43,601 gamma = 0.7
2015-07-01 08:07:43,602 individual factor = 10
2015-07-01 08:07:43,602 zero range = 0.006
2015-07-01 08:07:43,602 greedy level = 5
2015-07-01 08:07:43,602 

2015-07-01 08:07:45,419 Starting Training from 2015-01-01 to 2015-01-31
2015-07-01 08:13:02,862 Starting Q Learning for : 
2015-07-01 08:13:02,863 alpha = 0.8
2015-07-01 08:13:02,863 gamma = 0.5
2015-07-01 08:13:02,863 individual factor = 10
2015-07-01 08:13:02,863 zero range = 0.002
2015-07-01 08:13:02,863 greedy level = 5
2015-07-01 08:13:02,863 

2015-07-01 08:13:04,872 Starting Training from 2015-01-01 to 2015-01-31
2015-07-01 08:24:30,573 Starting Live from 2015-02-01 to 2015-03-03
2015-07-01 08:25:03,987 Starting Live from 2015-02-01 to 2015-03-03
2015-07-01 08:30:25,302 Starting Live from 2015-02-01 to 2015-03-03
2015-07-01 08:40:40,572 Starting Training from 2015-02-01 to 2015-03-03
2015-07-01 08:41:13,633 Starting Training from 2015-02-01 to 2015-03-03
2015-07-01 08:42:02,889 Starting Live from 2015-03-04 to 2015-04-03
2015-07-01 08:43:19,169 Starting Live from 2015-03-04 to 2015-04-03
2015-07-01 08:46:42,819 Starting Training from 2015-02-01 to 2015-03-03
2015-07-01 08:48:06,572 Starting Live from 2015-03-04 to 2015-04-03
2015-07-01 09:02:12,530 Starting Training from 2015-03-04 to 2015-04-03
2015-07-01 09:04:25,417 Starting Training from 2015-03-04 to 2015-04-03
2015-07-01 09:05:16,022 Starting Live from 2015-04-04 to 2015-04-10
2015-07-01 09:05:51,553 Starting Live from 2015-04-04 to 2015-04-10
2015-07-01 09:07:59,890 Starting Training from 2015-03-04 to 2015-04-03
2015-07-01 09:08:49,145 Starting Q Learning for : 
2015-07-01 09:08:49,146 alpha = 0.6
2015-07-01 09:08:49,146 gamma = 0.2
2015-07-01 09:08:49,146 individual factor = 10
2015-07-01 09:08:49,146 zero range = 0.006
2015-07-01 09:08:49,146 greedy level = 5
2015-07-01 09:08:49,146 

2015-07-01 09:08:50,495 Starting Training from 2015-01-01 to 2015-01-31
2015-07-01 09:09:22,725 Starting Live from 2015-04-04 to 2015-04-10
2015-07-01 09:09:30,872 Starting Q Learning for : 
2015-07-01 09:09:30,872 alpha = 0.5
2015-07-01 09:09:30,872 gamma = 0.8
2015-07-01 09:09:30,872 individual factor = 10
2015-07-01 09:09:30,872 zero range = 0.006
2015-07-01 09:09:30,872 greedy level = 5
2015-07-01 09:09:30,872 

2015-07-01 09:09:32,286 Starting Training from 2015-01-01 to 2015-01-31
2015-07-01 09:13:07,851 Starting Q Learning for : 
2015-07-01 09:13:07,852 alpha = 0.8
2015-07-01 09:13:07,852 gamma = 0.6
2015-07-01 09:13:07,852 individual factor = 10
2015-07-01 09:13:07,852 zero range = 0.002
2015-07-01 09:13:07,852 greedy level = 5
2015-07-01 09:13:07,852 

2015-07-01 09:13:09,560 Starting Training from 2015-01-01 to 2015-01-31
2015-07-01 09:25:41,695 Starting Live from 2015-02-01 to 2015-03-03
2015-07-01 09:26:32,289 Starting Live from 2015-02-01 to 2015-03-03
2015-07-01 09:30:07,804 Starting Live from 2015-02-01 to 2015-03-03
2015-07-01 09:41:33,658 Starting Training from 2015-02-01 to 2015-03-03
2015-07-01 09:42:32,383 Starting Training from 2015-02-01 to 2015-03-03
2015-07-01 09:43:01,039 Starting Live from 2015-03-04 to 2015-04-03
2015-07-01 09:44:13,494 Starting Live from 2015-03-04 to 2015-04-03
2015-07-01 09:46:16,284 Starting Training from 2015-02-01 to 2015-03-03
2015-07-01 09:47:41,521 Starting Live from 2015-03-04 to 2015-04-03
2015-07-01 10:02:28,802 Starting Training from 2015-03-04 to 2015-04-03
2015-07-01 10:03:29,355 Starting Training from 2015-03-04 to 2015-04-03
2015-07-01 10:03:57,341 Starting Live from 2015-04-04 to 2015-04-10
2015-07-01 10:04:56,387 Starting Live from 2015-04-04 to 2015-04-10
2015-07-01 10:07:05,717 Starting Training from 2015-03-04 to 2015-04-03
2015-07-01 10:07:39,990 Starting Q Learning for : 
2015-07-01 10:07:39,990 alpha = 0.6
2015-07-01 10:07:39,990 gamma = 0.3
2015-07-01 10:07:39,990 individual factor = 10
2015-07-01 10:07:39,990 zero range = 0.006
2015-07-01 10:07:39,990 greedy level = 5
2015-07-01 10:07:39,990 

2015-07-01 10:07:41,475 Starting Training from 2015-01-01 to 2015-01-31
2015-07-01 10:08:29,119 Starting Q Learning for : 
2015-07-01 10:08:29,119 alpha = 0.4
2015-07-01 10:08:29,119 gamma = 0.1
2015-07-01 10:08:29,119 individual factor = 10
2015-07-01 10:08:29,119 zero range = 0.006
2015-07-01 10:08:29,119 greedy level = 5
2015-07-01 10:08:29,119 

2015-07-01 10:08:30,992 Starting Training from 2015-01-01 to 2015-01-31
2015-07-01 10:08:31,533 Starting Live from 2015-04-04 to 2015-04-10
2015-07-01 10:13:44,638 Starting Q Learning for : 
2015-07-01 10:13:44,638 alpha = 0.8
2015-07-01 10:13:44,638 gamma = 0.7
2015-07-01 10:13:44,638 individual factor = 10
2015-07-01 10:13:44,639 zero range = 0.002
2015-07-01 10:13:44,639 greedy level = 5
2015-07-01 10:13:44,639 

2015-07-01 10:13:47,585 Starting Training from 2015-01-01 to 2015-01-31
2015-07-01 10:25:04,613 Starting Live from 2015-02-01 to 2015-03-03
2015-07-01 10:25:57,236 Starting Live from 2015-02-01 to 2015-03-03
2015-07-01 10:31:07,591 Starting Live from 2015-02-01 to 2015-03-03
2015-07-01 10:41:38,692 Starting Training from 2015-02-01 to 2015-03-03
2015-07-01 10:42:36,414 Starting Training from 2015-02-01 to 2015-03-03
2015-07-01 10:42:58,789 Starting Live from 2015-03-04 to 2015-04-03
2015-07-01 10:43:57,677 Starting Live from 2015-03-04 to 2015-04-03
2015-07-01 10:47:16,454 Starting Training from 2015-02-01 to 2015-03-03
2015-07-01 10:50:01,931 Starting Live from 2015-03-04 to 2015-04-03
2015-07-01 11:02:27,729 Starting Training from 2015-03-04 to 2015-04-03
2015-07-01 11:04:48,614 Starting Training from 2015-03-04 to 2015-04-03
2015-07-01 11:06:22,593 Starting Live from 2015-04-04 to 2015-04-10
2015-07-01 11:07:16,726 Starting Live from 2015-04-04 to 2015-04-10
2015-07-01 11:09:43,314 Starting Training from 2015-03-04 to 2015-04-03
2015-07-01 11:10:10,123 Starting Q Learning for : 
2015-07-01 11:10:10,124 alpha = 0.6
2015-07-01 11:10:10,124 gamma = 0.4
2015-07-01 11:10:10,124 individual factor = 10
2015-07-01 11:10:10,124 zero range = 0.006
2015-07-01 11:10:10,124 greedy level = 5
2015-07-01 11:10:10,124 

2015-07-01 11:10:11,452 Starting Training from 2015-01-01 to 2015-01-31
2015-07-01 11:11:07,755 Starting Q Learning for : 
2015-07-01 11:11:07,755 alpha = 0.4
2015-07-01 11:11:07,755 gamma = 0.2
2015-07-01 11:11:07,755 individual factor = 10
2015-07-01 11:11:07,755 zero range = 0.006
2015-07-01 11:11:07,755 greedy level = 5
2015-07-01 11:11:07,756 

2015-07-01 11:11:09,125 Starting Training from 2015-01-01 to 2015-01-31
2015-07-01 11:11:13,402 Starting Live from 2015-04-04 to 2015-04-10
2015-07-01 11:14:48,654 Starting Q Learning for : 
2015-07-01 11:14:48,654 alpha = 0.8
2015-07-01 11:14:48,654 gamma = 0.8
2015-07-01 11:14:48,655 individual factor = 10
2015-07-01 11:14:48,655 zero range = 0.002
2015-07-01 11:14:48,655 greedy level = 5
2015-07-01 11:14:48,655 

2015-07-01 11:14:50,585 Starting Training from 2015-01-01 to 2015-01-31
2015-07-01 11:27:23,216 Starting Live from 2015-02-01 to 2015-03-03
2015-07-01 11:28:11,571 Starting Live from 2015-02-01 to 2015-03-03
2015-07-01 11:32:02,954 Starting Live from 2015-02-01 to 2015-03-03
2015-07-01 11:43:39,230 Starting Training from 2015-02-01 to 2015-03-03
2015-07-01 11:44:33,961 Starting Training from 2015-02-01 to 2015-03-03
2015-07-01 11:44:59,511 Starting Live from 2015-03-04 to 2015-04-03
2015-07-01 11:45:50,838 Starting Live from 2015-03-04 to 2015-04-03
2015-07-01 11:48:19,875 Starting Training from 2015-02-01 to 2015-03-03
2015-07-01 11:49:38,889 Starting Live from 2015-03-04 to 2015-04-03
2015-07-01 12:04:14,339 Starting Training from 2015-03-04 to 2015-04-03
2015-07-01 12:05:37,849 Starting Live from 2015-04-04 to 2015-04-10
2015-07-01 12:05:51,727 Starting Training from 2015-03-04 to 2015-04-03
2015-07-01 12:07:13,291 Starting Live from 2015-04-04 to 2015-04-10
2015-07-01 12:08:33,817 Starting Training from 2015-03-04 to 2015-04-03
2015-07-01 12:09:15,430 Starting Q Learning for : 
2015-07-01 12:09:15,430 alpha = 0.6
2015-07-01 12:09:15,430 gamma = 0.5
2015-07-01 12:09:15,430 individual factor = 10
2015-07-01 12:09:15,430 zero range = 0.006
2015-07-01 12:09:15,431 greedy level = 5
2015-07-01 12:09:15,431 

2015-07-01 12:09:16,866 Starting Training from 2015-01-01 to 2015-01-31
2015-07-01 12:10:01,215 Starting Live from 2015-04-04 to 2015-04-10
2015-07-01 12:11:02,541 Starting Q Learning for : 
2015-07-01 12:11:02,541 alpha = 0.2
2015-07-01 12:11:02,541 gamma = 0.7
2015-07-01 12:11:02,541 individual factor = 10
2015-07-01 12:11:02,541 zero range = 0.006
2015-07-01 12:11:02,541 greedy level = 5
2015-07-01 12:11:02,541 

2015-07-01 12:11:04,336 Starting Training from 2015-01-01 to 2015-01-31
2015-07-01 12:14:32,544 Starting Q Learning for : 
2015-07-01 12:14:32,544 alpha = 0.5
2015-07-01 12:14:32,545 gamma = 0.1
2015-07-01 12:14:32,545 individual factor = 10
2015-07-01 12:14:32,545 zero range = 0.01
2015-07-01 12:14:32,545 greedy level = 5
2015-07-01 12:14:32,545 

2015-07-01 12:14:34,644 Starting Training from 2015-01-01 to 2015-01-31
2015-07-01 12:26:17,324 Starting Live from 2015-02-01 to 2015-03-03
2015-07-01 12:28:09,756 Starting Live from 2015-02-01 to 2015-03-03
2015-07-01 12:30:44,731 Starting Live from 2015-02-01 to 2015-03-03
2015-07-01 12:41:50,438 Starting Training from 2015-02-01 to 2015-03-03
2015-07-01 12:43:15,909 Starting Live from 2015-03-04 to 2015-04-03
2015-07-01 12:43:57,890 Starting Training from 2015-02-01 to 2015-03-03
2015-07-01 12:45:21,616 Starting Live from 2015-03-04 to 2015-04-03
2015-07-01 12:46:30,910 Starting Training from 2015-02-01 to 2015-03-03
2015-07-01 12:48:53,610 Starting Live from 2015-03-04 to 2015-04-03
2015-07-01 13:03:29,430 Starting Training from 2015-03-04 to 2015-04-03
2015-07-01 13:04:53,028 Starting Live from 2015-04-04 to 2015-04-10
2015-07-01 13:05:11,256 Starting Training from 2015-03-04 to 2015-04-03
2015-07-01 13:09:03,935 Starting Live from 2015-04-04 to 2015-04-10
2015-07-01 13:09:57,874 Starting Training from 2015-03-04 to 2015-04-03
2015-07-01 13:11:00,894 Starting Q Learning for : 
2015-07-01 13:11:00,894 alpha = 0.6
2015-07-01 13:11:00,894 gamma = 0.6
2015-07-01 13:11:00,894 individual factor = 10
2015-07-01 13:11:00,894 zero range = 0.006
2015-07-01 13:11:00,894 greedy level = 5
2015-07-01 13:11:00,894 

2015-07-01 13:11:02,470 Starting Training from 2015-01-01 to 2015-01-31
2015-07-01 13:11:29,666 Starting Live from 2015-04-04 to 2015-04-10
2015-07-01 13:12:56,070 Starting Q Learning for : 
2015-07-01 13:12:56,070 alpha = 0.2
2015-07-01 13:12:56,070 gamma = 0.8
2015-07-01 13:12:56,070 individual factor = 10
2015-07-01 13:12:56,070 zero range = 0.006
2015-07-01 13:12:56,070 greedy level = 5
2015-07-01 13:12:56,070 

2015-07-01 13:12:57,966 Starting Training from 2015-01-01 to 2015-01-31
2015-07-01 13:15:08,818 Starting Q Learning for : 
2015-07-01 13:15:08,818 alpha = 0.5
2015-07-01 13:15:08,818 gamma = 0.2
2015-07-01 13:15:08,818 individual factor = 10
2015-07-01 13:15:08,818 zero range = 0.01
2015-07-01 13:15:08,818 greedy level = 5
2015-07-01 13:15:08,818 

2015-07-01 13:15:10,183 Starting Training from 2015-01-01 to 2015-01-31
2015-07-01 13:27:55,661 Starting Live from 2015-02-01 to 2015-03-03
2015-07-01 13:30:01,135 Starting Live from 2015-02-01 to 2015-03-03
2015-07-01 13:32:02,577 Starting Live from 2015-02-01 to 2015-03-03
2015-07-01 13:42:40,337 Starting Training from 2015-02-01 to 2015-03-03
2015-07-01 13:45:21,406 Starting Live from 2015-03-04 to 2015-04-03
2015-07-01 13:45:55,502 Starting Training from 2015-02-01 to 2015-03-03
2015-07-01 13:47:16,521 Starting Live from 2015-03-04 to 2015-04-03
2015-07-01 13:47:52,550 Starting Training from 2015-02-01 to 2015-03-03
2015-07-01 13:49:10,000 Starting Live from 2015-03-04 to 2015-04-03
2015-07-01 14:04:05,502 Starting Training from 2015-03-04 to 2015-04-03
2015-07-01 14:05:30,369 Starting Live from 2015-04-04 to 2015-04-10
2015-07-01 14:06:15,841 Starting Training from 2015-03-04 to 2015-04-03
2015-07-01 14:07:40,682 Starting Live from 2015-04-04 to 2015-04-10
2015-07-01 14:08:00,357 Starting Training from 2015-03-04 to 2015-04-03
2015-07-01 14:09:11,689 Starting Q Learning for : 
2015-07-01 14:09:11,690 alpha = 0.6
2015-07-01 14:09:11,690 gamma = 0.7
2015-07-01 14:09:11,690 individual factor = 10
2015-07-01 14:09:11,690 zero range = 0.006
2015-07-01 14:09:11,690 greedy level = 5
2015-07-01 14:09:11,690 

2015-07-01 14:09:12,952 Starting Training from 2015-01-01 to 2015-01-31
2015-07-01 14:09:25,512 Starting Live from 2015-04-04 to 2015-04-10
2015-07-01 14:11:11,038 Starting Q Learning for : 
2015-07-01 14:11:11,038 alpha = 0.8
2015-07-01 14:11:11,038 gamma = 0.1
2015-07-01 14:11:11,038 individual factor = 10
2015-07-01 14:11:11,038 zero range = 0.006
2015-07-01 14:11:11,038 greedy level = 5
2015-07-01 14:11:11,038 

2015-07-01 14:11:12,247 Starting Training from 2015-01-01 to 2015-01-31
2015-07-01 14:13:01,764 Starting Q Learning for : 
2015-07-01 14:13:01,764 alpha = 0.5
2015-07-01 14:13:01,764 gamma = 0.3
2015-07-01 14:13:01,764 individual factor = 10
2015-07-01 14:13:01,764 zero range = 0.01
2015-07-01 14:13:01,764 greedy level = 5
2015-07-01 14:13:01,764 

2015-07-01 14:13:02,945 Starting Training from 2015-01-01 to 2015-01-31
2015-07-01 14:26:23,951 Starting Live from 2015-02-01 to 2015-03-03
2015-07-01 14:28:15,864 Starting Live from 2015-02-01 to 2015-03-03
2015-07-01 14:30:09,182 Starting Live from 2015-02-01 to 2015-03-03
2015-07-01 14:42:37,419 Starting Training from 2015-02-01 to 2015-03-03
2015-07-01 14:43:56,282 Starting Live from 2015-03-04 to 2015-04-03
2015-07-01 14:44:18,393 Starting Training from 2015-02-01 to 2015-03-03
2015-07-01 14:45:43,082 Starting Live from 2015-03-04 to 2015-04-03
2015-07-01 14:46:14,923 Starting Training from 2015-02-01 to 2015-03-03
2015-07-01 14:47:34,138 Starting Live from 2015-03-04 to 2015-04-03
2015-07-01 15:02:43,454 Starting Training from 2015-03-04 to 2015-04-03
2015-07-01 15:04:09,141 Starting Live from 2015-04-04 to 2015-04-10
2015-07-01 15:04:57,530 Starting Training from 2015-03-04 to 2015-04-03
2015-07-01 15:06:25,466 Starting Live from 2015-04-04 to 2015-04-10
2015-07-01 15:06:51,567 Starting Training from 2015-03-04 to 2015-04-03
2015-07-01 15:08:13,462 Starting Q Learning for : 
2015-07-01 15:08:13,462 alpha = 0.6
2015-07-01 15:08:13,462 gamma = 0.8
2015-07-01 15:08:13,462 individual factor = 10
2015-07-01 15:08:13,462 zero range = 0.006
2015-07-01 15:08:13,462 greedy level = 5
2015-07-01 15:08:13,462 

2015-07-01 15:08:15,778 Starting Training from 2015-01-01 to 2015-01-31
2015-07-01 15:09:24,783 Starting Live from 2015-04-04 to 2015-04-10
2015-07-01 15:12:35,229 Starting Q Learning for : 
2015-07-01 15:12:35,229 alpha = 0.8
2015-07-01 15:12:35,229 gamma = 0.2
2015-07-01 15:12:35,229 individual factor = 10
2015-07-01 15:12:35,229 zero range = 0.006
2015-07-01 15:12:35,229 greedy level = 5
2015-07-01 15:12:35,229 

2015-07-01 15:12:36,644 Starting Training from 2015-01-01 to 2015-01-31
2015-07-01 15:14:21,608 Starting Q Learning for : 
2015-07-01 15:14:21,608 alpha = 0.5
2015-07-01 15:14:21,608 gamma = 0.4
2015-07-01 15:14:21,608 individual factor = 10
2015-07-01 15:14:21,608 zero range = 0.01
2015-07-01 15:14:21,608 greedy level = 5
2015-07-01 15:14:21,608 

2015-07-01 15:14:22,673 Starting Training from 2015-01-01 to 2015-01-31
2015-07-01 15:25:11,552 Starting Live from 2015-02-01 to 2015-03-03
2015-07-01 15:29:17,282 Starting Live from 2015-02-01 to 2015-03-03
2015-07-01 15:31:19,352 Starting Live from 2015-02-01 to 2015-03-03
2015-07-01 15:41:20,204 Starting Training from 2015-02-01 to 2015-03-03
2015-07-01 15:42:43,154 Starting Live from 2015-03-04 to 2015-04-03
2015-07-01 15:43:22,734 Starting Training from 2015-02-01 to 2015-03-03
2015-07-01 15:46:53,021 Starting Training from 2015-02-01 to 2015-03-03
2015-07-01 15:46:55,231 Starting Live from 2015-03-04 to 2015-04-03
2015-07-01 15:48:44,418 Starting Live from 2015-03-04 to 2015-04-03
2015-07-01 16:03:40,819 Starting Training from 2015-03-04 to 2015-04-03
2015-07-01 16:06:02,586 Starting Live from 2015-04-04 to 2015-04-10
2015-07-01 16:06:42,708 Starting Training from 2015-03-04 to 2015-04-03
2015-07-01 16:08:08,861 Starting Live from 2015-04-04 to 2015-04-10
2015-07-01 16:08:25,670 Starting Training from 2015-03-04 to 2015-04-03
2015-07-01 16:09:46,640 Starting Q Learning for : 
2015-07-01 16:09:46,640 alpha = 0.2
2015-07-01 16:09:46,640 gamma = 0.1
2015-07-01 16:09:46,641 individual factor = 10
2015-07-01 16:09:46,641 zero range = 0.006
2015-07-01 16:09:46,641 greedy level = 5
2015-07-01 16:09:46,641 

2015-07-01 16:09:47,888 Starting Training from 2015-01-01 to 2015-01-31
2015-07-01 16:09:50,044 Starting Live from 2015-04-04 to 2015-04-10
2015-07-01 16:11:49,536 Starting Q Learning for : 
2015-07-01 16:11:49,536 alpha = 0.8
2015-07-01 16:11:49,536 gamma = 0.3
2015-07-01 16:11:49,536 individual factor = 10
2015-07-01 16:11:49,536 zero range = 0.006
2015-07-01 16:11:49,536 greedy level = 5
2015-07-01 16:11:49,536 

2015-07-01 16:11:50,478 Starting Training from 2015-01-01 to 2015-01-31
2015-07-01 16:13:35,798 Starting Q Learning for : 
2015-07-01 16:13:35,798 alpha = 0.5
2015-07-01 16:13:35,799 gamma = 0.5
2015-07-01 16:13:35,799 individual factor = 10
2015-07-01 16:13:35,799 zero range = 0.01
2015-07-01 16:13:35,799 greedy level = 5
2015-07-01 16:13:35,799 

2015-07-01 16:13:37,182 Starting Training from 2015-01-01 to 2015-01-31
2015-07-01 16:26:22,613 Starting Live from 2015-02-01 to 2015-03-03
2015-07-01 16:28:23,578 Starting Live from 2015-02-01 to 2015-03-03
2015-07-01 16:30:16,434 Starting Live from 2015-02-01 to 2015-03-03
2015-07-01 16:42:12,355 Starting Training from 2015-02-01 to 2015-03-03
2015-07-01 16:43:34,398 Starting Live from 2015-03-04 to 2015-04-03
2015-07-01 16:44:13,726 Starting Training from 2015-02-01 to 2015-03-03
2015-07-01 16:45:33,867 Starting Live from 2015-03-04 to 2015-04-03
2015-07-01 16:46:23,487 Starting Training from 2015-02-01 to 2015-03-03
2015-07-01 16:47:44,675 Starting Live from 2015-03-04 to 2015-04-03
2015-07-01 17:02:57,343 Starting Training from 2015-03-04 to 2015-04-03
2015-07-01 17:04:33,719 Starting Live from 2015-04-04 to 2015-04-10
2015-07-01 17:04:56,960 Starting Training from 2015-03-04 to 2015-04-03
2015-07-01 17:06:26,600 Starting Live from 2015-04-04 to 2015-04-10
2015-07-01 17:07:30,223 Starting Training from 2015-03-04 to 2015-04-03
2015-07-01 17:08:21,585 Starting Q Learning for : 
2015-07-01 17:08:21,586 alpha = 0.2
2015-07-01 17:08:21,586 gamma = 0.2
2015-07-01 17:08:21,586 individual factor = 10
2015-07-01 17:08:21,586 zero range = 0.006
2015-07-01 17:08:21,586 greedy level = 5
2015-07-01 17:08:21,586 

2015-07-01 17:08:23,264 Starting Training from 2015-01-01 to 2015-01-31
2015-07-01 17:08:57,320 Starting Live from 2015-04-04 to 2015-04-10
2015-07-01 17:09:59,434 Starting Q Learning for : 
2015-07-01 17:09:59,434 alpha = 0.8
2015-07-01 17:09:59,434 gamma = 0.4
2015-07-01 17:09:59,434 individual factor = 10
2015-07-01 17:09:59,434 zero range = 0.006
2015-07-01 17:09:59,434 greedy level = 5
2015-07-01 17:09:59,434 

2015-07-01 17:10:00,545 Starting Training from 2015-01-01 to 2015-01-31
2015-07-01 17:14:45,511 Starting Q Learning for : 
2015-07-01 17:14:45,511 alpha = 0.5
2015-07-01 17:14:45,511 gamma = 0.6
2015-07-01 17:14:45,511 individual factor = 10
2015-07-01 17:14:45,511 zero range = 0.01
2015-07-01 17:14:45,511 greedy level = 5
2015-07-01 17:14:45,511 

2015-07-01 17:14:47,918 Starting Training from 2015-01-01 to 2015-01-31
2015-07-01 17:25:26,332 Starting Live from 2015-02-01 to 2015-03-03
2015-07-01 17:27:01,952 Starting Live from 2015-02-01 to 2015-03-03
2015-07-01 17:30:41,199 Starting Live from 2015-02-01 to 2015-03-03
2015-07-01 17:41:31,012 Starting Training from 2015-02-01 to 2015-03-03
2015-07-01 17:42:57,470 Starting Live from 2015-03-04 to 2015-04-03
2015-07-01 17:43:05,951 Starting Training from 2015-02-01 to 2015-03-03
2015-07-01 17:44:21,369 Starting Live from 2015-03-04 to 2015-04-03
2015-07-01 17:46:01,397 Starting Training from 2015-02-01 to 2015-03-03
2015-07-01 17:48:31,234 Starting Live from 2015-03-04 to 2015-04-03
2015-07-01 18:02:24,912 Starting Training from 2015-03-04 to 2015-04-03
2015-07-01 18:03:50,003 Starting Live from 2015-04-04 to 2015-04-10
2015-07-01 18:04:08,917 Starting Training from 2015-03-04 to 2015-04-03
2015-07-01 18:07:40,716 Starting Live from 2015-04-04 to 2015-04-10
2015-07-01 18:08:47,731 Starting Training from 2015-03-04 to 2015-04-03
2015-07-01 18:09:39,246 Starting Q Learning for : 
2015-07-01 18:09:39,246 alpha = 0.2
2015-07-01 18:09:39,246 gamma = 0.3
2015-07-01 18:09:39,246 individual factor = 10
2015-07-01 18:09:39,247 zero range = 0.006
2015-07-01 18:09:39,247 greedy level = 5
2015-07-01 18:09:39,247 

2015-07-01 18:09:41,252 Starting Training from 2015-01-01 to 2015-01-31
2015-07-01 18:10:16,754 Starting Live from 2015-04-04 to 2015-04-10
2015-07-01 18:11:53,823 Starting Q Learning for : 
2015-07-01 18:11:53,823 alpha = 0.8
2015-07-01 18:11:53,823 gamma = 0.5
2015-07-01 18:11:53,823 individual factor = 10
2015-07-01 18:11:53,823 zero range = 0.006
2015-07-01 18:11:53,823 greedy level = 5
2015-07-01 18:11:53,823 

2015-07-01 18:11:56,466 Starting Training from 2015-01-01 to 2015-01-31
2015-07-01 18:14:19,504 Starting Q Learning for : 
2015-07-01 18:14:19,504 alpha = 0.5
2015-07-01 18:14:19,504 gamma = 0.7
2015-07-01 18:14:19,504 individual factor = 10
2015-07-01 18:14:19,504 zero range = 0.01
2015-07-01 18:14:19,504 greedy level = 5
2015-07-01 18:14:19,504 

2015-07-01 18:14:21,363 Starting Training from 2015-01-01 to 2015-01-31
2015-07-01 18:27:07,783 Starting Live from 2015-02-01 to 2015-03-03
2015-07-01 18:29:23,571 Starting Live from 2015-02-01 to 2015-03-03
2015-07-01 18:31:31,627 Starting Live from 2015-02-01 to 2015-03-03
2015-07-01 18:42:42,843 Starting Training from 2015-02-01 to 2015-03-03
2015-07-01 18:44:19,330 Starting Live from 2015-03-04 to 2015-04-03
2015-07-01 18:45:19,005 Starting Training from 2015-02-01 to 2015-03-03
2015-07-01 18:46:40,681 Starting Live from 2015-03-04 to 2015-04-03
2015-07-01 18:47:38,970 Starting Training from 2015-02-01 to 2015-03-03
2015-07-01 18:49:13,441 Starting Live from 2015-03-04 to 2015-04-03
2015-07-01 19:04:16,014 Starting Training from 2015-03-04 to 2015-04-03
2015-07-01 19:05:38,419 Starting Live from 2015-04-04 to 2015-04-10
2015-07-01 19:06:10,177 Starting Training from 2015-03-04 to 2015-04-03
2015-07-01 19:07:38,041 Starting Live from 2015-04-04 to 2015-04-10
2015-07-01 19:08:33,440 Starting Training from 2015-03-04 to 2015-04-03
2015-07-01 19:09:35,223 Starting Q Learning for : 
2015-07-01 19:09:35,224 alpha = 0.2
2015-07-01 19:09:35,224 gamma = 0.4
2015-07-01 19:09:35,224 individual factor = 10
2015-07-01 19:09:35,224 zero range = 0.006
2015-07-01 19:09:35,224 greedy level = 5
2015-07-01 19:09:35,224 

2015-07-01 19:09:37,091 Starting Training from 2015-01-01 to 2015-01-31
2015-07-01 19:10:05,467 Starting Live from 2015-04-04 to 2015-04-10
2015-07-01 19:11:23,743 Starting Q Learning for : 
2015-07-01 19:11:23,743 alpha = 0.8
2015-07-01 19:11:23,743 gamma = 0.6
2015-07-01 19:11:23,743 individual factor = 10
2015-07-01 19:11:23,743 zero range = 0.006
2015-07-01 19:11:23,743 greedy level = 5
2015-07-01 19:11:23,743 

2015-07-01 19:11:25,206 Starting Training from 2015-01-01 to 2015-01-31
2015-07-01 19:13:35,635 Starting Q Learning for : 
2015-07-01 19:13:35,635 alpha = 0.5
2015-07-01 19:13:35,635 gamma = 0.8
2015-07-01 19:13:35,635 individual factor = 10
2015-07-01 19:13:35,635 zero range = 0.01
2015-07-01 19:13:35,635 greedy level = 5
2015-07-01 19:13:35,635 

2015-07-01 19:13:37,624 Starting Training from 2015-01-01 to 2015-01-31
2015-07-01 19:26:27,136 Starting Live from 2015-02-01 to 2015-03-03
2015-07-01 19:28:31,225 Starting Live from 2015-02-01 to 2015-03-03
2015-07-01 19:35:22,925 Starting Live from 2015-02-01 to 2015-03-03
2015-07-01 19:49:11,899 Starting Training from 2015-02-01 to 2015-03-03
2015-07-01 19:50:37,238 Starting Live from 2015-03-04 to 2015-04-03
2015-07-01 19:51:37,795 Starting Training from 2015-02-01 to 2015-03-03
2015-07-01 19:55:13,911 Starting Live from 2015-03-04 to 2015-04-03
2015-07-01 19:55:37,939 Starting Training from 2015-02-01 to 2015-03-03
2015-07-01 19:57:01,709 Starting Live from 2015-03-04 to 2015-04-03
2015-07-01 20:12:16,307 Starting Training from 2015-03-04 to 2015-04-03
2015-07-01 20:13:56,615 Starting Live from 2015-04-04 to 2015-04-10
2015-07-01 20:15:09,191 Starting Training from 2015-03-04 to 2015-04-03
2015-07-01 20:15:45,587 Starting Training from 2015-03-04 to 2015-04-03
2015-07-01 20:16:33,244 Starting Live from 2015-04-04 to 2015-04-10
2015-07-01 20:17:10,686 Starting Live from 2015-04-04 to 2015-04-10
2015-07-01 20:17:35,394 Starting Q Learning for : 
2015-07-01 20:17:35,394 alpha = 0.2
2015-07-01 20:17:35,394 gamma = 0.5
2015-07-01 20:17:35,394 individual factor = 10
2015-07-01 20:17:35,394 zero range = 0.006
2015-07-01 20:17:35,394 greedy level = 5
2015-07-01 20:17:35,394 

2015-07-01 20:17:36,918 Starting Training from 2015-01-01 to 2015-01-31
2015-07-01 20:20:10,879 Starting Q Learning for : 
2015-07-01 20:20:10,879 alpha = 0.8
2015-07-01 20:20:10,879 gamma = 0.7
2015-07-01 20:20:10,879 individual factor = 10
2015-07-01 20:20:10,879 zero range = 0.006
2015-07-01 20:20:10,879 greedy level = 5
2015-07-01 20:20:10,879 

2015-07-01 20:20:12,756 Starting Training from 2015-01-01 to 2015-01-31
2015-07-01 20:20:38,095 Starting Q Learning for : 
2015-07-01 20:20:38,095 alpha = 0.4
2015-07-01 20:20:38,095 gamma = 0.1
2015-07-01 20:20:38,095 individual factor = 10
2015-07-01 20:20:38,095 zero range = 0.01
2015-07-01 20:20:38,095 greedy level = 5
2015-07-01 20:20:38,095 

2015-07-01 20:20:40,041 Starting Training from 2015-01-01 to 2015-01-31
2015-07-01 20:34:24,285 Starting Live from 2015-02-01 to 2015-03-03
2015-07-01 20:37:08,087 Starting Live from 2015-02-01 to 2015-03-03
2015-07-01 20:37:24,504 Starting Live from 2015-02-01 to 2015-03-03
2015-07-01 20:50:16,887 Starting Training from 2015-02-01 to 2015-03-03
2015-07-01 20:51:41,552 Starting Live from 2015-03-04 to 2015-04-03
2015-07-01 20:53:10,424 Starting Training from 2015-02-01 to 2015-03-03
2015-07-01 20:53:14,627 Starting Training from 2015-02-01 to 2015-03-03
2015-07-01 20:54:30,100 Starting Live from 2015-03-04 to 2015-04-03
2015-07-01 20:54:35,652 Starting Live from 2015-03-04 to 2015-04-03
2015-07-01 21:10:55,178 Starting Training from 2015-03-04 to 2015-04-03
2015-07-01 21:12:22,911 Starting Live from 2015-04-04 to 2015-04-10
2015-07-01 21:14:07,908 Starting Training from 2015-03-04 to 2015-04-03
2015-07-01 21:14:33,590 Starting Training from 2015-03-04 to 2015-04-03
2015-07-01 21:15:33,587 Starting Live from 2015-04-04 to 2015-04-10
2015-07-01 21:16:00,588 Starting Live from 2015-04-04 to 2015-04-10
2015-07-01 21:16:13,343 Starting Q Learning for : 
2015-07-01 21:16:13,343 alpha = 0.2
2015-07-01 21:16:13,343 gamma = 0.6
2015-07-01 21:16:13,343 individual factor = 10
2015-07-01 21:16:13,343 zero range = 0.006
2015-07-01 21:16:13,344 greedy level = 5
2015-07-01 21:16:13,344 

2015-07-01 21:16:15,770 Starting Training from 2015-01-01 to 2015-01-31
2015-07-01 21:20:09,778 Starting Q Learning for : 
2015-07-01 21:20:09,778 alpha = 0.8
2015-07-01 21:20:09,778 gamma = 0.8
2015-07-01 21:20:09,778 individual factor = 10
2015-07-01 21:20:09,778 zero range = 0.006
2015-07-01 21:20:09,778 greedy level = 5
2015-07-01 21:20:09,778 

2015-07-01 21:20:12,344 Starting Training from 2015-01-01 to 2015-01-31
2015-07-01 21:21:31,092 Starting Q Learning for : 
2015-07-01 21:21:31,092 alpha = 0.4
2015-07-01 21:21:31,092 gamma = 0.2
2015-07-01 21:21:31,092 individual factor = 10
2015-07-01 21:21:31,092 zero range = 0.01
2015-07-01 21:21:31,092 greedy level = 5
2015-07-01 21:21:31,092 

2015-07-01 21:21:33,238 Starting Training from 2015-01-01 to 2015-01-31
2015-07-01 21:33:20,240 Starting Live from 2015-02-01 to 2015-03-03
2015-07-01 21:36:49,727 Starting Live from 2015-02-01 to 2015-03-03
2015-07-01 21:37:45,250 Starting Live from 2015-02-01 to 2015-03-03
2015-07-01 21:49:54,479 Starting Training from 2015-02-01 to 2015-03-03
2015-07-01 21:51:11,961 Starting Live from 2015-03-04 to 2015-04-03
2015-07-01 21:53:07,670 Starting Training from 2015-02-01 to 2015-03-03
2015-07-01 21:53:37,742 Starting Training from 2015-02-01 to 2015-03-03
2015-07-01 21:56:03,778 Starting Live from 2015-03-04 to 2015-04-03
2015-07-01 21:57:18,318 Starting Live from 2015-03-04 to 2015-04-03
2015-07-01 22:10:37,986 Starting Training from 2015-03-04 to 2015-04-03
2015-07-01 22:13:59,930 Starting Live from 2015-04-04 to 2015-04-10
2015-07-01 22:16:16,375 Starting Training from 2015-03-04 to 2015-04-03
2015-07-01 22:17:33,673 Starting Training from 2015-03-04 to 2015-04-03
2015-07-01 22:17:41,741 Starting Live from 2015-04-04 to 2015-04-10
2015-07-01 22:18:08,462 Starting Q Learning for : 
2015-07-01 22:18:08,462 alpha = 0.4
2015-07-01 22:18:08,462 gamma = 0.3
2015-07-01 22:18:08,462 individual factor = 10
2015-07-01 22:18:08,462 zero range = 0.01
2015-07-01 22:18:08,463 greedy level = 5
2015-07-01 22:18:08,463 

2015-07-01 22:18:10,129 Starting Training from 2015-01-01 to 2015-01-31
2015-07-01 22:19:00,181 Starting Live from 2015-04-04 to 2015-04-10
2015-07-01 22:21:17,354 Starting Q Learning for : 
2015-07-01 22:21:17,359 alpha = 0.6
2015-07-01 22:21:17,359 gamma = 0.5
2015-07-01 22:21:17,359 individual factor = 10
2015-07-01 22:21:17,359 zero range = 0.01
2015-07-01 22:21:17,359 greedy level = 5
2015-07-01 22:21:17,359 

2015-07-01 22:21:18,461 Starting Training from 2015-01-01 to 2015-01-31
2015-07-01 22:23:01,806 Starting Q Learning for : 
2015-07-01 22:23:01,806 alpha = 0.2
2015-07-01 22:23:01,806 gamma = 0.7
2015-07-01 22:23:01,806 individual factor = 10
2015-07-01 22:23:01,806 zero range = 0.01
2015-07-01 22:23:01,806 greedy level = 5
2015-07-01 22:23:01,806 

2015-07-01 22:23:03,595 Starting Training from 2015-01-01 to 2015-01-31
2015-07-01 22:34:52,714 Starting Live from 2015-02-01 to 2015-03-03
2015-07-01 22:38:12,179 Starting Live from 2015-02-01 to 2015-03-03
2015-07-01 22:40:11,699 Starting Live from 2015-02-01 to 2015-03-03
2015-07-01 22:56:34,786 Starting Training from 2015-02-01 to 2015-03-03
2015-07-01 22:57:59,718 Starting Live from 2015-03-04 to 2015-04-03
2015-07-01 23:00:09,028 Starting Training from 2015-02-01 to 2015-03-03
2015-07-01 23:01:36,480 Starting Live from 2015-03-04 to 2015-04-03
2015-07-01 23:02:44,737 Starting Training from 2015-02-01 to 2015-03-03
2015-07-01 23:04:14,344 Starting Live from 2015-03-04 to 2015-04-03
2015-07-01 23:19:21,940 Starting Training from 2015-03-04 to 2015-04-03
2015-07-01 23:20:55,594 Starting Live from 2015-04-04 to 2015-04-10
2015-07-01 23:23:28,815 Starting Training from 2015-03-04 to 2015-04-03
2015-07-01 23:26:32,272 Starting Live from 2015-04-04 to 2015-04-10
2015-07-01 23:27:04,862 Starting Q Learning for : 
2015-07-01 23:27:04,863 alpha = 0.4
2015-07-01 23:27:04,863 gamma = 0.4
2015-07-01 23:27:04,863 individual factor = 10
2015-07-01 23:27:04,863 zero range = 0.01
2015-07-01 23:27:04,863 greedy level = 5
2015-07-01 23:27:04,863 

2015-07-01 23:27:06,474 Starting Training from 2015-01-01 to 2015-01-31
2015-07-01 23:27:57,530 Starting Training from 2015-03-04 to 2015-04-03
2015-07-01 23:29:29,712 Starting Live from 2015-04-04 to 2015-04-10
2015-07-01 23:30:44,198 Starting Q Learning for : 
2015-07-01 23:30:44,198 alpha = 0.6
2015-07-01 23:30:44,198 gamma = 0.6
2015-07-01 23:30:44,198 individual factor = 10
2015-07-01 23:30:44,198 zero range = 0.01
2015-07-01 23:30:44,198 greedy level = 5
2015-07-01 23:30:44,198 

2015-07-01 23:30:45,424 Starting Training from 2015-01-01 to 2015-01-31
2015-07-01 23:33:49,093 Starting Q Learning for : 
2015-07-01 23:33:49,093 alpha = 0.2
2015-07-01 23:33:49,093 gamma = 0.8
2015-07-01 23:33:49,093 individual factor = 10
2015-07-01 23:33:49,093 zero range = 0.01
2015-07-01 23:33:49,093 greedy level = 5
2015-07-01 23:33:49,093 

2015-07-01 23:33:50,523 Starting Training from 2015-01-01 to 2015-01-31
2015-07-01 23:45:43,759 Starting Live from 2015-02-01 to 2015-03-03
2015-07-01 23:49:18,542 Starting Live from 2015-02-01 to 2015-03-03
2015-07-01 23:52:28,280 Starting Live from 2015-02-01 to 2015-03-03
2015-07-02 00:02:59,560 Starting Training from 2015-02-01 to 2015-03-03
2015-07-02 00:05:01,757 Starting Live from 2015-03-04 to 2015-04-03
2015-07-02 00:07:09,530 Starting Training from 2015-02-01 to 2015-03-03
2015-07-02 00:08:40,307 Starting Live from 2015-03-04 to 2015-04-03
2015-07-02 00:10:21,351 Starting Training from 2015-02-01 to 2015-03-03
2015-07-02 00:11:51,235 Starting Live from 2015-03-04 to 2015-04-03
2015-07-02 00:28:12,143 Starting Training from 2015-03-04 to 2015-04-03
2015-07-02 00:29:47,780 Starting Live from 2015-04-04 to 2015-04-10
2015-07-02 00:31:30,371 Starting Training from 2015-03-04 to 2015-04-03
2015-07-02 00:35:06,887 Starting Live from 2015-04-04 to 2015-04-10
2015-07-02 00:35:45,075 Starting Training from 2015-03-04 to 2015-04-03
2015-07-02 00:35:53,717 Starting Q Learning for : 
2015-07-02 00:35:53,717 alpha = 0.4
2015-07-02 00:35:53,717 gamma = 0.5
2015-07-02 00:35:53,717 individual factor = 10
2015-07-02 00:35:53,718 zero range = 0.01
2015-07-02 00:35:53,718 greedy level = 5
2015-07-02 00:35:53,718 

2015-07-02 00:35:55,163 Starting Training from 2015-01-01 to 2015-01-31
2015-07-02 00:37:28,549 Starting Live from 2015-04-04 to 2015-04-10
2015-07-02 00:39:38,726 Starting Q Learning for : 
2015-07-02 00:39:38,726 alpha = 0.6
2015-07-02 00:39:38,726 gamma = 0.7
2015-07-02 00:39:38,726 individual factor = 10
2015-07-02 00:39:38,726 zero range = 0.01
2015-07-02 00:39:38,726 greedy level = 5
2015-07-02 00:39:38,726 

2015-07-02 00:39:40,648 Starting Training from 2015-01-01 to 2015-01-31
2015-07-02 00:41:44,671 Starting Q Learning for : 
2015-07-02 00:41:44,671 alpha = 0.8
2015-07-02 00:41:44,671 gamma = 0.1
2015-07-02 00:41:44,671 individual factor = 10
2015-07-02 00:41:44,671 zero range = 0.01
2015-07-02 00:41:44,671 greedy level = 5
2015-07-02 00:41:44,671 

2015-07-02 00:41:45,875 Starting Training from 2015-01-01 to 2015-01-31
2015-07-02 00:55:21,712 Starting Live from 2015-02-01 to 2015-03-03
2015-07-02 00:58:34,358 Starting Live from 2015-02-01 to 2015-03-03
2015-07-02 01:00:46,557 Starting Live from 2015-02-01 to 2015-03-03
2015-07-02 01:13:18,597 Starting Training from 2015-02-01 to 2015-03-03
2015-07-02 01:14:44,792 Starting Live from 2015-03-04 to 2015-04-03
2015-07-02 01:16:15,393 Starting Training from 2015-02-01 to 2015-03-03
2015-07-02 01:17:46,514 Starting Live from 2015-03-04 to 2015-04-03
2015-07-02 01:18:48,579 Starting Training from 2015-02-01 to 2015-03-03
2015-07-02 01:20:13,426 Starting Live from 2015-03-04 to 2015-04-03
2015-07-02 01:38:09,496 Starting Training from 2015-03-04 to 2015-04-03
2015-07-02 01:39:39,393 Starting Training from 2015-03-04 to 2015-04-03
2015-07-02 01:39:47,626 Starting Live from 2015-04-04 to 2015-04-10
2015-07-02 01:42:18,148 Starting Live from 2015-04-04 to 2015-04-10
2015-07-02 01:43:17,856 Starting Training from 2015-03-04 to 2015-04-03
2015-07-02 01:45:29,412 Starting Live from 2015-04-04 to 2015-04-10
2015-07-02 01:46:16,488 Starting Q Learning for : 
2015-07-02 01:46:16,489 alpha = 0.4
2015-07-02 01:46:16,489 gamma = 0.6
2015-07-02 01:46:16,489 individual factor = 10
2015-07-02 01:46:16,489 zero range = 0.01
2015-07-02 01:46:16,489 greedy level = 5
2015-07-02 01:46:16,489 

2015-07-02 01:46:17,787 Starting Training from 2015-01-01 to 2015-01-31
2015-07-02 01:47:22,905 Starting Q Learning for : 
2015-07-02 01:47:22,905 alpha = 0.6
2015-07-02 01:47:22,905 gamma = 0.8
2015-07-02 01:47:22,905 individual factor = 10
2015-07-02 01:47:22,905 zero range = 0.01
2015-07-02 01:47:22,905 greedy level = 5
2015-07-02 01:47:22,905 

2015-07-02 01:47:24,711 Starting Training from 2015-01-01 to 2015-01-31
2015-07-02 01:49:39,107 Starting Q Learning for : 
2015-07-02 01:49:39,107 alpha = 0.8
2015-07-02 01:49:39,107 gamma = 0.2
2015-07-02 01:49:39,107 individual factor = 10
2015-07-02 01:49:39,107 zero range = 0.01
2015-07-02 01:49:39,107 greedy level = 5
2015-07-02 01:49:39,107 

2015-07-02 01:49:40,557 Starting Training from 2015-01-01 to 2015-01-31
2015-07-02 02:04:41,316 Starting Live from 2015-02-01 to 2015-03-03
2015-07-02 02:05:48,972 Starting Live from 2015-02-01 to 2015-03-03
2015-07-02 02:07:56,368 Starting Live from 2015-02-01 to 2015-03-03
2015-07-02 02:21:37,058 Starting Training from 2015-02-01 to 2015-03-03
2015-07-02 02:22:53,466 Starting Training from 2015-02-01 to 2015-03-03
2015-07-02 02:23:06,684 Starting Live from 2015-03-04 to 2015-04-03
2015-07-02 02:24:19,118 Starting Live from 2015-03-04 to 2015-04-03
2015-07-02 02:25:04,956 Starting Training from 2015-02-01 to 2015-03-03
2015-07-02 02:26:30,376 Starting Live from 2015-03-04 to 2015-04-03
2015-07-02 02:44:19,220 Starting Training from 2015-03-04 to 2015-04-03
2015-07-02 02:44:53,435 Starting Training from 2015-03-04 to 2015-04-03
2015-07-02 02:45:51,914 Starting Live from 2015-04-04 to 2015-04-10
2015-07-02 02:46:23,946 Starting Live from 2015-04-04 to 2015-04-10
2015-07-02 02:48:21,093 Starting Training from 2015-03-04 to 2015-04-03
2015-07-02 02:50:42,587 Starting Q Learning for : 
2015-07-02 02:50:42,587 alpha = 0.4
2015-07-02 02:50:42,587 gamma = 0.7
2015-07-02 02:50:42,587 individual factor = 10
2015-07-02 02:50:42,587 zero range = 0.01
2015-07-02 02:50:42,587 greedy level = 5
2015-07-02 02:50:42,587 

2015-07-02 02:50:45,669 Starting Training from 2015-01-01 to 2015-01-31
2015-07-02 02:50:57,924 Starting Live from 2015-04-04 to 2015-04-10
2015-07-02 02:51:47,164 Starting Q Learning for : 
2015-07-02 02:51:47,164 alpha = 0.2
2015-07-02 02:51:47,165 gamma = 0.1
2015-07-02 02:51:47,165 individual factor = 10
2015-07-02 02:51:47,165 zero range = 0.01
2015-07-02 02:51:47,165 greedy level = 5
2015-07-02 02:51:47,165 

2015-07-02 02:51:50,650 Starting Training from 2015-01-01 to 2015-01-31
2015-07-02 02:56:59,355 Starting Q Learning for : 
2015-07-02 02:56:59,356 alpha = 0.8
2015-07-02 02:56:59,356 gamma = 0.3
2015-07-02 02:56:59,356 individual factor = 10
2015-07-02 02:56:59,356 zero range = 0.01
2015-07-02 02:56:59,356 greedy level = 5
2015-07-02 02:56:59,356 

2015-07-02 02:57:01,136 Starting Training from 2015-01-01 to 2015-01-31
2015-07-02 03:11:21,937 Starting Live from 2015-02-01 to 2015-03-03
2015-07-02 03:11:50,620 Starting Live from 2015-02-01 to 2015-03-03
2015-07-02 03:15:57,176 Starting Live from 2015-02-01 to 2015-03-03
2015-07-02 03:28:27,597 Starting Training from 2015-02-01 to 2015-03-03
2015-07-02 03:28:42,545 Starting Training from 2015-02-01 to 2015-03-03
2015-07-02 03:29:55,929 Starting Live from 2015-03-04 to 2015-04-03
2015-07-02 03:30:09,337 Starting Live from 2015-03-04 to 2015-04-03
2015-07-02 03:32:55,439 Starting Training from 2015-02-01 to 2015-03-03
2015-07-02 03:34:18,643 Starting Live from 2015-03-04 to 2015-04-03
2015-07-02 03:50:18,782 Starting Training from 2015-03-04 to 2015-04-03
2015-07-02 03:51:15,658 Starting Training from 2015-03-04 to 2015-04-03
2015-07-02 03:51:51,863 Starting Live from 2015-04-04 to 2015-04-10
2015-07-02 03:52:48,457 Starting Live from 2015-04-04 to 2015-04-10
2015-07-02 03:55:01,672 Starting Training from 2015-03-04 to 2015-04-03
2015-07-02 03:55:39,182 Starting Q Learning for : 
2015-07-02 03:55:39,182 alpha = 0.2
2015-07-02 03:55:39,182 gamma = 0.2
2015-07-02 03:55:39,182 individual factor = 10
2015-07-02 03:55:39,182 zero range = 0.01
2015-07-02 03:55:39,182 greedy level = 5
2015-07-02 03:55:39,182 

2015-07-02 03:55:41,507 Starting Training from 2015-01-01 to 2015-01-31
2015-07-02 03:58:04,955 Starting Live from 2015-04-04 to 2015-04-10
2015-07-02 03:58:21,514 Starting Q Learning for : 
2015-07-02 03:58:21,514 alpha = 0.4
2015-07-02 03:58:21,514 gamma = 0.8
2015-07-02 03:58:21,514 individual factor = 10
2015-07-02 03:58:21,514 zero range = 0.01
2015-07-02 03:58:21,514 greedy level = 5
2015-07-02 03:58:21,514 

2015-07-02 03:58:24,107 Starting Training from 2015-01-01 to 2015-01-31
2015-07-02 04:02:26,775 Starting Q Learning for : 
2015-07-02 04:02:26,775 alpha = 0.8
2015-07-02 04:02:26,776 gamma = 0.4
2015-07-02 04:02:26,776 individual factor = 10
2015-07-02 04:02:26,776 zero range = 0.01
2015-07-02 04:02:26,776 greedy level = 5
2015-07-02 04:02:26,776 

2015-07-02 04:02:28,188 Starting Training from 2015-01-01 to 2015-01-31
2015-07-02 04:12:32,699 Starting Live from 2015-02-01 to 2015-03-03
2015-07-02 04:15:22,647 Starting Live from 2015-02-01 to 2015-03-03
2015-07-02 04:19:36,742 Starting Live from 2015-02-01 to 2015-03-03
2015-07-02 04:28:44,770 Starting Training from 2015-02-01 to 2015-03-03
2015-07-02 04:30:05,582 Starting Live from 2015-03-04 to 2015-04-03
2015-07-02 04:30:38,485 Starting Training from 2015-02-01 to 2015-03-03
2015-07-02 04:34:14,748 Starting Live from 2015-03-04 to 2015-04-03
2015-07-02 04:35:39,266 Starting Training from 2015-02-01 to 2015-03-03
2015-07-02 04:36:59,095 Starting Live from 2015-03-04 to 2015-04-03
2015-07-02 04:50:36,326 Starting Training from 2015-03-04 to 2015-04-03
2015-07-02 04:52:43,549 Starting Training from 2015-03-04 to 2015-04-03
2015-07-02 04:52:53,705 Starting Live from 2015-04-04 to 2015-04-10
2015-07-02 04:54:08,655 Starting Live from 2015-04-04 to 2015-04-10
2015-07-02 04:56:04,553 Starting Training from 2015-03-04 to 2015-04-03
2015-07-02 04:56:35,770 Starting Q Learning for : 
2015-07-02 04:56:35,770 alpha = 0.2
2015-07-02 04:56:35,770 gamma = 0.3
2015-07-02 04:56:35,770 individual factor = 10
2015-07-02 04:56:35,770 zero range = 0.01
2015-07-02 04:56:35,771 greedy level = 5
2015-07-02 04:56:35,771 

2015-07-02 04:56:38,011 Starting Training from 2015-01-01 to 2015-01-31
2015-07-02 04:57:26,033 Starting Live from 2015-04-04 to 2015-04-10
2015-07-02 04:57:35,071 Starting Q Learning for : 
2015-07-02 04:57:35,072 alpha = 0.6
2015-07-02 04:57:35,072 gamma = 0.1
2015-07-02 04:57:35,072 individual factor = 10
2015-07-02 04:57:35,072 zero range = 0.01
2015-07-02 04:57:35,072 greedy level = 5
2015-07-02 04:57:35,072 

2015-07-02 04:57:36,408 Starting Training from 2015-01-01 to 2015-01-31
2015-07-02 05:00:52,829 Starting Q Learning for : 
2015-07-02 05:00:52,829 alpha = 0.8
2015-07-02 05:00:52,829 gamma = 0.5
2015-07-02 05:00:52,829 individual factor = 10
2015-07-02 05:00:52,829 zero range = 0.01
2015-07-02 05:00:52,829 greedy level = 5
2015-07-02 05:00:52,829 

2015-07-02 05:00:53,924 Starting Training from 2015-01-01 to 2015-01-31
2015-07-02 05:13:02,599 Starting Live from 2015-02-01 to 2015-03-03
2015-07-02 05:14:08,507 Starting Live from 2015-02-01 to 2015-03-03
2015-07-02 05:17:35,033 Starting Live from 2015-02-01 to 2015-03-03
2015-07-02 05:27:54,565 Starting Training from 2015-02-01 to 2015-03-03
2015-07-02 05:28:52,729 Starting Training from 2015-02-01 to 2015-03-03
2015-07-02 05:29:13,882 Starting Live from 2015-03-04 to 2015-04-03
2015-07-02 05:30:15,370 Starting Live from 2015-03-04 to 2015-04-03
2015-07-02 05:32:10,220 Starting Training from 2015-02-01 to 2015-03-03
2015-07-02 05:33:25,413 Starting Live from 2015-03-04 to 2015-04-03
2015-07-02 05:48:05,924 Starting Training from 2015-03-04 to 2015-04-03
2015-07-02 05:48:19,994 Starting Training from 2015-03-04 to 2015-04-03
2015-07-02 05:49:27,082 Starting Live from 2015-04-04 to 2015-04-10
2015-07-02 05:49:38,652 Starting Live from 2015-04-04 to 2015-04-10
2015-07-02 05:51:43,290 Starting Training from 2015-03-04 to 2015-04-03
2015-07-02 05:52:46,570 Starting Q Learning for : 
2015-07-02 05:52:46,570 alpha = 0.6
2015-07-02 05:52:46,570 gamma = 0.2
2015-07-02 05:52:46,570 individual factor = 10
2015-07-02 05:52:46,570 zero range = 0.01
2015-07-02 05:52:46,570 greedy level = 5
2015-07-02 05:52:46,570 

2015-07-02 05:52:48,302 Starting Training from 2015-01-01 to 2015-01-31
2015-07-02 05:52:50,526 Starting Q Learning for : 
2015-07-02 05:52:50,526 alpha = 0.2
2015-07-02 05:52:50,526 gamma = 0.4
2015-07-02 05:52:50,526 individual factor = 10
2015-07-02 05:52:50,526 zero range = 0.01
2015-07-02 05:52:50,526 greedy level = 5
2015-07-02 05:52:50,526 

2015-07-02 05:52:52,444 Starting Training from 2015-01-01 to 2015-01-31
2015-07-02 05:53:05,406 Starting Live from 2015-04-04 to 2015-04-10
2015-07-02 05:56:33,805 Starting Q Learning for : 
2015-07-02 05:56:33,805 alpha = 0.8
2015-07-02 05:56:33,805 gamma = 0.6
2015-07-02 05:56:33,805 individual factor = 10
2015-07-02 05:56:33,805 zero range = 0.01
2015-07-02 05:56:33,805 greedy level = 5
2015-07-02 05:56:33,805 

2015-07-02 05:56:35,131 Starting Training from 2015-01-01 to 2015-01-31
2015-07-02 06:08:24,594 Starting Live from 2015-02-01 to 2015-03-03
2015-07-02 06:08:27,133 Starting Live from 2015-02-01 to 2015-03-03
2015-07-02 06:12:14,602 Starting Live from 2015-02-01 to 2015-03-03
2015-07-02 06:23:10,522 Starting Training from 2015-02-01 to 2015-03-03
2015-07-02 06:23:10,804 Starting Training from 2015-02-01 to 2015-03-03
2015-07-02 06:24:25,849 Starting Live from 2015-03-04 to 2015-04-03
2015-07-02 06:24:26,297 Starting Live from 2015-03-04 to 2015-04-03
2015-07-02 06:27:05,019 Starting Training from 2015-02-01 to 2015-03-03
2015-07-02 06:28:21,427 Starting Live from 2015-03-04 to 2015-04-03
2015-07-02 06:41:53,378 Starting Training from 2015-03-04 to 2015-04-03
2015-07-02 06:42:39,310 Starting Training from 2015-03-04 to 2015-04-03
2015-07-02 06:43:11,625 Starting Live from 2015-04-04 to 2015-04-10
2015-07-02 06:43:57,675 Starting Live from 2015-04-04 to 2015-04-10
2015-07-02 06:46:08,892 Starting Training from 2015-03-04 to 2015-04-03
2015-07-02 06:46:13,905 Starting Q Learning for : 
2015-07-02 06:46:13,905 alpha = 0.6
2015-07-02 06:46:13,905 gamma = 0.3
2015-07-02 06:46:13,905 individual factor = 10
2015-07-02 06:46:13,906 zero range = 0.01
2015-07-02 06:46:13,906 greedy level = 5
2015-07-02 06:46:13,906 

2015-07-02 06:46:15,906 Starting Training from 2015-01-01 to 2015-01-31
2015-07-02 06:47:13,338 Starting Q Learning for : 
2015-07-02 06:47:13,338 alpha = 0.2
2015-07-02 06:47:13,338 gamma = 0.5
2015-07-02 06:47:13,339 individual factor = 10
2015-07-02 06:47:13,339 zero range = 0.01
2015-07-02 06:47:13,339 greedy level = 5
2015-07-02 06:47:13,339 

2015-07-02 06:47:14,604 Starting Training from 2015-01-01 to 2015-01-31
2015-07-02 06:47:28,456 Starting Live from 2015-04-04 to 2015-04-10
2015-07-02 06:50:47,130 Starting Q Learning for : 
2015-07-02 06:50:47,130 alpha = 0.8
2015-07-02 06:50:47,130 gamma = 0.7
2015-07-02 06:50:47,130 individual factor = 10
2015-07-02 06:50:47,130 zero range = 0.01
2015-07-02 06:50:47,130 greedy level = 5
2015-07-02 06:50:47,130 

2015-07-02 06:50:48,228 Starting Training from 2015-01-01 to 2015-01-31
2015-07-02 07:01:32,005 Starting Live from 2015-02-01 to 2015-03-03
2015-07-02 07:02:45,108 Starting Live from 2015-02-01 to 2015-03-03
2015-07-02 07:06:34,635 Starting Live from 2015-02-01 to 2015-03-03
2015-07-02 07:15:23,475 Starting Training from 2015-02-01 to 2015-03-03
2015-07-02 07:17:26,969 Starting Training from 2015-02-01 to 2015-03-03
2015-07-02 07:17:48,795 Starting Live from 2015-03-04 to 2015-04-03
2015-07-02 07:18:41,715 Starting Live from 2015-03-04 to 2015-04-03
2015-07-02 07:20:58,235 Starting Training from 2015-02-01 to 2015-03-03
2015-07-02 07:22:09,818 Starting Live from 2015-03-04 to 2015-04-03
2015-07-02 07:33:58,969 Starting Training from 2015-03-04 to 2015-04-03
2015-07-02 07:36:03,227 Starting Training from 2015-03-04 to 2015-04-03
2015-07-02 07:36:39,806 Starting Live from 2015-04-04 to 2015-04-10
2015-07-02 07:37:22,480 Starting Live from 2015-04-04 to 2015-04-10
2015-07-02 07:39:19,586 Starting Training from 2015-03-04 to 2015-04-03
2015-07-02 07:39:44,379 Starting Q Learning for : 
2015-07-02 07:39:44,379 alpha = 0.6
2015-07-02 07:39:44,379 gamma = 0.4
2015-07-02 07:39:44,379 individual factor = 10
2015-07-02 07:39:44,379 zero range = 0.01
2015-07-02 07:39:44,379 greedy level = 5
2015-07-02 07:39:44,379 

2015-07-02 07:39:45,859 Starting Training from 2015-01-01 to 2015-01-31
2015-07-02 07:40:26,555 Starting Q Learning for : 
2015-07-02 07:40:26,555 alpha = 0.2
2015-07-02 07:40:26,555 gamma = 0.6
2015-07-02 07:40:26,555 individual factor = 10
2015-07-02 07:40:26,555 zero range = 0.01
2015-07-02 07:40:26,555 greedy level = 5
2015-07-02 07:40:26,555 

2015-07-02 07:40:27,823 Starting Training from 2015-01-01 to 2015-01-31
2015-07-02 07:40:31,524 Starting Live from 2015-04-04 to 2015-04-10
2015-07-02 07:43:25,454 Starting Q Learning for : 
2015-07-02 07:43:25,455 alpha = 0.8
2015-07-02 07:43:25,455 gamma = 0.8
2015-07-02 07:43:25,455 individual factor = 10
2015-07-02 07:43:25,455 zero range = 0.01
2015-07-02 07:43:25,455 greedy level = 5
2015-07-02 07:43:25,455 

2015-07-02 07:43:27,179 Starting Training from 2015-01-01 to 2015-01-31
2015-07-02 07:51:49,187 Starting Live from 2015-02-01 to 2015-03-03
2015-07-02 07:53:32,195 Starting Live from 2015-02-01 to 2015-03-03
2015-07-02 07:57:57,007 Starting Live from 2015-02-01 to 2015-03-03
2015-07-02 08:04:22,615 Starting Training from 2015-02-01 to 2015-03-03
2015-07-02 08:05:05,770 Starting Training from 2015-02-01 to 2015-03-03
2015-07-02 08:05:27,356 Starting Live from 2015-03-04 to 2015-04-03
2015-07-02 08:06:11,367 Starting Live from 2015-03-04 to 2015-04-03
2015-07-02 08:08:06,621 Starting Training from 2015-02-01 to 2015-03-03
2015-07-02 08:09:22,079 Starting Live from 2015-03-04 to 2015-04-03
2015-07-02 08:20:27,407 Starting Training from 2015-03-04 to 2015-04-03
2015-07-02 08:21:30,988 Starting Training from 2015-03-04 to 2015-04-03
2015-07-02 08:21:36,129 Starting Live from 2015-04-04 to 2015-04-10
2015-07-02 08:22:37,434 Starting Live from 2015-04-04 to 2015-04-10
2015-07-02 08:24:41,312 Starting Training from 2015-03-04 to 2015-04-03
2015-07-02 08:25:49,681 Starting Live from 2015-04-04 to 2015-04-10
