2015-06-25 18:45:06,122 Starting Q Learning for : 
2015-06-25 18:45:06,122 alpha = 0.6
2015-06-25 18:45:06,122 gamma = 0.7
2015-06-25 18:45:06,122 individual factor = 8
2015-06-25 18:45:06,122 zero range = 0.01
2015-06-25 18:45:06,124 greedy level = 5
2015-06-25 18:45:06,124 

2015-06-25 18:45:18,191 Starting Training from 2014-12-17 to 2015-01-01
2015-06-25 18:55:31,019 Starting Live from 2015-01-02 to 2015-02-01
2015-06-25 19:25:05,358 Starting Training from 2015-01-17 to 2015-02-01
2015-06-25 19:27:42,717 Starting Live from 2015-02-02 to 2015-03-04
2015-06-25 19:56:45,734 Starting Training from 2015-02-17 to 2015-03-04
2015-06-25 19:58:45,289 Starting Live from 2015-03-05 to 2015-04-04
2015-06-25 20:25:18,394 Starting Training from 2015-03-20 to 2015-04-04
2015-06-25 20:26:30,483 Starting Live from 2015-04-05 to 2015-04-10
2015-06-25 20:35:01,746 Starting Q Learning for : 
2015-06-25 20:35:01,746 alpha = 0.6
2015-06-25 20:35:01,746 gamma = 0.8
2015-06-25 20:35:01,746 individual factor = 8
2015-06-25 20:35:01,746 zero range = 0.01
2015-06-25 20:35:01,746 greedy level = 5
2015-06-25 20:35:01,746 

2015-06-25 20:35:07,032 Starting Training from 2014-12-17 to 2015-01-01
2015-06-25 20:46:58,302 Starting Live from 2015-01-02 to 2015-02-01
2015-06-25 21:18:35,740 Starting Training from 2015-01-17 to 2015-02-01
2015-06-25 21:20:32,647 Starting Live from 2015-02-02 to 2015-03-04
2015-06-25 21:48:32,461 Starting Training from 2015-02-17 to 2015-03-04
2015-06-25 21:50:32,924 Starting Live from 2015-03-05 to 2015-04-04
2015-06-25 22:17:20,056 Starting Training from 2015-03-20 to 2015-04-04
2015-06-25 22:18:35,056 Starting Live from 2015-04-05 to 2015-04-10
2015-06-25 22:27:46,845 Starting Q Learning for : 
2015-06-25 22:27:46,846 alpha = 0.4
2015-06-25 22:27:46,846 gamma = 0.1
2015-06-25 22:27:46,846 individual factor = 8
2015-06-25 22:27:46,846 zero range = 0.01
2015-06-25 22:27:46,846 greedy level = 5
2015-06-25 22:27:46,846 

2015-06-25 22:27:52,237 Starting Training from 2014-12-17 to 2015-01-01
2015-06-25 22:40:32,903 Starting Live from 2015-01-02 to 2015-02-01
2015-06-25 23:14:01,312 Starting Training from 2015-01-17 to 2015-02-01
2015-06-25 23:16:05,056 Starting Live from 2015-02-02 to 2015-03-04
2015-06-25 23:45:37,763 Starting Training from 2015-02-17 to 2015-03-04
2015-06-25 23:47:59,423 Starting Live from 2015-03-05 to 2015-04-04
2015-06-26 00:17:20,855 Starting Training from 2015-03-20 to 2015-04-04
2015-06-26 00:18:37,779 Starting Live from 2015-04-05 to 2015-04-10
2015-06-26 00:27:05,095 Starting Q Learning for : 
2015-06-26 00:27:05,095 alpha = 0.4
2015-06-26 00:27:05,095 gamma = 0.2
2015-06-26 00:27:05,095 individual factor = 8
2015-06-26 00:27:05,095 zero range = 0.01
2015-06-26 00:27:05,095 greedy level = 5
2015-06-26 00:27:05,095 

2015-06-26 00:27:11,457 Starting Training from 2014-12-17 to 2015-01-01
2015-06-26 00:39:38,448 Starting Live from 2015-01-02 to 2015-02-01
2015-06-26 01:09:50,788 Starting Training from 2015-01-17 to 2015-02-01
2015-06-26 01:11:47,276 Starting Live from 2015-02-02 to 2015-03-04
2015-06-26 01:41:09,075 Starting Training from 2015-02-17 to 2015-03-04
2015-06-26 01:43:48,543 Starting Live from 2015-03-05 to 2015-04-04
2015-06-26 02:11:53,523 Starting Training from 2015-03-20 to 2015-04-04
2015-06-26 02:13:22,608 Starting Live from 2015-04-05 to 2015-04-10
2015-06-26 02:21:53,743 Starting Q Learning for : 
2015-06-26 02:21:53,743 alpha = 0.4
2015-06-26 02:21:53,744 gamma = 0.3
2015-06-26 02:21:53,744 individual factor = 8
2015-06-26 02:21:53,744 zero range = 0.01
2015-06-26 02:21:53,744 greedy level = 5
2015-06-26 02:21:53,744 

2015-06-26 02:22:00,410 Starting Training from 2014-12-17 to 2015-01-01
2015-06-26 02:35:26,734 Starting Live from 2015-01-02 to 2015-02-01
2015-06-26 03:08:35,296 Starting Training from 2015-01-17 to 2015-02-01
2015-06-26 03:10:42,711 Starting Live from 2015-02-02 to 2015-03-04
2015-06-26 03:42:05,151 Starting Training from 2015-02-17 to 2015-03-04
2015-06-26 03:44:17,096 Starting Live from 2015-03-05 to 2015-04-04
2015-06-26 04:13:00,796 Starting Training from 2015-03-20 to 2015-04-04
2015-06-26 04:14:25,579 Starting Live from 2015-04-05 to 2015-04-10
2015-06-26 04:23:52,684 Starting Q Learning for : 
2015-06-26 04:23:52,684 alpha = 0.4
2015-06-26 04:23:52,686 gamma = 0.4
2015-06-26 04:23:52,686 individual factor = 8
2015-06-26 04:23:52,686 zero range = 0.01
2015-06-26 04:23:52,686 greedy level = 5
2015-06-26 04:23:52,686 

2015-06-26 04:23:58,779 Starting Training from 2014-12-17 to 2015-01-01
2015-06-26 04:36:47,812 Starting Live from 2015-01-02 to 2015-02-01
2015-06-26 05:10:20,086 Starting Training from 2015-01-17 to 2015-02-01
2015-06-26 05:12:13,644 Starting Live from 2015-02-02 to 2015-03-04
2015-06-26 05:43:12,470 Starting Training from 2015-02-17 to 2015-03-04
2015-06-26 05:45:17,677 Starting Live from 2015-03-05 to 2015-04-04
2015-06-26 06:15:22,892 Starting Training from 2015-03-20 to 2015-04-04
2015-06-26 06:16:41,295 Starting Live from 2015-04-05 to 2015-04-10
2015-06-26 06:25:15,831 Starting Q Learning for : 
2015-06-26 06:25:15,831 alpha = 0.4
2015-06-26 06:25:15,831 gamma = 0.5
2015-06-26 06:25:15,831 individual factor = 8
2015-06-26 06:25:15,831 zero range = 0.01
2015-06-26 06:25:15,831 greedy level = 5
2015-06-26 06:25:15,831 

2015-06-26 06:25:21,444 Starting Training from 2014-12-17 to 2015-01-01
2015-06-26 06:38:49,414 Starting Live from 2015-01-02 to 2015-02-01
2015-06-26 07:11:23,982 Starting Training from 2015-01-17 to 2015-02-01
2015-06-26 07:13:18,880 Starting Live from 2015-02-02 to 2015-03-04
2015-06-26 07:43:14,325 Starting Training from 2015-02-17 to 2015-03-04
2015-06-26 07:45:15,703 Starting Live from 2015-03-05 to 2015-04-04
2015-06-26 08:12:59,329 Starting Training from 2015-03-20 to 2015-04-04
2015-06-26 08:14:16,512 Starting Live from 2015-04-05 to 2015-04-10
2015-06-26 08:22:32,947 Starting Q Learning for : 
2015-06-26 08:22:32,948 alpha = 0.8
2015-06-26 08:22:32,948 gamma = 0.4
2015-06-26 08:22:32,948 individual factor = 8
2015-06-26 08:22:32,948 zero range = 0.01
2015-06-26 08:22:32,948 greedy level = 5
2015-06-26 08:22:32,948 

2015-06-26 08:22:39,051 Starting Training from 2014-12-17 to 2015-01-01
2015-06-26 08:35:56,174 Starting Live from 2015-01-02 to 2015-02-01
2015-06-26 09:08:19,263 Starting Training from 2015-01-17 to 2015-02-01
2015-06-26 09:10:48,267 Starting Live from 2015-02-02 to 2015-03-04
2015-06-26 09:39:58,839 Starting Training from 2015-02-17 to 2015-03-04
2015-06-26 09:42:00,328 Starting Live from 2015-03-05 to 2015-04-04
2015-06-26 10:10:09,891 Starting Training from 2015-03-20 to 2015-04-04
2015-06-26 10:11:31,188 Starting Live from 2015-04-05 to 2015-04-10
2015-06-26 10:20:10,407 Starting Q Learning for : 
2015-06-26 10:20:10,407 alpha = 0.8
2015-06-26 10:20:10,407 gamma = 0.5
2015-06-26 10:20:10,407 individual factor = 8
2015-06-26 10:20:10,407 zero range = 0.01
2015-06-26 10:20:10,407 greedy level = 5
2015-06-26 10:20:10,407 

2015-06-26 10:20:15,895 Starting Training from 2014-12-17 to 2015-01-01
2015-06-26 10:32:45,888 Starting Live from 2015-01-02 to 2015-02-01
2015-06-26 11:05:24,552 Starting Training from 2015-01-17 to 2015-02-01
2015-06-26 11:07:19,657 Starting Live from 2015-02-02 to 2015-03-04
2015-06-26 11:36:30,974 Starting Training from 2015-02-17 to 2015-03-04
2015-06-26 11:38:32,084 Starting Live from 2015-03-05 to 2015-04-04
2015-06-26 12:06:33,801 Starting Training from 2015-03-20 to 2015-04-04
2015-06-26 12:08:05,338 Starting Live from 2015-04-05 to 2015-04-10
2015-06-26 12:16:39,206 Starting Q Learning for : 
2015-06-26 12:16:39,206 alpha = 0.8
2015-06-26 12:16:39,206 gamma = 0.6
2015-06-26 12:16:39,206 individual factor = 8
2015-06-26 12:16:39,206 zero range = 0.01
2015-06-26 12:16:39,206 greedy level = 5
2015-06-26 12:16:39,206 

2015-06-26 12:16:47,102 Starting Training from 2014-12-17 to 2015-01-01
2015-06-26 12:28:59,766 Starting Live from 2015-01-02 to 2015-02-01
2015-06-26 13:01:48,809 Starting Training from 2015-01-17 to 2015-02-01
2015-06-26 13:03:48,131 Starting Live from 2015-02-02 to 2015-03-04
2015-06-26 13:33:14,164 Starting Training from 2015-02-17 to 2015-03-04
2015-06-26 13:35:22,713 Starting Live from 2015-03-05 to 2015-04-04
2015-06-26 14:04:11,707 Starting Training from 2015-03-20 to 2015-04-04
2015-06-26 14:05:31,289 Starting Live from 2015-04-05 to 2015-04-10
2015-06-26 14:13:44,635 Starting Q Learning for : 
2015-06-26 14:13:44,635 alpha = 0.8
2015-06-26 14:13:44,635 gamma = 0.7
2015-06-26 14:13:44,635 individual factor = 8
2015-06-26 14:13:44,635 zero range = 0.01
2015-06-26 14:13:44,635 greedy level = 5
2015-06-26 14:13:44,635 

2015-06-26 14:13:51,246 Starting Training from 2014-12-17 to 2015-01-01
2015-06-26 14:26:51,924 Starting Live from 2015-01-02 to 2015-02-01
2015-06-26 15:00:07,401 Starting Training from 2015-01-17 to 2015-02-01
2015-06-26 15:02:05,542 Starting Live from 2015-02-02 to 2015-03-04
2015-06-26 15:32:58,298 Starting Training from 2015-02-17 to 2015-03-04
2015-06-26 15:35:08,730 Starting Live from 2015-03-05 to 2015-04-04
2015-06-26 16:04:09,888 Starting Training from 2015-03-20 to 2015-04-04
2015-06-26 16:05:35,141 Starting Live from 2015-04-05 to 2015-04-10
2015-06-26 16:13:53,256 Starting Q Learning for : 
2015-06-26 16:13:53,257 alpha = 0.8
2015-06-26 16:13:53,257 gamma = 0.8
2015-06-26 16:13:53,257 individual factor = 8
2015-06-26 16:13:53,257 zero range = 0.01
2015-06-26 16:13:53,257 greedy level = 5
2015-06-26 16:13:53,257 

2015-06-26 16:14:00,272 Starting Training from 2014-12-17 to 2015-01-01
2015-06-26 16:27:18,385 Starting Live from 2015-01-02 to 2015-02-01
2015-06-26 16:59:28,769 Starting Training from 2015-01-17 to 2015-02-01
2015-06-26 17:02:00,559 Starting Live from 2015-02-02 to 2015-03-04
2015-06-26 17:30:52,315 Starting Training from 2015-02-17 to 2015-03-04
2015-06-26 17:33:00,066 Starting Live from 2015-03-05 to 2015-04-04
2015-06-26 18:00:50,632 Starting Training from 2015-03-20 to 2015-04-04
2015-06-26 18:02:05,323 Starting Live from 2015-04-05 to 2015-04-10
2015-06-26 18:11:12,118 Starting Q Learning for : 
2015-06-26 18:11:12,118 alpha = 0.5
2015-06-26 18:11:12,118 gamma = 0.1
2015-06-26 18:11:12,118 individual factor = 8
2015-06-26 18:11:12,118 zero range = 0.006
2015-06-26 18:11:12,118 greedy level = 5
2015-06-26 18:11:12,118 

2015-06-26 18:11:18,033 Starting Training from 2014-12-17 to 2015-01-01
2015-06-26 18:23:53,756 Starting Live from 2015-01-02 to 2015-02-01
2015-06-26 18:57:09,095 Starting Training from 2015-01-17 to 2015-02-01
2015-06-26 18:59:13,644 Starting Live from 2015-02-02 to 2015-03-04
2015-06-26 19:28:15,459 Starting Training from 2015-02-17 to 2015-03-04
2015-06-26 19:30:18,262 Starting Live from 2015-03-05 to 2015-04-04
2015-06-26 19:57:53,463 Starting Training from 2015-03-20 to 2015-04-04
2015-06-26 19:59:08,470 Starting Live from 2015-04-05 to 2015-04-10
2015-06-26 20:07:55,720 Starting Q Learning for : 
2015-06-26 20:07:55,720 alpha = 0.5
2015-06-26 20:07:55,720 gamma = 0.2
2015-06-26 20:07:55,720 individual factor = 8
2015-06-26 20:07:55,720 zero range = 0.006
2015-06-26 20:07:55,720 greedy level = 5
2015-06-26 20:07:55,720 

2015-06-26 20:08:02,221 Starting Training from 2014-12-17 to 2015-01-01
2015-06-26 20:20:33,898 Starting Live from 2015-01-02 to 2015-02-01
2015-06-26 20:54:47,002 Starting Training from 2015-01-17 to 2015-02-01
2015-06-26 20:56:51,844 Starting Live from 2015-02-02 to 2015-03-04
2015-06-26 21:27:10,549 Starting Training from 2015-02-17 to 2015-03-04
2015-06-26 21:29:21,562 Starting Live from 2015-03-05 to 2015-04-04
2015-06-26 21:57:54,755 Starting Training from 2015-03-20 to 2015-04-04
2015-06-26 21:59:26,198 Starting Live from 2015-04-05 to 2015-04-10
2015-06-26 22:07:37,118 Starting Q Learning for : 
2015-06-26 22:07:37,118 alpha = 0.4
2015-06-26 22:07:37,119 gamma = 0.1
2015-06-26 22:07:37,119 individual factor = 8
2015-06-26 22:07:37,119 zero range = 0.006
2015-06-26 22:07:37,119 greedy level = 5
2015-06-26 22:07:37,119 

2015-06-26 22:07:43,723 Starting Training from 2014-12-17 to 2015-01-01
2015-06-26 22:20:29,213 Starting Live from 2015-01-02 to 2015-02-01
2015-06-26 22:52:59,490 Starting Training from 2015-01-17 to 2015-02-01
2015-06-26 22:55:02,700 Starting Live from 2015-02-02 to 2015-03-04
2015-06-26 23:24:42,986 Starting Training from 2015-02-17 to 2015-03-04
2015-06-26 23:27:00,062 Starting Live from 2015-03-05 to 2015-04-04
2015-06-26 23:55:40,884 Starting Training from 2015-03-20 to 2015-04-04
2015-06-26 23:57:00,322 Starting Live from 2015-04-05 to 2015-04-10
2015-06-27 00:05:18,516 Starting Q Learning for : 
2015-06-27 00:05:18,516 alpha = 0.4
2015-06-27 00:05:18,516 gamma = 0.2
2015-06-27 00:05:18,516 individual factor = 8
2015-06-27 00:05:18,516 zero range = 0.006
2015-06-27 00:05:18,516 greedy level = 5
2015-06-27 00:05:18,516 

2015-06-27 00:05:26,760 Starting Training from 2014-12-17 to 2015-01-01
2015-06-27 00:18:45,486 Starting Live from 2015-01-02 to 2015-02-01
2015-06-27 00:51:11,292 Starting Training from 2015-01-17 to 2015-02-01
2015-06-27 00:53:03,930 Starting Live from 2015-02-02 to 2015-03-04
2015-06-27 01:22:29,619 Starting Training from 2015-02-17 to 2015-03-04
2015-06-27 01:25:01,403 Starting Live from 2015-03-05 to 2015-04-04
2015-06-27 01:53:05,796 Starting Training from 2015-03-20 to 2015-04-04
2015-06-27 01:54:22,762 Starting Live from 2015-04-05 to 2015-04-10
2015-06-27 02:02:41,967 Starting Q Learning for : 
2015-06-27 02:02:41,967 alpha = 0.4
2015-06-27 02:02:41,967 gamma = 0.3
2015-06-27 02:02:41,967 individual factor = 8
2015-06-27 02:02:41,967 zero range = 0.006
2015-06-27 02:02:41,967 greedy level = 5
2015-06-27 02:02:41,967 

2015-06-27 02:02:48,720 Starting Training from 2014-12-17 to 2015-01-01
2015-06-27 02:15:48,243 Starting Live from 2015-01-02 to 2015-02-01
2015-06-27 02:48:51,145 Starting Training from 2015-01-17 to 2015-02-01
2015-06-27 02:51:00,519 Starting Live from 2015-02-02 to 2015-03-04
2015-06-27 03:21:16,852 Starting Training from 2015-02-17 to 2015-03-04
2015-06-27 03:23:23,009 Starting Live from 2015-03-05 to 2015-04-04
2015-06-27 03:51:33,806 Starting Training from 2015-03-20 to 2015-04-04
2015-06-27 03:52:51,039 Starting Live from 2015-04-05 to 2015-04-10
2015-06-27 04:01:12,651 Starting Q Learning for : 
2015-06-27 04:01:12,651 alpha = 0.4
2015-06-27 04:01:12,651 gamma = 0.4
2015-06-27 04:01:12,651 individual factor = 8
2015-06-27 04:01:12,651 zero range = 0.006
2015-06-27 04:01:12,651 greedy level = 5
2015-06-27 04:01:12,651 

2015-06-27 04:01:24,717 Starting Training from 2014-12-17 to 2015-01-01
2015-06-27 04:14:13,819 Starting Live from 2015-01-02 to 2015-02-01
2015-06-27 04:47:07,678 Starting Training from 2015-01-17 to 2015-02-01
2015-06-27 04:49:32,483 Starting Live from 2015-02-02 to 2015-03-04
2015-06-27 05:18:50,032 Starting Training from 2015-02-17 to 2015-03-04
2015-06-27 05:20:53,302 Starting Live from 2015-03-05 to 2015-04-04
2015-06-27 05:48:31,180 Starting Training from 2015-03-20 to 2015-04-04
2015-06-27 05:49:53,381 Starting Live from 2015-04-05 to 2015-04-10
2015-06-27 05:58:40,727 Starting Q Learning for : 
2015-06-27 05:58:40,727 alpha = 0.4
2015-06-27 05:58:40,729 gamma = 0.5
2015-06-27 05:58:40,729 individual factor = 8
2015-06-27 05:58:40,729 zero range = 0.006
2015-06-27 05:58:40,729 greedy level = 5
2015-06-27 05:58:40,729 

2015-06-27 05:58:47,046 Starting Training from 2014-12-17 to 2015-01-01
2015-06-27 06:11:24,881 Starting Live from 2015-01-02 to 2015-02-01
2015-06-27 06:44:11,107 Starting Training from 2015-01-17 to 2015-02-01
2015-06-27 06:46:06,548 Starting Live from 2015-02-02 to 2015-03-04
2015-06-27 07:14:45,397 Starting Training from 2015-02-17 to 2015-03-04
2015-06-27 07:16:49,625 Starting Live from 2015-03-05 to 2015-04-04
2015-06-27 07:44:47,358 Starting Training from 2015-03-20 to 2015-04-04
2015-06-27 07:46:11,450 Starting Live from 2015-04-05 to 2015-04-10
2015-06-27 07:55:10,453 Starting Q Learning for : 
2015-06-27 07:55:10,453 alpha = 0.4
2015-06-27 07:55:10,453 gamma = 0.6
2015-06-27 07:55:10,453 individual factor = 8
2015-06-27 07:55:10,453 zero range = 0.006
2015-06-27 07:55:10,453 greedy level = 5
2015-06-27 07:55:10,453 

2015-06-27 07:55:17,122 Starting Training from 2014-12-17 to 2015-01-01
2015-06-27 08:07:43,161 Starting Live from 2015-01-02 to 2015-02-01
2015-06-27 08:41:20,750 Starting Training from 2015-01-17 to 2015-02-01
2015-06-27 08:43:19,500 Starting Live from 2015-02-02 to 2015-03-04
2015-06-27 09:12:31,262 Starting Training from 2015-02-17 to 2015-03-04
2015-06-27 09:14:34,039 Starting Live from 2015-03-05 to 2015-04-04
2015-06-27 09:41:39,532 Starting Training from 2015-03-20 to 2015-04-04
2015-06-27 09:42:49,789 Starting Live from 2015-04-05 to 2015-04-10
2015-06-27 09:51:38,691 Starting Q Learning for : 
2015-06-27 09:51:38,691 alpha = 0.4
2015-06-27 09:51:38,691 gamma = 0.7
2015-06-27 09:51:38,693 individual factor = 8
2015-06-27 09:51:38,693 zero range = 0.006
2015-06-27 09:51:38,693 greedy level = 5
2015-06-27 09:51:38,693 

2015-06-27 09:51:44,829 Starting Training from 2014-12-17 to 2015-01-01
2015-06-27 10:04:10,700 Starting Live from 2015-01-02 to 2015-02-01
2015-06-27 10:37:22,075 Starting Training from 2015-01-17 to 2015-02-01
2015-06-27 10:39:17,404 Starting Live from 2015-02-02 to 2015-03-04
2015-06-27 11:07:59,730 Starting Training from 2015-02-17 to 2015-03-04
2015-06-27 11:10:01,111 Starting Live from 2015-03-05 to 2015-04-04
2015-06-27 11:37:23,177 Starting Training from 2015-03-20 to 2015-04-04
2015-06-27 11:38:50,232 Starting Live from 2015-04-05 to 2015-04-10
2015-06-27 11:47:30,375 Starting Q Learning for : 
2015-06-27 11:47:30,375 alpha = 0.4
2015-06-27 11:47:30,375 gamma = 0.8
2015-06-27 11:47:30,375 individual factor = 8
2015-06-27 11:47:30,377 zero range = 0.006
2015-06-27 11:47:30,377 greedy level = 5
2015-06-27 11:47:30,377 

2015-06-27 11:47:41,292 Starting Training from 2014-12-17 to 2015-01-01
2015-06-27 11:59:57,428 Starting Live from 2015-01-02 to 2015-02-01
2015-06-27 12:32:46,631 Starting Training from 2015-01-17 to 2015-02-01
2015-06-27 12:34:39,486 Starting Live from 2015-02-02 to 2015-03-04
2015-06-27 13:03:50,269 Starting Training from 2015-02-17 to 2015-03-04
2015-06-27 13:05:58,157 Starting Live from 2015-03-05 to 2015-04-04
2015-06-27 13:34:14,230 Starting Training from 2015-03-20 to 2015-04-04
2015-06-27 13:35:52,477 Starting Live from 2015-04-05 to 2015-04-10
2015-06-27 13:44:13,214 Starting Q Learning for : 
2015-06-27 13:44:13,214 alpha = 0.2
2015-06-27 13:44:13,214 gamma = 0.1
2015-06-27 13:44:13,214 individual factor = 8
2015-06-27 13:44:13,214 zero range = 0.006
2015-06-27 13:44:13,214 greedy level = 5
2015-06-27 13:44:13,214 

2015-06-27 13:44:18,338 Starting Training from 2014-12-17 to 2015-01-01
2015-06-27 13:56:49,509 Starting Live from 2015-01-02 to 2015-02-01
2015-06-27 14:28:19,088 Starting Training from 2015-01-17 to 2015-02-01
2015-06-27 14:30:07,625 Starting Live from 2015-02-02 to 2015-03-04
2015-06-27 14:57:02,726 Starting Training from 2015-02-17 to 2015-03-04
2015-06-27 14:59:00,322 Starting Live from 2015-03-05 to 2015-04-04
2015-06-27 15:28:10,007 Starting Training from 2015-03-20 to 2015-04-04
2015-06-27 15:29:38,963 Starting Live from 2015-04-05 to 2015-04-10
2015-06-27 15:38:23,571 Starting Q Learning for : 
2015-06-27 15:38:23,571 alpha = 0.2
2015-06-27 15:38:23,571 gamma = 0.2
2015-06-27 15:38:23,571 individual factor = 8
2015-06-27 15:38:23,572 zero range = 0.006
2015-06-27 15:38:23,572 greedy level = 5
2015-06-27 15:38:23,572 

2015-06-27 15:38:30,144 Starting Training from 2014-12-17 to 2015-01-01
2015-06-27 15:51:57,436 Starting Live from 2015-01-02 to 2015-02-01
2015-06-27 16:24:42,427 Starting Training from 2015-01-17 to 2015-02-01
2015-06-27 16:26:39,355 Starting Live from 2015-02-02 to 2015-03-04
2015-06-27 16:55:43,188 Starting Training from 2015-02-17 to 2015-03-04
2015-06-27 16:57:44,999 Starting Live from 2015-03-05 to 2015-04-04
2015-06-27 17:25:21,614 Starting Training from 2015-03-20 to 2015-04-04
2015-06-27 17:26:46,203 Starting Live from 2015-04-05 to 2015-04-10
2015-06-27 17:34:46,854 Starting Q Learning for : 
2015-06-27 17:34:46,854 alpha = 0.2
2015-06-27 17:34:46,855 gamma = 0.3
2015-06-27 17:34:46,855 individual factor = 8
2015-06-27 17:34:46,855 zero range = 0.006
2015-06-27 17:34:46,855 greedy level = 5
2015-06-27 17:34:46,855 

2015-06-27 17:34:52,061 Starting Training from 2014-12-17 to 2015-01-01
2015-06-27 17:47:34,568 Starting Live from 2015-01-02 to 2015-02-01
2015-06-27 18:19:14,625 Starting Training from 2015-01-17 to 2015-02-01
2015-06-27 18:21:09,845 Starting Live from 2015-02-02 to 2015-03-04
2015-06-27 18:51:30,653 Starting Training from 2015-02-17 to 2015-03-04
2015-06-27 18:54:04,493 Starting Live from 2015-03-05 to 2015-04-04
2015-06-27 19:22:50,532 Starting Training from 2015-03-20 to 2015-04-04
2015-06-27 19:24:08,141 Starting Live from 2015-04-05 to 2015-04-10
2015-06-27 19:32:28,384 Starting Q Learning for : 
2015-06-27 19:32:28,384 alpha = 0.2
2015-06-27 19:32:28,384 gamma = 0.4
2015-06-27 19:32:28,384 individual factor = 8
2015-06-27 19:32:28,384 zero range = 0.006
2015-06-27 19:32:28,384 greedy level = 5
2015-06-27 19:32:28,384 

2015-06-27 19:32:35,226 Starting Training from 2014-12-17 to 2015-01-01
2015-06-27 19:45:46,154 Starting Live from 2015-01-02 to 2015-02-01
2015-06-27 20:17:34,515 Starting Training from 2015-01-17 to 2015-02-01
2015-06-27 20:19:25,539 Starting Live from 2015-02-02 to 2015-03-04
2015-06-27 20:49:33,845 Starting Training from 2015-02-17 to 2015-03-04
2015-06-27 20:51:41,325 Starting Live from 2015-03-05 to 2015-04-04
2015-06-27 21:19:44,450 Starting Training from 2015-03-20 to 2015-04-04
2015-06-27 21:21:01,266 Starting Live from 2015-04-05 to 2015-04-10
2015-06-27 21:29:29,420 Starting Q Learning for : 
2015-06-27 21:29:29,420 alpha = 0.2
2015-06-27 21:29:29,420 gamma = 0.5
2015-06-27 21:29:29,420 individual factor = 8
2015-06-27 21:29:29,420 zero range = 0.006
2015-06-27 21:29:29,420 greedy level = 5
2015-06-27 21:29:29,421 

2015-06-27 21:29:38,482 Starting Training from 2014-12-17 to 2015-01-01
2015-06-27 21:42:31,401 Starting Live from 2015-01-02 to 2015-02-01
2015-06-27 22:14:14,367 Starting Training from 2015-01-17 to 2015-02-01
2015-06-27 22:16:39,183 Starting Live from 2015-02-02 to 2015-03-04
2015-06-27 22:45:07,569 Starting Training from 2015-02-17 to 2015-03-04
2015-06-27 22:47:07,529 Starting Live from 2015-03-05 to 2015-04-04
2015-06-27 23:14:14,404 Starting Training from 2015-03-20 to 2015-04-04
2015-06-27 23:15:26,842 Starting Live from 2015-04-05 to 2015-04-10
2015-06-27 23:23:50,512 Starting Q Learning for : 
2015-06-27 23:23:50,512 alpha = 0.2
2015-06-27 23:23:50,512 gamma = 0.6
2015-06-27 23:23:50,512 individual factor = 8
2015-06-27 23:23:50,512 zero range = 0.006
2015-06-27 23:23:50,512 greedy level = 5
2015-06-27 23:23:50,512 

2015-06-27 23:23:58,957 Starting Training from 2014-12-17 to 2015-01-01
2015-06-27 23:35:52,292 Starting Live from 2015-01-02 to 2015-02-01
2015-06-28 00:07:22,497 Starting Training from 2015-01-17 to 2015-02-01
2015-06-28 00:09:35,559 Starting Live from 2015-02-02 to 2015-03-04
2015-06-28 00:37:41,296 Starting Training from 2015-02-17 to 2015-03-04
2015-06-28 00:39:38,075 Starting Live from 2015-03-05 to 2015-04-04
2015-06-28 01:05:51,176 Starting Training from 2015-03-20 to 2015-04-04
2015-06-28 01:07:11,845 Starting Live from 2015-04-05 to 2015-04-10
