2015-06-25 18:45:06,122 Starting Q Learning for : 
2015-06-25 18:45:06,122 alpha = 0.5
2015-06-25 18:45:06,122 gamma = 0.8
2015-06-25 18:45:06,122 individual factor = 8
2015-06-25 18:45:06,122 zero range = 0.01
2015-06-25 18:45:06,124 greedy level = 5
2015-06-25 18:45:06,124 

2015-06-25 18:45:18,194 Starting Training from 2014-12-17 to 2015-01-01
2015-06-25 18:55:30,362 Starting Live from 2015-01-02 to 2015-02-01
2015-06-25 19:25:06,601 Starting Training from 2015-01-17 to 2015-02-01
2015-06-25 19:27:41,625 Starting Live from 2015-02-02 to 2015-03-04
2015-06-25 19:56:45,615 Starting Training from 2015-02-17 to 2015-03-04
2015-06-25 19:58:45,747 Starting Live from 2015-03-05 to 2015-04-04
2015-06-25 20:25:27,104 Starting Training from 2015-03-20 to 2015-04-04
2015-06-25 20:26:37,828 Starting Live from 2015-04-05 to 2015-04-10
2015-06-25 20:35:12,411 Starting Q Learning for : 
2015-06-25 20:35:12,411 alpha = 0.6
2015-06-25 20:35:12,411 gamma = 0.1
2015-06-25 20:35:12,411 individual factor = 8
2015-06-25 20:35:12,411 zero range = 0.01
2015-06-25 20:35:12,411 greedy level = 5
2015-06-25 20:35:12,411 

2015-06-25 20:35:18,426 Starting Training from 2014-12-17 to 2015-01-01
2015-06-25 20:47:00,864 Starting Live from 2015-01-02 to 2015-02-01
2015-06-25 21:18:34,500 Starting Training from 2015-01-17 to 2015-02-01
2015-06-25 21:20:31,634 Starting Live from 2015-02-02 to 2015-03-04
2015-06-25 21:48:28,720 Starting Training from 2015-02-17 to 2015-03-04
2015-06-25 21:50:29,617 Starting Live from 2015-03-05 to 2015-04-04
2015-06-25 22:17:09,707 Starting Training from 2015-03-20 to 2015-04-04
2015-06-25 22:18:25,766 Starting Live from 2015-04-05 to 2015-04-10
2015-06-25 22:27:30,753 Starting Q Learning for : 
2015-06-25 22:27:30,753 alpha = 0.6
2015-06-25 22:27:30,753 gamma = 0.2
2015-06-25 22:27:30,753 individual factor = 8
2015-06-25 22:27:30,753 zero range = 0.01
2015-06-25 22:27:30,753 greedy level = 5
2015-06-25 22:27:30,755 

2015-06-25 22:27:39,346 Starting Training from 2014-12-17 to 2015-01-01
2015-06-25 22:40:13,296 Starting Live from 2015-01-02 to 2015-02-01
2015-06-25 23:13:28,490 Starting Training from 2015-01-17 to 2015-02-01
2015-06-25 23:15:28,911 Starting Live from 2015-02-02 to 2015-03-04
2015-06-25 23:44:46,538 Starting Training from 2015-02-17 to 2015-03-04
2015-06-25 23:47:08,703 Starting Live from 2015-03-05 to 2015-04-04
2015-06-26 00:15:50,299 Starting Training from 2015-03-20 to 2015-04-04
2015-06-26 00:17:15,174 Starting Live from 2015-04-05 to 2015-04-10
2015-06-26 00:25:28,720 Starting Q Learning for : 
2015-06-26 00:25:28,721 alpha = 0.6
2015-06-26 00:25:28,721 gamma = 0.3
2015-06-26 00:25:28,721 individual factor = 8
2015-06-26 00:25:28,721 zero range = 0.01
2015-06-26 00:25:28,721 greedy level = 5
2015-06-26 00:25:28,721 

2015-06-26 00:25:34,799 Starting Training from 2014-12-17 to 2015-01-01
2015-06-26 00:38:06,058 Starting Live from 2015-01-02 to 2015-02-01
2015-06-26 01:08:16,104 Starting Training from 2015-01-17 to 2015-02-01
2015-06-26 01:10:11,888 Starting Live from 2015-02-02 to 2015-03-04
2015-06-26 01:39:34,177 Starting Training from 2015-02-17 to 2015-03-04
2015-06-26 01:41:56,852 Starting Live from 2015-03-05 to 2015-04-04
2015-06-26 02:10:22,670 Starting Training from 2015-03-20 to 2015-04-04
2015-06-26 02:11:42,927 Starting Live from 2015-04-05 to 2015-04-10
2015-06-26 02:20:06,720 Starting Q Learning for : 
2015-06-26 02:20:06,721 alpha = 0.6
2015-06-26 02:20:06,721 gamma = 0.4
2015-06-26 02:20:06,721 individual factor = 8
2015-06-26 02:20:06,721 zero range = 0.01
2015-06-26 02:20:06,721 greedy level = 5
2015-06-26 02:20:06,721 

2015-06-26 02:20:18,322 Starting Training from 2014-12-17 to 2015-01-01
2015-06-26 02:33:49,467 Starting Live from 2015-01-02 to 2015-02-01
2015-06-26 03:07:15,782 Starting Training from 2015-01-17 to 2015-02-01
2015-06-26 03:09:14,688 Starting Live from 2015-02-02 to 2015-03-04
2015-06-26 03:41:29,604 Starting Training from 2015-02-17 to 2015-03-04
2015-06-26 03:43:40,530 Starting Live from 2015-03-05 to 2015-04-04
2015-06-26 04:13:48,611 Starting Training from 2015-03-20 to 2015-04-04
2015-06-26 04:15:12,700 Starting Live from 2015-04-05 to 2015-04-10
2015-06-26 04:24:45,812 Starting Q Learning for : 
2015-06-26 04:24:45,813 alpha = 0.6
2015-06-26 04:24:45,813 gamma = 0.5
2015-06-26 04:24:45,813 individual factor = 8
2015-06-26 04:24:45,813 zero range = 0.01
2015-06-26 04:24:45,813 greedy level = 5
2015-06-26 04:24:45,813 

2015-06-26 04:24:51,576 Starting Training from 2014-12-17 to 2015-01-01
2015-06-26 04:37:36,211 Starting Live from 2015-01-02 to 2015-02-01
2015-06-26 05:10:54,859 Starting Training from 2015-01-17 to 2015-02-01
2015-06-26 05:12:50,674 Starting Live from 2015-02-02 to 2015-03-04
2015-06-26 05:43:00,470 Starting Training from 2015-02-17 to 2015-03-04
2015-06-26 05:45:06,354 Starting Live from 2015-03-05 to 2015-04-04
2015-06-26 06:14:38,819 Starting Training from 2015-03-20 to 2015-04-04
2015-06-26 06:16:00,443 Starting Live from 2015-04-05 to 2015-04-10
2015-06-26 06:24:32,799 Starting Q Learning for : 
2015-06-26 06:24:32,799 alpha = 0.6
2015-06-26 06:24:32,799 gamma = 0.6
2015-06-26 06:24:32,799 individual factor = 8
2015-06-26 06:24:32,799 zero range = 0.01
2015-06-26 06:24:32,799 greedy level = 5
2015-06-26 06:24:32,799 

2015-06-26 06:24:38,076 Starting Training from 2014-12-17 to 2015-01-01
2015-06-26 06:38:07,900 Starting Live from 2015-01-02 to 2015-02-01
2015-06-26 07:10:36,497 Starting Training from 2015-01-17 to 2015-02-01
2015-06-26 07:12:33,207 Starting Live from 2015-02-02 to 2015-03-04
2015-06-26 07:42:25,026 Starting Training from 2015-02-17 to 2015-03-04
2015-06-26 07:44:31,315 Starting Live from 2015-03-05 to 2015-04-04
2015-06-26 08:12:07,033 Starting Training from 2015-03-20 to 2015-04-04
2015-06-26 08:13:28,230 Starting Live from 2015-04-05 to 2015-04-10
2015-06-26 08:21:42,776 Starting Q Learning for : 
2015-06-26 08:21:42,776 alpha = 0.2
2015-06-26 08:21:42,776 gamma = 0.5
2015-06-26 08:21:42,776 individual factor = 8
2015-06-26 08:21:42,776 zero range = 0.01
2015-06-26 08:21:42,776 greedy level = 5
2015-06-26 08:21:42,776 

2015-06-26 08:21:48,957 Starting Training from 2014-12-17 to 2015-01-01
2015-06-26 08:35:12,193 Starting Live from 2015-01-02 to 2015-02-01
2015-06-26 09:07:27,506 Starting Training from 2015-01-17 to 2015-02-01
2015-06-26 09:09:41,365 Starting Live from 2015-02-02 to 2015-03-04
2015-06-26 09:39:00,158 Starting Training from 2015-02-17 to 2015-03-04
2015-06-26 09:41:01,391 Starting Live from 2015-03-05 to 2015-04-04
2015-06-26 10:09:20,029 Starting Training from 2015-03-20 to 2015-04-04
2015-06-26 10:10:37,617 Starting Live from 2015-04-05 to 2015-04-10
2015-06-26 10:19:20,145 Starting Q Learning for : 
2015-06-26 10:19:20,145 alpha = 0.2
2015-06-26 10:19:20,145 gamma = 0.6
2015-06-26 10:19:20,145 individual factor = 8
2015-06-26 10:19:20,145 zero range = 0.01
2015-06-26 10:19:20,145 greedy level = 5
2015-06-26 10:19:20,145 

2015-06-26 10:19:26,651 Starting Training from 2014-12-17 to 2015-01-01
2015-06-26 10:31:47,815 Starting Live from 2015-01-02 to 2015-02-01
2015-06-26 11:04:27,911 Starting Training from 2015-01-17 to 2015-02-01
2015-06-26 11:06:26,976 Starting Live from 2015-02-02 to 2015-03-04
2015-06-26 11:35:30,357 Starting Training from 2015-02-17 to 2015-03-04
2015-06-26 11:37:34,046 Starting Live from 2015-03-05 to 2015-04-04
2015-06-26 12:05:41,246 Starting Training from 2015-03-20 to 2015-04-04
2015-06-26 12:06:59,651 Starting Live from 2015-04-05 to 2015-04-10
2015-06-26 12:15:47,799 Starting Q Learning for : 
2015-06-26 12:15:47,799 alpha = 0.2
2015-06-26 12:15:47,799 gamma = 0.7
2015-06-26 12:15:47,799 individual factor = 8
2015-06-26 12:15:47,799 zero range = 0.01
2015-06-26 12:15:47,799 greedy level = 5
2015-06-26 12:15:47,799 

2015-06-26 12:15:53,720 Starting Training from 2014-12-17 to 2015-01-01
2015-06-26 12:28:11,519 Starting Live from 2015-01-02 to 2015-02-01
2015-06-26 13:01:15,058 Starting Training from 2015-01-17 to 2015-02-01
2015-06-26 13:03:09,956 Starting Live from 2015-02-02 to 2015-03-04
2015-06-26 13:32:39,026 Starting Training from 2015-02-17 to 2015-03-04
2015-06-26 13:34:53,151 Starting Live from 2015-03-05 to 2015-04-04
2015-06-26 14:03:43,545 Starting Training from 2015-03-20 to 2015-04-04
2015-06-26 14:05:02,742 Starting Live from 2015-04-05 to 2015-04-10
2015-06-26 14:13:17,240 Starting Q Learning for : 
2015-06-26 14:13:17,240 alpha = 0.2
2015-06-26 14:13:17,240 gamma = 0.8
2015-06-26 14:13:17,240 individual factor = 8
2015-06-26 14:13:17,240 zero range = 0.01
2015-06-26 14:13:17,240 greedy level = 5
2015-06-26 14:13:17,240 

2015-06-26 14:13:23,687 Starting Training from 2014-12-17 to 2015-01-01
2015-06-26 14:26:29,528 Starting Live from 2015-01-02 to 2015-02-01
2015-06-26 14:59:45,369 Starting Training from 2015-01-17 to 2015-02-01
2015-06-26 15:01:45,809 Starting Live from 2015-02-02 to 2015-03-04
2015-06-26 15:32:09,226 Starting Training from 2015-02-17 to 2015-03-04
2015-06-26 15:34:24,813 Starting Live from 2015-03-05 to 2015-04-04
2015-06-26 16:03:17,038 Starting Training from 2015-03-20 to 2015-04-04
2015-06-26 16:04:40,308 Starting Live from 2015-04-05 to 2015-04-10
2015-06-26 16:12:51,905 Starting Q Learning for : 
2015-06-26 16:12:51,905 alpha = 0.8
2015-06-26 16:12:51,905 gamma = 0.1
2015-06-26 16:12:51,905 individual factor = 8
2015-06-26 16:12:51,907 zero range = 0.01
2015-06-26 16:12:51,907 greedy level = 5
2015-06-26 16:12:51,907 

2015-06-26 16:12:57,614 Starting Training from 2014-12-17 to 2015-01-01
2015-06-26 16:26:10,687 Starting Live from 2015-01-02 to 2015-02-01
2015-06-26 16:58:09,128 Starting Training from 2015-01-17 to 2015-02-01
2015-06-26 17:00:19,713 Starting Live from 2015-02-02 to 2015-03-04
2015-06-26 17:29:30,311 Starting Training from 2015-02-17 to 2015-03-04
2015-06-26 17:31:33,243 Starting Live from 2015-03-05 to 2015-04-04
2015-06-26 17:59:26,167 Starting Training from 2015-03-20 to 2015-04-04
2015-06-26 18:00:42,769 Starting Live from 2015-04-05 to 2015-04-10
2015-06-26 18:09:32,783 Starting Q Learning for : 
2015-06-26 18:09:32,783 alpha = 0.8
2015-06-26 18:09:32,783 gamma = 0.2
2015-06-26 18:09:32,783 individual factor = 8
2015-06-26 18:09:32,783 zero range = 0.01
2015-06-26 18:09:32,783 greedy level = 5
2015-06-26 18:09:32,783 

2015-06-26 18:09:40,809 Starting Training from 2014-12-17 to 2015-01-01
2015-06-26 18:22:32,105 Starting Live from 2015-01-02 to 2015-02-01
2015-06-26 18:55:46,582 Starting Training from 2015-01-17 to 2015-02-01
2015-06-26 18:57:54,940 Starting Live from 2015-02-02 to 2015-03-04
2015-06-26 19:27:18,319 Starting Training from 2015-02-17 to 2015-03-04
2015-06-26 19:29:20,956 Starting Live from 2015-03-05 to 2015-04-04
2015-06-26 19:56:51,835 Starting Training from 2015-03-20 to 2015-04-04
2015-06-26 19:58:12,789 Starting Live from 2015-04-05 to 2015-04-10
2015-06-26 20:07:03,062 Starting Q Learning for : 
2015-06-26 20:07:03,062 alpha = 0.8
2015-06-26 20:07:03,063 gamma = 0.3
2015-06-26 20:07:03,063 individual factor = 8
2015-06-26 20:07:03,063 zero range = 0.01
2015-06-26 20:07:03,063 greedy level = 5
2015-06-26 20:07:03,063 

2015-06-26 20:07:10,029 Starting Training from 2014-12-17 to 2015-01-01
2015-06-26 20:19:48,578 Starting Live from 2015-01-02 to 2015-02-01
2015-06-26 20:53:55,790 Starting Training from 2015-01-17 to 2015-02-01
2015-06-26 20:55:57,009 Starting Live from 2015-02-02 to 2015-03-04
2015-06-26 21:26:32,848 Starting Training from 2015-02-17 to 2015-03-04
2015-06-26 21:28:43,243 Starting Live from 2015-03-05 to 2015-04-04
2015-06-26 21:57:13,673 Starting Training from 2015-03-20 to 2015-04-04
2015-06-26 21:58:49,026 Starting Live from 2015-04-05 to 2015-04-10
2015-06-26 22:06:59,111 Starting Q Learning for : 
2015-06-26 22:06:59,111 alpha = 0.6
2015-06-26 22:06:59,111 gamma = 0.2
2015-06-26 22:06:59,111 individual factor = 8
2015-06-26 22:06:59,111 zero range = 0.006
2015-06-26 22:06:59,111 greedy level = 5
2015-06-26 22:06:59,111 

2015-06-26 22:07:05,072 Starting Training from 2014-12-17 to 2015-01-01
2015-06-26 22:19:48,854 Starting Live from 2015-01-02 to 2015-02-01
2015-06-26 22:52:38,220 Starting Training from 2015-01-17 to 2015-02-01
2015-06-26 22:54:42,184 Starting Live from 2015-02-02 to 2015-03-04
2015-06-26 23:25:04,786 Starting Training from 2015-02-17 to 2015-03-04
2015-06-26 23:27:33,384 Starting Live from 2015-03-05 to 2015-04-04
2015-06-26 23:56:59,428 Starting Training from 2015-03-20 to 2015-04-04
2015-06-26 23:58:19,394 Starting Live from 2015-04-05 to 2015-04-10
2015-06-27 00:06:50,572 Starting Q Learning for : 
2015-06-27 00:06:50,573 alpha = 0.6
2015-06-27 00:06:50,573 gamma = 0.3
2015-06-27 00:06:50,573 individual factor = 8
2015-06-27 00:06:50,573 zero range = 0.006
2015-06-27 00:06:50,573 greedy level = 5
2015-06-27 00:06:50,573 

2015-06-27 00:06:55,851 Starting Training from 2014-12-17 to 2015-01-01
2015-06-27 00:20:14,029 Starting Live from 2015-01-02 to 2015-02-01
2015-06-27 00:52:33,483 Starting Training from 2015-01-17 to 2015-02-01
2015-06-27 00:54:28,934 Starting Live from 2015-02-02 to 2015-03-04
2015-06-27 01:23:57,450 Starting Training from 2015-02-17 to 2015-03-04
2015-06-27 01:26:10,904 Starting Live from 2015-03-05 to 2015-04-04
2015-06-27 01:54:06,055 Starting Training from 2015-03-20 to 2015-04-04
2015-06-27 01:55:25,944 Starting Live from 2015-04-05 to 2015-04-10
2015-06-27 02:03:44,631 Starting Q Learning for : 
2015-06-27 02:03:44,631 alpha = 0.6
2015-06-27 02:03:44,631 gamma = 0.4
2015-06-27 02:03:44,631 individual factor = 8
2015-06-27 02:03:44,631 zero range = 0.006
2015-06-27 02:03:44,631 greedy level = 5
2015-06-27 02:03:44,631 

2015-06-27 02:03:51,203 Starting Training from 2014-12-17 to 2015-01-01
2015-06-27 02:16:49,851 Starting Live from 2015-01-02 to 2015-02-01
2015-06-27 02:49:54,746 Starting Training from 2015-01-17 to 2015-02-01
2015-06-27 02:51:58,196 Starting Live from 2015-02-02 to 2015-03-04
2015-06-27 03:22:21,028 Starting Training from 2015-02-17 to 2015-03-04
2015-06-27 03:24:24,907 Starting Live from 2015-03-05 to 2015-04-04
2015-06-27 03:52:31,434 Starting Training from 2015-03-20 to 2015-04-04
2015-06-27 03:53:46,773 Starting Live from 2015-04-05 to 2015-04-10
2015-06-27 04:02:27,890 Starting Q Learning for : 
2015-06-27 04:02:27,890 alpha = 0.6
2015-06-27 04:02:27,890 gamma = 0.5
2015-06-27 04:02:27,890 individual factor = 8
2015-06-27 04:02:27,891 zero range = 0.006
2015-06-27 04:02:27,891 greedy level = 5
2015-06-27 04:02:27,891 

2015-06-27 04:02:35,496 Starting Training from 2014-12-17 to 2015-01-01
2015-06-27 04:15:06,164 Starting Live from 2015-01-02 to 2015-02-01
2015-06-27 04:47:53,989 Starting Training from 2015-01-17 to 2015-02-01
2015-06-27 04:50:13,634 Starting Live from 2015-02-02 to 2015-03-04
2015-06-27 05:19:19,053 Starting Training from 2015-02-17 to 2015-03-04
2015-06-27 05:21:22,645 Starting Live from 2015-03-05 to 2015-04-04
2015-06-27 05:48:50,351 Starting Training from 2015-03-20 to 2015-04-04
2015-06-27 05:50:10,315 Starting Live from 2015-04-05 to 2015-04-10
2015-06-27 05:58:59,509 Starting Q Learning for : 
2015-06-27 05:58:59,509 alpha = 0.6
2015-06-27 05:58:59,509 gamma = 0.6
2015-06-27 05:58:59,509 individual factor = 8
2015-06-27 05:58:59,509 zero range = 0.006
2015-06-27 05:58:59,509 greedy level = 5
2015-06-27 05:58:59,510 

2015-06-27 05:59:10,092 Starting Training from 2014-12-17 to 2015-01-01
2015-06-27 06:11:51,450 Starting Live from 2015-01-02 to 2015-02-01
2015-06-27 06:44:37,382 Starting Training from 2015-01-17 to 2015-02-01
2015-06-27 06:46:31,571 Starting Live from 2015-02-02 to 2015-03-04
2015-06-27 07:15:27,084 Starting Training from 2015-02-17 to 2015-03-04
2015-06-27 07:17:30,522 Starting Live from 2015-03-05 to 2015-04-04
2015-06-27 07:45:30,404 Starting Training from 2015-03-20 to 2015-04-04
2015-06-27 07:46:55,540 Starting Live from 2015-04-05 to 2015-04-10
2015-06-27 07:55:53,003 Starting Q Learning for : 
2015-06-27 07:55:53,003 alpha = 0.6
2015-06-27 07:55:53,003 gamma = 0.7
2015-06-27 07:55:53,003 individual factor = 8
2015-06-27 07:55:53,003 zero range = 0.006
2015-06-27 07:55:53,005 greedy level = 5
2015-06-27 07:55:53,005 

2015-06-27 07:55:58,980 Starting Training from 2014-12-17 to 2015-01-01
2015-06-27 08:08:33,631 Starting Live from 2015-01-02 to 2015-02-01
2015-06-27 08:42:27,622 Starting Training from 2015-01-17 to 2015-02-01
2015-06-27 08:44:26,230 Starting Live from 2015-02-02 to 2015-03-04
2015-06-27 09:13:23,684 Starting Training from 2015-02-17 to 2015-03-04
2015-06-27 09:15:22,569 Starting Live from 2015-03-05 to 2015-04-04
2015-06-27 09:42:15,226 Starting Training from 2015-03-20 to 2015-04-04
2015-06-27 09:43:29,073 Starting Live from 2015-04-05 to 2015-04-10
2015-06-27 09:52:16,476 Starting Q Learning for : 
2015-06-27 09:52:16,476 alpha = 0.6
2015-06-27 09:52:16,476 gamma = 0.8
2015-06-27 09:52:16,476 individual factor = 8
2015-06-27 09:52:16,477 zero range = 0.006
2015-06-27 09:52:16,477 greedy level = 5
2015-06-27 09:52:16,477 

2015-06-27 09:52:23,795 Starting Training from 2014-12-17 to 2015-01-01
2015-06-27 10:04:40,430 Starting Live from 2015-01-02 to 2015-02-01
2015-06-27 10:37:52,891 Starting Training from 2015-01-17 to 2015-02-01
2015-06-27 10:39:51,348 Starting Live from 2015-02-02 to 2015-03-04
2015-06-27 11:08:43,832 Starting Training from 2015-02-17 to 2015-03-04
2015-06-27 11:10:44,526 Starting Live from 2015-03-05 to 2015-04-04
2015-06-27 11:38:20,891 Starting Training from 2015-03-20 to 2015-04-04
2015-06-27 11:39:58,608 Starting Live from 2015-04-05 to 2015-04-10
2015-06-27 11:48:28,072 Starting Q Learning for : 
2015-06-27 11:48:28,072 alpha = 0.8
2015-06-27 11:48:28,072 gamma = 0.6
2015-06-27 11:48:28,072 individual factor = 8
2015-06-27 11:48:28,072 zero range = 0.006
2015-06-27 11:48:28,072 greedy level = 5
2015-06-27 11:48:28,072 

2015-06-27 11:48:34,917 Starting Training from 2014-12-17 to 2015-01-01
2015-06-27 12:00:45,326 Starting Live from 2015-01-02 to 2015-02-01
2015-06-27 12:33:32,262 Starting Training from 2015-01-17 to 2015-02-01
2015-06-27 12:35:25,789 Starting Live from 2015-02-02 to 2015-03-04
2015-06-27 13:04:48,638 Starting Training from 2015-02-17 to 2015-03-04
2015-06-27 13:06:57,032 Starting Live from 2015-03-05 to 2015-04-04
2015-06-27 13:36:24,132 Starting Training from 2015-03-20 to 2015-04-04
2015-06-27 13:37:51,957 Starting Live from 2015-04-05 to 2015-04-10
2015-06-27 13:46:13,892 Starting Q Learning for : 
2015-06-27 13:46:13,892 alpha = 0.8
2015-06-27 13:46:13,892 gamma = 0.7
2015-06-27 13:46:13,892 individual factor = 8
2015-06-27 13:46:13,892 zero range = 0.006
2015-06-27 13:46:13,892 greedy level = 5
2015-06-27 13:46:13,892 

2015-06-27 13:46:20,128 Starting Training from 2014-12-17 to 2015-01-01
2015-06-27 13:59:23,398 Starting Live from 2015-01-02 to 2015-02-01
2015-06-27 14:30:13,618 Starting Training from 2015-01-17 to 2015-02-01
2015-06-27 14:32:00,246 Starting Live from 2015-02-02 to 2015-03-04
2015-06-27 14:58:42,384 Starting Training from 2015-02-17 to 2015-03-04
2015-06-27 15:00:42,790 Starting Live from 2015-03-05 to 2015-04-04
2015-06-27 15:30:23,359 Starting Training from 2015-03-20 to 2015-04-04
2015-06-27 15:31:44,687 Starting Live from 2015-04-05 to 2015-04-10
2015-06-27 15:40:29,786 Starting Q Learning for : 
2015-06-27 15:40:29,786 alpha = 0.8
2015-06-27 15:40:29,786 gamma = 0.8
2015-06-27 15:40:29,786 individual factor = 8
2015-06-27 15:40:29,786 zero range = 0.006
2015-06-27 15:40:29,786 greedy level = 5
2015-06-27 15:40:29,786 

2015-06-27 15:40:35,914 Starting Training from 2014-12-17 to 2015-01-01
2015-06-27 15:54:08,063 Starting Live from 2015-01-02 to 2015-02-01
2015-06-27 16:26:42,950 Starting Training from 2015-01-17 to 2015-02-01
2015-06-27 16:28:40,230 Starting Live from 2015-02-02 to 2015-03-04
2015-06-27 16:57:47,608 Starting Training from 2015-02-17 to 2015-03-04
2015-06-27 17:00:23,276 Starting Live from 2015-03-05 to 2015-04-04
2015-06-27 17:27:42,655 Starting Training from 2015-03-20 to 2015-04-04
2015-06-27 17:29:00,832 Starting Live from 2015-04-05 to 2015-04-10
