2015-06-29 01:33:51,707 Starting Q Learning for : 
2015-06-29 01:33:51,707 alpha = 0.5
2015-06-29 01:33:51,707 gamma = 0.1
2015-06-29 01:33:51,707 individual factor = 10
2015-06-29 01:33:51,707 zero range = 0.002
2015-06-29 01:33:51,709 greedy level = 5
2015-06-29 01:33:51,709 

2015-06-29 01:33:55,911 Starting Training from 2014-12-17 to 2015-01-01
2015-06-29 01:47:29,296 Starting Live from 2015-01-02 to 2015-02-01
2015-06-29 02:19:35,273 Starting Training from 2015-01-17 to 2015-02-01
2015-06-29 02:21:15,680 Starting Live from 2015-02-02 to 2015-03-04
2015-06-29 02:50:30,170 Starting Training from 2015-02-17 to 2015-03-04
2015-06-29 02:52:53,299 Starting Live from 2015-03-05 to 2015-04-04
2015-06-29 03:22:17,345 Starting Training from 2015-03-20 to 2015-04-04
2015-06-29 03:23:35,387 Starting Live from 2015-04-05 to 2015-04-10
2015-06-29 03:32:05,734 Starting Q Learning for : 
2015-06-29 03:32:05,734 alpha = 0.5
2015-06-29 03:32:05,734 gamma = 0.2
2015-06-29 03:32:05,734 individual factor = 10
2015-06-29 03:32:05,734 zero range = 0.002
2015-06-29 03:32:05,734 greedy level = 5
2015-06-29 03:32:05,736 

2015-06-29 03:32:14,765 Starting Training from 2014-12-17 to 2015-01-01
2015-06-29 03:46:01,898 Starting Live from 2015-01-02 to 2015-02-01
2015-06-29 04:19:47,796 Starting Training from 2015-01-17 to 2015-02-01
2015-06-29 04:21:47,365 Starting Live from 2015-02-02 to 2015-03-04
2015-06-29 04:52:33,815 Starting Training from 2015-02-17 to 2015-03-04
2015-06-29 04:54:41,384 Starting Live from 2015-03-05 to 2015-04-04
2015-06-29 05:23:01,749 Starting Training from 2015-03-20 to 2015-04-04
2015-06-29 05:24:22,173 Starting Live from 2015-04-05 to 2015-04-10
2015-06-29 05:33:34,367 Starting Q Learning for : 
2015-06-29 05:33:34,367 alpha = 0.5
2015-06-29 05:33:34,368 gamma = 0.3
2015-06-29 05:33:34,368 individual factor = 10
2015-06-29 05:33:34,368 zero range = 0.002
2015-06-29 05:33:34,368 greedy level = 5
2015-06-29 05:33:34,368 

2015-06-29 05:33:41,805 Starting Training from 2014-12-17 to 2015-01-01
2015-06-29 05:46:58,940 Starting Live from 2015-01-02 to 2015-02-01
2015-06-29 06:21:25,671 Starting Training from 2015-01-17 to 2015-02-01
2015-06-29 06:23:24,937 Starting Live from 2015-02-02 to 2015-03-04
2015-06-29 06:54:17,657 Starting Training from 2015-02-17 to 2015-03-04
2015-06-29 06:56:29,292 Starting Live from 2015-03-05 to 2015-04-04
2015-06-29 07:25:31,969 Starting Training from 2015-03-20 to 2015-04-04
2015-06-29 07:27:09,378 Starting Live from 2015-04-05 to 2015-04-10
2015-06-29 07:36:18,061 Starting Q Learning for : 
2015-06-29 07:36:18,061 alpha = 0.5
2015-06-29 07:36:18,061 gamma = 0.4
2015-06-29 07:36:18,062 individual factor = 10
2015-06-29 07:36:18,062 zero range = 0.002
2015-06-29 07:36:18,062 greedy level = 5
2015-06-29 07:36:18,062 

2015-06-29 07:36:24,834 Starting Training from 2014-12-17 to 2015-01-01
2015-06-29 07:49:42,361 Starting Live from 2015-01-02 to 2015-02-01
2015-06-29 08:24:26,191 Starting Training from 2015-01-17 to 2015-02-01
2015-06-29 08:26:22,069 Starting Live from 2015-02-02 to 2015-03-04
2015-06-29 08:58:22,367 Starting Training from 2015-02-17 to 2015-03-04
2015-06-29 09:01:01,844 Starting Live from 2015-03-05 to 2015-04-04
2015-06-29 09:31:20,904 Starting Training from 2015-03-20 to 2015-04-04
2015-06-29 09:32:37,134 Starting Live from 2015-04-05 to 2015-04-10
2015-06-29 09:41:10,200 Starting Q Learning for : 
2015-06-29 09:41:10,200 alpha = 0.5
2015-06-29 09:41:10,200 gamma = 0.5
2015-06-29 09:41:10,200 individual factor = 10
2015-06-29 09:41:10,200 zero range = 0.002
2015-06-29 09:41:10,200 greedy level = 5
2015-06-29 09:41:10,200 

2015-06-29 09:41:17,151 Starting Training from 2014-12-17 to 2015-01-01
2015-06-29 09:54:56,483 Starting Live from 2015-01-02 to 2015-02-01
2015-06-29 10:28:52,967 Starting Training from 2015-01-17 to 2015-02-01
2015-06-29 10:31:21,630 Starting Live from 2015-02-02 to 2015-03-04
2015-06-29 11:01:59,444 Starting Training from 2015-02-17 to 2015-03-04
2015-06-29 11:04:12,007 Starting Live from 2015-03-05 to 2015-04-04
2015-06-29 11:33:02,756 Starting Training from 2015-03-20 to 2015-04-04
2015-06-29 11:34:18,710 Starting Live from 2015-04-05 to 2015-04-10
2015-06-29 11:43:32,253 Starting Q Learning for : 
2015-06-29 11:43:32,253 alpha = 0.5
2015-06-29 11:43:32,253 gamma = 0.6
2015-06-29 11:43:32,253 individual factor = 10
2015-06-29 11:43:32,255 zero range = 0.002
2015-06-29 11:43:32,255 greedy level = 5
2015-06-29 11:43:32,255 

2015-06-29 11:43:39,453 Starting Training from 2014-12-17 to 2015-01-01
2015-06-29 11:56:30,239 Starting Live from 2015-01-02 to 2015-02-01
2015-06-29 12:31:17,674 Starting Training from 2015-01-17 to 2015-02-01
2015-06-29 12:33:12,803 Starting Live from 2015-02-02 to 2015-03-04
2015-06-29 13:04:28,219 Starting Training from 2015-02-17 to 2015-03-04
2015-06-29 13:06:38,467 Starting Live from 2015-03-05 to 2015-04-04
2015-06-29 13:37:37,309 Starting Training from 2015-03-20 to 2015-04-04
2015-06-29 13:38:55,868 Starting Live from 2015-04-05 to 2015-04-10
2015-06-29 13:47:47,117 Starting Q Learning for : 
2015-06-29 13:47:47,117 alpha = 0.5
2015-06-29 13:47:47,117 gamma = 0.7
2015-06-29 13:47:47,117 individual factor = 10
2015-06-29 13:47:47,118 zero range = 0.002
2015-06-29 13:47:47,118 greedy level = 5
2015-06-29 13:47:47,118 

2015-06-29 13:47:53,668 Starting Training from 2014-12-17 to 2015-01-01
2015-06-29 14:01:43,036 Starting Live from 2015-01-02 to 2015-02-01
2015-06-29 14:35:39,839 Starting Training from 2015-01-17 to 2015-02-01
2015-06-29 14:37:38,727 Starting Live from 2015-02-02 to 2015-03-04
2015-06-29 15:09:28,525 Starting Training from 2015-02-17 to 2015-03-04
2015-06-29 15:11:44,098 Starting Live from 2015-03-05 to 2015-04-04
2015-06-29 15:41:18,161 Starting Training from 2015-03-20 to 2015-04-04
2015-06-29 15:42:37,493 Starting Live from 2015-04-05 to 2015-04-10
2015-06-29 15:52:11,233 Starting Q Learning for : 
2015-06-29 15:52:11,233 alpha = 0.5
2015-06-29 15:52:11,233 gamma = 0.8
2015-06-29 15:52:11,233 individual factor = 10
2015-06-29 15:52:11,233 zero range = 0.002
2015-06-29 15:52:11,233 greedy level = 5
2015-06-29 15:52:11,233 

2015-06-29 15:52:19,059 Starting Training from 2014-12-17 to 2015-01-01
2015-06-29 16:05:44,619 Starting Live from 2015-01-02 to 2015-02-01
2015-06-29 16:41:08,894 Starting Training from 2015-01-17 to 2015-02-01
2015-06-29 16:43:07,335 Starting Live from 2015-02-02 to 2015-03-04
2015-06-29 17:14:53,013 Starting Training from 2015-02-17 to 2015-03-04
2015-06-29 17:17:06,262 Starting Live from 2015-03-05 to 2015-04-04
2015-06-29 17:47:40,255 Starting Training from 2015-03-20 to 2015-04-04
2015-06-29 17:49:20,088 Starting Live from 2015-04-05 to 2015-04-10
2015-06-29 17:58:00,742 Starting Q Learning for : 
2015-06-29 17:58:00,742 alpha = 0.4
2015-06-29 17:58:00,742 gamma = 0.1
2015-06-29 17:58:00,742 individual factor = 10
2015-06-29 17:58:00,742 zero range = 0.006
2015-06-29 17:58:00,742 greedy level = 5
2015-06-29 17:58:00,742 

2015-06-29 17:58:06,542 Starting Training from 2014-12-17 to 2015-01-01
2015-06-29 18:11:55,881 Starting Live from 2015-01-02 to 2015-02-01
2015-06-29 18:45:52,641 Starting Training from 2015-01-17 to 2015-02-01
2015-06-29 18:47:45,706 Starting Live from 2015-02-02 to 2015-03-04
2015-06-29 19:17:50,694 Starting Training from 2015-02-17 to 2015-03-04
2015-06-29 19:20:27,438 Starting Live from 2015-03-05 to 2015-04-04
2015-06-29 19:49:09,775 Starting Training from 2015-03-20 to 2015-04-04
2015-06-29 19:50:24,714 Starting Live from 2015-04-05 to 2015-04-10
2015-06-29 19:58:56,115 Starting Q Learning for : 
2015-06-29 19:58:56,115 alpha = 0.4
2015-06-29 19:58:56,115 gamma = 0.2
2015-06-29 19:58:56,115 individual factor = 10
2015-06-29 19:58:56,115 zero range = 0.006
2015-06-29 19:58:56,115 greedy level = 5
2015-06-29 19:58:56,115 

2015-06-29 19:59:01,526 Starting Training from 2014-12-17 to 2015-01-01
2015-06-29 20:12:20,318 Starting Live from 2015-01-02 to 2015-02-01
2015-06-29 20:45:30,196 Starting Training from 2015-01-17 to 2015-02-01
2015-06-29 20:47:30,894 Starting Live from 2015-02-02 to 2015-03-04
2015-06-29 21:18:16,309 Starting Training from 2015-02-17 to 2015-03-04
2015-06-29 21:20:29,187 Starting Live from 2015-03-05 to 2015-04-04
2015-06-29 21:49:25,154 Starting Training from 2015-03-20 to 2015-04-04
2015-06-29 21:50:42,650 Starting Live from 2015-04-05 to 2015-04-10
2015-06-29 22:00:19,299 Starting Q Learning for : 
2015-06-29 22:00:19,299 alpha = 0.4
2015-06-29 22:00:19,299 gamma = 0.3
2015-06-29 22:00:19,299 individual factor = 10
2015-06-29 22:00:19,299 zero range = 0.006
2015-06-29 22:00:19,299 greedy level = 5
2015-06-29 22:00:19,299 

2015-06-29 22:00:27,308 Starting Training from 2014-12-17 to 2015-01-01
2015-06-29 22:13:38,046 Starting Live from 2015-01-02 to 2015-02-01
2015-06-29 22:48:46,017 Starting Training from 2015-01-17 to 2015-02-01
2015-06-29 22:50:44,882 Starting Live from 2015-02-02 to 2015-03-04
2015-06-29 23:22:06,082 Starting Training from 2015-02-17 to 2015-03-04
2015-06-29 23:24:19,121 Starting Live from 2015-03-05 to 2015-04-04
2015-06-29 23:53:45,556 Starting Training from 2015-03-20 to 2015-04-04
2015-06-29 23:55:27,101 Starting Live from 2015-04-05 to 2015-04-10
2015-06-30 00:04:24,095 Starting Q Learning for : 
2015-06-30 00:04:24,095 alpha = 0.4
2015-06-30 00:04:24,095 gamma = 0.4
2015-06-30 00:04:24,095 individual factor = 10
2015-06-30 00:04:24,095 zero range = 0.006
2015-06-30 00:04:24,095 greedy level = 5
2015-06-30 00:04:24,095 

2015-06-30 00:04:30,289 Starting Training from 2014-12-17 to 2015-01-01
2015-06-30 00:17:32,151 Starting Live from 2015-01-02 to 2015-02-01
2015-06-30 00:53:19,796 Starting Training from 2015-01-17 to 2015-02-01
2015-06-30 00:55:17,891 Starting Live from 2015-02-02 to 2015-03-04
2015-06-30 01:28:29,763 Starting Training from 2015-02-17 to 2015-03-04
2015-06-30 01:31:00,707 Starting Live from 2015-03-05 to 2015-04-04
2015-06-30 02:01:48,140 Starting Training from 2015-03-20 to 2015-04-04
2015-06-30 02:03:05,022 Starting Live from 2015-04-05 to 2015-04-10
2015-06-30 02:11:41,186 Starting Q Learning for : 
2015-06-30 02:11:41,186 alpha = 0.4
2015-06-30 02:11:41,186 gamma = 0.5
2015-06-30 02:11:41,186 individual factor = 10
2015-06-30 02:11:41,186 zero range = 0.006
2015-06-30 02:11:41,186 greedy level = 5
2015-06-30 02:11:41,186 

2015-06-30 02:11:47,194 Starting Training from 2014-12-17 to 2015-01-01
2015-06-30 02:25:13,809 Starting Live from 2015-01-02 to 2015-02-01
2015-06-30 02:58:21,105 Starting Training from 2015-01-17 to 2015-02-01
2015-06-30 03:00:43,309 Starting Live from 2015-02-02 to 2015-03-04
2015-06-30 03:31:33,704 Starting Training from 2015-02-17 to 2015-03-04
2015-06-30 03:33:41,240 Starting Live from 2015-03-05 to 2015-04-04
2015-06-30 04:02:30,536 Starting Training from 2015-03-20 to 2015-04-04
2015-06-30 04:03:47,180 Starting Live from 2015-04-05 to 2015-04-10
2015-06-30 04:13:14,424 Starting Q Learning for : 
2015-06-30 04:13:14,424 alpha = 0.4
2015-06-30 04:13:14,424 gamma = 0.6
2015-06-30 04:13:14,424 individual factor = 10
2015-06-30 04:13:14,426 zero range = 0.006
2015-06-30 04:13:14,426 greedy level = 5
2015-06-30 04:13:14,426 

2015-06-30 04:13:20,279 Starting Training from 2014-12-17 to 2015-01-01
2015-06-30 04:26:03,813 Starting Live from 2015-01-02 to 2015-02-01
2015-06-30 05:00:18,572 Starting Training from 2015-01-17 to 2015-02-01
2015-06-30 05:02:13,263 Starting Live from 2015-02-02 to 2015-03-04
2015-06-30 05:32:08,272 Starting Training from 2015-02-17 to 2015-03-04
2015-06-30 05:34:16,515 Starting Live from 2015-03-05 to 2015-04-04
2015-06-30 06:02:23,301 Starting Training from 2015-03-20 to 2015-04-04
2015-06-30 06:03:39,546 Starting Live from 2015-04-05 to 2015-04-10
2015-06-30 06:12:49,451 Starting Q Learning for : 
2015-06-30 06:12:49,451 alpha = 0.4
2015-06-30 06:12:49,451 gamma = 0.7
2015-06-30 06:12:49,451 individual factor = 10
2015-06-30 06:12:49,451 zero range = 0.006
2015-06-30 06:12:49,451 greedy level = 5
2015-06-30 06:12:49,451 

2015-06-30 06:12:55,579 Starting Training from 2014-12-17 to 2015-01-01
2015-06-30 06:25:48,828 Starting Live from 2015-01-02 to 2015-02-01
2015-06-30 07:00:09,785 Starting Training from 2015-01-17 to 2015-02-01
2015-06-30 07:02:08,401 Starting Live from 2015-02-02 to 2015-03-04
2015-06-30 07:32:42,177 Starting Training from 2015-02-17 to 2015-03-04
2015-06-30 07:34:55,107 Starting Live from 2015-03-05 to 2015-04-04
2015-06-30 08:04:11,038 Starting Training from 2015-03-20 to 2015-04-04
2015-06-30 08:05:35,173 Starting Live from 2015-04-05 to 2015-04-10
2015-06-30 08:13:55,832 Starting Q Learning for : 
2015-06-30 08:13:55,834 alpha = 0.4
2015-06-30 08:13:55,834 gamma = 0.8
2015-06-30 08:13:55,834 individual factor = 10
2015-06-30 08:13:55,834 zero range = 0.006
2015-06-30 08:13:55,834 greedy level = 5
2015-06-30 08:13:55,834 

2015-06-30 08:14:02,612 Starting Training from 2014-12-17 to 2015-01-01
2015-06-30 08:27:08,713 Starting Live from 2015-01-02 to 2015-02-01
2015-06-30 09:00:56,948 Starting Training from 2015-01-17 to 2015-02-01
2015-06-30 09:02:56,805 Starting Live from 2015-02-02 to 2015-03-04
2015-06-30 09:33:01,035 Starting Training from 2015-02-17 to 2015-03-04
2015-06-30 09:35:37,994 Starting Live from 2015-03-05 to 2015-04-04
2015-06-30 10:04:17,913 Starting Training from 2015-03-20 to 2015-04-04
2015-06-30 10:05:34,979 Starting Live from 2015-04-05 to 2015-04-10
2015-06-30 10:13:44,595 Starting Q Learning for : 
2015-06-30 10:13:44,595 alpha = 0.5
2015-06-30 10:13:44,595 gamma = 0.1
2015-06-30 10:13:44,595 individual factor = 10
2015-06-30 10:13:44,595 zero range = 0.01
2015-06-30 10:13:44,595 greedy level = 5
2015-06-30 10:13:44,595 

2015-06-30 10:13:50,983 Starting Training from 2014-12-17 to 2015-01-01
2015-06-30 10:26:56,799 Starting Live from 2015-01-02 to 2015-02-01
2015-06-30 10:59:19,515 Starting Training from 2015-01-17 to 2015-02-01
2015-06-30 11:01:09,522 Starting Live from 2015-02-02 to 2015-03-04
2015-06-30 11:30:29,308 Starting Training from 2015-02-17 to 2015-03-04
2015-06-30 11:32:55,477 Starting Live from 2015-03-05 to 2015-04-04
2015-06-30 11:59:58,022 Starting Training from 2015-03-20 to 2015-04-04
2015-06-30 12:01:11,117 Starting Live from 2015-04-05 to 2015-04-10
2015-06-30 12:09:15,075 Starting Q Learning for : 
2015-06-30 12:09:15,075 alpha = 0.5
2015-06-30 12:09:15,075 gamma = 0.2
2015-06-30 12:09:15,075 individual factor = 10
2015-06-30 12:09:15,075 zero range = 0.01
2015-06-30 12:09:15,075 greedy level = 5
2015-06-30 12:09:15,075 

2015-06-30 12:09:20,135 Starting Training from 2014-12-17 to 2015-01-01
2015-06-30 12:21:49,404 Starting Live from 2015-01-02 to 2015-02-01
2015-06-30 12:53:17,621 Starting Training from 2015-01-17 to 2015-02-01
2015-06-30 12:55:04,617 Starting Live from 2015-02-02 to 2015-03-04
2015-06-30 13:23:17,436 Starting Training from 2015-02-17 to 2015-03-04
2015-06-30 13:25:51,862 Starting Live from 2015-03-05 to 2015-04-04
2015-06-30 13:52:21,783 Starting Training from 2015-03-20 to 2015-04-04
2015-06-30 13:53:31,286 Starting Live from 2015-04-05 to 2015-04-10
2015-06-30 14:01:16,095 Starting Q Learning for : 
2015-06-30 14:01:16,095 alpha = 0.5
2015-06-30 14:01:16,095 gamma = 0.3
2015-06-30 14:01:16,095 individual factor = 10
2015-06-30 14:01:16,095 zero range = 0.01
2015-06-30 14:01:16,095 greedy level = 5
2015-06-30 14:01:16,095 

2015-06-30 14:01:21,938 Starting Training from 2014-12-17 to 2015-01-01
2015-06-30 14:14:04,686 Starting Live from 2015-01-02 to 2015-02-01
2015-06-30 14:45:39,605 Starting Training from 2015-01-17 to 2015-02-01
2015-06-30 14:47:31,934 Starting Live from 2015-02-02 to 2015-03-04
2015-06-30 15:16:23,786 Starting Training from 2015-02-17 to 2015-03-04
2015-06-30 15:18:48,117 Starting Live from 2015-03-05 to 2015-04-04
2015-06-30 15:46:34,655 Starting Training from 2015-03-20 to 2015-04-04
2015-06-30 15:47:43,471 Starting Live from 2015-04-05 to 2015-04-10
2015-06-30 15:55:46,401 Starting Q Learning for : 
2015-06-30 15:55:46,403 alpha = 0.5
2015-06-30 15:55:46,403 gamma = 0.4
2015-06-30 15:55:46,403 individual factor = 10
2015-06-30 15:55:46,403 zero range = 0.01
2015-06-30 15:55:46,403 greedy level = 5
2015-06-30 15:55:46,403 

2015-06-30 15:55:52,661 Starting Training from 2014-12-17 to 2015-01-01
2015-06-30 16:08:34,236 Starting Live from 2015-01-02 to 2015-02-01
2015-06-30 16:40:26,012 Starting Training from 2015-01-17 to 2015-02-01
2015-06-30 16:42:14,621 Starting Live from 2015-02-02 to 2015-03-04
2015-06-30 17:10:38,559 Starting Training from 2015-02-17 to 2015-03-04
2015-06-30 17:12:58,301 Starting Live from 2015-03-05 to 2015-04-04
2015-06-30 17:40:51,466 Starting Training from 2015-03-20 to 2015-04-04
2015-06-30 17:42:03,848 Starting Live from 2015-04-05 to 2015-04-10
2015-06-30 17:50:26,345 Starting Q Learning for : 
2015-06-30 17:50:26,346 alpha = 0.5
2015-06-30 17:50:26,346 gamma = 0.5
2015-06-30 17:50:26,346 individual factor = 10
2015-06-30 17:50:26,346 zero range = 0.01
2015-06-30 17:50:26,346 greedy level = 5
2015-06-30 17:50:26,346 

2015-06-30 17:50:32,299 Starting Training from 2014-12-17 to 2015-01-01
2015-06-30 18:03:24,279 Starting Live from 2015-01-02 to 2015-02-01
2015-06-30 18:35:42,688 Starting Training from 2015-01-17 to 2015-02-01
2015-06-30 18:37:27,061 Starting Live from 2015-02-02 to 2015-03-04
2015-06-30 19:03:29,720 Starting Training from 2015-02-17 to 2015-03-04
2015-06-30 19:05:34,648 Starting Live from 2015-03-05 to 2015-04-04
2015-06-30 19:33:15,756 Starting Training from 2015-03-20 to 2015-04-04
2015-06-30 19:34:31,523 Starting Live from 2015-04-05 to 2015-04-10
2015-06-30 19:42:44,461 Starting Q Learning for : 
2015-06-30 19:42:44,461 alpha = 0.5
2015-06-30 19:42:44,461 gamma = 0.6
2015-06-30 19:42:44,461 individual factor = 10
2015-06-30 19:42:44,461 zero range = 0.01
2015-06-30 19:42:44,461 greedy level = 5
2015-06-30 19:42:44,461 

2015-06-30 19:42:50,305 Starting Training from 2014-12-17 to 2015-01-01
2015-06-30 19:55:48,854 Starting Live from 2015-01-02 to 2015-02-01
2015-06-30 20:27:19,934 Starting Training from 2015-01-17 to 2015-02-01
2015-06-30 20:29:10,621 Starting Live from 2015-02-02 to 2015-03-04
2015-06-30 20:58:04,595 Starting Training from 2015-02-17 to 2015-03-04
2015-06-30 21:00:18,635 Starting Live from 2015-03-05 to 2015-04-04
2015-06-30 21:26:56,036 Starting Training from 2015-03-20 to 2015-04-04
2015-06-30 21:28:08,368 Starting Live from 2015-04-05 to 2015-04-10
2015-06-30 21:35:59,256 Starting Q Learning for : 
2015-06-30 21:35:59,256 alpha = 0.5
2015-06-30 21:35:59,256 gamma = 0.7
2015-06-30 21:35:59,256 individual factor = 10
2015-06-30 21:35:59,256 zero range = 0.01
2015-06-30 21:35:59,256 greedy level = 5
2015-06-30 21:35:59,257 

2015-06-30 21:36:06,055 Starting Training from 2014-12-17 to 2015-01-01
2015-06-30 21:48:40,345 Starting Live from 2015-01-02 to 2015-02-01
2015-06-30 22:19:56,365 Starting Training from 2015-01-17 to 2015-02-01
2015-06-30 22:21:39,229 Starting Live from 2015-02-02 to 2015-03-04
2015-06-30 22:49:42,845 Starting Training from 2015-02-17 to 2015-03-04
2015-06-30 22:52:05,759 Starting Live from 2015-03-05 to 2015-04-04
2015-06-30 23:20:00,493 Starting Training from 2015-03-20 to 2015-04-04
2015-06-30 23:21:15,480 Starting Live from 2015-04-05 to 2015-04-10
2015-06-30 23:29:45,224 Starting Q Learning for : 
2015-06-30 23:29:45,226 alpha = 0.5
2015-06-30 23:29:45,226 gamma = 0.8
2015-06-30 23:29:45,226 individual factor = 10
2015-06-30 23:29:45,226 zero range = 0.01
2015-06-30 23:29:45,226 greedy level = 5
2015-06-30 23:29:45,226 

2015-06-30 23:29:52,394 Starting Training from 2014-12-17 to 2015-01-01
2015-06-30 23:42:56,316 Starting Live from 2015-01-02 to 2015-02-01
2015-07-01 00:14:10,667 Starting Training from 2015-01-17 to 2015-02-01
2015-07-01 00:15:49,674 Starting Live from 2015-02-02 to 2015-03-04
2015-07-01 00:43:06,398 Starting Training from 2015-02-17 to 2015-03-04
2015-07-01 00:45:17,549 Starting Live from 2015-03-05 to 2015-04-04
2015-07-01 01:11:10,000 Starting Training from 2015-03-20 to 2015-04-04
2015-07-01 01:12:18,099 Starting Live from 2015-04-05 to 2015-04-10
2015-07-01 01:19:41,091 Starting Q Learning for : 
2015-07-01 01:19:41,091 alpha = 0.2
2015-07-01 01:19:41,091 gamma = 0.1
2015-07-01 01:19:41,091 individual factor = 10
2015-07-01 01:19:41,091 zero range = 0.01
2015-07-01 01:19:41,091 greedy level = 5
2015-07-01 01:19:41,091 

2015-07-01 01:19:45,969 Starting Training from 2014-12-17 to 2015-01-01
2015-07-01 01:31:21,437 Starting Live from 2015-01-02 to 2015-02-01
2015-07-01 02:00:54,872 Starting Training from 2015-01-17 to 2015-02-01
2015-07-01 02:02:28,068 Starting Live from 2015-02-02 to 2015-03-04
2015-07-01 02:28:59,799 Starting Training from 2015-02-17 to 2015-03-04
2015-07-01 02:30:54,401 Starting Live from 2015-03-05 to 2015-04-04
2015-07-01 02:56:24,920 Starting Training from 2015-03-20 to 2015-04-04
2015-07-01 02:57:32,134 Starting Live from 2015-04-05 to 2015-04-10
2015-07-01 03:05:44,878 Starting Q Learning for : 
2015-07-01 03:05:44,878 alpha = 0.2
2015-07-01 03:05:44,878 gamma = 0.2
2015-07-01 03:05:44,878 individual factor = 10
2015-07-01 03:05:44,878 zero range = 0.01
2015-07-01 03:05:44,878 greedy level = 5
2015-07-01 03:05:44,878 

2015-07-01 03:05:50,569 Starting Training from 2014-12-17 to 2015-01-01
2015-07-01 03:16:59,713 Starting Live from 2015-01-02 to 2015-02-01
2015-07-01 03:46:46,631 Starting Training from 2015-01-17 to 2015-02-01
2015-07-01 03:48:55,095 Starting Live from 2015-02-02 to 2015-03-04
2015-07-01 04:16:12,951 Starting Training from 2015-02-17 to 2015-03-04
2015-07-01 04:18:01,562 Starting Live from 2015-03-05 to 2015-04-04
2015-07-01 04:43:41,815 Starting Training from 2015-03-20 to 2015-04-04
2015-07-01 04:44:50,443 Starting Live from 2015-04-05 to 2015-04-10
2015-07-01 04:52:17,973 Starting Q Learning for : 
2015-07-01 04:52:17,973 alpha = 0.2
2015-07-01 04:52:17,973 gamma = 0.3
2015-07-01 04:52:17,973 individual factor = 10
2015-07-01 04:52:17,973 zero range = 0.01
2015-07-01 04:52:17,973 greedy level = 5
2015-07-01 04:52:17,973 

2015-07-01 04:52:23,400 Starting Training from 2014-12-17 to 2015-01-01
2015-07-01 05:04:01,032 Starting Live from 2015-01-02 to 2015-02-01
2015-07-01 05:32:52,421 Starting Training from 2015-01-17 to 2015-02-01
2015-07-01 05:34:25,980 Starting Live from 2015-02-02 to 2015-03-04
2015-07-01 06:00:53,154 Starting Training from 2015-02-17 to 2015-03-04
2015-07-01 06:03:00,986 Starting Live from 2015-03-05 to 2015-04-04
2015-07-01 06:29:33,157 Starting Training from 2015-03-20 to 2015-04-04
2015-07-01 06:30:38,769 Starting Live from 2015-04-05 to 2015-04-10
2015-07-01 06:38:16,747 Starting Q Learning for : 
2015-07-01 06:38:16,749 alpha = 0.2
2015-07-01 06:38:16,749 gamma = 0.4
2015-07-01 06:38:16,749 individual factor = 10
2015-07-01 06:38:16,749 zero range = 0.01
2015-07-01 06:38:16,749 greedy level = 5
2015-07-01 06:38:16,749 

2015-07-01 06:38:22,335 Starting Training from 2014-12-17 to 2015-01-01
2015-07-01 06:49:54,197 Starting Live from 2015-01-02 to 2015-02-01
2015-07-01 07:19:08,026 Starting Training from 2015-01-17 to 2015-02-01
2015-07-01 07:20:41,601 Starting Live from 2015-02-02 to 2015-03-04
2015-07-01 07:46:57,618 Starting Training from 2015-02-17 to 2015-03-04
2015-07-01 07:48:42,947 Starting Live from 2015-03-05 to 2015-04-04
2015-07-01 08:13:55,726 Starting Training from 2015-03-20 to 2015-04-04
2015-07-01 08:15:02,793 Starting Live from 2015-04-05 to 2015-04-10
2015-07-01 08:23:21,788 Starting Q Learning for : 
2015-07-01 08:23:21,788 alpha = 0.2
2015-07-01 08:23:21,788 gamma = 0.5
2015-07-01 08:23:21,788 individual factor = 10
2015-07-01 08:23:21,788 zero range = 0.01
2015-07-01 08:23:21,788 greedy level = 5
2015-07-01 08:23:21,788 

2015-07-01 08:23:28,226 Starting Training from 2014-12-17 to 2015-01-01
2015-07-01 08:34:23,720 Starting Live from 2015-01-02 to 2015-02-01
2015-07-01 09:03:17,573 Starting Training from 2015-01-17 to 2015-02-01
2015-07-01 09:05:13,007 Starting Live from 2015-02-02 to 2015-03-04
2015-07-01 09:31:58,167 Starting Training from 2015-02-17 to 2015-03-04
2015-07-01 09:33:48,549 Starting Live from 2015-03-05 to 2015-04-04
2015-07-01 09:58:44,430 Starting Training from 2015-03-20 to 2015-04-04
2015-07-01 09:59:52,062 Starting Live from 2015-04-05 to 2015-04-10
2015-07-01 10:06:56,869 Starting Q Learning for : 
2015-07-01 10:06:56,869 alpha = 0.2
2015-07-01 10:06:56,869 gamma = 0.6
2015-07-01 10:06:56,869 individual factor = 10
2015-07-01 10:06:56,869 zero range = 0.01
2015-07-01 10:06:56,869 greedy level = 5
2015-07-01 10:06:56,871 

2015-07-01 10:07:02,740 Starting Training from 2014-12-17 to 2015-01-01
2015-07-01 10:18:32,058 Starting Live from 2015-01-02 to 2015-02-01
2015-07-01 10:46:53,805 Starting Training from 2015-01-17 to 2015-02-01
2015-07-01 10:48:28,918 Starting Live from 2015-02-02 to 2015-03-04
2015-07-01 11:13:58,259 Starting Training from 2015-02-17 to 2015-03-04
2015-07-01 11:15:41,786 Starting Live from 2015-03-05 to 2015-04-04
2015-07-01 11:39:31,611 Starting Training from 2015-03-20 to 2015-04-04
2015-07-01 11:40:34,773 Starting Live from 2015-04-05 to 2015-04-10
2015-07-01 11:48:27,536 Starting Q Learning for : 
2015-07-01 11:48:27,536 alpha = 0.2
2015-07-01 11:48:27,536 gamma = 0.7
2015-07-01 11:48:27,536 individual factor = 10
2015-07-01 11:48:27,536 zero range = 0.01
2015-07-01 11:48:27,536 greedy level = 5
2015-07-01 11:48:27,536 

2015-07-01 11:48:32,476 Starting Training from 2014-12-17 to 2015-01-01
2015-07-01 11:58:46,999 Starting Live from 2015-01-02 to 2015-02-01
2015-07-01 12:26:20,315 Starting Training from 2015-01-17 to 2015-02-01
2015-07-01 12:27:50,506 Starting Live from 2015-02-02 to 2015-03-04
2015-07-01 12:51:55,510 Starting Training from 2015-02-17 to 2015-03-04
2015-07-01 12:54:02,763 Starting Live from 2015-03-05 to 2015-04-04
2015-07-01 13:16:14,931 Starting Training from 2015-03-20 to 2015-04-04
2015-07-01 13:17:21,732 Starting Live from 2015-04-05 to 2015-04-10
2015-07-01 13:24:02,210 Starting Q Learning for : 
2015-07-01 13:24:02,210 alpha = 0.2
2015-07-01 13:24:02,210 gamma = 0.8
2015-07-01 13:24:02,210 individual factor = 10
2015-07-01 13:24:02,210 zero range = 0.01
2015-07-01 13:24:02,211 greedy level = 5
2015-07-01 13:24:02,211 

2015-07-01 13:24:07,121 Starting Training from 2014-12-17 to 2015-01-01
2015-07-01 13:33:46,035 Starting Live from 2015-01-02 to 2015-02-01
2015-07-01 13:59:51,016 Starting Training from 2015-01-17 to 2015-02-01
2015-07-01 14:01:42,052 Starting Live from 2015-02-02 to 2015-03-04
2015-07-01 14:25:07,595 Starting Training from 2015-02-17 to 2015-03-04
2015-07-01 14:26:53,568 Starting Live from 2015-03-05 to 2015-04-04
2015-07-01 14:48:55,828 Starting Training from 2015-03-20 to 2015-04-04
2015-07-01 14:49:52,766 Starting Live from 2015-04-05 to 2015-04-10
