2015-06-23 14:31:18,444 Starting Q Learning for : 
2015-06-23 14:31:18,444 alpha = 0.5
2015-06-23 14:31:18,444 gamma = 0.1
2015-06-23 14:31:18,444 individual factor = 8
2015-06-23 14:31:18,444 zero range = 0.006
2015-06-23 14:31:18,444 greedy level = 5
2015-06-23 14:31:18,444 

2015-06-23 14:31:30,466 Starting Training from 2014-12-17 to 2015-01-01
2015-06-23 14:44:52,263 Starting Live from 2015-01-02 to 2015-02-01
2015-06-23 15:14:21,694 Starting Training from 2015-01-17 to 2015-02-01
2015-06-23 15:16:33,160 Starting Live from 2015-02-02 to 2015-03-04
2015-06-23 15:57:06,782 Starting Training from 2015-02-17 to 2015-03-04
2015-06-23 16:00:05,295 Starting Live from 2015-03-05 to 2015-04-04
2015-06-23 17:35:49,607 Starting Training from 2015-03-20 to 2015-04-04
2015-06-23 17:37:18,128 Starting Live from 2015-04-05 to 2015-04-10
2015-06-23 18:01:09,081 Starting Q Learning for : 
2015-06-23 18:01:09,081 alpha = 0.5
2015-06-23 18:01:09,081 gamma = 0.2
2015-06-23 18:01:09,081 individual factor = 8
2015-06-23 18:01:09,081 zero range = 0.006
2015-06-23 18:01:09,081 greedy level = 5
2015-06-23 18:01:09,081 

2015-06-23 18:01:14,420 Starting Training from 2014-12-17 to 2015-01-01
2015-06-23 18:15:03,940 Starting Live from 2015-01-02 to 2015-02-01
2015-06-23 18:44:47,651 Starting Training from 2015-01-17 to 2015-02-01
2015-06-23 18:46:38,026 Starting Live from 2015-02-02 to 2015-03-04
2015-06-23 19:37:01,805 Starting Training from 2015-02-17 to 2015-03-04
2015-06-23 19:39:38,276 Starting Live from 2015-03-05 to 2015-04-04
2015-06-24 00:34:16,061 Starting Q Learning for : 
2015-06-24 00:34:16,061 alpha = 0.5
2015-06-24 00:34:16,061 gamma = 0.1
2015-06-24 00:34:16,061 individual factor = 8
2015-06-24 00:34:16,061 zero range = 0.006
2015-06-24 00:34:16,061 greedy level = 5
2015-06-24 00:34:16,061 

2015-06-24 00:34:22,000 Starting Training from 2014-12-17 to 2015-01-01
2015-06-24 00:45:43,450 Starting Live from 2015-01-02 to 2015-02-01
2015-06-24 01:11:31,877 Starting Training from 2015-01-17 to 2015-02-01
2015-06-24 01:13:00,749 Starting Live from 2015-02-02 to 2015-03-04
2015-06-24 01:52:36,387 Starting Training from 2015-02-17 to 2015-03-04
2015-06-24 01:55:19,289 Starting Live from 2015-03-05 to 2015-04-04
2015-06-24 02:51:36,723 Starting Training from 2015-03-20 to 2015-04-04
2015-06-24 02:52:50,441 Starting Live from 2015-04-05 to 2015-04-10
2015-06-24 03:04:57,494 Starting Q Learning for : 
2015-06-24 03:04:57,494 alpha = 0.5
2015-06-24 03:04:57,494 gamma = 0.2
2015-06-24 03:04:57,494 individual factor = 8
2015-06-24 03:04:57,494 zero range = 0.006
2015-06-24 03:04:57,494 greedy level = 5
2015-06-24 03:04:57,494 

2015-06-24 03:05:04,499 Starting Training from 2014-12-17 to 2015-01-01
2015-06-24 03:17:26,283 Starting Live from 2015-01-02 to 2015-02-01
2015-06-24 03:43:47,345 Starting Training from 2015-01-17 to 2015-02-01
2015-06-24 03:45:21,375 Starting Live from 2015-02-02 to 2015-03-04
2015-06-24 04:19:15,282 Starting Training from 2015-02-17 to 2015-03-04
2015-06-24 04:21:20,934 Starting Live from 2015-03-05 to 2015-04-04
2015-06-24 05:10:26,098 Starting Training from 2015-03-20 to 2015-04-04
2015-06-24 05:11:41,117 Starting Live from 2015-04-05 to 2015-04-10
2015-06-24 05:24:03,700 Starting Q Learning for : 
2015-06-24 05:24:03,700 alpha = 0.5
2015-06-24 05:24:03,700 gamma = 0.3
2015-06-24 05:24:03,700 individual factor = 8
2015-06-24 05:24:03,700 zero range = 0.006
2015-06-24 05:24:03,701 greedy level = 5
2015-06-24 05:24:03,701 

2015-06-24 05:24:07,407 Starting Training from 2014-12-17 to 2015-01-01
2015-06-24 05:36:05,354 Starting Live from 2015-01-02 to 2015-02-01
2015-06-24 06:03:29,369 Starting Training from 2015-01-17 to 2015-02-01
2015-06-24 06:05:08,209 Starting Live from 2015-02-02 to 2015-03-04
2015-06-24 06:40:51,780 Starting Training from 2015-02-17 to 2015-03-04
2015-06-24 06:43:17,825 Starting Live from 2015-03-05 to 2015-04-04
2015-06-24 07:35:40,601 Starting Training from 2015-03-20 to 2015-04-04
2015-06-24 07:37:07,976 Starting Live from 2015-04-05 to 2015-04-10
2015-06-24 07:49:22,530 Starting Q Learning for : 
2015-06-24 07:49:22,530 alpha = 0.5
2015-06-24 07:49:22,530 gamma = 0.4
2015-06-24 07:49:22,530 individual factor = 8
2015-06-24 07:49:22,530 zero range = 0.006
2015-06-24 07:49:22,530 greedy level = 5
2015-06-24 07:49:22,530 

2015-06-24 07:49:27,673 Starting Training from 2014-12-17 to 2015-01-01
2015-06-24 08:00:54,625 Starting Live from 2015-01-02 to 2015-02-01
2015-06-24 08:27:50,247 Starting Training from 2015-01-17 to 2015-02-01
2015-06-24 08:29:29,285 Starting Live from 2015-02-02 to 2015-03-04
2015-06-24 09:01:39,917 Starting Training from 2015-02-17 to 2015-03-04
2015-06-24 09:03:44,213 Starting Live from 2015-03-05 to 2015-04-04
2015-06-24 09:35:25,953 Starting Training from 2015-03-20 to 2015-04-04
2015-06-24 09:36:58,572 Starting Live from 2015-04-05 to 2015-04-10
2015-06-24 09:45:08,434 Starting Q Learning for : 
2015-06-24 09:45:08,434 alpha = 0.5
2015-06-24 09:45:08,434 gamma = 0.5
2015-06-24 09:45:08,434 individual factor = 8
2015-06-24 09:45:08,434 zero range = 0.006
2015-06-24 09:45:08,434 greedy level = 5
2015-06-24 09:45:08,436 

2015-06-24 09:45:13,326 Starting Training from 2014-12-17 to 2015-01-01
2015-06-24 09:57:21,701 Starting Live from 2015-01-02 to 2015-02-01
2015-06-24 10:23:56,865 Starting Training from 2015-01-17 to 2015-02-01
2015-06-24 10:25:30,338 Starting Live from 2015-02-02 to 2015-03-04
2015-06-24 11:00:32,275 Starting Training from 2015-02-17 to 2015-03-04
2015-06-24 11:02:37,397 Starting Live from 2015-03-05 to 2015-04-04
2015-06-24 12:00:30,538 Starting Training from 2015-03-20 to 2015-04-04
2015-06-24 12:02:02,532 Starting Live from 2015-04-05 to 2015-04-10
2015-06-24 12:20:43,828 Starting Q Learning for : 
2015-06-24 12:20:43,828 alpha = 0.5
2015-06-24 12:20:43,828 gamma = 0.6
2015-06-24 12:20:43,828 individual factor = 8
2015-06-24 12:20:43,829 zero range = 0.006
2015-06-24 12:20:43,829 greedy level = 5
2015-06-24 12:20:43,829 

2015-06-24 12:20:48,759 Starting Training from 2014-12-17 to 2015-01-01
2015-06-24 12:33:08,961 Starting Live from 2015-01-02 to 2015-02-01
2015-06-24 13:02:45,615 Starting Training from 2015-01-17 to 2015-02-01
2015-06-24 13:04:39,546 Starting Live from 2015-02-02 to 2015-03-04
2015-06-24 13:42:16,056 Starting Training from 2015-02-17 to 2015-03-04
2015-06-24 13:44:54,663 Starting Live from 2015-03-05 to 2015-04-04
2015-06-24 14:24:57,140 Starting Training from 2015-03-20 to 2015-04-04
2015-06-24 14:26:29,938 Starting Live from 2015-04-05 to 2015-04-10
2015-06-24 14:36:09,144 Starting Q Learning for : 
2015-06-24 14:36:09,144 alpha = 0.5
2015-06-24 14:36:09,144 gamma = 0.7
2015-06-24 14:36:09,144 individual factor = 8
2015-06-24 14:36:09,144 zero range = 0.006
2015-06-24 14:36:09,144 greedy level = 5
2015-06-24 14:36:09,144 

2015-06-24 14:36:14,766 Starting Training from 2014-12-17 to 2015-01-01
2015-06-24 14:49:38,517 Starting Live from 2015-01-02 to 2015-02-01
2015-06-24 15:21:33,492 Starting Training from 2015-01-17 to 2015-02-01
2015-06-24 15:23:28,092 Starting Live from 2015-02-02 to 2015-03-04
2015-06-24 16:01:13,997 Starting Training from 2015-02-17 to 2015-03-04
2015-06-24 16:03:41,444 Starting Live from 2015-03-05 to 2015-04-04
2015-06-24 16:50:22,802 Starting Training from 2015-03-20 to 2015-04-04
2015-06-24 16:52:01,173 Starting Live from 2015-04-05 to 2015-04-10
2015-06-24 17:06:58,141 Starting Q Learning for : 
2015-06-24 17:06:58,141 alpha = 0.6
2015-06-24 17:06:58,141 gamma = 0.6
2015-06-24 17:06:58,141 individual factor = 8
2015-06-24 17:06:58,141 zero range = 0.006
2015-06-24 17:06:58,141 greedy level = 5
2015-06-24 17:06:58,141 

2015-06-24 17:07:04,732 Starting Training from 2014-12-17 to 2015-01-01
2015-06-24 17:20:11,588 Starting Live from 2015-01-02 to 2015-02-01
2015-06-24 17:50:39,648 Starting Training from 2015-01-17 to 2015-02-01
2015-06-24 17:52:30,237 Starting Live from 2015-02-02 to 2015-03-04
2015-06-24 18:30:46,772 Starting Training from 2015-02-17 to 2015-03-04
2015-06-24 18:33:36,509 Starting Live from 2015-03-05 to 2015-04-04
2015-06-24 19:19:56,348 Starting Training from 2015-03-20 to 2015-04-04
2015-06-24 19:21:21,743 Starting Live from 2015-04-05 to 2015-04-10
2015-06-24 19:31:50,160 Starting Q Learning for : 
2015-06-24 19:31:50,160 alpha = 0.6
2015-06-24 19:31:50,160 gamma = 0.7
2015-06-24 19:31:50,160 individual factor = 8
2015-06-24 19:31:50,160 zero range = 0.006
2015-06-24 19:31:50,160 greedy level = 5
2015-06-24 19:31:50,160 

2015-06-24 19:31:56,888 Starting Training from 2014-12-17 to 2015-01-01
2015-06-24 19:45:48,930 Starting Live from 2015-01-02 to 2015-02-01
2015-06-24 20:15:46,693 Starting Training from 2015-01-17 to 2015-02-01
2015-06-24 20:17:33,543 Starting Live from 2015-02-02 to 2015-03-04
2015-06-24 21:01:33,674 Starting Training from 2015-02-17 to 2015-03-04
2015-06-24 21:04:01,187 Starting Live from 2015-03-05 to 2015-04-04
2015-06-24 22:05:22,759 Starting Training from 2015-03-20 to 2015-04-04
2015-06-24 22:06:43,638 Starting Live from 2015-04-05 to 2015-04-10
2015-06-24 22:21:48,032 Starting Q Learning for : 
2015-06-24 22:21:48,032 alpha = 0.6
2015-06-24 22:21:48,032 gamma = 0.8
2015-06-24 22:21:48,032 individual factor = 8
2015-06-24 22:21:48,032 zero range = 0.006
2015-06-24 22:21:48,032 greedy level = 5
2015-06-24 22:21:48,032 

2015-06-24 22:21:54,105 Starting Training from 2014-12-17 to 2015-01-01
2015-06-24 22:34:21,753 Starting Live from 2015-01-02 to 2015-02-01
2015-06-24 23:02:58,869 Starting Training from 2015-01-17 to 2015-02-01
2015-06-24 23:04:37,839 Starting Live from 2015-02-02 to 2015-03-04
2015-06-24 23:38:19,536 Starting Training from 2015-02-17 to 2015-03-04
2015-06-24 23:41:03,253 Starting Live from 2015-03-05 to 2015-04-04
2015-06-25 00:15:54,963 Starting Training from 2015-03-20 to 2015-04-04
2015-06-25 00:17:20,667 Starting Live from 2015-04-05 to 2015-04-10
2015-06-25 00:26:28,332 Starting Q Learning for : 
2015-06-25 00:26:28,332 alpha = 0.2
2015-06-25 00:26:28,332 gamma = 0.1
2015-06-25 00:26:28,332 individual factor = 8
2015-06-25 00:26:28,332 zero range = 0.006
2015-06-25 00:26:28,332 greedy level = 5
2015-06-25 00:26:28,332 

2015-06-25 00:26:33,082 Starting Training from 2014-12-17 to 2015-01-01
2015-06-25 00:38:36,286 Starting Live from 2015-01-02 to 2015-02-01
2015-06-25 01:06:06,177 Starting Training from 2015-01-17 to 2015-02-01
2015-06-25 01:08:14,134 Starting Live from 2015-02-02 to 2015-03-04
2015-06-25 01:45:35,816 Starting Training from 2015-02-17 to 2015-03-04
2015-06-25 01:47:40,430 Starting Live from 2015-03-05 to 2015-04-04
2015-06-25 04:24:45,930 Starting Training from 2015-03-20 to 2015-04-04
2015-06-25 04:26:32,566 Starting Live from 2015-04-05 to 2015-04-10
2015-06-25 05:05:53,187 Starting Q Learning for : 
2015-06-25 05:05:53,188 alpha = 0.2
2015-06-25 05:05:53,188 gamma = 0.2
2015-06-25 05:05:53,188 individual factor = 8
2015-06-25 05:05:53,188 zero range = 0.006
2015-06-25 05:05:53,188 greedy level = 5
2015-06-25 05:05:53,188 

2015-06-25 05:05:58,611 Starting Training from 2014-12-17 to 2015-01-01
2015-06-25 05:18:19,572 Starting Live from 2015-01-02 to 2015-02-01
2015-06-25 05:44:35,523 Starting Training from 2015-01-17 to 2015-02-01
2015-06-25 05:46:09,010 Starting Live from 2015-02-02 to 2015-03-04
2015-06-25 06:19:36,213 Starting Training from 2015-02-17 to 2015-03-04
2015-06-25 06:21:36,410 Starting Live from 2015-03-05 to 2015-04-04
2015-06-25 07:06:34,049 Starting Training from 2015-03-20 to 2015-04-04
2015-06-25 07:07:48,805 Starting Live from 2015-04-05 to 2015-04-10
2015-06-25 07:18:07,566 Starting Q Learning for : 
2015-06-25 07:18:07,566 alpha = 0.2
2015-06-25 07:18:07,566 gamma = 0.3
2015-06-25 07:18:07,566 individual factor = 8
2015-06-25 07:18:07,566 zero range = 0.006
2015-06-25 07:18:07,568 greedy level = 5
2015-06-25 07:18:07,568 

2015-06-25 07:18:13,131 Starting Training from 2014-12-17 to 2015-01-01
2015-06-25 07:30:12,681 Starting Live from 2015-01-02 to 2015-02-01
2015-06-25 07:55:28,778 Starting Training from 2015-01-17 to 2015-02-01
2015-06-25 07:57:01,085 Starting Live from 2015-02-02 to 2015-03-04
2015-06-25 08:30:00,440 Starting Training from 2015-02-17 to 2015-03-04
2015-06-25 08:32:00,137 Starting Live from 2015-03-05 to 2015-04-04
2015-06-25 09:20:22,368 Starting Training from 2015-03-20 to 2015-04-04
2015-06-25 09:21:33,971 Starting Live from 2015-04-05 to 2015-04-10
2015-06-25 09:33:48,483 Starting Q Learning for : 
2015-06-25 09:33:48,483 alpha = 0.2
2015-06-25 09:33:48,483 gamma = 0.4
2015-06-25 09:33:48,483 individual factor = 8
2015-06-25 09:33:48,483 zero range = 0.006
2015-06-25 09:33:48,483 greedy level = 5
2015-06-25 09:33:48,483 

2015-06-25 09:33:55,911 Starting Training from 2014-12-17 to 2015-01-01
2015-06-25 09:44:50,006 Starting Live from 2015-01-02 to 2015-02-01
2015-06-25 10:09:47,868 Starting Training from 2015-01-17 to 2015-02-01
2015-06-25 10:11:16,105 Starting Live from 2015-02-02 to 2015-03-04
2015-06-25 10:45:23,874 Starting Training from 2015-02-17 to 2015-03-04
2015-06-25 10:47:22,289 Starting Live from 2015-03-05 to 2015-04-04
2015-06-25 11:40:01,542 Starting Training from 2015-03-20 to 2015-04-04
2015-06-25 11:41:13,121 Starting Live from 2015-04-05 to 2015-04-10
2015-06-25 11:54:05,683 Starting Q Learning for : 
2015-06-25 11:54:05,683 alpha = 0.4
2015-06-25 11:54:05,683 gamma = 0.2
2015-06-25 11:54:05,684 individual factor = 8
2015-06-25 11:54:05,684 zero range = 0.01
2015-06-25 11:54:05,684 greedy level = 5
2015-06-25 11:54:05,684 

2015-06-25 11:54:11,266 Starting Training from 2014-12-17 to 2015-01-01
2015-06-25 12:05:05,089 Starting Live from 2015-01-02 to 2015-02-01
2015-06-25 12:30:54,842 Starting Training from 2015-01-17 to 2015-02-01
2015-06-25 12:32:30,187 Starting Live from 2015-02-02 to 2015-03-04
2015-06-25 13:05:14,167 Starting Training from 2015-02-17 to 2015-03-04
2015-06-25 13:07:08,104 Starting Live from 2015-03-05 to 2015-04-04
2015-06-25 13:52:02,789 Starting Training from 2015-03-20 to 2015-04-04
2015-06-25 13:53:09,032 Starting Live from 2015-04-05 to 2015-04-10
2015-06-25 14:05:53,677 Starting Q Learning for : 
2015-06-25 14:05:53,677 alpha = 0.4
2015-06-25 14:05:53,677 gamma = 0.3
2015-06-25 14:05:53,677 individual factor = 8
2015-06-25 14:05:53,677 zero range = 0.01
2015-06-25 14:05:53,678 greedy level = 5
2015-06-25 14:05:53,678 

2015-06-25 14:05:58,358 Starting Training from 2014-12-17 to 2015-01-01
2015-06-25 14:16:48,365 Starting Live from 2015-01-02 to 2015-02-01
2015-06-25 14:42:23,012 Starting Training from 2015-01-17 to 2015-02-01
2015-06-25 14:44:01,042 Starting Live from 2015-02-02 to 2015-03-04
2015-06-25 15:15:31,855 Starting Training from 2015-02-17 to 2015-03-04
2015-06-25 15:17:26,490 Starting Live from 2015-03-05 to 2015-04-04
2015-06-25 16:04:03,428 Starting Training from 2015-03-20 to 2015-04-04
2015-06-25 16:05:27,134 Starting Live from 2015-04-05 to 2015-04-10
2015-06-25 16:18:07,711 Starting Q Learning for : 
2015-06-25 16:18:07,713 alpha = 0.4
2015-06-25 16:18:07,713 gamma = 0.4
2015-06-25 16:18:07,713 individual factor = 8
2015-06-25 16:18:07,713 zero range = 0.01
2015-06-25 16:18:07,713 greedy level = 5
2015-06-25 16:18:07,713 

2015-06-25 16:18:12,621 Starting Training from 2014-12-17 to 2015-01-01
2015-06-25 16:29:01,585 Starting Live from 2015-01-02 to 2015-02-01
2015-06-25 16:54:10,628 Starting Training from 2015-01-17 to 2015-02-01
2015-06-25 16:55:47,842 Starting Live from 2015-02-02 to 2015-03-04
2015-06-25 17:26:21,028 Starting Training from 2015-02-17 to 2015-03-04
2015-06-25 17:28:16,516 Starting Live from 2015-03-05 to 2015-04-04
2015-06-25 18:14:38,992 Starting Training from 2015-03-20 to 2015-04-04
2015-06-25 18:15:47,549 Starting Live from 2015-04-05 to 2015-04-10
2015-06-25 18:27:35,778 Starting Q Learning for : 
2015-06-25 18:27:35,778 alpha = 0.4
2015-06-25 18:27:35,779 gamma = 0.5
2015-06-25 18:27:35,779 individual factor = 8
2015-06-25 18:27:35,779 zero range = 0.01
2015-06-25 18:27:35,779 greedy level = 5
2015-06-25 18:27:35,779 

2015-06-25 18:27:39,953 Starting Training from 2014-12-17 to 2015-01-01
2015-06-25 18:38:19,516 Starting Live from 2015-01-02 to 2015-02-01
2015-06-25 19:05:23,720 Starting Training from 2015-01-17 to 2015-02-01
2015-06-25 19:07:13,242 Starting Live from 2015-02-02 to 2015-03-04
2015-06-25 19:48:46,446 Starting Training from 2015-02-17 to 2015-03-04
2015-06-25 19:51:24,864 Starting Live from 2015-03-05 to 2015-04-04
2015-06-25 20:43:35,173 Starting Training from 2015-03-20 to 2015-04-04
2015-06-25 20:45:06,704 Starting Live from 2015-04-05 to 2015-04-10
2015-06-25 20:57:29,306 Starting Q Learning for : 
2015-06-25 20:57:29,308 alpha = 0.4
2015-06-25 20:57:29,308 gamma = 0.6
2015-06-25 20:57:29,308 individual factor = 8
2015-06-25 20:57:29,308 zero range = 0.01
2015-06-25 20:57:29,308 greedy level = 5
2015-06-25 20:57:29,308 

2015-06-25 20:57:36,270 Starting Training from 2014-12-17 to 2015-01-01
2015-06-25 21:10:59,946 Starting Live from 2015-01-02 to 2015-02-01
2015-06-25 21:42:01,446 Starting Training from 2015-01-17 to 2015-02-01
2015-06-25 21:43:54,680 Starting Live from 2015-02-02 to 2015-03-04
2015-06-25 22:25:19,216 Starting Training from 2015-02-17 to 2015-03-04
2015-06-25 22:28:01,467 Starting Live from 2015-03-05 to 2015-04-04
2015-06-25 23:39:14,528 Starting Training from 2015-03-20 to 2015-04-04
2015-06-25 23:40:53,696 Starting Live from 2015-04-05 to 2015-04-10
2015-06-26 00:00:33,913 Starting Q Learning for : 
2015-06-26 00:00:33,913 alpha = 0.4
2015-06-26 00:00:33,913 gamma = 0.7
2015-06-26 00:00:33,913 individual factor = 8
2015-06-26 00:00:33,913 zero range = 0.01
2015-06-26 00:00:33,913 greedy level = 5
2015-06-26 00:00:33,913 

2015-06-26 00:00:41,822 Starting Training from 2014-12-17 to 2015-01-01
2015-06-26 00:15:26,648 Starting Live from 2015-01-02 to 2015-02-01
2015-06-26 00:46:05,565 Starting Training from 2015-01-17 to 2015-02-01
2015-06-26 00:47:53,013 Starting Live from 2015-02-02 to 2015-03-04
2015-06-26 01:29:14,045 Starting Training from 2015-02-17 to 2015-03-04
2015-06-26 01:31:51,118 Starting Live from 2015-03-05 to 2015-04-04
2015-06-26 02:47:11,338 Starting Training from 2015-03-20 to 2015-04-04
2015-06-26 02:49:17,464 Starting Live from 2015-04-05 to 2015-04-10
2015-06-26 03:13:31,914 Starting Q Learning for : 
2015-06-26 03:13:31,914 alpha = 0.4
2015-06-26 03:13:31,914 gamma = 0.8
2015-06-26 03:13:31,914 individual factor = 8
2015-06-26 03:13:31,914 zero range = 0.01
2015-06-26 03:13:31,914 greedy level = 5
2015-06-26 03:13:31,914 

2015-06-26 03:13:39,240 Starting Training from 2014-12-17 to 2015-01-01
2015-06-26 03:28:41,634 Starting Live from 2015-01-02 to 2015-02-01
2015-06-26 04:02:24,196 Starting Training from 2015-01-17 to 2015-02-01
2015-06-26 04:04:24,117 Starting Live from 2015-02-02 to 2015-03-04
2015-06-26 04:47:08,244 Starting Training from 2015-02-17 to 2015-03-04
2015-06-26 04:49:44,868 Starting Live from 2015-03-05 to 2015-04-04
2015-06-26 05:31:21,292 Starting Training from 2015-03-20 to 2015-04-04
2015-06-26 05:32:57,714 Starting Live from 2015-04-05 to 2015-04-10
2015-06-26 05:42:01,440 Starting Q Learning for : 
2015-06-26 05:42:01,440 alpha = 0.2
2015-06-26 05:42:01,440 gamma = 0.7
2015-06-26 05:42:01,440 individual factor = 8
2015-06-26 05:42:01,440 zero range = 0.01
2015-06-26 05:42:01,440 greedy level = 5
2015-06-26 05:42:01,440 

2015-06-26 05:42:07,799 Starting Training from 2014-12-17 to 2015-01-01
2015-06-26 05:57:12,497 Starting Live from 2015-01-02 to 2015-02-01
2015-06-26 06:30:30,825 Starting Training from 2015-01-17 to 2015-02-01
2015-06-26 06:32:48,858 Starting Live from 2015-02-02 to 2015-03-04
2015-06-26 07:14:28,029 Starting Training from 2015-02-17 to 2015-03-04
2015-06-26 07:17:10,667 Starting Live from 2015-03-05 to 2015-04-04
2015-06-26 08:30:23,045 Starting Training from 2015-03-20 to 2015-04-04
2015-06-26 08:32:03,891 Starting Live from 2015-04-05 to 2015-04-10
2015-06-26 08:43:35,342 Starting Q Learning for : 
2015-06-26 08:43:35,342 alpha = 0.2
2015-06-26 08:43:35,342 gamma = 0.8
2015-06-26 08:43:35,342 individual factor = 8
2015-06-26 08:43:35,342 zero range = 0.01
2015-06-26 08:43:35,342 greedy level = 5
2015-06-26 08:43:35,342 

2015-06-26 08:43:41,433 Starting Training from 2014-12-17 to 2015-01-01
2015-06-26 08:58:28,592 Starting Live from 2015-01-02 to 2015-02-01
2015-06-26 09:30:07,486 Starting Training from 2015-01-17 to 2015-02-01
2015-06-26 09:32:23,032 Starting Live from 2015-02-02 to 2015-03-04
2015-06-26 10:13:16,947 Starting Training from 2015-02-17 to 2015-03-04
2015-06-26 10:15:57,563 Starting Live from 2015-03-05 to 2015-04-04
2015-06-26 10:59:34,413 Starting Training from 2015-03-20 to 2015-04-04
2015-06-26 11:01:52,315 Starting Live from 2015-04-05 to 2015-04-10
2015-06-26 11:12:42,861 Starting Q Learning for : 
2015-06-26 11:12:42,861 alpha = 0.8
2015-06-26 11:12:42,861 gamma = 0.1
2015-06-26 11:12:42,861 individual factor = 8
2015-06-26 11:12:42,861 zero range = 0.01
2015-06-26 11:12:42,861 greedy level = 5
2015-06-26 11:12:42,861 

2015-06-26 11:12:49,698 Starting Training from 2014-12-17 to 2015-01-01
2015-06-26 11:27:26,799 Starting Live from 2015-01-02 to 2015-02-01
2015-06-26 11:59:12,744 Starting Training from 2015-01-17 to 2015-02-01
2015-06-26 12:01:06,549 Starting Live from 2015-02-02 to 2015-03-04
2015-06-26 12:42:18,917 Starting Training from 2015-02-17 to 2015-03-04
2015-06-26 12:44:51,187 Starting Live from 2015-03-05 to 2015-04-04
2015-06-26 13:37:40,569 Starting Training from 2015-03-20 to 2015-04-04
2015-06-26 13:39:34,871 Starting Live from 2015-04-05 to 2015-04-10
2015-06-26 13:52:54,772 Starting Q Learning for : 
2015-06-26 13:52:54,772 alpha = 0.8
2015-06-26 13:52:54,772 gamma = 0.2
2015-06-26 13:52:54,772 individual factor = 8
2015-06-26 13:52:54,772 zero range = 0.01
2015-06-26 13:52:54,772 greedy level = 5
2015-06-26 13:52:54,772 

2015-06-26 13:53:00,887 Starting Training from 2014-12-17 to 2015-01-01
2015-06-26 14:07:51,269 Starting Live from 2015-01-02 to 2015-02-01
2015-06-26 14:39:34,615 Starting Training from 2015-01-17 to 2015-02-01
2015-06-26 14:41:40,578 Starting Live from 2015-02-02 to 2015-03-04
2015-06-26 15:26:09,437 Starting Training from 2015-02-17 to 2015-03-04
2015-06-26 15:28:45,446 Starting Live from 2015-03-05 to 2015-04-04
2015-06-26 16:51:00,630 Starting Training from 2015-03-20 to 2015-04-04
2015-06-26 16:52:34,145 Starting Live from 2015-04-05 to 2015-04-10
2015-06-26 17:12:51,493 Starting Q Learning for : 
2015-06-26 17:12:51,493 alpha = 0.8
2015-06-26 17:12:51,493 gamma = 0.3
2015-06-26 17:12:51,494 individual factor = 8
2015-06-26 17:12:51,494 zero range = 0.01
2015-06-26 17:12:51,494 greedy level = 5
2015-06-26 17:12:51,494 

2015-06-26 17:12:58,108 Starting Training from 2014-12-17 to 2015-01-01
2015-06-26 17:27:30,815 Starting Live from 2015-01-02 to 2015-02-01
2015-06-26 17:59:27,089 Starting Training from 2015-01-17 to 2015-02-01
2015-06-26 18:01:23,096 Starting Live from 2015-02-02 to 2015-03-04
2015-06-26 18:42:11,677 Starting Training from 2015-02-17 to 2015-03-04
2015-06-26 18:44:51,180 Starting Live from 2015-03-05 to 2015-04-04
2015-06-26 19:26:11,565 Starting Training from 2015-03-20 to 2015-04-04
2015-06-26 19:27:45,381 Starting Live from 2015-04-05 to 2015-04-10
2015-06-26 19:40:10,203 Starting Q Learning for : 
2015-06-26 19:40:10,203 alpha = 0.8
2015-06-26 19:40:10,203 gamma = 0.4
2015-06-26 19:40:10,203 individual factor = 8
2015-06-26 19:40:10,203 zero range = 0.01
2015-06-26 19:40:10,203 greedy level = 5
2015-06-26 19:40:10,203 

2015-06-26 19:40:17,813 Starting Training from 2014-12-17 to 2015-01-01
2015-06-26 19:54:32,211 Starting Live from 2015-01-02 to 2015-02-01
2015-06-26 20:27:32,203 Starting Training from 2015-01-17 to 2015-02-01
2015-06-26 20:29:39,730 Starting Live from 2015-02-02 to 2015-03-04
2015-06-26 21:15:16,434 Starting Training from 2015-02-17 to 2015-03-04
2015-06-26 21:18:05,497 Starting Live from 2015-03-05 to 2015-04-04
2015-06-26 22:11:47,335 Starting Training from 2015-03-20 to 2015-04-04
2015-06-26 22:13:13,927 Starting Live from 2015-04-05 to 2015-04-10
2015-06-26 22:27:29,989 Starting Q Learning for : 
2015-06-26 22:27:29,989 alpha = 0.8
2015-06-26 22:27:29,989 gamma = 0.5
2015-06-26 22:27:29,989 individual factor = 8
2015-06-26 22:27:29,989 zero range = 0.01
2015-06-26 22:27:29,989 greedy level = 5
2015-06-26 22:27:29,989 

2015-06-26 22:27:36,667 Starting Training from 2014-12-17 to 2015-01-01
2015-06-26 22:41:57,954 Starting Live from 2015-01-02 to 2015-02-01
2015-06-26 23:14:54,209 Starting Training from 2015-01-17 to 2015-02-01
2015-06-26 23:16:52,359 Starting Live from 2015-02-02 to 2015-03-04
2015-06-26 23:58:49,438 Starting Training from 2015-02-17 to 2015-03-04
2015-06-27 00:01:28,059 Starting Live from 2015-03-05 to 2015-04-04
2015-06-27 01:02:43,686 Starting Training from 2015-03-20 to 2015-04-04
2015-06-27 01:04:21,267 Starting Live from 2015-04-05 to 2015-04-10
