2015-06-20 02:08:51,680 Starting Q Learning for : 
2015-06-20 02:08:51,680 alpha = 0.5
2015-06-20 02:08:51,681 gamma = 0.2
2015-06-20 02:08:51,681 individual factor = 8
2015-06-20 02:08:51,681 zero range = 0.002
2015-06-20 02:08:51,681 greedy level = 5
2015-06-20 02:08:51,681 

2015-06-20 02:09:02,447 Starting Training from 2014-12-17 to 2015-01-01
2015-06-20 02:18:26,040 Starting Live from 2015-01-02 to 2015-02-01
2015-06-20 02:40:19,216 Starting Training from 2015-01-17 to 2015-02-01
2015-06-20 02:41:25,391 Starting Live from 2015-02-02 to 2015-03-04
2015-06-20 03:07:08,598 Starting Training from 2015-02-17 to 2015-03-04
2015-06-20 03:09:06,407 Starting Live from 2015-03-05 to 2015-04-04
2015-06-20 03:32:54,384 Starting Training from 2015-03-20 to 2015-04-04
2015-06-20 03:34:09,308 Starting Live from 2015-04-05 to 2015-04-10
2015-06-20 03:41:01,102 Starting Q Learning for : 
2015-06-20 03:41:01,102 alpha = 0.5
2015-06-20 03:41:01,102 gamma = 0.4
2015-06-20 03:41:01,102 individual factor = 8
2015-06-20 03:41:01,102 zero range = 0.002
2015-06-20 03:41:01,102 greedy level = 5
2015-06-20 03:41:01,102 

2015-06-20 03:41:07,305 Starting Training from 2014-12-17 to 2015-01-01
2015-06-20 03:50:48,961 Starting Live from 2015-01-02 to 2015-02-01
2015-06-20 04:13:44,938 Starting Training from 2015-01-17 to 2015-02-01
2015-06-20 04:14:56,609 Starting Live from 2015-02-02 to 2015-03-04
2015-06-20 04:41:02,193 Starting Training from 2015-02-17 to 2015-03-04
2015-06-20 04:42:37,532 Starting Live from 2015-03-05 to 2015-04-04
2015-06-20 05:06:17,405 Starting Training from 2015-03-20 to 2015-04-04
2015-06-20 05:07:37,819 Starting Live from 2015-04-05 to 2015-04-10
2015-06-20 05:14:40,565 Starting Q Learning for : 
2015-06-20 05:14:40,565 alpha = 0.5
2015-06-20 05:14:40,565 gamma = 0.6
2015-06-20 05:14:40,565 individual factor = 8
2015-06-20 05:14:40,565 zero range = 0.002
2015-06-20 05:14:40,565 greedy level = 5
2015-06-20 05:14:40,565 

2015-06-20 05:14:48,677 Starting Training from 2014-12-17 to 2015-01-01
2015-06-20 05:24:25,476 Starting Live from 2015-01-02 to 2015-02-01
2015-06-20 05:46:58,365 Starting Training from 2015-01-17 to 2015-02-01
2015-06-20 05:48:09,303 Starting Live from 2015-02-02 to 2015-03-04
2015-06-20 06:14:29,670 Starting Training from 2015-02-17 to 2015-03-04
2015-06-20 06:16:03,332 Starting Live from 2015-03-05 to 2015-04-04
2015-06-20 06:40:13,707 Starting Training from 2015-03-20 to 2015-04-04
2015-06-20 06:41:49,892 Starting Live from 2015-04-05 to 2015-04-10
2015-06-20 06:49:06,788 Starting Q Learning for : 
2015-06-20 06:49:06,788 alpha = 0.5
2015-06-20 06:49:06,788 gamma = 0.8
2015-06-20 06:49:06,788 individual factor = 8
2015-06-20 06:49:06,788 zero range = 0.002
2015-06-20 06:49:06,789 greedy level = 5
2015-06-20 06:49:06,789 

2015-06-20 06:49:11,707 Starting Training from 2014-12-17 to 2015-01-01
2015-06-20 06:58:26,622 Starting Live from 2015-01-02 to 2015-02-01
2015-06-20 07:20:30,658 Starting Training from 2015-01-17 to 2015-02-01
2015-06-20 07:21:41,346 Starting Live from 2015-02-02 to 2015-03-04
2015-06-20 07:42:17,700 Starting Training from 2015-02-17 to 2015-03-04
2015-06-20 07:45:26,585 Starting Live from 2015-03-05 to 2015-04-04
2015-06-20 08:01:18,151 Starting Training from 2015-03-20 to 2015-04-04
2015-06-20 08:05:04,670 Starting Live from 2015-04-05 to 2015-04-10
