2015-06-25 19:28:14,388 Starting Q Learning for : 
2015-06-25 19:28:14,388 alpha = 0.5
2015-06-25 19:28:14,388 gamma = 0.1
2015-06-25 19:28:14,388 individual factor = 8
2015-06-25 19:28:14,388 zero range = 0.01
2015-06-25 19:28:14,388 greedy level = 5
2015-06-25 19:28:14,388 

2015-06-25 19:28:23,937 Starting Training from 2014-12-17 to 2015-01-01
2015-06-25 19:40:13,243 Starting Live from 2015-01-02 to 2015-02-01
2015-06-25 20:03:30,154 Starting Training from 2015-01-17 to 2015-02-01
2015-06-25 20:04:40,167 Starting Live from 2015-02-02 to 2015-03-04
2015-06-25 20:31:06,105 Starting Training from 2015-02-17 to 2015-03-04
2015-06-25 20:33:55,868 Starting Live from 2015-03-05 to 2015-04-04
2015-06-25 21:06:46,940 Starting Training from 2015-03-20 to 2015-04-04
2015-06-25 21:08:44,621 Starting Live from 2015-04-05 to 2015-04-10
2015-06-25 21:19:22,946 Starting Q Learning for : 
2015-06-25 21:19:22,946 alpha = 0.5
2015-06-25 21:19:22,946 gamma = 0.2
2015-06-25 21:19:22,946 individual factor = 8
2015-06-25 21:19:22,946 zero range = 0.01
2015-06-25 21:19:22,946 greedy level = 5
2015-06-25 21:19:22,946 

2015-06-25 21:19:32,516 Starting Training from 2014-12-17 to 2015-01-01
2015-06-25 21:30:41,413 Starting Live from 2015-01-02 to 2015-02-01
2015-06-25 21:54:26,177 Starting Training from 2015-01-17 to 2015-02-01
2015-06-25 21:55:44,532 Starting Live from 2015-02-02 to 2015-03-04
2015-06-25 22:26:11,453 Starting Training from 2015-02-17 to 2015-03-04
2015-06-25 22:27:59,191 Starting Live from 2015-03-05 to 2015-04-04
2015-06-25 23:07:04,135 Starting Training from 2015-03-20 to 2015-04-04
2015-06-25 23:08:56,733 Starting Live from 2015-04-05 to 2015-04-10
2015-06-25 23:20:40,362 Starting Q Learning for : 
2015-06-25 23:20:40,364 alpha = 0.5
2015-06-25 23:20:40,364 gamma = 0.3
2015-06-25 23:20:40,364 individual factor = 8
2015-06-25 23:20:40,364 zero range = 0.01
2015-06-25 23:20:40,364 greedy level = 5
2015-06-25 23:20:40,364 

2015-06-25 23:20:48,971 Starting Training from 2014-12-17 to 2015-01-01
2015-06-25 23:33:24,315 Starting Live from 2015-01-02 to 2015-02-01
2015-06-25 23:58:17,017 Starting Training from 2015-01-17 to 2015-02-01
2015-06-25 23:59:29,467 Starting Live from 2015-02-02 to 2015-03-04
2015-06-26 00:28:58,957 Starting Training from 2015-02-17 to 2015-03-04
2015-06-26 00:30:42,403 Starting Live from 2015-03-05 to 2015-04-04
2015-06-26 01:06:08,436 Starting Training from 2015-03-20 to 2015-04-04
2015-06-26 01:07:26,480 Starting Live from 2015-04-05 to 2015-04-10
2015-06-26 01:18:06,653 Starting Q Learning for : 
2015-06-26 01:18:06,653 alpha = 0.5
2015-06-26 01:18:06,653 gamma = 0.4
2015-06-26 01:18:06,653 individual factor = 8
2015-06-26 01:18:06,653 zero range = 0.01
2015-06-26 01:18:06,653 greedy level = 5
2015-06-26 01:18:06,653 

2015-06-26 01:18:12,280 Starting Training from 2014-12-17 to 2015-01-01
2015-06-26 01:30:58,756 Starting Live from 2015-01-02 to 2015-02-01
2015-06-26 01:55:20,323 Starting Training from 2015-01-17 to 2015-02-01
2015-06-26 01:56:31,845 Starting Live from 2015-02-02 to 2015-03-04
2015-06-26 02:26:47,220 Starting Training from 2015-02-17 to 2015-03-04
2015-06-26 02:29:04,313 Starting Live from 2015-03-05 to 2015-04-04
2015-06-26 03:05:08,043 Starting Training from 2015-03-20 to 2015-04-04
2015-06-26 03:06:28,756 Starting Live from 2015-04-05 to 2015-04-10
2015-06-26 03:17:40,438 Starting Q Learning for : 
2015-06-26 03:17:40,440 alpha = 0.5
2015-06-26 03:17:40,440 gamma = 0.5
2015-06-26 03:17:40,440 individual factor = 8
2015-06-26 03:17:40,440 zero range = 0.01
2015-06-26 03:17:40,440 greedy level = 5
2015-06-26 03:17:40,440 

2015-06-26 03:17:45,780 Starting Training from 2014-12-17 to 2015-01-01
2015-06-26 03:30:30,375 Starting Live from 2015-01-02 to 2015-02-01
2015-06-26 03:55:22,878 Starting Training from 2015-01-17 to 2015-02-01
2015-06-26 03:57:03,598 Starting Live from 2015-02-02 to 2015-03-04
2015-06-26 04:27:23,332 Starting Training from 2015-02-17 to 2015-03-04
2015-06-26 04:29:08,424 Starting Live from 2015-03-05 to 2015-04-04
2015-06-26 05:05:15,053 Starting Training from 2015-03-20 to 2015-04-04
2015-06-26 05:06:39,486 Starting Live from 2015-04-05 to 2015-04-10
2015-06-26 05:16:59,559 Starting Q Learning for : 
2015-06-26 05:16:59,559 alpha = 0.5
2015-06-26 05:16:59,559 gamma = 0.6
2015-06-26 05:16:59,559 individual factor = 8
2015-06-26 05:16:59,559 zero range = 0.01
2015-06-26 05:16:59,559 greedy level = 5
2015-06-26 05:16:59,559 

2015-06-26 05:17:05,467 Starting Training from 2014-12-17 to 2015-01-01
2015-06-26 05:30:11,959 Starting Live from 2015-01-02 to 2015-02-01
2015-06-26 05:53:50,926 Starting Training from 2015-01-17 to 2015-02-01
2015-06-26 05:55:10,460 Starting Live from 2015-02-02 to 2015-03-04
2015-06-26 06:21:26,352 Starting Training from 2015-02-17 to 2015-03-04
2015-06-26 06:24:43,720 Starting Live from 2015-03-05 to 2015-04-04
2015-06-26 06:58:40,470 Starting Training from 2015-03-20 to 2015-04-04
2015-06-26 07:00:00,441 Starting Live from 2015-04-05 to 2015-04-10
2015-06-26 07:09:25,927 Starting Q Learning for : 
2015-06-26 07:09:25,927 alpha = 0.5
2015-06-26 07:09:25,927 gamma = 0.7
2015-06-26 07:09:25,927 individual factor = 8
2015-06-26 07:09:25,927 zero range = 0.01
2015-06-26 07:09:25,927 greedy level = 5
2015-06-26 07:09:25,927 

2015-06-26 07:09:32,226 Starting Training from 2014-12-17 to 2015-01-01
2015-06-26 07:22:02,516 Starting Live from 2015-01-02 to 2015-02-01
2015-06-26 07:45:29,647 Starting Training from 2015-01-17 to 2015-02-01
2015-06-26 07:46:43,436 Starting Live from 2015-02-02 to 2015-03-04
2015-06-26 08:10:21,811 Starting Training from 2015-02-17 to 2015-03-04
2015-06-26 08:14:09,387 Starting Live from 2015-03-05 to 2015-04-04
2015-06-26 08:41:32,154 Starting Training from 2015-03-20 to 2015-04-04
2015-06-26 08:43:25,686 Starting Live from 2015-04-05 to 2015-04-10
2015-06-26 08:51:40,542 Starting Q Learning for : 
2015-06-26 08:51:40,542 alpha = 0.5
2015-06-26 08:51:40,542 gamma = 0.8
2015-06-26 08:51:40,542 individual factor = 8
2015-06-26 08:51:40,542 zero range = 0.01
2015-06-26 08:51:40,542 greedy level = 5
2015-06-26 08:51:40,542 

2015-06-26 08:51:45,710 Starting Training from 2014-12-17 to 2015-01-01
2015-06-26 09:03:42,976 Starting Live from 2015-01-02 to 2015-02-01
2015-06-26 09:24:08,576 Starting Training from 2015-01-17 to 2015-02-01
2015-06-26 09:25:24,592 Starting Live from 2015-02-02 to 2015-03-04
2015-06-26 09:41:32,773 Starting Training from 2015-02-17 to 2015-03-04
2015-06-26 09:46:46,020 Starting Live from 2015-03-05 to 2015-04-04
2015-06-26 10:07:13,332 Starting Training from 2015-03-20 to 2015-04-04
2015-06-26 10:10:20,359 Starting Live from 2015-04-05 to 2015-04-10
2015-06-26 10:16:39,532 Starting Q Learning for : 
2015-06-26 10:16:39,533 alpha = 0.6
2015-06-26 10:16:39,533 gamma = 0.1
2015-06-26 10:16:39,533 individual factor = 8
2015-06-26 10:16:39,533 zero range = 0.01
2015-06-26 10:16:39,533 greedy level = 5
2015-06-26 10:16:39,533 

2015-06-26 10:16:47,030 Starting Training from 2014-12-17 to 2015-01-01
2015-06-26 10:28:59,157 Starting Live from 2015-01-02 to 2015-02-01
2015-06-26 10:52:43,698 Starting Training from 2015-01-17 to 2015-02-01
2015-06-26 10:53:56,792 Starting Live from 2015-02-02 to 2015-03-04
2015-06-26 11:22:11,334 Starting Training from 2015-02-17 to 2015-03-04
2015-06-26 11:24:23,513 Starting Live from 2015-03-05 to 2015-04-04
2015-06-26 11:57:58,022 Starting Training from 2015-03-20 to 2015-04-04
2015-06-26 11:59:29,542 Starting Live from 2015-04-05 to 2015-04-10
2015-06-26 12:09:28,464 Starting Q Learning for : 
2015-06-26 12:09:28,464 alpha = 0.6
2015-06-26 12:09:28,464 gamma = 0.2
2015-06-26 12:09:28,464 individual factor = 8
2015-06-26 12:09:28,464 zero range = 0.01
2015-06-26 12:09:28,464 greedy level = 5
2015-06-26 12:09:28,464 

2015-06-26 12:09:35,900 Starting Training from 2014-12-17 to 2015-01-01
2015-06-26 12:21:40,312 Starting Live from 2015-01-02 to 2015-02-01
2015-06-26 12:45:32,198 Starting Training from 2015-01-17 to 2015-02-01
2015-06-26 12:46:41,431 Starting Live from 2015-02-02 to 2015-03-04
2015-06-26 13:16:41,835 Starting Training from 2015-02-17 to 2015-03-04
2015-06-26 13:18:32,681 Starting Live from 2015-03-05 to 2015-04-04
2015-06-26 13:57:20,473 Starting Training from 2015-03-20 to 2015-04-04
2015-06-26 13:59:08,924 Starting Live from 2015-04-05 to 2015-04-10
2015-06-26 14:11:59,020 Starting Q Learning for : 
2015-06-26 14:11:59,022 alpha = 0.4
2015-06-26 14:11:59,022 gamma = 0.5
2015-06-26 14:11:59,022 individual factor = 8
2015-06-26 14:11:59,022 zero range = 0.01
2015-06-26 14:11:59,022 greedy level = 5
2015-06-26 14:11:59,022 

2015-06-26 14:12:05,323 Starting Training from 2014-12-17 to 2015-01-01
2015-06-26 14:24:28,315 Starting Live from 2015-01-02 to 2015-02-01
2015-06-26 14:48:54,336 Starting Training from 2015-01-17 to 2015-02-01
2015-06-26 14:50:08,500 Starting Live from 2015-02-02 to 2015-03-04
2015-06-26 15:21:20,104 Starting Training from 2015-02-17 to 2015-03-04
2015-06-26 15:23:10,776 Starting Live from 2015-03-05 to 2015-04-04
2015-06-26 16:09:38,917 Starting Training from 2015-03-20 to 2015-04-04
2015-06-26 16:11:24,193 Starting Live from 2015-04-05 to 2015-04-10
2015-06-26 16:24:06,025 Starting Q Learning for : 
2015-06-26 16:24:06,025 alpha = 0.4
2015-06-26 16:24:06,025 gamma = 0.6
2015-06-26 16:24:06,025 individual factor = 8
2015-06-26 16:24:06,025 zero range = 0.01
2015-06-26 16:24:06,025 greedy level = 5
2015-06-26 16:24:06,025 

2015-06-26 16:24:12,839 Starting Training from 2014-12-17 to 2015-01-01
2015-06-26 16:35:58,607 Starting Live from 2015-01-02 to 2015-02-01
2015-06-26 17:00:02,849 Starting Training from 2015-01-17 to 2015-02-01
2015-06-26 17:01:36,056 Starting Live from 2015-02-02 to 2015-03-04
2015-06-26 17:29:38,430 Starting Training from 2015-02-17 to 2015-03-04
2015-06-26 17:31:25,828 Starting Live from 2015-03-05 to 2015-04-04
2015-06-26 18:03:18,671 Starting Training from 2015-03-20 to 2015-04-04
2015-06-26 18:05:09,418 Starting Live from 2015-04-05 to 2015-04-10
2015-06-26 18:15:59,539 Starting Q Learning for : 
2015-06-26 18:15:59,539 alpha = 0.4
2015-06-26 18:15:59,539 gamma = 0.7
2015-06-26 18:15:59,539 individual factor = 8
2015-06-26 18:15:59,539 zero range = 0.01
2015-06-26 18:15:59,539 greedy level = 5
2015-06-26 18:15:59,539 

2015-06-26 18:16:05,803 Starting Training from 2014-12-17 to 2015-01-01
2015-06-26 18:28:09,713 Starting Live from 2015-01-02 to 2015-02-01
2015-06-26 18:52:03,437 Starting Training from 2015-01-17 to 2015-02-01
2015-06-26 18:53:19,164 Starting Live from 2015-02-02 to 2015-03-04
2015-06-26 19:19:54,806 Starting Training from 2015-02-17 to 2015-03-04
2015-06-26 19:23:14,999 Starting Live from 2015-03-05 to 2015-04-04
2015-06-26 19:49:20,973 Starting Training from 2015-03-20 to 2015-04-04
2015-06-26 19:51:22,019 Starting Live from 2015-04-05 to 2015-04-10
2015-06-26 19:58:48,007 Starting Q Learning for : 
2015-06-26 19:58:48,007 alpha = 0.4
2015-06-26 19:58:48,009 gamma = 0.8
2015-06-26 19:58:48,009 individual factor = 8
2015-06-26 19:58:48,009 zero range = 0.01
2015-06-26 19:58:48,009 greedy level = 5
2015-06-26 19:58:48,009 

2015-06-26 19:58:54,826 Starting Training from 2014-12-17 to 2015-01-01
2015-06-26 20:11:32,719 Starting Live from 2015-01-02 to 2015-02-01
2015-06-26 20:32:41,565 Starting Training from 2015-01-17 to 2015-02-01
2015-06-26 20:33:54,815 Starting Live from 2015-02-02 to 2015-03-04
2015-06-26 20:50:59,140 Starting Training from 2015-02-17 to 2015-03-04
2015-06-26 20:56:32,388 Starting Live from 2015-03-05 to 2015-04-04
2015-06-26 21:17:32,831 Starting Training from 2015-03-20 to 2015-04-04
2015-06-26 21:20:34,082 Starting Live from 2015-04-05 to 2015-04-10
2015-06-26 21:26:56,095 Starting Q Learning for : 
2015-06-26 21:26:56,095 alpha = 0.2
2015-06-26 21:26:56,095 gamma = 0.1
2015-06-26 21:26:56,095 individual factor = 8
2015-06-26 21:26:56,095 zero range = 0.01
2015-06-26 21:26:56,095 greedy level = 5
2015-06-26 21:26:56,095 

2015-06-26 21:27:02,608 Starting Training from 2014-12-17 to 2015-01-01
2015-06-26 21:39:59,236 Starting Live from 2015-01-02 to 2015-02-01
2015-06-26 22:04:34,875 Starting Training from 2015-01-17 to 2015-02-01
2015-06-26 22:05:47,000 Starting Live from 2015-02-02 to 2015-03-04
2015-06-26 22:37:21,523 Starting Training from 2015-02-17 to 2015-03-04
2015-06-26 22:39:05,539 Starting Live from 2015-03-05 to 2015-04-04
2015-06-26 23:32:06,493 Starting Training from 2015-03-20 to 2015-04-04
2015-06-26 23:33:41,312 Starting Live from 2015-04-05 to 2015-04-10
2015-06-26 23:47:57,480 Starting Q Learning for : 
2015-06-26 23:47:57,480 alpha = 0.2
2015-06-26 23:47:57,480 gamma = 0.2
2015-06-26 23:47:57,480 individual factor = 8
2015-06-26 23:47:57,480 zero range = 0.01
2015-06-26 23:47:57,480 greedy level = 5
2015-06-26 23:47:57,480 

2015-06-26 23:48:03,851 Starting Training from 2014-12-17 to 2015-01-01
2015-06-27 00:00:59,700 Starting Live from 2015-01-02 to 2015-02-01
2015-06-27 00:25:30,828 Starting Training from 2015-01-17 to 2015-02-01
2015-06-27 00:26:41,191 Starting Live from 2015-02-02 to 2015-03-04
2015-06-27 00:55:46,411 Starting Training from 2015-02-17 to 2015-03-04
2015-06-27 00:57:31,446 Starting Live from 2015-03-05 to 2015-04-04
2015-06-27 01:31:36,493 Starting Training from 2015-03-20 to 2015-04-04
2015-06-27 01:32:52,536 Starting Live from 2015-04-05 to 2015-04-10
2015-06-27 01:42:50,526 Starting Q Learning for : 
2015-06-27 01:42:50,528 alpha = 0.2
2015-06-27 01:42:50,528 gamma = 0.3
2015-06-27 01:42:50,528 individual factor = 8
2015-06-27 01:42:50,528 zero range = 0.01
2015-06-27 01:42:50,528 greedy level = 5
2015-06-27 01:42:50,528 

2015-06-27 01:42:55,548 Starting Training from 2014-12-17 to 2015-01-01
2015-06-27 01:55:45,706 Starting Live from 2015-01-02 to 2015-02-01
2015-06-27 02:20:08,016 Starting Training from 2015-01-17 to 2015-02-01
2015-06-27 02:21:27,436 Starting Live from 2015-02-02 to 2015-03-04
2015-06-27 02:52:23,576 Starting Training from 2015-02-17 to 2015-03-04
2015-06-27 02:54:40,076 Starting Live from 2015-03-05 to 2015-04-04
2015-06-27 03:31:55,104 Starting Training from 2015-03-20 to 2015-04-04
2015-06-27 03:33:42,312 Starting Live from 2015-04-05 to 2015-04-10
2015-06-27 03:45:25,085 Starting Q Learning for : 
2015-06-27 03:45:25,085 alpha = 0.2
2015-06-27 03:45:25,086 gamma = 0.4
2015-06-27 03:45:25,086 individual factor = 8
2015-06-27 03:45:25,086 zero range = 0.01
2015-06-27 03:45:25,086 greedy level = 5
2015-06-27 03:45:25,086 

2015-06-27 03:45:31,730 Starting Training from 2014-12-17 to 2015-01-01
2015-06-27 03:57:31,094 Starting Live from 2015-01-02 to 2015-02-01
2015-06-27 04:21:34,293 Starting Training from 2015-01-17 to 2015-02-01
2015-06-27 04:22:48,921 Starting Live from 2015-02-02 to 2015-03-04
2015-06-27 04:53:34,484 Starting Training from 2015-02-17 to 2015-03-04
2015-06-27 04:55:20,302 Starting Live from 2015-03-05 to 2015-04-04
2015-06-27 05:37:25,523 Starting Training from 2015-03-20 to 2015-04-04
2015-06-27 05:38:46,782 Starting Live from 2015-04-05 to 2015-04-10
2015-06-27 05:50:40,532 Starting Q Learning for : 
2015-06-27 05:50:40,532 alpha = 0.2
2015-06-27 05:50:40,532 gamma = 0.5
2015-06-27 05:50:40,532 individual factor = 8
2015-06-27 05:50:40,532 zero range = 0.01
2015-06-27 05:50:40,532 greedy level = 5
2015-06-27 05:50:40,532 

2015-06-27 05:50:47,614 Starting Training from 2014-12-17 to 2015-01-01
2015-06-27 06:03:32,930 Starting Live from 2015-01-02 to 2015-02-01
2015-06-27 06:27:49,849 Starting Training from 2015-01-17 to 2015-02-01
2015-06-27 06:28:59,688 Starting Live from 2015-02-02 to 2015-03-04
2015-06-27 06:57:17,499 Starting Training from 2015-02-17 to 2015-03-04
2015-06-27 06:58:54,947 Starting Live from 2015-03-05 to 2015-04-04
2015-06-27 07:34:07,288 Starting Training from 2015-03-20 to 2015-04-04
2015-06-27 07:35:44,276 Starting Live from 2015-04-05 to 2015-04-10
2015-06-27 07:45:40,671 Starting Q Learning for : 
2015-06-27 07:45:40,671 alpha = 0.2
2015-06-27 07:45:40,671 gamma = 0.6
2015-06-27 07:45:40,671 individual factor = 8
2015-06-27 07:45:40,671 zero range = 0.01
2015-06-27 07:45:40,671 greedy level = 5
2015-06-27 07:45:40,671 

2015-06-27 07:45:48,167 Starting Training from 2014-12-17 to 2015-01-01
2015-06-27 07:58:29,368 Starting Live from 2015-01-02 to 2015-02-01
2015-06-27 08:23:02,950 Starting Training from 2015-01-17 to 2015-02-01
2015-06-27 08:24:14,976 Starting Live from 2015-02-02 to 2015-03-04
2015-06-27 08:53:08,049 Starting Training from 2015-02-17 to 2015-03-04
2015-06-27 08:54:50,377 Starting Live from 2015-03-05 to 2015-04-04
2015-06-27 09:27:06,069 Starting Training from 2015-03-20 to 2015-04-04
2015-06-27 09:28:37,171 Starting Live from 2015-04-05 to 2015-04-10
2015-06-27 09:37:37,230 Starting Q Learning for : 
2015-06-27 09:37:37,230 alpha = 0.6
2015-06-27 09:37:37,230 gamma = 0.3
2015-06-27 09:37:37,230 individual factor = 8
2015-06-27 09:37:37,230 zero range = 0.006
2015-06-27 09:37:37,230 greedy level = 5
2015-06-27 09:37:37,230 

2015-06-27 09:37:43,780 Starting Training from 2014-12-17 to 2015-01-01
2015-06-27 09:50:03,654 Starting Live from 2015-01-02 to 2015-02-01
2015-06-27 10:13:44,540 Starting Training from 2015-01-17 to 2015-02-01
2015-06-27 10:14:57,726 Starting Live from 2015-02-02 to 2015-03-04
2015-06-27 10:44:31,805 Starting Training from 2015-02-17 to 2015-03-04
2015-06-27 10:46:13,055 Starting Live from 2015-03-05 to 2015-04-04
2015-06-27 11:19:48,053 Starting Training from 2015-03-20 to 2015-04-04
2015-06-27 11:21:14,292 Starting Live from 2015-04-05 to 2015-04-10
2015-06-27 11:30:49,533 Starting Q Learning for : 
2015-06-27 11:30:49,533 alpha = 0.6
2015-06-27 11:30:49,533 gamma = 0.4
2015-06-27 11:30:49,533 individual factor = 8
2015-06-27 11:30:49,533 zero range = 0.006
2015-06-27 11:30:49,533 greedy level = 5
2015-06-27 11:30:49,533 

2015-06-27 11:30:56,266 Starting Training from 2014-12-17 to 2015-01-01
2015-06-27 11:43:17,559 Starting Live from 2015-01-02 to 2015-02-01
2015-06-27 12:06:59,877 Starting Training from 2015-01-17 to 2015-02-01
2015-06-27 12:08:11,543 Starting Live from 2015-02-02 to 2015-03-04
2015-06-27 12:37:43,414 Starting Training from 2015-02-17 to 2015-03-04
2015-06-27 12:39:22,378 Starting Live from 2015-03-05 to 2015-04-04
2015-06-27 13:15:45,177 Starting Training from 2015-03-20 to 2015-04-04
2015-06-27 13:17:06,894 Starting Live from 2015-04-05 to 2015-04-10
2015-06-27 13:27:15,773 Starting Q Learning for : 
2015-06-27 13:27:15,775 alpha = 0.6
2015-06-27 13:27:15,775 gamma = 0.5
2015-06-27 13:27:15,775 individual factor = 8
2015-06-27 13:27:15,775 zero range = 0.006
2015-06-27 13:27:15,775 greedy level = 5
2015-06-27 13:27:15,775 

2015-06-27 13:27:22,588 Starting Training from 2014-12-17 to 2015-01-01
2015-06-27 13:40:00,859 Starting Live from 2015-01-02 to 2015-02-01
2015-06-27 14:03:57,987 Starting Training from 2015-01-17 to 2015-02-01
2015-06-27 14:05:11,766 Starting Live from 2015-02-02 to 2015-03-04
2015-06-27 14:32:22,158 Starting Training from 2015-02-17 to 2015-03-04
2015-06-27 14:33:56,482 Starting Live from 2015-03-05 to 2015-04-04
2015-06-27 15:11:28,454 Starting Training from 2015-03-20 to 2015-04-04
2015-06-27 15:12:47,467 Starting Live from 2015-04-05 to 2015-04-10
2015-06-27 15:24:03,953 Starting Q Learning for : 
2015-06-27 15:24:03,953 alpha = 0.6
2015-06-27 15:24:03,953 gamma = 0.6
2015-06-27 15:24:03,953 individual factor = 8
2015-06-27 15:24:03,953 zero range = 0.006
2015-06-27 15:24:03,953 greedy level = 5
2015-06-27 15:24:03,953 

2015-06-27 15:24:09,875 Starting Training from 2014-12-17 to 2015-01-01
2015-06-27 15:37:27,367 Starting Live from 2015-01-02 to 2015-02-01
2015-06-27 16:02:03,887 Starting Training from 2015-01-17 to 2015-02-01
2015-06-27 16:03:17,062 Starting Live from 2015-02-02 to 2015-03-04
2015-06-27 16:32:43,151 Starting Training from 2015-02-17 to 2015-03-04
2015-06-27 16:34:28,789 Starting Live from 2015-03-05 to 2015-04-04
2015-06-27 17:14:04,305 Starting Training from 2015-03-20 to 2015-04-04
2015-06-27 17:15:21,246 Starting Live from 2015-04-05 to 2015-04-10
2015-06-27 17:26:14,441 Starting Q Learning for : 
2015-06-27 17:26:14,441 alpha = 0.6
2015-06-27 17:26:14,441 gamma = 0.7
2015-06-27 17:26:14,441 individual factor = 8
2015-06-27 17:26:14,441 zero range = 0.006
2015-06-27 17:26:14,441 greedy level = 5
2015-06-27 17:26:14,441 

2015-06-27 17:26:22,959 Starting Training from 2014-12-17 to 2015-01-01
2015-06-27 17:38:03,970 Starting Live from 2015-01-02 to 2015-02-01
2015-06-27 18:00:22,710 Starting Training from 2015-01-17 to 2015-02-01
2015-06-27 18:01:33,950 Starting Live from 2015-02-02 to 2015-03-04
2015-06-27 18:25:21,680 Starting Training from 2015-02-17 to 2015-03-04
2015-06-27 18:29:41,348 Starting Live from 2015-03-05 to 2015-04-04
2015-06-27 18:58:45,588 Starting Training from 2015-03-20 to 2015-04-04
2015-06-27 19:00:59,408 Starting Live from 2015-04-05 to 2015-04-10
2015-06-27 19:08:33,898 Starting Q Learning for : 
2015-06-27 19:08:33,900 alpha = 0.6
2015-06-27 19:08:33,900 gamma = 0.8
2015-06-27 19:08:33,900 individual factor = 8
2015-06-27 19:08:33,900 zero range = 0.006
2015-06-27 19:08:33,900 greedy level = 5
2015-06-27 19:08:33,900 

2015-06-27 19:08:40,358 Starting Training from 2014-12-17 to 2015-01-01
2015-06-27 19:21:36,467 Starting Live from 2015-01-02 to 2015-02-01
2015-06-27 19:42:32,967 Starting Training from 2015-01-17 to 2015-02-01
2015-06-27 19:43:50,217 Starting Live from 2015-02-02 to 2015-03-04
2015-06-27 19:59:01,242 Starting Training from 2015-02-17 to 2015-03-04
2015-06-27 20:04:45,789 Starting Live from 2015-03-05 to 2015-04-04
2015-06-27 20:24:45,157 Starting Training from 2015-03-20 to 2015-04-04
2015-06-27 20:27:40,484 Starting Live from 2015-04-05 to 2015-04-10
2015-06-27 20:33:40,826 Starting Q Learning for : 
2015-06-27 20:33:40,826 alpha = 0.4
2015-06-27 20:33:40,826 gamma = 0.1
2015-06-27 20:33:40,826 individual factor = 8
2015-06-27 20:33:40,826 zero range = 0.006
2015-06-27 20:33:40,826 greedy level = 5
2015-06-27 20:33:40,826 

2015-06-27 20:33:46,996 Starting Training from 2014-12-17 to 2015-01-01
2015-06-27 20:46:02,565 Starting Live from 2015-01-02 to 2015-02-01
2015-06-27 21:10:45,171 Starting Training from 2015-01-17 to 2015-02-01
2015-06-27 21:11:57,063 Starting Live from 2015-02-02 to 2015-03-04
2015-06-27 21:41:36,947 Starting Training from 2015-02-17 to 2015-03-04
2015-06-27 21:43:17,263 Starting Live from 2015-03-05 to 2015-04-04
2015-06-27 22:20:34,173 Starting Training from 2015-03-20 to 2015-04-04
2015-06-27 22:21:53,135 Starting Live from 2015-04-05 to 2015-04-10
2015-06-27 22:32:13,904 Starting Q Learning for : 
2015-06-27 22:32:13,904 alpha = 0.4
2015-06-27 22:32:13,904 gamma = 0.2
2015-06-27 22:32:13,904 individual factor = 8
2015-06-27 22:32:13,905 zero range = 0.006
2015-06-27 22:32:13,905 greedy level = 5
2015-06-27 22:32:13,905 

2015-06-27 22:32:19,793 Starting Training from 2014-12-17 to 2015-01-01
2015-06-27 22:44:29,486 Starting Live from 2015-01-02 to 2015-02-01
2015-06-27 23:07:53,658 Starting Training from 2015-01-17 to 2015-02-01
2015-06-27 23:09:01,776 Starting Live from 2015-02-02 to 2015-03-04
2015-06-27 23:37:19,668 Starting Training from 2015-02-17 to 2015-03-04
2015-06-27 23:39:00,861 Starting Live from 2015-03-05 to 2015-04-04
2015-06-28 00:19:25,249 Starting Training from 2015-03-20 to 2015-04-04
2015-06-28 00:20:48,072 Starting Live from 2015-04-05 to 2015-04-10
2015-06-28 00:33:48,522 Starting Q Learning for : 
2015-06-28 00:33:48,522 alpha = 0.4
2015-06-28 00:33:48,522 gamma = 0.3
2015-06-28 00:33:48,522 individual factor = 8
2015-06-28 00:33:48,523 zero range = 0.006
2015-06-28 00:33:48,523 greedy level = 5
2015-06-28 00:33:48,523 

2015-06-28 00:33:54,260 Starting Training from 2014-12-17 to 2015-01-01
2015-06-28 00:45:21,943 Starting Live from 2015-01-02 to 2015-02-01
2015-06-28 01:08:18,338 Starting Training from 2015-01-17 to 2015-02-01
2015-06-28 01:09:24,700 Starting Live from 2015-02-02 to 2015-03-04
2015-06-28 01:37:05,286 Starting Training from 2015-02-17 to 2015-03-04
2015-06-28 01:38:58,586 Starting Live from 2015-03-05 to 2015-04-04
2015-06-28 02:10:39,528 Starting Training from 2015-03-20 to 2015-04-04
2015-06-28 02:11:59,085 Starting Live from 2015-04-05 to 2015-04-10
2015-06-28 02:21:39,723 Starting Q Learning for : 
2015-06-28 02:21:39,723 alpha = 0.4
2015-06-28 02:21:39,723 gamma = 0.4
2015-06-28 02:21:39,723 individual factor = 8
2015-06-28 02:21:39,723 zero range = 0.006
2015-06-28 02:21:39,723 greedy level = 5
2015-06-28 02:21:39,724 

2015-06-28 02:21:49,809 Starting Training from 2014-12-17 to 2015-01-01
2015-06-28 02:32:55,829 Starting Live from 2015-01-02 to 2015-02-01
2015-06-28 02:54:57,622 Starting Training from 2015-01-17 to 2015-02-01
2015-06-28 02:56:04,563 Starting Live from 2015-02-02 to 2015-03-04
2015-06-28 03:24:28,359 Starting Training from 2015-02-17 to 2015-03-04
2015-06-28 03:26:06,971 Starting Live from 2015-03-05 to 2015-04-04
2015-06-28 04:16:30,493 Starting Training from 2015-03-20 to 2015-04-04
2015-06-28 04:18:10,025 Starting Live from 2015-04-05 to 2015-04-10
2015-06-28 04:29:37,494 Starting Q Learning for : 
2015-06-28 04:29:37,494 alpha = 0.2
2015-06-28 04:29:37,494 gamma = 0.7
2015-06-28 04:29:37,494 individual factor = 8
2015-06-28 04:29:37,494 zero range = 0.006
2015-06-28 04:29:37,494 greedy level = 5
2015-06-28 04:29:37,494 

2015-06-28 04:29:42,755 Starting Training from 2014-12-17 to 2015-01-01
2015-06-28 04:41:36,664 Starting Live from 2015-01-02 to 2015-02-01
2015-06-28 05:02:51,496 Starting Training from 2015-01-17 to 2015-02-01
2015-06-28 05:03:57,630 Starting Live from 2015-02-02 to 2015-03-04
2015-06-28 05:25:00,038 Starting Training from 2015-02-17 to 2015-03-04
2015-06-28 05:28:56,230 Starting Live from 2015-03-05 to 2015-04-04
2015-06-28 05:53:46,792 Starting Training from 2015-03-20 to 2015-04-04
2015-06-28 05:55:32,651 Starting Live from 2015-04-05 to 2015-04-10
2015-06-28 06:02:31,096 Starting Q Learning for : 
2015-06-28 06:02:31,096 alpha = 0.2
2015-06-28 06:02:31,096 gamma = 0.8
2015-06-28 06:02:31,096 individual factor = 8
2015-06-28 06:02:31,096 zero range = 0.006
2015-06-28 06:02:31,096 greedy level = 5
2015-06-28 06:02:31,096 

2015-06-28 06:02:37,051 Starting Training from 2014-12-17 to 2015-01-01
2015-06-28 06:14:32,716 Starting Live from 2015-01-02 to 2015-02-01
2015-06-28 06:33:32,072 Starting Training from 2015-01-17 to 2015-02-01
2015-06-28 06:34:38,085 Starting Live from 2015-02-02 to 2015-03-04
2015-06-28 06:49:23,163 Starting Training from 2015-02-17 to 2015-03-04
2015-06-28 06:54:34,874 Starting Live from 2015-03-05 to 2015-04-04
2015-06-28 07:13:09,096 Starting Training from 2015-03-20 to 2015-04-04
2015-06-28 07:15:54,480 Starting Live from 2015-04-05 to 2015-04-10
2015-06-28 07:21:30,282 Starting Q Learning for : 
2015-06-28 07:21:30,282 alpha = 0.8
2015-06-28 07:21:30,282 gamma = 0.1
2015-06-28 07:21:30,282 individual factor = 8
2015-06-28 07:21:30,282 zero range = 0.006
2015-06-28 07:21:30,282 greedy level = 5
2015-06-28 07:21:30,282 

2015-06-28 07:21:36,111 Starting Training from 2014-12-17 to 2015-01-01
2015-06-28 07:32:08,470 Starting Live from 2015-01-02 to 2015-02-01
2015-06-28 07:53:37,654 Starting Training from 2015-01-17 to 2015-02-01
2015-06-28 07:54:40,507 Starting Live from 2015-02-02 to 2015-03-04
2015-06-28 08:21:16,453 Starting Training from 2015-02-17 to 2015-03-04
2015-06-28 08:22:48,976 Starting Live from 2015-03-05 to 2015-04-04
2015-06-28 08:51:25,756 Starting Training from 2015-03-20 to 2015-04-04
2015-06-28 08:52:50,753 Starting Live from 2015-04-05 to 2015-04-10
2015-06-28 09:01:13,453 Starting Q Learning for : 
2015-06-28 09:01:13,453 alpha = 0.8
2015-06-28 09:01:13,453 gamma = 0.2
2015-06-28 09:01:13,453 individual factor = 8
2015-06-28 09:01:13,453 zero range = 0.006
2015-06-28 09:01:13,453 greedy level = 5
2015-06-28 09:01:13,453 

2015-06-28 09:01:19,184 Starting Training from 2014-12-17 to 2015-01-01
2015-06-28 09:12:51,663 Starting Live from 2015-01-02 to 2015-02-01
2015-06-28 09:34:51,901 Starting Training from 2015-01-17 to 2015-02-01
2015-06-28 09:35:58,109 Starting Live from 2015-02-02 to 2015-03-04
2015-06-28 10:02:13,055 Starting Training from 2015-02-17 to 2015-03-04
2015-06-28 10:03:41,572 Starting Live from 2015-03-05 to 2015-04-04
2015-06-28 10:40:10,155 Starting Training from 2015-03-20 to 2015-04-04
2015-06-28 10:41:29,118 Starting Live from 2015-04-05 to 2015-04-10
2015-06-28 10:52:17,918 Starting Q Learning for : 
2015-06-28 10:52:17,918 alpha = 0.8
2015-06-28 10:52:17,918 gamma = 0.3
2015-06-28 10:52:17,918 individual factor = 8
2015-06-28 10:52:17,918 zero range = 0.006
2015-06-28 10:52:17,920 greedy level = 5
2015-06-28 10:52:17,920 

2015-06-28 10:52:23,805 Starting Training from 2014-12-17 to 2015-01-01
2015-06-28 11:03:57,040 Starting Live from 2015-01-02 to 2015-02-01
