2015-06-22 17:58:25,976 Starting Q Learning for : 
2015-06-22 17:58:25,976 alpha = 0.5
2015-06-22 17:58:25,976 gamma = 0.1
2015-06-22 17:58:25,976 individual factor = 8
2015-06-22 17:58:25,976 zero range = 0.002
2015-06-22 17:58:25,976 greedy level = 5
2015-06-22 17:58:25,976 

2015-06-22 17:58:38,596 Starting Training from 2014-12-17 to 2015-01-01
2015-06-22 18:10:39,128 Starting Live from 2015-01-02 to 2015-02-01
2015-06-22 18:37:40,921 Starting Training from 2015-01-17 to 2015-02-01
2015-06-22 18:39:34,585 Starting Live from 2015-02-02 to 2015-03-04
2015-06-22 19:08:28,647 Starting Training from 2015-02-17 to 2015-03-04
2015-06-22 19:09:47,858 Starting Live from 2015-03-05 to 2015-04-04
2015-06-22 21:17:17,849 Starting Training from 2015-03-20 to 2015-04-04
2015-06-22 21:18:47,861 Starting Live from 2015-04-05 to 2015-04-10
2015-06-22 23:02:37,502 Starting Q Learning for : 
2015-06-22 23:02:37,502 alpha = 0.5
2015-06-22 23:02:37,502 gamma = 0.2
2015-06-22 23:02:37,502 individual factor = 8
2015-06-22 23:02:37,502 zero range = 0.002
2015-06-22 23:02:37,502 greedy level = 5
2015-06-22 23:02:37,502 

2015-06-22 23:02:42,983 Starting Training from 2014-12-17 to 2015-01-01
2015-06-22 23:15:05,614 Starting Live from 2015-01-02 to 2015-02-01
2015-06-22 23:43:49,148 Starting Training from 2015-01-17 to 2015-02-01
2015-06-22 23:45:13,316 Starting Live from 2015-02-02 to 2015-03-04
2015-06-23 00:30:59,328 Starting Training from 2015-02-17 to 2015-03-04
2015-06-23 00:32:23,292 Starting Live from 2015-03-05 to 2015-04-04
