2015-06-22 17:58:25,979 Starting Q Learning for : 
2015-06-22 17:58:25,979 alpha = 0.5
2015-06-22 17:58:25,979 gamma = 0.1
2015-06-22 17:58:25,979 individual factor = 8
2015-06-22 17:58:25,979 zero range = 0.006
2015-06-22 17:58:25,979 greedy level = 5
2015-06-22 17:58:25,979 

2015-06-22 17:58:39,163 Starting Training from 2014-12-17 to 2015-01-01
2015-06-22 18:10:38,553 Starting Live from 2015-01-02 to 2015-02-01
2015-06-22 18:37:30,540 Starting Training from 2015-01-17 to 2015-02-01
2015-06-22 18:39:22,440 Starting Live from 2015-02-02 to 2015-03-04
2015-06-22 19:06:50,614 Starting Training from 2015-02-17 to 2015-03-04
2015-06-22 19:08:09,696 Starting Live from 2015-03-05 to 2015-04-04
2015-06-22 19:36:03,654 Starting Training from 2015-03-20 to 2015-04-04
2015-06-22 19:37:52,084 Starting Live from 2015-04-05 to 2015-04-10
2015-06-22 19:48:49,292 Starting Q Learning for : 
2015-06-22 19:48:49,293 alpha = 0.5
2015-06-22 19:48:49,293 gamma = 0.2
2015-06-22 19:48:49,293 individual factor = 8
2015-06-22 19:48:49,293 zero range = 0.006
2015-06-22 19:48:49,293 greedy level = 5
2015-06-22 19:48:49,293 

2015-06-22 19:48:54,684 Starting Training from 2014-12-17 to 2015-01-01
2015-06-22 20:01:23,388 Starting Live from 2015-01-02 to 2015-02-01
2015-06-22 20:30:44,259 Starting Training from 2015-01-17 to 2015-02-01
2015-06-22 20:32:15,042 Starting Live from 2015-02-02 to 2015-03-04
2015-06-22 21:11:51,635 Starting Training from 2015-02-17 to 2015-03-04
2015-06-22 21:13:11,142 Starting Live from 2015-03-05 to 2015-04-04
2015-06-23 00:58:44,345 Starting Training from 2015-03-20 to 2015-04-04
2015-06-23 01:00:24,273 Starting Live from 2015-04-05 to 2015-04-10
2015-06-23 10:24:05,548 Starting Q Learning for : 
2015-06-23 10:24:05,548 alpha = 0.5
2015-06-23 10:24:05,548 gamma = 0.3
2015-06-23 10:24:05,548 individual factor = 8
2015-06-23 10:24:05,548 zero range = 0.006
2015-06-23 10:24:05,548 greedy level = 5
2015-06-23 10:24:05,548 

2015-06-23 10:24:11,598 Starting Training from 2014-12-17 to 2015-01-01
2015-06-23 10:36:07,691 Starting Live from 2015-01-02 to 2015-02-01
2015-06-23 11:01:37,042 Starting Training from 2015-01-17 to 2015-02-01
2015-06-23 11:03:01,490 Starting Live from 2015-02-02 to 2015-03-04
2015-06-23 11:27:09,795 Starting Training from 2015-02-17 to 2015-03-04
2015-06-23 11:28:28,651 Starting Live from 2015-03-05 to 2015-04-04
2015-06-23 11:57:18,631 Starting Training from 2015-03-20 to 2015-04-04
2015-06-23 11:59:08,194 Starting Live from 2015-04-05 to 2015-04-10
2015-06-23 12:10:43,645 Starting Q Learning for : 
2015-06-23 12:10:43,645 alpha = 0.5
2015-06-23 12:10:43,645 gamma = 0.4
2015-06-23 12:10:43,645 individual factor = 8
2015-06-23 12:10:43,647 zero range = 0.006
2015-06-23 12:10:43,647 greedy level = 5
2015-06-23 12:10:43,647 

2015-06-23 12:10:50,145 Starting Training from 2014-12-17 to 2015-01-01
2015-06-23 12:24:06,227 Starting Live from 2015-01-02 to 2015-02-01
2015-06-23 12:52:10,619 Starting Training from 2015-01-17 to 2015-02-01
2015-06-23 12:53:40,684 Starting Live from 2015-02-02 to 2015-03-04
2015-06-23 13:19:24,634 Starting Training from 2015-02-17 to 2015-03-04
2015-06-23 13:20:53,572 Starting Live from 2015-03-05 to 2015-04-04
2015-06-23 14:17:23,966 Starting Training from 2015-03-20 to 2015-04-04
2015-06-23 14:19:08,674 Starting Live from 2015-04-05 to 2015-04-10
2015-06-23 15:39:10,905 Starting Q Learning for : 
2015-06-23 15:39:10,905 alpha = 0.5
2015-06-23 15:39:10,905 gamma = 0.5
2015-06-23 15:39:10,905 individual factor = 8
2015-06-23 15:39:10,905 zero range = 0.006
2015-06-23 15:39:10,905 greedy level = 5
2015-06-23 15:39:10,905 

2015-06-23 15:39:18,734 Starting Training from 2014-12-17 to 2015-01-01
2015-06-23 15:52:07,048 Starting Live from 2015-01-02 to 2015-02-01
2015-06-23 16:22:03,482 Starting Training from 2015-01-17 to 2015-02-01
2015-06-23 16:23:51,571 Starting Live from 2015-02-02 to 2015-03-04
2015-06-23 16:54:14,085 Starting Training from 2015-02-17 to 2015-03-04
2015-06-23 16:55:54,608 Starting Live from 2015-03-05 to 2015-04-04
2015-06-23 18:59:42,818 Starting Training from 2015-03-20 to 2015-04-04
2015-06-23 19:01:45,176 Starting Live from 2015-04-05 to 2015-04-10
2015-06-23 20:31:00,571 Starting Q Learning for : 
2015-06-23 20:31:00,571 alpha = 0.5
2015-06-23 20:31:00,571 gamma = 0.6
2015-06-23 20:31:00,571 individual factor = 8
2015-06-23 20:31:00,571 zero range = 0.006
2015-06-23 20:31:00,571 greedy level = 5
2015-06-23 20:31:00,571 

2015-06-23 20:31:06,700 Starting Training from 2014-12-17 to 2015-01-01
2015-06-23 20:43:30,049 Starting Live from 2015-01-02 to 2015-02-01
2015-06-23 21:13:02,724 Starting Training from 2015-01-17 to 2015-02-01
2015-06-23 21:14:39,213 Starting Live from 2015-02-02 to 2015-03-04
2015-06-23 21:44:10,308 Starting Training from 2015-02-17 to 2015-03-04
2015-06-23 21:45:40,288 Starting Live from 2015-03-05 to 2015-04-04
2015-06-23 22:14:42,233 Starting Training from 2015-03-20 to 2015-04-04
2015-06-23 22:17:54,556 Starting Live from 2015-04-05 to 2015-04-10
2015-06-23 22:30:27,012 Starting Q Learning for : 
2015-06-23 22:30:27,013 alpha = 0.5
2015-06-23 22:30:27,013 gamma = 0.7
2015-06-23 22:30:27,013 individual factor = 8
2015-06-23 22:30:27,013 zero range = 0.006
2015-06-23 22:30:27,013 greedy level = 5
2015-06-23 22:30:27,013 

2015-06-23 22:30:32,361 Starting Training from 2014-12-17 to 2015-01-01
2015-06-23 22:43:50,526 Starting Live from 2015-01-02 to 2015-02-01
