2015-06-30 01:01:43,861 Starting mtm calculation
2015-06-30 01:01:43,861 Calculating mtm for 2014-12-01
2015-06-30 01:01:44,461 Calculating mtm for 2014-12-02
2015-06-30 01:01:44,668 Calculating mtm for 2014-12-03
2015-06-30 01:01:44,752 Calculating mtm for 2014-12-04
2015-06-30 01:01:44,970 Calculating mtm for 2014-12-05
2015-06-30 01:01:45,379 Calculating mtm for 2014-12-06
2015-06-30 01:01:45,381 Calculating mtm for 2014-12-07
2015-06-30 01:01:45,383 Calculating mtm for 2014-12-08
2015-06-30 01:01:45,522 Calculating mtm for 2014-12-09
2015-06-30 01:01:45,664 Calculating mtm for 2014-12-10
2015-06-30 01:01:45,739 Calculating mtm for 2014-12-11
2015-06-30 01:01:45,964 Calculating mtm for 2014-12-12
2015-06-30 01:01:46,545 Calculating mtm for 2014-12-13
2015-06-30 01:01:46,567 Calculating mtm for 2014-12-14
2015-06-30 01:01:46,571 Calculating mtm for 2014-12-15
2015-06-30 01:01:47,011 Calculating mtm for 2014-12-16
2015-06-30 01:01:47,262 Calculating mtm for 2014-12-17
2015-06-30 01:01:47,470 Calculating mtm for 2014-12-18
2015-06-30 01:01:48,431 Calculating mtm for 2014-12-19
2015-06-30 01:01:48,657 Calculating mtm for 2014-12-20
2015-06-30 01:01:48,658 Calculating mtm for 2014-12-21
2015-06-30 01:01:48,660 Calculating mtm for 2014-12-22
2015-06-30 01:01:48,940 Calculating mtm for 2014-12-23
2015-06-30 01:01:49,400 Calculating mtm for 2014-12-24
2015-06-30 01:01:49,475 Calculating mtm for 2014-12-25
2015-06-30 01:01:49,480 Calculating mtm for 2014-12-26
2015-06-30 01:01:49,677 Calculating mtm for 2014-12-27
2015-06-30 01:01:49,681 Calculating mtm for 2014-12-28
2015-06-30 01:01:49,683 Calculating mtm for 2014-12-29
2015-06-30 01:01:50,138 Calculating mtm for 2014-12-30
2015-06-30 01:01:50,181 Calculating mtm for 2014-12-31
2015-06-30 01:01:50,413 Calculating mtm for 2015-01-01
2015-06-30 01:01:50,480 Calculating mtm for 2015-01-02
2015-06-30 01:01:50,791 Calculating mtm for 2015-01-03
2015-06-30 01:01:50,801 Calculating mtm for 2015-01-04
2015-06-30 01:01:50,809 Calculating mtm for 2015-01-05
2015-06-30 01:01:50,883 Calculating mtm for 2015-01-06
2015-06-30 01:01:51,518 Calculating mtm for 2015-01-07
2015-06-30 01:01:51,669 Calculating mtm for 2015-01-08
2015-06-30 01:01:51,835 Calculating mtm for 2015-01-09
2015-06-30 01:01:52,403 Calculating mtm for 2015-01-10
2015-06-30 01:01:52,405 Calculating mtm for 2015-01-11
2015-06-30 01:01:52,406 Calculating mtm for 2015-01-12
2015-06-30 01:01:52,487 Calculating mtm for 2015-01-13
2015-06-30 01:01:53,088 Calculating mtm for 2015-01-14
2015-06-30 01:01:53,213 Calculating mtm for 2015-01-15
2015-06-30 01:01:53,422 Calculating mtm for 2015-01-16
2015-06-30 01:01:53,503 Calculating mtm for 2015-01-17
2015-06-30 01:01:53,522 Calculating mtm for 2015-01-18
2015-06-30 01:01:53,529 Calculating mtm for 2015-01-19
2015-06-30 01:01:53,733 Calculating mtm for 2015-01-20
2015-06-30 01:01:54,273 Calculating mtm for 2015-01-21
2015-06-30 01:01:54,526 Calculating mtm for 2015-01-22
2015-06-30 01:01:55,122 Calculating mtm for 2015-01-23
2015-06-30 01:01:55,429 Calculating mtm for 2015-01-24
2015-06-30 01:01:55,430 Calculating mtm for 2015-01-25
2015-06-30 01:01:55,432 Calculating mtm for 2015-01-26
2015-06-30 01:01:55,433 Calculating mtm for 2015-01-27
2015-06-30 01:01:55,652 Calculating mtm for 2015-01-28
2015-06-30 01:01:55,922 Calculating mtm for 2015-01-29
2015-06-30 01:01:56,807 Calculating mtm for 2015-01-30
2015-06-30 01:01:57,128 Calculating mtm for 2015-01-31
2015-06-30 01:01:57,132 Calculating mtm for 2015-02-01
2015-06-30 01:01:57,135 Calculating mtm for 2015-02-02
2015-06-30 01:01:57,377 Calculating mtm for 2015-02-03
2015-06-30 01:01:57,570 Calculating mtm for 2015-02-04
2015-06-30 01:01:57,786 Calculating mtm for 2015-02-05
2015-06-30 01:01:57,882 Calculating mtm for 2015-02-06
2015-06-30 01:01:58,296 Calculating mtm for 2015-02-07
2015-06-30 01:01:58,298 Calculating mtm for 2015-02-08
2015-06-30 01:01:58,300 Calculating mtm for 2015-02-09
2015-06-30 01:01:58,388 Calculating mtm for 2015-02-10
2015-06-30 01:01:58,656 Updating ranks for walkforward - 1
2015-06-30 01:02:08,517 Updating ranks for walkforward - 2
2015-06-30 01:02:17,653 Updating ranks for walkforward - 3
2015-06-30 01:02:27,010 Done Ranking. Calling processes now.
2015-06-30 01:02:27,011 Starting Q Learning for : 
2015-06-30 01:02:27,011 alpha = 0.5
2015-06-30 01:02:27,011 gamma = 0.1
2015-06-30 01:02:27,011 individual factor = 10
2015-06-30 01:02:27,011 zero range = 0.002
2015-06-30 01:02:27,011 greedy level = 5
2015-06-30 01:02:27,011 

2015-06-30 01:02:27,012 Starting Q Learning for : 
2015-06-30 01:02:27,012 alpha = 0.2
2015-06-30 01:02:27,012 gamma = 0.3
2015-06-30 01:02:27,012 individual factor = 10
2015-06-30 01:02:27,012 zero range = 0.002
2015-06-30 01:02:27,012 greedy level = 5
2015-06-30 01:02:27,012 

2015-06-30 01:02:27,015 Starting Q Learning for : 
2015-06-30 01:02:27,015 alpha = 0.4
2015-06-30 01:02:27,015 gamma = 0.5
2015-06-30 01:02:27,015 individual factor = 10
2015-06-30 01:02:27,015 zero range = 0.002
2015-06-30 01:02:27,016 greedy level = 5
2015-06-30 01:02:27,016 

2015-06-30 01:02:28,535 Starting Training from 2015-01-01 to 2015-01-31
2015-06-30 01:02:28,540 Starting Training from 2015-01-01 to 2015-01-31
2015-06-30 01:02:28,540 Starting Training from 2015-01-01 to 2015-01-31
2015-06-30 01:08:29,392 Starting Live from 2015-02-01 to 2015-03-03
2015-06-30 01:08:32,331 Starting Live from 2015-02-01 to 2015-03-03
2015-06-30 01:08:33,510 Starting Live from 2015-02-01 to 2015-03-03
2015-06-30 01:16:36,225 Starting Training from 2015-02-01 to 2015-03-03
2015-06-30 01:16:43,783 Starting Training from 2015-02-01 to 2015-03-03
2015-06-30 01:16:49,306 Starting Training from 2015-02-01 to 2015-03-03
2015-06-30 01:17:31,349 Starting Live from 2015-03-04 to 2015-04-03
2015-06-30 01:17:32,898 Starting Live from 2015-03-04 to 2015-04-03
2015-06-30 01:17:35,265 Starting Live from 2015-03-04 to 2015-04-03
2015-06-30 01:24:09,987 Starting Training from 2015-03-04 to 2015-04-03
2015-06-30 01:24:49,877 Starting Training from 2015-03-04 to 2015-04-03
2015-06-30 01:25:10,185 Starting Live from 2015-04-04 to 2015-04-10
2015-06-30 01:25:29,097 Starting Live from 2015-04-04 to 2015-04-10
2015-06-30 01:26:24,953 Starting Q Learning for : 
2015-06-30 01:26:24,953 alpha = 0.4
2015-06-30 01:26:24,953 gamma = 0.6
2015-06-30 01:26:24,954 individual factor = 10
2015-06-30 01:26:24,954 zero range = 0.002
2015-06-30 01:26:24,954 greedy level = 5
2015-06-30 01:26:24,954 

2015-06-30 01:26:26,237 Starting Training from 2015-01-01 to 2015-01-31
2015-06-30 01:26:27,273 Starting Training from 2015-03-04 to 2015-04-03
2015-06-30 01:26:47,466 Starting Q Learning for : 
2015-06-30 01:26:47,466 alpha = 0.5
2015-06-30 01:26:47,466 gamma = 0.2
2015-06-30 01:26:47,466 individual factor = 10
2015-06-30 01:26:47,466 zero range = 0.002
2015-06-30 01:26:47,466 greedy level = 5
2015-06-30 01:26:47,466 

2015-06-30 01:26:48,673 Starting Training from 2015-01-01 to 2015-01-31
2015-06-30 01:27:17,259 Starting Live from 2015-04-04 to 2015-04-10
2015-06-30 01:28:49,920 Starting Q Learning for : 
2015-06-30 01:28:49,920 alpha = 0.2
2015-06-30 01:28:49,920 gamma = 0.4
2015-06-30 01:28:49,920 individual factor = 10
2015-06-30 01:28:49,920 zero range = 0.002
2015-06-30 01:28:49,920 greedy level = 5
2015-06-30 01:28:49,920 

2015-06-30 01:28:51,446 Starting Training from 2015-01-01 to 2015-01-31
2015-06-30 01:32:00,815 Starting Live from 2015-02-01 to 2015-03-03
2015-06-30 01:32:31,078 Starting Live from 2015-02-01 to 2015-03-03
2015-06-30 01:36:56,865 Starting Live from 2015-02-01 to 2015-03-03
2015-06-30 01:40:12,498 Starting Training from 2015-02-01 to 2015-03-03
2015-06-30 01:40:33,575 Starting Training from 2015-02-01 to 2015-03-03
2015-06-30 01:40:39,875 Starting Live from 2015-03-04 to 2015-04-03
2015-06-30 01:41:03,446 Starting Live from 2015-03-04 to 2015-04-03
2015-06-30 01:42:34,847 Starting Training from 2015-02-01 to 2015-03-03
2015-06-30 01:43:08,613 Starting Live from 2015-03-04 to 2015-04-03
2015-06-30 01:47:46,823 Starting Training from 2015-03-04 to 2015-04-03
2015-06-30 01:47:56,901 Starting Training from 2015-03-04 to 2015-04-03
2015-06-30 01:48:25,290 Starting Live from 2015-04-04 to 2015-04-10
2015-06-30 01:48:33,458 Starting Live from 2015-04-04 to 2015-04-10
2015-06-30 01:49:44,925 Starting Q Learning for : 
2015-06-30 01:49:44,926 alpha = 0.4
2015-06-30 01:49:44,926 gamma = 0.7
2015-06-30 01:49:44,926 individual factor = 10
2015-06-30 01:49:44,926 zero range = 0.002
2015-06-30 01:49:44,926 greedy level = 5
2015-06-30 01:49:44,926 

2015-06-30 01:49:46,124 Starting Training from 2015-01-01 to 2015-01-31
2015-06-30 01:49:48,808 Starting Training from 2015-03-04 to 2015-04-03
2015-06-30 01:50:13,735 Starting Q Learning for : 
2015-06-30 01:50:13,735 alpha = 0.5
2015-06-30 01:50:13,735 gamma = 0.3
2015-06-30 01:50:13,736 individual factor = 10
2015-06-30 01:50:13,736 zero range = 0.002
2015-06-30 01:50:13,736 greedy level = 5
2015-06-30 01:50:13,736 

2015-06-30 01:50:14,869 Starting Training from 2015-01-01 to 2015-01-31
2015-06-30 01:50:22,854 Starting Live from 2015-04-04 to 2015-04-10
2015-06-30 01:51:34,705 Starting Q Learning for : 
2015-06-30 01:51:34,705 alpha = 0.2
2015-06-30 01:51:34,705 gamma = 0.5
2015-06-30 01:51:34,705 individual factor = 10
2015-06-30 01:51:34,705 zero range = 0.002
2015-06-30 01:51:34,705 greedy level = 5
2015-06-30 01:51:34,705 

2015-06-30 01:51:36,010 Starting Training from 2015-01-01 to 2015-01-31
2015-06-30 01:57:48,752 Starting Live from 2015-02-01 to 2015-03-03
2015-06-30 01:58:14,245 Starting Live from 2015-02-01 to 2015-03-03
2015-06-30 01:59:33,569 Starting Live from 2015-02-01 to 2015-03-03
2015-06-30 02:02:20,982 Starting Training from 2015-02-01 to 2015-03-03
2015-06-30 02:02:49,842 Starting Live from 2015-03-04 to 2015-04-03
2015-06-30 02:03:26,929 Starting Training from 2015-02-01 to 2015-03-03
2015-06-30 02:03:54,830 Starting Live from 2015-03-04 to 2015-04-03
2015-06-30 02:04:42,685 Starting Training from 2015-02-01 to 2015-03-03
2015-06-30 02:05:10,826 Starting Live from 2015-03-04 to 2015-04-03
2015-06-30 02:07:03,248 Starting Training from 2015-03-04 to 2015-04-03
2015-06-30 02:08:52,579 Starting Live from 2015-04-04 to 2015-04-10
2015-06-30 02:09:46,444 Starting Q Learning for : 
2015-06-30 02:09:46,444 alpha = 0.4
2015-06-30 02:09:46,444 gamma = 0.8
2015-06-30 02:09:46,444 individual factor = 10
2015-06-30 02:09:46,444 zero range = 0.002
2015-06-30 02:09:46,445 greedy level = 5
2015-06-30 02:09:46,445 

2015-06-30 02:09:47,568 Starting Training from 2015-01-01 to 2015-01-31
2015-06-30 02:10:39,661 Starting Training from 2015-03-04 to 2015-04-03
2015-06-30 02:11:19,528 Starting Live from 2015-04-04 to 2015-04-10
2015-06-30 02:14:22,165 Starting Q Learning for : 
2015-06-30 02:14:22,165 alpha = 0.5
2015-06-30 02:14:22,165 gamma = 0.4
2015-06-30 02:14:22,165 individual factor = 10
2015-06-30 02:14:22,165 zero range = 0.002
2015-06-30 02:14:22,165 greedy level = 5
2015-06-30 02:14:22,165 

2015-06-30 02:14:24,537 Starting Training from 2015-01-01 to 2015-01-31
2015-06-30 02:14:34,915 Starting Training from 2015-03-04 to 2015-04-03
2015-06-30 02:16:42,195 Starting Live from 2015-04-04 to 2015-04-10
2015-06-30 02:17:42,187 Starting Live from 2015-02-01 to 2015-03-03
2015-06-30 02:18:19,514 Starting Q Learning for : 
2015-06-30 02:18:19,515 alpha = 0.2
2015-06-30 02:18:19,515 gamma = 0.6
2015-06-30 02:18:19,515 individual factor = 10
2015-06-30 02:18:19,515 zero range = 0.002
2015-06-30 02:18:19,515 greedy level = 5
2015-06-30 02:18:19,515 

2015-06-30 02:18:21,298 Starting Training from 2015-01-01 to 2015-01-31
2015-06-30 02:20:54,671 Starting Live from 2015-02-01 to 2015-03-03
2015-06-30 02:21:19,673 Starting Training from 2015-02-01 to 2015-03-03
2015-06-30 02:21:47,059 Starting Live from 2015-03-04 to 2015-04-03
2015-06-30 02:23:17,394 Starting Live from 2015-02-01 to 2015-03-03
2015-06-30 02:23:37,925 Starting Training from 2015-03-04 to 2015-04-03
2015-06-30 02:25:43,810 Starting Training from 2015-02-01 to 2015-03-03
2015-06-30 02:26:12,915 Starting Live from 2015-03-04 to 2015-04-03
2015-06-30 02:27:07,362 Starting Live from 2015-04-04 to 2015-04-10
2015-06-30 02:27:59,328 Starting Q Learning for : 
2015-06-30 02:27:59,329 alpha = 0.6
2015-06-30 02:27:59,329 gamma = 0.1
2015-06-30 02:27:59,329 individual factor = 10
2015-06-30 02:27:59,329 zero range = 0.002
2015-06-30 02:27:59,329 greedy level = 5
2015-06-30 02:27:59,329 

2015-06-30 02:28:00,463 Starting Training from 2015-01-01 to 2015-01-31
2015-06-30 02:28:06,268 Starting Training from 2015-02-01 to 2015-03-03
2015-06-30 02:28:32,882 Starting Live from 2015-03-04 to 2015-04-03
2015-06-30 02:33:26,668 Starting Live from 2015-02-01 to 2015-03-03
2015-06-30 02:33:46,121 Starting Training from 2015-03-04 to 2015-04-03
2015-06-30 02:35:47,698 Starting Live from 2015-04-04 to 2015-04-10
2015-06-30 02:37:59,911 Starting Training from 2015-03-04 to 2015-04-03
2015-06-30 02:38:03,003 Starting Q Learning for : 
2015-06-30 02:38:03,003 alpha = 0.5
2015-06-30 02:38:03,003 gamma = 0.5
2015-06-30 02:38:03,003 individual factor = 10
2015-06-30 02:38:03,003 zero range = 0.002
2015-06-30 02:38:03,003 greedy level = 5
2015-06-30 02:38:03,003 

2015-06-30 02:38:04,965 Starting Training from 2015-01-01 to 2015-01-31
2015-06-30 02:38:39,782 Starting Live from 2015-04-04 to 2015-04-10
2015-06-30 02:39:49,457 Starting Q Learning for : 
2015-06-30 02:39:49,457 alpha = 0.2
2015-06-30 02:39:49,457 gamma = 0.7
2015-06-30 02:39:49,457 individual factor = 10
2015-06-30 02:39:49,457 zero range = 0.002
2015-06-30 02:39:49,457 greedy level = 5
2015-06-30 02:39:49,457 

2015-06-30 02:39:50,397 Starting Training from 2015-01-01 to 2015-01-31
2015-06-30 02:40:23,827 Starting Training from 2015-02-01 to 2015-03-03
2015-06-30 02:40:52,834 Starting Live from 2015-03-04 to 2015-04-03
2015-06-30 02:42:50,471 Starting Live from 2015-02-01 to 2015-03-03
2015-06-30 02:44:30,320 Starting Live from 2015-02-01 to 2015-03-03
2015-06-30 02:47:10,964 Starting Training from 2015-02-01 to 2015-03-03
2015-06-30 02:47:24,635 Starting Training from 2015-03-04 to 2015-04-03
2015-06-30 02:47:36,599 Starting Live from 2015-03-04 to 2015-04-03
2015-06-30 02:47:56,364 Starting Live from 2015-04-04 to 2015-04-10
2015-06-30 02:48:16,604 Starting Training from 2015-02-01 to 2015-03-03
2015-06-30 02:48:42,176 Starting Live from 2015-03-04 to 2015-04-03
2015-06-30 02:49:11,286 Starting Q Learning for : 
2015-06-30 02:49:11,287 alpha = 0.6
2015-06-30 02:49:11,287 gamma = 0.2
2015-06-30 02:49:11,287 individual factor = 10
2015-06-30 02:49:11,287 zero range = 0.002
2015-06-30 02:49:11,287 greedy level = 5
2015-06-30 02:49:11,287 

2015-06-30 02:49:12,504 Starting Training from 2015-01-01 to 2015-01-31
2015-06-30 02:51:55,833 Starting Training from 2015-03-04 to 2015-04-03
2015-06-30 02:55:13,787 Starting Live from 2015-02-01 to 2015-03-03
2015-06-30 02:55:16,214 Starting Live from 2015-04-04 to 2015-04-10
2015-06-30 02:55:32,576 Starting Training from 2015-03-04 to 2015-04-03
2015-06-30 02:57:16,912 Starting Q Learning for : 
2015-06-30 02:57:16,912 alpha = 0.2
2015-06-30 02:57:16,912 gamma = 0.8
2015-06-30 02:57:16,912 individual factor = 10
2015-06-30 02:57:16,913 zero range = 0.002
2015-06-30 02:57:16,913 greedy level = 5
2015-06-30 02:57:16,913 

2015-06-30 02:57:19,107 Starting Training from 2015-01-01 to 2015-01-31
2015-06-30 02:57:32,154 Starting Live from 2015-04-04 to 2015-04-10
2015-06-30 02:58:32,407 Starting Q Learning for : 
2015-06-30 02:58:32,407 alpha = 0.5
2015-06-30 02:58:32,407 gamma = 0.6
2015-06-30 02:58:32,407 individual factor = 10
2015-06-30 02:58:32,407 zero range = 0.002
2015-06-30 02:58:32,407 greedy level = 5
2015-06-30 02:58:32,407 

2015-06-30 02:58:33,740 Starting Training from 2015-01-01 to 2015-01-31
2015-06-30 03:00:59,872 Starting Training from 2015-02-01 to 2015-03-03
2015-06-30 03:01:26,577 Starting Live from 2015-03-04 to 2015-04-03
2015-06-30 03:01:52,299 Starting Live from 2015-02-01 to 2015-03-03
2015-06-30 03:02:53,187 Starting Live from 2015-02-01 to 2015-03-03
2015-06-30 03:05:05,367 Starting Training from 2015-02-01 to 2015-03-03
2015-06-30 03:05:30,852 Starting Live from 2015-03-04 to 2015-04-03
2015-06-30 03:06:59,269 Starting Training from 2015-03-04 to 2015-04-03
2015-06-30 03:07:07,546 Starting Training from 2015-02-01 to 2015-03-03
2015-06-30 03:07:28,523 Starting Training from 2015-03-04 to 2015-04-03
2015-06-30 03:07:32,725 Starting Live from 2015-03-04 to 2015-04-03
2015-06-30 03:07:59,587 Starting Live from 2015-04-04 to 2015-04-10
2015-06-30 03:09:20,706 Starting Q Learning for : 
2015-06-30 03:09:20,706 alpha = 0.6
2015-06-30 03:09:20,706 gamma = 0.3
2015-06-30 03:09:20,706 individual factor = 10
2015-06-30 03:09:20,706 zero range = 0.002
2015-06-30 03:09:20,706 greedy level = 5
2015-06-30 03:09:20,706 

2015-06-30 03:09:21,864 Starting Training from 2015-01-01 to 2015-01-31
2015-06-30 03:09:56,137 Starting Live from 2015-04-04 to 2015-04-10
2015-06-30 03:10:45,741 Starting Q Learning for : 
2015-06-30 03:10:45,742 alpha = 0.4
2015-06-30 03:10:45,742 gamma = 0.1
2015-06-30 03:10:45,742 individual factor = 10
2015-06-30 03:10:45,742 zero range = 0.002
2015-06-30 03:10:45,742 greedy level = 5
2015-06-30 03:10:45,742 

2015-06-30 03:10:46,949 Starting Training from 2015-01-01 to 2015-01-31
2015-06-30 03:12:28,341 Starting Training from 2015-03-04 to 2015-04-03
2015-06-30 03:14:03,744 Starting Live from 2015-04-04 to 2015-04-10
2015-06-30 03:15:12,398 Starting Live from 2015-02-01 to 2015-03-03
2015-06-30 03:16:31,870 Starting Q Learning for : 
2015-06-30 03:16:31,871 alpha = 0.5
2015-06-30 03:16:31,871 gamma = 0.7
2015-06-30 03:16:31,871 individual factor = 10
2015-06-30 03:16:31,871 zero range = 0.002
2015-06-30 03:16:31,871 greedy level = 5
2015-06-30 03:16:31,871 

2015-06-30 03:16:34,836 Starting Training from 2015-01-01 to 2015-01-31
2015-06-30 03:18:00,011 Starting Live from 2015-02-01 to 2015-03-03
2015-06-30 03:20:49,031 Starting Training from 2015-02-01 to 2015-03-03
2015-06-30 03:21:15,169 Starting Live from 2015-03-04 to 2015-04-03
2015-06-30 03:21:22,679 Starting Live from 2015-02-01 to 2015-03-03
2015-06-30 03:22:06,011 Starting Training from 2015-02-01 to 2015-03-03
2015-06-30 03:22:29,703 Starting Live from 2015-03-04 to 2015-04-03
2015-06-30 03:24:47,779 Starting Training from 2015-02-01 to 2015-03-03
2015-06-30 03:25:12,693 Starting Live from 2015-03-04 to 2015-04-03
2015-06-30 03:26:28,355 Starting Training from 2015-03-04 to 2015-04-03
2015-06-30 03:27:05,770 Starting Live from 2015-04-04 to 2015-04-10
2015-06-30 03:28:08,210 Starting Q Learning for : 
2015-06-30 03:28:08,210 alpha = 0.6
2015-06-30 03:28:08,210 gamma = 0.4
2015-06-30 03:28:08,210 individual factor = 10
2015-06-30 03:28:08,210 zero range = 0.002
2015-06-30 03:28:08,210 greedy level = 5
2015-06-30 03:28:08,210 

2015-06-30 03:28:09,507 Starting Training from 2015-01-01 to 2015-01-31
2015-06-30 03:28:21,249 Starting Training from 2015-03-04 to 2015-04-03
2015-06-30 03:29:01,718 Starting Training from 2015-03-04 to 2015-04-03
2015-06-30 03:29:29,896 Starting Live from 2015-04-04 to 2015-04-10
2015-06-30 03:29:37,371 Starting Live from 2015-04-04 to 2015-04-10
2015-06-30 03:30:15,761 Starting Q Learning for : 
2015-06-30 03:30:15,761 alpha = 0.5
2015-06-30 03:30:15,761 gamma = 0.8
2015-06-30 03:30:15,761 individual factor = 10
2015-06-30 03:30:15,761 zero range = 0.002
2015-06-30 03:30:15,761 greedy level = 5
2015-06-30 03:30:15,761 

2015-06-30 03:30:16,775 Starting Training from 2015-01-01 to 2015-01-31
2015-06-30 03:31:44,710 Starting Q Learning for : 
2015-06-30 03:31:44,710 alpha = 0.4
2015-06-30 03:31:44,710 gamma = 0.2
2015-06-30 03:31:44,710 individual factor = 10
2015-06-30 03:31:44,710 zero range = 0.002
2015-06-30 03:31:44,710 greedy level = 5
2015-06-30 03:31:44,710 

2015-06-30 03:31:45,728 Starting Training from 2015-01-01 to 2015-01-31
2015-06-30 03:31:58,163 Starting Live from 2015-02-01 to 2015-03-03
2015-06-30 03:36:09,811 Starting Live from 2015-02-01 to 2015-03-03
2015-06-30 03:39:04,348 Starting Live from 2015-02-01 to 2015-03-03
2015-06-30 03:39:16,937 Starting Training from 2015-02-01 to 2015-03-03
2015-06-30 03:39:42,135 Starting Live from 2015-03-04 to 2015-04-03
2015-06-30 03:40:33,476 Starting Training from 2015-02-01 to 2015-03-03
2015-06-30 03:40:57,098 Starting Live from 2015-03-04 to 2015-04-03
2015-06-30 03:42:23,156 Starting Training from 2015-03-04 to 2015-04-03
2015-06-30 03:42:56,108 Starting Training from 2015-02-01 to 2015-03-03
2015-06-30 03:43:19,540 Starting Live from 2015-03-04 to 2015-04-03
2015-06-30 03:44:24,634 Starting Training from 2015-03-04 to 2015-04-03
2015-06-30 03:44:52,896 Starting Live from 2015-04-04 to 2015-04-10
2015-06-30 03:44:59,271 Starting Live from 2015-04-04 to 2015-04-10
2015-06-30 03:45:37,512 Starting Q Learning for : 
2015-06-30 03:45:37,512 alpha = 0.2
2015-06-30 03:45:37,512 gamma = 0.1
2015-06-30 03:45:37,512 individual factor = 10
2015-06-30 03:45:37,512 zero range = 0.002
2015-06-30 03:45:37,512 greedy level = 5
2015-06-30 03:45:37,512 

2015-06-30 03:45:38,594 Starting Training from 2015-01-01 to 2015-01-31
2015-06-30 03:45:54,731 Starting Q Learning for : 
2015-06-30 03:45:54,731 alpha = 0.6
2015-06-30 03:45:54,731 gamma = 0.5
2015-06-30 03:45:54,732 individual factor = 10
2015-06-30 03:45:54,732 zero range = 0.002
2015-06-30 03:45:54,732 greedy level = 5
2015-06-30 03:45:54,732 

2015-06-30 03:45:55,858 Starting Training from 2015-01-01 to 2015-01-31
2015-06-30 03:47:55,974 Starting Training from 2015-03-04 to 2015-04-03
2015-06-30 03:48:40,655 Starting Live from 2015-04-04 to 2015-04-10
2015-06-30 03:49:24,313 Starting Live from 2015-02-01 to 2015-03-03
2015-06-30 03:49:39,420 Starting Q Learning for : 
2015-06-30 03:49:39,420 alpha = 0.4
2015-06-30 03:49:39,420 gamma = 0.3
2015-06-30 03:49:39,420 individual factor = 10
2015-06-30 03:49:39,421 zero range = 0.002
2015-06-30 03:49:39,421 greedy level = 5
2015-06-30 03:49:39,421 

2015-06-30 03:49:40,987 Starting Training from 2015-01-01 to 2015-01-31
2015-06-30 03:49:43,602 Starting Live from 2015-02-01 to 2015-03-03
2015-06-30 03:53:12,502 Starting Training from 2015-02-01 to 2015-03-03
2015-06-30 03:53:26,499 Starting Live from 2015-02-01 to 2015-03-03
2015-06-30 03:53:28,682 Starting Training from 2015-02-01 to 2015-03-03
2015-06-30 03:53:37,208 Starting Live from 2015-03-04 to 2015-04-03
2015-06-30 03:54:13,754 Starting Live from 2015-03-04 to 2015-04-03
2015-06-30 04:00:38,998 Starting Training from 2015-02-01 to 2015-03-03
2015-06-30 04:01:02,373 Starting Live from 2015-03-04 to 2015-04-03
2015-06-30 04:02:14,684 Starting Training from 2015-03-04 to 2015-04-03
2015-06-30 04:02:57,254 Starting Live from 2015-04-04 to 2015-04-10
2015-06-30 04:03:23,493 Starting Training from 2015-03-04 to 2015-04-03
2015-06-30 04:03:43,162 Starting Q Learning for : 
2015-06-30 04:03:43,162 alpha = 0.6
2015-06-30 04:03:43,162 gamma = 0.6
2015-06-30 04:03:43,163 individual factor = 10
2015-06-30 04:03:43,163 zero range = 0.002
2015-06-30 04:03:43,163 greedy level = 5
2015-06-30 04:03:43,163 

2015-06-30 04:03:44,305 Starting Training from 2015-01-01 to 2015-01-31
2015-06-30 04:03:58,205 Starting Live from 2015-04-04 to 2015-04-10
2015-06-30 04:05:29,607 Starting Training from 2015-03-04 to 2015-04-03
2015-06-30 04:05:57,109 Starting Live from 2015-04-04 to 2015-04-10
2015-06-30 04:06:49,668 Starting Q Learning for : 
2015-06-30 04:06:49,668 alpha = 0.4
2015-06-30 04:06:49,668 gamma = 0.4
2015-06-30 04:06:49,668 individual factor = 10
2015-06-30 04:06:49,668 zero range = 0.002
2015-06-30 04:06:49,668 greedy level = 5
2015-06-30 04:06:49,668 

2015-06-30 04:06:51,304 Starting Training from 2015-01-01 to 2015-01-31
2015-06-30 04:07:21,355 Starting Live from 2015-02-01 to 2015-03-03
2015-06-30 04:07:35,484 Starting Q Learning for : 
2015-06-30 04:07:35,484 alpha = 0.2
2015-06-30 04:07:35,484 gamma = 0.2
2015-06-30 04:07:35,484 individual factor = 10
2015-06-30 04:07:35,484 zero range = 0.002
2015-06-30 04:07:35,484 greedy level = 5
2015-06-30 04:07:35,484 

2015-06-30 04:07:36,862 Starting Training from 2015-01-01 to 2015-01-31
2015-06-30 04:10:31,159 Starting Live from 2015-02-01 to 2015-03-03
2015-06-30 04:11:03,356 Starting Training from 2015-02-01 to 2015-03-03
2015-06-30 04:11:18,384 Starting Live from 2015-02-01 to 2015-03-03
2015-06-30 04:11:27,241 Starting Live from 2015-03-04 to 2015-04-03
2015-06-30 04:14:12,925 Starting Training from 2015-02-01 to 2015-03-03
2015-06-30 04:15:06,859 Starting Live from 2015-03-04 to 2015-04-03
2015-06-30 04:16:04,233 Starting Training from 2015-02-01 to 2015-03-03
2015-06-30 04:17:33,327 Starting Live from 2015-03-04 to 2015-04-03
2015-06-30 04:19:05,746 Starting Training from 2015-03-04 to 2015-04-03
2015-06-30 04:20:19,788 Starting Live from 2015-04-04 to 2015-04-10
2015-06-30 04:21:24,147 Starting Q Learning for : 
2015-06-30 04:21:24,147 alpha = 0.6
2015-06-30 04:21:24,148 gamma = 0.7
2015-06-30 04:21:24,148 individual factor = 10
2015-06-30 04:21:24,148 zero range = 0.002
2015-06-30 04:21:24,148 greedy level = 5
2015-06-30 04:21:24,148 

2015-06-30 04:21:25,449 Starting Training from 2015-01-01 to 2015-01-31
2015-06-30 04:23:32,537 Starting Training from 2015-03-04 to 2015-04-03
2015-06-30 04:24:01,229 Starting Live from 2015-04-04 to 2015-04-10
2015-06-30 04:24:39,518 Starting Training from 2015-03-04 to 2015-04-03
2015-06-30 04:25:08,206 Starting Live from 2015-04-04 to 2015-04-10
2015-06-30 04:25:08,659 Starting Live from 2015-02-01 to 2015-03-03
2015-06-30 04:25:23,476 Starting Q Learning for : 
2015-06-30 04:25:23,476 alpha = 0.5
2015-06-30 04:25:23,476 gamma = 0.1
2015-06-30 04:25:23,476 individual factor = 10
2015-06-30 04:25:23,476 zero range = 0.006
2015-06-30 04:25:23,476 greedy level = 5
2015-06-30 04:25:23,477 

2015-06-30 04:25:24,539 Starting Training from 2015-01-01 to 2015-01-31
2015-06-30 04:26:32,489 Starting Q Learning for : 
2015-06-30 04:26:32,489 alpha = 0.2
2015-06-30 04:26:32,490 gamma = 0.3
2015-06-30 04:26:32,490 individual factor = 10
2015-06-30 04:26:32,490 zero range = 0.006
2015-06-30 04:26:32,490 greedy level = 5
2015-06-30 04:26:32,490 

2015-06-30 04:26:33,531 Starting Training from 2015-01-01 to 2015-01-31
2015-06-30 04:28:20,148 Starting Training from 2015-02-01 to 2015-03-03
2015-06-30 04:28:41,765 Starting Live from 2015-03-04 to 2015-04-03
2015-06-30 04:28:59,885 Starting Live from 2015-02-01 to 2015-03-03
2015-06-30 04:30:08,900 Starting Live from 2015-02-01 to 2015-03-03
2015-06-30 04:31:22,514 Starting Training from 2015-03-04 to 2015-04-03
2015-06-30 04:32:31,373 Starting Training from 2015-02-01 to 2015-03-03
2015-06-30 04:32:43,010 Starting Live from 2015-04-04 to 2015-04-10
2015-06-30 04:32:54,123 Starting Live from 2015-03-04 to 2015-04-03
2015-06-30 04:33:25,399 Starting Q Learning for : 
2015-06-30 04:33:25,400 alpha = 0.6
2015-06-30 04:33:25,400 gamma = 0.8
2015-06-30 04:33:25,400 individual factor = 10
2015-06-30 04:33:25,400 zero range = 0.002
2015-06-30 04:33:25,400 greedy level = 5
2015-06-30 04:33:25,400 

2015-06-30 04:33:26,726 Starting Training from 2015-01-01 to 2015-01-31
2015-06-30 04:33:46,783 Starting Training from 2015-02-01 to 2015-03-03
2015-06-30 04:34:10,316 Starting Live from 2015-03-04 to 2015-04-03
2015-06-30 04:40:46,198 Starting Live from 2015-02-01 to 2015-03-03
2015-06-30 04:41:04,291 Starting Training from 2015-03-04 to 2015-04-03
2015-06-30 04:41:40,861 Starting Live from 2015-04-04 to 2015-04-10
2015-06-30 04:42:33,513 Starting Q Learning for : 
2015-06-30 04:42:33,513 alpha = 0.5
2015-06-30 04:42:33,513 gamma = 0.2
2015-06-30 04:42:33,513 individual factor = 10
2015-06-30 04:42:33,513 zero range = 0.006
2015-06-30 04:42:33,513 greedy level = 5
2015-06-30 04:42:33,513 

2015-06-30 04:42:34,600 Starting Training from 2015-01-01 to 2015-01-31
2015-06-30 04:43:14,721 Starting Training from 2015-03-04 to 2015-04-03
2015-06-30 04:43:31,747 Starting Training from 2015-02-01 to 2015-03-03
2015-06-30 04:43:43,603 Starting Live from 2015-04-04 to 2015-04-10
2015-06-30 04:43:54,667 Starting Live from 2015-03-04 to 2015-04-03
2015-06-30 04:44:59,068 Starting Q Learning for : 
2015-06-30 04:44:59,069 alpha = 0.2
2015-06-30 04:44:59,069 gamma = 0.4
2015-06-30 04:44:59,069 individual factor = 10
2015-06-30 04:44:59,069 zero range = 0.006
2015-06-30 04:44:59,069 greedy level = 5
2015-06-30 04:44:59,069 

2015-06-30 04:45:00,117 Starting Training from 2015-01-01 to 2015-01-31
2015-06-30 04:45:34,089 Starting Training from 2015-03-04 to 2015-04-03
2015-06-30 04:46:14,639 Starting Live from 2015-02-01 to 2015-03-03
2015-06-30 04:47:50,247 Starting Live from 2015-04-04 to 2015-04-10
2015-06-30 04:48:34,155 Starting Q Learning for : 
2015-06-30 04:48:34,155 alpha = 0.8
2015-06-30 04:48:34,155 gamma = 0.1
2015-06-30 04:48:34,155 individual factor = 10
2015-06-30 04:48:34,155 zero range = 0.002
2015-06-30 04:48:34,155 greedy level = 5
2015-06-30 04:48:34,156 

2015-06-30 04:48:35,187 Starting Training from 2015-01-01 to 2015-01-31
2015-06-30 04:48:36,524 Starting Live from 2015-02-01 to 2015-03-03
2015-06-30 04:49:54,568 Starting Training from 2015-02-01 to 2015-03-03
2015-06-30 04:50:16,745 Starting Live from 2015-03-04 to 2015-04-03
2015-06-30 04:52:12,296 Starting Live from 2015-02-01 to 2015-03-03
2015-06-30 04:52:12,852 Starting Training from 2015-02-01 to 2015-03-03
2015-06-30 04:52:36,494 Starting Live from 2015-03-04 to 2015-04-03
2015-06-30 04:55:31,031 Starting Training from 2015-03-04 to 2015-04-03
2015-06-30 04:55:46,665 Starting Training from 2015-02-01 to 2015-03-03
2015-06-30 04:56:02,870 Starting Live from 2015-04-04 to 2015-04-10
2015-06-30 04:56:44,269 Starting Live from 2015-03-04 to 2015-04-03
2015-06-30 04:59:08,569 Starting Q Learning for : 
2015-06-30 04:59:08,569 alpha = 0.5
2015-06-30 04:59:08,570 gamma = 0.3
2015-06-30 04:59:08,570 individual factor = 10
2015-06-30 04:59:08,570 zero range = 0.006
2015-06-30 04:59:08,570 greedy level = 5
2015-06-30 04:59:08,570 

2015-06-30 04:59:11,214 Starting Training from 2015-01-01 to 2015-01-31
2015-06-30 05:01:56,804 Starting Training from 2015-03-04 to 2015-04-03
2015-06-30 05:02:32,384 Starting Live from 2015-04-04 to 2015-04-10
2015-06-30 05:03:55,003 Starting Q Learning for : 
2015-06-30 05:03:55,003 alpha = 0.2
2015-06-30 05:03:55,003 gamma = 0.5
2015-06-30 05:03:55,004 individual factor = 10
2015-06-30 05:03:55,004 zero range = 0.006
2015-06-30 05:03:55,004 greedy level = 5
2015-06-30 05:03:55,004 

2015-06-30 05:03:56,655 Starting Training from 2015-01-01 to 2015-01-31
2015-06-30 05:04:08,429 Starting Live from 2015-02-01 to 2015-03-03
2015-06-30 05:04:33,955 Starting Training from 2015-03-04 to 2015-04-03
2015-06-30 05:05:10,878 Starting Live from 2015-04-04 to 2015-04-10
2015-06-30 05:06:01,203 Starting Q Learning for : 
2015-06-30 05:06:01,203 alpha = 0.8
2015-06-30 05:06:01,203 gamma = 0.2
2015-06-30 05:06:01,204 individual factor = 10
2015-06-30 05:06:01,204 zero range = 0.002
2015-06-30 05:06:01,204 greedy level = 5
2015-06-30 05:06:01,204 

2015-06-30 05:06:02,657 Starting Training from 2015-01-01 to 2015-01-31
2015-06-30 05:07:33,792 Starting Live from 2015-02-01 to 2015-03-03
2015-06-30 05:07:43,941 Starting Training from 2015-02-01 to 2015-03-03
2015-06-30 05:08:06,042 Starting Live from 2015-03-04 to 2015-04-03
2015-06-30 05:09:38,333 Starting Live from 2015-02-01 to 2015-03-03
2015-06-30 05:11:10,426 Starting Training from 2015-02-01 to 2015-03-03
2015-06-30 05:11:33,130 Starting Live from 2015-03-04 to 2015-04-03
2015-06-30 05:12:32,329 Starting Training from 2015-03-04 to 2015-04-03
2015-06-30 05:13:07,497 Starting Live from 2015-04-04 to 2015-04-10
2015-06-30 05:13:15,839 Starting Training from 2015-02-01 to 2015-03-03
2015-06-30 05:13:38,415 Starting Live from 2015-03-04 to 2015-04-03
2015-06-30 05:14:04,873 Starting Q Learning for : 
2015-06-30 05:14:04,874 alpha = 0.5
2015-06-30 05:14:04,874 gamma = 0.4
2015-06-30 05:14:04,874 individual factor = 10
2015-06-30 05:14:04,874 zero range = 0.006
2015-06-30 05:14:04,874 greedy level = 5
2015-06-30 05:14:04,874 

2015-06-30 05:14:06,304 Starting Training from 2015-01-01 to 2015-01-31
2015-06-30 05:16:32,456 Starting Training from 2015-03-04 to 2015-04-03
2015-06-30 05:19:06,285 Starting Live from 2015-04-04 to 2015-04-10
2015-06-30 05:20:44,306 Starting Live from 2015-02-01 to 2015-03-03
2015-06-30 05:21:54,288 Starting Q Learning for : 
2015-06-30 05:21:54,288 alpha = 0.2
2015-06-30 05:21:54,288 gamma = 0.6
2015-06-30 05:21:54,288 individual factor = 10
2015-06-30 05:21:54,288 zero range = 0.006
2015-06-30 05:21:54,288 greedy level = 5
2015-06-30 05:21:54,288 

2015-06-30 05:21:56,120 Starting Training from 2015-01-01 to 2015-01-31
2015-06-30 05:22:47,223 Starting Training from 2015-03-04 to 2015-04-03
2015-06-30 05:23:15,364 Starting Live from 2015-04-04 to 2015-04-10
2015-06-30 05:24:19,931 Starting Q Learning for : 
2015-06-30 05:24:19,932 alpha = 0.8
2015-06-30 05:24:19,932 gamma = 0.3
2015-06-30 05:24:19,932 individual factor = 10
2015-06-30 05:24:19,932 zero range = 0.002
2015-06-30 05:24:19,932 greedy level = 5
2015-06-30 05:24:19,932 

2015-06-30 05:24:21,911 Starting Training from 2015-01-01 to 2015-01-31
2015-06-30 05:24:53,459 Starting Training from 2015-02-01 to 2015-03-03
2015-06-30 05:25:16,467 Starting Live from 2015-03-04 to 2015-04-03
2015-06-30 05:25:40,043 Starting Live from 2015-02-01 to 2015-03-03
2015-06-30 05:28:00,253 Starting Live from 2015-02-01 to 2015-03-03
2015-06-30 05:29:15,943 Starting Training from 2015-02-01 to 2015-03-03
2015-06-30 05:29:39,741 Starting Live from 2015-03-04 to 2015-04-03
2015-06-30 05:30:12,342 Starting Training from 2015-03-04 to 2015-04-03
2015-06-30 05:30:48,423 Starting Live from 2015-04-04 to 2015-04-10
2015-06-30 05:31:39,423 Starting Training from 2015-02-01 to 2015-03-03
2015-06-30 05:31:47,988 Starting Q Learning for : 
2015-06-30 05:31:47,988 alpha = 0.5
2015-06-30 05:31:47,988 gamma = 0.5
2015-06-30 05:31:47,988 individual factor = 10
2015-06-30 05:31:47,988 zero range = 0.006
2015-06-30 05:31:47,988 greedy level = 5
2015-06-30 05:31:47,988 

2015-06-30 05:31:48,974 Starting Training from 2015-01-01 to 2015-01-31
2015-06-30 05:32:03,964 Starting Live from 2015-03-04 to 2015-04-03
2015-06-30 05:34:48,298 Starting Training from 2015-03-04 to 2015-04-03
2015-06-30 05:35:15,659 Starting Live from 2015-04-04 to 2015-04-10
2015-06-30 05:35:30,744 Starting Live from 2015-02-01 to 2015-03-03
2015-06-30 05:36:11,871 Starting Q Learning for : 
2015-06-30 05:36:11,871 alpha = 0.2
2015-06-30 05:36:11,871 gamma = 0.7
2015-06-30 05:36:11,871 individual factor = 10
2015-06-30 05:36:11,871 zero range = 0.006
2015-06-30 05:36:11,871 greedy level = 5
2015-06-30 05:36:11,871 

2015-06-30 05:36:13,043 Starting Training from 2015-01-01 to 2015-01-31
2015-06-30 05:41:33,664 Starting Training from 2015-03-04 to 2015-04-03
2015-06-30 05:42:17,580 Starting Live from 2015-04-04 to 2015-04-10
2015-06-30 05:42:40,076 Starting Training from 2015-02-01 to 2015-03-03
2015-06-30 05:43:03,767 Starting Live from 2015-03-04 to 2015-04-03
2015-06-30 05:43:26,166 Starting Live from 2015-02-01 to 2015-03-03
2015-06-30 05:44:14,479 Starting Q Learning for : 
2015-06-30 05:44:14,479 alpha = 0.8
2015-06-30 05:44:14,479 gamma = 0.4
2015-06-30 05:44:14,479 individual factor = 10
2015-06-30 05:44:14,479 zero range = 0.002
2015-06-30 05:44:14,479 greedy level = 5
2015-06-30 05:44:14,479 

2015-06-30 05:44:15,614 Starting Training from 2015-01-01 to 2015-01-31
2015-06-30 05:46:28,842 Starting Training from 2015-02-01 to 2015-03-03
2015-06-30 05:46:53,057 Starting Live from 2015-03-04 to 2015-04-03
2015-06-30 05:47:21,790 Starting Training from 2015-03-04 to 2015-04-03
2015-06-30 05:47:55,009 Starting Live from 2015-04-04 to 2015-04-10
2015-06-30 05:47:55,369 Starting Live from 2015-02-01 to 2015-03-03
2015-06-30 05:48:50,770 Starting Q Learning for : 
2015-06-30 05:48:50,770 alpha = 0.5
2015-06-30 05:48:50,770 gamma = 0.6
2015-06-30 05:48:50,770 individual factor = 10
2015-06-30 05:48:50,770 zero range = 0.006
2015-06-30 05:48:50,770 greedy level = 5
2015-06-30 05:48:50,770 

2015-06-30 05:48:51,886 Starting Training from 2015-01-01 to 2015-01-31
2015-06-30 05:49:25,205 Starting Training from 2015-03-04 to 2015-04-03
2015-06-30 05:51:05,230 Starting Live from 2015-04-04 to 2015-04-10
2015-06-30 05:51:43,552 Starting Training from 2015-02-01 to 2015-03-03
2015-06-30 05:51:44,476 Starting Q Learning for : 
2015-06-30 05:51:44,476 alpha = 0.2
2015-06-30 05:51:44,476 gamma = 0.8
2015-06-30 05:51:44,476 individual factor = 10
2015-06-30 05:51:44,476 zero range = 0.006
2015-06-30 05:51:44,476 greedy level = 5
2015-06-30 05:51:44,476 

2015-06-30 05:51:45,512 Starting Training from 2015-01-01 to 2015-01-31
2015-06-30 05:52:06,687 Starting Live from 2015-03-04 to 2015-04-03
2015-06-30 05:52:34,826 Starting Live from 2015-02-01 to 2015-03-03
2015-06-30 05:55:33,360 Starting Live from 2015-02-01 to 2015-03-03
2015-06-30 05:56:20,442 Starting Training from 2015-02-01 to 2015-03-03
2015-06-30 05:56:43,872 Starting Live from 2015-03-04 to 2015-04-03
2015-06-30 05:58:03,180 Starting Training from 2015-03-04 to 2015-04-03
2015-06-30 06:00:09,773 Starting Live from 2015-04-04 to 2015-04-10
2015-06-30 06:00:25,753 Starting Training from 2015-02-01 to 2015-03-03
2015-06-30 06:01:54,646 Starting Live from 2015-03-04 to 2015-04-03
2015-06-30 06:03:02,741 Starting Q Learning for : 
2015-06-30 06:03:02,741 alpha = 0.8
2015-06-30 06:03:02,741 gamma = 0.5
2015-06-30 06:03:02,741 individual factor = 10
2015-06-30 06:03:02,741 zero range = 0.002
2015-06-30 06:03:02,741 greedy level = 5
2015-06-30 06:03:02,741 

2015-06-30 06:03:03,985 Starting Training from 2015-01-01 to 2015-01-31
2015-06-30 06:03:47,364 Starting Training from 2015-03-04 to 2015-04-03
2015-06-30 06:05:04,693 Starting Training from 2015-03-04 to 2015-04-03
2015-06-30 06:05:48,355 Starting Live from 2015-04-04 to 2015-04-10
2015-06-30 06:06:29,030 Starting Live from 2015-04-04 to 2015-04-10
2015-06-30 06:06:36,794 Starting Q Learning for : 
2015-06-30 06:06:36,794 alpha = 0.5
2015-06-30 06:06:36,794 gamma = 0.7
2015-06-30 06:06:36,794 individual factor = 10
2015-06-30 06:06:36,794 zero range = 0.006
2015-06-30 06:06:36,794 greedy level = 5
2015-06-30 06:06:36,794 

2015-06-30 06:06:37,806 Starting Training from 2015-01-01 to 2015-01-31
2015-06-30 06:06:49,140 Starting Live from 2015-02-01 to 2015-03-03
2015-06-30 06:07:10,757 Starting Q Learning for : 
2015-06-30 06:07:10,757 alpha = 0.4
2015-06-30 06:07:10,757 gamma = 0.1
2015-06-30 06:07:10,757 individual factor = 10
2015-06-30 06:07:10,757 zero range = 0.006
2015-06-30 06:07:10,757 greedy level = 5
2015-06-30 06:07:10,757 

2015-06-30 06:07:12,204 Starting Training from 2015-01-01 to 2015-01-31
2015-06-30 06:10:16,333 Starting Live from 2015-02-01 to 2015-03-03
2015-06-30 06:10:23,650 Starting Training from 2015-02-01 to 2015-03-03
2015-06-30 06:10:47,111 Starting Live from 2015-03-04 to 2015-04-03
2015-06-30 06:10:47,329 Starting Live from 2015-02-01 to 2015-03-03
2015-06-30 06:13:26,077 Starting Training from 2015-02-01 to 2015-03-03
2015-06-30 06:13:47,857 Starting Live from 2015-03-04 to 2015-04-03
2015-06-30 06:14:24,271 Starting Training from 2015-02-01 to 2015-03-03
2015-06-30 06:14:47,406 Starting Live from 2015-03-04 to 2015-04-03
2015-06-30 06:15:38,767 Starting Training from 2015-03-04 to 2015-04-03
2015-06-30 06:16:08,415 Starting Live from 2015-04-04 to 2015-04-10
2015-06-30 06:16:34,421 Starting Training from 2015-03-04 to 2015-04-03
2015-06-30 06:17:13,070 Starting Q Learning for : 
2015-06-30 06:17:13,070 alpha = 0.8
2015-06-30 06:17:13,070 gamma = 0.6
2015-06-30 06:17:13,070 individual factor = 10
2015-06-30 06:17:13,070 zero range = 0.002
2015-06-30 06:17:13,070 greedy level = 5
2015-06-30 06:17:13,070 

2015-06-30 06:17:14,093 Starting Training from 2015-01-01 to 2015-01-31
2015-06-30 06:17:50,526 Starting Live from 2015-04-04 to 2015-04-10
2015-06-30 06:19:14,481 Starting Q Learning for : 
2015-06-30 06:19:14,482 alpha = 0.5
2015-06-30 06:19:14,482 gamma = 0.8
2015-06-30 06:19:14,482 individual factor = 10
2015-06-30 06:19:14,482 zero range = 0.006
2015-06-30 06:19:14,482 greedy level = 5
2015-06-30 06:19:14,482 

2015-06-30 06:19:17,065 Starting Training from 2015-01-01 to 2015-01-31
2015-06-30 06:23:26,371 Starting Training from 2015-03-04 to 2015-04-03
2015-06-30 06:24:01,777 Starting Live from 2015-04-04 to 2015-04-10
2015-06-30 06:24:30,688 Starting Live from 2015-02-01 to 2015-03-03
2015-06-30 06:25:12,749 Starting Q Learning for : 
2015-06-30 06:25:12,749 alpha = 0.4
2015-06-30 06:25:12,749 gamma = 0.2
2015-06-30 06:25:12,749 individual factor = 10
2015-06-30 06:25:12,749 zero range = 0.006
2015-06-30 06:25:12,749 greedy level = 5
2015-06-30 06:25:12,749 

2015-06-30 06:25:13,784 Starting Training from 2015-01-01 to 2015-01-31
2015-06-30 06:25:47,514 Starting Live from 2015-02-01 to 2015-03-03
2015-06-30 06:28:12,401 Starting Training from 2015-02-01 to 2015-03-03
2015-06-30 06:28:31,882 Starting Training from 2015-02-01 to 2015-03-03
2015-06-30 06:28:35,077 Starting Live from 2015-03-04 to 2015-04-03
2015-06-30 06:28:55,160 Starting Live from 2015-02-01 to 2015-03-03
2015-06-30 06:28:55,809 Starting Live from 2015-03-04 to 2015-04-03
2015-06-30 06:30:26,728 Starting Training from 2015-03-04 to 2015-04-03
2015-06-30 06:32:33,984 Starting Training from 2015-02-01 to 2015-03-03
2015-06-30 06:32:58,130 Starting Live from 2015-03-04 to 2015-04-03
2015-06-30 06:33:00,198 Starting Live from 2015-04-04 to 2015-04-10
2015-06-30 06:33:31,433 Starting Training from 2015-03-04 to 2015-04-03
2015-06-30 06:33:42,560 Starting Q Learning for : 
2015-06-30 06:33:42,560 alpha = 0.2
2015-06-30 06:33:42,560 gamma = 0.1
2015-06-30 06:33:42,560 individual factor = 10
2015-06-30 06:33:42,560 zero range = 0.006
2015-06-30 06:33:42,560 greedy level = 5
2015-06-30 06:33:42,561 

2015-06-30 06:33:43,624 Starting Training from 2015-01-01 to 2015-01-31
2015-06-30 06:34:15,325 Starting Live from 2015-04-04 to 2015-04-10
2015-06-30 06:35:14,413 Starting Q Learning for : 
2015-06-30 06:35:14,413 alpha = 0.8
2015-06-30 06:35:14,413 gamma = 0.7
2015-06-30 06:35:14,413 individual factor = 10
2015-06-30 06:35:14,413 zero range = 0.002
2015-06-30 06:35:14,413 greedy level = 5
2015-06-30 06:35:14,413 

2015-06-30 06:35:15,588 Starting Training from 2015-01-01 to 2015-01-31
2015-06-30 06:37:24,685 Starting Live from 2015-02-01 to 2015-03-03
2015-06-30 06:37:53,130 Starting Training from 2015-03-04 to 2015-04-03
2015-06-30 06:38:20,486 Starting Live from 2015-04-04 to 2015-04-10
2015-06-30 06:39:29,385 Starting Live from 2015-02-01 to 2015-03-03
2015-06-30 06:40:53,849 Starting Q Learning for : 
2015-06-30 06:40:53,849 alpha = 0.4
2015-06-30 06:40:53,849 gamma = 0.3
2015-06-30 06:40:53,849 individual factor = 10
2015-06-30 06:40:53,849 zero range = 0.006
2015-06-30 06:40:53,849 greedy level = 5
2015-06-30 06:40:53,849 

2015-06-30 06:40:56,194 Starting Training from 2015-01-01 to 2015-01-31
2015-06-30 06:44:41,904 Starting Training from 2015-02-01 to 2015-03-03
2015-06-30 06:45:06,466 Starting Live from 2015-03-04 to 2015-04-03
2015-06-30 06:45:49,012 Starting Training from 2015-02-01 to 2015-03-03
2015-06-30 06:46:13,706 Starting Live from 2015-03-04 to 2015-04-03
2015-06-30 06:46:43,572 Starting Live from 2015-02-01 to 2015-03-03
2015-06-30 06:49:26,359 Starting Training from 2015-03-04 to 2015-04-03
2015-06-30 06:50:32,702 Starting Training from 2015-02-01 to 2015-03-03
2015-06-30 06:50:39,861 Starting Live from 2015-04-04 to 2015-04-10
2015-06-30 06:50:56,098 Starting Live from 2015-03-04 to 2015-04-03
2015-06-30 06:51:11,557 Starting Training from 2015-03-04 to 2015-04-03
2015-06-30 06:51:16,373 Starting Q Learning for : 
2015-06-30 06:51:16,373 alpha = 0.8
2015-06-30 06:51:16,373 gamma = 0.8
2015-06-30 06:51:16,373 individual factor = 10
2015-06-30 06:51:16,373 zero range = 0.002
2015-06-30 06:51:16,373 greedy level = 5
2015-06-30 06:51:16,373 

2015-06-30 06:51:17,930 Starting Training from 2015-01-01 to 2015-01-31
2015-06-30 06:51:40,508 Starting Live from 2015-04-04 to 2015-04-10
2015-06-30 06:52:44,904 Starting Q Learning for : 
2015-06-30 06:52:44,905 alpha = 0.2
2015-06-30 06:52:44,905 gamma = 0.2
2015-06-30 06:52:44,905 individual factor = 10
2015-06-30 06:52:44,905 zero range = 0.006
2015-06-30 06:52:44,905 greedy level = 5
2015-06-30 06:52:44,905 

2015-06-30 06:52:46,005 Starting Training from 2015-01-01 to 2015-01-31
2015-06-30 06:55:01,980 Starting Live from 2015-02-01 to 2015-03-03
2015-06-30 06:55:31,213 Starting Training from 2015-03-04 to 2015-04-03
2015-06-30 06:56:05,266 Starting Live from 2015-04-04 to 2015-04-10
2015-06-30 06:56:24,466 Starting Live from 2015-02-01 to 2015-03-03
2015-06-30 06:57:06,607 Starting Q Learning for : 
2015-06-30 06:57:06,607 alpha = 0.4
2015-06-30 06:57:06,607 gamma = 0.4
2015-06-30 06:57:06,607 individual factor = 10
2015-06-30 06:57:06,607 zero range = 0.006
2015-06-30 06:57:06,607 greedy level = 5
2015-06-30 06:57:06,607 

2015-06-30 06:57:07,617 Starting Training from 2015-01-01 to 2015-01-31
2015-06-30 06:57:46,410 Starting Training from 2015-02-01 to 2015-03-03
2015-06-30 06:58:10,292 Starting Live from 2015-03-04 to 2015-04-03
2015-06-30 06:59:40,041 Starting Training from 2015-03-04 to 2015-04-03
2015-06-30 07:01:08,275 Starting Training from 2015-02-01 to 2015-03-03
2015-06-30 07:02:35,951 Starting Live from 2015-03-04 to 2015-04-03
2015-06-30 07:03:32,645 Starting Live from 2015-02-01 to 2015-03-03
2015-06-30 07:05:36,564 Starting Live from 2015-04-04 to 2015-04-10
2015-06-30 07:06:18,730 Starting Q Learning for : 
2015-06-30 07:06:18,730 alpha = 0.4
2015-06-30 07:06:18,730 gamma = 0.5
2015-06-30 07:06:18,730 individual factor = 10
2015-06-30 07:06:18,731 zero range = 0.006
2015-06-30 07:06:18,731 greedy level = 5
2015-06-30 07:06:18,731 

2015-06-30 07:06:20,104 Starting Training from 2015-01-01 to 2015-01-31
2015-06-30 07:08:04,841 Starting Training from 2015-02-01 to 2015-03-03
2015-06-30 07:08:29,343 Starting Live from 2015-03-04 to 2015-04-03
2015-06-30 07:08:44,235 Starting Training from 2015-03-04 to 2015-04-03
2015-06-30 07:09:18,030 Starting Live from 2015-04-04 to 2015-04-10
2015-06-30 07:09:59,027 Starting Live from 2015-02-01 to 2015-03-03
2015-06-30 07:10:15,944 Starting Q Learning for : 
2015-06-30 07:10:15,944 alpha = 0.6
2015-06-30 07:10:15,944 gamma = 0.7
2015-06-30 07:10:15,944 individual factor = 10
2015-06-30 07:10:15,944 zero range = 0.006
2015-06-30 07:10:15,944 greedy level = 5
2015-06-30 07:10:15,944 

2015-06-30 07:10:16,990 Starting Training from 2015-01-01 to 2015-01-31
2015-06-30 07:13:34,103 Starting Training from 2015-02-01 to 2015-03-03
2015-06-30 07:13:34,653 Starting Training from 2015-03-04 to 2015-04-03
2015-06-30 07:13:54,176 Starting Live from 2015-02-01 to 2015-03-03
2015-06-30 07:13:56,876 Starting Live from 2015-03-04 to 2015-04-03
2015-06-30 07:14:17,609 Starting Live from 2015-04-04 to 2015-04-10
2015-06-30 07:15:12,642 Starting Q Learning for : 
2015-06-30 07:15:12,642 alpha = 0.5
2015-06-30 07:15:12,643 gamma = 0.1
2015-06-30 07:15:12,643 individual factor = 10
2015-06-30 07:15:12,643 zero range = 0.01
2015-06-30 07:15:12,643 greedy level = 5
2015-06-30 07:15:12,643 

2015-06-30 07:15:14,152 Starting Training from 2015-01-01 to 2015-01-31
2015-06-30 07:17:06,414 Starting Training from 2015-02-01 to 2015-03-03
2015-06-30 07:17:28,205 Starting Live from 2015-03-04 to 2015-04-03
2015-06-30 07:18:34,257 Starting Training from 2015-03-04 to 2015-04-03
2015-06-30 07:18:49,868 Starting Live from 2015-02-01 to 2015-03-03
2015-06-30 07:19:08,462 Starting Live from 2015-04-04 to 2015-04-10
2015-06-30 07:20:15,311 Starting Q Learning for : 
2015-06-30 07:20:15,311 alpha = 0.4
2015-06-30 07:20:15,311 gamma = 0.6
2015-06-30 07:20:15,311 individual factor = 10
2015-06-30 07:20:15,312 zero range = 0.006
2015-06-30 07:20:15,312 greedy level = 5
2015-06-30 07:20:15,312 

2015-06-30 07:20:17,235 Starting Training from 2015-01-01 to 2015-01-31
2015-06-30 07:20:53,929 Starting Training from 2015-03-04 to 2015-04-03
2015-06-30 07:25:03,794 Starting Live from 2015-04-04 to 2015-04-10
2015-06-30 07:25:53,598 Starting Q Learning for : 
2015-06-30 07:25:53,598 alpha = 0.6
2015-06-30 07:25:53,598 gamma = 0.8
2015-06-30 07:25:53,598 individual factor = 10
2015-06-30 07:25:53,598 zero range = 0.006
2015-06-30 07:25:53,598 greedy level = 5
2015-06-30 07:25:53,598 

2015-06-30 07:25:55,235 Starting Training from 2015-01-01 to 2015-01-31
2015-06-30 07:26:03,226 Starting Training from 2015-02-01 to 2015-03-03
2015-06-30 07:26:28,893 Starting Live from 2015-03-04 to 2015-04-03
2015-06-30 07:27:30,721 Starting Live from 2015-02-01 to 2015-03-03
2015-06-30 07:29:41,092 Starting Live from 2015-02-01 to 2015-03-03
2015-06-30 07:30:44,841 Starting Training from 2015-03-04 to 2015-04-03
2015-06-30 07:31:10,634 Starting Training from 2015-02-01 to 2015-03-03
2015-06-30 07:31:27,320 Starting Live from 2015-04-04 to 2015-04-10
2015-06-30 07:31:33,260 Starting Live from 2015-03-04 to 2015-04-03
2015-06-30 07:32:21,695 Starting Q Learning for : 
2015-06-30 07:32:21,695 alpha = 0.5
2015-06-30 07:32:21,695 gamma = 0.2
2015-06-30 07:32:21,695 individual factor = 10
2015-06-30 07:32:21,695 zero range = 0.01
2015-06-30 07:32:21,695 greedy level = 5
2015-06-30 07:32:21,695 

2015-06-30 07:32:22,734 Starting Training from 2015-01-01 to 2015-01-31
2015-06-30 07:32:23,826 Starting Training from 2015-02-01 to 2015-03-03
2015-06-30 07:32:46,426 Starting Live from 2015-03-04 to 2015-04-03
2015-06-30 07:34:04,546 Starting Training from 2015-03-04 to 2015-04-03
2015-06-30 07:35:59,410 Starting Live from 2015-02-01 to 2015-03-03
2015-06-30 07:36:23,128 Starting Training from 2015-03-04 to 2015-04-03
2015-06-30 07:36:32,288 Starting Live from 2015-04-04 to 2015-04-10
2015-06-30 07:36:50,282 Starting Live from 2015-04-04 to 2015-04-10
2015-06-30 07:37:12,450 Starting Q Learning for : 
2015-06-30 07:37:12,450 alpha = 0.8
2015-06-30 07:37:12,451 gamma = 0.1
2015-06-30 07:37:12,451 individual factor = 10
2015-06-30 07:37:12,451 zero range = 0.006
2015-06-30 07:37:12,451 greedy level = 5
2015-06-30 07:37:12,451 

2015-06-30 07:37:13,532 Starting Training from 2015-01-01 to 2015-01-31
2015-06-30 07:38:04,537 Starting Q Learning for : 
2015-06-30 07:38:04,537 alpha = 0.4
2015-06-30 07:38:04,537 gamma = 0.7
2015-06-30 07:38:04,537 individual factor = 10
2015-06-30 07:38:04,537 zero range = 0.006
2015-06-30 07:38:04,537 greedy level = 5
2015-06-30 07:38:04,537 

2015-06-30 07:38:05,539 Starting Training from 2015-01-01 to 2015-01-31
2015-06-30 07:39:40,994 Starting Training from 2015-02-01 to 2015-03-03
2015-06-30 07:40:03,304 Starting Live from 2015-03-04 to 2015-04-03
2015-06-30 07:41:15,403 Starting Live from 2015-02-01 to 2015-03-03
2015-06-30 07:44:01,705 Starting Live from 2015-02-01 to 2015-03-03
2015-06-30 07:48:07,652 Starting Training from 2015-02-01 to 2015-03-03
2015-06-30 07:48:11,713 Starting Training from 2015-03-04 to 2015-04-03
2015-06-30 07:48:30,809 Starting Live from 2015-03-04 to 2015-04-03
2015-06-30 07:48:32,952 Starting Training from 2015-02-01 to 2015-03-03
2015-06-30 07:48:44,940 Starting Live from 2015-04-04 to 2015-04-10
2015-06-30 07:48:56,221 Starting Live from 2015-03-04 to 2015-04-03
2015-06-30 07:49:34,243 Starting Q Learning for : 
2015-06-30 07:49:34,243 alpha = 0.5
2015-06-30 07:49:34,243 gamma = 0.3
2015-06-30 07:49:34,243 individual factor = 10
2015-06-30 07:49:34,243 zero range = 0.01
2015-06-30 07:49:34,244 greedy level = 5
2015-06-30 07:49:34,244 

2015-06-30 07:49:35,493 Starting Training from 2015-01-01 to 2015-01-31
2015-06-30 07:51:47,181 Starting Training from 2015-03-04 to 2015-04-03
2015-06-30 07:52:55,566 Starting Training from 2015-03-04 to 2015-04-03
2015-06-30 07:53:13,786 Starting Live from 2015-04-04 to 2015-04-10
2015-06-30 07:53:21,390 Starting Live from 2015-02-01 to 2015-03-03
2015-06-30 07:53:29,670 Starting Live from 2015-04-04 to 2015-04-10
2015-06-30 07:53:53,499 Starting Q Learning for : 
2015-06-30 07:53:53,499 alpha = 0.4
2015-06-30 07:53:53,499 gamma = 0.8
2015-06-30 07:53:53,499 individual factor = 10
2015-06-30 07:53:53,499 zero range = 0.006
2015-06-30 07:53:53,500 greedy level = 5
2015-06-30 07:53:53,500 

2015-06-30 07:53:54,498 Starting Training from 2015-01-01 to 2015-01-31
2015-06-30 07:54:20,878 Starting Q Learning for : 
2015-06-30 07:54:20,878 alpha = 0.8
2015-06-30 07:54:20,878 gamma = 0.2
2015-06-30 07:54:20,878 individual factor = 10
2015-06-30 07:54:20,878 zero range = 0.006
2015-06-30 07:54:20,878 greedy level = 5
2015-06-30 07:54:20,878 

2015-06-30 07:54:21,807 Starting Training from 2015-01-01 to 2015-01-31
2015-06-30 07:56:56,810 Starting Training from 2015-02-01 to 2015-03-03
2015-06-30 07:57:19,517 Starting Live from 2015-03-04 to 2015-04-03
2015-06-30 07:57:35,653 Starting Live from 2015-02-01 to 2015-03-03
2015-06-30 07:58:00,794 Starting Live from 2015-02-01 to 2015-03-03
2015-06-30 08:00:19,324 Starting Training from 2015-02-01 to 2015-03-03
2015-06-30 08:00:43,535 Starting Live from 2015-03-04 to 2015-04-03
2015-06-30 08:02:26,154 Starting Training from 2015-02-01 to 2015-03-03
2015-06-30 08:03:24,979 Starting Training from 2015-03-04 to 2015-04-03
2015-06-30 08:03:55,288 Starting Live from 2015-03-04 to 2015-04-03
2015-06-30 08:04:04,833 Starting Training from 2015-03-04 to 2015-04-03
2015-06-30 08:05:11,046 Starting Live from 2015-04-04 to 2015-04-10
2015-06-30 08:07:07,664 Starting Q Learning for : 
2015-06-30 08:07:07,665 alpha = 0.5
2015-06-30 08:07:07,665 gamma = 0.4
2015-06-30 08:07:07,665 individual factor = 10
2015-06-30 08:07:07,665 zero range = 0.01
2015-06-30 08:07:07,665 greedy level = 5
2015-06-30 08:07:07,665 

2015-06-30 08:07:08,941 Starting Training from 2015-01-01 to 2015-01-31
2015-06-30 08:08:11,782 Starting Live from 2015-04-04 to 2015-04-10
2015-06-30 08:08:54,302 Starting Q Learning for : 
2015-06-30 08:08:54,302 alpha = 0.6
2015-06-30 08:08:54,302 gamma = 0.1
2015-06-30 08:08:54,302 individual factor = 10
2015-06-30 08:08:54,302 zero range = 0.006
2015-06-30 08:08:54,302 greedy level = 5
2015-06-30 08:08:54,302 

2015-06-30 08:08:55,668 Starting Training from 2015-01-01 to 2015-01-31
2015-06-30 08:10:51,422 Starting Live from 2015-02-01 to 2015-03-03
2015-06-30 08:11:46,280 Starting Training from 2015-03-04 to 2015-04-03
2015-06-30 08:12:22,249 Starting Live from 2015-04-04 to 2015-04-10
2015-06-30 08:12:36,834 Starting Live from 2015-02-01 to 2015-03-03
2015-06-30 08:13:29,003 Starting Q Learning for : 
2015-06-30 08:13:29,003 alpha = 0.8
2015-06-30 08:13:29,003 gamma = 0.3
2015-06-30 08:13:29,003 individual factor = 10
2015-06-30 08:13:29,003 zero range = 0.006
2015-06-30 08:13:29,003 greedy level = 5
2015-06-30 08:13:29,003 

2015-06-30 08:13:30,030 Starting Training from 2015-01-01 to 2015-01-31
2015-06-30 08:14:37,626 Starting Training from 2015-02-01 to 2015-03-03
2015-06-30 08:15:00,579 Starting Live from 2015-03-04 to 2015-04-03
2015-06-30 08:16:15,438 Starting Training from 2015-02-01 to 2015-03-03
2015-06-30 08:16:37,808 Starting Live from 2015-03-04 to 2015-04-03
2015-06-30 08:17:09,243 Starting Live from 2015-02-01 to 2015-03-03
2015-06-30 08:19:49,154 Starting Training from 2015-03-04 to 2015-04-03
2015-06-30 08:20:24,327 Starting Live from 2015-04-04 to 2015-04-10
2015-06-30 08:20:47,660 Starting Training from 2015-02-01 to 2015-03-03
2015-06-30 08:21:09,804 Starting Live from 2015-03-04 to 2015-04-03
2015-06-30 08:21:31,404 Starting Training from 2015-03-04 to 2015-04-03
2015-06-30 08:21:59,435 Starting Live from 2015-04-04 to 2015-04-10
2015-06-30 08:24:47,467 Starting Q Learning for : 
2015-06-30 08:24:47,467 alpha = 0.5
2015-06-30 08:24:47,468 gamma = 0.5
2015-06-30 08:24:47,468 individual factor = 10
2015-06-30 08:24:47,468 zero range = 0.01
2015-06-30 08:24:47,468 greedy level = 5
2015-06-30 08:24:47,468 

2015-06-30 08:24:49,860 Starting Training from 2015-01-01 to 2015-01-31
2015-06-30 08:26:36,721 Starting Q Learning for : 
2015-06-30 08:26:36,721 alpha = 0.6
2015-06-30 08:26:36,721 gamma = 0.2
2015-06-30 08:26:36,721 individual factor = 10
2015-06-30 08:26:36,721 zero range = 0.006
2015-06-30 08:26:36,721 greedy level = 5
2015-06-30 08:26:36,721 

2015-06-30 08:26:39,312 Starting Training from 2015-01-01 to 2015-01-31
2015-06-30 08:30:20,067 Starting Live from 2015-02-01 to 2015-03-03
2015-06-30 08:30:26,545 Starting Training from 2015-03-04 to 2015-04-03
2015-06-30 08:30:54,467 Starting Live from 2015-02-01 to 2015-03-03
2015-06-30 08:30:55,736 Starting Live from 2015-04-04 to 2015-04-10
2015-06-30 08:32:31,664 Starting Q Learning for : 
2015-06-30 08:32:31,664 alpha = 0.8
2015-06-30 08:32:31,664 gamma = 0.4
2015-06-30 08:32:31,665 individual factor = 10
2015-06-30 08:32:31,665 zero range = 0.006
2015-06-30 08:32:31,665 greedy level = 5
2015-06-30 08:32:31,665 

2015-06-30 08:32:32,942 Starting Training from 2015-01-01 to 2015-01-31
2015-06-30 08:33:58,173 Starting Training from 2015-02-01 to 2015-03-03
2015-06-30 08:34:21,616 Starting Live from 2015-03-04 to 2015-04-03
2015-06-30 08:34:31,421 Starting Training from 2015-02-01 to 2015-03-03
2015-06-30 08:34:54,662 Starting Live from 2015-03-04 to 2015-04-03
2015-06-30 08:36:11,173 Starting Live from 2015-02-01 to 2015-03-03
2015-06-30 08:38:51,690 Starting Training from 2015-03-04 to 2015-04-03
2015-06-30 08:39:17,570 Starting Training from 2015-03-04 to 2015-04-03
2015-06-30 08:39:33,512 Starting Live from 2015-04-04 to 2015-04-10
2015-06-30 08:39:43,247 Starting Training from 2015-02-01 to 2015-03-03
2015-06-30 08:39:52,860 Starting Live from 2015-04-04 to 2015-04-10
2015-06-30 08:40:08,062 Starting Live from 2015-03-04 to 2015-04-03
2015-06-30 08:40:44,775 Starting Q Learning for : 
2015-06-30 08:40:44,775 alpha = 0.6
2015-06-30 08:40:44,775 gamma = 0.3
2015-06-30 08:40:44,776 individual factor = 10
2015-06-30 08:40:44,776 zero range = 0.006
2015-06-30 08:40:44,776 greedy level = 5
2015-06-30 08:40:44,776 

2015-06-30 08:40:45,685 Starting Q Learning for : 
2015-06-30 08:40:45,686 alpha = 0.5
2015-06-30 08:40:45,686 gamma = 0.6
2015-06-30 08:40:45,686 individual factor = 10
2015-06-30 08:40:45,686 zero range = 0.01
2015-06-30 08:40:45,686 greedy level = 5
2015-06-30 08:40:45,686 

2015-06-30 08:40:45,957 Starting Training from 2015-01-01 to 2015-01-31
2015-06-30 08:40:46,708 Starting Training from 2015-01-01 to 2015-01-31
2015-06-30 08:47:46,019 Starting Live from 2015-02-01 to 2015-03-03
2015-06-30 08:47:51,394 Starting Live from 2015-02-01 to 2015-03-03
2015-06-30 08:48:59,430 Starting Training from 2015-03-04 to 2015-04-03
2015-06-30 08:49:35,579 Starting Live from 2015-04-04 to 2015-04-10
2015-06-30 08:50:36,416 Starting Q Learning for : 
2015-06-30 08:50:36,416 alpha = 0.8
2015-06-30 08:50:36,416 gamma = 0.5
2015-06-30 08:50:36,416 individual factor = 10
2015-06-30 08:50:36,416 zero range = 0.006
2015-06-30 08:50:36,416 greedy level = 5
2015-06-30 08:50:36,416 

2015-06-30 08:50:37,445 Starting Training from 2015-01-01 to 2015-01-31
2015-06-30 08:51:44,771 Starting Training from 2015-02-01 to 2015-03-03
2015-06-30 08:51:44,796 Starting Training from 2015-02-01 to 2015-03-03
2015-06-30 08:52:08,290 Starting Live from 2015-03-04 to 2015-04-03
2015-06-30 08:52:08,340 Starting Live from 2015-03-04 to 2015-04-03
2015-06-30 08:54:16,941 Starting Live from 2015-02-01 to 2015-03-03
2015-06-30 08:57:23,336 Starting Training from 2015-03-04 to 2015-04-03
2015-06-30 08:57:50,477 Starting Training from 2015-03-04 to 2015-04-03
2015-06-30 08:57:55,456 Starting Training from 2015-02-01 to 2015-03-03
2015-06-30 08:57:58,160 Starting Live from 2015-04-04 to 2015-04-10
2015-06-30 08:58:18,751 Starting Live from 2015-04-04 to 2015-04-10
2015-06-30 08:58:18,809 Starting Live from 2015-03-04 to 2015-04-03
2015-06-30 08:59:16,202 Starting Q Learning for : 
2015-06-30 08:59:16,202 alpha = 0.6
2015-06-30 08:59:16,202 gamma = 0.4
2015-06-30 08:59:16,202 individual factor = 10
2015-06-30 08:59:16,202 zero range = 0.006
2015-06-30 08:59:16,202 greedy level = 5
2015-06-30 08:59:16,202 

2015-06-30 08:59:17,266 Starting Training from 2015-01-01 to 2015-01-31
2015-06-30 09:00:10,928 Starting Q Learning for : 
2015-06-30 09:00:10,928 alpha = 0.5
2015-06-30 09:00:10,928 gamma = 0.7
2015-06-30 09:00:10,928 individual factor = 10
2015-06-30 09:00:10,928 zero range = 0.01
2015-06-30 09:00:10,928 greedy level = 5
2015-06-30 09:00:10,928 

2015-06-30 09:00:11,963 Starting Training from 2015-01-01 to 2015-01-31
2015-06-30 09:02:46,282 Starting Training from 2015-03-04 to 2015-04-03
2015-06-30 09:02:57,028 Starting Live from 2015-02-01 to 2015-03-03
2015-06-30 09:03:24,696 Starting Live from 2015-04-04 to 2015-04-10
2015-06-30 09:04:30,273 Starting Live from 2015-02-01 to 2015-03-03
2015-06-30 09:05:16,757 Starting Q Learning for : 
2015-06-30 09:05:16,757 alpha = 0.8
2015-06-30 09:05:16,757 gamma = 0.6
2015-06-30 09:05:16,757 individual factor = 10
2015-06-30 09:05:16,757 zero range = 0.006
2015-06-30 09:05:16,757 greedy level = 5
2015-06-30 09:05:16,757 

2015-06-30 09:05:19,159 Starting Training from 2015-01-01 to 2015-01-31
2015-06-30 09:10:05,462 Starting Training from 2015-02-01 to 2015-03-03
2015-06-30 09:10:29,329 Starting Live from 2015-03-04 to 2015-04-03
2015-06-30 09:10:38,398 Starting Training from 2015-02-01 to 2015-03-03
2015-06-30 09:11:01,936 Starting Live from 2015-03-04 to 2015-04-03
2015-06-30 09:11:22,801 Starting Live from 2015-02-01 to 2015-03-03
2015-06-30 09:13:52,295 Starting Training from 2015-03-04 to 2015-04-03
2015-06-30 09:15:05,068 Starting Training from 2015-02-01 to 2015-03-03
2015-06-30 09:15:09,415 Starting Live from 2015-04-04 to 2015-04-10
2015-06-30 09:15:18,875 Starting Training from 2015-03-04 to 2015-04-03
2015-06-30 09:15:29,753 Starting Live from 2015-03-04 to 2015-04-03
2015-06-30 09:15:49,089 Starting Q Learning for : 
2015-06-30 09:15:49,089 alpha = 0.5
2015-06-30 09:15:49,089 gamma = 0.8
2015-06-30 09:15:49,089 individual factor = 10
2015-06-30 09:15:49,089 zero range = 0.01
2015-06-30 09:15:49,089 greedy level = 5
2015-06-30 09:15:49,089 

2015-06-30 09:15:50,087 Starting Training from 2015-01-01 to 2015-01-31
2015-06-30 09:15:55,571 Starting Live from 2015-04-04 to 2015-04-10
2015-06-30 09:16:45,996 Starting Q Learning for : 
2015-06-30 09:16:45,996 alpha = 0.6
2015-06-30 09:16:45,996 gamma = 0.5
2015-06-30 09:16:45,996 individual factor = 10
2015-06-30 09:16:45,996 zero range = 0.006
2015-06-30 09:16:45,996 greedy level = 5
2015-06-30 09:16:45,996 

2015-06-30 09:16:47,059 Starting Training from 2015-01-01 to 2015-01-31
2015-06-30 09:19:32,269 Starting Live from 2015-02-01 to 2015-03-03
2015-06-30 09:20:00,333 Starting Training from 2015-03-04 to 2015-04-03
2015-06-30 09:20:23,925 Starting Live from 2015-02-01 to 2015-03-03
2015-06-30 09:20:34,272 Starting Live from 2015-04-04 to 2015-04-10
2015-06-30 09:21:36,876 Starting Q Learning for : 
2015-06-30 09:21:36,876 alpha = 0.8
2015-06-30 09:21:36,876 gamma = 0.7
2015-06-30 09:21:36,876 individual factor = 10
2015-06-30 09:21:36,876 zero range = 0.006
2015-06-30 09:21:36,876 greedy level = 5
2015-06-30 09:21:36,876 

2015-06-30 09:21:38,338 Starting Training from 2015-01-01 to 2015-01-31
2015-06-30 09:22:14,586 Starting Training from 2015-02-01 to 2015-03-03
2015-06-30 09:22:38,832 Starting Live from 2015-03-04 to 2015-04-03
2015-06-30 09:24:02,514 Starting Training from 2015-02-01 to 2015-03-03
2015-06-30 09:24:03,274 Starting Training from 2015-03-04 to 2015-04-03
2015-06-30 09:25:16,976 Starting Live from 2015-03-04 to 2015-04-03
2015-06-30 09:27:47,103 Starting Live from 2015-02-01 to 2015-03-03
2015-06-30 09:30:12,939 Starting Live from 2015-04-04 to 2015-04-10
2015-06-30 09:30:57,035 Starting Q Learning for : 
2015-06-30 09:30:57,035 alpha = 0.2
2015-06-30 09:30:57,035 gamma = 0.1
2015-06-30 09:30:57,035 individual factor = 10
2015-06-30 09:30:57,035 zero range = 0.01
2015-06-30 09:30:57,035 greedy level = 5
2015-06-30 09:30:57,036 

2015-06-30 09:30:58,321 Starting Training from 2015-01-01 to 2015-01-31
2015-06-30 09:32:14,078 Starting Training from 2015-02-01 to 2015-03-03
2015-06-30 09:32:37,403 Starting Live from 2015-03-04 to 2015-04-03
2015-06-30 09:33:18,666 Starting Training from 2015-03-04 to 2015-04-03
2015-06-30 09:33:52,788 Starting Live from 2015-04-04 to 2015-04-10
2015-06-30 09:34:38,624 Starting Live from 2015-02-01 to 2015-03-03
2015-06-30 09:35:25,955 Starting Q Learning for : 
2015-06-30 09:35:25,955 alpha = 0.6
2015-06-30 09:35:25,956 gamma = 0.6
2015-06-30 09:35:25,956 individual factor = 10
2015-06-30 09:35:25,956 zero range = 0.006
2015-06-30 09:35:25,956 greedy level = 5
2015-06-30 09:35:25,956 

2015-06-30 09:35:27,320 Starting Training from 2015-01-01 to 2015-01-31
2015-06-30 09:35:45,617 Starting Training from 2015-03-04 to 2015-04-03
2015-06-30 09:37:08,175 Starting Live from 2015-04-04 to 2015-04-10
2015-06-30 09:37:49,843 Starting Q Learning for : 
2015-06-30 09:37:49,844 alpha = 0.8
2015-06-30 09:37:49,844 gamma = 0.8
2015-06-30 09:37:49,844 individual factor = 10
2015-06-30 09:37:49,844 zero range = 0.006
2015-06-30 09:37:49,844 greedy level = 5
2015-06-30 09:37:49,844 

2015-06-30 09:37:51,322 Starting Training from 2015-01-01 to 2015-01-31
2015-06-30 09:38:20,789 Starting Training from 2015-02-01 to 2015-03-03
2015-06-30 09:38:43,619 Starting Live from 2015-03-04 to 2015-04-03
2015-06-30 09:39:09,607 Starting Live from 2015-02-01 to 2015-03-03
2015-06-30 09:41:33,908 Starting Live from 2015-02-01 to 2015-03-03
2015-06-30 09:42:49,818 Starting Training from 2015-02-01 to 2015-03-03
2015-06-30 09:43:12,092 Starting Live from 2015-03-04 to 2015-04-03
2015-06-30 09:44:03,785 Starting Training from 2015-03-04 to 2015-04-03
2015-06-30 09:44:13,540 Starting Training from 2015-02-01 to 2015-03-03
2015-06-30 09:44:37,514 Starting Live from 2015-03-04 to 2015-04-03
2015-06-30 09:44:39,925 Starting Live from 2015-04-04 to 2015-04-10
2015-06-30 09:47:21,066 Starting Q Learning for : 
2015-06-30 09:47:21,066 alpha = 0.2
2015-06-30 09:47:21,066 gamma = 0.2
2015-06-30 09:47:21,066 individual factor = 10
2015-06-30 09:47:21,066 zero range = 0.01
2015-06-30 09:47:21,066 greedy level = 5
2015-06-30 09:47:21,066 

2015-06-30 09:47:24,010 Starting Training from 2015-01-01 to 2015-01-31
2015-06-30 09:48:50,602 Starting Training from 2015-03-04 to 2015-04-03
2015-06-30 09:51:22,144 Starting Training from 2015-03-04 to 2015-04-03
2015-06-30 09:51:58,700 Starting Live from 2015-04-04 to 2015-04-10
2015-06-30 09:52:13,567 Starting Live from 2015-04-04 to 2015-04-10
2015-06-30 09:52:48,090 Starting Live from 2015-02-01 to 2015-03-03
2015-06-30 09:52:49,662 Starting Q Learning for : 
2015-06-30 09:52:49,662 alpha = 0.2
2015-06-30 09:52:49,662 gamma = 0.3
2015-06-30 09:52:49,662 individual factor = 10
2015-06-30 09:52:49,662 zero range = 0.01
2015-06-30 09:52:49,662 greedy level = 5
2015-06-30 09:52:49,662 

2015-06-30 09:52:50,692 Starting Training from 2015-01-01 to 2015-01-31
2015-06-30 09:52:59,463 Starting Q Learning for : 
2015-06-30 09:52:59,463 alpha = 0.4
2015-06-30 09:52:59,463 gamma = 0.5
2015-06-30 09:52:59,463 individual factor = 10
2015-06-30 09:52:59,463 zero range = 0.01
2015-06-30 09:52:59,464 greedy level = 5
2015-06-30 09:52:59,464 

2015-06-30 09:53:00,660 Starting Training from 2015-01-01 to 2015-01-31
2015-06-30 09:56:25,409 Starting Training from 2015-02-01 to 2015-03-03
2015-06-30 09:56:28,448 Starting Live from 2015-02-01 to 2015-03-03
2015-06-30 09:56:38,829 Starting Live from 2015-02-01 to 2015-03-03
2015-06-30 09:56:48,371 Starting Live from 2015-03-04 to 2015-04-03
2015-06-30 10:00:08,912 Starting Training from 2015-02-01 to 2015-03-03
2015-06-30 10:00:12,866 Starting Training from 2015-02-01 to 2015-03-03
2015-06-30 10:00:32,540 Starting Live from 2015-03-04 to 2015-04-03
2015-06-30 10:00:36,637 Starting Live from 2015-03-04 to 2015-04-03
2015-06-30 10:01:14,831 Starting Training from 2015-03-04 to 2015-04-03
2015-06-30 10:01:56,694 Starting Live from 2015-04-04 to 2015-04-10
2015-06-30 10:02:51,767 Starting Q Learning for : 
2015-06-30 10:02:51,767 alpha = 0.6
2015-06-30 10:02:51,768 gamma = 0.7
2015-06-30 10:02:51,768 individual factor = 10
2015-06-30 10:02:51,768 zero range = 0.01
2015-06-30 10:02:51,768 greedy level = 5
2015-06-30 10:02:51,768 

2015-06-30 10:02:52,753 Starting Training from 2015-01-01 to 2015-01-31
2015-06-30 10:04:57,113 Starting Training from 2015-03-04 to 2015-04-03
2015-06-30 10:06:00,275 Starting Live from 2015-04-04 to 2015-04-10
2015-06-30 10:07:13,371 Starting Training from 2015-03-04 to 2015-04-03
2015-06-30 10:08:59,452 Starting Q Learning for : 
2015-06-30 10:08:59,452 alpha = 0.4
2015-06-30 10:08:59,452 gamma = 0.6
2015-06-30 10:08:59,453 individual factor = 10
2015-06-30 10:08:59,453 zero range = 0.01
2015-06-30 10:08:59,453 greedy level = 5
2015-06-30 10:08:59,453 

2015-06-30 10:09:01,677 Starting Live from 2015-04-04 to 2015-04-10
2015-06-30 10:09:01,884 Starting Training from 2015-01-01 to 2015-01-31
2015-06-30 10:09:17,807 Starting Live from 2015-02-01 to 2015-03-03
2015-06-30 10:11:15,232 Starting Q Learning for : 
2015-06-30 10:11:15,232 alpha = 0.2
2015-06-30 10:11:15,232 gamma = 0.4
2015-06-30 10:11:15,232 individual factor = 10
2015-06-30 10:11:15,232 zero range = 0.01
2015-06-30 10:11:15,232 greedy level = 5
2015-06-30 10:11:15,232 

2015-06-30 10:11:16,309 Starting Training from 2015-01-01 to 2015-01-31
2015-06-30 10:13:22,102 Starting Training from 2015-02-01 to 2015-03-03
2015-06-30 10:13:45,501 Starting Live from 2015-03-04 to 2015-04-03
2015-06-30 10:13:46,471 Starting Live from 2015-02-01 to 2015-03-03
2015-06-30 10:14:59,911 Starting Live from 2015-02-01 to 2015-03-03
2015-06-30 10:16:37,767 Starting Training from 2015-03-04 to 2015-04-03
2015-06-30 10:17:27,699 Starting Training from 2015-02-01 to 2015-03-03
2015-06-30 10:17:50,536 Starting Live from 2015-03-04 to 2015-04-03
2015-06-30 10:17:51,504 Starting Live from 2015-04-04 to 2015-04-10
2015-06-30 10:18:29,714 Starting Q Learning for : 
2015-06-30 10:18:29,714 alpha = 0.6
2015-06-30 10:18:29,714 gamma = 0.8
2015-06-30 10:18:29,714 individual factor = 10
2015-06-30 10:18:29,714 zero range = 0.01
2015-06-30 10:18:29,714 greedy level = 5
2015-06-30 10:18:29,714 

2015-06-30 10:18:30,724 Starting Training from 2015-01-01 to 2015-01-31
2015-06-30 10:18:33,903 Starting Training from 2015-02-01 to 2015-03-03
2015-06-30 10:18:58,112 Starting Live from 2015-03-04 to 2015-04-03
2015-06-30 10:22:14,133 Starting Live from 2015-02-01 to 2015-03-03
2015-06-30 10:22:39,953 Starting Training from 2015-03-04 to 2015-04-03
2015-06-30 10:23:15,403 Starting Live from 2015-04-04 to 2015-04-10
2015-06-30 10:24:02,436 Starting Training from 2015-03-04 to 2015-04-03
2015-06-30 10:24:20,767 Starting Q Learning for : 
2015-06-30 10:24:20,767 alpha = 0.4
2015-06-30 10:24:20,767 gamma = 0.7
2015-06-30 10:24:20,767 individual factor = 10
2015-06-30 10:24:20,767 zero range = 0.01
2015-06-30 10:24:20,767 greedy level = 5
2015-06-30 10:24:20,767 

2015-06-30 10:24:22,286 Starting Training from 2015-01-01 to 2015-01-31
2015-06-30 10:24:30,754 Starting Live from 2015-04-04 to 2015-04-10
2015-06-30 10:24:55,940 Starting Training from 2015-02-01 to 2015-03-03
2015-06-30 10:25:20,236 Starting Live from 2015-03-04 to 2015-04-03
2015-06-30 10:25:42,610 Starting Q Learning for : 
2015-06-30 10:25:42,610 alpha = 0.2
2015-06-30 10:25:42,610 gamma = 0.5
2015-06-30 10:25:42,610 individual factor = 10
2015-06-30 10:25:42,610 zero range = 0.01
2015-06-30 10:25:42,610 greedy level = 5
2015-06-30 10:25:42,610 

2015-06-30 10:25:43,561 Starting Training from 2015-01-01 to 2015-01-31
2015-06-30 10:27:50,720 Starting Training from 2015-03-04 to 2015-04-03
2015-06-30 10:31:44,561 Starting Live from 2015-02-01 to 2015-03-03
2015-06-30 10:33:00,955 Starting Live from 2015-04-04 to 2015-04-10
2015-06-30 10:33:08,647 Starting Live from 2015-02-01 to 2015-03-03
2015-06-30 10:33:45,463 Starting Q Learning for : 
2015-06-30 10:33:45,463 alpha = 0.8
2015-06-30 10:33:45,464 gamma = 0.1
2015-06-30 10:33:45,464 individual factor = 10
2015-06-30 10:33:45,464 zero range = 0.01
2015-06-30 10:33:45,464 greedy level = 5
2015-06-30 10:33:45,464 

2015-06-30 10:33:46,530 Starting Training from 2015-01-01 to 2015-01-31
2015-06-30 10:35:00,843 Starting Training from 2015-02-01 to 2015-03-03
2015-06-30 10:35:24,186 Starting Live from 2015-03-04 to 2015-04-03
2015-06-30 10:36:47,846 Starting Training from 2015-02-01 to 2015-03-03
2015-06-30 10:37:11,794 Starting Live from 2015-03-04 to 2015-04-03
2015-06-30 10:37:28,646 Starting Live from 2015-02-01 to 2015-03-03
2015-06-30 10:38:08,583 Starting Training from 2015-03-04 to 2015-04-03
2015-06-30 10:39:37,350 Starting Live from 2015-04-04 to 2015-04-10
2015-06-30 10:40:17,137 Starting Q Learning for : 
2015-06-30 10:40:17,137 alpha = 0.4
2015-06-30 10:40:17,137 gamma = 0.8
2015-06-30 10:40:17,137 individual factor = 10
2015-06-30 10:40:17,137 zero range = 0.01
2015-06-30 10:40:17,137 greedy level = 5
2015-06-30 10:40:17,137 

2015-06-30 10:40:18,247 Starting Training from 2015-01-01 to 2015-01-31
2015-06-30 10:41:05,869 Starting Training from 2015-02-01 to 2015-03-03
2015-06-30 10:41:28,218 Starting Live from 2015-03-04 to 2015-04-03
2015-06-30 10:41:41,555 Starting Training from 2015-03-04 to 2015-04-03
2015-06-30 10:42:17,676 Starting Live from 2015-04-04 to 2015-04-10
2015-06-30 10:43:04,367 Starting Q Learning for : 
2015-06-30 10:43:04,367 alpha = 0.2
2015-06-30 10:43:04,367 gamma = 0.6
2015-06-30 10:43:04,367 individual factor = 10
2015-06-30 10:43:04,367 zero range = 0.01
2015-06-30 10:43:04,367 greedy level = 5
2015-06-30 10:43:04,367 

2015-06-30 10:43:05,671 Starting Training from 2015-01-01 to 2015-01-31
2015-06-30 10:44:04,370 Starting Live from 2015-02-01 to 2015-03-03
2015-06-30 10:46:13,299 Starting Training from 2015-03-04 to 2015-04-03
2015-06-30 10:47:05,530 Starting Training from 2015-02-01 to 2015-03-03
2015-06-30 10:47:14,399 Starting Live from 2015-04-04 to 2015-04-10
2015-06-30 10:47:18,502 Starting Live from 2015-02-01 to 2015-03-03
2015-06-30 10:48:33,912 Starting Live from 2015-03-04 to 2015-04-03
2015-06-30 10:50:10,536 Starting Q Learning for : 
2015-06-30 10:50:10,536 alpha = 0.8
2015-06-30 10:50:10,536 gamma = 0.2
2015-06-30 10:50:10,536 individual factor = 10
2015-06-30 10:50:10,536 zero range = 0.01
2015-06-30 10:50:10,537 greedy level = 5
2015-06-30 10:50:10,537 

2015-06-30 10:50:13,001 Starting Training from 2015-01-01 to 2015-01-31
2015-06-30 10:52:10,556 Starting Training from 2015-03-04 to 2015-04-03
2015-06-30 10:54:07,044 Starting Training from 2015-02-01 to 2015-03-03
2015-06-30 10:54:29,663 Starting Live from 2015-03-04 to 2015-04-03
2015-06-30 10:54:40,833 Starting Live from 2015-04-04 to 2015-04-10
2015-06-30 10:54:58,398 Starting Live from 2015-02-01 to 2015-03-03
2015-06-30 10:55:24,652 Starting Q Learning for : 
2015-06-30 10:55:24,653 alpha = 0.6
2015-06-30 10:55:24,653 gamma = 0.1
2015-06-30 10:55:24,653 individual factor = 10
2015-06-30 10:55:24,653 zero range = 0.01
2015-06-30 10:55:24,653 greedy level = 5
2015-06-30 10:55:24,653 

2015-06-30 10:55:25,727 Starting Training from 2015-01-01 to 2015-01-31
2015-06-30 10:58:35,109 Starting Training from 2015-02-01 to 2015-03-03
2015-06-30 10:58:58,319 Starting Live from 2015-03-04 to 2015-04-03
2015-06-30 10:59:00,699 Starting Live from 2015-02-01 to 2015-03-03
2015-06-30 10:59:36,186 Starting Training from 2015-03-04 to 2015-04-03
2015-06-30 11:00:20,219 Starting Live from 2015-04-04 to 2015-04-10
2015-06-30 11:01:34,345 Starting Q Learning for : 
2015-06-30 11:01:34,345 alpha = 0.2
2015-06-30 11:01:34,345 gamma = 0.7
2015-06-30 11:01:34,345 individual factor = 10
2015-06-30 11:01:34,345 zero range = 0.01
2015-06-30 11:01:34,345 greedy level = 5
2015-06-30 11:01:34,345 

2015-06-30 11:01:35,479 Starting Training from 2015-01-01 to 2015-01-31
2015-06-30 11:02:39,236 Starting Training from 2015-02-01 to 2015-03-03
2015-06-30 11:03:02,421 Starting Live from 2015-03-04 to 2015-04-03
2015-06-30 11:04:00,809 Starting Training from 2015-03-04 to 2015-04-03
2015-06-30 11:04:26,381 Starting Live from 2015-04-04 to 2015-04-10
2015-06-30 11:05:15,871 Starting Live from 2015-02-01 to 2015-03-03
2015-06-30 11:05:21,825 Starting Q Learning for : 
2015-06-30 11:05:21,825 alpha = 0.8
2015-06-30 11:05:21,826 gamma = 0.3
2015-06-30 11:05:21,826 individual factor = 10
2015-06-30 11:05:21,826 zero range = 0.01
2015-06-30 11:05:21,826 greedy level = 5
2015-06-30 11:05:21,826 

2015-06-30 11:05:22,827 Starting Training from 2015-01-01 to 2015-01-31
2015-06-30 11:09:20,471 Starting Training from 2015-03-04 to 2015-04-03
2015-06-30 11:11:12,154 Starting Training from 2015-02-01 to 2015-03-03
2015-06-30 11:11:24,666 Starting Live from 2015-04-04 to 2015-04-10
2015-06-30 11:12:24,782 Starting Live from 2015-03-04 to 2015-04-03
2015-06-30 11:12:33,010 Starting Live from 2015-02-01 to 2015-03-03
2015-06-30 11:13:16,719 Starting Q Learning for : 
2015-06-30 11:13:16,719 alpha = 0.6
2015-06-30 11:13:16,719 gamma = 0.2
2015-06-30 11:13:16,719 individual factor = 10
2015-06-30 11:13:16,719 zero range = 0.01
2015-06-30 11:13:16,719 greedy level = 5
2015-06-30 11:13:16,719 

2015-06-30 11:13:17,967 Starting Training from 2015-01-01 to 2015-01-31
2015-06-30 11:15:45,664 Starting Training from 2015-03-04 to 2015-04-03
2015-06-30 11:16:13,828 Starting Training from 2015-02-01 to 2015-03-03
2015-06-30 11:16:37,899 Starting Live from 2015-03-04 to 2015-04-03
2015-06-30 11:16:58,815 Starting Live from 2015-02-01 to 2015-03-03
2015-06-30 11:17:08,591 Starting Live from 2015-04-04 to 2015-04-10
2015-06-30 11:17:46,042 Starting Q Learning for : 
2015-06-30 11:17:46,042 alpha = 0.2
2015-06-30 11:17:46,043 gamma = 0.8
2015-06-30 11:17:46,043 individual factor = 10
2015-06-30 11:17:46,043 zero range = 0.01
2015-06-30 11:17:46,043 greedy level = 5
2015-06-30 11:17:46,043 

2015-06-30 11:17:47,309 Starting Training from 2015-01-01 to 2015-01-31
2015-06-30 11:20:30,787 Starting Training from 2015-02-01 to 2015-03-03
2015-06-30 11:20:54,387 Starting Live from 2015-03-04 to 2015-04-03
2015-06-30 11:21:12,300 Starting Training from 2015-03-04 to 2015-04-03
2015-06-30 11:21:27,310 Starting Live from 2015-02-01 to 2015-03-03
2015-06-30 11:21:45,821 Starting Live from 2015-04-04 to 2015-04-10
2015-06-30 11:22:41,434 Starting Q Learning for : 
2015-06-30 11:22:41,434 alpha = 0.8
2015-06-30 11:22:41,434 gamma = 0.4
2015-06-30 11:22:41,434 individual factor = 10
2015-06-30 11:22:41,434 zero range = 0.01
2015-06-30 11:22:41,435 greedy level = 5
2015-06-30 11:22:41,435 

2015-06-30 11:22:42,859 Starting Training from 2015-01-01 to 2015-01-31
2015-06-30 11:24:10,220 Starting Training from 2015-02-01 to 2015-03-03
2015-06-30 11:24:34,306 Starting Live from 2015-03-04 to 2015-04-03
2015-06-30 11:25:10,596 Starting Training from 2015-03-04 to 2015-04-03
2015-06-30 11:25:48,350 Starting Training from 2015-03-04 to 2015-04-03
2015-06-30 11:25:53,148 Starting Live from 2015-04-04 to 2015-04-10
2015-06-30 11:26:20,875 Starting Live from 2015-02-01 to 2015-03-03
2015-06-30 11:26:46,767 Starting Q Learning for : 
2015-06-30 11:26:46,767 alpha = 0.6
2015-06-30 11:26:46,767 gamma = 0.3
2015-06-30 11:26:46,768 individual factor = 10
2015-06-30 11:26:46,768 zero range = 0.01
2015-06-30 11:26:46,768 greedy level = 5
2015-06-30 11:26:46,768 

2015-06-30 11:26:48,165 Starting Training from 2015-01-01 to 2015-01-31
2015-06-30 11:30:13,026 Starting Live from 2015-04-04 to 2015-04-10
2015-06-30 11:32:42,972 Starting Q Learning for : 
2015-06-30 11:32:42,972 alpha = 0.4
2015-06-30 11:32:42,972 gamma = 0.1
2015-06-30 11:32:42,972 individual factor = 10
2015-06-30 11:32:42,972 zero range = 0.01
2015-06-30 11:32:42,972 greedy level = 5
2015-06-30 11:32:42,972 

2015-06-30 11:32:45,698 Starting Training from 2015-01-01 to 2015-01-31
2015-06-30 11:33:37,977 Starting Training from 2015-02-01 to 2015-03-03
2015-06-30 11:34:01,504 Starting Live from 2015-03-04 to 2015-04-03
2015-06-30 11:34:06,519 Starting Live from 2015-02-01 to 2015-03-03
2015-06-30 11:36:39,094 Starting Live from 2015-02-01 to 2015-03-03
2015-06-30 11:37:45,578 Starting Training from 2015-02-01 to 2015-03-03
2015-06-30 11:38:10,081 Starting Live from 2015-03-04 to 2015-04-03
2015-06-30 11:38:48,056 Starting Training from 2015-03-04 to 2015-04-03
2015-06-30 11:39:16,388 Starting Live from 2015-04-04 to 2015-04-10
2015-06-30 11:40:13,251 Starting Q Learning for : 
2015-06-30 11:40:13,251 alpha = 0.8
2015-06-30 11:40:13,251 gamma = 0.5
2015-06-30 11:40:13,251 individual factor = 10
2015-06-30 11:40:13,251 zero range = 0.01
2015-06-30 11:40:13,251 greedy level = 5
2015-06-30 11:40:13,251 

2015-06-30 11:40:14,735 Starting Training from 2015-01-01 to 2015-01-31
2015-06-30 11:40:19,306 Starting Training from 2015-02-01 to 2015-03-03
2015-06-30 11:40:42,492 Starting Live from 2015-03-04 to 2015-04-03
2015-06-30 11:42:35,991 Starting Training from 2015-03-04 to 2015-04-03
2015-06-30 11:43:11,553 Starting Live from 2015-04-04 to 2015-04-10
2015-06-30 11:43:57,354 Starting Live from 2015-02-01 to 2015-03-03
2015-06-30 11:44:00,755 Starting Q Learning for : 
2015-06-30 11:44:00,755 alpha = 0.6
2015-06-30 11:44:00,755 gamma = 0.4
2015-06-30 11:44:00,755 individual factor = 10
2015-06-30 11:44:00,755 zero range = 0.01
2015-06-30 11:44:00,755 greedy level = 5
2015-06-30 11:44:00,755 

2015-06-30 11:44:01,807 Starting Training from 2015-01-01 to 2015-01-31
2015-06-30 11:45:32,285 Starting Training from 2015-03-04 to 2015-04-03
2015-06-30 11:46:06,141 Starting Live from 2015-04-04 to 2015-04-10
2015-06-30 11:47:36,488 Starting Q Learning for : 
2015-06-30 11:47:36,488 alpha = 0.4
2015-06-30 11:47:36,488 gamma = 0.2
2015-06-30 11:47:36,488 individual factor = 10
2015-06-30 11:47:36,489 zero range = 0.01
2015-06-30 11:47:36,489 greedy level = 5
2015-06-30 11:47:36,489 

2015-06-30 11:47:37,758 Starting Training from 2015-01-01 to 2015-01-31
2015-06-30 11:47:38,851 Starting Training from 2015-02-01 to 2015-03-03
2015-06-30 11:47:41,739 Starting Live from 2015-02-01 to 2015-03-03
2015-06-30 11:48:02,108 Starting Live from 2015-03-04 to 2015-04-03
2015-06-30 11:54:49,747 Starting Live from 2015-02-01 to 2015-03-03
2015-06-30 11:54:52,764 Starting Training from 2015-02-01 to 2015-03-03
2015-06-30 11:55:16,050 Starting Live from 2015-03-04 to 2015-04-03
2015-06-30 11:56:48,761 Starting Training from 2015-03-04 to 2015-04-03
2015-06-30 11:57:30,083 Starting Live from 2015-04-04 to 2015-04-10
2015-06-30 11:58:30,980 Starting Training from 2015-02-01 to 2015-03-03
2015-06-30 11:58:35,535 Starting Q Learning for : 
2015-06-30 11:58:35,535 alpha = 0.8
2015-06-30 11:58:35,535 gamma = 0.6
2015-06-30 11:58:35,535 individual factor = 10
2015-06-30 11:58:35,535 zero range = 0.01
2015-06-30 11:58:35,535 greedy level = 5
2015-06-30 11:58:35,535 

2015-06-30 11:58:36,859 Starting Training from 2015-01-01 to 2015-01-31
2015-06-30 11:58:55,504 Starting Live from 2015-03-04 to 2015-04-03
2015-06-30 12:00:50,446 Starting Training from 2015-03-04 to 2015-04-03
2015-06-30 12:01:19,130 Starting Live from 2015-04-04 to 2015-04-10
2015-06-30 12:02:16,988 Starting Live from 2015-02-01 to 2015-03-03
2015-06-30 12:02:22,959 Starting Q Learning for : 
2015-06-30 12:02:22,959 alpha = 0.6
2015-06-30 12:02:22,959 gamma = 0.5
2015-06-30 12:02:22,959 individual factor = 10
2015-06-30 12:02:22,959 zero range = 0.01
2015-06-30 12:02:22,959 greedy level = 5
2015-06-30 12:02:22,959 

2015-06-30 12:02:24,259 Starting Training from 2015-01-01 to 2015-01-31
2015-06-30 12:03:08,447 Starting Training from 2015-03-04 to 2015-04-03
2015-06-30 12:03:50,242 Starting Live from 2015-04-04 to 2015-04-10
2015-06-30 12:04:35,400 Starting Q Learning for : 
2015-06-30 12:04:35,401 alpha = 0.4
2015-06-30 12:04:35,401 gamma = 0.3
2015-06-30 12:04:35,401 individual factor = 10
2015-06-30 12:04:35,401 zero range = 0.01
2015-06-30 12:04:35,401 greedy level = 5
2015-06-30 12:04:35,401 

2015-06-30 12:04:36,662 Starting Training from 2015-01-01 to 2015-01-31
2015-06-30 12:05:56,078 Starting Training from 2015-02-01 to 2015-03-03
2015-06-30 12:06:05,474 Starting Live from 2015-02-01 to 2015-03-03
2015-06-30 12:06:20,471 Starting Live from 2015-03-04 to 2015-04-03
2015-06-30 12:08:17,754 Starting Live from 2015-02-01 to 2015-03-03
2015-06-30 12:11:19,824 Starting Training from 2015-02-01 to 2015-03-03
2015-06-30 12:12:49,539 Starting Live from 2015-03-04 to 2015-04-03
2015-06-30 12:14:11,073 Starting Training from 2015-03-04 to 2015-04-03
2015-06-30 12:14:56,894 Starting Live from 2015-04-04 to 2015-04-10
2015-06-30 12:15:35,178 Starting Training from 2015-02-01 to 2015-03-03
2015-06-30 12:15:53,583 Starting Q Learning for : 
2015-06-30 12:15:53,583 alpha = 0.8
2015-06-30 12:15:53,583 gamma = 0.7
2015-06-30 12:15:53,583 individual factor = 10
2015-06-30 12:15:53,583 zero range = 0.01
2015-06-30 12:15:53,583 greedy level = 5
2015-06-30 12:15:53,583 

2015-06-30 12:15:54,833 Starting Training from 2015-01-01 to 2015-01-31
2015-06-30 12:16:01,351 Starting Live from 2015-03-04 to 2015-04-03
2015-06-30 12:18:10,397 Starting Training from 2015-03-04 to 2015-04-03
2015-06-30 12:18:52,767 Starting Live from 2015-04-04 to 2015-04-10
2015-06-30 12:19:38,786 Starting Live from 2015-02-01 to 2015-03-03
2015-06-30 12:19:44,318 Starting Q Learning for : 
2015-06-30 12:19:44,318 alpha = 0.6
2015-06-30 12:19:44,318 gamma = 0.6
2015-06-30 12:19:44,318 individual factor = 10
2015-06-30 12:19:44,318 zero range = 0.01
2015-06-30 12:19:44,318 greedy level = 5
2015-06-30 12:19:44,318 

2015-06-30 12:19:45,440 Starting Training from 2015-01-01 to 2015-01-31
2015-06-30 12:20:51,695 Starting Training from 2015-03-04 to 2015-04-03
2015-06-30 12:21:25,235 Starting Live from 2015-04-04 to 2015-04-10
2015-06-30 12:22:22,702 Starting Q Learning for : 
2015-06-30 12:22:22,702 alpha = 0.4
2015-06-30 12:22:22,702 gamma = 0.4
2015-06-30 12:22:22,702 individual factor = 10
2015-06-30 12:22:22,702 zero range = 0.01
2015-06-30 12:22:22,702 greedy level = 5
2015-06-30 12:22:22,702 

2015-06-30 12:22:23,932 Starting Training from 2015-01-01 to 2015-01-31
2015-06-30 12:22:52,095 Starting Training from 2015-02-01 to 2015-03-03
2015-06-30 12:23:15,305 Starting Live from 2015-03-04 to 2015-04-03
2015-06-30 12:23:27,414 Starting Live from 2015-02-01 to 2015-03-03
2015-06-30 12:26:03,594 Starting Live from 2015-02-01 to 2015-03-03
2015-06-30 12:26:06,428 Starting Training from 2015-03-04 to 2015-04-03
2015-06-30 12:27:17,498 Starting Training from 2015-02-01 to 2015-03-03
2015-06-30 12:27:29,386 Starting Live from 2015-04-04 to 2015-04-10
2015-06-30 12:27:41,074 Starting Live from 2015-03-04 to 2015-04-03
2015-06-30 12:28:08,201 Starting Q Learning for : 
2015-06-30 12:28:08,201 alpha = 0.8
2015-06-30 12:28:08,201 gamma = 0.8
2015-06-30 12:28:08,202 individual factor = 10
2015-06-30 12:28:08,202 zero range = 0.01
2015-06-30 12:28:08,202 greedy level = 5
2015-06-30 12:28:08,202 

2015-06-30 12:28:09,155 Starting Training from 2015-01-01 to 2015-01-31
2015-06-30 12:29:49,842 Starting Training from 2015-02-01 to 2015-03-03
2015-06-30 12:31:16,992 Starting Live from 2015-03-04 to 2015-04-03
2015-06-30 12:35:27,363 Starting Live from 2015-02-01 to 2015-03-03
2015-06-30 12:37:48,056 Starting Training from 2015-03-04 to 2015-04-03
2015-06-30 12:38:08,610 Starting Training from 2015-03-04 to 2015-04-03
2015-06-30 12:38:14,290 Starting Training from 2015-02-01 to 2015-03-03
2015-06-30 12:38:16,685 Starting Live from 2015-04-04 to 2015-04-10
2015-06-30 12:38:38,199 Starting Live from 2015-03-04 to 2015-04-03
2015-06-30 12:38:45,171 Starting Live from 2015-04-04 to 2015-04-10
2015-06-30 12:40:00,144 Starting Training from 2015-03-04 to 2015-04-03
2015-06-30 12:42:34,326 Starting Live from 2015-04-04 to 2015-04-10
